[0.045s] Invoking command in '/home/ubuntu/ros2ws/build/abb_hardware_interface': CMAKE_PREFIX_PATH=/home/ubuntu/ros2ws/install/abb_egm_rws_managers:/home/ubuntu/ros2ws/install/abb_librws:/home/ubuntu/ros2ws/install/abb_libegm:/home/ubuntu/ros2ws/install/turtlesim:/opt/ros/humble LD_LIBRARY_PATH=/home/ubuntu/ros2ws/install/abb_egm_rws_managers/lib:/home/ubuntu/ros2ws/install/abb_librws/lib:/home/ubuntu/ros2ws/install/abb_libegm/lib:${LD_LIBRARY_PATH} PKG_CONFIG_PATH=/home/ubuntu/ros2ws/install/abb_egm_rws_managers/lib/x86_64-linux-gnu/pkgconfig:/home/ubuntu/ros2ws/install/abb_egm_rws_managers/lib/pkgconfig:/home/ubuntu/ros2ws/install/abb_librws/lib/x86_64-linux-gnu/pkgconfig:/home/ubuntu/ros2ws/install/abb_librws/lib/pkgconfig:/home/ubuntu/ros2ws/install/abb_libegm/lib/x86_64-linux-gnu/pkgconfig:/home/ubuntu/ros2ws/install/abb_libegm/lib/pkgconfig /usr/bin/cmake /home/ubuntu/ros2ws/src/ABBDriver/abb_ros2/abb_hardware_interface -DCMAKE_INSTALL_PREFIX=/home/ubuntu/ros2ws/install/abb_hardware_interface
[0.223s] -- The C compiler identification is GNU 11.4.0
[0.329s] -- The CXX compiler identification is GNU 11.4.0
[0.340s] -- Detecting C compiler ABI info
[0.570s] -- Detecting C compiler ABI info - done
[0.595s] -- Check for working C compiler: /usr/bin/cc - skipped
[0.598s] -- Detecting C compile features
[0.599s] -- Detecting C compile features - done
[0.613s] -- Detecting CXX compiler ABI info
[0.909s] -- Detecting CXX compiler ABI info - done
[0.941s] -- Check for working CXX compiler: /usr/bin/c++ - skipped
[0.942s] -- Detecting CXX compile features
[0.942s] -- Detecting CXX compile features - done
[0.949s] -- Found ament_cmake: 1.3.10 (/opt/ros/humble/share/ament_cmake/cmake)
[1.279s] -- Found Python3: /usr/bin/python3 (found version "3.10.12") found components: Interpreter 
[1.626s] -- Looking for pthread.h
[1.774s] -- Looking for pthread.h - found
[1.775s] -- Performing Test CMAKE_HAVE_LIBC_PTHREAD
[1.905s] -- Performing Test CMAKE_HAVE_LIBC_PTHREAD - Success
[1.913s] -- Found Threads: TRUE  
[1.951s] -- Found Boost: /usr/lib/x86_64-linux-gnu/cmake/Boost-1.74.0/BoostConfig.cmake (found version "1.74.0") found components: regex system thread 
[1.957s] -- Searching for Poco library...
[1.975s] --   Found Poco!
[1.975s] -- components found: Foundation, Net, Util, XML.
[1.998s] -- Found Protobuf: /usr/lib/x86_64-linux-gnu/libprotobuf.so (found version "3.12.4") 
[2.005s] -- Found hardware_interface: 2.43.1 (/opt/ros/humble/share/hardware_interface/cmake)
[2.065s] -- Found rosidl_generator_c: 3.1.5 (/opt/ros/humble/share/rosidl_generator_c/cmake)
[2.074s] -- Found rosidl_adapter: 3.1.5 (/opt/ros/humble/share/rosidl_adapter/cmake)
[2.088s] -- Found rosidl_generator_cpp: 3.1.5 (/opt/ros/humble/share/rosidl_generator_cpp/cmake)
[2.108s] -- Using all available rosidl_typesupport_c: rosidl_typesupport_fastrtps_c;rosidl_typesupport_introspection_c
[2.139s] -- Using all available rosidl_typesupport_cpp: rosidl_typesupport_fastrtps_cpp;rosidl_typesupport_introspection_cpp
[2.495s] -- Found rmw_implementation_cmake: 6.1.2 (/opt/ros/humble/share/rmw_implementation_cmake/cmake)
[2.500s] -- Found rmw_cyclonedds_cpp: 1.3.4 (/opt/ros/humble/share/rmw_cyclonedds_cpp/cmake)
[2.543s] -- Using RMW implementation 'rmw_cyclonedds_cpp' as default
[2.651s] -- Found ament_lint_auto: 0.12.11 (/opt/ros/humble/share/ament_lint_auto/cmake)
[2.780s] -- Configuring done
[2.835s] -- Generating done
[2.839s] -- Build files have been written to: /home/ubuntu/ros2ws/build/abb_hardware_interface
[2.853s] Invoked command in '/home/ubuntu/ros2ws/build/abb_hardware_interface' returned '0': CMAKE_PREFIX_PATH=/home/ubuntu/ros2ws/install/abb_egm_rws_managers:/home/ubuntu/ros2ws/install/abb_librws:/home/ubuntu/ros2ws/install/abb_libegm:/home/ubuntu/ros2ws/install/turtlesim:/opt/ros/humble LD_LIBRARY_PATH=/home/ubuntu/ros2ws/install/abb_egm_rws_managers/lib:/home/ubuntu/ros2ws/install/abb_librws/lib:/home/ubuntu/ros2ws/install/abb_libegm/lib:${LD_LIBRARY_PATH} PKG_CONFIG_PATH=/home/ubuntu/ros2ws/install/abb_egm_rws_managers/lib/x86_64-linux-gnu/pkgconfig:/home/ubuntu/ros2ws/install/abb_egm_rws_managers/lib/pkgconfig:/home/ubuntu/ros2ws/install/abb_librws/lib/x86_64-linux-gnu/pkgconfig:/home/ubuntu/ros2ws/install/abb_librws/lib/pkgconfig:/home/ubuntu/ros2ws/install/abb_libegm/lib/x86_64-linux-gnu/pkgconfig:/home/ubuntu/ros2ws/install/abb_libegm/lib/pkgconfig /usr/bin/cmake /home/ubuntu/ros2ws/src/ABBDriver/abb_ros2/abb_hardware_interface -DCMAKE_INSTALL_PREFIX=/home/ubuntu/ros2ws/install/abb_hardware_interface
[2.858s] Invoking command in '/home/ubuntu/ros2ws/build/abb_hardware_interface': CMAKE_PREFIX_PATH=/home/ubuntu/ros2ws/install/abb_egm_rws_managers:/home/ubuntu/ros2ws/install/abb_librws:/home/ubuntu/ros2ws/install/abb_libegm:/home/ubuntu/ros2ws/install/turtlesim:/opt/ros/humble LD_LIBRARY_PATH=/home/ubuntu/ros2ws/install/abb_egm_rws_managers/lib:/home/ubuntu/ros2ws/install/abb_librws/lib:/home/ubuntu/ros2ws/install/abb_libegm/lib:${LD_LIBRARY_PATH} PKG_CONFIG_PATH=/home/ubuntu/ros2ws/install/abb_egm_rws_managers/lib/x86_64-linux-gnu/pkgconfig:/home/ubuntu/ros2ws/install/abb_egm_rws_managers/lib/pkgconfig:/home/ubuntu/ros2ws/install/abb_librws/lib/x86_64-linux-gnu/pkgconfig:/home/ubuntu/ros2ws/install/abb_librws/lib/pkgconfig:/home/ubuntu/ros2ws/install/abb_libegm/lib/x86_64-linux-gnu/pkgconfig:/home/ubuntu/ros2ws/install/abb_libegm/lib/pkgconfig /usr/bin/cmake --build /home/ubuntu/ros2ws/build/abb_hardware_interface -- -j4 -l4
[2.944s] [ 33%] [32mBuilding CXX object CMakeFiles/abb_hardware_interface.dir/src/abb_hardware_interface.cpp.o[0m
[14.547s] [ 66%] [32mBuilding CXX object CMakeFiles/abb_hardware_interface.dir/src/utilities.cpp.o[0m
[24.297s] [100%] [32m[1mLinking CXX shared library libabb_hardware_interface.so[0m
[25.130s] [100%] Built target abb_hardware_interface
[25.150s] Invoked command in '/home/ubuntu/ros2ws/build/abb_hardware_interface' returned '0': CMAKE_PREFIX_PATH=/home/ubuntu/ros2ws/install/abb_egm_rws_managers:/home/ubuntu/ros2ws/install/abb_librws:/home/ubuntu/ros2ws/install/abb_libegm:/home/ubuntu/ros2ws/install/turtlesim:/opt/ros/humble LD_LIBRARY_PATH=/home/ubuntu/ros2ws/install/abb_egm_rws_managers/lib:/home/ubuntu/ros2ws/install/abb_librws/lib:/home/ubuntu/ros2ws/install/abb_libegm/lib:${LD_LIBRARY_PATH} PKG_CONFIG_PATH=/home/ubuntu/ros2ws/install/abb_egm_rws_managers/lib/x86_64-linux-gnu/pkgconfig:/home/ubuntu/ros2ws/install/abb_egm_rws_managers/lib/pkgconfig:/home/ubuntu/ros2ws/install/abb_librws/lib/x86_64-linux-gnu/pkgconfig:/home/ubuntu/ros2ws/install/abb_librws/lib/pkgconfig:/home/ubuntu/ros2ws/install/abb_libegm/lib/x86_64-linux-gnu/pkgconfig:/home/ubuntu/ros2ws/install/abb_libegm/lib/pkgconfig /usr/bin/cmake --build /home/ubuntu/ros2ws/build/abb_hardware_interface -- -j4 -l4
[25.211s] Invoking command in '/home/ubuntu/ros2ws/build/abb_hardware_interface': CMAKE_PREFIX_PATH=/home/ubuntu/ros2ws/install/abb_egm_rws_managers:/home/ubuntu/ros2ws/install/abb_librws:/home/ubuntu/ros2ws/install/abb_libegm:/home/ubuntu/ros2ws/install/turtlesim:/opt/ros/humble LD_LIBRARY_PATH=/home/ubuntu/ros2ws/install/abb_egm_rws_managers/lib:/home/ubuntu/ros2ws/install/abb_librws/lib:/home/ubuntu/ros2ws/install/abb_libegm/lib:${LD_LIBRARY_PATH} PKG_CONFIG_PATH=/home/ubuntu/ros2ws/install/abb_egm_rws_managers/lib/x86_64-linux-gnu/pkgconfig:/home/ubuntu/ros2ws/install/abb_egm_rws_managers/lib/pkgconfig:/home/ubuntu/ros2ws/install/abb_librws/lib/x86_64-linux-gnu/pkgconfig:/home/ubuntu/ros2ws/install/abb_librws/lib/pkgconfig:/home/ubuntu/ros2ws/install/abb_libegm/lib/x86_64-linux-gnu/pkgconfig:/home/ubuntu/ros2ws/install/abb_libegm/lib/pkgconfig /usr/bin/cmake --install /home/ubuntu/ros2ws/build/abb_hardware_interface
[25.226s] -- Install configuration: ""
[25.227s] -- Installing: /home/ubuntu/ros2ws/install/abb_hardware_interface/share/abb_hardware_interface/abb_hardware_interface.xml
[25.227s] -- Installing: /home/ubuntu/ros2ws/install/abb_hardware_interface/lib/libabb_hardware_interface.so
[25.230s] -- Set runtime path of "/home/ubuntu/ros2ws/install/abb_hardware_interface/lib/libabb_hardware_interface.so" to ""
[25.231s] -- Installing: /home/ubuntu/ros2ws/install/abb_hardware_interface/include
[25.232s] -- Installing: /home/ubuntu/ros2ws/install/abb_hardware_interface/include/abb_hardware_interface
[25.232s] -- Installing: /home/ubuntu/ros2ws/install/abb_hardware_interface/include/abb_hardware_interface/utilities.hpp
[25.232s] -- Installing: /home/ubuntu/ros2ws/install/abb_hardware_interface/include/abb_hardware_interface/abb_hardware_interface.hpp
[25.234s] -- Installing: /home/ubuntu/ros2ws/install/abb_hardware_interface/include/abb_hardware_interface/visibility_control.h
[25.234s] -- Installing: /home/ubuntu/ros2ws/install/abb_hardware_interface/share/abb_hardware_interface/environment/library_path.sh
[25.235s] -- Installing: /home/ubuntu/ros2ws/install/abb_hardware_interface/share/abb_hardware_interface/environment/library_path.dsv
[25.236s] -- Installing: /home/ubuntu/ros2ws/install/abb_hardware_interface/share/ament_index/resource_index/package_run_dependencies/abb_hardware_interface
[25.236s] -- Installing: /home/ubuntu/ros2ws/install/abb_hardware_interface/share/ament_index/resource_index/parent_prefix_path/abb_hardware_interface
[25.237s] -- Installing: /home/ubuntu/ros2ws/install/abb_hardware_interface/share/abb_hardware_interface/environment/ament_prefix_path.sh
[25.238s] -- Installing: /home/ubuntu/ros2ws/install/abb_hardware_interface/share/abb_hardware_interface/environment/ament_prefix_path.dsv
[25.238s] -- Installing: /home/ubuntu/ros2ws/install/abb_hardware_interface/share/abb_hardware_interface/environment/path.sh
[25.238s] -- Installing: /home/ubuntu/ros2ws/install/abb_hardware_interface/share/abb_hardware_interface/environment/path.dsv
[25.240s] -- Installing: /home/ubuntu/ros2ws/install/abb_hardware_interface/share/abb_hardware_interface/local_setup.bash
[25.240s] -- Installing: /home/ubuntu/ros2ws/install/abb_hardware_interface/share/abb_hardware_interface/local_setup.sh
[25.240s] -- Installing: /home/ubuntu/ros2ws/install/abb_hardware_interface/share/abb_hardware_interface/local_setup.zsh
[25.240s] -- Installing: /home/ubuntu/ros2ws/install/abb_hardware_interface/share/abb_hardware_interface/local_setup.dsv
[25.245s] -- Installing: /home/ubuntu/ros2ws/install/abb_hardware_interface/share/abb_hardware_interface/package.dsv
[25.245s] -- Installing: /home/ubuntu/ros2ws/install/abb_hardware_interface/share/ament_index/resource_index/packages/abb_hardware_interface
[25.245s] -- Installing: /home/ubuntu/ros2ws/install/abb_hardware_interface/share/ament_index/resource_index/hardware_interface__pluginlib__plugin/abb_hardware_interface
[25.246s] -- Installing: /home/ubuntu/ros2ws/install/abb_hardware_interface/share/abb_hardware_interface/cmake/ament_cmake_export_include_directories-extras.cmake
[25.246s] -- Installing: /home/ubuntu/ros2ws/install/abb_hardware_interface/share/abb_hardware_interface/cmake/ament_cmake_export_libraries-extras.cmake
[25.246s] -- Installing: /home/ubuntu/ros2ws/install/abb_hardware_interface/share/abb_hardware_interface/cmake/ament_cmake_export_dependencies-extras.cmake
[25.246s] -- Installing: /home/ubuntu/ros2ws/install/abb_hardware_interface/share/abb_hardware_interface/cmake/abb_hardware_interfaceConfig.cmake
[25.246s] -- Installing: /home/ubuntu/ros2ws/install/abb_hardware_interface/share/abb_hardware_interface/cmake/abb_hardware_interfaceConfig-version.cmake
[25.246s] -- Installing: /home/ubuntu/ros2ws/install/abb_hardware_interface/share/abb_hardware_interface/package.xml
[25.250s] Invoked command in '/home/ubuntu/ros2ws/build/abb_hardware_interface' returned '0': CMAKE_PREFIX_PATH=/home/ubuntu/ros2ws/install/abb_egm_rws_managers:/home/ubuntu/ros2ws/install/abb_librws:/home/ubuntu/ros2ws/install/abb_libegm:/home/ubuntu/ros2ws/install/turtlesim:/opt/ros/humble LD_LIBRARY_PATH=/home/ubuntu/ros2ws/install/abb_egm_rws_managers/lib:/home/ubuntu/ros2ws/install/abb_librws/lib:/home/ubuntu/ros2ws/install/abb_libegm/lib:${LD_LIBRARY_PATH} PKG_CONFIG_PATH=/home/ubuntu/ros2ws/install/abb_egm_rws_managers/lib/x86_64-linux-gnu/pkgconfig:/home/ubuntu/ros2ws/install/abb_egm_rws_managers/lib/pkgconfig:/home/ubuntu/ros2ws/install/abb_librws/lib/x86_64-linux-gnu/pkgconfig:/home/ubuntu/ros2ws/install/abb_librws/lib/pkgconfig:/home/ubuntu/ros2ws/install/abb_libegm/lib/x86_64-linux-gnu/pkgconfig:/home/ubuntu/ros2ws/install/abb_libegm/lib/pkgconfig /usr/bin/cmake --install /home/ubuntu/ros2ws/build/abb_hardware_interface
