[0.038s] Invoking command in '/home/ubuntu/ros2ws/build/objectpose_msgs': CMAKE_PREFIX_PATH=${CMAKE_PREFIX_PATH}:/home/ubuntu/ros2ws/install/testV1:/home/ubuntu/ros2ws/install/gui_subscriber:/home/ubuntu/ros2ws/install/robot_letter_writer:/opt/ros/humble /usr/bin/cmake --build /home/ubuntu/ros2ws/build/objectpose_msgs -- -j4 -l4
[0.171s] [  3%] Built target objectpose_msgs__cpp
[0.250s] [  3%] Built target ament_cmake_python_copy_objectpose_msgs
[0.303s] [ 12%] Built target objectpose_msgs__rosidl_typesupport_fastrtps_cpp
[0.373s] [ 22%] Built target objectpose_msgs__rosidl_typesupport_introspection_cpp
[0.848s] running egg_info
[0.848s] writing objectpose_msgs.egg-info/PKG-INFO
[0.848s] writing dependency_links to objectpose_msgs.egg-info/dependency_links.txt
[0.849s] writing top-level names to objectpose_msgs.egg-info/top_level.txt
[0.855s] reading manifest file 'objectpose_msgs.egg-info/SOURCES.txt'
[0.857s] writing manifest file 'objectpose_msgs.egg-info/SOURCES.txt'
[0.909s] [ 22%] Built target ament_cmake_python_build_objectpose_msgs_egg
[0.976s] [ 32%] Built target objectpose_msgs__rosidl_typesupport_cpp
[1.019s] [ 41%] Built target objectpose_msgs__rosidl_generator_c
[1.075s] [ 51%] Built target objectpose_msgs__rosidl_typesupport_fastrtps_c
[1.135s] [ 61%] Built target objectpose_msgs__rosidl_typesupport_c
[1.196s] [ 70%] Built target objectpose_msgs__rosidl_typesupport_introspection_c
[1.250s] [ 70%] Built target objectpose_msgs
[1.298s] [ 74%] Built target objectpose_msgs__py
[1.358s] [ 77%] [32mBuilding C object CMakeFiles/objectpose_msgs__rosidl_generator_py.dir/rosidl_generator_py/objectpose_msgs/msg/_object_pose_s.c.o[0m
[1.562s] [ 80%] [32m[1mLinking C shared library rosidl_generator_py/objectpose_msgs/libobjectpose_msgs__rosidl_generator_py.so[0m
[1.674s] [ 80%] Built target objectpose_msgs__rosidl_generator_py
[1.722s] [ 83%] [32mBuilding C object CMakeFiles/objectpose_msgs__rosidl_typesupport_fastrtps_c__pyext.dir/rosidl_generator_py/objectpose_msgs/_objectpose_msgs_s.ep.rosidl_typesupport_fastrtps_c.c.o[0m
[1.893s] [ 87%] [32m[1mLinking C shared library rosidl_generator_py/objectpose_msgs/objectpose_msgs_s__rosidl_typesupport_fastrtps_c.cpython-310-x86_64-linux-gnu.so[0m
[1.968s] [ 87%] Built target objectpose_msgs__rosidl_typesupport_fastrtps_c__pyext
[2.024s] [ 90%] [32mBuilding C object CMakeFiles/objectpose_msgs__rosidl_typesupport_c__pyext.dir/rosidl_generator_py/objectpose_msgs/_objectpose_msgs_s.ep.rosidl_typesupport_c.c.o[0m
[2.209s] [ 93%] [32m[1mLinking C shared library rosidl_generator_py/objectpose_msgs/objectpose_msgs_s__rosidl_typesupport_c.cpython-310-x86_64-linux-gnu.so[0m
[2.284s] [ 93%] Built target objectpose_msgs__rosidl_typesupport_c__pyext
[2.343s] [ 96%] [32mBuilding C object CMakeFiles/objectpose_msgs__rosidl_typesupport_introspection_c__pyext.dir/rosidl_generator_py/objectpose_msgs/_objectpose_msgs_s.ep.rosidl_typesupport_introspection_c.c.o[0m
[2.504s] [100%] [32m[1mLinking C shared library rosidl_generator_py/objectpose_msgs/objectpose_msgs_s__rosidl_typesupport_introspection_c.cpython-310-x86_64-linux-gnu.so[0m
[2.595s] [100%] Built target objectpose_msgs__rosidl_typesupport_introspection_c__pyext
[2.624s] Invoked command in '/home/ubuntu/ros2ws/build/objectpose_msgs' returned '0': CMAKE_PREFIX_PATH=${CMAKE_PREFIX_PATH}:/home/ubuntu/ros2ws/install/testV1:/home/ubuntu/ros2ws/install/gui_subscriber:/home/ubuntu/ros2ws/install/robot_letter_writer:/opt/ros/humble /usr/bin/cmake --build /home/ubuntu/ros2ws/build/objectpose_msgs -- -j4 -l4
[2.919s] Invoking command in '/home/ubuntu/ros2ws/build/objectpose_msgs': CMAKE_PREFIX_PATH=${CMAKE_PREFIX_PATH}:/home/ubuntu/ros2ws/install/testV1:/home/ubuntu/ros2ws/install/gui_subscriber:/home/ubuntu/ros2ws/install/robot_letter_writer:/opt/ros/humble /usr/bin/cmake --install /home/ubuntu/ros2ws/build/objectpose_msgs
[2.938s] -- Install configuration: ""
[2.938s] -- Up-to-date: /home/ubuntu/ros2ws/install/objectpose_msgs/share/objectpose_msgs/msg
[2.940s] -- Up-to-date: /home/ubuntu/ros2ws/install/objectpose_msgs/share/objectpose_msgs/msg/ObjectPose.msg
[2.941s] -- Up-to-date: /home/ubuntu/ros2ws/install/objectpose_msgs/share/ament_index/resource_index/rosidl_interfaces/objectpose_msgs
[2.942s] -- Up-to-date: /home/ubuntu/ros2ws/install/objectpose_msgs/include/objectpose_msgs/objectpose_msgs
[2.942s] -- Up-to-date: /home/ubuntu/ros2ws/install/objectpose_msgs/include/objectpose_msgs/objectpose_msgs/msg
[2.943s] -- Up-to-date: /home/ubuntu/ros2ws/install/objectpose_msgs/include/objectpose_msgs/objectpose_msgs/msg/object_pose.h
[2.943s] -- Up-to-date: /home/ubuntu/ros2ws/install/objectpose_msgs/include/objectpose_msgs/objectpose_msgs/msg/rosidl_generator_c__visibility_control.h
[2.949s] -- Up-to-date: /home/ubuntu/ros2ws/install/objectpose_msgs/include/objectpose_msgs/objectpose_msgs/msg/detail
[2.949s] -- Up-to-date: /home/ubuntu/ros2ws/install/objectpose_msgs/include/objectpose_msgs/objectpose_msgs/msg/detail/object_pose__type_support.h
[2.952s] -- Up-to-date: /home/ubuntu/ros2ws/install/objectpose_msgs/include/objectpose_msgs/objectpose_msgs/msg/detail/object_pose__struct.h
[2.953s] -- Up-to-date: /home/ubuntu/ros2ws/install/objectpose_msgs/include/objectpose_msgs/objectpose_msgs/msg/detail/object_pose__functions.h
[2.953s] -- Up-to-date: /home/ubuntu/ros2ws/install/objectpose_msgs/include/objectpose_msgs/objectpose_msgs/msg/detail/object_pose__functions.c
[2.953s] -- Up-to-date: /home/ubuntu/ros2ws/install/objectpose_msgs/share/objectpose_msgs/environment/library_path.sh
[2.953s] -- Up-to-date: /home/ubuntu/ros2ws/install/objectpose_msgs/share/objectpose_msgs/environment/library_path.dsv
[2.958s] -- Up-to-date: /home/ubuntu/ros2ws/install/objectpose_msgs/lib/libobjectpose_msgs__rosidl_generator_c.so
[2.958s] -- Up-to-date: /home/ubuntu/ros2ws/install/objectpose_msgs/include/objectpose_msgs/objectpose_msgs
[2.959s] -- Up-to-date: /home/ubuntu/ros2ws/install/objectpose_msgs/include/objectpose_msgs/objectpose_msgs/msg
[2.959s] -- Up-to-date: /home/ubuntu/ros2ws/install/objectpose_msgs/include/objectpose_msgs/objectpose_msgs/msg/rosidl_typesupport_fastrtps_c__visibility_control.h
[2.959s] -- Up-to-date: /home/ubuntu/ros2ws/install/objectpose_msgs/include/objectpose_msgs/objectpose_msgs/msg/detail
[2.960s] -- Up-to-date: /home/ubuntu/ros2ws/install/objectpose_msgs/include/objectpose_msgs/objectpose_msgs/msg/detail/object_pose__rosidl_typesupport_fastrtps_c.h
[2.963s] -- Up-to-date: /home/ubuntu/ros2ws/install/objectpose_msgs/lib/libobjectpose_msgs__rosidl_typesupport_fastrtps_c.so
[2.965s] -- Up-to-date: /home/ubuntu/ros2ws/install/objectpose_msgs/include/objectpose_msgs/objectpose_msgs
[2.965s] -- Up-to-date: /home/ubuntu/ros2ws/install/objectpose_msgs/include/objectpose_msgs/objectpose_msgs/msg
[2.965s] -- Up-to-date: /home/ubuntu/ros2ws/install/objectpose_msgs/include/objectpose_msgs/objectpose_msgs/msg/rosidl_typesupport_introspection_c__visibility_control.h
[2.965s] -- Up-to-date: /home/ubuntu/ros2ws/install/objectpose_msgs/include/objectpose_msgs/objectpose_msgs/msg/detail
[2.965s] -- Up-to-date: /home/ubuntu/ros2ws/install/objectpose_msgs/include/objectpose_msgs/objectpose_msgs/msg/detail/object_pose__rosidl_typesupport_introspection_c.h
[2.966s] -- Up-to-date: /home/ubuntu/ros2ws/install/objectpose_msgs/include/objectpose_msgs/objectpose_msgs/msg/detail/object_pose__type_support.c
[2.967s] -- Up-to-date: /home/ubuntu/ros2ws/install/objectpose_msgs/lib/libobjectpose_msgs__rosidl_typesupport_introspection_c.so
[2.968s] -- Up-to-date: /home/ubuntu/ros2ws/install/objectpose_msgs/lib/libobjectpose_msgs__rosidl_typesupport_c.so
[2.969s] -- Up-to-date: /home/ubuntu/ros2ws/install/objectpose_msgs/include/objectpose_msgs/objectpose_msgs
[2.969s] -- Up-to-date: /home/ubuntu/ros2ws/install/objectpose_msgs/include/objectpose_msgs/objectpose_msgs/msg
[2.971s] -- Up-to-date: /home/ubuntu/ros2ws/install/objectpose_msgs/include/objectpose_msgs/objectpose_msgs/msg/object_pose.hpp
[2.971s] -- Up-to-date: /home/ubuntu/ros2ws/install/objectpose_msgs/include/objectpose_msgs/objectpose_msgs/msg/detail
[2.971s] -- Up-to-date: /home/ubuntu/ros2ws/install/objectpose_msgs/include/objectpose_msgs/objectpose_msgs/msg/detail/object_pose__struct.hpp
[2.972s] -- Up-to-date: /home/ubuntu/ros2ws/install/objectpose_msgs/include/objectpose_msgs/objectpose_msgs/msg/detail/object_pose__traits.hpp
[2.972s] -- Up-to-date: /home/ubuntu/ros2ws/install/objectpose_msgs/include/objectpose_msgs/objectpose_msgs/msg/detail/object_pose__builder.hpp
[2.972s] -- Up-to-date: /home/ubuntu/ros2ws/install/objectpose_msgs/include/objectpose_msgs/objectpose_msgs
[2.972s] -- Up-to-date: /home/ubuntu/ros2ws/install/objectpose_msgs/include/objectpose_msgs/objectpose_msgs/msg
[2.972s] -- Up-to-date: /home/ubuntu/ros2ws/install/objectpose_msgs/include/objectpose_msgs/objectpose_msgs/msg/rosidl_typesupport_fastrtps_cpp__visibility_control.h
[2.973s] -- Up-to-date: /home/ubuntu/ros2ws/install/objectpose_msgs/include/objectpose_msgs/objectpose_msgs/msg/detail
[2.973s] -- Up-to-date: /home/ubuntu/ros2ws/install/objectpose_msgs/include/objectpose_msgs/objectpose_msgs/msg/detail/dds_fastrtps
[2.973s] -- Up-to-date: /home/ubuntu/ros2ws/install/objectpose_msgs/include/objectpose_msgs/objectpose_msgs/msg/detail/object_pose__rosidl_typesupport_fastrtps_cpp.hpp
[2.975s] -- Up-to-date: /home/ubuntu/ros2ws/install/objectpose_msgs/lib/libobjectpose_msgs__rosidl_typesupport_fastrtps_cpp.so
[2.976s] -- Up-to-date: /home/ubuntu/ros2ws/install/objectpose_msgs/include/objectpose_msgs/objectpose_msgs
[2.976s] -- Up-to-date: /home/ubuntu/ros2ws/install/objectpose_msgs/include/objectpose_msgs/objectpose_msgs/msg
[2.977s] -- Up-to-date: /home/ubuntu/ros2ws/install/objectpose_msgs/include/objectpose_msgs/objectpose_msgs/msg/detail
[2.978s] -- Up-to-date: /home/ubuntu/ros2ws/install/objectpose_msgs/include/objectpose_msgs/objectpose_msgs/msg/detail/object_pose__type_support.cpp
[2.978s] -- Up-to-date: /home/ubuntu/ros2ws/install/objectpose_msgs/include/objectpose_msgs/objectpose_msgs/msg/detail/object_pose__rosidl_typesupport_introspection_cpp.hpp
[2.979s] -- Up-to-date: /home/ubuntu/ros2ws/install/objectpose_msgs/lib/libobjectpose_msgs__rosidl_typesupport_introspection_cpp.so
[2.982s] -- Up-to-date: /home/ubuntu/ros2ws/install/objectpose_msgs/lib/libobjectpose_msgs__rosidl_typesupport_cpp.so
[2.982s] -- Up-to-date: /home/ubuntu/ros2ws/install/objectpose_msgs/share/objectpose_msgs/environment/pythonpath.sh
[2.983s] -- Up-to-date: /home/ubuntu/ros2ws/install/objectpose_msgs/share/objectpose_msgs/environment/pythonpath.dsv
[2.983s] -- Up-to-date: /home/ubuntu/ros2ws/install/objectpose_msgs/local/lib/python3.10/dist-packages/objectpose_msgs-0.0.0-py3.10.egg-info
[2.983s] -- Installing: /home/ubuntu/ros2ws/install/objectpose_msgs/local/lib/python3.10/dist-packages/objectpose_msgs-0.0.0-py3.10.egg-info/PKG-INFO
[2.984s] -- Installing: /home/ubuntu/ros2ws/install/objectpose_msgs/local/lib/python3.10/dist-packages/objectpose_msgs-0.0.0-py3.10.egg-info/top_level.txt
[2.984s] -- Installing: /home/ubuntu/ros2ws/install/objectpose_msgs/local/lib/python3.10/dist-packages/objectpose_msgs-0.0.0-py3.10.egg-info/dependency_links.txt
[2.985s] -- Installing: /home/ubuntu/ros2ws/install/objectpose_msgs/local/lib/python3.10/dist-packages/objectpose_msgs-0.0.0-py3.10.egg-info/SOURCES.txt
[2.986s] -- Up-to-date: /home/ubuntu/ros2ws/install/objectpose_msgs/local/lib/python3.10/dist-packages/objectpose_msgs
[2.987s] -- Up-to-date: /home/ubuntu/ros2ws/install/objectpose_msgs/local/lib/python3.10/dist-packages/objectpose_msgs/msg
[2.987s] -- Up-to-date: /home/ubuntu/ros2ws/install/objectpose_msgs/local/lib/python3.10/dist-packages/objectpose_msgs/msg/_object_pose.py
[2.987s] -- Up-to-date: /home/ubuntu/ros2ws/install/objectpose_msgs/local/lib/python3.10/dist-packages/objectpose_msgs/msg/_object_pose_s.c
[2.988s] -- Up-to-date: /home/ubuntu/ros2ws/install/objectpose_msgs/local/lib/python3.10/dist-packages/objectpose_msgs/msg/__init__.py
[2.988s] -- Installing: /home/ubuntu/ros2ws/install/objectpose_msgs/local/lib/python3.10/dist-packages/objectpose_msgs/objectpose_msgs_s__rosidl_typesupport_fastrtps_c.cpython-310-x86_64-linux-gnu.so
[2.988s] -- Installing: /home/ubuntu/ros2ws/install/objectpose_msgs/local/lib/python3.10/dist-packages/objectpose_msgs/libobjectpose_msgs__rosidl_generator_py.so
[2.989s] -- Up-to-date: /home/ubuntu/ros2ws/install/objectpose_msgs/local/lib/python3.10/dist-packages/objectpose_msgs/_objectpose_msgs_s.ep.rosidl_typesupport_c.c
[2.989s] -- Installing: /home/ubuntu/ros2ws/install/objectpose_msgs/local/lib/python3.10/dist-packages/objectpose_msgs/objectpose_msgs_s__rosidl_typesupport_introspection_c.cpython-310-x86_64-linux-gnu.so
[2.990s] -- Up-to-date: /home/ubuntu/ros2ws/install/objectpose_msgs/local/lib/python3.10/dist-packages/objectpose_msgs/_objectpose_msgs_s.ep.rosidl_typesupport_introspection_c.c
[2.990s] -- Installing: /home/ubuntu/ros2ws/install/objectpose_msgs/local/lib/python3.10/dist-packages/objectpose_msgs/objectpose_msgs_s__rosidl_typesupport_c.cpython-310-x86_64-linux-gnu.so
[2.991s] -- Up-to-date: /home/ubuntu/ros2ws/install/objectpose_msgs/local/lib/python3.10/dist-packages/objectpose_msgs/__init__.py
[2.992s] -- Up-to-date: /home/ubuntu/ros2ws/install/objectpose_msgs/local/lib/python3.10/dist-packages/objectpose_msgs/_objectpose_msgs_s.ep.rosidl_typesupport_fastrtps_c.c
[3.061s] Listing '/home/ubuntu/ros2ws/install/objectpose_msgs/local/lib/python3.10/dist-packages/objectpose_msgs'...
[3.062s] Listing '/home/ubuntu/ros2ws/install/objectpose_msgs/local/lib/python3.10/dist-packages/objectpose_msgs/msg'...
[3.072s] -- Installing: /home/ubuntu/ros2ws/install/objectpose_msgs/local/lib/python3.10/dist-packages/objectpose_msgs/objectpose_msgs_s__rosidl_typesupport_fastrtps_c.cpython-310-x86_64-linux-gnu.so
[3.072s] -- Set runtime path of "/home/ubuntu/ros2ws/install/objectpose_msgs/local/lib/python3.10/dist-packages/objectpose_msgs/objectpose_msgs_s__rosidl_typesupport_fastrtps_c.cpython-310-x86_64-linux-gnu.so" to ""
[3.073s] -- Installing: /home/ubuntu/ros2ws/install/objectpose_msgs/local/lib/python3.10/dist-packages/objectpose_msgs/objectpose_msgs_s__rosidl_typesupport_introspection_c.cpython-310-x86_64-linux-gnu.so
[3.074s] -- Set runtime path of "/home/ubuntu/ros2ws/install/objectpose_msgs/local/lib/python3.10/dist-packages/objectpose_msgs/objectpose_msgs_s__rosidl_typesupport_introspection_c.cpython-310-x86_64-linux-gnu.so" to ""
[3.074s] -- Installing: /home/ubuntu/ros2ws/install/objectpose_msgs/local/lib/python3.10/dist-packages/objectpose_msgs/objectpose_msgs_s__rosidl_typesupport_c.cpython-310-x86_64-linux-gnu.so
[3.075s] -- Set runtime path of "/home/ubuntu/ros2ws/install/objectpose_msgs/local/lib/python3.10/dist-packages/objectpose_msgs/objectpose_msgs_s__rosidl_typesupport_c.cpython-310-x86_64-linux-gnu.so" to ""
[3.076s] -- Installing: /home/ubuntu/ros2ws/install/objectpose_msgs/lib/libobjectpose_msgs__rosidl_generator_py.so
[3.077s] -- Set runtime path of "/home/ubuntu/ros2ws/install/objectpose_msgs/lib/libobjectpose_msgs__rosidl_generator_py.so" to ""
[3.078s] -- Up-to-date: /home/ubuntu/ros2ws/install/objectpose_msgs/share/objectpose_msgs/msg/ObjectPose.idl
[3.078s] -- Up-to-date: /home/ubuntu/ros2ws/install/objectpose_msgs/share/objectpose_msgs/msg/ObjectPose.msg
[3.079s] -- Up-to-date: /home/ubuntu/ros2ws/install/objectpose_msgs/share/ament_index/resource_index/package_run_dependencies/objectpose_msgs
[3.079s] -- Up-to-date: /home/ubuntu/ros2ws/install/objectpose_msgs/share/ament_index/resource_index/parent_prefix_path/objectpose_msgs
[3.079s] -- Up-to-date: /home/ubuntu/ros2ws/install/objectpose_msgs/share/objectpose_msgs/environment/ament_prefix_path.sh
[3.080s] -- Up-to-date: /home/ubuntu/ros2ws/install/objectpose_msgs/share/objectpose_msgs/environment/ament_prefix_path.dsv
[3.080s] -- Up-to-date: /home/ubuntu/ros2ws/install/objectpose_msgs/share/objectpose_msgs/environment/path.sh
[3.080s] -- Up-to-date: /home/ubuntu/ros2ws/install/objectpose_msgs/share/objectpose_msgs/environment/path.dsv
[3.082s] -- Up-to-date: /home/ubuntu/ros2ws/install/objectpose_msgs/share/objectpose_msgs/local_setup.bash
[3.082s] -- Up-to-date: /home/ubuntu/ros2ws/install/objectpose_msgs/share/objectpose_msgs/local_setup.sh
[3.083s] -- Up-to-date: /home/ubuntu/ros2ws/install/objectpose_msgs/share/objectpose_msgs/local_setup.zsh
[3.083s] -- Up-to-date: /home/ubuntu/ros2ws/install/objectpose_msgs/share/objectpose_msgs/local_setup.dsv
[3.083s] -- Installing: /home/ubuntu/ros2ws/install/objectpose_msgs/share/objectpose_msgs/package.dsv
[3.083s] -- Up-to-date: /home/ubuntu/ros2ws/install/objectpose_msgs/share/ament_index/resource_index/packages/objectpose_msgs
[3.083s] -- Up-to-date: /home/ubuntu/ros2ws/install/objectpose_msgs/share/objectpose_msgs/cmake/export_objectpose_msgs__rosidl_generator_cExport.cmake
[3.084s] -- Up-to-date: /home/ubuntu/ros2ws/install/objectpose_msgs/share/objectpose_msgs/cmake/export_objectpose_msgs__rosidl_generator_cExport-noconfig.cmake
[3.084s] -- Up-to-date: /home/ubuntu/ros2ws/install/objectpose_msgs/share/objectpose_msgs/cmake/export_objectpose_msgs__rosidl_typesupport_fastrtps_cExport.cmake
[3.084s] -- Up-to-date: /home/ubuntu/ros2ws/install/objectpose_msgs/share/objectpose_msgs/cmake/export_objectpose_msgs__rosidl_typesupport_fastrtps_cExport-noconfig.cmake
[3.085s] -- Up-to-date: /home/ubuntu/ros2ws/install/objectpose_msgs/share/objectpose_msgs/cmake/objectpose_msgs__rosidl_typesupport_introspection_cExport.cmake
[3.087s] -- Up-to-date: /home/ubuntu/ros2ws/install/objectpose_msgs/share/objectpose_msgs/cmake/objectpose_msgs__rosidl_typesupport_introspection_cExport-noconfig.cmake
[3.087s] -- Up-to-date: /home/ubuntu/ros2ws/install/objectpose_msgs/share/objectpose_msgs/cmake/objectpose_msgs__rosidl_typesupport_cExport.cmake
[3.087s] -- Up-to-date: /home/ubuntu/ros2ws/install/objectpose_msgs/share/objectpose_msgs/cmake/objectpose_msgs__rosidl_typesupport_cExport-noconfig.cmake
[3.088s] -- Up-to-date: /home/ubuntu/ros2ws/install/objectpose_msgs/share/objectpose_msgs/cmake/export_objectpose_msgs__rosidl_generator_cppExport.cmake
[3.089s] -- Up-to-date: /home/ubuntu/ros2ws/install/objectpose_msgs/share/objectpose_msgs/cmake/export_objectpose_msgs__rosidl_typesupport_fastrtps_cppExport.cmake
[3.089s] -- Up-to-date: /home/ubuntu/ros2ws/install/objectpose_msgs/share/objectpose_msgs/cmake/export_objectpose_msgs__rosidl_typesupport_fastrtps_cppExport-noconfig.cmake
[3.089s] -- Up-to-date: /home/ubuntu/ros2ws/install/objectpose_msgs/share/objectpose_msgs/cmake/objectpose_msgs__rosidl_typesupport_introspection_cppExport.cmake
[3.092s] -- Up-to-date: /home/ubuntu/ros2ws/install/objectpose_msgs/share/objectpose_msgs/cmake/objectpose_msgs__rosidl_typesupport_introspection_cppExport-noconfig.cmake
[3.092s] -- Up-to-date: /home/ubuntu/ros2ws/install/objectpose_msgs/share/objectpose_msgs/cmake/objectpose_msgs__rosidl_typesupport_cppExport.cmake
[3.093s] -- Up-to-date: /home/ubuntu/ros2ws/install/objectpose_msgs/share/objectpose_msgs/cmake/objectpose_msgs__rosidl_typesupport_cppExport-noconfig.cmake
[3.093s] -- Up-to-date: /home/ubuntu/ros2ws/install/objectpose_msgs/share/objectpose_msgs/cmake/export_objectpose_msgs__rosidl_generator_pyExport.cmake
[3.093s] -- Up-to-date: /home/ubuntu/ros2ws/install/objectpose_msgs/share/objectpose_msgs/cmake/export_objectpose_msgs__rosidl_generator_pyExport-noconfig.cmake
[3.093s] -- Up-to-date: /home/ubuntu/ros2ws/install/objectpose_msgs/share/objectpose_msgs/cmake/rosidl_cmake-extras.cmake
[3.093s] -- Up-to-date: /home/ubuntu/ros2ws/install/objectpose_msgs/share/objectpose_msgs/cmake/ament_cmake_export_include_directories-extras.cmake
[3.093s] -- Up-to-date: /home/ubuntu/ros2ws/install/objectpose_msgs/share/objectpose_msgs/cmake/ament_cmake_export_libraries-extras.cmake
[3.093s] -- Up-to-date: /home/ubuntu/ros2ws/install/objectpose_msgs/share/objectpose_msgs/cmake/ament_cmake_export_targets-extras.cmake
[3.093s] -- Up-to-date: /home/ubuntu/ros2ws/install/objectpose_msgs/share/objectpose_msgs/cmake/rosidl_cmake_export_typesupport_targets-extras.cmake
[3.094s] -- Up-to-date: /home/ubuntu/ros2ws/install/objectpose_msgs/share/objectpose_msgs/cmake/ament_cmake_export_dependencies-extras.cmake
[3.094s] -- Up-to-date: /home/ubuntu/ros2ws/install/objectpose_msgs/share/objectpose_msgs/cmake/rosidl_cmake_export_typesupport_libraries-extras.cmake
[3.094s] -- Up-to-date: /home/ubuntu/ros2ws/install/objectpose_msgs/share/objectpose_msgs/cmake/objectpose_msgsConfig.cmake
[3.094s] -- Up-to-date: /home/ubuntu/ros2ws/install/objectpose_msgs/share/objectpose_msgs/cmake/objectpose_msgsConfig-version.cmake
[3.094s] -- Up-to-date: /home/ubuntu/ros2ws/install/objectpose_msgs/share/objectpose_msgs/package.xml
[3.097s] Invoked command in '/home/ubuntu/ros2ws/build/objectpose_msgs' returned '0': CMAKE_PREFIX_PATH=${CMAKE_PREFIX_PATH}:/home/ubuntu/ros2ws/install/testV1:/home/ubuntu/ros2ws/install/gui_subscriber:/home/ubuntu/ros2ws/install/robot_letter_writer:/opt/ros/humble /usr/bin/cmake --install /home/ubuntu/ros2ws/build/objectpose_msgs
