[0.038s] Invoking command in '/home/ubuntu/ros2ws/build/abb_irb1200_support': CMAKE_PREFIX_PATH=${CMAKE_PREFIX_PATH}:/opt/ros/humble /usr/bin/cmake /home/ubuntu/ros2ws/src/ABBDriver/abb_ros2/robot_specific_config/abb_irb1200_support -DCMAKE_INSTALL_PREFIX=/home/ubuntu/ros2ws/install/abb_irb1200_support
[0.118s] -- The C compiler identification is GNU 11.4.0
[0.205s] -- The CXX compiler identification is GNU 11.4.0
[0.215s] -- Detecting C compiler ABI info
[0.318s] -- Detecting C compiler ABI info - done
[0.324s] -- Check for working C compiler: /usr/bin/cc - skipped
[0.324s] -- Detecting C compile features
[0.325s] -- Detecting C compile features - done
[0.332s] -- Detecting CXX compiler ABI info
[0.445s] -- Detecting CXX compiler ABI info - done
[0.456s] -- Check for working CXX compiler: /usr/bin/c++ - skipped
[0.456s] -- Detecting CXX compile features
[0.456s] -- Detecting CXX compile features - done
[0.459s] -- Found ament_cmake: 1.3.10 (/opt/ros/humble/share/ament_cmake/cmake)
[0.686s] -- Found Python3: /usr/bin/python3 (found version "3.10.12") found components: Interpreter 
[0.974s] -- Configuring done
[0.977s] -- Generating done
[0.978s] -- Build files have been written to: /home/ubuntu/ros2ws/build/abb_irb1200_support
[0.990s] Invoked command in '/home/ubuntu/ros2ws/build/abb_irb1200_support' returned '0': CMAKE_PREFIX_PATH=${CMAKE_PREFIX_PATH}:/opt/ros/humble /usr/bin/cmake /home/ubuntu/ros2ws/src/ABBDriver/abb_ros2/robot_specific_config/abb_irb1200_support -DCMAKE_INSTALL_PREFIX=/home/ubuntu/ros2ws/install/abb_irb1200_support
[0.990s] Invoking command in '/home/ubuntu/ros2ws/build/abb_irb1200_support': CMAKE_PREFIX_PATH=${CMAKE_PREFIX_PATH}:/opt/ros/humble /usr/bin/cmake --build /home/ubuntu/ros2ws/build/abb_irb1200_support -- -j4 -l4
[1.099s] Invoked command in '/home/ubuntu/ros2ws/build/abb_irb1200_support' returned '0': CMAKE_PREFIX_PATH=${CMAKE_PREFIX_PATH}:/opt/ros/humble /usr/bin/cmake --build /home/ubuntu/ros2ws/build/abb_irb1200_support -- -j4 -l4
[1.214s] Invoking command in '/home/ubuntu/ros2ws/build/abb_irb1200_support': CMAKE_PREFIX_PATH=${CMAKE_PREFIX_PATH}:/opt/ros/humble /usr/bin/cmake --install /home/ubuntu/ros2ws/build/abb_irb1200_support
[1.237s] -- Install configuration: ""
[1.237s] -- Installing: /home/ubuntu/ros2ws/install/abb_irb1200_support/share/ament_index/resource_index/package_run_dependencies/abb_irb1200_support
[1.237s] -- Installing: /home/ubuntu/ros2ws/install/abb_irb1200_support/share/ament_index/resource_index/parent_prefix_path/abb_irb1200_support
[1.243s] -- Installing: /home/ubuntu/ros2ws/install/abb_irb1200_support/share/abb_irb1200_support/environment/ament_prefix_path.sh
[1.243s] -- Installing: /home/ubuntu/ros2ws/install/abb_irb1200_support/share/abb_irb1200_support/environment/ament_prefix_path.dsv
[1.243s] -- Installing: /home/ubuntu/ros2ws/install/abb_irb1200_support/share/abb_irb1200_support/environment/path.sh
[1.243s] -- Installing: /home/ubuntu/ros2ws/install/abb_irb1200_support/share/abb_irb1200_support/environment/path.dsv
[1.243s] -- Installing: /home/ubuntu/ros2ws/install/abb_irb1200_support/share/abb_irb1200_support/local_setup.bash
[1.243s] -- Installing: /home/ubuntu/ros2ws/install/abb_irb1200_support/share/abb_irb1200_support/local_setup.sh
[1.243s] -- Installing: /home/ubuntu/ros2ws/install/abb_irb1200_support/share/abb_irb1200_support/local_setup.zsh
[1.243s] -- Installing: /home/ubuntu/ros2ws/install/abb_irb1200_support/share/abb_irb1200_support/local_setup.dsv
[1.243s] -- Installing: /home/ubuntu/ros2ws/install/abb_irb1200_support/share/abb_irb1200_support/package.dsv
[1.243s] -- Installing: /home/ubuntu/ros2ws/install/abb_irb1200_support/share/ament_index/resource_index/packages/abb_irb1200_support
[1.244s] -- Installing: /home/ubuntu/ros2ws/install/abb_irb1200_support/share/abb_irb1200_support/cmake/abb_irb1200_supportConfig.cmake
[1.244s] -- Installing: /home/ubuntu/ros2ws/install/abb_irb1200_support/share/abb_irb1200_support/cmake/abb_irb1200_supportConfig-version.cmake
[1.245s] -- Installing: /home/ubuntu/ros2ws/install/abb_irb1200_support/share/abb_irb1200_support/package.xml
[1.248s] -- Installing: /home/ubuntu/ros2ws/install/abb_irb1200_support/share/abb_irb1200_support/launch
[1.248s] -- Installing: /home/ubuntu/ros2ws/install/abb_irb1200_support/share/abb_irb1200_support/launch/view_robot.launch.py
[1.249s] -- Installing: /home/ubuntu/ros2ws/install/abb_irb1200_support/share/abb_irb1200_support/meshes
[1.249s] -- Installing: /home/ubuntu/ros2ws/install/abb_irb1200_support/share/abb_irb1200_support/meshes/irb1200_5_90
[1.249s] -- Installing: /home/ubuntu/ros2ws/install/abb_irb1200_support/share/abb_irb1200_support/meshes/irb1200_5_90/collision
[1.249s] -- Installing: /home/ubuntu/ros2ws/install/abb_irb1200_support/share/abb_irb1200_support/meshes/irb1200_5_90/collision/base_link.stl
[1.250s] -- Installing: /home/ubuntu/ros2ws/install/abb_irb1200_support/share/abb_irb1200_support/meshes/irb1200_5_90/collision/link_4.stl
[1.250s] -- Installing: /home/ubuntu/ros2ws/install/abb_irb1200_support/share/abb_irb1200_support/meshes/irb1200_5_90/collision/link_2.stl
[1.253s] -- Installing: /home/ubuntu/ros2ws/install/abb_irb1200_support/share/abb_irb1200_support/meshes/irb1200_5_90/collision/link_1.stl
[1.253s] -- Installing: /home/ubuntu/ros2ws/install/abb_irb1200_support/share/abb_irb1200_support/meshes/irb1200_5_90/collision/link_3.stl
[1.262s] -- Installing: /home/ubuntu/ros2ws/install/abb_irb1200_support/share/abb_irb1200_support/meshes/irb1200_5_90/collision/link_5.stl
[1.264s] -- Installing: /home/ubuntu/ros2ws/install/abb_irb1200_support/share/abb_irb1200_support/meshes/irb1200_5_90/collision/link_6.stl
[1.264s] -- Installing: /home/ubuntu/ros2ws/install/abb_irb1200_support/share/abb_irb1200_support/meshes/irb1200_5_90/visual
[1.264s] -- Installing: /home/ubuntu/ros2ws/install/abb_irb1200_support/share/abb_irb1200_support/meshes/irb1200_5_90/visual/link_5.dae
[1.267s] -- Installing: /home/ubuntu/ros2ws/install/abb_irb1200_support/share/abb_irb1200_support/meshes/irb1200_5_90/visual/link_1.dae
[1.277s] -- Installing: /home/ubuntu/ros2ws/install/abb_irb1200_support/share/abb_irb1200_support/meshes/irb1200_5_90/visual/link_4.dae
[1.288s] -- Installing: /home/ubuntu/ros2ws/install/abb_irb1200_support/share/abb_irb1200_support/meshes/irb1200_5_90/visual/link_2.dae
[1.298s] -- Installing: /home/ubuntu/ros2ws/install/abb_irb1200_support/share/abb_irb1200_support/meshes/irb1200_5_90/visual/link_3.dae
[1.302s] -- Installing: /home/ubuntu/ros2ws/install/abb_irb1200_support/share/abb_irb1200_support/meshes/irb1200_5_90/visual/base_link.dae
[1.308s] -- Installing: /home/ubuntu/ros2ws/install/abb_irb1200_support/share/abb_irb1200_support/meshes/irb1200_5_90/visual/link_6.dae
[1.308s] -- Installing: /home/ubuntu/ros2ws/install/abb_irb1200_support/share/abb_irb1200_support/rviz
[1.309s] -- Installing: /home/ubuntu/ros2ws/install/abb_irb1200_support/share/abb_irb1200_support/rviz/urdf_description.rviz
[1.312s] -- Installing: /home/ubuntu/ros2ws/install/abb_irb1200_support/share/abb_irb1200_support/urdf
[1.312s] -- Installing: /home/ubuntu/ros2ws/install/abb_irb1200_support/share/abb_irb1200_support/urdf/irb1200_5_90_macro.xacro
[1.313s] -- Installing: /home/ubuntu/ros2ws/install/abb_irb1200_support/share/abb_irb1200_support/urdf/irb1200_5_90.xacro
[1.314s] -- Installing: /home/ubuntu/ros2ws/install/abb_irb1200_support/share/abb_irb1200_support/urdf/irb1200.ros2_control.xacro
[1.318s] Invoked command in '/home/ubuntu/ros2ws/build/abb_irb1200_support' returned '0': CMAKE_PREFIX_PATH=${CMAKE_PREFIX_PATH}:/opt/ros/humble /usr/bin/cmake --install /home/ubuntu/ros2ws/build/abb_irb1200_support
