[0.000000] (-) TimerEvent: {}
[0.004955] (-) JobUnselected: {'identifier': 'abb_bringup'}
[0.005468] (-) JobUnselected: {'identifier': 'abb_egm_msgs'}
[0.005561] (-) JobUnselected: {'identifier': 'abb_egm_rws_managers'}
[0.005597] (-) JobUnselected: {'identifier': 'abb_hardware_interface'}
[0.005627] (-) JobUnselected: {'identifier': 'abb_irb1200_5_90_moveit_config'}
[0.005658] (-) JobUnselected: {'identifier': 'abb_irb1200_support'}
[0.005686] (-) JobUnselected: {'identifier': 'abb_irb4600_support'}
[0.005833] (-) JobUnselected: {'identifier': 'abb_libegm'}
[0.005931] (-) JobUnselected: {'identifier': 'abb_librws'}
[0.006047] (-) JobUnselected: {'identifier': 'abb_rapid_msgs'}
[0.006126] (-) JobUnselected: {'identifier': 'abb_rapid_sm_addin_msgs'}
[0.006243] (-) JobUnselected: {'identifier': 'abb_resources'}
[0.006316] (-) JobUnselected: {'identifier': 'abb_robot_msgs'}
[0.006378] (-) JobUnselected: {'identifier': 'abb_ros2'}
[0.006441] (-) JobUnselected: {'identifier': 'abb_rws_client'}
[0.006502] (-) JobUnselected: {'identifier': 'gazebo_ros2_control'}
[0.006562] (-) JobUnselected: {'identifier': 'gazebo_ros2_control_demos'}
[0.006623] (-) JobUnselected: {'identifier': 'linkattacher_msgs'}
[0.006682] (-) JobUnselected: {'identifier': 'ros2_linkattacher'}
[0.006829] (-) JobUnselected: {'identifier': 'ros2_robotiqgripper'}
[0.006896] (-) JobUnselected: {'identifier': 'ros2srrc_data'}
[0.006960] (-) JobUnselected: {'identifier': 'ros2srrc_endeffectors'}
[0.007061] (-) JobUnselected: {'identifier': 'ros2srrc_execution'}
[0.007134] (-) JobUnselected: {'identifier': 'ros2srrc_iiwa_gazebo'}
[0.007231] (-) JobUnselected: {'identifier': 'ros2srrc_iiwa_moveit2'}
[0.007308] (-) JobUnselected: {'identifier': 'ros2srrc_irb1200_gazebo'}
[0.007374] (-) JobUnselected: {'identifier': 'ros2srrc_irb1200_moveit2'}
[0.007446] (-) JobUnselected: {'identifier': 'ros2srrc_irb120_gazebo'}
[0.007559] (-) JobUnselected: {'identifier': 'ros2srrc_irb120_moveit2'}
[0.007638] (-) JobUnselected: {'identifier': 'ros2srrc_irb6640_gazebo'}
[0.007756] (-) JobUnselected: {'identifier': 'ros2srrc_irb6640_moveit2'}
[0.007816] (-) JobUnselected: {'identifier': 'ros2srrc_launch'}
[0.007850] (-) JobUnselected: {'identifier': 'ros2srrc_robots'}
[0.007917] (-) JobUnselected: {'identifier': 'ros2srrc_ur10e_gazebo'}
[0.007962] (-) JobUnselected: {'identifier': 'ros2srrc_ur10e_moveit2'}
[0.007992] (-) JobUnselected: {'identifier': 'ros2srrc_ur16e_gazebo'}
[0.008022] (-) JobUnselected: {'identifier': 'ros2srrc_ur16e_moveit2'}
[0.008050] (-) JobUnselected: {'identifier': 'ros2srrc_ur3_gazebo'}
[0.008079] (-) JobUnselected: {'identifier': 'ros2srrc_ur3_moveit2'}
[0.008108] (-) JobUnselected: {'identifier': 'ros2srrc_ur5_gazebo'}
[0.008136] (-) JobUnselected: {'identifier': 'ros2srrc_ur5_moveit2'}
[0.008168] (-) EventReactorShutdown: {}
