[0.040s] Invoking command in '/home/ubuntu/ros2ws/build/ros2srrc_iiwa_gazebo': CMAKE_PREFIX_PATH=${CMAKE_PREFIX_PATH}:/opt/ros/humble /usr/bin/cmake /home/ubuntu/ros2ws/src/ros2_SimRealRobotControl/packages/iiwa/ros2srrc_iiwa_gazebo -DAMENT_CMAKE_SYMLINK_INSTALL=1 -DCMAKE_INSTALL_PREFIX=/home/ubuntu/ros2ws/install/ros2srrc_iiwa_gazebo
[0.184s] -- The C compiler identification is GNU 11.4.0
[0.302s] -- The CXX compiler identification is GNU 11.4.0
[0.315s] -- Detecting C compiler ABI info
[0.470s] -- Detecting C compiler ABI info - done
[0.484s] -- Check for working C compiler: /usr/bin/cc - skipped
[0.486s] -- Detecting C compile features
[0.487s] -- Detecting C compile features - done
[0.496s] -- Detecting CXX compiler ABI info
[0.655s] -- Detecting CXX compiler ABI info - done
[0.667s] -- Check for working CXX compiler: /usr/bin/c++ - skipped
[0.668s] -- Detecting CXX compile features
[0.669s] -- Detecting CXX compile features - done
[0.676s] -- Found ament_cmake: 1.3.10 (/opt/ros/humble/share/ament_cmake/cmake)
[0.983s] -- Found Python3: /usr/bin/python3 (found version "3.10.12") found components: Interpreter 
[1.110s] -- Override CMake install command with custom implementation using symlinks instead of copying resources
[1.207s] -- Found ament_lint_auto: 0.12.11 (/opt/ros/humble/share/ament_lint_auto/cmake)
[1.390s] -- Added test 'copyright' to check source files copyright and LICENSE
[1.396s] -- Added test 'lint_cmake' to check CMake code style
[1.397s] -- Added test 'xmllint' to check XML markup files
[1.402s] -- Configuring done
[1.406s] -- Generating done
[1.409s] -- Build files have been written to: /home/ubuntu/ros2ws/build/ros2srrc_iiwa_gazebo
[1.419s] Invoked command in '/home/ubuntu/ros2ws/build/ros2srrc_iiwa_gazebo' returned '0': CMAKE_PREFIX_PATH=${CMAKE_PREFIX_PATH}:/opt/ros/humble /usr/bin/cmake /home/ubuntu/ros2ws/src/ros2_SimRealRobotControl/packages/iiwa/ros2srrc_iiwa_gazebo -DAMENT_CMAKE_SYMLINK_INSTALL=1 -DCMAKE_INSTALL_PREFIX=/home/ubuntu/ros2ws/install/ros2srrc_iiwa_gazebo
[1.421s] Invoking command in '/home/ubuntu/ros2ws/build/ros2srrc_iiwa_gazebo': CMAKE_PREFIX_PATH=${CMAKE_PREFIX_PATH}:/opt/ros/humble /usr/bin/cmake --build /home/ubuntu/ros2ws/build/ros2srrc_iiwa_gazebo -- -j4 -l4
[1.504s] Invoked command in '/home/ubuntu/ros2ws/build/ros2srrc_iiwa_gazebo' returned '0': CMAKE_PREFIX_PATH=${CMAKE_PREFIX_PATH}:/opt/ros/humble /usr/bin/cmake --build /home/ubuntu/ros2ws/build/ros2srrc_iiwa_gazebo -- -j4 -l4
[1.573s] Invoking command in '/home/ubuntu/ros2ws/build/ros2srrc_iiwa_gazebo': CMAKE_PREFIX_PATH=${CMAKE_PREFIX_PATH}:/opt/ros/humble /usr/bin/cmake --install /home/ubuntu/ros2ws/build/ros2srrc_iiwa_gazebo
[1.588s] -- Install configuration: ""
[1.589s] -- Execute custom install script
[1.589s] -- Symlinking: /home/ubuntu/ros2ws/install/ros2srrc_iiwa_gazebo/share/ros2srrc_iiwa_gazebo/config/configurations.yaml
[1.608s] -- Symlinking: /home/ubuntu/ros2ws/install/ros2srrc_iiwa_gazebo/share/ros2srrc_iiwa_gazebo/urdf/iiwa.urdf.xacro
[1.627s] -- Symlinking: /home/ubuntu/ros2ws/install/ros2srrc_iiwa_gazebo/share/ros2srrc_iiwa_gazebo/urdf/iiwa_robotiq_2f85.urdf.xacro
[1.643s] -- Symlinking: /home/ubuntu/ros2ws/install/ros2srrc_iiwa_gazebo/share/ros2srrc_iiwa_gazebo/worlds/ros2srrc_iiwa.world
[1.665s] -- Symlinking: /home/ubuntu/ros2ws/install/ros2srrc_iiwa_gazebo/share/ament_index/resource_index/package_run_dependencies/ros2srrc_iiwa_gazebo
[1.680s] -- Symlinking: /home/ubuntu/ros2ws/install/ros2srrc_iiwa_gazebo/share/ament_index/resource_index/parent_prefix_path/ros2srrc_iiwa_gazebo
[1.698s] -- Symlinking: /home/ubuntu/ros2ws/install/ros2srrc_iiwa_gazebo/share/ros2srrc_iiwa_gazebo/environment/ament_prefix_path.sh
[1.720s] -- Symlinking: /home/ubuntu/ros2ws/install/ros2srrc_iiwa_gazebo/share/ros2srrc_iiwa_gazebo/environment/ament_prefix_path.dsv
[1.734s] -- Symlinking: /home/ubuntu/ros2ws/install/ros2srrc_iiwa_gazebo/share/ros2srrc_iiwa_gazebo/environment/path.sh
[1.752s] -- Symlinking: /home/ubuntu/ros2ws/install/ros2srrc_iiwa_gazebo/share/ros2srrc_iiwa_gazebo/environment/path.dsv
[1.771s] -- Symlinking: /home/ubuntu/ros2ws/install/ros2srrc_iiwa_gazebo/share/ros2srrc_iiwa_gazebo/local_setup.bash
[1.784s] -- Symlinking: /home/ubuntu/ros2ws/install/ros2srrc_iiwa_gazebo/share/ros2srrc_iiwa_gazebo/local_setup.sh
[1.801s] -- Symlinking: /home/ubuntu/ros2ws/install/ros2srrc_iiwa_gazebo/share/ros2srrc_iiwa_gazebo/local_setup.zsh
[1.817s] -- Symlinking: /home/ubuntu/ros2ws/install/ros2srrc_iiwa_gazebo/share/ros2srrc_iiwa_gazebo/local_setup.dsv
[1.831s] -- Symlinking: /home/ubuntu/ros2ws/install/ros2srrc_iiwa_gazebo/share/ros2srrc_iiwa_gazebo/package.dsv
[1.850s] -- Symlinking: /home/ubuntu/ros2ws/install/ros2srrc_iiwa_gazebo/share/ament_index/resource_index/packages/ros2srrc_iiwa_gazebo
[1.871s] -- Symlinking: /home/ubuntu/ros2ws/install/ros2srrc_iiwa_gazebo/share/ros2srrc_iiwa_gazebo/cmake/ros2srrc_iiwa_gazeboConfig.cmake
[1.884s] -- Symlinking: /home/ubuntu/ros2ws/install/ros2srrc_iiwa_gazebo/share/ros2srrc_iiwa_gazebo/cmake/ros2srrc_iiwa_gazeboConfig-version.cmake
[1.900s] -- Symlinking: /home/ubuntu/ros2ws/install/ros2srrc_iiwa_gazebo/share/ros2srrc_iiwa_gazebo/package.xml
[1.915s] Invoked command in '/home/ubuntu/ros2ws/build/ros2srrc_iiwa_gazebo' returned '0': CMAKE_PREFIX_PATH=${CMAKE_PREFIX_PATH}:/opt/ros/humble /usr/bin/cmake --install /home/ubuntu/ros2ws/build/ros2srrc_iiwa_gazebo
