-- The C compiler identification is GNU 11.4.0
-- The CXX compiler identification is GNU 11.4.0
-- Detecting C compiler ABI info
-- Detecting C compiler ABI info - done
-- Check for working C compiler: /usr/bin/cc - skipped
-- Detecting C compile features
-- Detecting C compile features - done
-- Detecting CXX compiler ABI info
-- Detecting CXX compiler ABI info - done
-- Check for working CXX compiler: /usr/bin/c++ - skipped
-- Detecting CXX compile features
-- Detecting CXX compile features - done
-- Found ament_cmake: 1.3.10 (/opt/ros/humble/share/ament_cmake/cmake)
-- Found Python3: /usr/bin/python3 (found version "3.10.12") found components: Interpreter 
-- Found ament_lint_auto: 0.12.11 (/opt/ros/humble/share/ament_lint_auto/cmake)
-- Added test 'copyright' to check source files copyright and LICENSE
-- Added test 'lint_cmake' to check CMake code style
-- Added test 'xmllint' to check XML markup files
-- Configuring done
-- Generating done
-- Build files have been written to: /home/ubuntu/ros2ws/build/ros2srrc_robots
-- Install configuration: ""
-- Installing: /home/ubuntu/ros2ws/install/ros2srrc_robots/share/ros2srrc_robots/irb120
-- Installing: /home/ubuntu/ros2ws/install/ros2srrc_robots/share/ros2srrc_robots/irb120/config
-- Installing: /home/ubuntu/ros2ws/install/ros2srrc_robots/share/ros2srrc_robots/irb120/config/controller_moveit2.yaml
-- Installing: /home/ubuntu/ros2ws/install/ros2srrc_robots/share/ros2srrc_robots/irb120/config/controller.yaml
-- Installing: /home/ubuntu/ros2ws/install/ros2srrc_robots/share/ros2srrc_robots/irb120/config/joint_limits.yaml
-- Installing: /home/ubuntu/ros2ws/install/ros2srrc_robots/share/ros2srrc_robots/irb120/config/joint_specifications.yaml
-- Installing: /home/ubuntu/ros2ws/install/ros2srrc_robots/share/ros2srrc_robots/irb120/config/pilz_cartesian_limits.yaml
-- Installing: /home/ubuntu/ros2ws/install/ros2srrc_robots/share/ros2srrc_robots/irb120/config/kinematics.yaml
-- Installing: /home/ubuntu/ros2ws/install/ros2srrc_robots/share/ros2srrc_robots/irb120/meshes
-- Installing: /home/ubuntu/ros2ws/install/ros2srrc_robots/share/ros2srrc_robots/irb120/meshes/collision
-- Installing: /home/ubuntu/ros2ws/install/ros2srrc_robots/share/ros2srrc_robots/irb120/meshes/collision/base_link.stl
-- Installing: /home/ubuntu/ros2ws/install/ros2srrc_robots/share/ros2srrc_robots/irb120/meshes/collision/link_4.stl
-- Installing: /home/ubuntu/ros2ws/install/ros2srrc_robots/share/ros2srrc_robots/irb120/meshes/collision/link_2.stl
-- Installing: /home/ubuntu/ros2ws/install/ros2srrc_robots/share/ros2srrc_robots/irb120/meshes/collision/link_1.stl
-- Installing: /home/ubuntu/ros2ws/install/ros2srrc_robots/share/ros2srrc_robots/irb120/meshes/collision/link_3.stl
-- Installing: /home/ubuntu/ros2ws/install/ros2srrc_robots/share/ros2srrc_robots/irb120/meshes/collision/link_5.stl
-- Installing: /home/ubuntu/ros2ws/install/ros2srrc_robots/share/ros2srrc_robots/irb120/meshes/collision/link_6.stl
-- Installing: /home/ubuntu/ros2ws/install/ros2srrc_robots/share/ros2srrc_robots/irb120/meshes/visual
-- Installing: /home/ubuntu/ros2ws/install/ros2srrc_robots/share/ros2srrc_robots/irb120/meshes/visual/link_5.dae
-- Installing: /home/ubuntu/ros2ws/install/ros2srrc_robots/share/ros2srrc_robots/irb120/meshes/visual/link_1.dae
-- Installing: /home/ubuntu/ros2ws/install/ros2srrc_robots/share/ros2srrc_robots/irb120/meshes/visual/link_4.dae
-- Installing: /home/ubuntu/ros2ws/install/ros2srrc_robots/share/ros2srrc_robots/irb120/meshes/visual/link_2.dae
-- Installing: /home/ubuntu/ros2ws/install/ros2srrc_robots/share/ros2srrc_robots/irb120/meshes/visual/link_3.dae
-- Installing: /home/ubuntu/ros2ws/install/ros2srrc_robots/share/ros2srrc_robots/irb120/meshes/visual/base_link.dae
-- Installing: /home/ubuntu/ros2ws/install/ros2srrc_robots/share/ros2srrc_robots/irb120/meshes/visual/link_6.dae
-- Installing: /home/ubuntu/ros2ws/install/ros2srrc_robots/share/ros2srrc_robots/irb120/urdf
-- Installing: /home/ubuntu/ros2ws/install/ros2srrc_robots/share/ros2srrc_robots/irb120/urdf/irb120_transmission.xacro
-- Installing: /home/ubuntu/ros2ws/install/ros2srrc_robots/share/ros2srrc_robots/irb120/urdf/irb120_macro.urdf.xacro
-- Installing: /home/ubuntu/ros2ws/install/ros2srrc_robots/share/ros2srrc_robots/irb120/urdf/irb120_ros2control.xacro
-- Installing: /home/ubuntu/ros2ws/install/ros2srrc_robots/share/ros2srrc_robots/irb120/urdf/abb_resources
-- Installing: /home/ubuntu/ros2ws/install/ros2srrc_robots/share/ros2srrc_robots/irb120/urdf/abb_resources/common_materials.xacro
-- Installing: /home/ubuntu/ros2ws/install/ros2srrc_robots/share/ros2srrc_robots/irb120/urdf/abb_resources/common_colours.xacro
-- Installing: /home/ubuntu/ros2ws/install/ros2srrc_robots/share/ros2srrc_robots/irb1200
-- Installing: /home/ubuntu/ros2ws/install/ros2srrc_robots/share/ros2srrc_robots/irb1200/config
-- Installing: /home/ubuntu/ros2ws/install/ros2srrc_robots/share/ros2srrc_robots/irb1200/config/controller_moveit2.yaml
-- Installing: /home/ubuntu/ros2ws/install/ros2srrc_robots/share/ros2srrc_robots/irb1200/config/controller.yaml
-- Installing: /home/ubuntu/ros2ws/install/ros2srrc_robots/share/ros2srrc_robots/irb1200/config/joint_limits.yaml
-- Installing: /home/ubuntu/ros2ws/install/ros2srrc_robots/share/ros2srrc_robots/irb1200/config/joint_specifications.yaml
-- Installing: /home/ubuntu/ros2ws/install/ros2srrc_robots/share/ros2srrc_robots/irb1200/config/pilz_cartesian_limits.yaml
-- Installing: /home/ubuntu/ros2ws/install/ros2srrc_robots/share/ros2srrc_robots/irb1200/config/kinematics.yaml
-- Installing: /home/ubuntu/ros2ws/install/ros2srrc_robots/share/ros2srrc_robots/irb1200/meshes
-- Installing: /home/ubuntu/ros2ws/install/ros2srrc_robots/share/ros2srrc_robots/irb1200/meshes/collision
-- Installing: /home/ubuntu/ros2ws/install/ros2srrc_robots/share/ros2srrc_robots/irb1200/meshes/collision/base_link.stl
-- Installing: /home/ubuntu/ros2ws/install/ros2srrc_robots/share/ros2srrc_robots/irb1200/meshes/collision/link_4.stl
-- Installing: /home/ubuntu/ros2ws/install/ros2srrc_robots/share/ros2srrc_robots/irb1200/meshes/collision/link_2.stl
-- Installing: /home/ubuntu/ros2ws/install/ros2srrc_robots/share/ros2srrc_robots/irb1200/meshes/collision/link_1.stl
-- Installing: /home/ubuntu/ros2ws/install/ros2srrc_robots/share/ros2srrc_robots/irb1200/meshes/collision/link_3.stl
-- Installing: /home/ubuntu/ros2ws/install/ros2srrc_robots/share/ros2srrc_robots/irb1200/meshes/collision/link_5.stl
-- Installing: /home/ubuntu/ros2ws/install/ros2srrc_robots/share/ros2srrc_robots/irb1200/meshes/collision/link_6.stl
-- Installing: /home/ubuntu/ros2ws/install/ros2srrc_robots/share/ros2srrc_robots/irb1200/meshes/visual
-- Installing: /home/ubuntu/ros2ws/install/ros2srrc_robots/share/ros2srrc_robots/irb1200/meshes/visual/link_5.dae
-- Installing: /home/ubuntu/ros2ws/install/ros2srrc_robots/share/ros2srrc_robots/irb1200/meshes/visual/link_1.dae
-- Installing: /home/ubuntu/ros2ws/install/ros2srrc_robots/share/ros2srrc_robots/irb1200/meshes/visual/link_4.dae
-- Installing: /home/ubuntu/ros2ws/install/ros2srrc_robots/share/ros2srrc_robots/irb1200/meshes/visual/link_2.dae
-- Installing: /home/ubuntu/ros2ws/install/ros2srrc_robots/share/ros2srrc_robots/irb1200/meshes/visual/link_3.dae
-- Installing: /home/ubuntu/ros2ws/install/ros2srrc_robots/share/ros2srrc_robots/irb1200/meshes/visual/base_link.dae
-- Installing: /home/ubuntu/ros2ws/install/ros2srrc_robots/share/ros2srrc_robots/irb1200/meshes/visual/link_6.dae
-- Installing: /home/ubuntu/ros2ws/install/ros2srrc_robots/share/ros2srrc_robots/irb1200/urdf
-- Installing: /home/ubuntu/ros2ws/install/ros2srrc_robots/share/ros2srrc_robots/irb1200/urdf/irb1200_ros2control.xacro
-- Installing: /home/ubuntu/ros2ws/install/ros2srrc_robots/share/ros2srrc_robots/irb1200/urdf/irb1200_transmission.xacro
-- Installing: /home/ubuntu/ros2ws/install/ros2srrc_robots/share/ros2srrc_robots/irb1200/urdf/abb_resources
-- Installing: /home/ubuntu/ros2ws/install/ros2srrc_robots/share/ros2srrc_robots/irb1200/urdf/abb_resources/common_materials.xacro
-- Installing: /home/ubuntu/ros2ws/install/ros2srrc_robots/share/ros2srrc_robots/irb1200/urdf/abb_resources/common_colours.xacro
-- Installing: /home/ubuntu/ros2ws/install/ros2srrc_robots/share/ros2srrc_robots/irb1200/urdf/irb1200_macro.urdf.xacro
-- Installing: /home/ubuntu/ros2ws/install/ros2srrc_robots/share/ros2srrc_robots/irb6640
-- Installing: /home/ubuntu/ros2ws/install/ros2srrc_robots/share/ros2srrc_robots/irb6640/config
-- Installing: /home/ubuntu/ros2ws/install/ros2srrc_robots/share/ros2srrc_robots/irb6640/config/controller_moveit2.yaml
-- Installing: /home/ubuntu/ros2ws/install/ros2srrc_robots/share/ros2srrc_robots/irb6640/config/controller.yaml
-- Installing: /home/ubuntu/ros2ws/install/ros2srrc_robots/share/ros2srrc_robots/irb6640/config/joint_limits.yaml
-- Installing: /home/ubuntu/ros2ws/install/ros2srrc_robots/share/ros2srrc_robots/irb6640/config/joint_specifications.yaml
-- Installing: /home/ubuntu/ros2ws/install/ros2srrc_robots/share/ros2srrc_robots/irb6640/config/pilz_cartesian_limits.yaml
-- Installing: /home/ubuntu/ros2ws/install/ros2srrc_robots/share/ros2srrc_robots/irb6640/config/kinematics.yaml
-- Installing: /home/ubuntu/ros2ws/install/ros2srrc_robots/share/ros2srrc_robots/irb6640/meshes
-- Installing: /home/ubuntu/ros2ws/install/ros2srrc_robots/share/ros2srrc_robots/irb6640/meshes/link_5.dae
-- Installing: /home/ubuntu/ros2ws/install/ros2srrc_robots/share/ros2srrc_robots/irb6640/meshes/link_1.dae
-- Installing: /home/ubuntu/ros2ws/install/ros2srrc_robots/share/ros2srrc_robots/irb6640/meshes/link_piston.dae
-- Installing: /home/ubuntu/ros2ws/install/ros2srrc_robots/share/ros2srrc_robots/irb6640/meshes/link_4.dae
-- Installing: /home/ubuntu/ros2ws/install/ros2srrc_robots/share/ros2srrc_robots/irb6640/meshes/link_2.dae
-- Installing: /home/ubuntu/ros2ws/install/ros2srrc_robots/share/ros2srrc_robots/irb6640/meshes/link_3.dae
-- Installing: /home/ubuntu/ros2ws/install/ros2srrc_robots/share/ros2srrc_robots/irb6640/meshes/base_link.dae
-- Installing: /home/ubuntu/ros2ws/install/ros2srrc_robots/share/ros2srrc_robots/irb6640/meshes/link_6.dae
-- Installing: /home/ubuntu/ros2ws/install/ros2srrc_robots/share/ros2srrc_robots/irb6640/meshes/link_cylinder.dae
-- Installing: /home/ubuntu/ros2ws/install/ros2srrc_robots/share/ros2srrc_robots/irb6640/urdf
-- Installing: /home/ubuntu/ros2ws/install/ros2srrc_robots/share/ros2srrc_robots/irb6640/urdf/irb6640_transmission.xacro
-- Installing: /home/ubuntu/ros2ws/install/ros2srrc_robots/share/ros2srrc_robots/irb6640/urdf/irb6640_macro.urdf.xacro
-- Installing: /home/ubuntu/ros2ws/install/ros2srrc_robots/share/ros2srrc_robots/irb6640/urdf/irb6640_ros2control.xacro
-- Installing: /home/ubuntu/ros2ws/install/ros2srrc_robots/share/ros2srrc_robots/ur3
-- Installing: /home/ubuntu/ros2ws/install/ros2srrc_robots/share/ros2srrc_robots/ur3/config
-- Installing: /home/ubuntu/ros2ws/install/ros2srrc_robots/share/ros2srrc_robots/ur3/config/controller_ur.yaml
-- Installing: /home/ubuntu/ros2ws/install/ros2srrc_robots/share/ros2srrc_robots/ur3/config/controller_moveit2.yaml
-- Installing: /home/ubuntu/ros2ws/install/ros2srrc_robots/share/ros2srrc_robots/ur3/config/controller.yaml
-- Installing: /home/ubuntu/ros2ws/install/ros2srrc_robots/share/ros2srrc_robots/ur3/config/joint_limits.yaml
-- Installing: /home/ubuntu/ros2ws/install/ros2srrc_robots/share/ros2srrc_robots/ur3/config/joint_specifications.yaml
-- Installing: /home/ubuntu/ros2ws/install/ros2srrc_robots/share/ros2srrc_robots/ur3/config/pilz_cartesian_limits.yaml
-- Installing: /home/ubuntu/ros2ws/install/ros2srrc_robots/share/ros2srrc_robots/ur3/config/kinematics.yaml
-- Installing: /home/ubuntu/ros2ws/install/ros2srrc_robots/share/ros2srrc_robots/ur3/meshes
-- Installing: /home/ubuntu/ros2ws/install/ros2srrc_robots/share/ros2srrc_robots/ur3/meshes/collision
-- Installing: /home/ubuntu/ros2ws/install/ros2srrc_robots/share/ros2srrc_robots/ur3/meshes/collision/upperarm.stl
-- Installing: /home/ubuntu/ros2ws/install/ros2srrc_robots/share/ros2srrc_robots/ur3/meshes/collision/wrist2.stl
-- Installing: /home/ubuntu/ros2ws/install/ros2srrc_robots/share/ros2srrc_robots/ur3/meshes/collision/wrist3.stl
-- Installing: /home/ubuntu/ros2ws/install/ros2srrc_robots/share/ros2srrc_robots/ur3/meshes/collision/base.stl
-- Installing: /home/ubuntu/ros2ws/install/ros2srrc_robots/share/ros2srrc_robots/ur3/meshes/collision/shoulder.stl
-- Installing: /home/ubuntu/ros2ws/install/ros2srrc_robots/share/ros2srrc_robots/ur3/meshes/collision/wrist1.stl
-- Installing: /home/ubuntu/ros2ws/install/ros2srrc_robots/share/ros2srrc_robots/ur3/meshes/collision/forearm.stl
-- Installing: /home/ubuntu/ros2ws/install/ros2srrc_robots/share/ros2srrc_robots/ur3/meshes/visual
-- Installing: /home/ubuntu/ros2ws/install/ros2srrc_robots/share/ros2srrc_robots/ur3/meshes/visual/wrist2.dae
-- Installing: /home/ubuntu/ros2ws/install/ros2srrc_robots/share/ros2srrc_robots/ur3/meshes/visual/wrist1.dae
-- Installing: /home/ubuntu/ros2ws/install/ros2srrc_robots/share/ros2srrc_robots/ur3/meshes/visual/forearm.dae
-- Installing: /home/ubuntu/ros2ws/install/ros2srrc_robots/share/ros2srrc_robots/ur3/meshes/visual/base.dae
-- Installing: /home/ubuntu/ros2ws/install/ros2srrc_robots/share/ros2srrc_robots/ur3/meshes/visual/wrist3.dae
-- Installing: /home/ubuntu/ros2ws/install/ros2srrc_robots/share/ros2srrc_robots/ur3/meshes/visual/upperarm.dae
-- Installing: /home/ubuntu/ros2ws/install/ros2srrc_robots/share/ros2srrc_robots/ur3/meshes/visual/shoulder.dae
-- Installing: /home/ubuntu/ros2ws/install/ros2srrc_robots/share/ros2srrc_robots/ur3/urdf
-- Installing: /home/ubuntu/ros2ws/install/ros2srrc_robots/share/ros2srrc_robots/ur3/urdf/ur3_common.xacro
-- Installing: /home/ubuntu/ros2ws/install/ros2srrc_robots/share/ros2srrc_robots/ur3/urdf/ur3_transmission.xacro
-- Installing: /home/ubuntu/ros2ws/install/ros2srrc_robots/share/ros2srrc_robots/ur3/urdf/ur3_ros2control.xacro
-- Installing: /home/ubuntu/ros2ws/install/ros2srrc_robots/share/ros2srrc_robots/ur3/urdf/ur3_macro.urdf.xacro
-- Installing: /home/ubuntu/ros2ws/install/ros2srrc_robots/share/ros2srrc_robots/ur5
-- Installing: /home/ubuntu/ros2ws/install/ros2srrc_robots/share/ros2srrc_robots/ur5/config
-- Installing: /home/ubuntu/ros2ws/install/ros2srrc_robots/share/ros2srrc_robots/ur5/config/controller_ur.yaml
-- Installing: /home/ubuntu/ros2ws/install/ros2srrc_robots/share/ros2srrc_robots/ur5/config/controller_moveit2.yaml
-- Installing: /home/ubuntu/ros2ws/install/ros2srrc_robots/share/ros2srrc_robots/ur5/config/controller.yaml
-- Installing: /home/ubuntu/ros2ws/install/ros2srrc_robots/share/ros2srrc_robots/ur5/config/joint_limits.yaml
-- Installing: /home/ubuntu/ros2ws/install/ros2srrc_robots/share/ros2srrc_robots/ur5/config/joint_specifications.yaml
-- Installing: /home/ubuntu/ros2ws/install/ros2srrc_robots/share/ros2srrc_robots/ur5/config/pilz_cartesian_limits.yaml
-- Installing: /home/ubuntu/ros2ws/install/ros2srrc_robots/share/ros2srrc_robots/ur5/config/kinematics.yaml
-- Installing: /home/ubuntu/ros2ws/install/ros2srrc_robots/share/ros2srrc_robots/ur5/meshes
-- Installing: /home/ubuntu/ros2ws/install/ros2srrc_robots/share/ros2srrc_robots/ur5/meshes/collision
-- Installing: /home/ubuntu/ros2ws/install/ros2srrc_robots/share/ros2srrc_robots/ur5/meshes/collision/upperarm.stl
-- Installing: /home/ubuntu/ros2ws/install/ros2srrc_robots/share/ros2srrc_robots/ur5/meshes/collision/wrist2.stl
-- Installing: /home/ubuntu/ros2ws/install/ros2srrc_robots/share/ros2srrc_robots/ur5/meshes/collision/wrist3.stl
-- Installing: /home/ubuntu/ros2ws/install/ros2srrc_robots/share/ros2srrc_robots/ur5/meshes/collision/base.stl
-- Installing: /home/ubuntu/ros2ws/install/ros2srrc_robots/share/ros2srrc_robots/ur5/meshes/collision/shoulder.stl
-- Installing: /home/ubuntu/ros2ws/install/ros2srrc_robots/share/ros2srrc_robots/ur5/meshes/collision/wrist1.stl
-- Installing: /home/ubuntu/ros2ws/install/ros2srrc_robots/share/ros2srrc_robots/ur5/meshes/collision/forearm.stl
-- Installing: /home/ubuntu/ros2ws/install/ros2srrc_robots/share/ros2srrc_robots/ur5/meshes/visual
-- Installing: /home/ubuntu/ros2ws/install/ros2srrc_robots/share/ros2srrc_robots/ur5/meshes/visual/wrist2.dae
-- Installing: /home/ubuntu/ros2ws/install/ros2srrc_robots/share/ros2srrc_robots/ur5/meshes/visual/wrist1.dae
-- Installing: /home/ubuntu/ros2ws/install/ros2srrc_robots/share/ros2srrc_robots/ur5/meshes/visual/forearm.dae
-- Installing: /home/ubuntu/ros2ws/install/ros2srrc_robots/share/ros2srrc_robots/ur5/meshes/visual/base.dae
-- Installing: /home/ubuntu/ros2ws/install/ros2srrc_robots/share/ros2srrc_robots/ur5/meshes/visual/wrist3.dae
-- Installing: /home/ubuntu/ros2ws/install/ros2srrc_robots/share/ros2srrc_robots/ur5/meshes/visual/upperarm.dae
-- Installing: /home/ubuntu/ros2ws/install/ros2srrc_robots/share/ros2srrc_robots/ur5/meshes/visual/shoulder.dae
-- Installing: /home/ubuntu/ros2ws/install/ros2srrc_robots/share/ros2srrc_robots/ur5/urdf
-- Installing: /home/ubuntu/ros2ws/install/ros2srrc_robots/share/ros2srrc_robots/ur5/urdf/ur5_ros2control.xacro
-- Installing: /home/ubuntu/ros2ws/install/ros2srrc_robots/share/ros2srrc_robots/ur5/urdf/ur5_transmission.xacro
-- Installing: /home/ubuntu/ros2ws/install/ros2srrc_robots/share/ros2srrc_robots/ur5/urdf/ur5_common.xacro
-- Installing: /home/ubuntu/ros2ws/install/ros2srrc_robots/share/ros2srrc_robots/ur5/urdf/ur5_macro.urdf.xacro
-- Installing: /home/ubuntu/ros2ws/install/ros2srrc_robots/share/ros2srrc_robots/ur10e
-- Installing: /home/ubuntu/ros2ws/install/ros2srrc_robots/share/ros2srrc_robots/ur10e/config
-- Installing: /home/ubuntu/ros2ws/install/ros2srrc_robots/share/ros2srrc_robots/ur10e/config/controller_ur.yaml
-- Installing: /home/ubuntu/ros2ws/install/ros2srrc_robots/share/ros2srrc_robots/ur10e/config/controller_moveit2.yaml
-- Installing: /home/ubuntu/ros2ws/install/ros2srrc_robots/share/ros2srrc_robots/ur10e/config/controller.yaml
-- Installing: /home/ubuntu/ros2ws/install/ros2srrc_robots/share/ros2srrc_robots/ur10e/config/joint_limits.yaml
-- Installing: /home/ubuntu/ros2ws/install/ros2srrc_robots/share/ros2srrc_robots/ur10e/config/joint_specifications.yaml
-- Installing: /home/ubuntu/ros2ws/install/ros2srrc_robots/share/ros2srrc_robots/ur10e/config/pilz_cartesian_limits.yaml
-- Installing: /home/ubuntu/ros2ws/install/ros2srrc_robots/share/ros2srrc_robots/ur10e/config/kinematics.yaml
-- Installing: /home/ubuntu/ros2ws/install/ros2srrc_robots/share/ros2srrc_robots/ur10e/meshes
-- Installing: /home/ubuntu/ros2ws/install/ros2srrc_robots/share/ros2srrc_robots/ur10e/meshes/collision
-- Installing: /home/ubuntu/ros2ws/install/ros2srrc_robots/share/ros2srrc_robots/ur10e/meshes/collision/upperarm.stl
-- Installing: /home/ubuntu/ros2ws/install/ros2srrc_robots/share/ros2srrc_robots/ur10e/meshes/collision/wrist2.stl
-- Installing: /home/ubuntu/ros2ws/install/ros2srrc_robots/share/ros2srrc_robots/ur10e/meshes/collision/wrist3.stl
-- Installing: /home/ubuntu/ros2ws/install/ros2srrc_robots/share/ros2srrc_robots/ur10e/meshes/collision/base.stl
-- Installing: /home/ubuntu/ros2ws/install/ros2srrc_robots/share/ros2srrc_robots/ur10e/meshes/collision/shoulder.stl
-- Installing: /home/ubuntu/ros2ws/install/ros2srrc_robots/share/ros2srrc_robots/ur10e/meshes/collision/wrist1.stl
-- Installing: /home/ubuntu/ros2ws/install/ros2srrc_robots/share/ros2srrc_robots/ur10e/meshes/collision/forearm.stl
-- Installing: /home/ubuntu/ros2ws/install/ros2srrc_robots/share/ros2srrc_robots/ur10e/meshes/visual
-- Installing: /home/ubuntu/ros2ws/install/ros2srrc_robots/share/ros2srrc_robots/ur10e/meshes/visual/wrist2.dae
-- Installing: /home/ubuntu/ros2ws/install/ros2srrc_robots/share/ros2srrc_robots/ur10e/meshes/visual/wrist1.dae
-- Installing: /home/ubuntu/ros2ws/install/ros2srrc_robots/share/ros2srrc_robots/ur10e/meshes/visual/forearm.dae
-- Installing: /home/ubuntu/ros2ws/install/ros2srrc_robots/share/ros2srrc_robots/ur10e/meshes/visual/base.dae
-- Installing: /home/ubuntu/ros2ws/install/ros2srrc_robots/share/ros2srrc_robots/ur10e/meshes/visual/wrist3.dae
-- Installing: /home/ubuntu/ros2ws/install/ros2srrc_robots/share/ros2srrc_robots/ur10e/meshes/visual/upperarm.dae
-- Installing: /home/ubuntu/ros2ws/install/ros2srrc_robots/share/ros2srrc_robots/ur10e/meshes/visual/shoulder.dae
-- Installing: /home/ubuntu/ros2ws/install/ros2srrc_robots/share/ros2srrc_robots/ur10e/urdf
-- Installing: /home/ubuntu/ros2ws/install/ros2srrc_robots/share/ros2srrc_robots/ur10e/urdf/ur10e_macro.urdf.xacro
-- Installing: /home/ubuntu/ros2ws/install/ros2srrc_robots/share/ros2srrc_robots/ur10e/urdf/ur10e_common.xacro
-- Installing: /home/ubuntu/ros2ws/install/ros2srrc_robots/share/ros2srrc_robots/ur10e/urdf/ur10e_ros2control.xacro
-- Installing: /home/ubuntu/ros2ws/install/ros2srrc_robots/share/ros2srrc_robots/ur10e/urdf/ur10e_transmission.xacro
-- Installing: /home/ubuntu/ros2ws/install/ros2srrc_robots/share/ros2srrc_robots/ur16e
-- Installing: /home/ubuntu/ros2ws/install/ros2srrc_robots/share/ros2srrc_robots/ur16e/config
-- Installing: /home/ubuntu/ros2ws/install/ros2srrc_robots/share/ros2srrc_robots/ur16e/config/controller_ur.yaml
-- Installing: /home/ubuntu/ros2ws/install/ros2srrc_robots/share/ros2srrc_robots/ur16e/config/controller_moveit2.yaml
-- Installing: /home/ubuntu/ros2ws/install/ros2srrc_robots/share/ros2srrc_robots/ur16e/config/controller.yaml
-- Installing: /home/ubuntu/ros2ws/install/ros2srrc_robots/share/ros2srrc_robots/ur16e/config/joint_limits.yaml
-- Installing: /home/ubuntu/ros2ws/install/ros2srrc_robots/share/ros2srrc_robots/ur16e/config/joint_specifications.yaml
-- Installing: /home/ubuntu/ros2ws/install/ros2srrc_robots/share/ros2srrc_robots/ur16e/config/pilz_cartesian_limits.yaml
-- Installing: /home/ubuntu/ros2ws/install/ros2srrc_robots/share/ros2srrc_robots/ur16e/config/kinematics.yaml
-- Installing: /home/ubuntu/ros2ws/install/ros2srrc_robots/share/ros2srrc_robots/ur16e/meshes
-- Installing: /home/ubuntu/ros2ws/install/ros2srrc_robots/share/ros2srrc_robots/ur16e/meshes/collision
-- Installing: /home/ubuntu/ros2ws/install/ros2srrc_robots/share/ros2srrc_robots/ur16e/meshes/collision/upperarm.stl
-- Installing: /home/ubuntu/ros2ws/install/ros2srrc_robots/share/ros2srrc_robots/ur16e/meshes/collision/wrist2.stl
-- Installing: /home/ubuntu/ros2ws/install/ros2srrc_robots/share/ros2srrc_robots/ur16e/meshes/collision/wrist3.stl
-- Installing: /home/ubuntu/ros2ws/install/ros2srrc_robots/share/ros2srrc_robots/ur16e/meshes/collision/base.stl
-- Installing: /home/ubuntu/ros2ws/install/ros2srrc_robots/share/ros2srrc_robots/ur16e/meshes/collision/shoulder.stl
-- Installing: /home/ubuntu/ros2ws/install/ros2srrc_robots/share/ros2srrc_robots/ur16e/meshes/collision/wrist1.stl
-- Installing: /home/ubuntu/ros2ws/install/ros2srrc_robots/share/ros2srrc_robots/ur16e/meshes/collision/forearm.stl
-- Installing: /home/ubuntu/ros2ws/install/ros2srrc_robots/share/ros2srrc_robots/ur16e/meshes/visual
-- Installing: /home/ubuntu/ros2ws/install/ros2srrc_robots/share/ros2srrc_robots/ur16e/meshes/visual/wrist2.dae
-- Installing: /home/ubuntu/ros2ws/install/ros2srrc_robots/share/ros2srrc_robots/ur16e/meshes/visual/wrist1.dae
-- Installing: /home/ubuntu/ros2ws/install/ros2srrc_robots/share/ros2srrc_robots/ur16e/meshes/visual/forearm.dae
-- Installing: /home/ubuntu/ros2ws/install/ros2srrc_robots/share/ros2srrc_robots/ur16e/meshes/visual/base.dae
-- Installing: /home/ubuntu/ros2ws/install/ros2srrc_robots/share/ros2srrc_robots/ur16e/meshes/visual/wrist3.dae
-- Installing: /home/ubuntu/ros2ws/install/ros2srrc_robots/share/ros2srrc_robots/ur16e/meshes/visual/upperarm.dae
-- Installing: /home/ubuntu/ros2ws/install/ros2srrc_robots/share/ros2srrc_robots/ur16e/meshes/visual/shoulder.dae
-- Installing: /home/ubuntu/ros2ws/install/ros2srrc_robots/share/ros2srrc_robots/ur16e/urdf
-- Installing: /home/ubuntu/ros2ws/install/ros2srrc_robots/share/ros2srrc_robots/ur16e/urdf/ur16e_common.xacro
-- Installing: /home/ubuntu/ros2ws/install/ros2srrc_robots/share/ros2srrc_robots/ur16e/urdf/ur16e_ros2control.xacro
-- Installing: /home/ubuntu/ros2ws/install/ros2srrc_robots/share/ros2srrc_robots/ur16e/urdf/ur16e_transmission.xacro
-- Installing: /home/ubuntu/ros2ws/install/ros2srrc_robots/share/ros2srrc_robots/ur16e/urdf/ur16e_macro.urdf.xacro
-- Installing: /home/ubuntu/ros2ws/install/ros2srrc_robots/share/ros2srrc_robots/iiwa
-- Installing: /home/ubuntu/ros2ws/install/ros2srrc_robots/share/ros2srrc_robots/iiwa/config
-- Installing: /home/ubuntu/ros2ws/install/ros2srrc_robots/share/ros2srrc_robots/iiwa/config/controller_moveit2.yaml
-- Installing: /home/ubuntu/ros2ws/install/ros2srrc_robots/share/ros2srrc_robots/iiwa/config/controller.yaml
-- Installing: /home/ubuntu/ros2ws/install/ros2srrc_robots/share/ros2srrc_robots/iiwa/config/joint_limits.yaml
-- Installing: /home/ubuntu/ros2ws/install/ros2srrc_robots/share/ros2srrc_robots/iiwa/config/joint_specifications.yaml
-- Installing: /home/ubuntu/ros2ws/install/ros2srrc_robots/share/ros2srrc_robots/iiwa/config/pilz_cartesian_limits.yaml
-- Installing: /home/ubuntu/ros2ws/install/ros2srrc_robots/share/ros2srrc_robots/iiwa/config/kinematics.yaml
-- Installing: /home/ubuntu/ros2ws/install/ros2srrc_robots/share/ros2srrc_robots/iiwa/meshes
-- Installing: /home/ubuntu/ros2ws/install/ros2srrc_robots/share/ros2srrc_robots/iiwa/meshes/collision
-- Installing: /home/ubuntu/ros2ws/install/ros2srrc_robots/share/ros2srrc_robots/iiwa/meshes/collision/base_link.stl
-- Installing: /home/ubuntu/ros2ws/install/ros2srrc_robots/share/ros2srrc_robots/iiwa/meshes/collision/link_4.stl
-- Installing: /home/ubuntu/ros2ws/install/ros2srrc_robots/share/ros2srrc_robots/iiwa/meshes/collision/link_2.stl
-- Installing: /home/ubuntu/ros2ws/install/ros2srrc_robots/share/ros2srrc_robots/iiwa/meshes/collision/link_1.stl
-- Installing: /home/ubuntu/ros2ws/install/ros2srrc_robots/share/ros2srrc_robots/iiwa/meshes/collision/link_3.stl
-- Installing: /home/ubuntu/ros2ws/install/ros2srrc_robots/share/ros2srrc_robots/iiwa/meshes/collision/link_5.stl
-- Installing: /home/ubuntu/ros2ws/install/ros2srrc_robots/share/ros2srrc_robots/iiwa/meshes/collision/link_7.stl
-- Installing: /home/ubuntu/ros2ws/install/ros2srrc_robots/share/ros2srrc_robots/iiwa/meshes/collision/link_6.stl
-- Installing: /home/ubuntu/ros2ws/install/ros2srrc_robots/share/ros2srrc_robots/iiwa/meshes/visual
-- Installing: /home/ubuntu/ros2ws/install/ros2srrc_robots/share/ros2srrc_robots/iiwa/meshes/visual/link_5.dae
-- Installing: /home/ubuntu/ros2ws/install/ros2srrc_robots/share/ros2srrc_robots/iiwa/meshes/visual/link_1.dae
-- Installing: /home/ubuntu/ros2ws/install/ros2srrc_robots/share/ros2srrc_robots/iiwa/meshes/visual/link_7.dae
-- Installing: /home/ubuntu/ros2ws/install/ros2srrc_robots/share/ros2srrc_robots/iiwa/meshes/visual/link_4.dae
-- Installing: /home/ubuntu/ros2ws/install/ros2srrc_robots/share/ros2srrc_robots/iiwa/meshes/visual/link_2.dae
-- Installing: /home/ubuntu/ros2ws/install/ros2srrc_robots/share/ros2srrc_robots/iiwa/meshes/visual/link_3.dae
-- Installing: /home/ubuntu/ros2ws/install/ros2srrc_robots/share/ros2srrc_robots/iiwa/meshes/visual/base_link.dae
-- Installing: /home/ubuntu/ros2ws/install/ros2srrc_robots/share/ros2srrc_robots/iiwa/meshes/visual/link_6.dae
-- Installing: /home/ubuntu/ros2ws/install/ros2srrc_robots/share/ros2srrc_robots/iiwa/urdf
-- Installing: /home/ubuntu/ros2ws/install/ros2srrc_robots/share/ros2srrc_robots/iiwa/urdf/iiwa_macro.urdf.xacro
-- Installing: /home/ubuntu/ros2ws/install/ros2srrc_robots/share/ros2srrc_robots/iiwa/urdf/iiwa_ros2control.xacro
-- Installing: /home/ubuntu/ros2ws/install/ros2srrc_robots/share/ros2srrc_robots/iiwa/urdf/iiwa_transmission.xacro
-- Installing: /home/ubuntu/ros2ws/install/ros2srrc_robots/share/ament_index/resource_index/package_run_dependencies/ros2srrc_robots
-- Installing: /home/ubuntu/ros2ws/install/ros2srrc_robots/share/ament_index/resource_index/parent_prefix_path/ros2srrc_robots
-- Installing: /home/ubuntu/ros2ws/install/ros2srrc_robots/share/ros2srrc_robots/environment/ament_prefix_path.sh
-- Installing: /home/ubuntu/ros2ws/install/ros2srrc_robots/share/ros2srrc_robots/environment/ament_prefix_path.dsv
-- Installing: /home/ubuntu/ros2ws/install/ros2srrc_robots/share/ros2srrc_robots/environment/path.sh
-- Installing: /home/ubuntu/ros2ws/install/ros2srrc_robots/share/ros2srrc_robots/environment/path.dsv
-- Installing: /home/ubuntu/ros2ws/install/ros2srrc_robots/share/ros2srrc_robots/local_setup.bash
-- Installing: /home/ubuntu/ros2ws/install/ros2srrc_robots/share/ros2srrc_robots/local_setup.sh
-- Installing: /home/ubuntu/ros2ws/install/ros2srrc_robots/share/ros2srrc_robots/local_setup.zsh
-- Installing: /home/ubuntu/ros2ws/install/ros2srrc_robots/share/ros2srrc_robots/local_setup.dsv
-- Installing: /home/ubuntu/ros2ws/install/ros2srrc_robots/share/ros2srrc_robots/package.dsv
-- Installing: /home/ubuntu/ros2ws/install/ros2srrc_robots/share/ament_index/resource_index/packages/ros2srrc_robots
-- Installing: /home/ubuntu/ros2ws/install/ros2srrc_robots/share/ros2srrc_robots/cmake/ros2srrc_robotsConfig.cmake
-- Installing: /home/ubuntu/ros2ws/install/ros2srrc_robots/share/ros2srrc_robots/cmake/ros2srrc_robotsConfig-version.cmake
-- Installing: /home/ubuntu/ros2ws/install/ros2srrc_robots/share/ros2srrc_robots/package.xml
