[0.029s] Invoking command in '/home/ubuntu/ros2ws/build/abb_hardware_interface': CMAKE_PREFIX_PATH=/home/ubuntu/ros2ws/install/abb_egm_rws_managers:/home/ubuntu/ros2ws/install/abb_librws:/home/ubuntu/ros2ws/install/abb_libegm:/home/ubuntu/ros2ws/install/ros2srrc_ur5_moveit2:/home/ubuntu/ros2ws/install/ros2srrc_ur5_gazebo:/home/ubuntu/ros2ws/install/ros2srrc_ur3_moveit2:/home/ubuntu/ros2ws/install/ros2srrc_ur3_gazebo:/home/ubuntu/ros2ws/install/ros2srrc_ur16e_moveit2:/home/ubuntu/ros2ws/install/ros2srrc_ur16e_gazebo:/home/ubuntu/ros2ws/install/ros2srrc_ur10e_moveit2:/home/ubuntu/ros2ws/install/ros2srrc_ur10e_gazebo:/home/ubuntu/ros2ws/install/ros2srrc_robots:/home/ubuntu/ros2ws/install/ros2srrc_launch:/home/ubuntu/ros2ws/install/ros2srrc_irb6640_moveit2:/home/ubuntu/ros2ws/install/ros2srrc_irb6640_gazebo:/home/ubuntu/ros2ws/install/ros2srrc_irb120_moveit2:/home/ubuntu/ros2ws/install/ros2srrc_irb120_gazebo:/home/ubuntu/ros2ws/install/ros2srrc_irb1200_moveit2:/home/ubuntu/ros2ws/install/ros2srrc_irb1200_gazebo:/home/ubuntu/ros2ws/install/ros2srrc_iiwa_moveit2:/home/ubuntu/ros2ws/install/ros2srrc_iiwa_gazebo:/home/ubuntu/ros2ws/install/ros2srrc_execution:/home/ubuntu/ros2ws/install/ros2srrc_endeffectors:/home/ubuntu/ros2ws/install/ros2srrc_data:/home/ubuntu/ros2ws/install/ros2_linkattacher:/home/ubuntu/ros2ws/install/linkattacher_msgs:/home/ubuntu/ros2ws/install/abb_rws_client:/home/ubuntu/ros2ws/install/abb_ros2:/home/ubuntu/ros2ws/install/abb_robot_msgs:/home/ubuntu/ros2ws/install/abb_resources:/home/ubuntu/ros2ws/install/abb_rapid_sm_addin_msgs:/home/ubuntu/ros2ws/install/abb_rapid_msgs:/home/ubuntu/ros2ws/install/abb_hardware_interface:/home/ubuntu/ros2ws/install/abb_irb4600_support:/home/ubuntu/ros2ws/install/abb_irb1200_5_90_moveit_config:/home/ubuntu/ros2ws/install/abb_irb1200_support:/home/ubuntu/ros2ws/install/abb_egm_msgs:/home/ubuntu/ros2ws/install/abb_bringup:/opt/ros/humble LD_LIBRARY_PATH=/home/ubuntu/ros2ws/install/abb_egm_rws_managers/lib:/home/ubuntu/ros2ws/install/abb_librws/lib:/home/ubuntu/ros2ws/install/abb_libegm/lib:/home/ubuntu/ros2ws/install/ros2srrc_data/lib:/home/ubuntu/ros2ws/install/ros2_linkattacher/lib:/home/ubuntu/ros2ws/install/linkattacher_msgs/lib:/home/ubuntu/ros2ws/install/abb_robot_msgs/lib:/home/ubuntu/ros2ws/install/abb_rapid_sm_addin_msgs/lib:/home/ubuntu/ros2ws/install/abb_rapid_msgs/lib:/home/ubuntu/ros2ws/install/abb_hardware_interface/lib:/home/ubuntu/ros2ws/install/abb_egm_msgs/lib:/usr/lib/x86_64-linux-gnu/gazebo-11/plugins:/opt/ros/humble/opt/rviz_ogre_vendor/lib:/opt/ros/humble/lib/x86_64-linux-gnu:/opt/ros/humble/lib /usr/bin/cmake /home/ubuntu/ros2ws/src/ABBDriver/abb_ros2/abb_hardware_interface -DCMAKE_INSTALL_PREFIX=/home/ubuntu/ros2ws/install/abb_hardware_interface
[0.134s] -- The C compiler identification is GNU 11.4.0
[0.243s] -- The CXX compiler identification is GNU 11.4.0
[0.255s] -- Detecting C compiler ABI info
[0.409s] -- Detecting C compiler ABI info - done
[0.424s] -- Check for working C compiler: /usr/bin/cc - skipped
[0.424s] -- Detecting C compile features
[0.425s] -- Detecting C compile features - done
[0.426s] -- Detecting CXX compiler ABI info
[0.589s] -- Detecting CXX compiler ABI info - done
[0.604s] -- Check for working CXX compiler: /usr/bin/c++ - skipped
[0.605s] -- Detecting CXX compile features
[0.605s] -- Detecting CXX compile features - done
[0.609s] -- Found ament_cmake: 1.3.10 (/opt/ros/humble/share/ament_cmake/cmake)
[0.907s] -- Found Python3: /usr/bin/python3 (found version "3.10.12") found components: Interpreter 
[1.108s] -- Looking for pthread.h
[1.257s] -- Looking for pthread.h - found
[1.257s] -- Performing Test CMAKE_HAVE_LIBC_PTHREAD
[1.412s] -- Performing Test CMAKE_HAVE_LIBC_PTHREAD - Success
[1.414s] -- Found Threads: TRUE  
[1.457s] -- Found Boost: /usr/lib/x86_64-linux-gnu/cmake/Boost-1.74.0/BoostConfig.cmake (found version "1.74.0") found components: regex system thread 
[1.461s] -- Searching for Poco library...
[1.508s] --   Found Poco!
[1.508s] -- components found: Foundation, Net, Util, XML.
[1.552s] -- Found Protobuf: /usr/lib/x86_64-linux-gnu/libprotobuf.so (found version "3.12.4") 
[1.562s] -- Found hardware_interface: 2.43.1 (/opt/ros/humble/share/hardware_interface/cmake)
[1.653s] -- Found rosidl_generator_c: 3.1.5 (/opt/ros/humble/share/rosidl_generator_c/cmake)
[1.667s] -- Found rosidl_adapter: 3.1.5 (/opt/ros/humble/share/rosidl_adapter/cmake)
[1.697s] -- Found rosidl_generator_cpp: 3.1.5 (/opt/ros/humble/share/rosidl_generator_cpp/cmake)
[1.726s] -- Using all available rosidl_typesupport_c: rosidl_typesupport_fastrtps_c;rosidl_typesupport_introspection_c
[1.770s] -- Using all available rosidl_typesupport_cpp: rosidl_typesupport_fastrtps_cpp;rosidl_typesupport_introspection_cpp
[2.228s] -- Found rmw_implementation_cmake: 6.1.2 (/opt/ros/humble/share/rmw_implementation_cmake/cmake)
[2.238s] -- Found rmw_cyclonedds_cpp: 1.3.4 (/opt/ros/humble/share/rmw_cyclonedds_cpp/cmake)
[2.298s] -- Using RMW implementation 'rmw_cyclonedds_cpp' as default
[2.469s] -- Found ament_lint_auto: 0.12.11 (/opt/ros/humble/share/ament_lint_auto/cmake)
[2.636s] -- Configuring done
[2.713s] -- Generating done
[2.715s] -- Build files have been written to: /home/ubuntu/ros2ws/build/abb_hardware_interface
[2.731s] Invoked command in '/home/ubuntu/ros2ws/build/abb_hardware_interface' returned '0': CMAKE_PREFIX_PATH=/home/ubuntu/ros2ws/install/abb_egm_rws_managers:/home/ubuntu/ros2ws/install/abb_librws:/home/ubuntu/ros2ws/install/abb_libegm:/home/ubuntu/ros2ws/install/ros2srrc_ur5_moveit2:/home/ubuntu/ros2ws/install/ros2srrc_ur5_gazebo:/home/ubuntu/ros2ws/install/ros2srrc_ur3_moveit2:/home/ubuntu/ros2ws/install/ros2srrc_ur3_gazebo:/home/ubuntu/ros2ws/install/ros2srrc_ur16e_moveit2:/home/ubuntu/ros2ws/install/ros2srrc_ur16e_gazebo:/home/ubuntu/ros2ws/install/ros2srrc_ur10e_moveit2:/home/ubuntu/ros2ws/install/ros2srrc_ur10e_gazebo:/home/ubuntu/ros2ws/install/ros2srrc_robots:/home/ubuntu/ros2ws/install/ros2srrc_launch:/home/ubuntu/ros2ws/install/ros2srrc_irb6640_moveit2:/home/ubuntu/ros2ws/install/ros2srrc_irb6640_gazebo:/home/ubuntu/ros2ws/install/ros2srrc_irb120_moveit2:/home/ubuntu/ros2ws/install/ros2srrc_irb120_gazebo:/home/ubuntu/ros2ws/install/ros2srrc_irb1200_moveit2:/home/ubuntu/ros2ws/install/ros2srrc_irb1200_gazebo:/home/ubuntu/ros2ws/install/ros2srrc_iiwa_moveit2:/home/ubuntu/ros2ws/install/ros2srrc_iiwa_gazebo:/home/ubuntu/ros2ws/install/ros2srrc_execution:/home/ubuntu/ros2ws/install/ros2srrc_endeffectors:/home/ubuntu/ros2ws/install/ros2srrc_data:/home/ubuntu/ros2ws/install/ros2_linkattacher:/home/ubuntu/ros2ws/install/linkattacher_msgs:/home/ubuntu/ros2ws/install/abb_rws_client:/home/ubuntu/ros2ws/install/abb_ros2:/home/ubuntu/ros2ws/install/abb_robot_msgs:/home/ubuntu/ros2ws/install/abb_resources:/home/ubuntu/ros2ws/install/abb_rapid_sm_addin_msgs:/home/ubuntu/ros2ws/install/abb_rapid_msgs:/home/ubuntu/ros2ws/install/abb_hardware_interface:/home/ubuntu/ros2ws/install/abb_irb4600_support:/home/ubuntu/ros2ws/install/abb_irb1200_5_90_moveit_config:/home/ubuntu/ros2ws/install/abb_irb1200_support:/home/ubuntu/ros2ws/install/abb_egm_msgs:/home/ubuntu/ros2ws/install/abb_bringup:/opt/ros/humble LD_LIBRARY_PATH=/home/ubuntu/ros2ws/install/abb_egm_rws_managers/lib:/home/ubuntu/ros2ws/install/abb_librws/lib:/home/ubuntu/ros2ws/install/abb_libegm/lib:/home/ubuntu/ros2ws/install/ros2srrc_data/lib:/home/ubuntu/ros2ws/install/ros2_linkattacher/lib:/home/ubuntu/ros2ws/install/linkattacher_msgs/lib:/home/ubuntu/ros2ws/install/abb_robot_msgs/lib:/home/ubuntu/ros2ws/install/abb_rapid_sm_addin_msgs/lib:/home/ubuntu/ros2ws/install/abb_rapid_msgs/lib:/home/ubuntu/ros2ws/install/abb_hardware_interface/lib:/home/ubuntu/ros2ws/install/abb_egm_msgs/lib:/usr/lib/x86_64-linux-gnu/gazebo-11/plugins:/opt/ros/humble/opt/rviz_ogre_vendor/lib:/opt/ros/humble/lib/x86_64-linux-gnu:/opt/ros/humble/lib /usr/bin/cmake /home/ubuntu/ros2ws/src/ABBDriver/abb_ros2/abb_hardware_interface -DCMAKE_INSTALL_PREFIX=/home/ubuntu/ros2ws/install/abb_hardware_interface
[2.733s] Invoking command in '/home/ubuntu/ros2ws/build/abb_hardware_interface': CMAKE_PREFIX_PATH=/home/ubuntu/ros2ws/install/abb_egm_rws_managers:/home/ubuntu/ros2ws/install/abb_librws:/home/ubuntu/ros2ws/install/abb_libegm:/home/ubuntu/ros2ws/install/ros2srrc_ur5_moveit2:/home/ubuntu/ros2ws/install/ros2srrc_ur5_gazebo:/home/ubuntu/ros2ws/install/ros2srrc_ur3_moveit2:/home/ubuntu/ros2ws/install/ros2srrc_ur3_gazebo:/home/ubuntu/ros2ws/install/ros2srrc_ur16e_moveit2:/home/ubuntu/ros2ws/install/ros2srrc_ur16e_gazebo:/home/ubuntu/ros2ws/install/ros2srrc_ur10e_moveit2:/home/ubuntu/ros2ws/install/ros2srrc_ur10e_gazebo:/home/ubuntu/ros2ws/install/ros2srrc_robots:/home/ubuntu/ros2ws/install/ros2srrc_launch:/home/ubuntu/ros2ws/install/ros2srrc_irb6640_moveit2:/home/ubuntu/ros2ws/install/ros2srrc_irb6640_gazebo:/home/ubuntu/ros2ws/install/ros2srrc_irb120_moveit2:/home/ubuntu/ros2ws/install/ros2srrc_irb120_gazebo:/home/ubuntu/ros2ws/install/ros2srrc_irb1200_moveit2:/home/ubuntu/ros2ws/install/ros2srrc_irb1200_gazebo:/home/ubuntu/ros2ws/install/ros2srrc_iiwa_moveit2:/home/ubuntu/ros2ws/install/ros2srrc_iiwa_gazebo:/home/ubuntu/ros2ws/install/ros2srrc_execution:/home/ubuntu/ros2ws/install/ros2srrc_endeffectors:/home/ubuntu/ros2ws/install/ros2srrc_data:/home/ubuntu/ros2ws/install/ros2_linkattacher:/home/ubuntu/ros2ws/install/linkattacher_msgs:/home/ubuntu/ros2ws/install/abb_rws_client:/home/ubuntu/ros2ws/install/abb_ros2:/home/ubuntu/ros2ws/install/abb_robot_msgs:/home/ubuntu/ros2ws/install/abb_resources:/home/ubuntu/ros2ws/install/abb_rapid_sm_addin_msgs:/home/ubuntu/ros2ws/install/abb_rapid_msgs:/home/ubuntu/ros2ws/install/abb_hardware_interface:/home/ubuntu/ros2ws/install/abb_irb4600_support:/home/ubuntu/ros2ws/install/abb_irb1200_5_90_moveit_config:/home/ubuntu/ros2ws/install/abb_irb1200_support:/home/ubuntu/ros2ws/install/abb_egm_msgs:/home/ubuntu/ros2ws/install/abb_bringup:/opt/ros/humble LD_LIBRARY_PATH=/home/ubuntu/ros2ws/install/abb_egm_rws_managers/lib:/home/ubuntu/ros2ws/install/abb_librws/lib:/home/ubuntu/ros2ws/install/abb_libegm/lib:/home/ubuntu/ros2ws/install/ros2srrc_data/lib:/home/ubuntu/ros2ws/install/ros2_linkattacher/lib:/home/ubuntu/ros2ws/install/linkattacher_msgs/lib:/home/ubuntu/ros2ws/install/abb_robot_msgs/lib:/home/ubuntu/ros2ws/install/abb_rapid_sm_addin_msgs/lib:/home/ubuntu/ros2ws/install/abb_rapid_msgs/lib:/home/ubuntu/ros2ws/install/abb_hardware_interface/lib:/home/ubuntu/ros2ws/install/abb_egm_msgs/lib:/usr/lib/x86_64-linux-gnu/gazebo-11/plugins:/opt/ros/humble/opt/rviz_ogre_vendor/lib:/opt/ros/humble/lib/x86_64-linux-gnu:/opt/ros/humble/lib /usr/bin/cmake --build /home/ubuntu/ros2ws/build/abb_hardware_interface -- -j4 -l4
[2.846s] [ 33%] [32mBuilding CXX object CMakeFiles/abb_hardware_interface.dir/src/abb_hardware_interface.cpp.o[0m
[17.995s] [ 66%] [32mBuilding CXX object CMakeFiles/abb_hardware_interface.dir/src/utilities.cpp.o[0m
[30.966s] [100%] [32m[1mLinking CXX shared library libabb_hardware_interface.so[0m
[31.786s] [100%] Built target abb_hardware_interface
[31.815s] Invoked command in '/home/ubuntu/ros2ws/build/abb_hardware_interface' returned '0': CMAKE_PREFIX_PATH=/home/ubuntu/ros2ws/install/abb_egm_rws_managers:/home/ubuntu/ros2ws/install/abb_librws:/home/ubuntu/ros2ws/install/abb_libegm:/home/ubuntu/ros2ws/install/ros2srrc_ur5_moveit2:/home/ubuntu/ros2ws/install/ros2srrc_ur5_gazebo:/home/ubuntu/ros2ws/install/ros2srrc_ur3_moveit2:/home/ubuntu/ros2ws/install/ros2srrc_ur3_gazebo:/home/ubuntu/ros2ws/install/ros2srrc_ur16e_moveit2:/home/ubuntu/ros2ws/install/ros2srrc_ur16e_gazebo:/home/ubuntu/ros2ws/install/ros2srrc_ur10e_moveit2:/home/ubuntu/ros2ws/install/ros2srrc_ur10e_gazebo:/home/ubuntu/ros2ws/install/ros2srrc_robots:/home/ubuntu/ros2ws/install/ros2srrc_launch:/home/ubuntu/ros2ws/install/ros2srrc_irb6640_moveit2:/home/ubuntu/ros2ws/install/ros2srrc_irb6640_gazebo:/home/ubuntu/ros2ws/install/ros2srrc_irb120_moveit2:/home/ubuntu/ros2ws/install/ros2srrc_irb120_gazebo:/home/ubuntu/ros2ws/install/ros2srrc_irb1200_moveit2:/home/ubuntu/ros2ws/install/ros2srrc_irb1200_gazebo:/home/ubuntu/ros2ws/install/ros2srrc_iiwa_moveit2:/home/ubuntu/ros2ws/install/ros2srrc_iiwa_gazebo:/home/ubuntu/ros2ws/install/ros2srrc_execution:/home/ubuntu/ros2ws/install/ros2srrc_endeffectors:/home/ubuntu/ros2ws/install/ros2srrc_data:/home/ubuntu/ros2ws/install/ros2_linkattacher:/home/ubuntu/ros2ws/install/linkattacher_msgs:/home/ubuntu/ros2ws/install/abb_rws_client:/home/ubuntu/ros2ws/install/abb_ros2:/home/ubuntu/ros2ws/install/abb_robot_msgs:/home/ubuntu/ros2ws/install/abb_resources:/home/ubuntu/ros2ws/install/abb_rapid_sm_addin_msgs:/home/ubuntu/ros2ws/install/abb_rapid_msgs:/home/ubuntu/ros2ws/install/abb_hardware_interface:/home/ubuntu/ros2ws/install/abb_irb4600_support:/home/ubuntu/ros2ws/install/abb_irb1200_5_90_moveit_config:/home/ubuntu/ros2ws/install/abb_irb1200_support:/home/ubuntu/ros2ws/install/abb_egm_msgs:/home/ubuntu/ros2ws/install/abb_bringup:/opt/ros/humble LD_LIBRARY_PATH=/home/ubuntu/ros2ws/install/abb_egm_rws_managers/lib:/home/ubuntu/ros2ws/install/abb_librws/lib:/home/ubuntu/ros2ws/install/abb_libegm/lib:/home/ubuntu/ros2ws/install/ros2srrc_data/lib:/home/ubuntu/ros2ws/install/ros2_linkattacher/lib:/home/ubuntu/ros2ws/install/linkattacher_msgs/lib:/home/ubuntu/ros2ws/install/abb_robot_msgs/lib:/home/ubuntu/ros2ws/install/abb_rapid_sm_addin_msgs/lib:/home/ubuntu/ros2ws/install/abb_rapid_msgs/lib:/home/ubuntu/ros2ws/install/abb_hardware_interface/lib:/home/ubuntu/ros2ws/install/abb_egm_msgs/lib:/usr/lib/x86_64-linux-gnu/gazebo-11/plugins:/opt/ros/humble/opt/rviz_ogre_vendor/lib:/opt/ros/humble/lib/x86_64-linux-gnu:/opt/ros/humble/lib /usr/bin/cmake --build /home/ubuntu/ros2ws/build/abb_hardware_interface -- -j4 -l4
[31.880s] Invoking command in '/home/ubuntu/ros2ws/build/abb_hardware_interface': CMAKE_PREFIX_PATH=/home/ubuntu/ros2ws/install/abb_egm_rws_managers:/home/ubuntu/ros2ws/install/abb_librws:/home/ubuntu/ros2ws/install/abb_libegm:/home/ubuntu/ros2ws/install/ros2srrc_ur5_moveit2:/home/ubuntu/ros2ws/install/ros2srrc_ur5_gazebo:/home/ubuntu/ros2ws/install/ros2srrc_ur3_moveit2:/home/ubuntu/ros2ws/install/ros2srrc_ur3_gazebo:/home/ubuntu/ros2ws/install/ros2srrc_ur16e_moveit2:/home/ubuntu/ros2ws/install/ros2srrc_ur16e_gazebo:/home/ubuntu/ros2ws/install/ros2srrc_ur10e_moveit2:/home/ubuntu/ros2ws/install/ros2srrc_ur10e_gazebo:/home/ubuntu/ros2ws/install/ros2srrc_robots:/home/ubuntu/ros2ws/install/ros2srrc_launch:/home/ubuntu/ros2ws/install/ros2srrc_irb6640_moveit2:/home/ubuntu/ros2ws/install/ros2srrc_irb6640_gazebo:/home/ubuntu/ros2ws/install/ros2srrc_irb120_moveit2:/home/ubuntu/ros2ws/install/ros2srrc_irb120_gazebo:/home/ubuntu/ros2ws/install/ros2srrc_irb1200_moveit2:/home/ubuntu/ros2ws/install/ros2srrc_irb1200_gazebo:/home/ubuntu/ros2ws/install/ros2srrc_iiwa_moveit2:/home/ubuntu/ros2ws/install/ros2srrc_iiwa_gazebo:/home/ubuntu/ros2ws/install/ros2srrc_execution:/home/ubuntu/ros2ws/install/ros2srrc_endeffectors:/home/ubuntu/ros2ws/install/ros2srrc_data:/home/ubuntu/ros2ws/install/ros2_linkattacher:/home/ubuntu/ros2ws/install/linkattacher_msgs:/home/ubuntu/ros2ws/install/abb_rws_client:/home/ubuntu/ros2ws/install/abb_ros2:/home/ubuntu/ros2ws/install/abb_robot_msgs:/home/ubuntu/ros2ws/install/abb_resources:/home/ubuntu/ros2ws/install/abb_rapid_sm_addin_msgs:/home/ubuntu/ros2ws/install/abb_rapid_msgs:/home/ubuntu/ros2ws/install/abb_hardware_interface:/home/ubuntu/ros2ws/install/abb_irb4600_support:/home/ubuntu/ros2ws/install/abb_irb1200_5_90_moveit_config:/home/ubuntu/ros2ws/install/abb_irb1200_support:/home/ubuntu/ros2ws/install/abb_egm_msgs:/home/ubuntu/ros2ws/install/abb_bringup:/opt/ros/humble LD_LIBRARY_PATH=/home/ubuntu/ros2ws/install/abb_egm_rws_managers/lib:/home/ubuntu/ros2ws/install/abb_librws/lib:/home/ubuntu/ros2ws/install/abb_libegm/lib:/home/ubuntu/ros2ws/install/ros2srrc_data/lib:/home/ubuntu/ros2ws/install/ros2_linkattacher/lib:/home/ubuntu/ros2ws/install/linkattacher_msgs/lib:/home/ubuntu/ros2ws/install/abb_robot_msgs/lib:/home/ubuntu/ros2ws/install/abb_rapid_sm_addin_msgs/lib:/home/ubuntu/ros2ws/install/abb_rapid_msgs/lib:/home/ubuntu/ros2ws/install/abb_hardware_interface/lib:/home/ubuntu/ros2ws/install/abb_egm_msgs/lib:/usr/lib/x86_64-linux-gnu/gazebo-11/plugins:/opt/ros/humble/opt/rviz_ogre_vendor/lib:/opt/ros/humble/lib/x86_64-linux-gnu:/opt/ros/humble/lib /usr/bin/cmake --install /home/ubuntu/ros2ws/build/abb_hardware_interface
[31.908s] -- Install configuration: ""
[31.908s] -- Installing: /home/ubuntu/ros2ws/install/abb_hardware_interface/share/abb_hardware_interface/abb_hardware_interface.xml
[31.909s] -- Installing: /home/ubuntu/ros2ws/install/abb_hardware_interface/lib/libabb_hardware_interface.so
[31.910s] -- Set runtime path of "/home/ubuntu/ros2ws/install/abb_hardware_interface/lib/libabb_hardware_interface.so" to ""
[31.912s] -- Installing: /home/ubuntu/ros2ws/install/abb_hardware_interface/include
[31.912s] -- Installing: /home/ubuntu/ros2ws/install/abb_hardware_interface/include/abb_hardware_interface
[31.912s] -- Installing: /home/ubuntu/ros2ws/install/abb_hardware_interface/include/abb_hardware_interface/utilities.hpp
[31.912s] -- Installing: /home/ubuntu/ros2ws/install/abb_hardware_interface/include/abb_hardware_interface/abb_hardware_interface.hpp
[31.912s] -- Installing: /home/ubuntu/ros2ws/install/abb_hardware_interface/include/abb_hardware_interface/visibility_control.h
[31.914s] -- Installing: /home/ubuntu/ros2ws/install/abb_hardware_interface/share/abb_hardware_interface/environment/library_path.sh
[31.915s] -- Installing: /home/ubuntu/ros2ws/install/abb_hardware_interface/share/abb_hardware_interface/environment/library_path.dsv
[31.916s] -- Installing: /home/ubuntu/ros2ws/install/abb_hardware_interface/share/ament_index/resource_index/package_run_dependencies/abb_hardware_interface
[31.916s] -- Installing: /home/ubuntu/ros2ws/install/abb_hardware_interface/share/ament_index/resource_index/parent_prefix_path/abb_hardware_interface
[31.916s] -- Installing: /home/ubuntu/ros2ws/install/abb_hardware_interface/share/abb_hardware_interface/environment/ament_prefix_path.sh
[31.916s] -- Installing: /home/ubuntu/ros2ws/install/abb_hardware_interface/share/abb_hardware_interface/environment/ament_prefix_path.dsv
[31.916s] -- Installing: /home/ubuntu/ros2ws/install/abb_hardware_interface/share/abb_hardware_interface/environment/path.sh
[31.916s] -- Installing: /home/ubuntu/ros2ws/install/abb_hardware_interface/share/abb_hardware_interface/environment/path.dsv
[31.917s] -- Installing: /home/ubuntu/ros2ws/install/abb_hardware_interface/share/abb_hardware_interface/local_setup.bash
[31.917s] -- Installing: /home/ubuntu/ros2ws/install/abb_hardware_interface/share/abb_hardware_interface/local_setup.sh
[31.917s] -- Installing: /home/ubuntu/ros2ws/install/abb_hardware_interface/share/abb_hardware_interface/local_setup.zsh
[31.917s] -- Installing: /home/ubuntu/ros2ws/install/abb_hardware_interface/share/abb_hardware_interface/local_setup.dsv
[31.917s] -- Installing: /home/ubuntu/ros2ws/install/abb_hardware_interface/share/abb_hardware_interface/package.dsv
[31.920s] -- Installing: /home/ubuntu/ros2ws/install/abb_hardware_interface/share/ament_index/resource_index/packages/abb_hardware_interface
[31.920s] -- Installing: /home/ubuntu/ros2ws/install/abb_hardware_interface/share/ament_index/resource_index/hardware_interface__pluginlib__plugin/abb_hardware_interface
[31.921s] -- Installing: /home/ubuntu/ros2ws/install/abb_hardware_interface/share/abb_hardware_interface/cmake/ament_cmake_export_include_directories-extras.cmake
[31.922s] -- Installing: /home/ubuntu/ros2ws/install/abb_hardware_interface/share/abb_hardware_interface/cmake/ament_cmake_export_libraries-extras.cmake
[31.924s] -- Installing: /home/ubuntu/ros2ws/install/abb_hardware_interface/share/abb_hardware_interface/cmake/ament_cmake_export_dependencies-extras.cmake
[31.924s] -- Installing: /home/ubuntu/ros2ws/install/abb_hardware_interface/share/abb_hardware_interface/cmake/abb_hardware_interfaceConfig.cmake
[31.925s] -- Installing: /home/ubuntu/ros2ws/install/abb_hardware_interface/share/abb_hardware_interface/cmake/abb_hardware_interfaceConfig-version.cmake
[31.925s] -- Installing: /home/ubuntu/ros2ws/install/abb_hardware_interface/share/abb_hardware_interface/package.xml
[31.930s] Invoked command in '/home/ubuntu/ros2ws/build/abb_hardware_interface' returned '0': CMAKE_PREFIX_PATH=/home/ubuntu/ros2ws/install/abb_egm_rws_managers:/home/ubuntu/ros2ws/install/abb_librws:/home/ubuntu/ros2ws/install/abb_libegm:/home/ubuntu/ros2ws/install/ros2srrc_ur5_moveit2:/home/ubuntu/ros2ws/install/ros2srrc_ur5_gazebo:/home/ubuntu/ros2ws/install/ros2srrc_ur3_moveit2:/home/ubuntu/ros2ws/install/ros2srrc_ur3_gazebo:/home/ubuntu/ros2ws/install/ros2srrc_ur16e_moveit2:/home/ubuntu/ros2ws/install/ros2srrc_ur16e_gazebo:/home/ubuntu/ros2ws/install/ros2srrc_ur10e_moveit2:/home/ubuntu/ros2ws/install/ros2srrc_ur10e_gazebo:/home/ubuntu/ros2ws/install/ros2srrc_robots:/home/ubuntu/ros2ws/install/ros2srrc_launch:/home/ubuntu/ros2ws/install/ros2srrc_irb6640_moveit2:/home/ubuntu/ros2ws/install/ros2srrc_irb6640_gazebo:/home/ubuntu/ros2ws/install/ros2srrc_irb120_moveit2:/home/ubuntu/ros2ws/install/ros2srrc_irb120_gazebo:/home/ubuntu/ros2ws/install/ros2srrc_irb1200_moveit2:/home/ubuntu/ros2ws/install/ros2srrc_irb1200_gazebo:/home/ubuntu/ros2ws/install/ros2srrc_iiwa_moveit2:/home/ubuntu/ros2ws/install/ros2srrc_iiwa_gazebo:/home/ubuntu/ros2ws/install/ros2srrc_execution:/home/ubuntu/ros2ws/install/ros2srrc_endeffectors:/home/ubuntu/ros2ws/install/ros2srrc_data:/home/ubuntu/ros2ws/install/ros2_linkattacher:/home/ubuntu/ros2ws/install/linkattacher_msgs:/home/ubuntu/ros2ws/install/abb_rws_client:/home/ubuntu/ros2ws/install/abb_ros2:/home/ubuntu/ros2ws/install/abb_robot_msgs:/home/ubuntu/ros2ws/install/abb_resources:/home/ubuntu/ros2ws/install/abb_rapid_sm_addin_msgs:/home/ubuntu/ros2ws/install/abb_rapid_msgs:/home/ubuntu/ros2ws/install/abb_hardware_interface:/home/ubuntu/ros2ws/install/abb_irb4600_support:/home/ubuntu/ros2ws/install/abb_irb1200_5_90_moveit_config:/home/ubuntu/ros2ws/install/abb_irb1200_support:/home/ubuntu/ros2ws/install/abb_egm_msgs:/home/ubuntu/ros2ws/install/abb_bringup:/opt/ros/humble LD_LIBRARY_PATH=/home/ubuntu/ros2ws/install/abb_egm_rws_managers/lib:/home/ubuntu/ros2ws/install/abb_librws/lib:/home/ubuntu/ros2ws/install/abb_libegm/lib:/home/ubuntu/ros2ws/install/ros2srrc_data/lib:/home/ubuntu/ros2ws/install/ros2_linkattacher/lib:/home/ubuntu/ros2ws/install/linkattacher_msgs/lib:/home/ubuntu/ros2ws/install/abb_robot_msgs/lib:/home/ubuntu/ros2ws/install/abb_rapid_sm_addin_msgs/lib:/home/ubuntu/ros2ws/install/abb_rapid_msgs/lib:/home/ubuntu/ros2ws/install/abb_hardware_interface/lib:/home/ubuntu/ros2ws/install/abb_egm_msgs/lib:/usr/lib/x86_64-linux-gnu/gazebo-11/plugins:/opt/ros/humble/opt/rviz_ogre_vendor/lib:/opt/ros/humble/lib/x86_64-linux-gnu:/opt/ros/humble/lib /usr/bin/cmake --install /home/ubuntu/ros2ws/build/abb_hardware_interface
