[0.050s] Invoking command in '/home/ubuntu/ros2ws/build/abb_ros2': CMAKE_PREFIX_PATH=${CMAKE_PREFIX_PATH}:/opt/ros/humble /usr/bin/cmake /home/ubuntu/ros2ws/src/ABBDriver/abb_ros2/abb_ros2 -DCMAKE_INSTALL_PREFIX=/home/ubuntu/ros2ws/install/abb_ros2
[0.068s] -- Found ament_cmake: 1.3.10 (/opt/ros/humble/share/ament_cmake/cmake)
[0.434s] -- Override CMake install command with custom implementation using symlinks instead of copying resources
[0.457s] -- Found ament_lint_auto: 0.12.11 (/opt/ros/humble/share/ament_lint_auto/cmake)
[0.615s] -- Added test 'copyright' to check source files copyright and LICENSE
[0.619s] -- Added test 'lint_cmake' to check CMake code style
[0.625s] -- Added test 'xmllint' to check XML markup files
[0.625s] -- Configuring done
[0.631s] -- Generating done
[0.631s] -- Build files have been written to: /home/ubuntu/ros2ws/build/abb_ros2
[0.637s] Invoked command in '/home/ubuntu/ros2ws/build/abb_ros2' returned '0': CMAKE_PREFIX_PATH=${CMAKE_PREFIX_PATH}:/opt/ros/humble /usr/bin/cmake /home/ubuntu/ros2ws/src/ABBDriver/abb_ros2/abb_ros2 -DCMAKE_INSTALL_PREFIX=/home/ubuntu/ros2ws/install/abb_ros2
[0.644s] Invoking command in '/home/ubuntu/ros2ws/build/abb_ros2': CMAKE_PREFIX_PATH=${CMAKE_PREFIX_PATH}:/opt/ros/humble /usr/bin/cmake --build /home/ubuntu/ros2ws/build/abb_ros2 -- -j4 -l4
[0.749s] Invoked command in '/home/ubuntu/ros2ws/build/abb_ros2' returned '0': CMAKE_PREFIX_PATH=${CMAKE_PREFIX_PATH}:/opt/ros/humble /usr/bin/cmake --build /home/ubuntu/ros2ws/build/abb_ros2 -- -j4 -l4
[0.850s] Invoking command in '/home/ubuntu/ros2ws/build/abb_ros2': CMAKE_PREFIX_PATH=${CMAKE_PREFIX_PATH}:/opt/ros/humble /usr/bin/cmake --install /home/ubuntu/ros2ws/build/abb_ros2
[0.887s] -- Install configuration: ""
[0.894s] -- Execute custom install script
[0.895s] -- Up-to-date symlink: /home/ubuntu/ros2ws/install/abb_ros2/share/ament_index/resource_index/package_run_dependencies/abb_ros2
[0.899s] -- Up-to-date symlink: /home/ubuntu/ros2ws/install/abb_ros2/share/ament_index/resource_index/parent_prefix_path/abb_ros2
[0.900s] -- Up-to-date symlink: /home/ubuntu/ros2ws/install/abb_ros2/share/abb_ros2/environment/ament_prefix_path.sh
[0.901s] -- Up-to-date symlink: /home/ubuntu/ros2ws/install/abb_ros2/share/abb_ros2/environment/ament_prefix_path.dsv
[0.901s] -- Up-to-date symlink: /home/ubuntu/ros2ws/install/abb_ros2/share/abb_ros2/environment/path.sh
[0.902s] -- Up-to-date symlink: /home/ubuntu/ros2ws/install/abb_ros2/share/abb_ros2/environment/path.dsv
[0.903s] -- Up-to-date symlink: /home/ubuntu/ros2ws/install/abb_ros2/share/abb_ros2/local_setup.bash
[0.903s] -- Up-to-date symlink: /home/ubuntu/ros2ws/install/abb_ros2/share/abb_ros2/local_setup.sh
[0.903s] -- Up-to-date symlink: /home/ubuntu/ros2ws/install/abb_ros2/share/abb_ros2/local_setup.zsh
[0.903s] -- Up-to-date symlink: /home/ubuntu/ros2ws/install/abb_ros2/share/abb_ros2/local_setup.dsv
[0.903s] -- Symlinking: /home/ubuntu/ros2ws/install/abb_ros2/share/abb_ros2/package.dsv
[0.924s] -- Up-to-date symlink: /home/ubuntu/ros2ws/install/abb_ros2/share/ament_index/resource_index/packages/abb_ros2
[0.927s] -- Up-to-date symlink: /home/ubuntu/ros2ws/install/abb_ros2/share/abb_ros2/cmake/abb_ros2Config.cmake
[0.927s] -- Up-to-date symlink: /home/ubuntu/ros2ws/install/abb_ros2/share/abb_ros2/cmake/abb_ros2Config-version.cmake
[0.927s] -- Up-to-date symlink: /home/ubuntu/ros2ws/install/abb_ros2/share/abb_ros2/package.xml
[0.933s] Invoked command in '/home/ubuntu/ros2ws/build/abb_ros2' returned '0': CMAKE_PREFIX_PATH=${CMAKE_PREFIX_PATH}:/opt/ros/humble /usr/bin/cmake --install /home/ubuntu/ros2ws/build/abb_ros2
