[0.058s] Invoking command in '/home/ubuntu/ros2ws/build/abb_ros2': CMAKE_PREFIX_PATH=${CMAKE_PREFIX_PATH}:/opt/ros/humble /usr/bin/cmake /home/ubuntu/ros2ws/src/ABBDriver/abb_ros2/abb_ros2 -DAMENT_CMAKE_SYMLINK_INSTALL=1 -DCMAKE_INSTALL_PREFIX=/home/ubuntu/ros2ws/install/abb_ros2
[0.122s] -- Found ament_cmake: 1.3.10 (/opt/ros/humble/share/ament_cmake/cmake)
[0.474s] -- Override CMake install command with custom implementation using symlinks instead of copying resources
[0.501s] -- Found ament_lint_auto: 0.12.11 (/opt/ros/humble/share/ament_lint_auto/cmake)
[0.659s] -- Added test 'copyright' to check source files copyright and LICENSE
[0.661s] -- Added test 'lint_cmake' to check CMake code style
[0.665s] -- Added test 'xmllint' to check XML markup files
[0.675s] -- Configuring done
[0.746s] -- Generating done
[0.751s] -- Build files have been written to: /home/ubuntu/ros2ws/build/abb_ros2
[0.762s] Invoked command in '/home/ubuntu/ros2ws/build/abb_ros2' returned '0': CMAKE_PREFIX_PATH=${CMAKE_PREFIX_PATH}:/opt/ros/humble /usr/bin/cmake /home/ubuntu/ros2ws/src/ABBDriver/abb_ros2/abb_ros2 -DAMENT_CMAKE_SYMLINK_INSTALL=1 -DCMAKE_INSTALL_PREFIX=/home/ubuntu/ros2ws/install/abb_ros2
[0.762s] Invoking command in '/home/ubuntu/ros2ws/build/abb_ros2': CMAKE_PREFIX_PATH=${CMAKE_PREFIX_PATH}:/opt/ros/humble /usr/bin/cmake --build /home/ubuntu/ros2ws/build/abb_ros2 -- -j4 -l4
[0.887s] Invoked command in '/home/ubuntu/ros2ws/build/abb_ros2' returned '0': CMAKE_PREFIX_PATH=${CMAKE_PREFIX_PATH}:/opt/ros/humble /usr/bin/cmake --build /home/ubuntu/ros2ws/build/abb_ros2 -- -j4 -l4
[0.975s] Invoking command in '/home/ubuntu/ros2ws/build/abb_ros2': CMAKE_PREFIX_PATH=${CMAKE_PREFIX_PATH}:/opt/ros/humble /usr/bin/cmake --install /home/ubuntu/ros2ws/build/abb_ros2
[1.000s] -- Install configuration: ""
[1.000s] -- Execute custom install script
[1.001s] -- Up-to-date symlink: /home/ubuntu/ros2ws/install/abb_ros2/share/ament_index/resource_index/package_run_dependencies/abb_ros2
[1.001s] -- Up-to-date symlink: /home/ubuntu/ros2ws/install/abb_ros2/share/ament_index/resource_index/parent_prefix_path/abb_ros2
[1.001s] -- Up-to-date symlink: /home/ubuntu/ros2ws/install/abb_ros2/share/abb_ros2/environment/ament_prefix_path.sh
[1.001s] -- Up-to-date symlink: /home/ubuntu/ros2ws/install/abb_ros2/share/abb_ros2/environment/ament_prefix_path.dsv
[1.001s] -- Up-to-date symlink: /home/ubuntu/ros2ws/install/abb_ros2/share/abb_ros2/environment/path.sh
[1.001s] -- Up-to-date symlink: /home/ubuntu/ros2ws/install/abb_ros2/share/abb_ros2/environment/path.dsv
[1.001s] -- Up-to-date symlink: /home/ubuntu/ros2ws/install/abb_ros2/share/abb_ros2/local_setup.bash
[1.002s] -- Up-to-date symlink: /home/ubuntu/ros2ws/install/abb_ros2/share/abb_ros2/local_setup.sh
[1.002s] -- Up-to-date symlink: /home/ubuntu/ros2ws/install/abb_ros2/share/abb_ros2/local_setup.zsh
[1.003s] -- Up-to-date symlink: /home/ubuntu/ros2ws/install/abb_ros2/share/abb_ros2/local_setup.dsv
[1.007s] -- Symlinking: /home/ubuntu/ros2ws/install/abb_ros2/share/abb_ros2/package.dsv
[1.033s] -- Up-to-date symlink: /home/ubuntu/ros2ws/install/abb_ros2/share/ament_index/resource_index/packages/abb_ros2
[1.033s] -- Up-to-date symlink: /home/ubuntu/ros2ws/install/abb_ros2/share/abb_ros2/cmake/abb_ros2Config.cmake
[1.033s] -- Up-to-date symlink: /home/ubuntu/ros2ws/install/abb_ros2/share/abb_ros2/cmake/abb_ros2Config-version.cmake
[1.035s] -- Up-to-date symlink: /home/ubuntu/ros2ws/install/abb_ros2/share/abb_ros2/package.xml
[1.038s] Invoked command in '/home/ubuntu/ros2ws/build/abb_ros2' returned '0': CMAKE_PREFIX_PATH=${CMAKE_PREFIX_PATH}:/opt/ros/humble /usr/bin/cmake --install /home/ubuntu/ros2ws/build/abb_ros2
