[0.100s] Invoking command in '/home/ubuntu/ros2ws/build/pilz_industrial_motion_planner': AMENT_PREFIX_PATH=/home/ubuntu/ros2ws/install/moveit_resources_prbt_pg70_support:/home/ubuntu/ros2ws/install/moveit_ros_planning_interface:/home/ubuntu/ros2ws/install/moveit_resources_prbt_moveit_config:/home/ubuntu/ros2ws/install/moveit_ros_move_group:/home/ubuntu/ros2ws/install/moveit_ros_warehouse:/home/ubuntu/ros2ws/install/moveit_planners_ompl:/home/ubuntu/ros2ws/install/moveit_kinematics:/home/ubuntu/ros2ws/install/moveit_ros_planning:/home/ubuntu/ros2ws/install/pilz_industrial_motion_planner_testutils:/home/ubuntu/ros2ws/install/moveit_simple_controller_manager:/home/ubuntu/ros2ws/install/moveit_ros_occupancy_map_monitor:/home/ubuntu/ros2ws/install/moveit_resources_prbt_ikfast_manipulator_plugin:/home/ubuntu/ros2ws/install/moveit_core:/home/ubuntu/ros2ws/install/moveit_resources_panda_moveit_config:/home/ubuntu/ros2ws/install/moveit_resources_fanuc_moveit_config:/home/ubuntu/ros2ws/install/moveit_configs_utils:/home/ubuntu/ros2ws/install/srdfdom:/home/ubuntu/ros2ws/install/moveit_resources_prbt_support:/home/ubuntu/ros2ws/install/moveit_resources_pr2_description:/home/ubuntu/ros2ws/install/moveit_resources_panda_description:/home/ubuntu/ros2ws/install/moveit_resources_fanuc_description:/home/ubuntu/ros2ws/install/moveit_common:/home/ubuntu/ros2ws/install/launch_param_builder:${AMENT_PREFIX_PATH} CMAKE_PREFIX_PATH=/home/ubuntu/ros2ws/install/moveit_resources_prbt_pg70_support:/home/ubuntu/ros2ws/install/moveit_ros_planning_interface:/home/ubuntu/ros2ws/install/moveit_resources_prbt_moveit_config:/home/ubuntu/ros2ws/install/moveit_ros_move_group:/home/ubuntu/ros2ws/install/moveit_ros_warehouse:/home/ubuntu/ros2ws/install/moveit_planners_ompl:/home/ubuntu/ros2ws/install/moveit_kinematics:/home/ubuntu/ros2ws/install/moveit_ros_planning:/home/ubuntu/ros2ws/install/pilz_industrial_motion_planner_testutils:/home/ubuntu/ros2ws/install/moveit_simple_controller_manager:/home/ubuntu/ros2ws/install/moveit_ros_occupancy_map_monitor:/home/ubuntu/ros2ws/install/moveit_resources_prbt_ikfast_manipulator_plugin:/home/ubuntu/ros2ws/install/moveit_core:/home/ubuntu/ros2ws/install/moveit_resources_panda_moveit_config:/home/ubuntu/ros2ws/install/moveit_resources_fanuc_moveit_config:/home/ubuntu/ros2ws/install/srdfdom:/home/ubuntu/ros2ws/install/moveit_resources_prbt_support:/home/ubuntu/ros2ws/install/moveit_resources_pr2_description:/home/ubuntu/ros2ws/install/moveit_resources_panda_description:/home/ubuntu/ros2ws/install/moveit_resources_fanuc_description:/home/ubuntu/ros2ws/install/moveit_common:/home/ubuntu/ros2ws/install/testV2:/home/ubuntu/ros2ws/install/ros2srrc_ur5_moveit2:/home/ubuntu/ros2ws/install/ros2srrc_ur5_gazebo:/home/ubuntu/ros2ws/install/ros2srrc_ur3_moveit2:/home/ubuntu/ros2ws/install/ros2srrc_ur3_gazebo:/home/ubuntu/ros2ws/install/ros2srrc_ur16e_moveit2:/home/ubuntu/ros2ws/install/ros2srrc_ur16e_gazebo:/home/ubuntu/ros2ws/install/ros2srrc_ur10e_moveit2:/home/ubuntu/ros2ws/install/ros2srrc_ur10e_gazebo:/home/ubuntu/ros2ws/install/ros2srrc_robots:/home/ubuntu/ros2ws/install/ros2srrc_launch:/home/ubuntu/ros2ws/install/ros2srrc_irb6640_moveit2:/home/ubuntu/ros2ws/install/ros2srrc_irb6640_gazebo:/home/ubuntu/ros2ws/install/ros2srrc_irb120_moveit2:/home/ubuntu/ros2ws/install/ros2srrc_irb120_gazebo:/home/ubuntu/ros2ws/install/ros2srrc_irb1200_moveit2:/home/ubuntu/ros2ws/install/ros2srrc_irb1200_gazebo:/home/ubuntu/ros2ws/install/ros2srrc_iiwa_moveit2:/home/ubuntu/ros2ws/install/ros2srrc_iiwa_gazebo:/home/ubuntu/ros2ws/install/ros2srrc_execution:/home/ubuntu/ros2ws/install/ros2srrc_endeffectors:/home/ubuntu/ros2ws/install/ros2srrc_data:/home/ubuntu/ros2ws/install/ros2_robotiqgripper:/home/ubuntu/ros2ws/install/ros2_objectpose:/home/ubuntu/ros2ws/install/ros2_linkpose:/home/ubuntu/ros2ws/install/ros2_linkattacher:/home/ubuntu/ros2ws/install/objectpose_msgs:/home/ubuntu/ros2ws/install/objectpose_gazebo:/home/ubuntu/ros2ws/install/linkpose_msgs:/home/ubuntu/ros2ws/install/linkpose_gazebo:/home/ubuntu/ros2ws/install/linkattacher_msgs:/home/ubuntu/ros2ws/install/letter_writer:/home/ubuntu/ros2ws/install/gazebo_ros2_control_demos:/home/ubuntu/ros2ws/install/gazebo_ros2_control:/home/ubuntu/ros2ws/install/abb_rws_client:/home/ubuntu/ros2ws/install/abb_ros2:/home/ubuntu/ros2ws/install/abb_robot_msgs:/home/ubuntu/ros2ws/install/abb_resources:/home/ubuntu/ros2ws/install/abb_rapid_sm_addin_msgs:/home/ubuntu/ros2ws/install/abb_rapid_msgs:/home/ubuntu/ros2ws/install/abb_hardware_interface:/home/ubuntu/ros2ws/install/abb_egm_rws_managers:/home/ubuntu/ros2ws/install/abb_librws:/home/ubuntu/ros2ws/install/abb_libegm:/home/ubuntu/ros2ws/install/abb_irb4600_support:/home/ubuntu/ros2ws/install/abb_irb1200_5_90_moveit_config:/home/ubuntu/ros2ws/install/abb_irb1200_support:/home/ubuntu/ros2ws/install/abb_egm_msgs:/home/ubuntu/ros2ws/install/abb_bringup:/home/ubuntu/ros2ws/install/testV1:/home/ubuntu/ros2ws/install/gui_subscriber:/home/ubuntu/ros2ws/install/robot_letter_writer:/opt/ros/humble LD_LIBRARY_PATH=/home/ubuntu/ros2ws/install/moveit_ros_planning_interface/lib:/home/ubuntu/ros2ws/install/moveit_ros_move_group/lib:/home/ubuntu/ros2ws/install/moveit_ros_warehouse/lib:/home/ubuntu/ros2ws/install/moveit_planners_ompl/lib:/home/ubuntu/ros2ws/install/moveit_kinematics/lib:/home/ubuntu/ros2ws/install/moveit_ros_planning/lib:/home/ubuntu/ros2ws/install/pilz_industrial_motion_planner_testutils/lib:/home/ubuntu/ros2ws/install/moveit_simple_controller_manager/lib:/home/ubuntu/ros2ws/install/moveit_ros_occupancy_map_monitor/lib:/home/ubuntu/ros2ws/install/moveit_resources_prbt_ikfast_manipulator_plugin/lib:/home/ubuntu/ros2ws/install/moveit_core/lib:/home/ubuntu/ros2ws/install/srdfdom/lib:${LD_LIBRARY_PATH} PATH=/home/ubuntu/ros2ws/install/moveit_core/bin:${PATH} PYTHONPATH=/home/ubuntu/ros2ws/install/moveit_configs_utils/lib/python3.10/site-packages:/home/ubuntu/ros2ws/install/srdfdom/local/lib/python3.10/dist-packages:/home/ubuntu/ros2ws/install/launch_param_builder/lib/python3.10/site-packages:${PYTHONPATH} /usr/bin/cmake /home/ubuntu/ros2ws/src/moveit2/moveit_planners/pilz_industrial_motion_planner -DCMAKE_INSTALL_PREFIX=/home/ubuntu/ros2ws/install/pilz_industrial_motion_planner
[0.234s] -- The C compiler identification is GNU 11.4.0
[0.354s] -- The CXX compiler identification is GNU 11.4.0
[0.367s] -- Detecting C compiler ABI info
[0.520s] -- Detecting C compiler ABI info - done
[0.534s] -- Check for working C compiler: /usr/bin/cc - skipped
[0.534s] -- Detecting C compile features
[0.537s] -- Detecting C compile features - done
[0.543s] -- Detecting CXX compiler ABI info
[0.726s] -- Detecting CXX compiler ABI info - done
[0.737s] -- Check for working CXX compiler: /usr/bin/c++ - skipped
[0.737s] -- Detecting CXX compile features
[0.738s] -- Detecting CXX compile features - done
[0.746s] -- Found moveit_common: 2.5.6 (/home/ubuntu/ros2ws/install/moveit_common/share/moveit_common/cmake)
[0.761s] -- Found ament_cmake: 1.3.10 (/opt/ros/humble/share/ament_cmake/cmake)
[1.149s] -- Found Python3: /usr/bin/python3 (found version "3.10.12") found components: Interpreter 
[1.659s] [0mpilz_industrial_motion_planner: You did not request a specific build type: Choosing 'Release' for maximum performance[0m
[1.676s] -- Found eigen3_cmake_module: 0.1.1 (/opt/ros/humble/share/eigen3_cmake_module/cmake)
[1.703s] -- Found Eigen3: TRUE (found version "3.4.0") 
[1.718s] -- Found geometry_msgs: 4.2.4 (/opt/ros/humble/share/geometry_msgs/cmake)
[1.932s] -- Found rosidl_generator_c: 3.1.5 (/opt/ros/humble/share/rosidl_generator_c/cmake)
[1.979s] -- Found rosidl_adapter: 3.1.5 (/opt/ros/humble/share/rosidl_adapter/cmake)
[2.018s] -- Found rosidl_generator_cpp: 3.1.5 (/opt/ros/humble/share/rosidl_generator_cpp/cmake)
[2.069s] -- Using all available rosidl_typesupport_c: rosidl_typesupport_fastrtps_c;rosidl_typesupport_introspection_c
[2.179s] -- Using all available rosidl_typesupport_cpp: rosidl_typesupport_fastrtps_cpp;rosidl_typesupport_introspection_cpp
[2.306s] -- Found moveit_core: 2.5.6 (/home/ubuntu/ros2ws/install/moveit_core/share/moveit_core/cmake)
[2.867s] -- Found Boost: /usr/lib/x86_64-linux-gnu/cmake/Boost-1.74.0/BoostConfig.cmake (found version "1.74.0") found components: chrono date_time filesystem iostreams program_options regex serialization system thread 
[3.083s] -- Found parameter_traits: 0.3.8 (/opt/ros/humble/share/parameter_traits/cmake)
[3.311s] -- Found rmw_implementation_cmake: 6.1.2 (/opt/ros/humble/share/rmw_implementation_cmake/cmake)
[3.337s] -- Found rmw_cyclonedds_cpp: 1.3.4 (/opt/ros/humble/share/rmw_cyclonedds_cpp/cmake)
[3.460s] -- Using RMW implementation 'rmw_cyclonedds_cpp' as default
[3.509s] -- Found Threads: TRUE  
[3.687s] -- Found rclcpp_lifecycle: 16.0.10 (/opt/ros/humble/share/rclcpp_lifecycle/cmake)
[3.772s] -- Found Boost: /usr/lib/x86_64-linux-gnu/cmake/Boost-1.74.0/BoostConfig.cmake (found version "1.74.0") found components: filesystem 
[4.060s] -- library: /usr/lib/x86_64-linux-gnu/libcurl.so
[4.269s] -- Ensuring Eigen3 include directory is part of orocos-kdl CMake target
[5.074s] -- Found moveit_ros_move_group: 2.5.6 (/home/ubuntu/ros2ws/install/moveit_ros_move_group/share/moveit_ros_move_group/cmake)
[5.084s] -- Found Boost: /usr/lib/x86_64-linux-gnu/cmake/Boost-1.74.0/BoostConfig.cmake (found version "1.74.0") found components: system filesystem date_time program_options thread 
[5.155s] -- Found Boost: /usr/lib/x86_64-linux-gnu/cmake/Boost-1.74.0/BoostConfig.cmake (found version "1.74.0") found components: system filesystem date_time program_options thread chrono 
[5.184s] -- Found moveit_ros_planning_interface: 2.5.6 (/home/ubuntu/ros2ws/install/moveit_ros_planning_interface/share/moveit_ros_planning_interface/cmake)
[5.192s] -- Found Boost: /usr/lib/x86_64-linux-gnu/cmake/Boost-1.74.0/BoostConfig.cmake (found version "1.74.0") found components: date_time filesystem program_options system thread 
[5.220s] -- Found Boost: /usr/lib/x86_64-linux-gnu/cmake/Boost-1.74.0/BoostConfig.cmake (found version "1.74.0") found components: thread system filesystem regex date_time program_options 
[5.432s] -- Found tf2_eigen_kdl: 0.25.8 (/opt/ros/humble/share/tf2_eigen_kdl/cmake)
[5.447s] -- Found Boost: /usr/lib/x86_64-linux-gnu/cmake/Boost-1.74.0/BoostConfig.cmake (found version "1.74.0")  
[6.091s] -- Found ament_cmake_gtest: 1.3.10 (/opt/ros/humble/share/ament_cmake_gtest/cmake)
[6.108s] -- Found ament_cmake_gmock: 1.3.10 (/opt/ros/humble/share/ament_cmake_gmock/cmake)
[6.125s] -- Found ros_testing: 0.4.0 (/opt/ros/humble/share/ros_testing/cmake)
[6.139s] -- Found launch_testing_ament_cmake: 1.0.6 (/opt/ros/humble/share/launch_testing_ament_cmake/cmake)
[6.155s] -- Found python_cmake_module: 0.10.0 (/opt/ros/humble/share/python_cmake_module/cmake)
[6.199s] -- Found PythonInterp: /usr/bin/python3 (found suitable version "3.10.12", minimum required is "3.6") 
[6.211s] -- Found PythonLibs: /usr/lib/x86_64-linux-gnu/libpython3.10.so (found suitable version "3.10.12", minimum required is "3.5") 
[6.212s] -- Using PYTHON_EXECUTABLE: /usr/bin/python3
[6.213s] -- Using PYTHON_INCLUDE_DIRS: /usr/include/python3.10
[6.213s] -- Using PYTHON_LIBRARIES: /usr/lib/x86_64-linux-gnu/libpython3.10.so
[6.269s] -- Found PythonExtra: .so  
[6.271s] -- Found moveit_resources_prbt_support: 2.5.6 (/home/ubuntu/ros2ws/install/moveit_resources_prbt_support/share/moveit_resources_prbt_support/cmake)
[6.273s] -- Found moveit_resources_prbt_moveit_config: 2.5.6 (/home/ubuntu/ros2ws/install/moveit_resources_prbt_moveit_config/share/moveit_resources_prbt_moveit_config/cmake)
[6.281s] -- Found Boost: /usr/lib/x86_64-linux-gnu/cmake/Boost-1.74.0/BoostConfig.cmake (found version "1.74.0") found components: thread 
[6.287s] -- Found pilz_industrial_motion_planner_testutils: 2.5.6 (/home/ubuntu/ros2ws/install/pilz_industrial_motion_planner_testutils/share/pilz_industrial_motion_planner_testutils/cmake)
[6.405s] -- Found gtest sources under '/opt/ros/humble/src/gtest_vendor': C++ tests using 'Google Test' will be built
[6.511s] -- Found gmock sources under '/opt/ros/humble/src/gmock_vendor': C++ tests using 'Google Mock' will be built
[6.533s] -- Found ament_lint_auto: 0.12.11 (/opt/ros/humble/share/ament_lint_auto/cmake)
[6.893s] -- Found launch_testing_ament_cmake: 1.0.6 (/opt/ros/humble/share/launch_testing_ament_cmake/cmake)
[6.893s] -- Found python_cmake_module: 0.10.0 (/opt/ros/humble/share/python_cmake_module/cmake)
[6.949s] -- Using PYTHON_EXECUTABLE: /usr/bin/python3
[6.949s] -- Using PYTHON_INCLUDE_DIRS: /usr/include/python3.10
[6.949s] -- Using PYTHON_LIBRARIES: /usr/lib/x86_64-linux-gnu/libpython3.10.so
[6.988s] -- Added test 'cppcheck' to perform static code analysis on C / C++ code
[6.995s] -- Configured cppcheck include dirs: /home/ubuntu/ros2ws/src/moveit2/moveit_planners/pilz_industrial_motion_planner/include
[6.995s] -- Configured cppcheck exclude dirs and/or files: 
[7.002s] -- Added test 'pep257' to check Python code against some of the docstring style conventions in PEP 257
[7.004s] -- Added test 'xmllint' to check XML markup files
[7.013s] -- Configuring done
[10.308s] -- Generating done
[10.325s] -- Build files have been written to: /home/ubuntu/ros2ws/build/pilz_industrial_motion_planner
[10.428s] Invoked command in '/home/ubuntu/ros2ws/build/pilz_industrial_motion_planner' returned '0': AMENT_PREFIX_PATH=/home/ubuntu/ros2ws/install/moveit_resources_prbt_pg70_support:/home/ubuntu/ros2ws/install/moveit_ros_planning_interface:/home/ubuntu/ros2ws/install/moveit_resources_prbt_moveit_config:/home/ubuntu/ros2ws/install/moveit_ros_move_group:/home/ubuntu/ros2ws/install/moveit_ros_warehouse:/home/ubuntu/ros2ws/install/moveit_planners_ompl:/home/ubuntu/ros2ws/install/moveit_kinematics:/home/ubuntu/ros2ws/install/moveit_ros_planning:/home/ubuntu/ros2ws/install/pilz_industrial_motion_planner_testutils:/home/ubuntu/ros2ws/install/moveit_simple_controller_manager:/home/ubuntu/ros2ws/install/moveit_ros_occupancy_map_monitor:/home/ubuntu/ros2ws/install/moveit_resources_prbt_ikfast_manipulator_plugin:/home/ubuntu/ros2ws/install/moveit_core:/home/ubuntu/ros2ws/install/moveit_resources_panda_moveit_config:/home/ubuntu/ros2ws/install/moveit_resources_fanuc_moveit_config:/home/ubuntu/ros2ws/install/moveit_configs_utils:/home/ubuntu/ros2ws/install/srdfdom:/home/ubuntu/ros2ws/install/moveit_resources_prbt_support:/home/ubuntu/ros2ws/install/moveit_resources_pr2_description:/home/ubuntu/ros2ws/install/moveit_resources_panda_description:/home/ubuntu/ros2ws/install/moveit_resources_fanuc_description:/home/ubuntu/ros2ws/install/moveit_common:/home/ubuntu/ros2ws/install/launch_param_builder:${AMENT_PREFIX_PATH} CMAKE_PREFIX_PATH=/home/ubuntu/ros2ws/install/moveit_resources_prbt_pg70_support:/home/ubuntu/ros2ws/install/moveit_ros_planning_interface:/home/ubuntu/ros2ws/install/moveit_resources_prbt_moveit_config:/home/ubuntu/ros2ws/install/moveit_ros_move_group:/home/ubuntu/ros2ws/install/moveit_ros_warehouse:/home/ubuntu/ros2ws/install/moveit_planners_ompl:/home/ubuntu/ros2ws/install/moveit_kinematics:/home/ubuntu/ros2ws/install/moveit_ros_planning:/home/ubuntu/ros2ws/install/pilz_industrial_motion_planner_testutils:/home/ubuntu/ros2ws/install/moveit_simple_controller_manager:/home/ubuntu/ros2ws/install/moveit_ros_occupancy_map_monitor:/home/ubuntu/ros2ws/install/moveit_resources_prbt_ikfast_manipulator_plugin:/home/ubuntu/ros2ws/install/moveit_core:/home/ubuntu/ros2ws/install/moveit_resources_panda_moveit_config:/home/ubuntu/ros2ws/install/moveit_resources_fanuc_moveit_config:/home/ubuntu/ros2ws/install/srdfdom:/home/ubuntu/ros2ws/install/moveit_resources_prbt_support:/home/ubuntu/ros2ws/install/moveit_resources_pr2_description:/home/ubuntu/ros2ws/install/moveit_resources_panda_description:/home/ubuntu/ros2ws/install/moveit_resources_fanuc_description:/home/ubuntu/ros2ws/install/moveit_common:/home/ubuntu/ros2ws/install/testV2:/home/ubuntu/ros2ws/install/ros2srrc_ur5_moveit2:/home/ubuntu/ros2ws/install/ros2srrc_ur5_gazebo:/home/ubuntu/ros2ws/install/ros2srrc_ur3_moveit2:/home/ubuntu/ros2ws/install/ros2srrc_ur3_gazebo:/home/ubuntu/ros2ws/install/ros2srrc_ur16e_moveit2:/home/ubuntu/ros2ws/install/ros2srrc_ur16e_gazebo:/home/ubuntu/ros2ws/install/ros2srrc_ur10e_moveit2:/home/ubuntu/ros2ws/install/ros2srrc_ur10e_gazebo:/home/ubuntu/ros2ws/install/ros2srrc_robots:/home/ubuntu/ros2ws/install/ros2srrc_launch:/home/ubuntu/ros2ws/install/ros2srrc_irb6640_moveit2:/home/ubuntu/ros2ws/install/ros2srrc_irb6640_gazebo:/home/ubuntu/ros2ws/install/ros2srrc_irb120_moveit2:/home/ubuntu/ros2ws/install/ros2srrc_irb120_gazebo:/home/ubuntu/ros2ws/install/ros2srrc_irb1200_moveit2:/home/ubuntu/ros2ws/install/ros2srrc_irb1200_gazebo:/home/ubuntu/ros2ws/install/ros2srrc_iiwa_moveit2:/home/ubuntu/ros2ws/install/ros2srrc_iiwa_gazebo:/home/ubuntu/ros2ws/install/ros2srrc_execution:/home/ubuntu/ros2ws/install/ros2srrc_endeffectors:/home/ubuntu/ros2ws/install/ros2srrc_data:/home/ubuntu/ros2ws/install/ros2_robotiqgripper:/home/ubuntu/ros2ws/install/ros2_objectpose:/home/ubuntu/ros2ws/install/ros2_linkpose:/home/ubuntu/ros2ws/install/ros2_linkattacher:/home/ubuntu/ros2ws/install/objectpose_msgs:/home/ubuntu/ros2ws/install/objectpose_gazebo:/home/ubuntu/ros2ws/install/linkpose_msgs:/home/ubuntu/ros2ws/install/linkpose_gazebo:/home/ubuntu/ros2ws/install/linkattacher_msgs:/home/ubuntu/ros2ws/install/letter_writer:/home/ubuntu/ros2ws/install/gazebo_ros2_control_demos:/home/ubuntu/ros2ws/install/gazebo_ros2_control:/home/ubuntu/ros2ws/install/abb_rws_client:/home/ubuntu/ros2ws/install/abb_ros2:/home/ubuntu/ros2ws/install/abb_robot_msgs:/home/ubuntu/ros2ws/install/abb_resources:/home/ubuntu/ros2ws/install/abb_rapid_sm_addin_msgs:/home/ubuntu/ros2ws/install/abb_rapid_msgs:/home/ubuntu/ros2ws/install/abb_hardware_interface:/home/ubuntu/ros2ws/install/abb_egm_rws_managers:/home/ubuntu/ros2ws/install/abb_librws:/home/ubuntu/ros2ws/install/abb_libegm:/home/ubuntu/ros2ws/install/abb_irb4600_support:/home/ubuntu/ros2ws/install/abb_irb1200_5_90_moveit_config:/home/ubuntu/ros2ws/install/abb_irb1200_support:/home/ubuntu/ros2ws/install/abb_egm_msgs:/home/ubuntu/ros2ws/install/abb_bringup:/home/ubuntu/ros2ws/install/testV1:/home/ubuntu/ros2ws/install/gui_subscriber:/home/ubuntu/ros2ws/install/robot_letter_writer:/opt/ros/humble LD_LIBRARY_PATH=/home/ubuntu/ros2ws/install/moveit_ros_planning_interface/lib:/home/ubuntu/ros2ws/install/moveit_ros_move_group/lib:/home/ubuntu/ros2ws/install/moveit_ros_warehouse/lib:/home/ubuntu/ros2ws/install/moveit_planners_ompl/lib:/home/ubuntu/ros2ws/install/moveit_kinematics/lib:/home/ubuntu/ros2ws/install/moveit_ros_planning/lib:/home/ubuntu/ros2ws/install/pilz_industrial_motion_planner_testutils/lib:/home/ubuntu/ros2ws/install/moveit_simple_controller_manager/lib:/home/ubuntu/ros2ws/install/moveit_ros_occupancy_map_monitor/lib:/home/ubuntu/ros2ws/install/moveit_resources_prbt_ikfast_manipulator_plugin/lib:/home/ubuntu/ros2ws/install/moveit_core/lib:/home/ubuntu/ros2ws/install/srdfdom/lib:${LD_LIBRARY_PATH} PATH=/home/ubuntu/ros2ws/install/moveit_core/bin:${PATH} PYTHONPATH=/home/ubuntu/ros2ws/install/moveit_configs_utils/lib/python3.10/site-packages:/home/ubuntu/ros2ws/install/srdfdom/local/lib/python3.10/dist-packages:/home/ubuntu/ros2ws/install/launch_param_builder/lib/python3.10/site-packages:${PYTHONPATH} /usr/bin/cmake /home/ubuntu/ros2ws/src/moveit2/moveit_planners/pilz_industrial_motion_planner -DCMAKE_INSTALL_PREFIX=/home/ubuntu/ros2ws/install/pilz_industrial_motion_planner
[10.429s] Invoking command in '/home/ubuntu/ros2ws/build/pilz_industrial_motion_planner': AMENT_PREFIX_PATH=/home/ubuntu/ros2ws/install/moveit_resources_prbt_pg70_support:/home/ubuntu/ros2ws/install/moveit_ros_planning_interface:/home/ubuntu/ros2ws/install/moveit_resources_prbt_moveit_config:/home/ubuntu/ros2ws/install/moveit_ros_move_group:/home/ubuntu/ros2ws/install/moveit_ros_warehouse:/home/ubuntu/ros2ws/install/moveit_planners_ompl:/home/ubuntu/ros2ws/install/moveit_kinematics:/home/ubuntu/ros2ws/install/moveit_ros_planning:/home/ubuntu/ros2ws/install/pilz_industrial_motion_planner_testutils:/home/ubuntu/ros2ws/install/moveit_simple_controller_manager:/home/ubuntu/ros2ws/install/moveit_ros_occupancy_map_monitor:/home/ubuntu/ros2ws/install/moveit_resources_prbt_ikfast_manipulator_plugin:/home/ubuntu/ros2ws/install/moveit_core:/home/ubuntu/ros2ws/install/moveit_resources_panda_moveit_config:/home/ubuntu/ros2ws/install/moveit_resources_fanuc_moveit_config:/home/ubuntu/ros2ws/install/moveit_configs_utils:/home/ubuntu/ros2ws/install/srdfdom:/home/ubuntu/ros2ws/install/moveit_resources_prbt_support:/home/ubuntu/ros2ws/install/moveit_resources_pr2_description:/home/ubuntu/ros2ws/install/moveit_resources_panda_description:/home/ubuntu/ros2ws/install/moveit_resources_fanuc_description:/home/ubuntu/ros2ws/install/moveit_common:/home/ubuntu/ros2ws/install/launch_param_builder:${AMENT_PREFIX_PATH} CMAKE_PREFIX_PATH=/home/ubuntu/ros2ws/install/moveit_resources_prbt_pg70_support:/home/ubuntu/ros2ws/install/moveit_ros_planning_interface:/home/ubuntu/ros2ws/install/moveit_resources_prbt_moveit_config:/home/ubuntu/ros2ws/install/moveit_ros_move_group:/home/ubuntu/ros2ws/install/moveit_ros_warehouse:/home/ubuntu/ros2ws/install/moveit_planners_ompl:/home/ubuntu/ros2ws/install/moveit_kinematics:/home/ubuntu/ros2ws/install/moveit_ros_planning:/home/ubuntu/ros2ws/install/pilz_industrial_motion_planner_testutils:/home/ubuntu/ros2ws/install/moveit_simple_controller_manager:/home/ubuntu/ros2ws/install/moveit_ros_occupancy_map_monitor:/home/ubuntu/ros2ws/install/moveit_resources_prbt_ikfast_manipulator_plugin:/home/ubuntu/ros2ws/install/moveit_core:/home/ubuntu/ros2ws/install/moveit_resources_panda_moveit_config:/home/ubuntu/ros2ws/install/moveit_resources_fanuc_moveit_config:/home/ubuntu/ros2ws/install/srdfdom:/home/ubuntu/ros2ws/install/moveit_resources_prbt_support:/home/ubuntu/ros2ws/install/moveit_resources_pr2_description:/home/ubuntu/ros2ws/install/moveit_resources_panda_description:/home/ubuntu/ros2ws/install/moveit_resources_fanuc_description:/home/ubuntu/ros2ws/install/moveit_common:/home/ubuntu/ros2ws/install/testV2:/home/ubuntu/ros2ws/install/ros2srrc_ur5_moveit2:/home/ubuntu/ros2ws/install/ros2srrc_ur5_gazebo:/home/ubuntu/ros2ws/install/ros2srrc_ur3_moveit2:/home/ubuntu/ros2ws/install/ros2srrc_ur3_gazebo:/home/ubuntu/ros2ws/install/ros2srrc_ur16e_moveit2:/home/ubuntu/ros2ws/install/ros2srrc_ur16e_gazebo:/home/ubuntu/ros2ws/install/ros2srrc_ur10e_moveit2:/home/ubuntu/ros2ws/install/ros2srrc_ur10e_gazebo:/home/ubuntu/ros2ws/install/ros2srrc_robots:/home/ubuntu/ros2ws/install/ros2srrc_launch:/home/ubuntu/ros2ws/install/ros2srrc_irb6640_moveit2:/home/ubuntu/ros2ws/install/ros2srrc_irb6640_gazebo:/home/ubuntu/ros2ws/install/ros2srrc_irb120_moveit2:/home/ubuntu/ros2ws/install/ros2srrc_irb120_gazebo:/home/ubuntu/ros2ws/install/ros2srrc_irb1200_moveit2:/home/ubuntu/ros2ws/install/ros2srrc_irb1200_gazebo:/home/ubuntu/ros2ws/install/ros2srrc_iiwa_moveit2:/home/ubuntu/ros2ws/install/ros2srrc_iiwa_gazebo:/home/ubuntu/ros2ws/install/ros2srrc_execution:/home/ubuntu/ros2ws/install/ros2srrc_endeffectors:/home/ubuntu/ros2ws/install/ros2srrc_data:/home/ubuntu/ros2ws/install/ros2_robotiqgripper:/home/ubuntu/ros2ws/install/ros2_objectpose:/home/ubuntu/ros2ws/install/ros2_linkpose:/home/ubuntu/ros2ws/install/ros2_linkattacher:/home/ubuntu/ros2ws/install/objectpose_msgs:/home/ubuntu/ros2ws/install/objectpose_gazebo:/home/ubuntu/ros2ws/install/linkpose_msgs:/home/ubuntu/ros2ws/install/linkpose_gazebo:/home/ubuntu/ros2ws/install/linkattacher_msgs:/home/ubuntu/ros2ws/install/letter_writer:/home/ubuntu/ros2ws/install/gazebo_ros2_control_demos:/home/ubuntu/ros2ws/install/gazebo_ros2_control:/home/ubuntu/ros2ws/install/abb_rws_client:/home/ubuntu/ros2ws/install/abb_ros2:/home/ubuntu/ros2ws/install/abb_robot_msgs:/home/ubuntu/ros2ws/install/abb_resources:/home/ubuntu/ros2ws/install/abb_rapid_sm_addin_msgs:/home/ubuntu/ros2ws/install/abb_rapid_msgs:/home/ubuntu/ros2ws/install/abb_hardware_interface:/home/ubuntu/ros2ws/install/abb_egm_rws_managers:/home/ubuntu/ros2ws/install/abb_librws:/home/ubuntu/ros2ws/install/abb_libegm:/home/ubuntu/ros2ws/install/abb_irb4600_support:/home/ubuntu/ros2ws/install/abb_irb1200_5_90_moveit_config:/home/ubuntu/ros2ws/install/abb_irb1200_support:/home/ubuntu/ros2ws/install/abb_egm_msgs:/home/ubuntu/ros2ws/install/abb_bringup:/home/ubuntu/ros2ws/install/testV1:/home/ubuntu/ros2ws/install/gui_subscriber:/home/ubuntu/ros2ws/install/robot_letter_writer:/opt/ros/humble LD_LIBRARY_PATH=/home/ubuntu/ros2ws/install/moveit_ros_planning_interface/lib:/home/ubuntu/ros2ws/install/moveit_ros_move_group/lib:/home/ubuntu/ros2ws/install/moveit_ros_warehouse/lib:/home/ubuntu/ros2ws/install/moveit_planners_ompl/lib:/home/ubuntu/ros2ws/install/moveit_kinematics/lib:/home/ubuntu/ros2ws/install/moveit_ros_planning/lib:/home/ubuntu/ros2ws/install/pilz_industrial_motion_planner_testutils/lib:/home/ubuntu/ros2ws/install/moveit_simple_controller_manager/lib:/home/ubuntu/ros2ws/install/moveit_ros_occupancy_map_monitor/lib:/home/ubuntu/ros2ws/install/moveit_resources_prbt_ikfast_manipulator_plugin/lib:/home/ubuntu/ros2ws/install/moveit_core/lib:/home/ubuntu/ros2ws/install/srdfdom/lib:${LD_LIBRARY_PATH} PATH=/home/ubuntu/ros2ws/install/moveit_core/bin:${PATH} PYTHONPATH=/home/ubuntu/ros2ws/install/moveit_configs_utils/lib/python3.10/site-packages:/home/ubuntu/ros2ws/install/srdfdom/local/lib/python3.10/dist-packages:/home/ubuntu/ros2ws/install/launch_param_builder/lib/python3.10/site-packages:${PYTHONPATH} /usr/bin/cmake --build /home/ubuntu/ros2ws/build/pilz_industrial_motion_planner -- -j4 -l4
[10.770s] [  1%] [32mBuilding CXX object CMakeFiles/planning_context_loader_base.dir/src/planning_context_loader.cpp.o[0m
[10.798s] [  2%] [32mBuilding CXX object CMakeFiles/joint_limits_common.dir/src/joint_limits_aggregator.cpp.o[0m
[10.827s] [  3%] [32mBuilding CXX object gtest/CMakeFiles/gtest_main.dir/src/gtest_main.cc.o[0m
[10.850s] [  4%] [32mBuilding CXX object CMakeFiles/trajectory_generation_common.dir/src/trajectory_functions.cpp.o[0m
[16.913s] [  6%] [32m[1mLinking CXX static library libgtest_main.a[0m
[17.442s] [  6%] Built target gtest_main
[17.527s] [  7%] [32mBuilding CXX object CMakeFiles/trajectory_generation_common.dir/src/trajectory_generator.cpp.o[0m
[70.554s] [  8%] [32m[1mLinking CXX shared library libplanning_context_loader_base.so[0m
[77.839s] [  9%] [32mBuilding CXX object CMakeFiles/joint_limits_common.dir/src/joint_limits_container.cpp.o[0m
[85.259s] [ 10%] [32mBuilding CXX object CMakeFiles/joint_limits_common.dir/src/joint_limits_validator.cpp.o[0m
[96.217s] [ 12%] [32mBuilding CXX object CMakeFiles/trajectory_generation_common.dir/src/trajectory_blender_transition_window.cpp.o[0m
[112.296s] [ 13%] [32mBuilding CXX object CMakeFiles/joint_limits_common.dir/src/limits_container.cpp.o[0m
[114.895s] [ 14%] [32mBuilding CXX object CMakeFiles/joint_limits_common.dir/src/cartesian_limit.cpp.o[0m
[115.061s] [ 15%] [32mBuilding CXX object CMakeFiles/joint_limits_common.dir/src/cartesian_limits_aggregator.cpp.o[0m
[128.010s] [ 16%] [32m[1mLinking CXX shared library libjoint_limits_common.so[0m
[128.475s] [ 16%] Built target planning_context_loader_base
[130.945s] [ 16%] Built target joint_limits_common
[134.082s] [ 18%] [32m[1mLinking CXX shared library libtrajectory_generation_common.so[0m
[134.615s] [ 18%] Built target trajectory_generation_common
[134.672s] [ 19%] [32mBuilding CXX object gmock/CMakeFiles/gmock.dir/opt/ros/humble/src/gtest_vendor/src/gtest-all.cc.o[0m
[147.995s] [ 20%] [32mBuilding CXX object gmock/CMakeFiles/gmock.dir/src/gmock-all.cc.o[0m
[153.388s] [ 21%] [32m[1mLinking CXX static library libgmock.a[0m
[153.534s] [ 21%] Built target gmock
[153.594s] [ 22%] [32mBuilding CXX object CMakeFiles/command_list_manager.dir/src/command_list_manager.cpp.o[0m
[173.205s] [ 24%] [32mBuilding CXX object CMakeFiles/command_list_manager.dir/src/plan_components_builder.cpp.o[0m
[186.943s] [ 25%] [32m[1mLinking CXX shared library libcommand_list_manager.so[0m
[187.381s] [ 25%] Built target command_list_manager
[187.444s] [ 26%] [32mBuilding CXX object CMakeFiles/pilz_industrial_motion_planner.dir/src/pilz_industrial_motion_planner.cpp.o[0m
[210.005s] [ 27%] [32m[1mLinking CXX shared library libpilz_industrial_motion_planner.so[0m
[210.458s] [ 27%] Built target pilz_industrial_motion_planner
[210.520s] [ 28%] [32mBuilding CXX object CMakeFiles/planning_context_loader_ptp.dir/src/planning_context_loader_ptp.cpp.o[0m
[224.825s] [ 30%] [32mBuilding CXX object CMakeFiles/planning_context_loader_ptp.dir/src/trajectory_generator_ptp.cpp.o[0m
[242.626s] [ 31%] [32mBuilding CXX object CMakeFiles/planning_context_loader_ptp.dir/src/velocity_profile_atrap.cpp.o[0m
[243.811s] [ 32%] [32m[1mLinking CXX shared library libplanning_context_loader_ptp.so[0m
[244.299s] [ 32%] Built target planning_context_loader_ptp
[244.364s] [ 33%] [32mBuilding CXX object CMakeFiles/planning_context_loader_lin.dir/src/planning_context_loader_lin.cpp.o[0m
[260.146s] [ 34%] [32mBuilding CXX object CMakeFiles/planning_context_loader_lin.dir/src/trajectory_generator_lin.cpp.o[0m
[274.835s] [ 36%] [32mBuilding CXX object CMakeFiles/planning_context_loader_lin.dir/src/velocity_profile_atrap.cpp.o[0m
[275.905s] [ 37%] [32m[1mLinking CXX shared library libplanning_context_loader_lin.so[0m
[276.321s] [ 37%] Built target planning_context_loader_lin
[276.376s] [ 38%] [32mBuilding CXX object CMakeFiles/planning_context_loader_circ.dir/src/planning_context_loader_circ.cpp.o[0m
[289.531s] [ 39%] [32mBuilding CXX object CMakeFiles/planning_context_loader_circ.dir/src/trajectory_generator_circ.cpp.o[0m
[300.437s] [ 40%] [32mBuilding CXX object CMakeFiles/sequence_capability.dir/src/move_group_sequence_action.cpp.o[0m
[302.523s] [ 42%] [32mBuilding CXX object gmock/CMakeFiles/gmock_main.dir/src/gmock_main.cc.o[0m
[304.593s] [ 43%] [32mBuilding CXX object gtest/CMakeFiles/gtest.dir/src/gtest-all.cc.o[0m
[305.931s] [ 44%] [32mBuilding CXX object CMakeFiles/planning_context_loader_circ.dir/src/path_circle_generator.cpp.o[0m
[305.955s] [ 45%] [32m[1mLinking CXX static library libgmock_main.a[0m
[306.261s] [ 45%] Built target gmock_main
[309.417s] [ 46%] [32m[1mLinking CXX shared library libplanning_context_loader_circ.so[0m
[310.070s] [ 46%] Built target planning_context_loader_circ
[318.872s] [ 48%] [32m[1mLinking CXX static library libgtest.a[0m
[319.013s] [ 48%] Built target gtest
[327.710s] [ 49%] [32mBuilding CXX object CMakeFiles/sequence_capability.dir/src/move_group_sequence_service.cpp.o[0m
[334.752s] [ 50%] [32mBuilding CXX object test/unit_tests/CMakeFiles/unittest_pilz_industrial_motion_planner_direct.dir/src/unittest_pilz_industrial_motion_planner_direct.cpp.o[0m
[336.830s] [ 51%] [32mBuilding CXX object test/unit_tests/CMakeFiles/unittest_get_solver_tip_frame.dir/src/unittest_get_solver_tip_frame.cpp.o[0m
[338.906s] [ 53%] [32mBuilding CXX object test/CMakeFiles/pilz_industrial_motion_planner_test_utils.dir/test_utils.cpp.o[0m
[358.208s] [ 54%] [32m[1mLinking CXX executable unittest_get_solver_tip_frame[0m
[359.766s] [ 55%] [32m[1mLinking CXX shared library libsequence_capability.so[0m
[360.900s] [ 55%] Built target sequence_capability
[369.267s] [ 55%] Built target unittest_get_solver_tip_frame
[373.594s] [ 56%] [32m[1mLinking CXX executable unittest_pilz_industrial_motion_planner_direct[0m
[374.190s] [ 56%] Built target unittest_pilz_industrial_motion_planner_direct
[378.836s] [ 57%] [32m[1mLinking CXX static library libpilz_industrial_motion_planner_test_utils.a[0m
[378.967s] [ 57%] Built target pilz_industrial_motion_planner_test_utils
[379.019s] [ 59%] [32mBuilding CXX object test/unit_tests/CMakeFiles/unittest_pilz_industrial_motion_planner.dir/src/unittest_pilz_industrial_motion_planner.cpp.o[0m
[403.840s] [ 60%] [32m[1mLinking CXX executable unittest_pilz_industrial_motion_planner[0m
[404.389s] [ 60%] Built target unittest_pilz_industrial_motion_planner
[404.436s] [ 61%] [32mBuilding CXX object test/unit_tests/CMakeFiles/unittest_joint_limit.dir/src/unittest_joint_limit.cpp.o[0m
[411.812s] [ 62%] [32m[1mLinking CXX executable unittest_joint_limit[0m
[412.319s] [ 62%] Built target unittest_joint_limit
[412.369s] [ 63%] [32mBuilding CXX object test/unit_tests/CMakeFiles/unittest_joint_limits_aggregator.dir/src/unittest_joint_limits_aggregator.cpp.o[0m
[425.455s] [ 65%] [32mBuilding CXX object test/unit_tests/CMakeFiles/unittest_joint_limits_container.dir/src/unittest_joint_limits_container.cpp.o[0m
[426.614s] [ 66%] [32m[1mLinking CXX executable unittest_joint_limits_aggregator[0m
[427.368s] [ 66%] Built target unittest_joint_limits_aggregator
[428.496s] [ 67%] [32mBuilding CXX object test/unit_tests/CMakeFiles/unittest_joint_limits_validator.dir/src/unittest_joint_limits_validator.cpp.o[0m
[429.591s] [ 68%] [32m[1mLinking CXX executable unittest_joint_limits_container[0m
[430.081s] [ 68%] Built target unittest_joint_limits_container
[432.827s] [ 69%] [32m[1mLinking CXX executable unittest_joint_limits_validator[0m
[433.243s] [ 69%] Built target unittest_joint_limits_validator
[433.309s] [ 71%] [32mBuilding CXX object test/unit_tests/CMakeFiles/unittest_cartesian_limits_aggregator.dir/src/unittest_cartesian_limits_aggregator.cpp.o[0m
[440.340s] [ 72%] [32m[1mLinking CXX executable unittest_cartesian_limits_aggregator[0m
[440.859s] [ 72%] Built target unittest_cartesian_limits_aggregator
[440.911s] [ 73%] [32mBuilding CXX object test/unit_tests/CMakeFiles/unittest_planning_context_loaders.dir/src/unittest_planning_context_loaders.cpp.o[0m
[471.984s] [ 74%] [32m[1mLinking CXX executable unittest_planning_context_loaders[0m
[473.148s] [ 74%] Built target unittest_planning_context_loaders
[473.278s] [ 75%] [32mBuilding CXX object test/unit_tests/CMakeFiles/unittest_planning_context.dir/src/unittest_planning_context.cpp.o[0m
[517.847s] [ 77%] [32m[1mLinking CXX executable unittest_planning_context[0m
[519.029s] [ 77%] Built target unittest_planning_context
[519.154s] [ 78%] [32mBuilding CXX object test/unit_tests/CMakeFiles/unittest_trajectory_functions.dir/src/unittest_trajectory_functions.cpp.o[0m
[543.748s] [ 79%] [32m[1mLinking CXX executable unittest_trajectory_functions[0m
[544.359s] [ 79%] Built target unittest_trajectory_functions
[544.411s] [ 80%] [32mBuilding CXX object test/unit_tests/CMakeFiles/unittest_trajectory_blender_transition_window.dir/src/unittest_trajectory_blender_transition_window.cpp.o[0m
[566.771s] [ 81%] [32mBuilding CXX object test/unit_tests/CMakeFiles/unittest_trajectory_blender_transition_window.dir/__/__/src/trajectory_blender_transition_window.cpp.o[0m
[580.386s] [ 83%] [32m[1mLinking CXX executable unittest_trajectory_blender_transition_window[0m
[580.674s] [ 84%] [32mBuilding CXX object test/unit_tests/CMakeFiles/unittest_trajectory_generator_common.dir/src/unittest_trajectory_generator_common.cpp.o[0m
[581.060s] [ 84%] Built target unittest_trajectory_blender_transition_window
[581.108s] [ 85%] [32mBuilding CXX object test/unit_tests/CMakeFiles/unittest_trajectory_generator.dir/src/unittest_trajectory_generator.cpp.o[0m
[583.203s] [ 86%] [32mBuilding CXX object test/unit_tests/CMakeFiles/unittest_trajectory_generator_circ.dir/src/unittest_trajectory_generator_circ.cpp.o[0m
[609.858s] [ 87%] [32mBuilding CXX object test/unit_tests/CMakeFiles/unittest_trajectory_generator.dir/__/__/src/trajectory_generator.cpp.o[0m
[631.946s] [ 89%] [32m[1mLinking CXX executable unittest_trajectory_generator_circ[0m
[633.416s] [ 89%] Built target unittest_trajectory_generator_circ
[637.749s] [ 90%] [32m[1mLinking CXX executable unittest_trajectory_generator_common[0m
[638.909s] [ 90%] Built target unittest_trajectory_generator_common
[641.304s] [ 91%] [32m[1mLinking CXX executable unittest_trajectory_generator[0m
[641.854s] [ 91%] Built target unittest_trajectory_generator
[641.903s] [ 92%] [32mBuilding CXX object test/unit_tests/CMakeFiles/unittest_trajectory_generator_ptp.dir/src/unittest_trajectory_generator_ptp.cpp.o[0m
[660.845s] [ 93%] [32m[1mLinking CXX executable unittest_trajectory_generator_ptp[0m
[661.346s] [ 93%] Built target unittest_trajectory_generator_ptp
[661.395s] [ 95%] [32mBuilding CXX object test/unit_tests/CMakeFiles/unittest_trajectory_generator_lin.dir/src/unittest_trajectory_generator_lin.cpp.o[0m
[678.853s] [ 96%] [32m[1mLinking CXX executable unittest_trajectory_generator_lin[0m
[679.380s] [ 96%] Built target unittest_trajectory_generator_lin
[679.428s] [ 97%] [32mBuilding CXX object test/unit_tests/CMakeFiles/unittest_velocity_profile_atrap.dir/src/unittest_velocity_profile_atrap.cpp.o[0m
[683.641s] [ 98%] [32mBuilding CXX object test/unit_tests/CMakeFiles/unittest_velocity_profile_atrap.dir/__/__/src/velocity_profile_atrap.cpp.o[0m
[684.571s] [100%] [32m[1mLinking CXX executable unittest_velocity_profile_atrap[0m
[689.131s] [100%] Built target unittest_velocity_profile_atrap
[689.156s] Invoked command in '/home/ubuntu/ros2ws/build/pilz_industrial_motion_planner' returned '0': AMENT_PREFIX_PATH=/home/ubuntu/ros2ws/install/moveit_resources_prbt_pg70_support:/home/ubuntu/ros2ws/install/moveit_ros_planning_interface:/home/ubuntu/ros2ws/install/moveit_resources_prbt_moveit_config:/home/ubuntu/ros2ws/install/moveit_ros_move_group:/home/ubuntu/ros2ws/install/moveit_ros_warehouse:/home/ubuntu/ros2ws/install/moveit_planners_ompl:/home/ubuntu/ros2ws/install/moveit_kinematics:/home/ubuntu/ros2ws/install/moveit_ros_planning:/home/ubuntu/ros2ws/install/pilz_industrial_motion_planner_testutils:/home/ubuntu/ros2ws/install/moveit_simple_controller_manager:/home/ubuntu/ros2ws/install/moveit_ros_occupancy_map_monitor:/home/ubuntu/ros2ws/install/moveit_resources_prbt_ikfast_manipulator_plugin:/home/ubuntu/ros2ws/install/moveit_core:/home/ubuntu/ros2ws/install/moveit_resources_panda_moveit_config:/home/ubuntu/ros2ws/install/moveit_resources_fanuc_moveit_config:/home/ubuntu/ros2ws/install/moveit_configs_utils:/home/ubuntu/ros2ws/install/srdfdom:/home/ubuntu/ros2ws/install/moveit_resources_prbt_support:/home/ubuntu/ros2ws/install/moveit_resources_pr2_description:/home/ubuntu/ros2ws/install/moveit_resources_panda_description:/home/ubuntu/ros2ws/install/moveit_resources_fanuc_description:/home/ubuntu/ros2ws/install/moveit_common:/home/ubuntu/ros2ws/install/launch_param_builder:${AMENT_PREFIX_PATH} CMAKE_PREFIX_PATH=/home/ubuntu/ros2ws/install/moveit_resources_prbt_pg70_support:/home/ubuntu/ros2ws/install/moveit_ros_planning_interface:/home/ubuntu/ros2ws/install/moveit_resources_prbt_moveit_config:/home/ubuntu/ros2ws/install/moveit_ros_move_group:/home/ubuntu/ros2ws/install/moveit_ros_warehouse:/home/ubuntu/ros2ws/install/moveit_planners_ompl:/home/ubuntu/ros2ws/install/moveit_kinematics:/home/ubuntu/ros2ws/install/moveit_ros_planning:/home/ubuntu/ros2ws/install/pilz_industrial_motion_planner_testutils:/home/ubuntu/ros2ws/install/moveit_simple_controller_manager:/home/ubuntu/ros2ws/install/moveit_ros_occupancy_map_monitor:/home/ubuntu/ros2ws/install/moveit_resources_prbt_ikfast_manipulator_plugin:/home/ubuntu/ros2ws/install/moveit_core:/home/ubuntu/ros2ws/install/moveit_resources_panda_moveit_config:/home/ubuntu/ros2ws/install/moveit_resources_fanuc_moveit_config:/home/ubuntu/ros2ws/install/srdfdom:/home/ubuntu/ros2ws/install/moveit_resources_prbt_support:/home/ubuntu/ros2ws/install/moveit_resources_pr2_description:/home/ubuntu/ros2ws/install/moveit_resources_panda_description:/home/ubuntu/ros2ws/install/moveit_resources_fanuc_description:/home/ubuntu/ros2ws/install/moveit_common:/home/ubuntu/ros2ws/install/testV2:/home/ubuntu/ros2ws/install/ros2srrc_ur5_moveit2:/home/ubuntu/ros2ws/install/ros2srrc_ur5_gazebo:/home/ubuntu/ros2ws/install/ros2srrc_ur3_moveit2:/home/ubuntu/ros2ws/install/ros2srrc_ur3_gazebo:/home/ubuntu/ros2ws/install/ros2srrc_ur16e_moveit2:/home/ubuntu/ros2ws/install/ros2srrc_ur16e_gazebo:/home/ubuntu/ros2ws/install/ros2srrc_ur10e_moveit2:/home/ubuntu/ros2ws/install/ros2srrc_ur10e_gazebo:/home/ubuntu/ros2ws/install/ros2srrc_robots:/home/ubuntu/ros2ws/install/ros2srrc_launch:/home/ubuntu/ros2ws/install/ros2srrc_irb6640_moveit2:/home/ubuntu/ros2ws/install/ros2srrc_irb6640_gazebo:/home/ubuntu/ros2ws/install/ros2srrc_irb120_moveit2:/home/ubuntu/ros2ws/install/ros2srrc_irb120_gazebo:/home/ubuntu/ros2ws/install/ros2srrc_irb1200_moveit2:/home/ubuntu/ros2ws/install/ros2srrc_irb1200_gazebo:/home/ubuntu/ros2ws/install/ros2srrc_iiwa_moveit2:/home/ubuntu/ros2ws/install/ros2srrc_iiwa_gazebo:/home/ubuntu/ros2ws/install/ros2srrc_execution:/home/ubuntu/ros2ws/install/ros2srrc_endeffectors:/home/ubuntu/ros2ws/install/ros2srrc_data:/home/ubuntu/ros2ws/install/ros2_robotiqgripper:/home/ubuntu/ros2ws/install/ros2_objectpose:/home/ubuntu/ros2ws/install/ros2_linkpose:/home/ubuntu/ros2ws/install/ros2_linkattacher:/home/ubuntu/ros2ws/install/objectpose_msgs:/home/ubuntu/ros2ws/install/objectpose_gazebo:/home/ubuntu/ros2ws/install/linkpose_msgs:/home/ubuntu/ros2ws/install/linkpose_gazebo:/home/ubuntu/ros2ws/install/linkattacher_msgs:/home/ubuntu/ros2ws/install/letter_writer:/home/ubuntu/ros2ws/install/gazebo_ros2_control_demos:/home/ubuntu/ros2ws/install/gazebo_ros2_control:/home/ubuntu/ros2ws/install/abb_rws_client:/home/ubuntu/ros2ws/install/abb_ros2:/home/ubuntu/ros2ws/install/abb_robot_msgs:/home/ubuntu/ros2ws/install/abb_resources:/home/ubuntu/ros2ws/install/abb_rapid_sm_addin_msgs:/home/ubuntu/ros2ws/install/abb_rapid_msgs:/home/ubuntu/ros2ws/install/abb_hardware_interface:/home/ubuntu/ros2ws/install/abb_egm_rws_managers:/home/ubuntu/ros2ws/install/abb_librws:/home/ubuntu/ros2ws/install/abb_libegm:/home/ubuntu/ros2ws/install/abb_irb4600_support:/home/ubuntu/ros2ws/install/abb_irb1200_5_90_moveit_config:/home/ubuntu/ros2ws/install/abb_irb1200_support:/home/ubuntu/ros2ws/install/abb_egm_msgs:/home/ubuntu/ros2ws/install/abb_bringup:/home/ubuntu/ros2ws/install/testV1:/home/ubuntu/ros2ws/install/gui_subscriber:/home/ubuntu/ros2ws/install/robot_letter_writer:/opt/ros/humble LD_LIBRARY_PATH=/home/ubuntu/ros2ws/install/moveit_ros_planning_interface/lib:/home/ubuntu/ros2ws/install/moveit_ros_move_group/lib:/home/ubuntu/ros2ws/install/moveit_ros_warehouse/lib:/home/ubuntu/ros2ws/install/moveit_planners_ompl/lib:/home/ubuntu/ros2ws/install/moveit_kinematics/lib:/home/ubuntu/ros2ws/install/moveit_ros_planning/lib:/home/ubuntu/ros2ws/install/pilz_industrial_motion_planner_testutils/lib:/home/ubuntu/ros2ws/install/moveit_simple_controller_manager/lib:/home/ubuntu/ros2ws/install/moveit_ros_occupancy_map_monitor/lib:/home/ubuntu/ros2ws/install/moveit_resources_prbt_ikfast_manipulator_plugin/lib:/home/ubuntu/ros2ws/install/moveit_core/lib:/home/ubuntu/ros2ws/install/srdfdom/lib:${LD_LIBRARY_PATH} PATH=/home/ubuntu/ros2ws/install/moveit_core/bin:${PATH} PYTHONPATH=/home/ubuntu/ros2ws/install/moveit_configs_utils/lib/python3.10/site-packages:/home/ubuntu/ros2ws/install/srdfdom/local/lib/python3.10/dist-packages:/home/ubuntu/ros2ws/install/launch_param_builder/lib/python3.10/site-packages:${PYTHONPATH} /usr/bin/cmake --build /home/ubuntu/ros2ws/build/pilz_industrial_motion_planner -- -j4 -l4
[689.409s] Invoking command in '/home/ubuntu/ros2ws/build/pilz_industrial_motion_planner': AMENT_PREFIX_PATH=/home/ubuntu/ros2ws/install/moveit_resources_prbt_pg70_support:/home/ubuntu/ros2ws/install/moveit_ros_planning_interface:/home/ubuntu/ros2ws/install/moveit_resources_prbt_moveit_config:/home/ubuntu/ros2ws/install/moveit_ros_move_group:/home/ubuntu/ros2ws/install/moveit_ros_warehouse:/home/ubuntu/ros2ws/install/moveit_planners_ompl:/home/ubuntu/ros2ws/install/moveit_kinematics:/home/ubuntu/ros2ws/install/moveit_ros_planning:/home/ubuntu/ros2ws/install/pilz_industrial_motion_planner_testutils:/home/ubuntu/ros2ws/install/moveit_simple_controller_manager:/home/ubuntu/ros2ws/install/moveit_ros_occupancy_map_monitor:/home/ubuntu/ros2ws/install/moveit_resources_prbt_ikfast_manipulator_plugin:/home/ubuntu/ros2ws/install/moveit_core:/home/ubuntu/ros2ws/install/moveit_resources_panda_moveit_config:/home/ubuntu/ros2ws/install/moveit_resources_fanuc_moveit_config:/home/ubuntu/ros2ws/install/moveit_configs_utils:/home/ubuntu/ros2ws/install/srdfdom:/home/ubuntu/ros2ws/install/moveit_resources_prbt_support:/home/ubuntu/ros2ws/install/moveit_resources_pr2_description:/home/ubuntu/ros2ws/install/moveit_resources_panda_description:/home/ubuntu/ros2ws/install/moveit_resources_fanuc_description:/home/ubuntu/ros2ws/install/moveit_common:/home/ubuntu/ros2ws/install/launch_param_builder:${AMENT_PREFIX_PATH} CMAKE_PREFIX_PATH=/home/ubuntu/ros2ws/install/moveit_resources_prbt_pg70_support:/home/ubuntu/ros2ws/install/moveit_ros_planning_interface:/home/ubuntu/ros2ws/install/moveit_resources_prbt_moveit_config:/home/ubuntu/ros2ws/install/moveit_ros_move_group:/home/ubuntu/ros2ws/install/moveit_ros_warehouse:/home/ubuntu/ros2ws/install/moveit_planners_ompl:/home/ubuntu/ros2ws/install/moveit_kinematics:/home/ubuntu/ros2ws/install/moveit_ros_planning:/home/ubuntu/ros2ws/install/pilz_industrial_motion_planner_testutils:/home/ubuntu/ros2ws/install/moveit_simple_controller_manager:/home/ubuntu/ros2ws/install/moveit_ros_occupancy_map_monitor:/home/ubuntu/ros2ws/install/moveit_resources_prbt_ikfast_manipulator_plugin:/home/ubuntu/ros2ws/install/moveit_core:/home/ubuntu/ros2ws/install/moveit_resources_panda_moveit_config:/home/ubuntu/ros2ws/install/moveit_resources_fanuc_moveit_config:/home/ubuntu/ros2ws/install/srdfdom:/home/ubuntu/ros2ws/install/moveit_resources_prbt_support:/home/ubuntu/ros2ws/install/moveit_resources_pr2_description:/home/ubuntu/ros2ws/install/moveit_resources_panda_description:/home/ubuntu/ros2ws/install/moveit_resources_fanuc_description:/home/ubuntu/ros2ws/install/moveit_common:/home/ubuntu/ros2ws/install/testV2:/home/ubuntu/ros2ws/install/ros2srrc_ur5_moveit2:/home/ubuntu/ros2ws/install/ros2srrc_ur5_gazebo:/home/ubuntu/ros2ws/install/ros2srrc_ur3_moveit2:/home/ubuntu/ros2ws/install/ros2srrc_ur3_gazebo:/home/ubuntu/ros2ws/install/ros2srrc_ur16e_moveit2:/home/ubuntu/ros2ws/install/ros2srrc_ur16e_gazebo:/home/ubuntu/ros2ws/install/ros2srrc_ur10e_moveit2:/home/ubuntu/ros2ws/install/ros2srrc_ur10e_gazebo:/home/ubuntu/ros2ws/install/ros2srrc_robots:/home/ubuntu/ros2ws/install/ros2srrc_launch:/home/ubuntu/ros2ws/install/ros2srrc_irb6640_moveit2:/home/ubuntu/ros2ws/install/ros2srrc_irb6640_gazebo:/home/ubuntu/ros2ws/install/ros2srrc_irb120_moveit2:/home/ubuntu/ros2ws/install/ros2srrc_irb120_gazebo:/home/ubuntu/ros2ws/install/ros2srrc_irb1200_moveit2:/home/ubuntu/ros2ws/install/ros2srrc_irb1200_gazebo:/home/ubuntu/ros2ws/install/ros2srrc_iiwa_moveit2:/home/ubuntu/ros2ws/install/ros2srrc_iiwa_gazebo:/home/ubuntu/ros2ws/install/ros2srrc_execution:/home/ubuntu/ros2ws/install/ros2srrc_endeffectors:/home/ubuntu/ros2ws/install/ros2srrc_data:/home/ubuntu/ros2ws/install/ros2_robotiqgripper:/home/ubuntu/ros2ws/install/ros2_objectpose:/home/ubuntu/ros2ws/install/ros2_linkpose:/home/ubuntu/ros2ws/install/ros2_linkattacher:/home/ubuntu/ros2ws/install/objectpose_msgs:/home/ubuntu/ros2ws/install/objectpose_gazebo:/home/ubuntu/ros2ws/install/linkpose_msgs:/home/ubuntu/ros2ws/install/linkpose_gazebo:/home/ubuntu/ros2ws/install/linkattacher_msgs:/home/ubuntu/ros2ws/install/letter_writer:/home/ubuntu/ros2ws/install/gazebo_ros2_control_demos:/home/ubuntu/ros2ws/install/gazebo_ros2_control:/home/ubuntu/ros2ws/install/abb_rws_client:/home/ubuntu/ros2ws/install/abb_ros2:/home/ubuntu/ros2ws/install/abb_robot_msgs:/home/ubuntu/ros2ws/install/abb_resources:/home/ubuntu/ros2ws/install/abb_rapid_sm_addin_msgs:/home/ubuntu/ros2ws/install/abb_rapid_msgs:/home/ubuntu/ros2ws/install/abb_hardware_interface:/home/ubuntu/ros2ws/install/abb_egm_rws_managers:/home/ubuntu/ros2ws/install/abb_librws:/home/ubuntu/ros2ws/install/abb_libegm:/home/ubuntu/ros2ws/install/abb_irb4600_support:/home/ubuntu/ros2ws/install/abb_irb1200_5_90_moveit_config:/home/ubuntu/ros2ws/install/abb_irb1200_support:/home/ubuntu/ros2ws/install/abb_egm_msgs:/home/ubuntu/ros2ws/install/abb_bringup:/home/ubuntu/ros2ws/install/testV1:/home/ubuntu/ros2ws/install/gui_subscriber:/home/ubuntu/ros2ws/install/robot_letter_writer:/opt/ros/humble LD_LIBRARY_PATH=/home/ubuntu/ros2ws/install/moveit_ros_planning_interface/lib:/home/ubuntu/ros2ws/install/moveit_ros_move_group/lib:/home/ubuntu/ros2ws/install/moveit_ros_warehouse/lib:/home/ubuntu/ros2ws/install/moveit_planners_ompl/lib:/home/ubuntu/ros2ws/install/moveit_kinematics/lib:/home/ubuntu/ros2ws/install/moveit_ros_planning/lib:/home/ubuntu/ros2ws/install/pilz_industrial_motion_planner_testutils/lib:/home/ubuntu/ros2ws/install/moveit_simple_controller_manager/lib:/home/ubuntu/ros2ws/install/moveit_ros_occupancy_map_monitor/lib:/home/ubuntu/ros2ws/install/moveit_resources_prbt_ikfast_manipulator_plugin/lib:/home/ubuntu/ros2ws/install/moveit_core/lib:/home/ubuntu/ros2ws/install/srdfdom/lib:${LD_LIBRARY_PATH} PATH=/home/ubuntu/ros2ws/install/moveit_core/bin:${PATH} PYTHONPATH=/home/ubuntu/ros2ws/install/moveit_configs_utils/lib/python3.10/site-packages:/home/ubuntu/ros2ws/install/srdfdom/local/lib/python3.10/dist-packages:/home/ubuntu/ros2ws/install/launch_param_builder/lib/python3.10/site-packages:${PYTHONPATH} /usr/bin/cmake --install /home/ubuntu/ros2ws/build/pilz_industrial_motion_planner
[689.424s] -- Install configuration: "Release"
[689.424s] -- Installing: /home/ubuntu/ros2ws/install/pilz_industrial_motion_planner/share/pilz_industrial_motion_planner/plugins/pilz_industrial_motion_planner_plugin_description.xml
[689.424s] -- Installing: /home/ubuntu/ros2ws/install/pilz_industrial_motion_planner/share/pilz_industrial_motion_planner/plugins/sequence_capability_plugin_description.xml
[689.425s] -- Installing: /home/ubuntu/ros2ws/install/pilz_industrial_motion_planner/share/pilz_industrial_motion_planner/plugins/planning_context_plugin_description.xml
[689.426s] -- Installing: /home/ubuntu/ros2ws/install/pilz_industrial_motion_planner/lib/libpilz_industrial_motion_planner.so
[689.427s] -- Set runtime path of "/home/ubuntu/ros2ws/install/pilz_industrial_motion_planner/lib/libpilz_industrial_motion_planner.so" to ""
[689.427s] -- Installing: /home/ubuntu/ros2ws/install/pilz_industrial_motion_planner/lib/libjoint_limits_common.so
[689.427s] -- Set runtime path of "/home/ubuntu/ros2ws/install/pilz_industrial_motion_planner/lib/libjoint_limits_common.so" to ""
[689.428s] -- Installing: /home/ubuntu/ros2ws/install/pilz_industrial_motion_planner/lib/libplanning_context_loader_base.so
[689.428s] -- Set runtime path of "/home/ubuntu/ros2ws/install/pilz_industrial_motion_planner/lib/libplanning_context_loader_base.so" to ""
[689.428s] -- Installing: /home/ubuntu/ros2ws/install/pilz_industrial_motion_planner/lib/libplanning_context_loader_ptp.so
[689.429s] -- Set runtime path of "/home/ubuntu/ros2ws/install/pilz_industrial_motion_planner/lib/libplanning_context_loader_ptp.so" to ""
[689.429s] -- Installing: /home/ubuntu/ros2ws/install/pilz_industrial_motion_planner/lib/libplanning_context_loader_lin.so
[689.430s] -- Set runtime path of "/home/ubuntu/ros2ws/install/pilz_industrial_motion_planner/lib/libplanning_context_loader_lin.so" to ""
[689.430s] -- Installing: /home/ubuntu/ros2ws/install/pilz_industrial_motion_planner/lib/libplanning_context_loader_circ.so
[689.431s] -- Set runtime path of "/home/ubuntu/ros2ws/install/pilz_industrial_motion_planner/lib/libplanning_context_loader_circ.so" to ""
[689.431s] -- Installing: /home/ubuntu/ros2ws/install/pilz_industrial_motion_planner/lib/libcommand_list_manager.so
[689.433s] -- Set runtime path of "/home/ubuntu/ros2ws/install/pilz_industrial_motion_planner/lib/libcommand_list_manager.so" to ""
[689.433s] -- Installing: /home/ubuntu/ros2ws/install/pilz_industrial_motion_planner/lib/libsequence_capability.so
[689.434s] -- Set runtime path of "/home/ubuntu/ros2ws/install/pilz_industrial_motion_planner/lib/libsequence_capability.so" to ""
[689.434s] -- Installing: /home/ubuntu/ros2ws/install/pilz_industrial_motion_planner/lib/libtrajectory_generation_common.so
[689.435s] -- Set runtime path of "/home/ubuntu/ros2ws/install/pilz_industrial_motion_planner/lib/libtrajectory_generation_common.so" to ""
[689.436s] -- Installing: /home/ubuntu/ros2ws/install/pilz_industrial_motion_planner/include
[689.436s] -- Installing: /home/ubuntu/ros2ws/install/pilz_industrial_motion_planner/include/pilz_industrial_motion_planner
[689.436s] -- Installing: /home/ubuntu/ros2ws/install/pilz_industrial_motion_planner/include/pilz_industrial_motion_planner/trajectory_blend_request.h
[689.436s] -- Installing: /home/ubuntu/ros2ws/install/pilz_industrial_motion_planner/include/pilz_industrial_motion_planner/trajectory_generator_ptp.h
[689.437s] -- Installing: /home/ubuntu/ros2ws/install/pilz_industrial_motion_planner/include/pilz_industrial_motion_planner/cartesian_trajectory.h
[689.437s] -- Installing: /home/ubuntu/ros2ws/install/pilz_industrial_motion_planner/include/pilz_industrial_motion_planner/planning_context_loader_circ.h
[689.437s] -- Installing: /home/ubuntu/ros2ws/install/pilz_industrial_motion_planner/include/pilz_industrial_motion_planner/joint_limits_validator.h
[689.437s] -- Installing: /home/ubuntu/ros2ws/install/pilz_industrial_motion_planner/include/pilz_industrial_motion_planner/cartesian_trajectory_point.h
[689.438s] -- Installing: /home/ubuntu/ros2ws/install/pilz_industrial_motion_planner/include/pilz_industrial_motion_planner/limits_container.h
[689.438s] -- Installing: /home/ubuntu/ros2ws/install/pilz_industrial_motion_planner/include/pilz_industrial_motion_planner/planning_context_loader_lin.h
[689.438s] -- Installing: /home/ubuntu/ros2ws/install/pilz_industrial_motion_planner/include/pilz_industrial_motion_planner/trajectory_blender_transition_window.h
[689.438s] -- Installing: /home/ubuntu/ros2ws/install/pilz_industrial_motion_planner/include/pilz_industrial_motion_planner/planning_context_loader_ptp.h
[689.438s] -- Installing: /home/ubuntu/ros2ws/install/pilz_industrial_motion_planner/include/pilz_industrial_motion_planner/planning_context_loader.h
[689.439s] -- Installing: /home/ubuntu/ros2ws/install/pilz_industrial_motion_planner/include/pilz_industrial_motion_planner/joint_limits_extension.h
[689.439s] -- Installing: /home/ubuntu/ros2ws/install/pilz_industrial_motion_planner/include/pilz_industrial_motion_planner/trajectory_generator_circ.h
[689.439s] -- Installing: /home/ubuntu/ros2ws/install/pilz_industrial_motion_planner/include/pilz_industrial_motion_planner/trajectory_blender.h
[689.439s] -- Installing: /home/ubuntu/ros2ws/install/pilz_industrial_motion_planner/include/pilz_industrial_motion_planner/trajectory_blend_response.h
[689.440s] -- Installing: /home/ubuntu/ros2ws/install/pilz_industrial_motion_planner/include/pilz_industrial_motion_planner/plan_components_builder.h
[689.440s] -- Installing: /home/ubuntu/ros2ws/install/pilz_industrial_motion_planner/include/pilz_industrial_motion_planner/path_circle_generator.h
[689.440s] -- Installing: /home/ubuntu/ros2ws/install/pilz_industrial_motion_planner/include/pilz_industrial_motion_planner/command_list_manager.h
[689.440s] -- Installing: /home/ubuntu/ros2ws/install/pilz_industrial_motion_planner/include/pilz_industrial_motion_planner/planning_exceptions.h
[689.441s] -- Installing: /home/ubuntu/ros2ws/install/pilz_industrial_motion_planner/include/pilz_industrial_motion_planner/tip_frame_getter.h
[689.441s] -- Installing: /home/ubuntu/ros2ws/install/pilz_industrial_motion_planner/include/pilz_industrial_motion_planner/capability_names.h
[689.441s] -- Installing: /home/ubuntu/ros2ws/install/pilz_industrial_motion_planner/include/pilz_industrial_motion_planner/joint_limits_aggregator.h
[689.441s] -- Installing: /home/ubuntu/ros2ws/install/pilz_industrial_motion_planner/include/pilz_industrial_motion_planner/planning_context_circ.h
[689.442s] -- Installing: /home/ubuntu/ros2ws/install/pilz_industrial_motion_planner/include/pilz_industrial_motion_planner/cartesian_limits_aggregator.h
[689.442s] -- Installing: /home/ubuntu/ros2ws/install/pilz_industrial_motion_planner/include/pilz_industrial_motion_planner/move_group_sequence_service.h
[689.442s] -- Installing: /home/ubuntu/ros2ws/install/pilz_industrial_motion_planner/include/pilz_industrial_motion_planner/move_group_sequence_action.h
[689.442s] -- Installing: /home/ubuntu/ros2ws/install/pilz_industrial_motion_planner/include/pilz_industrial_motion_planner/joint_limits_container.h
[689.443s] -- Installing: /home/ubuntu/ros2ws/install/pilz_industrial_motion_planner/include/pilz_industrial_motion_planner/planning_context_ptp.h
[689.443s] -- Installing: /home/ubuntu/ros2ws/install/pilz_industrial_motion_planner/include/pilz_industrial_motion_planner/pilz_industrial_motion_planner.h
[689.443s] -- Installing: /home/ubuntu/ros2ws/install/pilz_industrial_motion_planner/include/pilz_industrial_motion_planner/trajectory_generation_exceptions.h
[689.443s] -- Installing: /home/ubuntu/ros2ws/install/pilz_industrial_motion_planner/include/pilz_industrial_motion_planner/cartesian_limit.h
[689.443s] -- Installing: /home/ubuntu/ros2ws/install/pilz_industrial_motion_planner/include/pilz_industrial_motion_planner/velocity_profile_atrap.h
[689.444s] -- Installing: /home/ubuntu/ros2ws/install/pilz_industrial_motion_planner/include/pilz_industrial_motion_planner/joint_limits_interface_extension.h
[689.444s] -- Installing: /home/ubuntu/ros2ws/install/pilz_industrial_motion_planner/include/pilz_industrial_motion_planner/planning_context_base.h
[689.444s] -- Installing: /home/ubuntu/ros2ws/install/pilz_industrial_motion_planner/include/pilz_industrial_motion_planner/trajectory_generator.h
[689.445s] -- Installing: /home/ubuntu/ros2ws/install/pilz_industrial_motion_planner/include/pilz_industrial_motion_planner/trajectory_functions.h
[689.445s] -- Installing: /home/ubuntu/ros2ws/install/pilz_industrial_motion_planner/include/pilz_industrial_motion_planner/trajectory_generator_lin.h
[689.445s] -- Installing: /home/ubuntu/ros2ws/install/pilz_industrial_motion_planner/include/pilz_industrial_motion_planner/planning_context_lin.h
[689.445s] -- Installing: /home/ubuntu/ros2ws/install/pilz_industrial_motion_planner/include/joint_limits_copy
[689.446s] -- Installing: /home/ubuntu/ros2ws/install/pilz_industrial_motion_planner/include/joint_limits_copy/joint_limits_rosparam.hpp
[689.446s] -- Installing: /home/ubuntu/ros2ws/install/pilz_industrial_motion_planner/include/joint_limits_copy/joint_limits.hpp
[689.446s] -- Installing: /home/ubuntu/ros2ws/install/pilz_industrial_motion_planner/share/pilz_industrial_motion_planner/environment/library_path.sh
[689.446s] -- Installing: /home/ubuntu/ros2ws/install/pilz_industrial_motion_planner/share/pilz_industrial_motion_planner/environment/library_path.dsv
[689.451s] -- Installing: /home/ubuntu/ros2ws/install/pilz_industrial_motion_planner/lib/pilz_industrial_motion_planner/unittest_pilz_industrial_motion_planner_direct
[689.451s] -- Set runtime path of "/home/ubuntu/ros2ws/install/pilz_industrial_motion_planner/lib/pilz_industrial_motion_planner/unittest_pilz_industrial_motion_planner_direct" to ""
[689.451s] -- Installing: /home/ubuntu/ros2ws/install/pilz_industrial_motion_planner/lib/pilz_industrial_motion_planner/unittest_velocity_profile_atrap
[689.453s] -- Set runtime path of "/home/ubuntu/ros2ws/install/pilz_industrial_motion_planner/lib/pilz_industrial_motion_planner/unittest_velocity_profile_atrap" to ""
[689.453s] -- Installing: /home/ubuntu/ros2ws/install/pilz_industrial_motion_planner/lib/pilz_industrial_motion_planner/unittest_trajectory_generator
[689.455s] -- Set runtime path of "/home/ubuntu/ros2ws/install/pilz_industrial_motion_planner/lib/pilz_industrial_motion_planner/unittest_trajectory_generator" to ""
[689.455s] -- Installing: /home/ubuntu/ros2ws/install/pilz_industrial_motion_planner/lib/pilz_industrial_motion_planner/unittest_trajectory_functions
[689.457s] -- Set runtime path of "/home/ubuntu/ros2ws/install/pilz_industrial_motion_planner/lib/pilz_industrial_motion_planner/unittest_trajectory_functions" to ""
[689.457s] -- Installing: /home/ubuntu/ros2ws/install/pilz_industrial_motion_planner/lib/pilz_industrial_motion_planner/unittest_trajectory_blender_transition_window
[689.460s] -- Set runtime path of "/home/ubuntu/ros2ws/install/pilz_industrial_motion_planner/lib/pilz_industrial_motion_planner/unittest_trajectory_blender_transition_window" to ""
[689.460s] -- Installing: /home/ubuntu/ros2ws/install/pilz_industrial_motion_planner/lib/pilz_industrial_motion_planner/unittest_trajectory_generator_common
[689.463s] -- Set runtime path of "/home/ubuntu/ros2ws/install/pilz_industrial_motion_planner/lib/pilz_industrial_motion_planner/unittest_trajectory_generator_common" to ""
[689.463s] -- Installing: /home/ubuntu/ros2ws/install/pilz_industrial_motion_planner/lib/pilz_industrial_motion_planner/unittest_trajectory_generator_circ
[689.465s] -- Set runtime path of "/home/ubuntu/ros2ws/install/pilz_industrial_motion_planner/lib/pilz_industrial_motion_planner/unittest_trajectory_generator_circ" to ""
[689.465s] -- Installing: /home/ubuntu/ros2ws/install/pilz_industrial_motion_planner/lib/pilz_industrial_motion_planner/unittest_trajectory_generator_lin
[689.467s] -- Set runtime path of "/home/ubuntu/ros2ws/install/pilz_industrial_motion_planner/lib/pilz_industrial_motion_planner/unittest_trajectory_generator_lin" to ""
[689.467s] -- Installing: /home/ubuntu/ros2ws/install/pilz_industrial_motion_planner/lib/pilz_industrial_motion_planner/unittest_trajectory_generator_ptp
[689.469s] -- Set runtime path of "/home/ubuntu/ros2ws/install/pilz_industrial_motion_planner/lib/pilz_industrial_motion_planner/unittest_trajectory_generator_ptp" to ""
[689.469s] -- Installing: /home/ubuntu/ros2ws/install/pilz_industrial_motion_planner/lib/pilz_industrial_motion_planner/unittest_pilz_industrial_motion_planner
[689.471s] -- Set runtime path of "/home/ubuntu/ros2ws/install/pilz_industrial_motion_planner/lib/pilz_industrial_motion_planner/unittest_pilz_industrial_motion_planner" to ""
[689.472s] -- Installing: /home/ubuntu/ros2ws/install/pilz_industrial_motion_planner/lib/pilz_industrial_motion_planner/unittest_joint_limit
[689.473s] -- Set runtime path of "/home/ubuntu/ros2ws/install/pilz_industrial_motion_planner/lib/pilz_industrial_motion_planner/unittest_joint_limit" to ""
[689.473s] -- Installing: /home/ubuntu/ros2ws/install/pilz_industrial_motion_planner/lib/pilz_industrial_motion_planner/unittest_joint_limits_aggregator
[689.474s] -- Set runtime path of "/home/ubuntu/ros2ws/install/pilz_industrial_motion_planner/lib/pilz_industrial_motion_planner/unittest_joint_limits_aggregator" to ""
[689.474s] -- Installing: /home/ubuntu/ros2ws/install/pilz_industrial_motion_planner/lib/pilz_industrial_motion_planner/unittest_joint_limits_container
[689.476s] -- Set runtime path of "/home/ubuntu/ros2ws/install/pilz_industrial_motion_planner/lib/pilz_industrial_motion_planner/unittest_joint_limits_container" to ""
[689.476s] -- Installing: /home/ubuntu/ros2ws/install/pilz_industrial_motion_planner/lib/pilz_industrial_motion_planner/unittest_joint_limits_validator
[689.478s] -- Set runtime path of "/home/ubuntu/ros2ws/install/pilz_industrial_motion_planner/lib/pilz_industrial_motion_planner/unittest_joint_limits_validator" to ""
[689.478s] -- Installing: /home/ubuntu/ros2ws/install/pilz_industrial_motion_planner/lib/pilz_industrial_motion_planner/unittest_cartesian_limits_aggregator
[689.479s] -- Set runtime path of "/home/ubuntu/ros2ws/install/pilz_industrial_motion_planner/lib/pilz_industrial_motion_planner/unittest_cartesian_limits_aggregator" to ""
[689.480s] -- Installing: /home/ubuntu/ros2ws/install/pilz_industrial_motion_planner/lib/pilz_industrial_motion_planner/unittest_planning_context_loaders
[689.482s] -- Set runtime path of "/home/ubuntu/ros2ws/install/pilz_industrial_motion_planner/lib/pilz_industrial_motion_planner/unittest_planning_context_loaders" to ""
[689.482s] -- Installing: /home/ubuntu/ros2ws/install/pilz_industrial_motion_planner/lib/pilz_industrial_motion_planner/unittest_planning_context
[689.484s] -- Set runtime path of "/home/ubuntu/ros2ws/install/pilz_industrial_motion_planner/lib/pilz_industrial_motion_planner/unittest_planning_context" to ""
[689.484s] -- Installing: /home/ubuntu/ros2ws/install/pilz_industrial_motion_planner/lib/pilz_industrial_motion_planner/unittest_get_solver_tip_frame
[689.486s] -- Set runtime path of "/home/ubuntu/ros2ws/install/pilz_industrial_motion_planner/lib/pilz_industrial_motion_planner/unittest_get_solver_tip_frame" to ""
[689.486s] -- Installing: /home/ubuntu/ros2ws/install/pilz_industrial_motion_planner/share/pilz_industrial_motion_planner/config
[689.487s] -- Installing: /home/ubuntu/ros2ws/install/pilz_industrial_motion_planner/share/pilz_industrial_motion_planner/config/unittest_trajectory_generator_ptp.yaml
[689.487s] -- Installing: /home/ubuntu/ros2ws/install/pilz_industrial_motion_planner/share/pilz_industrial_motion_planner/config/unittest_trajectory_generator_common.yaml
[689.488s] -- Installing: /home/ubuntu/ros2ws/install/pilz_industrial_motion_planner/share/pilz_industrial_motion_planner/config/unittest_trajectory_functions.yaml
[689.488s] -- Installing: /home/ubuntu/ros2ws/install/pilz_industrial_motion_planner/share/pilz_industrial_motion_planner/config/unittest_trajectory_generator_circ.yaml
[689.488s] -- Installing: /home/ubuntu/ros2ws/install/pilz_industrial_motion_planner/share/pilz_industrial_motion_planner/config/unittest_joint_limit_config.yaml
[689.489s] -- Installing: /home/ubuntu/ros2ws/install/pilz_industrial_motion_planner/share/pilz_industrial_motion_planner/config/unittest_trajectory_blender_transition_window.yaml
[689.489s] -- Installing: /home/ubuntu/ros2ws/install/pilz_industrial_motion_planner/share/pilz_industrial_motion_planner/config/unittest_trajectory_generator_lin.yaml
[689.490s] -- Installing: /home/ubuntu/ros2ws/install/pilz_industrial_motion_planner/share/pilz_industrial_motion_planner/config/unittest_joint_limits_aggregator.yaml
[689.490s] -- Installing: /home/ubuntu/ros2ws/install/pilz_industrial_motion_planner/share/pilz_industrial_motion_planner/config/unittest_cartesian_limits_aggregator.yaml
[689.491s] -- Installing: /home/ubuntu/ros2ws/install/pilz_industrial_motion_planner/share/pilz_industrial_motion_planner/launch
[689.491s] -- Installing: /home/ubuntu/ros2ws/install/pilz_industrial_motion_planner/share/pilz_industrial_motion_planner/launch/unittest_planning_context_loaders.test.py
[689.491s] -- Installing: /home/ubuntu/ros2ws/install/pilz_industrial_motion_planner/share/pilz_industrial_motion_planner/launch/unittest_trajectory_generator_lin.test.py
[689.492s] -- Installing: /home/ubuntu/ros2ws/install/pilz_industrial_motion_planner/share/pilz_industrial_motion_planner/launch/unittest_trajectory_generator_common.test.py
[689.492s] -- Installing: /home/ubuntu/ros2ws/install/pilz_industrial_motion_planner/share/pilz_industrial_motion_planner/launch/unittest_trajectory_functions.test.py
[689.493s] -- Installing: /home/ubuntu/ros2ws/install/pilz_industrial_motion_planner/share/pilz_industrial_motion_planner/launch/unittest_joint_limits_aggregator.test.py
[689.493s] -- Installing: /home/ubuntu/ros2ws/install/pilz_industrial_motion_planner/share/pilz_industrial_motion_planner/launch/unittest_cartesian_limits_aggregator.test.py
[689.494s] -- Installing: /home/ubuntu/ros2ws/install/pilz_industrial_motion_planner/share/pilz_industrial_motion_planner/launch/common_parameters.py
[689.494s] -- Installing: /home/ubuntu/ros2ws/install/pilz_industrial_motion_planner/share/pilz_industrial_motion_planner/launch/unittest_planning_context.test.py
[689.494s] -- Installing: /home/ubuntu/ros2ws/install/pilz_industrial_motion_planner/share/pilz_industrial_motion_planner/launch/unittest_joint_limit.test.py
[689.495s] -- Installing: /home/ubuntu/ros2ws/install/pilz_industrial_motion_planner/share/pilz_industrial_motion_planner/launch/unittest_trajectory_generator_circ.test.py
[689.495s] -- Installing: /home/ubuntu/ros2ws/install/pilz_industrial_motion_planner/share/pilz_industrial_motion_planner/launch/unittest_trajectory_generator_ptp.test.py
[689.495s] -- Installing: /home/ubuntu/ros2ws/install/pilz_industrial_motion_planner/share/pilz_industrial_motion_planner/launch/unittest_trajectory_blender_transition_window.test.py
[689.496s] -- Installing: /home/ubuntu/ros2ws/install/pilz_industrial_motion_planner/share/pilz_industrial_motion_planner/launch/unittest_pilz_industrial_motion_planner.test.py
[689.497s] -- Installing: /home/ubuntu/ros2ws/install/pilz_industrial_motion_planner/share/pilz_industrial_motion_planner/test_data
[689.497s] -- Installing: /home/ubuntu/ros2ws/install/pilz_industrial_motion_planner/share/pilz_industrial_motion_planner/test_data/concept_testdata.png
[689.498s] -- Installing: /home/ubuntu/ros2ws/install/pilz_industrial_motion_planner/share/pilz_industrial_motion_planner/test_data/concept_testdata.odp
[689.498s] -- Installing: /home/ubuntu/ros2ws/install/pilz_industrial_motion_planner/share/pilz_industrial_motion_planner/test_data/testpoints.py
[689.499s] -- Installing: /home/ubuntu/ros2ws/install/pilz_industrial_motion_planner/share/pilz_industrial_motion_planner/test_data/prbt
[689.499s] -- Installing: /home/ubuntu/ros2ws/install/pilz_industrial_motion_planner/share/pilz_industrial_motion_planner/test_data/prbt/testdata_sequence.xml
[689.500s] -- Installing: /home/ubuntu/ros2ws/install/pilz_industrial_motion_planner/share/pilz_industrial_motion_planner/test_data/prbt/testdata_with_gripper.xml
[689.500s] -- Installing: /home/ubuntu/ros2ws/install/pilz_industrial_motion_planner/share/pilz_industrial_motion_planner/test_data/prbt/testdata_deprecated.xml
[689.500s] -- Installing: /home/ubuntu/ros2ws/install/pilz_industrial_motion_planner/share/pilz_industrial_motion_planner/test_data/frankaemika_panda
[689.501s] -- Installing: /home/ubuntu/ros2ws/install/pilz_industrial_motion_planner/share/pilz_industrial_motion_planner/test_data/frankaemika_panda/testdata_sequence.xml
[689.501s] -- Installing: /home/ubuntu/ros2ws/install/pilz_industrial_motion_planner/share/ament_index/resource_index/package_run_dependencies/pilz_industrial_motion_planner
[689.502s] -- Installing: /home/ubuntu/ros2ws/install/pilz_industrial_motion_planner/share/ament_index/resource_index/parent_prefix_path/pilz_industrial_motion_planner
[689.502s] -- Installing: /home/ubuntu/ros2ws/install/pilz_industrial_motion_planner/share/pilz_industrial_motion_planner/environment/ament_prefix_path.sh
[689.502s] -- Installing: /home/ubuntu/ros2ws/install/pilz_industrial_motion_planner/share/pilz_industrial_motion_planner/environment/ament_prefix_path.dsv
[689.503s] -- Installing: /home/ubuntu/ros2ws/install/pilz_industrial_motion_planner/share/pilz_industrial_motion_planner/environment/path.sh
[689.503s] -- Installing: /home/ubuntu/ros2ws/install/pilz_industrial_motion_planner/share/pilz_industrial_motion_planner/environment/path.dsv
[689.504s] -- Installing: /home/ubuntu/ros2ws/install/pilz_industrial_motion_planner/share/pilz_industrial_motion_planner/local_setup.bash
[689.504s] -- Installing: /home/ubuntu/ros2ws/install/pilz_industrial_motion_planner/share/pilz_industrial_motion_planner/local_setup.sh
[689.505s] -- Installing: /home/ubuntu/ros2ws/install/pilz_industrial_motion_planner/share/pilz_industrial_motion_planner/local_setup.zsh
[689.505s] -- Installing: /home/ubuntu/ros2ws/install/pilz_industrial_motion_planner/share/pilz_industrial_motion_planner/local_setup.dsv
[689.505s] -- Installing: /home/ubuntu/ros2ws/install/pilz_industrial_motion_planner/share/pilz_industrial_motion_planner/package.dsv
[689.506s] -- Installing: /home/ubuntu/ros2ws/install/pilz_industrial_motion_planner/share/ament_index/resource_index/packages/pilz_industrial_motion_planner
[689.506s] -- Installing: /home/ubuntu/ros2ws/install/pilz_industrial_motion_planner/share/ament_index/resource_index/moveit_core__pluginlib__plugin/pilz_industrial_motion_planner
[689.507s] -- Installing: /home/ubuntu/ros2ws/install/pilz_industrial_motion_planner/share/ament_index/resource_index/moveit_ros_move_group__pluginlib__plugin/pilz_industrial_motion_planner
[689.507s] -- Installing: /home/ubuntu/ros2ws/install/pilz_industrial_motion_planner/share/ament_index/resource_index/pilz_industrial_motion_planner__pluginlib__plugin/pilz_industrial_motion_planner
[689.508s] -- Installing: /home/ubuntu/ros2ws/install/pilz_industrial_motion_planner/share/pilz_industrial_motion_planner/cmake/pilz_industrial_motion_plannerTargetsExport.cmake
[689.509s] -- Installing: /home/ubuntu/ros2ws/install/pilz_industrial_motion_planner/share/pilz_industrial_motion_planner/cmake/pilz_industrial_motion_plannerTargetsExport-release.cmake
[689.509s] -- Installing: /home/ubuntu/ros2ws/install/pilz_industrial_motion_planner/share/pilz_industrial_motion_planner/cmake/ament_cmake_export_include_directories-extras.cmake
[689.510s] -- Installing: /home/ubuntu/ros2ws/install/pilz_industrial_motion_planner/share/pilz_industrial_motion_planner/cmake/ament_cmake_export_targets-extras.cmake
[689.510s] -- Installing: /home/ubuntu/ros2ws/install/pilz_industrial_motion_planner/share/pilz_industrial_motion_planner/cmake/ament_cmake_export_dependencies-extras.cmake
[689.511s] -- Installing: /home/ubuntu/ros2ws/install/pilz_industrial_motion_planner/share/pilz_industrial_motion_planner/cmake/pilz_industrial_motion_plannerConfig.cmake
[689.511s] -- Installing: /home/ubuntu/ros2ws/install/pilz_industrial_motion_planner/share/pilz_industrial_motion_planner/cmake/pilz_industrial_motion_plannerConfig-version.cmake
[689.512s] -- Installing: /home/ubuntu/ros2ws/install/pilz_industrial_motion_planner/share/pilz_industrial_motion_planner/package.xml
[689.517s] Invoked command in '/home/ubuntu/ros2ws/build/pilz_industrial_motion_planner' returned '0': AMENT_PREFIX_PATH=/home/ubuntu/ros2ws/install/moveit_resources_prbt_pg70_support:/home/ubuntu/ros2ws/install/moveit_ros_planning_interface:/home/ubuntu/ros2ws/install/moveit_resources_prbt_moveit_config:/home/ubuntu/ros2ws/install/moveit_ros_move_group:/home/ubuntu/ros2ws/install/moveit_ros_warehouse:/home/ubuntu/ros2ws/install/moveit_planners_ompl:/home/ubuntu/ros2ws/install/moveit_kinematics:/home/ubuntu/ros2ws/install/moveit_ros_planning:/home/ubuntu/ros2ws/install/pilz_industrial_motion_planner_testutils:/home/ubuntu/ros2ws/install/moveit_simple_controller_manager:/home/ubuntu/ros2ws/install/moveit_ros_occupancy_map_monitor:/home/ubuntu/ros2ws/install/moveit_resources_prbt_ikfast_manipulator_plugin:/home/ubuntu/ros2ws/install/moveit_core:/home/ubuntu/ros2ws/install/moveit_resources_panda_moveit_config:/home/ubuntu/ros2ws/install/moveit_resources_fanuc_moveit_config:/home/ubuntu/ros2ws/install/moveit_configs_utils:/home/ubuntu/ros2ws/install/srdfdom:/home/ubuntu/ros2ws/install/moveit_resources_prbt_support:/home/ubuntu/ros2ws/install/moveit_resources_pr2_description:/home/ubuntu/ros2ws/install/moveit_resources_panda_description:/home/ubuntu/ros2ws/install/moveit_resources_fanuc_description:/home/ubuntu/ros2ws/install/moveit_common:/home/ubuntu/ros2ws/install/launch_param_builder:${AMENT_PREFIX_PATH} CMAKE_PREFIX_PATH=/home/ubuntu/ros2ws/install/moveit_resources_prbt_pg70_support:/home/ubuntu/ros2ws/install/moveit_ros_planning_interface:/home/ubuntu/ros2ws/install/moveit_resources_prbt_moveit_config:/home/ubuntu/ros2ws/install/moveit_ros_move_group:/home/ubuntu/ros2ws/install/moveit_ros_warehouse:/home/ubuntu/ros2ws/install/moveit_planners_ompl:/home/ubuntu/ros2ws/install/moveit_kinematics:/home/ubuntu/ros2ws/install/moveit_ros_planning:/home/ubuntu/ros2ws/install/pilz_industrial_motion_planner_testutils:/home/ubuntu/ros2ws/install/moveit_simple_controller_manager:/home/ubuntu/ros2ws/install/moveit_ros_occupancy_map_monitor:/home/ubuntu/ros2ws/install/moveit_resources_prbt_ikfast_manipulator_plugin:/home/ubuntu/ros2ws/install/moveit_core:/home/ubuntu/ros2ws/install/moveit_resources_panda_moveit_config:/home/ubuntu/ros2ws/install/moveit_resources_fanuc_moveit_config:/home/ubuntu/ros2ws/install/srdfdom:/home/ubuntu/ros2ws/install/moveit_resources_prbt_support:/home/ubuntu/ros2ws/install/moveit_resources_pr2_description:/home/ubuntu/ros2ws/install/moveit_resources_panda_description:/home/ubuntu/ros2ws/install/moveit_resources_fanuc_description:/home/ubuntu/ros2ws/install/moveit_common:/home/ubuntu/ros2ws/install/testV2:/home/ubuntu/ros2ws/install/ros2srrc_ur5_moveit2:/home/ubuntu/ros2ws/install/ros2srrc_ur5_gazebo:/home/ubuntu/ros2ws/install/ros2srrc_ur3_moveit2:/home/ubuntu/ros2ws/install/ros2srrc_ur3_gazebo:/home/ubuntu/ros2ws/install/ros2srrc_ur16e_moveit2:/home/ubuntu/ros2ws/install/ros2srrc_ur16e_gazebo:/home/ubuntu/ros2ws/install/ros2srrc_ur10e_moveit2:/home/ubuntu/ros2ws/install/ros2srrc_ur10e_gazebo:/home/ubuntu/ros2ws/install/ros2srrc_robots:/home/ubuntu/ros2ws/install/ros2srrc_launch:/home/ubuntu/ros2ws/install/ros2srrc_irb6640_moveit2:/home/ubuntu/ros2ws/install/ros2srrc_irb6640_gazebo:/home/ubuntu/ros2ws/install/ros2srrc_irb120_moveit2:/home/ubuntu/ros2ws/install/ros2srrc_irb120_gazebo:/home/ubuntu/ros2ws/install/ros2srrc_irb1200_moveit2:/home/ubuntu/ros2ws/install/ros2srrc_irb1200_gazebo:/home/ubuntu/ros2ws/install/ros2srrc_iiwa_moveit2:/home/ubuntu/ros2ws/install/ros2srrc_iiwa_gazebo:/home/ubuntu/ros2ws/install/ros2srrc_execution:/home/ubuntu/ros2ws/install/ros2srrc_endeffectors:/home/ubuntu/ros2ws/install/ros2srrc_data:/home/ubuntu/ros2ws/install/ros2_robotiqgripper:/home/ubuntu/ros2ws/install/ros2_objectpose:/home/ubuntu/ros2ws/install/ros2_linkpose:/home/ubuntu/ros2ws/install/ros2_linkattacher:/home/ubuntu/ros2ws/install/objectpose_msgs:/home/ubuntu/ros2ws/install/objectpose_gazebo:/home/ubuntu/ros2ws/install/linkpose_msgs:/home/ubuntu/ros2ws/install/linkpose_gazebo:/home/ubuntu/ros2ws/install/linkattacher_msgs:/home/ubuntu/ros2ws/install/letter_writer:/home/ubuntu/ros2ws/install/gazebo_ros2_control_demos:/home/ubuntu/ros2ws/install/gazebo_ros2_control:/home/ubuntu/ros2ws/install/abb_rws_client:/home/ubuntu/ros2ws/install/abb_ros2:/home/ubuntu/ros2ws/install/abb_robot_msgs:/home/ubuntu/ros2ws/install/abb_resources:/home/ubuntu/ros2ws/install/abb_rapid_sm_addin_msgs:/home/ubuntu/ros2ws/install/abb_rapid_msgs:/home/ubuntu/ros2ws/install/abb_hardware_interface:/home/ubuntu/ros2ws/install/abb_egm_rws_managers:/home/ubuntu/ros2ws/install/abb_librws:/home/ubuntu/ros2ws/install/abb_libegm:/home/ubuntu/ros2ws/install/abb_irb4600_support:/home/ubuntu/ros2ws/install/abb_irb1200_5_90_moveit_config:/home/ubuntu/ros2ws/install/abb_irb1200_support:/home/ubuntu/ros2ws/install/abb_egm_msgs:/home/ubuntu/ros2ws/install/abb_bringup:/home/ubuntu/ros2ws/install/testV1:/home/ubuntu/ros2ws/install/gui_subscriber:/home/ubuntu/ros2ws/install/robot_letter_writer:/opt/ros/humble LD_LIBRARY_PATH=/home/ubuntu/ros2ws/install/moveit_ros_planning_interface/lib:/home/ubuntu/ros2ws/install/moveit_ros_move_group/lib:/home/ubuntu/ros2ws/install/moveit_ros_warehouse/lib:/home/ubuntu/ros2ws/install/moveit_planners_ompl/lib:/home/ubuntu/ros2ws/install/moveit_kinematics/lib:/home/ubuntu/ros2ws/install/moveit_ros_planning/lib:/home/ubuntu/ros2ws/install/pilz_industrial_motion_planner_testutils/lib:/home/ubuntu/ros2ws/install/moveit_simple_controller_manager/lib:/home/ubuntu/ros2ws/install/moveit_ros_occupancy_map_monitor/lib:/home/ubuntu/ros2ws/install/moveit_resources_prbt_ikfast_manipulator_plugin/lib:/home/ubuntu/ros2ws/install/moveit_core/lib:/home/ubuntu/ros2ws/install/srdfdom/lib:${LD_LIBRARY_PATH} PATH=/home/ubuntu/ros2ws/install/moveit_core/bin:${PATH} PYTHONPATH=/home/ubuntu/ros2ws/install/moveit_configs_utils/lib/python3.10/site-packages:/home/ubuntu/ros2ws/install/srdfdom/local/lib/python3.10/dist-packages:/home/ubuntu/ros2ws/install/launch_param_builder/lib/python3.10/site-packages:${PYTHONPATH} /usr/bin/cmake --install /home/ubuntu/ros2ws/build/pilz_industrial_motion_planner
