[0.110s] Invoking command in '/home/ubuntu/ros2ws/build/abb_robot_msgs': CMAKE_PREFIX_PATH=${CMAKE_PREFIX_PATH}:/home/ubuntu/ros2ws/install/moveit_configs_utils:/home/ubuntu/ros2ws/install/launch_param_builder:/home/ubuntu/ros2ws/install/testV1:/home/ubuntu/ros2ws/install/gui_subscriber:/home/ubuntu/ros2ws/install/robot_letter_writer:/opt/ros/humble /usr/bin/cmake --build /home/ubuntu/ros2ws/build/abb_robot_msgs -- -j4 -l4
[0.354s] [  0%] Built target abb_robot_msgs__cpp
[0.397s] [  0%] Built target ament_cmake_python_symlink_abb_robot_msgs
[0.720s] [ 13%] Built target abb_robot_msgs__rosidl_generator_c
[0.846s] [ 25%] Built target abb_robot_msgs__rosidl_typesupport_fastrtps_cpp
[0.856s] [ 38%] Built target abb_robot_msgs__rosidl_typesupport_introspection_cpp
[0.863s] [ 50%] Built target abb_robot_msgs__rosidl_typesupport_cpp
[1.094s] [ 62%] Built target abb_robot_msgs__rosidl_typesupport_introspection_c
[1.100s] [ 74%] Built target abb_robot_msgs__rosidl_typesupport_c
[1.129s] [ 86%] Built target abb_robot_msgs__rosidl_typesupport_fastrtps_c
[1.266s] [ 86%] Built target abb_robot_msgs
[1.373s] [ 86%] Built target abb_robot_msgs__py
[1.532s] running egg_info
[1.532s] writing abb_robot_msgs.egg-info/PKG-INFO
[1.532s] writing dependency_links to abb_robot_msgs.egg-info/dependency_links.txt
[1.532s] writing top-level names to abb_robot_msgs.egg-info/top_level.txt
[1.536s] reading manifest file 'abb_robot_msgs.egg-info/SOURCES.txt'
[1.536s] writing manifest file 'abb_robot_msgs.egg-info/SOURCES.txt'
[1.605s] [ 86%] Built target ament_cmake_python_build_abb_robot_msgs_egg
[1.641s] [35m[1mConsolidate compiler generated dependencies of target abb_robot_msgs__rosidl_generator_py[0m
[1.688s] [ 97%] Built target abb_robot_msgs__rosidl_generator_py
[1.748s] [35m[1mConsolidate compiler generated dependencies of target abb_robot_msgs__rosidl_typesupport_fastrtps_c__pyext[0m
[1.748s] [35m[1mConsolidate compiler generated dependencies of target abb_robot_msgs__rosidl_typesupport_introspection_c__pyext[0m
[1.754s] [35m[1mConsolidate compiler generated dependencies of target abb_robot_msgs__rosidl_typesupport_c__pyext[0m
[1.803s] [ 98%] Built target abb_robot_msgs__rosidl_typesupport_introspection_c__pyext
[1.805s] [ 99%] Built target abb_robot_msgs__rosidl_typesupport_fastrtps_c__pyext
[1.806s] [100%] Built target abb_robot_msgs__rosidl_typesupport_c__pyext
[1.866s] Invoked command in '/home/ubuntu/ros2ws/build/abb_robot_msgs' returned '0': CMAKE_PREFIX_PATH=${CMAKE_PREFIX_PATH}:/home/ubuntu/ros2ws/install/moveit_configs_utils:/home/ubuntu/ros2ws/install/launch_param_builder:/home/ubuntu/ros2ws/install/testV1:/home/ubuntu/ros2ws/install/gui_subscriber:/home/ubuntu/ros2ws/install/robot_letter_writer:/opt/ros/humble /usr/bin/cmake --build /home/ubuntu/ros2ws/build/abb_robot_msgs -- -j4 -l4
[4.620s] Invoking command in '/home/ubuntu/ros2ws/build/abb_robot_msgs': CMAKE_PREFIX_PATH=${CMAKE_PREFIX_PATH}:/home/ubuntu/ros2ws/install/moveit_configs_utils:/home/ubuntu/ros2ws/install/launch_param_builder:/home/ubuntu/ros2ws/install/testV1:/home/ubuntu/ros2ws/install/gui_subscriber:/home/ubuntu/ros2ws/install/robot_letter_writer:/opt/ros/humble /usr/bin/cmake --install /home/ubuntu/ros2ws/build/abb_robot_msgs
[4.681s] -- Install configuration: ""
[4.695s] -- Execute custom install script
[4.709s] -- Up-to-date symlink: /home/ubuntu/ros2ws/install/abb_robot_msgs/share/ament_index/resource_index/rosidl_interfaces/abb_robot_msgs
[4.716s] -- Up-to-date symlink: /home/ubuntu/ros2ws/install/abb_robot_msgs/include/abb_robot_msgs/abb_robot_msgs/msg/detail/mechanical_unit_state__functions.h
[4.716s] -- Up-to-date symlink: /home/ubuntu/ros2ws/install/abb_robot_msgs/include/abb_robot_msgs/abb_robot_msgs/msg/detail/mechanical_unit_state__struct.h
[4.716s] -- Up-to-date symlink: /home/ubuntu/ros2ws/install/abb_robot_msgs/include/abb_robot_msgs/abb_robot_msgs/msg/detail/mechanical_unit_state__type_support.h
[4.716s] -- Up-to-date symlink: /home/ubuntu/ros2ws/install/abb_robot_msgs/include/abb_robot_msgs/abb_robot_msgs/msg/detail/rapid_symbol_path__functions.h
[4.716s] -- Up-to-date symlink: /home/ubuntu/ros2ws/install/abb_robot_msgs/include/abb_robot_msgs/abb_robot_msgs/msg/detail/rapid_symbol_path__struct.h
[4.716s] -- Up-to-date symlink: /home/ubuntu/ros2ws/install/abb_robot_msgs/include/abb_robot_msgs/abb_robot_msgs/msg/detail/rapid_symbol_path__type_support.h
[4.717s] -- Up-to-date symlink: /home/ubuntu/ros2ws/install/abb_robot_msgs/include/abb_robot_msgs/abb_robot_msgs/msg/detail/rapid_task_state__functions.h
[4.717s] -- Up-to-date symlink: /home/ubuntu/ros2ws/install/abb_robot_msgs/include/abb_robot_msgs/abb_robot_msgs/msg/detail/rapid_task_state__struct.h
[4.718s] -- Up-to-date symlink: /home/ubuntu/ros2ws/install/abb_robot_msgs/include/abb_robot_msgs/abb_robot_msgs/msg/detail/rapid_task_state__type_support.h
[4.723s] -- Up-to-date symlink: /home/ubuntu/ros2ws/install/abb_robot_msgs/include/abb_robot_msgs/abb_robot_msgs/msg/detail/service_responses__functions.h
[4.725s] -- Up-to-date symlink: /home/ubuntu/ros2ws/install/abb_robot_msgs/include/abb_robot_msgs/abb_robot_msgs/msg/detail/service_responses__struct.h
[4.734s] -- Up-to-date symlink: /home/ubuntu/ros2ws/install/abb_robot_msgs/include/abb_robot_msgs/abb_robot_msgs/msg/detail/service_responses__type_support.h
[4.747s] -- Up-to-date symlink: /home/ubuntu/ros2ws/install/abb_robot_msgs/include/abb_robot_msgs/abb_robot_msgs/msg/detail/system_state__functions.h
[4.747s] -- Up-to-date symlink: /home/ubuntu/ros2ws/install/abb_robot_msgs/include/abb_robot_msgs/abb_robot_msgs/msg/detail/system_state__struct.h
[4.748s] -- Up-to-date symlink: /home/ubuntu/ros2ws/install/abb_robot_msgs/include/abb_robot_msgs/abb_robot_msgs/msg/detail/system_state__type_support.h
[4.754s] -- Up-to-date symlink: /home/ubuntu/ros2ws/install/abb_robot_msgs/include/abb_robot_msgs/abb_robot_msgs/msg/mechanical_unit_state.h
[4.754s] -- Up-to-date symlink: /home/ubuntu/ros2ws/install/abb_robot_msgs/include/abb_robot_msgs/abb_robot_msgs/msg/rapid_symbol_path.h
[4.755s] -- Up-to-date symlink: /home/ubuntu/ros2ws/install/abb_robot_msgs/include/abb_robot_msgs/abb_robot_msgs/msg/rapid_task_state.h
[4.755s] -- Up-to-date symlink: /home/ubuntu/ros2ws/install/abb_robot_msgs/include/abb_robot_msgs/abb_robot_msgs/msg/rosidl_generator_c__visibility_control.h
[4.756s] -- Up-to-date symlink: /home/ubuntu/ros2ws/install/abb_robot_msgs/include/abb_robot_msgs/abb_robot_msgs/msg/service_responses.h
[4.756s] -- Up-to-date symlink: /home/ubuntu/ros2ws/install/abb_robot_msgs/include/abb_robot_msgs/abb_robot_msgs/msg/system_state.h
[4.756s] -- Up-to-date symlink: /home/ubuntu/ros2ws/install/abb_robot_msgs/include/abb_robot_msgs/abb_robot_msgs/srv/detail/get_file_contents__functions.h
[4.756s] -- Up-to-date symlink: /home/ubuntu/ros2ws/install/abb_robot_msgs/include/abb_robot_msgs/abb_robot_msgs/srv/detail/get_file_contents__struct.h
[4.756s] -- Up-to-date symlink: /home/ubuntu/ros2ws/install/abb_robot_msgs/include/abb_robot_msgs/abb_robot_msgs/srv/detail/get_file_contents__type_support.h
[4.756s] -- Up-to-date symlink: /home/ubuntu/ros2ws/install/abb_robot_msgs/include/abb_robot_msgs/abb_robot_msgs/srv/detail/get_io_signal__functions.h
[4.757s] -- Up-to-date symlink: /home/ubuntu/ros2ws/install/abb_robot_msgs/include/abb_robot_msgs/abb_robot_msgs/srv/detail/get_io_signal__struct.h
[4.757s] -- Up-to-date symlink: /home/ubuntu/ros2ws/install/abb_robot_msgs/include/abb_robot_msgs/abb_robot_msgs/srv/detail/get_io_signal__type_support.h
[4.757s] -- Up-to-date symlink: /home/ubuntu/ros2ws/install/abb_robot_msgs/include/abb_robot_msgs/abb_robot_msgs/srv/detail/get_rapid_bool__functions.h
[4.758s] -- Up-to-date symlink: /home/ubuntu/ros2ws/install/abb_robot_msgs/include/abb_robot_msgs/abb_robot_msgs/srv/detail/get_rapid_bool__struct.h
[4.765s] -- Up-to-date symlink: /home/ubuntu/ros2ws/install/abb_robot_msgs/include/abb_robot_msgs/abb_robot_msgs/srv/detail/get_rapid_bool__type_support.h
[4.766s] -- Up-to-date symlink: /home/ubuntu/ros2ws/install/abb_robot_msgs/include/abb_robot_msgs/abb_robot_msgs/srv/detail/get_rapid_dnum__functions.h
[4.766s] -- Up-to-date symlink: /home/ubuntu/ros2ws/install/abb_robot_msgs/include/abb_robot_msgs/abb_robot_msgs/srv/detail/get_rapid_dnum__struct.h
[4.766s] -- Up-to-date symlink: /home/ubuntu/ros2ws/install/abb_robot_msgs/include/abb_robot_msgs/abb_robot_msgs/srv/detail/get_rapid_dnum__type_support.h
[4.766s] -- Up-to-date symlink: /home/ubuntu/ros2ws/install/abb_robot_msgs/include/abb_robot_msgs/abb_robot_msgs/srv/detail/get_rapid_num__functions.h
[4.766s] -- Up-to-date symlink: /home/ubuntu/ros2ws/install/abb_robot_msgs/include/abb_robot_msgs/abb_robot_msgs/srv/detail/get_rapid_num__struct.h
[4.766s] -- Up-to-date symlink: /home/ubuntu/ros2ws/install/abb_robot_msgs/include/abb_robot_msgs/abb_robot_msgs/srv/detail/get_rapid_num__type_support.h
[4.766s] -- Up-to-date symlink: /home/ubuntu/ros2ws/install/abb_robot_msgs/include/abb_robot_msgs/abb_robot_msgs/srv/detail/get_rapid_string__functions.h
[4.767s] -- Up-to-date symlink: /home/ubuntu/ros2ws/install/abb_robot_msgs/include/abb_robot_msgs/abb_robot_msgs/srv/detail/get_rapid_string__struct.h
[4.767s] -- Up-to-date symlink: /home/ubuntu/ros2ws/install/abb_robot_msgs/include/abb_robot_msgs/abb_robot_msgs/srv/detail/get_rapid_string__type_support.h
[4.767s] -- Up-to-date symlink: /home/ubuntu/ros2ws/install/abb_robot_msgs/include/abb_robot_msgs/abb_robot_msgs/srv/detail/get_rapid_symbol__functions.h
[4.767s] -- Up-to-date symlink: /home/ubuntu/ros2ws/install/abb_robot_msgs/include/abb_robot_msgs/abb_robot_msgs/srv/detail/get_rapid_symbol__struct.h
[4.767s] -- Up-to-date symlink: /home/ubuntu/ros2ws/install/abb_robot_msgs/include/abb_robot_msgs/abb_robot_msgs/srv/detail/get_rapid_symbol__type_support.h
[4.768s] -- Up-to-date symlink: /home/ubuntu/ros2ws/install/abb_robot_msgs/include/abb_robot_msgs/abb_robot_msgs/srv/detail/get_robot_controller_description__functions.h
[4.768s] -- Up-to-date symlink: /home/ubuntu/ros2ws/install/abb_robot_msgs/include/abb_robot_msgs/abb_robot_msgs/srv/detail/get_robot_controller_description__struct.h
[4.768s] -- Up-to-date symlink: /home/ubuntu/ros2ws/install/abb_robot_msgs/include/abb_robot_msgs/abb_robot_msgs/srv/detail/get_robot_controller_description__type_support.h
[4.768s] -- Up-to-date symlink: /home/ubuntu/ros2ws/install/abb_robot_msgs/include/abb_robot_msgs/abb_robot_msgs/srv/detail/get_speed_ratio__functions.h
[4.768s] -- Up-to-date symlink: /home/ubuntu/ros2ws/install/abb_robot_msgs/include/abb_robot_msgs/abb_robot_msgs/srv/detail/get_speed_ratio__struct.h
[4.769s] -- Up-to-date symlink: /home/ubuntu/ros2ws/install/abb_robot_msgs/include/abb_robot_msgs/abb_robot_msgs/srv/detail/get_speed_ratio__type_support.h
[4.769s] -- Up-to-date symlink: /home/ubuntu/ros2ws/install/abb_robot_msgs/include/abb_robot_msgs/abb_robot_msgs/srv/detail/set_file_contents__functions.h
[4.769s] -- Up-to-date symlink: /home/ubuntu/ros2ws/install/abb_robot_msgs/include/abb_robot_msgs/abb_robot_msgs/srv/detail/set_file_contents__struct.h
[4.769s] -- Up-to-date symlink: /home/ubuntu/ros2ws/install/abb_robot_msgs/include/abb_robot_msgs/abb_robot_msgs/srv/detail/set_file_contents__type_support.h
[4.769s] -- Up-to-date symlink: /home/ubuntu/ros2ws/install/abb_robot_msgs/include/abb_robot_msgs/abb_robot_msgs/srv/detail/set_io_signal__functions.h
[4.769s] -- Up-to-date symlink: /home/ubuntu/ros2ws/install/abb_robot_msgs/include/abb_robot_msgs/abb_robot_msgs/srv/detail/set_io_signal__struct.h
[4.770s] -- Up-to-date symlink: /home/ubuntu/ros2ws/install/abb_robot_msgs/include/abb_robot_msgs/abb_robot_msgs/srv/detail/set_io_signal__type_support.h
[4.770s] -- Up-to-date symlink: /home/ubuntu/ros2ws/install/abb_robot_msgs/include/abb_robot_msgs/abb_robot_msgs/srv/detail/set_rapid_bool__functions.h
[4.770s] -- Up-to-date symlink: /home/ubuntu/ros2ws/install/abb_robot_msgs/include/abb_robot_msgs/abb_robot_msgs/srv/detail/set_rapid_bool__struct.h
[4.770s] -- Up-to-date symlink: /home/ubuntu/ros2ws/install/abb_robot_msgs/include/abb_robot_msgs/abb_robot_msgs/srv/detail/set_rapid_bool__type_support.h
[4.770s] -- Up-to-date symlink: /home/ubuntu/ros2ws/install/abb_robot_msgs/include/abb_robot_msgs/abb_robot_msgs/srv/detail/set_rapid_dnum__functions.h
[4.770s] -- Up-to-date symlink: /home/ubuntu/ros2ws/install/abb_robot_msgs/include/abb_robot_msgs/abb_robot_msgs/srv/detail/set_rapid_dnum__struct.h
[4.770s] -- Up-to-date symlink: /home/ubuntu/ros2ws/install/abb_robot_msgs/include/abb_robot_msgs/abb_robot_msgs/srv/detail/set_rapid_dnum__type_support.h
[4.770s] -- Up-to-date symlink: /home/ubuntu/ros2ws/install/abb_robot_msgs/include/abb_robot_msgs/abb_robot_msgs/srv/detail/set_rapid_num__functions.h
[4.771s] -- Up-to-date symlink: /home/ubuntu/ros2ws/install/abb_robot_msgs/include/abb_robot_msgs/abb_robot_msgs/srv/detail/set_rapid_num__struct.h
[4.771s] -- Up-to-date symlink: /home/ubuntu/ros2ws/install/abb_robot_msgs/include/abb_robot_msgs/abb_robot_msgs/srv/detail/set_rapid_num__type_support.h
[4.771s] -- Up-to-date symlink: /home/ubuntu/ros2ws/install/abb_robot_msgs/include/abb_robot_msgs/abb_robot_msgs/srv/detail/set_rapid_string__functions.h
[4.771s] -- Up-to-date symlink: /home/ubuntu/ros2ws/install/abb_robot_msgs/include/abb_robot_msgs/abb_robot_msgs/srv/detail/set_rapid_string__struct.h
[4.771s] -- Up-to-date symlink: /home/ubuntu/ros2ws/install/abb_robot_msgs/include/abb_robot_msgs/abb_robot_msgs/srv/detail/set_rapid_string__type_support.h
[4.771s] -- Up-to-date symlink: /home/ubuntu/ros2ws/install/abb_robot_msgs/include/abb_robot_msgs/abb_robot_msgs/srv/detail/set_rapid_symbol__functions.h
[4.772s] -- Up-to-date symlink: /home/ubuntu/ros2ws/install/abb_robot_msgs/include/abb_robot_msgs/abb_robot_msgs/srv/detail/set_rapid_symbol__struct.h
[4.772s] -- Up-to-date symlink: /home/ubuntu/ros2ws/install/abb_robot_msgs/include/abb_robot_msgs/abb_robot_msgs/srv/detail/set_rapid_symbol__type_support.h
[4.772s] -- Up-to-date symlink: /home/ubuntu/ros2ws/install/abb_robot_msgs/include/abb_robot_msgs/abb_robot_msgs/srv/detail/set_speed_ratio__functions.h
[4.772s] -- Up-to-date symlink: /home/ubuntu/ros2ws/install/abb_robot_msgs/include/abb_robot_msgs/abb_robot_msgs/srv/detail/set_speed_ratio__struct.h
[4.772s] -- Up-to-date symlink: /home/ubuntu/ros2ws/install/abb_robot_msgs/include/abb_robot_msgs/abb_robot_msgs/srv/detail/set_speed_ratio__type_support.h
[4.772s] -- Up-to-date symlink: /home/ubuntu/ros2ws/install/abb_robot_msgs/include/abb_robot_msgs/abb_robot_msgs/srv/detail/trigger_with_result_code__functions.h
[4.773s] -- Up-to-date symlink: /home/ubuntu/ros2ws/install/abb_robot_msgs/include/abb_robot_msgs/abb_robot_msgs/srv/detail/trigger_with_result_code__struct.h
[4.773s] -- Up-to-date symlink: /home/ubuntu/ros2ws/install/abb_robot_msgs/include/abb_robot_msgs/abb_robot_msgs/srv/detail/trigger_with_result_code__type_support.h
[4.773s] -- Up-to-date symlink: /home/ubuntu/ros2ws/install/abb_robot_msgs/include/abb_robot_msgs/abb_robot_msgs/srv/get_file_contents.h
[4.773s] -- Up-to-date symlink: /home/ubuntu/ros2ws/install/abb_robot_msgs/include/abb_robot_msgs/abb_robot_msgs/srv/get_io_signal.h
[4.773s] -- Up-to-date symlink: /home/ubuntu/ros2ws/install/abb_robot_msgs/include/abb_robot_msgs/abb_robot_msgs/srv/get_rapid_bool.h
[4.773s] -- Up-to-date symlink: /home/ubuntu/ros2ws/install/abb_robot_msgs/include/abb_robot_msgs/abb_robot_msgs/srv/get_rapid_dnum.h
[4.773s] -- Up-to-date symlink: /home/ubuntu/ros2ws/install/abb_robot_msgs/include/abb_robot_msgs/abb_robot_msgs/srv/get_rapid_num.h
[4.774s] -- Up-to-date symlink: /home/ubuntu/ros2ws/install/abb_robot_msgs/include/abb_robot_msgs/abb_robot_msgs/srv/get_rapid_string.h
[4.775s] -- Up-to-date symlink: /home/ubuntu/ros2ws/install/abb_robot_msgs/include/abb_robot_msgs/abb_robot_msgs/srv/get_rapid_symbol.h
[4.776s] -- Up-to-date symlink: /home/ubuntu/ros2ws/install/abb_robot_msgs/include/abb_robot_msgs/abb_robot_msgs/srv/get_robot_controller_description.h
[4.776s] -- Up-to-date symlink: /home/ubuntu/ros2ws/install/abb_robot_msgs/include/abb_robot_msgs/abb_robot_msgs/srv/get_speed_ratio.h
[4.776s] -- Up-to-date symlink: /home/ubuntu/ros2ws/install/abb_robot_msgs/include/abb_robot_msgs/abb_robot_msgs/srv/set_file_contents.h
[4.776s] -- Up-to-date symlink: /home/ubuntu/ros2ws/install/abb_robot_msgs/include/abb_robot_msgs/abb_robot_msgs/srv/set_io_signal.h
[4.778s] -- Up-to-date symlink: /home/ubuntu/ros2ws/install/abb_robot_msgs/include/abb_robot_msgs/abb_robot_msgs/srv/set_rapid_bool.h
[4.779s] -- Up-to-date symlink: /home/ubuntu/ros2ws/install/abb_robot_msgs/include/abb_robot_msgs/abb_robot_msgs/srv/set_rapid_dnum.h
[4.779s] -- Up-to-date symlink: /home/ubuntu/ros2ws/install/abb_robot_msgs/include/abb_robot_msgs/abb_robot_msgs/srv/set_rapid_num.h
[4.780s] -- Up-to-date symlink: /home/ubuntu/ros2ws/install/abb_robot_msgs/include/abb_robot_msgs/abb_robot_msgs/srv/set_rapid_string.h
[4.781s] -- Up-to-date symlink: /home/ubuntu/ros2ws/install/abb_robot_msgs/include/abb_robot_msgs/abb_robot_msgs/srv/set_rapid_symbol.h
[4.781s] -- Up-to-date symlink: /home/ubuntu/ros2ws/install/abb_robot_msgs/include/abb_robot_msgs/abb_robot_msgs/srv/set_speed_ratio.h
[4.782s] -- Up-to-date symlink: /home/ubuntu/ros2ws/install/abb_robot_msgs/include/abb_robot_msgs/abb_robot_msgs/srv/trigger_with_result_code.h
[4.782s] -- Up-to-date symlink: /home/ubuntu/ros2ws/install/abb_robot_msgs/share/abb_robot_msgs/environment/library_path.sh
[4.782s] -- Up-to-date symlink: /home/ubuntu/ros2ws/install/abb_robot_msgs/share/abb_robot_msgs/environment/library_path.dsv
[4.784s] -- Up-to-date symlink: /home/ubuntu/ros2ws/install/abb_robot_msgs/include/abb_robot_msgs/abb_robot_msgs/msg/detail/mechanical_unit_state__rosidl_typesupport_fastrtps_c.h
[4.785s] -- Up-to-date symlink: /home/ubuntu/ros2ws/install/abb_robot_msgs/include/abb_robot_msgs/abb_robot_msgs/msg/detail/rapid_symbol_path__rosidl_typesupport_fastrtps_c.h
[4.785s] -- Up-to-date symlink: /home/ubuntu/ros2ws/install/abb_robot_msgs/include/abb_robot_msgs/abb_robot_msgs/msg/detail/rapid_task_state__rosidl_typesupport_fastrtps_c.h
[4.785s] -- Up-to-date symlink: /home/ubuntu/ros2ws/install/abb_robot_msgs/include/abb_robot_msgs/abb_robot_msgs/msg/detail/service_responses__rosidl_typesupport_fastrtps_c.h
[4.786s] -- Up-to-date symlink: /home/ubuntu/ros2ws/install/abb_robot_msgs/include/abb_robot_msgs/abb_robot_msgs/msg/detail/system_state__rosidl_typesupport_fastrtps_c.h
[4.787s] -- Up-to-date symlink: /home/ubuntu/ros2ws/install/abb_robot_msgs/include/abb_robot_msgs/abb_robot_msgs/msg/rosidl_typesupport_fastrtps_c__visibility_control.h
[4.787s] -- Up-to-date symlink: /home/ubuntu/ros2ws/install/abb_robot_msgs/include/abb_robot_msgs/abb_robot_msgs/srv/detail/get_file_contents__rosidl_typesupport_fastrtps_c.h
[4.787s] -- Up-to-date symlink: /home/ubuntu/ros2ws/install/abb_robot_msgs/include/abb_robot_msgs/abb_robot_msgs/srv/detail/get_io_signal__rosidl_typesupport_fastrtps_c.h
[4.788s] -- Up-to-date symlink: /home/ubuntu/ros2ws/install/abb_robot_msgs/include/abb_robot_msgs/abb_robot_msgs/srv/detail/get_rapid_bool__rosidl_typesupport_fastrtps_c.h
[4.788s] -- Up-to-date symlink: /home/ubuntu/ros2ws/install/abb_robot_msgs/include/abb_robot_msgs/abb_robot_msgs/srv/detail/get_rapid_dnum__rosidl_typesupport_fastrtps_c.h
[4.789s] -- Up-to-date symlink: /home/ubuntu/ros2ws/install/abb_robot_msgs/include/abb_robot_msgs/abb_robot_msgs/srv/detail/get_rapid_num__rosidl_typesupport_fastrtps_c.h
[4.789s] -- Up-to-date symlink: /home/ubuntu/ros2ws/install/abb_robot_msgs/include/abb_robot_msgs/abb_robot_msgs/srv/detail/get_rapid_string__rosidl_typesupport_fastrtps_c.h
[4.789s] -- Up-to-date symlink: /home/ubuntu/ros2ws/install/abb_robot_msgs/include/abb_robot_msgs/abb_robot_msgs/srv/detail/get_rapid_symbol__rosidl_typesupport_fastrtps_c.h
[4.789s] -- Up-to-date symlink: /home/ubuntu/ros2ws/install/abb_robot_msgs/include/abb_robot_msgs/abb_robot_msgs/srv/detail/get_robot_controller_description__rosidl_typesupport_fastrtps_c.h
[4.789s] -- Up-to-date symlink: /home/ubuntu/ros2ws/install/abb_robot_msgs/include/abb_robot_msgs/abb_robot_msgs/srv/detail/get_speed_ratio__rosidl_typesupport_fastrtps_c.h
[4.790s] -- Up-to-date symlink: /home/ubuntu/ros2ws/install/abb_robot_msgs/include/abb_robot_msgs/abb_robot_msgs/srv/detail/set_file_contents__rosidl_typesupport_fastrtps_c.h
[4.790s] -- Up-to-date symlink: /home/ubuntu/ros2ws/install/abb_robot_msgs/include/abb_robot_msgs/abb_robot_msgs/srv/detail/set_io_signal__rosidl_typesupport_fastrtps_c.h
[4.790s] -- Up-to-date symlink: /home/ubuntu/ros2ws/install/abb_robot_msgs/include/abb_robot_msgs/abb_robot_msgs/srv/detail/set_rapid_bool__rosidl_typesupport_fastrtps_c.h
[4.791s] -- Up-to-date symlink: /home/ubuntu/ros2ws/install/abb_robot_msgs/include/abb_robot_msgs/abb_robot_msgs/srv/detail/set_rapid_dnum__rosidl_typesupport_fastrtps_c.h
[4.791s] -- Up-to-date symlink: /home/ubuntu/ros2ws/install/abb_robot_msgs/include/abb_robot_msgs/abb_robot_msgs/srv/detail/set_rapid_num__rosidl_typesupport_fastrtps_c.h
[4.791s] -- Up-to-date symlink: /home/ubuntu/ros2ws/install/abb_robot_msgs/include/abb_robot_msgs/abb_robot_msgs/srv/detail/set_rapid_string__rosidl_typesupport_fastrtps_c.h
[4.792s] -- Up-to-date symlink: /home/ubuntu/ros2ws/install/abb_robot_msgs/include/abb_robot_msgs/abb_robot_msgs/srv/detail/set_rapid_symbol__rosidl_typesupport_fastrtps_c.h
[4.793s] -- Up-to-date symlink: /home/ubuntu/ros2ws/install/abb_robot_msgs/include/abb_robot_msgs/abb_robot_msgs/srv/detail/set_speed_ratio__rosidl_typesupport_fastrtps_c.h
[4.793s] -- Up-to-date symlink: /home/ubuntu/ros2ws/install/abb_robot_msgs/include/abb_robot_msgs/abb_robot_msgs/srv/detail/trigger_with_result_code__rosidl_typesupport_fastrtps_c.h
[4.794s] -- Up-to-date symlink: /home/ubuntu/ros2ws/install/abb_robot_msgs/include/abb_robot_msgs/abb_robot_msgs/msg/detail/mechanical_unit_state__rosidl_typesupport_introspection_c.h
[4.794s] -- Up-to-date symlink: /home/ubuntu/ros2ws/install/abb_robot_msgs/include/abb_robot_msgs/abb_robot_msgs/msg/detail/rapid_symbol_path__rosidl_typesupport_introspection_c.h
[4.797s] -- Up-to-date symlink: /home/ubuntu/ros2ws/install/abb_robot_msgs/include/abb_robot_msgs/abb_robot_msgs/msg/detail/rapid_task_state__rosidl_typesupport_introspection_c.h
[4.799s] -- Up-to-date symlink: /home/ubuntu/ros2ws/install/abb_robot_msgs/include/abb_robot_msgs/abb_robot_msgs/msg/detail/service_responses__rosidl_typesupport_introspection_c.h
[4.801s] -- Up-to-date symlink: /home/ubuntu/ros2ws/install/abb_robot_msgs/include/abb_robot_msgs/abb_robot_msgs/msg/detail/system_state__rosidl_typesupport_introspection_c.h
[4.801s] -- Up-to-date symlink: /home/ubuntu/ros2ws/install/abb_robot_msgs/include/abb_robot_msgs/abb_robot_msgs/msg/rosidl_typesupport_introspection_c__visibility_control.h
[4.803s] -- Up-to-date symlink: /home/ubuntu/ros2ws/install/abb_robot_msgs/include/abb_robot_msgs/abb_robot_msgs/srv/detail/get_file_contents__rosidl_typesupport_introspection_c.h
[4.804s] -- Up-to-date symlink: /home/ubuntu/ros2ws/install/abb_robot_msgs/include/abb_robot_msgs/abb_robot_msgs/srv/detail/get_io_signal__rosidl_typesupport_introspection_c.h
[4.804s] -- Up-to-date symlink: /home/ubuntu/ros2ws/install/abb_robot_msgs/include/abb_robot_msgs/abb_robot_msgs/srv/detail/get_rapid_bool__rosidl_typesupport_introspection_c.h
[4.804s] -- Up-to-date symlink: /home/ubuntu/ros2ws/install/abb_robot_msgs/include/abb_robot_msgs/abb_robot_msgs/srv/detail/get_rapid_dnum__rosidl_typesupport_introspection_c.h
[4.805s] -- Up-to-date symlink: /home/ubuntu/ros2ws/install/abb_robot_msgs/include/abb_robot_msgs/abb_robot_msgs/srv/detail/get_rapid_num__rosidl_typesupport_introspection_c.h
[4.805s] -- Up-to-date symlink: /home/ubuntu/ros2ws/install/abb_robot_msgs/include/abb_robot_msgs/abb_robot_msgs/srv/detail/get_rapid_string__rosidl_typesupport_introspection_c.h
[4.805s] -- Up-to-date symlink: /home/ubuntu/ros2ws/install/abb_robot_msgs/include/abb_robot_msgs/abb_robot_msgs/srv/detail/get_rapid_symbol__rosidl_typesupport_introspection_c.h
[4.805s] -- Up-to-date symlink: /home/ubuntu/ros2ws/install/abb_robot_msgs/include/abb_robot_msgs/abb_robot_msgs/srv/detail/get_robot_controller_description__rosidl_typesupport_introspection_c.h
[4.806s] -- Up-to-date symlink: /home/ubuntu/ros2ws/install/abb_robot_msgs/include/abb_robot_msgs/abb_robot_msgs/srv/detail/get_speed_ratio__rosidl_typesupport_introspection_c.h
[4.806s] -- Up-to-date symlink: /home/ubuntu/ros2ws/install/abb_robot_msgs/include/abb_robot_msgs/abb_robot_msgs/srv/detail/set_file_contents__rosidl_typesupport_introspection_c.h
[4.806s] -- Up-to-date symlink: /home/ubuntu/ros2ws/install/abb_robot_msgs/include/abb_robot_msgs/abb_robot_msgs/srv/detail/set_io_signal__rosidl_typesupport_introspection_c.h
[4.806s] -- Up-to-date symlink: /home/ubuntu/ros2ws/install/abb_robot_msgs/include/abb_robot_msgs/abb_robot_msgs/srv/detail/set_rapid_bool__rosidl_typesupport_introspection_c.h
[4.807s] -- Up-to-date symlink: /home/ubuntu/ros2ws/install/abb_robot_msgs/include/abb_robot_msgs/abb_robot_msgs/srv/detail/set_rapid_dnum__rosidl_typesupport_introspection_c.h
[4.807s] -- Up-to-date symlink: /home/ubuntu/ros2ws/install/abb_robot_msgs/include/abb_robot_msgs/abb_robot_msgs/srv/detail/set_rapid_num__rosidl_typesupport_introspection_c.h
[4.808s] -- Up-to-date symlink: /home/ubuntu/ros2ws/install/abb_robot_msgs/include/abb_robot_msgs/abb_robot_msgs/srv/detail/set_rapid_string__rosidl_typesupport_introspection_c.h
[4.808s] -- Up-to-date symlink: /home/ubuntu/ros2ws/install/abb_robot_msgs/include/abb_robot_msgs/abb_robot_msgs/srv/detail/set_rapid_symbol__rosidl_typesupport_introspection_c.h
[4.808s] -- Up-to-date symlink: /home/ubuntu/ros2ws/install/abb_robot_msgs/include/abb_robot_msgs/abb_robot_msgs/srv/detail/set_speed_ratio__rosidl_typesupport_introspection_c.h
[4.808s] -- Up-to-date symlink: /home/ubuntu/ros2ws/install/abb_robot_msgs/include/abb_robot_msgs/abb_robot_msgs/srv/detail/trigger_with_result_code__rosidl_typesupport_introspection_c.h
[4.808s] -- Up-to-date symlink: /home/ubuntu/ros2ws/install/abb_robot_msgs/include/abb_robot_msgs/abb_robot_msgs/msg/detail/mechanical_unit_state__builder.hpp
[4.808s] -- Up-to-date symlink: /home/ubuntu/ros2ws/install/abb_robot_msgs/include/abb_robot_msgs/abb_robot_msgs/msg/detail/mechanical_unit_state__struct.hpp
[4.808s] -- Up-to-date symlink: /home/ubuntu/ros2ws/install/abb_robot_msgs/include/abb_robot_msgs/abb_robot_msgs/msg/detail/mechanical_unit_state__traits.hpp
[4.809s] -- Up-to-date symlink: /home/ubuntu/ros2ws/install/abb_robot_msgs/include/abb_robot_msgs/abb_robot_msgs/msg/detail/rapid_symbol_path__builder.hpp
[4.809s] -- Up-to-date symlink: /home/ubuntu/ros2ws/install/abb_robot_msgs/include/abb_robot_msgs/abb_robot_msgs/msg/detail/rapid_symbol_path__struct.hpp
[4.809s] -- Up-to-date symlink: /home/ubuntu/ros2ws/install/abb_robot_msgs/include/abb_robot_msgs/abb_robot_msgs/msg/detail/rapid_symbol_path__traits.hpp
[4.809s] -- Up-to-date symlink: /home/ubuntu/ros2ws/install/abb_robot_msgs/include/abb_robot_msgs/abb_robot_msgs/msg/detail/rapid_task_state__builder.hpp
[4.812s] -- Up-to-date symlink: /home/ubuntu/ros2ws/install/abb_robot_msgs/include/abb_robot_msgs/abb_robot_msgs/msg/detail/rapid_task_state__struct.hpp
[4.812s] -- Up-to-date symlink: /home/ubuntu/ros2ws/install/abb_robot_msgs/include/abb_robot_msgs/abb_robot_msgs/msg/detail/rapid_task_state__traits.hpp
[4.814s] -- Up-to-date symlink: /home/ubuntu/ros2ws/install/abb_robot_msgs/include/abb_robot_msgs/abb_robot_msgs/msg/detail/service_responses__builder.hpp
[4.814s] -- Up-to-date symlink: /home/ubuntu/ros2ws/install/abb_robot_msgs/include/abb_robot_msgs/abb_robot_msgs/msg/detail/service_responses__struct.hpp
[4.814s] -- Up-to-date symlink: /home/ubuntu/ros2ws/install/abb_robot_msgs/include/abb_robot_msgs/abb_robot_msgs/msg/detail/service_responses__traits.hpp
[4.814s] -- Up-to-date symlink: /home/ubuntu/ros2ws/install/abb_robot_msgs/include/abb_robot_msgs/abb_robot_msgs/msg/detail/system_state__builder.hpp
[4.814s] -- Up-to-date symlink: /home/ubuntu/ros2ws/install/abb_robot_msgs/include/abb_robot_msgs/abb_robot_msgs/msg/detail/system_state__struct.hpp
[4.815s] -- Up-to-date symlink: /home/ubuntu/ros2ws/install/abb_robot_msgs/include/abb_robot_msgs/abb_robot_msgs/msg/detail/system_state__traits.hpp
[4.815s] -- Up-to-date symlink: /home/ubuntu/ros2ws/install/abb_robot_msgs/include/abb_robot_msgs/abb_robot_msgs/msg/mechanical_unit_state.hpp
[4.815s] -- Up-to-date symlink: /home/ubuntu/ros2ws/install/abb_robot_msgs/include/abb_robot_msgs/abb_robot_msgs/msg/rapid_symbol_path.hpp
[4.815s] -- Up-to-date symlink: /home/ubuntu/ros2ws/install/abb_robot_msgs/include/abb_robot_msgs/abb_robot_msgs/msg/rapid_task_state.hpp
[4.815s] -- Up-to-date symlink: /home/ubuntu/ros2ws/install/abb_robot_msgs/include/abb_robot_msgs/abb_robot_msgs/msg/service_responses.hpp
[4.816s] -- Up-to-date symlink: /home/ubuntu/ros2ws/install/abb_robot_msgs/include/abb_robot_msgs/abb_robot_msgs/msg/system_state.hpp
[4.816s] -- Up-to-date symlink: /home/ubuntu/ros2ws/install/abb_robot_msgs/include/abb_robot_msgs/abb_robot_msgs/srv/detail/get_file_contents__builder.hpp
[4.817s] -- Up-to-date symlink: /home/ubuntu/ros2ws/install/abb_robot_msgs/include/abb_robot_msgs/abb_robot_msgs/srv/detail/get_file_contents__struct.hpp
[4.817s] -- Up-to-date symlink: /home/ubuntu/ros2ws/install/abb_robot_msgs/include/abb_robot_msgs/abb_robot_msgs/srv/detail/get_file_contents__traits.hpp
[4.818s] -- Up-to-date symlink: /home/ubuntu/ros2ws/install/abb_robot_msgs/include/abb_robot_msgs/abb_robot_msgs/srv/detail/get_io_signal__builder.hpp
[4.818s] -- Up-to-date symlink: /home/ubuntu/ros2ws/install/abb_robot_msgs/include/abb_robot_msgs/abb_robot_msgs/srv/detail/get_io_signal__struct.hpp
[4.820s] -- Up-to-date symlink: /home/ubuntu/ros2ws/install/abb_robot_msgs/include/abb_robot_msgs/abb_robot_msgs/srv/detail/get_io_signal__traits.hpp
[4.828s] -- Up-to-date symlink: /home/ubuntu/ros2ws/install/abb_robot_msgs/include/abb_robot_msgs/abb_robot_msgs/srv/detail/get_rapid_bool__builder.hpp
[4.837s] -- Up-to-date symlink: /home/ubuntu/ros2ws/install/abb_robot_msgs/include/abb_robot_msgs/abb_robot_msgs/srv/detail/get_rapid_bool__struct.hpp
[4.843s] -- Up-to-date symlink: /home/ubuntu/ros2ws/install/abb_robot_msgs/include/abb_robot_msgs/abb_robot_msgs/srv/detail/get_rapid_bool__traits.hpp
[4.856s] -- Up-to-date symlink: /home/ubuntu/ros2ws/install/abb_robot_msgs/include/abb_robot_msgs/abb_robot_msgs/srv/detail/get_rapid_dnum__builder.hpp
[4.859s] -- Up-to-date symlink: /home/ubuntu/ros2ws/install/abb_robot_msgs/include/abb_robot_msgs/abb_robot_msgs/srv/detail/get_rapid_dnum__struct.hpp
[4.863s] -- Up-to-date symlink: /home/ubuntu/ros2ws/install/abb_robot_msgs/include/abb_robot_msgs/abb_robot_msgs/srv/detail/get_rapid_dnum__traits.hpp
[4.866s] -- Up-to-date symlink: /home/ubuntu/ros2ws/install/abb_robot_msgs/include/abb_robot_msgs/abb_robot_msgs/srv/detail/get_rapid_num__builder.hpp
[4.868s] -- Up-to-date symlink: /home/ubuntu/ros2ws/install/abb_robot_msgs/include/abb_robot_msgs/abb_robot_msgs/srv/detail/get_rapid_num__struct.hpp
[4.869s] -- Up-to-date symlink: /home/ubuntu/ros2ws/install/abb_robot_msgs/include/abb_robot_msgs/abb_robot_msgs/srv/detail/get_rapid_num__traits.hpp
[4.872s] -- Up-to-date symlink: /home/ubuntu/ros2ws/install/abb_robot_msgs/include/abb_robot_msgs/abb_robot_msgs/srv/detail/get_rapid_string__builder.hpp
[4.874s] -- Up-to-date symlink: /home/ubuntu/ros2ws/install/abb_robot_msgs/include/abb_robot_msgs/abb_robot_msgs/srv/detail/get_rapid_string__struct.hpp
[4.875s] -- Up-to-date symlink: /home/ubuntu/ros2ws/install/abb_robot_msgs/include/abb_robot_msgs/abb_robot_msgs/srv/detail/get_rapid_string__traits.hpp
[4.875s] -- Up-to-date symlink: /home/ubuntu/ros2ws/install/abb_robot_msgs/include/abb_robot_msgs/abb_robot_msgs/srv/detail/get_rapid_symbol__builder.hpp
[4.878s] -- Up-to-date symlink: /home/ubuntu/ros2ws/install/abb_robot_msgs/include/abb_robot_msgs/abb_robot_msgs/srv/detail/get_rapid_symbol__struct.hpp
[4.880s] -- Up-to-date symlink: /home/ubuntu/ros2ws/install/abb_robot_msgs/include/abb_robot_msgs/abb_robot_msgs/srv/detail/get_rapid_symbol__traits.hpp
[4.880s] -- Up-to-date symlink: /home/ubuntu/ros2ws/install/abb_robot_msgs/include/abb_robot_msgs/abb_robot_msgs/srv/detail/get_robot_controller_description__builder.hpp
[4.880s] -- Up-to-date symlink: /home/ubuntu/ros2ws/install/abb_robot_msgs/include/abb_robot_msgs/abb_robot_msgs/srv/detail/get_robot_controller_description__struct.hpp
[4.882s] -- Up-to-date symlink: /home/ubuntu/ros2ws/install/abb_robot_msgs/include/abb_robot_msgs/abb_robot_msgs/srv/detail/get_robot_controller_description__traits.hpp
[4.882s] -- Up-to-date symlink: /home/ubuntu/ros2ws/install/abb_robot_msgs/include/abb_robot_msgs/abb_robot_msgs/srv/detail/get_speed_ratio__builder.hpp
[4.882s] -- Up-to-date symlink: /home/ubuntu/ros2ws/install/abb_robot_msgs/include/abb_robot_msgs/abb_robot_msgs/srv/detail/get_speed_ratio__struct.hpp
[4.882s] -- Up-to-date symlink: /home/ubuntu/ros2ws/install/abb_robot_msgs/include/abb_robot_msgs/abb_robot_msgs/srv/detail/get_speed_ratio__traits.hpp
[4.882s] -- Up-to-date symlink: /home/ubuntu/ros2ws/install/abb_robot_msgs/include/abb_robot_msgs/abb_robot_msgs/srv/detail/set_file_contents__builder.hpp
[4.882s] -- Up-to-date symlink: /home/ubuntu/ros2ws/install/abb_robot_msgs/include/abb_robot_msgs/abb_robot_msgs/srv/detail/set_file_contents__struct.hpp
[4.885s] -- Up-to-date symlink: /home/ubuntu/ros2ws/install/abb_robot_msgs/include/abb_robot_msgs/abb_robot_msgs/srv/detail/set_file_contents__traits.hpp
[4.885s] -- Up-to-date symlink: /home/ubuntu/ros2ws/install/abb_robot_msgs/include/abb_robot_msgs/abb_robot_msgs/srv/detail/set_io_signal__builder.hpp
[4.885s] -- Up-to-date symlink: /home/ubuntu/ros2ws/install/abb_robot_msgs/include/abb_robot_msgs/abb_robot_msgs/srv/detail/set_io_signal__struct.hpp
[4.887s] -- Up-to-date symlink: /home/ubuntu/ros2ws/install/abb_robot_msgs/include/abb_robot_msgs/abb_robot_msgs/srv/detail/set_io_signal__traits.hpp
[4.887s] -- Up-to-date symlink: /home/ubuntu/ros2ws/install/abb_robot_msgs/include/abb_robot_msgs/abb_robot_msgs/srv/detail/set_rapid_bool__builder.hpp
[4.888s] -- Up-to-date symlink: /home/ubuntu/ros2ws/install/abb_robot_msgs/include/abb_robot_msgs/abb_robot_msgs/srv/detail/set_rapid_bool__struct.hpp
[4.890s] -- Up-to-date symlink: /home/ubuntu/ros2ws/install/abb_robot_msgs/include/abb_robot_msgs/abb_robot_msgs/srv/detail/set_rapid_bool__traits.hpp
[4.890s] -- Up-to-date symlink: /home/ubuntu/ros2ws/install/abb_robot_msgs/include/abb_robot_msgs/abb_robot_msgs/srv/detail/set_rapid_dnum__builder.hpp
[4.890s] -- Up-to-date symlink: /home/ubuntu/ros2ws/install/abb_robot_msgs/include/abb_robot_msgs/abb_robot_msgs/srv/detail/set_rapid_dnum__struct.hpp
[4.894s] -- Up-to-date symlink: /home/ubuntu/ros2ws/install/abb_robot_msgs/include/abb_robot_msgs/abb_robot_msgs/srv/detail/set_rapid_dnum__traits.hpp
[4.894s] -- Up-to-date symlink: /home/ubuntu/ros2ws/install/abb_robot_msgs/include/abb_robot_msgs/abb_robot_msgs/srv/detail/set_rapid_num__builder.hpp
[4.894s] -- Up-to-date symlink: /home/ubuntu/ros2ws/install/abb_robot_msgs/include/abb_robot_msgs/abb_robot_msgs/srv/detail/set_rapid_num__struct.hpp
[4.894s] -- Up-to-date symlink: /home/ubuntu/ros2ws/install/abb_robot_msgs/include/abb_robot_msgs/abb_robot_msgs/srv/detail/set_rapid_num__traits.hpp
[4.895s] -- Up-to-date symlink: /home/ubuntu/ros2ws/install/abb_robot_msgs/include/abb_robot_msgs/abb_robot_msgs/srv/detail/set_rapid_string__builder.hpp
[4.895s] -- Up-to-date symlink: /home/ubuntu/ros2ws/install/abb_robot_msgs/include/abb_robot_msgs/abb_robot_msgs/srv/detail/set_rapid_string__struct.hpp
[4.895s] -- Up-to-date symlink: /home/ubuntu/ros2ws/install/abb_robot_msgs/include/abb_robot_msgs/abb_robot_msgs/srv/detail/set_rapid_string__traits.hpp
[4.895s] -- Up-to-date symlink: /home/ubuntu/ros2ws/install/abb_robot_msgs/include/abb_robot_msgs/abb_robot_msgs/srv/detail/set_rapid_symbol__builder.hpp
[4.897s] -- Up-to-date symlink: /home/ubuntu/ros2ws/install/abb_robot_msgs/include/abb_robot_msgs/abb_robot_msgs/srv/detail/set_rapid_symbol__struct.hpp
[4.899s] -- Up-to-date symlink: /home/ubuntu/ros2ws/install/abb_robot_msgs/include/abb_robot_msgs/abb_robot_msgs/srv/detail/set_rapid_symbol__traits.hpp
[4.900s] -- Up-to-date symlink: /home/ubuntu/ros2ws/install/abb_robot_msgs/include/abb_robot_msgs/abb_robot_msgs/srv/detail/set_speed_ratio__builder.hpp
[4.900s] -- Up-to-date symlink: /home/ubuntu/ros2ws/install/abb_robot_msgs/include/abb_robot_msgs/abb_robot_msgs/srv/detail/set_speed_ratio__struct.hpp
[4.904s] -- Up-to-date symlink: /home/ubuntu/ros2ws/install/abb_robot_msgs/include/abb_robot_msgs/abb_robot_msgs/srv/detail/set_speed_ratio__traits.hpp
[4.906s] -- Up-to-date symlink: /home/ubuntu/ros2ws/install/abb_robot_msgs/include/abb_robot_msgs/abb_robot_msgs/srv/detail/trigger_with_result_code__builder.hpp
[4.906s] -- Up-to-date symlink: /home/ubuntu/ros2ws/install/abb_robot_msgs/include/abb_robot_msgs/abb_robot_msgs/srv/detail/trigger_with_result_code__struct.hpp
[4.908s] -- Up-to-date symlink: /home/ubuntu/ros2ws/install/abb_robot_msgs/include/abb_robot_msgs/abb_robot_msgs/srv/detail/trigger_with_result_code__traits.hpp
[4.909s] -- Up-to-date symlink: /home/ubuntu/ros2ws/install/abb_robot_msgs/include/abb_robot_msgs/abb_robot_msgs/srv/get_file_contents.hpp
[4.910s] -- Up-to-date symlink: /home/ubuntu/ros2ws/install/abb_robot_msgs/include/abb_robot_msgs/abb_robot_msgs/srv/get_io_signal.hpp
[4.910s] -- Up-to-date symlink: /home/ubuntu/ros2ws/install/abb_robot_msgs/include/abb_robot_msgs/abb_robot_msgs/srv/get_rapid_bool.hpp
[4.910s] -- Up-to-date symlink: /home/ubuntu/ros2ws/install/abb_robot_msgs/include/abb_robot_msgs/abb_robot_msgs/srv/get_rapid_dnum.hpp
[4.910s] -- Up-to-date symlink: /home/ubuntu/ros2ws/install/abb_robot_msgs/include/abb_robot_msgs/abb_robot_msgs/srv/get_rapid_num.hpp
[4.911s] -- Up-to-date symlink: /home/ubuntu/ros2ws/install/abb_robot_msgs/include/abb_robot_msgs/abb_robot_msgs/srv/get_rapid_string.hpp
[4.911s] -- Up-to-date symlink: /home/ubuntu/ros2ws/install/abb_robot_msgs/include/abb_robot_msgs/abb_robot_msgs/srv/get_rapid_symbol.hpp
[4.911s] -- Up-to-date symlink: /home/ubuntu/ros2ws/install/abb_robot_msgs/include/abb_robot_msgs/abb_robot_msgs/srv/get_robot_controller_description.hpp
[4.911s] -- Up-to-date symlink: /home/ubuntu/ros2ws/install/abb_robot_msgs/include/abb_robot_msgs/abb_robot_msgs/srv/get_speed_ratio.hpp
[4.911s] -- Up-to-date symlink: /home/ubuntu/ros2ws/install/abb_robot_msgs/include/abb_robot_msgs/abb_robot_msgs/srv/set_file_contents.hpp
[4.911s] -- Up-to-date symlink: /home/ubuntu/ros2ws/install/abb_robot_msgs/include/abb_robot_msgs/abb_robot_msgs/srv/set_io_signal.hpp
[4.911s] -- Up-to-date symlink: /home/ubuntu/ros2ws/install/abb_robot_msgs/include/abb_robot_msgs/abb_robot_msgs/srv/set_rapid_bool.hpp
[4.911s] -- Up-to-date symlink: /home/ubuntu/ros2ws/install/abb_robot_msgs/include/abb_robot_msgs/abb_robot_msgs/srv/set_rapid_dnum.hpp
[4.911s] -- Up-to-date symlink: /home/ubuntu/ros2ws/install/abb_robot_msgs/include/abb_robot_msgs/abb_robot_msgs/srv/set_rapid_num.hpp
[4.911s] -- Up-to-date symlink: /home/ubuntu/ros2ws/install/abb_robot_msgs/include/abb_robot_msgs/abb_robot_msgs/srv/set_rapid_string.hpp
[4.911s] -- Up-to-date symlink: /home/ubuntu/ros2ws/install/abb_robot_msgs/include/abb_robot_msgs/abb_robot_msgs/srv/set_rapid_symbol.hpp
[4.911s] -- Up-to-date symlink: /home/ubuntu/ros2ws/install/abb_robot_msgs/include/abb_robot_msgs/abb_robot_msgs/srv/set_speed_ratio.hpp
[4.916s] -- Up-to-date symlink: /home/ubuntu/ros2ws/install/abb_robot_msgs/include/abb_robot_msgs/abb_robot_msgs/srv/trigger_with_result_code.hpp
[4.917s] -- Up-to-date symlink: /home/ubuntu/ros2ws/install/abb_robot_msgs/include/abb_robot_msgs/abb_robot_msgs/msg/detail/mechanical_unit_state__rosidl_typesupport_fastrtps_cpp.hpp
[4.933s] -- Up-to-date symlink: /home/ubuntu/ros2ws/install/abb_robot_msgs/include/abb_robot_msgs/abb_robot_msgs/msg/detail/rapid_symbol_path__rosidl_typesupport_fastrtps_cpp.hpp
[4.934s] -- Up-to-date symlink: /home/ubuntu/ros2ws/install/abb_robot_msgs/include/abb_robot_msgs/abb_robot_msgs/msg/detail/rapid_task_state__rosidl_typesupport_fastrtps_cpp.hpp
[4.935s] -- Up-to-date symlink: /home/ubuntu/ros2ws/install/abb_robot_msgs/include/abb_robot_msgs/abb_robot_msgs/msg/detail/service_responses__rosidl_typesupport_fastrtps_cpp.hpp
[4.935s] -- Up-to-date symlink: /home/ubuntu/ros2ws/install/abb_robot_msgs/include/abb_robot_msgs/abb_robot_msgs/msg/detail/system_state__rosidl_typesupport_fastrtps_cpp.hpp
[4.935s] -- Up-to-date symlink: /home/ubuntu/ros2ws/install/abb_robot_msgs/include/abb_robot_msgs/abb_robot_msgs/msg/rosidl_typesupport_fastrtps_cpp__visibility_control.h
[4.935s] -- Up-to-date symlink: /home/ubuntu/ros2ws/install/abb_robot_msgs/include/abb_robot_msgs/abb_robot_msgs/srv/detail/get_file_contents__rosidl_typesupport_fastrtps_cpp.hpp
[4.935s] -- Up-to-date symlink: /home/ubuntu/ros2ws/install/abb_robot_msgs/include/abb_robot_msgs/abb_robot_msgs/srv/detail/get_io_signal__rosidl_typesupport_fastrtps_cpp.hpp
[4.935s] -- Up-to-date symlink: /home/ubuntu/ros2ws/install/abb_robot_msgs/include/abb_robot_msgs/abb_robot_msgs/srv/detail/get_rapid_bool__rosidl_typesupport_fastrtps_cpp.hpp
[4.935s] -- Up-to-date symlink: /home/ubuntu/ros2ws/install/abb_robot_msgs/include/abb_robot_msgs/abb_robot_msgs/srv/detail/get_rapid_dnum__rosidl_typesupport_fastrtps_cpp.hpp
[4.935s] -- Up-to-date symlink: /home/ubuntu/ros2ws/install/abb_robot_msgs/include/abb_robot_msgs/abb_robot_msgs/srv/detail/get_rapid_num__rosidl_typesupport_fastrtps_cpp.hpp
[4.935s] -- Up-to-date symlink: /home/ubuntu/ros2ws/install/abb_robot_msgs/include/abb_robot_msgs/abb_robot_msgs/srv/detail/get_rapid_string__rosidl_typesupport_fastrtps_cpp.hpp
[4.939s] -- Up-to-date symlink: /home/ubuntu/ros2ws/install/abb_robot_msgs/include/abb_robot_msgs/abb_robot_msgs/srv/detail/get_rapid_symbol__rosidl_typesupport_fastrtps_cpp.hpp
[4.939s] -- Up-to-date symlink: /home/ubuntu/ros2ws/install/abb_robot_msgs/include/abb_robot_msgs/abb_robot_msgs/srv/detail/get_robot_controller_description__rosidl_typesupport_fastrtps_cpp.hpp
[4.939s] -- Up-to-date symlink: /home/ubuntu/ros2ws/install/abb_robot_msgs/include/abb_robot_msgs/abb_robot_msgs/srv/detail/get_speed_ratio__rosidl_typesupport_fastrtps_cpp.hpp
[4.939s] -- Up-to-date symlink: /home/ubuntu/ros2ws/install/abb_robot_msgs/include/abb_robot_msgs/abb_robot_msgs/srv/detail/set_file_contents__rosidl_typesupport_fastrtps_cpp.hpp
[4.940s] -- Up-to-date symlink: /home/ubuntu/ros2ws/install/abb_robot_msgs/include/abb_robot_msgs/abb_robot_msgs/srv/detail/set_io_signal__rosidl_typesupport_fastrtps_cpp.hpp
[4.940s] -- Up-to-date symlink: /home/ubuntu/ros2ws/install/abb_robot_msgs/include/abb_robot_msgs/abb_robot_msgs/srv/detail/set_rapid_bool__rosidl_typesupport_fastrtps_cpp.hpp
[4.940s] -- Up-to-date symlink: /home/ubuntu/ros2ws/install/abb_robot_msgs/include/abb_robot_msgs/abb_robot_msgs/srv/detail/set_rapid_dnum__rosidl_typesupport_fastrtps_cpp.hpp
[4.941s] -- Up-to-date symlink: /home/ubuntu/ros2ws/install/abb_robot_msgs/include/abb_robot_msgs/abb_robot_msgs/srv/detail/set_rapid_num__rosidl_typesupport_fastrtps_cpp.hpp
[4.941s] -- Up-to-date symlink: /home/ubuntu/ros2ws/install/abb_robot_msgs/include/abb_robot_msgs/abb_robot_msgs/srv/detail/set_rapid_string__rosidl_typesupport_fastrtps_cpp.hpp
[4.941s] -- Up-to-date symlink: /home/ubuntu/ros2ws/install/abb_robot_msgs/include/abb_robot_msgs/abb_robot_msgs/srv/detail/set_rapid_symbol__rosidl_typesupport_fastrtps_cpp.hpp
[4.942s] -- Up-to-date symlink: /home/ubuntu/ros2ws/install/abb_robot_msgs/include/abb_robot_msgs/abb_robot_msgs/srv/detail/set_speed_ratio__rosidl_typesupport_fastrtps_cpp.hpp
[4.952s] -- Up-to-date symlink: /home/ubuntu/ros2ws/install/abb_robot_msgs/include/abb_robot_msgs/abb_robot_msgs/srv/detail/trigger_with_result_code__rosidl_typesupport_fastrtps_cpp.hpp
[4.953s] -- Up-to-date symlink: /home/ubuntu/ros2ws/install/abb_robot_msgs/include/abb_robot_msgs/abb_robot_msgs/msg/detail/mechanical_unit_state__rosidl_typesupport_introspection_cpp.hpp
[4.961s] -- Up-to-date symlink: /home/ubuntu/ros2ws/install/abb_robot_msgs/include/abb_robot_msgs/abb_robot_msgs/msg/detail/rapid_symbol_path__rosidl_typesupport_introspection_cpp.hpp
[4.961s] -- Up-to-date symlink: /home/ubuntu/ros2ws/install/abb_robot_msgs/include/abb_robot_msgs/abb_robot_msgs/msg/detail/rapid_task_state__rosidl_typesupport_introspection_cpp.hpp
[4.961s] -- Up-to-date symlink: /home/ubuntu/ros2ws/install/abb_robot_msgs/include/abb_robot_msgs/abb_robot_msgs/msg/detail/service_responses__rosidl_typesupport_introspection_cpp.hpp
[4.963s] -- Up-to-date symlink: /home/ubuntu/ros2ws/install/abb_robot_msgs/include/abb_robot_msgs/abb_robot_msgs/msg/detail/system_state__rosidl_typesupport_introspection_cpp.hpp
[4.963s] -- Up-to-date symlink: /home/ubuntu/ros2ws/install/abb_robot_msgs/include/abb_robot_msgs/abb_robot_msgs/srv/detail/get_file_contents__rosidl_typesupport_introspection_cpp.hpp
[4.963s] -- Up-to-date symlink: /home/ubuntu/ros2ws/install/abb_robot_msgs/include/abb_robot_msgs/abb_robot_msgs/srv/detail/get_io_signal__rosidl_typesupport_introspection_cpp.hpp
[4.964s] -- Up-to-date symlink: /home/ubuntu/ros2ws/install/abb_robot_msgs/include/abb_robot_msgs/abb_robot_msgs/srv/detail/get_rapid_bool__rosidl_typesupport_introspection_cpp.hpp
[4.965s] -- Up-to-date symlink: /home/ubuntu/ros2ws/install/abb_robot_msgs/include/abb_robot_msgs/abb_robot_msgs/srv/detail/get_rapid_dnum__rosidl_typesupport_introspection_cpp.hpp
[4.965s] -- Up-to-date symlink: /home/ubuntu/ros2ws/install/abb_robot_msgs/include/abb_robot_msgs/abb_robot_msgs/srv/detail/get_rapid_num__rosidl_typesupport_introspection_cpp.hpp
[4.965s] -- Up-to-date symlink: /home/ubuntu/ros2ws/install/abb_robot_msgs/include/abb_robot_msgs/abb_robot_msgs/srv/detail/get_rapid_string__rosidl_typesupport_introspection_cpp.hpp
[4.966s] -- Up-to-date symlink: /home/ubuntu/ros2ws/install/abb_robot_msgs/include/abb_robot_msgs/abb_robot_msgs/srv/detail/get_rapid_symbol__rosidl_typesupport_introspection_cpp.hpp
[4.967s] -- Up-to-date symlink: /home/ubuntu/ros2ws/install/abb_robot_msgs/include/abb_robot_msgs/abb_robot_msgs/srv/detail/get_robot_controller_description__rosidl_typesupport_introspection_cpp.hpp
[4.967s] -- Up-to-date symlink: /home/ubuntu/ros2ws/install/abb_robot_msgs/include/abb_robot_msgs/abb_robot_msgs/srv/detail/get_speed_ratio__rosidl_typesupport_introspection_cpp.hpp
[4.967s] -- Up-to-date symlink: /home/ubuntu/ros2ws/install/abb_robot_msgs/include/abb_robot_msgs/abb_robot_msgs/srv/detail/set_file_contents__rosidl_typesupport_introspection_cpp.hpp
[4.967s] -- Up-to-date symlink: /home/ubuntu/ros2ws/install/abb_robot_msgs/include/abb_robot_msgs/abb_robot_msgs/srv/detail/set_io_signal__rosidl_typesupport_introspection_cpp.hpp
[4.975s] -- Up-to-date symlink: /home/ubuntu/ros2ws/install/abb_robot_msgs/include/abb_robot_msgs/abb_robot_msgs/srv/detail/set_rapid_bool__rosidl_typesupport_introspection_cpp.hpp
[4.976s] -- Up-to-date symlink: /home/ubuntu/ros2ws/install/abb_robot_msgs/include/abb_robot_msgs/abb_robot_msgs/srv/detail/set_rapid_dnum__rosidl_typesupport_introspection_cpp.hpp
[4.976s] -- Up-to-date symlink: /home/ubuntu/ros2ws/install/abb_robot_msgs/include/abb_robot_msgs/abb_robot_msgs/srv/detail/set_rapid_num__rosidl_typesupport_introspection_cpp.hpp
[4.976s] -- Up-to-date symlink: /home/ubuntu/ros2ws/install/abb_robot_msgs/include/abb_robot_msgs/abb_robot_msgs/srv/detail/set_rapid_string__rosidl_typesupport_introspection_cpp.hpp
[4.977s] -- Up-to-date symlink: /home/ubuntu/ros2ws/install/abb_robot_msgs/include/abb_robot_msgs/abb_robot_msgs/srv/detail/set_rapid_symbol__rosidl_typesupport_introspection_cpp.hpp
[4.977s] -- Up-to-date symlink: /home/ubuntu/ros2ws/install/abb_robot_msgs/include/abb_robot_msgs/abb_robot_msgs/srv/detail/set_speed_ratio__rosidl_typesupport_introspection_cpp.hpp
[4.977s] -- Up-to-date symlink: /home/ubuntu/ros2ws/install/abb_robot_msgs/include/abb_robot_msgs/abb_robot_msgs/srv/detail/trigger_with_result_code__rosidl_typesupport_introspection_cpp.hpp
[4.996s] -- Up-to-date symlink: /home/ubuntu/ros2ws/install/abb_robot_msgs/share/abb_robot_msgs/environment/pythonpath.sh
[4.996s] -- Up-to-date symlink: /home/ubuntu/ros2ws/install/abb_robot_msgs/share/abb_robot_msgs/environment/pythonpath.dsv
[4.996s] -- Up-to-date symlink: /home/ubuntu/ros2ws/install/abb_robot_msgs/local/lib/python3.10/dist-packages/abb_robot_msgs-1.0.0-py3.10.egg-info/PKG-INFO
[4.996s] -- Up-to-date symlink: /home/ubuntu/ros2ws/install/abb_robot_msgs/local/lib/python3.10/dist-packages/abb_robot_msgs-1.0.0-py3.10.egg-info/SOURCES.txt
[4.996s] -- Up-to-date symlink: /home/ubuntu/ros2ws/install/abb_robot_msgs/local/lib/python3.10/dist-packages/abb_robot_msgs-1.0.0-py3.10.egg-info/dependency_links.txt
[4.996s] -- Up-to-date symlink: /home/ubuntu/ros2ws/install/abb_robot_msgs/local/lib/python3.10/dist-packages/abb_robot_msgs-1.0.0-py3.10.egg-info/top_level.txt
[4.997s] -- Up-to-date symlink: /home/ubuntu/ros2ws/install/abb_robot_msgs/local/lib/python3.10/dist-packages/abb_robot_msgs/__init__.py
[4.997s] -- Up-to-date symlink: /home/ubuntu/ros2ws/install/abb_robot_msgs/local/lib/python3.10/dist-packages/abb_robot_msgs/_abb_robot_msgs_s.ep.rosidl_typesupport_c.c
[4.998s] -- Up-to-date symlink: /home/ubuntu/ros2ws/install/abb_robot_msgs/local/lib/python3.10/dist-packages/abb_robot_msgs/_abb_robot_msgs_s.ep.rosidl_typesupport_fastrtps_c.c
[4.998s] -- Up-to-date symlink: /home/ubuntu/ros2ws/install/abb_robot_msgs/local/lib/python3.10/dist-packages/abb_robot_msgs/_abb_robot_msgs_s.ep.rosidl_typesupport_introspection_c.c
[4.998s] -- Up-to-date symlink: /home/ubuntu/ros2ws/install/abb_robot_msgs/local/lib/python3.10/dist-packages/abb_robot_msgs/abb_robot_msgs_s__rosidl_typesupport_c.cpython-310-x86_64-linux-gnu.so
[4.998s] -- Up-to-date symlink: /home/ubuntu/ros2ws/install/abb_robot_msgs/local/lib/python3.10/dist-packages/abb_robot_msgs/abb_robot_msgs_s__rosidl_typesupport_fastrtps_c.cpython-310-x86_64-linux-gnu.so
[4.998s] -- Up-to-date symlink: /home/ubuntu/ros2ws/install/abb_robot_msgs/local/lib/python3.10/dist-packages/abb_robot_msgs/abb_robot_msgs_s__rosidl_typesupport_introspection_c.cpython-310-x86_64-linux-gnu.so
[4.999s] -- Up-to-date symlink: /home/ubuntu/ros2ws/install/abb_robot_msgs/local/lib/python3.10/dist-packages/abb_robot_msgs/libabb_robot_msgs__rosidl_generator_py.so
[4.999s] -- Up-to-date symlink: /home/ubuntu/ros2ws/install/abb_robot_msgs/local/lib/python3.10/dist-packages/abb_robot_msgs/msg/__init__.py
[5.017s] -- Up-to-date symlink: /home/ubuntu/ros2ws/install/abb_robot_msgs/local/lib/python3.10/dist-packages/abb_robot_msgs/msg/_mechanical_unit_state.py
[5.017s] -- Up-to-date symlink: /home/ubuntu/ros2ws/install/abb_robot_msgs/local/lib/python3.10/dist-packages/abb_robot_msgs/msg/_mechanical_unit_state_s.c
[5.033s] -- Up-to-date symlink: /home/ubuntu/ros2ws/install/abb_robot_msgs/local/lib/python3.10/dist-packages/abb_robot_msgs/msg/_rapid_symbol_path.py
[5.034s] -- Up-to-date symlink: /home/ubuntu/ros2ws/install/abb_robot_msgs/local/lib/python3.10/dist-packages/abb_robot_msgs/msg/_rapid_symbol_path_s.c
[5.034s] -- Up-to-date symlink: /home/ubuntu/ros2ws/install/abb_robot_msgs/local/lib/python3.10/dist-packages/abb_robot_msgs/msg/_rapid_task_state.py
[5.034s] -- Up-to-date symlink: /home/ubuntu/ros2ws/install/abb_robot_msgs/local/lib/python3.10/dist-packages/abb_robot_msgs/msg/_rapid_task_state_s.c
[5.034s] -- Up-to-date symlink: /home/ubuntu/ros2ws/install/abb_robot_msgs/local/lib/python3.10/dist-packages/abb_robot_msgs/msg/_service_responses.py
[5.034s] -- Up-to-date symlink: /home/ubuntu/ros2ws/install/abb_robot_msgs/local/lib/python3.10/dist-packages/abb_robot_msgs/msg/_service_responses_s.c
[5.034s] -- Up-to-date symlink: /home/ubuntu/ros2ws/install/abb_robot_msgs/local/lib/python3.10/dist-packages/abb_robot_msgs/msg/_system_state.py
[5.035s] -- Up-to-date symlink: /home/ubuntu/ros2ws/install/abb_robot_msgs/local/lib/python3.10/dist-packages/abb_robot_msgs/msg/_system_state_s.c
[5.035s] -- Up-to-date symlink: /home/ubuntu/ros2ws/install/abb_robot_msgs/local/lib/python3.10/dist-packages/abb_robot_msgs/srv/__init__.py
[5.035s] -- Up-to-date symlink: /home/ubuntu/ros2ws/install/abb_robot_msgs/local/lib/python3.10/dist-packages/abb_robot_msgs/srv/_get_file_contents.py
[5.035s] -- Up-to-date symlink: /home/ubuntu/ros2ws/install/abb_robot_msgs/local/lib/python3.10/dist-packages/abb_robot_msgs/srv/_get_file_contents_s.c
[5.035s] -- Up-to-date symlink: /home/ubuntu/ros2ws/install/abb_robot_msgs/local/lib/python3.10/dist-packages/abb_robot_msgs/srv/_get_io_signal.py
[5.035s] -- Up-to-date symlink: /home/ubuntu/ros2ws/install/abb_robot_msgs/local/lib/python3.10/dist-packages/abb_robot_msgs/srv/_get_io_signal_s.c
[5.041s] -- Up-to-date symlink: /home/ubuntu/ros2ws/install/abb_robot_msgs/local/lib/python3.10/dist-packages/abb_robot_msgs/srv/_get_rapid_bool.py
[5.041s] -- Up-to-date symlink: /home/ubuntu/ros2ws/install/abb_robot_msgs/local/lib/python3.10/dist-packages/abb_robot_msgs/srv/_get_rapid_bool_s.c
[5.041s] -- Up-to-date symlink: /home/ubuntu/ros2ws/install/abb_robot_msgs/local/lib/python3.10/dist-packages/abb_robot_msgs/srv/_get_rapid_dnum.py
[5.041s] -- Up-to-date symlink: /home/ubuntu/ros2ws/install/abb_robot_msgs/local/lib/python3.10/dist-packages/abb_robot_msgs/srv/_get_rapid_dnum_s.c
[5.046s] -- Up-to-date symlink: /home/ubuntu/ros2ws/install/abb_robot_msgs/local/lib/python3.10/dist-packages/abb_robot_msgs/srv/_get_rapid_num.py
[5.046s] -- Up-to-date symlink: /home/ubuntu/ros2ws/install/abb_robot_msgs/local/lib/python3.10/dist-packages/abb_robot_msgs/srv/_get_rapid_num_s.c
[5.046s] -- Up-to-date symlink: /home/ubuntu/ros2ws/install/abb_robot_msgs/local/lib/python3.10/dist-packages/abb_robot_msgs/srv/_get_rapid_string.py
[5.048s] -- Up-to-date symlink: /home/ubuntu/ros2ws/install/abb_robot_msgs/local/lib/python3.10/dist-packages/abb_robot_msgs/srv/_get_rapid_string_s.c
[5.051s] -- Up-to-date symlink: /home/ubuntu/ros2ws/install/abb_robot_msgs/local/lib/python3.10/dist-packages/abb_robot_msgs/srv/_get_rapid_symbol.py
[5.061s] -- Up-to-date symlink: /home/ubuntu/ros2ws/install/abb_robot_msgs/local/lib/python3.10/dist-packages/abb_robot_msgs/srv/_get_rapid_symbol_s.c
[5.062s] -- Up-to-date symlink: /home/ubuntu/ros2ws/install/abb_robot_msgs/local/lib/python3.10/dist-packages/abb_robot_msgs/srv/_get_robot_controller_description.py
[5.063s] -- Up-to-date symlink: /home/ubuntu/ros2ws/install/abb_robot_msgs/local/lib/python3.10/dist-packages/abb_robot_msgs/srv/_get_robot_controller_description_s.c
[5.127s] -- Up-to-date symlink: /home/ubuntu/ros2ws/install/abb_robot_msgs/local/lib/python3.10/dist-packages/abb_robot_msgs/srv/_get_speed_ratio.py
[5.127s] -- Up-to-date symlink: /home/ubuntu/ros2ws/install/abb_robot_msgs/local/lib/python3.10/dist-packages/abb_robot_msgs/srv/_get_speed_ratio_s.c
[5.127s] -- Up-to-date symlink: /home/ubuntu/ros2ws/install/abb_robot_msgs/local/lib/python3.10/dist-packages/abb_robot_msgs/srv/_set_file_contents.py
[5.127s] -- Up-to-date symlink: /home/ubuntu/ros2ws/install/abb_robot_msgs/local/lib/python3.10/dist-packages/abb_robot_msgs/srv/_set_file_contents_s.c
[5.134s] -- Up-to-date symlink: /home/ubuntu/ros2ws/install/abb_robot_msgs/local/lib/python3.10/dist-packages/abb_robot_msgs/srv/_set_io_signal.py
[5.134s] -- Up-to-date symlink: /home/ubuntu/ros2ws/install/abb_robot_msgs/local/lib/python3.10/dist-packages/abb_robot_msgs/srv/_set_io_signal_s.c
[5.136s] -- Up-to-date symlink: /home/ubuntu/ros2ws/install/abb_robot_msgs/local/lib/python3.10/dist-packages/abb_robot_msgs/srv/_set_rapid_bool.py
[5.136s] -- Up-to-date symlink: /home/ubuntu/ros2ws/install/abb_robot_msgs/local/lib/python3.10/dist-packages/abb_robot_msgs/srv/_set_rapid_bool_s.c
[5.139s] -- Up-to-date symlink: /home/ubuntu/ros2ws/install/abb_robot_msgs/local/lib/python3.10/dist-packages/abb_robot_msgs/srv/_set_rapid_dnum.py
[5.139s] -- Up-to-date symlink: /home/ubuntu/ros2ws/install/abb_robot_msgs/local/lib/python3.10/dist-packages/abb_robot_msgs/srv/_set_rapid_dnum_s.c
[5.178s] -- Up-to-date symlink: /home/ubuntu/ros2ws/install/abb_robot_msgs/local/lib/python3.10/dist-packages/abb_robot_msgs/srv/_set_rapid_num.py
[5.191s] -- Up-to-date symlink: /home/ubuntu/ros2ws/install/abb_robot_msgs/local/lib/python3.10/dist-packages/abb_robot_msgs/srv/_set_rapid_num_s.c
[5.214s] -- Up-to-date symlink: /home/ubuntu/ros2ws/install/abb_robot_msgs/local/lib/python3.10/dist-packages/abb_robot_msgs/srv/_set_rapid_string.py
[5.229s] -- Up-to-date symlink: /home/ubuntu/ros2ws/install/abb_robot_msgs/local/lib/python3.10/dist-packages/abb_robot_msgs/srv/_set_rapid_string_s.c
[5.239s] -- Up-to-date symlink: /home/ubuntu/ros2ws/install/abb_robot_msgs/local/lib/python3.10/dist-packages/abb_robot_msgs/srv/_set_rapid_symbol.py
[5.242s] -- Up-to-date symlink: /home/ubuntu/ros2ws/install/abb_robot_msgs/local/lib/python3.10/dist-packages/abb_robot_msgs/srv/_set_rapid_symbol_s.c
[5.257s] -- Up-to-date symlink: /home/ubuntu/ros2ws/install/abb_robot_msgs/local/lib/python3.10/dist-packages/abb_robot_msgs/srv/_set_speed_ratio.py
[5.258s] -- Up-to-date symlink: /home/ubuntu/ros2ws/install/abb_robot_msgs/local/lib/python3.10/dist-packages/abb_robot_msgs/srv/_set_speed_ratio_s.c
[5.272s] -- Up-to-date symlink: /home/ubuntu/ros2ws/install/abb_robot_msgs/local/lib/python3.10/dist-packages/abb_robot_msgs/srv/_trigger_with_result_code.py
[5.295s] -- Up-to-date symlink: /home/ubuntu/ros2ws/install/abb_robot_msgs/local/lib/python3.10/dist-packages/abb_robot_msgs/srv/_trigger_with_result_code_s.c
[5.314s] -- Up-to-date symlink: /home/ubuntu/ros2ws/install/abb_robot_msgs/local/lib/python3.10/dist-packages/abb_robot_msgs/abb_robot_msgs_s__rosidl_typesupport_fastrtps_c.cpython-310-x86_64-linux-gnu.so
[5.314s] -- Up-to-date symlink: /home/ubuntu/ros2ws/install/abb_robot_msgs/local/lib/python3.10/dist-packages/abb_robot_msgs/abb_robot_msgs_s__rosidl_typesupport_introspection_c.cpython-310-x86_64-linux-gnu.so
[5.322s] -- Up-to-date symlink: /home/ubuntu/ros2ws/install/abb_robot_msgs/local/lib/python3.10/dist-packages/abb_robot_msgs/abb_robot_msgs_s__rosidl_typesupport_c.cpython-310-x86_64-linux-gnu.so
[5.326s] -- Up-to-date symlink: /home/ubuntu/ros2ws/install/abb_robot_msgs/share/abb_robot_msgs/msg/MechanicalUnitState.idl
[5.338s] -- Up-to-date symlink: /home/ubuntu/ros2ws/install/abb_robot_msgs/share/abb_robot_msgs/msg/RAPIDSymbolPath.idl
[5.339s] -- Up-to-date symlink: /home/ubuntu/ros2ws/install/abb_robot_msgs/share/abb_robot_msgs/msg/RAPIDTaskState.idl
[5.345s] -- Up-to-date symlink: /home/ubuntu/ros2ws/install/abb_robot_msgs/share/abb_robot_msgs/msg/ServiceResponses.idl
[5.355s] -- Up-to-date symlink: /home/ubuntu/ros2ws/install/abb_robot_msgs/share/abb_robot_msgs/msg/SystemState.idl
[5.357s] -- Up-to-date symlink: /home/ubuntu/ros2ws/install/abb_robot_msgs/share/abb_robot_msgs/srv/GetFileContents.idl
[5.381s] -- Up-to-date symlink: /home/ubuntu/ros2ws/install/abb_robot_msgs/share/abb_robot_msgs/srv/GetIOSignal.idl
[5.381s] -- Up-to-date symlink: /home/ubuntu/ros2ws/install/abb_robot_msgs/share/abb_robot_msgs/srv/GetRAPIDBool.idl
[5.381s] -- Up-to-date symlink: /home/ubuntu/ros2ws/install/abb_robot_msgs/share/abb_robot_msgs/srv/GetRAPIDDnum.idl
[5.381s] -- Up-to-date symlink: /home/ubuntu/ros2ws/install/abb_robot_msgs/share/abb_robot_msgs/srv/GetRAPIDNum.idl
[5.381s] -- Up-to-date symlink: /home/ubuntu/ros2ws/install/abb_robot_msgs/share/abb_robot_msgs/srv/GetRAPIDString.idl
[5.381s] -- Up-to-date symlink: /home/ubuntu/ros2ws/install/abb_robot_msgs/share/abb_robot_msgs/srv/GetRAPIDSymbol.idl
[5.381s] -- Up-to-date symlink: /home/ubuntu/ros2ws/install/abb_robot_msgs/share/abb_robot_msgs/srv/GetRobotControllerDescription.idl
[5.382s] -- Up-to-date symlink: /home/ubuntu/ros2ws/install/abb_robot_msgs/share/abb_robot_msgs/srv/GetSpeedRatio.idl
[5.382s] -- Up-to-date symlink: /home/ubuntu/ros2ws/install/abb_robot_msgs/share/abb_robot_msgs/srv/SetFileContents.idl
[5.382s] -- Up-to-date symlink: /home/ubuntu/ros2ws/install/abb_robot_msgs/share/abb_robot_msgs/srv/SetIOSignal.idl
[5.382s] -- Up-to-date symlink: /home/ubuntu/ros2ws/install/abb_robot_msgs/share/abb_robot_msgs/srv/SetRAPIDBool.idl
[5.391s] -- Up-to-date symlink: /home/ubuntu/ros2ws/install/abb_robot_msgs/share/abb_robot_msgs/srv/SetRAPIDDnum.idl
[5.398s] -- Up-to-date symlink: /home/ubuntu/ros2ws/install/abb_robot_msgs/share/abb_robot_msgs/srv/SetRAPIDNum.idl
[5.398s] -- Up-to-date symlink: /home/ubuntu/ros2ws/install/abb_robot_msgs/share/abb_robot_msgs/srv/SetRAPIDString.idl
[5.399s] -- Up-to-date symlink: /home/ubuntu/ros2ws/install/abb_robot_msgs/share/abb_robot_msgs/srv/SetRAPIDSymbol.idl
[5.399s] -- Up-to-date symlink: /home/ubuntu/ros2ws/install/abb_robot_msgs/share/abb_robot_msgs/srv/SetSpeedRatio.idl
[5.399s] -- Up-to-date symlink: /home/ubuntu/ros2ws/install/abb_robot_msgs/share/abb_robot_msgs/srv/TriggerWithResultCode.idl
[5.399s] -- Up-to-date symlink: /home/ubuntu/ros2ws/install/abb_robot_msgs/share/abb_robot_msgs/msg/MechanicalUnitState.msg
[5.400s] -- Up-to-date symlink: /home/ubuntu/ros2ws/install/abb_robot_msgs/share/abb_robot_msgs/msg/RAPIDSymbolPath.msg
[5.400s] -- Up-to-date symlink: /home/ubuntu/ros2ws/install/abb_robot_msgs/share/abb_robot_msgs/msg/RAPIDTaskState.msg
[5.403s] -- Up-to-date symlink: /home/ubuntu/ros2ws/install/abb_robot_msgs/share/abb_robot_msgs/msg/ServiceResponses.msg
[5.404s] -- Up-to-date symlink: /home/ubuntu/ros2ws/install/abb_robot_msgs/share/abb_robot_msgs/msg/SystemState.msg
[5.404s] -- Up-to-date symlink: /home/ubuntu/ros2ws/install/abb_robot_msgs/share/abb_robot_msgs/srv/GetFileContents.srv
[5.404s] -- Up-to-date symlink: /home/ubuntu/ros2ws/install/abb_robot_msgs/share/abb_robot_msgs/srv/GetFileContents_Request.msg
[5.404s] -- Up-to-date symlink: /home/ubuntu/ros2ws/install/abb_robot_msgs/share/abb_robot_msgs/srv/GetFileContents_Response.msg
[5.404s] -- Up-to-date symlink: /home/ubuntu/ros2ws/install/abb_robot_msgs/share/abb_robot_msgs/srv/GetIOSignal.srv
[5.405s] -- Up-to-date symlink: /home/ubuntu/ros2ws/install/abb_robot_msgs/share/abb_robot_msgs/srv/GetIOSignal_Request.msg
[5.405s] -- Up-to-date symlink: /home/ubuntu/ros2ws/install/abb_robot_msgs/share/abb_robot_msgs/srv/GetIOSignal_Response.msg
[5.410s] -- Up-to-date symlink: /home/ubuntu/ros2ws/install/abb_robot_msgs/share/abb_robot_msgs/srv/GetRAPIDBool.srv
[5.410s] -- Up-to-date symlink: /home/ubuntu/ros2ws/install/abb_robot_msgs/share/abb_robot_msgs/srv/GetRAPIDBool_Request.msg
[5.410s] -- Up-to-date symlink: /home/ubuntu/ros2ws/install/abb_robot_msgs/share/abb_robot_msgs/srv/GetRAPIDBool_Response.msg
[5.410s] -- Up-to-date symlink: /home/ubuntu/ros2ws/install/abb_robot_msgs/share/abb_robot_msgs/srv/GetRAPIDDnum.srv
[5.410s] -- Up-to-date symlink: /home/ubuntu/ros2ws/install/abb_robot_msgs/share/abb_robot_msgs/srv/GetRAPIDDnum_Request.msg
[5.410s] -- Up-to-date symlink: /home/ubuntu/ros2ws/install/abb_robot_msgs/share/abb_robot_msgs/srv/GetRAPIDDnum_Response.msg
[5.411s] -- Up-to-date symlink: /home/ubuntu/ros2ws/install/abb_robot_msgs/share/abb_robot_msgs/srv/GetRAPIDNum.srv
[5.411s] -- Up-to-date symlink: /home/ubuntu/ros2ws/install/abb_robot_msgs/share/abb_robot_msgs/srv/GetRAPIDNum_Request.msg
[5.411s] -- Up-to-date symlink: /home/ubuntu/ros2ws/install/abb_robot_msgs/share/abb_robot_msgs/srv/GetRAPIDNum_Response.msg
[5.414s] -- Up-to-date symlink: /home/ubuntu/ros2ws/install/abb_robot_msgs/share/abb_robot_msgs/srv/GetRAPIDString.srv
[5.417s] -- Up-to-date symlink: /home/ubuntu/ros2ws/install/abb_robot_msgs/share/abb_robot_msgs/srv/GetRAPIDString_Request.msg
[5.418s] -- Up-to-date symlink: /home/ubuntu/ros2ws/install/abb_robot_msgs/share/abb_robot_msgs/srv/GetRAPIDString_Response.msg
[5.418s] -- Up-to-date symlink: /home/ubuntu/ros2ws/install/abb_robot_msgs/share/abb_robot_msgs/srv/GetRAPIDSymbol.srv
[5.418s] -- Up-to-date symlink: /home/ubuntu/ros2ws/install/abb_robot_msgs/share/abb_robot_msgs/srv/GetRAPIDSymbol_Request.msg
[5.419s] -- Up-to-date symlink: /home/ubuntu/ros2ws/install/abb_robot_msgs/share/abb_robot_msgs/srv/GetRAPIDSymbol_Response.msg
[5.419s] -- Up-to-date symlink: /home/ubuntu/ros2ws/install/abb_robot_msgs/share/abb_robot_msgs/srv/GetRobotControllerDescription.srv
[5.419s] -- Up-to-date symlink: /home/ubuntu/ros2ws/install/abb_robot_msgs/share/abb_robot_msgs/srv/GetRobotControllerDescription_Request.msg
[5.419s] -- Up-to-date symlink: /home/ubuntu/ros2ws/install/abb_robot_msgs/share/abb_robot_msgs/srv/GetRobotControllerDescription_Response.msg
[5.419s] -- Up-to-date symlink: /home/ubuntu/ros2ws/install/abb_robot_msgs/share/abb_robot_msgs/srv/GetSpeedRatio.srv
[5.419s] -- Up-to-date symlink: /home/ubuntu/ros2ws/install/abb_robot_msgs/share/abb_robot_msgs/srv/GetSpeedRatio_Request.msg
[5.419s] -- Up-to-date symlink: /home/ubuntu/ros2ws/install/abb_robot_msgs/share/abb_robot_msgs/srv/GetSpeedRatio_Response.msg
[5.420s] -- Up-to-date symlink: /home/ubuntu/ros2ws/install/abb_robot_msgs/share/abb_robot_msgs/srv/SetFileContents.srv
[5.420s] -- Up-to-date symlink: /home/ubuntu/ros2ws/install/abb_robot_msgs/share/abb_robot_msgs/srv/SetFileContents_Request.msg
[5.420s] -- Up-to-date symlink: /home/ubuntu/ros2ws/install/abb_robot_msgs/share/abb_robot_msgs/srv/SetFileContents_Response.msg
[5.420s] -- Up-to-date symlink: /home/ubuntu/ros2ws/install/abb_robot_msgs/share/abb_robot_msgs/srv/SetIOSignal.srv
[5.420s] -- Up-to-date symlink: /home/ubuntu/ros2ws/install/abb_robot_msgs/share/abb_robot_msgs/srv/SetIOSignal_Request.msg
[5.420s] -- Up-to-date symlink: /home/ubuntu/ros2ws/install/abb_robot_msgs/share/abb_robot_msgs/srv/SetIOSignal_Response.msg
[5.420s] -- Up-to-date symlink: /home/ubuntu/ros2ws/install/abb_robot_msgs/share/abb_robot_msgs/srv/SetRAPIDBool.srv
[5.420s] -- Up-to-date symlink: /home/ubuntu/ros2ws/install/abb_robot_msgs/share/abb_robot_msgs/srv/SetRAPIDBool_Request.msg
[5.420s] -- Up-to-date symlink: /home/ubuntu/ros2ws/install/abb_robot_msgs/share/abb_robot_msgs/srv/SetRAPIDBool_Response.msg
[5.420s] -- Up-to-date symlink: /home/ubuntu/ros2ws/install/abb_robot_msgs/share/abb_robot_msgs/srv/SetRAPIDDnum.srv
[5.420s] -- Up-to-date symlink: /home/ubuntu/ros2ws/install/abb_robot_msgs/share/abb_robot_msgs/srv/SetRAPIDDnum_Request.msg
[5.420s] -- Up-to-date symlink: /home/ubuntu/ros2ws/install/abb_robot_msgs/share/abb_robot_msgs/srv/SetRAPIDDnum_Response.msg
[5.420s] -- Up-to-date symlink: /home/ubuntu/ros2ws/install/abb_robot_msgs/share/abb_robot_msgs/srv/SetRAPIDNum.srv
[5.420s] -- Up-to-date symlink: /home/ubuntu/ros2ws/install/abb_robot_msgs/share/abb_robot_msgs/srv/SetRAPIDNum_Request.msg
[5.420s] -- Up-to-date symlink: /home/ubuntu/ros2ws/install/abb_robot_msgs/share/abb_robot_msgs/srv/SetRAPIDNum_Response.msg
[5.421s] -- Up-to-date symlink: /home/ubuntu/ros2ws/install/abb_robot_msgs/share/abb_robot_msgs/srv/SetRAPIDString.srv
[5.421s] -- Up-to-date symlink: /home/ubuntu/ros2ws/install/abb_robot_msgs/share/abb_robot_msgs/srv/SetRAPIDString_Request.msg
[5.421s] -- Up-to-date symlink: /home/ubuntu/ros2ws/install/abb_robot_msgs/share/abb_robot_msgs/srv/SetRAPIDString_Response.msg
[5.436s] -- Up-to-date symlink: /home/ubuntu/ros2ws/install/abb_robot_msgs/share/abb_robot_msgs/srv/SetRAPIDSymbol.srv
[5.436s] -- Up-to-date symlink: /home/ubuntu/ros2ws/install/abb_robot_msgs/share/abb_robot_msgs/srv/SetRAPIDSymbol_Request.msg
[5.436s] -- Up-to-date symlink: /home/ubuntu/ros2ws/install/abb_robot_msgs/share/abb_robot_msgs/srv/SetRAPIDSymbol_Response.msg
[5.437s] -- Up-to-date symlink: /home/ubuntu/ros2ws/install/abb_robot_msgs/share/abb_robot_msgs/srv/SetSpeedRatio.srv
[5.437s] -- Up-to-date symlink: /home/ubuntu/ros2ws/install/abb_robot_msgs/share/abb_robot_msgs/srv/SetSpeedRatio_Request.msg
[5.437s] -- Up-to-date symlink: /home/ubuntu/ros2ws/install/abb_robot_msgs/share/abb_robot_msgs/srv/SetSpeedRatio_Response.msg
[5.437s] -- Up-to-date symlink: /home/ubuntu/ros2ws/install/abb_robot_msgs/share/abb_robot_msgs/srv/TriggerWithResultCode.srv
[5.437s] -- Up-to-date symlink: /home/ubuntu/ros2ws/install/abb_robot_msgs/share/abb_robot_msgs/srv/TriggerWithResultCode_Request.msg
[5.441s] -- Up-to-date symlink: /home/ubuntu/ros2ws/install/abb_robot_msgs/share/abb_robot_msgs/srv/TriggerWithResultCode_Response.msg
[5.441s] -- Up-to-date symlink: /home/ubuntu/ros2ws/install/abb_robot_msgs/share/ament_index/resource_index/package_run_dependencies/abb_robot_msgs
[5.441s] -- Up-to-date symlink: /home/ubuntu/ros2ws/install/abb_robot_msgs/share/ament_index/resource_index/parent_prefix_path/abb_robot_msgs
[5.441s] -- Up-to-date symlink: /home/ubuntu/ros2ws/install/abb_robot_msgs/share/abb_robot_msgs/environment/ament_prefix_path.sh
[5.441s] -- Up-to-date symlink: /home/ubuntu/ros2ws/install/abb_robot_msgs/share/abb_robot_msgs/environment/ament_prefix_path.dsv
[5.441s] -- Up-to-date symlink: /home/ubuntu/ros2ws/install/abb_robot_msgs/share/abb_robot_msgs/environment/path.sh
[5.441s] -- Up-to-date symlink: /home/ubuntu/ros2ws/install/abb_robot_msgs/share/abb_robot_msgs/environment/path.dsv
[5.441s] -- Up-to-date symlink: /home/ubuntu/ros2ws/install/abb_robot_msgs/share/abb_robot_msgs/local_setup.bash
[5.441s] -- Up-to-date symlink: /home/ubuntu/ros2ws/install/abb_robot_msgs/share/abb_robot_msgs/local_setup.sh
[5.441s] -- Up-to-date symlink: /home/ubuntu/ros2ws/install/abb_robot_msgs/share/abb_robot_msgs/local_setup.zsh
[5.441s] -- Up-to-date symlink: /home/ubuntu/ros2ws/install/abb_robot_msgs/share/abb_robot_msgs/local_setup.dsv
[5.441s] -- Symlinking: /home/ubuntu/ros2ws/install/abb_robot_msgs/share/abb_robot_msgs/package.dsv
[5.457s] -- Up-to-date symlink: /home/ubuntu/ros2ws/install/abb_robot_msgs/share/ament_index/resource_index/packages/abb_robot_msgs
[5.471s] -- Up-to-date symlink: /home/ubuntu/ros2ws/install/abb_robot_msgs/share/abb_robot_msgs/cmake/rosidl_cmake-extras.cmake
[5.472s] -- Up-to-date symlink: /home/ubuntu/ros2ws/install/abb_robot_msgs/share/abb_robot_msgs/cmake/ament_cmake_export_dependencies-extras.cmake
[5.472s] -- Up-to-date symlink: /home/ubuntu/ros2ws/install/abb_robot_msgs/share/abb_robot_msgs/cmake/ament_cmake_export_include_directories-extras.cmake
[5.473s] -- Up-to-date symlink: /home/ubuntu/ros2ws/install/abb_robot_msgs/share/abb_robot_msgs/cmake/ament_cmake_export_libraries-extras.cmake
[5.473s] -- Up-to-date symlink: /home/ubuntu/ros2ws/install/abb_robot_msgs/share/abb_robot_msgs/cmake/ament_cmake_export_targets-extras.cmake
[5.473s] -- Up-to-date symlink: /home/ubuntu/ros2ws/install/abb_robot_msgs/share/abb_robot_msgs/cmake/rosidl_cmake_export_typesupport_targets-extras.cmake
[5.473s] -- Up-to-date symlink: /home/ubuntu/ros2ws/install/abb_robot_msgs/share/abb_robot_msgs/cmake/rosidl_cmake_export_typesupport_libraries-extras.cmake
[5.473s] -- Up-to-date symlink: /home/ubuntu/ros2ws/install/abb_robot_msgs/share/abb_robot_msgs/cmake/abb_robot_msgsConfig.cmake
[5.473s] -- Up-to-date symlink: /home/ubuntu/ros2ws/install/abb_robot_msgs/share/abb_robot_msgs/cmake/abb_robot_msgsConfig-version.cmake
[5.473s] -- Up-to-date symlink: /home/ubuntu/ros2ws/install/abb_robot_msgs/share/abb_robot_msgs/package.xml
[5.473s] -- Up-to-date: /home/ubuntu/ros2ws/install/abb_robot_msgs/lib/libabb_robot_msgs__rosidl_generator_c.so
[5.479s] -- Up-to-date: /home/ubuntu/ros2ws/install/abb_robot_msgs/lib/libabb_robot_msgs__rosidl_typesupport_fastrtps_c.so
[5.479s] -- Up-to-date: /home/ubuntu/ros2ws/install/abb_robot_msgs/lib/libabb_robot_msgs__rosidl_typesupport_introspection_c.so
[5.479s] -- Up-to-date: /home/ubuntu/ros2ws/install/abb_robot_msgs/lib/libabb_robot_msgs__rosidl_typesupport_c.so
[5.479s] -- Up-to-date: /home/ubuntu/ros2ws/install/abb_robot_msgs/lib/libabb_robot_msgs__rosidl_typesupport_fastrtps_cpp.so
[5.479s] -- Up-to-date: /home/ubuntu/ros2ws/install/abb_robot_msgs/lib/libabb_robot_msgs__rosidl_typesupport_introspection_cpp.so
[5.479s] -- Up-to-date: /home/ubuntu/ros2ws/install/abb_robot_msgs/lib/libabb_robot_msgs__rosidl_typesupport_cpp.so
[5.649s] Listing '/home/ubuntu/ros2ws/install/abb_robot_msgs/local/lib/python3.10/dist-packages/abb_robot_msgs'...
[5.649s] Listing '/home/ubuntu/ros2ws/install/abb_robot_msgs/local/lib/python3.10/dist-packages/abb_robot_msgs/msg'...
[5.649s] Listing '/home/ubuntu/ros2ws/install/abb_robot_msgs/local/lib/python3.10/dist-packages/abb_robot_msgs/srv'...
[5.649s] -- Up-to-date: /home/ubuntu/ros2ws/install/abb_robot_msgs/lib/libabb_robot_msgs__rosidl_generator_py.so
[5.666s] -- Up-to-date: /home/ubuntu/ros2ws/install/abb_robot_msgs/share/abb_robot_msgs/cmake/export_abb_robot_msgs__rosidl_generator_cExport.cmake
[5.667s] -- Up-to-date: /home/ubuntu/ros2ws/install/abb_robot_msgs/share/abb_robot_msgs/cmake/export_abb_robot_msgs__rosidl_generator_cExport-noconfig.cmake
[5.667s] -- Up-to-date: /home/ubuntu/ros2ws/install/abb_robot_msgs/share/abb_robot_msgs/cmake/export_abb_robot_msgs__rosidl_typesupport_fastrtps_cExport.cmake
[5.667s] -- Up-to-date: /home/ubuntu/ros2ws/install/abb_robot_msgs/share/abb_robot_msgs/cmake/export_abb_robot_msgs__rosidl_typesupport_fastrtps_cExport-noconfig.cmake
[5.667s] -- Up-to-date: /home/ubuntu/ros2ws/install/abb_robot_msgs/share/abb_robot_msgs/cmake/abb_robot_msgs__rosidl_typesupport_introspection_cExport.cmake
[5.667s] -- Up-to-date: /home/ubuntu/ros2ws/install/abb_robot_msgs/share/abb_robot_msgs/cmake/abb_robot_msgs__rosidl_typesupport_introspection_cExport-noconfig.cmake
[5.670s] -- Up-to-date: /home/ubuntu/ros2ws/install/abb_robot_msgs/share/abb_robot_msgs/cmake/abb_robot_msgs__rosidl_typesupport_cExport.cmake
[5.670s] -- Up-to-date: /home/ubuntu/ros2ws/install/abb_robot_msgs/share/abb_robot_msgs/cmake/abb_robot_msgs__rosidl_typesupport_cExport-noconfig.cmake
[5.670s] -- Up-to-date: /home/ubuntu/ros2ws/install/abb_robot_msgs/share/abb_robot_msgs/cmake/export_abb_robot_msgs__rosidl_generator_cppExport.cmake
[5.670s] -- Up-to-date: /home/ubuntu/ros2ws/install/abb_robot_msgs/share/abb_robot_msgs/cmake/export_abb_robot_msgs__rosidl_typesupport_fastrtps_cppExport.cmake
[5.670s] -- Up-to-date: /home/ubuntu/ros2ws/install/abb_robot_msgs/share/abb_robot_msgs/cmake/export_abb_robot_msgs__rosidl_typesupport_fastrtps_cppExport-noconfig.cmake
[5.670s] -- Up-to-date: /home/ubuntu/ros2ws/install/abb_robot_msgs/share/abb_robot_msgs/cmake/abb_robot_msgs__rosidl_typesupport_introspection_cppExport.cmake
[5.670s] -- Up-to-date: /home/ubuntu/ros2ws/install/abb_robot_msgs/share/abb_robot_msgs/cmake/abb_robot_msgs__rosidl_typesupport_introspection_cppExport-noconfig.cmake
[5.670s] -- Up-to-date: /home/ubuntu/ros2ws/install/abb_robot_msgs/share/abb_robot_msgs/cmake/abb_robot_msgs__rosidl_typesupport_cppExport.cmake
[5.671s] -- Up-to-date: /home/ubuntu/ros2ws/install/abb_robot_msgs/share/abb_robot_msgs/cmake/abb_robot_msgs__rosidl_typesupport_cppExport-noconfig.cmake
[5.671s] -- Up-to-date: /home/ubuntu/ros2ws/install/abb_robot_msgs/share/abb_robot_msgs/cmake/export_abb_robot_msgs__rosidl_generator_pyExport.cmake
[5.671s] -- Up-to-date: /home/ubuntu/ros2ws/install/abb_robot_msgs/share/abb_robot_msgs/cmake/export_abb_robot_msgs__rosidl_generator_pyExport-noconfig.cmake
[5.677s] Invoked command in '/home/ubuntu/ros2ws/build/abb_robot_msgs' returned '0': CMAKE_PREFIX_PATH=${CMAKE_PREFIX_PATH}:/home/ubuntu/ros2ws/install/moveit_configs_utils:/home/ubuntu/ros2ws/install/launch_param_builder:/home/ubuntu/ros2ws/install/testV1:/home/ubuntu/ros2ws/install/gui_subscriber:/home/ubuntu/ros2ws/install/robot_letter_writer:/opt/ros/humble /usr/bin/cmake --install /home/ubuntu/ros2ws/build/abb_robot_msgs
