[0.036s] Invoking command in '/home/ubuntu/ros2ws/build/ros2srrc_iiwa_gazebo': CMAKE_PREFIX_PATH=${CMAKE_PREFIX_PATH}:/opt/ros/humble /usr/bin/cmake /home/ubuntu/ros2ws/src/ros2_SimRealRobotControl/packages/iiwa/ros2srrc_iiwa_gazebo -DCMAKE_INSTALL_PREFIX=/home/ubuntu/ros2ws/install/ros2srrc_iiwa_gazebo
[0.111s] -- Found ament_cmake: 1.3.10 (/opt/ros/humble/share/ament_cmake/cmake)
[0.395s] -- Override CMake install command with custom implementation using symlinks instead of copying resources
[0.416s] -- Found ament_lint_auto: 0.12.11 (/opt/ros/humble/share/ament_lint_auto/cmake)
[0.567s] -- Added test 'copyright' to check source files copyright and LICENSE
[0.571s] -- Added test 'lint_cmake' to check CMake code style
[0.572s] -- Added test 'xmllint' to check XML markup files
[0.572s] -- Configuring done
[0.577s] -- Generating done
[0.580s] -- Build files have been written to: /home/ubuntu/ros2ws/build/ros2srrc_iiwa_gazebo
[0.589s] Invoked command in '/home/ubuntu/ros2ws/build/ros2srrc_iiwa_gazebo' returned '0': CMAKE_PREFIX_PATH=${CMAKE_PREFIX_PATH}:/opt/ros/humble /usr/bin/cmake /home/ubuntu/ros2ws/src/ros2_SimRealRobotControl/packages/iiwa/ros2srrc_iiwa_gazebo -DCMAKE_INSTALL_PREFIX=/home/ubuntu/ros2ws/install/ros2srrc_iiwa_gazebo
[0.590s] Invoking command in '/home/ubuntu/ros2ws/build/ros2srrc_iiwa_gazebo': CMAKE_PREFIX_PATH=${CMAKE_PREFIX_PATH}:/opt/ros/humble /usr/bin/cmake --build /home/ubuntu/ros2ws/build/ros2srrc_iiwa_gazebo -- -j4 -l4
[0.674s] Invoked command in '/home/ubuntu/ros2ws/build/ros2srrc_iiwa_gazebo' returned '0': CMAKE_PREFIX_PATH=${CMAKE_PREFIX_PATH}:/opt/ros/humble /usr/bin/cmake --build /home/ubuntu/ros2ws/build/ros2srrc_iiwa_gazebo -- -j4 -l4
[0.752s] Invoking command in '/home/ubuntu/ros2ws/build/ros2srrc_iiwa_gazebo': CMAKE_PREFIX_PATH=${CMAKE_PREFIX_PATH}:/opt/ros/humble /usr/bin/cmake --install /home/ubuntu/ros2ws/build/ros2srrc_iiwa_gazebo
[0.770s] -- Install configuration: ""
[0.770s] -- Execute custom install script
[0.770s] -- Up-to-date symlink: /home/ubuntu/ros2ws/install/ros2srrc_iiwa_gazebo/share/ros2srrc_iiwa_gazebo/config/configurations.yaml
[0.771s] -- Up-to-date symlink: /home/ubuntu/ros2ws/install/ros2srrc_iiwa_gazebo/share/ros2srrc_iiwa_gazebo/urdf/iiwa.urdf.xacro
[0.771s] -- Up-to-date symlink: /home/ubuntu/ros2ws/install/ros2srrc_iiwa_gazebo/share/ros2srrc_iiwa_gazebo/urdf/iiwa_robotiq_2f85.urdf.xacro
[0.771s] -- Up-to-date symlink: /home/ubuntu/ros2ws/install/ros2srrc_iiwa_gazebo/share/ros2srrc_iiwa_gazebo/worlds/ros2srrc_iiwa.world
[0.771s] -- Up-to-date symlink: /home/ubuntu/ros2ws/install/ros2srrc_iiwa_gazebo/share/ament_index/resource_index/package_run_dependencies/ros2srrc_iiwa_gazebo
[0.774s] -- Up-to-date symlink: /home/ubuntu/ros2ws/install/ros2srrc_iiwa_gazebo/share/ament_index/resource_index/parent_prefix_path/ros2srrc_iiwa_gazebo
[0.774s] -- Up-to-date symlink: /home/ubuntu/ros2ws/install/ros2srrc_iiwa_gazebo/share/ros2srrc_iiwa_gazebo/environment/ament_prefix_path.sh
[0.774s] -- Up-to-date symlink: /home/ubuntu/ros2ws/install/ros2srrc_iiwa_gazebo/share/ros2srrc_iiwa_gazebo/environment/ament_prefix_path.dsv
[0.774s] -- Up-to-date symlink: /home/ubuntu/ros2ws/install/ros2srrc_iiwa_gazebo/share/ros2srrc_iiwa_gazebo/environment/path.sh
[0.774s] -- Up-to-date symlink: /home/ubuntu/ros2ws/install/ros2srrc_iiwa_gazebo/share/ros2srrc_iiwa_gazebo/environment/path.dsv
[0.774s] -- Up-to-date symlink: /home/ubuntu/ros2ws/install/ros2srrc_iiwa_gazebo/share/ros2srrc_iiwa_gazebo/local_setup.bash
[0.775s] -- Up-to-date symlink: /home/ubuntu/ros2ws/install/ros2srrc_iiwa_gazebo/share/ros2srrc_iiwa_gazebo/local_setup.sh
[0.776s] -- Up-to-date symlink: /home/ubuntu/ros2ws/install/ros2srrc_iiwa_gazebo/share/ros2srrc_iiwa_gazebo/local_setup.zsh
[0.776s] -- Up-to-date symlink: /home/ubuntu/ros2ws/install/ros2srrc_iiwa_gazebo/share/ros2srrc_iiwa_gazebo/local_setup.dsv
[0.776s] -- Symlinking: /home/ubuntu/ros2ws/install/ros2srrc_iiwa_gazebo/share/ros2srrc_iiwa_gazebo/package.dsv
[0.792s] -- Up-to-date symlink: /home/ubuntu/ros2ws/install/ros2srrc_iiwa_gazebo/share/ament_index/resource_index/packages/ros2srrc_iiwa_gazebo
[0.793s] -- Up-to-date symlink: /home/ubuntu/ros2ws/install/ros2srrc_iiwa_gazebo/share/ros2srrc_iiwa_gazebo/cmake/ros2srrc_iiwa_gazeboConfig.cmake
[0.794s] -- Up-to-date symlink: /home/ubuntu/ros2ws/install/ros2srrc_iiwa_gazebo/share/ros2srrc_iiwa_gazebo/cmake/ros2srrc_iiwa_gazeboConfig-version.cmake
[0.794s] -- Up-to-date symlink: /home/ubuntu/ros2ws/install/ros2srrc_iiwa_gazebo/share/ros2srrc_iiwa_gazebo/package.xml
[0.799s] Invoked command in '/home/ubuntu/ros2ws/build/ros2srrc_iiwa_gazebo' returned '0': CMAKE_PREFIX_PATH=${CMAKE_PREFIX_PATH}:/opt/ros/humble /usr/bin/cmake --install /home/ubuntu/ros2ws/build/ros2srrc_iiwa_gazebo
