[0.082s] Invoking command in '/home/ubuntu/ros2ws/build/ros2_robotiqgripper': CMAKE_PREFIX_PATH=${CMAKE_PREFIX_PATH}:/home/ubuntu/ros2ws/install/testV1:/home/ubuntu/ros2ws/install/gui_subscriber:/home/ubuntu/ros2ws/install/moveit_configs_utils:/home/ubuntu/ros2ws/install/robot_letter_writer:/home/ubuntu/ros2ws/install/launch_param_builder:/opt/ros/humble /usr/bin/cmake --build /home/ubuntu/ros2ws/build/ros2_robotiqgripper -- -j4 -l4
[0.384s] [  3%] Built target ros2_robotiqgripper__cpp
[0.452s] [  3%] Built target ament_cmake_python_symlink_ros2_robotiqgripper
[0.519s] [ 12%] Built target ros2_robotiqgripper__rosidl_generator_c
[0.574s] [ 22%] Built target ros2_robotiqgripper__rosidl_typesupport_cpp
[0.578s] [ 32%] Built target ros2_robotiqgripper__rosidl_typesupport_fastrtps_cpp
[0.639s] [ 41%] Built target ros2_robotiqgripper__rosidl_typesupport_introspection_cpp
[0.779s] [ 51%] Built target ros2_robotiqgripper__rosidl_typesupport_introspection_c
[0.788s] [ 61%] Built target ros2_robotiqgripper__rosidl_typesupport_fastrtps_c
[0.805s] [ 70%] Built target ros2_robotiqgripper__rosidl_typesupport_c
[0.888s] [ 70%] Built target ros2_robotiqgripper
[1.005s] [ 74%] Built target ros2_robotiqgripper__py
[1.123s] [ 80%] Built target ros2_robotiqgripper__rosidl_generator_py
[1.274s] [ 87%] Built target ros2_robotiqgripper__rosidl_typesupport_introspection_c__pyext
[1.277s] [ 93%] Built target ros2_robotiqgripper__rosidl_typesupport_c__pyext
[1.304s] [100%] Built target ros2_robotiqgripper__rosidl_typesupport_fastrtps_c__pyext
[1.453s] running egg_info
[1.457s] writing ros2_robotiqgripper.egg-info/PKG-INFO
[1.458s] writing dependency_links to ros2_robotiqgripper.egg-info/dependency_links.txt
[1.458s] writing top-level names to ros2_robotiqgripper.egg-info/top_level.txt
[1.470s] reading manifest file 'ros2_robotiqgripper.egg-info/SOURCES.txt'
[1.471s] writing manifest file 'ros2_robotiqgripper.egg-info/SOURCES.txt'
[1.541s] [100%] Built target ament_cmake_python_build_ros2_robotiqgripper_egg
[1.570s] Invoked command in '/home/ubuntu/ros2ws/build/ros2_robotiqgripper' returned '0': CMAKE_PREFIX_PATH=${CMAKE_PREFIX_PATH}:/home/ubuntu/ros2ws/install/testV1:/home/ubuntu/ros2ws/install/gui_subscriber:/home/ubuntu/ros2ws/install/moveit_configs_utils:/home/ubuntu/ros2ws/install/robot_letter_writer:/home/ubuntu/ros2ws/install/launch_param_builder:/opt/ros/humble /usr/bin/cmake --build /home/ubuntu/ros2ws/build/ros2_robotiqgripper -- -j4 -l4
[1.894s] Invoking command in '/home/ubuntu/ros2ws/build/ros2_robotiqgripper': CMAKE_PREFIX_PATH=${CMAKE_PREFIX_PATH}:/home/ubuntu/ros2ws/install/testV1:/home/ubuntu/ros2ws/install/gui_subscriber:/home/ubuntu/ros2ws/install/moveit_configs_utils:/home/ubuntu/ros2ws/install/robot_letter_writer:/home/ubuntu/ros2ws/install/launch_param_builder:/opt/ros/humble /usr/bin/cmake --install /home/ubuntu/ros2ws/build/ros2_robotiqgripper
[1.920s] -- Install configuration: ""
[1.922s] -- Execute custom install script
[1.923s] -- Up-to-date symlink: /home/ubuntu/ros2ws/install/ros2_robotiqgripper/share/ros2_robotiqgripper/srv/RobotiqGripper.srv
[1.924s] -- Up-to-date symlink: /home/ubuntu/ros2ws/install/ros2_robotiqgripper/share/ros2_robotiqgripper/python/server.py
[1.927s] -- Up-to-date symlink: /home/ubuntu/ros2ws/install/ros2_robotiqgripper/lib/ros2_robotiqgripper/server.py
[1.928s] -- Up-to-date symlink: /home/ubuntu/ros2ws/install/ros2_robotiqgripper/share/ament_index/resource_index/rosidl_interfaces/ros2_robotiqgripper
[1.928s] -- Up-to-date symlink: /home/ubuntu/ros2ws/install/ros2_robotiqgripper/include/ros2_robotiqgripper/ros2_robotiqgripper/msg/rosidl_generator_c__visibility_control.h
[1.928s] -- Up-to-date symlink: /home/ubuntu/ros2ws/install/ros2_robotiqgripper/include/ros2_robotiqgripper/ros2_robotiqgripper/srv/detail/robotiq_gripper__functions.h
[1.929s] -- Up-to-date symlink: /home/ubuntu/ros2ws/install/ros2_robotiqgripper/include/ros2_robotiqgripper/ros2_robotiqgripper/srv/detail/robotiq_gripper__struct.h
[1.929s] -- Up-to-date symlink: /home/ubuntu/ros2ws/install/ros2_robotiqgripper/include/ros2_robotiqgripper/ros2_robotiqgripper/srv/detail/robotiq_gripper__type_support.h
[1.929s] -- Up-to-date symlink: /home/ubuntu/ros2ws/install/ros2_robotiqgripper/include/ros2_robotiqgripper/ros2_robotiqgripper/srv/robotiq_gripper.h
[1.929s] -- Up-to-date symlink: /home/ubuntu/ros2ws/install/ros2_robotiqgripper/share/ros2_robotiqgripper/environment/library_path.sh
[1.929s] -- Up-to-date symlink: /home/ubuntu/ros2ws/install/ros2_robotiqgripper/share/ros2_robotiqgripper/environment/library_path.dsv
[1.930s] -- Up-to-date symlink: /home/ubuntu/ros2ws/install/ros2_robotiqgripper/include/ros2_robotiqgripper/ros2_robotiqgripper/msg/rosidl_typesupport_fastrtps_c__visibility_control.h
[1.931s] -- Up-to-date symlink: /home/ubuntu/ros2ws/install/ros2_robotiqgripper/include/ros2_robotiqgripper/ros2_robotiqgripper/srv/detail/robotiq_gripper__rosidl_typesupport_fastrtps_c.h
[1.932s] -- Up-to-date symlink: /home/ubuntu/ros2ws/install/ros2_robotiqgripper/include/ros2_robotiqgripper/ros2_robotiqgripper/msg/rosidl_typesupport_introspection_c__visibility_control.h
[1.932s] -- Up-to-date symlink: /home/ubuntu/ros2ws/install/ros2_robotiqgripper/include/ros2_robotiqgripper/ros2_robotiqgripper/srv/detail/robotiq_gripper__rosidl_typesupport_introspection_c.h
[1.935s] -- Up-to-date symlink: /home/ubuntu/ros2ws/install/ros2_robotiqgripper/include/ros2_robotiqgripper/ros2_robotiqgripper/srv/detail/robotiq_gripper__builder.hpp
[1.936s] -- Up-to-date symlink: /home/ubuntu/ros2ws/install/ros2_robotiqgripper/include/ros2_robotiqgripper/ros2_robotiqgripper/srv/detail/robotiq_gripper__struct.hpp
[1.936s] -- Up-to-date symlink: /home/ubuntu/ros2ws/install/ros2_robotiqgripper/include/ros2_robotiqgripper/ros2_robotiqgripper/srv/detail/robotiq_gripper__traits.hpp
[1.936s] -- Up-to-date symlink: /home/ubuntu/ros2ws/install/ros2_robotiqgripper/include/ros2_robotiqgripper/ros2_robotiqgripper/srv/robotiq_gripper.hpp
[1.937s] -- Up-to-date symlink: /home/ubuntu/ros2ws/install/ros2_robotiqgripper/include/ros2_robotiqgripper/ros2_robotiqgripper/msg/rosidl_typesupport_fastrtps_cpp__visibility_control.h
[1.937s] -- Up-to-date symlink: /home/ubuntu/ros2ws/install/ros2_robotiqgripper/include/ros2_robotiqgripper/ros2_robotiqgripper/srv/detail/robotiq_gripper__rosidl_typesupport_fastrtps_cpp.hpp
[1.939s] -- Up-to-date symlink: /home/ubuntu/ros2ws/install/ros2_robotiqgripper/include/ros2_robotiqgripper/ros2_robotiqgripper/srv/detail/robotiq_gripper__rosidl_typesupport_introspection_cpp.hpp
[1.940s] -- Up-to-date symlink: /home/ubuntu/ros2ws/install/ros2_robotiqgripper/share/ros2_robotiqgripper/environment/pythonpath.sh
[1.940s] -- Up-to-date symlink: /home/ubuntu/ros2ws/install/ros2_robotiqgripper/share/ros2_robotiqgripper/environment/pythonpath.dsv
[1.941s] -- Up-to-date symlink: /home/ubuntu/ros2ws/install/ros2_robotiqgripper/local/lib/python3.10/dist-packages/ros2_robotiqgripper-1.0.0-py3.10.egg-info/PKG-INFO
[1.942s] -- Up-to-date symlink: /home/ubuntu/ros2ws/install/ros2_robotiqgripper/local/lib/python3.10/dist-packages/ros2_robotiqgripper-1.0.0-py3.10.egg-info/SOURCES.txt
[1.943s] -- Up-to-date symlink: /home/ubuntu/ros2ws/install/ros2_robotiqgripper/local/lib/python3.10/dist-packages/ros2_robotiqgripper-1.0.0-py3.10.egg-info/dependency_links.txt
[1.944s] -- Up-to-date symlink: /home/ubuntu/ros2ws/install/ros2_robotiqgripper/local/lib/python3.10/dist-packages/ros2_robotiqgripper-1.0.0-py3.10.egg-info/top_level.txt
[1.946s] -- Up-to-date symlink: /home/ubuntu/ros2ws/install/ros2_robotiqgripper/local/lib/python3.10/dist-packages/ros2_robotiqgripper/__init__.py
[1.947s] -- Up-to-date symlink: /home/ubuntu/ros2ws/install/ros2_robotiqgripper/local/lib/python3.10/dist-packages/ros2_robotiqgripper/_ros2_robotiqgripper_s.ep.rosidl_typesupport_c.c
[1.948s] -- Up-to-date symlink: /home/ubuntu/ros2ws/install/ros2_robotiqgripper/local/lib/python3.10/dist-packages/ros2_robotiqgripper/_ros2_robotiqgripper_s.ep.rosidl_typesupport_fastrtps_c.c
[1.948s] -- Up-to-date symlink: /home/ubuntu/ros2ws/install/ros2_robotiqgripper/local/lib/python3.10/dist-packages/ros2_robotiqgripper/_ros2_robotiqgripper_s.ep.rosidl_typesupport_introspection_c.c
[1.950s] -- Up-to-date symlink: /home/ubuntu/ros2ws/install/ros2_robotiqgripper/local/lib/python3.10/dist-packages/ros2_robotiqgripper/libros2_robotiqgripper__rosidl_generator_py.so
[1.950s] -- Up-to-date symlink: /home/ubuntu/ros2ws/install/ros2_robotiqgripper/local/lib/python3.10/dist-packages/ros2_robotiqgripper/ros2_robotiqgripper_s__rosidl_typesupport_c.cpython-310-x86_64-linux-gnu.so
[1.950s] -- Up-to-date symlink: /home/ubuntu/ros2ws/install/ros2_robotiqgripper/local/lib/python3.10/dist-packages/ros2_robotiqgripper/ros2_robotiqgripper_s__rosidl_typesupport_fastrtps_c.cpython-310-x86_64-linux-gnu.so
[1.952s] -- Up-to-date symlink: /home/ubuntu/ros2ws/install/ros2_robotiqgripper/local/lib/python3.10/dist-packages/ros2_robotiqgripper/ros2_robotiqgripper_s__rosidl_typesupport_introspection_c.cpython-310-x86_64-linux-gnu.so
[1.952s] -- Up-to-date symlink: /home/ubuntu/ros2ws/install/ros2_robotiqgripper/local/lib/python3.10/dist-packages/ros2_robotiqgripper/srv/__init__.py
[1.952s] -- Up-to-date symlink: /home/ubuntu/ros2ws/install/ros2_robotiqgripper/local/lib/python3.10/dist-packages/ros2_robotiqgripper/srv/_robotiq_gripper.py
[1.953s] -- Up-to-date symlink: /home/ubuntu/ros2ws/install/ros2_robotiqgripper/local/lib/python3.10/dist-packages/ros2_robotiqgripper/srv/_robotiq_gripper_s.c
[1.954s] -- Up-to-date symlink: /home/ubuntu/ros2ws/install/ros2_robotiqgripper/local/lib/python3.10/dist-packages/ros2_robotiqgripper/ros2_robotiqgripper_s__rosidl_typesupport_fastrtps_c.cpython-310-x86_64-linux-gnu.so
[1.955s] -- Up-to-date symlink: /home/ubuntu/ros2ws/install/ros2_robotiqgripper/local/lib/python3.10/dist-packages/ros2_robotiqgripper/ros2_robotiqgripper_s__rosidl_typesupport_introspection_c.cpython-310-x86_64-linux-gnu.so
[1.956s] -- Up-to-date symlink: /home/ubuntu/ros2ws/install/ros2_robotiqgripper/local/lib/python3.10/dist-packages/ros2_robotiqgripper/ros2_robotiqgripper_s__rosidl_typesupport_c.cpython-310-x86_64-linux-gnu.so
[1.957s] -- Up-to-date symlink: /home/ubuntu/ros2ws/install/ros2_robotiqgripper/share/ros2_robotiqgripper/srv/RobotiqGripper.idl
[1.959s] -- Up-to-date symlink: /home/ubuntu/ros2ws/install/ros2_robotiqgripper/share/ros2_robotiqgripper/srv/RobotiqGripper.srv
[1.959s] -- Up-to-date symlink: /home/ubuntu/ros2ws/install/ros2_robotiqgripper/share/ros2_robotiqgripper/srv/RobotiqGripper_Request.msg
[1.960s] -- Up-to-date symlink: /home/ubuntu/ros2ws/install/ros2_robotiqgripper/share/ros2_robotiqgripper/srv/RobotiqGripper_Response.msg
[1.960s] -- Up-to-date symlink: /home/ubuntu/ros2ws/install/ros2_robotiqgripper/share/ament_index/resource_index/package_run_dependencies/ros2_robotiqgripper
[1.962s] -- Up-to-date symlink: /home/ubuntu/ros2ws/install/ros2_robotiqgripper/share/ament_index/resource_index/parent_prefix_path/ros2_robotiqgripper
[1.962s] -- Up-to-date symlink: /home/ubuntu/ros2ws/install/ros2_robotiqgripper/share/ros2_robotiqgripper/environment/ament_prefix_path.sh
[1.963s] -- Up-to-date symlink: /home/ubuntu/ros2ws/install/ros2_robotiqgripper/share/ros2_robotiqgripper/environment/ament_prefix_path.dsv
[1.964s] -- Up-to-date symlink: /home/ubuntu/ros2ws/install/ros2_robotiqgripper/share/ros2_robotiqgripper/environment/path.sh
[1.964s] -- Up-to-date symlink: /home/ubuntu/ros2ws/install/ros2_robotiqgripper/share/ros2_robotiqgripper/environment/path.dsv
[1.965s] -- Up-to-date symlink: /home/ubuntu/ros2ws/install/ros2_robotiqgripper/share/ros2_robotiqgripper/local_setup.bash
[1.966s] -- Up-to-date symlink: /home/ubuntu/ros2ws/install/ros2_robotiqgripper/share/ros2_robotiqgripper/local_setup.sh
[1.966s] -- Up-to-date symlink: /home/ubuntu/ros2ws/install/ros2_robotiqgripper/share/ros2_robotiqgripper/local_setup.zsh
[1.968s] -- Up-to-date symlink: /home/ubuntu/ros2ws/install/ros2_robotiqgripper/share/ros2_robotiqgripper/local_setup.dsv
[1.969s] -- Symlinking: /home/ubuntu/ros2ws/install/ros2_robotiqgripper/share/ros2_robotiqgripper/package.dsv
[2.003s] -- Up-to-date symlink: /home/ubuntu/ros2ws/install/ros2_robotiqgripper/share/ament_index/resource_index/packages/ros2_robotiqgripper
[2.005s] -- Up-to-date symlink: /home/ubuntu/ros2ws/install/ros2_robotiqgripper/share/ros2_robotiqgripper/cmake/rosidl_cmake-extras.cmake
[2.006s] -- Up-to-date symlink: /home/ubuntu/ros2ws/install/ros2_robotiqgripper/share/ros2_robotiqgripper/cmake/ament_cmake_export_include_directories-extras.cmake
[2.006s] -- Up-to-date symlink: /home/ubuntu/ros2ws/install/ros2_robotiqgripper/share/ros2_robotiqgripper/cmake/ament_cmake_export_libraries-extras.cmake
[2.007s] -- Up-to-date symlink: /home/ubuntu/ros2ws/install/ros2_robotiqgripper/share/ros2_robotiqgripper/cmake/ament_cmake_export_targets-extras.cmake
[2.007s] -- Up-to-date symlink: /home/ubuntu/ros2ws/install/ros2_robotiqgripper/share/ros2_robotiqgripper/cmake/rosidl_cmake_export_typesupport_targets-extras.cmake
[2.008s] -- Up-to-date symlink: /home/ubuntu/ros2ws/install/ros2_robotiqgripper/share/ros2_robotiqgripper/cmake/ament_cmake_export_dependencies-extras.cmake
[2.009s] -- Up-to-date symlink: /home/ubuntu/ros2ws/install/ros2_robotiqgripper/share/ros2_robotiqgripper/cmake/rosidl_cmake_export_typesupport_libraries-extras.cmake
[2.011s] -- Up-to-date symlink: /home/ubuntu/ros2ws/install/ros2_robotiqgripper/share/ros2_robotiqgripper/cmake/ros2_robotiqgripperConfig.cmake
[2.016s] -- Up-to-date symlink: /home/ubuntu/ros2ws/install/ros2_robotiqgripper/share/ros2_robotiqgripper/cmake/ros2_robotiqgripperConfig-version.cmake
[2.016s] -- Up-to-date symlink: /home/ubuntu/ros2ws/install/ros2_robotiqgripper/share/ros2_robotiqgripper/package.xml
[2.017s] -- Up-to-date: /home/ubuntu/ros2ws/install/ros2_robotiqgripper/lib/libros2_robotiqgripper__rosidl_generator_c.so
[2.017s] -- Up-to-date: /home/ubuntu/ros2ws/install/ros2_robotiqgripper/lib/libros2_robotiqgripper__rosidl_typesupport_fastrtps_c.so
[2.017s] -- Up-to-date: /home/ubuntu/ros2ws/install/ros2_robotiqgripper/lib/libros2_robotiqgripper__rosidl_typesupport_introspection_c.so
[2.017s] -- Up-to-date: /home/ubuntu/ros2ws/install/ros2_robotiqgripper/lib/libros2_robotiqgripper__rosidl_typesupport_c.so
[2.017s] -- Up-to-date: /home/ubuntu/ros2ws/install/ros2_robotiqgripper/lib/libros2_robotiqgripper__rosidl_typesupport_fastrtps_cpp.so
[2.018s] -- Up-to-date: /home/ubuntu/ros2ws/install/ros2_robotiqgripper/lib/libros2_robotiqgripper__rosidl_typesupport_introspection_cpp.so
[2.020s] -- Up-to-date: /home/ubuntu/ros2ws/install/ros2_robotiqgripper/lib/libros2_robotiqgripper__rosidl_typesupport_cpp.so
[2.113s] Listing '/home/ubuntu/ros2ws/install/ros2_robotiqgripper/local/lib/python3.10/dist-packages/ros2_robotiqgripper'...
[2.113s] Listing '/home/ubuntu/ros2ws/install/ros2_robotiqgripper/local/lib/python3.10/dist-packages/ros2_robotiqgripper/srv'...
[2.119s] -- Up-to-date: /home/ubuntu/ros2ws/install/ros2_robotiqgripper/lib/libros2_robotiqgripper__rosidl_generator_py.so
[2.121s] -- Up-to-date: /home/ubuntu/ros2ws/install/ros2_robotiqgripper/share/ros2_robotiqgripper/cmake/export_ros2_robotiqgripper__rosidl_generator_cExport.cmake
[2.121s] -- Up-to-date: /home/ubuntu/ros2ws/install/ros2_robotiqgripper/share/ros2_robotiqgripper/cmake/export_ros2_robotiqgripper__rosidl_generator_cExport-noconfig.cmake
[2.121s] -- Up-to-date: /home/ubuntu/ros2ws/install/ros2_robotiqgripper/share/ros2_robotiqgripper/cmake/export_ros2_robotiqgripper__rosidl_typesupport_fastrtps_cExport.cmake
[2.121s] -- Up-to-date: /home/ubuntu/ros2ws/install/ros2_robotiqgripper/share/ros2_robotiqgripper/cmake/export_ros2_robotiqgripper__rosidl_typesupport_fastrtps_cExport-noconfig.cmake
[2.122s] -- Up-to-date: /home/ubuntu/ros2ws/install/ros2_robotiqgripper/share/ros2_robotiqgripper/cmake/ros2_robotiqgripper__rosidl_typesupport_introspection_cExport.cmake
[2.122s] -- Up-to-date: /home/ubuntu/ros2ws/install/ros2_robotiqgripper/share/ros2_robotiqgripper/cmake/ros2_robotiqgripper__rosidl_typesupport_introspection_cExport-noconfig.cmake
[2.123s] -- Up-to-date: /home/ubuntu/ros2ws/install/ros2_robotiqgripper/share/ros2_robotiqgripper/cmake/ros2_robotiqgripper__rosidl_typesupport_cExport.cmake
[2.123s] -- Up-to-date: /home/ubuntu/ros2ws/install/ros2_robotiqgripper/share/ros2_robotiqgripper/cmake/ros2_robotiqgripper__rosidl_typesupport_cExport-noconfig.cmake
[2.123s] -- Up-to-date: /home/ubuntu/ros2ws/install/ros2_robotiqgripper/share/ros2_robotiqgripper/cmake/export_ros2_robotiqgripper__rosidl_generator_cppExport.cmake
[2.124s] -- Up-to-date: /home/ubuntu/ros2ws/install/ros2_robotiqgripper/share/ros2_robotiqgripper/cmake/export_ros2_robotiqgripper__rosidl_typesupport_fastrtps_cppExport.cmake
[2.124s] -- Up-to-date: /home/ubuntu/ros2ws/install/ros2_robotiqgripper/share/ros2_robotiqgripper/cmake/export_ros2_robotiqgripper__rosidl_typesupport_fastrtps_cppExport-noconfig.cmake
[2.124s] -- Up-to-date: /home/ubuntu/ros2ws/install/ros2_robotiqgripper/share/ros2_robotiqgripper/cmake/ros2_robotiqgripper__rosidl_typesupport_introspection_cppExport.cmake
[2.125s] -- Up-to-date: /home/ubuntu/ros2ws/install/ros2_robotiqgripper/share/ros2_robotiqgripper/cmake/ros2_robotiqgripper__rosidl_typesupport_introspection_cppExport-noconfig.cmake
[2.125s] -- Up-to-date: /home/ubuntu/ros2ws/install/ros2_robotiqgripper/share/ros2_robotiqgripper/cmake/ros2_robotiqgripper__rosidl_typesupport_cppExport.cmake
[2.126s] -- Up-to-date: /home/ubuntu/ros2ws/install/ros2_robotiqgripper/share/ros2_robotiqgripper/cmake/ros2_robotiqgripper__rosidl_typesupport_cppExport-noconfig.cmake
[2.128s] -- Up-to-date: /home/ubuntu/ros2ws/install/ros2_robotiqgripper/share/ros2_robotiqgripper/cmake/export_ros2_robotiqgripper__rosidl_generator_pyExport.cmake
[2.128s] -- Up-to-date: /home/ubuntu/ros2ws/install/ros2_robotiqgripper/share/ros2_robotiqgripper/cmake/export_ros2_robotiqgripper__rosidl_generator_pyExport-noconfig.cmake
[2.131s] Invoked command in '/home/ubuntu/ros2ws/build/ros2_robotiqgripper' returned '0': CMAKE_PREFIX_PATH=${CMAKE_PREFIX_PATH}:/home/ubuntu/ros2ws/install/testV1:/home/ubuntu/ros2ws/install/gui_subscriber:/home/ubuntu/ros2ws/install/moveit_configs_utils:/home/ubuntu/ros2ws/install/robot_letter_writer:/home/ubuntu/ros2ws/install/launch_param_builder:/opt/ros/humble /usr/bin/cmake --install /home/ubuntu/ros2ws/build/ros2_robotiqgripper
