[0.057s] Invoking command in '/home/ubuntu/ros2ws/build/ros2srrc_iiwa_gazebo': CMAKE_PREFIX_PATH=${CMAKE_PREFIX_PATH}:/home/ubuntu/ros2ws/install/testV1:/home/ubuntu/ros2ws/install/gui_subscriber:/home/ubuntu/ros2ws/install/moveit_configs_utils:/home/ubuntu/ros2ws/install/robot_letter_writer:/home/ubuntu/ros2ws/install/launch_param_builder:/opt/ros/humble /usr/bin/cmake --build /home/ubuntu/ros2ws/build/ros2srrc_iiwa_gazebo -- -j4 -l4
[0.228s] Invoked command in '/home/ubuntu/ros2ws/build/ros2srrc_iiwa_gazebo' returned '0': CMAKE_PREFIX_PATH=${CMAKE_PREFIX_PATH}:/home/ubuntu/ros2ws/install/testV1:/home/ubuntu/ros2ws/install/gui_subscriber:/home/ubuntu/ros2ws/install/moveit_configs_utils:/home/ubuntu/ros2ws/install/robot_letter_writer:/home/ubuntu/ros2ws/install/launch_param_builder:/opt/ros/humble /usr/bin/cmake --build /home/ubuntu/ros2ws/build/ros2srrc_iiwa_gazebo -- -j4 -l4
[0.358s] Invoking command in '/home/ubuntu/ros2ws/build/ros2srrc_iiwa_gazebo': CMAKE_PREFIX_PATH=${CMAKE_PREFIX_PATH}:/home/ubuntu/ros2ws/install/testV1:/home/ubuntu/ros2ws/install/gui_subscriber:/home/ubuntu/ros2ws/install/moveit_configs_utils:/home/ubuntu/ros2ws/install/robot_letter_writer:/home/ubuntu/ros2ws/install/launch_param_builder:/opt/ros/humble /usr/bin/cmake --install /home/ubuntu/ros2ws/build/ros2srrc_iiwa_gazebo
[0.415s] -- Install configuration: ""
[0.449s] -- Execute custom install script
[0.449s] -- Up-to-date symlink: /home/ubuntu/ros2ws/install/ros2srrc_iiwa_gazebo/share/ros2srrc_iiwa_gazebo/config/configurations.yaml
[0.449s] -- Up-to-date symlink: /home/ubuntu/ros2ws/install/ros2srrc_iiwa_gazebo/share/ros2srrc_iiwa_gazebo/urdf/iiwa.urdf.xacro
[0.451s] -- Up-to-date symlink: /home/ubuntu/ros2ws/install/ros2srrc_iiwa_gazebo/share/ros2srrc_iiwa_gazebo/urdf/iiwa_robotiq_2f85.urdf.xacro
[0.455s] -- Up-to-date symlink: /home/ubuntu/ros2ws/install/ros2srrc_iiwa_gazebo/share/ros2srrc_iiwa_gazebo/worlds/ros2srrc_iiwa.world
[0.455s] -- Up-to-date symlink: /home/ubuntu/ros2ws/install/ros2srrc_iiwa_gazebo/share/ament_index/resource_index/package_run_dependencies/ros2srrc_iiwa_gazebo
[0.456s] -- Up-to-date symlink: /home/ubuntu/ros2ws/install/ros2srrc_iiwa_gazebo/share/ament_index/resource_index/parent_prefix_path/ros2srrc_iiwa_gazebo
[0.461s] -- Up-to-date symlink: /home/ubuntu/ros2ws/install/ros2srrc_iiwa_gazebo/share/ros2srrc_iiwa_gazebo/environment/ament_prefix_path.sh
[0.461s] -- Up-to-date symlink: /home/ubuntu/ros2ws/install/ros2srrc_iiwa_gazebo/share/ros2srrc_iiwa_gazebo/environment/ament_prefix_path.dsv
[0.477s] -- Up-to-date symlink: /home/ubuntu/ros2ws/install/ros2srrc_iiwa_gazebo/share/ros2srrc_iiwa_gazebo/environment/path.sh
[0.478s] -- Up-to-date symlink: /home/ubuntu/ros2ws/install/ros2srrc_iiwa_gazebo/share/ros2srrc_iiwa_gazebo/environment/path.dsv
[0.502s] -- Up-to-date symlink: /home/ubuntu/ros2ws/install/ros2srrc_iiwa_gazebo/share/ros2srrc_iiwa_gazebo/local_setup.bash
[0.507s] -- Up-to-date symlink: /home/ubuntu/ros2ws/install/ros2srrc_iiwa_gazebo/share/ros2srrc_iiwa_gazebo/local_setup.sh
[0.507s] -- Up-to-date symlink: /home/ubuntu/ros2ws/install/ros2srrc_iiwa_gazebo/share/ros2srrc_iiwa_gazebo/local_setup.zsh
[0.507s] -- Up-to-date symlink: /home/ubuntu/ros2ws/install/ros2srrc_iiwa_gazebo/share/ros2srrc_iiwa_gazebo/local_setup.dsv
[0.507s] -- Symlinking: /home/ubuntu/ros2ws/install/ros2srrc_iiwa_gazebo/share/ros2srrc_iiwa_gazebo/package.dsv
[0.581s] -- Up-to-date symlink: /home/ubuntu/ros2ws/install/ros2srrc_iiwa_gazebo/share/ament_index/resource_index/packages/ros2srrc_iiwa_gazebo
[0.581s] -- Up-to-date symlink: /home/ubuntu/ros2ws/install/ros2srrc_iiwa_gazebo/share/ros2srrc_iiwa_gazebo/cmake/ros2srrc_iiwa_gazeboConfig.cmake
[0.581s] -- Up-to-date symlink: /home/ubuntu/ros2ws/install/ros2srrc_iiwa_gazebo/share/ros2srrc_iiwa_gazebo/cmake/ros2srrc_iiwa_gazeboConfig-version.cmake
[0.582s] -- Up-to-date symlink: /home/ubuntu/ros2ws/install/ros2srrc_iiwa_gazebo/share/ros2srrc_iiwa_gazebo/package.xml
[0.585s] Invoked command in '/home/ubuntu/ros2ws/build/ros2srrc_iiwa_gazebo' returned '0': CMAKE_PREFIX_PATH=${CMAKE_PREFIX_PATH}:/home/ubuntu/ros2ws/install/testV1:/home/ubuntu/ros2ws/install/gui_subscriber:/home/ubuntu/ros2ws/install/moveit_configs_utils:/home/ubuntu/ros2ws/install/robot_letter_writer:/home/ubuntu/ros2ws/install/launch_param_builder:/opt/ros/humble /usr/bin/cmake --install /home/ubuntu/ros2ws/build/ros2srrc_iiwa_gazebo
