[0.016s] Invoking command in '/home/ubuntu/ros2ws/build/ros2srrc_irb6640_moveit2': CMAKE_PREFIX_PATH=${CMAKE_PREFIX_PATH}:/opt/ros/humble /usr/bin/cmake /home/ubuntu/ros2ws/src/ros2_SimRealRobotControl/packages/irb6640/ros2srrc_irb6640_moveit2 -DAMENT_CMAKE_SYMLINK_INSTALL=1 -DCMAKE_INSTALL_PREFIX=/home/ubuntu/ros2ws/install/ros2srrc_irb6640_moveit2
[0.164s] -- The C compiler identification is GNU 11.4.0
[0.292s] -- The CXX compiler identification is GNU 11.4.0
[0.307s] -- Detecting C compiler ABI info
[0.450s] -- Detecting C compiler ABI info - done
[0.475s] -- Check for working C compiler: /usr/bin/cc - skipped
[0.475s] -- Detecting C compile features
[0.476s] -- Detecting C compile features - done
[0.483s] -- Detecting CXX compiler ABI info
[0.654s] -- Detecting CXX compiler ABI info - done
[0.677s] -- Check for working CXX compiler: /usr/bin/c++ - skipped
[0.682s] -- Detecting CXX compile features
[0.682s] -- Detecting CXX compile features - done
[0.689s] -- Found ament_cmake: 1.3.10 (/opt/ros/humble/share/ament_cmake/cmake)
[1.000s] -- Found Python3: /usr/bin/python3 (found version "3.10.12") found components: Interpreter 
[1.154s] -- Override CMake install command with custom implementation using symlinks instead of copying resources
[1.276s] -- Found ament_lint_auto: 0.12.11 (/opt/ros/humble/share/ament_lint_auto/cmake)
[1.474s] -- Added test 'copyright' to check source files copyright and LICENSE
[1.480s] -- Added test 'lint_cmake' to check CMake code style
[1.482s] -- Added test 'xmllint' to check XML markup files
[1.488s] -- Configuring done
[1.494s] -- Generating done
[1.494s] -- Build files have been written to: /home/ubuntu/ros2ws/build/ros2srrc_irb6640_moveit2
[1.505s] Invoked command in '/home/ubuntu/ros2ws/build/ros2srrc_irb6640_moveit2' returned '0': CMAKE_PREFIX_PATH=${CMAKE_PREFIX_PATH}:/opt/ros/humble /usr/bin/cmake /home/ubuntu/ros2ws/src/ros2_SimRealRobotControl/packages/irb6640/ros2srrc_irb6640_moveit2 -DAMENT_CMAKE_SYMLINK_INSTALL=1 -DCMAKE_INSTALL_PREFIX=/home/ubuntu/ros2ws/install/ros2srrc_irb6640_moveit2
[1.506s] Invoking command in '/home/ubuntu/ros2ws/build/ros2srrc_irb6640_moveit2': CMAKE_PREFIX_PATH=${CMAKE_PREFIX_PATH}:/opt/ros/humble /usr/bin/cmake --build /home/ubuntu/ros2ws/build/ros2srrc_irb6640_moveit2 -- -j4 -l4
[1.582s] Invoked command in '/home/ubuntu/ros2ws/build/ros2srrc_irb6640_moveit2' returned '0': CMAKE_PREFIX_PATH=${CMAKE_PREFIX_PATH}:/opt/ros/humble /usr/bin/cmake --build /home/ubuntu/ros2ws/build/ros2srrc_irb6640_moveit2 -- -j4 -l4
[1.638s] Invoking command in '/home/ubuntu/ros2ws/build/ros2srrc_irb6640_moveit2': CMAKE_PREFIX_PATH=${CMAKE_PREFIX_PATH}:/opt/ros/humble /usr/bin/cmake --install /home/ubuntu/ros2ws/build/ros2srrc_irb6640_moveit2
[1.649s] -- Install configuration: ""
[1.649s] -- Execute custom install script
[1.654s] -- Symlinking: /home/ubuntu/ros2ws/install/ros2srrc_irb6640_moveit2/share/ros2srrc_irb6640_moveit2/config/irb6640.srdf
[1.673s] -- Symlinking: /home/ubuntu/ros2ws/install/ros2srrc_irb6640_moveit2/share/ros2srrc_irb6640_moveit2/config/irb6640_moveit2.rviz
[1.696s] -- Symlinking: /home/ubuntu/ros2ws/install/ros2srrc_irb6640_moveit2/share/ros2srrc_irb6640_moveit2/config/irb6640gpp5010nc.srdf
[1.730s] -- Symlinking: /home/ubuntu/ros2ws/install/ros2srrc_irb6640_moveit2/share/ros2srrc_irb6640_moveit2/config/irb6640gpp5010nc_moveit2.rviz
[1.752s] -- Symlinking: /home/ubuntu/ros2ws/install/ros2srrc_irb6640_moveit2/share/ament_index/resource_index/package_run_dependencies/ros2srrc_irb6640_moveit2
[1.771s] -- Symlinking: /home/ubuntu/ros2ws/install/ros2srrc_irb6640_moveit2/share/ament_index/resource_index/parent_prefix_path/ros2srrc_irb6640_moveit2
[1.789s] -- Symlinking: /home/ubuntu/ros2ws/install/ros2srrc_irb6640_moveit2/share/ros2srrc_irb6640_moveit2/environment/ament_prefix_path.sh
[1.802s] -- Symlinking: /home/ubuntu/ros2ws/install/ros2srrc_irb6640_moveit2/share/ros2srrc_irb6640_moveit2/environment/ament_prefix_path.dsv
[1.826s] -- Symlinking: /home/ubuntu/ros2ws/install/ros2srrc_irb6640_moveit2/share/ros2srrc_irb6640_moveit2/environment/path.sh
[1.849s] -- Symlinking: /home/ubuntu/ros2ws/install/ros2srrc_irb6640_moveit2/share/ros2srrc_irb6640_moveit2/environment/path.dsv
[1.867s] -- Symlinking: /home/ubuntu/ros2ws/install/ros2srrc_irb6640_moveit2/share/ros2srrc_irb6640_moveit2/local_setup.bash
[1.895s] -- Symlinking: /home/ubuntu/ros2ws/install/ros2srrc_irb6640_moveit2/share/ros2srrc_irb6640_moveit2/local_setup.sh
[1.914s] -- Symlinking: /home/ubuntu/ros2ws/install/ros2srrc_irb6640_moveit2/share/ros2srrc_irb6640_moveit2/local_setup.zsh
[1.932s] -- Symlinking: /home/ubuntu/ros2ws/install/ros2srrc_irb6640_moveit2/share/ros2srrc_irb6640_moveit2/local_setup.dsv
[1.950s] -- Symlinking: /home/ubuntu/ros2ws/install/ros2srrc_irb6640_moveit2/share/ros2srrc_irb6640_moveit2/package.dsv
[1.971s] -- Symlinking: /home/ubuntu/ros2ws/install/ros2srrc_irb6640_moveit2/share/ament_index/resource_index/packages/ros2srrc_irb6640_moveit2
[1.992s] -- Symlinking: /home/ubuntu/ros2ws/install/ros2srrc_irb6640_moveit2/share/ros2srrc_irb6640_moveit2/cmake/ros2srrc_irb6640_moveit2Config.cmake
[2.009s] -- Symlinking: /home/ubuntu/ros2ws/install/ros2srrc_irb6640_moveit2/share/ros2srrc_irb6640_moveit2/cmake/ros2srrc_irb6640_moveit2Config-version.cmake
[2.026s] -- Symlinking: /home/ubuntu/ros2ws/install/ros2srrc_irb6640_moveit2/share/ros2srrc_irb6640_moveit2/package.xml
[2.049s] Invoked command in '/home/ubuntu/ros2ws/build/ros2srrc_irb6640_moveit2' returned '0': CMAKE_PREFIX_PATH=${CMAKE_PREFIX_PATH}:/opt/ros/humble /usr/bin/cmake --install /home/ubuntu/ros2ws/build/ros2srrc_irb6640_moveit2
