[0.000000] (-) TimerEvent: {}
[0.000135] (-) JobUnselected: {'identifier': 'GUI_subscriber'}
[0.000161] (-) JobUnselected: {'identifier': 'abb_bringup'}
[0.000176] (-) JobUnselected: {'identifier': 'abb_egm_msgs'}
[0.000190] (-) JobUnselected: {'identifier': 'abb_egm_rws_managers'}
[0.000203] (-) JobUnselected: {'identifier': 'abb_hardware_interface'}
[0.000242] (-) JobUnselected: {'identifier': 'abb_irb1200_5_90_moveit_config'}
[0.000256] (-) JobUnselected: {'identifier': 'abb_irb1200_support'}
[0.000269] (-) JobUnselected: {'identifier': 'abb_irb4600_support'}
[0.000281] (-) JobUnselected: {'identifier': 'abb_libegm'}
[0.000312] (-) JobUnselected: {'identifier': 'abb_librws'}
[0.000325] (-) JobUnselected: {'identifier': 'abb_rapid_msgs'}
[0.000339] (-) JobUnselected: {'identifier': 'abb_rapid_sm_addin_msgs'}
[0.000352] (-) JobUnselected: {'identifier': 'abb_resources'}
[0.000378] (-) JobUnselected: {'identifier': 'abb_robot_msgs'}
[0.000409] (-) JobUnselected: {'identifier': 'abb_ros2'}
[0.000422] (-) JobUnselected: {'identifier': 'abb_rws_client'}
[0.000436] (-) JobUnselected: {'identifier': 'gazebo_ros2_control'}
[0.000449] (-) JobUnselected: {'identifier': 'gazebo_ros2_control_demos'}
[0.000462] (-) JobUnselected: {'identifier': 'letter_writer'}
[0.000488] (-) JobUnselected: {'identifier': 'linkattacher_msgs'}
[0.000500] (-) JobUnselected: {'identifier': 'linkpose_gazebo'}
[0.000512] (-) JobUnselected: {'identifier': 'linkpose_msgs'}
[0.000525] (-) JobUnselected: {'identifier': 'objectpose_gazebo'}
[0.000537] (-) JobUnselected: {'identifier': 'objectpose_msgs'}
[0.000549] (-) JobUnselected: {'identifier': 'robot_letter_writer'}
[0.000561] (-) JobUnselected: {'identifier': 'ros2_linkattacher'}
[0.000573] (-) JobUnselected: {'identifier': 'ros2_linkpose'}
[0.000585] (-) JobUnselected: {'identifier': 'ros2_objectpose'}
[0.000597] (-) JobUnselected: {'identifier': 'ros2_robotiqgripper'}
[0.000609] (-) JobUnselected: {'identifier': 'ros2srrc_data'}
[0.000621] (-) JobUnselected: {'identifier': 'ros2srrc_endeffectors'}
[0.000650] (-) JobUnselected: {'identifier': 'ros2srrc_execution'}
[0.000667] (-) JobUnselected: {'identifier': 'ros2srrc_iiwa_gazebo'}
[0.000680] (-) JobUnselected: {'identifier': 'ros2srrc_iiwa_moveit2'}
[0.000692] (-) JobUnselected: {'identifier': 'ros2srrc_irb1200_gazebo'}
[0.000704] (-) JobUnselected: {'identifier': 'ros2srrc_irb1200_moveit2'}
[0.000716] (-) JobUnselected: {'identifier': 'ros2srrc_irb120_gazebo'}
[0.000728] (-) JobUnselected: {'identifier': 'ros2srrc_irb120_moveit2'}
[0.000740] (-) JobUnselected: {'identifier': 'ros2srrc_irb6640_gazebo'}
[0.000752] (-) JobUnselected: {'identifier': 'ros2srrc_irb6640_moveit2'}
[0.000764] (-) JobUnselected: {'identifier': 'ros2srrc_launch'}
[0.000776] (-) JobUnselected: {'identifier': 'ros2srrc_robots'}
[0.000788] (-) JobUnselected: {'identifier': 'ros2srrc_ur10e_gazebo'}
[0.000800] (-) JobUnselected: {'identifier': 'ros2srrc_ur10e_moveit2'}
[0.000812] (-) JobUnselected: {'identifier': 'ros2srrc_ur16e_gazebo'}
[0.000824] (-) JobUnselected: {'identifier': 'ros2srrc_ur16e_moveit2'}
[0.000836] (-) JobUnselected: {'identifier': 'ros2srrc_ur3_gazebo'}
[0.000848] (-) JobUnselected: {'identifier': 'ros2srrc_ur3_moveit2'}
[0.000860] (-) JobUnselected: {'identifier': 'ros2srrc_ur5_gazebo'}
[0.000872] (-) JobUnselected: {'identifier': 'ros2srrc_ur5_moveit2'}
[0.000884] (-) EventReactorShutdown: {}
