[0.060s] Invoking command in '/home/ubuntu/ros2ws/build/linkattacher_msgs': CMAKE_PREFIX_PATH=${CMAKE_PREFIX_PATH}:/home/ubuntu/ros2ws/install/testV1:/home/ubuntu/ros2ws/install/gui_subscriber:/home/ubuntu/ros2ws/install/moveit_configs_utils:/home/ubuntu/ros2ws/install/robot_letter_writer:/home/ubuntu/ros2ws/install/launch_param_builder:/opt/ros/humble /usr/bin/cmake --build /home/ubuntu/ros2ws/build/linkattacher_msgs -- -j4 -l4
[0.219s] [  2%] Built target linkattacher_msgs__cpp
[0.247s] [  2%] Built target ament_cmake_python_symlink_linkattacher_msgs
[0.249s] [ 12%] Built target linkattacher_msgs__rosidl_generator_c
[0.298s] [ 23%] Built target linkattacher_msgs__rosidl_typesupport_cpp
[0.324s] [ 33%] Built target linkattacher_msgs__rosidl_typesupport_fastrtps_cpp
[0.369s] [ 43%] Built target linkattacher_msgs__rosidl_typesupport_introspection_cpp
[0.408s] [ 53%] Built target linkattacher_msgs__rosidl_typesupport_introspection_c
[0.412s] [ 64%] Built target linkattacher_msgs__rosidl_typesupport_fastrtps_c
[0.462s] [ 74%] Built target linkattacher_msgs__rosidl_typesupport_c
[0.532s] [ 74%] Built target linkattacher_msgs
[0.598s] [ 76%] Built target linkattacher_msgs__py
[0.673s] [ 84%] Built target linkattacher_msgs__rosidl_generator_py
[0.764s] [ 89%] Built target linkattacher_msgs__rosidl_typesupport_fastrtps_c__pyext
[0.769s] [ 94%] Built target linkattacher_msgs__rosidl_typesupport_c__pyext
[0.773s] [100%] Built target linkattacher_msgs__rosidl_typesupport_introspection_c__pyext
[0.781s] running egg_info
[0.782s] writing linkattacher_msgs.egg-info/PKG-INFO
[0.788s] writing dependency_links to linkattacher_msgs.egg-info/dependency_links.txt
[0.788s] writing top-level names to linkattacher_msgs.egg-info/top_level.txt
[0.789s] reading manifest file 'linkattacher_msgs.egg-info/SOURCES.txt'
[0.789s] writing manifest file 'linkattacher_msgs.egg-info/SOURCES.txt'
[0.837s] [100%] Built target ament_cmake_python_build_linkattacher_msgs_egg
[0.860s] Invoked command in '/home/ubuntu/ros2ws/build/linkattacher_msgs' returned '0': CMAKE_PREFIX_PATH=${CMAKE_PREFIX_PATH}:/home/ubuntu/ros2ws/install/testV1:/home/ubuntu/ros2ws/install/gui_subscriber:/home/ubuntu/ros2ws/install/moveit_configs_utils:/home/ubuntu/ros2ws/install/robot_letter_writer:/home/ubuntu/ros2ws/install/launch_param_builder:/opt/ros/humble /usr/bin/cmake --build /home/ubuntu/ros2ws/build/linkattacher_msgs -- -j4 -l4
[1.306s] Invoking command in '/home/ubuntu/ros2ws/build/linkattacher_msgs': CMAKE_PREFIX_PATH=${CMAKE_PREFIX_PATH}:/home/ubuntu/ros2ws/install/testV1:/home/ubuntu/ros2ws/install/gui_subscriber:/home/ubuntu/ros2ws/install/moveit_configs_utils:/home/ubuntu/ros2ws/install/robot_letter_writer:/home/ubuntu/ros2ws/install/launch_param_builder:/opt/ros/humble /usr/bin/cmake --install /home/ubuntu/ros2ws/build/linkattacher_msgs
[1.320s] -- Install configuration: ""
[1.322s] -- Execute custom install script
[1.322s] -- Up-to-date symlink: /home/ubuntu/ros2ws/install/linkattacher_msgs/share/linkattacher_msgs/srv/AttachLink.srv
[1.322s] -- Up-to-date symlink: /home/ubuntu/ros2ws/install/linkattacher_msgs/share/linkattacher_msgs/srv/DetachLink.srv
[1.322s] -- Up-to-date symlink: /home/ubuntu/ros2ws/install/linkattacher_msgs/share/ament_index/resource_index/rosidl_interfaces/linkattacher_msgs
[1.322s] -- Up-to-date symlink: /home/ubuntu/ros2ws/install/linkattacher_msgs/include/linkattacher_msgs/linkattacher_msgs/msg/rosidl_generator_c__visibility_control.h
[1.323s] -- Up-to-date symlink: /home/ubuntu/ros2ws/install/linkattacher_msgs/include/linkattacher_msgs/linkattacher_msgs/srv/attach_link.h
[1.323s] -- Up-to-date symlink: /home/ubuntu/ros2ws/install/linkattacher_msgs/include/linkattacher_msgs/linkattacher_msgs/srv/detach_link.h
[1.323s] -- Up-to-date symlink: /home/ubuntu/ros2ws/install/linkattacher_msgs/include/linkattacher_msgs/linkattacher_msgs/srv/detail/attach_link__functions.h
[1.323s] -- Up-to-date symlink: /home/ubuntu/ros2ws/install/linkattacher_msgs/include/linkattacher_msgs/linkattacher_msgs/srv/detail/attach_link__struct.h
[1.325s] -- Up-to-date symlink: /home/ubuntu/ros2ws/install/linkattacher_msgs/include/linkattacher_msgs/linkattacher_msgs/srv/detail/attach_link__type_support.h
[1.325s] -- Up-to-date symlink: /home/ubuntu/ros2ws/install/linkattacher_msgs/include/linkattacher_msgs/linkattacher_msgs/srv/detail/detach_link__functions.h
[1.325s] -- Up-to-date symlink: /home/ubuntu/ros2ws/install/linkattacher_msgs/include/linkattacher_msgs/linkattacher_msgs/srv/detail/detach_link__struct.h
[1.325s] -- Up-to-date symlink: /home/ubuntu/ros2ws/install/linkattacher_msgs/include/linkattacher_msgs/linkattacher_msgs/srv/detail/detach_link__type_support.h
[1.325s] -- Up-to-date symlink: /home/ubuntu/ros2ws/install/linkattacher_msgs/share/linkattacher_msgs/environment/library_path.sh
[1.325s] -- Up-to-date symlink: /home/ubuntu/ros2ws/install/linkattacher_msgs/share/linkattacher_msgs/environment/library_path.dsv
[1.326s] -- Up-to-date symlink: /home/ubuntu/ros2ws/install/linkattacher_msgs/include/linkattacher_msgs/linkattacher_msgs/msg/rosidl_typesupport_fastrtps_c__visibility_control.h
[1.326s] -- Up-to-date symlink: /home/ubuntu/ros2ws/install/linkattacher_msgs/include/linkattacher_msgs/linkattacher_msgs/srv/detail/attach_link__rosidl_typesupport_fastrtps_c.h
[1.326s] -- Up-to-date symlink: /home/ubuntu/ros2ws/install/linkattacher_msgs/include/linkattacher_msgs/linkattacher_msgs/srv/detail/detach_link__rosidl_typesupport_fastrtps_c.h
[1.326s] -- Up-to-date symlink: /home/ubuntu/ros2ws/install/linkattacher_msgs/include/linkattacher_msgs/linkattacher_msgs/msg/rosidl_typesupport_introspection_c__visibility_control.h
[1.326s] -- Up-to-date symlink: /home/ubuntu/ros2ws/install/linkattacher_msgs/include/linkattacher_msgs/linkattacher_msgs/srv/detail/attach_link__rosidl_typesupport_introspection_c.h
[1.326s] -- Up-to-date symlink: /home/ubuntu/ros2ws/install/linkattacher_msgs/include/linkattacher_msgs/linkattacher_msgs/srv/detail/detach_link__rosidl_typesupport_introspection_c.h
[1.327s] -- Up-to-date symlink: /home/ubuntu/ros2ws/install/linkattacher_msgs/include/linkattacher_msgs/linkattacher_msgs/srv/attach_link.hpp
[1.327s] -- Up-to-date symlink: /home/ubuntu/ros2ws/install/linkattacher_msgs/include/linkattacher_msgs/linkattacher_msgs/srv/detach_link.hpp
[1.327s] -- Up-to-date symlink: /home/ubuntu/ros2ws/install/linkattacher_msgs/include/linkattacher_msgs/linkattacher_msgs/srv/detail/attach_link__builder.hpp
[1.327s] -- Up-to-date symlink: /home/ubuntu/ros2ws/install/linkattacher_msgs/include/linkattacher_msgs/linkattacher_msgs/srv/detail/attach_link__struct.hpp
[1.328s] -- Up-to-date symlink: /home/ubuntu/ros2ws/install/linkattacher_msgs/include/linkattacher_msgs/linkattacher_msgs/srv/detail/attach_link__traits.hpp
[1.328s] -- Up-to-date symlink: /home/ubuntu/ros2ws/install/linkattacher_msgs/include/linkattacher_msgs/linkattacher_msgs/srv/detail/detach_link__builder.hpp
[1.328s] -- Up-to-date symlink: /home/ubuntu/ros2ws/install/linkattacher_msgs/include/linkattacher_msgs/linkattacher_msgs/srv/detail/detach_link__struct.hpp
[1.328s] -- Up-to-date symlink: /home/ubuntu/ros2ws/install/linkattacher_msgs/include/linkattacher_msgs/linkattacher_msgs/srv/detail/detach_link__traits.hpp
[1.330s] -- Up-to-date symlink: /home/ubuntu/ros2ws/install/linkattacher_msgs/include/linkattacher_msgs/linkattacher_msgs/msg/rosidl_typesupport_fastrtps_cpp__visibility_control.h
[1.330s] -- Up-to-date symlink: /home/ubuntu/ros2ws/install/linkattacher_msgs/include/linkattacher_msgs/linkattacher_msgs/srv/detail/attach_link__rosidl_typesupport_fastrtps_cpp.hpp
[1.330s] -- Up-to-date symlink: /home/ubuntu/ros2ws/install/linkattacher_msgs/include/linkattacher_msgs/linkattacher_msgs/srv/detail/detach_link__rosidl_typesupport_fastrtps_cpp.hpp
[1.330s] -- Up-to-date symlink: /home/ubuntu/ros2ws/install/linkattacher_msgs/include/linkattacher_msgs/linkattacher_msgs/srv/detail/attach_link__rosidl_typesupport_introspection_cpp.hpp
[1.330s] -- Up-to-date symlink: /home/ubuntu/ros2ws/install/linkattacher_msgs/include/linkattacher_msgs/linkattacher_msgs/srv/detail/detach_link__rosidl_typesupport_introspection_cpp.hpp
[1.331s] -- Up-to-date symlink: /home/ubuntu/ros2ws/install/linkattacher_msgs/share/linkattacher_msgs/environment/pythonpath.sh
[1.331s] -- Up-to-date symlink: /home/ubuntu/ros2ws/install/linkattacher_msgs/share/linkattacher_msgs/environment/pythonpath.dsv
[1.331s] -- Up-to-date symlink: /home/ubuntu/ros2ws/install/linkattacher_msgs/local/lib/python3.10/dist-packages/linkattacher_msgs-0.0.0-py3.10.egg-info/PKG-INFO
[1.332s] -- Up-to-date symlink: /home/ubuntu/ros2ws/install/linkattacher_msgs/local/lib/python3.10/dist-packages/linkattacher_msgs-0.0.0-py3.10.egg-info/SOURCES.txt
[1.332s] -- Up-to-date symlink: /home/ubuntu/ros2ws/install/linkattacher_msgs/local/lib/python3.10/dist-packages/linkattacher_msgs-0.0.0-py3.10.egg-info/dependency_links.txt
[1.332s] -- Up-to-date symlink: /home/ubuntu/ros2ws/install/linkattacher_msgs/local/lib/python3.10/dist-packages/linkattacher_msgs-0.0.0-py3.10.egg-info/top_level.txt
[1.334s] -- Up-to-date symlink: /home/ubuntu/ros2ws/install/linkattacher_msgs/local/lib/python3.10/dist-packages/linkattacher_msgs/__init__.py
[1.335s] -- Up-to-date symlink: /home/ubuntu/ros2ws/install/linkattacher_msgs/local/lib/python3.10/dist-packages/linkattacher_msgs/_linkattacher_msgs_s.ep.rosidl_typesupport_c.c
[1.335s] -- Up-to-date symlink: /home/ubuntu/ros2ws/install/linkattacher_msgs/local/lib/python3.10/dist-packages/linkattacher_msgs/_linkattacher_msgs_s.ep.rosidl_typesupport_fastrtps_c.c
[1.335s] -- Up-to-date symlink: /home/ubuntu/ros2ws/install/linkattacher_msgs/local/lib/python3.10/dist-packages/linkattacher_msgs/_linkattacher_msgs_s.ep.rosidl_typesupport_introspection_c.c
[1.335s] -- Up-to-date symlink: /home/ubuntu/ros2ws/install/linkattacher_msgs/local/lib/python3.10/dist-packages/linkattacher_msgs/liblinkattacher_msgs__rosidl_generator_py.so
[1.335s] -- Up-to-date symlink: /home/ubuntu/ros2ws/install/linkattacher_msgs/local/lib/python3.10/dist-packages/linkattacher_msgs/linkattacher_msgs_s__rosidl_typesupport_c.cpython-310-x86_64-linux-gnu.so
[1.335s] -- Up-to-date symlink: /home/ubuntu/ros2ws/install/linkattacher_msgs/local/lib/python3.10/dist-packages/linkattacher_msgs/linkattacher_msgs_s__rosidl_typesupport_fastrtps_c.cpython-310-x86_64-linux-gnu.so
[1.336s] -- Up-to-date symlink: /home/ubuntu/ros2ws/install/linkattacher_msgs/local/lib/python3.10/dist-packages/linkattacher_msgs/linkattacher_msgs_s__rosidl_typesupport_introspection_c.cpython-310-x86_64-linux-gnu.so
[1.336s] -- Up-to-date symlink: /home/ubuntu/ros2ws/install/linkattacher_msgs/local/lib/python3.10/dist-packages/linkattacher_msgs/srv/__init__.py
[1.336s] -- Up-to-date symlink: /home/ubuntu/ros2ws/install/linkattacher_msgs/local/lib/python3.10/dist-packages/linkattacher_msgs/srv/_attach_link.py
[1.336s] -- Up-to-date symlink: /home/ubuntu/ros2ws/install/linkattacher_msgs/local/lib/python3.10/dist-packages/linkattacher_msgs/srv/_attach_link_s.c
[1.337s] -- Up-to-date symlink: /home/ubuntu/ros2ws/install/linkattacher_msgs/local/lib/python3.10/dist-packages/linkattacher_msgs/srv/_detach_link.py
[1.337s] -- Up-to-date symlink: /home/ubuntu/ros2ws/install/linkattacher_msgs/local/lib/python3.10/dist-packages/linkattacher_msgs/srv/_detach_link_s.c
[1.337s] -- Up-to-date symlink: /home/ubuntu/ros2ws/install/linkattacher_msgs/local/lib/python3.10/dist-packages/linkattacher_msgs/linkattacher_msgs_s__rosidl_typesupport_fastrtps_c.cpython-310-x86_64-linux-gnu.so
[1.338s] -- Up-to-date symlink: /home/ubuntu/ros2ws/install/linkattacher_msgs/local/lib/python3.10/dist-packages/linkattacher_msgs/linkattacher_msgs_s__rosidl_typesupport_introspection_c.cpython-310-x86_64-linux-gnu.so
[1.339s] -- Up-to-date symlink: /home/ubuntu/ros2ws/install/linkattacher_msgs/local/lib/python3.10/dist-packages/linkattacher_msgs/linkattacher_msgs_s__rosidl_typesupport_c.cpython-310-x86_64-linux-gnu.so
[1.339s] -- Up-to-date symlink: /home/ubuntu/ros2ws/install/linkattacher_msgs/share/linkattacher_msgs/srv/AttachLink.idl
[1.339s] -- Up-to-date symlink: /home/ubuntu/ros2ws/install/linkattacher_msgs/share/linkattacher_msgs/srv/DetachLink.idl
[1.339s] -- Up-to-date symlink: /home/ubuntu/ros2ws/install/linkattacher_msgs/share/linkattacher_msgs/srv/AttachLink.srv
[1.339s] -- Up-to-date symlink: /home/ubuntu/ros2ws/install/linkattacher_msgs/share/linkattacher_msgs/srv/AttachLink_Request.msg
[1.339s] -- Up-to-date symlink: /home/ubuntu/ros2ws/install/linkattacher_msgs/share/linkattacher_msgs/srv/AttachLink_Response.msg
[1.339s] -- Up-to-date symlink: /home/ubuntu/ros2ws/install/linkattacher_msgs/share/linkattacher_msgs/srv/DetachLink.srv
[1.339s] -- Up-to-date symlink: /home/ubuntu/ros2ws/install/linkattacher_msgs/share/linkattacher_msgs/srv/DetachLink_Request.msg
[1.339s] -- Up-to-date symlink: /home/ubuntu/ros2ws/install/linkattacher_msgs/share/linkattacher_msgs/srv/DetachLink_Response.msg
[1.339s] -- Up-to-date symlink: /home/ubuntu/ros2ws/install/linkattacher_msgs/share/ament_index/resource_index/package_run_dependencies/linkattacher_msgs
[1.341s] -- Up-to-date symlink: /home/ubuntu/ros2ws/install/linkattacher_msgs/share/ament_index/resource_index/parent_prefix_path/linkattacher_msgs
[1.341s] -- Up-to-date symlink: /home/ubuntu/ros2ws/install/linkattacher_msgs/share/linkattacher_msgs/environment/ament_prefix_path.sh
[1.342s] -- Up-to-date symlink: /home/ubuntu/ros2ws/install/linkattacher_msgs/share/linkattacher_msgs/environment/ament_prefix_path.dsv
[1.342s] -- Up-to-date symlink: /home/ubuntu/ros2ws/install/linkattacher_msgs/share/linkattacher_msgs/environment/path.sh
[1.342s] -- Up-to-date symlink: /home/ubuntu/ros2ws/install/linkattacher_msgs/share/linkattacher_msgs/environment/path.dsv
[1.342s] -- Up-to-date symlink: /home/ubuntu/ros2ws/install/linkattacher_msgs/share/linkattacher_msgs/local_setup.bash
[1.342s] -- Up-to-date symlink: /home/ubuntu/ros2ws/install/linkattacher_msgs/share/linkattacher_msgs/local_setup.sh
[1.342s] -- Up-to-date symlink: /home/ubuntu/ros2ws/install/linkattacher_msgs/share/linkattacher_msgs/local_setup.zsh
[1.342s] -- Up-to-date symlink: /home/ubuntu/ros2ws/install/linkattacher_msgs/share/linkattacher_msgs/local_setup.dsv
[1.342s] -- Symlinking: /home/ubuntu/ros2ws/install/linkattacher_msgs/share/linkattacher_msgs/package.dsv
[1.364s] -- Up-to-date symlink: /home/ubuntu/ros2ws/install/linkattacher_msgs/share/ament_index/resource_index/packages/linkattacher_msgs
[1.364s] -- Up-to-date symlink: /home/ubuntu/ros2ws/install/linkattacher_msgs/share/linkattacher_msgs/cmake/rosidl_cmake-extras.cmake
[1.364s] -- Up-to-date symlink: /home/ubuntu/ros2ws/install/linkattacher_msgs/share/linkattacher_msgs/cmake/ament_cmake_export_include_directories-extras.cmake
[1.364s] -- Up-to-date symlink: /home/ubuntu/ros2ws/install/linkattacher_msgs/share/linkattacher_msgs/cmake/ament_cmake_export_libraries-extras.cmake
[1.364s] -- Up-to-date symlink: /home/ubuntu/ros2ws/install/linkattacher_msgs/share/linkattacher_msgs/cmake/ament_cmake_export_targets-extras.cmake
[1.364s] -- Up-to-date symlink: /home/ubuntu/ros2ws/install/linkattacher_msgs/share/linkattacher_msgs/cmake/rosidl_cmake_export_typesupport_targets-extras.cmake
[1.364s] -- Up-to-date symlink: /home/ubuntu/ros2ws/install/linkattacher_msgs/share/linkattacher_msgs/cmake/ament_cmake_export_dependencies-extras.cmake
[1.365s] -- Up-to-date symlink: /home/ubuntu/ros2ws/install/linkattacher_msgs/share/linkattacher_msgs/cmake/rosidl_cmake_export_typesupport_libraries-extras.cmake
[1.365s] -- Up-to-date symlink: /home/ubuntu/ros2ws/install/linkattacher_msgs/share/linkattacher_msgs/cmake/linkattacher_msgsConfig.cmake
[1.365s] -- Up-to-date symlink: /home/ubuntu/ros2ws/install/linkattacher_msgs/share/linkattacher_msgs/cmake/linkattacher_msgsConfig-version.cmake
[1.365s] -- Up-to-date symlink: /home/ubuntu/ros2ws/install/linkattacher_msgs/share/linkattacher_msgs/package.xml
[1.365s] -- Up-to-date: /home/ubuntu/ros2ws/install/linkattacher_msgs/lib/liblinkattacher_msgs__rosidl_generator_c.so
[1.365s] -- Up-to-date: /home/ubuntu/ros2ws/install/linkattacher_msgs/lib/liblinkattacher_msgs__rosidl_typesupport_fastrtps_c.so
[1.365s] -- Up-to-date: /home/ubuntu/ros2ws/install/linkattacher_msgs/lib/liblinkattacher_msgs__rosidl_typesupport_introspection_c.so
[1.367s] -- Up-to-date: /home/ubuntu/ros2ws/install/linkattacher_msgs/lib/liblinkattacher_msgs__rosidl_typesupport_c.so
[1.367s] -- Up-to-date: /home/ubuntu/ros2ws/install/linkattacher_msgs/lib/liblinkattacher_msgs__rosidl_typesupport_fastrtps_cpp.so
[1.367s] -- Up-to-date: /home/ubuntu/ros2ws/install/linkattacher_msgs/lib/liblinkattacher_msgs__rosidl_typesupport_introspection_cpp.so
[1.368s] -- Up-to-date: /home/ubuntu/ros2ws/install/linkattacher_msgs/lib/liblinkattacher_msgs__rosidl_typesupport_cpp.so
[1.447s] Listing '/home/ubuntu/ros2ws/install/linkattacher_msgs/local/lib/python3.10/dist-packages/linkattacher_msgs'...
[1.449s] Listing '/home/ubuntu/ros2ws/install/linkattacher_msgs/local/lib/python3.10/dist-packages/linkattacher_msgs/srv'...
[1.449s] -- Up-to-date: /home/ubuntu/ros2ws/install/linkattacher_msgs/lib/liblinkattacher_msgs__rosidl_generator_py.so
[1.449s] -- Up-to-date: /home/ubuntu/ros2ws/install/linkattacher_msgs/share/linkattacher_msgs/cmake/export_linkattacher_msgs__rosidl_generator_cExport.cmake
[1.449s] -- Up-to-date: /home/ubuntu/ros2ws/install/linkattacher_msgs/share/linkattacher_msgs/cmake/export_linkattacher_msgs__rosidl_generator_cExport-noconfig.cmake
[1.450s] -- Up-to-date: /home/ubuntu/ros2ws/install/linkattacher_msgs/share/linkattacher_msgs/cmake/export_linkattacher_msgs__rosidl_typesupport_fastrtps_cExport.cmake
[1.450s] -- Up-to-date: /home/ubuntu/ros2ws/install/linkattacher_msgs/share/linkattacher_msgs/cmake/export_linkattacher_msgs__rosidl_typesupport_fastrtps_cExport-noconfig.cmake
[1.450s] -- Up-to-date: /home/ubuntu/ros2ws/install/linkattacher_msgs/share/linkattacher_msgs/cmake/linkattacher_msgs__rosidl_typesupport_introspection_cExport.cmake
[1.450s] -- Up-to-date: /home/ubuntu/ros2ws/install/linkattacher_msgs/share/linkattacher_msgs/cmake/linkattacher_msgs__rosidl_typesupport_introspection_cExport-noconfig.cmake
[1.450s] -- Up-to-date: /home/ubuntu/ros2ws/install/linkattacher_msgs/share/linkattacher_msgs/cmake/linkattacher_msgs__rosidl_typesupport_cExport.cmake
[1.450s] -- Up-to-date: /home/ubuntu/ros2ws/install/linkattacher_msgs/share/linkattacher_msgs/cmake/linkattacher_msgs__rosidl_typesupport_cExport-noconfig.cmake
[1.450s] -- Up-to-date: /home/ubuntu/ros2ws/install/linkattacher_msgs/share/linkattacher_msgs/cmake/export_linkattacher_msgs__rosidl_generator_cppExport.cmake
[1.450s] -- Up-to-date: /home/ubuntu/ros2ws/install/linkattacher_msgs/share/linkattacher_msgs/cmake/export_linkattacher_msgs__rosidl_typesupport_fastrtps_cppExport.cmake
[1.450s] -- Up-to-date: /home/ubuntu/ros2ws/install/linkattacher_msgs/share/linkattacher_msgs/cmake/export_linkattacher_msgs__rosidl_typesupport_fastrtps_cppExport-noconfig.cmake
[1.450s] -- Up-to-date: /home/ubuntu/ros2ws/install/linkattacher_msgs/share/linkattacher_msgs/cmake/linkattacher_msgs__rosidl_typesupport_introspection_cppExport.cmake
[1.450s] -- Up-to-date: /home/ubuntu/ros2ws/install/linkattacher_msgs/share/linkattacher_msgs/cmake/linkattacher_msgs__rosidl_typesupport_introspection_cppExport-noconfig.cmake
[1.450s] -- Up-to-date: /home/ubuntu/ros2ws/install/linkattacher_msgs/share/linkattacher_msgs/cmake/linkattacher_msgs__rosidl_typesupport_cppExport.cmake
[1.450s] -- Up-to-date: /home/ubuntu/ros2ws/install/linkattacher_msgs/share/linkattacher_msgs/cmake/linkattacher_msgs__rosidl_typesupport_cppExport-noconfig.cmake
[1.450s] -- Up-to-date: /home/ubuntu/ros2ws/install/linkattacher_msgs/share/linkattacher_msgs/cmake/export_linkattacher_msgs__rosidl_generator_pyExport.cmake
[1.450s] -- Up-to-date: /home/ubuntu/ros2ws/install/linkattacher_msgs/share/linkattacher_msgs/cmake/export_linkattacher_msgs__rosidl_generator_pyExport-noconfig.cmake
[1.487s] Invoked command in '/home/ubuntu/ros2ws/build/linkattacher_msgs' returned '0': CMAKE_PREFIX_PATH=${CMAKE_PREFIX_PATH}:/home/ubuntu/ros2ws/install/testV1:/home/ubuntu/ros2ws/install/gui_subscriber:/home/ubuntu/ros2ws/install/moveit_configs_utils:/home/ubuntu/ros2ws/install/robot_letter_writer:/home/ubuntu/ros2ws/install/launch_param_builder:/opt/ros/humble /usr/bin/cmake --install /home/ubuntu/ros2ws/build/linkattacher_msgs
