[0.015s] Invoking command in '/home/ubuntu/ros2ws/build/abb_rapid_msgs': CMAKE_PREFIX_PATH=${CMAKE_PREFIX_PATH}:/opt/ros/humble /usr/bin/cmake /home/ubuntu/ros2ws/src/ABBDriver/abb_ros2_msgs/abb_rapid_msgs -DCMAKE_INSTALL_PREFIX=/home/ubuntu/ros2ws/install/abb_rapid_msgs
[0.091s] -- The C compiler identification is GNU 11.4.0
[0.169s] -- The CXX compiler identification is GNU 11.4.0
[0.177s] -- Detecting C compiler ABI info
[0.273s] -- Detecting C compiler ABI info - done
[0.280s] -- Check for working C compiler: /usr/bin/cc - skipped
[0.280s] -- Detecting C compile features
[0.280s] -- Detecting C compile features - done
[0.284s] -- Detecting CXX compiler ABI info
[0.388s] -- Detecting CXX compiler ABI info - done
[0.395s] -- Check for working CXX compiler: /usr/bin/c++ - skipped
[0.396s] -- Detecting CXX compile features
[0.396s] -- Detecting CXX compile features - done
[0.403s] -- Found rosidl_default_generators: 1.2.0 (/opt/ros/humble/share/rosidl_default_generators/cmake)
[0.408s] -- Found ament_cmake_core: 1.3.10 (/opt/ros/humble/share/ament_cmake_core/cmake)
[0.606s] -- Found Python3: /usr/bin/python3 (found version "3.10.12") found components: Interpreter 
[0.690s] -- Using all available rosidl_typesupport_c: rosidl_typesupport_fastrtps_c;rosidl_typesupport_introspection_c
[0.714s] -- Found rosidl_adapter: 3.1.5 (/opt/ros/humble/share/rosidl_adapter/cmake)
[0.892s] -- Using all available rosidl_typesupport_cpp: rosidl_typesupport_fastrtps_cpp;rosidl_typesupport_introspection_cpp
[1.325s] -- Found ament_cmake_ros: 0.10.0 (/opt/ros/humble/share/ament_cmake_ros/cmake)
[1.563s] -- Using all available rosidl_typesupport_c: rosidl_typesupport_fastrtps_c;rosidl_typesupport_introspection_c
[1.859s] -- Using all available rosidl_typesupport_cpp: rosidl_typesupport_fastrtps_cpp;rosidl_typesupport_introspection_cpp
[1.886s] -- Found PythonInterp: /usr/bin/python3 (found suitable version "3.10.12", minimum required is "3.6") 
[1.891s] -- Found python_cmake_module: 0.10.0 (/opt/ros/humble/share/python_cmake_module/cmake)
[1.923s] -- Found PythonLibs: /usr/lib/x86_64-linux-gnu/libpython3.10.so (found suitable version "3.10.12", minimum required is "3.5") 
[1.923s] -- Using PYTHON_EXECUTABLE: /usr/bin/python3
[1.923s] -- Using PYTHON_INCLUDE_DIRS: /usr/include/python3.10
[1.923s] -- Using PYTHON_LIBRARIES: /usr/lib/x86_64-linux-gnu/libpython3.10.so
[1.949s] -- Found PythonExtra: .so  
[2.010s] -- Configuring done
[2.063s] -- Generating done
[2.066s] -- Build files have been written to: /home/ubuntu/ros2ws/build/abb_rapid_msgs
[2.075s] Invoked command in '/home/ubuntu/ros2ws/build/abb_rapid_msgs' returned '0': CMAKE_PREFIX_PATH=${CMAKE_PREFIX_PATH}:/opt/ros/humble /usr/bin/cmake /home/ubuntu/ros2ws/src/ABBDriver/abb_ros2_msgs/abb_rapid_msgs -DCMAKE_INSTALL_PREFIX=/home/ubuntu/ros2ws/install/abb_rapid_msgs
[2.077s] Invoking command in '/home/ubuntu/ros2ws/build/abb_rapid_msgs': CMAKE_PREFIX_PATH=${CMAKE_PREFIX_PATH}:/opt/ros/humble /usr/bin/cmake --build /home/ubuntu/ros2ws/build/abb_rapid_msgs -- -j4 -l4
[2.135s] [  1%] [34m[1mGenerating C code for ROS interfaces[0m
[2.151s] [  1%] [34m[1mGenerating C++ code for ROS interfaces[0m
[2.170s] [  1%] Built target ament_cmake_python_copy_abb_rapid_msgs
[2.492s] running egg_info
[2.493s] creating abb_rapid_msgs.egg-info
[2.493s] writing abb_rapid_msgs.egg-info/PKG-INFO
[2.494s] writing dependency_links to abb_rapid_msgs.egg-info/dependency_links.txt
[2.494s] writing top-level names to abb_rapid_msgs.egg-info/top_level.txt
[2.494s] writing manifest file 'abb_rapid_msgs.egg-info/SOURCES.txt'
[2.496s] reading manifest file 'abb_rapid_msgs.egg-info/SOURCES.txt'
[2.497s] writing manifest file 'abb_rapid_msgs.egg-info/SOURCES.txt'
[2.530s] [  1%] Built target ament_cmake_python_build_abb_rapid_msgs_egg
[4.136s] [  1%] Built target abb_rapid_msgs__cpp
[4.168s] [  1%] [34m[1mGenerating C++ type support for eProsima Fast-RTPS[0m
[4.181s] [  2%] [34m[1mGenerating C++ type support dispatch for ROS interfaces[0m
[4.436s] [  3%] [34m[1mGenerating C++ introspection for ROS interfaces[0m
[4.513s] [  4%] [32mBuilding C object CMakeFiles/abb_rapid_msgs__rosidl_generator_c.dir/rosidl_generator_c/abb_rapid_msgs/msg/detail/conf_data__functions.c.o[0m
[4.598s] [  5%] [32mBuilding C object CMakeFiles/abb_rapid_msgs__rosidl_generator_c.dir/rosidl_generator_c/abb_rapid_msgs/msg/detail/ext_joint__functions.c.o[0m
[4.701s] [  6%] [32mBuilding C object CMakeFiles/abb_rapid_msgs__rosidl_generator_c.dir/rosidl_generator_c/abb_rapid_msgs/msg/detail/joint_target__functions.c.o[0m
[4.803s] [  7%] [32mBuilding C object CMakeFiles/abb_rapid_msgs__rosidl_generator_c.dir/rosidl_generator_c/abb_rapid_msgs/msg/detail/load_data__functions.c.o[0m
[4.884s] [  8%] [32mBuilding C object CMakeFiles/abb_rapid_msgs__rosidl_generator_c.dir/rosidl_generator_c/abb_rapid_msgs/msg/detail/orient__functions.c.o[0m
[4.942s] [  9%] [32mBuilding C object CMakeFiles/abb_rapid_msgs__rosidl_generator_c.dir/rosidl_generator_c/abb_rapid_msgs/msg/detail/pos__functions.c.o[0m
[5.014s] [ 10%] [32mBuilding C object CMakeFiles/abb_rapid_msgs__rosidl_generator_c.dir/rosidl_generator_c/abb_rapid_msgs/msg/detail/pose__functions.c.o[0m
[5.112s] [ 10%] [32mBuilding C object CMakeFiles/abb_rapid_msgs__rosidl_generator_c.dir/rosidl_generator_c/abb_rapid_msgs/msg/detail/rob_joint__functions.c.o[0m
[5.219s] [ 11%] [32mBuilding C object CMakeFiles/abb_rapid_msgs__rosidl_generator_c.dir/rosidl_generator_c/abb_rapid_msgs/msg/detail/rob_target__functions.c.o[0m
[5.297s] [ 12%] [32mBuilding C object CMakeFiles/abb_rapid_msgs__rosidl_generator_c.dir/rosidl_generator_c/abb_rapid_msgs/msg/detail/tool_data__functions.c.o[0m
[5.368s] [ 13%] [32mBuilding C object CMakeFiles/abb_rapid_msgs__rosidl_generator_c.dir/rosidl_generator_c/abb_rapid_msgs/msg/detail/w_obj_data__functions.c.o[0m
[5.464s] [ 14%] [32m[1mLinking C shared library libabb_rapid_msgs__rosidl_generator_c.so[0m
[5.556s] [ 14%] Built target abb_rapid_msgs__rosidl_generator_c
[5.574s] [ 15%] [34m[1mGenerating C type support for eProsima Fast-RTPS[0m
[6.452s] [ 16%] [32mBuilding CXX object CMakeFiles/abb_rapid_msgs__rosidl_typesupport_cpp.dir/rosidl_typesupport_cpp/abb_rapid_msgs/msg/conf_data__type_support.cpp.o[0m
[7.194s] [ 17%] [32mBuilding CXX object CMakeFiles/abb_rapid_msgs__rosidl_typesupport_introspection_cpp.dir/rosidl_typesupport_introspection_cpp/abb_rapid_msgs/msg/detail/conf_data__type_support.cpp.o[0m
[7.205s] [ 18%] [32mBuilding CXX object CMakeFiles/abb_rapid_msgs__rosidl_typesupport_cpp.dir/rosidl_typesupport_cpp/abb_rapid_msgs/msg/ext_joint__type_support.cpp.o[0m
[7.222s] [ 19%] [32mBuilding CXX object CMakeFiles/abb_rapid_msgs__rosidl_typesupport_fastrtps_cpp.dir/rosidl_typesupport_fastrtps_cpp/abb_rapid_msgs/msg/detail/dds_fastrtps/conf_data__type_support.cpp.o[0m
[7.660s] [ 20%] [32mBuilding CXX object CMakeFiles/abb_rapid_msgs__rosidl_typesupport_cpp.dir/rosidl_typesupport_cpp/abb_rapid_msgs/msg/joint_target__type_support.cpp.o[0m
[7.889s] [ 20%] [32mBuilding CXX object CMakeFiles/abb_rapid_msgs__rosidl_typesupport_introspection_cpp.dir/rosidl_typesupport_introspection_cpp/abb_rapid_msgs/msg/detail/ext_joint__type_support.cpp.o[0m
[7.899s] [ 21%] [32mBuilding CXX object CMakeFiles/abb_rapid_msgs__rosidl_typesupport_fastrtps_cpp.dir/rosidl_typesupport_fastrtps_cpp/abb_rapid_msgs/msg/detail/dds_fastrtps/ext_joint__type_support.cpp.o[0m
[8.056s] [ 22%] [32mBuilding CXX object CMakeFiles/abb_rapid_msgs__rosidl_typesupport_cpp.dir/rosidl_typesupport_cpp/abb_rapid_msgs/msg/load_data__type_support.cpp.o[0m
[8.223s] [ 23%] [32mBuilding CXX object CMakeFiles/abb_rapid_msgs__rosidl_typesupport_fastrtps_c.dir/rosidl_typesupport_fastrtps_c/abb_rapid_msgs/msg/detail/conf_data__type_support_c.cpp.o[0m
[8.405s] [ 24%] [32mBuilding CXX object CMakeFiles/abb_rapid_msgs__rosidl_typesupport_cpp.dir/rosidl_typesupport_cpp/abb_rapid_msgs/msg/orient__type_support.cpp.o[0m
[8.421s] [ 25%] [32mBuilding CXX object CMakeFiles/abb_rapid_msgs__rosidl_typesupport_introspection_cpp.dir/rosidl_typesupport_introspection_cpp/abb_rapid_msgs/msg/detail/joint_target__type_support.cpp.o[0m
[8.455s] [ 26%] [32mBuilding CXX object CMakeFiles/abb_rapid_msgs__rosidl_typesupport_fastrtps_cpp.dir/rosidl_typesupport_fastrtps_cpp/abb_rapid_msgs/msg/detail/dds_fastrtps/joint_target__type_support.cpp.o[0m
[8.718s] [ 27%] [32mBuilding CXX object CMakeFiles/abb_rapid_msgs__rosidl_typesupport_fastrtps_c.dir/rosidl_typesupport_fastrtps_c/abb_rapid_msgs/msg/detail/ext_joint__type_support_c.cpp.o[0m
[8.753s] [ 28%] [32mBuilding CXX object CMakeFiles/abb_rapid_msgs__rosidl_typesupport_cpp.dir/rosidl_typesupport_cpp/abb_rapid_msgs/msg/pos__type_support.cpp.o[0m
[8.950s] [ 29%] [32mBuilding CXX object CMakeFiles/abb_rapid_msgs__rosidl_typesupport_introspection_cpp.dir/rosidl_typesupport_introspection_cpp/abb_rapid_msgs/msg/detail/load_data__type_support.cpp.o[0m
[9.037s] [ 30%] [32mBuilding CXX object CMakeFiles/abb_rapid_msgs__rosidl_typesupport_fastrtps_cpp.dir/rosidl_typesupport_fastrtps_cpp/abb_rapid_msgs/msg/detail/dds_fastrtps/load_data__type_support.cpp.o[0m
[9.167s] [ 31%] [32mBuilding CXX object CMakeFiles/abb_rapid_msgs__rosidl_typesupport_cpp.dir/rosidl_typesupport_cpp/abb_rapid_msgs/msg/pose__type_support.cpp.o[0m
[9.280s] [ 32%] [32mBuilding CXX object CMakeFiles/abb_rapid_msgs__rosidl_typesupport_fastrtps_c.dir/rosidl_typesupport_fastrtps_c/abb_rapid_msgs/msg/detail/joint_target__type_support_c.cpp.o[0m
[9.547s] [ 33%] [32mBuilding CXX object CMakeFiles/abb_rapid_msgs__rosidl_typesupport_introspection_cpp.dir/rosidl_typesupport_introspection_cpp/abb_rapid_msgs/msg/detail/orient__type_support.cpp.o[0m
[9.592s] [ 33%] [32mBuilding CXX object CMakeFiles/abb_rapid_msgs__rosidl_typesupport_cpp.dir/rosidl_typesupport_cpp/abb_rapid_msgs/msg/rob_joint__type_support.cpp.o[0m
[9.679s] [ 34%] [32mBuilding CXX object CMakeFiles/abb_rapid_msgs__rosidl_typesupport_fastrtps_cpp.dir/rosidl_typesupport_fastrtps_cpp/abb_rapid_msgs/msg/detail/dds_fastrtps/orient__type_support.cpp.o[0m
[9.851s] [ 35%] [32mBuilding CXX object CMakeFiles/abb_rapid_msgs__rosidl_typesupport_fastrtps_c.dir/rosidl_typesupport_fastrtps_c/abb_rapid_msgs/msg/detail/load_data__type_support_c.cpp.o[0m
[9.984s] [ 36%] [32mBuilding CXX object CMakeFiles/abb_rapid_msgs__rosidl_typesupport_cpp.dir/rosidl_typesupport_cpp/abb_rapid_msgs/msg/rob_target__type_support.cpp.o[0m
[10.184s] [ 37%] [32mBuilding CXX object CMakeFiles/abb_rapid_msgs__rosidl_typesupport_introspection_cpp.dir/rosidl_typesupport_introspection_cpp/abb_rapid_msgs/msg/detail/pos__type_support.cpp.o[0m
[10.314s] [ 38%] [32mBuilding CXX object CMakeFiles/abb_rapid_msgs__rosidl_typesupport_fastrtps_cpp.dir/rosidl_typesupport_fastrtps_cpp/abb_rapid_msgs/msg/detail/dds_fastrtps/pos__type_support.cpp.o[0m
[10.374s] [ 38%] [32mBuilding CXX object CMakeFiles/abb_rapid_msgs__rosidl_typesupport_fastrtps_c.dir/rosidl_typesupport_fastrtps_c/abb_rapid_msgs/msg/detail/orient__type_support_c.cpp.o[0m
[10.388s] [ 39%] [32mBuilding CXX object CMakeFiles/abb_rapid_msgs__rosidl_typesupport_cpp.dir/rosidl_typesupport_cpp/abb_rapid_msgs/msg/tool_data__type_support.cpp.o[0m
[10.953s] [ 40%] [32mBuilding CXX object CMakeFiles/abb_rapid_msgs__rosidl_typesupport_cpp.dir/rosidl_typesupport_cpp/abb_rapid_msgs/msg/w_obj_data__type_support.cpp.o[0m
[10.961s] [ 41%] [32mBuilding CXX object CMakeFiles/abb_rapid_msgs__rosidl_typesupport_introspection_cpp.dir/rosidl_typesupport_introspection_cpp/abb_rapid_msgs/msg/detail/pose__type_support.cpp.o[0m
[11.099s] [ 42%] [32mBuilding CXX object CMakeFiles/abb_rapid_msgs__rosidl_typesupport_fastrtps_cpp.dir/rosidl_typesupport_fastrtps_cpp/abb_rapid_msgs/msg/detail/dds_fastrtps/pose__type_support.cpp.o[0m
[11.120s] [ 43%] [32mBuilding CXX object CMakeFiles/abb_rapid_msgs__rosidl_typesupport_fastrtps_c.dir/rosidl_typesupport_fastrtps_c/abb_rapid_msgs/msg/detail/pos__type_support_c.cpp.o[0m
[11.475s] [ 44%] [32m[1mLinking CXX shared library libabb_rapid_msgs__rosidl_typesupport_cpp.so[0m
[11.566s] [ 44%] Built target abb_rapid_msgs__rosidl_typesupport_cpp
[11.587s] [ 45%] [32mBuilding CXX object CMakeFiles/abb_rapid_msgs__rosidl_typesupport_fastrtps_c.dir/rosidl_typesupport_fastrtps_c/abb_rapid_msgs/msg/detail/pose__type_support_c.cpp.o[0m
[11.748s] [ 46%] [32mBuilding CXX object CMakeFiles/abb_rapid_msgs__rosidl_typesupport_introspection_cpp.dir/rosidl_typesupport_introspection_cpp/abb_rapid_msgs/msg/detail/rob_joint__type_support.cpp.o[0m
[11.785s] [ 47%] [32mBuilding CXX object CMakeFiles/abb_rapid_msgs__rosidl_typesupport_introspection_cpp.dir/rosidl_typesupport_introspection_cpp/abb_rapid_msgs/msg/detail/rob_target__type_support.cpp.o[0m
[11.898s] [ 48%] [32mBuilding CXX object CMakeFiles/abb_rapid_msgs__rosidl_typesupport_fastrtps_cpp.dir/rosidl_typesupport_fastrtps_cpp/abb_rapid_msgs/msg/detail/dds_fastrtps/rob_joint__type_support.cpp.o[0m
[12.282s] [ 49%] [32mBuilding CXX object CMakeFiles/abb_rapid_msgs__rosidl_typesupport_fastrtps_c.dir/rosidl_typesupport_fastrtps_c/abb_rapid_msgs/msg/detail/rob_joint__type_support_c.cpp.o[0m
[12.554s] [ 50%] [32mBuilding CXX object CMakeFiles/abb_rapid_msgs__rosidl_typesupport_fastrtps_cpp.dir/rosidl_typesupport_fastrtps_cpp/abb_rapid_msgs/msg/detail/dds_fastrtps/rob_target__type_support.cpp.o[0m
[12.607s] [ 51%] [32mBuilding CXX object CMakeFiles/abb_rapid_msgs__rosidl_typesupport_introspection_cpp.dir/rosidl_typesupport_introspection_cpp/abb_rapid_msgs/msg/detail/tool_data__type_support.cpp.o[0m
[12.680s] [ 52%] [32mBuilding CXX object CMakeFiles/abb_rapid_msgs__rosidl_typesupport_introspection_cpp.dir/rosidl_typesupport_introspection_cpp/abb_rapid_msgs/msg/detail/w_obj_data__type_support.cpp.o[0m
[13.026s] [ 53%] [32mBuilding CXX object CMakeFiles/abb_rapid_msgs__rosidl_typesupport_fastrtps_c.dir/rosidl_typesupport_fastrtps_c/abb_rapid_msgs/msg/detail/rob_target__type_support_c.cpp.o[0m
[13.343s] [ 53%] [32mBuilding CXX object CMakeFiles/abb_rapid_msgs__rosidl_typesupport_fastrtps_cpp.dir/rosidl_typesupport_fastrtps_cpp/abb_rapid_msgs/msg/detail/dds_fastrtps/tool_data__type_support.cpp.o[0m
[13.399s] [ 54%] [32mBuilding CXX object CMakeFiles/abb_rapid_msgs__rosidl_typesupport_fastrtps_cpp.dir/rosidl_typesupport_fastrtps_cpp/abb_rapid_msgs/msg/detail/dds_fastrtps/w_obj_data__type_support.cpp.o[0m
[13.429s] [ 55%] [32m[1mLinking CXX shared library libabb_rapid_msgs__rosidl_typesupport_introspection_cpp.so[0m
[13.599s] [ 55%] Built target abb_rapid_msgs__rosidl_typesupport_introspection_cpp
[13.632s] [ 56%] [34m[1mGenerating C introspection for ROS interfaces[0m
[13.913s] [ 57%] [32mBuilding CXX object CMakeFiles/abb_rapid_msgs__rosidl_typesupport_fastrtps_c.dir/rosidl_typesupport_fastrtps_c/abb_rapid_msgs/msg/detail/tool_data__type_support_c.cpp.o[0m
[14.336s] [ 58%] [32mBuilding CXX object CMakeFiles/abb_rapid_msgs__rosidl_typesupport_fastrtps_c.dir/rosidl_typesupport_fastrtps_c/abb_rapid_msgs/msg/detail/w_obj_data__type_support_c.cpp.o[0m
[14.465s] [ 59%] [32m[1mLinking CXX shared library libabb_rapid_msgs__rosidl_typesupport_fastrtps_cpp.so[0m
[14.645s] [ 59%] Built target abb_rapid_msgs__rosidl_typesupport_fastrtps_cpp
[14.680s] [ 60%] [34m[1mGenerating C type support dispatch for ROS interfaces[0m
[15.058s] [ 61%] [32m[1mLinking CXX shared library libabb_rapid_msgs__rosidl_typesupport_fastrtps_c.so[0m
[15.232s] [ 61%] Built target abb_rapid_msgs__rosidl_typesupport_fastrtps_c
[16.134s] [ 62%] [32mBuilding C object CMakeFiles/abb_rapid_msgs__rosidl_typesupport_introspection_c.dir/rosidl_typesupport_introspection_c/abb_rapid_msgs/msg/detail/conf_data__type_support.c.o[0m
[16.134s] [ 63%] [32mBuilding C object CMakeFiles/abb_rapid_msgs__rosidl_typesupport_introspection_c.dir/rosidl_typesupport_introspection_c/abb_rapid_msgs/msg/detail/joint_target__type_support.c.o[0m
[16.137s] [ 64%] [32mBuilding C object CMakeFiles/abb_rapid_msgs__rosidl_typesupport_introspection_c.dir/rosidl_typesupport_introspection_c/abb_rapid_msgs/msg/detail/ext_joint__type_support.c.o[0m
[16.197s] [ 65%] [32mBuilding C object CMakeFiles/abb_rapid_msgs__rosidl_typesupport_introspection_c.dir/rosidl_typesupport_introspection_c/abb_rapid_msgs/msg/detail/load_data__type_support.c.o[0m
[16.202s] [ 66%] [32mBuilding C object CMakeFiles/abb_rapid_msgs__rosidl_typesupport_introspection_c.dir/rosidl_typesupport_introspection_c/abb_rapid_msgs/msg/detail/orient__type_support.c.o[0m
[16.204s] [ 67%] [32mBuilding C object CMakeFiles/abb_rapid_msgs__rosidl_typesupport_introspection_c.dir/rosidl_typesupport_introspection_c/abb_rapid_msgs/msg/detail/pos__type_support.c.o[0m
[16.262s] [ 67%] [32mBuilding C object CMakeFiles/abb_rapid_msgs__rosidl_typesupport_introspection_c.dir/rosidl_typesupport_introspection_c/abb_rapid_msgs/msg/detail/pose__type_support.c.o[0m
[16.265s] [ 68%] [32mBuilding C object CMakeFiles/abb_rapid_msgs__rosidl_typesupport_introspection_c.dir/rosidl_typesupport_introspection_c/abb_rapid_msgs/msg/detail/rob_joint__type_support.c.o[0m
[16.269s] [ 69%] [32mBuilding C object CMakeFiles/abb_rapid_msgs__rosidl_typesupport_introspection_c.dir/rosidl_typesupport_introspection_c/abb_rapid_msgs/msg/detail/rob_target__type_support.c.o[0m
[16.335s] [ 70%] [32mBuilding C object CMakeFiles/abb_rapid_msgs__rosidl_typesupport_introspection_c.dir/rosidl_typesupport_introspection_c/abb_rapid_msgs/msg/detail/tool_data__type_support.c.o[0m
[16.341s] [ 71%] [32mBuilding C object CMakeFiles/abb_rapid_msgs__rosidl_typesupport_introspection_c.dir/rosidl_typesupport_introspection_c/abb_rapid_msgs/msg/detail/w_obj_data__type_support.c.o[0m
[16.406s] [ 72%] [32m[1mLinking C shared library libabb_rapid_msgs__rosidl_typesupport_introspection_c.so[0m
[16.469s] [ 72%] Built target abb_rapid_msgs__rosidl_typesupport_introspection_c
[16.584s] [ 73%] [32mBuilding CXX object CMakeFiles/abb_rapid_msgs__rosidl_typesupport_c.dir/rosidl_typesupport_c/abb_rapid_msgs/msg/conf_data__type_support.cpp.o[0m
[16.585s] [ 73%] [32mBuilding CXX object CMakeFiles/abb_rapid_msgs__rosidl_typesupport_c.dir/rosidl_typesupport_c/abb_rapid_msgs/msg/joint_target__type_support.cpp.o[0m
[16.585s] [ 74%] [32mBuilding CXX object CMakeFiles/abb_rapid_msgs__rosidl_typesupport_c.dir/rosidl_typesupport_c/abb_rapid_msgs/msg/load_data__type_support.cpp.o[0m
[16.588s] [ 75%] [32mBuilding CXX object CMakeFiles/abb_rapid_msgs__rosidl_typesupport_c.dir/rosidl_typesupport_c/abb_rapid_msgs/msg/ext_joint__type_support.cpp.o[0m
[16.639s] [ 76%] [32mBuilding CXX object CMakeFiles/abb_rapid_msgs__rosidl_typesupport_c.dir/rosidl_typesupport_c/abb_rapid_msgs/msg/orient__type_support.cpp.o[0m
[16.651s] [ 77%] [32mBuilding CXX object CMakeFiles/abb_rapid_msgs__rosidl_typesupport_c.dir/rosidl_typesupport_c/abb_rapid_msgs/msg/pos__type_support.cpp.o[0m
[16.652s] [ 78%] [32mBuilding CXX object CMakeFiles/abb_rapid_msgs__rosidl_typesupport_c.dir/rosidl_typesupport_c/abb_rapid_msgs/msg/rob_joint__type_support.cpp.o[0m
[16.655s] [ 79%] [32mBuilding CXX object CMakeFiles/abb_rapid_msgs__rosidl_typesupport_c.dir/rosidl_typesupport_c/abb_rapid_msgs/msg/pose__type_support.cpp.o[0m
[16.708s] [ 80%] [32mBuilding CXX object CMakeFiles/abb_rapid_msgs__rosidl_typesupport_c.dir/rosidl_typesupport_c/abb_rapid_msgs/msg/rob_target__type_support.cpp.o[0m
[16.714s] [ 81%] [32mBuilding CXX object CMakeFiles/abb_rapid_msgs__rosidl_typesupport_c.dir/rosidl_typesupport_c/abb_rapid_msgs/msg/tool_data__type_support.cpp.o[0m
[16.719s] [ 82%] [32mBuilding CXX object CMakeFiles/abb_rapid_msgs__rosidl_typesupport_c.dir/rosidl_typesupport_c/abb_rapid_msgs/msg/w_obj_data__type_support.cpp.o[0m
[16.774s] [ 83%] [32m[1mLinking CXX shared library libabb_rapid_msgs__rosidl_typesupport_c.so[0m
[16.860s] [ 83%] Built target abb_rapid_msgs__rosidl_typesupport_c
[16.903s] [ 83%] Built target abb_rapid_msgs
[16.938s] [ 84%] [34m[1mGenerating Python code for ROS interfaces[0m
[20.169s] [ 84%] Built target abb_rapid_msgs__py
[20.212s] [ 85%] [32mBuilding C object CMakeFiles/abb_rapid_msgs__rosidl_generator_py.dir/rosidl_generator_py/abb_rapid_msgs/msg/_ext_joint_s.c.o[0m
[20.213s] [ 86%] [32mBuilding C object CMakeFiles/abb_rapid_msgs__rosidl_generator_py.dir/rosidl_generator_py/abb_rapid_msgs/msg/_conf_data_s.c.o[0m
[20.215s] [ 87%] [32mBuilding C object CMakeFiles/abb_rapid_msgs__rosidl_generator_py.dir/rosidl_generator_py/abb_rapid_msgs/msg/_load_data_s.c.o[0m
[20.218s] [ 88%] [32mBuilding C object CMakeFiles/abb_rapid_msgs__rosidl_generator_py.dir/rosidl_generator_py/abb_rapid_msgs/msg/_joint_target_s.c.o[0m
[20.427s] [ 89%] [32mBuilding C object CMakeFiles/abb_rapid_msgs__rosidl_generator_py.dir/rosidl_generator_py/abb_rapid_msgs/msg/_orient_s.c.o[0m
[20.440s] [ 90%] [32mBuilding C object CMakeFiles/abb_rapid_msgs__rosidl_generator_py.dir/rosidl_generator_py/abb_rapid_msgs/msg/_pose_s.c.o[0m
[20.440s] [ 90%] [32mBuilding C object CMakeFiles/abb_rapid_msgs__rosidl_generator_py.dir/rosidl_generator_py/abb_rapid_msgs/msg/_pos_s.c.o[0m
[20.446s] [ 91%] [32mBuilding C object CMakeFiles/abb_rapid_msgs__rosidl_generator_py.dir/rosidl_generator_py/abb_rapid_msgs/msg/_rob_joint_s.c.o[0m
[20.607s] [ 92%] [32mBuilding C object CMakeFiles/abb_rapid_msgs__rosidl_generator_py.dir/rosidl_generator_py/abb_rapid_msgs/msg/_rob_target_s.c.o[0m
[20.625s] [ 93%] [32mBuilding C object CMakeFiles/abb_rapid_msgs__rosidl_generator_py.dir/rosidl_generator_py/abb_rapid_msgs/msg/_tool_data_s.c.o[0m
[20.634s] [ 94%] [32mBuilding C object CMakeFiles/abb_rapid_msgs__rosidl_generator_py.dir/rosidl_generator_py/abb_rapid_msgs/msg/_w_obj_data_s.c.o[0m
[20.813s] [ 95%] [32m[1mLinking C shared library rosidl_generator_py/abb_rapid_msgs/libabb_rapid_msgs__rosidl_generator_py.so[0m
[20.887s] [ 95%] Built target abb_rapid_msgs__rosidl_generator_py
[20.926s] [ 96%] [32mBuilding C object CMakeFiles/abb_rapid_msgs__rosidl_typesupport_fastrtps_c__pyext.dir/rosidl_generator_py/abb_rapid_msgs/_abb_rapid_msgs_s.ep.rosidl_typesupport_fastrtps_c.c.o[0m
[20.927s] [ 97%] [32mBuilding C object CMakeFiles/abb_rapid_msgs__rosidl_typesupport_introspection_c__pyext.dir/rosidl_generator_py/abb_rapid_msgs/_abb_rapid_msgs_s.ep.rosidl_typesupport_introspection_c.c.o[0m
[20.928s] [ 97%] [32mBuilding C object CMakeFiles/abb_rapid_msgs__rosidl_typesupport_c__pyext.dir/rosidl_generator_py/abb_rapid_msgs/_abb_rapid_msgs_s.ep.rosidl_typesupport_c.c.o[0m
[21.129s] [ 98%] [32m[1mLinking C shared library rosidl_generator_py/abb_rapid_msgs/abb_rapid_msgs_s__rosidl_typesupport_c.cpython-310-x86_64-linux-gnu.so[0m
[21.132s] [ 99%] [32m[1mLinking C shared library rosidl_generator_py/abb_rapid_msgs/abb_rapid_msgs_s__rosidl_typesupport_fastrtps_c.cpython-310-x86_64-linux-gnu.so[0m
[21.134s] [100%] [32m[1mLinking C shared library rosidl_generator_py/abb_rapid_msgs/abb_rapid_msgs_s__rosidl_typesupport_introspection_c.cpython-310-x86_64-linux-gnu.so[0m
[21.188s] [100%] Built target abb_rapid_msgs__rosidl_typesupport_c__pyext
[21.195s] [100%] Built target abb_rapid_msgs__rosidl_typesupport_fastrtps_c__pyext
[21.197s] [100%] Built target abb_rapid_msgs__rosidl_typesupport_introspection_c__pyext
[21.222s] Invoked command in '/home/ubuntu/ros2ws/build/abb_rapid_msgs' returned '0': CMAKE_PREFIX_PATH=${CMAKE_PREFIX_PATH}:/opt/ros/humble /usr/bin/cmake --build /home/ubuntu/ros2ws/build/abb_rapid_msgs -- -j4 -l4
[21.823s] Invoking command in '/home/ubuntu/ros2ws/build/abb_rapid_msgs': CMAKE_PREFIX_PATH=${CMAKE_PREFIX_PATH}:/opt/ros/humble /usr/bin/cmake --install /home/ubuntu/ros2ws/build/abb_rapid_msgs
[21.839s] -- Install configuration: ""
[21.839s] -- Installing: /home/ubuntu/ros2ws/install/abb_rapid_msgs/share/ament_index/resource_index/rosidl_interfaces/abb_rapid_msgs
[21.839s] -- Installing: /home/ubuntu/ros2ws/install/abb_rapid_msgs/include/abb_rapid_msgs/abb_rapid_msgs
[21.839s] -- Installing: /home/ubuntu/ros2ws/install/abb_rapid_msgs/include/abb_rapid_msgs/abb_rapid_msgs/msg
[21.840s] -- Installing: /home/ubuntu/ros2ws/install/abb_rapid_msgs/include/abb_rapid_msgs/abb_rapid_msgs/msg/w_obj_data.h
[21.840s] -- Installing: /home/ubuntu/ros2ws/install/abb_rapid_msgs/include/abb_rapid_msgs/abb_rapid_msgs/msg/orient.h
[21.840s] -- Installing: /home/ubuntu/ros2ws/install/abb_rapid_msgs/include/abb_rapid_msgs/abb_rapid_msgs/msg/rob_target.h
[21.840s] -- Installing: /home/ubuntu/ros2ws/install/abb_rapid_msgs/include/abb_rapid_msgs/abb_rapid_msgs/msg/load_data.h
[21.840s] -- Installing: /home/ubuntu/ros2ws/install/abb_rapid_msgs/include/abb_rapid_msgs/abb_rapid_msgs/msg/ext_joint.h
[21.841s] -- Installing: /home/ubuntu/ros2ws/install/abb_rapid_msgs/include/abb_rapid_msgs/abb_rapid_msgs/msg/rosidl_generator_c__visibility_control.h
[21.841s] -- Installing: /home/ubuntu/ros2ws/install/abb_rapid_msgs/include/abb_rapid_msgs/abb_rapid_msgs/msg/rob_joint.h
[21.841s] -- Installing: /home/ubuntu/ros2ws/install/abb_rapid_msgs/include/abb_rapid_msgs/abb_rapid_msgs/msg/tool_data.h
[21.841s] -- Installing: /home/ubuntu/ros2ws/install/abb_rapid_msgs/include/abb_rapid_msgs/abb_rapid_msgs/msg/conf_data.h
[21.841s] -- Installing: /home/ubuntu/ros2ws/install/abb_rapid_msgs/include/abb_rapid_msgs/abb_rapid_msgs/msg/pos.h
[21.841s] -- Installing: /home/ubuntu/ros2ws/install/abb_rapid_msgs/include/abb_rapid_msgs/abb_rapid_msgs/msg/detail
[21.841s] -- Installing: /home/ubuntu/ros2ws/install/abb_rapid_msgs/include/abb_rapid_msgs/abb_rapid_msgs/msg/detail/ext_joint__type_support.h
[21.842s] -- Installing: /home/ubuntu/ros2ws/install/abb_rapid_msgs/include/abb_rapid_msgs/abb_rapid_msgs/msg/detail/ext_joint__struct.h
[21.842s] -- Installing: /home/ubuntu/ros2ws/install/abb_rapid_msgs/include/abb_rapid_msgs/abb_rapid_msgs/msg/detail/rob_target__type_support.h
[21.842s] -- Installing: /home/ubuntu/ros2ws/install/abb_rapid_msgs/include/abb_rapid_msgs/abb_rapid_msgs/msg/detail/pos__functions.h
[21.842s] -- Installing: /home/ubuntu/ros2ws/install/abb_rapid_msgs/include/abb_rapid_msgs/abb_rapid_msgs/msg/detail/rob_joint__functions.h
[21.842s] -- Installing: /home/ubuntu/ros2ws/install/abb_rapid_msgs/include/abb_rapid_msgs/abb_rapid_msgs/msg/detail/rob_joint__struct.h
[21.843s] -- Installing: /home/ubuntu/ros2ws/install/abb_rapid_msgs/include/abb_rapid_msgs/abb_rapid_msgs/msg/detail/conf_data__functions.c
[21.843s] -- Installing: /home/ubuntu/ros2ws/install/abb_rapid_msgs/include/abb_rapid_msgs/abb_rapid_msgs/msg/detail/rob_target__functions.h
[21.843s] -- Installing: /home/ubuntu/ros2ws/install/abb_rapid_msgs/include/abb_rapid_msgs/abb_rapid_msgs/msg/detail/w_obj_data__functions.h
[21.843s] -- Installing: /home/ubuntu/ros2ws/install/abb_rapid_msgs/include/abb_rapid_msgs/abb_rapid_msgs/msg/detail/load_data__functions.h
[21.843s] -- Installing: /home/ubuntu/ros2ws/install/abb_rapid_msgs/include/abb_rapid_msgs/abb_rapid_msgs/msg/detail/pos__struct.h
[21.843s] -- Installing: /home/ubuntu/ros2ws/install/abb_rapid_msgs/include/abb_rapid_msgs/abb_rapid_msgs/msg/detail/joint_target__struct.h
[21.844s] -- Installing: /home/ubuntu/ros2ws/install/abb_rapid_msgs/include/abb_rapid_msgs/abb_rapid_msgs/msg/detail/rob_joint__functions.c
[21.844s] -- Installing: /home/ubuntu/ros2ws/install/abb_rapid_msgs/include/abb_rapid_msgs/abb_rapid_msgs/msg/detail/joint_target__type_support.h
[21.844s] -- Installing: /home/ubuntu/ros2ws/install/abb_rapid_msgs/include/abb_rapid_msgs/abb_rapid_msgs/msg/detail/orient__functions.c
[21.844s] -- Installing: /home/ubuntu/ros2ws/install/abb_rapid_msgs/include/abb_rapid_msgs/abb_rapid_msgs/msg/detail/ext_joint__functions.c
[21.844s] -- Installing: /home/ubuntu/ros2ws/install/abb_rapid_msgs/include/abb_rapid_msgs/abb_rapid_msgs/msg/detail/pos__functions.c
[21.844s] -- Installing: /home/ubuntu/ros2ws/install/abb_rapid_msgs/include/abb_rapid_msgs/abb_rapid_msgs/msg/detail/orient__functions.h
[21.844s] -- Installing: /home/ubuntu/ros2ws/install/abb_rapid_msgs/include/abb_rapid_msgs/abb_rapid_msgs/msg/detail/conf_data__functions.h
[21.845s] -- Installing: /home/ubuntu/ros2ws/install/abb_rapid_msgs/include/abb_rapid_msgs/abb_rapid_msgs/msg/detail/rob_target__struct.h
[21.845s] -- Installing: /home/ubuntu/ros2ws/install/abb_rapid_msgs/include/abb_rapid_msgs/abb_rapid_msgs/msg/detail/conf_data__struct.h
[21.845s] -- Installing: /home/ubuntu/ros2ws/install/abb_rapid_msgs/include/abb_rapid_msgs/abb_rapid_msgs/msg/detail/w_obj_data__struct.h
[21.845s] -- Installing: /home/ubuntu/ros2ws/install/abb_rapid_msgs/include/abb_rapid_msgs/abb_rapid_msgs/msg/detail/joint_target__functions.c
[21.846s] -- Installing: /home/ubuntu/ros2ws/install/abb_rapid_msgs/include/abb_rapid_msgs/abb_rapid_msgs/msg/detail/load_data__struct.h
[21.846s] -- Installing: /home/ubuntu/ros2ws/install/abb_rapid_msgs/include/abb_rapid_msgs/abb_rapid_msgs/msg/detail/pose__functions.h
[21.846s] -- Installing: /home/ubuntu/ros2ws/install/abb_rapid_msgs/include/abb_rapid_msgs/abb_rapid_msgs/msg/detail/load_data__type_support.h
[21.846s] -- Installing: /home/ubuntu/ros2ws/install/abb_rapid_msgs/include/abb_rapid_msgs/abb_rapid_msgs/msg/detail/tool_data__struct.h
[21.846s] -- Installing: /home/ubuntu/ros2ws/install/abb_rapid_msgs/include/abb_rapid_msgs/abb_rapid_msgs/msg/detail/ext_joint__functions.h
[21.846s] -- Installing: /home/ubuntu/ros2ws/install/abb_rapid_msgs/include/abb_rapid_msgs/abb_rapid_msgs/msg/detail/joint_target__functions.h
[21.847s] -- Installing: /home/ubuntu/ros2ws/install/abb_rapid_msgs/include/abb_rapid_msgs/abb_rapid_msgs/msg/detail/pos__type_support.h
[21.847s] -- Installing: /home/ubuntu/ros2ws/install/abb_rapid_msgs/include/abb_rapid_msgs/abb_rapid_msgs/msg/detail/tool_data__functions.c
[21.847s] -- Installing: /home/ubuntu/ros2ws/install/abb_rapid_msgs/include/abb_rapid_msgs/abb_rapid_msgs/msg/detail/pose__functions.c
[21.848s] -- Installing: /home/ubuntu/ros2ws/install/abb_rapid_msgs/include/abb_rapid_msgs/abb_rapid_msgs/msg/detail/conf_data__type_support.h
[21.848s] -- Installing: /home/ubuntu/ros2ws/install/abb_rapid_msgs/include/abb_rapid_msgs/abb_rapid_msgs/msg/detail/orient__type_support.h
[21.848s] -- Installing: /home/ubuntu/ros2ws/install/abb_rapid_msgs/include/abb_rapid_msgs/abb_rapid_msgs/msg/detail/rob_joint__type_support.h
[21.848s] -- Installing: /home/ubuntu/ros2ws/install/abb_rapid_msgs/include/abb_rapid_msgs/abb_rapid_msgs/msg/detail/w_obj_data__functions.c
[21.849s] -- Installing: /home/ubuntu/ros2ws/install/abb_rapid_msgs/include/abb_rapid_msgs/abb_rapid_msgs/msg/detail/load_data__functions.c
[21.849s] -- Installing: /home/ubuntu/ros2ws/install/abb_rapid_msgs/include/abb_rapid_msgs/abb_rapid_msgs/msg/detail/rob_target__functions.c
[21.849s] -- Installing: /home/ubuntu/ros2ws/install/abb_rapid_msgs/include/abb_rapid_msgs/abb_rapid_msgs/msg/detail/pose__type_support.h
[21.849s] -- Installing: /home/ubuntu/ros2ws/install/abb_rapid_msgs/include/abb_rapid_msgs/abb_rapid_msgs/msg/detail/orient__struct.h
[21.850s] -- Installing: /home/ubuntu/ros2ws/install/abb_rapid_msgs/include/abb_rapid_msgs/abb_rapid_msgs/msg/detail/tool_data__type_support.h
[21.850s] -- Installing: /home/ubuntu/ros2ws/install/abb_rapid_msgs/include/abb_rapid_msgs/abb_rapid_msgs/msg/detail/pose__struct.h
[21.850s] -- Installing: /home/ubuntu/ros2ws/install/abb_rapid_msgs/include/abb_rapid_msgs/abb_rapid_msgs/msg/detail/tool_data__functions.h
[21.850s] -- Installing: /home/ubuntu/ros2ws/install/abb_rapid_msgs/include/abb_rapid_msgs/abb_rapid_msgs/msg/detail/w_obj_data__type_support.h
[21.851s] -- Installing: /home/ubuntu/ros2ws/install/abb_rapid_msgs/include/abb_rapid_msgs/abb_rapid_msgs/msg/joint_target.h
[21.853s] -- Installing: /home/ubuntu/ros2ws/install/abb_rapid_msgs/include/abb_rapid_msgs/abb_rapid_msgs/msg/pose.h
[21.853s] -- Installing: /home/ubuntu/ros2ws/install/abb_rapid_msgs/share/abb_rapid_msgs/environment/library_path.sh
[21.853s] -- Installing: /home/ubuntu/ros2ws/install/abb_rapid_msgs/share/abb_rapid_msgs/environment/library_path.dsv
[21.854s] -- Installing: /home/ubuntu/ros2ws/install/abb_rapid_msgs/lib/libabb_rapid_msgs__rosidl_generator_c.so
[21.854s] -- Set runtime path of "/home/ubuntu/ros2ws/install/abb_rapid_msgs/lib/libabb_rapid_msgs__rosidl_generator_c.so" to ""
[21.854s] -- Up-to-date: /home/ubuntu/ros2ws/install/abb_rapid_msgs/include/abb_rapid_msgs/abb_rapid_msgs
[21.854s] -- Up-to-date: /home/ubuntu/ros2ws/install/abb_rapid_msgs/include/abb_rapid_msgs/abb_rapid_msgs/msg
[21.854s] -- Installing: /home/ubuntu/ros2ws/install/abb_rapid_msgs/include/abb_rapid_msgs/abb_rapid_msgs/msg/rosidl_typesupport_fastrtps_c__visibility_control.h
[21.854s] -- Up-to-date: /home/ubuntu/ros2ws/install/abb_rapid_msgs/include/abb_rapid_msgs/abb_rapid_msgs/msg/detail
[21.854s] -- Installing: /home/ubuntu/ros2ws/install/abb_rapid_msgs/include/abb_rapid_msgs/abb_rapid_msgs/msg/detail/w_obj_data__rosidl_typesupport_fastrtps_c.h
[21.854s] -- Installing: /home/ubuntu/ros2ws/install/abb_rapid_msgs/include/abb_rapid_msgs/abb_rapid_msgs/msg/detail/joint_target__rosidl_typesupport_fastrtps_c.h
[21.854s] -- Installing: /home/ubuntu/ros2ws/install/abb_rapid_msgs/include/abb_rapid_msgs/abb_rapid_msgs/msg/detail/orient__rosidl_typesupport_fastrtps_c.h
[21.854s] -- Installing: /home/ubuntu/ros2ws/install/abb_rapid_msgs/include/abb_rapid_msgs/abb_rapid_msgs/msg/detail/pose__rosidl_typesupport_fastrtps_c.h
[21.855s] -- Installing: /home/ubuntu/ros2ws/install/abb_rapid_msgs/include/abb_rapid_msgs/abb_rapid_msgs/msg/detail/conf_data__rosidl_typesupport_fastrtps_c.h
[21.855s] -- Installing: /home/ubuntu/ros2ws/install/abb_rapid_msgs/include/abb_rapid_msgs/abb_rapid_msgs/msg/detail/ext_joint__rosidl_typesupport_fastrtps_c.h
[21.855s] -- Installing: /home/ubuntu/ros2ws/install/abb_rapid_msgs/include/abb_rapid_msgs/abb_rapid_msgs/msg/detail/load_data__rosidl_typesupport_fastrtps_c.h
[21.855s] -- Installing: /home/ubuntu/ros2ws/install/abb_rapid_msgs/include/abb_rapid_msgs/abb_rapid_msgs/msg/detail/pos__rosidl_typesupport_fastrtps_c.h
[21.855s] -- Installing: /home/ubuntu/ros2ws/install/abb_rapid_msgs/include/abb_rapid_msgs/abb_rapid_msgs/msg/detail/rob_target__rosidl_typesupport_fastrtps_c.h
[21.855s] -- Installing: /home/ubuntu/ros2ws/install/abb_rapid_msgs/include/abb_rapid_msgs/abb_rapid_msgs/msg/detail/rob_joint__rosidl_typesupport_fastrtps_c.h
[21.855s] -- Installing: /home/ubuntu/ros2ws/install/abb_rapid_msgs/include/abb_rapid_msgs/abb_rapid_msgs/msg/detail/tool_data__rosidl_typesupport_fastrtps_c.h
[21.855s] -- Installing: /home/ubuntu/ros2ws/install/abb_rapid_msgs/lib/libabb_rapid_msgs__rosidl_typesupport_fastrtps_c.so
[21.856s] -- Set runtime path of "/home/ubuntu/ros2ws/install/abb_rapid_msgs/lib/libabb_rapid_msgs__rosidl_typesupport_fastrtps_c.so" to ""
[21.857s] -- Up-to-date: /home/ubuntu/ros2ws/install/abb_rapid_msgs/include/abb_rapid_msgs/abb_rapid_msgs
[21.857s] -- Up-to-date: /home/ubuntu/ros2ws/install/abb_rapid_msgs/include/abb_rapid_msgs/abb_rapid_msgs/msg
[21.857s] -- Installing: /home/ubuntu/ros2ws/install/abb_rapid_msgs/include/abb_rapid_msgs/abb_rapid_msgs/msg/rosidl_typesupport_introspection_c__visibility_control.h
[21.857s] -- Up-to-date: /home/ubuntu/ros2ws/install/abb_rapid_msgs/include/abb_rapid_msgs/abb_rapid_msgs/msg/detail
[21.857s] -- Installing: /home/ubuntu/ros2ws/install/abb_rapid_msgs/include/abb_rapid_msgs/abb_rapid_msgs/msg/detail/rob_joint__rosidl_typesupport_introspection_c.h
[21.857s] -- Installing: /home/ubuntu/ros2ws/install/abb_rapid_msgs/include/abb_rapid_msgs/abb_rapid_msgs/msg/detail/tool_data__rosidl_typesupport_introspection_c.h
[21.857s] -- Installing: /home/ubuntu/ros2ws/install/abb_rapid_msgs/include/abb_rapid_msgs/abb_rapid_msgs/msg/detail/load_data__rosidl_typesupport_introspection_c.h
[21.857s] -- Installing: /home/ubuntu/ros2ws/install/abb_rapid_msgs/include/abb_rapid_msgs/abb_rapid_msgs/msg/detail/w_obj_data__type_support.c
[21.857s] -- Installing: /home/ubuntu/ros2ws/install/abb_rapid_msgs/include/abb_rapid_msgs/abb_rapid_msgs/msg/detail/load_data__type_support.c
[21.858s] -- Installing: /home/ubuntu/ros2ws/install/abb_rapid_msgs/include/abb_rapid_msgs/abb_rapid_msgs/msg/detail/pose__rosidl_typesupport_introspection_c.h
[21.858s] -- Installing: /home/ubuntu/ros2ws/install/abb_rapid_msgs/include/abb_rapid_msgs/abb_rapid_msgs/msg/detail/pos__type_support.c
[21.858s] -- Installing: /home/ubuntu/ros2ws/install/abb_rapid_msgs/include/abb_rapid_msgs/abb_rapid_msgs/msg/detail/pos__rosidl_typesupport_introspection_c.h
[21.858s] -- Installing: /home/ubuntu/ros2ws/install/abb_rapid_msgs/include/abb_rapid_msgs/abb_rapid_msgs/msg/detail/rob_joint__type_support.c
[21.858s] -- Installing: /home/ubuntu/ros2ws/install/abb_rapid_msgs/include/abb_rapid_msgs/abb_rapid_msgs/msg/detail/joint_target__rosidl_typesupport_introspection_c.h
[21.858s] -- Installing: /home/ubuntu/ros2ws/install/abb_rapid_msgs/include/abb_rapid_msgs/abb_rapid_msgs/msg/detail/orient__rosidl_typesupport_introspection_c.h
[21.859s] -- Installing: /home/ubuntu/ros2ws/install/abb_rapid_msgs/include/abb_rapid_msgs/abb_rapid_msgs/msg/detail/rob_target__rosidl_typesupport_introspection_c.h
[21.859s] -- Installing: /home/ubuntu/ros2ws/install/abb_rapid_msgs/include/abb_rapid_msgs/abb_rapid_msgs/msg/detail/conf_data__rosidl_typesupport_introspection_c.h
[21.859s] -- Installing: /home/ubuntu/ros2ws/install/abb_rapid_msgs/include/abb_rapid_msgs/abb_rapid_msgs/msg/detail/joint_target__type_support.c
[21.859s] -- Installing: /home/ubuntu/ros2ws/install/abb_rapid_msgs/include/abb_rapid_msgs/abb_rapid_msgs/msg/detail/orient__type_support.c
[21.859s] -- Installing: /home/ubuntu/ros2ws/install/abb_rapid_msgs/include/abb_rapid_msgs/abb_rapid_msgs/msg/detail/pose__type_support.c
[21.859s] -- Installing: /home/ubuntu/ros2ws/install/abb_rapid_msgs/include/abb_rapid_msgs/abb_rapid_msgs/msg/detail/conf_data__type_support.c
[21.860s] -- Installing: /home/ubuntu/ros2ws/install/abb_rapid_msgs/include/abb_rapid_msgs/abb_rapid_msgs/msg/detail/w_obj_data__rosidl_typesupport_introspection_c.h
[21.860s] -- Installing: /home/ubuntu/ros2ws/install/abb_rapid_msgs/include/abb_rapid_msgs/abb_rapid_msgs/msg/detail/ext_joint__type_support.c
[21.860s] -- Installing: /home/ubuntu/ros2ws/install/abb_rapid_msgs/include/abb_rapid_msgs/abb_rapid_msgs/msg/detail/tool_data__type_support.c
[21.860s] -- Installing: /home/ubuntu/ros2ws/install/abb_rapid_msgs/include/abb_rapid_msgs/abb_rapid_msgs/msg/detail/rob_target__type_support.c
[21.861s] -- Installing: /home/ubuntu/ros2ws/install/abb_rapid_msgs/include/abb_rapid_msgs/abb_rapid_msgs/msg/detail/ext_joint__rosidl_typesupport_introspection_c.h
[21.861s] -- Installing: /home/ubuntu/ros2ws/install/abb_rapid_msgs/lib/libabb_rapid_msgs__rosidl_typesupport_introspection_c.so
[21.862s] -- Set runtime path of "/home/ubuntu/ros2ws/install/abb_rapid_msgs/lib/libabb_rapid_msgs__rosidl_typesupport_introspection_c.so" to ""
[21.862s] -- Installing: /home/ubuntu/ros2ws/install/abb_rapid_msgs/lib/libabb_rapid_msgs__rosidl_typesupport_c.so
[21.862s] -- Set runtime path of "/home/ubuntu/ros2ws/install/abb_rapid_msgs/lib/libabb_rapid_msgs__rosidl_typesupport_c.so" to ""
[21.862s] -- Up-to-date: /home/ubuntu/ros2ws/install/abb_rapid_msgs/include/abb_rapid_msgs/abb_rapid_msgs
[21.863s] -- Up-to-date: /home/ubuntu/ros2ws/install/abb_rapid_msgs/include/abb_rapid_msgs/abb_rapid_msgs/msg
[21.863s] -- Installing: /home/ubuntu/ros2ws/install/abb_rapid_msgs/include/abb_rapid_msgs/abb_rapid_msgs/msg/orient.hpp
[21.863s] -- Installing: /home/ubuntu/ros2ws/install/abb_rapid_msgs/include/abb_rapid_msgs/abb_rapid_msgs/msg/rob_target.hpp
[21.863s] -- Installing: /home/ubuntu/ros2ws/install/abb_rapid_msgs/include/abb_rapid_msgs/abb_rapid_msgs/msg/ext_joint.hpp
[21.863s] -- Installing: /home/ubuntu/ros2ws/install/abb_rapid_msgs/include/abb_rapid_msgs/abb_rapid_msgs/msg/pos.hpp
[21.863s] -- Installing: /home/ubuntu/ros2ws/install/abb_rapid_msgs/include/abb_rapid_msgs/abb_rapid_msgs/msg/conf_data.hpp
[21.863s] -- Installing: /home/ubuntu/ros2ws/install/abb_rapid_msgs/include/abb_rapid_msgs/abb_rapid_msgs/msg/tool_data.hpp
[21.864s] -- Installing: /home/ubuntu/ros2ws/install/abb_rapid_msgs/include/abb_rapid_msgs/abb_rapid_msgs/msg/joint_target.hpp
[21.864s] -- Installing: /home/ubuntu/ros2ws/install/abb_rapid_msgs/include/abb_rapid_msgs/abb_rapid_msgs/msg/load_data.hpp
[21.864s] -- Installing: /home/ubuntu/ros2ws/install/abb_rapid_msgs/include/abb_rapid_msgs/abb_rapid_msgs/msg/rob_joint.hpp
[21.864s] -- Up-to-date: /home/ubuntu/ros2ws/install/abb_rapid_msgs/include/abb_rapid_msgs/abb_rapid_msgs/msg/detail
[21.864s] -- Installing: /home/ubuntu/ros2ws/install/abb_rapid_msgs/include/abb_rapid_msgs/abb_rapid_msgs/msg/detail/rob_target__builder.hpp
[21.864s] -- Installing: /home/ubuntu/ros2ws/install/abb_rapid_msgs/include/abb_rapid_msgs/abb_rapid_msgs/msg/detail/pose__builder.hpp
[21.865s] -- Installing: /home/ubuntu/ros2ws/install/abb_rapid_msgs/include/abb_rapid_msgs/abb_rapid_msgs/msg/detail/pose__struct.hpp
[21.865s] -- Installing: /home/ubuntu/ros2ws/install/abb_rapid_msgs/include/abb_rapid_msgs/abb_rapid_msgs/msg/detail/ext_joint__builder.hpp
[21.865s] -- Installing: /home/ubuntu/ros2ws/install/abb_rapid_msgs/include/abb_rapid_msgs/abb_rapid_msgs/msg/detail/orient__struct.hpp
[21.865s] -- Installing: /home/ubuntu/ros2ws/install/abb_rapid_msgs/include/abb_rapid_msgs/abb_rapid_msgs/msg/detail/joint_target__builder.hpp
[21.865s] -- Installing: /home/ubuntu/ros2ws/install/abb_rapid_msgs/include/abb_rapid_msgs/abb_rapid_msgs/msg/detail/orient__traits.hpp
[21.866s] -- Installing: /home/ubuntu/ros2ws/install/abb_rapid_msgs/include/abb_rapid_msgs/abb_rapid_msgs/msg/detail/load_data__builder.hpp
[21.866s] -- Installing: /home/ubuntu/ros2ws/install/abb_rapid_msgs/include/abb_rapid_msgs/abb_rapid_msgs/msg/detail/w_obj_data__builder.hpp
[21.866s] -- Installing: /home/ubuntu/ros2ws/install/abb_rapid_msgs/include/abb_rapid_msgs/abb_rapid_msgs/msg/detail/ext_joint__struct.hpp
[21.866s] -- Installing: /home/ubuntu/ros2ws/install/abb_rapid_msgs/include/abb_rapid_msgs/abb_rapid_msgs/msg/detail/rob_target__struct.hpp
[21.866s] -- Installing: /home/ubuntu/ros2ws/install/abb_rapid_msgs/include/abb_rapid_msgs/abb_rapid_msgs/msg/detail/joint_target__traits.hpp
[21.866s] -- Installing: /home/ubuntu/ros2ws/install/abb_rapid_msgs/include/abb_rapid_msgs/abb_rapid_msgs/msg/detail/rob_joint__struct.hpp
[21.867s] -- Installing: /home/ubuntu/ros2ws/install/abb_rapid_msgs/include/abb_rapid_msgs/abb_rapid_msgs/msg/detail/conf_data__struct.hpp
[21.867s] -- Installing: /home/ubuntu/ros2ws/install/abb_rapid_msgs/include/abb_rapid_msgs/abb_rapid_msgs/msg/detail/load_data__traits.hpp
[21.867s] -- Installing: /home/ubuntu/ros2ws/install/abb_rapid_msgs/include/abb_rapid_msgs/abb_rapid_msgs/msg/detail/pos__traits.hpp
[21.867s] -- Installing: /home/ubuntu/ros2ws/install/abb_rapid_msgs/include/abb_rapid_msgs/abb_rapid_msgs/msg/detail/joint_target__struct.hpp
[21.867s] -- Installing: /home/ubuntu/ros2ws/install/abb_rapid_msgs/include/abb_rapid_msgs/abb_rapid_msgs/msg/detail/tool_data__traits.hpp
[21.868s] -- Installing: /home/ubuntu/ros2ws/install/abb_rapid_msgs/include/abb_rapid_msgs/abb_rapid_msgs/msg/detail/w_obj_data__traits.hpp
[21.868s] -- Installing: /home/ubuntu/ros2ws/install/abb_rapid_msgs/include/abb_rapid_msgs/abb_rapid_msgs/msg/detail/ext_joint__traits.hpp
[21.868s] -- Installing: /home/ubuntu/ros2ws/install/abb_rapid_msgs/include/abb_rapid_msgs/abb_rapid_msgs/msg/detail/rob_joint__builder.hpp
[21.868s] -- Installing: /home/ubuntu/ros2ws/install/abb_rapid_msgs/include/abb_rapid_msgs/abb_rapid_msgs/msg/detail/load_data__struct.hpp
[21.868s] -- Installing: /home/ubuntu/ros2ws/install/abb_rapid_msgs/include/abb_rapid_msgs/abb_rapid_msgs/msg/detail/w_obj_data__struct.hpp
[21.869s] -- Installing: /home/ubuntu/ros2ws/install/abb_rapid_msgs/include/abb_rapid_msgs/abb_rapid_msgs/msg/detail/conf_data__builder.hpp
[21.869s] -- Installing: /home/ubuntu/ros2ws/install/abb_rapid_msgs/include/abb_rapid_msgs/abb_rapid_msgs/msg/detail/pos__struct.hpp
[21.869s] -- Installing: /home/ubuntu/ros2ws/install/abb_rapid_msgs/include/abb_rapid_msgs/abb_rapid_msgs/msg/detail/rob_joint__traits.hpp
[21.869s] -- Installing: /home/ubuntu/ros2ws/install/abb_rapid_msgs/include/abb_rapid_msgs/abb_rapid_msgs/msg/detail/rob_target__traits.hpp
[21.870s] -- Installing: /home/ubuntu/ros2ws/install/abb_rapid_msgs/include/abb_rapid_msgs/abb_rapid_msgs/msg/detail/conf_data__traits.hpp
[21.870s] -- Installing: /home/ubuntu/ros2ws/install/abb_rapid_msgs/include/abb_rapid_msgs/abb_rapid_msgs/msg/detail/orient__builder.hpp
[21.870s] -- Installing: /home/ubuntu/ros2ws/install/abb_rapid_msgs/include/abb_rapid_msgs/abb_rapid_msgs/msg/detail/pos__builder.hpp
[21.870s] -- Installing: /home/ubuntu/ros2ws/install/abb_rapid_msgs/include/abb_rapid_msgs/abb_rapid_msgs/msg/detail/pose__traits.hpp
[21.870s] -- Installing: /home/ubuntu/ros2ws/install/abb_rapid_msgs/include/abb_rapid_msgs/abb_rapid_msgs/msg/detail/tool_data__struct.hpp
[21.870s] -- Installing: /home/ubuntu/ros2ws/install/abb_rapid_msgs/include/abb_rapid_msgs/abb_rapid_msgs/msg/detail/tool_data__builder.hpp
[21.871s] -- Installing: /home/ubuntu/ros2ws/install/abb_rapid_msgs/include/abb_rapid_msgs/abb_rapid_msgs/msg/w_obj_data.hpp
[21.871s] -- Installing: /home/ubuntu/ros2ws/install/abb_rapid_msgs/include/abb_rapid_msgs/abb_rapid_msgs/msg/pose.hpp
[21.871s] -- Up-to-date: /home/ubuntu/ros2ws/install/abb_rapid_msgs/include/abb_rapid_msgs/abb_rapid_msgs
[21.871s] -- Up-to-date: /home/ubuntu/ros2ws/install/abb_rapid_msgs/include/abb_rapid_msgs/abb_rapid_msgs/msg
[21.871s] -- Installing: /home/ubuntu/ros2ws/install/abb_rapid_msgs/include/abb_rapid_msgs/abb_rapid_msgs/msg/rosidl_typesupport_fastrtps_cpp__visibility_control.h
[21.871s] -- Up-to-date: /home/ubuntu/ros2ws/install/abb_rapid_msgs/include/abb_rapid_msgs/abb_rapid_msgs/msg/detail
[21.871s] -- Installing: /home/ubuntu/ros2ws/install/abb_rapid_msgs/include/abb_rapid_msgs/abb_rapid_msgs/msg/detail/dds_fastrtps
[21.872s] -- Installing: /home/ubuntu/ros2ws/install/abb_rapid_msgs/include/abb_rapid_msgs/abb_rapid_msgs/msg/detail/tool_data__rosidl_typesupport_fastrtps_cpp.hpp
[21.872s] -- Installing: /home/ubuntu/ros2ws/install/abb_rapid_msgs/include/abb_rapid_msgs/abb_rapid_msgs/msg/detail/rob_target__rosidl_typesupport_fastrtps_cpp.hpp
[21.872s] -- Installing: /home/ubuntu/ros2ws/install/abb_rapid_msgs/include/abb_rapid_msgs/abb_rapid_msgs/msg/detail/rob_joint__rosidl_typesupport_fastrtps_cpp.hpp
[21.872s] -- Installing: /home/ubuntu/ros2ws/install/abb_rapid_msgs/include/abb_rapid_msgs/abb_rapid_msgs/msg/detail/orient__rosidl_typesupport_fastrtps_cpp.hpp
[21.873s] -- Installing: /home/ubuntu/ros2ws/install/abb_rapid_msgs/include/abb_rapid_msgs/abb_rapid_msgs/msg/detail/pose__rosidl_typesupport_fastrtps_cpp.hpp
[21.873s] -- Installing: /home/ubuntu/ros2ws/install/abb_rapid_msgs/include/abb_rapid_msgs/abb_rapid_msgs/msg/detail/pos__rosidl_typesupport_fastrtps_cpp.hpp
[21.873s] -- Installing: /home/ubuntu/ros2ws/install/abb_rapid_msgs/include/abb_rapid_msgs/abb_rapid_msgs/msg/detail/conf_data__rosidl_typesupport_fastrtps_cpp.hpp
[21.873s] -- Installing: /home/ubuntu/ros2ws/install/abb_rapid_msgs/include/abb_rapid_msgs/abb_rapid_msgs/msg/detail/load_data__rosidl_typesupport_fastrtps_cpp.hpp
[21.873s] -- Installing: /home/ubuntu/ros2ws/install/abb_rapid_msgs/include/abb_rapid_msgs/abb_rapid_msgs/msg/detail/joint_target__rosidl_typesupport_fastrtps_cpp.hpp
[21.873s] -- Installing: /home/ubuntu/ros2ws/install/abb_rapid_msgs/include/abb_rapid_msgs/abb_rapid_msgs/msg/detail/w_obj_data__rosidl_typesupport_fastrtps_cpp.hpp
[21.873s] -- Installing: /home/ubuntu/ros2ws/install/abb_rapid_msgs/include/abb_rapid_msgs/abb_rapid_msgs/msg/detail/ext_joint__rosidl_typesupport_fastrtps_cpp.hpp
[21.874s] -- Installing: /home/ubuntu/ros2ws/install/abb_rapid_msgs/lib/libabb_rapid_msgs__rosidl_typesupport_fastrtps_cpp.so
[21.874s] -- Set runtime path of "/home/ubuntu/ros2ws/install/abb_rapid_msgs/lib/libabb_rapid_msgs__rosidl_typesupport_fastrtps_cpp.so" to ""
[21.874s] -- Up-to-date: /home/ubuntu/ros2ws/install/abb_rapid_msgs/include/abb_rapid_msgs/abb_rapid_msgs
[21.874s] -- Up-to-date: /home/ubuntu/ros2ws/install/abb_rapid_msgs/include/abb_rapid_msgs/abb_rapid_msgs/msg
[21.875s] -- Up-to-date: /home/ubuntu/ros2ws/install/abb_rapid_msgs/include/abb_rapid_msgs/abb_rapid_msgs/msg/detail
[21.875s] -- Installing: /home/ubuntu/ros2ws/install/abb_rapid_msgs/include/abb_rapid_msgs/abb_rapid_msgs/msg/detail/w_obj_data__type_support.cpp
[21.875s] -- Installing: /home/ubuntu/ros2ws/install/abb_rapid_msgs/include/abb_rapid_msgs/abb_rapid_msgs/msg/detail/joint_target__type_support.cpp
[21.875s] -- Installing: /home/ubuntu/ros2ws/install/abb_rapid_msgs/include/abb_rapid_msgs/abb_rapid_msgs/msg/detail/w_obj_data__rosidl_typesupport_introspection_cpp.hpp
[21.875s] -- Installing: /home/ubuntu/ros2ws/install/abb_rapid_msgs/include/abb_rapid_msgs/abb_rapid_msgs/msg/detail/pos__type_support.cpp
[21.875s] -- Installing: /home/ubuntu/ros2ws/install/abb_rapid_msgs/include/abb_rapid_msgs/abb_rapid_msgs/msg/detail/joint_target__rosidl_typesupport_introspection_cpp.hpp
[21.875s] -- Installing: /home/ubuntu/ros2ws/install/abb_rapid_msgs/include/abb_rapid_msgs/abb_rapid_msgs/msg/detail/orient__type_support.cpp
[21.876s] -- Installing: /home/ubuntu/ros2ws/install/abb_rapid_msgs/include/abb_rapid_msgs/abb_rapid_msgs/msg/detail/ext_joint__type_support.cpp
[21.876s] -- Installing: /home/ubuntu/ros2ws/install/abb_rapid_msgs/include/abb_rapid_msgs/abb_rapid_msgs/msg/detail/rob_target__rosidl_typesupport_introspection_cpp.hpp
[21.876s] -- Installing: /home/ubuntu/ros2ws/install/abb_rapid_msgs/include/abb_rapid_msgs/abb_rapid_msgs/msg/detail/pose__type_support.cpp
[21.876s] -- Installing: /home/ubuntu/ros2ws/install/abb_rapid_msgs/include/abb_rapid_msgs/abb_rapid_msgs/msg/detail/ext_joint__rosidl_typesupport_introspection_cpp.hpp
[21.876s] -- Installing: /home/ubuntu/ros2ws/install/abb_rapid_msgs/include/abb_rapid_msgs/abb_rapid_msgs/msg/detail/rob_joint__rosidl_typesupport_introspection_cpp.hpp
[21.877s] -- Installing: /home/ubuntu/ros2ws/install/abb_rapid_msgs/include/abb_rapid_msgs/abb_rapid_msgs/msg/detail/tool_data__type_support.cpp
[21.877s] -- Installing: /home/ubuntu/ros2ws/install/abb_rapid_msgs/include/abb_rapid_msgs/abb_rapid_msgs/msg/detail/rob_joint__type_support.cpp
[21.877s] -- Installing: /home/ubuntu/ros2ws/install/abb_rapid_msgs/include/abb_rapid_msgs/abb_rapid_msgs/msg/detail/rob_target__type_support.cpp
[21.877s] -- Installing: /home/ubuntu/ros2ws/install/abb_rapid_msgs/include/abb_rapid_msgs/abb_rapid_msgs/msg/detail/pos__rosidl_typesupport_introspection_cpp.hpp
[21.878s] -- Installing: /home/ubuntu/ros2ws/install/abb_rapid_msgs/include/abb_rapid_msgs/abb_rapid_msgs/msg/detail/pose__rosidl_typesupport_introspection_cpp.hpp
[21.878s] -- Installing: /home/ubuntu/ros2ws/install/abb_rapid_msgs/include/abb_rapid_msgs/abb_rapid_msgs/msg/detail/conf_data__type_support.cpp
[21.878s] -- Installing: /home/ubuntu/ros2ws/install/abb_rapid_msgs/include/abb_rapid_msgs/abb_rapid_msgs/msg/detail/load_data__rosidl_typesupport_introspection_cpp.hpp
[21.878s] -- Installing: /home/ubuntu/ros2ws/install/abb_rapid_msgs/include/abb_rapid_msgs/abb_rapid_msgs/msg/detail/load_data__type_support.cpp
[21.879s] -- Installing: /home/ubuntu/ros2ws/install/abb_rapid_msgs/include/abb_rapid_msgs/abb_rapid_msgs/msg/detail/tool_data__rosidl_typesupport_introspection_cpp.hpp
[21.879s] -- Installing: /home/ubuntu/ros2ws/install/abb_rapid_msgs/include/abb_rapid_msgs/abb_rapid_msgs/msg/detail/conf_data__rosidl_typesupport_introspection_cpp.hpp
[21.879s] -- Installing: /home/ubuntu/ros2ws/install/abb_rapid_msgs/include/abb_rapid_msgs/abb_rapid_msgs/msg/detail/orient__rosidl_typesupport_introspection_cpp.hpp
[21.879s] -- Installing: /home/ubuntu/ros2ws/install/abb_rapid_msgs/lib/libabb_rapid_msgs__rosidl_typesupport_introspection_cpp.so
[21.880s] -- Set runtime path of "/home/ubuntu/ros2ws/install/abb_rapid_msgs/lib/libabb_rapid_msgs__rosidl_typesupport_introspection_cpp.so" to ""
[21.880s] -- Installing: /home/ubuntu/ros2ws/install/abb_rapid_msgs/lib/libabb_rapid_msgs__rosidl_typesupport_cpp.so
[21.881s] -- Set runtime path of "/home/ubuntu/ros2ws/install/abb_rapid_msgs/lib/libabb_rapid_msgs__rosidl_typesupport_cpp.so" to ""
[21.881s] -- Installing: /home/ubuntu/ros2ws/install/abb_rapid_msgs/share/abb_rapid_msgs/environment/pythonpath.sh
[21.881s] -- Installing: /home/ubuntu/ros2ws/install/abb_rapid_msgs/share/abb_rapid_msgs/environment/pythonpath.dsv
[21.881s] -- Installing: /home/ubuntu/ros2ws/install/abb_rapid_msgs/local/lib/python3.10/dist-packages/abb_rapid_msgs-1.0.0-py3.10.egg-info
[21.881s] -- Installing: /home/ubuntu/ros2ws/install/abb_rapid_msgs/local/lib/python3.10/dist-packages/abb_rapid_msgs-1.0.0-py3.10.egg-info/PKG-INFO
[21.881s] -- Installing: /home/ubuntu/ros2ws/install/abb_rapid_msgs/local/lib/python3.10/dist-packages/abb_rapid_msgs-1.0.0-py3.10.egg-info/top_level.txt
[21.882s] -- Installing: /home/ubuntu/ros2ws/install/abb_rapid_msgs/local/lib/python3.10/dist-packages/abb_rapid_msgs-1.0.0-py3.10.egg-info/dependency_links.txt
[21.882s] -- Installing: /home/ubuntu/ros2ws/install/abb_rapid_msgs/local/lib/python3.10/dist-packages/abb_rapid_msgs-1.0.0-py3.10.egg-info/SOURCES.txt
[21.882s] -- Installing: /home/ubuntu/ros2ws/install/abb_rapid_msgs/local/lib/python3.10/dist-packages/abb_rapid_msgs
[21.882s] -- Installing: /home/ubuntu/ros2ws/install/abb_rapid_msgs/local/lib/python3.10/dist-packages/abb_rapid_msgs/msg
[21.882s] -- Installing: /home/ubuntu/ros2ws/install/abb_rapid_msgs/local/lib/python3.10/dist-packages/abb_rapid_msgs/msg/_load_data_s.c
[21.882s] -- Installing: /home/ubuntu/ros2ws/install/abb_rapid_msgs/local/lib/python3.10/dist-packages/abb_rapid_msgs/msg/_orient_s.c
[21.883s] -- Installing: /home/ubuntu/ros2ws/install/abb_rapid_msgs/local/lib/python3.10/dist-packages/abb_rapid_msgs/msg/_orient.py
[21.883s] -- Installing: /home/ubuntu/ros2ws/install/abb_rapid_msgs/local/lib/python3.10/dist-packages/abb_rapid_msgs/msg/_ext_joint.py
[21.883s] -- Installing: /home/ubuntu/ros2ws/install/abb_rapid_msgs/local/lib/python3.10/dist-packages/abb_rapid_msgs/msg/_conf_data_s.c
[21.883s] -- Installing: /home/ubuntu/ros2ws/install/abb_rapid_msgs/local/lib/python3.10/dist-packages/abb_rapid_msgs/msg/_pos_s.c
[21.883s] -- Installing: /home/ubuntu/ros2ws/install/abb_rapid_msgs/local/lib/python3.10/dist-packages/abb_rapid_msgs/msg/_w_obj_data.py
[21.884s] -- Installing: /home/ubuntu/ros2ws/install/abb_rapid_msgs/local/lib/python3.10/dist-packages/abb_rapid_msgs/msg/_joint_target_s.c
[21.884s] -- Installing: /home/ubuntu/ros2ws/install/abb_rapid_msgs/local/lib/python3.10/dist-packages/abb_rapid_msgs/msg/_tool_data_s.c
[21.884s] -- Installing: /home/ubuntu/ros2ws/install/abb_rapid_msgs/local/lib/python3.10/dist-packages/abb_rapid_msgs/msg/_pos.py
[21.884s] -- Installing: /home/ubuntu/ros2ws/install/abb_rapid_msgs/local/lib/python3.10/dist-packages/abb_rapid_msgs/msg/_pose.py
[21.884s] -- Installing: /home/ubuntu/ros2ws/install/abb_rapid_msgs/local/lib/python3.10/dist-packages/abb_rapid_msgs/msg/_conf_data.py
[21.884s] -- Installing: /home/ubuntu/ros2ws/install/abb_rapid_msgs/local/lib/python3.10/dist-packages/abb_rapid_msgs/msg/_joint_target.py
[21.885s] -- Installing: /home/ubuntu/ros2ws/install/abb_rapid_msgs/local/lib/python3.10/dist-packages/abb_rapid_msgs/msg/_pose_s.c
[21.885s] -- Installing: /home/ubuntu/ros2ws/install/abb_rapid_msgs/local/lib/python3.10/dist-packages/abb_rapid_msgs/msg/_rob_target.py
[21.885s] -- Installing: /home/ubuntu/ros2ws/install/abb_rapid_msgs/local/lib/python3.10/dist-packages/abb_rapid_msgs/msg/_tool_data.py
[21.885s] -- Installing: /home/ubuntu/ros2ws/install/abb_rapid_msgs/local/lib/python3.10/dist-packages/abb_rapid_msgs/msg/_rob_target_s.c
[21.885s] -- Installing: /home/ubuntu/ros2ws/install/abb_rapid_msgs/local/lib/python3.10/dist-packages/abb_rapid_msgs/msg/_rob_joint.py
[21.886s] -- Installing: /home/ubuntu/ros2ws/install/abb_rapid_msgs/local/lib/python3.10/dist-packages/abb_rapid_msgs/msg/_ext_joint_s.c
[21.886s] -- Installing: /home/ubuntu/ros2ws/install/abb_rapid_msgs/local/lib/python3.10/dist-packages/abb_rapid_msgs/msg/_w_obj_data_s.c
[21.886s] -- Installing: /home/ubuntu/ros2ws/install/abb_rapid_msgs/local/lib/python3.10/dist-packages/abb_rapid_msgs/msg/_load_data.py
[21.886s] -- Installing: /home/ubuntu/ros2ws/install/abb_rapid_msgs/local/lib/python3.10/dist-packages/abb_rapid_msgs/msg/__init__.py
[21.886s] -- Installing: /home/ubuntu/ros2ws/install/abb_rapid_msgs/local/lib/python3.10/dist-packages/abb_rapid_msgs/msg/_rob_joint_s.c
[21.886s] -- Installing: /home/ubuntu/ros2ws/install/abb_rapid_msgs/local/lib/python3.10/dist-packages/abb_rapid_msgs/_abb_rapid_msgs_s.ep.rosidl_typesupport_fastrtps_c.c
[21.887s] -- Installing: /home/ubuntu/ros2ws/install/abb_rapid_msgs/local/lib/python3.10/dist-packages/abb_rapid_msgs/abb_rapid_msgs_s__rosidl_typesupport_introspection_c.cpython-310-x86_64-linux-gnu.so
[21.887s] -- Installing: /home/ubuntu/ros2ws/install/abb_rapid_msgs/local/lib/python3.10/dist-packages/abb_rapid_msgs/_abb_rapid_msgs_s.ep.rosidl_typesupport_c.c
[21.887s] -- Installing: /home/ubuntu/ros2ws/install/abb_rapid_msgs/local/lib/python3.10/dist-packages/abb_rapid_msgs/libabb_rapid_msgs__rosidl_generator_py.so
[21.887s] -- Installing: /home/ubuntu/ros2ws/install/abb_rapid_msgs/local/lib/python3.10/dist-packages/abb_rapid_msgs/abb_rapid_msgs_s__rosidl_typesupport_c.cpython-310-x86_64-linux-gnu.so
[21.888s] -- Installing: /home/ubuntu/ros2ws/install/abb_rapid_msgs/local/lib/python3.10/dist-packages/abb_rapid_msgs/__init__.py
[21.888s] -- Installing: /home/ubuntu/ros2ws/install/abb_rapid_msgs/local/lib/python3.10/dist-packages/abb_rapid_msgs/_abb_rapid_msgs_s.ep.rosidl_typesupport_introspection_c.c
[21.888s] -- Installing: /home/ubuntu/ros2ws/install/abb_rapid_msgs/local/lib/python3.10/dist-packages/abb_rapid_msgs/abb_rapid_msgs_s__rosidl_typesupport_fastrtps_c.cpython-310-x86_64-linux-gnu.so
[21.950s] Listing '/home/ubuntu/ros2ws/install/abb_rapid_msgs/local/lib/python3.10/dist-packages/abb_rapid_msgs'...
[21.950s] Compiling '/home/ubuntu/ros2ws/install/abb_rapid_msgs/local/lib/python3.10/dist-packages/abb_rapid_msgs/__init__.py'...
[21.950s] Listing '/home/ubuntu/ros2ws/install/abb_rapid_msgs/local/lib/python3.10/dist-packages/abb_rapid_msgs/msg'...
[21.951s] Compiling '/home/ubuntu/ros2ws/install/abb_rapid_msgs/local/lib/python3.10/dist-packages/abb_rapid_msgs/msg/__init__.py'...
[21.951s] Compiling '/home/ubuntu/ros2ws/install/abb_rapid_msgs/local/lib/python3.10/dist-packages/abb_rapid_msgs/msg/_conf_data.py'...
[21.951s] Compiling '/home/ubuntu/ros2ws/install/abb_rapid_msgs/local/lib/python3.10/dist-packages/abb_rapid_msgs/msg/_ext_joint.py'...
[21.951s] Compiling '/home/ubuntu/ros2ws/install/abb_rapid_msgs/local/lib/python3.10/dist-packages/abb_rapid_msgs/msg/_joint_target.py'...
[21.951s] Compiling '/home/ubuntu/ros2ws/install/abb_rapid_msgs/local/lib/python3.10/dist-packages/abb_rapid_msgs/msg/_load_data.py'...
[21.951s] Compiling '/home/ubuntu/ros2ws/install/abb_rapid_msgs/local/lib/python3.10/dist-packages/abb_rapid_msgs/msg/_orient.py'...
[21.951s] Compiling '/home/ubuntu/ros2ws/install/abb_rapid_msgs/local/lib/python3.10/dist-packages/abb_rapid_msgs/msg/_pos.py'...
[21.951s] Compiling '/home/ubuntu/ros2ws/install/abb_rapid_msgs/local/lib/python3.10/dist-packages/abb_rapid_msgs/msg/_pose.py'...
[21.951s] Compiling '/home/ubuntu/ros2ws/install/abb_rapid_msgs/local/lib/python3.10/dist-packages/abb_rapid_msgs/msg/_rob_joint.py'...
[21.951s] Compiling '/home/ubuntu/ros2ws/install/abb_rapid_msgs/local/lib/python3.10/dist-packages/abb_rapid_msgs/msg/_rob_target.py'...
[21.951s] Compiling '/home/ubuntu/ros2ws/install/abb_rapid_msgs/local/lib/python3.10/dist-packages/abb_rapid_msgs/msg/_tool_data.py'...
[21.951s] Compiling '/home/ubuntu/ros2ws/install/abb_rapid_msgs/local/lib/python3.10/dist-packages/abb_rapid_msgs/msg/_w_obj_data.py'...
[21.956s] -- Installing: /home/ubuntu/ros2ws/install/abb_rapid_msgs/local/lib/python3.10/dist-packages/abb_rapid_msgs/abb_rapid_msgs_s__rosidl_typesupport_fastrtps_c.cpython-310-x86_64-linux-gnu.so
[21.956s] -- Set runtime path of "/home/ubuntu/ros2ws/install/abb_rapid_msgs/local/lib/python3.10/dist-packages/abb_rapid_msgs/abb_rapid_msgs_s__rosidl_typesupport_fastrtps_c.cpython-310-x86_64-linux-gnu.so" to ""
[21.957s] -- Installing: /home/ubuntu/ros2ws/install/abb_rapid_msgs/local/lib/python3.10/dist-packages/abb_rapid_msgs/abb_rapid_msgs_s__rosidl_typesupport_introspection_c.cpython-310-x86_64-linux-gnu.so
[21.957s] -- Set runtime path of "/home/ubuntu/ros2ws/install/abb_rapid_msgs/local/lib/python3.10/dist-packages/abb_rapid_msgs/abb_rapid_msgs_s__rosidl_typesupport_introspection_c.cpython-310-x86_64-linux-gnu.so" to ""
[21.958s] -- Installing: /home/ubuntu/ros2ws/install/abb_rapid_msgs/local/lib/python3.10/dist-packages/abb_rapid_msgs/abb_rapid_msgs_s__rosidl_typesupport_c.cpython-310-x86_64-linux-gnu.so
[21.958s] -- Set runtime path of "/home/ubuntu/ros2ws/install/abb_rapid_msgs/local/lib/python3.10/dist-packages/abb_rapid_msgs/abb_rapid_msgs_s__rosidl_typesupport_c.cpython-310-x86_64-linux-gnu.so" to ""
[21.958s] -- Installing: /home/ubuntu/ros2ws/install/abb_rapid_msgs/lib/libabb_rapid_msgs__rosidl_generator_py.so
[21.959s] -- Set runtime path of "/home/ubuntu/ros2ws/install/abb_rapid_msgs/lib/libabb_rapid_msgs__rosidl_generator_py.so" to ""
[21.959s] -- Installing: /home/ubuntu/ros2ws/install/abb_rapid_msgs/share/abb_rapid_msgs/msg/ConfData.idl
[21.959s] -- Installing: /home/ubuntu/ros2ws/install/abb_rapid_msgs/share/abb_rapid_msgs/msg/ExtJoint.idl
[21.960s] -- Installing: /home/ubuntu/ros2ws/install/abb_rapid_msgs/share/abb_rapid_msgs/msg/JointTarget.idl
[21.960s] -- Installing: /home/ubuntu/ros2ws/install/abb_rapid_msgs/share/abb_rapid_msgs/msg/LoadData.idl
[21.960s] -- Installing: /home/ubuntu/ros2ws/install/abb_rapid_msgs/share/abb_rapid_msgs/msg/Orient.idl
[21.960s] -- Installing: /home/ubuntu/ros2ws/install/abb_rapid_msgs/share/abb_rapid_msgs/msg/Pos.idl
[21.961s] -- Installing: /home/ubuntu/ros2ws/install/abb_rapid_msgs/share/abb_rapid_msgs/msg/Pose.idl
[21.961s] -- Installing: /home/ubuntu/ros2ws/install/abb_rapid_msgs/share/abb_rapid_msgs/msg/RobJoint.idl
[21.961s] -- Installing: /home/ubuntu/ros2ws/install/abb_rapid_msgs/share/abb_rapid_msgs/msg/RobTarget.idl
[21.961s] -- Installing: /home/ubuntu/ros2ws/install/abb_rapid_msgs/share/abb_rapid_msgs/msg/ToolData.idl
[21.962s] -- Installing: /home/ubuntu/ros2ws/install/abb_rapid_msgs/share/abb_rapid_msgs/msg/WObjData.idl
[21.963s] -- Installing: /home/ubuntu/ros2ws/install/abb_rapid_msgs/share/abb_rapid_msgs/msg/ConfData.msg
[21.963s] -- Installing: /home/ubuntu/ros2ws/install/abb_rapid_msgs/share/abb_rapid_msgs/msg/ExtJoint.msg
[21.964s] -- Installing: /home/ubuntu/ros2ws/install/abb_rapid_msgs/share/abb_rapid_msgs/msg/JointTarget.msg
[21.964s] -- Installing: /home/ubuntu/ros2ws/install/abb_rapid_msgs/share/abb_rapid_msgs/msg/LoadData.msg
[21.964s] -- Installing: /home/ubuntu/ros2ws/install/abb_rapid_msgs/share/abb_rapid_msgs/msg/Orient.msg
[21.964s] -- Installing: /home/ubuntu/ros2ws/install/abb_rapid_msgs/share/abb_rapid_msgs/msg/Pos.msg
[21.964s] -- Installing: /home/ubuntu/ros2ws/install/abb_rapid_msgs/share/abb_rapid_msgs/msg/Pose.msg
[21.964s] -- Installing: /home/ubuntu/ros2ws/install/abb_rapid_msgs/share/abb_rapid_msgs/msg/RobJoint.msg
[21.964s] -- Installing: /home/ubuntu/ros2ws/install/abb_rapid_msgs/share/abb_rapid_msgs/msg/RobTarget.msg
[21.964s] -- Installing: /home/ubuntu/ros2ws/install/abb_rapid_msgs/share/abb_rapid_msgs/msg/ToolData.msg
[21.964s] -- Installing: /home/ubuntu/ros2ws/install/abb_rapid_msgs/share/abb_rapid_msgs/msg/WObjData.msg
[21.964s] -- Installing: /home/ubuntu/ros2ws/install/abb_rapid_msgs/share/ament_index/resource_index/package_run_dependencies/abb_rapid_msgs
[21.964s] -- Installing: /home/ubuntu/ros2ws/install/abb_rapid_msgs/share/ament_index/resource_index/parent_prefix_path/abb_rapid_msgs
[21.965s] -- Installing: /home/ubuntu/ros2ws/install/abb_rapid_msgs/share/abb_rapid_msgs/environment/ament_prefix_path.sh
[21.965s] -- Installing: /home/ubuntu/ros2ws/install/abb_rapid_msgs/share/abb_rapid_msgs/environment/ament_prefix_path.dsv
[21.965s] -- Installing: /home/ubuntu/ros2ws/install/abb_rapid_msgs/share/abb_rapid_msgs/environment/path.sh
[21.965s] -- Installing: /home/ubuntu/ros2ws/install/abb_rapid_msgs/share/abb_rapid_msgs/environment/path.dsv
[21.965s] -- Installing: /home/ubuntu/ros2ws/install/abb_rapid_msgs/share/abb_rapid_msgs/local_setup.bash
[21.966s] -- Installing: /home/ubuntu/ros2ws/install/abb_rapid_msgs/share/abb_rapid_msgs/local_setup.sh
[21.966s] -- Installing: /home/ubuntu/ros2ws/install/abb_rapid_msgs/share/abb_rapid_msgs/local_setup.zsh
[21.966s] -- Installing: /home/ubuntu/ros2ws/install/abb_rapid_msgs/share/abb_rapid_msgs/local_setup.dsv
[21.966s] -- Installing: /home/ubuntu/ros2ws/install/abb_rapid_msgs/share/abb_rapid_msgs/package.dsv
[21.967s] -- Installing: /home/ubuntu/ros2ws/install/abb_rapid_msgs/share/ament_index/resource_index/packages/abb_rapid_msgs
[21.967s] -- Installing: /home/ubuntu/ros2ws/install/abb_rapid_msgs/share/abb_rapid_msgs/cmake/export_abb_rapid_msgs__rosidl_generator_cExport.cmake
[21.967s] -- Installing: /home/ubuntu/ros2ws/install/abb_rapid_msgs/share/abb_rapid_msgs/cmake/export_abb_rapid_msgs__rosidl_generator_cExport-noconfig.cmake
[21.967s] -- Installing: /home/ubuntu/ros2ws/install/abb_rapid_msgs/share/abb_rapid_msgs/cmake/export_abb_rapid_msgs__rosidl_typesupport_fastrtps_cExport.cmake
[21.968s] -- Installing: /home/ubuntu/ros2ws/install/abb_rapid_msgs/share/abb_rapid_msgs/cmake/export_abb_rapid_msgs__rosidl_typesupport_fastrtps_cExport-noconfig.cmake
[21.968s] -- Installing: /home/ubuntu/ros2ws/install/abb_rapid_msgs/share/abb_rapid_msgs/cmake/abb_rapid_msgs__rosidl_typesupport_introspection_cExport.cmake
[21.968s] -- Installing: /home/ubuntu/ros2ws/install/abb_rapid_msgs/share/abb_rapid_msgs/cmake/abb_rapid_msgs__rosidl_typesupport_introspection_cExport-noconfig.cmake
[21.968s] -- Installing: /home/ubuntu/ros2ws/install/abb_rapid_msgs/share/abb_rapid_msgs/cmake/abb_rapid_msgs__rosidl_typesupport_cExport.cmake
[21.969s] -- Installing: /home/ubuntu/ros2ws/install/abb_rapid_msgs/share/abb_rapid_msgs/cmake/abb_rapid_msgs__rosidl_typesupport_cExport-noconfig.cmake
[21.969s] -- Installing: /home/ubuntu/ros2ws/install/abb_rapid_msgs/share/abb_rapid_msgs/cmake/export_abb_rapid_msgs__rosidl_generator_cppExport.cmake
[21.969s] -- Installing: /home/ubuntu/ros2ws/install/abb_rapid_msgs/share/abb_rapid_msgs/cmake/export_abb_rapid_msgs__rosidl_typesupport_fastrtps_cppExport.cmake
[21.969s] -- Installing: /home/ubuntu/ros2ws/install/abb_rapid_msgs/share/abb_rapid_msgs/cmake/export_abb_rapid_msgs__rosidl_typesupport_fastrtps_cppExport-noconfig.cmake
[21.970s] -- Installing: /home/ubuntu/ros2ws/install/abb_rapid_msgs/share/abb_rapid_msgs/cmake/abb_rapid_msgs__rosidl_typesupport_introspection_cppExport.cmake
[21.970s] -- Installing: /home/ubuntu/ros2ws/install/abb_rapid_msgs/share/abb_rapid_msgs/cmake/abb_rapid_msgs__rosidl_typesupport_introspection_cppExport-noconfig.cmake
[21.970s] -- Installing: /home/ubuntu/ros2ws/install/abb_rapid_msgs/share/abb_rapid_msgs/cmake/abb_rapid_msgs__rosidl_typesupport_cppExport.cmake
[21.970s] -- Installing: /home/ubuntu/ros2ws/install/abb_rapid_msgs/share/abb_rapid_msgs/cmake/abb_rapid_msgs__rosidl_typesupport_cppExport-noconfig.cmake
[21.971s] -- Installing: /home/ubuntu/ros2ws/install/abb_rapid_msgs/share/abb_rapid_msgs/cmake/export_abb_rapid_msgs__rosidl_generator_pyExport.cmake
[21.971s] -- Installing: /home/ubuntu/ros2ws/install/abb_rapid_msgs/share/abb_rapid_msgs/cmake/export_abb_rapid_msgs__rosidl_generator_pyExport-noconfig.cmake
[21.971s] -- Installing: /home/ubuntu/ros2ws/install/abb_rapid_msgs/share/abb_rapid_msgs/cmake/rosidl_cmake-extras.cmake
[21.971s] -- Installing: /home/ubuntu/ros2ws/install/abb_rapid_msgs/share/abb_rapid_msgs/cmake/ament_cmake_export_include_directories-extras.cmake
[21.971s] -- Installing: /home/ubuntu/ros2ws/install/abb_rapid_msgs/share/abb_rapid_msgs/cmake/ament_cmake_export_libraries-extras.cmake
[21.972s] -- Installing: /home/ubuntu/ros2ws/install/abb_rapid_msgs/share/abb_rapid_msgs/cmake/ament_cmake_export_targets-extras.cmake
[21.972s] -- Installing: /home/ubuntu/ros2ws/install/abb_rapid_msgs/share/abb_rapid_msgs/cmake/rosidl_cmake_export_typesupport_targets-extras.cmake
[21.972s] -- Installing: /home/ubuntu/ros2ws/install/abb_rapid_msgs/share/abb_rapid_msgs/cmake/ament_cmake_export_dependencies-extras.cmake
[21.972s] -- Installing: /home/ubuntu/ros2ws/install/abb_rapid_msgs/share/abb_rapid_msgs/cmake/rosidl_cmake_export_typesupport_libraries-extras.cmake
[21.973s] -- Installing: /home/ubuntu/ros2ws/install/abb_rapid_msgs/share/abb_rapid_msgs/cmake/abb_rapid_msgsConfig.cmake
[21.973s] -- Installing: /home/ubuntu/ros2ws/install/abb_rapid_msgs/share/abb_rapid_msgs/cmake/abb_rapid_msgsConfig-version.cmake
[21.974s] -- Installing: /home/ubuntu/ros2ws/install/abb_rapid_msgs/share/abb_rapid_msgs/package.xml
[21.976s] Invoked command in '/home/ubuntu/ros2ws/build/abb_rapid_msgs' returned '0': CMAKE_PREFIX_PATH=${CMAKE_PREFIX_PATH}:/opt/ros/humble /usr/bin/cmake --install /home/ubuntu/ros2ws/build/abb_rapid_msgs
