[0.016s] Invoking command in '/home/ubuntu/ros2ws/build/irb120_ros2_moveit2': AMENT_PREFIX_PATH=/home/ubuntu/ros2ws/install/ros2_data:${AMENT_PREFIX_PATH} CMAKE_PREFIX_PATH=/home/ubuntu/ros2ws/install/ros2_data:/home/ubuntu/ros2ws/install/turtlesim:/opt/ros/humble LD_LIBRARY_PATH=/home/ubuntu/ros2ws/install/ros2_data/lib:${LD_LIBRARY_PATH} PYTHONPATH=/home/ubuntu/ros2ws/install/ros2_data/local/lib/python3.10/dist-packages:${PYTHONPATH} /usr/bin/cmake /home/ubuntu/ros2ws/src/ros2_RobotSimulation/ABBRobots/IRB120/irb120_ros2_moveit2 -DCMAKE_INSTALL_PREFIX=/home/ubuntu/ros2ws/install/irb120_ros2_moveit2
[0.128s] -- The C compiler identification is GNU 11.4.0
[0.236s] -- The CXX compiler identification is GNU 11.4.0
[0.248s] -- Detecting C compiler ABI info
[0.387s] -- Detecting C compiler ABI info - done
[0.398s] -- Check for working C compiler: /usr/bin/cc - skipped
[0.399s] -- Detecting C compile features
[0.399s] -- Detecting C compile features - done
[0.404s] -- Detecting CXX compiler ABI info
[0.554s] -- Detecting CXX compiler ABI info - done
[0.565s] -- Check for working CXX compiler: /usr/bin/c++ - skipped
[0.567s] -- Detecting CXX compile features
[0.567s] -- Detecting CXX compile features - done
[0.572s] -- Found ament_cmake: 1.3.10 (/opt/ros/humble/share/ament_cmake/cmake)
[0.859s] -- Found Python3: /usr/bin/python3 (found version "3.10.12") found components: Interpreter 
[1.041s] -- Found ament_lint_auto: 0.12.11 (/opt/ros/humble/share/ament_lint_auto/cmake)
[1.191s] -- Added test 'copyright' to check source files copyright and LICENSE
[1.195s] -- Added test 'flake8' to check Python code syntax and style conventions
[1.201s] -- Added test 'lint_cmake' to check CMake code style
[1.201s] -- Added test 'pep257' to check Python code against some of the docstring style conventions in PEP 257
[1.201s] -- Added test 'xmllint' to check XML markup files
[1.201s] -- Configuring done
[1.205s] -- Generating done
[1.208s] -- Build files have been written to: /home/ubuntu/ros2ws/build/irb120_ros2_moveit2
[1.260s] Invoked command in '/home/ubuntu/ros2ws/build/irb120_ros2_moveit2' returned '0': AMENT_PREFIX_PATH=/home/ubuntu/ros2ws/install/ros2_data:${AMENT_PREFIX_PATH} CMAKE_PREFIX_PATH=/home/ubuntu/ros2ws/install/ros2_data:/home/ubuntu/ros2ws/install/turtlesim:/opt/ros/humble LD_LIBRARY_PATH=/home/ubuntu/ros2ws/install/ros2_data/lib:${LD_LIBRARY_PATH} PYTHONPATH=/home/ubuntu/ros2ws/install/ros2_data/local/lib/python3.10/dist-packages:${PYTHONPATH} /usr/bin/cmake /home/ubuntu/ros2ws/src/ros2_RobotSimulation/ABBRobots/IRB120/irb120_ros2_moveit2 -DCMAKE_INSTALL_PREFIX=/home/ubuntu/ros2ws/install/irb120_ros2_moveit2
[1.262s] Invoking command in '/home/ubuntu/ros2ws/build/irb120_ros2_moveit2': AMENT_PREFIX_PATH=/home/ubuntu/ros2ws/install/ros2_data:${AMENT_PREFIX_PATH} CMAKE_PREFIX_PATH=/home/ubuntu/ros2ws/install/ros2_data:/home/ubuntu/ros2ws/install/turtlesim:/opt/ros/humble LD_LIBRARY_PATH=/home/ubuntu/ros2ws/install/ros2_data/lib:${LD_LIBRARY_PATH} PYTHONPATH=/home/ubuntu/ros2ws/install/ros2_data/local/lib/python3.10/dist-packages:${PYTHONPATH} /usr/bin/cmake --build /home/ubuntu/ros2ws/build/irb120_ros2_moveit2 -- -j4 -l4
[1.341s] Invoked command in '/home/ubuntu/ros2ws/build/irb120_ros2_moveit2' returned '0': AMENT_PREFIX_PATH=/home/ubuntu/ros2ws/install/ros2_data:${AMENT_PREFIX_PATH} CMAKE_PREFIX_PATH=/home/ubuntu/ros2ws/install/ros2_data:/home/ubuntu/ros2ws/install/turtlesim:/opt/ros/humble LD_LIBRARY_PATH=/home/ubuntu/ros2ws/install/ros2_data/lib:${LD_LIBRARY_PATH} PYTHONPATH=/home/ubuntu/ros2ws/install/ros2_data/local/lib/python3.10/dist-packages:${PYTHONPATH} /usr/bin/cmake --build /home/ubuntu/ros2ws/build/irb120_ros2_moveit2 -- -j4 -l4
[1.404s] Invoking command in '/home/ubuntu/ros2ws/build/irb120_ros2_moveit2': AMENT_PREFIX_PATH=/home/ubuntu/ros2ws/install/ros2_data:${AMENT_PREFIX_PATH} CMAKE_PREFIX_PATH=/home/ubuntu/ros2ws/install/ros2_data:/home/ubuntu/ros2ws/install/turtlesim:/opt/ros/humble LD_LIBRARY_PATH=/home/ubuntu/ros2ws/install/ros2_data/lib:${LD_LIBRARY_PATH} PYTHONPATH=/home/ubuntu/ros2ws/install/ros2_data/local/lib/python3.10/dist-packages:${PYTHONPATH} /usr/bin/cmake --install /home/ubuntu/ros2ws/build/irb120_ros2_moveit2
[1.426s] -- Install configuration: ""
[1.426s] -- Installing: /home/ubuntu/ros2ws/install/irb120_ros2_moveit2/share/irb120_ros2_moveit2/config
[1.427s] -- Installing: /home/ubuntu/ros2ws/install/irb120_ros2_moveit2/share/irb120_ros2_moveit2/config/ompl_planning.yaml
[1.428s] -- Installing: /home/ubuntu/ros2ws/install/irb120_ros2_moveit2/share/irb120_ros2_moveit2/config/irb120egp64.srdf
[1.429s] -- Installing: /home/ubuntu/ros2ws/install/irb120_ros2_moveit2/share/irb120_ros2_moveit2/config/irb120_controllers.yaml
[1.429s] -- Installing: /home/ubuntu/ros2ws/install/irb120_ros2_moveit2/share/irb120_ros2_moveit2/config/irb120.srdf
[1.430s] -- Installing: /home/ubuntu/ros2ws/install/irb120_ros2_moveit2/share/irb120_ros2_moveit2/config/ompl_planning_egp64.yaml
[1.430s] -- Installing: /home/ubuntu/ros2ws/install/irb120_ros2_moveit2/share/irb120_ros2_moveit2/config/irb120egp64_controllers.yaml
[1.430s] -- Installing: /home/ubuntu/ros2ws/install/irb120_ros2_moveit2/share/irb120_ros2_moveit2/config/irb120_moveit2.rviz
[1.431s] -- Installing: /home/ubuntu/ros2ws/install/irb120_ros2_moveit2/share/irb120_ros2_moveit2/config/irb120egp64_moveit2.rviz
[1.431s] -- Installing: /home/ubuntu/ros2ws/install/irb120_ros2_moveit2/share/irb120_ros2_moveit2/config/kinematics.yaml
[1.431s] -- Installing: /home/ubuntu/ros2ws/install/irb120_ros2_moveit2/share/irb120_ros2_moveit2/launch
[1.432s] -- Installing: /home/ubuntu/ros2ws/install/irb120_ros2_moveit2/share/irb120_ros2_moveit2/launch/irb120.launch.py
[1.432s] -- Installing: /home/ubuntu/ros2ws/install/irb120_ros2_moveit2/share/irb120_ros2_moveit2/launch/irb120_interface.launch.py
[1.435s] -- Installing: /home/ubuntu/ros2ws/install/irb120_ros2_moveit2/share/ament_index/resource_index/package_run_dependencies/irb120_ros2_moveit2
[1.435s] -- Installing: /home/ubuntu/ros2ws/install/irb120_ros2_moveit2/share/ament_index/resource_index/parent_prefix_path/irb120_ros2_moveit2
[1.436s] -- Installing: /home/ubuntu/ros2ws/install/irb120_ros2_moveit2/share/irb120_ros2_moveit2/environment/ament_prefix_path.sh
[1.437s] -- Installing: /home/ubuntu/ros2ws/install/irb120_ros2_moveit2/share/irb120_ros2_moveit2/environment/ament_prefix_path.dsv
[1.437s] -- Installing: /home/ubuntu/ros2ws/install/irb120_ros2_moveit2/share/irb120_ros2_moveit2/environment/path.sh
[1.437s] -- Installing: /home/ubuntu/ros2ws/install/irb120_ros2_moveit2/share/irb120_ros2_moveit2/environment/path.dsv
[1.437s] -- Installing: /home/ubuntu/ros2ws/install/irb120_ros2_moveit2/share/irb120_ros2_moveit2/local_setup.bash
[1.438s] -- Installing: /home/ubuntu/ros2ws/install/irb120_ros2_moveit2/share/irb120_ros2_moveit2/local_setup.sh
[1.438s] -- Installing: /home/ubuntu/ros2ws/install/irb120_ros2_moveit2/share/irb120_ros2_moveit2/local_setup.zsh
[1.438s] -- Installing: /home/ubuntu/ros2ws/install/irb120_ros2_moveit2/share/irb120_ros2_moveit2/local_setup.dsv
[1.438s] -- Installing: /home/ubuntu/ros2ws/install/irb120_ros2_moveit2/share/irb120_ros2_moveit2/package.dsv
[1.438s] -- Installing: /home/ubuntu/ros2ws/install/irb120_ros2_moveit2/share/ament_index/resource_index/packages/irb120_ros2_moveit2
[1.438s] -- Installing: /home/ubuntu/ros2ws/install/irb120_ros2_moveit2/share/irb120_ros2_moveit2/cmake/irb120_ros2_moveit2Config.cmake
[1.439s] -- Installing: /home/ubuntu/ros2ws/install/irb120_ros2_moveit2/share/irb120_ros2_moveit2/cmake/irb120_ros2_moveit2Config-version.cmake
[1.439s] -- Installing: /home/ubuntu/ros2ws/install/irb120_ros2_moveit2/share/irb120_ros2_moveit2/package.xml
[1.443s] Invoked command in '/home/ubuntu/ros2ws/build/irb120_ros2_moveit2' returned '0': AMENT_PREFIX_PATH=/home/ubuntu/ros2ws/install/ros2_data:${AMENT_PREFIX_PATH} CMAKE_PREFIX_PATH=/home/ubuntu/ros2ws/install/ros2_data:/home/ubuntu/ros2ws/install/turtlesim:/opt/ros/humble LD_LIBRARY_PATH=/home/ubuntu/ros2ws/install/ros2_data/lib:${LD_LIBRARY_PATH} PYTHONPATH=/home/ubuntu/ros2ws/install/ros2_data/local/lib/python3.10/dist-packages:${PYTHONPATH} /usr/bin/cmake --install /home/ubuntu/ros2ws/build/irb120_ros2_moveit2
