[0.019s] Invoking command in '/home/ubuntu/ros2ws/build/abb_bringup': AMENT_PREFIX_PATH=/home/ubuntu/ros2ws/install/abb_irb1200_5_90_moveit_config:/home/ubuntu/ros2ws/install/abb_resources:/home/ubuntu/ros2ws/install/abb_irb1200_support:${AMENT_PREFIX_PATH} CMAKE_PREFIX_PATH=/home/ubuntu/ros2ws/install/abb_irb1200_5_90_moveit_config:/home/ubuntu/ros2ws/install/abb_resources:/home/ubuntu/ros2ws/install/abb_irb1200_support:/home/ubuntu/ros2ws/install/turtlesim:/opt/ros/humble /usr/bin/cmake /home/ubuntu/ros2ws/src/ABBDriver/abb_ros2/abb_bringup -DCMAKE_INSTALL_PREFIX=/home/ubuntu/ros2ws/install/abb_bringup
[0.146s] -- The C compiler identification is GNU 11.4.0
[0.257s] -- The CXX compiler identification is GNU 11.4.0
[0.271s] -- Detecting C compiler ABI info
[0.393s] -- Detecting C compiler ABI info - done
[0.405s] -- Check for working C compiler: /usr/bin/cc - skipped
[0.405s] -- Detecting C compile features
[0.406s] -- Detecting C compile features - done
[0.411s] -- Detecting CXX compiler ABI info
[0.559s] -- Detecting CXX compiler ABI info - done
[0.571s] -- Check for working CXX compiler: /usr/bin/c++ - skipped
[0.571s] -- Detecting CXX compile features
[0.572s] -- Detecting CXX compile features - done
[0.577s] -- Found ament_cmake: 1.3.10 (/opt/ros/humble/share/ament_cmake/cmake)
[0.825s] -- Found Python3: /usr/bin/python3 (found version "3.10.12") found components: Interpreter 
[0.983s] -- Found ament_cmake_gtest: 1.3.10 (/opt/ros/humble/share/ament_cmake_gtest/cmake)
[0.983s] -- Found ament_lint_auto: 0.12.11 (/opt/ros/humble/share/ament_lint_auto/cmake)
[0.987s] -- Found rclcpp: 16.0.10 (/opt/ros/humble/share/rclcpp/cmake)
[1.069s] -- Found rosidl_generator_c: 3.1.5 (/opt/ros/humble/share/rosidl_generator_c/cmake)
[1.078s] -- Found rosidl_adapter: 3.1.5 (/opt/ros/humble/share/rosidl_adapter/cmake)
[1.093s] -- Found rosidl_generator_cpp: 3.1.5 (/opt/ros/humble/share/rosidl_generator_cpp/cmake)
[1.112s] -- Using all available rosidl_typesupport_c: rosidl_typesupport_fastrtps_c;rosidl_typesupport_introspection_c
[1.139s] -- Using all available rosidl_typesupport_cpp: rosidl_typesupport_fastrtps_cpp;rosidl_typesupport_introspection_cpp
[1.225s] -- Found rmw_implementation_cmake: 6.1.2 (/opt/ros/humble/share/rmw_implementation_cmake/cmake)
[1.229s] -- Found rmw_cyclonedds_cpp: 1.3.4 (/opt/ros/humble/share/rmw_cyclonedds_cpp/cmake)
[1.279s] -- Using RMW implementation 'rmw_cyclonedds_cpp' as default
[1.300s] -- Looking for pthread.h
[1.430s] -- Looking for pthread.h - found
[1.430s] -- Performing Test CMAKE_HAVE_LIBC_PTHREAD
[1.556s] -- Performing Test CMAKE_HAVE_LIBC_PTHREAD - Success
[1.558s] -- Found Threads: TRUE  
[1.640s] -- Found ros_testing: 0.4.0 (/opt/ros/humble/share/ros_testing/cmake)
[1.642s] -- Found launch_testing_ament_cmake: 1.0.6 (/opt/ros/humble/share/launch_testing_ament_cmake/cmake)
[1.646s] -- Found python_cmake_module: 0.10.0 (/opt/ros/humble/share/python_cmake_module/cmake)
[1.678s] -- Found PythonInterp: /usr/bin/python3 (found suitable version "3.10.12", minimum required is "3.6") 
[1.684s] -- Found PythonLibs: /usr/lib/x86_64-linux-gnu/libpython3.10.so (found suitable version "3.10.12", minimum required is "3.5") 
[1.684s] -- Using PYTHON_EXECUTABLE: /usr/bin/python3
[1.684s] -- Using PYTHON_INCLUDE_DIRS: /usr/include/python3.10
[1.684s] -- Using PYTHON_LIBRARIES: /usr/lib/x86_64-linux-gnu/libpython3.10.so
[1.716s] -- Found PythonExtra: .so  
[1.718s] -- Found trajectory_msgs: 4.2.4 (/opt/ros/humble/share/trajectory_msgs/cmake)
[1.769s] -- Found gtest sources under '/opt/ros/humble/src/gtest_vendor': C++ tests using 'Google Test' will be built
[1.884s] -- Configuring done
[1.901s] -- Generating done
[1.903s] -- Build files have been written to: /home/ubuntu/ros2ws/build/abb_bringup
[1.921s] Invoked command in '/home/ubuntu/ros2ws/build/abb_bringup' returned '0': AMENT_PREFIX_PATH=/home/ubuntu/ros2ws/install/abb_irb1200_5_90_moveit_config:/home/ubuntu/ros2ws/install/abb_resources:/home/ubuntu/ros2ws/install/abb_irb1200_support:${AMENT_PREFIX_PATH} CMAKE_PREFIX_PATH=/home/ubuntu/ros2ws/install/abb_irb1200_5_90_moveit_config:/home/ubuntu/ros2ws/install/abb_resources:/home/ubuntu/ros2ws/install/abb_irb1200_support:/home/ubuntu/ros2ws/install/turtlesim:/opt/ros/humble /usr/bin/cmake /home/ubuntu/ros2ws/src/ABBDriver/abb_ros2/abb_bringup -DCMAKE_INSTALL_PREFIX=/home/ubuntu/ros2ws/install/abb_bringup
[1.923s] Invoking command in '/home/ubuntu/ros2ws/build/abb_bringup': AMENT_PREFIX_PATH=/home/ubuntu/ros2ws/install/abb_irb1200_5_90_moveit_config:/home/ubuntu/ros2ws/install/abb_resources:/home/ubuntu/ros2ws/install/abb_irb1200_support:${AMENT_PREFIX_PATH} CMAKE_PREFIX_PATH=/home/ubuntu/ros2ws/install/abb_irb1200_5_90_moveit_config:/home/ubuntu/ros2ws/install/abb_resources:/home/ubuntu/ros2ws/install/abb_irb1200_support:/home/ubuntu/ros2ws/install/turtlesim:/opt/ros/humble /usr/bin/cmake --build /home/ubuntu/ros2ws/build/abb_bringup -- -j4 -l4
[2.002s] [ 16%] [32mBuilding CXX object gtest/CMakeFiles/gtest_main.dir/src/gtest_main.cc.o[0m
[3.549s] [ 33%] [32m[1mLinking CXX static library libgtest_main.a[0m
[3.658s] [ 33%] Built target gtest_main
[3.695s] [ 50%] [32mBuilding CXX object gtest/CMakeFiles/gtest.dir/src/gtest-all.cc.o[0m
[8.783s] [ 66%] [32m[1mLinking CXX static library libgtest.a[0m
[8.948s] [ 66%] Built target gtest
[8.982s] [ 83%] [32mBuilding CXX object CMakeFiles/test_command_topics.dir/test/test_command_topics.cpp.o[0m
[14.919s] [100%] [32m[1mLinking CXX executable test_command_topics[0m
[15.240s] [100%] Built target test_command_topics
[15.260s] Invoked command in '/home/ubuntu/ros2ws/build/abb_bringup' returned '0': AMENT_PREFIX_PATH=/home/ubuntu/ros2ws/install/abb_irb1200_5_90_moveit_config:/home/ubuntu/ros2ws/install/abb_resources:/home/ubuntu/ros2ws/install/abb_irb1200_support:${AMENT_PREFIX_PATH} CMAKE_PREFIX_PATH=/home/ubuntu/ros2ws/install/abb_irb1200_5_90_moveit_config:/home/ubuntu/ros2ws/install/abb_resources:/home/ubuntu/ros2ws/install/abb_irb1200_support:/home/ubuntu/ros2ws/install/turtlesim:/opt/ros/humble /usr/bin/cmake --build /home/ubuntu/ros2ws/build/abb_bringup -- -j4 -l4
[15.313s] Invoking command in '/home/ubuntu/ros2ws/build/abb_bringup': AMENT_PREFIX_PATH=/home/ubuntu/ros2ws/install/abb_irb1200_5_90_moveit_config:/home/ubuntu/ros2ws/install/abb_resources:/home/ubuntu/ros2ws/install/abb_irb1200_support:${AMENT_PREFIX_PATH} CMAKE_PREFIX_PATH=/home/ubuntu/ros2ws/install/abb_irb1200_5_90_moveit_config:/home/ubuntu/ros2ws/install/abb_resources:/home/ubuntu/ros2ws/install/abb_irb1200_support:/home/ubuntu/ros2ws/install/turtlesim:/opt/ros/humble /usr/bin/cmake --install /home/ubuntu/ros2ws/build/abb_bringup
[15.327s] -- Install configuration: ""
[15.328s] -- Installing: /home/ubuntu/ros2ws/install/abb_bringup/share/abb_bringup/config
[15.329s] -- Installing: /home/ubuntu/ros2ws/install/abb_bringup/share/abb_bringup/config/abb_controllers.yaml
[15.329s] -- Installing: /home/ubuntu/ros2ws/install/abb_bringup/share/abb_bringup/launch
[15.330s] -- Installing: /home/ubuntu/ros2ws/install/abb_bringup/share/abb_bringup/launch/abb_rws_client.launch.py
[15.331s] -- Installing: /home/ubuntu/ros2ws/install/abb_bringup/share/abb_bringup/launch/abb_moveit.launch.py
[15.332s] -- Installing: /home/ubuntu/ros2ws/install/abb_bringup/share/abb_bringup/launch/abb_control.launch.py
[15.332s] -- Installing: /home/ubuntu/ros2ws/install/abb_bringup/share/ament_index/resource_index/package_run_dependencies/abb_bringup
[15.333s] -- Installing: /home/ubuntu/ros2ws/install/abb_bringup/share/ament_index/resource_index/parent_prefix_path/abb_bringup
[15.334s] -- Installing: /home/ubuntu/ros2ws/install/abb_bringup/share/abb_bringup/environment/ament_prefix_path.sh
[15.334s] -- Installing: /home/ubuntu/ros2ws/install/abb_bringup/share/abb_bringup/environment/ament_prefix_path.dsv
[15.334s] -- Installing: /home/ubuntu/ros2ws/install/abb_bringup/share/abb_bringup/environment/path.sh
[15.335s] -- Installing: /home/ubuntu/ros2ws/install/abb_bringup/share/abb_bringup/environment/path.dsv
[15.335s] -- Installing: /home/ubuntu/ros2ws/install/abb_bringup/share/abb_bringup/local_setup.bash
[15.336s] -- Installing: /home/ubuntu/ros2ws/install/abb_bringup/share/abb_bringup/local_setup.sh
[15.336s] -- Installing: /home/ubuntu/ros2ws/install/abb_bringup/share/abb_bringup/local_setup.zsh
[15.337s] -- Installing: /home/ubuntu/ros2ws/install/abb_bringup/share/abb_bringup/local_setup.dsv
[15.337s] -- Installing: /home/ubuntu/ros2ws/install/abb_bringup/share/abb_bringup/package.dsv
[15.338s] -- Installing: /home/ubuntu/ros2ws/install/abb_bringup/share/ament_index/resource_index/packages/abb_bringup
[15.339s] -- Installing: /home/ubuntu/ros2ws/install/abb_bringup/share/abb_bringup/cmake/ament_cmake_export_dependencies-extras.cmake
[15.339s] -- Installing: /home/ubuntu/ros2ws/install/abb_bringup/share/abb_bringup/cmake/abb_bringupConfig.cmake
[15.341s] -- Installing: /home/ubuntu/ros2ws/install/abb_bringup/share/abb_bringup/cmake/abb_bringupConfig-version.cmake
[15.341s] -- Installing: /home/ubuntu/ros2ws/install/abb_bringup/share/abb_bringup/package.xml
[15.344s] Invoked command in '/home/ubuntu/ros2ws/build/abb_bringup' returned '0': AMENT_PREFIX_PATH=/home/ubuntu/ros2ws/install/abb_irb1200_5_90_moveit_config:/home/ubuntu/ros2ws/install/abb_resources:/home/ubuntu/ros2ws/install/abb_irb1200_support:${AMENT_PREFIX_PATH} CMAKE_PREFIX_PATH=/home/ubuntu/ros2ws/install/abb_irb1200_5_90_moveit_config:/home/ubuntu/ros2ws/install/abb_resources:/home/ubuntu/ros2ws/install/abb_irb1200_support:/home/ubuntu/ros2ws/install/turtlesim:/opt/ros/humble /usr/bin/cmake --install /home/ubuntu/ros2ws/build/abb_bringup
