[0.070s] Invoking command in '/home/ubuntu/ros2ws/build/letter_writer': CMAKE_PREFIX_PATH=${CMAKE_PREFIX_PATH}:/home/ubuntu/ros2ws/install/testV1:/home/ubuntu/ros2ws/install/gui_subscriber:/home/ubuntu/ros2ws/install/moveit_configs_utils:/home/ubuntu/ros2ws/install/robot_letter_writer:/home/ubuntu/ros2ws/install/launch_param_builder:/opt/ros/humble /usr/bin/cmake --build /home/ubuntu/ros2ws/build/letter_writer -- -j4 -l4
[0.286s] [100%] Built target letter_input_node
[0.313s] Invoked command in '/home/ubuntu/ros2ws/build/letter_writer' returned '0': CMAKE_PREFIX_PATH=${CMAKE_PREFIX_PATH}:/home/ubuntu/ros2ws/install/testV1:/home/ubuntu/ros2ws/install/gui_subscriber:/home/ubuntu/ros2ws/install/moveit_configs_utils:/home/ubuntu/ros2ws/install/robot_letter_writer:/home/ubuntu/ros2ws/install/launch_param_builder:/opt/ros/humble /usr/bin/cmake --build /home/ubuntu/ros2ws/build/letter_writer -- -j4 -l4
[0.916s] Invoking command in '/home/ubuntu/ros2ws/build/letter_writer': CMAKE_PREFIX_PATH=${CMAKE_PREFIX_PATH}:/home/ubuntu/ros2ws/install/testV1:/home/ubuntu/ros2ws/install/gui_subscriber:/home/ubuntu/ros2ws/install/moveit_configs_utils:/home/ubuntu/ros2ws/install/robot_letter_writer:/home/ubuntu/ros2ws/install/launch_param_builder:/opt/ros/humble /usr/bin/cmake --install /home/ubuntu/ros2ws/build/letter_writer
[0.949s] -- Install configuration: ""
[0.974s] -- Up-to-date: /home/ubuntu/ros2ws/install/letter_writer/lib/letter_writer/letter_input_node
[0.975s] -- Up-to-date: /home/ubuntu/ros2ws/install/letter_writer/share/ament_index/resource_index/package_run_dependencies/letter_writer
[0.975s] -- Up-to-date: /home/ubuntu/ros2ws/install/letter_writer/share/ament_index/resource_index/parent_prefix_path/letter_writer
[0.975s] -- Up-to-date: /home/ubuntu/ros2ws/install/letter_writer/share/letter_writer/environment/ament_prefix_path.sh
[0.975s] -- Up-to-date: /home/ubuntu/ros2ws/install/letter_writer/share/letter_writer/environment/ament_prefix_path.dsv
[0.975s] -- Up-to-date: /home/ubuntu/ros2ws/install/letter_writer/share/letter_writer/environment/path.sh
[0.975s] -- Up-to-date: /home/ubuntu/ros2ws/install/letter_writer/share/letter_writer/environment/path.dsv
[0.975s] -- Up-to-date: /home/ubuntu/ros2ws/install/letter_writer/share/letter_writer/local_setup.bash
[0.976s] -- Up-to-date: /home/ubuntu/ros2ws/install/letter_writer/share/letter_writer/local_setup.sh
[0.976s] -- Up-to-date: /home/ubuntu/ros2ws/install/letter_writer/share/letter_writer/local_setup.zsh
[0.976s] -- Up-to-date: /home/ubuntu/ros2ws/install/letter_writer/share/letter_writer/local_setup.dsv
[0.976s] -- Installing: /home/ubuntu/ros2ws/install/letter_writer/share/letter_writer/package.dsv
[0.993s] -- Up-to-date: /home/ubuntu/ros2ws/install/letter_writer/share/ament_index/resource_index/packages/letter_writer
[0.993s] -- Up-to-date: /home/ubuntu/ros2ws/install/letter_writer/share/letter_writer/cmake/letter_writerConfig.cmake
[0.993s] -- Up-to-date: /home/ubuntu/ros2ws/install/letter_writer/share/letter_writer/cmake/letter_writerConfig-version.cmake
[0.993s] -- Up-to-date: /home/ubuntu/ros2ws/install/letter_writer/share/letter_writer/package.xml
[0.996s] Invoked command in '/home/ubuntu/ros2ws/build/letter_writer' returned '0': CMAKE_PREFIX_PATH=${CMAKE_PREFIX_PATH}:/home/ubuntu/ros2ws/install/testV1:/home/ubuntu/ros2ws/install/gui_subscriber:/home/ubuntu/ros2ws/install/moveit_configs_utils:/home/ubuntu/ros2ws/install/robot_letter_writer:/home/ubuntu/ros2ws/install/launch_param_builder:/opt/ros/humble /usr/bin/cmake --install /home/ubuntu/ros2ws/build/letter_writer
