[0.034s] Invoking command in '/home/ubuntu/ros2ws/build/ros2srrc_ur5_moveit2': CMAKE_PREFIX_PATH=${CMAKE_PREFIX_PATH}:/opt/ros/humble /usr/bin/cmake /home/ubuntu/ros2ws/src/ros2_SimRealRobotControl/packages/ur5/ros2srrc_ur5_moveit2 -DAMENT_CMAKE_SYMLINK_INSTALL=1 -DCMAKE_INSTALL_PREFIX=/home/ubuntu/ros2ws/install/ros2srrc_ur5_moveit2
[0.073s] -- Found ament_cmake: 1.3.10 (/opt/ros/humble/share/ament_cmake/cmake)
[0.334s] -- Override CMake install command with custom implementation using symlinks instead of copying resources
[0.350s] -- Found ament_lint_auto: 0.12.11 (/opt/ros/humble/share/ament_lint_auto/cmake)
[0.500s] -- Added test 'copyright' to check source files copyright and LICENSE
[0.504s] -- Added test 'lint_cmake' to check CMake code style
[0.505s] -- Added test 'xmllint' to check XML markup files
[0.511s] -- Configuring done
[0.521s] -- Generating done
[0.525s] -- Build files have been written to: /home/ubuntu/ros2ws/build/ros2srrc_ur5_moveit2
[0.529s] Invoked command in '/home/ubuntu/ros2ws/build/ros2srrc_ur5_moveit2' returned '0': CMAKE_PREFIX_PATH=${CMAKE_PREFIX_PATH}:/opt/ros/humble /usr/bin/cmake /home/ubuntu/ros2ws/src/ros2_SimRealRobotControl/packages/ur5/ros2srrc_ur5_moveit2 -DAMENT_CMAKE_SYMLINK_INSTALL=1 -DCMAKE_INSTALL_PREFIX=/home/ubuntu/ros2ws/install/ros2srrc_ur5_moveit2
[0.535s] Invoking command in '/home/ubuntu/ros2ws/build/ros2srrc_ur5_moveit2': CMAKE_PREFIX_PATH=${CMAKE_PREFIX_PATH}:/opt/ros/humble /usr/bin/cmake --build /home/ubuntu/ros2ws/build/ros2srrc_ur5_moveit2 -- -j4 -l4
[0.637s] Invoked command in '/home/ubuntu/ros2ws/build/ros2srrc_ur5_moveit2' returned '0': CMAKE_PREFIX_PATH=${CMAKE_PREFIX_PATH}:/opt/ros/humble /usr/bin/cmake --build /home/ubuntu/ros2ws/build/ros2srrc_ur5_moveit2 -- -j4 -l4
[0.718s] Invoking command in '/home/ubuntu/ros2ws/build/ros2srrc_ur5_moveit2': CMAKE_PREFIX_PATH=${CMAKE_PREFIX_PATH}:/opt/ros/humble /usr/bin/cmake --install /home/ubuntu/ros2ws/build/ros2srrc_ur5_moveit2
[0.733s] -- Install configuration: ""
[0.733s] -- Execute custom install script
[0.735s] -- Up-to-date symlink: /home/ubuntu/ros2ws/install/ros2srrc_ur5_moveit2/share/ros2srrc_ur5_moveit2/config/ur5.srdf
[0.735s] -- Up-to-date symlink: /home/ubuntu/ros2ws/install/ros2srrc_ur5_moveit2/share/ros2srrc_ur5_moveit2/config/ur5_moveit2.rviz
[0.736s] -- Up-to-date symlink: /home/ubuntu/ros2ws/install/ros2srrc_ur5_moveit2/share/ros2srrc_ur5_moveit2/config/ur5robotiq_2f85.srdf
[0.742s] -- Up-to-date symlink: /home/ubuntu/ros2ws/install/ros2srrc_ur5_moveit2/share/ros2srrc_ur5_moveit2/config/ur5robotiq_2f85_moveit2.rviz
[0.742s] -- Up-to-date symlink: /home/ubuntu/ros2ws/install/ros2srrc_ur5_moveit2/share/ros2srrc_ur5_moveit2/config/ur5robotiq_hande.srdf
[0.742s] -- Up-to-date symlink: /home/ubuntu/ros2ws/install/ros2srrc_ur5_moveit2/share/ros2srrc_ur5_moveit2/config/ur5robotiq_hande_moveit2.rviz
[0.742s] -- Up-to-date symlink: /home/ubuntu/ros2ws/install/ros2srrc_ur5_moveit2/share/ament_index/resource_index/package_run_dependencies/ros2srrc_ur5_moveit2
[0.742s] -- Up-to-date symlink: /home/ubuntu/ros2ws/install/ros2srrc_ur5_moveit2/share/ament_index/resource_index/parent_prefix_path/ros2srrc_ur5_moveit2
[0.742s] -- Up-to-date symlink: /home/ubuntu/ros2ws/install/ros2srrc_ur5_moveit2/share/ros2srrc_ur5_moveit2/environment/ament_prefix_path.sh
[0.745s] -- Up-to-date symlink: /home/ubuntu/ros2ws/install/ros2srrc_ur5_moveit2/share/ros2srrc_ur5_moveit2/environment/ament_prefix_path.dsv
[0.746s] -- Up-to-date symlink: /home/ubuntu/ros2ws/install/ros2srrc_ur5_moveit2/share/ros2srrc_ur5_moveit2/environment/path.sh
[0.746s] -- Up-to-date symlink: /home/ubuntu/ros2ws/install/ros2srrc_ur5_moveit2/share/ros2srrc_ur5_moveit2/environment/path.dsv
[0.747s] -- Up-to-date symlink: /home/ubuntu/ros2ws/install/ros2srrc_ur5_moveit2/share/ros2srrc_ur5_moveit2/local_setup.bash
[0.748s] -- Up-to-date symlink: /home/ubuntu/ros2ws/install/ros2srrc_ur5_moveit2/share/ros2srrc_ur5_moveit2/local_setup.sh
[0.748s] -- Up-to-date symlink: /home/ubuntu/ros2ws/install/ros2srrc_ur5_moveit2/share/ros2srrc_ur5_moveit2/local_setup.zsh
[0.751s] -- Up-to-date symlink: /home/ubuntu/ros2ws/install/ros2srrc_ur5_moveit2/share/ros2srrc_ur5_moveit2/local_setup.dsv
[0.751s] -- Symlinking: /home/ubuntu/ros2ws/install/ros2srrc_ur5_moveit2/share/ros2srrc_ur5_moveit2/package.dsv
[0.779s] -- Up-to-date symlink: /home/ubuntu/ros2ws/install/ros2srrc_ur5_moveit2/share/ament_index/resource_index/packages/ros2srrc_ur5_moveit2
[0.779s] -- Up-to-date symlink: /home/ubuntu/ros2ws/install/ros2srrc_ur5_moveit2/share/ros2srrc_ur5_moveit2/cmake/ros2srrc_ur5_moveit2Config.cmake
[0.780s] -- Up-to-date symlink: /home/ubuntu/ros2ws/install/ros2srrc_ur5_moveit2/share/ros2srrc_ur5_moveit2/cmake/ros2srrc_ur5_moveit2Config-version.cmake
[0.782s] -- Up-to-date symlink: /home/ubuntu/ros2ws/install/ros2srrc_ur5_moveit2/share/ros2srrc_ur5_moveit2/package.xml
[0.787s] Invoked command in '/home/ubuntu/ros2ws/build/ros2srrc_ur5_moveit2' returned '0': CMAKE_PREFIX_PATH=${CMAKE_PREFIX_PATH}:/opt/ros/humble /usr/bin/cmake --install /home/ubuntu/ros2ws/build/ros2srrc_ur5_moveit2
