[0.015s] Invoking command in '/home/ubuntu/ros2ws/build/abb_irb1200_5_90_moveit_config': AMENT_PREFIX_PATH=/home/ubuntu/ros2ws/install/abb_irb1200_support:${AMENT_PREFIX_PATH} CMAKE_PREFIX_PATH=/home/ubuntu/ros2ws/install/abb_irb1200_support:/home/ubuntu/ros2ws/install/turtlesim:/opt/ros/humble /usr/bin/cmake --build /home/ubuntu/ros2ws/build/abb_irb1200_5_90_moveit_config -- -j4 -l4
[0.072s] Invoked command in '/home/ubuntu/ros2ws/build/abb_irb1200_5_90_moveit_config' returned '0': AMENT_PREFIX_PATH=/home/ubuntu/ros2ws/install/abb_irb1200_support:${AMENT_PREFIX_PATH} CMAKE_PREFIX_PATH=/home/ubuntu/ros2ws/install/abb_irb1200_support:/home/ubuntu/ros2ws/install/turtlesim:/opt/ros/humble /usr/bin/cmake --build /home/ubuntu/ros2ws/build/abb_irb1200_5_90_moveit_config -- -j4 -l4
[0.105s] Invoking command in '/home/ubuntu/ros2ws/build/abb_irb1200_5_90_moveit_config': AMENT_PREFIX_PATH=/home/ubuntu/ros2ws/install/abb_irb1200_support:${AMENT_PREFIX_PATH} CMAKE_PREFIX_PATH=/home/ubuntu/ros2ws/install/abb_irb1200_support:/home/ubuntu/ros2ws/install/turtlesim:/opt/ros/humble /usr/bin/cmake --install /home/ubuntu/ros2ws/build/abb_irb1200_5_90_moveit_config
[0.116s] -- Install configuration: ""
[0.117s] -- Up-to-date: /home/ubuntu/ros2ws/install/abb_irb1200_5_90_moveit_config/share/ament_index/resource_index/package_run_dependencies/abb_irb1200_5_90_moveit_config
[0.117s] -- Up-to-date: /home/ubuntu/ros2ws/install/abb_irb1200_5_90_moveit_config/share/ament_index/resource_index/parent_prefix_path/abb_irb1200_5_90_moveit_config
[0.118s] -- Up-to-date: /home/ubuntu/ros2ws/install/abb_irb1200_5_90_moveit_config/share/abb_irb1200_5_90_moveit_config/environment/ament_prefix_path.sh
[0.118s] -- Up-to-date: /home/ubuntu/ros2ws/install/abb_irb1200_5_90_moveit_config/share/abb_irb1200_5_90_moveit_config/environment/ament_prefix_path.dsv
[0.119s] -- Up-to-date: /home/ubuntu/ros2ws/install/abb_irb1200_5_90_moveit_config/share/abb_irb1200_5_90_moveit_config/environment/path.sh
[0.119s] -- Up-to-date: /home/ubuntu/ros2ws/install/abb_irb1200_5_90_moveit_config/share/abb_irb1200_5_90_moveit_config/environment/path.dsv
[0.120s] -- Up-to-date: /home/ubuntu/ros2ws/install/abb_irb1200_5_90_moveit_config/share/abb_irb1200_5_90_moveit_config/local_setup.bash
[0.120s] -- Up-to-date: /home/ubuntu/ros2ws/install/abb_irb1200_5_90_moveit_config/share/abb_irb1200_5_90_moveit_config/local_setup.sh
[0.122s] -- Up-to-date: /home/ubuntu/ros2ws/install/abb_irb1200_5_90_moveit_config/share/abb_irb1200_5_90_moveit_config/local_setup.zsh
[0.124s] -- Up-to-date: /home/ubuntu/ros2ws/install/abb_irb1200_5_90_moveit_config/share/abb_irb1200_5_90_moveit_config/local_setup.dsv
[0.124s] -- Installing: /home/ubuntu/ros2ws/install/abb_irb1200_5_90_moveit_config/share/abb_irb1200_5_90_moveit_config/package.dsv
[0.124s] -- Up-to-date: /home/ubuntu/ros2ws/install/abb_irb1200_5_90_moveit_config/share/ament_index/resource_index/packages/abb_irb1200_5_90_moveit_config
[0.124s] -- Up-to-date: /home/ubuntu/ros2ws/install/abb_irb1200_5_90_moveit_config/share/abb_irb1200_5_90_moveit_config/cmake/abb_irb1200_5_90_moveit_configConfig.cmake
[0.124s] -- Up-to-date: /home/ubuntu/ros2ws/install/abb_irb1200_5_90_moveit_config/share/abb_irb1200_5_90_moveit_config/cmake/abb_irb1200_5_90_moveit_configConfig-version.cmake
[0.125s] -- Up-to-date: /home/ubuntu/ros2ws/install/abb_irb1200_5_90_moveit_config/share/abb_irb1200_5_90_moveit_config/package.xml
[0.126s] -- Up-to-date: /home/ubuntu/ros2ws/install/abb_irb1200_5_90_moveit_config/share/abb_irb1200_5_90_moveit_config/config
[0.126s] -- Up-to-date: /home/ubuntu/ros2ws/install/abb_irb1200_5_90_moveit_config/share/abb_irb1200_5_90_moveit_config/config/abb_irb1200_5_90_macro.srdf.xacro
[0.126s] -- Up-to-date: /home/ubuntu/ros2ws/install/abb_irb1200_5_90_moveit_config/share/abb_irb1200_5_90_moveit_config/config/moveit_controllers.yaml
[0.126s] -- Up-to-date: /home/ubuntu/ros2ws/install/abb_irb1200_5_90_moveit_config/share/abb_irb1200_5_90_moveit_config/config/abb_irb1200_5_90.srdf.xacro
[0.126s] -- Up-to-date: /home/ubuntu/ros2ws/install/abb_irb1200_5_90_moveit_config/share/abb_irb1200_5_90_moveit_config/config/ompl_planning.yaml
[0.126s] -- Up-to-date: /home/ubuntu/ros2ws/install/abb_irb1200_5_90_moveit_config/share/abb_irb1200_5_90_moveit_config/config/joint_limits.yaml
[0.126s] -- Up-to-date: /home/ubuntu/ros2ws/install/abb_irb1200_5_90_moveit_config/share/abb_irb1200_5_90_moveit_config/config/pilz_cartesian_limits.yaml
[0.126s] -- Up-to-date: /home/ubuntu/ros2ws/install/abb_irb1200_5_90_moveit_config/share/abb_irb1200_5_90_moveit_config/config/kinematics.yaml
[0.127s] -- Up-to-date: /home/ubuntu/ros2ws/install/abb_irb1200_5_90_moveit_config/share/abb_irb1200_5_90_moveit_config/rviz
[0.127s] -- Up-to-date: /home/ubuntu/ros2ws/install/abb_irb1200_5_90_moveit_config/share/abb_irb1200_5_90_moveit_config/rviz/moveit.rviz
[0.127s] Invoked command in '/home/ubuntu/ros2ws/build/abb_irb1200_5_90_moveit_config' returned '0': AMENT_PREFIX_PATH=/home/ubuntu/ros2ws/install/abb_irb1200_support:${AMENT_PREFIX_PATH} CMAKE_PREFIX_PATH=/home/ubuntu/ros2ws/install/abb_irb1200_support:/home/ubuntu/ros2ws/install/turtlesim:/opt/ros/humble /usr/bin/cmake --install /home/ubuntu/ros2ws/build/abb_irb1200_5_90_moveit_config
