[0.022s] Invoking command in '/home/ubuntu/ros2ws/build/objectpose_msgs': CMAKE_PREFIX_PATH=${CMAKE_PREFIX_PATH}:/opt/ros/humble /usr/bin/cmake /home/ubuntu/ros2ws/src/IFRA_ObjectPose/objectpose_msgs -DCMAKE_INSTALL_PREFIX=/home/ubuntu/ros2ws/install/objectpose_msgs
[0.114s] -- The C compiler identification is GNU 11.4.0
[0.213s] -- The CXX compiler identification is GNU 11.4.0
[0.226s] -- Detecting C compiler ABI info
[0.364s] -- Detecting C compiler ABI info - done
[0.373s] -- Check for working C compiler: /usr/bin/cc - skipped
[0.374s] -- Detecting C compile features
[0.374s] -- Detecting C compile features - done
[0.378s] -- Detecting CXX compiler ABI info
[0.526s] -- Detecting CXX compiler ABI info - done
[0.534s] -- Check for working CXX compiler: /usr/bin/c++ - skipped
[0.535s] -- Detecting CXX compile features
[0.535s] -- Detecting CXX compile features - done
[0.554s] -- Found ament_cmake: 1.3.10 (/opt/ros/humble/share/ament_cmake/cmake)
[0.798s] -- Found Python3: /usr/bin/python3 (found version "3.10.12") found components: Interpreter 
[1.041s] -- Found ament_lint_auto: 0.12.11 (/opt/ros/humble/share/ament_lint_auto/cmake)
[1.279s] -- Found rosidl_default_generators: 1.2.0 (/opt/ros/humble/share/rosidl_default_generators/cmake)
[1.302s] -- Using all available rosidl_typesupport_c: rosidl_typesupport_fastrtps_c;rosidl_typesupport_introspection_c
[1.333s] -- Found rosidl_adapter: 3.1.5 (/opt/ros/humble/share/rosidl_adapter/cmake)
[1.475s] -- Using all available rosidl_typesupport_cpp: rosidl_typesupport_fastrtps_cpp;rosidl_typesupport_introspection_cpp
[1.988s] -- Found ament_cmake_ros: 0.10.0 (/opt/ros/humble/share/ament_cmake_ros/cmake)
[2.350s] -- Using all available rosidl_typesupport_c: rosidl_typesupport_fastrtps_c;rosidl_typesupport_introspection_c
[2.758s] -- Using all available rosidl_typesupport_cpp: rosidl_typesupport_fastrtps_cpp;rosidl_typesupport_introspection_cpp
[2.804s] -- Found PythonInterp: /usr/bin/python3 (found suitable version "3.10.12", minimum required is "3.6") 
[2.817s] -- Found python_cmake_module: 0.10.0 (/opt/ros/humble/share/python_cmake_module/cmake)
[2.898s] -- Found PythonLibs: /usr/lib/x86_64-linux-gnu/libpython3.10.so (found suitable version "3.10.12", minimum required is "3.5") 
[2.901s] -- Using PYTHON_EXECUTABLE: /usr/bin/python3
[2.901s] -- Using PYTHON_INCLUDE_DIRS: /usr/include/python3.10
[2.901s] -- Using PYTHON_LIBRARIES: /usr/lib/x86_64-linux-gnu/libpython3.10.so
[2.957s] -- Found PythonExtra: .so  
[3.094s] -- Added test 'copyright' to check source files copyright and LICENSE
[3.094s] -- Added test 'lint_cmake' to check CMake code style
[3.097s] -- Added test 'xmllint' to check XML markup files
[3.105s] -- Configuring done
[3.141s] -- Generating done
[3.145s] -- Build files have been written to: /home/ubuntu/ros2ws/build/objectpose_msgs
[3.153s] Invoked command in '/home/ubuntu/ros2ws/build/objectpose_msgs' returned '0': CMAKE_PREFIX_PATH=${CMAKE_PREFIX_PATH}:/opt/ros/humble /usr/bin/cmake /home/ubuntu/ros2ws/src/IFRA_ObjectPose/objectpose_msgs -DCMAKE_INSTALL_PREFIX=/home/ubuntu/ros2ws/install/objectpose_msgs
[3.157s] Invoking command in '/home/ubuntu/ros2ws/build/objectpose_msgs': CMAKE_PREFIX_PATH=${CMAKE_PREFIX_PATH}:/opt/ros/humble /usr/bin/cmake --build /home/ubuntu/ros2ws/build/objectpose_msgs -- -j4 -l4
[3.228s] [  3%] [34m[1mGenerating C code for ROS interfaces[0m
[3.247s] [  6%] [34m[1mGenerating C++ code for ROS interfaces[0m
[3.658s] [  6%] Built target objectpose_msgs__cpp
[3.673s] [  9%] [32mBuilding C object CMakeFiles/objectpose_msgs__rosidl_generator_c.dir/rosidl_generator_c/objectpose_msgs/msg/detail/object_pose__functions.c.o[0m
[3.710s] [  9%] Built target ament_cmake_python_copy_objectpose_msgs
[3.724s] [ 12%] [34m[1mGenerating C++ type support for eProsima Fast-RTPS[0m
[3.753s] [ 16%] [32m[1mLinking C shared library libobjectpose_msgs__rosidl_generator_c.so[0m
[3.841s] [ 16%] Built target objectpose_msgs__rosidl_generator_c
[3.856s] [ 19%] [34m[1mGenerating C++ introspection for ROS interfaces[0m
[4.178s] [ 22%] [32mBuilding CXX object CMakeFiles/objectpose_msgs__rosidl_typesupport_fastrtps_cpp.dir/rosidl_typesupport_fastrtps_cpp/objectpose_msgs/msg/detail/dds_fastrtps/object_pose__type_support.cpp.o[0m
[4.260s] [ 25%] [32mBuilding CXX object CMakeFiles/objectpose_msgs__rosidl_typesupport_introspection_cpp.dir/rosidl_typesupport_introspection_cpp/objectpose_msgs/msg/detail/object_pose__type_support.cpp.o[0m
[4.933s] [ 29%] [32m[1mLinking CXX shared library libobjectpose_msgs__rosidl_typesupport_introspection_cpp.so[0m
[4.957s] [ 32%] [32m[1mLinking CXX shared library libobjectpose_msgs__rosidl_typesupport_fastrtps_cpp.so[0m
[5.100s] [ 32%] Built target objectpose_msgs__rosidl_typesupport_introspection_cpp
[5.136s] [ 32%] Built target objectpose_msgs__rosidl_typesupport_fastrtps_cpp
[5.159s] [ 35%] [34m[1mGenerating C type support for eProsima Fast-RTPS[0m
[5.497s] running egg_info
[5.498s] creating objectpose_msgs.egg-info
[5.498s] writing objectpose_msgs.egg-info/PKG-INFO
[5.498s] writing dependency_links to objectpose_msgs.egg-info/dependency_links.txt
[5.498s] writing top-level names to objectpose_msgs.egg-info/top_level.txt
[5.498s] writing manifest file 'objectpose_msgs.egg-info/SOURCES.txt'
[5.501s] reading manifest file 'objectpose_msgs.egg-info/SOURCES.txt'
[5.501s] writing manifest file 'objectpose_msgs.egg-info/SOURCES.txt'
[5.571s] [ 35%] Built target ament_cmake_python_build_objectpose_msgs_egg
[5.586s] [ 38%] [34m[1mGenerating C introspection for ROS interfaces[0m
[5.626s] [ 41%] [34m[1mGenerating C++ type support dispatch for ROS interfaces[0m
[5.660s] [ 45%] [32mBuilding CXX object CMakeFiles/objectpose_msgs__rosidl_typesupport_fastrtps_c.dir/rosidl_typesupport_fastrtps_c/objectpose_msgs/msg/detail/object_pose__type_support_c.cpp.o[0m
[6.392s] [ 48%] [32mBuilding CXX object CMakeFiles/objectpose_msgs__rosidl_typesupport_cpp.dir/rosidl_typesupport_cpp/objectpose_msgs/msg/object_pose__type_support.cpp.o[0m
[6.646s] [ 51%] [32mBuilding C object CMakeFiles/objectpose_msgs__rosidl_typesupport_introspection_c.dir/rosidl_typesupport_introspection_c/objectpose_msgs/msg/detail/object_pose__type_support.c.o[0m
[6.797s] [ 54%] [32m[1mLinking C shared library libobjectpose_msgs__rosidl_typesupport_introspection_c.so[0m
[6.806s] [ 58%] [32m[1mLinking CXX shared library libobjectpose_msgs__rosidl_typesupport_fastrtps_c.so[0m
[6.933s] [ 58%] Built target objectpose_msgs__rosidl_typesupport_introspection_c
[6.986s] [ 61%] [34m[1mGenerating C type support dispatch for ROS interfaces[0m
[7.136s] [ 61%] Built target objectpose_msgs__rosidl_typesupport_fastrtps_c
[7.223s] [ 64%] [32m[1mLinking CXX shared library libobjectpose_msgs__rosidl_typesupport_cpp.so[0m
[7.335s] [ 64%] Built target objectpose_msgs__rosidl_typesupport_cpp
[7.598s] [ 67%] [32mBuilding CXX object CMakeFiles/objectpose_msgs__rosidl_typesupport_c.dir/rosidl_typesupport_c/objectpose_msgs/msg/object_pose__type_support.cpp.o[0m
[7.661s] [ 70%] [32m[1mLinking CXX shared library libobjectpose_msgs__rosidl_typesupport_c.so[0m
[7.786s] [ 70%] Built target objectpose_msgs__rosidl_typesupport_c
[7.822s] [ 70%] Built target objectpose_msgs
[7.873s] [ 74%] [34m[1mGenerating Python code for ROS interfaces[0m
[8.521s] [ 74%] Built target objectpose_msgs__py
[8.595s] [ 77%] [32mBuilding C object CMakeFiles/objectpose_msgs__rosidl_generator_py.dir/rosidl_generator_py/objectpose_msgs/msg/_object_pose_s.c.o[0m
[8.824s] [ 80%] [32m[1mLinking C shared library rosidl_generator_py/objectpose_msgs/libobjectpose_msgs__rosidl_generator_py.so[0m
[8.914s] [ 80%] Built target objectpose_msgs__rosidl_generator_py
[8.990s] [ 83%] [32mBuilding C object CMakeFiles/objectpose_msgs__rosidl_typesupport_fastrtps_c__pyext.dir/rosidl_generator_py/objectpose_msgs/_objectpose_msgs_s.ep.rosidl_typesupport_fastrtps_c.c.o[0m
[9.056s] [ 87%] [32mBuilding C object CMakeFiles/objectpose_msgs__rosidl_typesupport_introspection_c__pyext.dir/rosidl_generator_py/objectpose_msgs/_objectpose_msgs_s.ep.rosidl_typesupport_introspection_c.c.o[0m
[9.304s] [ 90%] [32m[1mLinking C shared library rosidl_generator_py/objectpose_msgs/objectpose_msgs_s__rosidl_typesupport_fastrtps_c.cpython-310-x86_64-linux-gnu.so[0m
[9.337s] [ 93%] [32m[1mLinking C shared library rosidl_generator_py/objectpose_msgs/objectpose_msgs_s__rosidl_typesupport_introspection_c.cpython-310-x86_64-linux-gnu.so[0m
[9.384s] [ 93%] Built target objectpose_msgs__rosidl_typesupport_fastrtps_c__pyext
[9.411s] [ 93%] Built target objectpose_msgs__rosidl_typesupport_introspection_c__pyext
[9.469s] [ 96%] [32mBuilding C object CMakeFiles/objectpose_msgs__rosidl_typesupport_c__pyext.dir/rosidl_generator_py/objectpose_msgs/_objectpose_msgs_s.ep.rosidl_typesupport_c.c.o[0m
[9.736s] [100%] [32m[1mLinking C shared library rosidl_generator_py/objectpose_msgs/objectpose_msgs_s__rosidl_typesupport_c.cpython-310-x86_64-linux-gnu.so[0m
[9.815s] [100%] Built target objectpose_msgs__rosidl_typesupport_c__pyext
[9.849s] Invoked command in '/home/ubuntu/ros2ws/build/objectpose_msgs' returned '0': CMAKE_PREFIX_PATH=${CMAKE_PREFIX_PATH}:/opt/ros/humble /usr/bin/cmake --build /home/ubuntu/ros2ws/build/objectpose_msgs -- -j4 -l4
[10.047s] Invoking command in '/home/ubuntu/ros2ws/build/objectpose_msgs': CMAKE_PREFIX_PATH=${CMAKE_PREFIX_PATH}:/opt/ros/humble /usr/bin/cmake --install /home/ubuntu/ros2ws/build/objectpose_msgs
[10.081s] -- Install configuration: ""
[10.082s] -- Installing: /home/ubuntu/ros2ws/install/objectpose_msgs/share/objectpose_msgs/msg
[10.082s] -- Installing: /home/ubuntu/ros2ws/install/objectpose_msgs/share/objectpose_msgs/msg/ObjectPose.msg
[10.082s] -- Installing: /home/ubuntu/ros2ws/install/objectpose_msgs/share/ament_index/resource_index/rosidl_interfaces/objectpose_msgs
[10.082s] -- Installing: /home/ubuntu/ros2ws/install/objectpose_msgs/include/objectpose_msgs/objectpose_msgs
[10.084s] -- Installing: /home/ubuntu/ros2ws/install/objectpose_msgs/include/objectpose_msgs/objectpose_msgs/msg
[10.084s] -- Installing: /home/ubuntu/ros2ws/install/objectpose_msgs/include/objectpose_msgs/objectpose_msgs/msg/object_pose.h
[10.084s] -- Installing: /home/ubuntu/ros2ws/install/objectpose_msgs/include/objectpose_msgs/objectpose_msgs/msg/rosidl_generator_c__visibility_control.h
[10.086s] -- Installing: /home/ubuntu/ros2ws/install/objectpose_msgs/include/objectpose_msgs/objectpose_msgs/msg/detail
[10.087s] -- Installing: /home/ubuntu/ros2ws/install/objectpose_msgs/include/objectpose_msgs/objectpose_msgs/msg/detail/object_pose__type_support.h
[10.087s] -- Installing: /home/ubuntu/ros2ws/install/objectpose_msgs/include/objectpose_msgs/objectpose_msgs/msg/detail/object_pose__struct.h
[10.087s] -- Installing: /home/ubuntu/ros2ws/install/objectpose_msgs/include/objectpose_msgs/objectpose_msgs/msg/detail/object_pose__functions.h
[10.087s] -- Installing: /home/ubuntu/ros2ws/install/objectpose_msgs/include/objectpose_msgs/objectpose_msgs/msg/detail/object_pose__functions.c
[10.088s] -- Installing: /home/ubuntu/ros2ws/install/objectpose_msgs/share/objectpose_msgs/environment/library_path.sh
[10.088s] -- Installing: /home/ubuntu/ros2ws/install/objectpose_msgs/share/objectpose_msgs/environment/library_path.dsv
[10.092s] -- Installing: /home/ubuntu/ros2ws/install/objectpose_msgs/lib/libobjectpose_msgs__rosidl_generator_c.so
[10.092s] -- Set runtime path of "/home/ubuntu/ros2ws/install/objectpose_msgs/lib/libobjectpose_msgs__rosidl_generator_c.so" to ""
[10.092s] -- Up-to-date: /home/ubuntu/ros2ws/install/objectpose_msgs/include/objectpose_msgs/objectpose_msgs
[10.093s] -- Up-to-date: /home/ubuntu/ros2ws/install/objectpose_msgs/include/objectpose_msgs/objectpose_msgs/msg
[10.098s] -- Installing: /home/ubuntu/ros2ws/install/objectpose_msgs/include/objectpose_msgs/objectpose_msgs/msg/rosidl_typesupport_fastrtps_c__visibility_control.h
[10.099s] -- Up-to-date: /home/ubuntu/ros2ws/install/objectpose_msgs/include/objectpose_msgs/objectpose_msgs/msg/detail
[10.099s] -- Installing: /home/ubuntu/ros2ws/install/objectpose_msgs/include/objectpose_msgs/objectpose_msgs/msg/detail/object_pose__rosidl_typesupport_fastrtps_c.h
[10.099s] -- Installing: /home/ubuntu/ros2ws/install/objectpose_msgs/lib/libobjectpose_msgs__rosidl_typesupport_fastrtps_c.so
[10.103s] -- Set runtime path of "/home/ubuntu/ros2ws/install/objectpose_msgs/lib/libobjectpose_msgs__rosidl_typesupport_fastrtps_c.so" to ""
[10.103s] -- Up-to-date: /home/ubuntu/ros2ws/install/objectpose_msgs/include/objectpose_msgs/objectpose_msgs
[10.103s] -- Up-to-date: /home/ubuntu/ros2ws/install/objectpose_msgs/include/objectpose_msgs/objectpose_msgs/msg
[10.104s] -- Installing: /home/ubuntu/ros2ws/install/objectpose_msgs/include/objectpose_msgs/objectpose_msgs/msg/rosidl_typesupport_introspection_c__visibility_control.h
[10.104s] -- Up-to-date: /home/ubuntu/ros2ws/install/objectpose_msgs/include/objectpose_msgs/objectpose_msgs/msg/detail
[10.105s] -- Installing: /home/ubuntu/ros2ws/install/objectpose_msgs/include/objectpose_msgs/objectpose_msgs/msg/detail/object_pose__rosidl_typesupport_introspection_c.h
[10.105s] -- Installing: /home/ubuntu/ros2ws/install/objectpose_msgs/include/objectpose_msgs/objectpose_msgs/msg/detail/object_pose__type_support.c
[10.106s] -- Installing: /home/ubuntu/ros2ws/install/objectpose_msgs/lib/libobjectpose_msgs__rosidl_typesupport_introspection_c.so
[10.107s] -- Set runtime path of "/home/ubuntu/ros2ws/install/objectpose_msgs/lib/libobjectpose_msgs__rosidl_typesupport_introspection_c.so" to ""
[10.107s] -- Installing: /home/ubuntu/ros2ws/install/objectpose_msgs/lib/libobjectpose_msgs__rosidl_typesupport_c.so
[10.108s] -- Set runtime path of "/home/ubuntu/ros2ws/install/objectpose_msgs/lib/libobjectpose_msgs__rosidl_typesupport_c.so" to ""
[10.109s] -- Up-to-date: /home/ubuntu/ros2ws/install/objectpose_msgs/include/objectpose_msgs/objectpose_msgs
[10.109s] -- Up-to-date: /home/ubuntu/ros2ws/install/objectpose_msgs/include/objectpose_msgs/objectpose_msgs/msg
[10.109s] -- Installing: /home/ubuntu/ros2ws/install/objectpose_msgs/include/objectpose_msgs/objectpose_msgs/msg/object_pose.hpp
[10.109s] -- Up-to-date: /home/ubuntu/ros2ws/install/objectpose_msgs/include/objectpose_msgs/objectpose_msgs/msg/detail
[10.109s] -- Installing: /home/ubuntu/ros2ws/install/objectpose_msgs/include/objectpose_msgs/objectpose_msgs/msg/detail/object_pose__struct.hpp
[10.109s] -- Installing: /home/ubuntu/ros2ws/install/objectpose_msgs/include/objectpose_msgs/objectpose_msgs/msg/detail/object_pose__traits.hpp
[10.109s] -- Installing: /home/ubuntu/ros2ws/install/objectpose_msgs/include/objectpose_msgs/objectpose_msgs/msg/detail/object_pose__builder.hpp
[10.110s] -- Up-to-date: /home/ubuntu/ros2ws/install/objectpose_msgs/include/objectpose_msgs/objectpose_msgs
[10.110s] -- Up-to-date: /home/ubuntu/ros2ws/install/objectpose_msgs/include/objectpose_msgs/objectpose_msgs/msg
[10.111s] -- Installing: /home/ubuntu/ros2ws/install/objectpose_msgs/include/objectpose_msgs/objectpose_msgs/msg/rosidl_typesupport_fastrtps_cpp__visibility_control.h
[10.111s] -- Up-to-date: /home/ubuntu/ros2ws/install/objectpose_msgs/include/objectpose_msgs/objectpose_msgs/msg/detail
[10.111s] -- Installing: /home/ubuntu/ros2ws/install/objectpose_msgs/include/objectpose_msgs/objectpose_msgs/msg/detail/dds_fastrtps
[10.112s] -- Installing: /home/ubuntu/ros2ws/install/objectpose_msgs/include/objectpose_msgs/objectpose_msgs/msg/detail/object_pose__rosidl_typesupport_fastrtps_cpp.hpp
[10.112s] -- Installing: /home/ubuntu/ros2ws/install/objectpose_msgs/lib/libobjectpose_msgs__rosidl_typesupport_fastrtps_cpp.so
[10.112s] -- Set runtime path of "/home/ubuntu/ros2ws/install/objectpose_msgs/lib/libobjectpose_msgs__rosidl_typesupport_fastrtps_cpp.so" to ""
[10.112s] -- Up-to-date: /home/ubuntu/ros2ws/install/objectpose_msgs/include/objectpose_msgs/objectpose_msgs
[10.113s] -- Up-to-date: /home/ubuntu/ros2ws/install/objectpose_msgs/include/objectpose_msgs/objectpose_msgs/msg
[10.113s] -- Up-to-date: /home/ubuntu/ros2ws/install/objectpose_msgs/include/objectpose_msgs/objectpose_msgs/msg/detail
[10.113s] -- Installing: /home/ubuntu/ros2ws/install/objectpose_msgs/include/objectpose_msgs/objectpose_msgs/msg/detail/object_pose__type_support.cpp
[10.114s] -- Installing: /home/ubuntu/ros2ws/install/objectpose_msgs/include/objectpose_msgs/objectpose_msgs/msg/detail/object_pose__rosidl_typesupport_introspection_cpp.hpp
[10.114s] -- Installing: /home/ubuntu/ros2ws/install/objectpose_msgs/lib/libobjectpose_msgs__rosidl_typesupport_introspection_cpp.so
[10.114s] -- Set runtime path of "/home/ubuntu/ros2ws/install/objectpose_msgs/lib/libobjectpose_msgs__rosidl_typesupport_introspection_cpp.so" to ""
[10.114s] -- Installing: /home/ubuntu/ros2ws/install/objectpose_msgs/lib/libobjectpose_msgs__rosidl_typesupport_cpp.so
[10.119s] -- Set runtime path of "/home/ubuntu/ros2ws/install/objectpose_msgs/lib/libobjectpose_msgs__rosidl_typesupport_cpp.so" to ""
[10.119s] -- Installing: /home/ubuntu/ros2ws/install/objectpose_msgs/share/objectpose_msgs/environment/pythonpath.sh
[10.119s] -- Installing: /home/ubuntu/ros2ws/install/objectpose_msgs/share/objectpose_msgs/environment/pythonpath.dsv
[10.123s] -- Installing: /home/ubuntu/ros2ws/install/objectpose_msgs/local/lib/python3.10/dist-packages/objectpose_msgs-0.0.0-py3.10.egg-info
[10.124s] -- Installing: /home/ubuntu/ros2ws/install/objectpose_msgs/local/lib/python3.10/dist-packages/objectpose_msgs-0.0.0-py3.10.egg-info/PKG-INFO
[10.124s] -- Installing: /home/ubuntu/ros2ws/install/objectpose_msgs/local/lib/python3.10/dist-packages/objectpose_msgs-0.0.0-py3.10.egg-info/top_level.txt
[10.124s] -- Installing: /home/ubuntu/ros2ws/install/objectpose_msgs/local/lib/python3.10/dist-packages/objectpose_msgs-0.0.0-py3.10.egg-info/dependency_links.txt
[10.124s] -- Installing: /home/ubuntu/ros2ws/install/objectpose_msgs/local/lib/python3.10/dist-packages/objectpose_msgs-0.0.0-py3.10.egg-info/SOURCES.txt
[10.124s] -- Installing: /home/ubuntu/ros2ws/install/objectpose_msgs/local/lib/python3.10/dist-packages/objectpose_msgs
[10.124s] -- Installing: /home/ubuntu/ros2ws/install/objectpose_msgs/local/lib/python3.10/dist-packages/objectpose_msgs/msg
[10.124s] -- Installing: /home/ubuntu/ros2ws/install/objectpose_msgs/local/lib/python3.10/dist-packages/objectpose_msgs/msg/_object_pose.py
[10.124s] -- Installing: /home/ubuntu/ros2ws/install/objectpose_msgs/local/lib/python3.10/dist-packages/objectpose_msgs/msg/_object_pose_s.c
[10.124s] -- Installing: /home/ubuntu/ros2ws/install/objectpose_msgs/local/lib/python3.10/dist-packages/objectpose_msgs/msg/__init__.py
[10.125s] -- Installing: /home/ubuntu/ros2ws/install/objectpose_msgs/local/lib/python3.10/dist-packages/objectpose_msgs/objectpose_msgs_s__rosidl_typesupport_fastrtps_c.cpython-310-x86_64-linux-gnu.so
[10.125s] -- Installing: /home/ubuntu/ros2ws/install/objectpose_msgs/local/lib/python3.10/dist-packages/objectpose_msgs/libobjectpose_msgs__rosidl_generator_py.so
[10.125s] -- Installing: /home/ubuntu/ros2ws/install/objectpose_msgs/local/lib/python3.10/dist-packages/objectpose_msgs/_objectpose_msgs_s.ep.rosidl_typesupport_c.c
[10.125s] -- Installing: /home/ubuntu/ros2ws/install/objectpose_msgs/local/lib/python3.10/dist-packages/objectpose_msgs/objectpose_msgs_s__rosidl_typesupport_introspection_c.cpython-310-x86_64-linux-gnu.so
[10.125s] -- Installing: /home/ubuntu/ros2ws/install/objectpose_msgs/local/lib/python3.10/dist-packages/objectpose_msgs/_objectpose_msgs_s.ep.rosidl_typesupport_introspection_c.c
[10.125s] -- Installing: /home/ubuntu/ros2ws/install/objectpose_msgs/local/lib/python3.10/dist-packages/objectpose_msgs/objectpose_msgs_s__rosidl_typesupport_c.cpython-310-x86_64-linux-gnu.so
[10.125s] -- Installing: /home/ubuntu/ros2ws/install/objectpose_msgs/local/lib/python3.10/dist-packages/objectpose_msgs/__init__.py
[10.125s] -- Installing: /home/ubuntu/ros2ws/install/objectpose_msgs/local/lib/python3.10/dist-packages/objectpose_msgs/_objectpose_msgs_s.ep.rosidl_typesupport_fastrtps_c.c
[10.190s] Listing '/home/ubuntu/ros2ws/install/objectpose_msgs/local/lib/python3.10/dist-packages/objectpose_msgs'...
[10.190s] Compiling '/home/ubuntu/ros2ws/install/objectpose_msgs/local/lib/python3.10/dist-packages/objectpose_msgs/__init__.py'...
[10.190s] Listing '/home/ubuntu/ros2ws/install/objectpose_msgs/local/lib/python3.10/dist-packages/objectpose_msgs/msg'...
[10.190s] Compiling '/home/ubuntu/ros2ws/install/objectpose_msgs/local/lib/python3.10/dist-packages/objectpose_msgs/msg/__init__.py'...
[10.190s] Compiling '/home/ubuntu/ros2ws/install/objectpose_msgs/local/lib/python3.10/dist-packages/objectpose_msgs/msg/_object_pose.py'...
[10.196s] -- Installing: /home/ubuntu/ros2ws/install/objectpose_msgs/local/lib/python3.10/dist-packages/objectpose_msgs/objectpose_msgs_s__rosidl_typesupport_fastrtps_c.cpython-310-x86_64-linux-gnu.so
[10.197s] -- Set runtime path of "/home/ubuntu/ros2ws/install/objectpose_msgs/local/lib/python3.10/dist-packages/objectpose_msgs/objectpose_msgs_s__rosidl_typesupport_fastrtps_c.cpython-310-x86_64-linux-gnu.so" to ""
[10.198s] -- Installing: /home/ubuntu/ros2ws/install/objectpose_msgs/local/lib/python3.10/dist-packages/objectpose_msgs/objectpose_msgs_s__rosidl_typesupport_introspection_c.cpython-310-x86_64-linux-gnu.so
[10.199s] -- Set runtime path of "/home/ubuntu/ros2ws/install/objectpose_msgs/local/lib/python3.10/dist-packages/objectpose_msgs/objectpose_msgs_s__rosidl_typesupport_introspection_c.cpython-310-x86_64-linux-gnu.so" to ""
[10.199s] -- Installing: /home/ubuntu/ros2ws/install/objectpose_msgs/local/lib/python3.10/dist-packages/objectpose_msgs/objectpose_msgs_s__rosidl_typesupport_c.cpython-310-x86_64-linux-gnu.so
[10.200s] -- Set runtime path of "/home/ubuntu/ros2ws/install/objectpose_msgs/local/lib/python3.10/dist-packages/objectpose_msgs/objectpose_msgs_s__rosidl_typesupport_c.cpython-310-x86_64-linux-gnu.so" to ""
[10.200s] -- Installing: /home/ubuntu/ros2ws/install/objectpose_msgs/lib/libobjectpose_msgs__rosidl_generator_py.so
[10.200s] -- Set runtime path of "/home/ubuntu/ros2ws/install/objectpose_msgs/lib/libobjectpose_msgs__rosidl_generator_py.so" to ""
[10.200s] -- Installing: /home/ubuntu/ros2ws/install/objectpose_msgs/share/objectpose_msgs/msg/ObjectPose.idl
[10.201s] -- Up-to-date: /home/ubuntu/ros2ws/install/objectpose_msgs/share/objectpose_msgs/msg/ObjectPose.msg
[10.201s] -- Installing: /home/ubuntu/ros2ws/install/objectpose_msgs/share/ament_index/resource_index/package_run_dependencies/objectpose_msgs
[10.203s] -- Installing: /home/ubuntu/ros2ws/install/objectpose_msgs/share/ament_index/resource_index/parent_prefix_path/objectpose_msgs
[10.203s] -- Installing: /home/ubuntu/ros2ws/install/objectpose_msgs/share/objectpose_msgs/environment/ament_prefix_path.sh
[10.203s] -- Installing: /home/ubuntu/ros2ws/install/objectpose_msgs/share/objectpose_msgs/environment/ament_prefix_path.dsv
[10.205s] -- Installing: /home/ubuntu/ros2ws/install/objectpose_msgs/share/objectpose_msgs/environment/path.sh
[10.205s] -- Installing: /home/ubuntu/ros2ws/install/objectpose_msgs/share/objectpose_msgs/environment/path.dsv
[10.205s] -- Installing: /home/ubuntu/ros2ws/install/objectpose_msgs/share/objectpose_msgs/local_setup.bash
[10.205s] -- Installing: /home/ubuntu/ros2ws/install/objectpose_msgs/share/objectpose_msgs/local_setup.sh
[10.205s] -- Installing: /home/ubuntu/ros2ws/install/objectpose_msgs/share/objectpose_msgs/local_setup.zsh
[10.206s] -- Installing: /home/ubuntu/ros2ws/install/objectpose_msgs/share/objectpose_msgs/local_setup.dsv
[10.206s] -- Installing: /home/ubuntu/ros2ws/install/objectpose_msgs/share/objectpose_msgs/package.dsv
[10.208s] -- Installing: /home/ubuntu/ros2ws/install/objectpose_msgs/share/ament_index/resource_index/packages/objectpose_msgs
[10.208s] -- Installing: /home/ubuntu/ros2ws/install/objectpose_msgs/share/objectpose_msgs/cmake/export_objectpose_msgs__rosidl_generator_cExport.cmake
[10.208s] -- Installing: /home/ubuntu/ros2ws/install/objectpose_msgs/share/objectpose_msgs/cmake/export_objectpose_msgs__rosidl_generator_cExport-noconfig.cmake
[10.208s] -- Installing: /home/ubuntu/ros2ws/install/objectpose_msgs/share/objectpose_msgs/cmake/export_objectpose_msgs__rosidl_typesupport_fastrtps_cExport.cmake
[10.212s] -- Installing: /home/ubuntu/ros2ws/install/objectpose_msgs/share/objectpose_msgs/cmake/export_objectpose_msgs__rosidl_typesupport_fastrtps_cExport-noconfig.cmake
[10.212s] -- Installing: /home/ubuntu/ros2ws/install/objectpose_msgs/share/objectpose_msgs/cmake/objectpose_msgs__rosidl_typesupport_introspection_cExport.cmake
[10.212s] -- Installing: /home/ubuntu/ros2ws/install/objectpose_msgs/share/objectpose_msgs/cmake/objectpose_msgs__rosidl_typesupport_introspection_cExport-noconfig.cmake
[10.213s] -- Installing: /home/ubuntu/ros2ws/install/objectpose_msgs/share/objectpose_msgs/cmake/objectpose_msgs__rosidl_typesupport_cExport.cmake
[10.213s] -- Installing: /home/ubuntu/ros2ws/install/objectpose_msgs/share/objectpose_msgs/cmake/objectpose_msgs__rosidl_typesupport_cExport-noconfig.cmake
[10.213s] -- Installing: /home/ubuntu/ros2ws/install/objectpose_msgs/share/objectpose_msgs/cmake/export_objectpose_msgs__rosidl_generator_cppExport.cmake
[10.214s] -- Installing: /home/ubuntu/ros2ws/install/objectpose_msgs/share/objectpose_msgs/cmake/export_objectpose_msgs__rosidl_typesupport_fastrtps_cppExport.cmake
[10.214s] -- Installing: /home/ubuntu/ros2ws/install/objectpose_msgs/share/objectpose_msgs/cmake/export_objectpose_msgs__rosidl_typesupport_fastrtps_cppExport-noconfig.cmake
[10.214s] -- Installing: /home/ubuntu/ros2ws/install/objectpose_msgs/share/objectpose_msgs/cmake/objectpose_msgs__rosidl_typesupport_introspection_cppExport.cmake
[10.214s] -- Installing: /home/ubuntu/ros2ws/install/objectpose_msgs/share/objectpose_msgs/cmake/objectpose_msgs__rosidl_typesupport_introspection_cppExport-noconfig.cmake
[10.214s] -- Installing: /home/ubuntu/ros2ws/install/objectpose_msgs/share/objectpose_msgs/cmake/objectpose_msgs__rosidl_typesupport_cppExport.cmake
[10.214s] -- Installing: /home/ubuntu/ros2ws/install/objectpose_msgs/share/objectpose_msgs/cmake/objectpose_msgs__rosidl_typesupport_cppExport-noconfig.cmake
[10.215s] -- Installing: /home/ubuntu/ros2ws/install/objectpose_msgs/share/objectpose_msgs/cmake/export_objectpose_msgs__rosidl_generator_pyExport.cmake
[10.215s] -- Installing: /home/ubuntu/ros2ws/install/objectpose_msgs/share/objectpose_msgs/cmake/export_objectpose_msgs__rosidl_generator_pyExport-noconfig.cmake
[10.215s] -- Installing: /home/ubuntu/ros2ws/install/objectpose_msgs/share/objectpose_msgs/cmake/rosidl_cmake-extras.cmake
[10.215s] -- Installing: /home/ubuntu/ros2ws/install/objectpose_msgs/share/objectpose_msgs/cmake/ament_cmake_export_include_directories-extras.cmake
[10.218s] -- Installing: /home/ubuntu/ros2ws/install/objectpose_msgs/share/objectpose_msgs/cmake/ament_cmake_export_libraries-extras.cmake
[10.219s] -- Installing: /home/ubuntu/ros2ws/install/objectpose_msgs/share/objectpose_msgs/cmake/ament_cmake_export_targets-extras.cmake
[10.219s] -- Installing: /home/ubuntu/ros2ws/install/objectpose_msgs/share/objectpose_msgs/cmake/rosidl_cmake_export_typesupport_targets-extras.cmake
[10.219s] -- Installing: /home/ubuntu/ros2ws/install/objectpose_msgs/share/objectpose_msgs/cmake/ament_cmake_export_dependencies-extras.cmake
[10.220s] -- Installing: /home/ubuntu/ros2ws/install/objectpose_msgs/share/objectpose_msgs/cmake/rosidl_cmake_export_typesupport_libraries-extras.cmake
[10.220s] -- Installing: /home/ubuntu/ros2ws/install/objectpose_msgs/share/objectpose_msgs/cmake/objectpose_msgsConfig.cmake
[10.220s] -- Installing: /home/ubuntu/ros2ws/install/objectpose_msgs/share/objectpose_msgs/cmake/objectpose_msgsConfig-version.cmake
[10.220s] -- Installing: /home/ubuntu/ros2ws/install/objectpose_msgs/share/objectpose_msgs/package.xml
[10.223s] Invoked command in '/home/ubuntu/ros2ws/build/objectpose_msgs' returned '0': CMAKE_PREFIX_PATH=${CMAKE_PREFIX_PATH}:/opt/ros/humble /usr/bin/cmake --install /home/ubuntu/ros2ws/build/objectpose_msgs
