[0.039s] Invoking command in '/home/ubuntu/ros2ws/build/path_tracer_plugin': CMAKE_PREFIX_PATH=${CMAKE_PREFIX_PATH}:/home/ubuntu/ros2ws/install/testV1:/home/ubuntu/ros2ws/install/gui_subscriber:/home/ubuntu/ros2ws/install/moveit_configs_utils:/home/ubuntu/ros2ws/install/robot_letter_writer:/home/ubuntu/ros2ws/install/launch_param_builder:/opt/ros/humble /usr/bin/cmake --build /home/ubuntu/ros2ws/build/path_tracer_plugin -- -j4 -l4
[0.169s] Invoked command in '/home/ubuntu/ros2ws/build/path_tracer_plugin' returned '0': CMAKE_PREFIX_PATH=${CMAKE_PREFIX_PATH}:/home/ubuntu/ros2ws/install/testV1:/home/ubuntu/ros2ws/install/gui_subscriber:/home/ubuntu/ros2ws/install/moveit_configs_utils:/home/ubuntu/ros2ws/install/robot_letter_writer:/home/ubuntu/ros2ws/install/launch_param_builder:/opt/ros/humble /usr/bin/cmake --build /home/ubuntu/ros2ws/build/path_tracer_plugin -- -j4 -l4
[0.313s] Invoking command in '/home/ubuntu/ros2ws/build/path_tracer_plugin': CMAKE_PREFIX_PATH=${CMAKE_PREFIX_PATH}:/home/ubuntu/ros2ws/install/testV1:/home/ubuntu/ros2ws/install/gui_subscriber:/home/ubuntu/ros2ws/install/moveit_configs_utils:/home/ubuntu/ros2ws/install/robot_letter_writer:/home/ubuntu/ros2ws/install/launch_param_builder:/opt/ros/humble /usr/bin/cmake --install /home/ubuntu/ros2ws/build/path_tracer_plugin
[0.343s] -- Install configuration: ""
[0.343s] -- Up-to-date: /home/ubuntu/ros2ws/install/path_tracer_plugin/share/ament_index/resource_index/package_run_dependencies/path_tracer_plugin
[0.343s] -- Up-to-date: /home/ubuntu/ros2ws/install/path_tracer_plugin/share/ament_index/resource_index/parent_prefix_path/path_tracer_plugin
[0.343s] -- Up-to-date: /home/ubuntu/ros2ws/install/path_tracer_plugin/share/path_tracer_plugin/environment/ament_prefix_path.sh
[0.343s] -- Up-to-date: /home/ubuntu/ros2ws/install/path_tracer_plugin/share/path_tracer_plugin/environment/ament_prefix_path.dsv
[0.343s] -- Up-to-date: /home/ubuntu/ros2ws/install/path_tracer_plugin/share/path_tracer_plugin/environment/path.sh
[0.343s] -- Up-to-date: /home/ubuntu/ros2ws/install/path_tracer_plugin/share/path_tracer_plugin/environment/path.dsv
[0.343s] -- Up-to-date: /home/ubuntu/ros2ws/install/path_tracer_plugin/share/path_tracer_plugin/local_setup.bash
[0.343s] -- Up-to-date: /home/ubuntu/ros2ws/install/path_tracer_plugin/share/path_tracer_plugin/local_setup.sh
[0.343s] -- Up-to-date: /home/ubuntu/ros2ws/install/path_tracer_plugin/share/path_tracer_plugin/local_setup.zsh
[0.343s] -- Up-to-date: /home/ubuntu/ros2ws/install/path_tracer_plugin/share/path_tracer_plugin/local_setup.dsv
[0.344s] -- Installing: /home/ubuntu/ros2ws/install/path_tracer_plugin/share/path_tracer_plugin/package.dsv
[0.344s] -- Up-to-date: /home/ubuntu/ros2ws/install/path_tracer_plugin/share/ament_index/resource_index/packages/path_tracer_plugin
[0.344s] -- Up-to-date: /home/ubuntu/ros2ws/install/path_tracer_plugin/share/path_tracer_plugin/cmake/path_tracer_pluginConfig.cmake
[0.344s] -- Up-to-date: /home/ubuntu/ros2ws/install/path_tracer_plugin/share/path_tracer_plugin/cmake/path_tracer_pluginConfig-version.cmake
[0.344s] -- Up-to-date: /home/ubuntu/ros2ws/install/path_tracer_plugin/share/path_tracer_plugin/package.xml
[0.763s] Invoked command in '/home/ubuntu/ros2ws/build/path_tracer_plugin' returned '0': CMAKE_PREFIX_PATH=${CMAKE_PREFIX_PATH}:/home/ubuntu/ros2ws/install/testV1:/home/ubuntu/ros2ws/install/gui_subscriber:/home/ubuntu/ros2ws/install/moveit_configs_utils:/home/ubuntu/ros2ws/install/robot_letter_writer:/home/ubuntu/ros2ws/install/launch_param_builder:/opt/ros/humble /usr/bin/cmake --install /home/ubuntu/ros2ws/build/path_tracer_plugin
