[0.025s] Invoking command in '/home/ubuntu/ros2ws/build/ros2srrc_launch': CMAKE_PREFIX_PATH=${CMAKE_PREFIX_PATH}:/opt/ros/humble /usr/bin/cmake /home/ubuntu/ros2ws/src/ros2_SimRealRobotControl/ros2srrc_launch -DCMAKE_INSTALL_PREFIX=/home/ubuntu/ros2ws/install/ros2srrc_launch
[0.127s] -- The C compiler identification is GNU 11.4.0
[0.230s] -- The CXX compiler identification is GNU 11.4.0
[0.245s] -- Detecting C compiler ABI info
[0.380s] -- Detecting C compiler ABI info - done
[0.399s] -- Check for working C compiler: /usr/bin/cc - skipped
[0.401s] -- Detecting C compile features
[0.401s] -- Detecting C compile features - done
[0.405s] -- Detecting CXX compiler ABI info
[0.563s] -- Detecting CXX compiler ABI info - done
[0.575s] -- Check for working CXX compiler: /usr/bin/c++ - skipped
[0.576s] -- Detecting CXX compile features
[0.577s] -- Detecting CXX compile features - done
[0.581s] -- Found ament_cmake: 1.3.10 (/opt/ros/humble/share/ament_cmake/cmake)
[0.857s] -- Found Python3: /usr/bin/python3 (found version "3.10.12") found components: Interpreter 
[1.020s] -- Found ament_lint_auto: 0.12.11 (/opt/ros/humble/share/ament_lint_auto/cmake)
[1.195s] -- Added test 'copyright' to check source files copyright and LICENSE
[1.199s] -- Added test 'flake8' to check Python code syntax and style conventions
[1.200s] -- Added test 'lint_cmake' to check CMake code style
[1.201s] -- Added test 'pep257' to check Python code against some of the docstring style conventions in PEP 257
[1.202s] -- Added test 'xmllint' to check XML markup files
[1.205s] -- Configuring done
[1.212s] -- Generating done
[1.215s] -- Build files have been written to: /home/ubuntu/ros2ws/build/ros2srrc_launch
[1.221s] Invoked command in '/home/ubuntu/ros2ws/build/ros2srrc_launch' returned '0': CMAKE_PREFIX_PATH=${CMAKE_PREFIX_PATH}:/opt/ros/humble /usr/bin/cmake /home/ubuntu/ros2ws/src/ros2_SimRealRobotControl/ros2srrc_launch -DCMAKE_INSTALL_PREFIX=/home/ubuntu/ros2ws/install/ros2srrc_launch
[1.226s] Invoking command in '/home/ubuntu/ros2ws/build/ros2srrc_launch': CMAKE_PREFIX_PATH=${CMAKE_PREFIX_PATH}:/opt/ros/humble /usr/bin/cmake --build /home/ubuntu/ros2ws/build/ros2srrc_launch -- -j4 -l4
[1.298s] Invoked command in '/home/ubuntu/ros2ws/build/ros2srrc_launch' returned '0': CMAKE_PREFIX_PATH=${CMAKE_PREFIX_PATH}:/opt/ros/humble /usr/bin/cmake --build /home/ubuntu/ros2ws/build/ros2srrc_launch -- -j4 -l4
[1.341s] Invoking command in '/home/ubuntu/ros2ws/build/ros2srrc_launch': CMAKE_PREFIX_PATH=${CMAKE_PREFIX_PATH}:/opt/ros/humble /usr/bin/cmake --install /home/ubuntu/ros2ws/build/ros2srrc_launch
[1.362s] -- Install configuration: ""
[1.363s] -- Installing: /home/ubuntu/ros2ws/install/ros2srrc_launch/share/ros2srrc_launch/gazebo
[1.363s] -- Installing: /home/ubuntu/ros2ws/install/ros2srrc_launch/share/ros2srrc_launch/gazebo/simulation.launch.py
[1.366s] -- Installing: /home/ubuntu/ros2ws/install/ros2srrc_launch/share/ros2srrc_launch/moveit2
[1.367s] -- Installing: /home/ubuntu/ros2ws/install/ros2srrc_launch/share/ros2srrc_launch/moveit2/moveit2.launch.py
[1.367s] -- Installing: /home/ubuntu/ros2ws/install/ros2srrc_launch/share/ros2srrc_launch/bringup
[1.368s] -- Installing: /home/ubuntu/ros2ws/install/ros2srrc_launch/share/ros2srrc_launch/bringup/bringup_abb.launch.py
[1.368s] -- Installing: /home/ubuntu/ros2ws/install/ros2srrc_launch/share/ros2srrc_launch/bringup/bringup_ur.launch.py
[1.368s] -- Installing: /home/ubuntu/ros2ws/install/ros2srrc_launch/share/ament_index/resource_index/package_run_dependencies/ros2srrc_launch
[1.371s] -- Installing: /home/ubuntu/ros2ws/install/ros2srrc_launch/share/ament_index/resource_index/parent_prefix_path/ros2srrc_launch
[1.371s] -- Installing: /home/ubuntu/ros2ws/install/ros2srrc_launch/share/ros2srrc_launch/environment/ament_prefix_path.sh
[1.371s] -- Installing: /home/ubuntu/ros2ws/install/ros2srrc_launch/share/ros2srrc_launch/environment/ament_prefix_path.dsv
[1.372s] -- Installing: /home/ubuntu/ros2ws/install/ros2srrc_launch/share/ros2srrc_launch/environment/path.sh
[1.372s] -- Installing: /home/ubuntu/ros2ws/install/ros2srrc_launch/share/ros2srrc_launch/environment/path.dsv
[1.372s] -- Installing: /home/ubuntu/ros2ws/install/ros2srrc_launch/share/ros2srrc_launch/local_setup.bash
[1.372s] -- Installing: /home/ubuntu/ros2ws/install/ros2srrc_launch/share/ros2srrc_launch/local_setup.sh
[1.372s] -- Installing: /home/ubuntu/ros2ws/install/ros2srrc_launch/share/ros2srrc_launch/local_setup.zsh
[1.372s] -- Installing: /home/ubuntu/ros2ws/install/ros2srrc_launch/share/ros2srrc_launch/local_setup.dsv
[1.372s] -- Installing: /home/ubuntu/ros2ws/install/ros2srrc_launch/share/ros2srrc_launch/package.dsv
[1.372s] -- Installing: /home/ubuntu/ros2ws/install/ros2srrc_launch/share/ament_index/resource_index/packages/ros2srrc_launch
[1.372s] -- Installing: /home/ubuntu/ros2ws/install/ros2srrc_launch/share/ros2srrc_launch/cmake/ros2srrc_launchConfig.cmake
[1.373s] -- Installing: /home/ubuntu/ros2ws/install/ros2srrc_launch/share/ros2srrc_launch/cmake/ros2srrc_launchConfig-version.cmake
[1.373s] -- Installing: /home/ubuntu/ros2ws/install/ros2srrc_launch/share/ros2srrc_launch/package.xml
[1.375s] Invoked command in '/home/ubuntu/ros2ws/build/ros2srrc_launch' returned '0': CMAKE_PREFIX_PATH=${CMAKE_PREFIX_PATH}:/opt/ros/humble /usr/bin/cmake --install /home/ubuntu/ros2ws/build/ros2srrc_launch
