[0.041s] Invoking command in '/home/ubuntu/ros2ws/build/ros2srrc_irb120_gazebo': CMAKE_PREFIX_PATH=${CMAKE_PREFIX_PATH}:/opt/ros/humble /usr/bin/cmake --build /home/ubuntu/ros2ws/build/ros2srrc_irb120_gazebo -- -j4 -l4
[0.131s] Invoked command in '/home/ubuntu/ros2ws/build/ros2srrc_irb120_gazebo' returned '0': CMAKE_PREFIX_PATH=${CMAKE_PREFIX_PATH}:/opt/ros/humble /usr/bin/cmake --build /home/ubuntu/ros2ws/build/ros2srrc_irb120_gazebo -- -j4 -l4
[0.200s] Invoking command in '/home/ubuntu/ros2ws/build/ros2srrc_irb120_gazebo': CMAKE_PREFIX_PATH=${CMAKE_PREFIX_PATH}:/opt/ros/humble /usr/bin/cmake --install /home/ubuntu/ros2ws/build/ros2srrc_irb120_gazebo
[0.220s] -- Install configuration: ""
[0.220s] -- Up-to-date: /home/ubuntu/ros2ws/install/ros2srrc_irb120_gazebo/share/ros2srrc_irb120_gazebo/config
[0.220s] -- Up-to-date: /home/ubuntu/ros2ws/install/ros2srrc_irb120_gazebo/share/ros2srrc_irb120_gazebo/config/configurations.yaml
[0.221s] -- Up-to-date: /home/ubuntu/ros2ws/install/ros2srrc_irb120_gazebo/share/ros2srrc_irb120_gazebo/urdf
[0.221s] -- Up-to-date: /home/ubuntu/ros2ws/install/ros2srrc_irb120_gazebo/share/ros2srrc_irb120_gazebo/urdf/irb120_egp64v2.urdf.xacro
[0.226s] -- Up-to-date: /home/ubuntu/ros2ws/install/ros2srrc_irb120_gazebo/share/ros2srrc_irb120_gazebo/urdf/irb120_ls_vgr.urdf.xacro
[0.226s] -- Up-to-date: /home/ubuntu/ros2ws/install/ros2srrc_irb120_gazebo/share/ros2srrc_irb120_gazebo/urdf/irb120_egp64.urdf.xacro
[0.226s] -- Up-to-date: /home/ubuntu/ros2ws/install/ros2srrc_irb120_gazebo/share/ros2srrc_irb120_gazebo/urdf/irb120.urdf.xacro
[0.226s] -- Up-to-date: /home/ubuntu/ros2ws/install/ros2srrc_irb120_gazebo/share/ros2srrc_irb120_gazebo/worlds
[0.226s] -- Up-to-date: /home/ubuntu/ros2ws/install/ros2srrc_irb120_gazebo/share/ros2srrc_irb120_gazebo/worlds/ros2srrc_irb120.world
[0.226s] -- Up-to-date: /home/ubuntu/ros2ws/install/ros2srrc_irb120_gazebo/share/ament_index/resource_index/package_run_dependencies/ros2srrc_irb120_gazebo
[0.227s] -- Up-to-date: /home/ubuntu/ros2ws/install/ros2srrc_irb120_gazebo/share/ament_index/resource_index/parent_prefix_path/ros2srrc_irb120_gazebo
[0.227s] -- Up-to-date: /home/ubuntu/ros2ws/install/ros2srrc_irb120_gazebo/share/ros2srrc_irb120_gazebo/environment/ament_prefix_path.sh
[0.227s] -- Up-to-date: /home/ubuntu/ros2ws/install/ros2srrc_irb120_gazebo/share/ros2srrc_irb120_gazebo/environment/ament_prefix_path.dsv
[0.227s] -- Up-to-date: /home/ubuntu/ros2ws/install/ros2srrc_irb120_gazebo/share/ros2srrc_irb120_gazebo/environment/path.sh
[0.227s] -- Up-to-date: /home/ubuntu/ros2ws/install/ros2srrc_irb120_gazebo/share/ros2srrc_irb120_gazebo/environment/path.dsv
[0.227s] -- Up-to-date: /home/ubuntu/ros2ws/install/ros2srrc_irb120_gazebo/share/ros2srrc_irb120_gazebo/local_setup.bash
[0.228s] -- Up-to-date: /home/ubuntu/ros2ws/install/ros2srrc_irb120_gazebo/share/ros2srrc_irb120_gazebo/local_setup.sh
[0.231s] -- Up-to-date: /home/ubuntu/ros2ws/install/ros2srrc_irb120_gazebo/share/ros2srrc_irb120_gazebo/local_setup.zsh
[0.231s] -- Up-to-date: /home/ubuntu/ros2ws/install/ros2srrc_irb120_gazebo/share/ros2srrc_irb120_gazebo/local_setup.dsv
[0.231s] -- Installing: /home/ubuntu/ros2ws/install/ros2srrc_irb120_gazebo/share/ros2srrc_irb120_gazebo/package.dsv
[0.231s] -- Up-to-date: /home/ubuntu/ros2ws/install/ros2srrc_irb120_gazebo/share/ament_index/resource_index/packages/ros2srrc_irb120_gazebo
[0.232s] -- Up-to-date: /home/ubuntu/ros2ws/install/ros2srrc_irb120_gazebo/share/ros2srrc_irb120_gazebo/cmake/ros2srrc_irb120_gazeboConfig.cmake
[0.232s] -- Up-to-date: /home/ubuntu/ros2ws/install/ros2srrc_irb120_gazebo/share/ros2srrc_irb120_gazebo/cmake/ros2srrc_irb120_gazeboConfig-version.cmake
[0.232s] -- Up-to-date: /home/ubuntu/ros2ws/install/ros2srrc_irb120_gazebo/share/ros2srrc_irb120_gazebo/package.xml
[0.232s] Invoked command in '/home/ubuntu/ros2ws/build/ros2srrc_irb120_gazebo' returned '0': CMAKE_PREFIX_PATH=${CMAKE_PREFIX_PATH}:/opt/ros/humble /usr/bin/cmake --install /home/ubuntu/ros2ws/build/ros2srrc_irb120_gazebo
