[0.041s] Invoking command in '/home/ubuntu/ros2ws/build/ros2srrc_launch': CMAKE_PREFIX_PATH=${CMAKE_PREFIX_PATH}:/opt/ros/humble /usr/bin/cmake --build /home/ubuntu/ros2ws/build/ros2srrc_launch -- -j4 -l4
[0.137s] Invoked command in '/home/ubuntu/ros2ws/build/ros2srrc_launch' returned '0': CMAKE_PREFIX_PATH=${CMAKE_PREFIX_PATH}:/opt/ros/humble /usr/bin/cmake --build /home/ubuntu/ros2ws/build/ros2srrc_launch -- -j4 -l4
[0.191s] Invoking command in '/home/ubuntu/ros2ws/build/ros2srrc_launch': CMAKE_PREFIX_PATH=${CMAKE_PREFIX_PATH}:/opt/ros/humble /usr/bin/cmake --install /home/ubuntu/ros2ws/build/ros2srrc_launch
[0.204s] -- Install configuration: ""
[0.204s] -- Up-to-date: /home/ubuntu/ros2ws/install/ros2srrc_launch/share/ros2srrc_launch/gazebo
[0.204s] -- Up-to-date: /home/ubuntu/ros2ws/install/ros2srrc_launch/share/ros2srrc_launch/gazebo/simulation.launch.py
[0.205s] -- Up-to-date: /home/ubuntu/ros2ws/install/ros2srrc_launch/share/ros2srrc_launch/moveit2
[0.205s] -- Up-to-date: /home/ubuntu/ros2ws/install/ros2srrc_launch/share/ros2srrc_launch/moveit2/moveit2.launch.py
[0.205s] -- Up-to-date: /home/ubuntu/ros2ws/install/ros2srrc_launch/share/ros2srrc_launch/bringup
[0.205s] -- Up-to-date: /home/ubuntu/ros2ws/install/ros2srrc_launch/share/ros2srrc_launch/bringup/bringup_abb.launch.py
[0.205s] -- Up-to-date: /home/ubuntu/ros2ws/install/ros2srrc_launch/share/ros2srrc_launch/bringup/bringup_ur.launch.py
[0.205s] -- Up-to-date: /home/ubuntu/ros2ws/install/ros2srrc_launch/share/ament_index/resource_index/package_run_dependencies/ros2srrc_launch
[0.206s] -- Up-to-date: /home/ubuntu/ros2ws/install/ros2srrc_launch/share/ament_index/resource_index/parent_prefix_path/ros2srrc_launch
[0.206s] -- Up-to-date: /home/ubuntu/ros2ws/install/ros2srrc_launch/share/ros2srrc_launch/environment/ament_prefix_path.sh
[0.206s] -- Up-to-date: /home/ubuntu/ros2ws/install/ros2srrc_launch/share/ros2srrc_launch/environment/ament_prefix_path.dsv
[0.206s] -- Up-to-date: /home/ubuntu/ros2ws/install/ros2srrc_launch/share/ros2srrc_launch/environment/path.sh
[0.206s] -- Up-to-date: /home/ubuntu/ros2ws/install/ros2srrc_launch/share/ros2srrc_launch/environment/path.dsv
[0.206s] -- Up-to-date: /home/ubuntu/ros2ws/install/ros2srrc_launch/share/ros2srrc_launch/local_setup.bash
[0.207s] -- Up-to-date: /home/ubuntu/ros2ws/install/ros2srrc_launch/share/ros2srrc_launch/local_setup.sh
[0.207s] -- Up-to-date: /home/ubuntu/ros2ws/install/ros2srrc_launch/share/ros2srrc_launch/local_setup.zsh
[0.207s] -- Up-to-date: /home/ubuntu/ros2ws/install/ros2srrc_launch/share/ros2srrc_launch/local_setup.dsv
[0.207s] -- Installing: /home/ubuntu/ros2ws/install/ros2srrc_launch/share/ros2srrc_launch/package.dsv
[0.207s] -- Up-to-date: /home/ubuntu/ros2ws/install/ros2srrc_launch/share/ament_index/resource_index/packages/ros2srrc_launch
[0.207s] -- Up-to-date: /home/ubuntu/ros2ws/install/ros2srrc_launch/share/ros2srrc_launch/cmake/ros2srrc_launchConfig.cmake
[0.208s] -- Up-to-date: /home/ubuntu/ros2ws/install/ros2srrc_launch/share/ros2srrc_launch/cmake/ros2srrc_launchConfig-version.cmake
[0.208s] -- Up-to-date: /home/ubuntu/ros2ws/install/ros2srrc_launch/share/ros2srrc_launch/package.xml
[0.234s] Invoked command in '/home/ubuntu/ros2ws/build/ros2srrc_launch' returned '0': CMAKE_PREFIX_PATH=${CMAKE_PREFIX_PATH}:/opt/ros/humble /usr/bin/cmake --install /home/ubuntu/ros2ws/build/ros2srrc_launch
