[0.802s] Invoking command in '/home/ubuntu/ros2ws/src/robot_letter_writer': PYTHONPATH=/home/ubuntu/ros2ws/build/robot_letter_writer/prefix_override:/usr/lib/python3/dist-packages/colcon_core/task/python/colcon_distutils_commands:/home/ubuntu/ros2ws/install/robot_letter_writer/lib/python3.10/site-packages:${PYTHONPATH} /usr/bin/python3 -W ignore:setup.py install is deprecated setup.py egg_info --egg-base ../../build/robot_letter_writer build --build-base /home/ubuntu/ros2ws/build/robot_letter_writer/build install --record /home/ubuntu/ros2ws/build/robot_letter_writer/install.log --single-version-externally-managed install_data
[1.105s] running egg_info
[1.106s] writing ../../build/robot_letter_writer/robot_letter_writer.egg-info/PKG-INFO
[1.107s] writing dependency_links to ../../build/robot_letter_writer/robot_letter_writer.egg-info/dependency_links.txt
[1.107s] writing entry points to ../../build/robot_letter_writer/robot_letter_writer.egg-info/entry_points.txt
[1.107s] writing requirements to ../../build/robot_letter_writer/robot_letter_writer.egg-info/requires.txt
[1.107s] writing top-level names to ../../build/robot_letter_writer/robot_letter_writer.egg-info/top_level.txt
[1.110s] reading manifest file '../../build/robot_letter_writer/robot_letter_writer.egg-info/SOURCES.txt'
[1.110s] writing manifest file '../../build/robot_letter_writer/robot_letter_writer.egg-info/SOURCES.txt'
[1.110s] running build
[1.110s] running build_py
[1.112s] copying robot_letter_writer/robot_letter_writer_node.py -> /home/ubuntu/ros2ws/build/robot_letter_writer/build/lib/robot_letter_writer
[1.112s] running install
[1.112s] running install_lib
[1.112s] copying /home/ubuntu/ros2ws/build/robot_letter_writer/build/lib/robot_letter_writer/robot_letter_writer_node.py -> /home/ubuntu/ros2ws/install/robot_letter_writer/lib/python3.10/site-packages/robot_letter_writer
[1.113s] byte-compiling /home/ubuntu/ros2ws/install/robot_letter_writer/lib/python3.10/site-packages/robot_letter_writer/robot_letter_writer_node.py to robot_letter_writer_node.cpython-310.pyc
[1.114s] running install_data
[1.114s] running install_egg_info
[1.116s] removing '/home/ubuntu/ros2ws/install/robot_letter_writer/lib/python3.10/site-packages/robot_letter_writer-0.0.0-py3.10.egg-info' (and everything under it)
[1.118s] Copying ../../build/robot_letter_writer/robot_letter_writer.egg-info to /home/ubuntu/ros2ws/install/robot_letter_writer/lib/python3.10/site-packages/robot_letter_writer-0.0.0-py3.10.egg-info
[1.120s] running install_scripts
[1.148s] Installing robot_letter_writer_node script to /home/ubuntu/ros2ws/install/robot_letter_writer/lib/robot_letter_writer
[1.148s] writing list of installed files to '/home/ubuntu/ros2ws/build/robot_letter_writer/install.log'
[1.175s] Invoked command in '/home/ubuntu/ros2ws/src/robot_letter_writer' returned '0': PYTHONPATH=/home/ubuntu/ros2ws/build/robot_letter_writer/prefix_override:/usr/lib/python3/dist-packages/colcon_core/task/python/colcon_distutils_commands:/home/ubuntu/ros2ws/install/robot_letter_writer/lib/python3.10/site-packages:${PYTHONPATH} /usr/bin/python3 -W ignore:setup.py install is deprecated setup.py egg_info --egg-base ../../build/robot_letter_writer build --build-base /home/ubuntu/ros2ws/build/robot_letter_writer/build install --record /home/ubuntu/ros2ws/build/robot_letter_writer/install.log --single-version-externally-managed install_data
