[0.039s] Invoking command in '/home/ubuntu/ros2ws/build/abb_ros2': CMAKE_PREFIX_PATH=${CMAKE_PREFIX_PATH}:/home/ubuntu/ros2ws/install/testV1:/home/ubuntu/ros2ws/install/gui_subscriber:/home/ubuntu/ros2ws/install/moveit_configs_utils:/home/ubuntu/ros2ws/install/robot_letter_writer:/home/ubuntu/ros2ws/install/launch_param_builder:/opt/ros/humble /usr/bin/cmake --build /home/ubuntu/ros2ws/build/abb_ros2 -- -j4 -l4
[0.179s] Invoked command in '/home/ubuntu/ros2ws/build/abb_ros2' returned '0': CMAKE_PREFIX_PATH=${CMAKE_PREFIX_PATH}:/home/ubuntu/ros2ws/install/testV1:/home/ubuntu/ros2ws/install/gui_subscriber:/home/ubuntu/ros2ws/install/moveit_configs_utils:/home/ubuntu/ros2ws/install/robot_letter_writer:/home/ubuntu/ros2ws/install/launch_param_builder:/opt/ros/humble /usr/bin/cmake --build /home/ubuntu/ros2ws/build/abb_ros2 -- -j4 -l4
[0.274s] Invoking command in '/home/ubuntu/ros2ws/build/abb_ros2': CMAKE_PREFIX_PATH=${CMAKE_PREFIX_PATH}:/home/ubuntu/ros2ws/install/testV1:/home/ubuntu/ros2ws/install/gui_subscriber:/home/ubuntu/ros2ws/install/moveit_configs_utils:/home/ubuntu/ros2ws/install/robot_letter_writer:/home/ubuntu/ros2ws/install/launch_param_builder:/opt/ros/humble /usr/bin/cmake --install /home/ubuntu/ros2ws/build/abb_ros2
[0.303s] -- Install configuration: ""
[0.304s] -- Execute custom install script
[0.306s] -- Up-to-date symlink: /home/ubuntu/ros2ws/install/abb_ros2/share/ament_index/resource_index/package_run_dependencies/abb_ros2
[0.309s] -- Up-to-date symlink: /home/ubuntu/ros2ws/install/abb_ros2/share/ament_index/resource_index/parent_prefix_path/abb_ros2
[0.310s] -- Up-to-date symlink: /home/ubuntu/ros2ws/install/abb_ros2/share/abb_ros2/environment/ament_prefix_path.sh
[0.317s] -- Up-to-date symlink: /home/ubuntu/ros2ws/install/abb_ros2/share/abb_ros2/environment/ament_prefix_path.dsv
[0.317s] -- Up-to-date symlink: /home/ubuntu/ros2ws/install/abb_ros2/share/abb_ros2/environment/path.sh
[0.317s] -- Up-to-date symlink: /home/ubuntu/ros2ws/install/abb_ros2/share/abb_ros2/environment/path.dsv
[0.317s] -- Up-to-date symlink: /home/ubuntu/ros2ws/install/abb_ros2/share/abb_ros2/local_setup.bash
[0.317s] -- Up-to-date symlink: /home/ubuntu/ros2ws/install/abb_ros2/share/abb_ros2/local_setup.sh
[0.322s] -- Up-to-date symlink: /home/ubuntu/ros2ws/install/abb_ros2/share/abb_ros2/local_setup.zsh
[0.322s] -- Up-to-date symlink: /home/ubuntu/ros2ws/install/abb_ros2/share/abb_ros2/local_setup.dsv
[0.326s] -- Symlinking: /home/ubuntu/ros2ws/install/abb_ros2/share/abb_ros2/package.dsv
[0.356s] -- Up-to-date symlink: /home/ubuntu/ros2ws/install/abb_ros2/share/ament_index/resource_index/packages/abb_ros2
[0.358s] -- Up-to-date symlink: /home/ubuntu/ros2ws/install/abb_ros2/share/abb_ros2/cmake/abb_ros2Config.cmake
[0.358s] -- Up-to-date symlink: /home/ubuntu/ros2ws/install/abb_ros2/share/abb_ros2/cmake/abb_ros2Config-version.cmake
[0.358s] -- Up-to-date symlink: /home/ubuntu/ros2ws/install/abb_ros2/share/abb_ros2/package.xml
[0.370s] Invoked command in '/home/ubuntu/ros2ws/build/abb_ros2' returned '0': CMAKE_PREFIX_PATH=${CMAKE_PREFIX_PATH}:/home/ubuntu/ros2ws/install/testV1:/home/ubuntu/ros2ws/install/gui_subscriber:/home/ubuntu/ros2ws/install/moveit_configs_utils:/home/ubuntu/ros2ws/install/robot_letter_writer:/home/ubuntu/ros2ws/install/launch_param_builder:/opt/ros/humble /usr/bin/cmake --install /home/ubuntu/ros2ws/build/abb_ros2
