[0.027s] Invoking command in '/home/ubuntu/ros2ws/build/ros2srrc_irb120_moveit2': CMAKE_PREFIX_PATH=${CMAKE_PREFIX_PATH}:/opt/ros/humble /usr/bin/cmake /home/ubuntu/ros2ws/src/ros2_SimRealRobotControl/packages/irb120/ros2srrc_irb120_moveit2 -DCMAKE_INSTALL_PREFIX=/home/ubuntu/ros2ws/install/ros2srrc_irb120_moveit2
[0.080s] -- Found ament_cmake: 1.3.10 (/opt/ros/humble/share/ament_cmake/cmake)
[0.302s] -- Override CMake install command with custom implementation using symlinks instead of copying resources
[0.327s] -- Found ament_lint_auto: 0.12.11 (/opt/ros/humble/share/ament_lint_auto/cmake)
[0.443s] -- Added test 'copyright' to check source files copyright and LICENSE
[0.455s] -- Added test 'lint_cmake' to check CMake code style
[0.456s] -- Added test 'xmllint' to check XML markup files
[0.460s] -- Configuring done
[0.480s] -- Generating done
[0.482s] -- Build files have been written to: /home/ubuntu/ros2ws/build/ros2srrc_irb120_moveit2
[0.488s] Invoked command in '/home/ubuntu/ros2ws/build/ros2srrc_irb120_moveit2' returned '0': CMAKE_PREFIX_PATH=${CMAKE_PREFIX_PATH}:/opt/ros/humble /usr/bin/cmake /home/ubuntu/ros2ws/src/ros2_SimRealRobotControl/packages/irb120/ros2srrc_irb120_moveit2 -DCMAKE_INSTALL_PREFIX=/home/ubuntu/ros2ws/install/ros2srrc_irb120_moveit2
[0.490s] Invoking command in '/home/ubuntu/ros2ws/build/ros2srrc_irb120_moveit2': CMAKE_PREFIX_PATH=${CMAKE_PREFIX_PATH}:/opt/ros/humble /usr/bin/cmake --build /home/ubuntu/ros2ws/build/ros2srrc_irb120_moveit2 -- -j4 -l4
[0.553s] Invoked command in '/home/ubuntu/ros2ws/build/ros2srrc_irb120_moveit2' returned '0': CMAKE_PREFIX_PATH=${CMAKE_PREFIX_PATH}:/opt/ros/humble /usr/bin/cmake --build /home/ubuntu/ros2ws/build/ros2srrc_irb120_moveit2 -- -j4 -l4
[0.593s] Invoking command in '/home/ubuntu/ros2ws/build/ros2srrc_irb120_moveit2': CMAKE_PREFIX_PATH=${CMAKE_PREFIX_PATH}:/opt/ros/humble /usr/bin/cmake --install /home/ubuntu/ros2ws/build/ros2srrc_irb120_moveit2
[0.610s] -- Install configuration: ""
[0.610s] -- Execute custom install script
[0.610s] -- Up-to-date symlink: /home/ubuntu/ros2ws/install/ros2srrc_irb120_moveit2/share/ros2srrc_irb120_moveit2/config/irb120.srdf
[0.610s] -- Up-to-date symlink: /home/ubuntu/ros2ws/install/ros2srrc_irb120_moveit2/share/ros2srrc_irb120_moveit2/config/irb120_moveit2.rviz
[0.610s] -- Up-to-date symlink: /home/ubuntu/ros2ws/install/ros2srrc_irb120_moveit2/share/ros2srrc_irb120_moveit2/config/irb120egp64.srdf
[0.611s] -- Up-to-date symlink: /home/ubuntu/ros2ws/install/ros2srrc_irb120_moveit2/share/ros2srrc_irb120_moveit2/config/irb120egp64_moveit2.rviz
[0.612s] -- Up-to-date symlink: /home/ubuntu/ros2ws/install/ros2srrc_irb120_moveit2/share/ros2srrc_irb120_moveit2/config/irb120ls_vgr.srdf
[0.613s] -- Up-to-date symlink: /home/ubuntu/ros2ws/install/ros2srrc_irb120_moveit2/share/ros2srrc_irb120_moveit2/config/irb120ls_vgr_moveit2.rviz
[0.614s] -- Up-to-date symlink: /home/ubuntu/ros2ws/install/ros2srrc_irb120_moveit2/share/ament_index/resource_index/package_run_dependencies/ros2srrc_irb120_moveit2
[0.615s] -- Up-to-date symlink: /home/ubuntu/ros2ws/install/ros2srrc_irb120_moveit2/share/ament_index/resource_index/parent_prefix_path/ros2srrc_irb120_moveit2
[0.616s] -- Up-to-date symlink: /home/ubuntu/ros2ws/install/ros2srrc_irb120_moveit2/share/ros2srrc_irb120_moveit2/environment/ament_prefix_path.sh
[0.616s] -- Up-to-date symlink: /home/ubuntu/ros2ws/install/ros2srrc_irb120_moveit2/share/ros2srrc_irb120_moveit2/environment/ament_prefix_path.dsv
[0.618s] -- Up-to-date symlink: /home/ubuntu/ros2ws/install/ros2srrc_irb120_moveit2/share/ros2srrc_irb120_moveit2/environment/path.sh
[0.619s] -- Up-to-date symlink: /home/ubuntu/ros2ws/install/ros2srrc_irb120_moveit2/share/ros2srrc_irb120_moveit2/environment/path.dsv
[0.619s] -- Up-to-date symlink: /home/ubuntu/ros2ws/install/ros2srrc_irb120_moveit2/share/ros2srrc_irb120_moveit2/local_setup.bash
[0.621s] -- Up-to-date symlink: /home/ubuntu/ros2ws/install/ros2srrc_irb120_moveit2/share/ros2srrc_irb120_moveit2/local_setup.sh
[0.625s] -- Up-to-date symlink: /home/ubuntu/ros2ws/install/ros2srrc_irb120_moveit2/share/ros2srrc_irb120_moveit2/local_setup.zsh
[0.626s] -- Up-to-date symlink: /home/ubuntu/ros2ws/install/ros2srrc_irb120_moveit2/share/ros2srrc_irb120_moveit2/local_setup.dsv
[0.626s] -- Symlinking: /home/ubuntu/ros2ws/install/ros2srrc_irb120_moveit2/share/ros2srrc_irb120_moveit2/package.dsv
[0.643s] -- Up-to-date symlink: /home/ubuntu/ros2ws/install/ros2srrc_irb120_moveit2/share/ament_index/resource_index/packages/ros2srrc_irb120_moveit2
[0.644s] -- Up-to-date symlink: /home/ubuntu/ros2ws/install/ros2srrc_irb120_moveit2/share/ros2srrc_irb120_moveit2/cmake/ros2srrc_irb120_moveit2Config.cmake
[0.645s] -- Up-to-date symlink: /home/ubuntu/ros2ws/install/ros2srrc_irb120_moveit2/share/ros2srrc_irb120_moveit2/cmake/ros2srrc_irb120_moveit2Config-version.cmake
[0.646s] -- Up-to-date symlink: /home/ubuntu/ros2ws/install/ros2srrc_irb120_moveit2/share/ros2srrc_irb120_moveit2/package.xml
[0.650s] Invoked command in '/home/ubuntu/ros2ws/build/ros2srrc_irb120_moveit2' returned '0': CMAKE_PREFIX_PATH=${CMAKE_PREFIX_PATH}:/opt/ros/humble /usr/bin/cmake --install /home/ubuntu/ros2ws/build/ros2srrc_irb120_moveit2
