[0.030s] Invoking command in '/home/ubuntu/ros2ws/build/ros2srrc_ur5_gazebo': CMAKE_PREFIX_PATH=${CMAKE_PREFIX_PATH}:/opt/ros/humble /usr/bin/cmake /home/ubuntu/ros2ws/src/ros2_SimRealRobotControl/packages/ur5/ros2srrc_ur5_gazebo -DCMAKE_INSTALL_PREFIX=/home/ubuntu/ros2ws/install/ros2srrc_ur5_gazebo
[0.290s] -- The C compiler identification is GNU 11.4.0
[0.567s] -- The CXX compiler identification is GNU 11.4.0
[0.602s] -- Detecting C compiler ABI info
[0.947s] -- Detecting C compiler ABI info - done
[0.985s] -- Check for working C compiler: /usr/bin/cc - skipped
[0.989s] -- Detecting C compile features
[0.990s] -- Detecting C compile features - done
[1.011s] -- Detecting CXX compiler ABI info
[1.442s] -- Detecting CXX compiler ABI info - done
[1.483s] -- Check for working CXX compiler: /usr/bin/c++ - skipped
[1.484s] -- Detecting CXX compile features
[1.486s] -- Detecting CXX compile features - done
[1.502s] -- Found ament_cmake: 1.3.10 (/opt/ros/humble/share/ament_cmake/cmake)
[2.357s] -- Found Python3: /usr/bin/python3 (found version "3.10.12") found components: Interpreter 
[3.029s] -- Found ament_lint_auto: 0.12.11 (/opt/ros/humble/share/ament_lint_auto/cmake)
[3.359s] -- Added test 'copyright' to check source files copyright and LICENSE
[3.367s] -- Added test 'lint_cmake' to check CMake code style
[3.372s] -- Added test 'xmllint' to check XML markup files
[3.375s] -- Configuring done
[3.388s] -- Generating done
[3.392s] -- Build files have been written to: /home/ubuntu/ros2ws/build/ros2srrc_ur5_gazebo
[3.408s] Invoked command in '/home/ubuntu/ros2ws/build/ros2srrc_ur5_gazebo' returned '0': CMAKE_PREFIX_PATH=${CMAKE_PREFIX_PATH}:/opt/ros/humble /usr/bin/cmake /home/ubuntu/ros2ws/src/ros2_SimRealRobotControl/packages/ur5/ros2srrc_ur5_gazebo -DCMAKE_INSTALL_PREFIX=/home/ubuntu/ros2ws/install/ros2srrc_ur5_gazebo
[3.409s] Invoking command in '/home/ubuntu/ros2ws/build/ros2srrc_ur5_gazebo': CMAKE_PREFIX_PATH=${CMAKE_PREFIX_PATH}:/opt/ros/humble /usr/bin/cmake --build /home/ubuntu/ros2ws/build/ros2srrc_ur5_gazebo -- -j4 -l4
[3.678s] Invoked command in '/home/ubuntu/ros2ws/build/ros2srrc_ur5_gazebo' returned '0': CMAKE_PREFIX_PATH=${CMAKE_PREFIX_PATH}:/opt/ros/humble /usr/bin/cmake --build /home/ubuntu/ros2ws/build/ros2srrc_ur5_gazebo -- -j4 -l4
[3.807s] Invoking command in '/home/ubuntu/ros2ws/build/ros2srrc_ur5_gazebo': CMAKE_PREFIX_PATH=${CMAKE_PREFIX_PATH}:/opt/ros/humble /usr/bin/cmake --install /home/ubuntu/ros2ws/build/ros2srrc_ur5_gazebo
[3.838s] -- Install configuration: ""
[3.839s] -- Installing: /home/ubuntu/ros2ws/install/ros2srrc_ur5_gazebo/share/ros2srrc_ur5_gazebo/config
[3.843s] -- Installing: /home/ubuntu/ros2ws/install/ros2srrc_ur5_gazebo/share/ros2srrc_ur5_gazebo/config/configurations.yaml
[3.844s] -- Installing: /home/ubuntu/ros2ws/install/ros2srrc_ur5_gazebo/share/ros2srrc_ur5_gazebo/urdf
[3.845s] -- Installing: /home/ubuntu/ros2ws/install/ros2srrc_ur5_gazebo/share/ros2srrc_ur5_gazebo/urdf/ur5_robotiq_2f85.urdf.xacro
[3.849s] -- Installing: /home/ubuntu/ros2ws/install/ros2srrc_ur5_gazebo/share/ros2srrc_ur5_gazebo/urdf/ur5.urdf.xacro
[3.852s] -- Installing: /home/ubuntu/ros2ws/install/ros2srrc_ur5_gazebo/share/ros2srrc_ur5_gazebo/urdf/ur5_robotiq_hande.urdf.xacro
[3.852s] -- Installing: /home/ubuntu/ros2ws/install/ros2srrc_ur5_gazebo/share/ros2srrc_ur5_gazebo/worlds
[3.854s] -- Installing: /home/ubuntu/ros2ws/install/ros2srrc_ur5_gazebo/share/ros2srrc_ur5_gazebo/worlds/ros2srrc_ur5.world
[3.854s] -- Installing: /home/ubuntu/ros2ws/install/ros2srrc_ur5_gazebo/share/ament_index/resource_index/package_run_dependencies/ros2srrc_ur5_gazebo
[3.855s] -- Installing: /home/ubuntu/ros2ws/install/ros2srrc_ur5_gazebo/share/ament_index/resource_index/parent_prefix_path/ros2srrc_ur5_gazebo
[3.858s] -- Installing: /home/ubuntu/ros2ws/install/ros2srrc_ur5_gazebo/share/ros2srrc_ur5_gazebo/environment/ament_prefix_path.sh
[3.860s] -- Installing: /home/ubuntu/ros2ws/install/ros2srrc_ur5_gazebo/share/ros2srrc_ur5_gazebo/environment/ament_prefix_path.dsv
[3.862s] -- Installing: /home/ubuntu/ros2ws/install/ros2srrc_ur5_gazebo/share/ros2srrc_ur5_gazebo/environment/path.sh
[3.862s] -- Installing: /home/ubuntu/ros2ws/install/ros2srrc_ur5_gazebo/share/ros2srrc_ur5_gazebo/environment/path.dsv
[3.865s] -- Installing: /home/ubuntu/ros2ws/install/ros2srrc_ur5_gazebo/share/ros2srrc_ur5_gazebo/local_setup.bash
[3.867s] -- Installing: /home/ubuntu/ros2ws/install/ros2srrc_ur5_gazebo/share/ros2srrc_ur5_gazebo/local_setup.sh
[3.868s] -- Installing: /home/ubuntu/ros2ws/install/ros2srrc_ur5_gazebo/share/ros2srrc_ur5_gazebo/local_setup.zsh
[3.869s] -- Installing: /home/ubuntu/ros2ws/install/ros2srrc_ur5_gazebo/share/ros2srrc_ur5_gazebo/local_setup.dsv
[3.869s] -- Installing: /home/ubuntu/ros2ws/install/ros2srrc_ur5_gazebo/share/ros2srrc_ur5_gazebo/package.dsv
[3.876s] -- Installing: /home/ubuntu/ros2ws/install/ros2srrc_ur5_gazebo/share/ament_index/resource_index/packages/ros2srrc_ur5_gazebo
[3.876s] -- Installing: /home/ubuntu/ros2ws/install/ros2srrc_ur5_gazebo/share/ros2srrc_ur5_gazebo/cmake/ros2srrc_ur5_gazeboConfig.cmake
[3.878s] -- Installing: /home/ubuntu/ros2ws/install/ros2srrc_ur5_gazebo/share/ros2srrc_ur5_gazebo/cmake/ros2srrc_ur5_gazeboConfig-version.cmake
[3.878s] -- Installing: /home/ubuntu/ros2ws/install/ros2srrc_ur5_gazebo/share/ros2srrc_ur5_gazebo/package.xml
[3.890s] Invoked command in '/home/ubuntu/ros2ws/build/ros2srrc_ur5_gazebo' returned '0': CMAKE_PREFIX_PATH=${CMAKE_PREFIX_PATH}:/opt/ros/humble /usr/bin/cmake --install /home/ubuntu/ros2ws/build/ros2srrc_ur5_gazebo
