[0.023s] Invoking command in '/home/ubuntu/ros2ws/build/ros2srrc_ur3_gazebo': CMAKE_PREFIX_PATH=${CMAKE_PREFIX_PATH}:/opt/ros/humble /usr/bin/cmake /home/ubuntu/ros2ws/src/ros2_SimRealRobotControl/packages/ur3/ros2srrc_ur3_gazebo -DCMAKE_INSTALL_PREFIX=/home/ubuntu/ros2ws/install/ros2srrc_ur3_gazebo
[0.134s] -- The C compiler identification is GNU 11.4.0
[0.259s] -- The CXX compiler identification is GNU 11.4.0
[0.275s] -- Detecting C compiler ABI info
[0.425s] -- Detecting C compiler ABI info - done
[0.437s] -- Check for working C compiler: /usr/bin/cc - skipped
[0.437s] -- Detecting C compile features
[0.438s] -- Detecting C compile features - done
[0.442s] -- Detecting CXX compiler ABI info
[0.595s] -- Detecting CXX compiler ABI info - done
[0.614s] -- Check for working CXX compiler: /usr/bin/c++ - skipped
[0.615s] -- Detecting CXX compile features
[0.616s] -- Detecting CXX compile features - done
[0.626s] -- Found ament_cmake: 1.3.10 (/opt/ros/humble/share/ament_cmake/cmake)
[0.934s] -- Found Python3: /usr/bin/python3 (found version "3.10.12") found components: Interpreter 
[1.149s] -- Found ament_lint_auto: 0.12.11 (/opt/ros/humble/share/ament_lint_auto/cmake)
[1.335s] -- Added test 'copyright' to check source files copyright and LICENSE
[1.336s] -- Added test 'lint_cmake' to check CMake code style
[1.337s] -- Added test 'xmllint' to check XML markup files
[1.341s] -- Configuring done
[1.345s] -- Generating done
[1.346s] -- Build files have been written to: /home/ubuntu/ros2ws/build/ros2srrc_ur3_gazebo
[1.353s] Invoked command in '/home/ubuntu/ros2ws/build/ros2srrc_ur3_gazebo' returned '0': CMAKE_PREFIX_PATH=${CMAKE_PREFIX_PATH}:/opt/ros/humble /usr/bin/cmake /home/ubuntu/ros2ws/src/ros2_SimRealRobotControl/packages/ur3/ros2srrc_ur3_gazebo -DCMAKE_INSTALL_PREFIX=/home/ubuntu/ros2ws/install/ros2srrc_ur3_gazebo
[1.358s] Invoking command in '/home/ubuntu/ros2ws/build/ros2srrc_ur3_gazebo': CMAKE_PREFIX_PATH=${CMAKE_PREFIX_PATH}:/opt/ros/humble /usr/bin/cmake --build /home/ubuntu/ros2ws/build/ros2srrc_ur3_gazebo -- -j4 -l4
[1.442s] Invoked command in '/home/ubuntu/ros2ws/build/ros2srrc_ur3_gazebo' returned '0': CMAKE_PREFIX_PATH=${CMAKE_PREFIX_PATH}:/opt/ros/humble /usr/bin/cmake --build /home/ubuntu/ros2ws/build/ros2srrc_ur3_gazebo -- -j4 -l4
[1.502s] Invoking command in '/home/ubuntu/ros2ws/build/ros2srrc_ur3_gazebo': CMAKE_PREFIX_PATH=${CMAKE_PREFIX_PATH}:/opt/ros/humble /usr/bin/cmake --install /home/ubuntu/ros2ws/build/ros2srrc_ur3_gazebo
[1.529s] -- Install configuration: ""
[1.530s] -- Installing: /home/ubuntu/ros2ws/install/ros2srrc_ur3_gazebo/share/ros2srrc_ur3_gazebo/config
[1.530s] -- Installing: /home/ubuntu/ros2ws/install/ros2srrc_ur3_gazebo/share/ros2srrc_ur3_gazebo/config/configurations.yaml
[1.530s] -- Installing: /home/ubuntu/ros2ws/install/ros2srrc_ur3_gazebo/share/ros2srrc_ur3_gazebo/urdf
[1.530s] -- Installing: /home/ubuntu/ros2ws/install/ros2srrc_ur3_gazebo/share/ros2srrc_ur3_gazebo/urdf/ur3.urdf.xacro
[1.530s] -- Installing: /home/ubuntu/ros2ws/install/ros2srrc_ur3_gazebo/share/ros2srrc_ur3_gazebo/urdf/ur3_robotiq_hande.urdf.xacro
[1.531s] -- Installing: /home/ubuntu/ros2ws/install/ros2srrc_ur3_gazebo/share/ros2srrc_ur3_gazebo/urdf/ur3_robotiq_2f85.urdf.xacro
[1.531s] -- Installing: /home/ubuntu/ros2ws/install/ros2srrc_ur3_gazebo/share/ros2srrc_ur3_gazebo/worlds
[1.532s] -- Installing: /home/ubuntu/ros2ws/install/ros2srrc_ur3_gazebo/share/ros2srrc_ur3_gazebo/worlds/ros2srrc_ur3.world
[1.532s] -- Installing: /home/ubuntu/ros2ws/install/ros2srrc_ur3_gazebo/share/ament_index/resource_index/package_run_dependencies/ros2srrc_ur3_gazebo
[1.532s] -- Installing: /home/ubuntu/ros2ws/install/ros2srrc_ur3_gazebo/share/ament_index/resource_index/parent_prefix_path/ros2srrc_ur3_gazebo
[1.532s] -- Installing: /home/ubuntu/ros2ws/install/ros2srrc_ur3_gazebo/share/ros2srrc_ur3_gazebo/environment/ament_prefix_path.sh
[1.532s] -- Installing: /home/ubuntu/ros2ws/install/ros2srrc_ur3_gazebo/share/ros2srrc_ur3_gazebo/environment/ament_prefix_path.dsv
[1.532s] -- Installing: /home/ubuntu/ros2ws/install/ros2srrc_ur3_gazebo/share/ros2srrc_ur3_gazebo/environment/path.sh
[1.532s] -- Installing: /home/ubuntu/ros2ws/install/ros2srrc_ur3_gazebo/share/ros2srrc_ur3_gazebo/environment/path.dsv
[1.532s] -- Installing: /home/ubuntu/ros2ws/install/ros2srrc_ur3_gazebo/share/ros2srrc_ur3_gazebo/local_setup.bash
[1.533s] -- Installing: /home/ubuntu/ros2ws/install/ros2srrc_ur3_gazebo/share/ros2srrc_ur3_gazebo/local_setup.sh
[1.533s] -- Installing: /home/ubuntu/ros2ws/install/ros2srrc_ur3_gazebo/share/ros2srrc_ur3_gazebo/local_setup.zsh
[1.534s] -- Installing: /home/ubuntu/ros2ws/install/ros2srrc_ur3_gazebo/share/ros2srrc_ur3_gazebo/local_setup.dsv
[1.537s] -- Installing: /home/ubuntu/ros2ws/install/ros2srrc_ur3_gazebo/share/ros2srrc_ur3_gazebo/package.dsv
[1.537s] -- Installing: /home/ubuntu/ros2ws/install/ros2srrc_ur3_gazebo/share/ament_index/resource_index/packages/ros2srrc_ur3_gazebo
[1.537s] -- Installing: /home/ubuntu/ros2ws/install/ros2srrc_ur3_gazebo/share/ros2srrc_ur3_gazebo/cmake/ros2srrc_ur3_gazeboConfig.cmake
[1.537s] -- Installing: /home/ubuntu/ros2ws/install/ros2srrc_ur3_gazebo/share/ros2srrc_ur3_gazebo/cmake/ros2srrc_ur3_gazeboConfig-version.cmake
[1.537s] -- Installing: /home/ubuntu/ros2ws/install/ros2srrc_ur3_gazebo/share/ros2srrc_ur3_gazebo/package.xml
[1.541s] Invoked command in '/home/ubuntu/ros2ws/build/ros2srrc_ur3_gazebo' returned '0': CMAKE_PREFIX_PATH=${CMAKE_PREFIX_PATH}:/opt/ros/humble /usr/bin/cmake --install /home/ubuntu/ros2ws/build/ros2srrc_ur3_gazebo
