[0.022s] Invoking command in '/home/ubuntu/ros2ws/build/ros2srrc_irb6640_gazebo': CMAKE_PREFIX_PATH=${CMAKE_PREFIX_PATH}:/opt/ros/humble /usr/bin/cmake /home/ubuntu/ros2ws/src/ros2_SimRealRobotControl/packages/irb6640/ros2srrc_irb6640_gazebo -DCMAKE_INSTALL_PREFIX=/home/ubuntu/ros2ws/install/ros2srrc_irb6640_gazebo
[0.116s] -- The C compiler identification is GNU 11.4.0
[0.218s] -- The CXX compiler identification is GNU 11.4.0
[0.233s] -- Detecting C compiler ABI info
[0.354s] -- Detecting C compiler ABI info - done
[0.368s] -- Check for working C compiler: /usr/bin/cc - skipped
[0.368s] -- Detecting C compile features
[0.368s] -- Detecting C compile features - done
[0.376s] -- Detecting CXX compiler ABI info
[0.548s] -- Detecting CXX compiler ABI info - done
[0.565s] -- Check for working CXX compiler: /usr/bin/c++ - skipped
[0.566s] -- Detecting CXX compile features
[0.566s] -- Detecting CXX compile features - done
[0.571s] -- Found ament_cmake: 1.3.10 (/opt/ros/humble/share/ament_cmake/cmake)
[0.854s] -- Found Python3: /usr/bin/python3 (found version "3.10.12") found components: Interpreter 
[1.012s] -- Found ament_lint_auto: 0.12.11 (/opt/ros/humble/share/ament_lint_auto/cmake)
[1.174s] -- Added test 'copyright' to check source files copyright and LICENSE
[1.179s] -- Added test 'lint_cmake' to check CMake code style
[1.180s] -- Added test 'xmllint' to check XML markup files
[1.182s] -- Configuring done
[1.188s] -- Generating done
[1.193s] -- Build files have been written to: /home/ubuntu/ros2ws/build/ros2srrc_irb6640_gazebo
[1.199s] Invoked command in '/home/ubuntu/ros2ws/build/ros2srrc_irb6640_gazebo' returned '0': CMAKE_PREFIX_PATH=${CMAKE_PREFIX_PATH}:/opt/ros/humble /usr/bin/cmake /home/ubuntu/ros2ws/src/ros2_SimRealRobotControl/packages/irb6640/ros2srrc_irb6640_gazebo -DCMAKE_INSTALL_PREFIX=/home/ubuntu/ros2ws/install/ros2srrc_irb6640_gazebo
[1.204s] Invoking command in '/home/ubuntu/ros2ws/build/ros2srrc_irb6640_gazebo': CMAKE_PREFIX_PATH=${CMAKE_PREFIX_PATH}:/opt/ros/humble /usr/bin/cmake --build /home/ubuntu/ros2ws/build/ros2srrc_irb6640_gazebo -- -j4 -l4
[1.288s] Invoked command in '/home/ubuntu/ros2ws/build/ros2srrc_irb6640_gazebo' returned '0': CMAKE_PREFIX_PATH=${CMAKE_PREFIX_PATH}:/opt/ros/humble /usr/bin/cmake --build /home/ubuntu/ros2ws/build/ros2srrc_irb6640_gazebo -- -j4 -l4
[1.335s] Invoking command in '/home/ubuntu/ros2ws/build/ros2srrc_irb6640_gazebo': CMAKE_PREFIX_PATH=${CMAKE_PREFIX_PATH}:/opt/ros/humble /usr/bin/cmake --install /home/ubuntu/ros2ws/build/ros2srrc_irb6640_gazebo
[1.353s] -- Install configuration: ""
[1.353s] -- Installing: /home/ubuntu/ros2ws/install/ros2srrc_irb6640_gazebo/share/ros2srrc_irb6640_gazebo/config
[1.354s] -- Installing: /home/ubuntu/ros2ws/install/ros2srrc_irb6640_gazebo/share/ros2srrc_irb6640_gazebo/config/configurations.yaml
[1.355s] -- Installing: /home/ubuntu/ros2ws/install/ros2srrc_irb6640_gazebo/share/ros2srrc_irb6640_gazebo/urdf
[1.355s] -- Installing: /home/ubuntu/ros2ws/install/ros2srrc_irb6640_gazebo/share/ros2srrc_irb6640_gazebo/urdf/irb6640.urdf.xacro
[1.356s] -- Installing: /home/ubuntu/ros2ws/install/ros2srrc_irb6640_gazebo/share/ros2srrc_irb6640_gazebo/urdf/irb6640_gpp5010nc.urdf.xacro
[1.356s] -- Installing: /home/ubuntu/ros2ws/install/ros2srrc_irb6640_gazebo/share/ros2srrc_irb6640_gazebo/worlds
[1.357s] -- Installing: /home/ubuntu/ros2ws/install/ros2srrc_irb6640_gazebo/share/ros2srrc_irb6640_gazebo/worlds/ros2srrc_irb6640.world
[1.361s] -- Installing: /home/ubuntu/ros2ws/install/ros2srrc_irb6640_gazebo/share/ament_index/resource_index/package_run_dependencies/ros2srrc_irb6640_gazebo
[1.361s] -- Installing: /home/ubuntu/ros2ws/install/ros2srrc_irb6640_gazebo/share/ament_index/resource_index/parent_prefix_path/ros2srrc_irb6640_gazebo
[1.361s] -- Installing: /home/ubuntu/ros2ws/install/ros2srrc_irb6640_gazebo/share/ros2srrc_irb6640_gazebo/environment/ament_prefix_path.sh
[1.361s] -- Installing: /home/ubuntu/ros2ws/install/ros2srrc_irb6640_gazebo/share/ros2srrc_irb6640_gazebo/environment/ament_prefix_path.dsv
[1.363s] -- Installing: /home/ubuntu/ros2ws/install/ros2srrc_irb6640_gazebo/share/ros2srrc_irb6640_gazebo/environment/path.sh
[1.363s] -- Installing: /home/ubuntu/ros2ws/install/ros2srrc_irb6640_gazebo/share/ros2srrc_irb6640_gazebo/environment/path.dsv
[1.365s] -- Installing: /home/ubuntu/ros2ws/install/ros2srrc_irb6640_gazebo/share/ros2srrc_irb6640_gazebo/local_setup.bash
[1.366s] -- Installing: /home/ubuntu/ros2ws/install/ros2srrc_irb6640_gazebo/share/ros2srrc_irb6640_gazebo/local_setup.sh
[1.370s] -- Installing: /home/ubuntu/ros2ws/install/ros2srrc_irb6640_gazebo/share/ros2srrc_irb6640_gazebo/local_setup.zsh
[1.372s] -- Installing: /home/ubuntu/ros2ws/install/ros2srrc_irb6640_gazebo/share/ros2srrc_irb6640_gazebo/local_setup.dsv
[1.373s] -- Installing: /home/ubuntu/ros2ws/install/ros2srrc_irb6640_gazebo/share/ros2srrc_irb6640_gazebo/package.dsv
[1.373s] -- Installing: /home/ubuntu/ros2ws/install/ros2srrc_irb6640_gazebo/share/ament_index/resource_index/packages/ros2srrc_irb6640_gazebo
[1.373s] -- Installing: /home/ubuntu/ros2ws/install/ros2srrc_irb6640_gazebo/share/ros2srrc_irb6640_gazebo/cmake/ros2srrc_irb6640_gazeboConfig.cmake
[1.380s] -- Installing: /home/ubuntu/ros2ws/install/ros2srrc_irb6640_gazebo/share/ros2srrc_irb6640_gazebo/cmake/ros2srrc_irb6640_gazeboConfig-version.cmake
[1.380s] -- Installing: /home/ubuntu/ros2ws/install/ros2srrc_irb6640_gazebo/share/ros2srrc_irb6640_gazebo/package.xml
[1.381s] Invoked command in '/home/ubuntu/ros2ws/build/ros2srrc_irb6640_gazebo' returned '0': CMAKE_PREFIX_PATH=${CMAKE_PREFIX_PATH}:/opt/ros/humble /usr/bin/cmake --install /home/ubuntu/ros2ws/build/ros2srrc_irb6640_gazebo
