[0.020s] Invoking command in '/home/ubuntu/ros2ws/build/linkattacher_msgs': CMAKE_PREFIX_PATH=${CMAKE_PREFIX_PATH}:/opt/ros/humble /usr/bin/cmake /home/ubuntu/ros2ws/src/IFRA_LinkAttacher/linkattacher_msgs -DCMAKE_INSTALL_PREFIX=/home/ubuntu/ros2ws/install/linkattacher_msgs
[0.040s] -- Found ament_cmake: 1.3.10 (/opt/ros/humble/share/ament_cmake/cmake)
[0.220s] -- Override CMake install command with custom implementation using symlinks instead of copying resources
[0.232s] -- Found ament_lint_auto: 0.12.11 (/opt/ros/humble/share/ament_lint_auto/cmake)
[0.345s] -- Found rosidl_default_generators: 1.2.0 (/opt/ros/humble/share/rosidl_default_generators/cmake)
[0.348s] -- Using all available rosidl_typesupport_c: rosidl_typesupport_fastrtps_c;rosidl_typesupport_introspection_c
[0.349s] -- Found rosidl_adapter: 3.1.5 (/opt/ros/humble/share/rosidl_adapter/cmake)
[0.398s] -- Using all available rosidl_typesupport_cpp: rosidl_typesupport_fastrtps_cpp;rosidl_typesupport_introspection_cpp
[0.753s] -- Found ament_cmake_ros: 0.10.0 (/opt/ros/humble/share/ament_cmake_ros/cmake)
[1.163s] -- Using all available rosidl_typesupport_c: rosidl_typesupport_fastrtps_c;rosidl_typesupport_introspection_c
[1.608s] -- Using all available rosidl_typesupport_cpp: rosidl_typesupport_fastrtps_cpp;rosidl_typesupport_introspection_cpp
[1.650s] -- Found python_cmake_module: 0.10.0 (/opt/ros/humble/share/python_cmake_module/cmake)
[1.688s] -- Using PYTHON_EXECUTABLE: /usr/bin/python3
[1.688s] -- Using PYTHON_INCLUDE_DIRS: /usr/include/python3.10
[1.689s] -- Using PYTHON_LIBRARIES: /usr/lib/x86_64-linux-gnu/libpython3.10.so
[1.715s] -- Added test 'copyright' to check source files copyright and LICENSE
[1.717s] -- Added test 'lint_cmake' to check CMake code style
[1.719s] -- Added test 'xmllint' to check XML markup files
[1.725s] -- Configuring done
[1.784s] -- Generating done
[1.791s] -- Build files have been written to: /home/ubuntu/ros2ws/build/linkattacher_msgs
