[35m[1mConsolidate compiler generated dependencies of target ros2_grasping__rosidl_generator_c[0m
[  3%] Built target ros2_grasping__cpp
[ 12%] Built target ros2_grasping__rosidl_generator_c
[35m[1mConsolidate compiler generated dependencies of target ros2_grasping__rosidl_typesupport_cpp[0m
[35m[1mConsolidate compiler generated dependencies of target ros2_grasping__rosidl_typesupport_introspection_cpp[0m
[35m[1mConsolidate compiler generated dependencies of target ros2_grasping__rosidl_typesupport_fastrtps_cpp[0m
[ 12%] Built target ament_cmake_python_copy_ros2_grasping
[ 22%] Built target ros2_grasping__rosidl_typesupport_fastrtps_cpp
[ 32%] Built target ros2_grasping__rosidl_typesupport_introspection_cpp
[35m[1mConsolidate compiler generated dependencies of target ros2_grasping__rosidl_typesupport_fastrtps_c[0m
[ 41%] Built target ros2_grasping__rosidl_typesupport_cpp
[35m[1mConsolidate compiler generated dependencies of target ros2_grasping__rosidl_typesupport_c[0m
[35m[1mConsolidate compiler generated dependencies of target ros2_grasping__rosidl_typesupport_introspection_c[0m
[ 51%] Built target ros2_grasping__rosidl_typesupport_fastrtps_c
[ 61%] Built target ros2_grasping__rosidl_typesupport_c
[ 70%] Built target ros2_grasping__rosidl_typesupport_introspection_c
[ 70%] Built target ros2_grasping
[ 74%] Built target ros2_grasping__py
[35m[1mConsolidate compiler generated dependencies of target ros2_grasping__rosidl_generator_py[0m
[ 80%] Built target ros2_grasping__rosidl_generator_py
[35m[1mConsolidate compiler generated dependencies of target ros2_grasping__rosidl_typesupport_introspection_c__pyext[0m
[35m[1mConsolidate compiler generated dependencies of target ros2_grasping__rosidl_typesupport_fastrtps_c__pyext[0m
[35m[1mConsolidate compiler generated dependencies of target ros2_grasping__rosidl_typesupport_c__pyext[0m
[ 87%] Built target ros2_grasping__rosidl_typesupport_introspection_c__pyext
[ 93%] Built target ros2_grasping__rosidl_typesupport_c__pyext
[100%] Built target ros2_grasping__rosidl_typesupport_fastrtps_c__pyext
running egg_info
writing ros2_grasping.egg-info/PKG-INFO
writing dependency_links to ros2_grasping.egg-info/dependency_links.txt
writing top-level names to ros2_grasping.egg-info/top_level.txt
reading manifest file 'ros2_grasping.egg-info/SOURCES.txt'
writing manifest file 'ros2_grasping.egg-info/SOURCES.txt'
[100%] Built target ament_cmake_python_build_ros2_grasping_egg
-- Install configuration: ""
-- Installing: /home/ubuntu/ros2ws/install/ros2_grasping/share/ros2_grasping/urdf
-- Installing: /home/ubuntu/ros2ws/install/ros2_grasping/share/ros2_grasping/urdf/box.urdf
-- Installing: /home/ubuntu/ros2ws/install/ros2_grasping/share/ament_index/resource_index/rosidl_interfaces/ros2_grasping
-- Installing: /home/ubuntu/ros2ws/install/ros2_grasping/include/ros2_grasping/ros2_grasping
-- Installing: /home/ubuntu/ros2ws/install/ros2_grasping/include/ros2_grasping/ros2_grasping/msg
-- Installing: /home/ubuntu/ros2ws/install/ros2_grasping/include/ros2_grasping/ros2_grasping/msg/rosidl_generator_c__visibility_control.h
-- Installing: /home/ubuntu/ros2ws/install/ros2_grasping/include/ros2_grasping/ros2_grasping/action
-- Installing: /home/ubuntu/ros2ws/install/ros2_grasping/include/ros2_grasping/ros2_grasping/action/attacher.h
-- Installing: /home/ubuntu/ros2ws/install/ros2_grasping/include/ros2_grasping/ros2_grasping/action/detail
-- Installing: /home/ubuntu/ros2ws/install/ros2_grasping/include/ros2_grasping/ros2_grasping/action/detail/attacher__type_support.h
-- Installing: /home/ubuntu/ros2ws/install/ros2_grasping/include/ros2_grasping/ros2_grasping/action/detail/attacher__functions.h
-- Installing: /home/ubuntu/ros2ws/install/ros2_grasping/include/ros2_grasping/ros2_grasping/action/detail/attacher__struct.h
-- Installing: /home/ubuntu/ros2ws/install/ros2_grasping/include/ros2_grasping/ros2_grasping/action/detail/attacher__functions.c
-- Installing: /home/ubuntu/ros2ws/install/ros2_grasping/share/ros2_grasping/environment/library_path.sh
-- Installing: /home/ubuntu/ros2ws/install/ros2_grasping/share/ros2_grasping/environment/library_path.dsv
-- Installing: /home/ubuntu/ros2ws/install/ros2_grasping/lib/libros2_grasping__rosidl_generator_c.so
-- Set runtime path of "/home/ubuntu/ros2ws/install/ros2_grasping/lib/libros2_grasping__rosidl_generator_c.so" to ""
-- Up-to-date: /home/ubuntu/ros2ws/install/ros2_grasping/include/ros2_grasping/ros2_grasping
-- Up-to-date: /home/ubuntu/ros2ws/install/ros2_grasping/include/ros2_grasping/ros2_grasping/msg
-- Installing: /home/ubuntu/ros2ws/install/ros2_grasping/include/ros2_grasping/ros2_grasping/msg/rosidl_typesupport_fastrtps_c__visibility_control.h
-- Up-to-date: /home/ubuntu/ros2ws/install/ros2_grasping/include/ros2_grasping/ros2_grasping/action
-- Up-to-date: /home/ubuntu/ros2ws/install/ros2_grasping/include/ros2_grasping/ros2_grasping/action/detail
-- Installing: /home/ubuntu/ros2ws/install/ros2_grasping/include/ros2_grasping/ros2_grasping/action/detail/attacher__rosidl_typesupport_fastrtps_c.h
-- Installing: /home/ubuntu/ros2ws/install/ros2_grasping/lib/libros2_grasping__rosidl_typesupport_fastrtps_c.so
-- Set runtime path of "/home/ubuntu/ros2ws/install/ros2_grasping/lib/libros2_grasping__rosidl_typesupport_fastrtps_c.so" to ""
-- Up-to-date: /home/ubuntu/ros2ws/install/ros2_grasping/include/ros2_grasping/ros2_grasping
-- Up-to-date: /home/ubuntu/ros2ws/install/ros2_grasping/include/ros2_grasping/ros2_grasping/msg
-- Installing: /home/ubuntu/ros2ws/install/ros2_grasping/include/ros2_grasping/ros2_grasping/msg/rosidl_typesupport_introspection_c__visibility_control.h
-- Up-to-date: /home/ubuntu/ros2ws/install/ros2_grasping/include/ros2_grasping/ros2_grasping/action
-- Up-to-date: /home/ubuntu/ros2ws/install/ros2_grasping/include/ros2_grasping/ros2_grasping/action/detail
-- Installing: /home/ubuntu/ros2ws/install/ros2_grasping/include/ros2_grasping/ros2_grasping/action/detail/attacher__rosidl_typesupport_introspection_c.h
-- Installing: /home/ubuntu/ros2ws/install/ros2_grasping/include/ros2_grasping/ros2_grasping/action/detail/attacher__type_support.c
-- Installing: /home/ubuntu/ros2ws/install/ros2_grasping/lib/libros2_grasping__rosidl_typesupport_introspection_c.so
-- Set runtime path of "/home/ubuntu/ros2ws/install/ros2_grasping/lib/libros2_grasping__rosidl_typesupport_introspection_c.so" to ""
-- Installing: /home/ubuntu/ros2ws/install/ros2_grasping/lib/libros2_grasping__rosidl_typesupport_c.so
-- Set runtime path of "/home/ubuntu/ros2ws/install/ros2_grasping/lib/libros2_grasping__rosidl_typesupport_c.so" to ""
-- Up-to-date: /home/ubuntu/ros2ws/install/ros2_grasping/include/ros2_grasping/ros2_grasping
-- Up-to-date: /home/ubuntu/ros2ws/install/ros2_grasping/include/ros2_grasping/ros2_grasping/action
-- Installing: /home/ubuntu/ros2ws/install/ros2_grasping/include/ros2_grasping/ros2_grasping/action/attacher.hpp
-- Up-to-date: /home/ubuntu/ros2ws/install/ros2_grasping/include/ros2_grasping/ros2_grasping/action/detail
-- Installing: /home/ubuntu/ros2ws/install/ros2_grasping/include/ros2_grasping/ros2_grasping/action/detail/attacher__builder.hpp
-- Installing: /home/ubuntu/ros2ws/install/ros2_grasping/include/ros2_grasping/ros2_grasping/action/detail/attacher__struct.hpp
-- Installing: /home/ubuntu/ros2ws/install/ros2_grasping/include/ros2_grasping/ros2_grasping/action/detail/attacher__traits.hpp
-- Up-to-date: /home/ubuntu/ros2ws/install/ros2_grasping/include/ros2_grasping/ros2_grasping
-- Up-to-date: /home/ubuntu/ros2ws/install/ros2_grasping/include/ros2_grasping/ros2_grasping/msg
-- Installing: /home/ubuntu/ros2ws/install/ros2_grasping/include/ros2_grasping/ros2_grasping/msg/rosidl_typesupport_fastrtps_cpp__visibility_control.h
-- Up-to-date: /home/ubuntu/ros2ws/install/ros2_grasping/include/ros2_grasping/ros2_grasping/action
-- Up-to-date: /home/ubuntu/ros2ws/install/ros2_grasping/include/ros2_grasping/ros2_grasping/action/detail
-- Installing: /home/ubuntu/ros2ws/install/ros2_grasping/include/ros2_grasping/ros2_grasping/action/detail/dds_fastrtps
-- Installing: /home/ubuntu/ros2ws/install/ros2_grasping/include/ros2_grasping/ros2_grasping/action/detail/attacher__rosidl_typesupport_fastrtps_cpp.hpp
-- Installing: /home/ubuntu/ros2ws/install/ros2_grasping/lib/libros2_grasping__rosidl_typesupport_fastrtps_cpp.so
-- Set runtime path of "/home/ubuntu/ros2ws/install/ros2_grasping/lib/libros2_grasping__rosidl_typesupport_fastrtps_cpp.so" to ""
-- Up-to-date: /home/ubuntu/ros2ws/install/ros2_grasping/include/ros2_grasping/ros2_grasping
-- Up-to-date: /home/ubuntu/ros2ws/install/ros2_grasping/include/ros2_grasping/ros2_grasping/action
-- Up-to-date: /home/ubuntu/ros2ws/install/ros2_grasping/include/ros2_grasping/ros2_grasping/action/detail
-- Installing: /home/ubuntu/ros2ws/install/ros2_grasping/include/ros2_grasping/ros2_grasping/action/detail/attacher__type_support.cpp
-- Installing: /home/ubuntu/ros2ws/install/ros2_grasping/include/ros2_grasping/ros2_grasping/action/detail/attacher__rosidl_typesupport_introspection_cpp.hpp
-- Installing: /home/ubuntu/ros2ws/install/ros2_grasping/lib/libros2_grasping__rosidl_typesupport_introspection_cpp.so
-- Set runtime path of "/home/ubuntu/ros2ws/install/ros2_grasping/lib/libros2_grasping__rosidl_typesupport_introspection_cpp.so" to ""
-- Installing: /home/ubuntu/ros2ws/install/ros2_grasping/lib/libros2_grasping__rosidl_typesupport_cpp.so
-- Set runtime path of "/home/ubuntu/ros2ws/install/ros2_grasping/lib/libros2_grasping__rosidl_typesupport_cpp.so" to ""
-- Installing: /home/ubuntu/ros2ws/install/ros2_grasping/share/ros2_grasping/environment/pythonpath.sh
-- Installing: /home/ubuntu/ros2ws/install/ros2_grasping/share/ros2_grasping/environment/pythonpath.dsv
-- Installing: /home/ubuntu/ros2ws/install/ros2_grasping/local/lib/python3.10/dist-packages/ros2_grasping-0.0.0-py3.10.egg-info
-- Installing: /home/ubuntu/ros2ws/install/ros2_grasping/local/lib/python3.10/dist-packages/ros2_grasping-0.0.0-py3.10.egg-info/PKG-INFO
-- Installing: /home/ubuntu/ros2ws/install/ros2_grasping/local/lib/python3.10/dist-packages/ros2_grasping-0.0.0-py3.10.egg-info/top_level.txt
-- Installing: /home/ubuntu/ros2ws/install/ros2_grasping/local/lib/python3.10/dist-packages/ros2_grasping-0.0.0-py3.10.egg-info/dependency_links.txt
-- Installing: /home/ubuntu/ros2ws/install/ros2_grasping/local/lib/python3.10/dist-packages/ros2_grasping-0.0.0-py3.10.egg-info/SOURCES.txt
-- Installing: /home/ubuntu/ros2ws/install/ros2_grasping/local/lib/python3.10/dist-packages/ros2_grasping
-- Installing: /home/ubuntu/ros2ws/install/ros2_grasping/local/lib/python3.10/dist-packages/ros2_grasping/libros2_grasping__rosidl_generator_py.so
-- Installing: /home/ubuntu/ros2ws/install/ros2_grasping/local/lib/python3.10/dist-packages/ros2_grasping/_ros2_grasping_s.ep.rosidl_typesupport_c.c
-- Installing: /home/ubuntu/ros2ws/install/ros2_grasping/local/lib/python3.10/dist-packages/ros2_grasping/ros2_grasping_s__rosidl_typesupport_fastrtps_c.cpython-310-x86_64-linux-gnu.so
-- Installing: /home/ubuntu/ros2ws/install/ros2_grasping/local/lib/python3.10/dist-packages/ros2_grasping/_ros2_grasping_s.ep.rosidl_typesupport_fastrtps_c.c
-- Installing: /home/ubuntu/ros2ws/install/ros2_grasping/local/lib/python3.10/dist-packages/ros2_grasping/ros2_grasping_s__rosidl_typesupport_introspection_c.cpython-310-x86_64-linux-gnu.so
-- Installing: /home/ubuntu/ros2ws/install/ros2_grasping/local/lib/python3.10/dist-packages/ros2_grasping/_ros2_grasping_s.ep.rosidl_typesupport_introspection_c.c
-- Installing: /home/ubuntu/ros2ws/install/ros2_grasping/local/lib/python3.10/dist-packages/ros2_grasping/ros2_grasping_s__rosidl_typesupport_c.cpython-310-x86_64-linux-gnu.so
-- Installing: /home/ubuntu/ros2ws/install/ros2_grasping/local/lib/python3.10/dist-packages/ros2_grasping/__init__.py
-- Installing: /home/ubuntu/ros2ws/install/ros2_grasping/local/lib/python3.10/dist-packages/ros2_grasping/action
-- Installing: /home/ubuntu/ros2ws/install/ros2_grasping/local/lib/python3.10/dist-packages/ros2_grasping/action/_attacher.py
-- Installing: /home/ubuntu/ros2ws/install/ros2_grasping/local/lib/python3.10/dist-packages/ros2_grasping/action/_attacher_s.c
-- Installing: /home/ubuntu/ros2ws/install/ros2_grasping/local/lib/python3.10/dist-packages/ros2_grasping/action/__init__.py
Listing '/home/ubuntu/ros2ws/install/ros2_grasping/local/lib/python3.10/dist-packages/ros2_grasping'...
Compiling '/home/ubuntu/ros2ws/install/ros2_grasping/local/lib/python3.10/dist-packages/ros2_grasping/__init__.py'...
Listing '/home/ubuntu/ros2ws/install/ros2_grasping/local/lib/python3.10/dist-packages/ros2_grasping/action'...
Compiling '/home/ubuntu/ros2ws/install/ros2_grasping/local/lib/python3.10/dist-packages/ros2_grasping/action/__init__.py'...
Compiling '/home/ubuntu/ros2ws/install/ros2_grasping/local/lib/python3.10/dist-packages/ros2_grasping/action/_attacher.py'...
-- Installing: /home/ubuntu/ros2ws/install/ros2_grasping/local/lib/python3.10/dist-packages/ros2_grasping/ros2_grasping_s__rosidl_typesupport_fastrtps_c.cpython-310-x86_64-linux-gnu.so
-- Set runtime path of "/home/ubuntu/ros2ws/install/ros2_grasping/local/lib/python3.10/dist-packages/ros2_grasping/ros2_grasping_s__rosidl_typesupport_fastrtps_c.cpython-310-x86_64-linux-gnu.so" to ""
-- Installing: /home/ubuntu/ros2ws/install/ros2_grasping/local/lib/python3.10/dist-packages/ros2_grasping/ros2_grasping_s__rosidl_typesupport_introspection_c.cpython-310-x86_64-linux-gnu.so
-- Set runtime path of "/home/ubuntu/ros2ws/install/ros2_grasping/local/lib/python3.10/dist-packages/ros2_grasping/ros2_grasping_s__rosidl_typesupport_introspection_c.cpython-310-x86_64-linux-gnu.so" to ""
-- Installing: /home/ubuntu/ros2ws/install/ros2_grasping/local/lib/python3.10/dist-packages/ros2_grasping/ros2_grasping_s__rosidl_typesupport_c.cpython-310-x86_64-linux-gnu.so
-- Set runtime path of "/home/ubuntu/ros2ws/install/ros2_grasping/local/lib/python3.10/dist-packages/ros2_grasping/ros2_grasping_s__rosidl_typesupport_c.cpython-310-x86_64-linux-gnu.so" to ""
-- Installing: /home/ubuntu/ros2ws/install/ros2_grasping/lib/libros2_grasping__rosidl_generator_py.so
-- Set runtime path of "/home/ubuntu/ros2ws/install/ros2_grasping/lib/libros2_grasping__rosidl_generator_py.so" to ""
-- Installing: /home/ubuntu/ros2ws/install/ros2_grasping/share/ros2_grasping/action/Attacher.idl
-- Installing: /home/ubuntu/ros2ws/install/ros2_grasping/share/ros2_grasping/action/Attacher.action
-- Installing: /home/ubuntu/ros2ws/install/ros2_grasping/lib/ros2_grasping/attacher_action.py
-- Installing: /home/ubuntu/ros2ws/install/ros2_grasping/lib/ros2_grasping/spawn_object.py
-- Installing: /home/ubuntu/ros2ws/install/ros2_grasping/share/ament_index/resource_index/package_run_dependencies/ros2_grasping
-- Installing: /home/ubuntu/ros2ws/install/ros2_grasping/share/ament_index/resource_index/parent_prefix_path/ros2_grasping
-- Installing: /home/ubuntu/ros2ws/install/ros2_grasping/share/ros2_grasping/environment/ament_prefix_path.sh
-- Installing: /home/ubuntu/ros2ws/install/ros2_grasping/share/ros2_grasping/environment/ament_prefix_path.dsv
-- Installing: /home/ubuntu/ros2ws/install/ros2_grasping/share/ros2_grasping/environment/path.sh
-- Installing: /home/ubuntu/ros2ws/install/ros2_grasping/share/ros2_grasping/environment/path.dsv
-- Installing: /home/ubuntu/ros2ws/install/ros2_grasping/share/ros2_grasping/local_setup.bash
-- Installing: /home/ubuntu/ros2ws/install/ros2_grasping/share/ros2_grasping/local_setup.sh
-- Installing: /home/ubuntu/ros2ws/install/ros2_grasping/share/ros2_grasping/local_setup.zsh
-- Installing: /home/ubuntu/ros2ws/install/ros2_grasping/share/ros2_grasping/local_setup.dsv
-- Installing: /home/ubuntu/ros2ws/install/ros2_grasping/share/ros2_grasping/package.dsv
-- Installing: /home/ubuntu/ros2ws/install/ros2_grasping/share/ament_index/resource_index/packages/ros2_grasping
-- Installing: /home/ubuntu/ros2ws/install/ros2_grasping/share/ros2_grasping/cmake/export_ros2_grasping__rosidl_generator_cExport.cmake
-- Installing: /home/ubuntu/ros2ws/install/ros2_grasping/share/ros2_grasping/cmake/export_ros2_grasping__rosidl_generator_cExport-noconfig.cmake
-- Installing: /home/ubuntu/ros2ws/install/ros2_grasping/share/ros2_grasping/cmake/export_ros2_grasping__rosidl_typesupport_fastrtps_cExport.cmake
-- Installing: /home/ubuntu/ros2ws/install/ros2_grasping/share/ros2_grasping/cmake/export_ros2_grasping__rosidl_typesupport_fastrtps_cExport-noconfig.cmake
-- Installing: /home/ubuntu/ros2ws/install/ros2_grasping/share/ros2_grasping/cmake/ros2_grasping__rosidl_typesupport_introspection_cExport.cmake
-- Installing: /home/ubuntu/ros2ws/install/ros2_grasping/share/ros2_grasping/cmake/ros2_grasping__rosidl_typesupport_introspection_cExport-noconfig.cmake
-- Installing: /home/ubuntu/ros2ws/install/ros2_grasping/share/ros2_grasping/cmake/ros2_grasping__rosidl_typesupport_cExport.cmake
-- Installing: /home/ubuntu/ros2ws/install/ros2_grasping/share/ros2_grasping/cmake/ros2_grasping__rosidl_typesupport_cExport-noconfig.cmake
-- Installing: /home/ubuntu/ros2ws/install/ros2_grasping/share/ros2_grasping/cmake/export_ros2_grasping__rosidl_generator_cppExport.cmake
-- Installing: /home/ubuntu/ros2ws/install/ros2_grasping/share/ros2_grasping/cmake/export_ros2_grasping__rosidl_typesupport_fastrtps_cppExport.cmake
-- Installing: /home/ubuntu/ros2ws/install/ros2_grasping/share/ros2_grasping/cmake/export_ros2_grasping__rosidl_typesupport_fastrtps_cppExport-noconfig.cmake
-- Installing: /home/ubuntu/ros2ws/install/ros2_grasping/share/ros2_grasping/cmake/ros2_grasping__rosidl_typesupport_introspection_cppExport.cmake
-- Installing: /home/ubuntu/ros2ws/install/ros2_grasping/share/ros2_grasping/cmake/ros2_grasping__rosidl_typesupport_introspection_cppExport-noconfig.cmake
-- Installing: /home/ubuntu/ros2ws/install/ros2_grasping/share/ros2_grasping/cmake/ros2_grasping__rosidl_typesupport_cppExport.cmake
-- Installing: /home/ubuntu/ros2ws/install/ros2_grasping/share/ros2_grasping/cmake/ros2_grasping__rosidl_typesupport_cppExport-noconfig.cmake
-- Installing: /home/ubuntu/ros2ws/install/ros2_grasping/share/ros2_grasping/cmake/export_ros2_grasping__rosidl_generator_pyExport.cmake
-- Installing: /home/ubuntu/ros2ws/install/ros2_grasping/share/ros2_grasping/cmake/export_ros2_grasping__rosidl_generator_pyExport-noconfig.cmake
-- Installing: /home/ubuntu/ros2ws/install/ros2_grasping/share/ros2_grasping/cmake/rosidl_cmake-extras.cmake
-- Installing: /home/ubuntu/ros2ws/install/ros2_grasping/share/ros2_grasping/cmake/ament_cmake_export_dependencies-extras.cmake
-- Installing: /home/ubuntu/ros2ws/install/ros2_grasping/share/ros2_grasping/cmake/ament_cmake_export_include_directories-extras.cmake
-- Installing: /home/ubuntu/ros2ws/install/ros2_grasping/share/ros2_grasping/cmake/ament_cmake_export_libraries-extras.cmake
-- Installing: /home/ubuntu/ros2ws/install/ros2_grasping/share/ros2_grasping/cmake/ament_cmake_export_targets-extras.cmake
-- Installing: /home/ubuntu/ros2ws/install/ros2_grasping/share/ros2_grasping/cmake/rosidl_cmake_export_typesupport_targets-extras.cmake
-- Installing: /home/ubuntu/ros2ws/install/ros2_grasping/share/ros2_grasping/cmake/rosidl_cmake_export_typesupport_libraries-extras.cmake
-- Installing: /home/ubuntu/ros2ws/install/ros2_grasping/share/ros2_grasping/cmake/ros2_graspingConfig.cmake
-- Installing: /home/ubuntu/ros2ws/install/ros2_grasping/share/ros2_grasping/cmake/ros2_graspingConfig-version.cmake
-- Installing: /home/ubuntu/ros2ws/install/ros2_grasping/share/ros2_grasping/package.xml
