[0.011s] Invoking command in '/home/ubuntu/ros2ws/build/ros2_linkattacher': AMENT_PREFIX_PATH=/home/ubuntu/ros2ws/install/linkattacher_msgs:${AMENT_PREFIX_PATH} CMAKE_PREFIX_PATH=/home/ubuntu/ros2ws/install/linkattacher_msgs:/home/ubuntu/ros2ws/install/turtlesim:/opt/ros/humble LD_LIBRARY_PATH=/home/ubuntu/ros2ws/install/linkattacher_msgs/lib:${LD_LIBRARY_PATH} PYTHONPATH=/home/ubuntu/ros2ws/install/linkattacher_msgs/local/lib/python3.10/dist-packages:${PYTHONPATH} /usr/bin/cmake /home/ubuntu/ros2ws/src/IFRA_LinkAttacher/ros2_LinkAttacher -DCMAKE_INSTALL_PREFIX=/home/ubuntu/ros2ws/install/ros2_linkattacher
[0.080s] -- The C compiler identification is GNU 11.4.0
[0.142s] -- The CXX compiler identification is GNU 11.4.0
[0.151s] -- Detecting C compiler ABI info
[0.231s] -- Detecting C compiler ABI info - done
[0.237s] -- Check for working C compiler: /usr/bin/cc - skipped
[0.238s] -- Detecting C compile features
[0.238s] -- Detecting C compile features - done
[0.243s] -- Detecting CXX compiler ABI info
[0.333s] -- Detecting CXX compiler ABI info - done
[0.342s] -- Check for working CXX compiler: /usr/bin/c++ - skipped
[0.342s] -- Detecting CXX compile features
[0.343s] -- Detecting CXX compile features - done
[0.346s] -- Found ament_cmake: 1.3.10 (/opt/ros/humble/share/ament_cmake/cmake)
[0.518s] -- Found Python3: /usr/bin/python3 (found version "3.10.12") found components: Interpreter 
[0.612s] -- Found ament_lint_auto: 0.12.11 (/opt/ros/humble/share/ament_lint_auto/cmake)
[0.706s] -- Found gazebo_ros: 3.7.0 (/opt/ros/humble/share/gazebo_ros/cmake)
[0.757s] -- Found rosidl_generator_c: 3.1.5 (/opt/ros/humble/share/rosidl_generator_c/cmake)
[0.762s] -- Found rosidl_adapter: 3.1.5 (/opt/ros/humble/share/rosidl_adapter/cmake)
[0.771s] -- Found rosidl_generator_cpp: 3.1.5 (/opt/ros/humble/share/rosidl_generator_cpp/cmake)
[0.784s] -- Using all available rosidl_typesupport_c: rosidl_typesupport_fastrtps_c;rosidl_typesupport_introspection_c
[0.804s] -- Using all available rosidl_typesupport_cpp: rosidl_typesupport_fastrtps_cpp;rosidl_typesupport_introspection_cpp
[0.854s] -- Found rmw_implementation_cmake: 6.1.2 (/opt/ros/humble/share/rmw_implementation_cmake/cmake)
[0.857s] -- Found rmw_cyclonedds_cpp: 1.3.4 (/opt/ros/humble/share/rmw_cyclonedds_cpp/cmake)
[0.880s] -- Using RMW implementation 'rmw_cyclonedds_cpp' as default
[0.889s] -- Looking for pthread.h
[0.976s] -- Looking for pthread.h - found
[0.976s] -- Performing Test CMAKE_HAVE_LIBC_PTHREAD
[1.065s] -- Performing Test CMAKE_HAVE_LIBC_PTHREAD - Success
[1.066s] -- Found Threads: TRUE  
[1.133s] -- Found PkgConfig: /usr/bin/pkg-config (found version "0.29.2") 
[1.134s] -- Checking for module 'bullet>=2.82'
[1.151s] --   Found bullet, version 3.05
[1.279s] -- Found fcl: /usr/include (found suitable version "0.7.0", minimum required is "0.5.0") 
[1.335s] -- Found assimp: /usr/include (found version "5.2.0") 
[1.357s] -- Found DART: /usr/include (Required is at least version "6.6") found components: dart 
[1.386s] -- Found Boost: /usr/lib/x86_64-linux-gnu/cmake/Boost-1.74.0/BoostConfig.cmake (found suitable version "1.74.0", minimum required is "1.40.0") found components: thread system filesystem program_options regex iostreams date_time 
[1.400s] -- Found Protobuf: /usr/lib/x86_64-linux-gnu/libprotobuf.so (found version "3.12.4") 
[1.408s] -- Looking for ignition-math6 -- found version 6.15.1
[1.418s] -- Searching for dependencies of ignition-math6
[1.423s] -- Looking for OGRE...
[1.423s] -- OGRE_PREFIX_WATCH changed.
[1.427s] -- Checking for module 'OGRE'
[1.443s] --   Found OGRE, version 1.9.0
[1.485s] -- Found Ogre Ghadamon (1.9.0)
[1.494s] -- Found OGRE: optimized;/usr/lib/x86_64-linux-gnu/libOgreMain.so;debug;/usr/lib/x86_64-linux-gnu/libOgreMain.so
[1.504s] -- Looking for OGRE_Paging...
[1.509s] -- Found OGRE_Paging: optimized;/usr/lib/x86_64-linux-gnu/libOgrePaging.so;debug;/usr/lib/x86_64-linux-gnu/libOgrePaging.so
[1.509s] -- Looking for OGRE_Terrain...
[1.513s] -- Found OGRE_Terrain: optimized;/usr/lib/x86_64-linux-gnu/libOgreTerrain.so;debug;/usr/lib/x86_64-linux-gnu/libOgreTerrain.so
[1.513s] -- Looking for OGRE_Property...
[1.518s] -- Found OGRE_Property: optimized;/usr/lib/x86_64-linux-gnu/libOgreProperty.so;debug;/usr/lib/x86_64-linux-gnu/libOgreProperty.so
[1.518s] -- Looking for OGRE_RTShaderSystem...
[1.522s] -- Found OGRE_RTShaderSystem: optimized;/usr/lib/x86_64-linux-gnu/libOgreRTShaderSystem.so;debug;/usr/lib/x86_64-linux-gnu/libOgreRTShaderSystem.so
[1.522s] -- Looking for OGRE_Volume...
[1.526s] -- Found OGRE_Volume: optimized;/usr/lib/x86_64-linux-gnu/libOgreVolume.so;debug;/usr/lib/x86_64-linux-gnu/libOgreVolume.so
[1.526s] -- Looking for OGRE_Overlay...
[1.531s] -- Found OGRE_Overlay: optimized;/usr/lib/x86_64-linux-gnu/libOgreOverlay.so;debug;/usr/lib/x86_64-linux-gnu/libOgreOverlay.so
[1.638s] -- Looking for ignition-math6 -- found version 6.15.1
[1.642s] -- Looking for ignition-transport8 -- found version 8.2.1
[1.643s] -- Searching for dependencies of ignition-transport8
[1.664s] -- Found Protobuf: /usr/lib/x86_64-linux-gnu/libprotobuf.so (found suitable version "3.12.4", minimum required is "3") 
[1.674s] -- Config-file not installed for ZeroMQ -- checking for pkg-config
[1.680s] -- Checking for module 'libzmq >= 4'
[1.697s] --   Found libzmq , version 4.3.4
[1.740s] -- Found ZeroMQ: TRUE (Required is at least version "4") 
[1.748s] -- Checking for module 'uuid'
[1.766s] --   Found uuid, version 2.37.2
[1.804s] -- Found UUID: TRUE  
[1.807s] -- Looking for ignition-msgs5 -- found version 5.8.1
[1.808s] -- Searching for dependencies of ignition-msgs5
[1.827s] -- Looking for ignition-math6 -- found version 6.15.1
[1.834s] -- Checking for module 'tinyxml2'
[1.853s] --   Found tinyxml2, version 9.0.0
[1.895s] -- Looking for ignition-msgs5 -- found version 5.8.1
[1.898s] -- Looking for ignition-common3 -- found version 3.14.0
[1.898s] -- Searching for dependencies of ignition-common3
[1.899s] -- Looking for dlfcn.h - found
[1.899s] -- Looking for libdl - found
[1.901s] -- Found DL: TRUE  
[1.914s] -- Found tinyobjloader: /usr/lib/x86_64-linux-gnu/cmake/tinyobjloader/tinyobjloader-config.cmake (found version "2.0.0") 
[1.915s] -- Searching for <ignition-common3> component [graphics]
[1.918s] -- Looking for ignition-common3-graphics -- found version 3.14.0
[1.918s] -- Searching for dependencies of ignition-common3-graphics
[1.919s] -- Looking for ignition-math6 -- found version 6.15.1
[1.923s] -- Looking for ignition-fuel_tools4 -- found version 4.4.0
[1.923s] -- Searching for dependencies of ignition-fuel_tools4
[2.010s] -- Found CURL: /usr/lib/x86_64-linux-gnu/libcurl.so (found version "7.81.0")  
[2.021s] -- Checking for module 'jsoncpp'
[2.037s] --   Found jsoncpp, version 1.9.5
[2.081s] -- Found JSONCPP: TRUE  
[2.090s] -- Checking for module 'libzip'
[2.105s] --   Found libzip, version 1.7.3
[2.144s] -- Found ZIP: TRUE  
[2.145s] -- Looking for ignition-common3 -- found version 3.14.0
[2.145s] -- Looking for ignition-math6 -- found version 6.15.1
[2.146s] -- Looking for ignition-msgs5 -- found version 5.8.1
[2.151s] -- Gazebo version: 11.10
[2.152s] -- Checking for module 'tbb'
[2.171s] --   Found tbb, version 2021.5.0
[2.212s] -- Found gazebo_msgs: 3.7.0 (/opt/ros/humble/share/gazebo_msgs/cmake)
[2.278s] -- Found linkattacher_msgs: 0.0.0 (/home/ubuntu/ros2ws/install/linkattacher_msgs/share/linkattacher_msgs/cmake)
[2.295s] -- Added test 'copyright' to check source files copyright and LICENSE
[2.297s] -- Added test 'cppcheck' to perform static code analysis on C / C++ code
[2.297s] -- Configured cppcheck include dirs: /home/ubuntu/ros2ws/src/IFRA_LinkAttacher/ros2_LinkAttacher/include
[2.297s] -- Configured cppcheck exclude dirs and/or files: 
[2.298s] -- Added test 'cpplint' to check C / C++ code against the Google style
[2.298s] -- Configured cpplint exclude dirs and/or files: 
[2.299s] -- Added test 'lint_cmake' to check CMake code style
[2.300s] -- Added test 'uncrustify' to check C / C++ code style
[2.300s] -- Configured uncrustify additional arguments: 
[2.301s] -- Added test 'xmllint' to check XML markup files
[2.303s] -- Configuring done
[2.447s] -- Generating done
[2.450s] -- Build files have been written to: /home/ubuntu/ros2ws/build/ros2_linkattacher
[2.469s] Invoked command in '/home/ubuntu/ros2ws/build/ros2_linkattacher' returned '0': AMENT_PREFIX_PATH=/home/ubuntu/ros2ws/install/linkattacher_msgs:${AMENT_PREFIX_PATH} CMAKE_PREFIX_PATH=/home/ubuntu/ros2ws/install/linkattacher_msgs:/home/ubuntu/ros2ws/install/turtlesim:/opt/ros/humble LD_LIBRARY_PATH=/home/ubuntu/ros2ws/install/linkattacher_msgs/lib:${LD_LIBRARY_PATH} PYTHONPATH=/home/ubuntu/ros2ws/install/linkattacher_msgs/local/lib/python3.10/dist-packages:${PYTHONPATH} /usr/bin/cmake /home/ubuntu/ros2ws/src/IFRA_LinkAttacher/ros2_LinkAttacher -DCMAKE_INSTALL_PREFIX=/home/ubuntu/ros2ws/install/ros2_linkattacher
[2.471s] Invoking command in '/home/ubuntu/ros2ws/build/ros2_linkattacher': AMENT_PREFIX_PATH=/home/ubuntu/ros2ws/install/linkattacher_msgs:${AMENT_PREFIX_PATH} CMAKE_PREFIX_PATH=/home/ubuntu/ros2ws/install/linkattacher_msgs:/home/ubuntu/ros2ws/install/turtlesim:/opt/ros/humble LD_LIBRARY_PATH=/home/ubuntu/ros2ws/install/linkattacher_msgs/lib:${LD_LIBRARY_PATH} PYTHONPATH=/home/ubuntu/ros2ws/install/linkattacher_msgs/local/lib/python3.10/dist-packages:${PYTHONPATH} /usr/bin/cmake --build /home/ubuntu/ros2ws/build/ros2_linkattacher -- -j4 -l4
[2.534s] [ 50%] [32mBuilding CXX object CMakeFiles/gazebo_link_attacher.dir/src/gazebo_link_attacher.cpp.o[0m
[17.070s] [100%] [32m[1mLinking CXX shared library libgazebo_link_attacher.so[0m
[17.777s] [100%] Built target gazebo_link_attacher
[17.791s] Invoked command in '/home/ubuntu/ros2ws/build/ros2_linkattacher' returned '0': AMENT_PREFIX_PATH=/home/ubuntu/ros2ws/install/linkattacher_msgs:${AMENT_PREFIX_PATH} CMAKE_PREFIX_PATH=/home/ubuntu/ros2ws/install/linkattacher_msgs:/home/ubuntu/ros2ws/install/turtlesim:/opt/ros/humble LD_LIBRARY_PATH=/home/ubuntu/ros2ws/install/linkattacher_msgs/lib:${LD_LIBRARY_PATH} PYTHONPATH=/home/ubuntu/ros2ws/install/linkattacher_msgs/local/lib/python3.10/dist-packages:${PYTHONPATH} /usr/bin/cmake --build /home/ubuntu/ros2ws/build/ros2_linkattacher -- -j4 -l4
[17.829s] Invoking command in '/home/ubuntu/ros2ws/build/ros2_linkattacher': AMENT_PREFIX_PATH=/home/ubuntu/ros2ws/install/linkattacher_msgs:${AMENT_PREFIX_PATH} CMAKE_PREFIX_PATH=/home/ubuntu/ros2ws/install/linkattacher_msgs:/home/ubuntu/ros2ws/install/turtlesim:/opt/ros/humble LD_LIBRARY_PATH=/home/ubuntu/ros2ws/install/linkattacher_msgs/lib:${LD_LIBRARY_PATH} PYTHONPATH=/home/ubuntu/ros2ws/install/linkattacher_msgs/local/lib/python3.10/dist-packages:${PYTHONPATH} /usr/bin/cmake --install /home/ubuntu/ros2ws/build/ros2_linkattacher
[17.837s] -- Install configuration: ""
[17.837s] -- Installing: /home/ubuntu/ros2ws/install/ros2_linkattacher/share/ros2_linkattacher/environment/library_path.sh
[17.838s] -- Installing: /home/ubuntu/ros2ws/install/ros2_linkattacher/share/ros2_linkattacher/environment/library_path.dsv
[17.838s] -- Installing: /home/ubuntu/ros2ws/install/ros2_linkattacher/lib/libgazebo_link_attacher.so
[17.840s] -- Set runtime path of "/home/ubuntu/ros2ws/install/ros2_linkattacher/lib/libgazebo_link_attacher.so" to ""
[17.841s] -- Installing: /home/ubuntu/ros2ws/install/ros2_linkattacher/share/ament_index/resource_index/package_run_dependencies/ros2_linkattacher
[17.841s] -- Installing: /home/ubuntu/ros2ws/install/ros2_linkattacher/share/ament_index/resource_index/parent_prefix_path/ros2_linkattacher
[17.841s] -- Installing: /home/ubuntu/ros2ws/install/ros2_linkattacher/share/ros2_linkattacher/environment/ament_prefix_path.sh
[17.841s] -- Installing: /home/ubuntu/ros2ws/install/ros2_linkattacher/share/ros2_linkattacher/environment/ament_prefix_path.dsv
[17.842s] -- Installing: /home/ubuntu/ros2ws/install/ros2_linkattacher/share/ros2_linkattacher/environment/path.sh
[17.842s] -- Installing: /home/ubuntu/ros2ws/install/ros2_linkattacher/share/ros2_linkattacher/environment/path.dsv
[17.842s] -- Installing: /home/ubuntu/ros2ws/install/ros2_linkattacher/share/ros2_linkattacher/local_setup.bash
[17.842s] -- Installing: /home/ubuntu/ros2ws/install/ros2_linkattacher/share/ros2_linkattacher/local_setup.sh
[17.842s] -- Installing: /home/ubuntu/ros2ws/install/ros2_linkattacher/share/ros2_linkattacher/local_setup.zsh
[17.842s] -- Installing: /home/ubuntu/ros2ws/install/ros2_linkattacher/share/ros2_linkattacher/local_setup.dsv
[17.843s] -- Installing: /home/ubuntu/ros2ws/install/ros2_linkattacher/share/ros2_linkattacher/package.dsv
[17.843s] -- Installing: /home/ubuntu/ros2ws/install/ros2_linkattacher/share/ament_index/resource_index/packages/ros2_linkattacher
[17.843s] -- Installing: /home/ubuntu/ros2ws/install/ros2_linkattacher/share/ros2_linkattacher/cmake/ament_cmake_export_libraries-extras.cmake
[17.843s] -- Installing: /home/ubuntu/ros2ws/install/ros2_linkattacher/share/ros2_linkattacher/cmake/ros2_linkattacherConfig.cmake
[17.843s] -- Installing: /home/ubuntu/ros2ws/install/ros2_linkattacher/share/ros2_linkattacher/cmake/ros2_linkattacherConfig-version.cmake
[17.843s] -- Installing: /home/ubuntu/ros2ws/install/ros2_linkattacher/share/ros2_linkattacher/package.xml
[17.847s] Invoked command in '/home/ubuntu/ros2ws/build/ros2_linkattacher' returned '0': AMENT_PREFIX_PATH=/home/ubuntu/ros2ws/install/linkattacher_msgs:${AMENT_PREFIX_PATH} CMAKE_PREFIX_PATH=/home/ubuntu/ros2ws/install/linkattacher_msgs:/home/ubuntu/ros2ws/install/turtlesim:/opt/ros/humble LD_LIBRARY_PATH=/home/ubuntu/ros2ws/install/linkattacher_msgs/lib:${LD_LIBRARY_PATH} PYTHONPATH=/home/ubuntu/ros2ws/install/linkattacher_msgs/local/lib/python3.10/dist-packages:${PYTHONPATH} /usr/bin/cmake --install /home/ubuntu/ros2ws/build/ros2_linkattacher
