[0.049s] Invoking command in '/home/ubuntu/ros2ws/build/moveit_resources_panda_description': CMAKE_PREFIX_PATH=${CMAKE_PREFIX_PATH}:/home/ubuntu/ros2ws/install/testV1:/home/ubuntu/ros2ws/install/gui_subscriber:/home/ubuntu/ros2ws/install/robot_letter_writer:/opt/ros/humble /usr/bin/cmake /home/ubuntu/ros2ws/src/moveit_resources/panda_description -DCMAKE_INSTALL_PREFIX=/home/ubuntu/ros2ws/install/moveit_resources_panda_description
[0.577s] -- The C compiler identification is GNU 11.4.0
[0.773s] -- The CXX compiler identification is GNU 11.4.0
[0.786s] -- Detecting C compiler ABI info
[0.920s] -- Detecting C compiler ABI info - done
[0.934s] -- Check for working C compiler: /usr/bin/cc - skipped
[0.936s] -- Detecting C compile features
[0.936s] -- Detecting C compile features - done
[0.942s] -- Detecting CXX compiler ABI info
[1.082s] -- Detecting CXX compiler ABI info - done
[1.099s] -- Check for working CXX compiler: /usr/bin/c++ - skipped
[1.099s] -- Detecting CXX compile features
[1.102s] -- Detecting CXX compile features - done
[1.112s] -- Found ament_cmake: 1.3.10 (/opt/ros/humble/share/ament_cmake/cmake)
[1.395s] -- Found Python3: /usr/bin/python3 (found version "3.10.12") found components: Interpreter 
[1.805s] -- Configuring done
[1.811s] -- Generating done
[1.811s] -- Build files have been written to: /home/ubuntu/ros2ws/build/moveit_resources_panda_description
[1.816s] Invoked command in '/home/ubuntu/ros2ws/build/moveit_resources_panda_description' returned '0': CMAKE_PREFIX_PATH=${CMAKE_PREFIX_PATH}:/home/ubuntu/ros2ws/install/testV1:/home/ubuntu/ros2ws/install/gui_subscriber:/home/ubuntu/ros2ws/install/robot_letter_writer:/opt/ros/humble /usr/bin/cmake /home/ubuntu/ros2ws/src/moveit_resources/panda_description -DCMAKE_INSTALL_PREFIX=/home/ubuntu/ros2ws/install/moveit_resources_panda_description
[1.817s] Invoking command in '/home/ubuntu/ros2ws/build/moveit_resources_panda_description': CMAKE_PREFIX_PATH=${CMAKE_PREFIX_PATH}:/home/ubuntu/ros2ws/install/testV1:/home/ubuntu/ros2ws/install/gui_subscriber:/home/ubuntu/ros2ws/install/robot_letter_writer:/opt/ros/humble /usr/bin/cmake --build /home/ubuntu/ros2ws/build/moveit_resources_panda_description -- -j4 -l4
[1.877s] Invoked command in '/home/ubuntu/ros2ws/build/moveit_resources_panda_description' returned '0': CMAKE_PREFIX_PATH=${CMAKE_PREFIX_PATH}:/home/ubuntu/ros2ws/install/testV1:/home/ubuntu/ros2ws/install/gui_subscriber:/home/ubuntu/ros2ws/install/robot_letter_writer:/opt/ros/humble /usr/bin/cmake --build /home/ubuntu/ros2ws/build/moveit_resources_panda_description -- -j4 -l4
[1.911s] Invoking command in '/home/ubuntu/ros2ws/build/moveit_resources_panda_description': CMAKE_PREFIX_PATH=${CMAKE_PREFIX_PATH}:/home/ubuntu/ros2ws/install/testV1:/home/ubuntu/ros2ws/install/gui_subscriber:/home/ubuntu/ros2ws/install/robot_letter_writer:/opt/ros/humble /usr/bin/cmake --install /home/ubuntu/ros2ws/build/moveit_resources_panda_description
[1.925s] -- Install configuration: ""
[1.925s] -- Installing: /home/ubuntu/ros2ws/install/moveit_resources_panda_description/share/ament_index/resource_index/package_run_dependencies/moveit_resources_panda_description
[1.925s] -- Installing: /home/ubuntu/ros2ws/install/moveit_resources_panda_description/share/ament_index/resource_index/parent_prefix_path/moveit_resources_panda_description
[1.925s] -- Installing: /home/ubuntu/ros2ws/install/moveit_resources_panda_description/share/moveit_resources_panda_description/environment/ament_prefix_path.sh
[1.926s] -- Installing: /home/ubuntu/ros2ws/install/moveit_resources_panda_description/share/moveit_resources_panda_description/environment/ament_prefix_path.dsv
[1.926s] -- Installing: /home/ubuntu/ros2ws/install/moveit_resources_panda_description/share/moveit_resources_panda_description/environment/path.sh
[1.926s] -- Installing: /home/ubuntu/ros2ws/install/moveit_resources_panda_description/share/moveit_resources_panda_description/environment/path.dsv
[1.926s] -- Installing: /home/ubuntu/ros2ws/install/moveit_resources_panda_description/share/moveit_resources_panda_description/local_setup.bash
[1.927s] -- Installing: /home/ubuntu/ros2ws/install/moveit_resources_panda_description/share/moveit_resources_panda_description/local_setup.sh
[1.928s] -- Installing: /home/ubuntu/ros2ws/install/moveit_resources_panda_description/share/moveit_resources_panda_description/local_setup.zsh
[1.928s] -- Installing: /home/ubuntu/ros2ws/install/moveit_resources_panda_description/share/moveit_resources_panda_description/local_setup.dsv
[1.928s] -- Installing: /home/ubuntu/ros2ws/install/moveit_resources_panda_description/share/moveit_resources_panda_description/package.dsv
[1.928s] -- Installing: /home/ubuntu/ros2ws/install/moveit_resources_panda_description/share/ament_index/resource_index/packages/moveit_resources_panda_description
[1.928s] -- Installing: /home/ubuntu/ros2ws/install/moveit_resources_panda_description/share/moveit_resources_panda_description/cmake/moveit_resources_panda_descriptionConfig.cmake
[1.928s] -- Installing: /home/ubuntu/ros2ws/install/moveit_resources_panda_description/share/moveit_resources_panda_description/cmake/moveit_resources_panda_descriptionConfig-version.cmake
[1.929s] -- Installing: /home/ubuntu/ros2ws/install/moveit_resources_panda_description/share/moveit_resources_panda_description/package.xml
[1.929s] -- Installing: /home/ubuntu/ros2ws/install/moveit_resources_panda_description/share/moveit_resources_panda_description/meshes
[1.929s] -- Installing: /home/ubuntu/ros2ws/install/moveit_resources_panda_description/share/moveit_resources_panda_description/meshes/collision
[1.929s] -- Installing: /home/ubuntu/ros2ws/install/moveit_resources_panda_description/share/moveit_resources_panda_description/meshes/collision/link4.stl
[1.929s] -- Installing: /home/ubuntu/ros2ws/install/moveit_resources_panda_description/share/moveit_resources_panda_description/meshes/collision/link3.stl
[1.929s] -- Installing: /home/ubuntu/ros2ws/install/moveit_resources_panda_description/share/moveit_resources_panda_description/meshes/collision/link0.stl
[1.929s] -- Installing: /home/ubuntu/ros2ws/install/moveit_resources_panda_description/share/moveit_resources_panda_description/meshes/collision/link1.stl
[1.929s] -- Installing: /home/ubuntu/ros2ws/install/moveit_resources_panda_description/share/moveit_resources_panda_description/meshes/collision/finger.stl
[1.929s] -- Installing: /home/ubuntu/ros2ws/install/moveit_resources_panda_description/share/moveit_resources_panda_description/meshes/collision/hand.stl
[1.929s] -- Installing: /home/ubuntu/ros2ws/install/moveit_resources_panda_description/share/moveit_resources_panda_description/meshes/collision/link7.stl
[1.929s] -- Installing: /home/ubuntu/ros2ws/install/moveit_resources_panda_description/share/moveit_resources_panda_description/meshes/collision/link5.stl
[1.930s] -- Installing: /home/ubuntu/ros2ws/install/moveit_resources_panda_description/share/moveit_resources_panda_description/meshes/collision/link2.stl
[1.930s] -- Installing: /home/ubuntu/ros2ws/install/moveit_resources_panda_description/share/moveit_resources_panda_description/meshes/collision/link6.stl
[1.930s] -- Installing: /home/ubuntu/ros2ws/install/moveit_resources_panda_description/share/moveit_resources_panda_description/meshes/visual
[1.930s] -- Installing: /home/ubuntu/ros2ws/install/moveit_resources_panda_description/share/moveit_resources_panda_description/meshes/visual/link0.dae
[1.930s] -- Installing: /home/ubuntu/ros2ws/install/moveit_resources_panda_description/share/moveit_resources_panda_description/meshes/visual/link6.dae
[1.932s] -- Installing: /home/ubuntu/ros2ws/install/moveit_resources_panda_description/share/moveit_resources_panda_description/meshes/visual/link1.dae
[1.932s] -- Installing: /home/ubuntu/ros2ws/install/moveit_resources_panda_description/share/moveit_resources_panda_description/meshes/visual/link7.dae
[1.934s] -- Installing: /home/ubuntu/ros2ws/install/moveit_resources_panda_description/share/moveit_resources_panda_description/meshes/visual/link5.dae
[1.934s] -- Installing: /home/ubuntu/ros2ws/install/moveit_resources_panda_description/share/moveit_resources_panda_description/meshes/visual/link3.dae
[1.935s] -- Installing: /home/ubuntu/ros2ws/install/moveit_resources_panda_description/share/moveit_resources_panda_description/meshes/visual/link2.dae
[1.937s] -- Installing: /home/ubuntu/ros2ws/install/moveit_resources_panda_description/share/moveit_resources_panda_description/meshes/visual/link4.dae
[1.939s] -- Installing: /home/ubuntu/ros2ws/install/moveit_resources_panda_description/share/moveit_resources_panda_description/meshes/visual/finger.dae
[1.939s] -- Installing: /home/ubuntu/ros2ws/install/moveit_resources_panda_description/share/moveit_resources_panda_description/meshes/visual/hand.dae
[1.941s] -- Installing: /home/ubuntu/ros2ws/install/moveit_resources_panda_description/share/moveit_resources_panda_description/urdf
[1.941s] -- Installing: /home/ubuntu/ros2ws/install/moveit_resources_panda_description/share/moveit_resources_panda_description/urdf/panda.urdf
[1.944s] Invoked command in '/home/ubuntu/ros2ws/build/moveit_resources_panda_description' returned '0': CMAKE_PREFIX_PATH=${CMAKE_PREFIX_PATH}:/home/ubuntu/ros2ws/install/testV1:/home/ubuntu/ros2ws/install/gui_subscriber:/home/ubuntu/ros2ws/install/robot_letter_writer:/opt/ros/humble /usr/bin/cmake --install /home/ubuntu/ros2ws/build/moveit_resources_panda_description
