running egg_info
writing ../../build/robot_letter_writer/robot_letter_writer.egg-info/PKG-INFO
writing dependency_links to ../../build/robot_letter_writer/robot_letter_writer.egg-info/dependency_links.txt
writing entry points to ../../build/robot_letter_writer/robot_letter_writer.egg-info/entry_points.txt
writing requirements to ../../build/robot_letter_writer/robot_letter_writer.egg-info/requires.txt
writing top-level names to ../../build/robot_letter_writer/robot_letter_writer.egg-info/top_level.txt
reading manifest file '../../build/robot_letter_writer/robot_letter_writer.egg-info/SOURCES.txt'
writing manifest file '../../build/robot_letter_writer/robot_letter_writer.egg-info/SOURCES.txt'
running build
running build_py
copying robot_letter_writer/letter_writer_V2.py -> /home/ubuntu/ros2ws/build/robot_letter_writer/build/lib/robot_letter_writer
running install
running install_lib
copying /home/ubuntu/ros2ws/build/robot_letter_writer/build/lib/robot_letter_writer/letter_writer_V2.py -> /home/ubuntu/ros2ws/install/robot_letter_writer/lib/python3.10/site-packages/robot_letter_writer
byte-compiling /home/ubuntu/ros2ws/install/robot_letter_writer/lib/python3.10/site-packages/robot_letter_writer/letter_writer_V2.py to letter_writer_V2.cpython-310.pyc
running install_data
running install_egg_info
removing '/home/ubuntu/ros2ws/install/robot_letter_writer/lib/python3.10/site-packages/robot_letter_writer-0.0.0-py3.10.egg-info' (and everything under it)
Copying ../../build/robot_letter_writer/robot_letter_writer.egg-info to /home/ubuntu/ros2ws/install/robot_letter_writer/lib/python3.10/site-packages/robot_letter_writer-0.0.0-py3.10.egg-info
running install_scripts
Installing robot_letter_writer_node script to /home/ubuntu/ros2ws/install/robot_letter_writer/lib/robot_letter_writer
Installing robot_mover script to /home/ubuntu/ros2ws/install/robot_letter_writer/lib/robot_letter_writer
writing list of installed files to '/home/ubuntu/ros2ws/build/robot_letter_writer/install.log'
