[0.012s] Invoking command in '/home/ubuntu/ros2ws/build/abb_egm_msgs': CMAKE_PREFIX_PATH=${CMAKE_PREFIX_PATH}:/opt/ros/humble /usr/bin/cmake /home/ubuntu/ros2ws/src/ABBDriver/abb_ros2_msgs/abb_egm_msgs -DCMAKE_INSTALL_PREFIX=/home/ubuntu/ros2ws/install/abb_egm_msgs
[0.128s] -- The C compiler identification is GNU 11.4.0
[0.237s] -- The CXX compiler identification is GNU 11.4.0
[0.253s] -- Detecting C compiler ABI info
[0.384s] -- Detecting C compiler ABI info - done
[0.394s] -- Check for working C compiler: /usr/bin/cc - skipped
[0.395s] -- Detecting C compile features
[0.395s] -- Detecting C compile features - done
[0.400s] -- Detecting CXX compiler ABI info
[0.563s] -- Detecting CXX compiler ABI info - done
[0.574s] -- Check for working CXX compiler: /usr/bin/c++ - skipped
[0.575s] -- Detecting CXX compile features
[0.576s] -- Detecting CXX compile features - done
[0.580s] -- Found ament_cmake: 1.3.10 (/opt/ros/humble/share/ament_cmake/cmake)
[0.909s] -- Found Python3: /usr/bin/python3 (found version "3.10.12") found components: Interpreter 
[1.073s] -- Found rosidl_default_generators: 1.2.0 (/opt/ros/humble/share/rosidl_default_generators/cmake)
[1.086s] -- Using all available rosidl_typesupport_c: rosidl_typesupport_fastrtps_c;rosidl_typesupport_introspection_c
[1.103s] -- Found rosidl_adapter: 3.1.5 (/opt/ros/humble/share/rosidl_adapter/cmake)
[1.185s] -- Using all available rosidl_typesupport_cpp: rosidl_typesupport_fastrtps_cpp;rosidl_typesupport_introspection_cpp
[1.263s] -- Found std_msgs: 4.2.4 (/opt/ros/humble/share/std_msgs/cmake)
[1.819s] -- Found ament_cmake_ros: 0.10.0 (/opt/ros/humble/share/ament_cmake_ros/cmake)
[2.225s] -- Using all available rosidl_typesupport_c: rosidl_typesupport_fastrtps_c;rosidl_typesupport_introspection_c
[2.740s] -- Using all available rosidl_typesupport_cpp: rosidl_typesupport_fastrtps_cpp;rosidl_typesupport_introspection_cpp
[2.780s] -- Found PythonInterp: /usr/bin/python3 (found suitable version "3.10.12", minimum required is "3.6") 
[2.784s] -- Found python_cmake_module: 0.10.0 (/opt/ros/humble/share/python_cmake_module/cmake)
[2.834s] -- Found PythonLibs: /usr/lib/x86_64-linux-gnu/libpython3.10.so (found suitable version "3.10.12", minimum required is "3.5") 
[2.834s] -- Using PYTHON_EXECUTABLE: /usr/bin/python3
[2.835s] -- Using PYTHON_INCLUDE_DIRS: /usr/include/python3.10
[2.835s] -- Using PYTHON_LIBRARIES: /usr/lib/x86_64-linux-gnu/libpython3.10.so
[2.875s] -- Found PythonExtra: .so  
[3.004s] -- Configuring done
[3.077s] -- Generating done
[3.086s] -- Build files have been written to: /home/ubuntu/ros2ws/build/abb_egm_msgs
[3.101s] Invoked command in '/home/ubuntu/ros2ws/build/abb_egm_msgs' returned '0': CMAKE_PREFIX_PATH=${CMAKE_PREFIX_PATH}:/opt/ros/humble /usr/bin/cmake /home/ubuntu/ros2ws/src/ABBDriver/abb_ros2_msgs/abb_egm_msgs -DCMAKE_INSTALL_PREFIX=/home/ubuntu/ros2ws/install/abb_egm_msgs
[3.108s] Invoking command in '/home/ubuntu/ros2ws/build/abb_egm_msgs': CMAKE_PREFIX_PATH=${CMAKE_PREFIX_PATH}:/opt/ros/humble /usr/bin/cmake --build /home/ubuntu/ros2ws/build/abb_egm_msgs -- -j4 -l4
[3.210s] [  2%] [34m[1mGenerating C++ code for ROS interfaces[0m
[4.113s] [  2%] Built target abb_egm_msgs__cpp
[4.169s] [  2%] Built target ament_cmake_python_copy_abb_egm_msgs
[4.191s] [  5%] [34m[1mGenerating C++ type support for eProsima Fast-RTPS[0m
[5.095s] [  7%] [32mBuilding CXX object CMakeFiles/abb_egm_msgs__rosidl_typesupport_fastrtps_cpp.dir/rosidl_typesupport_fastrtps_cpp/abb_egm_msgs/msg/detail/dds_fastrtps/egm_channel_state__type_support.cpp.o[0m
[5.787s] [ 10%] [32mBuilding CXX object CMakeFiles/abb_egm_msgs__rosidl_typesupport_fastrtps_cpp.dir/rosidl_typesupport_fastrtps_cpp/abb_egm_msgs/msg/detail/dds_fastrtps/egm_state__type_support.cpp.o[0m
[6.544s] [ 12%] [32m[1mLinking CXX shared library libabb_egm_msgs__rosidl_typesupport_fastrtps_cpp.so[0m
[6.692s] [ 12%] Built target abb_egm_msgs__rosidl_typesupport_fastrtps_cpp
[6.713s] [ 15%] [34m[1mGenerating C++ introspection for ROS interfaces[0m
[7.567s] [ 17%] [32mBuilding CXX object CMakeFiles/abb_egm_msgs__rosidl_typesupport_introspection_cpp.dir/rosidl_typesupport_introspection_cpp/abb_egm_msgs/msg/detail/egm_channel_state__type_support.cpp.o[0m
[8.281s] [ 20%] [32mBuilding CXX object CMakeFiles/abb_egm_msgs__rosidl_typesupport_introspection_cpp.dir/rosidl_typesupport_introspection_cpp/abb_egm_msgs/msg/detail/egm_state__type_support.cpp.o[0m
[9.049s] [ 23%] [32m[1mLinking CXX shared library libabb_egm_msgs__rosidl_typesupport_introspection_cpp.so[0m
[9.219s] [ 23%] Built target abb_egm_msgs__rosidl_typesupport_introspection_cpp
[9.699s] running egg_info
[9.701s] creating abb_egm_msgs.egg-info
[9.702s] writing abb_egm_msgs.egg-info/PKG-INFO
[9.702s] writing dependency_links to abb_egm_msgs.egg-info/dependency_links.txt
[9.703s] writing top-level names to abb_egm_msgs.egg-info/top_level.txt
[9.704s] writing manifest file 'abb_egm_msgs.egg-info/SOURCES.txt'
[9.708s] reading manifest file 'abb_egm_msgs.egg-info/SOURCES.txt'
[9.708s] writing manifest file 'abb_egm_msgs.egg-info/SOURCES.txt'
[9.762s] [ 23%] Built target ament_cmake_python_build_abb_egm_msgs_egg
[9.787s] [ 25%] [34m[1mGenerating C++ type support dispatch for ROS interfaces[0m
[10.591s] [ 28%] [32mBuilding CXX object CMakeFiles/abb_egm_msgs__rosidl_typesupport_cpp.dir/rosidl_typesupport_cpp/abb_egm_msgs/msg/egm_channel_state__type_support.cpp.o[0m
[11.120s] [ 30%] [32mBuilding CXX object CMakeFiles/abb_egm_msgs__rosidl_typesupport_cpp.dir/rosidl_typesupport_cpp/abb_egm_msgs/msg/egm_state__type_support.cpp.o[0m
[11.612s] [ 33%] [32m[1mLinking CXX shared library libabb_egm_msgs__rosidl_typesupport_cpp.so[0m
[11.692s] [ 33%] Built target abb_egm_msgs__rosidl_typesupport_cpp
[11.711s] [ 35%] [34m[1mGenerating C code for ROS interfaces[0m
[12.726s] [ 38%] [32mBuilding C object CMakeFiles/abb_egm_msgs__rosidl_generator_c.dir/rosidl_generator_c/abb_egm_msgs/msg/detail/egm_channel_state__functions.c.o[0m
[12.821s] [ 41%] [32mBuilding C object CMakeFiles/abb_egm_msgs__rosidl_generator_c.dir/rosidl_generator_c/abb_egm_msgs/msg/detail/egm_state__functions.c.o[0m
[12.912s] [ 43%] [32m[1mLinking C shared library libabb_egm_msgs__rosidl_generator_c.so[0m
[12.985s] [ 43%] Built target abb_egm_msgs__rosidl_generator_c
[13.004s] [ 46%] [34m[1mGenerating C type support for eProsima Fast-RTPS[0m
[13.894s] [ 48%] [32mBuilding CXX object CMakeFiles/abb_egm_msgs__rosidl_typesupport_fastrtps_c.dir/rosidl_typesupport_fastrtps_c/abb_egm_msgs/msg/detail/egm_channel_state__type_support_c.cpp.o[0m
[14.529s] [ 51%] [32mBuilding CXX object CMakeFiles/abb_egm_msgs__rosidl_typesupport_fastrtps_c.dir/rosidl_typesupport_fastrtps_c/abb_egm_msgs/msg/detail/egm_state__type_support_c.cpp.o[0m
[15.152s] [ 53%] [32m[1mLinking CXX shared library libabb_egm_msgs__rosidl_typesupport_fastrtps_c.so[0m
[15.317s] [ 53%] Built target abb_egm_msgs__rosidl_typesupport_fastrtps_c
[15.336s] [ 56%] [34m[1mGenerating C type support dispatch for ROS interfaces[0m
[16.186s] [ 58%] [32mBuilding CXX object CMakeFiles/abb_egm_msgs__rosidl_typesupport_c.dir/rosidl_typesupport_c/abb_egm_msgs/msg/egm_channel_state__type_support.cpp.o[0m
[16.270s] [ 61%] [32mBuilding CXX object CMakeFiles/abb_egm_msgs__rosidl_typesupport_c.dir/rosidl_typesupport_c/abb_egm_msgs/msg/egm_state__type_support.cpp.o[0m
[16.324s] [ 64%] [32m[1mLinking CXX shared library libabb_egm_msgs__rosidl_typesupport_c.so[0m
[16.411s] [ 64%] Built target abb_egm_msgs__rosidl_typesupport_c
[16.431s] [ 66%] [34m[1mGenerating C introspection for ROS interfaces[0m
[17.338s] [ 69%] [32mBuilding C object CMakeFiles/abb_egm_msgs__rosidl_typesupport_introspection_c.dir/rosidl_typesupport_introspection_c/abb_egm_msgs/msg/detail/egm_channel_state__type_support.c.o[0m
[17.418s] [ 71%] [32mBuilding C object CMakeFiles/abb_egm_msgs__rosidl_typesupport_introspection_c.dir/rosidl_typesupport_introspection_c/abb_egm_msgs/msg/detail/egm_state__type_support.c.o[0m
[17.504s] [ 74%] [32m[1mLinking C shared library libabb_egm_msgs__rosidl_typesupport_introspection_c.so[0m
[17.575s] [ 74%] Built target abb_egm_msgs__rosidl_typesupport_introspection_c
[17.622s] [ 74%] Built target abb_egm_msgs
[17.668s] [ 76%] [34m[1mGenerating Python code for ROS interfaces[0m
[19.180s] [ 76%] Built target abb_egm_msgs__py
[19.227s] [ 79%] [32mBuilding C object CMakeFiles/abb_egm_msgs__rosidl_generator_py.dir/rosidl_generator_py/abb_egm_msgs/msg/_egm_channel_state_s.c.o[0m
[19.474s] [ 82%] [32mBuilding C object CMakeFiles/abb_egm_msgs__rosidl_generator_py.dir/rosidl_generator_py/abb_egm_msgs/msg/_egm_state_s.c.o[0m
[19.698s] [ 84%] [32m[1mLinking C shared library rosidl_generator_py/abb_egm_msgs/libabb_egm_msgs__rosidl_generator_py.so[0m
[19.775s] [ 84%] Built target abb_egm_msgs__rosidl_generator_py
[19.829s] [ 87%] [32mBuilding C object CMakeFiles/abb_egm_msgs__rosidl_typesupport_fastrtps_c__pyext.dir/rosidl_generator_py/abb_egm_msgs/_abb_egm_msgs_s.ep.rosidl_typesupport_fastrtps_c.c.o[0m
[20.047s] [ 89%] [32m[1mLinking C shared library rosidl_generator_py/abb_egm_msgs/abb_egm_msgs_s__rosidl_typesupport_fastrtps_c.cpython-310-x86_64-linux-gnu.so[0m
[20.153s] [ 89%] Built target abb_egm_msgs__rosidl_typesupport_fastrtps_c__pyext
[20.193s] [ 92%] [32mBuilding C object CMakeFiles/abb_egm_msgs__rosidl_typesupport_c__pyext.dir/rosidl_generator_py/abb_egm_msgs/_abb_egm_msgs_s.ep.rosidl_typesupport_c.c.o[0m
[20.375s] [ 94%] [32m[1mLinking C shared library rosidl_generator_py/abb_egm_msgs/abb_egm_msgs_s__rosidl_typesupport_c.cpython-310-x86_64-linux-gnu.so[0m
[20.464s] [ 94%] Built target abb_egm_msgs__rosidl_typesupport_c__pyext
[20.512s] [ 97%] [32mBuilding C object CMakeFiles/abb_egm_msgs__rosidl_typesupport_introspection_c__pyext.dir/rosidl_generator_py/abb_egm_msgs/_abb_egm_msgs_s.ep.rosidl_typesupport_introspection_c.c.o[0m
[20.721s] [100%] [32m[1mLinking C shared library rosidl_generator_py/abb_egm_msgs/abb_egm_msgs_s__rosidl_typesupport_introspection_c.cpython-310-x86_64-linux-gnu.so[0m
[20.802s] [100%] Built target abb_egm_msgs__rosidl_typesupport_introspection_c__pyext
[20.824s] Invoked command in '/home/ubuntu/ros2ws/build/abb_egm_msgs' returned '0': CMAKE_PREFIX_PATH=${CMAKE_PREFIX_PATH}:/opt/ros/humble /usr/bin/cmake --build /home/ubuntu/ros2ws/build/abb_egm_msgs -- -j4 -l4
[21.045s] Invoking command in '/home/ubuntu/ros2ws/build/abb_egm_msgs': CMAKE_PREFIX_PATH=${CMAKE_PREFIX_PATH}:/opt/ros/humble /usr/bin/cmake --install /home/ubuntu/ros2ws/build/abb_egm_msgs
[21.061s] -- Install configuration: ""
[21.063s] -- Installing: /home/ubuntu/ros2ws/install/abb_egm_msgs/share/ament_index/resource_index/rosidl_interfaces/abb_egm_msgs
[21.063s] -- Installing: /home/ubuntu/ros2ws/install/abb_egm_msgs/include/abb_egm_msgs/abb_egm_msgs
[21.063s] -- Installing: /home/ubuntu/ros2ws/install/abb_egm_msgs/include/abb_egm_msgs/abb_egm_msgs/msg
[21.065s] -- Installing: /home/ubuntu/ros2ws/install/abb_egm_msgs/include/abb_egm_msgs/abb_egm_msgs/msg/egm_state.h
[21.065s] -- Installing: /home/ubuntu/ros2ws/install/abb_egm_msgs/include/abb_egm_msgs/abb_egm_msgs/msg/egm_channel_state.h
[21.065s] -- Installing: /home/ubuntu/ros2ws/install/abb_egm_msgs/include/abb_egm_msgs/abb_egm_msgs/msg/rosidl_generator_c__visibility_control.h
[21.065s] -- Installing: /home/ubuntu/ros2ws/install/abb_egm_msgs/include/abb_egm_msgs/abb_egm_msgs/msg/detail
[21.065s] -- Installing: /home/ubuntu/ros2ws/install/abb_egm_msgs/include/abb_egm_msgs/abb_egm_msgs/msg/detail/egm_state__functions.c
[21.066s] -- Installing: /home/ubuntu/ros2ws/install/abb_egm_msgs/include/abb_egm_msgs/abb_egm_msgs/msg/detail/egm_channel_state__struct.h
[21.066s] -- Installing: /home/ubuntu/ros2ws/install/abb_egm_msgs/include/abb_egm_msgs/abb_egm_msgs/msg/detail/egm_channel_state__functions.h
[21.066s] -- Installing: /home/ubuntu/ros2ws/install/abb_egm_msgs/include/abb_egm_msgs/abb_egm_msgs/msg/detail/egm_state__struct.h
[21.068s] -- Installing: /home/ubuntu/ros2ws/install/abb_egm_msgs/include/abb_egm_msgs/abb_egm_msgs/msg/detail/egm_channel_state__functions.c
[21.068s] -- Installing: /home/ubuntu/ros2ws/install/abb_egm_msgs/include/abb_egm_msgs/abb_egm_msgs/msg/detail/egm_state__type_support.h
[21.068s] -- Installing: /home/ubuntu/ros2ws/install/abb_egm_msgs/include/abb_egm_msgs/abb_egm_msgs/msg/detail/egm_state__functions.h
[21.068s] -- Installing: /home/ubuntu/ros2ws/install/abb_egm_msgs/include/abb_egm_msgs/abb_egm_msgs/msg/detail/egm_channel_state__type_support.h
[21.070s] -- Installing: /home/ubuntu/ros2ws/install/abb_egm_msgs/share/abb_egm_msgs/environment/library_path.sh
[21.071s] -- Installing: /home/ubuntu/ros2ws/install/abb_egm_msgs/share/abb_egm_msgs/environment/library_path.dsv
[21.071s] -- Installing: /home/ubuntu/ros2ws/install/abb_egm_msgs/lib/libabb_egm_msgs__rosidl_generator_c.so
[21.071s] -- Set runtime path of "/home/ubuntu/ros2ws/install/abb_egm_msgs/lib/libabb_egm_msgs__rosidl_generator_c.so" to ""
[21.071s] -- Up-to-date: /home/ubuntu/ros2ws/install/abb_egm_msgs/include/abb_egm_msgs/abb_egm_msgs
[21.071s] -- Up-to-date: /home/ubuntu/ros2ws/install/abb_egm_msgs/include/abb_egm_msgs/abb_egm_msgs/msg
[21.071s] -- Installing: /home/ubuntu/ros2ws/install/abb_egm_msgs/include/abb_egm_msgs/abb_egm_msgs/msg/rosidl_typesupport_fastrtps_c__visibility_control.h
[21.072s] -- Up-to-date: /home/ubuntu/ros2ws/install/abb_egm_msgs/include/abb_egm_msgs/abb_egm_msgs/msg/detail
[21.072s] -- Installing: /home/ubuntu/ros2ws/install/abb_egm_msgs/include/abb_egm_msgs/abb_egm_msgs/msg/detail/egm_channel_state__rosidl_typesupport_fastrtps_c.h
[21.072s] -- Installing: /home/ubuntu/ros2ws/install/abb_egm_msgs/include/abb_egm_msgs/abb_egm_msgs/msg/detail/egm_state__rosidl_typesupport_fastrtps_c.h
[21.072s] -- Installing: /home/ubuntu/ros2ws/install/abb_egm_msgs/lib/libabb_egm_msgs__rosidl_typesupport_fastrtps_c.so
[21.072s] -- Set runtime path of "/home/ubuntu/ros2ws/install/abb_egm_msgs/lib/libabb_egm_msgs__rosidl_typesupport_fastrtps_c.so" to ""
[21.073s] -- Up-to-date: /home/ubuntu/ros2ws/install/abb_egm_msgs/include/abb_egm_msgs/abb_egm_msgs
[21.073s] -- Up-to-date: /home/ubuntu/ros2ws/install/abb_egm_msgs/include/abb_egm_msgs/abb_egm_msgs/msg
[21.074s] -- Installing: /home/ubuntu/ros2ws/install/abb_egm_msgs/include/abb_egm_msgs/abb_egm_msgs/msg/rosidl_typesupport_introspection_c__visibility_control.h
[21.074s] -- Up-to-date: /home/ubuntu/ros2ws/install/abb_egm_msgs/include/abb_egm_msgs/abb_egm_msgs/msg/detail
[21.074s] -- Installing: /home/ubuntu/ros2ws/install/abb_egm_msgs/include/abb_egm_msgs/abb_egm_msgs/msg/detail/egm_channel_state__type_support.c
[21.074s] -- Installing: /home/ubuntu/ros2ws/install/abb_egm_msgs/include/abb_egm_msgs/abb_egm_msgs/msg/detail/egm_state__type_support.c
[21.074s] -- Installing: /home/ubuntu/ros2ws/install/abb_egm_msgs/include/abb_egm_msgs/abb_egm_msgs/msg/detail/egm_channel_state__rosidl_typesupport_introspection_c.h
[21.074s] -- Installing: /home/ubuntu/ros2ws/install/abb_egm_msgs/include/abb_egm_msgs/abb_egm_msgs/msg/detail/egm_state__rosidl_typesupport_introspection_c.h
[21.074s] -- Installing: /home/ubuntu/ros2ws/install/abb_egm_msgs/lib/libabb_egm_msgs__rosidl_typesupport_introspection_c.so
[21.075s] -- Set runtime path of "/home/ubuntu/ros2ws/install/abb_egm_msgs/lib/libabb_egm_msgs__rosidl_typesupport_introspection_c.so" to ""
[21.076s] -- Installing: /home/ubuntu/ros2ws/install/abb_egm_msgs/lib/libabb_egm_msgs__rosidl_typesupport_c.so
[21.076s] -- Set runtime path of "/home/ubuntu/ros2ws/install/abb_egm_msgs/lib/libabb_egm_msgs__rosidl_typesupport_c.so" to ""
[21.076s] -- Up-to-date: /home/ubuntu/ros2ws/install/abb_egm_msgs/include/abb_egm_msgs/abb_egm_msgs
[21.079s] -- Up-to-date: /home/ubuntu/ros2ws/install/abb_egm_msgs/include/abb_egm_msgs/abb_egm_msgs/msg
[21.079s] -- Installing: /home/ubuntu/ros2ws/install/abb_egm_msgs/include/abb_egm_msgs/abb_egm_msgs/msg/egm_channel_state.hpp
[21.079s] -- Installing: /home/ubuntu/ros2ws/install/abb_egm_msgs/include/abb_egm_msgs/abb_egm_msgs/msg/egm_state.hpp
[21.079s] -- Up-to-date: /home/ubuntu/ros2ws/install/abb_egm_msgs/include/abb_egm_msgs/abb_egm_msgs/msg/detail
[21.079s] -- Installing: /home/ubuntu/ros2ws/install/abb_egm_msgs/include/abb_egm_msgs/abb_egm_msgs/msg/detail/egm_state__struct.hpp
[21.082s] -- Installing: /home/ubuntu/ros2ws/install/abb_egm_msgs/include/abb_egm_msgs/abb_egm_msgs/msg/detail/egm_channel_state__builder.hpp
[21.083s] -- Installing: /home/ubuntu/ros2ws/install/abb_egm_msgs/include/abb_egm_msgs/abb_egm_msgs/msg/detail/egm_channel_state__struct.hpp
[21.083s] -- Installing: /home/ubuntu/ros2ws/install/abb_egm_msgs/include/abb_egm_msgs/abb_egm_msgs/msg/detail/egm_state__builder.hpp
[21.083s] -- Installing: /home/ubuntu/ros2ws/install/abb_egm_msgs/include/abb_egm_msgs/abb_egm_msgs/msg/detail/egm_channel_state__traits.hpp
[21.084s] -- Installing: /home/ubuntu/ros2ws/install/abb_egm_msgs/include/abb_egm_msgs/abb_egm_msgs/msg/detail/egm_state__traits.hpp
[21.084s] -- Up-to-date: /home/ubuntu/ros2ws/install/abb_egm_msgs/include/abb_egm_msgs/abb_egm_msgs
[21.084s] -- Up-to-date: /home/ubuntu/ros2ws/install/abb_egm_msgs/include/abb_egm_msgs/abb_egm_msgs/msg
[21.084s] -- Installing: /home/ubuntu/ros2ws/install/abb_egm_msgs/include/abb_egm_msgs/abb_egm_msgs/msg/rosidl_typesupport_fastrtps_cpp__visibility_control.h
[21.084s] -- Up-to-date: /home/ubuntu/ros2ws/install/abb_egm_msgs/include/abb_egm_msgs/abb_egm_msgs/msg/detail
[21.085s] -- Installing: /home/ubuntu/ros2ws/install/abb_egm_msgs/include/abb_egm_msgs/abb_egm_msgs/msg/detail/dds_fastrtps
[21.086s] -- Installing: /home/ubuntu/ros2ws/install/abb_egm_msgs/include/abb_egm_msgs/abb_egm_msgs/msg/detail/egm_state__rosidl_typesupport_fastrtps_cpp.hpp
[21.086s] -- Installing: /home/ubuntu/ros2ws/install/abb_egm_msgs/include/abb_egm_msgs/abb_egm_msgs/msg/detail/egm_channel_state__rosidl_typesupport_fastrtps_cpp.hpp
[21.086s] -- Installing: /home/ubuntu/ros2ws/install/abb_egm_msgs/lib/libabb_egm_msgs__rosidl_typesupport_fastrtps_cpp.so
[21.086s] -- Set runtime path of "/home/ubuntu/ros2ws/install/abb_egm_msgs/lib/libabb_egm_msgs__rosidl_typesupport_fastrtps_cpp.so" to ""
[21.086s] -- Up-to-date: /home/ubuntu/ros2ws/install/abb_egm_msgs/include/abb_egm_msgs/abb_egm_msgs
[21.086s] -- Up-to-date: /home/ubuntu/ros2ws/install/abb_egm_msgs/include/abb_egm_msgs/abb_egm_msgs/msg
[21.086s] -- Up-to-date: /home/ubuntu/ros2ws/install/abb_egm_msgs/include/abb_egm_msgs/abb_egm_msgs/msg/detail
[21.086s] -- Installing: /home/ubuntu/ros2ws/install/abb_egm_msgs/include/abb_egm_msgs/abb_egm_msgs/msg/detail/egm_state__rosidl_typesupport_introspection_cpp.hpp
[21.086s] -- Installing: /home/ubuntu/ros2ws/install/abb_egm_msgs/include/abb_egm_msgs/abb_egm_msgs/msg/detail/egm_state__type_support.cpp
[21.086s] -- Installing: /home/ubuntu/ros2ws/install/abb_egm_msgs/include/abb_egm_msgs/abb_egm_msgs/msg/detail/egm_channel_state__type_support.cpp
[21.088s] -- Installing: /home/ubuntu/ros2ws/install/abb_egm_msgs/include/abb_egm_msgs/abb_egm_msgs/msg/detail/egm_channel_state__rosidl_typesupport_introspection_cpp.hpp
[21.088s] -- Installing: /home/ubuntu/ros2ws/install/abb_egm_msgs/lib/libabb_egm_msgs__rosidl_typesupport_introspection_cpp.so
[21.089s] -- Set runtime path of "/home/ubuntu/ros2ws/install/abb_egm_msgs/lib/libabb_egm_msgs__rosidl_typesupport_introspection_cpp.so" to ""
[21.089s] -- Installing: /home/ubuntu/ros2ws/install/abb_egm_msgs/lib/libabb_egm_msgs__rosidl_typesupport_cpp.so
[21.089s] -- Set runtime path of "/home/ubuntu/ros2ws/install/abb_egm_msgs/lib/libabb_egm_msgs__rosidl_typesupport_cpp.so" to ""
[21.089s] -- Installing: /home/ubuntu/ros2ws/install/abb_egm_msgs/share/abb_egm_msgs/environment/pythonpath.sh
[21.090s] -- Installing: /home/ubuntu/ros2ws/install/abb_egm_msgs/share/abb_egm_msgs/environment/pythonpath.dsv
[21.091s] -- Installing: /home/ubuntu/ros2ws/install/abb_egm_msgs/local/lib/python3.10/dist-packages/abb_egm_msgs-1.0.0-py3.10.egg-info
[21.091s] -- Installing: /home/ubuntu/ros2ws/install/abb_egm_msgs/local/lib/python3.10/dist-packages/abb_egm_msgs-1.0.0-py3.10.egg-info/PKG-INFO
[21.091s] -- Installing: /home/ubuntu/ros2ws/install/abb_egm_msgs/local/lib/python3.10/dist-packages/abb_egm_msgs-1.0.0-py3.10.egg-info/top_level.txt
[21.091s] -- Installing: /home/ubuntu/ros2ws/install/abb_egm_msgs/local/lib/python3.10/dist-packages/abb_egm_msgs-1.0.0-py3.10.egg-info/dependency_links.txt
[21.091s] -- Installing: /home/ubuntu/ros2ws/install/abb_egm_msgs/local/lib/python3.10/dist-packages/abb_egm_msgs-1.0.0-py3.10.egg-info/SOURCES.txt
[21.091s] -- Installing: /home/ubuntu/ros2ws/install/abb_egm_msgs/local/lib/python3.10/dist-packages/abb_egm_msgs
[21.091s] -- Installing: /home/ubuntu/ros2ws/install/abb_egm_msgs/local/lib/python3.10/dist-packages/abb_egm_msgs/msg
[21.091s] -- Installing: /home/ubuntu/ros2ws/install/abb_egm_msgs/local/lib/python3.10/dist-packages/abb_egm_msgs/msg/_egm_channel_state.py
[21.091s] -- Installing: /home/ubuntu/ros2ws/install/abb_egm_msgs/local/lib/python3.10/dist-packages/abb_egm_msgs/msg/_egm_state.py
[21.091s] -- Installing: /home/ubuntu/ros2ws/install/abb_egm_msgs/local/lib/python3.10/dist-packages/abb_egm_msgs/msg/_egm_state_s.c
[21.091s] -- Installing: /home/ubuntu/ros2ws/install/abb_egm_msgs/local/lib/python3.10/dist-packages/abb_egm_msgs/msg/_egm_channel_state_s.c
[21.091s] -- Installing: /home/ubuntu/ros2ws/install/abb_egm_msgs/local/lib/python3.10/dist-packages/abb_egm_msgs/msg/__init__.py
[21.092s] -- Installing: /home/ubuntu/ros2ws/install/abb_egm_msgs/local/lib/python3.10/dist-packages/abb_egm_msgs/_abb_egm_msgs_s.ep.rosidl_typesupport_introspection_c.c
[21.092s] -- Installing: /home/ubuntu/ros2ws/install/abb_egm_msgs/local/lib/python3.10/dist-packages/abb_egm_msgs/libabb_egm_msgs__rosidl_generator_py.so
[21.092s] -- Installing: /home/ubuntu/ros2ws/install/abb_egm_msgs/local/lib/python3.10/dist-packages/abb_egm_msgs/_abb_egm_msgs_s.ep.rosidl_typesupport_fastrtps_c.c
[21.092s] -- Installing: /home/ubuntu/ros2ws/install/abb_egm_msgs/local/lib/python3.10/dist-packages/abb_egm_msgs/_abb_egm_msgs_s.ep.rosidl_typesupport_c.c
[21.092s] -- Installing: /home/ubuntu/ros2ws/install/abb_egm_msgs/local/lib/python3.10/dist-packages/abb_egm_msgs/abb_egm_msgs_s__rosidl_typesupport_introspection_c.cpython-310-x86_64-linux-gnu.so
[21.092s] -- Installing: /home/ubuntu/ros2ws/install/abb_egm_msgs/local/lib/python3.10/dist-packages/abb_egm_msgs/abb_egm_msgs_s__rosidl_typesupport_c.cpython-310-x86_64-linux-gnu.so
[21.092s] -- Installing: /home/ubuntu/ros2ws/install/abb_egm_msgs/local/lib/python3.10/dist-packages/abb_egm_msgs/__init__.py
[21.092s] -- Installing: /home/ubuntu/ros2ws/install/abb_egm_msgs/local/lib/python3.10/dist-packages/abb_egm_msgs/abb_egm_msgs_s__rosidl_typesupport_fastrtps_c.cpython-310-x86_64-linux-gnu.so
[21.154s] Listing '/home/ubuntu/ros2ws/install/abb_egm_msgs/local/lib/python3.10/dist-packages/abb_egm_msgs'...
[21.155s] Compiling '/home/ubuntu/ros2ws/install/abb_egm_msgs/local/lib/python3.10/dist-packages/abb_egm_msgs/__init__.py'...
[21.155s] Listing '/home/ubuntu/ros2ws/install/abb_egm_msgs/local/lib/python3.10/dist-packages/abb_egm_msgs/msg'...
[21.155s] Compiling '/home/ubuntu/ros2ws/install/abb_egm_msgs/local/lib/python3.10/dist-packages/abb_egm_msgs/msg/__init__.py'...
[21.155s] Compiling '/home/ubuntu/ros2ws/install/abb_egm_msgs/local/lib/python3.10/dist-packages/abb_egm_msgs/msg/_egm_channel_state.py'...
[21.155s] Compiling '/home/ubuntu/ros2ws/install/abb_egm_msgs/local/lib/python3.10/dist-packages/abb_egm_msgs/msg/_egm_state.py'...
[21.163s] -- Installing: /home/ubuntu/ros2ws/install/abb_egm_msgs/local/lib/python3.10/dist-packages/abb_egm_msgs/abb_egm_msgs_s__rosidl_typesupport_fastrtps_c.cpython-310-x86_64-linux-gnu.so
[21.163s] -- Set runtime path of "/home/ubuntu/ros2ws/install/abb_egm_msgs/local/lib/python3.10/dist-packages/abb_egm_msgs/abb_egm_msgs_s__rosidl_typesupport_fastrtps_c.cpython-310-x86_64-linux-gnu.so" to ""
[21.168s] -- Installing: /home/ubuntu/ros2ws/install/abb_egm_msgs/local/lib/python3.10/dist-packages/abb_egm_msgs/abb_egm_msgs_s__rosidl_typesupport_introspection_c.cpython-310-x86_64-linux-gnu.so
[21.169s] -- Set runtime path of "/home/ubuntu/ros2ws/install/abb_egm_msgs/local/lib/python3.10/dist-packages/abb_egm_msgs/abb_egm_msgs_s__rosidl_typesupport_introspection_c.cpython-310-x86_64-linux-gnu.so" to ""
[21.169s] -- Installing: /home/ubuntu/ros2ws/install/abb_egm_msgs/local/lib/python3.10/dist-packages/abb_egm_msgs/abb_egm_msgs_s__rosidl_typesupport_c.cpython-310-x86_64-linux-gnu.so
[21.169s] -- Set runtime path of "/home/ubuntu/ros2ws/install/abb_egm_msgs/local/lib/python3.10/dist-packages/abb_egm_msgs/abb_egm_msgs_s__rosidl_typesupport_c.cpython-310-x86_64-linux-gnu.so" to ""
[21.169s] -- Installing: /home/ubuntu/ros2ws/install/abb_egm_msgs/lib/libabb_egm_msgs__rosidl_generator_py.so
[21.174s] -- Set runtime path of "/home/ubuntu/ros2ws/install/abb_egm_msgs/lib/libabb_egm_msgs__rosidl_generator_py.so" to ""
[21.174s] -- Installing: /home/ubuntu/ros2ws/install/abb_egm_msgs/share/abb_egm_msgs/msg/EGMChannelState.idl
[21.174s] -- Installing: /home/ubuntu/ros2ws/install/abb_egm_msgs/share/abb_egm_msgs/msg/EGMState.idl
[21.175s] -- Installing: /home/ubuntu/ros2ws/install/abb_egm_msgs/share/abb_egm_msgs/msg/EGMChannelState.msg
[21.175s] -- Installing: /home/ubuntu/ros2ws/install/abb_egm_msgs/share/abb_egm_msgs/msg/EGMState.msg
[21.175s] -- Installing: /home/ubuntu/ros2ws/install/abb_egm_msgs/share/ament_index/resource_index/package_run_dependencies/abb_egm_msgs
[21.175s] -- Installing: /home/ubuntu/ros2ws/install/abb_egm_msgs/share/ament_index/resource_index/parent_prefix_path/abb_egm_msgs
[21.176s] -- Installing: /home/ubuntu/ros2ws/install/abb_egm_msgs/share/abb_egm_msgs/environment/ament_prefix_path.sh
[21.176s] -- Installing: /home/ubuntu/ros2ws/install/abb_egm_msgs/share/abb_egm_msgs/environment/ament_prefix_path.dsv
[21.178s] -- Installing: /home/ubuntu/ros2ws/install/abb_egm_msgs/share/abb_egm_msgs/environment/path.sh
[21.179s] -- Installing: /home/ubuntu/ros2ws/install/abb_egm_msgs/share/abb_egm_msgs/environment/path.dsv
[21.179s] -- Installing: /home/ubuntu/ros2ws/install/abb_egm_msgs/share/abb_egm_msgs/local_setup.bash
[21.179s] -- Installing: /home/ubuntu/ros2ws/install/abb_egm_msgs/share/abb_egm_msgs/local_setup.sh
[21.179s] -- Installing: /home/ubuntu/ros2ws/install/abb_egm_msgs/share/abb_egm_msgs/local_setup.zsh
[21.179s] -- Installing: /home/ubuntu/ros2ws/install/abb_egm_msgs/share/abb_egm_msgs/local_setup.dsv
[21.180s] -- Installing: /home/ubuntu/ros2ws/install/abb_egm_msgs/share/abb_egm_msgs/package.dsv
[21.180s] -- Installing: /home/ubuntu/ros2ws/install/abb_egm_msgs/share/ament_index/resource_index/packages/abb_egm_msgs
[21.180s] -- Installing: /home/ubuntu/ros2ws/install/abb_egm_msgs/share/abb_egm_msgs/cmake/export_abb_egm_msgs__rosidl_generator_cExport.cmake
[21.180s] -- Installing: /home/ubuntu/ros2ws/install/abb_egm_msgs/share/abb_egm_msgs/cmake/export_abb_egm_msgs__rosidl_generator_cExport-noconfig.cmake
[21.180s] -- Installing: /home/ubuntu/ros2ws/install/abb_egm_msgs/share/abb_egm_msgs/cmake/export_abb_egm_msgs__rosidl_typesupport_fastrtps_cExport.cmake
[21.180s] -- Installing: /home/ubuntu/ros2ws/install/abb_egm_msgs/share/abb_egm_msgs/cmake/export_abb_egm_msgs__rosidl_typesupport_fastrtps_cExport-noconfig.cmake
[21.180s] -- Installing: /home/ubuntu/ros2ws/install/abb_egm_msgs/share/abb_egm_msgs/cmake/abb_egm_msgs__rosidl_typesupport_introspection_cExport.cmake
[21.183s] -- Installing: /home/ubuntu/ros2ws/install/abb_egm_msgs/share/abb_egm_msgs/cmake/abb_egm_msgs__rosidl_typesupport_introspection_cExport-noconfig.cmake
[21.183s] -- Installing: /home/ubuntu/ros2ws/install/abb_egm_msgs/share/abb_egm_msgs/cmake/abb_egm_msgs__rosidl_typesupport_cExport.cmake
[21.184s] -- Installing: /home/ubuntu/ros2ws/install/abb_egm_msgs/share/abb_egm_msgs/cmake/abb_egm_msgs__rosidl_typesupport_cExport-noconfig.cmake
[21.184s] -- Installing: /home/ubuntu/ros2ws/install/abb_egm_msgs/share/abb_egm_msgs/cmake/export_abb_egm_msgs__rosidl_generator_cppExport.cmake
[21.184s] -- Installing: /home/ubuntu/ros2ws/install/abb_egm_msgs/share/abb_egm_msgs/cmake/export_abb_egm_msgs__rosidl_typesupport_fastrtps_cppExport.cmake
[21.184s] -- Installing: /home/ubuntu/ros2ws/install/abb_egm_msgs/share/abb_egm_msgs/cmake/export_abb_egm_msgs__rosidl_typesupport_fastrtps_cppExport-noconfig.cmake
[21.184s] -- Installing: /home/ubuntu/ros2ws/install/abb_egm_msgs/share/abb_egm_msgs/cmake/abb_egm_msgs__rosidl_typesupport_introspection_cppExport.cmake
[21.184s] -- Installing: /home/ubuntu/ros2ws/install/abb_egm_msgs/share/abb_egm_msgs/cmake/abb_egm_msgs__rosidl_typesupport_introspection_cppExport-noconfig.cmake
[21.184s] -- Installing: /home/ubuntu/ros2ws/install/abb_egm_msgs/share/abb_egm_msgs/cmake/abb_egm_msgs__rosidl_typesupport_cppExport.cmake
[21.186s] -- Installing: /home/ubuntu/ros2ws/install/abb_egm_msgs/share/abb_egm_msgs/cmake/abb_egm_msgs__rosidl_typesupport_cppExport-noconfig.cmake
[21.188s] -- Installing: /home/ubuntu/ros2ws/install/abb_egm_msgs/share/abb_egm_msgs/cmake/export_abb_egm_msgs__rosidl_generator_pyExport.cmake
[21.188s] -- Installing: /home/ubuntu/ros2ws/install/abb_egm_msgs/share/abb_egm_msgs/cmake/export_abb_egm_msgs__rosidl_generator_pyExport-noconfig.cmake
[21.188s] -- Installing: /home/ubuntu/ros2ws/install/abb_egm_msgs/share/abb_egm_msgs/cmake/rosidl_cmake-extras.cmake
[21.189s] -- Installing: /home/ubuntu/ros2ws/install/abb_egm_msgs/share/abb_egm_msgs/cmake/ament_cmake_export_dependencies-extras.cmake
[21.189s] -- Installing: /home/ubuntu/ros2ws/install/abb_egm_msgs/share/abb_egm_msgs/cmake/ament_cmake_export_include_directories-extras.cmake
[21.189s] -- Installing: /home/ubuntu/ros2ws/install/abb_egm_msgs/share/abb_egm_msgs/cmake/ament_cmake_export_libraries-extras.cmake
[21.189s] -- Installing: /home/ubuntu/ros2ws/install/abb_egm_msgs/share/abb_egm_msgs/cmake/ament_cmake_export_targets-extras.cmake
[21.191s] -- Installing: /home/ubuntu/ros2ws/install/abb_egm_msgs/share/abb_egm_msgs/cmake/rosidl_cmake_export_typesupport_targets-extras.cmake
[21.191s] -- Installing: /home/ubuntu/ros2ws/install/abb_egm_msgs/share/abb_egm_msgs/cmake/rosidl_cmake_export_typesupport_libraries-extras.cmake
[21.192s] -- Installing: /home/ubuntu/ros2ws/install/abb_egm_msgs/share/abb_egm_msgs/cmake/abb_egm_msgsConfig.cmake
[21.192s] -- Installing: /home/ubuntu/ros2ws/install/abb_egm_msgs/share/abb_egm_msgs/cmake/abb_egm_msgsConfig-version.cmake
[21.194s] -- Installing: /home/ubuntu/ros2ws/install/abb_egm_msgs/share/abb_egm_msgs/package.xml
[21.199s] Invoked command in '/home/ubuntu/ros2ws/build/abb_egm_msgs' returned '0': CMAKE_PREFIX_PATH=${CMAKE_PREFIX_PATH}:/opt/ros/humble /usr/bin/cmake --install /home/ubuntu/ros2ws/build/abb_egm_msgs
