[0.018s] Invoking command in '/home/ubuntu/ros2ws/build/ros2srrc_data': CMAKE_PREFIX_PATH=${CMAKE_PREFIX_PATH}:/home/ubuntu/ros2ws/install/testV1:/home/ubuntu/ros2ws/install/robot_letter_writer:/opt/ros/humble /usr/bin/cmake --build /home/ubuntu/ros2ws/build/ros2srrc_data -- -j4 -l4
[0.161s] [ 12%] Built target ros2srrc_data__rosidl_generator_c
[0.173s] [ 12%] Built target ros2srrc_data__cpp
[0.182s] [ 12%] Built target ament_cmake_python_symlink_ros2srrc_data
[0.252s] [ 24%] Built target ros2srrc_data__rosidl_typesupport_fastrtps_c
[0.260s] [ 36%] Built target ros2srrc_data__rosidl_typesupport_introspection_c
[0.262s] [ 48%] Built target ros2srrc_data__rosidl_typesupport_c
[0.263s] [ 60%] Built target ros2srrc_data__rosidl_typesupport_fastrtps_cpp
[0.323s] [ 72%] Built target ros2srrc_data__rosidl_typesupport_introspection_cpp
[0.337s] [ 84%] Built target ros2srrc_data__rosidl_typesupport_cpp
[0.375s] [ 84%] Built target ros2srrc_data
[0.414s] [ 85%] Built target ros2srrc_data__py
[0.464s] [ 96%] Built target ros2srrc_data__rosidl_generator_py
[0.511s] [ 97%] Built target ros2srrc_data__rosidl_typesupport_fastrtps_c__pyext
[0.526s] [ 98%] Built target ros2srrc_data__rosidl_typesupport_c__pyext
[0.531s] [100%] Built target ros2srrc_data__rosidl_typesupport_introspection_c__pyext
[0.713s] running egg_info
[0.713s] writing ros2srrc_data.egg-info/PKG-INFO
[0.714s] writing dependency_links to ros2srrc_data.egg-info/dependency_links.txt
[0.714s] writing top-level names to ros2srrc_data.egg-info/top_level.txt
[0.717s] reading manifest file 'ros2srrc_data.egg-info/SOURCES.txt'
[0.721s] writing manifest file 'ros2srrc_data.egg-info/SOURCES.txt'
[0.778s] [100%] Built target ament_cmake_python_build_ros2srrc_data_egg
[0.804s] Invoked command in '/home/ubuntu/ros2ws/build/ros2srrc_data' returned '0': CMAKE_PREFIX_PATH=${CMAKE_PREFIX_PATH}:/home/ubuntu/ros2ws/install/testV1:/home/ubuntu/ros2ws/install/robot_letter_writer:/opt/ros/humble /usr/bin/cmake --build /home/ubuntu/ros2ws/build/ros2srrc_data -- -j4 -l4
[1.603s] Invoking command in '/home/ubuntu/ros2ws/build/ros2srrc_data': CMAKE_PREFIX_PATH=${CMAKE_PREFIX_PATH}:/home/ubuntu/ros2ws/install/testV1:/home/ubuntu/ros2ws/install/robot_letter_writer:/opt/ros/humble /usr/bin/cmake --install /home/ubuntu/ros2ws/build/ros2srrc_data
[1.619s] -- Install configuration: ""
[1.621s] -- Execute custom install script
[1.621s] -- Up-to-date symlink: /home/ubuntu/ros2ws/install/ros2srrc_data/share/ros2srrc_data/action/Move.action
[1.621s] -- Up-to-date symlink: /home/ubuntu/ros2ws/install/ros2srrc_data/share/ros2srrc_data/action/Robmove.action
[1.622s] -- Up-to-date symlink: /home/ubuntu/ros2ws/install/ros2srrc_data/share/ros2srrc_data/action/Sequence.action
[1.622s] -- Up-to-date symlink: /home/ubuntu/ros2ws/install/ros2srrc_data/share/ros2srrc_data/msg/Action.msg
[1.622s] -- Up-to-date symlink: /home/ubuntu/ros2ws/install/ros2srrc_data/share/ros2srrc_data/msg/Joint.msg
[1.622s] -- Up-to-date symlink: /home/ubuntu/ros2ws/install/ros2srrc_data/share/ros2srrc_data/msg/Joints.msg
[1.622s] -- Up-to-date symlink: /home/ubuntu/ros2ws/install/ros2srrc_data/share/ros2srrc_data/msg/Linkattacher.msg
[1.622s] -- Up-to-date symlink: /home/ubuntu/ros2ws/install/ros2srrc_data/share/ros2srrc_data/msg/Robmove.msg
[1.622s] -- Up-to-date symlink: /home/ubuntu/ros2ws/install/ros2srrc_data/share/ros2srrc_data/msg/Robpose.msg
[1.622s] -- Up-to-date symlink: /home/ubuntu/ros2ws/install/ros2srrc_data/share/ros2srrc_data/msg/Specs.msg
[1.622s] -- Up-to-date symlink: /home/ubuntu/ros2ws/install/ros2srrc_data/share/ros2srrc_data/msg/Xyz.msg
[1.622s] -- Up-to-date symlink: /home/ubuntu/ros2ws/install/ros2srrc_data/share/ros2srrc_data/msg/Xyzypr.msg
[1.622s] -- Up-to-date symlink: /home/ubuntu/ros2ws/install/ros2srrc_data/share/ros2srrc_data/msg/Ypr.msg
[1.622s] -- Up-to-date symlink: /home/ubuntu/ros2ws/install/ros2srrc_data/share/ament_index/resource_index/rosidl_interfaces/ros2srrc_data
[1.625s] -- Up-to-date symlink: /home/ubuntu/ros2ws/install/ros2srrc_data/include/ros2srrc_data/ros2srrc_data/action/detail/move__functions.h
[1.625s] -- Up-to-date symlink: /home/ubuntu/ros2ws/install/ros2srrc_data/include/ros2srrc_data/ros2srrc_data/action/detail/move__struct.h
[1.625s] -- Up-to-date symlink: /home/ubuntu/ros2ws/install/ros2srrc_data/include/ros2srrc_data/ros2srrc_data/action/detail/move__type_support.h
[1.625s] -- Up-to-date symlink: /home/ubuntu/ros2ws/install/ros2srrc_data/include/ros2srrc_data/ros2srrc_data/action/detail/robmove__functions.h
[1.625s] -- Up-to-date symlink: /home/ubuntu/ros2ws/install/ros2srrc_data/include/ros2srrc_data/ros2srrc_data/action/detail/robmove__struct.h
[1.625s] -- Up-to-date symlink: /home/ubuntu/ros2ws/install/ros2srrc_data/include/ros2srrc_data/ros2srrc_data/action/detail/robmove__type_support.h
[1.626s] -- Up-to-date symlink: /home/ubuntu/ros2ws/install/ros2srrc_data/include/ros2srrc_data/ros2srrc_data/action/detail/sequence__functions.h
[1.626s] -- Up-to-date symlink: /home/ubuntu/ros2ws/install/ros2srrc_data/include/ros2srrc_data/ros2srrc_data/action/detail/sequence__struct.h
[1.626s] -- Up-to-date symlink: /home/ubuntu/ros2ws/install/ros2srrc_data/include/ros2srrc_data/ros2srrc_data/action/detail/sequence__type_support.h
[1.626s] -- Up-to-date symlink: /home/ubuntu/ros2ws/install/ros2srrc_data/include/ros2srrc_data/ros2srrc_data/action/move.h
[1.627s] -- Up-to-date symlink: /home/ubuntu/ros2ws/install/ros2srrc_data/include/ros2srrc_data/ros2srrc_data/action/robmove.h
[1.630s] -- Up-to-date symlink: /home/ubuntu/ros2ws/install/ros2srrc_data/include/ros2srrc_data/ros2srrc_data/action/sequence.h
[1.630s] -- Up-to-date symlink: /home/ubuntu/ros2ws/install/ros2srrc_data/include/ros2srrc_data/ros2srrc_data/msg/action.h
[1.630s] -- Up-to-date symlink: /home/ubuntu/ros2ws/install/ros2srrc_data/include/ros2srrc_data/ros2srrc_data/msg/detail/action__functions.h
[1.632s] -- Up-to-date symlink: /home/ubuntu/ros2ws/install/ros2srrc_data/include/ros2srrc_data/ros2srrc_data/msg/detail/action__struct.h
[1.632s] -- Up-to-date symlink: /home/ubuntu/ros2ws/install/ros2srrc_data/include/ros2srrc_data/ros2srrc_data/msg/detail/action__type_support.h
[1.632s] -- Up-to-date symlink: /home/ubuntu/ros2ws/install/ros2srrc_data/include/ros2srrc_data/ros2srrc_data/msg/detail/joint__functions.h
[1.632s] -- Up-to-date symlink: /home/ubuntu/ros2ws/install/ros2srrc_data/include/ros2srrc_data/ros2srrc_data/msg/detail/joint__struct.h
[1.632s] -- Up-to-date symlink: /home/ubuntu/ros2ws/install/ros2srrc_data/include/ros2srrc_data/ros2srrc_data/msg/detail/joint__type_support.h
[1.633s] -- Up-to-date symlink: /home/ubuntu/ros2ws/install/ros2srrc_data/include/ros2srrc_data/ros2srrc_data/msg/detail/joints__functions.h
[1.633s] -- Up-to-date symlink: /home/ubuntu/ros2ws/install/ros2srrc_data/include/ros2srrc_data/ros2srrc_data/msg/detail/joints__struct.h
[1.633s] -- Up-to-date symlink: /home/ubuntu/ros2ws/install/ros2srrc_data/include/ros2srrc_data/ros2srrc_data/msg/detail/joints__type_support.h
[1.633s] -- Up-to-date symlink: /home/ubuntu/ros2ws/install/ros2srrc_data/include/ros2srrc_data/ros2srrc_data/msg/detail/linkattacher__functions.h
[1.633s] -- Up-to-date symlink: /home/ubuntu/ros2ws/install/ros2srrc_data/include/ros2srrc_data/ros2srrc_data/msg/detail/linkattacher__struct.h
[1.633s] -- Up-to-date symlink: /home/ubuntu/ros2ws/install/ros2srrc_data/include/ros2srrc_data/ros2srrc_data/msg/detail/linkattacher__type_support.h
[1.633s] -- Up-to-date symlink: /home/ubuntu/ros2ws/install/ros2srrc_data/include/ros2srrc_data/ros2srrc_data/msg/detail/robmove__functions.h
[1.633s] -- Up-to-date symlink: /home/ubuntu/ros2ws/install/ros2srrc_data/include/ros2srrc_data/ros2srrc_data/msg/detail/robmove__struct.h
[1.633s] -- Up-to-date symlink: /home/ubuntu/ros2ws/install/ros2srrc_data/include/ros2srrc_data/ros2srrc_data/msg/detail/robmove__type_support.h
[1.633s] -- Up-to-date symlink: /home/ubuntu/ros2ws/install/ros2srrc_data/include/ros2srrc_data/ros2srrc_data/msg/detail/robpose__functions.h
[1.634s] -- Up-to-date symlink: /home/ubuntu/ros2ws/install/ros2srrc_data/include/ros2srrc_data/ros2srrc_data/msg/detail/robpose__struct.h
[1.634s] -- Up-to-date symlink: /home/ubuntu/ros2ws/install/ros2srrc_data/include/ros2srrc_data/ros2srrc_data/msg/detail/robpose__type_support.h
[1.636s] -- Up-to-date symlink: /home/ubuntu/ros2ws/install/ros2srrc_data/include/ros2srrc_data/ros2srrc_data/msg/detail/specs__functions.h
[1.637s] -- Up-to-date symlink: /home/ubuntu/ros2ws/install/ros2srrc_data/include/ros2srrc_data/ros2srrc_data/msg/detail/specs__struct.h
[1.639s] -- Up-to-date symlink: /home/ubuntu/ros2ws/install/ros2srrc_data/include/ros2srrc_data/ros2srrc_data/msg/detail/specs__type_support.h
[1.640s] -- Up-to-date symlink: /home/ubuntu/ros2ws/install/ros2srrc_data/include/ros2srrc_data/ros2srrc_data/msg/detail/xyz__functions.h
[1.640s] -- Up-to-date symlink: /home/ubuntu/ros2ws/install/ros2srrc_data/include/ros2srrc_data/ros2srrc_data/msg/detail/xyz__struct.h
[1.640s] -- Up-to-date symlink: /home/ubuntu/ros2ws/install/ros2srrc_data/include/ros2srrc_data/ros2srrc_data/msg/detail/xyz__type_support.h
[1.640s] -- Up-to-date symlink: /home/ubuntu/ros2ws/install/ros2srrc_data/include/ros2srrc_data/ros2srrc_data/msg/detail/xyzypr__functions.h
[1.640s] -- Up-to-date symlink: /home/ubuntu/ros2ws/install/ros2srrc_data/include/ros2srrc_data/ros2srrc_data/msg/detail/xyzypr__struct.h
[1.641s] -- Up-to-date symlink: /home/ubuntu/ros2ws/install/ros2srrc_data/include/ros2srrc_data/ros2srrc_data/msg/detail/xyzypr__type_support.h
[1.641s] -- Up-to-date symlink: /home/ubuntu/ros2ws/install/ros2srrc_data/include/ros2srrc_data/ros2srrc_data/msg/detail/ypr__functions.h
[1.642s] -- Up-to-date symlink: /home/ubuntu/ros2ws/install/ros2srrc_data/include/ros2srrc_data/ros2srrc_data/msg/detail/ypr__struct.h
[1.642s] -- Up-to-date symlink: /home/ubuntu/ros2ws/install/ros2srrc_data/include/ros2srrc_data/ros2srrc_data/msg/detail/ypr__type_support.h
[1.644s] -- Up-to-date symlink: /home/ubuntu/ros2ws/install/ros2srrc_data/include/ros2srrc_data/ros2srrc_data/msg/joint.h
[1.644s] -- Up-to-date symlink: /home/ubuntu/ros2ws/install/ros2srrc_data/include/ros2srrc_data/ros2srrc_data/msg/joints.h
[1.644s] -- Up-to-date symlink: /home/ubuntu/ros2ws/install/ros2srrc_data/include/ros2srrc_data/ros2srrc_data/msg/linkattacher.h
[1.644s] -- Up-to-date symlink: /home/ubuntu/ros2ws/install/ros2srrc_data/include/ros2srrc_data/ros2srrc_data/msg/robmove.h
[1.645s] -- Up-to-date symlink: /home/ubuntu/ros2ws/install/ros2srrc_data/include/ros2srrc_data/ros2srrc_data/msg/robpose.h
[1.645s] -- Up-to-date symlink: /home/ubuntu/ros2ws/install/ros2srrc_data/include/ros2srrc_data/ros2srrc_data/msg/rosidl_generator_c__visibility_control.h
[1.645s] -- Up-to-date symlink: /home/ubuntu/ros2ws/install/ros2srrc_data/include/ros2srrc_data/ros2srrc_data/msg/specs.h
[1.649s] -- Up-to-date symlink: /home/ubuntu/ros2ws/install/ros2srrc_data/include/ros2srrc_data/ros2srrc_data/msg/xyz.h
[1.649s] -- Up-to-date symlink: /home/ubuntu/ros2ws/install/ros2srrc_data/include/ros2srrc_data/ros2srrc_data/msg/xyzypr.h
[1.650s] -- Up-to-date symlink: /home/ubuntu/ros2ws/install/ros2srrc_data/include/ros2srrc_data/ros2srrc_data/msg/ypr.h
[1.652s] -- Up-to-date symlink: /home/ubuntu/ros2ws/install/ros2srrc_data/share/ros2srrc_data/environment/library_path.sh
[1.652s] -- Up-to-date symlink: /home/ubuntu/ros2ws/install/ros2srrc_data/share/ros2srrc_data/environment/library_path.dsv
[1.653s] -- Up-to-date symlink: /home/ubuntu/ros2ws/install/ros2srrc_data/include/ros2srrc_data/ros2srrc_data/action/detail/move__rosidl_typesupport_fastrtps_c.h
[1.653s] -- Up-to-date symlink: /home/ubuntu/ros2ws/install/ros2srrc_data/include/ros2srrc_data/ros2srrc_data/action/detail/robmove__rosidl_typesupport_fastrtps_c.h
[1.653s] -- Up-to-date symlink: /home/ubuntu/ros2ws/install/ros2srrc_data/include/ros2srrc_data/ros2srrc_data/action/detail/sequence__rosidl_typesupport_fastrtps_c.h
[1.653s] -- Up-to-date symlink: /home/ubuntu/ros2ws/install/ros2srrc_data/include/ros2srrc_data/ros2srrc_data/msg/detail/action__rosidl_typesupport_fastrtps_c.h
[1.653s] -- Up-to-date symlink: /home/ubuntu/ros2ws/install/ros2srrc_data/include/ros2srrc_data/ros2srrc_data/msg/detail/joint__rosidl_typesupport_fastrtps_c.h
[1.654s] -- Up-to-date symlink: /home/ubuntu/ros2ws/install/ros2srrc_data/include/ros2srrc_data/ros2srrc_data/msg/detail/joints__rosidl_typesupport_fastrtps_c.h
[1.654s] -- Up-to-date symlink: /home/ubuntu/ros2ws/install/ros2srrc_data/include/ros2srrc_data/ros2srrc_data/msg/detail/linkattacher__rosidl_typesupport_fastrtps_c.h
[1.654s] -- Up-to-date symlink: /home/ubuntu/ros2ws/install/ros2srrc_data/include/ros2srrc_data/ros2srrc_data/msg/detail/robmove__rosidl_typesupport_fastrtps_c.h
[1.654s] -- Up-to-date symlink: /home/ubuntu/ros2ws/install/ros2srrc_data/include/ros2srrc_data/ros2srrc_data/msg/detail/robpose__rosidl_typesupport_fastrtps_c.h
[1.654s] -- Up-to-date symlink: /home/ubuntu/ros2ws/install/ros2srrc_data/include/ros2srrc_data/ros2srrc_data/msg/detail/specs__rosidl_typesupport_fastrtps_c.h
[1.654s] -- Up-to-date symlink: /home/ubuntu/ros2ws/install/ros2srrc_data/include/ros2srrc_data/ros2srrc_data/msg/detail/xyz__rosidl_typesupport_fastrtps_c.h
[1.655s] -- Up-to-date symlink: /home/ubuntu/ros2ws/install/ros2srrc_data/include/ros2srrc_data/ros2srrc_data/msg/detail/xyzypr__rosidl_typesupport_fastrtps_c.h
[1.655s] -- Up-to-date symlink: /home/ubuntu/ros2ws/install/ros2srrc_data/include/ros2srrc_data/ros2srrc_data/msg/detail/ypr__rosidl_typesupport_fastrtps_c.h
[1.655s] -- Up-to-date symlink: /home/ubuntu/ros2ws/install/ros2srrc_data/include/ros2srrc_data/ros2srrc_data/msg/rosidl_typesupport_fastrtps_c__visibility_control.h
[1.655s] -- Up-to-date symlink: /home/ubuntu/ros2ws/install/ros2srrc_data/include/ros2srrc_data/ros2srrc_data/action/detail/move__rosidl_typesupport_introspection_c.h
[1.655s] -- Up-to-date symlink: /home/ubuntu/ros2ws/install/ros2srrc_data/include/ros2srrc_data/ros2srrc_data/action/detail/robmove__rosidl_typesupport_introspection_c.h
[1.656s] -- Up-to-date symlink: /home/ubuntu/ros2ws/install/ros2srrc_data/include/ros2srrc_data/ros2srrc_data/action/detail/sequence__rosidl_typesupport_introspection_c.h
[1.656s] -- Up-to-date symlink: /home/ubuntu/ros2ws/install/ros2srrc_data/include/ros2srrc_data/ros2srrc_data/msg/detail/action__rosidl_typesupport_introspection_c.h
[1.656s] -- Up-to-date symlink: /home/ubuntu/ros2ws/install/ros2srrc_data/include/ros2srrc_data/ros2srrc_data/msg/detail/joint__rosidl_typesupport_introspection_c.h
[1.656s] -- Up-to-date symlink: /home/ubuntu/ros2ws/install/ros2srrc_data/include/ros2srrc_data/ros2srrc_data/msg/detail/joints__rosidl_typesupport_introspection_c.h
[1.656s] -- Up-to-date symlink: /home/ubuntu/ros2ws/install/ros2srrc_data/include/ros2srrc_data/ros2srrc_data/msg/detail/linkattacher__rosidl_typesupport_introspection_c.h
[1.657s] -- Up-to-date symlink: /home/ubuntu/ros2ws/install/ros2srrc_data/include/ros2srrc_data/ros2srrc_data/msg/detail/robmove__rosidl_typesupport_introspection_c.h
[1.657s] -- Up-to-date symlink: /home/ubuntu/ros2ws/install/ros2srrc_data/include/ros2srrc_data/ros2srrc_data/msg/detail/robpose__rosidl_typesupport_introspection_c.h
[1.657s] -- Up-to-date symlink: /home/ubuntu/ros2ws/install/ros2srrc_data/include/ros2srrc_data/ros2srrc_data/msg/detail/specs__rosidl_typesupport_introspection_c.h
[1.657s] -- Up-to-date symlink: /home/ubuntu/ros2ws/install/ros2srrc_data/include/ros2srrc_data/ros2srrc_data/msg/detail/xyz__rosidl_typesupport_introspection_c.h
[1.657s] -- Up-to-date symlink: /home/ubuntu/ros2ws/install/ros2srrc_data/include/ros2srrc_data/ros2srrc_data/msg/detail/xyzypr__rosidl_typesupport_introspection_c.h
[1.657s] -- Up-to-date symlink: /home/ubuntu/ros2ws/install/ros2srrc_data/include/ros2srrc_data/ros2srrc_data/msg/detail/ypr__rosidl_typesupport_introspection_c.h
[1.658s] -- Up-to-date symlink: /home/ubuntu/ros2ws/install/ros2srrc_data/include/ros2srrc_data/ros2srrc_data/msg/rosidl_typesupport_introspection_c__visibility_control.h
[1.658s] -- Up-to-date symlink: /home/ubuntu/ros2ws/install/ros2srrc_data/include/ros2srrc_data/ros2srrc_data/action/detail/move__builder.hpp
[1.658s] -- Up-to-date symlink: /home/ubuntu/ros2ws/install/ros2srrc_data/include/ros2srrc_data/ros2srrc_data/action/detail/move__struct.hpp
[1.659s] -- Up-to-date symlink: /home/ubuntu/ros2ws/install/ros2srrc_data/include/ros2srrc_data/ros2srrc_data/action/detail/move__traits.hpp
[1.659s] -- Up-to-date symlink: /home/ubuntu/ros2ws/install/ros2srrc_data/include/ros2srrc_data/ros2srrc_data/action/detail/robmove__builder.hpp
[1.659s] -- Up-to-date symlink: /home/ubuntu/ros2ws/install/ros2srrc_data/include/ros2srrc_data/ros2srrc_data/action/detail/robmove__struct.hpp
[1.659s] -- Up-to-date symlink: /home/ubuntu/ros2ws/install/ros2srrc_data/include/ros2srrc_data/ros2srrc_data/action/detail/robmove__traits.hpp
[1.659s] -- Up-to-date symlink: /home/ubuntu/ros2ws/install/ros2srrc_data/include/ros2srrc_data/ros2srrc_data/action/detail/sequence__builder.hpp
[1.660s] -- Up-to-date symlink: /home/ubuntu/ros2ws/install/ros2srrc_data/include/ros2srrc_data/ros2srrc_data/action/detail/sequence__struct.hpp
[1.660s] -- Up-to-date symlink: /home/ubuntu/ros2ws/install/ros2srrc_data/include/ros2srrc_data/ros2srrc_data/action/detail/sequence__traits.hpp
[1.660s] -- Up-to-date symlink: /home/ubuntu/ros2ws/install/ros2srrc_data/include/ros2srrc_data/ros2srrc_data/action/move.hpp
[1.660s] -- Up-to-date symlink: /home/ubuntu/ros2ws/install/ros2srrc_data/include/ros2srrc_data/ros2srrc_data/action/robmove.hpp
[1.660s] -- Up-to-date symlink: /home/ubuntu/ros2ws/install/ros2srrc_data/include/ros2srrc_data/ros2srrc_data/action/sequence.hpp
[1.663s] -- Up-to-date symlink: /home/ubuntu/ros2ws/install/ros2srrc_data/include/ros2srrc_data/ros2srrc_data/msg/action.hpp
[1.663s] -- Up-to-date symlink: /home/ubuntu/ros2ws/install/ros2srrc_data/include/ros2srrc_data/ros2srrc_data/msg/detail/action__builder.hpp
[1.663s] -- Up-to-date symlink: /home/ubuntu/ros2ws/install/ros2srrc_data/include/ros2srrc_data/ros2srrc_data/msg/detail/action__struct.hpp
[1.664s] -- Up-to-date symlink: /home/ubuntu/ros2ws/install/ros2srrc_data/include/ros2srrc_data/ros2srrc_data/msg/detail/action__traits.hpp
[1.664s] -- Up-to-date symlink: /home/ubuntu/ros2ws/install/ros2srrc_data/include/ros2srrc_data/ros2srrc_data/msg/detail/joint__builder.hpp
[1.664s] -- Up-to-date symlink: /home/ubuntu/ros2ws/install/ros2srrc_data/include/ros2srrc_data/ros2srrc_data/msg/detail/joint__struct.hpp
[1.664s] -- Up-to-date symlink: /home/ubuntu/ros2ws/install/ros2srrc_data/include/ros2srrc_data/ros2srrc_data/msg/detail/joint__traits.hpp
[1.665s] -- Up-to-date symlink: /home/ubuntu/ros2ws/install/ros2srrc_data/include/ros2srrc_data/ros2srrc_data/msg/detail/joints__builder.hpp
[1.665s] -- Up-to-date symlink: /home/ubuntu/ros2ws/install/ros2srrc_data/include/ros2srrc_data/ros2srrc_data/msg/detail/joints__struct.hpp
[1.665s] -- Up-to-date symlink: /home/ubuntu/ros2ws/install/ros2srrc_data/include/ros2srrc_data/ros2srrc_data/msg/detail/joints__traits.hpp
[1.666s] -- Up-to-date symlink: /home/ubuntu/ros2ws/install/ros2srrc_data/include/ros2srrc_data/ros2srrc_data/msg/detail/linkattacher__builder.hpp
[1.667s] -- Up-to-date symlink: /home/ubuntu/ros2ws/install/ros2srrc_data/include/ros2srrc_data/ros2srrc_data/msg/detail/linkattacher__struct.hpp
[1.669s] -- Up-to-date symlink: /home/ubuntu/ros2ws/install/ros2srrc_data/include/ros2srrc_data/ros2srrc_data/msg/detail/linkattacher__traits.hpp
[1.669s] -- Up-to-date symlink: /home/ubuntu/ros2ws/install/ros2srrc_data/include/ros2srrc_data/ros2srrc_data/msg/detail/robmove__builder.hpp
[1.669s] -- Up-to-date symlink: /home/ubuntu/ros2ws/install/ros2srrc_data/include/ros2srrc_data/ros2srrc_data/msg/detail/robmove__struct.hpp
[1.670s] -- Up-to-date symlink: /home/ubuntu/ros2ws/install/ros2srrc_data/include/ros2srrc_data/ros2srrc_data/msg/detail/robmove__traits.hpp
[1.670s] -- Up-to-date symlink: /home/ubuntu/ros2ws/install/ros2srrc_data/include/ros2srrc_data/ros2srrc_data/msg/detail/robpose__builder.hpp
[1.670s] -- Up-to-date symlink: /home/ubuntu/ros2ws/install/ros2srrc_data/include/ros2srrc_data/ros2srrc_data/msg/detail/robpose__struct.hpp
[1.670s] -- Up-to-date symlink: /home/ubuntu/ros2ws/install/ros2srrc_data/include/ros2srrc_data/ros2srrc_data/msg/detail/robpose__traits.hpp
[1.670s] -- Up-to-date symlink: /home/ubuntu/ros2ws/install/ros2srrc_data/include/ros2srrc_data/ros2srrc_data/msg/detail/specs__builder.hpp
[1.671s] -- Up-to-date symlink: /home/ubuntu/ros2ws/install/ros2srrc_data/include/ros2srrc_data/ros2srrc_data/msg/detail/specs__struct.hpp
[1.671s] -- Up-to-date symlink: /home/ubuntu/ros2ws/install/ros2srrc_data/include/ros2srrc_data/ros2srrc_data/msg/detail/specs__traits.hpp
[1.671s] -- Up-to-date symlink: /home/ubuntu/ros2ws/install/ros2srrc_data/include/ros2srrc_data/ros2srrc_data/msg/detail/xyz__builder.hpp
[1.671s] -- Up-to-date symlink: /home/ubuntu/ros2ws/install/ros2srrc_data/include/ros2srrc_data/ros2srrc_data/msg/detail/xyz__struct.hpp
[1.671s] -- Up-to-date symlink: /home/ubuntu/ros2ws/install/ros2srrc_data/include/ros2srrc_data/ros2srrc_data/msg/detail/xyz__traits.hpp
[1.671s] -- Up-to-date symlink: /home/ubuntu/ros2ws/install/ros2srrc_data/include/ros2srrc_data/ros2srrc_data/msg/detail/xyzypr__builder.hpp
[1.671s] -- Up-to-date symlink: /home/ubuntu/ros2ws/install/ros2srrc_data/include/ros2srrc_data/ros2srrc_data/msg/detail/xyzypr__struct.hpp
[1.671s] -- Up-to-date symlink: /home/ubuntu/ros2ws/install/ros2srrc_data/include/ros2srrc_data/ros2srrc_data/msg/detail/xyzypr__traits.hpp
[1.672s] -- Up-to-date symlink: /home/ubuntu/ros2ws/install/ros2srrc_data/include/ros2srrc_data/ros2srrc_data/msg/detail/ypr__builder.hpp
[1.672s] -- Up-to-date symlink: /home/ubuntu/ros2ws/install/ros2srrc_data/include/ros2srrc_data/ros2srrc_data/msg/detail/ypr__struct.hpp
[1.672s] -- Up-to-date symlink: /home/ubuntu/ros2ws/install/ros2srrc_data/include/ros2srrc_data/ros2srrc_data/msg/detail/ypr__traits.hpp
[1.672s] -- Up-to-date symlink: /home/ubuntu/ros2ws/install/ros2srrc_data/include/ros2srrc_data/ros2srrc_data/msg/joint.hpp
[1.673s] -- Up-to-date symlink: /home/ubuntu/ros2ws/install/ros2srrc_data/include/ros2srrc_data/ros2srrc_data/msg/joints.hpp
[1.673s] -- Up-to-date symlink: /home/ubuntu/ros2ws/install/ros2srrc_data/include/ros2srrc_data/ros2srrc_data/msg/linkattacher.hpp
[1.673s] -- Up-to-date symlink: /home/ubuntu/ros2ws/install/ros2srrc_data/include/ros2srrc_data/ros2srrc_data/msg/robmove.hpp
[1.674s] -- Up-to-date symlink: /home/ubuntu/ros2ws/install/ros2srrc_data/include/ros2srrc_data/ros2srrc_data/msg/robpose.hpp
[1.674s] -- Up-to-date symlink: /home/ubuntu/ros2ws/install/ros2srrc_data/include/ros2srrc_data/ros2srrc_data/msg/specs.hpp
[1.674s] -- Up-to-date symlink: /home/ubuntu/ros2ws/install/ros2srrc_data/include/ros2srrc_data/ros2srrc_data/msg/xyz.hpp
[1.674s] -- Up-to-date symlink: /home/ubuntu/ros2ws/install/ros2srrc_data/include/ros2srrc_data/ros2srrc_data/msg/xyzypr.hpp
[1.674s] -- Up-to-date symlink: /home/ubuntu/ros2ws/install/ros2srrc_data/include/ros2srrc_data/ros2srrc_data/msg/ypr.hpp
[1.674s] -- Up-to-date symlink: /home/ubuntu/ros2ws/install/ros2srrc_data/include/ros2srrc_data/ros2srrc_data/action/detail/move__rosidl_typesupport_fastrtps_cpp.hpp
[1.674s] -- Up-to-date symlink: /home/ubuntu/ros2ws/install/ros2srrc_data/include/ros2srrc_data/ros2srrc_data/action/detail/robmove__rosidl_typesupport_fastrtps_cpp.hpp
[1.675s] -- Up-to-date symlink: /home/ubuntu/ros2ws/install/ros2srrc_data/include/ros2srrc_data/ros2srrc_data/action/detail/sequence__rosidl_typesupport_fastrtps_cpp.hpp
[1.675s] -- Up-to-date symlink: /home/ubuntu/ros2ws/install/ros2srrc_data/include/ros2srrc_data/ros2srrc_data/msg/detail/action__rosidl_typesupport_fastrtps_cpp.hpp
[1.675s] -- Up-to-date symlink: /home/ubuntu/ros2ws/install/ros2srrc_data/include/ros2srrc_data/ros2srrc_data/msg/detail/joint__rosidl_typesupport_fastrtps_cpp.hpp
[1.675s] -- Up-to-date symlink: /home/ubuntu/ros2ws/install/ros2srrc_data/include/ros2srrc_data/ros2srrc_data/msg/detail/joints__rosidl_typesupport_fastrtps_cpp.hpp
[1.675s] -- Up-to-date symlink: /home/ubuntu/ros2ws/install/ros2srrc_data/include/ros2srrc_data/ros2srrc_data/msg/detail/linkattacher__rosidl_typesupport_fastrtps_cpp.hpp
[1.675s] -- Up-to-date symlink: /home/ubuntu/ros2ws/install/ros2srrc_data/include/ros2srrc_data/ros2srrc_data/msg/detail/robmove__rosidl_typesupport_fastrtps_cpp.hpp
[1.676s] -- Up-to-date symlink: /home/ubuntu/ros2ws/install/ros2srrc_data/include/ros2srrc_data/ros2srrc_data/msg/detail/robpose__rosidl_typesupport_fastrtps_cpp.hpp
[1.676s] -- Up-to-date symlink: /home/ubuntu/ros2ws/install/ros2srrc_data/include/ros2srrc_data/ros2srrc_data/msg/detail/specs__rosidl_typesupport_fastrtps_cpp.hpp
[1.676s] -- Up-to-date symlink: /home/ubuntu/ros2ws/install/ros2srrc_data/include/ros2srrc_data/ros2srrc_data/msg/detail/xyz__rosidl_typesupport_fastrtps_cpp.hpp
[1.676s] -- Up-to-date symlink: /home/ubuntu/ros2ws/install/ros2srrc_data/include/ros2srrc_data/ros2srrc_data/msg/detail/xyzypr__rosidl_typesupport_fastrtps_cpp.hpp
[1.676s] -- Up-to-date symlink: /home/ubuntu/ros2ws/install/ros2srrc_data/include/ros2srrc_data/ros2srrc_data/msg/detail/ypr__rosidl_typesupport_fastrtps_cpp.hpp
[1.676s] -- Up-to-date symlink: /home/ubuntu/ros2ws/install/ros2srrc_data/include/ros2srrc_data/ros2srrc_data/msg/rosidl_typesupport_fastrtps_cpp__visibility_control.h
[1.676s] -- Up-to-date symlink: /home/ubuntu/ros2ws/install/ros2srrc_data/include/ros2srrc_data/ros2srrc_data/action/detail/move__rosidl_typesupport_introspection_cpp.hpp
[1.676s] -- Up-to-date symlink: /home/ubuntu/ros2ws/install/ros2srrc_data/include/ros2srrc_data/ros2srrc_data/action/detail/robmove__rosidl_typesupport_introspection_cpp.hpp
[1.677s] -- Up-to-date symlink: /home/ubuntu/ros2ws/install/ros2srrc_data/include/ros2srrc_data/ros2srrc_data/action/detail/sequence__rosidl_typesupport_introspection_cpp.hpp
[1.677s] -- Up-to-date symlink: /home/ubuntu/ros2ws/install/ros2srrc_data/include/ros2srrc_data/ros2srrc_data/msg/detail/action__rosidl_typesupport_introspection_cpp.hpp
[1.677s] -- Up-to-date symlink: /home/ubuntu/ros2ws/install/ros2srrc_data/include/ros2srrc_data/ros2srrc_data/msg/detail/joint__rosidl_typesupport_introspection_cpp.hpp
[1.677s] -- Up-to-date symlink: /home/ubuntu/ros2ws/install/ros2srrc_data/include/ros2srrc_data/ros2srrc_data/msg/detail/joints__rosidl_typesupport_introspection_cpp.hpp
[1.677s] -- Up-to-date symlink: /home/ubuntu/ros2ws/install/ros2srrc_data/include/ros2srrc_data/ros2srrc_data/msg/detail/linkattacher__rosidl_typesupport_introspection_cpp.hpp
[1.677s] -- Up-to-date symlink: /home/ubuntu/ros2ws/install/ros2srrc_data/include/ros2srrc_data/ros2srrc_data/msg/detail/robmove__rosidl_typesupport_introspection_cpp.hpp
[1.677s] -- Up-to-date symlink: /home/ubuntu/ros2ws/install/ros2srrc_data/include/ros2srrc_data/ros2srrc_data/msg/detail/robpose__rosidl_typesupport_introspection_cpp.hpp
[1.677s] -- Up-to-date symlink: /home/ubuntu/ros2ws/install/ros2srrc_data/include/ros2srrc_data/ros2srrc_data/msg/detail/specs__rosidl_typesupport_introspection_cpp.hpp
[1.677s] -- Up-to-date symlink: /home/ubuntu/ros2ws/install/ros2srrc_data/include/ros2srrc_data/ros2srrc_data/msg/detail/xyz__rosidl_typesupport_introspection_cpp.hpp
[1.677s] -- Up-to-date symlink: /home/ubuntu/ros2ws/install/ros2srrc_data/include/ros2srrc_data/ros2srrc_data/msg/detail/xyzypr__rosidl_typesupport_introspection_cpp.hpp
[1.678s] -- Up-to-date symlink: /home/ubuntu/ros2ws/install/ros2srrc_data/include/ros2srrc_data/ros2srrc_data/msg/detail/ypr__rosidl_typesupport_introspection_cpp.hpp
[1.678s] -- Up-to-date symlink: /home/ubuntu/ros2ws/install/ros2srrc_data/share/ros2srrc_data/environment/pythonpath.sh
[1.678s] -- Up-to-date symlink: /home/ubuntu/ros2ws/install/ros2srrc_data/share/ros2srrc_data/environment/pythonpath.dsv
[1.678s] -- Up-to-date symlink: /home/ubuntu/ros2ws/install/ros2srrc_data/local/lib/python3.10/dist-packages/ros2srrc_data-0.0.0-py3.10.egg-info/PKG-INFO
[1.678s] -- Up-to-date symlink: /home/ubuntu/ros2ws/install/ros2srrc_data/local/lib/python3.10/dist-packages/ros2srrc_data-0.0.0-py3.10.egg-info/SOURCES.txt
[1.681s] -- Up-to-date symlink: /home/ubuntu/ros2ws/install/ros2srrc_data/local/lib/python3.10/dist-packages/ros2srrc_data-0.0.0-py3.10.egg-info/dependency_links.txt
[1.682s] -- Up-to-date symlink: /home/ubuntu/ros2ws/install/ros2srrc_data/local/lib/python3.10/dist-packages/ros2srrc_data-0.0.0-py3.10.egg-info/top_level.txt
[1.683s] -- Up-to-date symlink: /home/ubuntu/ros2ws/install/ros2srrc_data/local/lib/python3.10/dist-packages/ros2srrc_data/__init__.py
[1.684s] -- Up-to-date symlink: /home/ubuntu/ros2ws/install/ros2srrc_data/local/lib/python3.10/dist-packages/ros2srrc_data/_ros2srrc_data_s.ep.rosidl_typesupport_c.c
[1.684s] -- Up-to-date symlink: /home/ubuntu/ros2ws/install/ros2srrc_data/local/lib/python3.10/dist-packages/ros2srrc_data/_ros2srrc_data_s.ep.rosidl_typesupport_fastrtps_c.c
[1.684s] -- Up-to-date symlink: /home/ubuntu/ros2ws/install/ros2srrc_data/local/lib/python3.10/dist-packages/ros2srrc_data/_ros2srrc_data_s.ep.rosidl_typesupport_introspection_c.c
[1.684s] -- Up-to-date symlink: /home/ubuntu/ros2ws/install/ros2srrc_data/local/lib/python3.10/dist-packages/ros2srrc_data/action/__init__.py
[1.684s] -- Up-to-date symlink: /home/ubuntu/ros2ws/install/ros2srrc_data/local/lib/python3.10/dist-packages/ros2srrc_data/action/_move.py
[1.685s] -- Up-to-date symlink: /home/ubuntu/ros2ws/install/ros2srrc_data/local/lib/python3.10/dist-packages/ros2srrc_data/action/_move_s.c
[1.685s] -- Up-to-date symlink: /home/ubuntu/ros2ws/install/ros2srrc_data/local/lib/python3.10/dist-packages/ros2srrc_data/action/_robmove.py
[1.685s] -- Up-to-date symlink: /home/ubuntu/ros2ws/install/ros2srrc_data/local/lib/python3.10/dist-packages/ros2srrc_data/action/_robmove_s.c
[1.685s] -- Up-to-date symlink: /home/ubuntu/ros2ws/install/ros2srrc_data/local/lib/python3.10/dist-packages/ros2srrc_data/action/_sequence.py
[1.685s] -- Up-to-date symlink: /home/ubuntu/ros2ws/install/ros2srrc_data/local/lib/python3.10/dist-packages/ros2srrc_data/action/_sequence_s.c
[1.685s] -- Up-to-date symlink: /home/ubuntu/ros2ws/install/ros2srrc_data/local/lib/python3.10/dist-packages/ros2srrc_data/libros2srrc_data__rosidl_generator_py.so
[1.687s] -- Up-to-date symlink: /home/ubuntu/ros2ws/install/ros2srrc_data/local/lib/python3.10/dist-packages/ros2srrc_data/msg/__init__.py
[1.688s] -- Up-to-date symlink: /home/ubuntu/ros2ws/install/ros2srrc_data/local/lib/python3.10/dist-packages/ros2srrc_data/msg/_action.py
[1.688s] -- Up-to-date symlink: /home/ubuntu/ros2ws/install/ros2srrc_data/local/lib/python3.10/dist-packages/ros2srrc_data/msg/_action_s.c
[1.688s] -- Up-to-date symlink: /home/ubuntu/ros2ws/install/ros2srrc_data/local/lib/python3.10/dist-packages/ros2srrc_data/msg/_joint.py
[1.688s] -- Up-to-date symlink: /home/ubuntu/ros2ws/install/ros2srrc_data/local/lib/python3.10/dist-packages/ros2srrc_data/msg/_joint_s.c
[1.688s] -- Up-to-date symlink: /home/ubuntu/ros2ws/install/ros2srrc_data/local/lib/python3.10/dist-packages/ros2srrc_data/msg/_joints.py
[1.688s] -- Up-to-date symlink: /home/ubuntu/ros2ws/install/ros2srrc_data/local/lib/python3.10/dist-packages/ros2srrc_data/msg/_joints_s.c
[1.688s] -- Up-to-date symlink: /home/ubuntu/ros2ws/install/ros2srrc_data/local/lib/python3.10/dist-packages/ros2srrc_data/msg/_linkattacher.py
[1.688s] -- Up-to-date symlink: /home/ubuntu/ros2ws/install/ros2srrc_data/local/lib/python3.10/dist-packages/ros2srrc_data/msg/_linkattacher_s.c
[1.688s] -- Up-to-date symlink: /home/ubuntu/ros2ws/install/ros2srrc_data/local/lib/python3.10/dist-packages/ros2srrc_data/msg/_robmove.py
[1.688s] -- Up-to-date symlink: /home/ubuntu/ros2ws/install/ros2srrc_data/local/lib/python3.10/dist-packages/ros2srrc_data/msg/_robmove_s.c
[1.688s] -- Up-to-date symlink: /home/ubuntu/ros2ws/install/ros2srrc_data/local/lib/python3.10/dist-packages/ros2srrc_data/msg/_robpose.py
[1.689s] -- Up-to-date symlink: /home/ubuntu/ros2ws/install/ros2srrc_data/local/lib/python3.10/dist-packages/ros2srrc_data/msg/_robpose_s.c
[1.689s] -- Up-to-date symlink: /home/ubuntu/ros2ws/install/ros2srrc_data/local/lib/python3.10/dist-packages/ros2srrc_data/msg/_specs.py
[1.689s] -- Up-to-date symlink: /home/ubuntu/ros2ws/install/ros2srrc_data/local/lib/python3.10/dist-packages/ros2srrc_data/msg/_specs_s.c
[1.689s] -- Up-to-date symlink: /home/ubuntu/ros2ws/install/ros2srrc_data/local/lib/python3.10/dist-packages/ros2srrc_data/msg/_xyz.py
[1.691s] -- Up-to-date symlink: /home/ubuntu/ros2ws/install/ros2srrc_data/local/lib/python3.10/dist-packages/ros2srrc_data/msg/_xyz_s.c
[1.691s] -- Up-to-date symlink: /home/ubuntu/ros2ws/install/ros2srrc_data/local/lib/python3.10/dist-packages/ros2srrc_data/msg/_xyzypr.py
[1.691s] -- Up-to-date symlink: /home/ubuntu/ros2ws/install/ros2srrc_data/local/lib/python3.10/dist-packages/ros2srrc_data/msg/_xyzypr_s.c
[1.691s] -- Up-to-date symlink: /home/ubuntu/ros2ws/install/ros2srrc_data/local/lib/python3.10/dist-packages/ros2srrc_data/msg/_ypr.py
[1.691s] -- Up-to-date symlink: /home/ubuntu/ros2ws/install/ros2srrc_data/local/lib/python3.10/dist-packages/ros2srrc_data/msg/_ypr_s.c
[1.692s] -- Up-to-date symlink: /home/ubuntu/ros2ws/install/ros2srrc_data/local/lib/python3.10/dist-packages/ros2srrc_data/ros2srrc_data_s__rosidl_typesupport_c.cpython-310-x86_64-linux-gnu.so
[1.692s] -- Up-to-date symlink: /home/ubuntu/ros2ws/install/ros2srrc_data/local/lib/python3.10/dist-packages/ros2srrc_data/ros2srrc_data_s__rosidl_typesupport_fastrtps_c.cpython-310-x86_64-linux-gnu.so
[1.692s] -- Up-to-date symlink: /home/ubuntu/ros2ws/install/ros2srrc_data/local/lib/python3.10/dist-packages/ros2srrc_data/ros2srrc_data_s__rosidl_typesupport_introspection_c.cpython-310-x86_64-linux-gnu.so
[1.692s] -- Up-to-date symlink: /home/ubuntu/ros2ws/install/ros2srrc_data/local/lib/python3.10/dist-packages/ros2srrc_data/ros2srrc_data_s__rosidl_typesupport_fastrtps_c.cpython-310-x86_64-linux-gnu.so
[1.692s] -- Up-to-date symlink: /home/ubuntu/ros2ws/install/ros2srrc_data/local/lib/python3.10/dist-packages/ros2srrc_data/ros2srrc_data_s__rosidl_typesupport_introspection_c.cpython-310-x86_64-linux-gnu.so
[1.692s] -- Up-to-date symlink: /home/ubuntu/ros2ws/install/ros2srrc_data/local/lib/python3.10/dist-packages/ros2srrc_data/ros2srrc_data_s__rosidl_typesupport_c.cpython-310-x86_64-linux-gnu.so
[1.693s] -- Up-to-date symlink: /home/ubuntu/ros2ws/install/ros2srrc_data/share/ros2srrc_data/msg/Specs.idl
[1.693s] -- Up-to-date symlink: /home/ubuntu/ros2ws/install/ros2srrc_data/share/ros2srrc_data/msg/Robmove.idl
[1.693s] -- Up-to-date symlink: /home/ubuntu/ros2ws/install/ros2srrc_data/share/ros2srrc_data/msg/Joint.idl
[1.693s] -- Up-to-date symlink: /home/ubuntu/ros2ws/install/ros2srrc_data/share/ros2srrc_data/msg/Joints.idl
[1.693s] -- Up-to-date symlink: /home/ubuntu/ros2ws/install/ros2srrc_data/share/ros2srrc_data/msg/Xyz.idl
[1.693s] -- Up-to-date symlink: /home/ubuntu/ros2ws/install/ros2srrc_data/share/ros2srrc_data/msg/Xyzypr.idl
[1.693s] -- Up-to-date symlink: /home/ubuntu/ros2ws/install/ros2srrc_data/share/ros2srrc_data/msg/Ypr.idl
[1.693s] -- Up-to-date symlink: /home/ubuntu/ros2ws/install/ros2srrc_data/share/ros2srrc_data/msg/Action.idl
[1.694s] -- Up-to-date symlink: /home/ubuntu/ros2ws/install/ros2srrc_data/share/ros2srrc_data/msg/Linkattacher.idl
[1.694s] -- Up-to-date symlink: /home/ubuntu/ros2ws/install/ros2srrc_data/share/ros2srrc_data/msg/Robpose.idl
[1.694s] -- Up-to-date symlink: /home/ubuntu/ros2ws/install/ros2srrc_data/share/ros2srrc_data/action/Move.idl
[1.694s] -- Up-to-date symlink: /home/ubuntu/ros2ws/install/ros2srrc_data/share/ros2srrc_data/action/Sequence.idl
[1.695s] -- Up-to-date symlink: /home/ubuntu/ros2ws/install/ros2srrc_data/share/ros2srrc_data/action/Robmove.idl
[1.695s] -- Up-to-date symlink: /home/ubuntu/ros2ws/install/ros2srrc_data/share/ros2srrc_data/msg/Specs.msg
[1.695s] -- Up-to-date symlink: /home/ubuntu/ros2ws/install/ros2srrc_data/share/ros2srrc_data/msg/Robmove.msg
[1.696s] -- Up-to-date symlink: /home/ubuntu/ros2ws/install/ros2srrc_data/share/ros2srrc_data/msg/Joint.msg
[1.696s] -- Up-to-date symlink: /home/ubuntu/ros2ws/install/ros2srrc_data/share/ros2srrc_data/msg/Joints.msg
[1.696s] -- Up-to-date symlink: /home/ubuntu/ros2ws/install/ros2srrc_data/share/ros2srrc_data/msg/Xyz.msg
[1.696s] -- Up-to-date symlink: /home/ubuntu/ros2ws/install/ros2srrc_data/share/ros2srrc_data/msg/Xyzypr.msg
[1.696s] -- Up-to-date symlink: /home/ubuntu/ros2ws/install/ros2srrc_data/share/ros2srrc_data/msg/Ypr.msg
[1.696s] -- Up-to-date symlink: /home/ubuntu/ros2ws/install/ros2srrc_data/share/ros2srrc_data/msg/Action.msg
[1.696s] -- Up-to-date symlink: /home/ubuntu/ros2ws/install/ros2srrc_data/share/ros2srrc_data/msg/Linkattacher.msg
[1.697s] -- Up-to-date symlink: /home/ubuntu/ros2ws/install/ros2srrc_data/share/ros2srrc_data/msg/Robpose.msg
[1.697s] -- Up-to-date symlink: /home/ubuntu/ros2ws/install/ros2srrc_data/share/ros2srrc_data/action/Move.action
[1.697s] -- Up-to-date symlink: /home/ubuntu/ros2ws/install/ros2srrc_data/share/ros2srrc_data/action/Sequence.action
[1.697s] -- Up-to-date symlink: /home/ubuntu/ros2ws/install/ros2srrc_data/share/ros2srrc_data/action/Robmove.action
[1.697s] -- Up-to-date symlink: /home/ubuntu/ros2ws/install/ros2srrc_data/share/ament_index/resource_index/package_run_dependencies/ros2srrc_data
[1.697s] -- Up-to-date symlink: /home/ubuntu/ros2ws/install/ros2srrc_data/share/ament_index/resource_index/parent_prefix_path/ros2srrc_data
[1.697s] -- Up-to-date symlink: /home/ubuntu/ros2ws/install/ros2srrc_data/share/ros2srrc_data/environment/ament_prefix_path.sh
[1.697s] -- Up-to-date symlink: /home/ubuntu/ros2ws/install/ros2srrc_data/share/ros2srrc_data/environment/ament_prefix_path.dsv
[1.697s] -- Up-to-date symlink: /home/ubuntu/ros2ws/install/ros2srrc_data/share/ros2srrc_data/environment/path.sh
[1.698s] -- Up-to-date symlink: /home/ubuntu/ros2ws/install/ros2srrc_data/share/ros2srrc_data/environment/path.dsv
[1.698s] -- Up-to-date symlink: /home/ubuntu/ros2ws/install/ros2srrc_data/share/ros2srrc_data/local_setup.bash
[1.698s] -- Up-to-date symlink: /home/ubuntu/ros2ws/install/ros2srrc_data/share/ros2srrc_data/local_setup.sh
[1.698s] -- Up-to-date symlink: /home/ubuntu/ros2ws/install/ros2srrc_data/share/ros2srrc_data/local_setup.zsh
[1.698s] -- Up-to-date symlink: /home/ubuntu/ros2ws/install/ros2srrc_data/share/ros2srrc_data/local_setup.dsv
[1.698s] -- Symlinking: /home/ubuntu/ros2ws/install/ros2srrc_data/share/ros2srrc_data/package.dsv
[1.709s] -- Up-to-date symlink: /home/ubuntu/ros2ws/install/ros2srrc_data/share/ament_index/resource_index/packages/ros2srrc_data
[1.709s] -- Up-to-date symlink: /home/ubuntu/ros2ws/install/ros2srrc_data/share/ros2srrc_data/cmake/rosidl_cmake-extras.cmake
[1.709s] -- Up-to-date symlink: /home/ubuntu/ros2ws/install/ros2srrc_data/share/ros2srrc_data/cmake/ament_cmake_export_dependencies-extras.cmake
[1.709s] -- Up-to-date symlink: /home/ubuntu/ros2ws/install/ros2srrc_data/share/ros2srrc_data/cmake/ament_cmake_export_include_directories-extras.cmake
[1.710s] -- Up-to-date symlink: /home/ubuntu/ros2ws/install/ros2srrc_data/share/ros2srrc_data/cmake/ament_cmake_export_libraries-extras.cmake
[1.711s] -- Up-to-date symlink: /home/ubuntu/ros2ws/install/ros2srrc_data/share/ros2srrc_data/cmake/ament_cmake_export_targets-extras.cmake
[1.711s] -- Up-to-date symlink: /home/ubuntu/ros2ws/install/ros2srrc_data/share/ros2srrc_data/cmake/rosidl_cmake_export_typesupport_targets-extras.cmake
[1.711s] -- Up-to-date symlink: /home/ubuntu/ros2ws/install/ros2srrc_data/share/ros2srrc_data/cmake/rosidl_cmake_export_typesupport_libraries-extras.cmake
[1.711s] -- Up-to-date symlink: /home/ubuntu/ros2ws/install/ros2srrc_data/share/ros2srrc_data/cmake/ros2srrc_dataConfig.cmake
[1.711s] -- Up-to-date symlink: /home/ubuntu/ros2ws/install/ros2srrc_data/share/ros2srrc_data/cmake/ros2srrc_dataConfig-version.cmake
[1.716s] -- Up-to-date symlink: /home/ubuntu/ros2ws/install/ros2srrc_data/share/ros2srrc_data/package.xml
[1.716s] -- Up-to-date: /home/ubuntu/ros2ws/install/ros2srrc_data/lib/libros2srrc_data__rosidl_generator_c.so
[1.716s] -- Up-to-date: /home/ubuntu/ros2ws/install/ros2srrc_data/lib/libros2srrc_data__rosidl_typesupport_fastrtps_c.so
[1.716s] -- Up-to-date: /home/ubuntu/ros2ws/install/ros2srrc_data/lib/libros2srrc_data__rosidl_typesupport_introspection_c.so
[1.716s] -- Up-to-date: /home/ubuntu/ros2ws/install/ros2srrc_data/lib/libros2srrc_data__rosidl_typesupport_c.so
[1.716s] -- Up-to-date: /home/ubuntu/ros2ws/install/ros2srrc_data/lib/libros2srrc_data__rosidl_typesupport_fastrtps_cpp.so
[1.716s] -- Up-to-date: /home/ubuntu/ros2ws/install/ros2srrc_data/lib/libros2srrc_data__rosidl_typesupport_introspection_cpp.so
[1.716s] -- Up-to-date: /home/ubuntu/ros2ws/install/ros2srrc_data/lib/libros2srrc_data__rosidl_typesupport_cpp.so
[1.768s] Listing '/home/ubuntu/ros2ws/install/ros2srrc_data/local/lib/python3.10/dist-packages/ros2srrc_data'...
[1.768s] Listing '/home/ubuntu/ros2ws/install/ros2srrc_data/local/lib/python3.10/dist-packages/ros2srrc_data/action'...
[1.768s] Listing '/home/ubuntu/ros2ws/install/ros2srrc_data/local/lib/python3.10/dist-packages/ros2srrc_data/msg'...
[1.773s] -- Up-to-date: /home/ubuntu/ros2ws/install/ros2srrc_data/lib/libros2srrc_data__rosidl_generator_py.so
[1.773s] -- Up-to-date: /home/ubuntu/ros2ws/install/ros2srrc_data/share/ros2srrc_data/cmake/export_ros2srrc_data__rosidl_generator_cExport.cmake
[1.773s] -- Up-to-date: /home/ubuntu/ros2ws/install/ros2srrc_data/share/ros2srrc_data/cmake/export_ros2srrc_data__rosidl_generator_cExport-noconfig.cmake
[1.773s] -- Up-to-date: /home/ubuntu/ros2ws/install/ros2srrc_data/share/ros2srrc_data/cmake/export_ros2srrc_data__rosidl_typesupport_fastrtps_cExport.cmake
[1.773s] -- Up-to-date: /home/ubuntu/ros2ws/install/ros2srrc_data/share/ros2srrc_data/cmake/export_ros2srrc_data__rosidl_typesupport_fastrtps_cExport-noconfig.cmake
[1.773s] -- Up-to-date: /home/ubuntu/ros2ws/install/ros2srrc_data/share/ros2srrc_data/cmake/ros2srrc_data__rosidl_typesupport_introspection_cExport.cmake
[1.773s] -- Up-to-date: /home/ubuntu/ros2ws/install/ros2srrc_data/share/ros2srrc_data/cmake/ros2srrc_data__rosidl_typesupport_introspection_cExport-noconfig.cmake
[1.774s] -- Up-to-date: /home/ubuntu/ros2ws/install/ros2srrc_data/share/ros2srrc_data/cmake/ros2srrc_data__rosidl_typesupport_cExport.cmake
[1.774s] -- Up-to-date: /home/ubuntu/ros2ws/install/ros2srrc_data/share/ros2srrc_data/cmake/ros2srrc_data__rosidl_typesupport_cExport-noconfig.cmake
[1.774s] -- Up-to-date: /home/ubuntu/ros2ws/install/ros2srrc_data/share/ros2srrc_data/cmake/export_ros2srrc_data__rosidl_generator_cppExport.cmake
[1.774s] -- Up-to-date: /home/ubuntu/ros2ws/install/ros2srrc_data/share/ros2srrc_data/cmake/export_ros2srrc_data__rosidl_typesupport_fastrtps_cppExport.cmake
[1.775s] -- Up-to-date: /home/ubuntu/ros2ws/install/ros2srrc_data/share/ros2srrc_data/cmake/export_ros2srrc_data__rosidl_typesupport_fastrtps_cppExport-noconfig.cmake
[1.775s] -- Up-to-date: /home/ubuntu/ros2ws/install/ros2srrc_data/share/ros2srrc_data/cmake/ros2srrc_data__rosidl_typesupport_introspection_cppExport.cmake
[1.775s] -- Up-to-date: /home/ubuntu/ros2ws/install/ros2srrc_data/share/ros2srrc_data/cmake/ros2srrc_data__rosidl_typesupport_introspection_cppExport-noconfig.cmake
[1.775s] -- Up-to-date: /home/ubuntu/ros2ws/install/ros2srrc_data/share/ros2srrc_data/cmake/ros2srrc_data__rosidl_typesupport_cppExport.cmake
[1.775s] -- Up-to-date: /home/ubuntu/ros2ws/install/ros2srrc_data/share/ros2srrc_data/cmake/ros2srrc_data__rosidl_typesupport_cppExport-noconfig.cmake
[1.775s] -- Up-to-date: /home/ubuntu/ros2ws/install/ros2srrc_data/share/ros2srrc_data/cmake/export_ros2srrc_data__rosidl_generator_pyExport.cmake
[1.775s] -- Up-to-date: /home/ubuntu/ros2ws/install/ros2srrc_data/share/ros2srrc_data/cmake/export_ros2srrc_data__rosidl_generator_pyExport-noconfig.cmake
[1.783s] Invoked command in '/home/ubuntu/ros2ws/build/ros2srrc_data' returned '0': CMAKE_PREFIX_PATH=${CMAKE_PREFIX_PATH}:/home/ubuntu/ros2ws/install/testV1:/home/ubuntu/ros2ws/install/robot_letter_writer:/opt/ros/humble /usr/bin/cmake --install /home/ubuntu/ros2ws/build/ros2srrc_data
