[0.033s] Invoking command in '/home/ubuntu/ros2ws/build/ros2srrc_ur10e_moveit2': CMAKE_PREFIX_PATH=${CMAKE_PREFIX_PATH}:/home/ubuntu/ros2ws/install/testV1:/home/ubuntu/ros2ws/install/gui_subscriber:/home/ubuntu/ros2ws/install/robot_letter_writer:/opt/ros/humble /usr/bin/cmake --build /home/ubuntu/ros2ws/build/ros2srrc_ur10e_moveit2 -- -j4 -l4
[0.132s] Invoked command in '/home/ubuntu/ros2ws/build/ros2srrc_ur10e_moveit2' returned '0': CMAKE_PREFIX_PATH=${CMAKE_PREFIX_PATH}:/home/ubuntu/ros2ws/install/testV1:/home/ubuntu/ros2ws/install/gui_subscriber:/home/ubuntu/ros2ws/install/robot_letter_writer:/opt/ros/humble /usr/bin/cmake --build /home/ubuntu/ros2ws/build/ros2srrc_ur10e_moveit2 -- -j4 -l4
[0.195s] Invoking command in '/home/ubuntu/ros2ws/build/ros2srrc_ur10e_moveit2': CMAKE_PREFIX_PATH=${CMAKE_PREFIX_PATH}:/home/ubuntu/ros2ws/install/testV1:/home/ubuntu/ros2ws/install/gui_subscriber:/home/ubuntu/ros2ws/install/robot_letter_writer:/opt/ros/humble /usr/bin/cmake --install /home/ubuntu/ros2ws/build/ros2srrc_ur10e_moveit2
[0.211s] -- Install configuration: ""
[0.213s] -- Execute custom install script
[0.218s] -- Up-to-date symlink: /home/ubuntu/ros2ws/install/ros2srrc_ur10e_moveit2/share/ros2srrc_ur10e_moveit2/config/ur10e.srdf
[0.219s] -- Up-to-date symlink: /home/ubuntu/ros2ws/install/ros2srrc_ur10e_moveit2/share/ros2srrc_ur10e_moveit2/config/ur10e_moveit2.rviz
[0.219s] -- Up-to-date symlink: /home/ubuntu/ros2ws/install/ros2srrc_ur10e_moveit2/share/ros2srrc_ur10e_moveit2/config/ur10erobotiq_2f85.srdf
[0.219s] -- Up-to-date symlink: /home/ubuntu/ros2ws/install/ros2srrc_ur10e_moveit2/share/ros2srrc_ur10e_moveit2/config/ur10erobotiq_2f85_moveit2.rviz
[0.220s] -- Up-to-date symlink: /home/ubuntu/ros2ws/install/ros2srrc_ur10e_moveit2/share/ros2srrc_ur10e_moveit2/config/ur10erobotiq_hande.srdf
[0.220s] -- Up-to-date symlink: /home/ubuntu/ros2ws/install/ros2srrc_ur10e_moveit2/share/ros2srrc_ur10e_moveit2/config/ur10erobotiq_hande_moveit2.rviz
[0.220s] -- Up-to-date symlink: /home/ubuntu/ros2ws/install/ros2srrc_ur10e_moveit2/share/ament_index/resource_index/package_run_dependencies/ros2srrc_ur10e_moveit2
[0.220s] -- Up-to-date symlink: /home/ubuntu/ros2ws/install/ros2srrc_ur10e_moveit2/share/ament_index/resource_index/parent_prefix_path/ros2srrc_ur10e_moveit2
[0.220s] -- Up-to-date symlink: /home/ubuntu/ros2ws/install/ros2srrc_ur10e_moveit2/share/ros2srrc_ur10e_moveit2/environment/ament_prefix_path.sh
[0.220s] -- Up-to-date symlink: /home/ubuntu/ros2ws/install/ros2srrc_ur10e_moveit2/share/ros2srrc_ur10e_moveit2/environment/ament_prefix_path.dsv
[0.222s] -- Up-to-date symlink: /home/ubuntu/ros2ws/install/ros2srrc_ur10e_moveit2/share/ros2srrc_ur10e_moveit2/environment/path.sh
[0.222s] -- Up-to-date symlink: /home/ubuntu/ros2ws/install/ros2srrc_ur10e_moveit2/share/ros2srrc_ur10e_moveit2/environment/path.dsv
[0.222s] -- Up-to-date symlink: /home/ubuntu/ros2ws/install/ros2srrc_ur10e_moveit2/share/ros2srrc_ur10e_moveit2/local_setup.bash
[0.222s] -- Up-to-date symlink: /home/ubuntu/ros2ws/install/ros2srrc_ur10e_moveit2/share/ros2srrc_ur10e_moveit2/local_setup.sh
[0.225s] -- Up-to-date symlink: /home/ubuntu/ros2ws/install/ros2srrc_ur10e_moveit2/share/ros2srrc_ur10e_moveit2/local_setup.zsh
[0.225s] -- Up-to-date symlink: /home/ubuntu/ros2ws/install/ros2srrc_ur10e_moveit2/share/ros2srrc_ur10e_moveit2/local_setup.dsv
[0.225s] -- Symlinking: /home/ubuntu/ros2ws/install/ros2srrc_ur10e_moveit2/share/ros2srrc_ur10e_moveit2/package.dsv
[0.242s] -- Up-to-date symlink: /home/ubuntu/ros2ws/install/ros2srrc_ur10e_moveit2/share/ament_index/resource_index/packages/ros2srrc_ur10e_moveit2
[0.243s] -- Up-to-date symlink: /home/ubuntu/ros2ws/install/ros2srrc_ur10e_moveit2/share/ros2srrc_ur10e_moveit2/cmake/ros2srrc_ur10e_moveit2Config.cmake
[0.244s] -- Up-to-date symlink: /home/ubuntu/ros2ws/install/ros2srrc_ur10e_moveit2/share/ros2srrc_ur10e_moveit2/cmake/ros2srrc_ur10e_moveit2Config-version.cmake
[0.245s] -- Up-to-date symlink: /home/ubuntu/ros2ws/install/ros2srrc_ur10e_moveit2/share/ros2srrc_ur10e_moveit2/package.xml
[0.251s] Invoked command in '/home/ubuntu/ros2ws/build/ros2srrc_ur10e_moveit2' returned '0': CMAKE_PREFIX_PATH=${CMAKE_PREFIX_PATH}:/home/ubuntu/ros2ws/install/testV1:/home/ubuntu/ros2ws/install/gui_subscriber:/home/ubuntu/ros2ws/install/robot_letter_writer:/opt/ros/humble /usr/bin/cmake --install /home/ubuntu/ros2ws/build/ros2srrc_ur10e_moveit2
