[0.008s] Invoking command in '/home/ubuntu/ros2ws/build/linkattacher_msgs': CMAKE_PREFIX_PATH=${CMAKE_PREFIX_PATH}:/opt/ros/humble /usr/bin/cmake /home/ubuntu/ros2ws/src/IFRA_LinkAttacher/linkattacher_msgs -DCMAKE_INSTALL_PREFIX=/home/ubuntu/ros2ws/install/linkattacher_msgs
[0.107s] -- The C compiler identification is GNU 11.4.0
[0.200s] -- The CXX compiler identification is GNU 11.4.0
[0.215s] -- Detecting C compiler ABI info
[0.333s] -- Detecting C compiler ABI info - done
[0.341s] -- Check for working C compiler: /usr/bin/cc - skipped
[0.341s] -- Detecting C compile features
[0.342s] -- Detecting C compile features - done
[0.347s] -- Detecting CXX compiler ABI info
[0.450s] -- Detecting CXX compiler ABI info - done
[0.465s] -- Check for working CXX compiler: /usr/bin/c++ - skipped
[0.469s] -- Detecting CXX compile features
[0.469s] -- Detecting CXX compile features - done
[0.472s] -- Found ament_cmake: 1.3.10 (/opt/ros/humble/share/ament_cmake/cmake)
[0.671s] -- Found Python3: /usr/bin/python3 (found version "3.10.12") found components: Interpreter 
[0.785s] -- Found ament_lint_auto: 0.12.11 (/opt/ros/humble/share/ament_lint_auto/cmake)
[0.884s] -- Found rosidl_default_generators: 1.2.0 (/opt/ros/humble/share/rosidl_default_generators/cmake)
[0.890s] -- Using all available rosidl_typesupport_c: rosidl_typesupport_fastrtps_c;rosidl_typesupport_introspection_c
[0.900s] -- Found rosidl_adapter: 3.1.5 (/opt/ros/humble/share/rosidl_adapter/cmake)
[0.956s] -- Using all available rosidl_typesupport_cpp: rosidl_typesupport_fastrtps_cpp;rosidl_typesupport_introspection_cpp
[1.508s] -- Found ament_cmake_ros: 0.10.0 (/opt/ros/humble/share/ament_cmake_ros/cmake)
[1.815s] -- Using all available rosidl_typesupport_c: rosidl_typesupport_fastrtps_c;rosidl_typesupport_introspection_c
[2.122s] -- Using all available rosidl_typesupport_cpp: rosidl_typesupport_fastrtps_cpp;rosidl_typesupport_introspection_cpp
[2.148s] -- Found PythonInterp: /usr/bin/python3 (found suitable version "3.10.12", minimum required is "3.6") 
[2.150s] -- Found python_cmake_module: 0.10.0 (/opt/ros/humble/share/python_cmake_module/cmake)
[2.182s] -- Found PythonLibs: /usr/lib/x86_64-linux-gnu/libpython3.10.so (found suitable version "3.10.12", minimum required is "3.5") 
[2.183s] -- Using PYTHON_EXECUTABLE: /usr/bin/python3
[2.183s] -- Using PYTHON_INCLUDE_DIRS: /usr/include/python3.10
[2.184s] -- Using PYTHON_LIBRARIES: /usr/lib/x86_64-linux-gnu/libpython3.10.so
[2.214s] -- Found PythonExtra: .so  
[2.257s] -- Added test 'copyright' to check source files copyright and LICENSE
[2.260s] -- Added test 'lint_cmake' to check CMake code style
[2.261s] -- Added test 'xmllint' to check XML markup files
[2.266s] -- Configuring done
[2.309s] -- Generating done
[2.313s] -- Build files have been written to: /home/ubuntu/ros2ws/build/linkattacher_msgs
[2.322s] Invoked command in '/home/ubuntu/ros2ws/build/linkattacher_msgs' returned '0': CMAKE_PREFIX_PATH=${CMAKE_PREFIX_PATH}:/opt/ros/humble /usr/bin/cmake /home/ubuntu/ros2ws/src/IFRA_LinkAttacher/linkattacher_msgs -DCMAKE_INSTALL_PREFIX=/home/ubuntu/ros2ws/install/linkattacher_msgs
[2.322s] Invoking command in '/home/ubuntu/ros2ws/build/linkattacher_msgs': CMAKE_PREFIX_PATH=${CMAKE_PREFIX_PATH}:/opt/ros/humble /usr/bin/cmake --build /home/ubuntu/ros2ws/build/linkattacher_msgs -- -j4 -l4
[2.374s] [  2%] [34m[1mGenerating C code for ROS interfaces[0m
[2.391s] [  5%] [34m[1mGenerating C++ code for ROS interfaces[0m
[2.405s] [  5%] Built target ament_cmake_python_copy_linkattacher_msgs
[2.705s] running egg_info
[2.705s] creating linkattacher_msgs.egg-info
[2.705s] writing linkattacher_msgs.egg-info/PKG-INFO
[2.705s] writing dependency_links to linkattacher_msgs.egg-info/dependency_links.txt
[2.705s] writing top-level names to linkattacher_msgs.egg-info/top_level.txt
[2.706s] writing manifest file 'linkattacher_msgs.egg-info/SOURCES.txt'
[2.710s] reading manifest file 'linkattacher_msgs.egg-info/SOURCES.txt'
[2.711s] writing manifest file 'linkattacher_msgs.egg-info/SOURCES.txt'
[2.745s] [  5%] Built target ament_cmake_python_build_linkattacher_msgs_egg
[3.010s] [  5%] Built target linkattacher_msgs__cpp
[3.023s] [  7%] [34m[1mGenerating C++ type support dispatch for ROS interfaces[0m
[3.031s] [ 10%] [34m[1mGenerating C++ type support for eProsima Fast-RTPS[0m
[3.034s] [ 12%] [34m[1mGenerating C++ introspection for ROS interfaces[0m
[3.060s] [ 15%] [32mBuilding C object CMakeFiles/linkattacher_msgs__rosidl_generator_c.dir/rosidl_generator_c/linkattacher_msgs/srv/detail/attach_link__functions.c.o[0m
[3.137s] [ 17%] [32mBuilding C object CMakeFiles/linkattacher_msgs__rosidl_generator_c.dir/rosidl_generator_c/linkattacher_msgs/srv/detail/detach_link__functions.c.o[0m
[3.209s] [ 20%] [32m[1mLinking C shared library liblinkattacher_msgs__rosidl_generator_c.so[0m
[3.256s] [ 20%] Built target linkattacher_msgs__rosidl_generator_c
[3.270s] [ 23%] [34m[1mGenerating C type support for eProsima Fast-RTPS[0m
[3.543s] [ 25%] [32mBuilding CXX object CMakeFiles/linkattacher_msgs__rosidl_typesupport_cpp.dir/rosidl_typesupport_cpp/linkattacher_msgs/srv/attach_link__type_support.cpp.o[0m
[3.632s] [ 28%] [32mBuilding CXX object CMakeFiles/linkattacher_msgs__rosidl_typesupport_introspection_cpp.dir/rosidl_typesupport_introspection_cpp/linkattacher_msgs/srv/detail/attach_link__type_support.cpp.o[0m
[3.662s] [ 30%] [32mBuilding CXX object CMakeFiles/linkattacher_msgs__rosidl_typesupport_fastrtps_cpp.dir/rosidl_typesupport_fastrtps_cpp/linkattacher_msgs/srv/detail/dds_fastrtps/attach_link__type_support.cpp.o[0m
[3.851s] [ 33%] [32mBuilding CXX object CMakeFiles/linkattacher_msgs__rosidl_typesupport_cpp.dir/rosidl_typesupport_cpp/linkattacher_msgs/srv/detach_link__type_support.cpp.o[0m
[3.868s] [ 35%] [32mBuilding CXX object CMakeFiles/linkattacher_msgs__rosidl_typesupport_fastrtps_c.dir/rosidl_typesupport_fastrtps_c/linkattacher_msgs/srv/detail/attach_link__type_support_c.cpp.o[0m
[4.187s] [ 38%] [32mBuilding CXX object CMakeFiles/linkattacher_msgs__rosidl_typesupport_introspection_cpp.dir/rosidl_typesupport_introspection_cpp/linkattacher_msgs/srv/detail/detach_link__type_support.cpp.o[0m
[4.215s] [ 41%] [32mBuilding CXX object CMakeFiles/linkattacher_msgs__rosidl_typesupport_fastrtps_cpp.dir/rosidl_typesupport_fastrtps_cpp/linkattacher_msgs/srv/detail/dds_fastrtps/detach_link__type_support.cpp.o[0m
[4.239s] [ 43%] [32m[1mLinking CXX shared library liblinkattacher_msgs__rosidl_typesupport_cpp.so[0m
[4.296s] [ 43%] Built target linkattacher_msgs__rosidl_typesupport_cpp
[4.309s] [ 46%] [34m[1mGenerating C introspection for ROS interfaces[0m
[4.357s] [ 48%] [32mBuilding CXX object CMakeFiles/linkattacher_msgs__rosidl_typesupport_fastrtps_c.dir/rosidl_typesupport_fastrtps_c/linkattacher_msgs/srv/detail/detach_link__type_support_c.cpp.o[0m
[4.752s] [ 51%] [32m[1mLinking CXX shared library liblinkattacher_msgs__rosidl_typesupport_fastrtps_cpp.so[0m
[4.757s] [ 53%] [32m[1mLinking CXX shared library liblinkattacher_msgs__rosidl_typesupport_introspection_cpp.so[0m
[4.935s] [ 53%] Built target linkattacher_msgs__rosidl_typesupport_introspection_cpp
[4.964s] [ 56%] [34m[1mGenerating C type support dispatch for ROS interfaces[0m
[4.981s] [ 58%] [32m[1mLinking CXX shared library liblinkattacher_msgs__rosidl_typesupport_fastrtps_c.so[0m
[4.999s] [ 58%] Built target linkattacher_msgs__rosidl_typesupport_fastrtps_cpp
[5.045s] [ 61%] [32mBuilding C object CMakeFiles/linkattacher_msgs__rosidl_typesupport_introspection_c.dir/rosidl_typesupport_introspection_c/linkattacher_msgs/srv/detail/attach_link__type_support.c.o[0m
[5.045s] [ 64%] [32mBuilding C object CMakeFiles/linkattacher_msgs__rosidl_typesupport_introspection_c.dir/rosidl_typesupport_introspection_c/linkattacher_msgs/srv/detail/detach_link__type_support.c.o[0m
[5.108s] [ 66%] [32m[1mLinking C shared library liblinkattacher_msgs__rosidl_typesupport_introspection_c.so[0m
[5.143s] [ 66%] Built target linkattacher_msgs__rosidl_typesupport_fastrtps_c
[5.181s] [ 66%] Built target linkattacher_msgs__rosidl_typesupport_introspection_c
[5.479s] [ 71%] [32mBuilding CXX object CMakeFiles/linkattacher_msgs__rosidl_typesupport_c.dir/rosidl_typesupport_c/linkattacher_msgs/srv/attach_link__type_support.cpp.o[0m
[5.479s] [ 71%] [32mBuilding CXX object CMakeFiles/linkattacher_msgs__rosidl_typesupport_c.dir/rosidl_typesupport_c/linkattacher_msgs/srv/detach_link__type_support.cpp.o[0m
[5.520s] [ 74%] [32m[1mLinking CXX shared library liblinkattacher_msgs__rosidl_typesupport_c.so[0m
[5.568s] [ 74%] Built target linkattacher_msgs__rosidl_typesupport_c
[5.594s] [ 74%] Built target linkattacher_msgs
[5.621s] [ 76%] [34m[1mGenerating Python code for ROS interfaces[0m
[6.512s] [ 76%] Built target linkattacher_msgs__py
[6.554s] [ 79%] [32mBuilding C object CMakeFiles/linkattacher_msgs__rosidl_generator_py.dir/rosidl_generator_py/linkattacher_msgs/srv/_attach_link_s.c.o[0m
[6.554s] [ 82%] [32mBuilding C object CMakeFiles/linkattacher_msgs__rosidl_generator_py.dir/rosidl_generator_py/linkattacher_msgs/srv/_detach_link_s.c.o[0m
[6.703s] [ 84%] [32m[1mLinking C shared library rosidl_generator_py/linkattacher_msgs/liblinkattacher_msgs__rosidl_generator_py.so[0m
[6.751s] [ 84%] Built target linkattacher_msgs__rosidl_generator_py
[6.777s] [ 89%] [32mBuilding C object CMakeFiles/linkattacher_msgs__rosidl_typesupport_c__pyext.dir/rosidl_generator_py/linkattacher_msgs/_linkattacher_msgs_s.ep.rosidl_typesupport_c.c.o[0m
[6.777s] [ 89%] [32mBuilding C object CMakeFiles/linkattacher_msgs__rosidl_typesupport_introspection_c__pyext.dir/rosidl_generator_py/linkattacher_msgs/_linkattacher_msgs_s.ep.rosidl_typesupport_introspection_c.c.o[0m
[6.777s] [ 92%] [32mBuilding C object CMakeFiles/linkattacher_msgs__rosidl_typesupport_fastrtps_c__pyext.dir/rosidl_generator_py/linkattacher_msgs/_linkattacher_msgs_s.ep.rosidl_typesupport_fastrtps_c.c.o[0m
[6.917s] [ 94%] [32m[1mLinking C shared library rosidl_generator_py/linkattacher_msgs/linkattacher_msgs_s__rosidl_typesupport_introspection_c.cpython-310-x86_64-linux-gnu.so[0m
[6.929s] [ 97%] [32m[1mLinking C shared library rosidl_generator_py/linkattacher_msgs/linkattacher_msgs_s__rosidl_typesupport_c.cpython-310-x86_64-linux-gnu.so[0m
[6.936s] [100%] [32m[1mLinking C shared library rosidl_generator_py/linkattacher_msgs/linkattacher_msgs_s__rosidl_typesupport_fastrtps_c.cpython-310-x86_64-linux-gnu.so[0m
[6.970s] [100%] Built target linkattacher_msgs__rosidl_typesupport_introspection_c__pyext
[6.988s] [100%] Built target linkattacher_msgs__rosidl_typesupport_c__pyext
[6.992s] [100%] Built target linkattacher_msgs__rosidl_typesupport_fastrtps_c__pyext
[7.011s] Invoked command in '/home/ubuntu/ros2ws/build/linkattacher_msgs' returned '0': CMAKE_PREFIX_PATH=${CMAKE_PREFIX_PATH}:/opt/ros/humble /usr/bin/cmake --build /home/ubuntu/ros2ws/build/linkattacher_msgs -- -j4 -l4
[7.146s] Invoking command in '/home/ubuntu/ros2ws/build/linkattacher_msgs': CMAKE_PREFIX_PATH=${CMAKE_PREFIX_PATH}:/opt/ros/humble /usr/bin/cmake --install /home/ubuntu/ros2ws/build/linkattacher_msgs
[7.157s] -- Install configuration: ""
[7.158s] -- Installing: /home/ubuntu/ros2ws/install/linkattacher_msgs/share/linkattacher_msgs/srv
[7.158s] -- Installing: /home/ubuntu/ros2ws/install/linkattacher_msgs/share/linkattacher_msgs/srv/AttachLink.srv
[7.158s] -- Installing: /home/ubuntu/ros2ws/install/linkattacher_msgs/share/linkattacher_msgs/srv/DetachLink.srv
[7.159s] -- Installing: /home/ubuntu/ros2ws/install/linkattacher_msgs/share/ament_index/resource_index/rosidl_interfaces/linkattacher_msgs
[7.159s] -- Installing: /home/ubuntu/ros2ws/install/linkattacher_msgs/include/linkattacher_msgs/linkattacher_msgs
[7.159s] -- Installing: /home/ubuntu/ros2ws/install/linkattacher_msgs/include/linkattacher_msgs/linkattacher_msgs/msg
[7.159s] -- Installing: /home/ubuntu/ros2ws/install/linkattacher_msgs/include/linkattacher_msgs/linkattacher_msgs/msg/rosidl_generator_c__visibility_control.h
[7.159s] -- Installing: /home/ubuntu/ros2ws/install/linkattacher_msgs/include/linkattacher_msgs/linkattacher_msgs/srv
[7.159s] -- Installing: /home/ubuntu/ros2ws/install/linkattacher_msgs/include/linkattacher_msgs/linkattacher_msgs/srv/detach_link.h
[7.159s] -- Installing: /home/ubuntu/ros2ws/install/linkattacher_msgs/include/linkattacher_msgs/linkattacher_msgs/srv/attach_link.h
[7.160s] -- Installing: /home/ubuntu/ros2ws/install/linkattacher_msgs/include/linkattacher_msgs/linkattacher_msgs/srv/detail
[7.160s] -- Installing: /home/ubuntu/ros2ws/install/linkattacher_msgs/include/linkattacher_msgs/linkattacher_msgs/srv/detail/detach_link__functions.c
[7.160s] -- Installing: /home/ubuntu/ros2ws/install/linkattacher_msgs/include/linkattacher_msgs/linkattacher_msgs/srv/detail/attach_link__type_support.h
[7.160s] -- Installing: /home/ubuntu/ros2ws/install/linkattacher_msgs/include/linkattacher_msgs/linkattacher_msgs/srv/detail/detach_link__functions.h
[7.160s] -- Installing: /home/ubuntu/ros2ws/install/linkattacher_msgs/include/linkattacher_msgs/linkattacher_msgs/srv/detail/detach_link__type_support.h
[7.160s] -- Installing: /home/ubuntu/ros2ws/install/linkattacher_msgs/include/linkattacher_msgs/linkattacher_msgs/srv/detail/attach_link__struct.h
[7.160s] -- Installing: /home/ubuntu/ros2ws/install/linkattacher_msgs/include/linkattacher_msgs/linkattacher_msgs/srv/detail/attach_link__functions.c
[7.160s] -- Installing: /home/ubuntu/ros2ws/install/linkattacher_msgs/include/linkattacher_msgs/linkattacher_msgs/srv/detail/attach_link__functions.h
[7.160s] -- Installing: /home/ubuntu/ros2ws/install/linkattacher_msgs/include/linkattacher_msgs/linkattacher_msgs/srv/detail/detach_link__struct.h
[7.162s] -- Installing: /home/ubuntu/ros2ws/install/linkattacher_msgs/share/linkattacher_msgs/environment/library_path.sh
[7.162s] -- Installing: /home/ubuntu/ros2ws/install/linkattacher_msgs/share/linkattacher_msgs/environment/library_path.dsv
[7.162s] -- Installing: /home/ubuntu/ros2ws/install/linkattacher_msgs/lib/liblinkattacher_msgs__rosidl_generator_c.so
[7.162s] -- Set runtime path of "/home/ubuntu/ros2ws/install/linkattacher_msgs/lib/liblinkattacher_msgs__rosidl_generator_c.so" to ""
[7.162s] -- Up-to-date: /home/ubuntu/ros2ws/install/linkattacher_msgs/include/linkattacher_msgs/linkattacher_msgs
[7.162s] -- Up-to-date: /home/ubuntu/ros2ws/install/linkattacher_msgs/include/linkattacher_msgs/linkattacher_msgs/msg
[7.162s] -- Installing: /home/ubuntu/ros2ws/install/linkattacher_msgs/include/linkattacher_msgs/linkattacher_msgs/msg/rosidl_typesupport_fastrtps_c__visibility_control.h
[7.162s] -- Up-to-date: /home/ubuntu/ros2ws/install/linkattacher_msgs/include/linkattacher_msgs/linkattacher_msgs/srv
[7.162s] -- Up-to-date: /home/ubuntu/ros2ws/install/linkattacher_msgs/include/linkattacher_msgs/linkattacher_msgs/srv/detail
[7.163s] -- Installing: /home/ubuntu/ros2ws/install/linkattacher_msgs/include/linkattacher_msgs/linkattacher_msgs/srv/detail/attach_link__rosidl_typesupport_fastrtps_c.h
[7.163s] -- Installing: /home/ubuntu/ros2ws/install/linkattacher_msgs/include/linkattacher_msgs/linkattacher_msgs/srv/detail/detach_link__rosidl_typesupport_fastrtps_c.h
[7.163s] -- Installing: /home/ubuntu/ros2ws/install/linkattacher_msgs/lib/liblinkattacher_msgs__rosidl_typesupport_fastrtps_c.so
[7.166s] -- Set runtime path of "/home/ubuntu/ros2ws/install/linkattacher_msgs/lib/liblinkattacher_msgs__rosidl_typesupport_fastrtps_c.so" to ""
[7.166s] -- Up-to-date: /home/ubuntu/ros2ws/install/linkattacher_msgs/include/linkattacher_msgs/linkattacher_msgs
[7.166s] -- Up-to-date: /home/ubuntu/ros2ws/install/linkattacher_msgs/include/linkattacher_msgs/linkattacher_msgs/msg
[7.166s] -- Installing: /home/ubuntu/ros2ws/install/linkattacher_msgs/include/linkattacher_msgs/linkattacher_msgs/msg/rosidl_typesupport_introspection_c__visibility_control.h
[7.166s] -- Up-to-date: /home/ubuntu/ros2ws/install/linkattacher_msgs/include/linkattacher_msgs/linkattacher_msgs/srv
[7.167s] -- Up-to-date: /home/ubuntu/ros2ws/install/linkattacher_msgs/include/linkattacher_msgs/linkattacher_msgs/srv/detail
[7.167s] -- Installing: /home/ubuntu/ros2ws/install/linkattacher_msgs/include/linkattacher_msgs/linkattacher_msgs/srv/detail/detach_link__rosidl_typesupport_introspection_c.h
[7.167s] -- Installing: /home/ubuntu/ros2ws/install/linkattacher_msgs/include/linkattacher_msgs/linkattacher_msgs/srv/detail/detach_link__type_support.c
[7.167s] -- Installing: /home/ubuntu/ros2ws/install/linkattacher_msgs/include/linkattacher_msgs/linkattacher_msgs/srv/detail/attach_link__type_support.c
[7.167s] -- Installing: /home/ubuntu/ros2ws/install/linkattacher_msgs/include/linkattacher_msgs/linkattacher_msgs/srv/detail/attach_link__rosidl_typesupport_introspection_c.h
[7.167s] -- Installing: /home/ubuntu/ros2ws/install/linkattacher_msgs/lib/liblinkattacher_msgs__rosidl_typesupport_introspection_c.so
[7.167s] -- Set runtime path of "/home/ubuntu/ros2ws/install/linkattacher_msgs/lib/liblinkattacher_msgs__rosidl_typesupport_introspection_c.so" to ""
[7.167s] -- Installing: /home/ubuntu/ros2ws/install/linkattacher_msgs/lib/liblinkattacher_msgs__rosidl_typesupport_c.so
[7.167s] -- Set runtime path of "/home/ubuntu/ros2ws/install/linkattacher_msgs/lib/liblinkattacher_msgs__rosidl_typesupport_c.so" to ""
[7.168s] -- Up-to-date: /home/ubuntu/ros2ws/install/linkattacher_msgs/include/linkattacher_msgs/linkattacher_msgs
[7.168s] -- Up-to-date: /home/ubuntu/ros2ws/install/linkattacher_msgs/include/linkattacher_msgs/linkattacher_msgs/srv
[7.168s] -- Installing: /home/ubuntu/ros2ws/install/linkattacher_msgs/include/linkattacher_msgs/linkattacher_msgs/srv/detach_link.hpp
[7.168s] -- Installing: /home/ubuntu/ros2ws/install/linkattacher_msgs/include/linkattacher_msgs/linkattacher_msgs/srv/attach_link.hpp
[7.168s] -- Up-to-date: /home/ubuntu/ros2ws/install/linkattacher_msgs/include/linkattacher_msgs/linkattacher_msgs/srv/detail
[7.168s] -- Installing: /home/ubuntu/ros2ws/install/linkattacher_msgs/include/linkattacher_msgs/linkattacher_msgs/srv/detail/detach_link__traits.hpp
[7.168s] -- Installing: /home/ubuntu/ros2ws/install/linkattacher_msgs/include/linkattacher_msgs/linkattacher_msgs/srv/detail/detach_link__struct.hpp
[7.168s] -- Installing: /home/ubuntu/ros2ws/install/linkattacher_msgs/include/linkattacher_msgs/linkattacher_msgs/srv/detail/attach_link__traits.hpp
[7.169s] -- Installing: /home/ubuntu/ros2ws/install/linkattacher_msgs/include/linkattacher_msgs/linkattacher_msgs/srv/detail/attach_link__builder.hpp
[7.169s] -- Installing: /home/ubuntu/ros2ws/install/linkattacher_msgs/include/linkattacher_msgs/linkattacher_msgs/srv/detail/attach_link__struct.hpp
[7.169s] -- Installing: /home/ubuntu/ros2ws/install/linkattacher_msgs/include/linkattacher_msgs/linkattacher_msgs/srv/detail/detach_link__builder.hpp
[7.169s] -- Up-to-date: /home/ubuntu/ros2ws/install/linkattacher_msgs/include/linkattacher_msgs/linkattacher_msgs
[7.169s] -- Up-to-date: /home/ubuntu/ros2ws/install/linkattacher_msgs/include/linkattacher_msgs/linkattacher_msgs/msg
[7.169s] -- Installing: /home/ubuntu/ros2ws/install/linkattacher_msgs/include/linkattacher_msgs/linkattacher_msgs/msg/rosidl_typesupport_fastrtps_cpp__visibility_control.h
[7.169s] -- Up-to-date: /home/ubuntu/ros2ws/install/linkattacher_msgs/include/linkattacher_msgs/linkattacher_msgs/srv
[7.169s] -- Up-to-date: /home/ubuntu/ros2ws/install/linkattacher_msgs/include/linkattacher_msgs/linkattacher_msgs/srv/detail
[7.169s] -- Installing: /home/ubuntu/ros2ws/install/linkattacher_msgs/include/linkattacher_msgs/linkattacher_msgs/srv/detail/detach_link__rosidl_typesupport_fastrtps_cpp.hpp
[7.169s] -- Installing: /home/ubuntu/ros2ws/install/linkattacher_msgs/include/linkattacher_msgs/linkattacher_msgs/srv/detail/attach_link__rosidl_typesupport_fastrtps_cpp.hpp
[7.170s] -- Installing: /home/ubuntu/ros2ws/install/linkattacher_msgs/include/linkattacher_msgs/linkattacher_msgs/srv/detail/dds_fastrtps
[7.170s] -- Installing: /home/ubuntu/ros2ws/install/linkattacher_msgs/lib/liblinkattacher_msgs__rosidl_typesupport_fastrtps_cpp.so
[7.170s] -- Set runtime path of "/home/ubuntu/ros2ws/install/linkattacher_msgs/lib/liblinkattacher_msgs__rosidl_typesupport_fastrtps_cpp.so" to ""
[7.170s] -- Up-to-date: /home/ubuntu/ros2ws/install/linkattacher_msgs/include/linkattacher_msgs/linkattacher_msgs
[7.170s] -- Up-to-date: /home/ubuntu/ros2ws/install/linkattacher_msgs/include/linkattacher_msgs/linkattacher_msgs/srv
[7.170s] -- Up-to-date: /home/ubuntu/ros2ws/install/linkattacher_msgs/include/linkattacher_msgs/linkattacher_msgs/srv/detail
[7.171s] -- Installing: /home/ubuntu/ros2ws/install/linkattacher_msgs/include/linkattacher_msgs/linkattacher_msgs/srv/detail/attach_link__rosidl_typesupport_introspection_cpp.hpp
[7.171s] -- Installing: /home/ubuntu/ros2ws/install/linkattacher_msgs/include/linkattacher_msgs/linkattacher_msgs/srv/detail/detach_link__rosidl_typesupport_introspection_cpp.hpp
[7.171s] -- Installing: /home/ubuntu/ros2ws/install/linkattacher_msgs/include/linkattacher_msgs/linkattacher_msgs/srv/detail/detach_link__type_support.cpp
[7.171s] -- Installing: /home/ubuntu/ros2ws/install/linkattacher_msgs/include/linkattacher_msgs/linkattacher_msgs/srv/detail/attach_link__type_support.cpp
[7.171s] -- Installing: /home/ubuntu/ros2ws/install/linkattacher_msgs/lib/liblinkattacher_msgs__rosidl_typesupport_introspection_cpp.so
[7.171s] -- Set runtime path of "/home/ubuntu/ros2ws/install/linkattacher_msgs/lib/liblinkattacher_msgs__rosidl_typesupport_introspection_cpp.so" to ""
[7.171s] -- Installing: /home/ubuntu/ros2ws/install/linkattacher_msgs/lib/liblinkattacher_msgs__rosidl_typesupport_cpp.so
[7.171s] -- Set runtime path of "/home/ubuntu/ros2ws/install/linkattacher_msgs/lib/liblinkattacher_msgs__rosidl_typesupport_cpp.so" to ""
[7.172s] -- Installing: /home/ubuntu/ros2ws/install/linkattacher_msgs/share/linkattacher_msgs/environment/pythonpath.sh
[7.172s] -- Installing: /home/ubuntu/ros2ws/install/linkattacher_msgs/share/linkattacher_msgs/environment/pythonpath.dsv
[7.172s] -- Installing: /home/ubuntu/ros2ws/install/linkattacher_msgs/local/lib/python3.10/dist-packages/linkattacher_msgs-0.0.0-py3.10.egg-info
[7.172s] -- Installing: /home/ubuntu/ros2ws/install/linkattacher_msgs/local/lib/python3.10/dist-packages/linkattacher_msgs-0.0.0-py3.10.egg-info/PKG-INFO
[7.172s] -- Installing: /home/ubuntu/ros2ws/install/linkattacher_msgs/local/lib/python3.10/dist-packages/linkattacher_msgs-0.0.0-py3.10.egg-info/top_level.txt
[7.172s] -- Installing: /home/ubuntu/ros2ws/install/linkattacher_msgs/local/lib/python3.10/dist-packages/linkattacher_msgs-0.0.0-py3.10.egg-info/dependency_links.txt
[7.172s] -- Installing: /home/ubuntu/ros2ws/install/linkattacher_msgs/local/lib/python3.10/dist-packages/linkattacher_msgs-0.0.0-py3.10.egg-info/SOURCES.txt
[7.173s] -- Installing: /home/ubuntu/ros2ws/install/linkattacher_msgs/local/lib/python3.10/dist-packages/linkattacher_msgs
[7.173s] -- Installing: /home/ubuntu/ros2ws/install/linkattacher_msgs/local/lib/python3.10/dist-packages/linkattacher_msgs/linkattacher_msgs_s__rosidl_typesupport_c.cpython-310-x86_64-linux-gnu.so
[7.173s] -- Installing: /home/ubuntu/ros2ws/install/linkattacher_msgs/local/lib/python3.10/dist-packages/linkattacher_msgs/srv
[7.173s] -- Installing: /home/ubuntu/ros2ws/install/linkattacher_msgs/local/lib/python3.10/dist-packages/linkattacher_msgs/srv/_detach_link_s.c
[7.174s] -- Installing: /home/ubuntu/ros2ws/install/linkattacher_msgs/local/lib/python3.10/dist-packages/linkattacher_msgs/srv/_attach_link.py
[7.176s] -- Installing: /home/ubuntu/ros2ws/install/linkattacher_msgs/local/lib/python3.10/dist-packages/linkattacher_msgs/srv/_detach_link.py
[7.176s] -- Installing: /home/ubuntu/ros2ws/install/linkattacher_msgs/local/lib/python3.10/dist-packages/linkattacher_msgs/srv/_attach_link_s.c
[7.176s] -- Installing: /home/ubuntu/ros2ws/install/linkattacher_msgs/local/lib/python3.10/dist-packages/linkattacher_msgs/srv/__init__.py
[7.176s] -- Installing: /home/ubuntu/ros2ws/install/linkattacher_msgs/local/lib/python3.10/dist-packages/linkattacher_msgs/_linkattacher_msgs_s.ep.rosidl_typesupport_fastrtps_c.c
[7.176s] -- Installing: /home/ubuntu/ros2ws/install/linkattacher_msgs/local/lib/python3.10/dist-packages/linkattacher_msgs/_linkattacher_msgs_s.ep.rosidl_typesupport_introspection_c.c
[7.176s] -- Installing: /home/ubuntu/ros2ws/install/linkattacher_msgs/local/lib/python3.10/dist-packages/linkattacher_msgs/liblinkattacher_msgs__rosidl_generator_py.so
[7.176s] -- Installing: /home/ubuntu/ros2ws/install/linkattacher_msgs/local/lib/python3.10/dist-packages/linkattacher_msgs/linkattacher_msgs_s__rosidl_typesupport_fastrtps_c.cpython-310-x86_64-linux-gnu.so
[7.176s] -- Installing: /home/ubuntu/ros2ws/install/linkattacher_msgs/local/lib/python3.10/dist-packages/linkattacher_msgs/linkattacher_msgs_s__rosidl_typesupport_introspection_c.cpython-310-x86_64-linux-gnu.so
[7.176s] -- Installing: /home/ubuntu/ros2ws/install/linkattacher_msgs/local/lib/python3.10/dist-packages/linkattacher_msgs/_linkattacher_msgs_s.ep.rosidl_typesupport_c.c
[7.177s] -- Installing: /home/ubuntu/ros2ws/install/linkattacher_msgs/local/lib/python3.10/dist-packages/linkattacher_msgs/__init__.py
[7.219s] Listing '/home/ubuntu/ros2ws/install/linkattacher_msgs/local/lib/python3.10/dist-packages/linkattacher_msgs'...
[7.219s] Compiling '/home/ubuntu/ros2ws/install/linkattacher_msgs/local/lib/python3.10/dist-packages/linkattacher_msgs/__init__.py'...
[7.219s] Listing '/home/ubuntu/ros2ws/install/linkattacher_msgs/local/lib/python3.10/dist-packages/linkattacher_msgs/srv'...
[7.219s] Compiling '/home/ubuntu/ros2ws/install/linkattacher_msgs/local/lib/python3.10/dist-packages/linkattacher_msgs/srv/__init__.py'...
[7.219s] Compiling '/home/ubuntu/ros2ws/install/linkattacher_msgs/local/lib/python3.10/dist-packages/linkattacher_msgs/srv/_attach_link.py'...
[7.219s] Compiling '/home/ubuntu/ros2ws/install/linkattacher_msgs/local/lib/python3.10/dist-packages/linkattacher_msgs/srv/_detach_link.py'...
[7.225s] -- Installing: /home/ubuntu/ros2ws/install/linkattacher_msgs/local/lib/python3.10/dist-packages/linkattacher_msgs/linkattacher_msgs_s__rosidl_typesupport_fastrtps_c.cpython-310-x86_64-linux-gnu.so
[7.226s] -- Set runtime path of "/home/ubuntu/ros2ws/install/linkattacher_msgs/local/lib/python3.10/dist-packages/linkattacher_msgs/linkattacher_msgs_s__rosidl_typesupport_fastrtps_c.cpython-310-x86_64-linux-gnu.so" to ""
[7.227s] -- Installing: /home/ubuntu/ros2ws/install/linkattacher_msgs/local/lib/python3.10/dist-packages/linkattacher_msgs/linkattacher_msgs_s__rosidl_typesupport_introspection_c.cpython-310-x86_64-linux-gnu.so
[7.227s] -- Set runtime path of "/home/ubuntu/ros2ws/install/linkattacher_msgs/local/lib/python3.10/dist-packages/linkattacher_msgs/linkattacher_msgs_s__rosidl_typesupport_introspection_c.cpython-310-x86_64-linux-gnu.so" to ""
[7.227s] -- Installing: /home/ubuntu/ros2ws/install/linkattacher_msgs/local/lib/python3.10/dist-packages/linkattacher_msgs/linkattacher_msgs_s__rosidl_typesupport_c.cpython-310-x86_64-linux-gnu.so
[7.229s] -- Set runtime path of "/home/ubuntu/ros2ws/install/linkattacher_msgs/local/lib/python3.10/dist-packages/linkattacher_msgs/linkattacher_msgs_s__rosidl_typesupport_c.cpython-310-x86_64-linux-gnu.so" to ""
[7.231s] -- Installing: /home/ubuntu/ros2ws/install/linkattacher_msgs/lib/liblinkattacher_msgs__rosidl_generator_py.so
[7.231s] -- Set runtime path of "/home/ubuntu/ros2ws/install/linkattacher_msgs/lib/liblinkattacher_msgs__rosidl_generator_py.so" to ""
[7.232s] -- Installing: /home/ubuntu/ros2ws/install/linkattacher_msgs/share/linkattacher_msgs/srv/AttachLink.idl
[7.232s] -- Installing: /home/ubuntu/ros2ws/install/linkattacher_msgs/share/linkattacher_msgs/srv/DetachLink.idl
[7.232s] -- Up-to-date: /home/ubuntu/ros2ws/install/linkattacher_msgs/share/linkattacher_msgs/srv/AttachLink.srv
[7.232s] -- Installing: /home/ubuntu/ros2ws/install/linkattacher_msgs/share/linkattacher_msgs/srv/AttachLink_Request.msg
[7.232s] -- Installing: /home/ubuntu/ros2ws/install/linkattacher_msgs/share/linkattacher_msgs/srv/AttachLink_Response.msg
[7.233s] -- Up-to-date: /home/ubuntu/ros2ws/install/linkattacher_msgs/share/linkattacher_msgs/srv/DetachLink.srv
[7.233s] -- Installing: /home/ubuntu/ros2ws/install/linkattacher_msgs/share/linkattacher_msgs/srv/DetachLink_Request.msg
[7.233s] -- Installing: /home/ubuntu/ros2ws/install/linkattacher_msgs/share/linkattacher_msgs/srv/DetachLink_Response.msg
[7.234s] -- Installing: /home/ubuntu/ros2ws/install/linkattacher_msgs/share/ament_index/resource_index/package_run_dependencies/linkattacher_msgs
[7.234s] -- Installing: /home/ubuntu/ros2ws/install/linkattacher_msgs/share/ament_index/resource_index/parent_prefix_path/linkattacher_msgs
[7.234s] -- Installing: /home/ubuntu/ros2ws/install/linkattacher_msgs/share/linkattacher_msgs/environment/ament_prefix_path.sh
[7.235s] -- Installing: /home/ubuntu/ros2ws/install/linkattacher_msgs/share/linkattacher_msgs/environment/ament_prefix_path.dsv
[7.235s] -- Installing: /home/ubuntu/ros2ws/install/linkattacher_msgs/share/linkattacher_msgs/environment/path.sh
[7.235s] -- Installing: /home/ubuntu/ros2ws/install/linkattacher_msgs/share/linkattacher_msgs/environment/path.dsv
[7.235s] -- Installing: /home/ubuntu/ros2ws/install/linkattacher_msgs/share/linkattacher_msgs/local_setup.bash
[7.235s] -- Installing: /home/ubuntu/ros2ws/install/linkattacher_msgs/share/linkattacher_msgs/local_setup.sh
[7.236s] -- Installing: /home/ubuntu/ros2ws/install/linkattacher_msgs/share/linkattacher_msgs/local_setup.zsh
[7.236s] -- Installing: /home/ubuntu/ros2ws/install/linkattacher_msgs/share/linkattacher_msgs/local_setup.dsv
[7.236s] -- Installing: /home/ubuntu/ros2ws/install/linkattacher_msgs/share/linkattacher_msgs/package.dsv
[7.237s] -- Installing: /home/ubuntu/ros2ws/install/linkattacher_msgs/share/ament_index/resource_index/packages/linkattacher_msgs
[7.237s] -- Installing: /home/ubuntu/ros2ws/install/linkattacher_msgs/share/linkattacher_msgs/cmake/export_linkattacher_msgs__rosidl_generator_cExport.cmake
[7.237s] -- Installing: /home/ubuntu/ros2ws/install/linkattacher_msgs/share/linkattacher_msgs/cmake/export_linkattacher_msgs__rosidl_generator_cExport-noconfig.cmake
[7.237s] -- Installing: /home/ubuntu/ros2ws/install/linkattacher_msgs/share/linkattacher_msgs/cmake/export_linkattacher_msgs__rosidl_typesupport_fastrtps_cExport.cmake
[7.238s] -- Installing: /home/ubuntu/ros2ws/install/linkattacher_msgs/share/linkattacher_msgs/cmake/export_linkattacher_msgs__rosidl_typesupport_fastrtps_cExport-noconfig.cmake
[7.238s] -- Installing: /home/ubuntu/ros2ws/install/linkattacher_msgs/share/linkattacher_msgs/cmake/linkattacher_msgs__rosidl_typesupport_introspection_cExport.cmake
[7.238s] -- Installing: /home/ubuntu/ros2ws/install/linkattacher_msgs/share/linkattacher_msgs/cmake/linkattacher_msgs__rosidl_typesupport_introspection_cExport-noconfig.cmake
[7.239s] -- Installing: /home/ubuntu/ros2ws/install/linkattacher_msgs/share/linkattacher_msgs/cmake/linkattacher_msgs__rosidl_typesupport_cExport.cmake
[7.239s] -- Installing: /home/ubuntu/ros2ws/install/linkattacher_msgs/share/linkattacher_msgs/cmake/linkattacher_msgs__rosidl_typesupport_cExport-noconfig.cmake
[7.239s] -- Installing: /home/ubuntu/ros2ws/install/linkattacher_msgs/share/linkattacher_msgs/cmake/export_linkattacher_msgs__rosidl_generator_cppExport.cmake
[7.239s] -- Installing: /home/ubuntu/ros2ws/install/linkattacher_msgs/share/linkattacher_msgs/cmake/export_linkattacher_msgs__rosidl_typesupport_fastrtps_cppExport.cmake
[7.240s] -- Installing: /home/ubuntu/ros2ws/install/linkattacher_msgs/share/linkattacher_msgs/cmake/export_linkattacher_msgs__rosidl_typesupport_fastrtps_cppExport-noconfig.cmake
[7.240s] -- Installing: /home/ubuntu/ros2ws/install/linkattacher_msgs/share/linkattacher_msgs/cmake/linkattacher_msgs__rosidl_typesupport_introspection_cppExport.cmake
[7.240s] -- Installing: /home/ubuntu/ros2ws/install/linkattacher_msgs/share/linkattacher_msgs/cmake/linkattacher_msgs__rosidl_typesupport_introspection_cppExport-noconfig.cmake
[7.240s] -- Installing: /home/ubuntu/ros2ws/install/linkattacher_msgs/share/linkattacher_msgs/cmake/linkattacher_msgs__rosidl_typesupport_cppExport.cmake
[7.241s] -- Installing: /home/ubuntu/ros2ws/install/linkattacher_msgs/share/linkattacher_msgs/cmake/linkattacher_msgs__rosidl_typesupport_cppExport-noconfig.cmake
[7.241s] -- Installing: /home/ubuntu/ros2ws/install/linkattacher_msgs/share/linkattacher_msgs/cmake/export_linkattacher_msgs__rosidl_generator_pyExport.cmake
[7.241s] -- Installing: /home/ubuntu/ros2ws/install/linkattacher_msgs/share/linkattacher_msgs/cmake/export_linkattacher_msgs__rosidl_generator_pyExport-noconfig.cmake
[7.242s] -- Installing: /home/ubuntu/ros2ws/install/linkattacher_msgs/share/linkattacher_msgs/cmake/rosidl_cmake-extras.cmake
[7.242s] -- Installing: /home/ubuntu/ros2ws/install/linkattacher_msgs/share/linkattacher_msgs/cmake/ament_cmake_export_include_directories-extras.cmake
[7.242s] -- Installing: /home/ubuntu/ros2ws/install/linkattacher_msgs/share/linkattacher_msgs/cmake/ament_cmake_export_libraries-extras.cmake
[7.242s] -- Installing: /home/ubuntu/ros2ws/install/linkattacher_msgs/share/linkattacher_msgs/cmake/ament_cmake_export_targets-extras.cmake
[7.243s] -- Installing: /home/ubuntu/ros2ws/install/linkattacher_msgs/share/linkattacher_msgs/cmake/rosidl_cmake_export_typesupport_targets-extras.cmake
[7.243s] -- Installing: /home/ubuntu/ros2ws/install/linkattacher_msgs/share/linkattacher_msgs/cmake/ament_cmake_export_dependencies-extras.cmake
[7.243s] -- Installing: /home/ubuntu/ros2ws/install/linkattacher_msgs/share/linkattacher_msgs/cmake/rosidl_cmake_export_typesupport_libraries-extras.cmake
[7.243s] -- Installing: /home/ubuntu/ros2ws/install/linkattacher_msgs/share/linkattacher_msgs/cmake/linkattacher_msgsConfig.cmake
[7.243s] -- Installing: /home/ubuntu/ros2ws/install/linkattacher_msgs/share/linkattacher_msgs/cmake/linkattacher_msgsConfig-version.cmake
[7.244s] -- Installing: /home/ubuntu/ros2ws/install/linkattacher_msgs/share/linkattacher_msgs/package.xml
[7.248s] Invoked command in '/home/ubuntu/ros2ws/build/linkattacher_msgs' returned '0': CMAKE_PREFIX_PATH=${CMAKE_PREFIX_PATH}:/opt/ros/humble /usr/bin/cmake --install /home/ubuntu/ros2ws/build/linkattacher_msgs
