[0.011s] Invoking command in '/home/ubuntu/ros2ws/build/abb_irb4600_support': CMAKE_PREFIX_PATH=${CMAKE_PREFIX_PATH}:/opt/ros/humble /usr/bin/cmake /home/ubuntu/ros2ws/src/ABBDriver/abb_ros2/robot_specific_config/abb_irb4600_support -DCMAKE_INSTALL_PREFIX=/home/ubuntu/ros2ws/install/abb_irb4600_support
[0.114s] -- The C compiler identification is GNU 11.4.0
[0.218s] -- The CXX compiler identification is GNU 11.4.0
[0.224s] -- Detecting C compiler ABI info
[0.356s] -- Detecting C compiler ABI info - done
[0.368s] -- Check for working C compiler: /usr/bin/cc - skipped
[0.369s] -- Detecting C compile features
[0.370s] -- Detecting C compile features - done
[0.381s] -- Detecting CXX compiler ABI info
[0.542s] -- Detecting CXX compiler ABI info - done
[0.556s] -- Check for working CXX compiler: /usr/bin/c++ - skipped
[0.560s] -- Detecting CXX compile features
[0.574s] -- Detecting CXX compile features - done
[0.577s] -- Found ament_cmake: 1.3.10 (/opt/ros/humble/share/ament_cmake/cmake)
[0.846s] -- Found Python3: /usr/bin/python3 (found version "3.10.12") found components: Interpreter 
[1.115s] -- Configuring done
[1.122s] -- Generating done
[1.123s] -- Build files have been written to: /home/ubuntu/ros2ws/build/abb_irb4600_support
[1.131s] Invoked command in '/home/ubuntu/ros2ws/build/abb_irb4600_support' returned '0': CMAKE_PREFIX_PATH=${CMAKE_PREFIX_PATH}:/opt/ros/humble /usr/bin/cmake /home/ubuntu/ros2ws/src/ABBDriver/abb_ros2/robot_specific_config/abb_irb4600_support -DCMAKE_INSTALL_PREFIX=/home/ubuntu/ros2ws/install/abb_irb4600_support
[1.132s] Invoking command in '/home/ubuntu/ros2ws/build/abb_irb4600_support': CMAKE_PREFIX_PATH=${CMAKE_PREFIX_PATH}:/opt/ros/humble /usr/bin/cmake --build /home/ubuntu/ros2ws/build/abb_irb4600_support -- -j4 -l4
[1.211s] Invoked command in '/home/ubuntu/ros2ws/build/abb_irb4600_support' returned '0': CMAKE_PREFIX_PATH=${CMAKE_PREFIX_PATH}:/opt/ros/humble /usr/bin/cmake --build /home/ubuntu/ros2ws/build/abb_irb4600_support -- -j4 -l4
[1.259s] Invoking command in '/home/ubuntu/ros2ws/build/abb_irb4600_support': CMAKE_PREFIX_PATH=${CMAKE_PREFIX_PATH}:/opt/ros/humble /usr/bin/cmake --install /home/ubuntu/ros2ws/build/abb_irb4600_support
[1.273s] -- Install configuration: ""
[1.274s] -- Installing: /home/ubuntu/ros2ws/install/abb_irb4600_support/share/ament_index/resource_index/package_run_dependencies/abb_irb4600_support
[1.276s] -- Installing: /home/ubuntu/ros2ws/install/abb_irb4600_support/share/ament_index/resource_index/parent_prefix_path/abb_irb4600_support
[1.276s] -- Installing: /home/ubuntu/ros2ws/install/abb_irb4600_support/share/abb_irb4600_support/environment/ament_prefix_path.sh
[1.276s] -- Installing: /home/ubuntu/ros2ws/install/abb_irb4600_support/share/abb_irb4600_support/environment/ament_prefix_path.dsv
[1.277s] -- Installing: /home/ubuntu/ros2ws/install/abb_irb4600_support/share/abb_irb4600_support/environment/path.sh
[1.277s] -- Installing: /home/ubuntu/ros2ws/install/abb_irb4600_support/share/abb_irb4600_support/environment/path.dsv
[1.277s] -- Installing: /home/ubuntu/ros2ws/install/abb_irb4600_support/share/abb_irb4600_support/local_setup.bash
[1.277s] -- Installing: /home/ubuntu/ros2ws/install/abb_irb4600_support/share/abb_irb4600_support/local_setup.sh
[1.279s] -- Installing: /home/ubuntu/ros2ws/install/abb_irb4600_support/share/abb_irb4600_support/local_setup.zsh
[1.279s] -- Installing: /home/ubuntu/ros2ws/install/abb_irb4600_support/share/abb_irb4600_support/local_setup.dsv
[1.279s] -- Installing: /home/ubuntu/ros2ws/install/abb_irb4600_support/share/abb_irb4600_support/package.dsv
[1.279s] -- Installing: /home/ubuntu/ros2ws/install/abb_irb4600_support/share/ament_index/resource_index/packages/abb_irb4600_support
[1.283s] -- Installing: /home/ubuntu/ros2ws/install/abb_irb4600_support/share/abb_irb4600_support/cmake/abb_irb4600_supportConfig.cmake
[1.283s] -- Installing: /home/ubuntu/ros2ws/install/abb_irb4600_support/share/abb_irb4600_support/cmake/abb_irb4600_supportConfig-version.cmake
[1.283s] -- Installing: /home/ubuntu/ros2ws/install/abb_irb4600_support/share/abb_irb4600_support/package.xml
[1.284s] -- Installing: /home/ubuntu/ros2ws/install/abb_irb4600_support/share/abb_irb4600_support/launch
[1.284s] -- Installing: /home/ubuntu/ros2ws/install/abb_irb4600_support/share/abb_irb4600_support/launch/view_robot.launch.py
[1.284s] -- Installing: /home/ubuntu/ros2ws/install/abb_irb4600_support/share/abb_irb4600_support/meshes
[1.284s] -- Installing: /home/ubuntu/ros2ws/install/abb_irb4600_support/share/abb_irb4600_support/meshes/irb4600_20_250
[1.285s] -- Installing: /home/ubuntu/ros2ws/install/abb_irb4600_support/share/abb_irb4600_support/meshes/irb4600_20_250/collision
[1.285s] -- Installing: /home/ubuntu/ros2ws/install/abb_irb4600_support/share/abb_irb4600_support/meshes/irb4600_20_250/collision/link_4.stl
[1.285s] -- Installing: /home/ubuntu/ros2ws/install/abb_irb4600_support/share/abb_irb4600_support/meshes/irb4600_20_250/collision/link_2.stl
[1.285s] -- Installing: /home/ubuntu/ros2ws/install/abb_irb4600_support/share/abb_irb4600_support/meshes/irb4600_20_250/collision/link_3.stl
[1.287s] -- Installing: /home/ubuntu/ros2ws/install/abb_irb4600_support/share/abb_irb4600_support/meshes/irb4600_20_250/collision/link_5.stl
[1.288s] -- Installing: /home/ubuntu/ros2ws/install/abb_irb4600_support/share/abb_irb4600_support/meshes/irb4600_20_250/collision/link_6.stl
[1.288s] -- Installing: /home/ubuntu/ros2ws/install/abb_irb4600_support/share/abb_irb4600_support/meshes/irb4600_20_250/visual
[1.289s] -- Installing: /home/ubuntu/ros2ws/install/abb_irb4600_support/share/abb_irb4600_support/meshes/irb4600_20_250/visual/link_5.dae
[1.289s] -- Installing: /home/ubuntu/ros2ws/install/abb_irb4600_support/share/abb_irb4600_support/meshes/irb4600_20_250/visual/link_4.dae
[1.289s] -- Installing: /home/ubuntu/ros2ws/install/abb_irb4600_support/share/abb_irb4600_support/meshes/irb4600_20_250/visual/link_2.dae
[1.289s] -- Installing: /home/ubuntu/ros2ws/install/abb_irb4600_support/share/abb_irb4600_support/meshes/irb4600_20_250/visual/link_3.dae
[1.289s] -- Installing: /home/ubuntu/ros2ws/install/abb_irb4600_support/share/abb_irb4600_support/meshes/irb4600_20_250/visual/link_6.dae
[1.290s] -- Installing: /home/ubuntu/ros2ws/install/abb_irb4600_support/share/abb_irb4600_support/meshes/irb4600_40_255
[1.290s] -- Installing: /home/ubuntu/ros2ws/install/abb_irb4600_support/share/abb_irb4600_support/meshes/irb4600_40_255/collision
[1.290s] -- Installing: /home/ubuntu/ros2ws/install/abb_irb4600_support/share/abb_irb4600_support/meshes/irb4600_40_255/collision/link_4.stl
[1.290s] -- Installing: /home/ubuntu/ros2ws/install/abb_irb4600_support/share/abb_irb4600_support/meshes/irb4600_40_255/collision/link_2.stl
[1.290s] -- Installing: /home/ubuntu/ros2ws/install/abb_irb4600_support/share/abb_irb4600_support/meshes/irb4600_40_255/collision/link_3.stl
[1.294s] -- Installing: /home/ubuntu/ros2ws/install/abb_irb4600_support/share/abb_irb4600_support/meshes/irb4600_40_255/collision/link_5.stl
[1.294s] -- Installing: /home/ubuntu/ros2ws/install/abb_irb4600_support/share/abb_irb4600_support/meshes/irb4600_40_255/collision/link_6.stl
[1.294s] -- Installing: /home/ubuntu/ros2ws/install/abb_irb4600_support/share/abb_irb4600_support/meshes/irb4600_40_255/visual
[1.294s] -- Installing: /home/ubuntu/ros2ws/install/abb_irb4600_support/share/abb_irb4600_support/meshes/irb4600_40_255/visual/link_5.dae
[1.295s] -- Installing: /home/ubuntu/ros2ws/install/abb_irb4600_support/share/abb_irb4600_support/meshes/irb4600_40_255/visual/link_4.dae
[1.295s] -- Installing: /home/ubuntu/ros2ws/install/abb_irb4600_support/share/abb_irb4600_support/meshes/irb4600_40_255/visual/link_2.dae
[1.295s] -- Installing: /home/ubuntu/ros2ws/install/abb_irb4600_support/share/abb_irb4600_support/meshes/irb4600_40_255/visual/link_3.dae
[1.296s] -- Installing: /home/ubuntu/ros2ws/install/abb_irb4600_support/share/abb_irb4600_support/meshes/irb4600_40_255/visual/link_6.dae
[1.298s] -- Installing: /home/ubuntu/ros2ws/install/abb_irb4600_support/share/abb_irb4600_support/meshes/irb4600
[1.298s] -- Installing: /home/ubuntu/ros2ws/install/abb_irb4600_support/share/abb_irb4600_support/meshes/irb4600/collision
[1.298s] -- Installing: /home/ubuntu/ros2ws/install/abb_irb4600_support/share/abb_irb4600_support/meshes/irb4600/collision/base_link.stl
[1.298s] -- Installing: /home/ubuntu/ros2ws/install/abb_irb4600_support/share/abb_irb4600_support/meshes/irb4600/collision/link_1.stl
[1.299s] -- Installing: /home/ubuntu/ros2ws/install/abb_irb4600_support/share/abb_irb4600_support/meshes/irb4600/visual
[1.299s] -- Installing: /home/ubuntu/ros2ws/install/abb_irb4600_support/share/abb_irb4600_support/meshes/irb4600/visual/link_1.dae
[1.301s] -- Installing: /home/ubuntu/ros2ws/install/abb_irb4600_support/share/abb_irb4600_support/meshes/irb4600/visual/base_link.dae
[1.301s] -- Installing: /home/ubuntu/ros2ws/install/abb_irb4600_support/share/abb_irb4600_support/meshes/irb4600_60_205
[1.301s] -- Installing: /home/ubuntu/ros2ws/install/abb_irb4600_support/share/abb_irb4600_support/meshes/irb4600_60_205/collision
[1.302s] -- Installing: /home/ubuntu/ros2ws/install/abb_irb4600_support/share/abb_irb4600_support/meshes/irb4600_60_205/collision/link_4.stl
[1.305s] -- Installing: /home/ubuntu/ros2ws/install/abb_irb4600_support/share/abb_irb4600_support/meshes/irb4600_60_205/collision/link_2.stl
[1.305s] -- Installing: /home/ubuntu/ros2ws/install/abb_irb4600_support/share/abb_irb4600_support/meshes/irb4600_60_205/collision/link_3.stl
[1.307s] -- Installing: /home/ubuntu/ros2ws/install/abb_irb4600_support/share/abb_irb4600_support/meshes/irb4600_60_205/collision/link_5.stl
[1.307s] -- Installing: /home/ubuntu/ros2ws/install/abb_irb4600_support/share/abb_irb4600_support/meshes/irb4600_60_205/collision/link_6.stl
[1.308s] -- Installing: /home/ubuntu/ros2ws/install/abb_irb4600_support/share/abb_irb4600_support/meshes/irb4600_60_205/visual
[1.308s] -- Installing: /home/ubuntu/ros2ws/install/abb_irb4600_support/share/abb_irb4600_support/meshes/irb4600_60_205/visual/link_5.dae
[1.308s] -- Installing: /home/ubuntu/ros2ws/install/abb_irb4600_support/share/abb_irb4600_support/meshes/irb4600_60_205/visual/link_4.dae
[1.309s] -- Installing: /home/ubuntu/ros2ws/install/abb_irb4600_support/share/abb_irb4600_support/meshes/irb4600_60_205/visual/link_2.dae
[1.309s] -- Installing: /home/ubuntu/ros2ws/install/abb_irb4600_support/share/abb_irb4600_support/meshes/irb4600_60_205/visual/link_3.dae
[1.310s] -- Installing: /home/ubuntu/ros2ws/install/abb_irb4600_support/share/abb_irb4600_support/meshes/irb4600_60_205/visual/link_6.dae
[1.310s] -- Installing: /home/ubuntu/ros2ws/install/abb_irb4600_support/share/abb_irb4600_support/rviz
[1.312s] -- Installing: /home/ubuntu/ros2ws/install/abb_irb4600_support/share/abb_irb4600_support/rviz/urdf_description.rviz
[1.312s] -- Installing: /home/ubuntu/ros2ws/install/abb_irb4600_support/share/abb_irb4600_support/urdf
[1.312s] -- Installing: /home/ubuntu/ros2ws/install/abb_irb4600_support/share/abb_irb4600_support/urdf/irb4600_60_205_macro.xacro
[1.313s] -- Installing: /home/ubuntu/ros2ws/install/abb_irb4600_support/share/abb_irb4600_support/urdf/irb4600.ros2_control.xacro
[1.313s] -- Installing: /home/ubuntu/ros2ws/install/abb_irb4600_support/share/abb_irb4600_support/urdf/irb4600_20_250_macro.xacro
[1.313s] -- Installing: /home/ubuntu/ros2ws/install/abb_irb4600_support/share/abb_irb4600_support/urdf/irb4600_40_255_macro.xacro
[1.313s] -- Installing: /home/ubuntu/ros2ws/install/abb_irb4600_support/share/abb_irb4600_support/urdf/irb4600_20_250.xacro
[1.313s] -- Installing: /home/ubuntu/ros2ws/install/abb_irb4600_support/share/abb_irb4600_support/urdf/irb4600_40_255.xacro
[1.313s] -- Installing: /home/ubuntu/ros2ws/install/abb_irb4600_support/share/abb_irb4600_support/urdf/irb4600_60_205.xacro
[1.317s] Invoked command in '/home/ubuntu/ros2ws/build/abb_irb4600_support' returned '0': CMAKE_PREFIX_PATH=${CMAKE_PREFIX_PATH}:/opt/ros/humble /usr/bin/cmake --install /home/ubuntu/ros2ws/build/abb_irb4600_support
