[0.015s] Invoking command in '/home/ubuntu/ros2ws/build/cr35ia_ros2_gazebo': CMAKE_PREFIX_PATH=${CMAKE_PREFIX_PATH}:/opt/ros/humble /usr/bin/cmake /home/ubuntu/ros2ws/src/ros2_RobotSimulation/Fanuc/CR35iA/cr35ia_ros2_gazebo -DCMAKE_INSTALL_PREFIX=/home/ubuntu/ros2ws/install/cr35ia_ros2_gazebo
[0.144s] -- The C compiler identification is GNU 11.4.0
[0.257s] -- The CXX compiler identification is GNU 11.4.0
[0.276s] -- Detecting C compiler ABI info
[0.407s] -- Detecting C compiler ABI info - done
[0.431s] -- Check for working C compiler: /usr/bin/cc - skipped
[0.433s] -- Detecting C compile features
[0.434s] -- Detecting C compile features - done
[0.440s] -- Detecting CXX compiler ABI info
[0.614s] -- Detecting CXX compiler ABI info - done
[0.629s] -- Check for working CXX compiler: /usr/bin/c++ - skipped
[0.629s] -- Detecting CXX compile features
[0.631s] -- Detecting CXX compile features - done
[0.636s] -- Found ament_cmake: 1.3.10 (/opt/ros/humble/share/ament_cmake/cmake)
[0.994s] -- Found Python3: /usr/bin/python3 (found version "3.10.12") found components: Interpreter 
[1.213s] -- Found ament_lint_auto: 0.12.11 (/opt/ros/humble/share/ament_lint_auto/cmake)
[1.359s] -- Added test 'copyright' to check source files copyright and LICENSE
[1.367s] -- Added test 'flake8' to check Python code syntax and style conventions
[1.370s] -- Added test 'lint_cmake' to check CMake code style
[1.371s] -- Added test 'pep257' to check Python code against some of the docstring style conventions in PEP 257
[1.376s] -- Added test 'xmllint' to check XML markup files
[1.383s] -- Configuring done
[1.383s] -- Generating done
[1.383s] -- Build files have been written to: /home/ubuntu/ros2ws/build/cr35ia_ros2_gazebo
[1.394s] Invoked command in '/home/ubuntu/ros2ws/build/cr35ia_ros2_gazebo' returned '0': CMAKE_PREFIX_PATH=${CMAKE_PREFIX_PATH}:/opt/ros/humble /usr/bin/cmake /home/ubuntu/ros2ws/src/ros2_RobotSimulation/Fanuc/CR35iA/cr35ia_ros2_gazebo -DCMAKE_INSTALL_PREFIX=/home/ubuntu/ros2ws/install/cr35ia_ros2_gazebo
[1.395s] Invoking command in '/home/ubuntu/ros2ws/build/cr35ia_ros2_gazebo': CMAKE_PREFIX_PATH=${CMAKE_PREFIX_PATH}:/opt/ros/humble /usr/bin/cmake --build /home/ubuntu/ros2ws/build/cr35ia_ros2_gazebo -- -j4 -l4
[1.449s] Invoked command in '/home/ubuntu/ros2ws/build/cr35ia_ros2_gazebo' returned '0': CMAKE_PREFIX_PATH=${CMAKE_PREFIX_PATH}:/opt/ros/humble /usr/bin/cmake --build /home/ubuntu/ros2ws/build/cr35ia_ros2_gazebo -- -j4 -l4
[1.500s] Invoking command in '/home/ubuntu/ros2ws/build/cr35ia_ros2_gazebo': CMAKE_PREFIX_PATH=${CMAKE_PREFIX_PATH}:/opt/ros/humble /usr/bin/cmake --install /home/ubuntu/ros2ws/build/cr35ia_ros2_gazebo
[1.530s] -- Install configuration: ""
[1.531s] -- Installing: /home/ubuntu/ros2ws/install/cr35ia_ros2_gazebo/share/cr35ia_ros2_gazebo/config
[1.531s] -- Installing: /home/ubuntu/ros2ws/install/cr35ia_ros2_gazebo/share/cr35ia_ros2_gazebo/config/cr35ia_controller.yaml
[1.531s] -- Installing: /home/ubuntu/ros2ws/install/cr35ia_ros2_gazebo/share/cr35ia_ros2_gazebo/launch
[1.547s] -- Installing: /home/ubuntu/ros2ws/install/cr35ia_ros2_gazebo/share/cr35ia_ros2_gazebo/launch/cr35ia_simulation.launch.py
[1.547s] -- Installing: /home/ubuntu/ros2ws/install/cr35ia_ros2_gazebo/share/cr35ia_ros2_gazebo/urdf
[1.547s] -- Installing: /home/ubuntu/ros2ws/install/cr35ia_ros2_gazebo/share/cr35ia_ros2_gazebo/urdf/fanuc_resources
[1.547s] -- Installing: /home/ubuntu/ros2ws/install/cr35ia_ros2_gazebo/share/cr35ia_ros2_gazebo/urdf/fanuc_resources/common_materials.xacro
[1.547s] -- Installing: /home/ubuntu/ros2ws/install/cr35ia_ros2_gazebo/share/cr35ia_ros2_gazebo/urdf/fanuc_resources/common_colours.xacro
[1.551s] -- Installing: /home/ubuntu/ros2ws/install/cr35ia_ros2_gazebo/share/cr35ia_ros2_gazebo/urdf/cr35ia_macro.urdf.xacro
[1.553s] -- Installing: /home/ubuntu/ros2ws/install/cr35ia_ros2_gazebo/share/cr35ia_ros2_gazebo/urdf/cr35ia_ros2control.xacro
[1.553s] -- Installing: /home/ubuntu/ros2ws/install/cr35ia_ros2_gazebo/share/cr35ia_ros2_gazebo/urdf/cr35ia_transmission.xacro
[1.553s] -- Installing: /home/ubuntu/ros2ws/install/cr35ia_ros2_gazebo/share/cr35ia_ros2_gazebo/urdf/cr35ia.urdf.xacro
[1.553s] -- Installing: /home/ubuntu/ros2ws/install/cr35ia_ros2_gazebo/share/cr35ia_ros2_gazebo/worlds
[1.556s] -- Installing: /home/ubuntu/ros2ws/install/cr35ia_ros2_gazebo/share/cr35ia_ros2_gazebo/worlds/cr35ia.world
[1.558s] -- Installing: /home/ubuntu/ros2ws/install/cr35ia_ros2_gazebo/share/cr35ia_ros2_gazebo/meshes
[1.558s] -- Installing: /home/ubuntu/ros2ws/install/cr35ia_ros2_gazebo/share/cr35ia_ros2_gazebo/meshes/collision
[1.558s] -- Installing: /home/ubuntu/ros2ws/install/cr35ia_ros2_gazebo/share/cr35ia_ros2_gazebo/meshes/collision/base_link.stl
[1.558s] -- Installing: /home/ubuntu/ros2ws/install/cr35ia_ros2_gazebo/share/cr35ia_ros2_gazebo/meshes/collision/link_4.stl
[1.558s] -- Installing: /home/ubuntu/ros2ws/install/cr35ia_ros2_gazebo/share/cr35ia_ros2_gazebo/meshes/collision/link_2.stl
[1.558s] -- Installing: /home/ubuntu/ros2ws/install/cr35ia_ros2_gazebo/share/cr35ia_ros2_gazebo/meshes/collision/link_1.stl
[1.562s] -- Installing: /home/ubuntu/ros2ws/install/cr35ia_ros2_gazebo/share/cr35ia_ros2_gazebo/meshes/collision/link_3.stl
[1.562s] -- Installing: /home/ubuntu/ros2ws/install/cr35ia_ros2_gazebo/share/cr35ia_ros2_gazebo/meshes/collision/link_5.stl
[1.562s] -- Installing: /home/ubuntu/ros2ws/install/cr35ia_ros2_gazebo/share/cr35ia_ros2_gazebo/meshes/collision/link_6.stl
[1.562s] -- Installing: /home/ubuntu/ros2ws/install/cr35ia_ros2_gazebo/share/cr35ia_ros2_gazebo/meshes/visual
[1.563s] -- Installing: /home/ubuntu/ros2ws/install/cr35ia_ros2_gazebo/share/cr35ia_ros2_gazebo/meshes/visual/base_link.stl
[1.563s] -- Installing: /home/ubuntu/ros2ws/install/cr35ia_ros2_gazebo/share/cr35ia_ros2_gazebo/meshes/visual/link_4.stl
[1.563s] -- Installing: /home/ubuntu/ros2ws/install/cr35ia_ros2_gazebo/share/cr35ia_ros2_gazebo/meshes/visual/link_2.stl
[1.563s] -- Installing: /home/ubuntu/ros2ws/install/cr35ia_ros2_gazebo/share/cr35ia_ros2_gazebo/meshes/visual/link_1.stl
[1.564s] -- Installing: /home/ubuntu/ros2ws/install/cr35ia_ros2_gazebo/share/cr35ia_ros2_gazebo/meshes/visual/link_3.stl
[1.564s] -- Installing: /home/ubuntu/ros2ws/install/cr35ia_ros2_gazebo/share/cr35ia_ros2_gazebo/meshes/visual/link_5.stl
[1.564s] -- Installing: /home/ubuntu/ros2ws/install/cr35ia_ros2_gazebo/share/cr35ia_ros2_gazebo/meshes/visual/link_6.stl
[1.564s] -- Installing: /home/ubuntu/ros2ws/install/cr35ia_ros2_gazebo/share/ament_index/resource_index/package_run_dependencies/cr35ia_ros2_gazebo
[1.564s] -- Installing: /home/ubuntu/ros2ws/install/cr35ia_ros2_gazebo/share/ament_index/resource_index/parent_prefix_path/cr35ia_ros2_gazebo
[1.564s] -- Installing: /home/ubuntu/ros2ws/install/cr35ia_ros2_gazebo/share/cr35ia_ros2_gazebo/environment/ament_prefix_path.sh
[1.567s] -- Installing: /home/ubuntu/ros2ws/install/cr35ia_ros2_gazebo/share/cr35ia_ros2_gazebo/environment/ament_prefix_path.dsv
[1.567s] -- Installing: /home/ubuntu/ros2ws/install/cr35ia_ros2_gazebo/share/cr35ia_ros2_gazebo/environment/path.sh
[1.567s] -- Installing: /home/ubuntu/ros2ws/install/cr35ia_ros2_gazebo/share/cr35ia_ros2_gazebo/environment/path.dsv
[1.568s] -- Installing: /home/ubuntu/ros2ws/install/cr35ia_ros2_gazebo/share/cr35ia_ros2_gazebo/local_setup.bash
[1.568s] -- Installing: /home/ubuntu/ros2ws/install/cr35ia_ros2_gazebo/share/cr35ia_ros2_gazebo/local_setup.sh
[1.568s] -- Installing: /home/ubuntu/ros2ws/install/cr35ia_ros2_gazebo/share/cr35ia_ros2_gazebo/local_setup.zsh
[1.568s] -- Installing: /home/ubuntu/ros2ws/install/cr35ia_ros2_gazebo/share/cr35ia_ros2_gazebo/local_setup.dsv
[1.568s] -- Installing: /home/ubuntu/ros2ws/install/cr35ia_ros2_gazebo/share/cr35ia_ros2_gazebo/package.dsv
[1.568s] -- Installing: /home/ubuntu/ros2ws/install/cr35ia_ros2_gazebo/share/ament_index/resource_index/packages/cr35ia_ros2_gazebo
[1.568s] -- Installing: /home/ubuntu/ros2ws/install/cr35ia_ros2_gazebo/share/cr35ia_ros2_gazebo/cmake/cr35ia_ros2_gazeboConfig.cmake
[1.569s] -- Installing: /home/ubuntu/ros2ws/install/cr35ia_ros2_gazebo/share/cr35ia_ros2_gazebo/cmake/cr35ia_ros2_gazeboConfig-version.cmake
[1.569s] -- Installing: /home/ubuntu/ros2ws/install/cr35ia_ros2_gazebo/share/cr35ia_ros2_gazebo/package.xml
[1.576s] Invoked command in '/home/ubuntu/ros2ws/build/cr35ia_ros2_gazebo' returned '0': CMAKE_PREFIX_PATH=${CMAKE_PREFIX_PATH}:/opt/ros/humble /usr/bin/cmake --install /home/ubuntu/ros2ws/build/cr35ia_ros2_gazebo
