[0.053s] Invoking command in '/home/ubuntu/ros2ws/build/ros2srrc_irb6640_moveit2': CMAKE_PREFIX_PATH=${CMAKE_PREFIX_PATH}:/home/ubuntu/ros2ws/install/testV1:/home/ubuntu/ros2ws/install/robot_letter_writer:/opt/ros/humble /usr/bin/cmake --build /home/ubuntu/ros2ws/build/ros2srrc_irb6640_moveit2 -- -j4 -l4
[0.123s] Invoked command in '/home/ubuntu/ros2ws/build/ros2srrc_irb6640_moveit2' returned '0': CMAKE_PREFIX_PATH=${CMAKE_PREFIX_PATH}:/home/ubuntu/ros2ws/install/testV1:/home/ubuntu/ros2ws/install/robot_letter_writer:/opt/ros/humble /usr/bin/cmake --build /home/ubuntu/ros2ws/build/ros2srrc_irb6640_moveit2 -- -j4 -l4
[0.177s] Invoking command in '/home/ubuntu/ros2ws/build/ros2srrc_irb6640_moveit2': CMAKE_PREFIX_PATH=${CMAKE_PREFIX_PATH}:/home/ubuntu/ros2ws/install/testV1:/home/ubuntu/ros2ws/install/robot_letter_writer:/opt/ros/humble /usr/bin/cmake --install /home/ubuntu/ros2ws/build/ros2srrc_irb6640_moveit2
[0.189s] -- Install configuration: ""
[0.192s] -- Execute custom install script
[0.192s] -- Up-to-date symlink: /home/ubuntu/ros2ws/install/ros2srrc_irb6640_moveit2/share/ros2srrc_irb6640_moveit2/config/irb6640.srdf
[0.192s] -- Up-to-date symlink: /home/ubuntu/ros2ws/install/ros2srrc_irb6640_moveit2/share/ros2srrc_irb6640_moveit2/config/irb6640_moveit2.rviz
[0.192s] -- Up-to-date symlink: /home/ubuntu/ros2ws/install/ros2srrc_irb6640_moveit2/share/ros2srrc_irb6640_moveit2/config/irb6640gpp5010nc.srdf
[0.193s] -- Up-to-date symlink: /home/ubuntu/ros2ws/install/ros2srrc_irb6640_moveit2/share/ros2srrc_irb6640_moveit2/config/irb6640gpp5010nc_moveit2.rviz
[0.193s] -- Up-to-date symlink: /home/ubuntu/ros2ws/install/ros2srrc_irb6640_moveit2/share/ament_index/resource_index/package_run_dependencies/ros2srrc_irb6640_moveit2
[0.193s] -- Up-to-date symlink: /home/ubuntu/ros2ws/install/ros2srrc_irb6640_moveit2/share/ament_index/resource_index/parent_prefix_path/ros2srrc_irb6640_moveit2
[0.194s] -- Up-to-date symlink: /home/ubuntu/ros2ws/install/ros2srrc_irb6640_moveit2/share/ros2srrc_irb6640_moveit2/environment/ament_prefix_path.sh
[0.194s] -- Up-to-date symlink: /home/ubuntu/ros2ws/install/ros2srrc_irb6640_moveit2/share/ros2srrc_irb6640_moveit2/environment/ament_prefix_path.dsv
[0.195s] -- Up-to-date symlink: /home/ubuntu/ros2ws/install/ros2srrc_irb6640_moveit2/share/ros2srrc_irb6640_moveit2/environment/path.sh
[0.195s] -- Up-to-date symlink: /home/ubuntu/ros2ws/install/ros2srrc_irb6640_moveit2/share/ros2srrc_irb6640_moveit2/environment/path.dsv
[0.196s] -- Up-to-date symlink: /home/ubuntu/ros2ws/install/ros2srrc_irb6640_moveit2/share/ros2srrc_irb6640_moveit2/local_setup.bash
[0.196s] -- Up-to-date symlink: /home/ubuntu/ros2ws/install/ros2srrc_irb6640_moveit2/share/ros2srrc_irb6640_moveit2/local_setup.sh
[0.197s] -- Up-to-date symlink: /home/ubuntu/ros2ws/install/ros2srrc_irb6640_moveit2/share/ros2srrc_irb6640_moveit2/local_setup.zsh
[0.198s] -- Up-to-date symlink: /home/ubuntu/ros2ws/install/ros2srrc_irb6640_moveit2/share/ros2srrc_irb6640_moveit2/local_setup.dsv
[0.198s] -- Symlinking: /home/ubuntu/ros2ws/install/ros2srrc_irb6640_moveit2/share/ros2srrc_irb6640_moveit2/package.dsv
[0.212s] -- Up-to-date symlink: /home/ubuntu/ros2ws/install/ros2srrc_irb6640_moveit2/share/ament_index/resource_index/packages/ros2srrc_irb6640_moveit2
[0.213s] -- Up-to-date symlink: /home/ubuntu/ros2ws/install/ros2srrc_irb6640_moveit2/share/ros2srrc_irb6640_moveit2/cmake/ros2srrc_irb6640_moveit2Config.cmake
[0.213s] -- Up-to-date symlink: /home/ubuntu/ros2ws/install/ros2srrc_irb6640_moveit2/share/ros2srrc_irb6640_moveit2/cmake/ros2srrc_irb6640_moveit2Config-version.cmake
[0.216s] -- Up-to-date symlink: /home/ubuntu/ros2ws/install/ros2srrc_irb6640_moveit2/share/ros2srrc_irb6640_moveit2/package.xml
[0.265s] Invoked command in '/home/ubuntu/ros2ws/build/ros2srrc_irb6640_moveit2' returned '0': CMAKE_PREFIX_PATH=${CMAKE_PREFIX_PATH}:/home/ubuntu/ros2ws/install/testV1:/home/ubuntu/ros2ws/install/robot_letter_writer:/opt/ros/humble /usr/bin/cmake --install /home/ubuntu/ros2ws/build/ros2srrc_irb6640_moveit2
