[0.050s] Invoking command in '/home/ubuntu/ros2ws/build/path_tracer_plugin': CMAKE_PREFIX_PATH=${CMAKE_PREFIX_PATH}:/home/ubuntu/ros2ws/install/testV1:/home/ubuntu/ros2ws/install/gui_subscriber:/home/ubuntu/ros2ws/install/moveit_configs_utils:/home/ubuntu/ros2ws/install/robot_letter_writer:/home/ubuntu/ros2ws/install/launch_param_builder:/opt/ros/humble /usr/bin/cmake /home/ubuntu/ros2ws/src/path_tracer_plugin -DCMAKE_INSTALL_PREFIX=/home/ubuntu/ros2ws/install/path_tracer_plugin
[1.606s] -- The C compiler identification is GNU 11.4.0
[3.352s] -- The CXX compiler identification is GNU 11.4.0
[3.444s] -- Detecting C compiler ABI info
[3.762s] -- Detecting C compiler ABI info - done
[3.775s] -- Check for working C compiler: /usr/bin/cc - skipped
[3.788s] -- Detecting C compile features
[3.806s] -- Detecting C compile features - done
[3.840s] -- Detecting CXX compiler ABI info
[4.241s] -- Detecting CXX compiler ABI info - done
[4.253s] -- Check for working CXX compiler: /usr/bin/c++ - skipped
[4.253s] -- Detecting CXX compile features
[4.254s] -- Detecting CXX compile features - done
[4.384s] -- Found ament_cmake: 1.3.10 (/opt/ros/humble/share/ament_cmake/cmake)
[4.871s] -- Found Python3: /usr/bin/python3 (found version "3.10.12") found components: Interpreter 
[5.635s] -- Found ament_lint_auto: 0.12.11 (/opt/ros/humble/share/ament_lint_auto/cmake)
[6.109s] -- Added test 'cppcheck' to perform static code analysis on C / C++ code
[6.109s] -- Configured cppcheck include dirs: 
[6.109s] -- Configured cppcheck exclude dirs and/or files: 
[6.115s] -- Added test 'lint_cmake' to check CMake code style
[6.121s] -- Added test 'uncrustify' to check C / C++ code style
[6.121s] -- Configured uncrustify additional arguments: 
[6.125s] -- Added test 'xmllint' to check XML markup files
[6.150s] -- Configuring done
[6.155s] -- Generating done
[6.157s] -- Build files have been written to: /home/ubuntu/ros2ws/build/path_tracer_plugin
[6.164s] Invoked command in '/home/ubuntu/ros2ws/build/path_tracer_plugin' returned '0': CMAKE_PREFIX_PATH=${CMAKE_PREFIX_PATH}:/home/ubuntu/ros2ws/install/testV1:/home/ubuntu/ros2ws/install/gui_subscriber:/home/ubuntu/ros2ws/install/moveit_configs_utils:/home/ubuntu/ros2ws/install/robot_letter_writer:/home/ubuntu/ros2ws/install/launch_param_builder:/opt/ros/humble /usr/bin/cmake /home/ubuntu/ros2ws/src/path_tracer_plugin -DCMAKE_INSTALL_PREFIX=/home/ubuntu/ros2ws/install/path_tracer_plugin
[6.166s] Invoking command in '/home/ubuntu/ros2ws/build/path_tracer_plugin': CMAKE_PREFIX_PATH=${CMAKE_PREFIX_PATH}:/home/ubuntu/ros2ws/install/testV1:/home/ubuntu/ros2ws/install/gui_subscriber:/home/ubuntu/ros2ws/install/moveit_configs_utils:/home/ubuntu/ros2ws/install/robot_letter_writer:/home/ubuntu/ros2ws/install/launch_param_builder:/opt/ros/humble /usr/bin/cmake --build /home/ubuntu/ros2ws/build/path_tracer_plugin -- -j4 -l4
[6.273s] Invoked command in '/home/ubuntu/ros2ws/build/path_tracer_plugin' returned '0': CMAKE_PREFIX_PATH=${CMAKE_PREFIX_PATH}:/home/ubuntu/ros2ws/install/testV1:/home/ubuntu/ros2ws/install/gui_subscriber:/home/ubuntu/ros2ws/install/moveit_configs_utils:/home/ubuntu/ros2ws/install/robot_letter_writer:/home/ubuntu/ros2ws/install/launch_param_builder:/opt/ros/humble /usr/bin/cmake --build /home/ubuntu/ros2ws/build/path_tracer_plugin -- -j4 -l4
[6.384s] Invoking command in '/home/ubuntu/ros2ws/build/path_tracer_plugin': CMAKE_PREFIX_PATH=${CMAKE_PREFIX_PATH}:/home/ubuntu/ros2ws/install/testV1:/home/ubuntu/ros2ws/install/gui_subscriber:/home/ubuntu/ros2ws/install/moveit_configs_utils:/home/ubuntu/ros2ws/install/robot_letter_writer:/home/ubuntu/ros2ws/install/launch_param_builder:/opt/ros/humble /usr/bin/cmake --install /home/ubuntu/ros2ws/build/path_tracer_plugin
[6.402s] -- Install configuration: ""
[6.402s] -- Installing: /home/ubuntu/ros2ws/install/path_tracer_plugin/share/ament_index/resource_index/package_run_dependencies/path_tracer_plugin
[6.402s] -- Installing: /home/ubuntu/ros2ws/install/path_tracer_plugin/share/ament_index/resource_index/parent_prefix_path/path_tracer_plugin
[6.403s] -- Installing: /home/ubuntu/ros2ws/install/path_tracer_plugin/share/path_tracer_plugin/environment/ament_prefix_path.sh
[6.403s] -- Installing: /home/ubuntu/ros2ws/install/path_tracer_plugin/share/path_tracer_plugin/environment/ament_prefix_path.dsv
[6.403s] -- Installing: /home/ubuntu/ros2ws/install/path_tracer_plugin/share/path_tracer_plugin/environment/path.sh
[6.403s] -- Installing: /home/ubuntu/ros2ws/install/path_tracer_plugin/share/path_tracer_plugin/environment/path.dsv
[6.404s] -- Installing: /home/ubuntu/ros2ws/install/path_tracer_plugin/share/path_tracer_plugin/local_setup.bash
[6.404s] -- Installing: /home/ubuntu/ros2ws/install/path_tracer_plugin/share/path_tracer_plugin/local_setup.sh
[6.404s] -- Installing: /home/ubuntu/ros2ws/install/path_tracer_plugin/share/path_tracer_plugin/local_setup.zsh
[6.405s] -- Installing: /home/ubuntu/ros2ws/install/path_tracer_plugin/share/path_tracer_plugin/local_setup.dsv
[6.405s] -- Installing: /home/ubuntu/ros2ws/install/path_tracer_plugin/share/path_tracer_plugin/package.dsv
[6.405s] -- Installing: /home/ubuntu/ros2ws/install/path_tracer_plugin/share/ament_index/resource_index/packages/path_tracer_plugin
[6.406s] -- Installing: /home/ubuntu/ros2ws/install/path_tracer_plugin/share/path_tracer_plugin/cmake/path_tracer_pluginConfig.cmake
[6.406s] -- Installing: /home/ubuntu/ros2ws/install/path_tracer_plugin/share/path_tracer_plugin/cmake/path_tracer_pluginConfig-version.cmake
[6.406s] -- Installing: /home/ubuntu/ros2ws/install/path_tracer_plugin/share/path_tracer_plugin/package.xml
[6.408s] Invoked command in '/home/ubuntu/ros2ws/build/path_tracer_plugin' returned '0': CMAKE_PREFIX_PATH=${CMAKE_PREFIX_PATH}:/home/ubuntu/ros2ws/install/testV1:/home/ubuntu/ros2ws/install/gui_subscriber:/home/ubuntu/ros2ws/install/moveit_configs_utils:/home/ubuntu/ros2ws/install/robot_letter_writer:/home/ubuntu/ros2ws/install/launch_param_builder:/opt/ros/humble /usr/bin/cmake --install /home/ubuntu/ros2ws/build/path_tracer_plugin
