[0.013s] Invoking command in '/home/ubuntu/ros2ws/build/abb_irb4600_support': CMAKE_PREFIX_PATH=${CMAKE_PREFIX_PATH}:/opt/ros/humble /usr/bin/cmake --build /home/ubuntu/ros2ws/build/abb_irb4600_support -- -j4 -l4
[0.077s] Invoked command in '/home/ubuntu/ros2ws/build/abb_irb4600_support' returned '0': CMAKE_PREFIX_PATH=${CMAKE_PREFIX_PATH}:/opt/ros/humble /usr/bin/cmake --build /home/ubuntu/ros2ws/build/abb_irb4600_support -- -j4 -l4
[0.114s] Invoking command in '/home/ubuntu/ros2ws/build/abb_irb4600_support': CMAKE_PREFIX_PATH=${CMAKE_PREFIX_PATH}:/opt/ros/humble /usr/bin/cmake --install /home/ubuntu/ros2ws/build/abb_irb4600_support
[0.132s] -- Install configuration: ""
[0.132s] -- Up-to-date: /home/ubuntu/ros2ws/install/abb_irb4600_support/share/ament_index/resource_index/package_run_dependencies/abb_irb4600_support
[0.132s] -- Up-to-date: /home/ubuntu/ros2ws/install/abb_irb4600_support/share/ament_index/resource_index/parent_prefix_path/abb_irb4600_support
[0.132s] -- Up-to-date: /home/ubuntu/ros2ws/install/abb_irb4600_support/share/abb_irb4600_support/environment/ament_prefix_path.sh
[0.132s] -- Up-to-date: /home/ubuntu/ros2ws/install/abb_irb4600_support/share/abb_irb4600_support/environment/ament_prefix_path.dsv
[0.132s] -- Up-to-date: /home/ubuntu/ros2ws/install/abb_irb4600_support/share/abb_irb4600_support/environment/path.sh
[0.132s] -- Up-to-date: /home/ubuntu/ros2ws/install/abb_irb4600_support/share/abb_irb4600_support/environment/path.dsv
[0.133s] -- Up-to-date: /home/ubuntu/ros2ws/install/abb_irb4600_support/share/abb_irb4600_support/local_setup.bash
[0.134s] -- Up-to-date: /home/ubuntu/ros2ws/install/abb_irb4600_support/share/abb_irb4600_support/local_setup.sh
[0.134s] -- Up-to-date: /home/ubuntu/ros2ws/install/abb_irb4600_support/share/abb_irb4600_support/local_setup.zsh
[0.134s] -- Up-to-date: /home/ubuntu/ros2ws/install/abb_irb4600_support/share/abb_irb4600_support/local_setup.dsv
[0.134s] -- Installing: /home/ubuntu/ros2ws/install/abb_irb4600_support/share/abb_irb4600_support/package.dsv
[0.134s] -- Up-to-date: /home/ubuntu/ros2ws/install/abb_irb4600_support/share/ament_index/resource_index/packages/abb_irb4600_support
[0.134s] -- Up-to-date: /home/ubuntu/ros2ws/install/abb_irb4600_support/share/abb_irb4600_support/cmake/abb_irb4600_supportConfig.cmake
[0.134s] -- Up-to-date: /home/ubuntu/ros2ws/install/abb_irb4600_support/share/abb_irb4600_support/cmake/abb_irb4600_supportConfig-version.cmake
[0.134s] -- Up-to-date: /home/ubuntu/ros2ws/install/abb_irb4600_support/share/abb_irb4600_support/package.xml
[0.136s] -- Up-to-date: /home/ubuntu/ros2ws/install/abb_irb4600_support/share/abb_irb4600_support/launch
[0.136s] -- Up-to-date: /home/ubuntu/ros2ws/install/abb_irb4600_support/share/abb_irb4600_support/launch/view_robot.launch.py
[0.136s] -- Up-to-date: /home/ubuntu/ros2ws/install/abb_irb4600_support/share/abb_irb4600_support/meshes
[0.136s] -- Up-to-date: /home/ubuntu/ros2ws/install/abb_irb4600_support/share/abb_irb4600_support/meshes/irb4600_20_250
[0.136s] -- Up-to-date: /home/ubuntu/ros2ws/install/abb_irb4600_support/share/abb_irb4600_support/meshes/irb4600_20_250/collision
[0.137s] -- Up-to-date: /home/ubuntu/ros2ws/install/abb_irb4600_support/share/abb_irb4600_support/meshes/irb4600_20_250/collision/link_4.stl
[0.137s] -- Up-to-date: /home/ubuntu/ros2ws/install/abb_irb4600_support/share/abb_irb4600_support/meshes/irb4600_20_250/collision/link_2.stl
[0.137s] -- Up-to-date: /home/ubuntu/ros2ws/install/abb_irb4600_support/share/abb_irb4600_support/meshes/irb4600_20_250/collision/link_3.stl
[0.138s] -- Up-to-date: /home/ubuntu/ros2ws/install/abb_irb4600_support/share/abb_irb4600_support/meshes/irb4600_20_250/collision/link_5.stl
[0.138s] -- Up-to-date: /home/ubuntu/ros2ws/install/abb_irb4600_support/share/abb_irb4600_support/meshes/irb4600_20_250/collision/link_6.stl
[0.139s] -- Up-to-date: /home/ubuntu/ros2ws/install/abb_irb4600_support/share/abb_irb4600_support/meshes/irb4600_20_250/visual
[0.139s] -- Up-to-date: /home/ubuntu/ros2ws/install/abb_irb4600_support/share/abb_irb4600_support/meshes/irb4600_20_250/visual/link_5.dae
[0.139s] -- Up-to-date: /home/ubuntu/ros2ws/install/abb_irb4600_support/share/abb_irb4600_support/meshes/irb4600_20_250/visual/link_4.dae
[0.140s] -- Up-to-date: /home/ubuntu/ros2ws/install/abb_irb4600_support/share/abb_irb4600_support/meshes/irb4600_20_250/visual/link_2.dae
[0.140s] -- Up-to-date: /home/ubuntu/ros2ws/install/abb_irb4600_support/share/abb_irb4600_support/meshes/irb4600_20_250/visual/link_3.dae
[0.140s] -- Up-to-date: /home/ubuntu/ros2ws/install/abb_irb4600_support/share/abb_irb4600_support/meshes/irb4600_20_250/visual/link_6.dae
[0.140s] -- Up-to-date: /home/ubuntu/ros2ws/install/abb_irb4600_support/share/abb_irb4600_support/meshes/irb4600_40_255
[0.140s] -- Up-to-date: /home/ubuntu/ros2ws/install/abb_irb4600_support/share/abb_irb4600_support/meshes/irb4600_40_255/collision
[0.140s] -- Up-to-date: /home/ubuntu/ros2ws/install/abb_irb4600_support/share/abb_irb4600_support/meshes/irb4600_40_255/collision/link_4.stl
[0.140s] -- Up-to-date: /home/ubuntu/ros2ws/install/abb_irb4600_support/share/abb_irb4600_support/meshes/irb4600_40_255/collision/link_2.stl
[0.140s] -- Up-to-date: /home/ubuntu/ros2ws/install/abb_irb4600_support/share/abb_irb4600_support/meshes/irb4600_40_255/collision/link_3.stl
[0.140s] -- Up-to-date: /home/ubuntu/ros2ws/install/abb_irb4600_support/share/abb_irb4600_support/meshes/irb4600_40_255/collision/link_5.stl
[0.140s] -- Up-to-date: /home/ubuntu/ros2ws/install/abb_irb4600_support/share/abb_irb4600_support/meshes/irb4600_40_255/collision/link_6.stl
[0.140s] -- Up-to-date: /home/ubuntu/ros2ws/install/abb_irb4600_support/share/abb_irb4600_support/meshes/irb4600_40_255/visual
[0.140s] -- Up-to-date: /home/ubuntu/ros2ws/install/abb_irb4600_support/share/abb_irb4600_support/meshes/irb4600_40_255/visual/link_5.dae
[0.141s] -- Up-to-date: /home/ubuntu/ros2ws/install/abb_irb4600_support/share/abb_irb4600_support/meshes/irb4600_40_255/visual/link_4.dae
[0.141s] -- Up-to-date: /home/ubuntu/ros2ws/install/abb_irb4600_support/share/abb_irb4600_support/meshes/irb4600_40_255/visual/link_2.dae
[0.141s] -- Up-to-date: /home/ubuntu/ros2ws/install/abb_irb4600_support/share/abb_irb4600_support/meshes/irb4600_40_255/visual/link_3.dae
[0.141s] -- Up-to-date: /home/ubuntu/ros2ws/install/abb_irb4600_support/share/abb_irb4600_support/meshes/irb4600_40_255/visual/link_6.dae
[0.141s] -- Up-to-date: /home/ubuntu/ros2ws/install/abb_irb4600_support/share/abb_irb4600_support/meshes/irb4600
[0.141s] -- Up-to-date: /home/ubuntu/ros2ws/install/abb_irb4600_support/share/abb_irb4600_support/meshes/irb4600/collision
[0.141s] -- Up-to-date: /home/ubuntu/ros2ws/install/abb_irb4600_support/share/abb_irb4600_support/meshes/irb4600/collision/base_link.stl
[0.141s] -- Up-to-date: /home/ubuntu/ros2ws/install/abb_irb4600_support/share/abb_irb4600_support/meshes/irb4600/collision/link_1.stl
[0.141s] -- Up-to-date: /home/ubuntu/ros2ws/install/abb_irb4600_support/share/abb_irb4600_support/meshes/irb4600/visual
[0.141s] -- Up-to-date: /home/ubuntu/ros2ws/install/abb_irb4600_support/share/abb_irb4600_support/meshes/irb4600/visual/link_1.dae
[0.141s] -- Up-to-date: /home/ubuntu/ros2ws/install/abb_irb4600_support/share/abb_irb4600_support/meshes/irb4600/visual/base_link.dae
[0.141s] -- Up-to-date: /home/ubuntu/ros2ws/install/abb_irb4600_support/share/abb_irb4600_support/meshes/irb4600_60_205
[0.142s] -- Up-to-date: /home/ubuntu/ros2ws/install/abb_irb4600_support/share/abb_irb4600_support/meshes/irb4600_60_205/collision
[0.142s] -- Up-to-date: /home/ubuntu/ros2ws/install/abb_irb4600_support/share/abb_irb4600_support/meshes/irb4600_60_205/collision/link_4.stl
[0.142s] -- Up-to-date: /home/ubuntu/ros2ws/install/abb_irb4600_support/share/abb_irb4600_support/meshes/irb4600_60_205/collision/link_2.stl
[0.142s] -- Up-to-date: /home/ubuntu/ros2ws/install/abb_irb4600_support/share/abb_irb4600_support/meshes/irb4600_60_205/collision/link_3.stl
[0.142s] -- Up-to-date: /home/ubuntu/ros2ws/install/abb_irb4600_support/share/abb_irb4600_support/meshes/irb4600_60_205/collision/link_5.stl
[0.142s] -- Up-to-date: /home/ubuntu/ros2ws/install/abb_irb4600_support/share/abb_irb4600_support/meshes/irb4600_60_205/collision/link_6.stl
[0.142s] -- Up-to-date: /home/ubuntu/ros2ws/install/abb_irb4600_support/share/abb_irb4600_support/meshes/irb4600_60_205/visual
[0.142s] -- Up-to-date: /home/ubuntu/ros2ws/install/abb_irb4600_support/share/abb_irb4600_support/meshes/irb4600_60_205/visual/link_5.dae
[0.142s] -- Up-to-date: /home/ubuntu/ros2ws/install/abb_irb4600_support/share/abb_irb4600_support/meshes/irb4600_60_205/visual/link_4.dae
[0.142s] -- Up-to-date: /home/ubuntu/ros2ws/install/abb_irb4600_support/share/abb_irb4600_support/meshes/irb4600_60_205/visual/link_2.dae
[0.142s] -- Up-to-date: /home/ubuntu/ros2ws/install/abb_irb4600_support/share/abb_irb4600_support/meshes/irb4600_60_205/visual/link_3.dae
[0.142s] -- Up-to-date: /home/ubuntu/ros2ws/install/abb_irb4600_support/share/abb_irb4600_support/meshes/irb4600_60_205/visual/link_6.dae
[0.143s] -- Up-to-date: /home/ubuntu/ros2ws/install/abb_irb4600_support/share/abb_irb4600_support/rviz
[0.143s] -- Up-to-date: /home/ubuntu/ros2ws/install/abb_irb4600_support/share/abb_irb4600_support/rviz/urdf_description.rviz
[0.143s] -- Up-to-date: /home/ubuntu/ros2ws/install/abb_irb4600_support/share/abb_irb4600_support/urdf
[0.143s] -- Up-to-date: /home/ubuntu/ros2ws/install/abb_irb4600_support/share/abb_irb4600_support/urdf/irb4600_60_205_macro.xacro
[0.143s] -- Up-to-date: /home/ubuntu/ros2ws/install/abb_irb4600_support/share/abb_irb4600_support/urdf/irb4600.ros2_control.xacro
[0.143s] -- Up-to-date: /home/ubuntu/ros2ws/install/abb_irb4600_support/share/abb_irb4600_support/urdf/irb4600_20_250_macro.xacro
[0.143s] -- Up-to-date: /home/ubuntu/ros2ws/install/abb_irb4600_support/share/abb_irb4600_support/urdf/irb4600_40_255_macro.xacro
[0.143s] -- Up-to-date: /home/ubuntu/ros2ws/install/abb_irb4600_support/share/abb_irb4600_support/urdf/irb4600_20_250.xacro
[0.143s] -- Up-to-date: /home/ubuntu/ros2ws/install/abb_irb4600_support/share/abb_irb4600_support/urdf/irb4600_40_255.xacro
[0.144s] -- Up-to-date: /home/ubuntu/ros2ws/install/abb_irb4600_support/share/abb_irb4600_support/urdf/irb4600_60_205.xacro
[0.146s] Invoked command in '/home/ubuntu/ros2ws/build/abb_irb4600_support' returned '0': CMAKE_PREFIX_PATH=${CMAKE_PREFIX_PATH}:/opt/ros/humble /usr/bin/cmake --install /home/ubuntu/ros2ws/build/abb_irb4600_support
