[0.056s] Invoking command in '/home/ubuntu/ros2ws/build/ros2srrc_ur5_moveit2': CMAKE_PREFIX_PATH=${CMAKE_PREFIX_PATH}:/opt/ros/humble /usr/bin/cmake /home/ubuntu/ros2ws/src/ros2_SimRealRobotControl/packages/ur5/ros2srrc_ur5_moveit2 -DCMAKE_INSTALL_PREFIX=/home/ubuntu/ros2ws/install/ros2srrc_ur5_moveit2
[0.105s] -- Found ament_cmake: 1.3.10 (/opt/ros/humble/share/ament_cmake/cmake)
[0.400s] -- Override CMake install command with custom implementation using symlinks instead of copying resources
[0.418s] -- Found ament_lint_auto: 0.12.11 (/opt/ros/humble/share/ament_lint_auto/cmake)
[0.652s] -- Added test 'copyright' to check source files copyright and LICENSE
[0.656s] -- Added test 'lint_cmake' to check CMake code style
[0.658s] -- Added test 'xmllint' to check XML markup files
[0.665s] -- Configuring done
[0.686s] -- Generating done
[0.687s] -- Build files have been written to: /home/ubuntu/ros2ws/build/ros2srrc_ur5_moveit2
[0.692s] Invoked command in '/home/ubuntu/ros2ws/build/ros2srrc_ur5_moveit2' returned '0': CMAKE_PREFIX_PATH=${CMAKE_PREFIX_PATH}:/opt/ros/humble /usr/bin/cmake /home/ubuntu/ros2ws/src/ros2_SimRealRobotControl/packages/ur5/ros2srrc_ur5_moveit2 -DCMAKE_INSTALL_PREFIX=/home/ubuntu/ros2ws/install/ros2srrc_ur5_moveit2
[0.704s] Invoking command in '/home/ubuntu/ros2ws/build/ros2srrc_ur5_moveit2': CMAKE_PREFIX_PATH=${CMAKE_PREFIX_PATH}:/opt/ros/humble /usr/bin/cmake --build /home/ubuntu/ros2ws/build/ros2srrc_ur5_moveit2 -- -j4 -l4
[0.813s] Invoked command in '/home/ubuntu/ros2ws/build/ros2srrc_ur5_moveit2' returned '0': CMAKE_PREFIX_PATH=${CMAKE_PREFIX_PATH}:/opt/ros/humble /usr/bin/cmake --build /home/ubuntu/ros2ws/build/ros2srrc_ur5_moveit2 -- -j4 -l4
[0.912s] Invoking command in '/home/ubuntu/ros2ws/build/ros2srrc_ur5_moveit2': CMAKE_PREFIX_PATH=${CMAKE_PREFIX_PATH}:/opt/ros/humble /usr/bin/cmake --install /home/ubuntu/ros2ws/build/ros2srrc_ur5_moveit2
[0.935s] -- Install configuration: ""
[0.936s] -- Execute custom install script
[0.937s] -- Up-to-date symlink: /home/ubuntu/ros2ws/install/ros2srrc_ur5_moveit2/share/ros2srrc_ur5_moveit2/config/ur5.srdf
[0.938s] -- Up-to-date symlink: /home/ubuntu/ros2ws/install/ros2srrc_ur5_moveit2/share/ros2srrc_ur5_moveit2/config/ur5_moveit2.rviz
[0.939s] -- Up-to-date symlink: /home/ubuntu/ros2ws/install/ros2srrc_ur5_moveit2/share/ros2srrc_ur5_moveit2/config/ur5robotiq_2f85.srdf
[0.939s] -- Up-to-date symlink: /home/ubuntu/ros2ws/install/ros2srrc_ur5_moveit2/share/ros2srrc_ur5_moveit2/config/ur5robotiq_2f85_moveit2.rviz
[0.939s] -- Up-to-date symlink: /home/ubuntu/ros2ws/install/ros2srrc_ur5_moveit2/share/ros2srrc_ur5_moveit2/config/ur5robotiq_hande.srdf
[0.939s] -- Up-to-date symlink: /home/ubuntu/ros2ws/install/ros2srrc_ur5_moveit2/share/ros2srrc_ur5_moveit2/config/ur5robotiq_hande_moveit2.rviz
[0.939s] -- Up-to-date symlink: /home/ubuntu/ros2ws/install/ros2srrc_ur5_moveit2/share/ament_index/resource_index/package_run_dependencies/ros2srrc_ur5_moveit2
[0.939s] -- Up-to-date symlink: /home/ubuntu/ros2ws/install/ros2srrc_ur5_moveit2/share/ament_index/resource_index/parent_prefix_path/ros2srrc_ur5_moveit2
[0.939s] -- Up-to-date symlink: /home/ubuntu/ros2ws/install/ros2srrc_ur5_moveit2/share/ros2srrc_ur5_moveit2/environment/ament_prefix_path.sh
[0.939s] -- Up-to-date symlink: /home/ubuntu/ros2ws/install/ros2srrc_ur5_moveit2/share/ros2srrc_ur5_moveit2/environment/ament_prefix_path.dsv
[0.940s] -- Up-to-date symlink: /home/ubuntu/ros2ws/install/ros2srrc_ur5_moveit2/share/ros2srrc_ur5_moveit2/environment/path.sh
[0.940s] -- Up-to-date symlink: /home/ubuntu/ros2ws/install/ros2srrc_ur5_moveit2/share/ros2srrc_ur5_moveit2/environment/path.dsv
[0.940s] -- Up-to-date symlink: /home/ubuntu/ros2ws/install/ros2srrc_ur5_moveit2/share/ros2srrc_ur5_moveit2/local_setup.bash
[0.940s] -- Up-to-date symlink: /home/ubuntu/ros2ws/install/ros2srrc_ur5_moveit2/share/ros2srrc_ur5_moveit2/local_setup.sh
[0.940s] -- Up-to-date symlink: /home/ubuntu/ros2ws/install/ros2srrc_ur5_moveit2/share/ros2srrc_ur5_moveit2/local_setup.zsh
[0.940s] -- Up-to-date symlink: /home/ubuntu/ros2ws/install/ros2srrc_ur5_moveit2/share/ros2srrc_ur5_moveit2/local_setup.dsv
[0.941s] -- Symlinking: /home/ubuntu/ros2ws/install/ros2srrc_ur5_moveit2/share/ros2srrc_ur5_moveit2/package.dsv
[0.974s] -- Up-to-date symlink: /home/ubuntu/ros2ws/install/ros2srrc_ur5_moveit2/share/ament_index/resource_index/packages/ros2srrc_ur5_moveit2
[0.974s] -- Up-to-date symlink: /home/ubuntu/ros2ws/install/ros2srrc_ur5_moveit2/share/ros2srrc_ur5_moveit2/cmake/ros2srrc_ur5_moveit2Config.cmake
[0.974s] -- Up-to-date symlink: /home/ubuntu/ros2ws/install/ros2srrc_ur5_moveit2/share/ros2srrc_ur5_moveit2/cmake/ros2srrc_ur5_moveit2Config-version.cmake
[0.975s] -- Up-to-date symlink: /home/ubuntu/ros2ws/install/ros2srrc_ur5_moveit2/share/ros2srrc_ur5_moveit2/package.xml
[0.980s] Invoked command in '/home/ubuntu/ros2ws/build/ros2srrc_ur5_moveit2' returned '0': CMAKE_PREFIX_PATH=${CMAKE_PREFIX_PATH}:/opt/ros/humble /usr/bin/cmake --install /home/ubuntu/ros2ws/build/ros2srrc_ur5_moveit2
