[0.612s] Invoking command in '/home/ubuntu/ros2ws/build/abb_libegm': CMAKE_PREFIX_PATH=${CMAKE_PREFIX_PATH}:/home/ubuntu/ros2ws/install/moveit_configs_utils:/home/ubuntu/ros2ws/install/launch_param_builder:/home/ubuntu/ros2ws/install/testV1:/home/ubuntu/ros2ws/install/gui_subscriber:/home/ubuntu/ros2ws/install/robot_letter_writer:/opt/ros/humble /usr/bin/cmake --build /home/ubuntu/ros2ws/build/abb_libegm -- -j4 -l4
[0.962s] [100%] Built target abb_libegm
[0.985s] Invoked command in '/home/ubuntu/ros2ws/build/abb_libegm' returned '0': CMAKE_PREFIX_PATH=${CMAKE_PREFIX_PATH}:/home/ubuntu/ros2ws/install/moveit_configs_utils:/home/ubuntu/ros2ws/install/launch_param_builder:/home/ubuntu/ros2ws/install/testV1:/home/ubuntu/ros2ws/install/gui_subscriber:/home/ubuntu/ros2ws/install/robot_letter_writer:/opt/ros/humble /usr/bin/cmake --build /home/ubuntu/ros2ws/build/abb_libegm -- -j4 -l4
[1.166s] Invoking command in '/home/ubuntu/ros2ws/build/abb_libegm': CMAKE_PREFIX_PATH=${CMAKE_PREFIX_PATH}:/home/ubuntu/ros2ws/install/moveit_configs_utils:/home/ubuntu/ros2ws/install/launch_param_builder:/home/ubuntu/ros2ws/install/testV1:/home/ubuntu/ros2ws/install/gui_subscriber:/home/ubuntu/ros2ws/install/robot_letter_writer:/opt/ros/humble /usr/bin/cmake --install /home/ubuntu/ros2ws/build/abb_libegm
[1.182s] -- Install configuration: ""
[1.182s] -- Up-to-date: /home/ubuntu/ros2ws/install/abb_libegm/include
[1.204s] -- Up-to-date: /home/ubuntu/ros2ws/install/abb_libegm/include/abb_libegm
[1.209s] -- Up-to-date: /home/ubuntu/ros2ws/install/abb_libegm/include/abb_libegm/egm_logger.h
[1.209s] -- Up-to-date: /home/ubuntu/ros2ws/install/abb_libegm/include/abb_libegm/egm_trajectory_interface.h
[1.209s] -- Up-to-date: /home/ubuntu/ros2ws/install/abb_libegm/include/abb_libegm/egm_common_auxiliary.h
[1.209s] -- Up-to-date: /home/ubuntu/ros2ws/install/abb_libegm/include/abb_libegm/egm_base_interface.h
[1.210s] -- Up-to-date: /home/ubuntu/ros2ws/install/abb_libegm/include/abb_libegm/egm_common.h
[1.210s] -- Up-to-date: /home/ubuntu/ros2ws/install/abb_libegm/include/abb_libegm/egm_interpolator.h
[1.210s] -- Up-to-date: /home/ubuntu/ros2ws/install/abb_libegm/include/abb_libegm/egm_controller_interface.h
[1.210s] -- Up-to-date: /home/ubuntu/ros2ws/install/abb_libegm/include/abb_libegm/egm_udp_server.h
[1.210s] -- Up-to-date: /home/ubuntu/ros2ws/install/abb_libegm/include/abb_libegm/egm.proto
[1.210s] -- Up-to-date: /home/ubuntu/ros2ws/install/abb_libegm/include/abb_libegm/egm_wrapper.proto
[1.210s] -- Up-to-date: /home/ubuntu/ros2ws/install/abb_libegm/include/abb_libegm/egm_wrapper_trajectory.proto
[1.211s] -- Up-to-date: /home/ubuntu/ros2ws/install/abb_libegm/include/abb_libegm/egm.pb.h
[1.211s] -- Up-to-date: /home/ubuntu/ros2ws/install/abb_libegm/include/abb_libegm/egm_wrapper.pb.h
[1.211s] -- Up-to-date: /home/ubuntu/ros2ws/install/abb_libegm/include/abb_libegm/egm_wrapper_trajectory.pb.h
[1.212s] -- Up-to-date: /home/ubuntu/ros2ws/install/abb_libegm/include/abb_libegm/abb_libegm_export.h
[1.212s] -- Up-to-date: /home/ubuntu/ros2ws/install/abb_libegm/lib/libabb_libegm.so
[1.212s] -- Up-to-date: /home/ubuntu/ros2ws/install/abb_libegm/share/abb_libegm/abb_libegmConfig.cmake
[1.212s] -- Up-to-date: /home/ubuntu/ros2ws/install/abb_libegm/share/abb_libegm/abb_libegmConfigVersion.cmake
[1.212s] -- Up-to-date: /home/ubuntu/ros2ws/install/abb_libegm/share/abb_libegm/package.xml
[1.212s] -- Up-to-date: /home/ubuntu/ros2ws/install/abb_libegm/share/abb_libegm/abb_libegmTargets.cmake
[1.213s] -- Up-to-date: /home/ubuntu/ros2ws/install/abb_libegm/share/abb_libegm/abb_libegmTargets-noconfig.cmake
[1.219s] Invoked command in '/home/ubuntu/ros2ws/build/abb_libegm' returned '0': CMAKE_PREFIX_PATH=${CMAKE_PREFIX_PATH}:/home/ubuntu/ros2ws/install/moveit_configs_utils:/home/ubuntu/ros2ws/install/launch_param_builder:/home/ubuntu/ros2ws/install/testV1:/home/ubuntu/ros2ws/install/gui_subscriber:/home/ubuntu/ros2ws/install/robot_letter_writer:/opt/ros/humble /usr/bin/cmake --install /home/ubuntu/ros2ws/build/abb_libegm
