[0.021s] Invoking command in '/home/ubuntu/ros2ws/build/ros2srrc_ur3_gazebo': CMAKE_PREFIX_PATH=${CMAKE_PREFIX_PATH}:/opt/ros/humble /usr/bin/cmake /home/ubuntu/ros2ws/src/ros2_SimRealRobotControl/packages/ur3/ros2srrc_ur3_gazebo -DCMAKE_INSTALL_PREFIX=/home/ubuntu/ros2ws/install/ros2srrc_ur3_gazebo
[0.121s] -- The C compiler identification is GNU 11.4.0
[0.233s] -- The CXX compiler identification is GNU 11.4.0
[0.251s] -- Detecting C compiler ABI info
[0.384s] -- Detecting C compiler ABI info - done
[0.396s] -- Check for working C compiler: /usr/bin/cc - skipped
[0.397s] -- Detecting C compile features
[0.399s] -- Detecting C compile features - done
[0.402s] -- Detecting CXX compiler ABI info
[0.572s] -- Detecting CXX compiler ABI info - done
[0.584s] -- Check for working CXX compiler: /usr/bin/c++ - skipped
[0.584s] -- Detecting CXX compile features
[0.585s] -- Detecting CXX compile features - done
[0.589s] -- Found ament_cmake: 1.3.10 (/opt/ros/humble/share/ament_cmake/cmake)
[0.892s] -- Found Python3: /usr/bin/python3 (found version "3.10.12") found components: Interpreter 
[1.053s] -- Found ament_lint_auto: 0.12.11 (/opt/ros/humble/share/ament_lint_auto/cmake)
[1.210s] -- Added test 'copyright' to check source files copyright and LICENSE
[1.216s] -- Added test 'lint_cmake' to check CMake code style
[1.219s] -- Added test 'xmllint' to check XML markup files
[1.223s] -- Configuring done
[1.230s] -- Generating done
[1.233s] -- Build files have been written to: /home/ubuntu/ros2ws/build/ros2srrc_ur3_gazebo
[1.248s] Invoked command in '/home/ubuntu/ros2ws/build/ros2srrc_ur3_gazebo' returned '0': CMAKE_PREFIX_PATH=${CMAKE_PREFIX_PATH}:/opt/ros/humble /usr/bin/cmake /home/ubuntu/ros2ws/src/ros2_SimRealRobotControl/packages/ur3/ros2srrc_ur3_gazebo -DCMAKE_INSTALL_PREFIX=/home/ubuntu/ros2ws/install/ros2srrc_ur3_gazebo
[1.254s] Invoking command in '/home/ubuntu/ros2ws/build/ros2srrc_ur3_gazebo': CMAKE_PREFIX_PATH=${CMAKE_PREFIX_PATH}:/opt/ros/humble /usr/bin/cmake --build /home/ubuntu/ros2ws/build/ros2srrc_ur3_gazebo -- -j4 -l4
[1.325s] Invoked command in '/home/ubuntu/ros2ws/build/ros2srrc_ur3_gazebo' returned '0': CMAKE_PREFIX_PATH=${CMAKE_PREFIX_PATH}:/opt/ros/humble /usr/bin/cmake --build /home/ubuntu/ros2ws/build/ros2srrc_ur3_gazebo -- -j4 -l4
[1.377s] Invoking command in '/home/ubuntu/ros2ws/build/ros2srrc_ur3_gazebo': CMAKE_PREFIX_PATH=${CMAKE_PREFIX_PATH}:/opt/ros/humble /usr/bin/cmake --install /home/ubuntu/ros2ws/build/ros2srrc_ur3_gazebo
[1.391s] -- Install configuration: ""
[1.391s] -- Installing: /home/ubuntu/ros2ws/install/ros2srrc_ur3_gazebo/share/ros2srrc_ur3_gazebo/config
[1.391s] -- Installing: /home/ubuntu/ros2ws/install/ros2srrc_ur3_gazebo/share/ros2srrc_ur3_gazebo/config/configurations.yaml
[1.391s] -- Installing: /home/ubuntu/ros2ws/install/ros2srrc_ur3_gazebo/share/ros2srrc_ur3_gazebo/urdf
[1.392s] -- Installing: /home/ubuntu/ros2ws/install/ros2srrc_ur3_gazebo/share/ros2srrc_ur3_gazebo/urdf/ur3.urdf.xacro
[1.392s] -- Installing: /home/ubuntu/ros2ws/install/ros2srrc_ur3_gazebo/share/ros2srrc_ur3_gazebo/urdf/ur3_robotiq_hande.urdf.xacro
[1.392s] -- Installing: /home/ubuntu/ros2ws/install/ros2srrc_ur3_gazebo/share/ros2srrc_ur3_gazebo/urdf/ur3_robotiq_2f85.urdf.xacro
[1.392s] -- Installing: /home/ubuntu/ros2ws/install/ros2srrc_ur3_gazebo/share/ros2srrc_ur3_gazebo/worlds
[1.392s] -- Installing: /home/ubuntu/ros2ws/install/ros2srrc_ur3_gazebo/share/ros2srrc_ur3_gazebo/worlds/ros2srrc_ur3.world
[1.393s] -- Installing: /home/ubuntu/ros2ws/install/ros2srrc_ur3_gazebo/share/ament_index/resource_index/package_run_dependencies/ros2srrc_ur3_gazebo
[1.396s] -- Installing: /home/ubuntu/ros2ws/install/ros2srrc_ur3_gazebo/share/ament_index/resource_index/parent_prefix_path/ros2srrc_ur3_gazebo
[1.396s] -- Installing: /home/ubuntu/ros2ws/install/ros2srrc_ur3_gazebo/share/ros2srrc_ur3_gazebo/environment/ament_prefix_path.sh
[1.397s] -- Installing: /home/ubuntu/ros2ws/install/ros2srrc_ur3_gazebo/share/ros2srrc_ur3_gazebo/environment/ament_prefix_path.dsv
[1.397s] -- Installing: /home/ubuntu/ros2ws/install/ros2srrc_ur3_gazebo/share/ros2srrc_ur3_gazebo/environment/path.sh
[1.397s] -- Installing: /home/ubuntu/ros2ws/install/ros2srrc_ur3_gazebo/share/ros2srrc_ur3_gazebo/environment/path.dsv
[1.398s] -- Installing: /home/ubuntu/ros2ws/install/ros2srrc_ur3_gazebo/share/ros2srrc_ur3_gazebo/local_setup.bash
[1.398s] -- Installing: /home/ubuntu/ros2ws/install/ros2srrc_ur3_gazebo/share/ros2srrc_ur3_gazebo/local_setup.sh
[1.399s] -- Installing: /home/ubuntu/ros2ws/install/ros2srrc_ur3_gazebo/share/ros2srrc_ur3_gazebo/local_setup.zsh
[1.399s] -- Installing: /home/ubuntu/ros2ws/install/ros2srrc_ur3_gazebo/share/ros2srrc_ur3_gazebo/local_setup.dsv
[1.399s] -- Installing: /home/ubuntu/ros2ws/install/ros2srrc_ur3_gazebo/share/ros2srrc_ur3_gazebo/package.dsv
[1.400s] -- Installing: /home/ubuntu/ros2ws/install/ros2srrc_ur3_gazebo/share/ament_index/resource_index/packages/ros2srrc_ur3_gazebo
[1.403s] -- Installing: /home/ubuntu/ros2ws/install/ros2srrc_ur3_gazebo/share/ros2srrc_ur3_gazebo/cmake/ros2srrc_ur3_gazeboConfig.cmake
[1.403s] -- Installing: /home/ubuntu/ros2ws/install/ros2srrc_ur3_gazebo/share/ros2srrc_ur3_gazebo/cmake/ros2srrc_ur3_gazeboConfig-version.cmake
[1.403s] -- Installing: /home/ubuntu/ros2ws/install/ros2srrc_ur3_gazebo/share/ros2srrc_ur3_gazebo/package.xml
[1.407s] Invoked command in '/home/ubuntu/ros2ws/build/ros2srrc_ur3_gazebo' returned '0': CMAKE_PREFIX_PATH=${CMAKE_PREFIX_PATH}:/opt/ros/humble /usr/bin/cmake --install /home/ubuntu/ros2ws/build/ros2srrc_ur3_gazebo
