-- The C compiler identification is GNU 11.4.0
-- The CXX compiler identification is GNU 11.4.0
-- Detecting C compiler ABI info
-- Detecting C compiler ABI info - done
-- Check for working C compiler: /usr/bin/cc - skipped
-- Detecting C compile features
-- Detecting C compile features - done
-- Detecting CXX compiler ABI info
-- Detecting CXX compiler ABI info - done
-- Check for working CXX compiler: /usr/bin/c++ - skipped
-- Detecting CXX compile features
-- Detecting CXX compile features - done
-- Found ament_cmake: 1.3.10 (/opt/ros/humble/share/ament_cmake/cmake)
-- Found Python3: /usr/bin/python3 (found version "3.10.12") found components: Interpreter 
-- Found ament_lint_auto: 0.12.11 (/opt/ros/humble/share/ament_lint_auto/cmake)
-- Found moveit_ros_planning_interface: 2.5.5 (/opt/ros/humble/share/moveit_ros_planning_interface/cmake)
-- Found Boost: /usr/lib/x86_64-linux-gnu/cmake/Boost-1.74.0/BoostConfig.cmake (found version "1.74.0") found components: date_time filesystem program_options system thread 
-- Found rosidl_generator_c: 3.1.5 (/opt/ros/humble/share/rosidl_generator_c/cmake)
-- Found rosidl_adapter: 3.1.5 (/opt/ros/humble/share/rosidl_adapter/cmake)
-- Found rosidl_generator_cpp: 3.1.5 (/opt/ros/humble/share/rosidl_generator_cpp/cmake)
-- Using all available rosidl_typesupport_c: rosidl_typesupport_fastrtps_c;rosidl_typesupport_introspection_c
-- Using all available rosidl_typesupport_cpp: rosidl_typesupport_fastrtps_cpp;rosidl_typesupport_introspection_cpp
-- Found Boost: /usr/lib/x86_64-linux-gnu/cmake/Boost-1.74.0/BoostConfig.cmake (found version "1.74.0") found components: chrono date_time filesystem iostreams program_options regex serialization system thread 
-- Found parameter_traits: 0.3.8 (/opt/ros/humble/share/parameter_traits/cmake)
-- Found rmw_implementation_cmake: 6.1.2 (/opt/ros/humble/share/rmw_implementation_cmake/cmake)
-- Found rmw_cyclonedds_cpp: 1.3.4 (/opt/ros/humble/share/rmw_cyclonedds_cpp/cmake)
-- Using RMW implementation 'rmw_cyclonedds_cpp' as default
-- Found Threads: TRUE  
-- Found rclcpp_lifecycle: 16.0.10 (/opt/ros/humble/share/rclcpp_lifecycle/cmake)
-- Found Boost: /usr/lib/x86_64-linux-gnu/cmake/Boost-1.74.0/BoostConfig.cmake (found version "1.74.0") found components: filesystem 
-- library: /usr/lib/x86_64-linux-gnu/libcurl.so
-- Found Eigen3: TRUE (found version "3.4.0") 
-- Ensuring Eigen3 include directory is part of orocos-kdl CMake target
-- Found Boost: /usr/lib/x86_64-linux-gnu/cmake/Boost-1.74.0/BoostConfig.cmake (found version "1.74.0") found components: system filesystem date_time program_options thread chrono 
-- Found Boost: /usr/lib/x86_64-linux-gnu/cmake/Boost-1.74.0/BoostConfig.cmake (found version "1.74.0") found components: thread system filesystem regex date_time program_options 
-- Found Boost: /usr/lib/x86_64-linux-gnu/cmake/Boost-1.74.0/BoostConfig.cmake (found version "1.74.0") found components: system filesystem date_time program_options thread 
-- Found ros2srrc_data: 0.0.0 (/home/ubuntu/ros2ws/install/ros2srrc_data/share/ros2srrc_data/cmake)
-- Found linkattacher_msgs: 0.0.0 (/home/ubuntu/ros2ws/install/linkattacher_msgs/share/linkattacher_msgs/cmake)
-- Found abb_robot_msgs: 1.0.0 (/home/ubuntu/ros2ws/install/abb_robot_msgs/share/abb_robot_msgs/cmake)
-- Added test 'cppcheck' to perform static code analysis on C / C++ code
-- Configured cppcheck include dirs: /home/ubuntu/ros2ws/src/ros2_SimRealRobotControl/ros2srrc_execution/include
-- Configured cppcheck exclude dirs and/or files: 
-- Added test 'flake8' to check Python code syntax and style conventions
-- Added test 'lint_cmake' to check CMake code style
-- Added test 'pep257' to check Python code against some of the docstring style conventions in PEP 257
-- Added test 'uncrustify' to check C / C++ code style
-- Configured uncrustify additional arguments: 
-- Added test 'xmllint' to check XML markup files
-- Configuring done
-- Generating done
-- Build files have been written to: /home/ubuntu/ros2ws/build/ros2srrc_execution
[  8%] [32mBuilding CXX object CMakeFiles/move.dir/src/moveg.cpp.o[0m
[ 16%] [32mBuilding CXX object CMakeFiles/move.dir/src/moverp.cpp.o[0m
[ 25%] [32mBuilding CXX object CMakeFiles/move.dir/src/moverot.cpp.o[0m
[ 33%] [32mBuilding CXX object CMakeFiles/move.dir/src/mover.cpp.o[0m
[ 41%] [32mBuilding CXX object CMakeFiles/move.dir/src/movel.cpp.o[0m
[ 50%] [32mBuilding CXX object CMakeFiles/move.dir/src/movej.cpp.o[0m
[ 58%] [32mBuilding CXX object CMakeFiles/move.dir/src/move.cpp.o[0m
[ 66%] [32m[1mLinking CXX executable move[0m
[ 66%] Built target move
[ 75%] [32mBuilding CXX object CMakeFiles/robmove.dir/src/robmove.cpp.o[0m
[ 83%] [32mBuilding CXX object CMakeFiles/robpose.dir/src/robpose.cpp.o[0m
[ 91%] [32m[1mLinking CXX executable robmove[0m
[ 91%] Built target robmove
[100%] [32m[1mLinking CXX executable robpose[0m
[100%] Built target robpose
-- Install configuration: ""
-- Installing: /home/ubuntu/ros2ws/install/ros2srrc_execution/lib/ros2srrc_execution/move
-- Set runtime path of "/home/ubuntu/ros2ws/install/ros2srrc_execution/lib/ros2srrc_execution/move" to ""
-- Installing: /home/ubuntu/ros2ws/install/ros2srrc_execution/lib/ros2srrc_execution/robmove
-- Set runtime path of "/home/ubuntu/ros2ws/install/ros2srrc_execution/lib/ros2srrc_execution/robmove" to ""
-- Installing: /home/ubuntu/ros2ws/install/ros2srrc_execution/lib/ros2srrc_execution/robpose
-- Set runtime path of "/home/ubuntu/ros2ws/install/ros2srrc_execution/lib/ros2srrc_execution/robpose" to ""
-- Installing: /home/ubuntu/ros2ws/install/ros2srrc_execution/include/
-- Installing: /home/ubuntu/ros2ws/install/ros2srrc_execution/include//ros2srrc_execution
-- Installing: /home/ubuntu/ros2ws/install/ros2srrc_execution/include//ros2srrc_execution/movej.h
-- Installing: /home/ubuntu/ros2ws/install/ros2srrc_execution/include//ros2srrc_execution/moveg.h
-- Installing: /home/ubuntu/ros2ws/install/ros2srrc_execution/include//ros2srrc_execution/moverot.h
-- Installing: /home/ubuntu/ros2ws/install/ros2srrc_execution/include//ros2srrc_execution/moverp.h
-- Installing: /home/ubuntu/ros2ws/install/ros2srrc_execution/include//ros2srrc_execution/mover.h
-- Installing: /home/ubuntu/ros2ws/install/ros2srrc_execution/include//ros2srrc_execution/movel.h
-- Installing: /home/ubuntu/ros2ws/install/ros2srrc_execution/share/ros2srrc_execution/python
-- Installing: /home/ubuntu/ros2ws/install/ros2srrc_execution/share/ros2srrc_execution/python/endeffector
-- Installing: /home/ubuntu/ros2ws/install/ros2srrc_execution/share/ros2srrc_execution/python/endeffector/schunk_abb.py
-- Installing: /home/ubuntu/ros2ws/install/ros2srrc_execution/share/ros2srrc_execution/python/endeffector/robotiq_ur.py
-- Installing: /home/ubuntu/ros2ws/install/ros2srrc_execution/share/ros2srrc_execution/python/sequence.py
-- Installing: /home/ubuntu/ros2ws/install/ros2srrc_execution/share/ros2srrc_execution/python/endeffector_gz
-- Installing: /home/ubuntu/ros2ws/install/ros2srrc_execution/share/ros2srrc_execution/python/endeffector_gz/parallelGripper.py
-- Installing: /home/ubuntu/ros2ws/install/ros2srrc_execution/share/ros2srrc_execution/python/endeffector_gz/vacuumGripper.py
-- Installing: /home/ubuntu/ros2ws/install/ros2srrc_execution/share/ros2srrc_execution/python/testClients
-- Installing: /home/ubuntu/ros2ws/install/ros2srrc_execution/share/ros2srrc_execution/python/testClients/test_VG.py
-- Installing: /home/ubuntu/ros2ws/install/ros2srrc_execution/share/ros2srrc_execution/python/testClients/test_Move.py
-- Installing: /home/ubuntu/ros2ws/install/ros2srrc_execution/share/ros2srrc_execution/python/testClients/test_RobMove.py
-- Installing: /home/ubuntu/ros2ws/install/ros2srrc_execution/share/ros2srrc_execution/python/testClients/test_PG.py
-- Installing: /home/ubuntu/ros2ws/install/ros2srrc_execution/share/ros2srrc_execution/python/ExecuteProgram.py
-- Installing: /home/ubuntu/ros2ws/install/ros2srrc_execution/share/ros2srrc_execution/python/RobotState.py
-- Installing: /home/ubuntu/ros2ws/install/ros2srrc_execution/share/ros2srrc_execution/python/robot
-- Installing: /home/ubuntu/ros2ws/install/ros2srrc_execution/share/ros2srrc_execution/python/robot/robot.py
-- Installing: /home/ubuntu/ros2ws/install/ros2srrc_execution/share/ros2srrc_execution/python/SpawnObject.py
-- Installing: /home/ubuntu/ros2ws/install/ros2srrc_execution/share/ros2srrc_execution/programs
-- Installing: /home/ubuntu/ros2ws/install/ros2srrc_execution/share/ros2srrc_execution/programs/templates.yaml
-- Installing: /home/ubuntu/ros2ws/install/ros2srrc_execution/share/ros2srrc_execution/programs/irb120_demo.yaml
-- Installing: /home/ubuntu/ros2ws/install/ros2srrc_execution/lib/ros2srrc_execution/sequence.py
-- Installing: /home/ubuntu/ros2ws/install/ros2srrc_execution/lib/ros2srrc_execution/RobotState.py
-- Installing: /home/ubuntu/ros2ws/install/ros2srrc_execution/lib/ros2srrc_execution/SpawnObject.py
-- Installing: /home/ubuntu/ros2ws/install/ros2srrc_execution/lib/ros2srrc_execution/ExecuteProgram.py
-- Installing: /home/ubuntu/ros2ws/install/ros2srrc_execution/lib/ros2srrc_execution/test_Move.py
-- Installing: /home/ubuntu/ros2ws/install/ros2srrc_execution/lib/ros2srrc_execution/test_RobMove.py
-- Installing: /home/ubuntu/ros2ws/install/ros2srrc_execution/lib/ros2srrc_execution/test_PG.py
-- Installing: /home/ubuntu/ros2ws/install/ros2srrc_execution/lib/ros2srrc_execution/test_VG.py
-- Installing: /home/ubuntu/ros2ws/install/ros2srrc_execution/share/ament_index/resource_index/package_run_dependencies/ros2srrc_execution
-- Installing: /home/ubuntu/ros2ws/install/ros2srrc_execution/share/ament_index/resource_index/parent_prefix_path/ros2srrc_execution
-- Installing: /home/ubuntu/ros2ws/install/ros2srrc_execution/share/ros2srrc_execution/environment/ament_prefix_path.sh
-- Installing: /home/ubuntu/ros2ws/install/ros2srrc_execution/share/ros2srrc_execution/environment/ament_prefix_path.dsv
-- Installing: /home/ubuntu/ros2ws/install/ros2srrc_execution/share/ros2srrc_execution/environment/path.sh
-- Installing: /home/ubuntu/ros2ws/install/ros2srrc_execution/share/ros2srrc_execution/environment/path.dsv
-- Installing: /home/ubuntu/ros2ws/install/ros2srrc_execution/share/ros2srrc_execution/local_setup.bash
-- Installing: /home/ubuntu/ros2ws/install/ros2srrc_execution/share/ros2srrc_execution/local_setup.sh
-- Installing: /home/ubuntu/ros2ws/install/ros2srrc_execution/share/ros2srrc_execution/local_setup.zsh
-- Installing: /home/ubuntu/ros2ws/install/ros2srrc_execution/share/ros2srrc_execution/local_setup.dsv
-- Installing: /home/ubuntu/ros2ws/install/ros2srrc_execution/share/ros2srrc_execution/package.dsv
-- Installing: /home/ubuntu/ros2ws/install/ros2srrc_execution/share/ament_index/resource_index/packages/ros2srrc_execution
-- Installing: /home/ubuntu/ros2ws/install/ros2srrc_execution/share/ros2srrc_execution/cmake/ros2srrc_executionConfig.cmake
-- Installing: /home/ubuntu/ros2ws/install/ros2srrc_execution/share/ros2srrc_execution/cmake/ros2srrc_executionConfig-version.cmake
-- Installing: /home/ubuntu/ros2ws/install/ros2srrc_execution/share/ros2srrc_execution/package.xml
