[0.020s] Invoking command in '/home/ubuntu/ros2ws/build/ros2_robotiqgripper': CMAKE_PREFIX_PATH=${CMAKE_PREFIX_PATH}:/home/ubuntu/ros2ws/install/testV1:/home/ubuntu/ros2ws/install/gui_subscriber:/home/ubuntu/ros2ws/install/robot_letter_writer:/opt/ros/humble /usr/bin/cmake --build /home/ubuntu/ros2ws/build/ros2_robotiqgripper -- -j4 -l4
[0.150s] [  3%] Built target ros2_robotiqgripper__cpp
[0.219s] [  3%] Built target ament_cmake_python_symlink_ros2_robotiqgripper
[0.271s] [ 12%] Built target ros2_robotiqgripper__rosidl_typesupport_fastrtps_cpp
[0.324s] [ 22%] Built target ros2_robotiqgripper__rosidl_typesupport_introspection_cpp
[0.842s] running egg_info
[0.843s] writing ros2_robotiqgripper.egg-info/PKG-INFO
[0.846s] writing dependency_links to ros2_robotiqgripper.egg-info/dependency_links.txt
[0.846s] writing top-level names to ros2_robotiqgripper.egg-info/top_level.txt
[0.848s] reading manifest file 'ros2_robotiqgripper.egg-info/SOURCES.txt'
[0.849s] writing manifest file 'ros2_robotiqgripper.egg-info/SOURCES.txt'
[0.894s] [ 22%] Built target ament_cmake_python_build_ros2_robotiqgripper_egg
[0.944s] [ 32%] Built target ros2_robotiqgripper__rosidl_typesupport_cpp
[0.992s] [ 41%] Built target ros2_robotiqgripper__rosidl_generator_c
[1.046s] [ 51%] Built target ros2_robotiqgripper__rosidl_typesupport_fastrtps_c
[1.091s] [ 61%] Built target ros2_robotiqgripper__rosidl_typesupport_c
[1.149s] [ 70%] Built target ros2_robotiqgripper__rosidl_typesupport_introspection_c
[1.207s] [ 70%] Built target ros2_robotiqgripper
[1.265s] [ 74%] Built target ros2_robotiqgripper__py
[1.316s] [ 77%] [32mBuilding C object CMakeFiles/ros2_robotiqgripper__rosidl_generator_py.dir/rosidl_generator_py/ros2_robotiqgripper/srv/_robotiq_gripper_s.c.o[0m
[1.582s] [ 80%] [32m[1mLinking C shared library rosidl_generator_py/ros2_robotiqgripper/libros2_robotiqgripper__rosidl_generator_py.so[0m
[1.749s] [ 80%] Built target ros2_robotiqgripper__rosidl_generator_py
[1.819s] [ 83%] [32mBuilding C object CMakeFiles/ros2_robotiqgripper__rosidl_typesupport_fastrtps_c__pyext.dir/rosidl_generator_py/ros2_robotiqgripper/_ros2_robotiqgripper_s.ep.rosidl_typesupport_fastrtps_c.c.o[0m
[2.062s] [ 87%] [32m[1mLinking C shared library rosidl_generator_py/ros2_robotiqgripper/ros2_robotiqgripper_s__rosidl_typesupport_fastrtps_c.cpython-310-x86_64-linux-gnu.so[0m
[2.157s] [ 87%] Built target ros2_robotiqgripper__rosidl_typesupport_fastrtps_c__pyext
[2.228s] [ 90%] [32mBuilding C object CMakeFiles/ros2_robotiqgripper__rosidl_typesupport_c__pyext.dir/rosidl_generator_py/ros2_robotiqgripper/_ros2_robotiqgripper_s.ep.rosidl_typesupport_c.c.o[0m
[2.441s] [ 93%] [32m[1mLinking C shared library rosidl_generator_py/ros2_robotiqgripper/ros2_robotiqgripper_s__rosidl_typesupport_c.cpython-310-x86_64-linux-gnu.so[0m
[2.510s] [ 93%] Built target ros2_robotiqgripper__rosidl_typesupport_c__pyext
[2.571s] [ 96%] [32mBuilding C object CMakeFiles/ros2_robotiqgripper__rosidl_typesupport_introspection_c__pyext.dir/rosidl_generator_py/ros2_robotiqgripper/_ros2_robotiqgripper_s.ep.rosidl_typesupport_introspection_c.c.o[0m
[2.744s] [100%] [32m[1mLinking C shared library rosidl_generator_py/ros2_robotiqgripper/ros2_robotiqgripper_s__rosidl_typesupport_introspection_c.cpython-310-x86_64-linux-gnu.so[0m
[2.812s] [100%] Built target ros2_robotiqgripper__rosidl_typesupport_introspection_c__pyext
[2.844s] Invoked command in '/home/ubuntu/ros2ws/build/ros2_robotiqgripper' returned '0': CMAKE_PREFIX_PATH=${CMAKE_PREFIX_PATH}:/home/ubuntu/ros2ws/install/testV1:/home/ubuntu/ros2ws/install/gui_subscriber:/home/ubuntu/ros2ws/install/robot_letter_writer:/opt/ros/humble /usr/bin/cmake --build /home/ubuntu/ros2ws/build/ros2_robotiqgripper -- -j4 -l4
[3.040s] Invoking command in '/home/ubuntu/ros2ws/build/ros2_robotiqgripper': CMAKE_PREFIX_PATH=${CMAKE_PREFIX_PATH}:/home/ubuntu/ros2ws/install/testV1:/home/ubuntu/ros2ws/install/gui_subscriber:/home/ubuntu/ros2ws/install/robot_letter_writer:/opt/ros/humble /usr/bin/cmake --install /home/ubuntu/ros2ws/build/ros2_robotiqgripper
[3.057s] -- Install configuration: ""
[3.058s] -- Execute custom install script
[3.060s] -- Up-to-date symlink: /home/ubuntu/ros2ws/install/ros2_robotiqgripper/share/ros2_robotiqgripper/srv/RobotiqGripper.srv
[3.061s] -- Up-to-date symlink: /home/ubuntu/ros2ws/install/ros2_robotiqgripper/share/ros2_robotiqgripper/python/server.py
[3.062s] -- Up-to-date symlink: /home/ubuntu/ros2ws/install/ros2_robotiqgripper/lib/ros2_robotiqgripper/server.py
[3.063s] -- Up-to-date symlink: /home/ubuntu/ros2ws/install/ros2_robotiqgripper/share/ament_index/resource_index/rosidl_interfaces/ros2_robotiqgripper
[3.064s] -- Up-to-date symlink: /home/ubuntu/ros2ws/install/ros2_robotiqgripper/include/ros2_robotiqgripper/ros2_robotiqgripper/msg/rosidl_generator_c__visibility_control.h
[3.066s] -- Up-to-date symlink: /home/ubuntu/ros2ws/install/ros2_robotiqgripper/include/ros2_robotiqgripper/ros2_robotiqgripper/srv/detail/robotiq_gripper__functions.h
[3.067s] -- Up-to-date symlink: /home/ubuntu/ros2ws/install/ros2_robotiqgripper/include/ros2_robotiqgripper/ros2_robotiqgripper/srv/detail/robotiq_gripper__struct.h
[3.068s] -- Up-to-date symlink: /home/ubuntu/ros2ws/install/ros2_robotiqgripper/include/ros2_robotiqgripper/ros2_robotiqgripper/srv/detail/robotiq_gripper__type_support.h
[3.068s] -- Up-to-date symlink: /home/ubuntu/ros2ws/install/ros2_robotiqgripper/include/ros2_robotiqgripper/ros2_robotiqgripper/srv/robotiq_gripper.h
[3.070s] -- Up-to-date symlink: /home/ubuntu/ros2ws/install/ros2_robotiqgripper/share/ros2_robotiqgripper/environment/library_path.sh
[3.070s] -- Up-to-date symlink: /home/ubuntu/ros2ws/install/ros2_robotiqgripper/share/ros2_robotiqgripper/environment/library_path.dsv
[3.070s] -- Up-to-date symlink: /home/ubuntu/ros2ws/install/ros2_robotiqgripper/include/ros2_robotiqgripper/ros2_robotiqgripper/msg/rosidl_typesupport_fastrtps_c__visibility_control.h
[3.071s] -- Up-to-date symlink: /home/ubuntu/ros2ws/install/ros2_robotiqgripper/include/ros2_robotiqgripper/ros2_robotiqgripper/srv/detail/robotiq_gripper__rosidl_typesupport_fastrtps_c.h
[3.072s] -- Up-to-date symlink: /home/ubuntu/ros2ws/install/ros2_robotiqgripper/include/ros2_robotiqgripper/ros2_robotiqgripper/msg/rosidl_typesupport_introspection_c__visibility_control.h
[3.073s] -- Up-to-date symlink: /home/ubuntu/ros2ws/install/ros2_robotiqgripper/include/ros2_robotiqgripper/ros2_robotiqgripper/srv/detail/robotiq_gripper__rosidl_typesupport_introspection_c.h
[3.074s] -- Up-to-date symlink: /home/ubuntu/ros2ws/install/ros2_robotiqgripper/include/ros2_robotiqgripper/ros2_robotiqgripper/srv/detail/robotiq_gripper__builder.hpp
[3.075s] -- Up-to-date symlink: /home/ubuntu/ros2ws/install/ros2_robotiqgripper/include/ros2_robotiqgripper/ros2_robotiqgripper/srv/detail/robotiq_gripper__struct.hpp
[3.076s] -- Up-to-date symlink: /home/ubuntu/ros2ws/install/ros2_robotiqgripper/include/ros2_robotiqgripper/ros2_robotiqgripper/srv/detail/robotiq_gripper__traits.hpp
[3.077s] -- Up-to-date symlink: /home/ubuntu/ros2ws/install/ros2_robotiqgripper/include/ros2_robotiqgripper/ros2_robotiqgripper/srv/robotiq_gripper.hpp
[3.077s] -- Up-to-date symlink: /home/ubuntu/ros2ws/install/ros2_robotiqgripper/include/ros2_robotiqgripper/ros2_robotiqgripper/msg/rosidl_typesupport_fastrtps_cpp__visibility_control.h
[3.078s] -- Up-to-date symlink: /home/ubuntu/ros2ws/install/ros2_robotiqgripper/include/ros2_robotiqgripper/ros2_robotiqgripper/srv/detail/robotiq_gripper__rosidl_typesupport_fastrtps_cpp.hpp
[3.079s] -- Up-to-date symlink: /home/ubuntu/ros2ws/install/ros2_robotiqgripper/include/ros2_robotiqgripper/ros2_robotiqgripper/srv/detail/robotiq_gripper__rosidl_typesupport_introspection_cpp.hpp
[3.080s] -- Up-to-date symlink: /home/ubuntu/ros2ws/install/ros2_robotiqgripper/share/ros2_robotiqgripper/environment/pythonpath.sh
[3.081s] -- Up-to-date symlink: /home/ubuntu/ros2ws/install/ros2_robotiqgripper/share/ros2_robotiqgripper/environment/pythonpath.dsv
[3.081s] -- Up-to-date symlink: /home/ubuntu/ros2ws/install/ros2_robotiqgripper/local/lib/python3.10/dist-packages/ros2_robotiqgripper-1.0.0-py3.10.egg-info/PKG-INFO
[3.086s] -- Up-to-date symlink: /home/ubuntu/ros2ws/install/ros2_robotiqgripper/local/lib/python3.10/dist-packages/ros2_robotiqgripper-1.0.0-py3.10.egg-info/SOURCES.txt
[3.086s] -- Up-to-date symlink: /home/ubuntu/ros2ws/install/ros2_robotiqgripper/local/lib/python3.10/dist-packages/ros2_robotiqgripper-1.0.0-py3.10.egg-info/dependency_links.txt
[3.086s] -- Up-to-date symlink: /home/ubuntu/ros2ws/install/ros2_robotiqgripper/local/lib/python3.10/dist-packages/ros2_robotiqgripper-1.0.0-py3.10.egg-info/top_level.txt
[3.086s] -- Up-to-date symlink: /home/ubuntu/ros2ws/install/ros2_robotiqgripper/local/lib/python3.10/dist-packages/ros2_robotiqgripper/__init__.py
[3.086s] -- Up-to-date symlink: /home/ubuntu/ros2ws/install/ros2_robotiqgripper/local/lib/python3.10/dist-packages/ros2_robotiqgripper/_ros2_robotiqgripper_s.ep.rosidl_typesupport_c.c
[3.086s] -- Up-to-date symlink: /home/ubuntu/ros2ws/install/ros2_robotiqgripper/local/lib/python3.10/dist-packages/ros2_robotiqgripper/_ros2_robotiqgripper_s.ep.rosidl_typesupport_fastrtps_c.c
[3.088s] -- Up-to-date symlink: /home/ubuntu/ros2ws/install/ros2_robotiqgripper/local/lib/python3.10/dist-packages/ros2_robotiqgripper/_ros2_robotiqgripper_s.ep.rosidl_typesupport_introspection_c.c
[3.088s] -- Up-to-date symlink: /home/ubuntu/ros2ws/install/ros2_robotiqgripper/local/lib/python3.10/dist-packages/ros2_robotiqgripper/libros2_robotiqgripper__rosidl_generator_py.so
[3.089s] -- Up-to-date symlink: /home/ubuntu/ros2ws/install/ros2_robotiqgripper/local/lib/python3.10/dist-packages/ros2_robotiqgripper/ros2_robotiqgripper_s__rosidl_typesupport_c.cpython-310-x86_64-linux-gnu.so
[3.089s] -- Up-to-date symlink: /home/ubuntu/ros2ws/install/ros2_robotiqgripper/local/lib/python3.10/dist-packages/ros2_robotiqgripper/ros2_robotiqgripper_s__rosidl_typesupport_fastrtps_c.cpython-310-x86_64-linux-gnu.so
[3.090s] -- Up-to-date symlink: /home/ubuntu/ros2ws/install/ros2_robotiqgripper/local/lib/python3.10/dist-packages/ros2_robotiqgripper/ros2_robotiqgripper_s__rosidl_typesupport_introspection_c.cpython-310-x86_64-linux-gnu.so
[3.091s] -- Up-to-date symlink: /home/ubuntu/ros2ws/install/ros2_robotiqgripper/local/lib/python3.10/dist-packages/ros2_robotiqgripper/srv/__init__.py
[3.091s] -- Up-to-date symlink: /home/ubuntu/ros2ws/install/ros2_robotiqgripper/local/lib/python3.10/dist-packages/ros2_robotiqgripper/srv/_robotiq_gripper.py
[3.093s] -- Up-to-date symlink: /home/ubuntu/ros2ws/install/ros2_robotiqgripper/local/lib/python3.10/dist-packages/ros2_robotiqgripper/srv/_robotiq_gripper_s.c
[3.093s] -- Up-to-date symlink: /home/ubuntu/ros2ws/install/ros2_robotiqgripper/local/lib/python3.10/dist-packages/ros2_robotiqgripper/ros2_robotiqgripper_s__rosidl_typesupport_fastrtps_c.cpython-310-x86_64-linux-gnu.so
[3.095s] -- Up-to-date symlink: /home/ubuntu/ros2ws/install/ros2_robotiqgripper/local/lib/python3.10/dist-packages/ros2_robotiqgripper/ros2_robotiqgripper_s__rosidl_typesupport_introspection_c.cpython-310-x86_64-linux-gnu.so
[3.096s] -- Up-to-date symlink: /home/ubuntu/ros2ws/install/ros2_robotiqgripper/local/lib/python3.10/dist-packages/ros2_robotiqgripper/ros2_robotiqgripper_s__rosidl_typesupport_c.cpython-310-x86_64-linux-gnu.so
[3.096s] -- Up-to-date symlink: /home/ubuntu/ros2ws/install/ros2_robotiqgripper/share/ros2_robotiqgripper/srv/RobotiqGripper.idl
[3.097s] -- Up-to-date symlink: /home/ubuntu/ros2ws/install/ros2_robotiqgripper/share/ros2_robotiqgripper/srv/RobotiqGripper.srv
[3.098s] -- Up-to-date symlink: /home/ubuntu/ros2ws/install/ros2_robotiqgripper/share/ros2_robotiqgripper/srv/RobotiqGripper_Request.msg
[3.099s] -- Up-to-date symlink: /home/ubuntu/ros2ws/install/ros2_robotiqgripper/share/ros2_robotiqgripper/srv/RobotiqGripper_Response.msg
[3.099s] -- Up-to-date symlink: /home/ubuntu/ros2ws/install/ros2_robotiqgripper/share/ament_index/resource_index/package_run_dependencies/ros2_robotiqgripper
[3.100s] -- Up-to-date symlink: /home/ubuntu/ros2ws/install/ros2_robotiqgripper/share/ament_index/resource_index/parent_prefix_path/ros2_robotiqgripper
[3.101s] -- Up-to-date symlink: /home/ubuntu/ros2ws/install/ros2_robotiqgripper/share/ros2_robotiqgripper/environment/ament_prefix_path.sh
[3.102s] -- Up-to-date symlink: /home/ubuntu/ros2ws/install/ros2_robotiqgripper/share/ros2_robotiqgripper/environment/ament_prefix_path.dsv
[3.103s] -- Up-to-date symlink: /home/ubuntu/ros2ws/install/ros2_robotiqgripper/share/ros2_robotiqgripper/environment/path.sh
[3.103s] -- Up-to-date symlink: /home/ubuntu/ros2ws/install/ros2_robotiqgripper/share/ros2_robotiqgripper/environment/path.dsv
[3.104s] -- Up-to-date symlink: /home/ubuntu/ros2ws/install/ros2_robotiqgripper/share/ros2_robotiqgripper/local_setup.bash
[3.104s] -- Up-to-date symlink: /home/ubuntu/ros2ws/install/ros2_robotiqgripper/share/ros2_robotiqgripper/local_setup.sh
[3.105s] -- Up-to-date symlink: /home/ubuntu/ros2ws/install/ros2_robotiqgripper/share/ros2_robotiqgripper/local_setup.zsh
[3.107s] -- Up-to-date symlink: /home/ubuntu/ros2ws/install/ros2_robotiqgripper/share/ros2_robotiqgripper/local_setup.dsv
[3.107s] -- Symlinking: /home/ubuntu/ros2ws/install/ros2_robotiqgripper/share/ros2_robotiqgripper/package.dsv
[3.142s] -- Up-to-date symlink: /home/ubuntu/ros2ws/install/ros2_robotiqgripper/share/ament_index/resource_index/packages/ros2_robotiqgripper
[3.144s] -- Up-to-date symlink: /home/ubuntu/ros2ws/install/ros2_robotiqgripper/share/ros2_robotiqgripper/cmake/rosidl_cmake-extras.cmake
[3.147s] -- Up-to-date symlink: /home/ubuntu/ros2ws/install/ros2_robotiqgripper/share/ros2_robotiqgripper/cmake/ament_cmake_export_include_directories-extras.cmake
[3.148s] -- Up-to-date symlink: /home/ubuntu/ros2ws/install/ros2_robotiqgripper/share/ros2_robotiqgripper/cmake/ament_cmake_export_libraries-extras.cmake
[3.148s] -- Up-to-date symlink: /home/ubuntu/ros2ws/install/ros2_robotiqgripper/share/ros2_robotiqgripper/cmake/ament_cmake_export_targets-extras.cmake
[3.150s] -- Up-to-date symlink: /home/ubuntu/ros2ws/install/ros2_robotiqgripper/share/ros2_robotiqgripper/cmake/rosidl_cmake_export_typesupport_targets-extras.cmake
[3.152s] -- Up-to-date symlink: /home/ubuntu/ros2ws/install/ros2_robotiqgripper/share/ros2_robotiqgripper/cmake/ament_cmake_export_dependencies-extras.cmake
[3.153s] -- Up-to-date symlink: /home/ubuntu/ros2ws/install/ros2_robotiqgripper/share/ros2_robotiqgripper/cmake/rosidl_cmake_export_typesupport_libraries-extras.cmake
[3.153s] -- Up-to-date symlink: /home/ubuntu/ros2ws/install/ros2_robotiqgripper/share/ros2_robotiqgripper/cmake/ros2_robotiqgripperConfig.cmake
[3.154s] -- Up-to-date symlink: /home/ubuntu/ros2ws/install/ros2_robotiqgripper/share/ros2_robotiqgripper/cmake/ros2_robotiqgripperConfig-version.cmake
[3.155s] -- Up-to-date symlink: /home/ubuntu/ros2ws/install/ros2_robotiqgripper/share/ros2_robotiqgripper/package.xml
[3.157s] -- Up-to-date: /home/ubuntu/ros2ws/install/ros2_robotiqgripper/lib/libros2_robotiqgripper__rosidl_generator_c.so
[3.160s] -- Up-to-date: /home/ubuntu/ros2ws/install/ros2_robotiqgripper/lib/libros2_robotiqgripper__rosidl_typesupport_fastrtps_c.so
[3.162s] -- Up-to-date: /home/ubuntu/ros2ws/install/ros2_robotiqgripper/lib/libros2_robotiqgripper__rosidl_typesupport_introspection_c.so
[3.163s] -- Up-to-date: /home/ubuntu/ros2ws/install/ros2_robotiqgripper/lib/libros2_robotiqgripper__rosidl_typesupport_c.so
[3.165s] -- Up-to-date: /home/ubuntu/ros2ws/install/ros2_robotiqgripper/lib/libros2_robotiqgripper__rosidl_typesupport_fastrtps_cpp.so
[3.167s] -- Up-to-date: /home/ubuntu/ros2ws/install/ros2_robotiqgripper/lib/libros2_robotiqgripper__rosidl_typesupport_introspection_cpp.so
[3.168s] -- Up-to-date: /home/ubuntu/ros2ws/install/ros2_robotiqgripper/lib/libros2_robotiqgripper__rosidl_typesupport_cpp.so
[3.232s] Listing '/home/ubuntu/ros2ws/install/ros2_robotiqgripper/local/lib/python3.10/dist-packages/ros2_robotiqgripper'...
[3.232s] Listing '/home/ubuntu/ros2ws/install/ros2_robotiqgripper/local/lib/python3.10/dist-packages/ros2_robotiqgripper/srv'...
[3.243s] -- Installing: /home/ubuntu/ros2ws/install/ros2_robotiqgripper/lib/libros2_robotiqgripper__rosidl_generator_py.so
[3.245s] -- Set runtime path of "/home/ubuntu/ros2ws/install/ros2_robotiqgripper/lib/libros2_robotiqgripper__rosidl_generator_py.so" to ""
[3.247s] -- Up-to-date: /home/ubuntu/ros2ws/install/ros2_robotiqgripper/share/ros2_robotiqgripper/cmake/export_ros2_robotiqgripper__rosidl_generator_cExport.cmake
[3.247s] -- Up-to-date: /home/ubuntu/ros2ws/install/ros2_robotiqgripper/share/ros2_robotiqgripper/cmake/export_ros2_robotiqgripper__rosidl_generator_cExport-noconfig.cmake
[3.248s] -- Up-to-date: /home/ubuntu/ros2ws/install/ros2_robotiqgripper/share/ros2_robotiqgripper/cmake/export_ros2_robotiqgripper__rosidl_typesupport_fastrtps_cExport.cmake
[3.248s] -- Up-to-date: /home/ubuntu/ros2ws/install/ros2_robotiqgripper/share/ros2_robotiqgripper/cmake/export_ros2_robotiqgripper__rosidl_typesupport_fastrtps_cExport-noconfig.cmake
[3.250s] -- Up-to-date: /home/ubuntu/ros2ws/install/ros2_robotiqgripper/share/ros2_robotiqgripper/cmake/ros2_robotiqgripper__rosidl_typesupport_introspection_cExport.cmake
[3.251s] -- Up-to-date: /home/ubuntu/ros2ws/install/ros2_robotiqgripper/share/ros2_robotiqgripper/cmake/ros2_robotiqgripper__rosidl_typesupport_introspection_cExport-noconfig.cmake
[3.252s] -- Up-to-date: /home/ubuntu/ros2ws/install/ros2_robotiqgripper/share/ros2_robotiqgripper/cmake/ros2_robotiqgripper__rosidl_typesupport_cExport.cmake
[3.252s] -- Up-to-date: /home/ubuntu/ros2ws/install/ros2_robotiqgripper/share/ros2_robotiqgripper/cmake/ros2_robotiqgripper__rosidl_typesupport_cExport-noconfig.cmake
[3.253s] -- Up-to-date: /home/ubuntu/ros2ws/install/ros2_robotiqgripper/share/ros2_robotiqgripper/cmake/export_ros2_robotiqgripper__rosidl_generator_cppExport.cmake
[3.254s] -- Up-to-date: /home/ubuntu/ros2ws/install/ros2_robotiqgripper/share/ros2_robotiqgripper/cmake/export_ros2_robotiqgripper__rosidl_typesupport_fastrtps_cppExport.cmake
[3.255s] -- Up-to-date: /home/ubuntu/ros2ws/install/ros2_robotiqgripper/share/ros2_robotiqgripper/cmake/export_ros2_robotiqgripper__rosidl_typesupport_fastrtps_cppExport-noconfig.cmake
[3.255s] -- Up-to-date: /home/ubuntu/ros2ws/install/ros2_robotiqgripper/share/ros2_robotiqgripper/cmake/ros2_robotiqgripper__rosidl_typesupport_introspection_cppExport.cmake
[3.256s] -- Up-to-date: /home/ubuntu/ros2ws/install/ros2_robotiqgripper/share/ros2_robotiqgripper/cmake/ros2_robotiqgripper__rosidl_typesupport_introspection_cppExport-noconfig.cmake
[3.257s] -- Up-to-date: /home/ubuntu/ros2ws/install/ros2_robotiqgripper/share/ros2_robotiqgripper/cmake/ros2_robotiqgripper__rosidl_typesupport_cppExport.cmake
[3.257s] -- Up-to-date: /home/ubuntu/ros2ws/install/ros2_robotiqgripper/share/ros2_robotiqgripper/cmake/ros2_robotiqgripper__rosidl_typesupport_cppExport-noconfig.cmake
[3.258s] -- Up-to-date: /home/ubuntu/ros2ws/install/ros2_robotiqgripper/share/ros2_robotiqgripper/cmake/export_ros2_robotiqgripper__rosidl_generator_pyExport.cmake
[3.258s] -- Up-to-date: /home/ubuntu/ros2ws/install/ros2_robotiqgripper/share/ros2_robotiqgripper/cmake/export_ros2_robotiqgripper__rosidl_generator_pyExport-noconfig.cmake
[3.265s] Invoked command in '/home/ubuntu/ros2ws/build/ros2_robotiqgripper' returned '0': CMAKE_PREFIX_PATH=${CMAKE_PREFIX_PATH}:/home/ubuntu/ros2ws/install/testV1:/home/ubuntu/ros2ws/install/gui_subscriber:/home/ubuntu/ros2ws/install/robot_letter_writer:/opt/ros/humble /usr/bin/cmake --install /home/ubuntu/ros2ws/build/ros2_robotiqgripper
