[0.018s] Invoking command in '/home/ubuntu/ros2ws/build/ros2srrc_irb1200_gazebo': CMAKE_PREFIX_PATH=${CMAKE_PREFIX_PATH}:/opt/ros/humble /usr/bin/cmake /home/ubuntu/ros2ws/src/ros2_SimRealRobotControl/packages/irb1200/ros2srrc_irb1200_gazebo -DCMAKE_INSTALL_PREFIX=/home/ubuntu/ros2ws/install/ros2srrc_irb1200_gazebo
[0.101s] -- The C compiler identification is GNU 11.4.0
[0.243s] -- The CXX compiler identification is GNU 11.4.0
[0.264s] -- Detecting C compiler ABI info
[0.463s] -- Detecting C compiler ABI info - done
[0.495s] -- Check for working C compiler: /usr/bin/cc - skipped
[0.496s] -- Detecting C compile features
[0.496s] -- Detecting C compile features - done
[0.500s] -- Detecting CXX compiler ABI info
[0.671s] -- Detecting CXX compiler ABI info - done
[0.698s] -- Check for working CXX compiler: /usr/bin/c++ - skipped
[0.699s] -- Detecting CXX compile features
[0.699s] -- Detecting CXX compile features - done
[0.709s] -- Found ament_cmake: 1.3.10 (/opt/ros/humble/share/ament_cmake/cmake)
[1.151s] -- Found Python3: /usr/bin/python3 (found version "3.10.12") found components: Interpreter 
[1.307s] -- Found ament_lint_auto: 0.12.11 (/opt/ros/humble/share/ament_lint_auto/cmake)
[1.491s] -- Added test 'copyright' to check source files copyright and LICENSE
[1.498s] -- Added test 'lint_cmake' to check CMake code style
[1.504s] -- Added test 'xmllint' to check XML markup files
[1.511s] -- Configuring done
[1.517s] -- Generating done
[1.521s] -- Build files have been written to: /home/ubuntu/ros2ws/build/ros2srrc_irb1200_gazebo
[1.535s] Invoked command in '/home/ubuntu/ros2ws/build/ros2srrc_irb1200_gazebo' returned '0': CMAKE_PREFIX_PATH=${CMAKE_PREFIX_PATH}:/opt/ros/humble /usr/bin/cmake /home/ubuntu/ros2ws/src/ros2_SimRealRobotControl/packages/irb1200/ros2srrc_irb1200_gazebo -DCMAKE_INSTALL_PREFIX=/home/ubuntu/ros2ws/install/ros2srrc_irb1200_gazebo
[1.540s] Invoking command in '/home/ubuntu/ros2ws/build/ros2srrc_irb1200_gazebo': CMAKE_PREFIX_PATH=${CMAKE_PREFIX_PATH}:/opt/ros/humble /usr/bin/cmake --build /home/ubuntu/ros2ws/build/ros2srrc_irb1200_gazebo -- -j4 -l4
[1.678s] Invoked command in '/home/ubuntu/ros2ws/build/ros2srrc_irb1200_gazebo' returned '0': CMAKE_PREFIX_PATH=${CMAKE_PREFIX_PATH}:/opt/ros/humble /usr/bin/cmake --build /home/ubuntu/ros2ws/build/ros2srrc_irb1200_gazebo -- -j4 -l4
[1.726s] Invoking command in '/home/ubuntu/ros2ws/build/ros2srrc_irb1200_gazebo': CMAKE_PREFIX_PATH=${CMAKE_PREFIX_PATH}:/opt/ros/humble /usr/bin/cmake --install /home/ubuntu/ros2ws/build/ros2srrc_irb1200_gazebo
[1.740s] -- Install configuration: ""
[1.741s] -- Installing: /home/ubuntu/ros2ws/install/ros2srrc_irb1200_gazebo/share/ros2srrc_irb1200_gazebo/config
[1.741s] -- Installing: /home/ubuntu/ros2ws/install/ros2srrc_irb1200_gazebo/share/ros2srrc_irb1200_gazebo/config/configurations.yaml
[1.741s] -- Installing: /home/ubuntu/ros2ws/install/ros2srrc_irb1200_gazebo/share/ros2srrc_irb1200_gazebo/urdf
[1.742s] -- Installing: /home/ubuntu/ros2ws/install/ros2srrc_irb1200_gazebo/share/ros2srrc_irb1200_gazebo/urdf/irb1200_egp64.urdf.xacro
[1.742s] -- Installing: /home/ubuntu/ros2ws/install/ros2srrc_irb1200_gazebo/share/ros2srrc_irb1200_gazebo/urdf/irb1200.urdf.xacro
[1.742s] -- Installing: /home/ubuntu/ros2ws/install/ros2srrc_irb1200_gazebo/share/ros2srrc_irb1200_gazebo/worlds
[1.743s] -- Installing: /home/ubuntu/ros2ws/install/ros2srrc_irb1200_gazebo/share/ros2srrc_irb1200_gazebo/worlds/ros2srrc_irb1200.world
[1.743s] -- Installing: /home/ubuntu/ros2ws/install/ros2srrc_irb1200_gazebo/share/ament_index/resource_index/package_run_dependencies/ros2srrc_irb1200_gazebo
[1.746s] -- Installing: /home/ubuntu/ros2ws/install/ros2srrc_irb1200_gazebo/share/ament_index/resource_index/parent_prefix_path/ros2srrc_irb1200_gazebo
[1.747s] -- Installing: /home/ubuntu/ros2ws/install/ros2srrc_irb1200_gazebo/share/ros2srrc_irb1200_gazebo/environment/ament_prefix_path.sh
[1.747s] -- Installing: /home/ubuntu/ros2ws/install/ros2srrc_irb1200_gazebo/share/ros2srrc_irb1200_gazebo/environment/ament_prefix_path.dsv
[1.747s] -- Installing: /home/ubuntu/ros2ws/install/ros2srrc_irb1200_gazebo/share/ros2srrc_irb1200_gazebo/environment/path.sh
[1.748s] -- Installing: /home/ubuntu/ros2ws/install/ros2srrc_irb1200_gazebo/share/ros2srrc_irb1200_gazebo/environment/path.dsv
[1.748s] -- Installing: /home/ubuntu/ros2ws/install/ros2srrc_irb1200_gazebo/share/ros2srrc_irb1200_gazebo/local_setup.bash
[1.748s] -- Installing: /home/ubuntu/ros2ws/install/ros2srrc_irb1200_gazebo/share/ros2srrc_irb1200_gazebo/local_setup.sh
[1.748s] -- Installing: /home/ubuntu/ros2ws/install/ros2srrc_irb1200_gazebo/share/ros2srrc_irb1200_gazebo/local_setup.zsh
[1.749s] -- Installing: /home/ubuntu/ros2ws/install/ros2srrc_irb1200_gazebo/share/ros2srrc_irb1200_gazebo/local_setup.dsv
[1.749s] -- Installing: /home/ubuntu/ros2ws/install/ros2srrc_irb1200_gazebo/share/ros2srrc_irb1200_gazebo/package.dsv
[1.749s] -- Installing: /home/ubuntu/ros2ws/install/ros2srrc_irb1200_gazebo/share/ament_index/resource_index/packages/ros2srrc_irb1200_gazebo
[1.749s] -- Installing: /home/ubuntu/ros2ws/install/ros2srrc_irb1200_gazebo/share/ros2srrc_irb1200_gazebo/cmake/ros2srrc_irb1200_gazeboConfig.cmake
[1.753s] -- Installing: /home/ubuntu/ros2ws/install/ros2srrc_irb1200_gazebo/share/ros2srrc_irb1200_gazebo/cmake/ros2srrc_irb1200_gazeboConfig-version.cmake
[1.753s] -- Installing: /home/ubuntu/ros2ws/install/ros2srrc_irb1200_gazebo/share/ros2srrc_irb1200_gazebo/package.xml
[1.753s] Invoked command in '/home/ubuntu/ros2ws/build/ros2srrc_irb1200_gazebo' returned '0': CMAKE_PREFIX_PATH=${CMAKE_PREFIX_PATH}:/opt/ros/humble /usr/bin/cmake --install /home/ubuntu/ros2ws/build/ros2srrc_irb1200_gazebo
