[0.044s] Invoking command in '/home/ubuntu/ros2ws/build/rosparam_shortcuts': CMAKE_PREFIX_PATH=${CMAKE_PREFIX_PATH}:/home/ubuntu/ros2ws/install/testV1:/home/ubuntu/ros2ws/install/gui_subscriber:/home/ubuntu/ros2ws/install/moveit_configs_utils:/home/ubuntu/ros2ws/install/robot_letter_writer:/home/ubuntu/ros2ws/install/launch_param_builder:/opt/ros/humble /usr/bin/cmake --build /home/ubuntu/ros2ws/build/rosparam_shortcuts -- -j4 -l4
[0.228s] [ 23%] Built target rosparam_shortcuts
[0.294s] [ 38%] Built target gtest
[0.372s] [ 53%] Built target rosparam_shortcuts_node_parameters_example
[0.457s] [ 69%] Built target rosparam_shortcuts_example
[0.535s] [ 84%] Built target gtest_main
[0.629s] [100%] Built target test_node_parameters
[0.662s] Invoked command in '/home/ubuntu/ros2ws/build/rosparam_shortcuts' returned '0': CMAKE_PREFIX_PATH=${CMAKE_PREFIX_PATH}:/home/ubuntu/ros2ws/install/testV1:/home/ubuntu/ros2ws/install/gui_subscriber:/home/ubuntu/ros2ws/install/moveit_configs_utils:/home/ubuntu/ros2ws/install/robot_letter_writer:/home/ubuntu/ros2ws/install/launch_param_builder:/opt/ros/humble /usr/bin/cmake --build /home/ubuntu/ros2ws/build/rosparam_shortcuts -- -j4 -l4
[0.878s] Invoking command in '/home/ubuntu/ros2ws/build/rosparam_shortcuts': CMAKE_PREFIX_PATH=${CMAKE_PREFIX_PATH}:/home/ubuntu/ros2ws/install/testV1:/home/ubuntu/ros2ws/install/gui_subscriber:/home/ubuntu/ros2ws/install/moveit_configs_utils:/home/ubuntu/ros2ws/install/robot_letter_writer:/home/ubuntu/ros2ws/install/launch_param_builder:/opt/ros/humble /usr/bin/cmake --install /home/ubuntu/ros2ws/build/rosparam_shortcuts
[0.903s] -- Install configuration: ""
[0.904s] -- Up-to-date: /home/ubuntu/ros2ws/install/rosparam_shortcuts/lib/librosparam_shortcuts.so
[0.904s] -- Up-to-date: /home/ubuntu/ros2ws/install/rosparam_shortcuts/lib/rosparam_shortcuts/example
[0.906s] -- Up-to-date: /home/ubuntu/ros2ws/install/rosparam_shortcuts/lib/rosparam_shortcuts/node_parameters_example
[0.908s] -- Up-to-date: /home/ubuntu/ros2ws/install/rosparam_shortcuts/include
[0.910s] -- Up-to-date: /home/ubuntu/ros2ws/install/rosparam_shortcuts/include/rosparam_shortcuts
[0.911s] -- Up-to-date: /home/ubuntu/ros2ws/install/rosparam_shortcuts/include/rosparam_shortcuts/node_parameters.h
[0.916s] -- Up-to-date: /home/ubuntu/ros2ws/install/rosparam_shortcuts/include/rosparam_shortcuts/rosparam_shortcuts.h
[0.916s] -- Up-to-date: /home/ubuntu/ros2ws/install/rosparam_shortcuts/share/rosparam_shortcuts/launch
[0.916s] -- Up-to-date: /home/ubuntu/ros2ws/install/rosparam_shortcuts/share/rosparam_shortcuts/launch/example.launch.py
[0.916s] -- Up-to-date: /home/ubuntu/ros2ws/install/rosparam_shortcuts/share/rosparam_shortcuts/config
[0.916s] -- Up-to-date: /home/ubuntu/ros2ws/install/rosparam_shortcuts/share/rosparam_shortcuts/config/example.yaml
[0.916s] -- Up-to-date: /home/ubuntu/ros2ws/install/rosparam_shortcuts/share/rosparam_shortcuts/environment/library_path.sh
[0.916s] -- Up-to-date: /home/ubuntu/ros2ws/install/rosparam_shortcuts/share/rosparam_shortcuts/environment/library_path.dsv
[0.916s] -- Up-to-date: /home/ubuntu/ros2ws/install/rosparam_shortcuts/share/ament_index/resource_index/package_run_dependencies/rosparam_shortcuts
[0.916s] -- Up-to-date: /home/ubuntu/ros2ws/install/rosparam_shortcuts/share/ament_index/resource_index/parent_prefix_path/rosparam_shortcuts
[0.917s] -- Up-to-date: /home/ubuntu/ros2ws/install/rosparam_shortcuts/share/rosparam_shortcuts/environment/ament_prefix_path.sh
[0.917s] -- Up-to-date: /home/ubuntu/ros2ws/install/rosparam_shortcuts/share/rosparam_shortcuts/environment/ament_prefix_path.dsv
[0.917s] -- Up-to-date: /home/ubuntu/ros2ws/install/rosparam_shortcuts/share/rosparam_shortcuts/environment/path.sh
[0.917s] -- Up-to-date: /home/ubuntu/ros2ws/install/rosparam_shortcuts/share/rosparam_shortcuts/environment/path.dsv
[0.917s] -- Up-to-date: /home/ubuntu/ros2ws/install/rosparam_shortcuts/share/rosparam_shortcuts/local_setup.bash
[0.917s] -- Up-to-date: /home/ubuntu/ros2ws/install/rosparam_shortcuts/share/rosparam_shortcuts/local_setup.sh
[0.918s] -- Up-to-date: /home/ubuntu/ros2ws/install/rosparam_shortcuts/share/rosparam_shortcuts/local_setup.zsh
[0.918s] -- Up-to-date: /home/ubuntu/ros2ws/install/rosparam_shortcuts/share/rosparam_shortcuts/local_setup.dsv
[0.918s] -- Installing: /home/ubuntu/ros2ws/install/rosparam_shortcuts/share/rosparam_shortcuts/package.dsv
[0.919s] -- Up-to-date: /home/ubuntu/ros2ws/install/rosparam_shortcuts/share/ament_index/resource_index/packages/rosparam_shortcuts
[0.919s] -- Up-to-date: /home/ubuntu/ros2ws/install/rosparam_shortcuts/share/rosparam_shortcuts/cmake/export_rosparam_shortcutsExport.cmake
[0.920s] -- Up-to-date: /home/ubuntu/ros2ws/install/rosparam_shortcuts/share/rosparam_shortcuts/cmake/export_rosparam_shortcutsExport-noconfig.cmake
[0.920s] -- Up-to-date: /home/ubuntu/ros2ws/install/rosparam_shortcuts/share/rosparam_shortcuts/cmake/ament_cmake_export_targets-extras.cmake
[0.921s] -- Up-to-date: /home/ubuntu/ros2ws/install/rosparam_shortcuts/share/rosparam_shortcuts/cmake/ament_cmake_export_dependencies-extras.cmake
[0.921s] -- Up-to-date: /home/ubuntu/ros2ws/install/rosparam_shortcuts/share/rosparam_shortcuts/cmake/rosparam_shortcutsConfig.cmake
[0.921s] -- Up-to-date: /home/ubuntu/ros2ws/install/rosparam_shortcuts/share/rosparam_shortcuts/cmake/rosparam_shortcutsConfig-version.cmake
[0.922s] -- Up-to-date: /home/ubuntu/ros2ws/install/rosparam_shortcuts/share/rosparam_shortcuts/package.xml
[0.958s] Invoked command in '/home/ubuntu/ros2ws/build/rosparam_shortcuts' returned '0': CMAKE_PREFIX_PATH=${CMAKE_PREFIX_PATH}:/home/ubuntu/ros2ws/install/testV1:/home/ubuntu/ros2ws/install/gui_subscriber:/home/ubuntu/ros2ws/install/moveit_configs_utils:/home/ubuntu/ros2ws/install/robot_letter_writer:/home/ubuntu/ros2ws/install/launch_param_builder:/opt/ros/humble /usr/bin/cmake --install /home/ubuntu/ros2ws/build/rosparam_shortcuts
