[0.148s] Invoking command in '/home/ubuntu/ros2ws/build/linkpose_msgs': CMAKE_PREFIX_PATH=${CMAKE_PREFIX_PATH}:/home/ubuntu/ros2ws/install/robot_letter_writer:/opt/ros/humble /usr/bin/cmake --build /home/ubuntu/ros2ws/build/linkpose_msgs -- -j4 -l4
[0.522s] [  3%] Built target linkpose_msgs__cpp
[0.644s] [35m[1mConsolidate compiler generated dependencies of target linkpose_msgs__rosidl_typesupport_fastrtps_cpp[0m
[0.648s] [35m[1mConsolidate compiler generated dependencies of target linkpose_msgs__rosidl_generator_c[0m
[0.651s] [35m[1mConsolidate compiler generated dependencies of target linkpose_msgs__rosidl_typesupport_cpp[0m
[0.667s] [ 12%] Built target linkpose_msgs__rosidl_generator_c
[0.675s] [ 22%] Built target linkpose_msgs__rosidl_typesupport_fastrtps_cpp
[0.684s] [ 32%] Built target linkpose_msgs__rosidl_typesupport_cpp
[0.736s] [ 32%] Built target ament_cmake_python_copy_linkpose_msgs
[0.757s] [35m[1mConsolidate compiler generated dependencies of target linkpose_msgs__rosidl_typesupport_fastrtps_c[0m
[0.757s] [35m[1mConsolidate compiler generated dependencies of target linkpose_msgs__rosidl_typesupport_introspection_cpp[0m
[0.757s] [35m[1mConsolidate compiler generated dependencies of target linkpose_msgs__rosidl_typesupport_introspection_c[0m
[0.798s] [ 41%] Built target linkpose_msgs__rosidl_typesupport_fastrtps_c
[0.803s] [ 51%] Built target linkpose_msgs__rosidl_typesupport_introspection_c
[0.816s] [ 61%] Built target linkpose_msgs__rosidl_typesupport_introspection_cpp
[0.827s] [35m[1mConsolidate compiler generated dependencies of target linkpose_msgs__rosidl_typesupport_c[0m
[0.847s] [ 70%] Built target linkpose_msgs__rosidl_typesupport_c
[0.922s] [ 70%] Built target linkpose_msgs
[1.020s] [ 74%] Built target linkpose_msgs__py
[1.083s] [35m[1mConsolidate compiler generated dependencies of target linkpose_msgs__rosidl_generator_py[0m
[1.111s] [ 80%] Built target linkpose_msgs__rosidl_generator_py
[1.206s] [35m[1mConsolidate compiler generated dependencies of target linkpose_msgs__rosidl_typesupport_introspection_c__pyext[0m
[1.211s] [35m[1mConsolidate compiler generated dependencies of target linkpose_msgs__rosidl_typesupport_fastrtps_c__pyext[0m
[1.223s] [35m[1mConsolidate compiler generated dependencies of target linkpose_msgs__rosidl_typesupport_c__pyext[0m
[1.263s] [ 87%] Built target linkpose_msgs__rosidl_typesupport_introspection_c__pyext
[1.263s] [ 93%] Built target linkpose_msgs__rosidl_typesupport_fastrtps_c__pyext
[1.284s] [100%] Built target linkpose_msgs__rosidl_typesupport_c__pyext
[1.312s] running egg_info
[1.313s] writing linkpose_msgs.egg-info/PKG-INFO
[1.313s] writing dependency_links to linkpose_msgs.egg-info/dependency_links.txt
[1.314s] writing top-level names to linkpose_msgs.egg-info/top_level.txt
[1.316s] reading manifest file 'linkpose_msgs.egg-info/SOURCES.txt'
[1.335s] writing manifest file 'linkpose_msgs.egg-info/SOURCES.txt'
[1.375s] [100%] Built target ament_cmake_python_build_linkpose_msgs_egg
[1.391s] Invoked command in '/home/ubuntu/ros2ws/build/linkpose_msgs' returned '0': CMAKE_PREFIX_PATH=${CMAKE_PREFIX_PATH}:/home/ubuntu/ros2ws/install/robot_letter_writer:/opt/ros/humble /usr/bin/cmake --build /home/ubuntu/ros2ws/build/linkpose_msgs -- -j4 -l4
[1.514s] Invoking command in '/home/ubuntu/ros2ws/build/linkpose_msgs': CMAKE_PREFIX_PATH=${CMAKE_PREFIX_PATH}:/home/ubuntu/ros2ws/install/robot_letter_writer:/opt/ros/humble /usr/bin/cmake --install /home/ubuntu/ros2ws/build/linkpose_msgs
[1.536s] -- Install configuration: ""
[1.536s] -- Up-to-date: /home/ubuntu/ros2ws/install/linkpose_msgs/share/linkpose_msgs/msg
[1.536s] -- Up-to-date: /home/ubuntu/ros2ws/install/linkpose_msgs/share/linkpose_msgs/msg/LinkPose.msg
[1.536s] -- Up-to-date: /home/ubuntu/ros2ws/install/linkpose_msgs/share/ament_index/resource_index/rosidl_interfaces/linkpose_msgs
[1.537s] -- Up-to-date: /home/ubuntu/ros2ws/install/linkpose_msgs/include/linkpose_msgs/linkpose_msgs
[1.537s] -- Up-to-date: /home/ubuntu/ros2ws/install/linkpose_msgs/include/linkpose_msgs/linkpose_msgs/msg
[1.537s] -- Up-to-date: /home/ubuntu/ros2ws/install/linkpose_msgs/include/linkpose_msgs/linkpose_msgs/msg/link_pose.h
[1.537s] -- Up-to-date: /home/ubuntu/ros2ws/install/linkpose_msgs/include/linkpose_msgs/linkpose_msgs/msg/rosidl_generator_c__visibility_control.h
[1.537s] -- Up-to-date: /home/ubuntu/ros2ws/install/linkpose_msgs/include/linkpose_msgs/linkpose_msgs/msg/detail
[1.537s] -- Up-to-date: /home/ubuntu/ros2ws/install/linkpose_msgs/include/linkpose_msgs/linkpose_msgs/msg/detail/link_pose__functions.c
[1.537s] -- Up-to-date: /home/ubuntu/ros2ws/install/linkpose_msgs/include/linkpose_msgs/linkpose_msgs/msg/detail/link_pose__functions.h
[1.538s] -- Up-to-date: /home/ubuntu/ros2ws/install/linkpose_msgs/include/linkpose_msgs/linkpose_msgs/msg/detail/link_pose__struct.h
[1.538s] -- Up-to-date: /home/ubuntu/ros2ws/install/linkpose_msgs/include/linkpose_msgs/linkpose_msgs/msg/detail/link_pose__type_support.h
[1.538s] -- Up-to-date: /home/ubuntu/ros2ws/install/linkpose_msgs/share/linkpose_msgs/environment/library_path.sh
[1.538s] -- Up-to-date: /home/ubuntu/ros2ws/install/linkpose_msgs/share/linkpose_msgs/environment/library_path.dsv
[1.543s] -- Up-to-date: /home/ubuntu/ros2ws/install/linkpose_msgs/lib/liblinkpose_msgs__rosidl_generator_c.so
[1.545s] -- Up-to-date: /home/ubuntu/ros2ws/install/linkpose_msgs/include/linkpose_msgs/linkpose_msgs
[1.546s] -- Up-to-date: /home/ubuntu/ros2ws/install/linkpose_msgs/include/linkpose_msgs/linkpose_msgs/msg
[1.546s] -- Up-to-date: /home/ubuntu/ros2ws/install/linkpose_msgs/include/linkpose_msgs/linkpose_msgs/msg/rosidl_typesupport_fastrtps_c__visibility_control.h
[1.546s] -- Up-to-date: /home/ubuntu/ros2ws/install/linkpose_msgs/include/linkpose_msgs/linkpose_msgs/msg/detail
[1.546s] -- Up-to-date: /home/ubuntu/ros2ws/install/linkpose_msgs/include/linkpose_msgs/linkpose_msgs/msg/detail/link_pose__rosidl_typesupport_fastrtps_c.h
[1.548s] -- Up-to-date: /home/ubuntu/ros2ws/install/linkpose_msgs/lib/liblinkpose_msgs__rosidl_typesupport_fastrtps_c.so
[1.549s] -- Up-to-date: /home/ubuntu/ros2ws/install/linkpose_msgs/include/linkpose_msgs/linkpose_msgs
[1.551s] -- Up-to-date: /home/ubuntu/ros2ws/install/linkpose_msgs/include/linkpose_msgs/linkpose_msgs/msg
[1.551s] -- Up-to-date: /home/ubuntu/ros2ws/install/linkpose_msgs/include/linkpose_msgs/linkpose_msgs/msg/rosidl_typesupport_introspection_c__visibility_control.h
[1.552s] -- Up-to-date: /home/ubuntu/ros2ws/install/linkpose_msgs/include/linkpose_msgs/linkpose_msgs/msg/detail
[1.552s] -- Up-to-date: /home/ubuntu/ros2ws/install/linkpose_msgs/include/linkpose_msgs/linkpose_msgs/msg/detail/link_pose__type_support.c
[1.552s] -- Up-to-date: /home/ubuntu/ros2ws/install/linkpose_msgs/include/linkpose_msgs/linkpose_msgs/msg/detail/link_pose__rosidl_typesupport_introspection_c.h
[1.552s] -- Up-to-date: /home/ubuntu/ros2ws/install/linkpose_msgs/lib/liblinkpose_msgs__rosidl_typesupport_introspection_c.so
[1.552s] -- Up-to-date: /home/ubuntu/ros2ws/install/linkpose_msgs/lib/liblinkpose_msgs__rosidl_typesupport_c.so
[1.552s] -- Up-to-date: /home/ubuntu/ros2ws/install/linkpose_msgs/include/linkpose_msgs/linkpose_msgs
[1.552s] -- Up-to-date: /home/ubuntu/ros2ws/install/linkpose_msgs/include/linkpose_msgs/linkpose_msgs/msg
[1.553s] -- Up-to-date: /home/ubuntu/ros2ws/install/linkpose_msgs/include/linkpose_msgs/linkpose_msgs/msg/link_pose.hpp
[1.558s] -- Up-to-date: /home/ubuntu/ros2ws/install/linkpose_msgs/include/linkpose_msgs/linkpose_msgs/msg/detail
[1.560s] -- Up-to-date: /home/ubuntu/ros2ws/install/linkpose_msgs/include/linkpose_msgs/linkpose_msgs/msg/detail/link_pose__traits.hpp
[1.560s] -- Up-to-date: /home/ubuntu/ros2ws/install/linkpose_msgs/include/linkpose_msgs/linkpose_msgs/msg/detail/link_pose__struct.hpp
[1.560s] -- Up-to-date: /home/ubuntu/ros2ws/install/linkpose_msgs/include/linkpose_msgs/linkpose_msgs/msg/detail/link_pose__builder.hpp
[1.560s] -- Up-to-date: /home/ubuntu/ros2ws/install/linkpose_msgs/include/linkpose_msgs/linkpose_msgs
[1.560s] -- Up-to-date: /home/ubuntu/ros2ws/install/linkpose_msgs/include/linkpose_msgs/linkpose_msgs/msg
[1.561s] -- Up-to-date: /home/ubuntu/ros2ws/install/linkpose_msgs/include/linkpose_msgs/linkpose_msgs/msg/rosidl_typesupport_fastrtps_cpp__visibility_control.h
[1.561s] -- Up-to-date: /home/ubuntu/ros2ws/install/linkpose_msgs/include/linkpose_msgs/linkpose_msgs/msg/detail
[1.561s] -- Up-to-date: /home/ubuntu/ros2ws/install/linkpose_msgs/include/linkpose_msgs/linkpose_msgs/msg/detail/dds_fastrtps
[1.561s] -- Up-to-date: /home/ubuntu/ros2ws/install/linkpose_msgs/include/linkpose_msgs/linkpose_msgs/msg/detail/link_pose__rosidl_typesupport_fastrtps_cpp.hpp
[1.563s] -- Up-to-date: /home/ubuntu/ros2ws/install/linkpose_msgs/lib/liblinkpose_msgs__rosidl_typesupport_fastrtps_cpp.so
[1.563s] -- Up-to-date: /home/ubuntu/ros2ws/install/linkpose_msgs/include/linkpose_msgs/linkpose_msgs
[1.563s] -- Up-to-date: /home/ubuntu/ros2ws/install/linkpose_msgs/include/linkpose_msgs/linkpose_msgs/msg
[1.563s] -- Up-to-date: /home/ubuntu/ros2ws/install/linkpose_msgs/include/linkpose_msgs/linkpose_msgs/msg/detail
[1.563s] -- Up-to-date: /home/ubuntu/ros2ws/install/linkpose_msgs/include/linkpose_msgs/linkpose_msgs/msg/detail/link_pose__type_support.cpp
[1.563s] -- Up-to-date: /home/ubuntu/ros2ws/install/linkpose_msgs/include/linkpose_msgs/linkpose_msgs/msg/detail/link_pose__rosidl_typesupport_introspection_cpp.hpp
[1.563s] -- Up-to-date: /home/ubuntu/ros2ws/install/linkpose_msgs/lib/liblinkpose_msgs__rosidl_typesupport_introspection_cpp.so
[1.564s] -- Up-to-date: /home/ubuntu/ros2ws/install/linkpose_msgs/lib/liblinkpose_msgs__rosidl_typesupport_cpp.so
[1.565s] -- Up-to-date: /home/ubuntu/ros2ws/install/linkpose_msgs/share/linkpose_msgs/environment/pythonpath.sh
[1.565s] -- Up-to-date: /home/ubuntu/ros2ws/install/linkpose_msgs/share/linkpose_msgs/environment/pythonpath.dsv
[1.565s] -- Up-to-date: /home/ubuntu/ros2ws/install/linkpose_msgs/local/lib/python3.10/dist-packages/linkpose_msgs-0.0.0-py3.10.egg-info
[1.565s] -- Installing: /home/ubuntu/ros2ws/install/linkpose_msgs/local/lib/python3.10/dist-packages/linkpose_msgs-0.0.0-py3.10.egg-info/PKG-INFO
[1.565s] -- Installing: /home/ubuntu/ros2ws/install/linkpose_msgs/local/lib/python3.10/dist-packages/linkpose_msgs-0.0.0-py3.10.egg-info/top_level.txt
[1.565s] -- Installing: /home/ubuntu/ros2ws/install/linkpose_msgs/local/lib/python3.10/dist-packages/linkpose_msgs-0.0.0-py3.10.egg-info/dependency_links.txt
[1.565s] -- Installing: /home/ubuntu/ros2ws/install/linkpose_msgs/local/lib/python3.10/dist-packages/linkpose_msgs-0.0.0-py3.10.egg-info/SOURCES.txt
[1.566s] -- Up-to-date: /home/ubuntu/ros2ws/install/linkpose_msgs/local/lib/python3.10/dist-packages/linkpose_msgs
[1.566s] -- Up-to-date: /home/ubuntu/ros2ws/install/linkpose_msgs/local/lib/python3.10/dist-packages/linkpose_msgs/msg
[1.566s] -- Up-to-date: /home/ubuntu/ros2ws/install/linkpose_msgs/local/lib/python3.10/dist-packages/linkpose_msgs/msg/_link_pose_s.c
[1.566s] -- Up-to-date: /home/ubuntu/ros2ws/install/linkpose_msgs/local/lib/python3.10/dist-packages/linkpose_msgs/msg/_link_pose.py
[1.567s] -- Up-to-date: /home/ubuntu/ros2ws/install/linkpose_msgs/local/lib/python3.10/dist-packages/linkpose_msgs/msg/__init__.py
[1.567s] -- Up-to-date: /home/ubuntu/ros2ws/install/linkpose_msgs/local/lib/python3.10/dist-packages/linkpose_msgs/liblinkpose_msgs__rosidl_generator_py.so
[1.567s] -- Up-to-date: /home/ubuntu/ros2ws/install/linkpose_msgs/local/lib/python3.10/dist-packages/linkpose_msgs/linkpose_msgs_s__rosidl_typesupport_c.cpython-310-x86_64-linux-gnu.so
[1.567s] -- Up-to-date: /home/ubuntu/ros2ws/install/linkpose_msgs/local/lib/python3.10/dist-packages/linkpose_msgs/_linkpose_msgs_s.ep.rosidl_typesupport_fastrtps_c.c
[1.568s] -- Up-to-date: /home/ubuntu/ros2ws/install/linkpose_msgs/local/lib/python3.10/dist-packages/linkpose_msgs/_linkpose_msgs_s.ep.rosidl_typesupport_introspection_c.c
[1.568s] -- Up-to-date: /home/ubuntu/ros2ws/install/linkpose_msgs/local/lib/python3.10/dist-packages/linkpose_msgs/linkpose_msgs_s__rosidl_typesupport_fastrtps_c.cpython-310-x86_64-linux-gnu.so
[1.568s] -- Up-to-date: /home/ubuntu/ros2ws/install/linkpose_msgs/local/lib/python3.10/dist-packages/linkpose_msgs/_linkpose_msgs_s.ep.rosidl_typesupport_c.c
[1.568s] -- Up-to-date: /home/ubuntu/ros2ws/install/linkpose_msgs/local/lib/python3.10/dist-packages/linkpose_msgs/linkpose_msgs_s__rosidl_typesupport_introspection_c.cpython-310-x86_64-linux-gnu.so
[1.568s] -- Up-to-date: /home/ubuntu/ros2ws/install/linkpose_msgs/local/lib/python3.10/dist-packages/linkpose_msgs/__init__.py
[1.665s] Listing '/home/ubuntu/ros2ws/install/linkpose_msgs/local/lib/python3.10/dist-packages/linkpose_msgs'...
[1.665s] Listing '/home/ubuntu/ros2ws/install/linkpose_msgs/local/lib/python3.10/dist-packages/linkpose_msgs/msg'...
[1.672s] -- Up-to-date: /home/ubuntu/ros2ws/install/linkpose_msgs/local/lib/python3.10/dist-packages/linkpose_msgs/linkpose_msgs_s__rosidl_typesupport_fastrtps_c.cpython-310-x86_64-linux-gnu.so
[1.673s] -- Up-to-date: /home/ubuntu/ros2ws/install/linkpose_msgs/local/lib/python3.10/dist-packages/linkpose_msgs/linkpose_msgs_s__rosidl_typesupport_introspection_c.cpython-310-x86_64-linux-gnu.so
[1.684s] -- Up-to-date: /home/ubuntu/ros2ws/install/linkpose_msgs/local/lib/python3.10/dist-packages/linkpose_msgs/linkpose_msgs_s__rosidl_typesupport_c.cpython-310-x86_64-linux-gnu.so
[1.687s] -- Up-to-date: /home/ubuntu/ros2ws/install/linkpose_msgs/lib/liblinkpose_msgs__rosidl_generator_py.so
[1.687s] -- Up-to-date: /home/ubuntu/ros2ws/install/linkpose_msgs/share/linkpose_msgs/msg/LinkPose.idl
[1.687s] -- Up-to-date: /home/ubuntu/ros2ws/install/linkpose_msgs/share/linkpose_msgs/msg/LinkPose.msg
[1.687s] -- Up-to-date: /home/ubuntu/ros2ws/install/linkpose_msgs/share/ament_index/resource_index/package_run_dependencies/linkpose_msgs
[1.687s] -- Up-to-date: /home/ubuntu/ros2ws/install/linkpose_msgs/share/ament_index/resource_index/parent_prefix_path/linkpose_msgs
[1.688s] -- Up-to-date: /home/ubuntu/ros2ws/install/linkpose_msgs/share/linkpose_msgs/environment/ament_prefix_path.sh
[1.688s] -- Up-to-date: /home/ubuntu/ros2ws/install/linkpose_msgs/share/linkpose_msgs/environment/ament_prefix_path.dsv
[1.688s] -- Up-to-date: /home/ubuntu/ros2ws/install/linkpose_msgs/share/linkpose_msgs/environment/path.sh
[1.688s] -- Up-to-date: /home/ubuntu/ros2ws/install/linkpose_msgs/share/linkpose_msgs/environment/path.dsv
[1.688s] -- Up-to-date: /home/ubuntu/ros2ws/install/linkpose_msgs/share/linkpose_msgs/local_setup.bash
[1.688s] -- Up-to-date: /home/ubuntu/ros2ws/install/linkpose_msgs/share/linkpose_msgs/local_setup.sh
[1.688s] -- Up-to-date: /home/ubuntu/ros2ws/install/linkpose_msgs/share/linkpose_msgs/local_setup.zsh
[1.688s] -- Up-to-date: /home/ubuntu/ros2ws/install/linkpose_msgs/share/linkpose_msgs/local_setup.dsv
[1.688s] -- Installing: /home/ubuntu/ros2ws/install/linkpose_msgs/share/linkpose_msgs/package.dsv
[1.702s] -- Up-to-date: /home/ubuntu/ros2ws/install/linkpose_msgs/share/ament_index/resource_index/packages/linkpose_msgs
[1.721s] -- Up-to-date: /home/ubuntu/ros2ws/install/linkpose_msgs/share/linkpose_msgs/cmake/export_linkpose_msgs__rosidl_generator_cExport.cmake
[1.721s] -- Up-to-date: /home/ubuntu/ros2ws/install/linkpose_msgs/share/linkpose_msgs/cmake/export_linkpose_msgs__rosidl_generator_cExport-noconfig.cmake
[1.722s] -- Up-to-date: /home/ubuntu/ros2ws/install/linkpose_msgs/share/linkpose_msgs/cmake/export_linkpose_msgs__rosidl_typesupport_fastrtps_cExport.cmake
[1.722s] -- Up-to-date: /home/ubuntu/ros2ws/install/linkpose_msgs/share/linkpose_msgs/cmake/export_linkpose_msgs__rosidl_typesupport_fastrtps_cExport-noconfig.cmake
[1.723s] -- Up-to-date: /home/ubuntu/ros2ws/install/linkpose_msgs/share/linkpose_msgs/cmake/linkpose_msgs__rosidl_typesupport_introspection_cExport.cmake
[1.723s] -- Up-to-date: /home/ubuntu/ros2ws/install/linkpose_msgs/share/linkpose_msgs/cmake/linkpose_msgs__rosidl_typesupport_introspection_cExport-noconfig.cmake
[1.733s] -- Up-to-date: /home/ubuntu/ros2ws/install/linkpose_msgs/share/linkpose_msgs/cmake/linkpose_msgs__rosidl_typesupport_cExport.cmake
[1.733s] -- Up-to-date: /home/ubuntu/ros2ws/install/linkpose_msgs/share/linkpose_msgs/cmake/linkpose_msgs__rosidl_typesupport_cExport-noconfig.cmake
[1.734s] -- Up-to-date: /home/ubuntu/ros2ws/install/linkpose_msgs/share/linkpose_msgs/cmake/export_linkpose_msgs__rosidl_generator_cppExport.cmake
[1.734s] -- Up-to-date: /home/ubuntu/ros2ws/install/linkpose_msgs/share/linkpose_msgs/cmake/export_linkpose_msgs__rosidl_typesupport_fastrtps_cppExport.cmake
[1.734s] -- Up-to-date: /home/ubuntu/ros2ws/install/linkpose_msgs/share/linkpose_msgs/cmake/export_linkpose_msgs__rosidl_typesupport_fastrtps_cppExport-noconfig.cmake
[1.742s] -- Up-to-date: /home/ubuntu/ros2ws/install/linkpose_msgs/share/linkpose_msgs/cmake/linkpose_msgs__rosidl_typesupport_introspection_cppExport.cmake
[1.742s] -- Up-to-date: /home/ubuntu/ros2ws/install/linkpose_msgs/share/linkpose_msgs/cmake/linkpose_msgs__rosidl_typesupport_introspection_cppExport-noconfig.cmake
[1.745s] -- Up-to-date: /home/ubuntu/ros2ws/install/linkpose_msgs/share/linkpose_msgs/cmake/linkpose_msgs__rosidl_typesupport_cppExport.cmake
[1.745s] -- Up-to-date: /home/ubuntu/ros2ws/install/linkpose_msgs/share/linkpose_msgs/cmake/linkpose_msgs__rosidl_typesupport_cppExport-noconfig.cmake
[1.746s] -- Up-to-date: /home/ubuntu/ros2ws/install/linkpose_msgs/share/linkpose_msgs/cmake/export_linkpose_msgs__rosidl_generator_pyExport.cmake
[1.746s] -- Up-to-date: /home/ubuntu/ros2ws/install/linkpose_msgs/share/linkpose_msgs/cmake/export_linkpose_msgs__rosidl_generator_pyExport-noconfig.cmake
[1.747s] -- Up-to-date: /home/ubuntu/ros2ws/install/linkpose_msgs/share/linkpose_msgs/cmake/rosidl_cmake-extras.cmake
[1.748s] -- Up-to-date: /home/ubuntu/ros2ws/install/linkpose_msgs/share/linkpose_msgs/cmake/ament_cmake_export_include_directories-extras.cmake
[1.748s] -- Up-to-date: /home/ubuntu/ros2ws/install/linkpose_msgs/share/linkpose_msgs/cmake/ament_cmake_export_libraries-extras.cmake
[1.749s] -- Up-to-date: /home/ubuntu/ros2ws/install/linkpose_msgs/share/linkpose_msgs/cmake/ament_cmake_export_targets-extras.cmake
[1.749s] -- Up-to-date: /home/ubuntu/ros2ws/install/linkpose_msgs/share/linkpose_msgs/cmake/rosidl_cmake_export_typesupport_targets-extras.cmake
[1.749s] -- Up-to-date: /home/ubuntu/ros2ws/install/linkpose_msgs/share/linkpose_msgs/cmake/ament_cmake_export_dependencies-extras.cmake
[1.749s] -- Up-to-date: /home/ubuntu/ros2ws/install/linkpose_msgs/share/linkpose_msgs/cmake/rosidl_cmake_export_typesupport_libraries-extras.cmake
[1.749s] -- Up-to-date: /home/ubuntu/ros2ws/install/linkpose_msgs/share/linkpose_msgs/cmake/linkpose_msgsConfig.cmake
[1.749s] -- Up-to-date: /home/ubuntu/ros2ws/install/linkpose_msgs/share/linkpose_msgs/cmake/linkpose_msgsConfig-version.cmake
[1.749s] -- Up-to-date: /home/ubuntu/ros2ws/install/linkpose_msgs/share/linkpose_msgs/package.xml
[1.780s] Invoked command in '/home/ubuntu/ros2ws/build/linkpose_msgs' returned '0': CMAKE_PREFIX_PATH=${CMAKE_PREFIX_PATH}:/home/ubuntu/ros2ws/install/robot_letter_writer:/opt/ros/humble /usr/bin/cmake --install /home/ubuntu/ros2ws/build/linkpose_msgs
