[0.067s] Invoking command in '/home/ubuntu/ros2ws/build/ros2srrc_robots': CMAKE_PREFIX_PATH=${CMAKE_PREFIX_PATH}:/home/ubuntu/ros2ws/install/testV1:/home/ubuntu/ros2ws/install/robot_letter_writer:/opt/ros/humble /usr/bin/cmake --build /home/ubuntu/ros2ws/build/ros2srrc_robots -- -j4 -l4
[0.201s] Invoked command in '/home/ubuntu/ros2ws/build/ros2srrc_robots' returned '0': CMAKE_PREFIX_PATH=${CMAKE_PREFIX_PATH}:/home/ubuntu/ros2ws/install/testV1:/home/ubuntu/ros2ws/install/robot_letter_writer:/opt/ros/humble /usr/bin/cmake --build /home/ubuntu/ros2ws/build/ros2srrc_robots -- -j4 -l4
[0.264s] Invoking command in '/home/ubuntu/ros2ws/build/ros2srrc_robots': CMAKE_PREFIX_PATH=${CMAKE_PREFIX_PATH}:/home/ubuntu/ros2ws/install/testV1:/home/ubuntu/ros2ws/install/robot_letter_writer:/opt/ros/humble /usr/bin/cmake --install /home/ubuntu/ros2ws/build/ros2srrc_robots
[0.284s] -- Install configuration: ""
[0.286s] -- Execute custom install script
[0.287s] -- Up-to-date symlink: /home/ubuntu/ros2ws/install/ros2srrc_robots/share/ros2srrc_robots/irb120/config/controller.yaml
[0.287s] -- Up-to-date symlink: /home/ubuntu/ros2ws/install/ros2srrc_robots/share/ros2srrc_robots/irb120/config/controller_moveit2.yaml
[0.287s] -- Up-to-date symlink: /home/ubuntu/ros2ws/install/ros2srrc_robots/share/ros2srrc_robots/irb120/config/joint_limits.yaml
[0.288s] -- Up-to-date symlink: /home/ubuntu/ros2ws/install/ros2srrc_robots/share/ros2srrc_robots/irb120/config/joint_specifications.yaml
[0.289s] -- Up-to-date symlink: /home/ubuntu/ros2ws/install/ros2srrc_robots/share/ros2srrc_robots/irb120/config/kinematics.yaml
[0.289s] -- Up-to-date symlink: /home/ubuntu/ros2ws/install/ros2srrc_robots/share/ros2srrc_robots/irb120/config/pilz_cartesian_limits.yaml
[0.289s] -- Up-to-date symlink: /home/ubuntu/ros2ws/install/ros2srrc_robots/share/ros2srrc_robots/irb120/meshes/collision/base_link.stl
[0.289s] -- Up-to-date symlink: /home/ubuntu/ros2ws/install/ros2srrc_robots/share/ros2srrc_robots/irb120/meshes/collision/link_1.stl
[0.289s] -- Up-to-date symlink: /home/ubuntu/ros2ws/install/ros2srrc_robots/share/ros2srrc_robots/irb120/meshes/collision/link_2.stl
[0.290s] -- Up-to-date symlink: /home/ubuntu/ros2ws/install/ros2srrc_robots/share/ros2srrc_robots/irb120/meshes/collision/link_3.stl
[0.290s] -- Up-to-date symlink: /home/ubuntu/ros2ws/install/ros2srrc_robots/share/ros2srrc_robots/irb120/meshes/collision/link_4.stl
[0.291s] -- Up-to-date symlink: /home/ubuntu/ros2ws/install/ros2srrc_robots/share/ros2srrc_robots/irb120/meshes/collision/link_5.stl
[0.291s] -- Up-to-date symlink: /home/ubuntu/ros2ws/install/ros2srrc_robots/share/ros2srrc_robots/irb120/meshes/collision/link_6.stl
[0.291s] -- Up-to-date symlink: /home/ubuntu/ros2ws/install/ros2srrc_robots/share/ros2srrc_robots/irb120/meshes/visual/base_link.dae
[0.291s] -- Up-to-date symlink: /home/ubuntu/ros2ws/install/ros2srrc_robots/share/ros2srrc_robots/irb120/meshes/visual/link_1.dae
[0.291s] -- Up-to-date symlink: /home/ubuntu/ros2ws/install/ros2srrc_robots/share/ros2srrc_robots/irb120/meshes/visual/link_2.dae
[0.294s] -- Up-to-date symlink: /home/ubuntu/ros2ws/install/ros2srrc_robots/share/ros2srrc_robots/irb120/meshes/visual/link_3.dae
[0.294s] -- Up-to-date symlink: /home/ubuntu/ros2ws/install/ros2srrc_robots/share/ros2srrc_robots/irb120/meshes/visual/link_4.dae
[0.295s] -- Up-to-date symlink: /home/ubuntu/ros2ws/install/ros2srrc_robots/share/ros2srrc_robots/irb120/meshes/visual/link_5.dae
[0.296s] -- Up-to-date symlink: /home/ubuntu/ros2ws/install/ros2srrc_robots/share/ros2srrc_robots/irb120/meshes/visual/link_6.dae
[0.296s] -- Up-to-date symlink: /home/ubuntu/ros2ws/install/ros2srrc_robots/share/ros2srrc_robots/irb120/urdf/abb_resources/common_colours.xacro
[0.296s] -- Up-to-date symlink: /home/ubuntu/ros2ws/install/ros2srrc_robots/share/ros2srrc_robots/irb120/urdf/abb_resources/common_materials.xacro
[0.297s] -- Up-to-date symlink: /home/ubuntu/ros2ws/install/ros2srrc_robots/share/ros2srrc_robots/irb120/urdf/irb120_macro.urdf.xacro
[0.302s] -- Up-to-date symlink: /home/ubuntu/ros2ws/install/ros2srrc_robots/share/ros2srrc_robots/irb120/urdf/irb120_ros2control.xacro
[0.302s] -- Up-to-date symlink: /home/ubuntu/ros2ws/install/ros2srrc_robots/share/ros2srrc_robots/irb120/urdf/irb120_transmission.xacro
[0.303s] -- Up-to-date symlink: /home/ubuntu/ros2ws/install/ros2srrc_robots/share/ros2srrc_robots/irb1200/config/controller.yaml
[0.303s] -- Up-to-date symlink: /home/ubuntu/ros2ws/install/ros2srrc_robots/share/ros2srrc_robots/irb1200/config/controller_moveit2.yaml
[0.303s] -- Up-to-date symlink: /home/ubuntu/ros2ws/install/ros2srrc_robots/share/ros2srrc_robots/irb1200/config/joint_limits.yaml
[0.304s] -- Up-to-date symlink: /home/ubuntu/ros2ws/install/ros2srrc_robots/share/ros2srrc_robots/irb1200/config/joint_specifications.yaml
[0.305s] -- Up-to-date symlink: /home/ubuntu/ros2ws/install/ros2srrc_robots/share/ros2srrc_robots/irb1200/config/kinematics.yaml
[0.305s] -- Up-to-date symlink: /home/ubuntu/ros2ws/install/ros2srrc_robots/share/ros2srrc_robots/irb1200/config/pilz_cartesian_limits.yaml
[0.305s] -- Up-to-date symlink: /home/ubuntu/ros2ws/install/ros2srrc_robots/share/ros2srrc_robots/irb1200/meshes/collision/base_link.stl
[0.305s] -- Up-to-date symlink: /home/ubuntu/ros2ws/install/ros2srrc_robots/share/ros2srrc_robots/irb1200/meshes/collision/link_1.stl
[0.305s] -- Up-to-date symlink: /home/ubuntu/ros2ws/install/ros2srrc_robots/share/ros2srrc_robots/irb1200/meshes/collision/link_2.stl
[0.305s] -- Up-to-date symlink: /home/ubuntu/ros2ws/install/ros2srrc_robots/share/ros2srrc_robots/irb1200/meshes/collision/link_3.stl
[0.305s] -- Up-to-date symlink: /home/ubuntu/ros2ws/install/ros2srrc_robots/share/ros2srrc_robots/irb1200/meshes/collision/link_4.stl
[0.305s] -- Up-to-date symlink: /home/ubuntu/ros2ws/install/ros2srrc_robots/share/ros2srrc_robots/irb1200/meshes/collision/link_5.stl
[0.305s] -- Up-to-date symlink: /home/ubuntu/ros2ws/install/ros2srrc_robots/share/ros2srrc_robots/irb1200/meshes/collision/link_6.stl
[0.306s] -- Up-to-date symlink: /home/ubuntu/ros2ws/install/ros2srrc_robots/share/ros2srrc_robots/irb1200/meshes/visual/base_link.dae
[0.307s] -- Up-to-date symlink: /home/ubuntu/ros2ws/install/ros2srrc_robots/share/ros2srrc_robots/irb1200/meshes/visual/link_1.dae
[0.308s] -- Up-to-date symlink: /home/ubuntu/ros2ws/install/ros2srrc_robots/share/ros2srrc_robots/irb1200/meshes/visual/link_2.dae
[0.309s] -- Up-to-date symlink: /home/ubuntu/ros2ws/install/ros2srrc_robots/share/ros2srrc_robots/irb1200/meshes/visual/link_3.dae
[0.311s] -- Up-to-date symlink: /home/ubuntu/ros2ws/install/ros2srrc_robots/share/ros2srrc_robots/irb1200/meshes/visual/link_4.dae
[0.311s] -- Up-to-date symlink: /home/ubuntu/ros2ws/install/ros2srrc_robots/share/ros2srrc_robots/irb1200/meshes/visual/link_5.dae
[0.325s] -- Up-to-date symlink: /home/ubuntu/ros2ws/install/ros2srrc_robots/share/ros2srrc_robots/irb1200/meshes/visual/link_6.dae
[0.328s] -- Up-to-date symlink: /home/ubuntu/ros2ws/install/ros2srrc_robots/share/ros2srrc_robots/irb1200/urdf/abb_resources/common_colours.xacro
[0.332s] -- Up-to-date symlink: /home/ubuntu/ros2ws/install/ros2srrc_robots/share/ros2srrc_robots/irb1200/urdf/abb_resources/common_materials.xacro
[0.346s] -- Up-to-date symlink: /home/ubuntu/ros2ws/install/ros2srrc_robots/share/ros2srrc_robots/irb1200/urdf/irb1200_macro.urdf.xacro
[0.349s] -- Up-to-date symlink: /home/ubuntu/ros2ws/install/ros2srrc_robots/share/ros2srrc_robots/irb1200/urdf/irb1200_ros2control.xacro
[0.353s] -- Up-to-date symlink: /home/ubuntu/ros2ws/install/ros2srrc_robots/share/ros2srrc_robots/irb1200/urdf/irb1200_transmission.xacro
[0.369s] -- Up-to-date symlink: /home/ubuntu/ros2ws/install/ros2srrc_robots/share/ros2srrc_robots/irb6640/config/controller.yaml
[0.394s] -- Up-to-date symlink: /home/ubuntu/ros2ws/install/ros2srrc_robots/share/ros2srrc_robots/irb6640/config/controller_moveit2.yaml
[0.395s] -- Up-to-date symlink: /home/ubuntu/ros2ws/install/ros2srrc_robots/share/ros2srrc_robots/irb6640/config/joint_limits.yaml
[0.396s] -- Up-to-date symlink: /home/ubuntu/ros2ws/install/ros2srrc_robots/share/ros2srrc_robots/irb6640/config/joint_specifications.yaml
[0.400s] -- Up-to-date symlink: /home/ubuntu/ros2ws/install/ros2srrc_robots/share/ros2srrc_robots/irb6640/config/kinematics.yaml
[0.401s] -- Up-to-date symlink: /home/ubuntu/ros2ws/install/ros2srrc_robots/share/ros2srrc_robots/irb6640/config/pilz_cartesian_limits.yaml
[0.402s] -- Up-to-date symlink: /home/ubuntu/ros2ws/install/ros2srrc_robots/share/ros2srrc_robots/irb6640/meshes/base_link.dae
[0.413s] -- Up-to-date symlink: /home/ubuntu/ros2ws/install/ros2srrc_robots/share/ros2srrc_robots/irb6640/meshes/link_1.dae
[0.413s] -- Up-to-date symlink: /home/ubuntu/ros2ws/install/ros2srrc_robots/share/ros2srrc_robots/irb6640/meshes/link_2.dae
[0.413s] -- Up-to-date symlink: /home/ubuntu/ros2ws/install/ros2srrc_robots/share/ros2srrc_robots/irb6640/meshes/link_3.dae
[0.414s] -- Up-to-date symlink: /home/ubuntu/ros2ws/install/ros2srrc_robots/share/ros2srrc_robots/irb6640/meshes/link_4.dae
[0.419s] -- Up-to-date symlink: /home/ubuntu/ros2ws/install/ros2srrc_robots/share/ros2srrc_robots/irb6640/meshes/link_5.dae
[0.419s] -- Up-to-date symlink: /home/ubuntu/ros2ws/install/ros2srrc_robots/share/ros2srrc_robots/irb6640/meshes/link_6.dae
[0.419s] -- Up-to-date symlink: /home/ubuntu/ros2ws/install/ros2srrc_robots/share/ros2srrc_robots/irb6640/meshes/link_cylinder.dae
[0.419s] -- Up-to-date symlink: /home/ubuntu/ros2ws/install/ros2srrc_robots/share/ros2srrc_robots/irb6640/meshes/link_piston.dae
[0.419s] -- Up-to-date symlink: /home/ubuntu/ros2ws/install/ros2srrc_robots/share/ros2srrc_robots/irb6640/urdf/irb6640_macro.urdf.xacro
[0.430s] -- Up-to-date symlink: /home/ubuntu/ros2ws/install/ros2srrc_robots/share/ros2srrc_robots/irb6640/urdf/irb6640_ros2control.xacro
[0.432s] -- Up-to-date symlink: /home/ubuntu/ros2ws/install/ros2srrc_robots/share/ros2srrc_robots/irb6640/urdf/irb6640_transmission.xacro
[0.433s] -- Up-to-date symlink: /home/ubuntu/ros2ws/install/ros2srrc_robots/share/ros2srrc_robots/ur3/config/controller.yaml
[0.433s] -- Up-to-date symlink: /home/ubuntu/ros2ws/install/ros2srrc_robots/share/ros2srrc_robots/ur3/config/controller_moveit2.yaml
[0.434s] -- Up-to-date symlink: /home/ubuntu/ros2ws/install/ros2srrc_robots/share/ros2srrc_robots/ur3/config/controller_ur.yaml
[0.434s] -- Up-to-date symlink: /home/ubuntu/ros2ws/install/ros2srrc_robots/share/ros2srrc_robots/ur3/config/joint_limits.yaml
[0.434s] -- Up-to-date symlink: /home/ubuntu/ros2ws/install/ros2srrc_robots/share/ros2srrc_robots/ur3/config/joint_specifications.yaml
[0.434s] -- Up-to-date symlink: /home/ubuntu/ros2ws/install/ros2srrc_robots/share/ros2srrc_robots/ur3/config/kinematics.yaml
[0.435s] -- Up-to-date symlink: /home/ubuntu/ros2ws/install/ros2srrc_robots/share/ros2srrc_robots/ur3/config/pilz_cartesian_limits.yaml
[0.436s] -- Up-to-date symlink: /home/ubuntu/ros2ws/install/ros2srrc_robots/share/ros2srrc_robots/ur3/meshes/collision/base.stl
[0.437s] -- Up-to-date symlink: /home/ubuntu/ros2ws/install/ros2srrc_robots/share/ros2srrc_robots/ur3/meshes/collision/forearm.stl
[0.437s] -- Up-to-date symlink: /home/ubuntu/ros2ws/install/ros2srrc_robots/share/ros2srrc_robots/ur3/meshes/collision/shoulder.stl
[0.437s] -- Up-to-date symlink: /home/ubuntu/ros2ws/install/ros2srrc_robots/share/ros2srrc_robots/ur3/meshes/collision/upperarm.stl
[0.437s] -- Up-to-date symlink: /home/ubuntu/ros2ws/install/ros2srrc_robots/share/ros2srrc_robots/ur3/meshes/collision/wrist1.stl
[0.437s] -- Up-to-date symlink: /home/ubuntu/ros2ws/install/ros2srrc_robots/share/ros2srrc_robots/ur3/meshes/collision/wrist2.stl
[0.437s] -- Up-to-date symlink: /home/ubuntu/ros2ws/install/ros2srrc_robots/share/ros2srrc_robots/ur3/meshes/collision/wrist3.stl
[0.437s] -- Up-to-date symlink: /home/ubuntu/ros2ws/install/ros2srrc_robots/share/ros2srrc_robots/ur3/meshes/visual/base.dae
[0.437s] -- Up-to-date symlink: /home/ubuntu/ros2ws/install/ros2srrc_robots/share/ros2srrc_robots/ur3/meshes/visual/forearm.dae
[0.438s] -- Up-to-date symlink: /home/ubuntu/ros2ws/install/ros2srrc_robots/share/ros2srrc_robots/ur3/meshes/visual/shoulder.dae
[0.439s] -- Up-to-date symlink: /home/ubuntu/ros2ws/install/ros2srrc_robots/share/ros2srrc_robots/ur3/meshes/visual/upperarm.dae
[0.440s] -- Up-to-date symlink: /home/ubuntu/ros2ws/install/ros2srrc_robots/share/ros2srrc_robots/ur3/meshes/visual/wrist1.dae
[0.440s] -- Up-to-date symlink: /home/ubuntu/ros2ws/install/ros2srrc_robots/share/ros2srrc_robots/ur3/meshes/visual/wrist2.dae
[0.440s] -- Up-to-date symlink: /home/ubuntu/ros2ws/install/ros2srrc_robots/share/ros2srrc_robots/ur3/meshes/visual/wrist3.dae
[0.441s] -- Up-to-date symlink: /home/ubuntu/ros2ws/install/ros2srrc_robots/share/ros2srrc_robots/ur3/urdf/ur3_common.xacro
[0.441s] -- Up-to-date symlink: /home/ubuntu/ros2ws/install/ros2srrc_robots/share/ros2srrc_robots/ur3/urdf/ur3_macro.urdf.xacro
[0.441s] -- Up-to-date symlink: /home/ubuntu/ros2ws/install/ros2srrc_robots/share/ros2srrc_robots/ur3/urdf/ur3_ros2control.xacro
[0.442s] -- Up-to-date symlink: /home/ubuntu/ros2ws/install/ros2srrc_robots/share/ros2srrc_robots/ur3/urdf/ur3_transmission.xacro
[0.442s] -- Up-to-date symlink: /home/ubuntu/ros2ws/install/ros2srrc_robots/share/ros2srrc_robots/ur5/config/controller.yaml
[0.442s] -- Up-to-date symlink: /home/ubuntu/ros2ws/install/ros2srrc_robots/share/ros2srrc_robots/ur5/config/controller_moveit2.yaml
[0.442s] -- Up-to-date symlink: /home/ubuntu/ros2ws/install/ros2srrc_robots/share/ros2srrc_robots/ur5/config/controller_ur.yaml
[0.442s] -- Up-to-date symlink: /home/ubuntu/ros2ws/install/ros2srrc_robots/share/ros2srrc_robots/ur5/config/joint_limits.yaml
[0.442s] -- Up-to-date symlink: /home/ubuntu/ros2ws/install/ros2srrc_robots/share/ros2srrc_robots/ur5/config/joint_specifications.yaml
[0.442s] -- Up-to-date symlink: /home/ubuntu/ros2ws/install/ros2srrc_robots/share/ros2srrc_robots/ur5/config/kinematics.yaml
[0.443s] -- Up-to-date symlink: /home/ubuntu/ros2ws/install/ros2srrc_robots/share/ros2srrc_robots/ur5/config/pilz_cartesian_limits.yaml
[0.443s] -- Up-to-date symlink: /home/ubuntu/ros2ws/install/ros2srrc_robots/share/ros2srrc_robots/ur5/meshes/collision/base.stl
[0.443s] -- Up-to-date symlink: /home/ubuntu/ros2ws/install/ros2srrc_robots/share/ros2srrc_robots/ur5/meshes/collision/forearm.stl
[0.444s] -- Up-to-date symlink: /home/ubuntu/ros2ws/install/ros2srrc_robots/share/ros2srrc_robots/ur5/meshes/collision/shoulder.stl
[0.444s] -- Up-to-date symlink: /home/ubuntu/ros2ws/install/ros2srrc_robots/share/ros2srrc_robots/ur5/meshes/collision/upperarm.stl
[0.444s] -- Up-to-date symlink: /home/ubuntu/ros2ws/install/ros2srrc_robots/share/ros2srrc_robots/ur5/meshes/collision/wrist1.stl
[0.444s] -- Up-to-date symlink: /home/ubuntu/ros2ws/install/ros2srrc_robots/share/ros2srrc_robots/ur5/meshes/collision/wrist2.stl
[0.444s] -- Up-to-date symlink: /home/ubuntu/ros2ws/install/ros2srrc_robots/share/ros2srrc_robots/ur5/meshes/collision/wrist3.stl
[0.444s] -- Up-to-date symlink: /home/ubuntu/ros2ws/install/ros2srrc_robots/share/ros2srrc_robots/ur5/meshes/visual/base.dae
[0.445s] -- Up-to-date symlink: /home/ubuntu/ros2ws/install/ros2srrc_robots/share/ros2srrc_robots/ur5/meshes/visual/forearm.dae
[0.445s] -- Up-to-date symlink: /home/ubuntu/ros2ws/install/ros2srrc_robots/share/ros2srrc_robots/ur5/meshes/visual/shoulder.dae
[0.445s] -- Up-to-date symlink: /home/ubuntu/ros2ws/install/ros2srrc_robots/share/ros2srrc_robots/ur5/meshes/visual/upperarm.dae
[0.445s] -- Up-to-date symlink: /home/ubuntu/ros2ws/install/ros2srrc_robots/share/ros2srrc_robots/ur5/meshes/visual/wrist1.dae
[0.445s] -- Up-to-date symlink: /home/ubuntu/ros2ws/install/ros2srrc_robots/share/ros2srrc_robots/ur5/meshes/visual/wrist2.dae
[0.447s] -- Up-to-date symlink: /home/ubuntu/ros2ws/install/ros2srrc_robots/share/ros2srrc_robots/ur5/meshes/visual/wrist3.dae
[0.447s] -- Up-to-date symlink: /home/ubuntu/ros2ws/install/ros2srrc_robots/share/ros2srrc_robots/ur5/urdf/ur5_common.xacro
[0.447s] -- Up-to-date symlink: /home/ubuntu/ros2ws/install/ros2srrc_robots/share/ros2srrc_robots/ur5/urdf/ur5_macro.urdf.xacro
[0.448s] -- Up-to-date symlink: /home/ubuntu/ros2ws/install/ros2srrc_robots/share/ros2srrc_robots/ur5/urdf/ur5_ros2control.xacro
[0.450s] -- Up-to-date symlink: /home/ubuntu/ros2ws/install/ros2srrc_robots/share/ros2srrc_robots/ur5/urdf/ur5_transmission.xacro
[0.452s] -- Up-to-date symlink: /home/ubuntu/ros2ws/install/ros2srrc_robots/share/ros2srrc_robots/ur10e/config/controller.yaml
[0.452s] -- Up-to-date symlink: /home/ubuntu/ros2ws/install/ros2srrc_robots/share/ros2srrc_robots/ur10e/config/controller_moveit2.yaml
[0.452s] -- Up-to-date symlink: /home/ubuntu/ros2ws/install/ros2srrc_robots/share/ros2srrc_robots/ur10e/config/controller_ur.yaml
[0.453s] -- Up-to-date symlink: /home/ubuntu/ros2ws/install/ros2srrc_robots/share/ros2srrc_robots/ur10e/config/joint_limits.yaml
[0.453s] -- Up-to-date symlink: /home/ubuntu/ros2ws/install/ros2srrc_robots/share/ros2srrc_robots/ur10e/config/joint_specifications.yaml
[0.453s] -- Up-to-date symlink: /home/ubuntu/ros2ws/install/ros2srrc_robots/share/ros2srrc_robots/ur10e/config/kinematics.yaml
[0.454s] -- Up-to-date symlink: /home/ubuntu/ros2ws/install/ros2srrc_robots/share/ros2srrc_robots/ur10e/config/pilz_cartesian_limits.yaml
[0.454s] -- Up-to-date symlink: /home/ubuntu/ros2ws/install/ros2srrc_robots/share/ros2srrc_robots/ur10e/meshes/collision/base.stl
[0.455s] -- Up-to-date symlink: /home/ubuntu/ros2ws/install/ros2srrc_robots/share/ros2srrc_robots/ur10e/meshes/collision/forearm.stl
[0.455s] -- Up-to-date symlink: /home/ubuntu/ros2ws/install/ros2srrc_robots/share/ros2srrc_robots/ur10e/meshes/collision/shoulder.stl
[0.456s] -- Up-to-date symlink: /home/ubuntu/ros2ws/install/ros2srrc_robots/share/ros2srrc_robots/ur10e/meshes/collision/upperarm.stl
[0.457s] -- Up-to-date symlink: /home/ubuntu/ros2ws/install/ros2srrc_robots/share/ros2srrc_robots/ur10e/meshes/collision/wrist1.stl
[0.462s] -- Up-to-date symlink: /home/ubuntu/ros2ws/install/ros2srrc_robots/share/ros2srrc_robots/ur10e/meshes/collision/wrist2.stl
[0.465s] -- Up-to-date symlink: /home/ubuntu/ros2ws/install/ros2srrc_robots/share/ros2srrc_robots/ur10e/meshes/collision/wrist3.stl
[0.465s] -- Up-to-date symlink: /home/ubuntu/ros2ws/install/ros2srrc_robots/share/ros2srrc_robots/ur10e/meshes/visual/base.dae
[0.465s] -- Up-to-date symlink: /home/ubuntu/ros2ws/install/ros2srrc_robots/share/ros2srrc_robots/ur10e/meshes/visual/forearm.dae
[0.465s] -- Up-to-date symlink: /home/ubuntu/ros2ws/install/ros2srrc_robots/share/ros2srrc_robots/ur10e/meshes/visual/shoulder.dae
[0.466s] -- Up-to-date symlink: /home/ubuntu/ros2ws/install/ros2srrc_robots/share/ros2srrc_robots/ur10e/meshes/visual/upperarm.dae
[0.466s] -- Up-to-date symlink: /home/ubuntu/ros2ws/install/ros2srrc_robots/share/ros2srrc_robots/ur10e/meshes/visual/wrist1.dae
[0.480s] -- Up-to-date symlink: /home/ubuntu/ros2ws/install/ros2srrc_robots/share/ros2srrc_robots/ur10e/meshes/visual/wrist2.dae
[0.495s] -- Up-to-date symlink: /home/ubuntu/ros2ws/install/ros2srrc_robots/share/ros2srrc_robots/ur10e/meshes/visual/wrist3.dae
[0.510s] -- Up-to-date symlink: /home/ubuntu/ros2ws/install/ros2srrc_robots/share/ros2srrc_robots/ur10e/urdf/ur10e_common.xacro
[0.518s] -- Up-to-date symlink: /home/ubuntu/ros2ws/install/ros2srrc_robots/share/ros2srrc_robots/ur10e/urdf/ur10e_macro.urdf.xacro
[0.535s] -- Up-to-date symlink: /home/ubuntu/ros2ws/install/ros2srrc_robots/share/ros2srrc_robots/ur10e/urdf/ur10e_ros2control.xacro
[0.565s] -- Up-to-date symlink: /home/ubuntu/ros2ws/install/ros2srrc_robots/share/ros2srrc_robots/ur10e/urdf/ur10e_transmission.xacro
[0.566s] -- Up-to-date symlink: /home/ubuntu/ros2ws/install/ros2srrc_robots/share/ros2srrc_robots/ur16e/config/controller.yaml
[0.566s] -- Up-to-date symlink: /home/ubuntu/ros2ws/install/ros2srrc_robots/share/ros2srrc_robots/ur16e/config/controller_moveit2.yaml
[0.568s] -- Up-to-date symlink: /home/ubuntu/ros2ws/install/ros2srrc_robots/share/ros2srrc_robots/ur16e/config/controller_ur.yaml
[0.568s] -- Up-to-date symlink: /home/ubuntu/ros2ws/install/ros2srrc_robots/share/ros2srrc_robots/ur16e/config/joint_limits.yaml
[0.569s] -- Up-to-date symlink: /home/ubuntu/ros2ws/install/ros2srrc_robots/share/ros2srrc_robots/ur16e/config/joint_specifications.yaml
[0.570s] -- Up-to-date symlink: /home/ubuntu/ros2ws/install/ros2srrc_robots/share/ros2srrc_robots/ur16e/config/kinematics.yaml
[0.570s] -- Up-to-date symlink: /home/ubuntu/ros2ws/install/ros2srrc_robots/share/ros2srrc_robots/ur16e/config/pilz_cartesian_limits.yaml
[0.571s] -- Up-to-date symlink: /home/ubuntu/ros2ws/install/ros2srrc_robots/share/ros2srrc_robots/ur16e/meshes/collision/base.stl
[0.571s] -- Up-to-date symlink: /home/ubuntu/ros2ws/install/ros2srrc_robots/share/ros2srrc_robots/ur16e/meshes/collision/forearm.stl
[0.572s] -- Up-to-date symlink: /home/ubuntu/ros2ws/install/ros2srrc_robots/share/ros2srrc_robots/ur16e/meshes/collision/shoulder.stl
[0.572s] -- Up-to-date symlink: /home/ubuntu/ros2ws/install/ros2srrc_robots/share/ros2srrc_robots/ur16e/meshes/collision/upperarm.stl
[0.573s] -- Up-to-date symlink: /home/ubuntu/ros2ws/install/ros2srrc_robots/share/ros2srrc_robots/ur16e/meshes/collision/wrist1.stl
[0.573s] -- Up-to-date symlink: /home/ubuntu/ros2ws/install/ros2srrc_robots/share/ros2srrc_robots/ur16e/meshes/collision/wrist2.stl
[0.574s] -- Up-to-date symlink: /home/ubuntu/ros2ws/install/ros2srrc_robots/share/ros2srrc_robots/ur16e/meshes/collision/wrist3.stl
[0.575s] -- Up-to-date symlink: /home/ubuntu/ros2ws/install/ros2srrc_robots/share/ros2srrc_robots/ur16e/meshes/visual/base.dae
[0.576s] -- Up-to-date symlink: /home/ubuntu/ros2ws/install/ros2srrc_robots/share/ros2srrc_robots/ur16e/meshes/visual/forearm.dae
[0.576s] -- Up-to-date symlink: /home/ubuntu/ros2ws/install/ros2srrc_robots/share/ros2srrc_robots/ur16e/meshes/visual/shoulder.dae
[0.577s] -- Up-to-date symlink: /home/ubuntu/ros2ws/install/ros2srrc_robots/share/ros2srrc_robots/ur16e/meshes/visual/upperarm.dae
[0.577s] -- Up-to-date symlink: /home/ubuntu/ros2ws/install/ros2srrc_robots/share/ros2srrc_robots/ur16e/meshes/visual/wrist1.dae
[0.578s] -- Up-to-date symlink: /home/ubuntu/ros2ws/install/ros2srrc_robots/share/ros2srrc_robots/ur16e/meshes/visual/wrist2.dae
[0.578s] -- Up-to-date symlink: /home/ubuntu/ros2ws/install/ros2srrc_robots/share/ros2srrc_robots/ur16e/meshes/visual/wrist3.dae
[0.578s] -- Up-to-date symlink: /home/ubuntu/ros2ws/install/ros2srrc_robots/share/ros2srrc_robots/ur16e/urdf/ur16e_common.xacro
[0.579s] -- Up-to-date symlink: /home/ubuntu/ros2ws/install/ros2srrc_robots/share/ros2srrc_robots/ur16e/urdf/ur16e_macro.urdf.xacro
[0.579s] -- Up-to-date symlink: /home/ubuntu/ros2ws/install/ros2srrc_robots/share/ros2srrc_robots/ur16e/urdf/ur16e_ros2control.xacro
[0.580s] -- Up-to-date symlink: /home/ubuntu/ros2ws/install/ros2srrc_robots/share/ros2srrc_robots/ur16e/urdf/ur16e_transmission.xacro
[0.581s] -- Up-to-date symlink: /home/ubuntu/ros2ws/install/ros2srrc_robots/share/ros2srrc_robots/iiwa/config/controller.yaml
[0.583s] -- Up-to-date symlink: /home/ubuntu/ros2ws/install/ros2srrc_robots/share/ros2srrc_robots/iiwa/config/controller_moveit2.yaml
[0.583s] -- Up-to-date symlink: /home/ubuntu/ros2ws/install/ros2srrc_robots/share/ros2srrc_robots/iiwa/config/joint_limits.yaml
[0.584s] -- Up-to-date symlink: /home/ubuntu/ros2ws/install/ros2srrc_robots/share/ros2srrc_robots/iiwa/config/joint_specifications.yaml
[0.586s] -- Up-to-date symlink: /home/ubuntu/ros2ws/install/ros2srrc_robots/share/ros2srrc_robots/iiwa/config/kinematics.yaml
[0.590s] -- Up-to-date symlink: /home/ubuntu/ros2ws/install/ros2srrc_robots/share/ros2srrc_robots/iiwa/config/pilz_cartesian_limits.yaml
[0.590s] -- Up-to-date symlink: /home/ubuntu/ros2ws/install/ros2srrc_robots/share/ros2srrc_robots/iiwa/meshes/collision/base_link.stl
[0.590s] -- Up-to-date symlink: /home/ubuntu/ros2ws/install/ros2srrc_robots/share/ros2srrc_robots/iiwa/meshes/collision/link_1.stl
[0.595s] -- Up-to-date symlink: /home/ubuntu/ros2ws/install/ros2srrc_robots/share/ros2srrc_robots/iiwa/meshes/collision/link_2.stl
[0.595s] -- Up-to-date symlink: /home/ubuntu/ros2ws/install/ros2srrc_robots/share/ros2srrc_robots/iiwa/meshes/collision/link_3.stl
[0.595s] -- Up-to-date symlink: /home/ubuntu/ros2ws/install/ros2srrc_robots/share/ros2srrc_robots/iiwa/meshes/collision/link_4.stl
[0.595s] -- Up-to-date symlink: /home/ubuntu/ros2ws/install/ros2srrc_robots/share/ros2srrc_robots/iiwa/meshes/collision/link_5.stl
[0.598s] -- Up-to-date symlink: /home/ubuntu/ros2ws/install/ros2srrc_robots/share/ros2srrc_robots/iiwa/meshes/collision/link_6.stl
[0.604s] -- Up-to-date symlink: /home/ubuntu/ros2ws/install/ros2srrc_robots/share/ros2srrc_robots/iiwa/meshes/collision/link_7.stl
[0.605s] -- Up-to-date symlink: /home/ubuntu/ros2ws/install/ros2srrc_robots/share/ros2srrc_robots/iiwa/meshes/visual/base_link.dae
[0.605s] -- Up-to-date symlink: /home/ubuntu/ros2ws/install/ros2srrc_robots/share/ros2srrc_robots/iiwa/meshes/visual/link_1.dae
[0.605s] -- Up-to-date symlink: /home/ubuntu/ros2ws/install/ros2srrc_robots/share/ros2srrc_robots/iiwa/meshes/visual/link_2.dae
[0.606s] -- Up-to-date symlink: /home/ubuntu/ros2ws/install/ros2srrc_robots/share/ros2srrc_robots/iiwa/meshes/visual/link_3.dae
[0.606s] -- Up-to-date symlink: /home/ubuntu/ros2ws/install/ros2srrc_robots/share/ros2srrc_robots/iiwa/meshes/visual/link_4.dae
[0.606s] -- Up-to-date symlink: /home/ubuntu/ros2ws/install/ros2srrc_robots/share/ros2srrc_robots/iiwa/meshes/visual/link_5.dae
[0.608s] -- Up-to-date symlink: /home/ubuntu/ros2ws/install/ros2srrc_robots/share/ros2srrc_robots/iiwa/meshes/visual/link_6.dae
[0.608s] -- Up-to-date symlink: /home/ubuntu/ros2ws/install/ros2srrc_robots/share/ros2srrc_robots/iiwa/meshes/visual/link_7.dae
[0.608s] -- Up-to-date symlink: /home/ubuntu/ros2ws/install/ros2srrc_robots/share/ros2srrc_robots/iiwa/urdf/iiwa_macro.urdf.xacro
[0.613s] -- Up-to-date symlink: /home/ubuntu/ros2ws/install/ros2srrc_robots/share/ros2srrc_robots/iiwa/urdf/iiwa_ros2control.xacro
[0.614s] -- Up-to-date symlink: /home/ubuntu/ros2ws/install/ros2srrc_robots/share/ros2srrc_robots/iiwa/urdf/iiwa_transmission.xacro
[0.614s] -- Up-to-date symlink: /home/ubuntu/ros2ws/install/ros2srrc_robots/share/ament_index/resource_index/package_run_dependencies/ros2srrc_robots
[0.615s] -- Up-to-date symlink: /home/ubuntu/ros2ws/install/ros2srrc_robots/share/ament_index/resource_index/parent_prefix_path/ros2srrc_robots
[0.615s] -- Up-to-date symlink: /home/ubuntu/ros2ws/install/ros2srrc_robots/share/ros2srrc_robots/environment/ament_prefix_path.sh
[0.616s] -- Up-to-date symlink: /home/ubuntu/ros2ws/install/ros2srrc_robots/share/ros2srrc_robots/environment/ament_prefix_path.dsv
[0.616s] -- Up-to-date symlink: /home/ubuntu/ros2ws/install/ros2srrc_robots/share/ros2srrc_robots/environment/path.sh
[0.617s] -- Up-to-date symlink: /home/ubuntu/ros2ws/install/ros2srrc_robots/share/ros2srrc_robots/environment/path.dsv
[0.618s] -- Up-to-date symlink: /home/ubuntu/ros2ws/install/ros2srrc_robots/share/ros2srrc_robots/local_setup.bash
[0.618s] -- Up-to-date symlink: /home/ubuntu/ros2ws/install/ros2srrc_robots/share/ros2srrc_robots/local_setup.sh
[0.618s] -- Up-to-date symlink: /home/ubuntu/ros2ws/install/ros2srrc_robots/share/ros2srrc_robots/local_setup.zsh
[0.618s] -- Up-to-date symlink: /home/ubuntu/ros2ws/install/ros2srrc_robots/share/ros2srrc_robots/local_setup.dsv
[0.618s] -- Symlinking: /home/ubuntu/ros2ws/install/ros2srrc_robots/share/ros2srrc_robots/package.dsv
[0.639s] -- Up-to-date symlink: /home/ubuntu/ros2ws/install/ros2srrc_robots/share/ament_index/resource_index/packages/ros2srrc_robots
[0.639s] -- Up-to-date symlink: /home/ubuntu/ros2ws/install/ros2srrc_robots/share/ros2srrc_robots/cmake/ros2srrc_robotsConfig.cmake
[0.643s] -- Up-to-date symlink: /home/ubuntu/ros2ws/install/ros2srrc_robots/share/ros2srrc_robots/cmake/ros2srrc_robotsConfig-version.cmake
[0.643s] -- Up-to-date symlink: /home/ubuntu/ros2ws/install/ros2srrc_robots/share/ros2srrc_robots/package.xml
[0.664s] Invoked command in '/home/ubuntu/ros2ws/build/ros2srrc_robots' returned '0': CMAKE_PREFIX_PATH=${CMAKE_PREFIX_PATH}:/home/ubuntu/ros2ws/install/testV1:/home/ubuntu/ros2ws/install/robot_letter_writer:/opt/ros/humble /usr/bin/cmake --install /home/ubuntu/ros2ws/build/ros2srrc_robots
