[0.027s] Invoking command in '/home/ubuntu/ros2ws/build/ros2srrc_ur10e_gazebo': CMAKE_PREFIX_PATH=${CMAKE_PREFIX_PATH}:/opt/ros/humble /usr/bin/cmake /home/ubuntu/ros2ws/src/ros2_SimRealRobotControl/packages/ur10e/ros2srrc_ur10e_gazebo -DAMENT_CMAKE_SYMLINK_INSTALL=1 -DCMAKE_INSTALL_PREFIX=/home/ubuntu/ros2ws/install/ros2srrc_ur10e_gazebo
[0.078s] -- Found ament_cmake: 1.3.10 (/opt/ros/humble/share/ament_cmake/cmake)
[0.347s] -- Override CMake install command with custom implementation using symlinks instead of copying resources
[0.367s] -- Found ament_lint_auto: 0.12.11 (/opt/ros/humble/share/ament_lint_auto/cmake)
[0.529s] -- Added test 'copyright' to check source files copyright and LICENSE
[0.535s] -- Added test 'lint_cmake' to check CMake code style
[0.540s] -- Added test 'xmllint' to check XML markup files
[0.547s] -- Configuring done
[0.555s] -- Generating done
[0.561s] -- Build files have been written to: /home/ubuntu/ros2ws/build/ros2srrc_ur10e_gazebo
[0.571s] Invoked command in '/home/ubuntu/ros2ws/build/ros2srrc_ur10e_gazebo' returned '0': CMAKE_PREFIX_PATH=${CMAKE_PREFIX_PATH}:/opt/ros/humble /usr/bin/cmake /home/ubuntu/ros2ws/src/ros2_SimRealRobotControl/packages/ur10e/ros2srrc_ur10e_gazebo -DAMENT_CMAKE_SYMLINK_INSTALL=1 -DCMAKE_INSTALL_PREFIX=/home/ubuntu/ros2ws/install/ros2srrc_ur10e_gazebo
[0.571s] Invoking command in '/home/ubuntu/ros2ws/build/ros2srrc_ur10e_gazebo': CMAKE_PREFIX_PATH=${CMAKE_PREFIX_PATH}:/opt/ros/humble /usr/bin/cmake --build /home/ubuntu/ros2ws/build/ros2srrc_ur10e_gazebo -- -j4 -l4
[0.650s] Invoked command in '/home/ubuntu/ros2ws/build/ros2srrc_ur10e_gazebo' returned '0': CMAKE_PREFIX_PATH=${CMAKE_PREFIX_PATH}:/opt/ros/humble /usr/bin/cmake --build /home/ubuntu/ros2ws/build/ros2srrc_ur10e_gazebo -- -j4 -l4
[0.719s] Invoking command in '/home/ubuntu/ros2ws/build/ros2srrc_ur10e_gazebo': CMAKE_PREFIX_PATH=${CMAKE_PREFIX_PATH}:/opt/ros/humble /usr/bin/cmake --install /home/ubuntu/ros2ws/build/ros2srrc_ur10e_gazebo
[0.734s] -- Install configuration: ""
[0.735s] -- Execute custom install script
[0.735s] -- Up-to-date symlink: /home/ubuntu/ros2ws/install/ros2srrc_ur10e_gazebo/share/ros2srrc_ur10e_gazebo/config/configurations.yaml
[0.736s] -- Up-to-date symlink: /home/ubuntu/ros2ws/install/ros2srrc_ur10e_gazebo/share/ros2srrc_ur10e_gazebo/urdf/ur10e.urdf.xacro
[0.736s] -- Up-to-date symlink: /home/ubuntu/ros2ws/install/ros2srrc_ur10e_gazebo/share/ros2srrc_ur10e_gazebo/urdf/ur10e_robotiq_2f85.urdf.xacro
[0.736s] -- Up-to-date symlink: /home/ubuntu/ros2ws/install/ros2srrc_ur10e_gazebo/share/ros2srrc_ur10e_gazebo/urdf/ur10e_robotiq_hande.urdf.xacro
[0.736s] -- Up-to-date symlink: /home/ubuntu/ros2ws/install/ros2srrc_ur10e_gazebo/share/ros2srrc_ur10e_gazebo/worlds/ros2srrc_ur10e.world
[0.736s] -- Up-to-date symlink: /home/ubuntu/ros2ws/install/ros2srrc_ur10e_gazebo/share/ament_index/resource_index/package_run_dependencies/ros2srrc_ur10e_gazebo
[0.736s] -- Up-to-date symlink: /home/ubuntu/ros2ws/install/ros2srrc_ur10e_gazebo/share/ament_index/resource_index/parent_prefix_path/ros2srrc_ur10e_gazebo
[0.736s] -- Up-to-date symlink: /home/ubuntu/ros2ws/install/ros2srrc_ur10e_gazebo/share/ros2srrc_ur10e_gazebo/environment/ament_prefix_path.sh
[0.736s] -- Up-to-date symlink: /home/ubuntu/ros2ws/install/ros2srrc_ur10e_gazebo/share/ros2srrc_ur10e_gazebo/environment/ament_prefix_path.dsv
[0.737s] -- Up-to-date symlink: /home/ubuntu/ros2ws/install/ros2srrc_ur10e_gazebo/share/ros2srrc_ur10e_gazebo/environment/path.sh
[0.737s] -- Up-to-date symlink: /home/ubuntu/ros2ws/install/ros2srrc_ur10e_gazebo/share/ros2srrc_ur10e_gazebo/environment/path.dsv
[0.738s] -- Up-to-date symlink: /home/ubuntu/ros2ws/install/ros2srrc_ur10e_gazebo/share/ros2srrc_ur10e_gazebo/local_setup.bash
[0.738s] -- Up-to-date symlink: /home/ubuntu/ros2ws/install/ros2srrc_ur10e_gazebo/share/ros2srrc_ur10e_gazebo/local_setup.sh
[0.738s] -- Up-to-date symlink: /home/ubuntu/ros2ws/install/ros2srrc_ur10e_gazebo/share/ros2srrc_ur10e_gazebo/local_setup.zsh
[0.738s] -- Up-to-date symlink: /home/ubuntu/ros2ws/install/ros2srrc_ur10e_gazebo/share/ros2srrc_ur10e_gazebo/local_setup.dsv
[0.738s] -- Symlinking: /home/ubuntu/ros2ws/install/ros2srrc_ur10e_gazebo/share/ros2srrc_ur10e_gazebo/package.dsv
[0.763s] -- Up-to-date symlink: /home/ubuntu/ros2ws/install/ros2srrc_ur10e_gazebo/share/ament_index/resource_index/packages/ros2srrc_ur10e_gazebo
[0.764s] -- Up-to-date symlink: /home/ubuntu/ros2ws/install/ros2srrc_ur10e_gazebo/share/ros2srrc_ur10e_gazebo/cmake/ros2srrc_ur10e_gazeboConfig.cmake
[0.764s] -- Up-to-date symlink: /home/ubuntu/ros2ws/install/ros2srrc_ur10e_gazebo/share/ros2srrc_ur10e_gazebo/cmake/ros2srrc_ur10e_gazeboConfig-version.cmake
[0.764s] -- Up-to-date symlink: /home/ubuntu/ros2ws/install/ros2srrc_ur10e_gazebo/share/ros2srrc_ur10e_gazebo/package.xml
[0.773s] Invoked command in '/home/ubuntu/ros2ws/build/ros2srrc_ur10e_gazebo' returned '0': CMAKE_PREFIX_PATH=${CMAKE_PREFIX_PATH}:/opt/ros/humble /usr/bin/cmake --install /home/ubuntu/ros2ws/build/ros2srrc_ur10e_gazebo
