[0.024s] Invoking command in '/home/ubuntu/ros2ws/build/ros2srrc_irb120_gazebo': CMAKE_PREFIX_PATH=${CMAKE_PREFIX_PATH}:/home/ubuntu/ros2ws/install/testV1:/home/ubuntu/ros2ws/install/gui_subscriber:/home/ubuntu/ros2ws/install/robot_letter_writer:/opt/ros/humble /usr/bin/cmake --build /home/ubuntu/ros2ws/build/ros2srrc_irb120_gazebo -- -j4 -l4
[0.113s] Invoked command in '/home/ubuntu/ros2ws/build/ros2srrc_irb120_gazebo' returned '0': CMAKE_PREFIX_PATH=${CMAKE_PREFIX_PATH}:/home/ubuntu/ros2ws/install/testV1:/home/ubuntu/ros2ws/install/gui_subscriber:/home/ubuntu/ros2ws/install/robot_letter_writer:/opt/ros/humble /usr/bin/cmake --build /home/ubuntu/ros2ws/build/ros2srrc_irb120_gazebo -- -j4 -l4
[0.182s] Invoking command in '/home/ubuntu/ros2ws/build/ros2srrc_irb120_gazebo': CMAKE_PREFIX_PATH=${CMAKE_PREFIX_PATH}:/home/ubuntu/ros2ws/install/testV1:/home/ubuntu/ros2ws/install/gui_subscriber:/home/ubuntu/ros2ws/install/robot_letter_writer:/opt/ros/humble /usr/bin/cmake --install /home/ubuntu/ros2ws/build/ros2srrc_irb120_gazebo
[0.194s] -- Install configuration: ""
[0.196s] -- Execute custom install script
[0.196s] -- Up-to-date symlink: /home/ubuntu/ros2ws/install/ros2srrc_irb120_gazebo/share/ros2srrc_irb120_gazebo/config/configurations.yaml
[0.197s] -- Up-to-date symlink: /home/ubuntu/ros2ws/install/ros2srrc_irb120_gazebo/share/ros2srrc_irb120_gazebo/urdf/irb120.urdf.xacro
[0.197s] -- Up-to-date symlink: /home/ubuntu/ros2ws/install/ros2srrc_irb120_gazebo/share/ros2srrc_irb120_gazebo/urdf/irb120_egp64.urdf.xacro
[0.197s] -- Up-to-date symlink: /home/ubuntu/ros2ws/install/ros2srrc_irb120_gazebo/share/ros2srrc_irb120_gazebo/urdf/irb120_egp64v2.urdf.xacro
[0.198s] -- Up-to-date symlink: /home/ubuntu/ros2ws/install/ros2srrc_irb120_gazebo/share/ros2srrc_irb120_gazebo/urdf/irb120_ls_vgr.urdf.xacro
[0.198s] -- Up-to-date symlink: /home/ubuntu/ros2ws/install/ros2srrc_irb120_gazebo/share/ros2srrc_irb120_gazebo/urdf/irb120_mpz45.urdf.xacro
[0.199s] -- Up-to-date symlink: /home/ubuntu/ros2ws/install/ros2srrc_irb120_gazebo/share/ros2srrc_irb120_gazebo/worlds/ros2srrc_irb120.world
[0.199s] -- Up-to-date symlink: /home/ubuntu/ros2ws/install/ros2srrc_irb120_gazebo/share/ament_index/resource_index/package_run_dependencies/ros2srrc_irb120_gazebo
[0.200s] -- Up-to-date symlink: /home/ubuntu/ros2ws/install/ros2srrc_irb120_gazebo/share/ament_index/resource_index/parent_prefix_path/ros2srrc_irb120_gazebo
[0.201s] -- Up-to-date symlink: /home/ubuntu/ros2ws/install/ros2srrc_irb120_gazebo/share/ros2srrc_irb120_gazebo/environment/ament_prefix_path.sh
[0.201s] -- Up-to-date symlink: /home/ubuntu/ros2ws/install/ros2srrc_irb120_gazebo/share/ros2srrc_irb120_gazebo/environment/ament_prefix_path.dsv
[0.204s] -- Up-to-date symlink: /home/ubuntu/ros2ws/install/ros2srrc_irb120_gazebo/share/ros2srrc_irb120_gazebo/environment/path.sh
[0.204s] -- Up-to-date symlink: /home/ubuntu/ros2ws/install/ros2srrc_irb120_gazebo/share/ros2srrc_irb120_gazebo/environment/path.dsv
[0.204s] -- Up-to-date symlink: /home/ubuntu/ros2ws/install/ros2srrc_irb120_gazebo/share/ros2srrc_irb120_gazebo/local_setup.bash
[0.207s] -- Up-to-date symlink: /home/ubuntu/ros2ws/install/ros2srrc_irb120_gazebo/share/ros2srrc_irb120_gazebo/local_setup.sh
[0.207s] -- Up-to-date symlink: /home/ubuntu/ros2ws/install/ros2srrc_irb120_gazebo/share/ros2srrc_irb120_gazebo/local_setup.zsh
[0.207s] -- Up-to-date symlink: /home/ubuntu/ros2ws/install/ros2srrc_irb120_gazebo/share/ros2srrc_irb120_gazebo/local_setup.dsv
[0.207s] -- Symlinking: /home/ubuntu/ros2ws/install/ros2srrc_irb120_gazebo/share/ros2srrc_irb120_gazebo/package.dsv
[0.223s] -- Up-to-date symlink: /home/ubuntu/ros2ws/install/ros2srrc_irb120_gazebo/share/ament_index/resource_index/packages/ros2srrc_irb120_gazebo
[0.228s] -- Up-to-date symlink: /home/ubuntu/ros2ws/install/ros2srrc_irb120_gazebo/share/ros2srrc_irb120_gazebo/cmake/ros2srrc_irb120_gazeboConfig.cmake
[0.229s] -- Up-to-date symlink: /home/ubuntu/ros2ws/install/ros2srrc_irb120_gazebo/share/ros2srrc_irb120_gazebo/cmake/ros2srrc_irb120_gazeboConfig-version.cmake
[0.229s] -- Up-to-date symlink: /home/ubuntu/ros2ws/install/ros2srrc_irb120_gazebo/share/ros2srrc_irb120_gazebo/package.xml
[0.234s] Invoked command in '/home/ubuntu/ros2ws/build/ros2srrc_irb120_gazebo' returned '0': CMAKE_PREFIX_PATH=${CMAKE_PREFIX_PATH}:/home/ubuntu/ros2ws/install/testV1:/home/ubuntu/ros2ws/install/gui_subscriber:/home/ubuntu/ros2ws/install/robot_letter_writer:/opt/ros/humble /usr/bin/cmake --install /home/ubuntu/ros2ws/build/ros2srrc_irb120_gazebo
