[0.067s] Invoking command in '/home/ubuntu/ros2ws/build/moveit_visual_tools': AMENT_PREFIX_PATH=/home/ubuntu/ros2ws/install/moveit_ros_planning:/home/ubuntu/ros2ws/install/moveit_ros_occupancy_map_monitor:/home/ubuntu/ros2ws/install/moveit_core:/home/ubuntu/ros2ws/install/moveit_resources_panda_moveit_config:/home/ubuntu/ros2ws/install/moveit_configs_utils:/home/ubuntu/ros2ws/install/srdfdom:/home/ubuntu/ros2ws/install/moveit_resources_pr2_description:/home/ubuntu/ros2ws/install/moveit_resources_panda_description:/home/ubuntu/ros2ws/install/moveit_common:/home/ubuntu/ros2ws/install/launch_param_builder:${AMENT_PREFIX_PATH} CMAKE_PREFIX_PATH=/home/ubuntu/ros2ws/install/moveit_ros_planning:/home/ubuntu/ros2ws/install/moveit_ros_occupancy_map_monitor:/home/ubuntu/ros2ws/install/moveit_core:/home/ubuntu/ros2ws/install/moveit_resources_panda_moveit_config:/home/ubuntu/ros2ws/install/srdfdom:/home/ubuntu/ros2ws/install/moveit_resources_pr2_description:/home/ubuntu/ros2ws/install/moveit_resources_panda_description:/home/ubuntu/ros2ws/install/moveit_common:/home/ubuntu/ros2ws/install/testV2:/home/ubuntu/ros2ws/install/ros2srrc_ur5_moveit2:/home/ubuntu/ros2ws/install/ros2srrc_ur5_gazebo:/home/ubuntu/ros2ws/install/ros2srrc_ur3_moveit2:/home/ubuntu/ros2ws/install/ros2srrc_ur3_gazebo:/home/ubuntu/ros2ws/install/ros2srrc_ur16e_moveit2:/home/ubuntu/ros2ws/install/ros2srrc_ur16e_gazebo:/home/ubuntu/ros2ws/install/ros2srrc_ur10e_moveit2:/home/ubuntu/ros2ws/install/ros2srrc_ur10e_gazebo:/home/ubuntu/ros2ws/install/ros2srrc_robots:/home/ubuntu/ros2ws/install/ros2srrc_launch:/home/ubuntu/ros2ws/install/ros2srrc_irb6640_moveit2:/home/ubuntu/ros2ws/install/ros2srrc_irb6640_gazebo:/home/ubuntu/ros2ws/install/ros2srrc_irb120_moveit2:/home/ubuntu/ros2ws/install/ros2srrc_irb120_gazebo:/home/ubuntu/ros2ws/install/ros2srrc_irb1200_moveit2:/home/ubuntu/ros2ws/install/ros2srrc_irb1200_gazebo:/home/ubuntu/ros2ws/install/ros2srrc_iiwa_moveit2:/home/ubuntu/ros2ws/install/ros2srrc_iiwa_gazebo:/home/ubuntu/ros2ws/install/ros2srrc_execution:/home/ubuntu/ros2ws/install/ros2srrc_endeffectors:/home/ubuntu/ros2ws/install/ros2srrc_data:/home/ubuntu/ros2ws/install/ros2_robotiqgripper:/home/ubuntu/ros2ws/install/ros2_objectpose:/home/ubuntu/ros2ws/install/ros2_linkpose:/home/ubuntu/ros2ws/install/ros2_linkattacher:/home/ubuntu/ros2ws/install/objectpose_msgs:/home/ubuntu/ros2ws/install/objectpose_gazebo:/home/ubuntu/ros2ws/install/linkpose_msgs:/home/ubuntu/ros2ws/install/linkpose_gazebo:/home/ubuntu/ros2ws/install/linkattacher_msgs:/home/ubuntu/ros2ws/install/letter_writer:/home/ubuntu/ros2ws/install/gazebo_ros2_control_demos:/home/ubuntu/ros2ws/install/gazebo_ros2_control:/home/ubuntu/ros2ws/install/abb_rws_client:/home/ubuntu/ros2ws/install/abb_ros2:/home/ubuntu/ros2ws/install/abb_robot_msgs:/home/ubuntu/ros2ws/install/abb_resources:/home/ubuntu/ros2ws/install/abb_rapid_sm_addin_msgs:/home/ubuntu/ros2ws/install/abb_rapid_msgs:/home/ubuntu/ros2ws/install/abb_hardware_interface:/home/ubuntu/ros2ws/install/abb_egm_rws_managers:/home/ubuntu/ros2ws/install/abb_librws:/home/ubuntu/ros2ws/install/abb_libegm:/home/ubuntu/ros2ws/install/abb_irb4600_support:/home/ubuntu/ros2ws/install/abb_irb1200_5_90_moveit_config:/home/ubuntu/ros2ws/install/abb_irb1200_support:/home/ubuntu/ros2ws/install/abb_egm_msgs:/home/ubuntu/ros2ws/install/abb_bringup:/home/ubuntu/ros2ws/install/testV1:/home/ubuntu/ros2ws/install/gui_subscriber:/home/ubuntu/ros2ws/install/robot_letter_writer:/opt/ros/humble LD_LIBRARY_PATH=/home/ubuntu/ros2ws/install/moveit_ros_planning/lib:/home/ubuntu/ros2ws/install/moveit_ros_occupancy_map_monitor/lib:/home/ubuntu/ros2ws/install/moveit_core/lib:/home/ubuntu/ros2ws/install/srdfdom/lib:${LD_LIBRARY_PATH} PATH=/home/ubuntu/ros2ws/install/moveit_core/bin:${PATH} PYTHONPATH=/home/ubuntu/ros2ws/install/moveit_configs_utils/lib/python3.10/site-packages:/home/ubuntu/ros2ws/install/srdfdom/local/lib/python3.10/dist-packages:/home/ubuntu/ros2ws/install/launch_param_builder/lib/python3.10/site-packages:${PYTHONPATH} /usr/bin/cmake /home/ubuntu/ros2ws/src/moveit_visual_tools -DCMAKE_INSTALL_PREFIX=/home/ubuntu/ros2ws/install/moveit_visual_tools
[0.200s] -- The C compiler identification is GNU 11.4.0
[0.314s] -- The CXX compiler identification is GNU 11.4.0
[0.330s] -- Detecting C compiler ABI info
[0.478s] -- Detecting C compiler ABI info - done
[0.488s] -- Check for working C compiler: /usr/bin/cc - skipped
[0.488s] -- Detecting C compile features
[0.489s] -- Detecting C compile features - done
[0.494s] -- Detecting CXX compiler ABI info
[0.675s] -- Detecting CXX compiler ABI info - done
[0.687s] -- Check for working CXX compiler: /usr/bin/c++ - skipped
[0.688s] -- Detecting CXX compile features
[0.689s] -- Detecting CXX compile features - done
[0.692s] -- Found moveit_common: 2.5.6 (/home/ubuntu/ros2ws/install/moveit_common/share/moveit_common/cmake)
[0.720s] -- Found ament_cmake: 1.3.10 (/opt/ros/humble/share/ament_cmake/cmake)
[1.095s] -- Found Python3: /usr/bin/python3 (found version "3.10.12") found components: Interpreter 
[1.570s] [0mmoveit_visual_tools: You did not request a specific build type: Choosing 'Release' for maximum performance[0m
[1.630s] -- Found Boost: /usr/lib/x86_64-linux-gnu/cmake/Boost-1.74.0/BoostConfig.cmake (found version "1.74.0") found components: system 
[1.667s] -- Found geometry_msgs: 4.2.4 (/opt/ros/humble/share/geometry_msgs/cmake)
[1.879s] -- Found rosidl_generator_c: 3.1.5 (/opt/ros/humble/share/rosidl_generator_c/cmake)
[1.917s] -- Found rosidl_adapter: 3.1.5 (/opt/ros/humble/share/rosidl_adapter/cmake)
[1.952s] -- Found rosidl_generator_cpp: 3.1.5 (/opt/ros/humble/share/rosidl_generator_cpp/cmake)
[2.007s] -- Using all available rosidl_typesupport_c: rosidl_typesupport_fastrtps_c;rosidl_typesupport_introspection_c
[2.080s] -- Using all available rosidl_typesupport_cpp: rosidl_typesupport_fastrtps_cpp;rosidl_typesupport_introspection_cpp
[2.243s] -- Found graph_msgs: 0.2.0 (/opt/ros/humble/share/graph_msgs/cmake)
[2.286s] -- Found moveit_core: 2.5.6 (/home/ubuntu/ros2ws/install/moveit_core/share/moveit_core/cmake)
[2.771s] -- Found Boost: /usr/lib/x86_64-linux-gnu/cmake/Boost-1.74.0/BoostConfig.cmake (found version "1.74.0") found components: chrono date_time filesystem iostreams program_options regex serialization system thread 
[2.983s] -- Found parameter_traits: 0.3.8 (/opt/ros/humble/share/parameter_traits/cmake)
[3.175s] -- Found rmw_implementation_cmake: 6.1.2 (/opt/ros/humble/share/rmw_implementation_cmake/cmake)
[3.191s] -- Found rmw_cyclonedds_cpp: 1.3.4 (/opt/ros/humble/share/rmw_cyclonedds_cpp/cmake)
[3.298s] -- Using RMW implementation 'rmw_cyclonedds_cpp' as default
[3.358s] -- Found Threads: TRUE  
[3.518s] -- Found Eigen3: TRUE (found version "3.4.0") 
[3.533s] -- Found rclcpp_lifecycle: 16.0.10 (/opt/ros/humble/share/rclcpp_lifecycle/cmake)
[3.619s] -- Found Boost: /usr/lib/x86_64-linux-gnu/cmake/Boost-1.74.0/BoostConfig.cmake (found version "1.74.0") found components: filesystem 
[3.916s] -- library: /usr/lib/x86_64-linux-gnu/libcurl.so
[4.125s] -- Ensuring Eigen3 include directory is part of orocos-kdl CMake target
[4.876s] -- Found moveit_ros_planning: 2.5.6 (/home/ubuntu/ros2ws/install/moveit_ros_planning/share/moveit_ros_planning/cmake)
[4.884s] -- Found Boost: /usr/lib/x86_64-linux-gnu/cmake/Boost-1.74.0/BoostConfig.cmake (found version "1.74.0") found components: system filesystem date_time program_options thread chrono 
[4.975s] -- Found rviz_visual_tools: 4.1.4 (/opt/ros/humble/share/rviz_visual_tools/cmake)
[5.415s] -- Setting assimp_DIR to: '/opt/ros/humble/share/rviz_assimp_vendor/cmake/../../../opt/rviz_assimp_vendor/lib/cmake/assimp-4.1'
[5.644s] -- Setting OGRE_DIR to: '/opt/ros/humble/share/rviz_ogre_vendor/cmake/../../../opt/rviz_ogre_vendor/lib/OGRE/cmake'
[5.688s] -- Found OGRE
[5.688s] --   static     : OFF
[5.688s] --   components : HLMS;MeshLodGenerator;Overlay;Paging;Property;RTShaderSystem;Terrain;Volume
[5.688s] --   plugins    : Plugin_BSPSceneManager;Plugin_OctreeSceneManager;Plugin_PCZSceneManager;Plugin_ParticleFX;RenderSystem_GL;RenderSystem_GL3Plus;Codec_STBI
[5.691s] --   media      : /opt/ros/humble/opt/rviz_ogre_vendor/share/OGRE/Media
[5.692s] -- OGRE_LIBRARIES: OgreHLMS;OgreMeshLodGenerator;OgreOverlay;OgrePaging;OgreProperty;OgreRTShaderSystem;OgreTerrain;OgreVolume;OgreMain
[5.692s] -- OGRE_LIBRARY_DIRS: /opt/ros/humble/opt/rviz_ogre_vendor/lib
[5.692s] -- OGRE_PLUGINS: Plugin_BSPSceneManager;Plugin_OctreeSceneManager;Plugin_PCZSceneManager;Plugin_ParticleFX;RenderSystem_GL;RenderSystem_GL3Plus;Codec_STBI
[5.692s] -- OGRE_PLUGIN_DIR: /opt/ros/humble/opt/rviz_ogre_vendor/lib/OGRE
[5.693s] -- rviz_ogre_vendor::OgreOverlay for IMPORTED_LOCATION_RELEASE: /opt/ros/humble/opt/rviz_ogre_vendor/lib/libOgreOverlay.so
[5.693s] -- rviz_ogre_vendor::OgreOverlay for IMPORTED_LOCATION_DEBUG: /opt/ros/humble/opt/rviz_ogre_vendor/lib/libOgreOverlay.so
[5.694s] -- rviz_ogre_vendor::OgreMain for IMPORTED_LOCATION_RELEASE: /opt/ros/humble/opt/rviz_ogre_vendor/lib/libOgreMain.so
[5.695s] -- rviz_ogre_vendor::OgreMain for IMPORTED_LOCATION_DEBUG: /opt/ros/humble/opt/rviz_ogre_vendor/lib/libOgreMain.so
[5.921s] -- Found ZLIB: /usr/lib/x86_64-linux-gnu/libz.so (found version "1.2.11") 
[5.936s] -- Found OpenGL: /usr/lib/x86_64-linux-gnu/libOpenGL.so   
[6.471s] -- Found X11: /usr/include   
[6.482s] -- Looking for XOpenDisplay in /usr/lib/x86_64-linux-gnu/libX11.so;/usr/lib/x86_64-linux-gnu/libXext.so
[6.675s] -- Looking for XOpenDisplay in /usr/lib/x86_64-linux-gnu/libX11.so;/usr/lib/x86_64-linux-gnu/libXext.so - found
[6.675s] -- Looking for gethostbyname
[6.833s] -- Looking for gethostbyname - found
[6.833s] -- Looking for connect
[6.994s] -- Looking for connect - found
[6.994s] -- Looking for remove
[7.145s] -- Looking for remove - found
[7.147s] -- Looking for shmat
[7.307s] -- Looking for shmat - found
[7.308s] -- Looking for IceConnectionNumber in ICE
[7.465s] -- Looking for IceConnectionNumber in ICE - found
[7.972s] -- Found ament_lint_auto: 0.12.11 (/opt/ros/humble/share/ament_lint_auto/cmake)
[8.054s] -- Added test 'copyright' to check source files copyright and LICENSE
[8.057s] -- Added test 'flake8' to check Python code syntax and style conventions
[8.064s] -- Added test 'lint_cmake' to check CMake code style
[8.064s] -- Added test 'pep257' to check Python code against some of the docstring style conventions in PEP 257
[8.067s] -- Added test 'xmllint' to check XML markup files
[8.075s] -- Configuring done
[8.217s] -- Generating done
[8.222s] -- Build files have been written to: /home/ubuntu/ros2ws/build/moveit_visual_tools
[8.250s] Invoked command in '/home/ubuntu/ros2ws/build/moveit_visual_tools' returned '0': AMENT_PREFIX_PATH=/home/ubuntu/ros2ws/install/moveit_ros_planning:/home/ubuntu/ros2ws/install/moveit_ros_occupancy_map_monitor:/home/ubuntu/ros2ws/install/moveit_core:/home/ubuntu/ros2ws/install/moveit_resources_panda_moveit_config:/home/ubuntu/ros2ws/install/moveit_configs_utils:/home/ubuntu/ros2ws/install/srdfdom:/home/ubuntu/ros2ws/install/moveit_resources_pr2_description:/home/ubuntu/ros2ws/install/moveit_resources_panda_description:/home/ubuntu/ros2ws/install/moveit_common:/home/ubuntu/ros2ws/install/launch_param_builder:${AMENT_PREFIX_PATH} CMAKE_PREFIX_PATH=/home/ubuntu/ros2ws/install/moveit_ros_planning:/home/ubuntu/ros2ws/install/moveit_ros_occupancy_map_monitor:/home/ubuntu/ros2ws/install/moveit_core:/home/ubuntu/ros2ws/install/moveit_resources_panda_moveit_config:/home/ubuntu/ros2ws/install/srdfdom:/home/ubuntu/ros2ws/install/moveit_resources_pr2_description:/home/ubuntu/ros2ws/install/moveit_resources_panda_description:/home/ubuntu/ros2ws/install/moveit_common:/home/ubuntu/ros2ws/install/testV2:/home/ubuntu/ros2ws/install/ros2srrc_ur5_moveit2:/home/ubuntu/ros2ws/install/ros2srrc_ur5_gazebo:/home/ubuntu/ros2ws/install/ros2srrc_ur3_moveit2:/home/ubuntu/ros2ws/install/ros2srrc_ur3_gazebo:/home/ubuntu/ros2ws/install/ros2srrc_ur16e_moveit2:/home/ubuntu/ros2ws/install/ros2srrc_ur16e_gazebo:/home/ubuntu/ros2ws/install/ros2srrc_ur10e_moveit2:/home/ubuntu/ros2ws/install/ros2srrc_ur10e_gazebo:/home/ubuntu/ros2ws/install/ros2srrc_robots:/home/ubuntu/ros2ws/install/ros2srrc_launch:/home/ubuntu/ros2ws/install/ros2srrc_irb6640_moveit2:/home/ubuntu/ros2ws/install/ros2srrc_irb6640_gazebo:/home/ubuntu/ros2ws/install/ros2srrc_irb120_moveit2:/home/ubuntu/ros2ws/install/ros2srrc_irb120_gazebo:/home/ubuntu/ros2ws/install/ros2srrc_irb1200_moveit2:/home/ubuntu/ros2ws/install/ros2srrc_irb1200_gazebo:/home/ubuntu/ros2ws/install/ros2srrc_iiwa_moveit2:/home/ubuntu/ros2ws/install/ros2srrc_iiwa_gazebo:/home/ubuntu/ros2ws/install/ros2srrc_execution:/home/ubuntu/ros2ws/install/ros2srrc_endeffectors:/home/ubuntu/ros2ws/install/ros2srrc_data:/home/ubuntu/ros2ws/install/ros2_robotiqgripper:/home/ubuntu/ros2ws/install/ros2_objectpose:/home/ubuntu/ros2ws/install/ros2_linkpose:/home/ubuntu/ros2ws/install/ros2_linkattacher:/home/ubuntu/ros2ws/install/objectpose_msgs:/home/ubuntu/ros2ws/install/objectpose_gazebo:/home/ubuntu/ros2ws/install/linkpose_msgs:/home/ubuntu/ros2ws/install/linkpose_gazebo:/home/ubuntu/ros2ws/install/linkattacher_msgs:/home/ubuntu/ros2ws/install/letter_writer:/home/ubuntu/ros2ws/install/gazebo_ros2_control_demos:/home/ubuntu/ros2ws/install/gazebo_ros2_control:/home/ubuntu/ros2ws/install/abb_rws_client:/home/ubuntu/ros2ws/install/abb_ros2:/home/ubuntu/ros2ws/install/abb_robot_msgs:/home/ubuntu/ros2ws/install/abb_resources:/home/ubuntu/ros2ws/install/abb_rapid_sm_addin_msgs:/home/ubuntu/ros2ws/install/abb_rapid_msgs:/home/ubuntu/ros2ws/install/abb_hardware_interface:/home/ubuntu/ros2ws/install/abb_egm_rws_managers:/home/ubuntu/ros2ws/install/abb_librws:/home/ubuntu/ros2ws/install/abb_libegm:/home/ubuntu/ros2ws/install/abb_irb4600_support:/home/ubuntu/ros2ws/install/abb_irb1200_5_90_moveit_config:/home/ubuntu/ros2ws/install/abb_irb1200_support:/home/ubuntu/ros2ws/install/abb_egm_msgs:/home/ubuntu/ros2ws/install/abb_bringup:/home/ubuntu/ros2ws/install/testV1:/home/ubuntu/ros2ws/install/gui_subscriber:/home/ubuntu/ros2ws/install/robot_letter_writer:/opt/ros/humble LD_LIBRARY_PATH=/home/ubuntu/ros2ws/install/moveit_ros_planning/lib:/home/ubuntu/ros2ws/install/moveit_ros_occupancy_map_monitor/lib:/home/ubuntu/ros2ws/install/moveit_core/lib:/home/ubuntu/ros2ws/install/srdfdom/lib:${LD_LIBRARY_PATH} PATH=/home/ubuntu/ros2ws/install/moveit_core/bin:${PATH} PYTHONPATH=/home/ubuntu/ros2ws/install/moveit_configs_utils/lib/python3.10/site-packages:/home/ubuntu/ros2ws/install/srdfdom/local/lib/python3.10/dist-packages:/home/ubuntu/ros2ws/install/launch_param_builder/lib/python3.10/site-packages:${PYTHONPATH} /usr/bin/cmake /home/ubuntu/ros2ws/src/moveit_visual_tools -DCMAKE_INSTALL_PREFIX=/home/ubuntu/ros2ws/install/moveit_visual_tools
[8.261s] Invoking command in '/home/ubuntu/ros2ws/build/moveit_visual_tools': AMENT_PREFIX_PATH=/home/ubuntu/ros2ws/install/moveit_ros_planning:/home/ubuntu/ros2ws/install/moveit_ros_occupancy_map_monitor:/home/ubuntu/ros2ws/install/moveit_core:/home/ubuntu/ros2ws/install/moveit_resources_panda_moveit_config:/home/ubuntu/ros2ws/install/moveit_configs_utils:/home/ubuntu/ros2ws/install/srdfdom:/home/ubuntu/ros2ws/install/moveit_resources_pr2_description:/home/ubuntu/ros2ws/install/moveit_resources_panda_description:/home/ubuntu/ros2ws/install/moveit_common:/home/ubuntu/ros2ws/install/launch_param_builder:${AMENT_PREFIX_PATH} CMAKE_PREFIX_PATH=/home/ubuntu/ros2ws/install/moveit_ros_planning:/home/ubuntu/ros2ws/install/moveit_ros_occupancy_map_monitor:/home/ubuntu/ros2ws/install/moveit_core:/home/ubuntu/ros2ws/install/moveit_resources_panda_moveit_config:/home/ubuntu/ros2ws/install/srdfdom:/home/ubuntu/ros2ws/install/moveit_resources_pr2_description:/home/ubuntu/ros2ws/install/moveit_resources_panda_description:/home/ubuntu/ros2ws/install/moveit_common:/home/ubuntu/ros2ws/install/testV2:/home/ubuntu/ros2ws/install/ros2srrc_ur5_moveit2:/home/ubuntu/ros2ws/install/ros2srrc_ur5_gazebo:/home/ubuntu/ros2ws/install/ros2srrc_ur3_moveit2:/home/ubuntu/ros2ws/install/ros2srrc_ur3_gazebo:/home/ubuntu/ros2ws/install/ros2srrc_ur16e_moveit2:/home/ubuntu/ros2ws/install/ros2srrc_ur16e_gazebo:/home/ubuntu/ros2ws/install/ros2srrc_ur10e_moveit2:/home/ubuntu/ros2ws/install/ros2srrc_ur10e_gazebo:/home/ubuntu/ros2ws/install/ros2srrc_robots:/home/ubuntu/ros2ws/install/ros2srrc_launch:/home/ubuntu/ros2ws/install/ros2srrc_irb6640_moveit2:/home/ubuntu/ros2ws/install/ros2srrc_irb6640_gazebo:/home/ubuntu/ros2ws/install/ros2srrc_irb120_moveit2:/home/ubuntu/ros2ws/install/ros2srrc_irb120_gazebo:/home/ubuntu/ros2ws/install/ros2srrc_irb1200_moveit2:/home/ubuntu/ros2ws/install/ros2srrc_irb1200_gazebo:/home/ubuntu/ros2ws/install/ros2srrc_iiwa_moveit2:/home/ubuntu/ros2ws/install/ros2srrc_iiwa_gazebo:/home/ubuntu/ros2ws/install/ros2srrc_execution:/home/ubuntu/ros2ws/install/ros2srrc_endeffectors:/home/ubuntu/ros2ws/install/ros2srrc_data:/home/ubuntu/ros2ws/install/ros2_robotiqgripper:/home/ubuntu/ros2ws/install/ros2_objectpose:/home/ubuntu/ros2ws/install/ros2_linkpose:/home/ubuntu/ros2ws/install/ros2_linkattacher:/home/ubuntu/ros2ws/install/objectpose_msgs:/home/ubuntu/ros2ws/install/objectpose_gazebo:/home/ubuntu/ros2ws/install/linkpose_msgs:/home/ubuntu/ros2ws/install/linkpose_gazebo:/home/ubuntu/ros2ws/install/linkattacher_msgs:/home/ubuntu/ros2ws/install/letter_writer:/home/ubuntu/ros2ws/install/gazebo_ros2_control_demos:/home/ubuntu/ros2ws/install/gazebo_ros2_control:/home/ubuntu/ros2ws/install/abb_rws_client:/home/ubuntu/ros2ws/install/abb_ros2:/home/ubuntu/ros2ws/install/abb_robot_msgs:/home/ubuntu/ros2ws/install/abb_resources:/home/ubuntu/ros2ws/install/abb_rapid_sm_addin_msgs:/home/ubuntu/ros2ws/install/abb_rapid_msgs:/home/ubuntu/ros2ws/install/abb_hardware_interface:/home/ubuntu/ros2ws/install/abb_egm_rws_managers:/home/ubuntu/ros2ws/install/abb_librws:/home/ubuntu/ros2ws/install/abb_libegm:/home/ubuntu/ros2ws/install/abb_irb4600_support:/home/ubuntu/ros2ws/install/abb_irb1200_5_90_moveit_config:/home/ubuntu/ros2ws/install/abb_irb1200_support:/home/ubuntu/ros2ws/install/abb_egm_msgs:/home/ubuntu/ros2ws/install/abb_bringup:/home/ubuntu/ros2ws/install/testV1:/home/ubuntu/ros2ws/install/gui_subscriber:/home/ubuntu/ros2ws/install/robot_letter_writer:/opt/ros/humble LD_LIBRARY_PATH=/home/ubuntu/ros2ws/install/moveit_ros_planning/lib:/home/ubuntu/ros2ws/install/moveit_ros_occupancy_map_monitor/lib:/home/ubuntu/ros2ws/install/moveit_core/lib:/home/ubuntu/ros2ws/install/srdfdom/lib:${LD_LIBRARY_PATH} PATH=/home/ubuntu/ros2ws/install/moveit_core/bin:${PATH} PYTHONPATH=/home/ubuntu/ros2ws/install/moveit_configs_utils/lib/python3.10/site-packages:/home/ubuntu/ros2ws/install/srdfdom/local/lib/python3.10/dist-packages:/home/ubuntu/ros2ws/install/launch_param_builder/lib/python3.10/site-packages:${PYTHONPATH} /usr/bin/cmake --build /home/ubuntu/ros2ws/build/moveit_visual_tools -- -j4 -l4
[8.381s] [ 16%] [32mBuilding CXX object CMakeFiles/moveit_visual_tools.dir/src/moveit_visual_tools.cpp.o[0m
[43.121s] [ 33%] [32mBuilding CXX object CMakeFiles/moveit_visual_tools.dir/src/imarker_end_effector.cpp.o[0m
[67.132s] [ 50%] [32mBuilding CXX object CMakeFiles/moveit_visual_tools.dir/src/imarker_robot_state.cpp.o[0m
[88.961s] [ 66%] [32m[1mLinking CXX shared library libmoveit_visual_tools.so[0m
[90.453s] [ 66%] Built target moveit_visual_tools
[90.551s] [ 83%] [32mBuilding CXX object CMakeFiles/moveit_visual_tools_demo.dir/src/moveit_visual_tools_demo.cpp.o[0m
[121.000s] [100%] [32m[1mLinking CXX executable moveit_visual_tools_demo[0m
[121.686s] [100%] Built target moveit_visual_tools_demo
[121.717s] Invoked command in '/home/ubuntu/ros2ws/build/moveit_visual_tools' returned '0': AMENT_PREFIX_PATH=/home/ubuntu/ros2ws/install/moveit_ros_planning:/home/ubuntu/ros2ws/install/moveit_ros_occupancy_map_monitor:/home/ubuntu/ros2ws/install/moveit_core:/home/ubuntu/ros2ws/install/moveit_resources_panda_moveit_config:/home/ubuntu/ros2ws/install/moveit_configs_utils:/home/ubuntu/ros2ws/install/srdfdom:/home/ubuntu/ros2ws/install/moveit_resources_pr2_description:/home/ubuntu/ros2ws/install/moveit_resources_panda_description:/home/ubuntu/ros2ws/install/moveit_common:/home/ubuntu/ros2ws/install/launch_param_builder:${AMENT_PREFIX_PATH} CMAKE_PREFIX_PATH=/home/ubuntu/ros2ws/install/moveit_ros_planning:/home/ubuntu/ros2ws/install/moveit_ros_occupancy_map_monitor:/home/ubuntu/ros2ws/install/moveit_core:/home/ubuntu/ros2ws/install/moveit_resources_panda_moveit_config:/home/ubuntu/ros2ws/install/srdfdom:/home/ubuntu/ros2ws/install/moveit_resources_pr2_description:/home/ubuntu/ros2ws/install/moveit_resources_panda_description:/home/ubuntu/ros2ws/install/moveit_common:/home/ubuntu/ros2ws/install/testV2:/home/ubuntu/ros2ws/install/ros2srrc_ur5_moveit2:/home/ubuntu/ros2ws/install/ros2srrc_ur5_gazebo:/home/ubuntu/ros2ws/install/ros2srrc_ur3_moveit2:/home/ubuntu/ros2ws/install/ros2srrc_ur3_gazebo:/home/ubuntu/ros2ws/install/ros2srrc_ur16e_moveit2:/home/ubuntu/ros2ws/install/ros2srrc_ur16e_gazebo:/home/ubuntu/ros2ws/install/ros2srrc_ur10e_moveit2:/home/ubuntu/ros2ws/install/ros2srrc_ur10e_gazebo:/home/ubuntu/ros2ws/install/ros2srrc_robots:/home/ubuntu/ros2ws/install/ros2srrc_launch:/home/ubuntu/ros2ws/install/ros2srrc_irb6640_moveit2:/home/ubuntu/ros2ws/install/ros2srrc_irb6640_gazebo:/home/ubuntu/ros2ws/install/ros2srrc_irb120_moveit2:/home/ubuntu/ros2ws/install/ros2srrc_irb120_gazebo:/home/ubuntu/ros2ws/install/ros2srrc_irb1200_moveit2:/home/ubuntu/ros2ws/install/ros2srrc_irb1200_gazebo:/home/ubuntu/ros2ws/install/ros2srrc_iiwa_moveit2:/home/ubuntu/ros2ws/install/ros2srrc_iiwa_gazebo:/home/ubuntu/ros2ws/install/ros2srrc_execution:/home/ubuntu/ros2ws/install/ros2srrc_endeffectors:/home/ubuntu/ros2ws/install/ros2srrc_data:/home/ubuntu/ros2ws/install/ros2_robotiqgripper:/home/ubuntu/ros2ws/install/ros2_objectpose:/home/ubuntu/ros2ws/install/ros2_linkpose:/home/ubuntu/ros2ws/install/ros2_linkattacher:/home/ubuntu/ros2ws/install/objectpose_msgs:/home/ubuntu/ros2ws/install/objectpose_gazebo:/home/ubuntu/ros2ws/install/linkpose_msgs:/home/ubuntu/ros2ws/install/linkpose_gazebo:/home/ubuntu/ros2ws/install/linkattacher_msgs:/home/ubuntu/ros2ws/install/letter_writer:/home/ubuntu/ros2ws/install/gazebo_ros2_control_demos:/home/ubuntu/ros2ws/install/gazebo_ros2_control:/home/ubuntu/ros2ws/install/abb_rws_client:/home/ubuntu/ros2ws/install/abb_ros2:/home/ubuntu/ros2ws/install/abb_robot_msgs:/home/ubuntu/ros2ws/install/abb_resources:/home/ubuntu/ros2ws/install/abb_rapid_sm_addin_msgs:/home/ubuntu/ros2ws/install/abb_rapid_msgs:/home/ubuntu/ros2ws/install/abb_hardware_interface:/home/ubuntu/ros2ws/install/abb_egm_rws_managers:/home/ubuntu/ros2ws/install/abb_librws:/home/ubuntu/ros2ws/install/abb_libegm:/home/ubuntu/ros2ws/install/abb_irb4600_support:/home/ubuntu/ros2ws/install/abb_irb1200_5_90_moveit_config:/home/ubuntu/ros2ws/install/abb_irb1200_support:/home/ubuntu/ros2ws/install/abb_egm_msgs:/home/ubuntu/ros2ws/install/abb_bringup:/home/ubuntu/ros2ws/install/testV1:/home/ubuntu/ros2ws/install/gui_subscriber:/home/ubuntu/ros2ws/install/robot_letter_writer:/opt/ros/humble LD_LIBRARY_PATH=/home/ubuntu/ros2ws/install/moveit_ros_planning/lib:/home/ubuntu/ros2ws/install/moveit_ros_occupancy_map_monitor/lib:/home/ubuntu/ros2ws/install/moveit_core/lib:/home/ubuntu/ros2ws/install/srdfdom/lib:${LD_LIBRARY_PATH} PATH=/home/ubuntu/ros2ws/install/moveit_core/bin:${PATH} PYTHONPATH=/home/ubuntu/ros2ws/install/moveit_configs_utils/lib/python3.10/site-packages:/home/ubuntu/ros2ws/install/srdfdom/local/lib/python3.10/dist-packages:/home/ubuntu/ros2ws/install/launch_param_builder/lib/python3.10/site-packages:${PYTHONPATH} /usr/bin/cmake --build /home/ubuntu/ros2ws/build/moveit_visual_tools -- -j4 -l4
[121.806s] Invoking command in '/home/ubuntu/ros2ws/build/moveit_visual_tools': AMENT_PREFIX_PATH=/home/ubuntu/ros2ws/install/moveit_ros_planning:/home/ubuntu/ros2ws/install/moveit_ros_occupancy_map_monitor:/home/ubuntu/ros2ws/install/moveit_core:/home/ubuntu/ros2ws/install/moveit_resources_panda_moveit_config:/home/ubuntu/ros2ws/install/moveit_configs_utils:/home/ubuntu/ros2ws/install/srdfdom:/home/ubuntu/ros2ws/install/moveit_resources_pr2_description:/home/ubuntu/ros2ws/install/moveit_resources_panda_description:/home/ubuntu/ros2ws/install/moveit_common:/home/ubuntu/ros2ws/install/launch_param_builder:${AMENT_PREFIX_PATH} CMAKE_PREFIX_PATH=/home/ubuntu/ros2ws/install/moveit_ros_planning:/home/ubuntu/ros2ws/install/moveit_ros_occupancy_map_monitor:/home/ubuntu/ros2ws/install/moveit_core:/home/ubuntu/ros2ws/install/moveit_resources_panda_moveit_config:/home/ubuntu/ros2ws/install/srdfdom:/home/ubuntu/ros2ws/install/moveit_resources_pr2_description:/home/ubuntu/ros2ws/install/moveit_resources_panda_description:/home/ubuntu/ros2ws/install/moveit_common:/home/ubuntu/ros2ws/install/testV2:/home/ubuntu/ros2ws/install/ros2srrc_ur5_moveit2:/home/ubuntu/ros2ws/install/ros2srrc_ur5_gazebo:/home/ubuntu/ros2ws/install/ros2srrc_ur3_moveit2:/home/ubuntu/ros2ws/install/ros2srrc_ur3_gazebo:/home/ubuntu/ros2ws/install/ros2srrc_ur16e_moveit2:/home/ubuntu/ros2ws/install/ros2srrc_ur16e_gazebo:/home/ubuntu/ros2ws/install/ros2srrc_ur10e_moveit2:/home/ubuntu/ros2ws/install/ros2srrc_ur10e_gazebo:/home/ubuntu/ros2ws/install/ros2srrc_robots:/home/ubuntu/ros2ws/install/ros2srrc_launch:/home/ubuntu/ros2ws/install/ros2srrc_irb6640_moveit2:/home/ubuntu/ros2ws/install/ros2srrc_irb6640_gazebo:/home/ubuntu/ros2ws/install/ros2srrc_irb120_moveit2:/home/ubuntu/ros2ws/install/ros2srrc_irb120_gazebo:/home/ubuntu/ros2ws/install/ros2srrc_irb1200_moveit2:/home/ubuntu/ros2ws/install/ros2srrc_irb1200_gazebo:/home/ubuntu/ros2ws/install/ros2srrc_iiwa_moveit2:/home/ubuntu/ros2ws/install/ros2srrc_iiwa_gazebo:/home/ubuntu/ros2ws/install/ros2srrc_execution:/home/ubuntu/ros2ws/install/ros2srrc_endeffectors:/home/ubuntu/ros2ws/install/ros2srrc_data:/home/ubuntu/ros2ws/install/ros2_robotiqgripper:/home/ubuntu/ros2ws/install/ros2_objectpose:/home/ubuntu/ros2ws/install/ros2_linkpose:/home/ubuntu/ros2ws/install/ros2_linkattacher:/home/ubuntu/ros2ws/install/objectpose_msgs:/home/ubuntu/ros2ws/install/objectpose_gazebo:/home/ubuntu/ros2ws/install/linkpose_msgs:/home/ubuntu/ros2ws/install/linkpose_gazebo:/home/ubuntu/ros2ws/install/linkattacher_msgs:/home/ubuntu/ros2ws/install/letter_writer:/home/ubuntu/ros2ws/install/gazebo_ros2_control_demos:/home/ubuntu/ros2ws/install/gazebo_ros2_control:/home/ubuntu/ros2ws/install/abb_rws_client:/home/ubuntu/ros2ws/install/abb_ros2:/home/ubuntu/ros2ws/install/abb_robot_msgs:/home/ubuntu/ros2ws/install/abb_resources:/home/ubuntu/ros2ws/install/abb_rapid_sm_addin_msgs:/home/ubuntu/ros2ws/install/abb_rapid_msgs:/home/ubuntu/ros2ws/install/abb_hardware_interface:/home/ubuntu/ros2ws/install/abb_egm_rws_managers:/home/ubuntu/ros2ws/install/abb_librws:/home/ubuntu/ros2ws/install/abb_libegm:/home/ubuntu/ros2ws/install/abb_irb4600_support:/home/ubuntu/ros2ws/install/abb_irb1200_5_90_moveit_config:/home/ubuntu/ros2ws/install/abb_irb1200_support:/home/ubuntu/ros2ws/install/abb_egm_msgs:/home/ubuntu/ros2ws/install/abb_bringup:/home/ubuntu/ros2ws/install/testV1:/home/ubuntu/ros2ws/install/gui_subscriber:/home/ubuntu/ros2ws/install/robot_letter_writer:/opt/ros/humble LD_LIBRARY_PATH=/home/ubuntu/ros2ws/install/moveit_ros_planning/lib:/home/ubuntu/ros2ws/install/moveit_ros_occupancy_map_monitor/lib:/home/ubuntu/ros2ws/install/moveit_core/lib:/home/ubuntu/ros2ws/install/srdfdom/lib:${LD_LIBRARY_PATH} PATH=/home/ubuntu/ros2ws/install/moveit_core/bin:${PATH} PYTHONPATH=/home/ubuntu/ros2ws/install/moveit_configs_utils/lib/python3.10/site-packages:/home/ubuntu/ros2ws/install/srdfdom/local/lib/python3.10/dist-packages:/home/ubuntu/ros2ws/install/launch_param_builder/lib/python3.10/site-packages:${PYTHONPATH} /usr/bin/cmake --install /home/ubuntu/ros2ws/build/moveit_visual_tools
[121.824s] -- Install configuration: "Release"
[121.825s] -- Installing: /home/ubuntu/ros2ws/install/moveit_visual_tools/share/moveit_visual_tools/environment/library_path.sh
[121.828s] -- Installing: /home/ubuntu/ros2ws/install/moveit_visual_tools/share/moveit_visual_tools/environment/library_path.dsv
[121.828s] -- Installing: /home/ubuntu/ros2ws/install/moveit_visual_tools/lib/libmoveit_visual_tools.so
[121.829s] -- Set runtime path of "/home/ubuntu/ros2ws/install/moveit_visual_tools/lib/libmoveit_visual_tools.so" to ""
[121.831s] -- Installing: /home/ubuntu/ros2ws/install/moveit_visual_tools/lib/moveit_visual_tools/moveit_visual_tools_demo
[121.832s] -- Set runtime path of "/home/ubuntu/ros2ws/install/moveit_visual_tools/lib/moveit_visual_tools/moveit_visual_tools_demo" to ""
[121.832s] -- Installing: /home/ubuntu/ros2ws/install/moveit_visual_tools/include
[121.833s] -- Installing: /home/ubuntu/ros2ws/install/moveit_visual_tools/include/moveit_visual_tools
[121.834s] -- Installing: /home/ubuntu/ros2ws/install/moveit_visual_tools/include/moveit_visual_tools/moveit_visual_tools.h
[121.835s] -- Installing: /home/ubuntu/ros2ws/install/moveit_visual_tools/include/moveit_visual_tools/imarker_robot_state.h
[121.837s] -- Installing: /home/ubuntu/ros2ws/install/moveit_visual_tools/include/moveit_visual_tools/imarker_end_effector.h
[121.837s] -- Installing: /home/ubuntu/ros2ws/install/moveit_visual_tools/share/moveit_visual_tools/launch
[121.837s] -- Installing: /home/ubuntu/ros2ws/install/moveit_visual_tools/share/moveit_visual_tools/launch/demo_rviz.launch.py
[121.837s] -- Installing: /home/ubuntu/ros2ws/install/moveit_visual_tools/share/moveit_visual_tools/launch/demo.rviz
[121.837s] -- Installing: /home/ubuntu/ros2ws/install/moveit_visual_tools/share/moveit_visual_tools/resources
[121.837s] -- Installing: /home/ubuntu/ros2ws/install/moveit_visual_tools/share/moveit_visual_tools/resources/screenshot.png
[121.838s] -- Installing: /home/ubuntu/ros2ws/install/moveit_visual_tools/share/moveit_visual_tools/resources/demo.png
[121.838s] -- Installing: /home/ubuntu/ros2ws/install/moveit_visual_tools/share/moveit_visual_tools/resources/demo_mesh.stl
[121.840s] -- Installing: /home/ubuntu/ros2ws/install/moveit_visual_tools/share/moveit_visual_tools/resources/rrbot.urdf
[121.840s] -- Installing: /home/ubuntu/ros2ws/install/moveit_visual_tools/share/moveit_visual_tools/resources/rrbot.srdf
[121.840s] -- Installing: /home/ubuntu/ros2ws/install/moveit_visual_tools/share/ament_index/resource_index/package_run_dependencies/moveit_visual_tools
[121.840s] -- Installing: /home/ubuntu/ros2ws/install/moveit_visual_tools/share/ament_index/resource_index/parent_prefix_path/moveit_visual_tools
[121.841s] -- Installing: /home/ubuntu/ros2ws/install/moveit_visual_tools/share/moveit_visual_tools/environment/ament_prefix_path.sh
[121.842s] -- Installing: /home/ubuntu/ros2ws/install/moveit_visual_tools/share/moveit_visual_tools/environment/ament_prefix_path.dsv
[121.843s] -- Installing: /home/ubuntu/ros2ws/install/moveit_visual_tools/share/moveit_visual_tools/environment/path.sh
[121.843s] -- Installing: /home/ubuntu/ros2ws/install/moveit_visual_tools/share/moveit_visual_tools/environment/path.dsv
[121.843s] -- Installing: /home/ubuntu/ros2ws/install/moveit_visual_tools/share/moveit_visual_tools/local_setup.bash
[121.845s] -- Installing: /home/ubuntu/ros2ws/install/moveit_visual_tools/share/moveit_visual_tools/local_setup.sh
[121.845s] -- Installing: /home/ubuntu/ros2ws/install/moveit_visual_tools/share/moveit_visual_tools/local_setup.zsh
[121.845s] -- Installing: /home/ubuntu/ros2ws/install/moveit_visual_tools/share/moveit_visual_tools/local_setup.dsv
[121.845s] -- Installing: /home/ubuntu/ros2ws/install/moveit_visual_tools/share/moveit_visual_tools/package.dsv
[121.845s] -- Installing: /home/ubuntu/ros2ws/install/moveit_visual_tools/share/ament_index/resource_index/packages/moveit_visual_tools
[121.847s] -- Installing: /home/ubuntu/ros2ws/install/moveit_visual_tools/share/moveit_visual_tools/cmake/export_moveit_visual_toolsExport.cmake
[121.847s] -- Installing: /home/ubuntu/ros2ws/install/moveit_visual_tools/share/moveit_visual_tools/cmake/export_moveit_visual_toolsExport-release.cmake
[121.848s] -- Installing: /home/ubuntu/ros2ws/install/moveit_visual_tools/share/moveit_visual_tools/cmake/ament_cmake_export_targets-extras.cmake
[121.848s] -- Installing: /home/ubuntu/ros2ws/install/moveit_visual_tools/share/moveit_visual_tools/cmake/ament_cmake_export_dependencies-extras.cmake
[121.848s] -- Installing: /home/ubuntu/ros2ws/install/moveit_visual_tools/share/moveit_visual_tools/cmake/moveit_visual_toolsConfig.cmake
[121.849s] -- Installing: /home/ubuntu/ros2ws/install/moveit_visual_tools/share/moveit_visual_tools/cmake/moveit_visual_toolsConfig-version.cmake
[121.850s] -- Installing: /home/ubuntu/ros2ws/install/moveit_visual_tools/share/moveit_visual_tools/package.xml
[121.852s] Invoked command in '/home/ubuntu/ros2ws/build/moveit_visual_tools' returned '0': AMENT_PREFIX_PATH=/home/ubuntu/ros2ws/install/moveit_ros_planning:/home/ubuntu/ros2ws/install/moveit_ros_occupancy_map_monitor:/home/ubuntu/ros2ws/install/moveit_core:/home/ubuntu/ros2ws/install/moveit_resources_panda_moveit_config:/home/ubuntu/ros2ws/install/moveit_configs_utils:/home/ubuntu/ros2ws/install/srdfdom:/home/ubuntu/ros2ws/install/moveit_resources_pr2_description:/home/ubuntu/ros2ws/install/moveit_resources_panda_description:/home/ubuntu/ros2ws/install/moveit_common:/home/ubuntu/ros2ws/install/launch_param_builder:${AMENT_PREFIX_PATH} CMAKE_PREFIX_PATH=/home/ubuntu/ros2ws/install/moveit_ros_planning:/home/ubuntu/ros2ws/install/moveit_ros_occupancy_map_monitor:/home/ubuntu/ros2ws/install/moveit_core:/home/ubuntu/ros2ws/install/moveit_resources_panda_moveit_config:/home/ubuntu/ros2ws/install/srdfdom:/home/ubuntu/ros2ws/install/moveit_resources_pr2_description:/home/ubuntu/ros2ws/install/moveit_resources_panda_description:/home/ubuntu/ros2ws/install/moveit_common:/home/ubuntu/ros2ws/install/testV2:/home/ubuntu/ros2ws/install/ros2srrc_ur5_moveit2:/home/ubuntu/ros2ws/install/ros2srrc_ur5_gazebo:/home/ubuntu/ros2ws/install/ros2srrc_ur3_moveit2:/home/ubuntu/ros2ws/install/ros2srrc_ur3_gazebo:/home/ubuntu/ros2ws/install/ros2srrc_ur16e_moveit2:/home/ubuntu/ros2ws/install/ros2srrc_ur16e_gazebo:/home/ubuntu/ros2ws/install/ros2srrc_ur10e_moveit2:/home/ubuntu/ros2ws/install/ros2srrc_ur10e_gazebo:/home/ubuntu/ros2ws/install/ros2srrc_robots:/home/ubuntu/ros2ws/install/ros2srrc_launch:/home/ubuntu/ros2ws/install/ros2srrc_irb6640_moveit2:/home/ubuntu/ros2ws/install/ros2srrc_irb6640_gazebo:/home/ubuntu/ros2ws/install/ros2srrc_irb120_moveit2:/home/ubuntu/ros2ws/install/ros2srrc_irb120_gazebo:/home/ubuntu/ros2ws/install/ros2srrc_irb1200_moveit2:/home/ubuntu/ros2ws/install/ros2srrc_irb1200_gazebo:/home/ubuntu/ros2ws/install/ros2srrc_iiwa_moveit2:/home/ubuntu/ros2ws/install/ros2srrc_iiwa_gazebo:/home/ubuntu/ros2ws/install/ros2srrc_execution:/home/ubuntu/ros2ws/install/ros2srrc_endeffectors:/home/ubuntu/ros2ws/install/ros2srrc_data:/home/ubuntu/ros2ws/install/ros2_robotiqgripper:/home/ubuntu/ros2ws/install/ros2_objectpose:/home/ubuntu/ros2ws/install/ros2_linkpose:/home/ubuntu/ros2ws/install/ros2_linkattacher:/home/ubuntu/ros2ws/install/objectpose_msgs:/home/ubuntu/ros2ws/install/objectpose_gazebo:/home/ubuntu/ros2ws/install/linkpose_msgs:/home/ubuntu/ros2ws/install/linkpose_gazebo:/home/ubuntu/ros2ws/install/linkattacher_msgs:/home/ubuntu/ros2ws/install/letter_writer:/home/ubuntu/ros2ws/install/gazebo_ros2_control_demos:/home/ubuntu/ros2ws/install/gazebo_ros2_control:/home/ubuntu/ros2ws/install/abb_rws_client:/home/ubuntu/ros2ws/install/abb_ros2:/home/ubuntu/ros2ws/install/abb_robot_msgs:/home/ubuntu/ros2ws/install/abb_resources:/home/ubuntu/ros2ws/install/abb_rapid_sm_addin_msgs:/home/ubuntu/ros2ws/install/abb_rapid_msgs:/home/ubuntu/ros2ws/install/abb_hardware_interface:/home/ubuntu/ros2ws/install/abb_egm_rws_managers:/home/ubuntu/ros2ws/install/abb_librws:/home/ubuntu/ros2ws/install/abb_libegm:/home/ubuntu/ros2ws/install/abb_irb4600_support:/home/ubuntu/ros2ws/install/abb_irb1200_5_90_moveit_config:/home/ubuntu/ros2ws/install/abb_irb1200_support:/home/ubuntu/ros2ws/install/abb_egm_msgs:/home/ubuntu/ros2ws/install/abb_bringup:/home/ubuntu/ros2ws/install/testV1:/home/ubuntu/ros2ws/install/gui_subscriber:/home/ubuntu/ros2ws/install/robot_letter_writer:/opt/ros/humble LD_LIBRARY_PATH=/home/ubuntu/ros2ws/install/moveit_ros_planning/lib:/home/ubuntu/ros2ws/install/moveit_ros_occupancy_map_monitor/lib:/home/ubuntu/ros2ws/install/moveit_core/lib:/home/ubuntu/ros2ws/install/srdfdom/lib:${LD_LIBRARY_PATH} PATH=/home/ubuntu/ros2ws/install/moveit_core/bin:${PATH} PYTHONPATH=/home/ubuntu/ros2ws/install/moveit_configs_utils/lib/python3.10/site-packages:/home/ubuntu/ros2ws/install/srdfdom/local/lib/python3.10/dist-packages:/home/ubuntu/ros2ws/install/launch_param_builder/lib/python3.10/site-packages:${PYTHONPATH} /usr/bin/cmake --install /home/ubuntu/ros2ws/build/moveit_visual_tools
