[0.048s] Invoking command in '/home/ubuntu/ros2ws/build/abb_egm_msgs': CMAKE_PREFIX_PATH=${CMAKE_PREFIX_PATH}:/home/ubuntu/ros2ws/install/testV1:/home/ubuntu/ros2ws/install/gui_subscriber:/home/ubuntu/ros2ws/install/moveit_configs_utils:/home/ubuntu/ros2ws/install/robot_letter_writer:/home/ubuntu/ros2ws/install/launch_param_builder:/opt/ros/humble /usr/bin/cmake --build /home/ubuntu/ros2ws/build/abb_egm_msgs -- -j4 -l4
[0.235s] [ 10%] Built target abb_egm_msgs__rosidl_generator_c
[0.288s] [ 12%] Built target abb_egm_msgs__cpp
[0.328s] [ 12%] Built target ament_cmake_python_symlink_abb_egm_msgs
[0.380s] [ 23%] Built target abb_egm_msgs__rosidl_typesupport_fastrtps_c
[0.392s] [ 33%] Built target abb_egm_msgs__rosidl_typesupport_introspection_c
[0.415s] [ 43%] Built target abb_egm_msgs__rosidl_typesupport_c
[0.451s] [ 53%] Built target abb_egm_msgs__rosidl_typesupport_fastrtps_cpp
[0.537s] [ 64%] Built target abb_egm_msgs__rosidl_typesupport_cpp
[0.566s] [ 74%] Built target abb_egm_msgs__rosidl_typesupport_introspection_cpp
[0.691s] [ 74%] Built target abb_egm_msgs
[0.794s] [ 76%] Built target abb_egm_msgs__py
[0.926s] [ 84%] Built target abb_egm_msgs__rosidl_generator_py
[1.056s] [ 89%] Built target abb_egm_msgs__rosidl_typesupport_introspection_c__pyext
[1.059s] [ 94%] Built target abb_egm_msgs__rosidl_typesupport_fastrtps_c__pyext
[1.081s] [100%] Built target abb_egm_msgs__rosidl_typesupport_c__pyext
[1.264s] running egg_info
[1.265s] writing abb_egm_msgs.egg-info/PKG-INFO
[1.265s] writing dependency_links to abb_egm_msgs.egg-info/dependency_links.txt
[1.266s] writing top-level names to abb_egm_msgs.egg-info/top_level.txt
[1.269s] reading manifest file 'abb_egm_msgs.egg-info/SOURCES.txt'
[1.270s] writing manifest file 'abb_egm_msgs.egg-info/SOURCES.txt'
[1.328s] [100%] Built target ament_cmake_python_build_abb_egm_msgs_egg
[1.359s] Invoked command in '/home/ubuntu/ros2ws/build/abb_egm_msgs' returned '0': CMAKE_PREFIX_PATH=${CMAKE_PREFIX_PATH}:/home/ubuntu/ros2ws/install/testV1:/home/ubuntu/ros2ws/install/gui_subscriber:/home/ubuntu/ros2ws/install/moveit_configs_utils:/home/ubuntu/ros2ws/install/robot_letter_writer:/home/ubuntu/ros2ws/install/launch_param_builder:/opt/ros/humble /usr/bin/cmake --build /home/ubuntu/ros2ws/build/abb_egm_msgs -- -j4 -l4
[1.856s] Invoking command in '/home/ubuntu/ros2ws/build/abb_egm_msgs': CMAKE_PREFIX_PATH=${CMAKE_PREFIX_PATH}:/home/ubuntu/ros2ws/install/testV1:/home/ubuntu/ros2ws/install/gui_subscriber:/home/ubuntu/ros2ws/install/moveit_configs_utils:/home/ubuntu/ros2ws/install/robot_letter_writer:/home/ubuntu/ros2ws/install/launch_param_builder:/opt/ros/humble /usr/bin/cmake --install /home/ubuntu/ros2ws/build/abb_egm_msgs
[1.883s] -- Install configuration: ""
[1.883s] -- Execute custom install script
[1.884s] -- Up-to-date symlink: /home/ubuntu/ros2ws/install/abb_egm_msgs/share/ament_index/resource_index/rosidl_interfaces/abb_egm_msgs
[1.885s] -- Up-to-date symlink: /home/ubuntu/ros2ws/install/abb_egm_msgs/include/abb_egm_msgs/abb_egm_msgs/msg/detail/egm_channel_state__functions.h
[1.885s] -- Up-to-date symlink: /home/ubuntu/ros2ws/install/abb_egm_msgs/include/abb_egm_msgs/abb_egm_msgs/msg/detail/egm_channel_state__struct.h
[1.886s] -- Up-to-date symlink: /home/ubuntu/ros2ws/install/abb_egm_msgs/include/abb_egm_msgs/abb_egm_msgs/msg/detail/egm_channel_state__type_support.h
[1.886s] -- Up-to-date symlink: /home/ubuntu/ros2ws/install/abb_egm_msgs/include/abb_egm_msgs/abb_egm_msgs/msg/detail/egm_state__functions.h
[1.887s] -- Up-to-date symlink: /home/ubuntu/ros2ws/install/abb_egm_msgs/include/abb_egm_msgs/abb_egm_msgs/msg/detail/egm_state__struct.h
[1.887s] -- Up-to-date symlink: /home/ubuntu/ros2ws/install/abb_egm_msgs/include/abb_egm_msgs/abb_egm_msgs/msg/detail/egm_state__type_support.h
[1.888s] -- Up-to-date symlink: /home/ubuntu/ros2ws/install/abb_egm_msgs/include/abb_egm_msgs/abb_egm_msgs/msg/egm_channel_state.h
[1.889s] -- Up-to-date symlink: /home/ubuntu/ros2ws/install/abb_egm_msgs/include/abb_egm_msgs/abb_egm_msgs/msg/egm_state.h
[1.889s] -- Up-to-date symlink: /home/ubuntu/ros2ws/install/abb_egm_msgs/include/abb_egm_msgs/abb_egm_msgs/msg/rosidl_generator_c__visibility_control.h
[1.889s] -- Up-to-date symlink: /home/ubuntu/ros2ws/install/abb_egm_msgs/share/abb_egm_msgs/environment/library_path.sh
[1.889s] -- Up-to-date symlink: /home/ubuntu/ros2ws/install/abb_egm_msgs/share/abb_egm_msgs/environment/library_path.dsv
[1.891s] -- Up-to-date symlink: /home/ubuntu/ros2ws/install/abb_egm_msgs/include/abb_egm_msgs/abb_egm_msgs/msg/detail/egm_channel_state__rosidl_typesupport_fastrtps_c.h
[1.892s] -- Up-to-date symlink: /home/ubuntu/ros2ws/install/abb_egm_msgs/include/abb_egm_msgs/abb_egm_msgs/msg/detail/egm_state__rosidl_typesupport_fastrtps_c.h
[1.892s] -- Up-to-date symlink: /home/ubuntu/ros2ws/install/abb_egm_msgs/include/abb_egm_msgs/abb_egm_msgs/msg/rosidl_typesupport_fastrtps_c__visibility_control.h
[1.892s] -- Up-to-date symlink: /home/ubuntu/ros2ws/install/abb_egm_msgs/include/abb_egm_msgs/abb_egm_msgs/msg/detail/egm_channel_state__rosidl_typesupport_introspection_c.h
[1.892s] -- Up-to-date symlink: /home/ubuntu/ros2ws/install/abb_egm_msgs/include/abb_egm_msgs/abb_egm_msgs/msg/detail/egm_state__rosidl_typesupport_introspection_c.h
[1.893s] -- Up-to-date symlink: /home/ubuntu/ros2ws/install/abb_egm_msgs/include/abb_egm_msgs/abb_egm_msgs/msg/rosidl_typesupport_introspection_c__visibility_control.h
[1.894s] -- Up-to-date symlink: /home/ubuntu/ros2ws/install/abb_egm_msgs/include/abb_egm_msgs/abb_egm_msgs/msg/detail/egm_channel_state__builder.hpp
[1.895s] -- Up-to-date symlink: /home/ubuntu/ros2ws/install/abb_egm_msgs/include/abb_egm_msgs/abb_egm_msgs/msg/detail/egm_channel_state__struct.hpp
[1.896s] -- Up-to-date symlink: /home/ubuntu/ros2ws/install/abb_egm_msgs/include/abb_egm_msgs/abb_egm_msgs/msg/detail/egm_channel_state__traits.hpp
[1.896s] -- Up-to-date symlink: /home/ubuntu/ros2ws/install/abb_egm_msgs/include/abb_egm_msgs/abb_egm_msgs/msg/detail/egm_state__builder.hpp
[1.897s] -- Up-to-date symlink: /home/ubuntu/ros2ws/install/abb_egm_msgs/include/abb_egm_msgs/abb_egm_msgs/msg/detail/egm_state__struct.hpp
[1.897s] -- Up-to-date symlink: /home/ubuntu/ros2ws/install/abb_egm_msgs/include/abb_egm_msgs/abb_egm_msgs/msg/detail/egm_state__traits.hpp
[1.897s] -- Up-to-date symlink: /home/ubuntu/ros2ws/install/abb_egm_msgs/include/abb_egm_msgs/abb_egm_msgs/msg/egm_channel_state.hpp
[1.897s] -- Up-to-date symlink: /home/ubuntu/ros2ws/install/abb_egm_msgs/include/abb_egm_msgs/abb_egm_msgs/msg/egm_state.hpp
[1.899s] -- Up-to-date symlink: /home/ubuntu/ros2ws/install/abb_egm_msgs/include/abb_egm_msgs/abb_egm_msgs/msg/detail/egm_channel_state__rosidl_typesupport_fastrtps_cpp.hpp
[1.899s] -- Up-to-date symlink: /home/ubuntu/ros2ws/install/abb_egm_msgs/include/abb_egm_msgs/abb_egm_msgs/msg/detail/egm_state__rosidl_typesupport_fastrtps_cpp.hpp
[1.899s] -- Up-to-date symlink: /home/ubuntu/ros2ws/install/abb_egm_msgs/include/abb_egm_msgs/abb_egm_msgs/msg/rosidl_typesupport_fastrtps_cpp__visibility_control.h
[1.900s] -- Up-to-date symlink: /home/ubuntu/ros2ws/install/abb_egm_msgs/include/abb_egm_msgs/abb_egm_msgs/msg/detail/egm_channel_state__rosidl_typesupport_introspection_cpp.hpp
[1.900s] -- Up-to-date symlink: /home/ubuntu/ros2ws/install/abb_egm_msgs/include/abb_egm_msgs/abb_egm_msgs/msg/detail/egm_state__rosidl_typesupport_introspection_cpp.hpp
[1.901s] -- Up-to-date symlink: /home/ubuntu/ros2ws/install/abb_egm_msgs/share/abb_egm_msgs/environment/pythonpath.sh
[1.902s] -- Up-to-date symlink: /home/ubuntu/ros2ws/install/abb_egm_msgs/share/abb_egm_msgs/environment/pythonpath.dsv
[1.902s] -- Up-to-date symlink: /home/ubuntu/ros2ws/install/abb_egm_msgs/local/lib/python3.10/dist-packages/abb_egm_msgs-1.0.0-py3.10.egg-info/PKG-INFO
[1.903s] -- Up-to-date symlink: /home/ubuntu/ros2ws/install/abb_egm_msgs/local/lib/python3.10/dist-packages/abb_egm_msgs-1.0.0-py3.10.egg-info/SOURCES.txt
[1.904s] -- Up-to-date symlink: /home/ubuntu/ros2ws/install/abb_egm_msgs/local/lib/python3.10/dist-packages/abb_egm_msgs-1.0.0-py3.10.egg-info/dependency_links.txt
[1.904s] -- Up-to-date symlink: /home/ubuntu/ros2ws/install/abb_egm_msgs/local/lib/python3.10/dist-packages/abb_egm_msgs-1.0.0-py3.10.egg-info/top_level.txt
[1.905s] -- Up-to-date symlink: /home/ubuntu/ros2ws/install/abb_egm_msgs/local/lib/python3.10/dist-packages/abb_egm_msgs/__init__.py
[1.908s] -- Up-to-date symlink: /home/ubuntu/ros2ws/install/abb_egm_msgs/local/lib/python3.10/dist-packages/abb_egm_msgs/_abb_egm_msgs_s.ep.rosidl_typesupport_c.c
[1.909s] -- Up-to-date symlink: /home/ubuntu/ros2ws/install/abb_egm_msgs/local/lib/python3.10/dist-packages/abb_egm_msgs/_abb_egm_msgs_s.ep.rosidl_typesupport_fastrtps_c.c
[1.909s] -- Up-to-date symlink: /home/ubuntu/ros2ws/install/abb_egm_msgs/local/lib/python3.10/dist-packages/abb_egm_msgs/_abb_egm_msgs_s.ep.rosidl_typesupport_introspection_c.c
[1.909s] -- Up-to-date symlink: /home/ubuntu/ros2ws/install/abb_egm_msgs/local/lib/python3.10/dist-packages/abb_egm_msgs/abb_egm_msgs_s__rosidl_typesupport_c.cpython-310-x86_64-linux-gnu.so
[1.909s] -- Up-to-date symlink: /home/ubuntu/ros2ws/install/abb_egm_msgs/local/lib/python3.10/dist-packages/abb_egm_msgs/abb_egm_msgs_s__rosidl_typesupport_fastrtps_c.cpython-310-x86_64-linux-gnu.so
[1.909s] -- Up-to-date symlink: /home/ubuntu/ros2ws/install/abb_egm_msgs/local/lib/python3.10/dist-packages/abb_egm_msgs/abb_egm_msgs_s__rosidl_typesupport_introspection_c.cpython-310-x86_64-linux-gnu.so
[1.909s] -- Up-to-date symlink: /home/ubuntu/ros2ws/install/abb_egm_msgs/local/lib/python3.10/dist-packages/abb_egm_msgs/libabb_egm_msgs__rosidl_generator_py.so
[1.909s] -- Up-to-date symlink: /home/ubuntu/ros2ws/install/abb_egm_msgs/local/lib/python3.10/dist-packages/abb_egm_msgs/msg/__init__.py
[1.909s] -- Up-to-date symlink: /home/ubuntu/ros2ws/install/abb_egm_msgs/local/lib/python3.10/dist-packages/abb_egm_msgs/msg/_egm_channel_state.py
[1.909s] -- Up-to-date symlink: /home/ubuntu/ros2ws/install/abb_egm_msgs/local/lib/python3.10/dist-packages/abb_egm_msgs/msg/_egm_channel_state_s.c
[1.909s] -- Up-to-date symlink: /home/ubuntu/ros2ws/install/abb_egm_msgs/local/lib/python3.10/dist-packages/abb_egm_msgs/msg/_egm_state.py
[1.910s] -- Up-to-date symlink: /home/ubuntu/ros2ws/install/abb_egm_msgs/local/lib/python3.10/dist-packages/abb_egm_msgs/msg/_egm_state_s.c
[1.910s] -- Up-to-date symlink: /home/ubuntu/ros2ws/install/abb_egm_msgs/local/lib/python3.10/dist-packages/abb_egm_msgs/abb_egm_msgs_s__rosidl_typesupport_fastrtps_c.cpython-310-x86_64-linux-gnu.so
[1.913s] -- Up-to-date symlink: /home/ubuntu/ros2ws/install/abb_egm_msgs/local/lib/python3.10/dist-packages/abb_egm_msgs/abb_egm_msgs_s__rosidl_typesupport_introspection_c.cpython-310-x86_64-linux-gnu.so
[1.914s] -- Up-to-date symlink: /home/ubuntu/ros2ws/install/abb_egm_msgs/local/lib/python3.10/dist-packages/abb_egm_msgs/abb_egm_msgs_s__rosidl_typesupport_c.cpython-310-x86_64-linux-gnu.so
[1.914s] -- Up-to-date symlink: /home/ubuntu/ros2ws/install/abb_egm_msgs/share/abb_egm_msgs/msg/EGMChannelState.idl
[1.914s] -- Up-to-date symlink: /home/ubuntu/ros2ws/install/abb_egm_msgs/share/abb_egm_msgs/msg/EGMState.idl
[1.914s] -- Up-to-date symlink: /home/ubuntu/ros2ws/install/abb_egm_msgs/share/abb_egm_msgs/msg/EGMChannelState.msg
[1.914s] -- Up-to-date symlink: /home/ubuntu/ros2ws/install/abb_egm_msgs/share/abb_egm_msgs/msg/EGMState.msg
[1.914s] -- Up-to-date symlink: /home/ubuntu/ros2ws/install/abb_egm_msgs/share/ament_index/resource_index/package_run_dependencies/abb_egm_msgs
[1.914s] -- Up-to-date symlink: /home/ubuntu/ros2ws/install/abb_egm_msgs/share/ament_index/resource_index/parent_prefix_path/abb_egm_msgs
[1.915s] -- Up-to-date symlink: /home/ubuntu/ros2ws/install/abb_egm_msgs/share/abb_egm_msgs/environment/ament_prefix_path.sh
[1.915s] -- Up-to-date symlink: /home/ubuntu/ros2ws/install/abb_egm_msgs/share/abb_egm_msgs/environment/ament_prefix_path.dsv
[1.915s] -- Up-to-date symlink: /home/ubuntu/ros2ws/install/abb_egm_msgs/share/abb_egm_msgs/environment/path.sh
[1.918s] -- Up-to-date symlink: /home/ubuntu/ros2ws/install/abb_egm_msgs/share/abb_egm_msgs/environment/path.dsv
[1.918s] -- Up-to-date symlink: /home/ubuntu/ros2ws/install/abb_egm_msgs/share/abb_egm_msgs/local_setup.bash
[1.918s] -- Up-to-date symlink: /home/ubuntu/ros2ws/install/abb_egm_msgs/share/abb_egm_msgs/local_setup.sh
[1.919s] -- Up-to-date symlink: /home/ubuntu/ros2ws/install/abb_egm_msgs/share/abb_egm_msgs/local_setup.zsh
[1.919s] -- Up-to-date symlink: /home/ubuntu/ros2ws/install/abb_egm_msgs/share/abb_egm_msgs/local_setup.dsv
[1.920s] -- Symlinking: /home/ubuntu/ros2ws/install/abb_egm_msgs/share/abb_egm_msgs/package.dsv
[1.977s] -- Up-to-date symlink: /home/ubuntu/ros2ws/install/abb_egm_msgs/share/ament_index/resource_index/packages/abb_egm_msgs
[1.977s] -- Up-to-date symlink: /home/ubuntu/ros2ws/install/abb_egm_msgs/share/abb_egm_msgs/cmake/rosidl_cmake-extras.cmake
[1.977s] -- Up-to-date symlink: /home/ubuntu/ros2ws/install/abb_egm_msgs/share/abb_egm_msgs/cmake/ament_cmake_export_dependencies-extras.cmake
[1.978s] -- Up-to-date symlink: /home/ubuntu/ros2ws/install/abb_egm_msgs/share/abb_egm_msgs/cmake/ament_cmake_export_include_directories-extras.cmake
[1.978s] -- Up-to-date symlink: /home/ubuntu/ros2ws/install/abb_egm_msgs/share/abb_egm_msgs/cmake/ament_cmake_export_libraries-extras.cmake
[1.978s] -- Up-to-date symlink: /home/ubuntu/ros2ws/install/abb_egm_msgs/share/abb_egm_msgs/cmake/ament_cmake_export_targets-extras.cmake
[1.978s] -- Up-to-date symlink: /home/ubuntu/ros2ws/install/abb_egm_msgs/share/abb_egm_msgs/cmake/rosidl_cmake_export_typesupport_targets-extras.cmake
[1.978s] -- Up-to-date symlink: /home/ubuntu/ros2ws/install/abb_egm_msgs/share/abb_egm_msgs/cmake/rosidl_cmake_export_typesupport_libraries-extras.cmake
[1.978s] -- Up-to-date symlink: /home/ubuntu/ros2ws/install/abb_egm_msgs/share/abb_egm_msgs/cmake/abb_egm_msgsConfig.cmake
[1.983s] -- Up-to-date symlink: /home/ubuntu/ros2ws/install/abb_egm_msgs/share/abb_egm_msgs/cmake/abb_egm_msgsConfig-version.cmake
[1.983s] -- Up-to-date symlink: /home/ubuntu/ros2ws/install/abb_egm_msgs/share/abb_egm_msgs/package.xml
[1.983s] -- Up-to-date: /home/ubuntu/ros2ws/install/abb_egm_msgs/lib/libabb_egm_msgs__rosidl_generator_c.so
[1.986s] -- Up-to-date: /home/ubuntu/ros2ws/install/abb_egm_msgs/lib/libabb_egm_msgs__rosidl_typesupport_fastrtps_c.so
[1.990s] -- Up-to-date: /home/ubuntu/ros2ws/install/abb_egm_msgs/lib/libabb_egm_msgs__rosidl_typesupport_introspection_c.so
[1.991s] -- Up-to-date: /home/ubuntu/ros2ws/install/abb_egm_msgs/lib/libabb_egm_msgs__rosidl_typesupport_c.so
[1.994s] -- Up-to-date: /home/ubuntu/ros2ws/install/abb_egm_msgs/lib/libabb_egm_msgs__rosidl_typesupport_fastrtps_cpp.so
[1.997s] -- Up-to-date: /home/ubuntu/ros2ws/install/abb_egm_msgs/lib/libabb_egm_msgs__rosidl_typesupport_introspection_cpp.so
[2.000s] -- Up-to-date: /home/ubuntu/ros2ws/install/abb_egm_msgs/lib/libabb_egm_msgs__rosidl_typesupport_cpp.so
[2.200s] Listing '/home/ubuntu/ros2ws/install/abb_egm_msgs/local/lib/python3.10/dist-packages/abb_egm_msgs'...
[2.200s] Listing '/home/ubuntu/ros2ws/install/abb_egm_msgs/local/lib/python3.10/dist-packages/abb_egm_msgs/msg'...
[2.209s] -- Up-to-date: /home/ubuntu/ros2ws/install/abb_egm_msgs/lib/libabb_egm_msgs__rosidl_generator_py.so
[2.213s] -- Up-to-date: /home/ubuntu/ros2ws/install/abb_egm_msgs/share/abb_egm_msgs/cmake/export_abb_egm_msgs__rosidl_generator_cExport.cmake
[2.218s] -- Up-to-date: /home/ubuntu/ros2ws/install/abb_egm_msgs/share/abb_egm_msgs/cmake/export_abb_egm_msgs__rosidl_generator_cExport-noconfig.cmake
[2.218s] -- Up-to-date: /home/ubuntu/ros2ws/install/abb_egm_msgs/share/abb_egm_msgs/cmake/export_abb_egm_msgs__rosidl_typesupport_fastrtps_cExport.cmake
[2.218s] -- Up-to-date: /home/ubuntu/ros2ws/install/abb_egm_msgs/share/abb_egm_msgs/cmake/export_abb_egm_msgs__rosidl_typesupport_fastrtps_cExport-noconfig.cmake
[2.219s] -- Up-to-date: /home/ubuntu/ros2ws/install/abb_egm_msgs/share/abb_egm_msgs/cmake/abb_egm_msgs__rosidl_typesupport_introspection_cExport.cmake
[2.219s] -- Up-to-date: /home/ubuntu/ros2ws/install/abb_egm_msgs/share/abb_egm_msgs/cmake/abb_egm_msgs__rosidl_typesupport_introspection_cExport-noconfig.cmake
[2.219s] -- Up-to-date: /home/ubuntu/ros2ws/install/abb_egm_msgs/share/abb_egm_msgs/cmake/abb_egm_msgs__rosidl_typesupport_cExport.cmake
[2.219s] -- Up-to-date: /home/ubuntu/ros2ws/install/abb_egm_msgs/share/abb_egm_msgs/cmake/abb_egm_msgs__rosidl_typesupport_cExport-noconfig.cmake
[2.219s] -- Up-to-date: /home/ubuntu/ros2ws/install/abb_egm_msgs/share/abb_egm_msgs/cmake/export_abb_egm_msgs__rosidl_generator_cppExport.cmake
[2.219s] -- Up-to-date: /home/ubuntu/ros2ws/install/abb_egm_msgs/share/abb_egm_msgs/cmake/export_abb_egm_msgs__rosidl_typesupport_fastrtps_cppExport.cmake
[2.219s] -- Up-to-date: /home/ubuntu/ros2ws/install/abb_egm_msgs/share/abb_egm_msgs/cmake/export_abb_egm_msgs__rosidl_typesupport_fastrtps_cppExport-noconfig.cmake
[2.219s] -- Up-to-date: /home/ubuntu/ros2ws/install/abb_egm_msgs/share/abb_egm_msgs/cmake/abb_egm_msgs__rosidl_typesupport_introspection_cppExport.cmake
[2.220s] -- Up-to-date: /home/ubuntu/ros2ws/install/abb_egm_msgs/share/abb_egm_msgs/cmake/abb_egm_msgs__rosidl_typesupport_introspection_cppExport-noconfig.cmake
[2.220s] -- Up-to-date: /home/ubuntu/ros2ws/install/abb_egm_msgs/share/abb_egm_msgs/cmake/abb_egm_msgs__rosidl_typesupport_cppExport.cmake
[2.220s] -- Up-to-date: /home/ubuntu/ros2ws/install/abb_egm_msgs/share/abb_egm_msgs/cmake/abb_egm_msgs__rosidl_typesupport_cppExport-noconfig.cmake
[2.220s] -- Up-to-date: /home/ubuntu/ros2ws/install/abb_egm_msgs/share/abb_egm_msgs/cmake/export_abb_egm_msgs__rosidl_generator_pyExport.cmake
[2.220s] -- Up-to-date: /home/ubuntu/ros2ws/install/abb_egm_msgs/share/abb_egm_msgs/cmake/export_abb_egm_msgs__rosidl_generator_pyExport-noconfig.cmake
[2.226s] Invoked command in '/home/ubuntu/ros2ws/build/abb_egm_msgs' returned '0': CMAKE_PREFIX_PATH=${CMAKE_PREFIX_PATH}:/home/ubuntu/ros2ws/install/testV1:/home/ubuntu/ros2ws/install/gui_subscriber:/home/ubuntu/ros2ws/install/moveit_configs_utils:/home/ubuntu/ros2ws/install/robot_letter_writer:/home/ubuntu/ros2ws/install/launch_param_builder:/opt/ros/humble /usr/bin/cmake --install /home/ubuntu/ros2ws/build/abb_egm_msgs
