[0.012s] Invoking command in '/home/ubuntu/ros2ws/build/abb_egm_msgs': CMAKE_PREFIX_PATH=${CMAKE_PREFIX_PATH}:/opt/ros/humble /usr/bin/cmake /home/ubuntu/ros2ws/src/ABBDriver/abb_ros2_msgs/abb_egm_msgs -DAMENT_CMAKE_SYMLINK_INSTALL=1 -DCMAKE_INSTALL_PREFIX=/home/ubuntu/ros2ws/install/abb_egm_msgs
[0.141s] -- The C compiler identification is GNU 11.4.0
[0.256s] -- The CXX compiler identification is GNU 11.4.0
[0.269s] -- Detecting C compiler ABI info
[0.413s] -- Detecting C compiler ABI info - done
[0.426s] -- Check for working C compiler: /usr/bin/cc - skipped
[0.427s] -- Detecting C compile features
[0.428s] -- Detecting C compile features - done
[0.433s] -- Detecting CXX compiler ABI info
[0.584s] -- Detecting CXX compiler ABI info - done
[0.596s] -- Check for working CXX compiler: /usr/bin/c++ - skipped
[0.598s] -- Detecting CXX compile features
[0.598s] -- Detecting CXX compile features - done
[0.602s] -- Found ament_cmake: 1.3.10 (/opt/ros/humble/share/ament_cmake/cmake)
[0.889s] -- Found Python3: /usr/bin/python3 (found version "3.10.12") found components: Interpreter 
[1.004s] -- Override CMake install command with custom implementation using symlinks instead of copying resources
[1.090s] -- Found rosidl_default_generators: 1.2.0 (/opt/ros/humble/share/rosidl_default_generators/cmake)
[1.105s] -- Using all available rosidl_typesupport_c: rosidl_typesupport_fastrtps_c;rosidl_typesupport_introspection_c
[1.122s] -- Found rosidl_adapter: 3.1.5 (/opt/ros/humble/share/rosidl_adapter/cmake)
[1.217s] -- Using all available rosidl_typesupport_cpp: rosidl_typesupport_fastrtps_cpp;rosidl_typesupport_introspection_cpp
[1.291s] -- Found std_msgs: 4.2.4 (/opt/ros/humble/share/std_msgs/cmake)
[1.868s] -- Found ament_cmake_ros: 0.10.0 (/opt/ros/humble/share/ament_cmake_ros/cmake)
[2.285s] -- Using all available rosidl_typesupport_c: rosidl_typesupport_fastrtps_c;rosidl_typesupport_introspection_c
[2.803s] -- Using all available rosidl_typesupport_cpp: rosidl_typesupport_fastrtps_cpp;rosidl_typesupport_introspection_cpp
[2.845s] -- Found PythonInterp: /usr/bin/python3 (found suitable version "3.10.12", minimum required is "3.6") 
[2.849s] -- Found python_cmake_module: 0.10.0 (/opt/ros/humble/share/python_cmake_module/cmake)
[2.903s] -- Found PythonLibs: /usr/lib/x86_64-linux-gnu/libpython3.10.so (found suitable version "3.10.12", minimum required is "3.5") 
[2.905s] -- Using PYTHON_EXECUTABLE: /usr/bin/python3
[2.906s] -- Using PYTHON_INCLUDE_DIRS: /usr/include/python3.10
[2.906s] -- Using PYTHON_LIBRARIES: /usr/lib/x86_64-linux-gnu/libpython3.10.so
[2.942s] -- Found PythonExtra: .so  
[3.094s] -- Configuring done
[3.159s] -- Generating done
[3.164s] -- Build files have been written to: /home/ubuntu/ros2ws/build/abb_egm_msgs
[3.175s] Invoked command in '/home/ubuntu/ros2ws/build/abb_egm_msgs' returned '0': CMAKE_PREFIX_PATH=${CMAKE_PREFIX_PATH}:/opt/ros/humble /usr/bin/cmake /home/ubuntu/ros2ws/src/ABBDriver/abb_ros2_msgs/abb_egm_msgs -DAMENT_CMAKE_SYMLINK_INSTALL=1 -DCMAKE_INSTALL_PREFIX=/home/ubuntu/ros2ws/install/abb_egm_msgs
[3.182s] Invoking command in '/home/ubuntu/ros2ws/build/abb_egm_msgs': CMAKE_PREFIX_PATH=${CMAKE_PREFIX_PATH}:/opt/ros/humble /usr/bin/cmake --build /home/ubuntu/ros2ws/build/abb_egm_msgs -- -j4 -l4
[3.287s] [  2%] [34m[1mGenerating C++ code for ROS interfaces[0m
[4.270s] [  2%] Built target abb_egm_msgs__cpp
[4.324s] [  2%] Built target ament_cmake_python_symlink_abb_egm_msgs
[4.347s] [  5%] [34m[1mGenerating C++ type support for eProsima Fast-RTPS[0m
[5.256s] [  7%] [32mBuilding CXX object CMakeFiles/abb_egm_msgs__rosidl_typesupport_fastrtps_cpp.dir/rosidl_typesupport_fastrtps_cpp/abb_egm_msgs/msg/detail/dds_fastrtps/egm_channel_state__type_support.cpp.o[0m
[6.003s] [ 10%] [32mBuilding CXX object CMakeFiles/abb_egm_msgs__rosidl_typesupport_fastrtps_cpp.dir/rosidl_typesupport_fastrtps_cpp/abb_egm_msgs/msg/detail/dds_fastrtps/egm_state__type_support.cpp.o[0m
[6.787s] [ 12%] [32m[1mLinking CXX shared library libabb_egm_msgs__rosidl_typesupport_fastrtps_cpp.so[0m
[6.942s] [ 12%] Built target abb_egm_msgs__rosidl_typesupport_fastrtps_cpp
[6.967s] [ 15%] [34m[1mGenerating C++ introspection for ROS interfaces[0m
[7.968s] [ 17%] [32mBuilding CXX object CMakeFiles/abb_egm_msgs__rosidl_typesupport_introspection_cpp.dir/rosidl_typesupport_introspection_cpp/abb_egm_msgs/msg/detail/egm_channel_state__type_support.cpp.o[0m
[8.689s] [ 20%] [32mBuilding CXX object CMakeFiles/abb_egm_msgs__rosidl_typesupport_introspection_cpp.dir/rosidl_typesupport_introspection_cpp/abb_egm_msgs/msg/detail/egm_state__type_support.cpp.o[0m
[9.463s] [ 23%] [32m[1mLinking CXX shared library libabb_egm_msgs__rosidl_typesupport_introspection_cpp.so[0m
[9.598s] [ 23%] Built target abb_egm_msgs__rosidl_typesupport_introspection_cpp
[10.027s] running egg_info
[10.028s] creating abb_egm_msgs.egg-info
[10.029s] writing abb_egm_msgs.egg-info/PKG-INFO
[10.030s] writing dependency_links to abb_egm_msgs.egg-info/dependency_links.txt
[10.030s] writing top-level names to abb_egm_msgs.egg-info/top_level.txt
[10.032s] writing manifest file 'abb_egm_msgs.egg-info/SOURCES.txt'
[10.035s] reading manifest file 'abb_egm_msgs.egg-info/SOURCES.txt'
[10.036s] writing manifest file 'abb_egm_msgs.egg-info/SOURCES.txt'
[10.084s] [ 23%] Built target ament_cmake_python_build_abb_egm_msgs_egg
[10.105s] [ 25%] [34m[1mGenerating C++ type support dispatch for ROS interfaces[0m
[10.918s] [ 28%] [32mBuilding CXX object CMakeFiles/abb_egm_msgs__rosidl_typesupport_cpp.dir/rosidl_typesupport_cpp/abb_egm_msgs/msg/egm_channel_state__type_support.cpp.o[0m
[11.439s] [ 30%] [32mBuilding CXX object CMakeFiles/abb_egm_msgs__rosidl_typesupport_cpp.dir/rosidl_typesupport_cpp/abb_egm_msgs/msg/egm_state__type_support.cpp.o[0m
[12.025s] [ 33%] [32m[1mLinking CXX shared library libabb_egm_msgs__rosidl_typesupport_cpp.so[0m
[12.126s] [ 33%] Built target abb_egm_msgs__rosidl_typesupport_cpp
[12.161s] [ 35%] [34m[1mGenerating C code for ROS interfaces[0m
[13.238s] [ 38%] [32mBuilding C object CMakeFiles/abb_egm_msgs__rosidl_generator_c.dir/rosidl_generator_c/abb_egm_msgs/msg/detail/egm_channel_state__functions.c.o[0m
[13.329s] [ 41%] [32mBuilding C object CMakeFiles/abb_egm_msgs__rosidl_generator_c.dir/rosidl_generator_c/abb_egm_msgs/msg/detail/egm_state__functions.c.o[0m
[13.422s] [ 43%] [32m[1mLinking C shared library libabb_egm_msgs__rosidl_generator_c.so[0m
[13.492s] [ 43%] Built target abb_egm_msgs__rosidl_generator_c
[13.512s] [ 46%] [34m[1mGenerating C type support for eProsima Fast-RTPS[0m
[14.317s] [ 48%] [32mBuilding CXX object CMakeFiles/abb_egm_msgs__rosidl_typesupport_fastrtps_c.dir/rosidl_typesupport_fastrtps_c/abb_egm_msgs/msg/detail/egm_channel_state__type_support_c.cpp.o[0m
[14.933s] [ 51%] [32mBuilding CXX object CMakeFiles/abb_egm_msgs__rosidl_typesupport_fastrtps_c.dir/rosidl_typesupport_fastrtps_c/abb_egm_msgs/msg/detail/egm_state__type_support_c.cpp.o[0m
[15.543s] [ 53%] [32m[1mLinking CXX shared library libabb_egm_msgs__rosidl_typesupport_fastrtps_c.so[0m
[15.693s] [ 53%] Built target abb_egm_msgs__rosidl_typesupport_fastrtps_c
[15.711s] [ 56%] [34m[1mGenerating C type support dispatch for ROS interfaces[0m
[16.527s] [ 58%] [32mBuilding CXX object CMakeFiles/abb_egm_msgs__rosidl_typesupport_c.dir/rosidl_typesupport_c/abb_egm_msgs/msg/egm_channel_state__type_support.cpp.o[0m
[16.585s] [ 61%] [32mBuilding CXX object CMakeFiles/abb_egm_msgs__rosidl_typesupport_c.dir/rosidl_typesupport_c/abb_egm_msgs/msg/egm_state__type_support.cpp.o[0m
[16.640s] [ 64%] [32m[1mLinking CXX shared library libabb_egm_msgs__rosidl_typesupport_c.so[0m
[16.726s] [ 64%] Built target abb_egm_msgs__rosidl_typesupport_c
[16.748s] [ 66%] [34m[1mGenerating C introspection for ROS interfaces[0m
[17.610s] [ 69%] [32mBuilding C object CMakeFiles/abb_egm_msgs__rosidl_typesupport_introspection_c.dir/rosidl_typesupport_introspection_c/abb_egm_msgs/msg/detail/egm_channel_state__type_support.c.o[0m
[17.690s] [ 71%] [32mBuilding C object CMakeFiles/abb_egm_msgs__rosidl_typesupport_introspection_c.dir/rosidl_typesupport_introspection_c/abb_egm_msgs/msg/detail/egm_state__type_support.c.o[0m
[17.773s] [ 74%] [32m[1mLinking C shared library libabb_egm_msgs__rosidl_typesupport_introspection_c.so[0m
[17.839s] [ 74%] Built target abb_egm_msgs__rosidl_typesupport_introspection_c
[17.877s] [ 74%] Built target abb_egm_msgs
[17.918s] [ 76%] [34m[1mGenerating Python code for ROS interfaces[0m
[19.426s] [ 76%] Built target abb_egm_msgs__py
[19.469s] [ 79%] [32mBuilding C object CMakeFiles/abb_egm_msgs__rosidl_generator_py.dir/rosidl_generator_py/abb_egm_msgs/msg/_egm_channel_state_s.c.o[0m
[19.690s] [ 82%] [32mBuilding C object CMakeFiles/abb_egm_msgs__rosidl_generator_py.dir/rosidl_generator_py/abb_egm_msgs/msg/_egm_state_s.c.o[0m
[19.878s] [ 84%] [32m[1mLinking C shared library rosidl_generator_py/abb_egm_msgs/libabb_egm_msgs__rosidl_generator_py.so[0m
[19.957s] [ 84%] Built target abb_egm_msgs__rosidl_generator_py
[19.997s] [ 87%] [32mBuilding C object CMakeFiles/abb_egm_msgs__rosidl_typesupport_fastrtps_c__pyext.dir/rosidl_generator_py/abb_egm_msgs/_abb_egm_msgs_s.ep.rosidl_typesupport_fastrtps_c.c.o[0m
[20.194s] [ 89%] [32m[1mLinking C shared library rosidl_generator_py/abb_egm_msgs/abb_egm_msgs_s__rosidl_typesupport_fastrtps_c.cpython-310-x86_64-linux-gnu.so[0m
[20.269s] [ 89%] Built target abb_egm_msgs__rosidl_typesupport_fastrtps_c__pyext
[20.318s] [ 92%] [32mBuilding C object CMakeFiles/abb_egm_msgs__rosidl_typesupport_c__pyext.dir/rosidl_generator_py/abb_egm_msgs/_abb_egm_msgs_s.ep.rosidl_typesupport_c.c.o[0m
[20.546s] [ 94%] [32m[1mLinking C shared library rosidl_generator_py/abb_egm_msgs/abb_egm_msgs_s__rosidl_typesupport_c.cpython-310-x86_64-linux-gnu.so[0m
[20.622s] [ 94%] Built target abb_egm_msgs__rosidl_typesupport_c__pyext
[20.662s] [ 97%] [32mBuilding C object CMakeFiles/abb_egm_msgs__rosidl_typesupport_introspection_c__pyext.dir/rosidl_generator_py/abb_egm_msgs/_abb_egm_msgs_s.ep.rosidl_typesupport_introspection_c.c.o[0m
[20.866s] [100%] [32m[1mLinking C shared library rosidl_generator_py/abb_egm_msgs/abb_egm_msgs_s__rosidl_typesupport_introspection_c.cpython-310-x86_64-linux-gnu.so[0m
[20.945s] [100%] Built target abb_egm_msgs__rosidl_typesupport_introspection_c__pyext
[20.970s] Invoked command in '/home/ubuntu/ros2ws/build/abb_egm_msgs' returned '0': CMAKE_PREFIX_PATH=${CMAKE_PREFIX_PATH}:/opt/ros/humble /usr/bin/cmake --build /home/ubuntu/ros2ws/build/abb_egm_msgs -- -j4 -l4
[21.181s] Invoking command in '/home/ubuntu/ros2ws/build/abb_egm_msgs': CMAKE_PREFIX_PATH=${CMAKE_PREFIX_PATH}:/opt/ros/humble /usr/bin/cmake --install /home/ubuntu/ros2ws/build/abb_egm_msgs
[21.201s] -- Install configuration: ""
[21.204s] -- Execute custom install script
[21.204s] -- Symlinking: /home/ubuntu/ros2ws/install/abb_egm_msgs/share/ament_index/resource_index/rosidl_interfaces/abb_egm_msgs
[21.221s] -- Symlinking: /home/ubuntu/ros2ws/install/abb_egm_msgs/include/abb_egm_msgs/abb_egm_msgs/msg/detail/egm_channel_state__functions.h
[21.236s] -- Symlinking: /home/ubuntu/ros2ws/install/abb_egm_msgs/include/abb_egm_msgs/abb_egm_msgs/msg/detail/egm_channel_state__struct.h
[21.252s] -- Symlinking: /home/ubuntu/ros2ws/install/abb_egm_msgs/include/abb_egm_msgs/abb_egm_msgs/msg/detail/egm_channel_state__type_support.h
[21.269s] -- Symlinking: /home/ubuntu/ros2ws/install/abb_egm_msgs/include/abb_egm_msgs/abb_egm_msgs/msg/detail/egm_state__functions.h
[21.288s] -- Symlinking: /home/ubuntu/ros2ws/install/abb_egm_msgs/include/abb_egm_msgs/abb_egm_msgs/msg/detail/egm_state__struct.h
[21.305s] -- Symlinking: /home/ubuntu/ros2ws/install/abb_egm_msgs/include/abb_egm_msgs/abb_egm_msgs/msg/detail/egm_state__type_support.h
[21.322s] -- Symlinking: /home/ubuntu/ros2ws/install/abb_egm_msgs/include/abb_egm_msgs/abb_egm_msgs/msg/egm_channel_state.h
[21.349s] -- Symlinking: /home/ubuntu/ros2ws/install/abb_egm_msgs/include/abb_egm_msgs/abb_egm_msgs/msg/egm_state.h
[21.368s] -- Symlinking: /home/ubuntu/ros2ws/install/abb_egm_msgs/include/abb_egm_msgs/abb_egm_msgs/msg/rosidl_generator_c__visibility_control.h
[21.381s] -- Symlinking: /home/ubuntu/ros2ws/install/abb_egm_msgs/share/abb_egm_msgs/environment/library_path.sh
[21.400s] -- Symlinking: /home/ubuntu/ros2ws/install/abb_egm_msgs/share/abb_egm_msgs/environment/library_path.dsv
[21.418s] -- Symlinking: /home/ubuntu/ros2ws/install/abb_egm_msgs/include/abb_egm_msgs/abb_egm_msgs/msg/detail/egm_channel_state__rosidl_typesupport_fastrtps_c.h
[21.434s] -- Symlinking: /home/ubuntu/ros2ws/install/abb_egm_msgs/include/abb_egm_msgs/abb_egm_msgs/msg/detail/egm_state__rosidl_typesupport_fastrtps_c.h
[21.455s] -- Symlinking: /home/ubuntu/ros2ws/install/abb_egm_msgs/include/abb_egm_msgs/abb_egm_msgs/msg/rosidl_typesupport_fastrtps_c__visibility_control.h
[21.473s] -- Symlinking: /home/ubuntu/ros2ws/install/abb_egm_msgs/include/abb_egm_msgs/abb_egm_msgs/msg/detail/egm_channel_state__rosidl_typesupport_introspection_c.h
[21.493s] -- Symlinking: /home/ubuntu/ros2ws/install/abb_egm_msgs/include/abb_egm_msgs/abb_egm_msgs/msg/detail/egm_state__rosidl_typesupport_introspection_c.h
[21.522s] -- Symlinking: /home/ubuntu/ros2ws/install/abb_egm_msgs/include/abb_egm_msgs/abb_egm_msgs/msg/rosidl_typesupport_introspection_c__visibility_control.h
[21.540s] -- Symlinking: /home/ubuntu/ros2ws/install/abb_egm_msgs/include/abb_egm_msgs/abb_egm_msgs/msg/detail/egm_channel_state__builder.hpp
[21.559s] -- Symlinking: /home/ubuntu/ros2ws/install/abb_egm_msgs/include/abb_egm_msgs/abb_egm_msgs/msg/detail/egm_channel_state__struct.hpp
[21.576s] -- Symlinking: /home/ubuntu/ros2ws/install/abb_egm_msgs/include/abb_egm_msgs/abb_egm_msgs/msg/detail/egm_channel_state__traits.hpp
[21.598s] -- Symlinking: /home/ubuntu/ros2ws/install/abb_egm_msgs/include/abb_egm_msgs/abb_egm_msgs/msg/detail/egm_state__builder.hpp
[21.618s] -- Symlinking: /home/ubuntu/ros2ws/install/abb_egm_msgs/include/abb_egm_msgs/abb_egm_msgs/msg/detail/egm_state__struct.hpp
[21.634s] -- Symlinking: /home/ubuntu/ros2ws/install/abb_egm_msgs/include/abb_egm_msgs/abb_egm_msgs/msg/detail/egm_state__traits.hpp
[21.650s] -- Symlinking: /home/ubuntu/ros2ws/install/abb_egm_msgs/include/abb_egm_msgs/abb_egm_msgs/msg/egm_channel_state.hpp
[21.667s] -- Symlinking: /home/ubuntu/ros2ws/install/abb_egm_msgs/include/abb_egm_msgs/abb_egm_msgs/msg/egm_state.hpp
[21.683s] -- Symlinking: /home/ubuntu/ros2ws/install/abb_egm_msgs/include/abb_egm_msgs/abb_egm_msgs/msg/detail/egm_channel_state__rosidl_typesupport_fastrtps_cpp.hpp
[21.704s] -- Symlinking: /home/ubuntu/ros2ws/install/abb_egm_msgs/include/abb_egm_msgs/abb_egm_msgs/msg/detail/egm_state__rosidl_typesupport_fastrtps_cpp.hpp
[21.739s] -- Symlinking: /home/ubuntu/ros2ws/install/abb_egm_msgs/include/abb_egm_msgs/abb_egm_msgs/msg/rosidl_typesupport_fastrtps_cpp__visibility_control.h
[21.755s] -- Symlinking: /home/ubuntu/ros2ws/install/abb_egm_msgs/include/abb_egm_msgs/abb_egm_msgs/msg/detail/egm_channel_state__rosidl_typesupport_introspection_cpp.hpp
[21.772s] -- Symlinking: /home/ubuntu/ros2ws/install/abb_egm_msgs/include/abb_egm_msgs/abb_egm_msgs/msg/detail/egm_state__rosidl_typesupport_introspection_cpp.hpp
[21.788s] -- Symlinking: /home/ubuntu/ros2ws/install/abb_egm_msgs/share/abb_egm_msgs/environment/pythonpath.sh
[21.809s] -- Symlinking: /home/ubuntu/ros2ws/install/abb_egm_msgs/share/abb_egm_msgs/environment/pythonpath.dsv
[21.826s] -- Symlinking: /home/ubuntu/ros2ws/install/abb_egm_msgs/local/lib/python3.10/dist-packages/abb_egm_msgs-1.0.0-py3.10.egg-info/PKG-INFO
[21.843s] -- Symlinking: /home/ubuntu/ros2ws/install/abb_egm_msgs/local/lib/python3.10/dist-packages/abb_egm_msgs-1.0.0-py3.10.egg-info/SOURCES.txt
[21.860s] -- Symlinking: /home/ubuntu/ros2ws/install/abb_egm_msgs/local/lib/python3.10/dist-packages/abb_egm_msgs-1.0.0-py3.10.egg-info/dependency_links.txt
[21.876s] -- Symlinking: /home/ubuntu/ros2ws/install/abb_egm_msgs/local/lib/python3.10/dist-packages/abb_egm_msgs-1.0.0-py3.10.egg-info/top_level.txt
[21.896s] -- Symlinking: /home/ubuntu/ros2ws/install/abb_egm_msgs/local/lib/python3.10/dist-packages/abb_egm_msgs/__init__.py
[21.917s] -- Symlinking: /home/ubuntu/ros2ws/install/abb_egm_msgs/local/lib/python3.10/dist-packages/abb_egm_msgs/_abb_egm_msgs_s.ep.rosidl_typesupport_c.c
[21.933s] -- Symlinking: /home/ubuntu/ros2ws/install/abb_egm_msgs/local/lib/python3.10/dist-packages/abb_egm_msgs/_abb_egm_msgs_s.ep.rosidl_typesupport_fastrtps_c.c
[21.953s] -- Symlinking: /home/ubuntu/ros2ws/install/abb_egm_msgs/local/lib/python3.10/dist-packages/abb_egm_msgs/_abb_egm_msgs_s.ep.rosidl_typesupport_introspection_c.c
[21.970s] -- Symlinking: /home/ubuntu/ros2ws/install/abb_egm_msgs/local/lib/python3.10/dist-packages/abb_egm_msgs/abb_egm_msgs_s__rosidl_typesupport_c.cpython-310-x86_64-linux-gnu.so
[21.987s] -- Symlinking: /home/ubuntu/ros2ws/install/abb_egm_msgs/local/lib/python3.10/dist-packages/abb_egm_msgs/abb_egm_msgs_s__rosidl_typesupport_fastrtps_c.cpython-310-x86_64-linux-gnu.so
[22.008s] -- Symlinking: /home/ubuntu/ros2ws/install/abb_egm_msgs/local/lib/python3.10/dist-packages/abb_egm_msgs/abb_egm_msgs_s__rosidl_typesupport_introspection_c.cpython-310-x86_64-linux-gnu.so
[22.027s] -- Symlinking: /home/ubuntu/ros2ws/install/abb_egm_msgs/local/lib/python3.10/dist-packages/abb_egm_msgs/libabb_egm_msgs__rosidl_generator_py.so
[22.043s] -- Symlinking: /home/ubuntu/ros2ws/install/abb_egm_msgs/local/lib/python3.10/dist-packages/abb_egm_msgs/msg/__init__.py
[22.063s] -- Symlinking: /home/ubuntu/ros2ws/install/abb_egm_msgs/local/lib/python3.10/dist-packages/abb_egm_msgs/msg/_egm_channel_state.py
[22.083s] -- Symlinking: /home/ubuntu/ros2ws/install/abb_egm_msgs/local/lib/python3.10/dist-packages/abb_egm_msgs/msg/_egm_channel_state_s.c
[22.103s] -- Symlinking: /home/ubuntu/ros2ws/install/abb_egm_msgs/local/lib/python3.10/dist-packages/abb_egm_msgs/msg/_egm_state.py
[22.118s] -- Symlinking: /home/ubuntu/ros2ws/install/abb_egm_msgs/local/lib/python3.10/dist-packages/abb_egm_msgs/msg/_egm_state_s.c
[22.136s] -- Up-to-date symlink: /home/ubuntu/ros2ws/install/abb_egm_msgs/local/lib/python3.10/dist-packages/abb_egm_msgs/abb_egm_msgs_s__rosidl_typesupport_fastrtps_c.cpython-310-x86_64-linux-gnu.so
[22.136s] -- Up-to-date symlink: /home/ubuntu/ros2ws/install/abb_egm_msgs/local/lib/python3.10/dist-packages/abb_egm_msgs/abb_egm_msgs_s__rosidl_typesupport_introspection_c.cpython-310-x86_64-linux-gnu.so
[22.136s] -- Up-to-date symlink: /home/ubuntu/ros2ws/install/abb_egm_msgs/local/lib/python3.10/dist-packages/abb_egm_msgs/abb_egm_msgs_s__rosidl_typesupport_c.cpython-310-x86_64-linux-gnu.so
[22.137s] -- Symlinking: /home/ubuntu/ros2ws/install/abb_egm_msgs/share/abb_egm_msgs/msg/EGMChannelState.idl
[22.155s] -- Symlinking: /home/ubuntu/ros2ws/install/abb_egm_msgs/share/abb_egm_msgs/msg/EGMState.idl
[22.170s] -- Symlinking: /home/ubuntu/ros2ws/install/abb_egm_msgs/share/abb_egm_msgs/msg/EGMChannelState.msg
[22.192s] -- Symlinking: /home/ubuntu/ros2ws/install/abb_egm_msgs/share/abb_egm_msgs/msg/EGMState.msg
[22.216s] -- Symlinking: /home/ubuntu/ros2ws/install/abb_egm_msgs/share/ament_index/resource_index/package_run_dependencies/abb_egm_msgs
[22.232s] -- Symlinking: /home/ubuntu/ros2ws/install/abb_egm_msgs/share/ament_index/resource_index/parent_prefix_path/abb_egm_msgs
[22.249s] -- Symlinking: /home/ubuntu/ros2ws/install/abb_egm_msgs/share/abb_egm_msgs/environment/ament_prefix_path.sh
[22.266s] -- Symlinking: /home/ubuntu/ros2ws/install/abb_egm_msgs/share/abb_egm_msgs/environment/ament_prefix_path.dsv
[22.282s] -- Symlinking: /home/ubuntu/ros2ws/install/abb_egm_msgs/share/abb_egm_msgs/environment/path.sh
[22.298s] -- Symlinking: /home/ubuntu/ros2ws/install/abb_egm_msgs/share/abb_egm_msgs/environment/path.dsv
[22.320s] -- Symlinking: /home/ubuntu/ros2ws/install/abb_egm_msgs/share/abb_egm_msgs/local_setup.bash
[22.334s] -- Symlinking: /home/ubuntu/ros2ws/install/abb_egm_msgs/share/abb_egm_msgs/local_setup.sh
[22.350s] -- Symlinking: /home/ubuntu/ros2ws/install/abb_egm_msgs/share/abb_egm_msgs/local_setup.zsh
[22.366s] -- Symlinking: /home/ubuntu/ros2ws/install/abb_egm_msgs/share/abb_egm_msgs/local_setup.dsv
[22.382s] -- Symlinking: /home/ubuntu/ros2ws/install/abb_egm_msgs/share/abb_egm_msgs/package.dsv
[22.399s] -- Symlinking: /home/ubuntu/ros2ws/install/abb_egm_msgs/share/ament_index/resource_index/packages/abb_egm_msgs
[22.418s] -- Symlinking: /home/ubuntu/ros2ws/install/abb_egm_msgs/share/abb_egm_msgs/cmake/rosidl_cmake-extras.cmake
[22.438s] -- Symlinking: /home/ubuntu/ros2ws/install/abb_egm_msgs/share/abb_egm_msgs/cmake/ament_cmake_export_dependencies-extras.cmake
[22.457s] -- Symlinking: /home/ubuntu/ros2ws/install/abb_egm_msgs/share/abb_egm_msgs/cmake/ament_cmake_export_include_directories-extras.cmake
[22.475s] -- Symlinking: /home/ubuntu/ros2ws/install/abb_egm_msgs/share/abb_egm_msgs/cmake/ament_cmake_export_libraries-extras.cmake
[22.492s] -- Symlinking: /home/ubuntu/ros2ws/install/abb_egm_msgs/share/abb_egm_msgs/cmake/ament_cmake_export_targets-extras.cmake
[22.510s] -- Symlinking: /home/ubuntu/ros2ws/install/abb_egm_msgs/share/abb_egm_msgs/cmake/rosidl_cmake_export_typesupport_targets-extras.cmake
[22.528s] -- Symlinking: /home/ubuntu/ros2ws/install/abb_egm_msgs/share/abb_egm_msgs/cmake/rosidl_cmake_export_typesupport_libraries-extras.cmake
[22.548s] -- Symlinking: /home/ubuntu/ros2ws/install/abb_egm_msgs/share/abb_egm_msgs/cmake/abb_egm_msgsConfig.cmake
[22.568s] -- Symlinking: /home/ubuntu/ros2ws/install/abb_egm_msgs/share/abb_egm_msgs/cmake/abb_egm_msgsConfig-version.cmake
[22.583s] -- Symlinking: /home/ubuntu/ros2ws/install/abb_egm_msgs/share/abb_egm_msgs/package.xml
[22.602s] -- Installing: /home/ubuntu/ros2ws/install/abb_egm_msgs/lib/libabb_egm_msgs__rosidl_generator_c.so
[22.602s] -- Set runtime path of "/home/ubuntu/ros2ws/install/abb_egm_msgs/lib/libabb_egm_msgs__rosidl_generator_c.so" to ""
[22.602s] -- Installing: /home/ubuntu/ros2ws/install/abb_egm_msgs/lib/libabb_egm_msgs__rosidl_typesupport_fastrtps_c.so
[22.603s] -- Set runtime path of "/home/ubuntu/ros2ws/install/abb_egm_msgs/lib/libabb_egm_msgs__rosidl_typesupport_fastrtps_c.so" to ""
[22.605s] -- Installing: /home/ubuntu/ros2ws/install/abb_egm_msgs/lib/libabb_egm_msgs__rosidl_typesupport_introspection_c.so
[22.606s] -- Set runtime path of "/home/ubuntu/ros2ws/install/abb_egm_msgs/lib/libabb_egm_msgs__rosidl_typesupport_introspection_c.so" to ""
[22.609s] -- Installing: /home/ubuntu/ros2ws/install/abb_egm_msgs/lib/libabb_egm_msgs__rosidl_typesupport_c.so
[22.609s] -- Set runtime path of "/home/ubuntu/ros2ws/install/abb_egm_msgs/lib/libabb_egm_msgs__rosidl_typesupport_c.so" to ""
[22.610s] -- Installing: /home/ubuntu/ros2ws/install/abb_egm_msgs/lib/libabb_egm_msgs__rosidl_typesupport_fastrtps_cpp.so
[22.610s] -- Set runtime path of "/home/ubuntu/ros2ws/install/abb_egm_msgs/lib/libabb_egm_msgs__rosidl_typesupport_fastrtps_cpp.so" to ""
[22.615s] -- Installing: /home/ubuntu/ros2ws/install/abb_egm_msgs/lib/libabb_egm_msgs__rosidl_typesupport_introspection_cpp.so
[22.615s] -- Set runtime path of "/home/ubuntu/ros2ws/install/abb_egm_msgs/lib/libabb_egm_msgs__rosidl_typesupport_introspection_cpp.so" to ""
[22.615s] -- Installing: /home/ubuntu/ros2ws/install/abb_egm_msgs/lib/libabb_egm_msgs__rosidl_typesupport_cpp.so
[22.615s] -- Set runtime path of "/home/ubuntu/ros2ws/install/abb_egm_msgs/lib/libabb_egm_msgs__rosidl_typesupport_cpp.so" to ""
[22.688s] Listing '/home/ubuntu/ros2ws/install/abb_egm_msgs/local/lib/python3.10/dist-packages/abb_egm_msgs'...
[22.688s] Compiling '/home/ubuntu/ros2ws/install/abb_egm_msgs/local/lib/python3.10/dist-packages/abb_egm_msgs/__init__.py'...
[22.688s] Listing '/home/ubuntu/ros2ws/install/abb_egm_msgs/local/lib/python3.10/dist-packages/abb_egm_msgs/msg'...
[22.688s] Compiling '/home/ubuntu/ros2ws/install/abb_egm_msgs/local/lib/python3.10/dist-packages/abb_egm_msgs/msg/__init__.py'...
[22.688s] Compiling '/home/ubuntu/ros2ws/install/abb_egm_msgs/local/lib/python3.10/dist-packages/abb_egm_msgs/msg/_egm_channel_state.py'...
[22.688s] Compiling '/home/ubuntu/ros2ws/install/abb_egm_msgs/local/lib/python3.10/dist-packages/abb_egm_msgs/msg/_egm_state.py'...
[22.696s] -- Installing: /home/ubuntu/ros2ws/install/abb_egm_msgs/lib/libabb_egm_msgs__rosidl_generator_py.so
[22.697s] -- Set runtime path of "/home/ubuntu/ros2ws/install/abb_egm_msgs/lib/libabb_egm_msgs__rosidl_generator_py.so" to ""
[22.697s] -- Installing: /home/ubuntu/ros2ws/install/abb_egm_msgs/share/abb_egm_msgs/cmake/export_abb_egm_msgs__rosidl_generator_cExport.cmake
[22.697s] -- Installing: /home/ubuntu/ros2ws/install/abb_egm_msgs/share/abb_egm_msgs/cmake/export_abb_egm_msgs__rosidl_generator_cExport-noconfig.cmake
[22.700s] -- Installing: /home/ubuntu/ros2ws/install/abb_egm_msgs/share/abb_egm_msgs/cmake/export_abb_egm_msgs__rosidl_typesupport_fastrtps_cExport.cmake
[22.700s] -- Installing: /home/ubuntu/ros2ws/install/abb_egm_msgs/share/abb_egm_msgs/cmake/export_abb_egm_msgs__rosidl_typesupport_fastrtps_cExport-noconfig.cmake
[22.700s] -- Installing: /home/ubuntu/ros2ws/install/abb_egm_msgs/share/abb_egm_msgs/cmake/abb_egm_msgs__rosidl_typesupport_introspection_cExport.cmake
[22.700s] -- Installing: /home/ubuntu/ros2ws/install/abb_egm_msgs/share/abb_egm_msgs/cmake/abb_egm_msgs__rosidl_typesupport_introspection_cExport-noconfig.cmake
[22.700s] -- Installing: /home/ubuntu/ros2ws/install/abb_egm_msgs/share/abb_egm_msgs/cmake/abb_egm_msgs__rosidl_typesupport_cExport.cmake
[22.701s] -- Installing: /home/ubuntu/ros2ws/install/abb_egm_msgs/share/abb_egm_msgs/cmake/abb_egm_msgs__rosidl_typesupport_cExport-noconfig.cmake
[22.701s] -- Installing: /home/ubuntu/ros2ws/install/abb_egm_msgs/share/abb_egm_msgs/cmake/export_abb_egm_msgs__rosidl_generator_cppExport.cmake
[22.703s] -- Installing: /home/ubuntu/ros2ws/install/abb_egm_msgs/share/abb_egm_msgs/cmake/export_abb_egm_msgs__rosidl_typesupport_fastrtps_cppExport.cmake
[22.705s] -- Installing: /home/ubuntu/ros2ws/install/abb_egm_msgs/share/abb_egm_msgs/cmake/export_abb_egm_msgs__rosidl_typesupport_fastrtps_cppExport-noconfig.cmake
[22.705s] -- Installing: /home/ubuntu/ros2ws/install/abb_egm_msgs/share/abb_egm_msgs/cmake/abb_egm_msgs__rosidl_typesupport_introspection_cppExport.cmake
[22.705s] -- Installing: /home/ubuntu/ros2ws/install/abb_egm_msgs/share/abb_egm_msgs/cmake/abb_egm_msgs__rosidl_typesupport_introspection_cppExport-noconfig.cmake
[22.705s] -- Installing: /home/ubuntu/ros2ws/install/abb_egm_msgs/share/abb_egm_msgs/cmake/abb_egm_msgs__rosidl_typesupport_cppExport.cmake
[22.705s] -- Installing: /home/ubuntu/ros2ws/install/abb_egm_msgs/share/abb_egm_msgs/cmake/abb_egm_msgs__rosidl_typesupport_cppExport-noconfig.cmake
[22.705s] -- Installing: /home/ubuntu/ros2ws/install/abb_egm_msgs/share/abb_egm_msgs/cmake/export_abb_egm_msgs__rosidl_generator_pyExport.cmake
[22.705s] -- Installing: /home/ubuntu/ros2ws/install/abb_egm_msgs/share/abb_egm_msgs/cmake/export_abb_egm_msgs__rosidl_generator_pyExport-noconfig.cmake
[22.708s] Invoked command in '/home/ubuntu/ros2ws/build/abb_egm_msgs' returned '0': CMAKE_PREFIX_PATH=${CMAKE_PREFIX_PATH}:/opt/ros/humble /usr/bin/cmake --install /home/ubuntu/ros2ws/build/abb_egm_msgs
