[0.028s] Invoking command in '/home/ubuntu/ros2ws/build/abb_rapid_msgs': CMAKE_PREFIX_PATH=${CMAKE_PREFIX_PATH}:/opt/ros/humble /usr/bin/cmake /home/ubuntu/ros2ws/src/ABBDriver/abb_ros2_msgs/abb_rapid_msgs -DCMAKE_INSTALL_PREFIX=/home/ubuntu/ros2ws/install/abb_rapid_msgs
[0.101s] -- The C compiler identification is GNU 11.4.0
[0.191s] -- The CXX compiler identification is GNU 11.4.0
[0.211s] -- Detecting C compiler ABI info
[0.306s] -- Detecting C compiler ABI info - done
[0.320s] -- Check for working C compiler: /usr/bin/cc - skipped
[0.321s] -- Detecting C compile features
[0.321s] -- Detecting C compile features - done
[0.326s] -- Detecting CXX compiler ABI info
[0.443s] -- Detecting CXX compiler ABI info - done
[0.452s] -- Check for working CXX compiler: /usr/bin/c++ - skipped
[0.455s] -- Detecting CXX compile features
[0.455s] -- Detecting CXX compile features - done
[0.455s] -- Found rosidl_default_generators: 1.2.0 (/opt/ros/humble/share/rosidl_default_generators/cmake)
[0.458s] -- Found ament_cmake_core: 1.3.10 (/opt/ros/humble/share/ament_cmake_core/cmake)
[0.677s] -- Found Python3: /usr/bin/python3 (found version "3.10.12") found components: Interpreter 
[0.872s] -- Using all available rosidl_typesupport_c: rosidl_typesupport_fastrtps_c;rosidl_typesupport_introspection_c
[0.899s] -- Found rosidl_adapter: 3.1.5 (/opt/ros/humble/share/rosidl_adapter/cmake)
[1.105s] -- Using all available rosidl_typesupport_cpp: rosidl_typesupport_fastrtps_cpp;rosidl_typesupport_introspection_cpp
[2.053s] -- Found ament_cmake_ros: 0.10.0 (/opt/ros/humble/share/ament_cmake_ros/cmake)
[2.747s] -- Using all available rosidl_typesupport_c: rosidl_typesupport_fastrtps_c;rosidl_typesupport_introspection_c
[3.736s] -- Using all available rosidl_typesupport_cpp: rosidl_typesupport_fastrtps_cpp;rosidl_typesupport_introspection_cpp
[3.826s] -- Found PythonInterp: /usr/bin/python3 (found suitable version "3.10.12", minimum required is "3.6") 
[3.835s] -- Found python_cmake_module: 0.10.0 (/opt/ros/humble/share/python_cmake_module/cmake)
[3.935s] -- Found PythonLibs: /usr/lib/x86_64-linux-gnu/libpython3.10.so (found suitable version "3.10.12", minimum required is "3.5") 
[3.935s] -- Using PYTHON_EXECUTABLE: /usr/bin/python3
[3.935s] -- Using PYTHON_INCLUDE_DIRS: /usr/include/python3.10
[3.935s] -- Using PYTHON_LIBRARIES: /usr/lib/x86_64-linux-gnu/libpython3.10.so
[4.040s] -- Found PythonExtra: .so  
[4.243s] -- Configuring done
[4.468s] -- Generating done
[4.480s] -- Build files have been written to: /home/ubuntu/ros2ws/build/abb_rapid_msgs
[4.520s] Invoked command in '/home/ubuntu/ros2ws/build/abb_rapid_msgs' returned '0': CMAKE_PREFIX_PATH=${CMAKE_PREFIX_PATH}:/opt/ros/humble /usr/bin/cmake /home/ubuntu/ros2ws/src/ABBDriver/abb_ros2_msgs/abb_rapid_msgs -DCMAKE_INSTALL_PREFIX=/home/ubuntu/ros2ws/install/abb_rapid_msgs
[4.534s] Invoking command in '/home/ubuntu/ros2ws/build/abb_rapid_msgs': CMAKE_PREFIX_PATH=${CMAKE_PREFIX_PATH}:/opt/ros/humble /usr/bin/cmake --build /home/ubuntu/ros2ws/build/abb_rapid_msgs -- -j4 -l4
[4.616s] [  1%] [34m[1mGenerating C code for ROS interfaces[0m
[4.684s] [  1%] [34m[1mGenerating C++ code for ROS interfaces[0m
[4.689s] [  1%] Built target ament_cmake_python_copy_abb_rapid_msgs
[5.601s] running egg_info
[5.601s] creating abb_rapid_msgs.egg-info
[5.602s] writing abb_rapid_msgs.egg-info/PKG-INFO
[5.602s] writing dependency_links to abb_rapid_msgs.egg-info/dependency_links.txt
[5.602s] writing top-level names to abb_rapid_msgs.egg-info/top_level.txt
[5.606s] writing manifest file 'abb_rapid_msgs.egg-info/SOURCES.txt'
[5.611s] reading manifest file 'abb_rapid_msgs.egg-info/SOURCES.txt'
[5.615s] writing manifest file 'abb_rapid_msgs.egg-info/SOURCES.txt'
[5.707s] [  1%] Built target ament_cmake_python_build_abb_rapid_msgs_egg
[9.273s] [  2%] [32mBuilding C object CMakeFiles/abb_rapid_msgs__rosidl_generator_c.dir/rosidl_generator_c/abb_rapid_msgs/msg/detail/conf_data__functions.c.o[0m
[9.417s] [  3%] [32mBuilding C object CMakeFiles/abb_rapid_msgs__rosidl_generator_c.dir/rosidl_generator_c/abb_rapid_msgs/msg/detail/ext_joint__functions.c.o[0m
[9.478s] [  4%] [32mBuilding C object CMakeFiles/abb_rapid_msgs__rosidl_generator_c.dir/rosidl_generator_c/abb_rapid_msgs/msg/detail/joint_target__functions.c.o[0m
[9.583s] [  5%] [32mBuilding C object CMakeFiles/abb_rapid_msgs__rosidl_generator_c.dir/rosidl_generator_c/abb_rapid_msgs/msg/detail/load_data__functions.c.o[0m
[9.585s] [  5%] Built target abb_rapid_msgs__cpp
[9.629s] [  6%] [32mBuilding C object CMakeFiles/abb_rapid_msgs__rosidl_generator_c.dir/rosidl_generator_c/abb_rapid_msgs/msg/detail/orient__functions.c.o[0m
[9.641s] [  7%] [34m[1mGenerating C++ type support dispatch for ROS interfaces[0m
[9.677s] [  8%] [32mBuilding C object CMakeFiles/abb_rapid_msgs__rosidl_generator_c.dir/rosidl_generator_c/abb_rapid_msgs/msg/detail/pos__functions.c.o[0m
[9.803s] [  9%] [32mBuilding C object CMakeFiles/abb_rapid_msgs__rosidl_generator_c.dir/rosidl_generator_c/abb_rapid_msgs/msg/detail/pose__functions.c.o[0m
[9.814s] [  9%] [32mBuilding C object CMakeFiles/abb_rapid_msgs__rosidl_generator_c.dir/rosidl_generator_c/abb_rapid_msgs/msg/detail/rob_joint__functions.c.o[0m
[9.860s] [ 10%] [32mBuilding C object CMakeFiles/abb_rapid_msgs__rosidl_generator_c.dir/rosidl_generator_c/abb_rapid_msgs/msg/detail/rob_target__functions.c.o[0m
[10.000s] [ 11%] [32mBuilding C object CMakeFiles/abb_rapid_msgs__rosidl_generator_c.dir/rosidl_generator_c/abb_rapid_msgs/msg/detail/tool_data__functions.c.o[0m
[10.012s] [ 12%] [32mBuilding C object CMakeFiles/abb_rapid_msgs__rosidl_generator_c.dir/rosidl_generator_c/abb_rapid_msgs/msg/detail/w_obj_data__functions.c.o[0m
[10.086s] [ 12%] [34m[1mGenerating C++ type support for eProsima Fast-RTPS[0m
[10.205s] [ 13%] [32m[1mLinking C shared library libabb_rapid_msgs__rosidl_generator_c.so[0m
[10.213s] [ 14%] [34m[1mGenerating C++ introspection for ROS interfaces[0m
[10.320s] [ 14%] Built target abb_rapid_msgs__rosidl_generator_c
[10.383s] [ 15%] [34m[1mGenerating C type support for eProsima Fast-RTPS[0m
[15.823s] [ 16%] [32mBuilding CXX object CMakeFiles/abb_rapid_msgs__rosidl_typesupport_cpp.dir/rosidl_typesupport_cpp/abb_rapid_msgs/msg/conf_data__type_support.cpp.o[0m
[17.127s] [ 17%] [32mBuilding CXX object CMakeFiles/abb_rapid_msgs__rosidl_typesupport_introspection_cpp.dir/rosidl_typesupport_introspection_cpp/abb_rapid_msgs/msg/detail/conf_data__type_support.cpp.o[0m
[17.180s] [ 18%] [32mBuilding CXX object CMakeFiles/abb_rapid_msgs__rosidl_typesupport_cpp.dir/rosidl_typesupport_cpp/abb_rapid_msgs/msg/ext_joint__type_support.cpp.o[0m
[17.758s] [ 19%] [32mBuilding CXX object CMakeFiles/abb_rapid_msgs__rosidl_typesupport_fastrtps_cpp.dir/rosidl_typesupport_fastrtps_cpp/abb_rapid_msgs/msg/detail/dds_fastrtps/conf_data__type_support.cpp.o[0m
[17.815s] [ 20%] [32mBuilding CXX object CMakeFiles/abb_rapid_msgs__rosidl_typesupport_fastrtps_c.dir/rosidl_typesupport_fastrtps_c/abb_rapid_msgs/msg/detail/conf_data__type_support_c.cpp.o[0m
[18.412s] [ 21%] [32mBuilding CXX object CMakeFiles/abb_rapid_msgs__rosidl_typesupport_cpp.dir/rosidl_typesupport_cpp/abb_rapid_msgs/msg/joint_target__type_support.cpp.o[0m
[19.083s] [ 21%] [32mBuilding CXX object CMakeFiles/abb_rapid_msgs__rosidl_typesupport_introspection_cpp.dir/rosidl_typesupport_introspection_cpp/abb_rapid_msgs/msg/detail/ext_joint__type_support.cpp.o[0m
[19.427s] [ 22%] [32mBuilding CXX object CMakeFiles/abb_rapid_msgs__rosidl_typesupport_fastrtps_cpp.dir/rosidl_typesupport_fastrtps_cpp/abb_rapid_msgs/msg/detail/dds_fastrtps/ext_joint__type_support.cpp.o[0m
[19.519s] [ 23%] [32mBuilding CXX object CMakeFiles/abb_rapid_msgs__rosidl_typesupport_cpp.dir/rosidl_typesupport_cpp/abb_rapid_msgs/msg/load_data__type_support.cpp.o[0m
[19.587s] [ 24%] [32mBuilding CXX object CMakeFiles/abb_rapid_msgs__rosidl_typesupport_fastrtps_c.dir/rosidl_typesupport_fastrtps_c/abb_rapid_msgs/msg/detail/ext_joint__type_support_c.cpp.o[0m
[21.102s] [ 25%] [32mBuilding CXX object CMakeFiles/abb_rapid_msgs__rosidl_typesupport_cpp.dir/rosidl_typesupport_cpp/abb_rapid_msgs/msg/orient__type_support.cpp.o[0m
[21.315s] [ 26%] [32mBuilding CXX object CMakeFiles/abb_rapid_msgs__rosidl_typesupport_introspection_cpp.dir/rosidl_typesupport_introspection_cpp/abb_rapid_msgs/msg/detail/joint_target__type_support.cpp.o[0m
[21.511s] [ 27%] [32mBuilding CXX object CMakeFiles/abb_rapid_msgs__rosidl_typesupport_fastrtps_c.dir/rosidl_typesupport_fastrtps_c/abb_rapid_msgs/msg/detail/joint_target__type_support_c.cpp.o[0m
[21.601s] [ 28%] [32mBuilding CXX object CMakeFiles/abb_rapid_msgs__rosidl_typesupport_fastrtps_cpp.dir/rosidl_typesupport_fastrtps_cpp/abb_rapid_msgs/msg/detail/dds_fastrtps/joint_target__type_support.cpp.o[0m
[22.568s] [ 29%] [32mBuilding CXX object CMakeFiles/abb_rapid_msgs__rosidl_typesupport_cpp.dir/rosidl_typesupport_cpp/abb_rapid_msgs/msg/pos__type_support.cpp.o[0m
[23.469s] [ 30%] [32mBuilding CXX object CMakeFiles/abb_rapid_msgs__rosidl_typesupport_fastrtps_c.dir/rosidl_typesupport_fastrtps_c/abb_rapid_msgs/msg/detail/load_data__type_support_c.cpp.o[0m
[23.597s] [ 31%] [32mBuilding CXX object CMakeFiles/abb_rapid_msgs__rosidl_typesupport_introspection_cpp.dir/rosidl_typesupport_introspection_cpp/abb_rapid_msgs/msg/detail/load_data__type_support.cpp.o[0m
[23.763s] [ 32%] [32mBuilding CXX object CMakeFiles/abb_rapid_msgs__rosidl_typesupport_fastrtps_cpp.dir/rosidl_typesupport_fastrtps_cpp/abb_rapid_msgs/msg/detail/dds_fastrtps/load_data__type_support.cpp.o[0m
[24.089s] [ 33%] [32mBuilding CXX object CMakeFiles/abb_rapid_msgs__rosidl_typesupport_cpp.dir/rosidl_typesupport_cpp/abb_rapid_msgs/msg/pose__type_support.cpp.o[0m
[25.045s] [ 33%] [32mBuilding CXX object CMakeFiles/abb_rapid_msgs__rosidl_typesupport_fastrtps_c.dir/rosidl_typesupport_fastrtps_c/abb_rapid_msgs/msg/detail/orient__type_support_c.cpp.o[0m
[25.782s] [ 33%] [32mBuilding CXX object CMakeFiles/abb_rapid_msgs__rosidl_typesupport_cpp.dir/rosidl_typesupport_cpp/abb_rapid_msgs/msg/rob_joint__type_support.cpp.o[0m
[26.147s] [ 34%] [32mBuilding CXX object CMakeFiles/abb_rapid_msgs__rosidl_typesupport_introspection_cpp.dir/rosidl_typesupport_introspection_cpp/abb_rapid_msgs/msg/detail/orient__type_support.cpp.o[0m
[26.249s] [ 35%] [32mBuilding CXX object CMakeFiles/abb_rapid_msgs__rosidl_typesupport_fastrtps_cpp.dir/rosidl_typesupport_fastrtps_cpp/abb_rapid_msgs/msg/detail/dds_fastrtps/orient__type_support.cpp.o[0m
[26.774s] [ 36%] [32mBuilding CXX object CMakeFiles/abb_rapid_msgs__rosidl_typesupport_cpp.dir/rosidl_typesupport_cpp/abb_rapid_msgs/msg/rob_target__type_support.cpp.o[0m
[26.804s] [ 37%] [32mBuilding CXX object CMakeFiles/abb_rapid_msgs__rosidl_typesupport_fastrtps_c.dir/rosidl_typesupport_fastrtps_c/abb_rapid_msgs/msg/detail/pos__type_support_c.cpp.o[0m
[28.175s] [ 38%] [32mBuilding CXX object CMakeFiles/abb_rapid_msgs__rosidl_typesupport_introspection_cpp.dir/rosidl_typesupport_introspection_cpp/abb_rapid_msgs/msg/detail/pos__type_support.cpp.o[0m
[28.186s] [ 39%] [32mBuilding CXX object CMakeFiles/abb_rapid_msgs__rosidl_typesupport_fastrtps_cpp.dir/rosidl_typesupport_fastrtps_cpp/abb_rapid_msgs/msg/detail/dds_fastrtps/pos__type_support.cpp.o[0m
[28.215s] [ 40%] [32mBuilding CXX object CMakeFiles/abb_rapid_msgs__rosidl_typesupport_cpp.dir/rosidl_typesupport_cpp/abb_rapid_msgs/msg/tool_data__type_support.cpp.o[0m
[28.371s] [ 41%] [32mBuilding CXX object CMakeFiles/abb_rapid_msgs__rosidl_typesupport_fastrtps_c.dir/rosidl_typesupport_fastrtps_c/abb_rapid_msgs/msg/detail/pose__type_support_c.cpp.o[0m
[29.586s] [ 42%] [32mBuilding CXX object CMakeFiles/abb_rapid_msgs__rosidl_typesupport_cpp.dir/rosidl_typesupport_cpp/abb_rapid_msgs/msg/w_obj_data__type_support.cpp.o[0m
[29.722s] [ 43%] [32mBuilding CXX object CMakeFiles/abb_rapid_msgs__rosidl_typesupport_fastrtps_cpp.dir/rosidl_typesupport_fastrtps_cpp/abb_rapid_msgs/msg/detail/dds_fastrtps/pose__type_support.cpp.o[0m
[29.988s] [ 44%] [32mBuilding CXX object CMakeFiles/abb_rapid_msgs__rosidl_typesupport_fastrtps_c.dir/rosidl_typesupport_fastrtps_c/abb_rapid_msgs/msg/detail/rob_joint__type_support_c.cpp.o[0m
[30.117s] [ 45%] [32mBuilding CXX object CMakeFiles/abb_rapid_msgs__rosidl_typesupport_introspection_cpp.dir/rosidl_typesupport_introspection_cpp/abb_rapid_msgs/msg/detail/pose__type_support.cpp.o[0m
[30.663s] [ 46%] [32m[1mLinking CXX shared library libabb_rapid_msgs__rosidl_typesupport_cpp.so[0m
[30.861s] [ 46%] Built target abb_rapid_msgs__rosidl_typesupport_cpp
[31.055s] [ 47%] [32mBuilding CXX object CMakeFiles/abb_rapid_msgs__rosidl_typesupport_fastrtps_c.dir/rosidl_typesupport_fastrtps_c/abb_rapid_msgs/msg/detail/rob_target__type_support_c.cpp.o[0m
[31.411s] [ 48%] [32mBuilding CXX object CMakeFiles/abb_rapid_msgs__rosidl_typesupport_fastrtps_cpp.dir/rosidl_typesupport_fastrtps_cpp/abb_rapid_msgs/msg/detail/dds_fastrtps/rob_joint__type_support.cpp.o[0m
[31.732s] [ 49%] [32mBuilding CXX object CMakeFiles/abb_rapid_msgs__rosidl_typesupport_introspection_cpp.dir/rosidl_typesupport_introspection_cpp/abb_rapid_msgs/msg/detail/rob_joint__type_support.cpp.o[0m
[32.494s] [ 50%] [32mBuilding CXX object CMakeFiles/abb_rapid_msgs__rosidl_typesupport_fastrtps_c.dir/rosidl_typesupport_fastrtps_c/abb_rapid_msgs/msg/detail/tool_data__type_support_c.cpp.o[0m
[33.066s] [ 51%] [32mBuilding CXX object CMakeFiles/abb_rapid_msgs__rosidl_typesupport_fastrtps_cpp.dir/rosidl_typesupport_fastrtps_cpp/abb_rapid_msgs/msg/detail/dds_fastrtps/rob_target__type_support.cpp.o[0m
[33.264s] [ 52%] [32mBuilding CXX object CMakeFiles/abb_rapid_msgs__rosidl_typesupport_introspection_cpp.dir/rosidl_typesupport_introspection_cpp/abb_rapid_msgs/msg/detail/rob_target__type_support.cpp.o[0m
[33.773s] [ 53%] [32mBuilding CXX object CMakeFiles/abb_rapid_msgs__rosidl_typesupport_fastrtps_c.dir/rosidl_typesupport_fastrtps_c/abb_rapid_msgs/msg/detail/w_obj_data__type_support_c.cpp.o[0m
[34.444s] [ 54%] [32mBuilding CXX object CMakeFiles/abb_rapid_msgs__rosidl_typesupport_introspection_cpp.dir/rosidl_typesupport_introspection_cpp/abb_rapid_msgs/msg/detail/tool_data__type_support.cpp.o[0m
[34.521s] [ 54%] [32mBuilding CXX object CMakeFiles/abb_rapid_msgs__rosidl_typesupport_fastrtps_cpp.dir/rosidl_typesupport_fastrtps_cpp/abb_rapid_msgs/msg/detail/dds_fastrtps/tool_data__type_support.cpp.o[0m
[35.070s] [ 55%] [32m[1mLinking CXX shared library libabb_rapid_msgs__rosidl_typesupport_fastrtps_c.so[0m
[35.293s] [ 56%] [32mBuilding CXX object CMakeFiles/abb_rapid_msgs__rosidl_typesupport_introspection_cpp.dir/rosidl_typesupport_introspection_cpp/abb_rapid_msgs/msg/detail/w_obj_data__type_support.cpp.o[0m
[35.334s] [ 56%] Built target abb_rapid_msgs__rosidl_typesupport_fastrtps_c
[35.733s] [ 57%] [32mBuilding CXX object CMakeFiles/abb_rapid_msgs__rosidl_typesupport_fastrtps_cpp.dir/rosidl_typesupport_fastrtps_cpp/abb_rapid_msgs/msg/detail/dds_fastrtps/w_obj_data__type_support.cpp.o[0m
[36.245s] [ 58%] [32m[1mLinking CXX shared library libabb_rapid_msgs__rosidl_typesupport_introspection_cpp.so[0m
[36.467s] [ 58%] Built target abb_rapid_msgs__rosidl_typesupport_introspection_cpp
[36.613s] [ 59%] [32m[1mLinking CXX shared library libabb_rapid_msgs__rosidl_typesupport_fastrtps_cpp.so[0m
[36.826s] [ 59%] Built target abb_rapid_msgs__rosidl_typesupport_fastrtps_cpp
[36.845s] [ 60%] [34m[1mGenerating C type support dispatch for ROS interfaces[0m
[38.852s] [ 61%] [32mBuilding CXX object CMakeFiles/abb_rapid_msgs__rosidl_typesupport_c.dir/rosidl_typesupport_c/abb_rapid_msgs/msg/conf_data__type_support.cpp.o[0m
[38.900s] [ 61%] [32mBuilding CXX object CMakeFiles/abb_rapid_msgs__rosidl_typesupport_c.dir/rosidl_typesupport_c/abb_rapid_msgs/msg/joint_target__type_support.cpp.o[0m
[38.948s] [ 62%] [32mBuilding CXX object CMakeFiles/abb_rapid_msgs__rosidl_typesupport_c.dir/rosidl_typesupport_c/abb_rapid_msgs/msg/load_data__type_support.cpp.o[0m
[39.001s] [ 63%] [32mBuilding CXX object CMakeFiles/abb_rapid_msgs__rosidl_typesupport_c.dir/rosidl_typesupport_c/abb_rapid_msgs/msg/orient__type_support.cpp.o[0m
[39.051s] [ 64%] [32mBuilding CXX object CMakeFiles/abb_rapid_msgs__rosidl_typesupport_c.dir/rosidl_typesupport_c/abb_rapid_msgs/msg/pos__type_support.cpp.o[0m
[39.107s] [ 65%] [32mBuilding CXX object CMakeFiles/abb_rapid_msgs__rosidl_typesupport_c.dir/rosidl_typesupport_c/abb_rapid_msgs/msg/pose__type_support.cpp.o[0m
[39.154s] [ 66%] [32mBuilding CXX object CMakeFiles/abb_rapid_msgs__rosidl_typesupport_c.dir/rosidl_typesupport_c/abb_rapid_msgs/msg/rob_joint__type_support.cpp.o[0m
[39.201s] [ 67%] [32mBuilding CXX object CMakeFiles/abb_rapid_msgs__rosidl_typesupport_c.dir/rosidl_typesupport_c/abb_rapid_msgs/msg/rob_target__type_support.cpp.o[0m
[39.254s] [ 68%] [32mBuilding CXX object CMakeFiles/abb_rapid_msgs__rosidl_typesupport_c.dir/rosidl_typesupport_c/abb_rapid_msgs/msg/tool_data__type_support.cpp.o[0m
[39.306s] [ 69%] [32mBuilding CXX object CMakeFiles/abb_rapid_msgs__rosidl_typesupport_c.dir/rosidl_typesupport_c/abb_rapid_msgs/msg/w_obj_data__type_support.cpp.o[0m
[39.370s] [ 70%] [32mBuilding CXX object CMakeFiles/abb_rapid_msgs__rosidl_typesupport_c.dir/rosidl_typesupport_c/abb_rapid_msgs/msg/ext_joint__type_support.cpp.o[0m
[39.427s] [ 71%] [32m[1mLinking CXX shared library libabb_rapid_msgs__rosidl_typesupport_c.so[0m
[39.505s] [ 71%] Built target abb_rapid_msgs__rosidl_typesupport_c
[39.524s] [ 72%] [34m[1mGenerating C introspection for ROS interfaces[0m
[41.969s] [ 73%] [32mBuilding C object CMakeFiles/abb_rapid_msgs__rosidl_typesupport_introspection_c.dir/rosidl_typesupport_introspection_c/abb_rapid_msgs/msg/detail/conf_data__type_support.c.o[0m
[42.048s] [ 74%] [32mBuilding C object CMakeFiles/abb_rapid_msgs__rosidl_typesupport_introspection_c.dir/rosidl_typesupport_introspection_c/abb_rapid_msgs/msg/detail/load_data__type_support.c.o[0m
[42.115s] [ 75%] [32mBuilding C object CMakeFiles/abb_rapid_msgs__rosidl_typesupport_introspection_c.dir/rosidl_typesupport_introspection_c/abb_rapid_msgs/msg/detail/orient__type_support.c.o[0m
[42.173s] [ 76%] [32mBuilding C object CMakeFiles/abb_rapid_msgs__rosidl_typesupport_introspection_c.dir/rosidl_typesupport_introspection_c/abb_rapid_msgs/msg/detail/pos__type_support.c.o[0m
[42.244s] [ 76%] [32mBuilding C object CMakeFiles/abb_rapid_msgs__rosidl_typesupport_introspection_c.dir/rosidl_typesupport_introspection_c/abb_rapid_msgs/msg/detail/pose__type_support.c.o[0m
[42.310s] [ 77%] [32mBuilding C object CMakeFiles/abb_rapid_msgs__rosidl_typesupport_introspection_c.dir/rosidl_typesupport_introspection_c/abb_rapid_msgs/msg/detail/rob_joint__type_support.c.o[0m
[42.377s] [ 78%] [32mBuilding C object CMakeFiles/abb_rapid_msgs__rosidl_typesupport_introspection_c.dir/rosidl_typesupport_introspection_c/abb_rapid_msgs/msg/detail/rob_target__type_support.c.o[0m
[42.443s] [ 79%] [32mBuilding C object CMakeFiles/abb_rapid_msgs__rosidl_typesupport_introspection_c.dir/rosidl_typesupport_introspection_c/abb_rapid_msgs/msg/detail/tool_data__type_support.c.o[0m
[42.502s] [ 80%] [32mBuilding C object CMakeFiles/abb_rapid_msgs__rosidl_typesupport_introspection_c.dir/rosidl_typesupport_introspection_c/abb_rapid_msgs/msg/detail/w_obj_data__type_support.c.o[0m
[42.570s] [ 81%] [32mBuilding C object CMakeFiles/abb_rapid_msgs__rosidl_typesupport_introspection_c.dir/rosidl_typesupport_introspection_c/abb_rapid_msgs/msg/detail/joint_target__type_support.c.o[0m
[42.630s] [ 82%] [32mBuilding C object CMakeFiles/abb_rapid_msgs__rosidl_typesupport_introspection_c.dir/rosidl_typesupport_introspection_c/abb_rapid_msgs/msg/detail/ext_joint__type_support.c.o[0m
[42.690s] [ 83%] [32m[1mLinking C shared library libabb_rapid_msgs__rosidl_typesupport_introspection_c.so[0m
[42.754s] [ 83%] Built target abb_rapid_msgs__rosidl_typesupport_introspection_c
[42.790s] [ 83%] Built target abb_rapid_msgs
[42.831s] [ 84%] [34m[1mGenerating Python code for ROS interfaces[0m
[47.405s] [ 84%] Built target abb_rapid_msgs__py
[47.446s] [ 85%] [32mBuilding C object CMakeFiles/abb_rapid_msgs__rosidl_generator_py.dir/rosidl_generator_py/abb_rapid_msgs/msg/_conf_data_s.c.o[0m
[47.634s] [ 86%] [32mBuilding C object CMakeFiles/abb_rapid_msgs__rosidl_generator_py.dir/rosidl_generator_py/abb_rapid_msgs/msg/_load_data_s.c.o[0m
[47.826s] [ 87%] [32mBuilding C object CMakeFiles/abb_rapid_msgs__rosidl_generator_py.dir/rosidl_generator_py/abb_rapid_msgs/msg/_orient_s.c.o[0m
[48.010s] [ 87%] [32mBuilding C object CMakeFiles/abb_rapid_msgs__rosidl_generator_py.dir/rosidl_generator_py/abb_rapid_msgs/msg/_pos_s.c.o[0m
[48.198s] [ 88%] [32mBuilding C object CMakeFiles/abb_rapid_msgs__rosidl_generator_py.dir/rosidl_generator_py/abb_rapid_msgs/msg/_pose_s.c.o[0m
[48.371s] [ 89%] [32mBuilding C object CMakeFiles/abb_rapid_msgs__rosidl_generator_py.dir/rosidl_generator_py/abb_rapid_msgs/msg/_rob_joint_s.c.o[0m
[48.548s] [ 90%] [32mBuilding C object CMakeFiles/abb_rapid_msgs__rosidl_generator_py.dir/rosidl_generator_py/abb_rapid_msgs/msg/_rob_target_s.c.o[0m
[48.738s] [ 91%] [32mBuilding C object CMakeFiles/abb_rapid_msgs__rosidl_generator_py.dir/rosidl_generator_py/abb_rapid_msgs/msg/_tool_data_s.c.o[0m
[48.913s] [ 92%] [32mBuilding C object CMakeFiles/abb_rapid_msgs__rosidl_generator_py.dir/rosidl_generator_py/abb_rapid_msgs/msg/_w_obj_data_s.c.o[0m
[49.101s] [ 93%] [32mBuilding C object CMakeFiles/abb_rapid_msgs__rosidl_generator_py.dir/rosidl_generator_py/abb_rapid_msgs/msg/_joint_target_s.c.o[0m
[49.288s] [ 94%] [32mBuilding C object CMakeFiles/abb_rapid_msgs__rosidl_generator_py.dir/rosidl_generator_py/abb_rapid_msgs/msg/_ext_joint_s.c.o[0m
[49.498s] [ 95%] [32m[1mLinking C shared library rosidl_generator_py/abb_rapid_msgs/libabb_rapid_msgs__rosidl_generator_py.so[0m
[49.572s] [ 95%] Built target abb_rapid_msgs__rosidl_generator_py
[49.614s] [ 96%] [32mBuilding C object CMakeFiles/abb_rapid_msgs__rosidl_typesupport_fastrtps_c__pyext.dir/rosidl_generator_py/abb_rapid_msgs/_abb_rapid_msgs_s.ep.rosidl_typesupport_fastrtps_c.c.o[0m
[49.839s] [ 97%] [32m[1mLinking C shared library rosidl_generator_py/abb_rapid_msgs/abb_rapid_msgs_s__rosidl_typesupport_fastrtps_c.cpython-310-x86_64-linux-gnu.so[0m
[49.910s] [ 97%] Built target abb_rapid_msgs__rosidl_typesupport_fastrtps_c__pyext
[49.945s] [ 97%] [32mBuilding C object CMakeFiles/abb_rapid_msgs__rosidl_typesupport_c__pyext.dir/rosidl_generator_py/abb_rapid_msgs/_abb_rapid_msgs_s.ep.rosidl_typesupport_c.c.o[0m
[50.181s] [ 98%] [32m[1mLinking C shared library rosidl_generator_py/abb_rapid_msgs/abb_rapid_msgs_s__rosidl_typesupport_c.cpython-310-x86_64-linux-gnu.so[0m
[50.241s] [ 98%] Built target abb_rapid_msgs__rosidl_typesupport_c__pyext
[50.280s] [ 99%] [32mBuilding C object CMakeFiles/abb_rapid_msgs__rosidl_typesupport_introspection_c__pyext.dir/rosidl_generator_py/abb_rapid_msgs/_abb_rapid_msgs_s.ep.rosidl_typesupport_introspection_c.c.o[0m
[50.495s] [100%] [32m[1mLinking C shared library rosidl_generator_py/abb_rapid_msgs/abb_rapid_msgs_s__rosidl_typesupport_introspection_c.cpython-310-x86_64-linux-gnu.so[0m
[50.554s] [100%] Built target abb_rapid_msgs__rosidl_typesupport_introspection_c__pyext
[50.580s] Invoked command in '/home/ubuntu/ros2ws/build/abb_rapid_msgs' returned '0': CMAKE_PREFIX_PATH=${CMAKE_PREFIX_PATH}:/opt/ros/humble /usr/bin/cmake --build /home/ubuntu/ros2ws/build/abb_rapid_msgs -- -j4 -l4
[51.127s] Invoking command in '/home/ubuntu/ros2ws/build/abb_rapid_msgs': CMAKE_PREFIX_PATH=${CMAKE_PREFIX_PATH}:/opt/ros/humble /usr/bin/cmake --install /home/ubuntu/ros2ws/build/abb_rapid_msgs
[51.149s] -- Install configuration: ""
[51.150s] -- Installing: /home/ubuntu/ros2ws/install/abb_rapid_msgs/share/ament_index/resource_index/rosidl_interfaces/abb_rapid_msgs
[51.151s] -- Installing: /home/ubuntu/ros2ws/install/abb_rapid_msgs/include/abb_rapid_msgs/abb_rapid_msgs
[51.151s] -- Installing: /home/ubuntu/ros2ws/install/abb_rapid_msgs/include/abb_rapid_msgs/abb_rapid_msgs/msg
[51.151s] -- Installing: /home/ubuntu/ros2ws/install/abb_rapid_msgs/include/abb_rapid_msgs/abb_rapid_msgs/msg/w_obj_data.h
[51.154s] -- Installing: /home/ubuntu/ros2ws/install/abb_rapid_msgs/include/abb_rapid_msgs/abb_rapid_msgs/msg/orient.h
[51.154s] -- Installing: /home/ubuntu/ros2ws/install/abb_rapid_msgs/include/abb_rapid_msgs/abb_rapid_msgs/msg/rob_target.h
[51.154s] -- Installing: /home/ubuntu/ros2ws/install/abb_rapid_msgs/include/abb_rapid_msgs/abb_rapid_msgs/msg/load_data.h
[51.154s] -- Installing: /home/ubuntu/ros2ws/install/abb_rapid_msgs/include/abb_rapid_msgs/abb_rapid_msgs/msg/ext_joint.h
[51.154s] -- Installing: /home/ubuntu/ros2ws/install/abb_rapid_msgs/include/abb_rapid_msgs/abb_rapid_msgs/msg/rosidl_generator_c__visibility_control.h
[51.155s] -- Installing: /home/ubuntu/ros2ws/install/abb_rapid_msgs/include/abb_rapid_msgs/abb_rapid_msgs/msg/rob_joint.h
[51.155s] -- Installing: /home/ubuntu/ros2ws/install/abb_rapid_msgs/include/abb_rapid_msgs/abb_rapid_msgs/msg/tool_data.h
[51.155s] -- Installing: /home/ubuntu/ros2ws/install/abb_rapid_msgs/include/abb_rapid_msgs/abb_rapid_msgs/msg/conf_data.h
[51.155s] -- Installing: /home/ubuntu/ros2ws/install/abb_rapid_msgs/include/abb_rapid_msgs/abb_rapid_msgs/msg/pos.h
[51.155s] -- Installing: /home/ubuntu/ros2ws/install/abb_rapid_msgs/include/abb_rapid_msgs/abb_rapid_msgs/msg/detail
[51.156s] -- Installing: /home/ubuntu/ros2ws/install/abb_rapid_msgs/include/abb_rapid_msgs/abb_rapid_msgs/msg/detail/ext_joint__type_support.h
[51.158s] -- Installing: /home/ubuntu/ros2ws/install/abb_rapid_msgs/include/abb_rapid_msgs/abb_rapid_msgs/msg/detail/ext_joint__struct.h
[51.158s] -- Installing: /home/ubuntu/ros2ws/install/abb_rapid_msgs/include/abb_rapid_msgs/abb_rapid_msgs/msg/detail/rob_target__type_support.h
[51.159s] -- Installing: /home/ubuntu/ros2ws/install/abb_rapid_msgs/include/abb_rapid_msgs/abb_rapid_msgs/msg/detail/pos__functions.h
[51.159s] -- Installing: /home/ubuntu/ros2ws/install/abb_rapid_msgs/include/abb_rapid_msgs/abb_rapid_msgs/msg/detail/rob_joint__functions.h
[51.159s] -- Installing: /home/ubuntu/ros2ws/install/abb_rapid_msgs/include/abb_rapid_msgs/abb_rapid_msgs/msg/detail/rob_joint__struct.h
[51.159s] -- Installing: /home/ubuntu/ros2ws/install/abb_rapid_msgs/include/abb_rapid_msgs/abb_rapid_msgs/msg/detail/conf_data__functions.c
[51.159s] -- Installing: /home/ubuntu/ros2ws/install/abb_rapid_msgs/include/abb_rapid_msgs/abb_rapid_msgs/msg/detail/rob_target__functions.h
[51.160s] -- Installing: /home/ubuntu/ros2ws/install/abb_rapid_msgs/include/abb_rapid_msgs/abb_rapid_msgs/msg/detail/w_obj_data__functions.h
[51.160s] -- Installing: /home/ubuntu/ros2ws/install/abb_rapid_msgs/include/abb_rapid_msgs/abb_rapid_msgs/msg/detail/load_data__functions.h
[51.160s] -- Installing: /home/ubuntu/ros2ws/install/abb_rapid_msgs/include/abb_rapid_msgs/abb_rapid_msgs/msg/detail/pos__struct.h
[51.160s] -- Installing: /home/ubuntu/ros2ws/install/abb_rapid_msgs/include/abb_rapid_msgs/abb_rapid_msgs/msg/detail/joint_target__struct.h
[51.160s] -- Installing: /home/ubuntu/ros2ws/install/abb_rapid_msgs/include/abb_rapid_msgs/abb_rapid_msgs/msg/detail/rob_joint__functions.c
[51.161s] -- Installing: /home/ubuntu/ros2ws/install/abb_rapid_msgs/include/abb_rapid_msgs/abb_rapid_msgs/msg/detail/joint_target__type_support.h
[51.161s] -- Installing: /home/ubuntu/ros2ws/install/abb_rapid_msgs/include/abb_rapid_msgs/abb_rapid_msgs/msg/detail/orient__functions.c
[51.161s] -- Installing: /home/ubuntu/ros2ws/install/abb_rapid_msgs/include/abb_rapid_msgs/abb_rapid_msgs/msg/detail/ext_joint__functions.c
[51.164s] -- Installing: /home/ubuntu/ros2ws/install/abb_rapid_msgs/include/abb_rapid_msgs/abb_rapid_msgs/msg/detail/pos__functions.c
[51.165s] -- Installing: /home/ubuntu/ros2ws/install/abb_rapid_msgs/include/abb_rapid_msgs/abb_rapid_msgs/msg/detail/orient__functions.h
[51.165s] -- Installing: /home/ubuntu/ros2ws/install/abb_rapid_msgs/include/abb_rapid_msgs/abb_rapid_msgs/msg/detail/conf_data__functions.h
[51.166s] -- Installing: /home/ubuntu/ros2ws/install/abb_rapid_msgs/include/abb_rapid_msgs/abb_rapid_msgs/msg/detail/rob_target__struct.h
[51.166s] -- Installing: /home/ubuntu/ros2ws/install/abb_rapid_msgs/include/abb_rapid_msgs/abb_rapid_msgs/msg/detail/conf_data__struct.h
[51.166s] -- Installing: /home/ubuntu/ros2ws/install/abb_rapid_msgs/include/abb_rapid_msgs/abb_rapid_msgs/msg/detail/w_obj_data__struct.h
[51.167s] -- Installing: /home/ubuntu/ros2ws/install/abb_rapid_msgs/include/abb_rapid_msgs/abb_rapid_msgs/msg/detail/joint_target__functions.c
[51.167s] -- Installing: /home/ubuntu/ros2ws/install/abb_rapid_msgs/include/abb_rapid_msgs/abb_rapid_msgs/msg/detail/load_data__struct.h
[51.167s] -- Installing: /home/ubuntu/ros2ws/install/abb_rapid_msgs/include/abb_rapid_msgs/abb_rapid_msgs/msg/detail/pose__functions.h
[51.168s] -- Installing: /home/ubuntu/ros2ws/install/abb_rapid_msgs/include/abb_rapid_msgs/abb_rapid_msgs/msg/detail/load_data__type_support.h
[51.168s] -- Installing: /home/ubuntu/ros2ws/install/abb_rapid_msgs/include/abb_rapid_msgs/abb_rapid_msgs/msg/detail/tool_data__struct.h
[51.169s] -- Installing: /home/ubuntu/ros2ws/install/abb_rapid_msgs/include/abb_rapid_msgs/abb_rapid_msgs/msg/detail/ext_joint__functions.h
[51.170s] -- Installing: /home/ubuntu/ros2ws/install/abb_rapid_msgs/include/abb_rapid_msgs/abb_rapid_msgs/msg/detail/joint_target__functions.h
[51.170s] -- Installing: /home/ubuntu/ros2ws/install/abb_rapid_msgs/include/abb_rapid_msgs/abb_rapid_msgs/msg/detail/pos__type_support.h
[51.171s] -- Installing: /home/ubuntu/ros2ws/install/abb_rapid_msgs/include/abb_rapid_msgs/abb_rapid_msgs/msg/detail/tool_data__functions.c
[51.171s] -- Installing: /home/ubuntu/ros2ws/install/abb_rapid_msgs/include/abb_rapid_msgs/abb_rapid_msgs/msg/detail/pose__functions.c
[51.171s] -- Installing: /home/ubuntu/ros2ws/install/abb_rapid_msgs/include/abb_rapid_msgs/abb_rapid_msgs/msg/detail/conf_data__type_support.h
[51.171s] -- Installing: /home/ubuntu/ros2ws/install/abb_rapid_msgs/include/abb_rapid_msgs/abb_rapid_msgs/msg/detail/orient__type_support.h
[51.171s] -- Installing: /home/ubuntu/ros2ws/install/abb_rapid_msgs/include/abb_rapid_msgs/abb_rapid_msgs/msg/detail/rob_joint__type_support.h
[51.172s] -- Installing: /home/ubuntu/ros2ws/install/abb_rapid_msgs/include/abb_rapid_msgs/abb_rapid_msgs/msg/detail/w_obj_data__functions.c
[51.172s] -- Installing: /home/ubuntu/ros2ws/install/abb_rapid_msgs/include/abb_rapid_msgs/abb_rapid_msgs/msg/detail/load_data__functions.c
[51.172s] -- Installing: /home/ubuntu/ros2ws/install/abb_rapid_msgs/include/abb_rapid_msgs/abb_rapid_msgs/msg/detail/rob_target__functions.c
[51.172s] -- Installing: /home/ubuntu/ros2ws/install/abb_rapid_msgs/include/abb_rapid_msgs/abb_rapid_msgs/msg/detail/pose__type_support.h
[51.172s] -- Installing: /home/ubuntu/ros2ws/install/abb_rapid_msgs/include/abb_rapid_msgs/abb_rapid_msgs/msg/detail/orient__struct.h
[51.175s] -- Installing: /home/ubuntu/ros2ws/install/abb_rapid_msgs/include/abb_rapid_msgs/abb_rapid_msgs/msg/detail/tool_data__type_support.h
[51.176s] -- Installing: /home/ubuntu/ros2ws/install/abb_rapid_msgs/include/abb_rapid_msgs/abb_rapid_msgs/msg/detail/pose__struct.h
[51.176s] -- Installing: /home/ubuntu/ros2ws/install/abb_rapid_msgs/include/abb_rapid_msgs/abb_rapid_msgs/msg/detail/tool_data__functions.h
[51.176s] -- Installing: /home/ubuntu/ros2ws/install/abb_rapid_msgs/include/abb_rapid_msgs/abb_rapid_msgs/msg/detail/w_obj_data__type_support.h
[51.176s] -- Installing: /home/ubuntu/ros2ws/install/abb_rapid_msgs/include/abb_rapid_msgs/abb_rapid_msgs/msg/joint_target.h
[51.177s] -- Installing: /home/ubuntu/ros2ws/install/abb_rapid_msgs/include/abb_rapid_msgs/abb_rapid_msgs/msg/pose.h
[51.178s] -- Installing: /home/ubuntu/ros2ws/install/abb_rapid_msgs/share/abb_rapid_msgs/environment/library_path.sh
[51.178s] -- Installing: /home/ubuntu/ros2ws/install/abb_rapid_msgs/share/abb_rapid_msgs/environment/library_path.dsv
[51.179s] -- Installing: /home/ubuntu/ros2ws/install/abb_rapid_msgs/lib/libabb_rapid_msgs__rosidl_generator_c.so
[51.181s] -- Set runtime path of "/home/ubuntu/ros2ws/install/abb_rapid_msgs/lib/libabb_rapid_msgs__rosidl_generator_c.so" to ""
[51.181s] -- Up-to-date: /home/ubuntu/ros2ws/install/abb_rapid_msgs/include/abb_rapid_msgs/abb_rapid_msgs
[51.182s] -- Up-to-date: /home/ubuntu/ros2ws/install/abb_rapid_msgs/include/abb_rapid_msgs/abb_rapid_msgs/msg
[51.185s] -- Installing: /home/ubuntu/ros2ws/install/abb_rapid_msgs/include/abb_rapid_msgs/abb_rapid_msgs/msg/rosidl_typesupport_fastrtps_c__visibility_control.h
[51.186s] -- Up-to-date: /home/ubuntu/ros2ws/install/abb_rapid_msgs/include/abb_rapid_msgs/abb_rapid_msgs/msg/detail
[51.186s] -- Installing: /home/ubuntu/ros2ws/install/abb_rapid_msgs/include/abb_rapid_msgs/abb_rapid_msgs/msg/detail/w_obj_data__rosidl_typesupport_fastrtps_c.h
[51.187s] -- Installing: /home/ubuntu/ros2ws/install/abb_rapid_msgs/include/abb_rapid_msgs/abb_rapid_msgs/msg/detail/joint_target__rosidl_typesupport_fastrtps_c.h
[51.189s] -- Installing: /home/ubuntu/ros2ws/install/abb_rapid_msgs/include/abb_rapid_msgs/abb_rapid_msgs/msg/detail/orient__rosidl_typesupport_fastrtps_c.h
[51.190s] -- Installing: /home/ubuntu/ros2ws/install/abb_rapid_msgs/include/abb_rapid_msgs/abb_rapid_msgs/msg/detail/pose__rosidl_typesupport_fastrtps_c.h
[51.190s] -- Installing: /home/ubuntu/ros2ws/install/abb_rapid_msgs/include/abb_rapid_msgs/abb_rapid_msgs/msg/detail/conf_data__rosidl_typesupport_fastrtps_c.h
[51.190s] -- Installing: /home/ubuntu/ros2ws/install/abb_rapid_msgs/include/abb_rapid_msgs/abb_rapid_msgs/msg/detail/ext_joint__rosidl_typesupport_fastrtps_c.h
[51.191s] -- Installing: /home/ubuntu/ros2ws/install/abb_rapid_msgs/include/abb_rapid_msgs/abb_rapid_msgs/msg/detail/load_data__rosidl_typesupport_fastrtps_c.h
[51.191s] -- Installing: /home/ubuntu/ros2ws/install/abb_rapid_msgs/include/abb_rapid_msgs/abb_rapid_msgs/msg/detail/pos__rosidl_typesupport_fastrtps_c.h
[51.191s] -- Installing: /home/ubuntu/ros2ws/install/abb_rapid_msgs/include/abb_rapid_msgs/abb_rapid_msgs/msg/detail/rob_target__rosidl_typesupport_fastrtps_c.h
[51.191s] -- Installing: /home/ubuntu/ros2ws/install/abb_rapid_msgs/include/abb_rapid_msgs/abb_rapid_msgs/msg/detail/rob_joint__rosidl_typesupport_fastrtps_c.h
[51.191s] -- Installing: /home/ubuntu/ros2ws/install/abb_rapid_msgs/include/abb_rapid_msgs/abb_rapid_msgs/msg/detail/tool_data__rosidl_typesupport_fastrtps_c.h
[51.192s] -- Installing: /home/ubuntu/ros2ws/install/abb_rapid_msgs/lib/libabb_rapid_msgs__rosidl_typesupport_fastrtps_c.so
[51.192s] -- Set runtime path of "/home/ubuntu/ros2ws/install/abb_rapid_msgs/lib/libabb_rapid_msgs__rosidl_typesupport_fastrtps_c.so" to ""
[51.192s] -- Up-to-date: /home/ubuntu/ros2ws/install/abb_rapid_msgs/include/abb_rapid_msgs/abb_rapid_msgs
[51.192s] -- Up-to-date: /home/ubuntu/ros2ws/install/abb_rapid_msgs/include/abb_rapid_msgs/abb_rapid_msgs/msg
[51.192s] -- Installing: /home/ubuntu/ros2ws/install/abb_rapid_msgs/include/abb_rapid_msgs/abb_rapid_msgs/msg/rosidl_typesupport_introspection_c__visibility_control.h
[51.192s] -- Up-to-date: /home/ubuntu/ros2ws/install/abb_rapid_msgs/include/abb_rapid_msgs/abb_rapid_msgs/msg/detail
[51.193s] -- Installing: /home/ubuntu/ros2ws/install/abb_rapid_msgs/include/abb_rapid_msgs/abb_rapid_msgs/msg/detail/rob_joint__rosidl_typesupport_introspection_c.h
[51.193s] -- Installing: /home/ubuntu/ros2ws/install/abb_rapid_msgs/include/abb_rapid_msgs/abb_rapid_msgs/msg/detail/tool_data__rosidl_typesupport_introspection_c.h
[51.194s] -- Installing: /home/ubuntu/ros2ws/install/abb_rapid_msgs/include/abb_rapid_msgs/abb_rapid_msgs/msg/detail/load_data__rosidl_typesupport_introspection_c.h
[51.194s] -- Installing: /home/ubuntu/ros2ws/install/abb_rapid_msgs/include/abb_rapid_msgs/abb_rapid_msgs/msg/detail/w_obj_data__type_support.c
[51.195s] -- Installing: /home/ubuntu/ros2ws/install/abb_rapid_msgs/include/abb_rapid_msgs/abb_rapid_msgs/msg/detail/load_data__type_support.c
[51.196s] -- Installing: /home/ubuntu/ros2ws/install/abb_rapid_msgs/include/abb_rapid_msgs/abb_rapid_msgs/msg/detail/pose__rosidl_typesupport_introspection_c.h
[51.196s] -- Installing: /home/ubuntu/ros2ws/install/abb_rapid_msgs/include/abb_rapid_msgs/abb_rapid_msgs/msg/detail/pos__type_support.c
[51.197s] -- Installing: /home/ubuntu/ros2ws/install/abb_rapid_msgs/include/abb_rapid_msgs/abb_rapid_msgs/msg/detail/pos__rosidl_typesupport_introspection_c.h
[51.197s] -- Installing: /home/ubuntu/ros2ws/install/abb_rapid_msgs/include/abb_rapid_msgs/abb_rapid_msgs/msg/detail/rob_joint__type_support.c
[51.197s] -- Installing: /home/ubuntu/ros2ws/install/abb_rapid_msgs/include/abb_rapid_msgs/abb_rapid_msgs/msg/detail/joint_target__rosidl_typesupport_introspection_c.h
[51.197s] -- Installing: /home/ubuntu/ros2ws/install/abb_rapid_msgs/include/abb_rapid_msgs/abb_rapid_msgs/msg/detail/orient__rosidl_typesupport_introspection_c.h
[51.197s] -- Installing: /home/ubuntu/ros2ws/install/abb_rapid_msgs/include/abb_rapid_msgs/abb_rapid_msgs/msg/detail/rob_target__rosidl_typesupport_introspection_c.h
[51.197s] -- Installing: /home/ubuntu/ros2ws/install/abb_rapid_msgs/include/abb_rapid_msgs/abb_rapid_msgs/msg/detail/conf_data__rosidl_typesupport_introspection_c.h
[51.198s] -- Installing: /home/ubuntu/ros2ws/install/abb_rapid_msgs/include/abb_rapid_msgs/abb_rapid_msgs/msg/detail/joint_target__type_support.c
[51.198s] -- Installing: /home/ubuntu/ros2ws/install/abb_rapid_msgs/include/abb_rapid_msgs/abb_rapid_msgs/msg/detail/orient__type_support.c
[51.198s] -- Installing: /home/ubuntu/ros2ws/install/abb_rapid_msgs/include/abb_rapid_msgs/abb_rapid_msgs/msg/detail/pose__type_support.c
[51.198s] -- Installing: /home/ubuntu/ros2ws/install/abb_rapid_msgs/include/abb_rapid_msgs/abb_rapid_msgs/msg/detail/conf_data__type_support.c
[51.198s] -- Installing: /home/ubuntu/ros2ws/install/abb_rapid_msgs/include/abb_rapid_msgs/abb_rapid_msgs/msg/detail/w_obj_data__rosidl_typesupport_introspection_c.h
[51.199s] -- Installing: /home/ubuntu/ros2ws/install/abb_rapid_msgs/include/abb_rapid_msgs/abb_rapid_msgs/msg/detail/ext_joint__type_support.c
[51.199s] -- Installing: /home/ubuntu/ros2ws/install/abb_rapid_msgs/include/abb_rapid_msgs/abb_rapid_msgs/msg/detail/tool_data__type_support.c
[51.199s] -- Installing: /home/ubuntu/ros2ws/install/abb_rapid_msgs/include/abb_rapid_msgs/abb_rapid_msgs/msg/detail/rob_target__type_support.c
[51.199s] -- Installing: /home/ubuntu/ros2ws/install/abb_rapid_msgs/include/abb_rapid_msgs/abb_rapid_msgs/msg/detail/ext_joint__rosidl_typesupport_introspection_c.h
[51.200s] -- Installing: /home/ubuntu/ros2ws/install/abb_rapid_msgs/lib/libabb_rapid_msgs__rosidl_typesupport_introspection_c.so
[51.200s] -- Set runtime path of "/home/ubuntu/ros2ws/install/abb_rapid_msgs/lib/libabb_rapid_msgs__rosidl_typesupport_introspection_c.so" to ""
[51.200s] -- Installing: /home/ubuntu/ros2ws/install/abb_rapid_msgs/lib/libabb_rapid_msgs__rosidl_typesupport_c.so
[51.201s] -- Set runtime path of "/home/ubuntu/ros2ws/install/abb_rapid_msgs/lib/libabb_rapid_msgs__rosidl_typesupport_c.so" to ""
[51.201s] -- Up-to-date: /home/ubuntu/ros2ws/install/abb_rapid_msgs/include/abb_rapid_msgs/abb_rapid_msgs
[51.202s] -- Up-to-date: /home/ubuntu/ros2ws/install/abb_rapid_msgs/include/abb_rapid_msgs/abb_rapid_msgs/msg
[51.202s] -- Installing: /home/ubuntu/ros2ws/install/abb_rapid_msgs/include/abb_rapid_msgs/abb_rapid_msgs/msg/orient.hpp
[51.202s] -- Installing: /home/ubuntu/ros2ws/install/abb_rapid_msgs/include/abb_rapid_msgs/abb_rapid_msgs/msg/rob_target.hpp
[51.202s] -- Installing: /home/ubuntu/ros2ws/install/abb_rapid_msgs/include/abb_rapid_msgs/abb_rapid_msgs/msg/ext_joint.hpp
[51.202s] -- Installing: /home/ubuntu/ros2ws/install/abb_rapid_msgs/include/abb_rapid_msgs/abb_rapid_msgs/msg/pos.hpp
[51.203s] -- Installing: /home/ubuntu/ros2ws/install/abb_rapid_msgs/include/abb_rapid_msgs/abb_rapid_msgs/msg/conf_data.hpp
[51.203s] -- Installing: /home/ubuntu/ros2ws/install/abb_rapid_msgs/include/abb_rapid_msgs/abb_rapid_msgs/msg/tool_data.hpp
[51.203s] -- Installing: /home/ubuntu/ros2ws/install/abb_rapid_msgs/include/abb_rapid_msgs/abb_rapid_msgs/msg/joint_target.hpp
[51.204s] -- Installing: /home/ubuntu/ros2ws/install/abb_rapid_msgs/include/abb_rapid_msgs/abb_rapid_msgs/msg/load_data.hpp
[51.204s] -- Installing: /home/ubuntu/ros2ws/install/abb_rapid_msgs/include/abb_rapid_msgs/abb_rapid_msgs/msg/rob_joint.hpp
[51.204s] -- Up-to-date: /home/ubuntu/ros2ws/install/abb_rapid_msgs/include/abb_rapid_msgs/abb_rapid_msgs/msg/detail
[51.205s] -- Installing: /home/ubuntu/ros2ws/install/abb_rapid_msgs/include/abb_rapid_msgs/abb_rapid_msgs/msg/detail/rob_target__builder.hpp
[51.208s] -- Installing: /home/ubuntu/ros2ws/install/abb_rapid_msgs/include/abb_rapid_msgs/abb_rapid_msgs/msg/detail/pose__builder.hpp
[51.209s] -- Installing: /home/ubuntu/ros2ws/install/abb_rapid_msgs/include/abb_rapid_msgs/abb_rapid_msgs/msg/detail/pose__struct.hpp
[51.209s] -- Installing: /home/ubuntu/ros2ws/install/abb_rapid_msgs/include/abb_rapid_msgs/abb_rapid_msgs/msg/detail/ext_joint__builder.hpp
[51.209s] -- Installing: /home/ubuntu/ros2ws/install/abb_rapid_msgs/include/abb_rapid_msgs/abb_rapid_msgs/msg/detail/orient__struct.hpp
[51.210s] -- Installing: /home/ubuntu/ros2ws/install/abb_rapid_msgs/include/abb_rapid_msgs/abb_rapid_msgs/msg/detail/joint_target__builder.hpp
[51.210s] -- Installing: /home/ubuntu/ros2ws/install/abb_rapid_msgs/include/abb_rapid_msgs/abb_rapid_msgs/msg/detail/orient__traits.hpp
[51.210s] -- Installing: /home/ubuntu/ros2ws/install/abb_rapid_msgs/include/abb_rapid_msgs/abb_rapid_msgs/msg/detail/load_data__builder.hpp
[51.210s] -- Installing: /home/ubuntu/ros2ws/install/abb_rapid_msgs/include/abb_rapid_msgs/abb_rapid_msgs/msg/detail/w_obj_data__builder.hpp
[51.211s] -- Installing: /home/ubuntu/ros2ws/install/abb_rapid_msgs/include/abb_rapid_msgs/abb_rapid_msgs/msg/detail/ext_joint__struct.hpp
[51.211s] -- Installing: /home/ubuntu/ros2ws/install/abb_rapid_msgs/include/abb_rapid_msgs/abb_rapid_msgs/msg/detail/rob_target__struct.hpp
[51.212s] -- Installing: /home/ubuntu/ros2ws/install/abb_rapid_msgs/include/abb_rapid_msgs/abb_rapid_msgs/msg/detail/joint_target__traits.hpp
[51.213s] -- Installing: /home/ubuntu/ros2ws/install/abb_rapid_msgs/include/abb_rapid_msgs/abb_rapid_msgs/msg/detail/rob_joint__struct.hpp
[51.213s] -- Installing: /home/ubuntu/ros2ws/install/abb_rapid_msgs/include/abb_rapid_msgs/abb_rapid_msgs/msg/detail/conf_data__struct.hpp
[51.213s] -- Installing: /home/ubuntu/ros2ws/install/abb_rapid_msgs/include/abb_rapid_msgs/abb_rapid_msgs/msg/detail/load_data__traits.hpp
[51.214s] -- Installing: /home/ubuntu/ros2ws/install/abb_rapid_msgs/include/abb_rapid_msgs/abb_rapid_msgs/msg/detail/pos__traits.hpp
[51.215s] -- Installing: /home/ubuntu/ros2ws/install/abb_rapid_msgs/include/abb_rapid_msgs/abb_rapid_msgs/msg/detail/joint_target__struct.hpp
[51.216s] -- Installing: /home/ubuntu/ros2ws/install/abb_rapid_msgs/include/abb_rapid_msgs/abb_rapid_msgs/msg/detail/tool_data__traits.hpp
[51.216s] -- Installing: /home/ubuntu/ros2ws/install/abb_rapid_msgs/include/abb_rapid_msgs/abb_rapid_msgs/msg/detail/w_obj_data__traits.hpp
[51.216s] -- Installing: /home/ubuntu/ros2ws/install/abb_rapid_msgs/include/abb_rapid_msgs/abb_rapid_msgs/msg/detail/ext_joint__traits.hpp
[51.216s] -- Installing: /home/ubuntu/ros2ws/install/abb_rapid_msgs/include/abb_rapid_msgs/abb_rapid_msgs/msg/detail/rob_joint__builder.hpp
[51.216s] -- Installing: /home/ubuntu/ros2ws/install/abb_rapid_msgs/include/abb_rapid_msgs/abb_rapid_msgs/msg/detail/load_data__struct.hpp
[51.216s] -- Installing: /home/ubuntu/ros2ws/install/abb_rapid_msgs/include/abb_rapid_msgs/abb_rapid_msgs/msg/detail/w_obj_data__struct.hpp
[51.216s] -- Installing: /home/ubuntu/ros2ws/install/abb_rapid_msgs/include/abb_rapid_msgs/abb_rapid_msgs/msg/detail/conf_data__builder.hpp
[51.216s] -- Installing: /home/ubuntu/ros2ws/install/abb_rapid_msgs/include/abb_rapid_msgs/abb_rapid_msgs/msg/detail/pos__struct.hpp
[51.217s] -- Installing: /home/ubuntu/ros2ws/install/abb_rapid_msgs/include/abb_rapid_msgs/abb_rapid_msgs/msg/detail/rob_joint__traits.hpp
[51.217s] -- Installing: /home/ubuntu/ros2ws/install/abb_rapid_msgs/include/abb_rapid_msgs/abb_rapid_msgs/msg/detail/rob_target__traits.hpp
[51.217s] -- Installing: /home/ubuntu/ros2ws/install/abb_rapid_msgs/include/abb_rapid_msgs/abb_rapid_msgs/msg/detail/conf_data__traits.hpp
[51.219s] -- Installing: /home/ubuntu/ros2ws/install/abb_rapid_msgs/include/abb_rapid_msgs/abb_rapid_msgs/msg/detail/orient__builder.hpp
[51.219s] -- Installing: /home/ubuntu/ros2ws/install/abb_rapid_msgs/include/abb_rapid_msgs/abb_rapid_msgs/msg/detail/pos__builder.hpp
[51.220s] -- Installing: /home/ubuntu/ros2ws/install/abb_rapid_msgs/include/abb_rapid_msgs/abb_rapid_msgs/msg/detail/pose__traits.hpp
[51.220s] -- Installing: /home/ubuntu/ros2ws/install/abb_rapid_msgs/include/abb_rapid_msgs/abb_rapid_msgs/msg/detail/tool_data__struct.hpp
[51.220s] -- Installing: /home/ubuntu/ros2ws/install/abb_rapid_msgs/include/abb_rapid_msgs/abb_rapid_msgs/msg/detail/tool_data__builder.hpp
[51.223s] -- Installing: /home/ubuntu/ros2ws/install/abb_rapid_msgs/include/abb_rapid_msgs/abb_rapid_msgs/msg/w_obj_data.hpp
[51.224s] -- Installing: /home/ubuntu/ros2ws/install/abb_rapid_msgs/include/abb_rapid_msgs/abb_rapid_msgs/msg/pose.hpp
[51.224s] -- Up-to-date: /home/ubuntu/ros2ws/install/abb_rapid_msgs/include/abb_rapid_msgs/abb_rapid_msgs
[51.224s] -- Up-to-date: /home/ubuntu/ros2ws/install/abb_rapid_msgs/include/abb_rapid_msgs/abb_rapid_msgs/msg
[51.224s] -- Installing: /home/ubuntu/ros2ws/install/abb_rapid_msgs/include/abb_rapid_msgs/abb_rapid_msgs/msg/rosidl_typesupport_fastrtps_cpp__visibility_control.h
[51.224s] -- Up-to-date: /home/ubuntu/ros2ws/install/abb_rapid_msgs/include/abb_rapid_msgs/abb_rapid_msgs/msg/detail
[51.225s] -- Installing: /home/ubuntu/ros2ws/install/abb_rapid_msgs/include/abb_rapid_msgs/abb_rapid_msgs/msg/detail/dds_fastrtps
[51.225s] -- Installing: /home/ubuntu/ros2ws/install/abb_rapid_msgs/include/abb_rapid_msgs/abb_rapid_msgs/msg/detail/tool_data__rosidl_typesupport_fastrtps_cpp.hpp
[51.225s] -- Installing: /home/ubuntu/ros2ws/install/abb_rapid_msgs/include/abb_rapid_msgs/abb_rapid_msgs/msg/detail/rob_target__rosidl_typesupport_fastrtps_cpp.hpp
[51.225s] -- Installing: /home/ubuntu/ros2ws/install/abb_rapid_msgs/include/abb_rapid_msgs/abb_rapid_msgs/msg/detail/rob_joint__rosidl_typesupport_fastrtps_cpp.hpp
[51.225s] -- Installing: /home/ubuntu/ros2ws/install/abb_rapid_msgs/include/abb_rapid_msgs/abb_rapid_msgs/msg/detail/orient__rosidl_typesupport_fastrtps_cpp.hpp
[51.226s] -- Installing: /home/ubuntu/ros2ws/install/abb_rapid_msgs/include/abb_rapid_msgs/abb_rapid_msgs/msg/detail/pose__rosidl_typesupport_fastrtps_cpp.hpp
[51.226s] -- Installing: /home/ubuntu/ros2ws/install/abb_rapid_msgs/include/abb_rapid_msgs/abb_rapid_msgs/msg/detail/pos__rosidl_typesupport_fastrtps_cpp.hpp
[51.226s] -- Installing: /home/ubuntu/ros2ws/install/abb_rapid_msgs/include/abb_rapid_msgs/abb_rapid_msgs/msg/detail/conf_data__rosidl_typesupport_fastrtps_cpp.hpp
[51.226s] -- Installing: /home/ubuntu/ros2ws/install/abb_rapid_msgs/include/abb_rapid_msgs/abb_rapid_msgs/msg/detail/load_data__rosidl_typesupport_fastrtps_cpp.hpp
[51.226s] -- Installing: /home/ubuntu/ros2ws/install/abb_rapid_msgs/include/abb_rapid_msgs/abb_rapid_msgs/msg/detail/joint_target__rosidl_typesupport_fastrtps_cpp.hpp
[51.227s] -- Installing: /home/ubuntu/ros2ws/install/abb_rapid_msgs/include/abb_rapid_msgs/abb_rapid_msgs/msg/detail/w_obj_data__rosidl_typesupport_fastrtps_cpp.hpp
[51.227s] -- Installing: /home/ubuntu/ros2ws/install/abb_rapid_msgs/include/abb_rapid_msgs/abb_rapid_msgs/msg/detail/ext_joint__rosidl_typesupport_fastrtps_cpp.hpp
[51.227s] -- Installing: /home/ubuntu/ros2ws/install/abb_rapid_msgs/lib/libabb_rapid_msgs__rosidl_typesupport_fastrtps_cpp.so
[51.230s] -- Set runtime path of "/home/ubuntu/ros2ws/install/abb_rapid_msgs/lib/libabb_rapid_msgs__rosidl_typesupport_fastrtps_cpp.so" to ""
[51.230s] -- Up-to-date: /home/ubuntu/ros2ws/install/abb_rapid_msgs/include/abb_rapid_msgs/abb_rapid_msgs
[51.230s] -- Up-to-date: /home/ubuntu/ros2ws/install/abb_rapid_msgs/include/abb_rapid_msgs/abb_rapid_msgs/msg
[51.230s] -- Up-to-date: /home/ubuntu/ros2ws/install/abb_rapid_msgs/include/abb_rapid_msgs/abb_rapid_msgs/msg/detail
[51.231s] -- Installing: /home/ubuntu/ros2ws/install/abb_rapid_msgs/include/abb_rapid_msgs/abb_rapid_msgs/msg/detail/w_obj_data__type_support.cpp
[51.231s] -- Installing: /home/ubuntu/ros2ws/install/abb_rapid_msgs/include/abb_rapid_msgs/abb_rapid_msgs/msg/detail/joint_target__type_support.cpp
[51.231s] -- Installing: /home/ubuntu/ros2ws/install/abb_rapid_msgs/include/abb_rapid_msgs/abb_rapid_msgs/msg/detail/w_obj_data__rosidl_typesupport_introspection_cpp.hpp
[51.231s] -- Installing: /home/ubuntu/ros2ws/install/abb_rapid_msgs/include/abb_rapid_msgs/abb_rapid_msgs/msg/detail/pos__type_support.cpp
[51.231s] -- Installing: /home/ubuntu/ros2ws/install/abb_rapid_msgs/include/abb_rapid_msgs/abb_rapid_msgs/msg/detail/joint_target__rosidl_typesupport_introspection_cpp.hpp
[51.231s] -- Installing: /home/ubuntu/ros2ws/install/abb_rapid_msgs/include/abb_rapid_msgs/abb_rapid_msgs/msg/detail/orient__type_support.cpp
[51.231s] -- Installing: /home/ubuntu/ros2ws/install/abb_rapid_msgs/include/abb_rapid_msgs/abb_rapid_msgs/msg/detail/ext_joint__type_support.cpp
[51.231s] -- Installing: /home/ubuntu/ros2ws/install/abb_rapid_msgs/include/abb_rapid_msgs/abb_rapid_msgs/msg/detail/rob_target__rosidl_typesupport_introspection_cpp.hpp
[51.232s] -- Installing: /home/ubuntu/ros2ws/install/abb_rapid_msgs/include/abb_rapid_msgs/abb_rapid_msgs/msg/detail/pose__type_support.cpp
[51.232s] -- Installing: /home/ubuntu/ros2ws/install/abb_rapid_msgs/include/abb_rapid_msgs/abb_rapid_msgs/msg/detail/ext_joint__rosidl_typesupport_introspection_cpp.hpp
[51.232s] -- Installing: /home/ubuntu/ros2ws/install/abb_rapid_msgs/include/abb_rapid_msgs/abb_rapid_msgs/msg/detail/rob_joint__rosidl_typesupport_introspection_cpp.hpp
[51.232s] -- Installing: /home/ubuntu/ros2ws/install/abb_rapid_msgs/include/abb_rapid_msgs/abb_rapid_msgs/msg/detail/tool_data__type_support.cpp
[51.233s] -- Installing: /home/ubuntu/ros2ws/install/abb_rapid_msgs/include/abb_rapid_msgs/abb_rapid_msgs/msg/detail/rob_joint__type_support.cpp
[51.233s] -- Installing: /home/ubuntu/ros2ws/install/abb_rapid_msgs/include/abb_rapid_msgs/abb_rapid_msgs/msg/detail/rob_target__type_support.cpp
[51.233s] -- Installing: /home/ubuntu/ros2ws/install/abb_rapid_msgs/include/abb_rapid_msgs/abb_rapid_msgs/msg/detail/pos__rosidl_typesupport_introspection_cpp.hpp
[51.233s] -- Installing: /home/ubuntu/ros2ws/install/abb_rapid_msgs/include/abb_rapid_msgs/abb_rapid_msgs/msg/detail/pose__rosidl_typesupport_introspection_cpp.hpp
[51.233s] -- Installing: /home/ubuntu/ros2ws/install/abb_rapid_msgs/include/abb_rapid_msgs/abb_rapid_msgs/msg/detail/conf_data__type_support.cpp
[51.234s] -- Installing: /home/ubuntu/ros2ws/install/abb_rapid_msgs/include/abb_rapid_msgs/abb_rapid_msgs/msg/detail/load_data__rosidl_typesupport_introspection_cpp.hpp
[51.234s] -- Installing: /home/ubuntu/ros2ws/install/abb_rapid_msgs/include/abb_rapid_msgs/abb_rapid_msgs/msg/detail/load_data__type_support.cpp
[51.234s] -- Installing: /home/ubuntu/ros2ws/install/abb_rapid_msgs/include/abb_rapid_msgs/abb_rapid_msgs/msg/detail/tool_data__rosidl_typesupport_introspection_cpp.hpp
[51.234s] -- Installing: /home/ubuntu/ros2ws/install/abb_rapid_msgs/include/abb_rapid_msgs/abb_rapid_msgs/msg/detail/conf_data__rosidl_typesupport_introspection_cpp.hpp
[51.234s] -- Installing: /home/ubuntu/ros2ws/install/abb_rapid_msgs/include/abb_rapid_msgs/abb_rapid_msgs/msg/detail/orient__rosidl_typesupport_introspection_cpp.hpp
[51.234s] -- Installing: /home/ubuntu/ros2ws/install/abb_rapid_msgs/lib/libabb_rapid_msgs__rosidl_typesupport_introspection_cpp.so
[51.235s] -- Set runtime path of "/home/ubuntu/ros2ws/install/abb_rapid_msgs/lib/libabb_rapid_msgs__rosidl_typesupport_introspection_cpp.so" to ""
[51.235s] -- Installing: /home/ubuntu/ros2ws/install/abb_rapid_msgs/lib/libabb_rapid_msgs__rosidl_typesupport_cpp.so
[51.235s] -- Set runtime path of "/home/ubuntu/ros2ws/install/abb_rapid_msgs/lib/libabb_rapid_msgs__rosidl_typesupport_cpp.so" to ""
[51.235s] -- Installing: /home/ubuntu/ros2ws/install/abb_rapid_msgs/share/abb_rapid_msgs/environment/pythonpath.sh
[51.235s] -- Installing: /home/ubuntu/ros2ws/install/abb_rapid_msgs/share/abb_rapid_msgs/environment/pythonpath.dsv
[51.235s] -- Installing: /home/ubuntu/ros2ws/install/abb_rapid_msgs/local/lib/python3.10/dist-packages/abb_rapid_msgs-1.0.0-py3.10.egg-info
[51.236s] -- Installing: /home/ubuntu/ros2ws/install/abb_rapid_msgs/local/lib/python3.10/dist-packages/abb_rapid_msgs-1.0.0-py3.10.egg-info/PKG-INFO
[51.236s] -- Installing: /home/ubuntu/ros2ws/install/abb_rapid_msgs/local/lib/python3.10/dist-packages/abb_rapid_msgs-1.0.0-py3.10.egg-info/top_level.txt
[51.236s] -- Installing: /home/ubuntu/ros2ws/install/abb_rapid_msgs/local/lib/python3.10/dist-packages/abb_rapid_msgs-1.0.0-py3.10.egg-info/dependency_links.txt
[51.236s] -- Installing: /home/ubuntu/ros2ws/install/abb_rapid_msgs/local/lib/python3.10/dist-packages/abb_rapid_msgs-1.0.0-py3.10.egg-info/SOURCES.txt
[51.236s] -- Installing: /home/ubuntu/ros2ws/install/abb_rapid_msgs/local/lib/python3.10/dist-packages/abb_rapid_msgs
[51.236s] -- Installing: /home/ubuntu/ros2ws/install/abb_rapid_msgs/local/lib/python3.10/dist-packages/abb_rapid_msgs/msg
[51.237s] -- Installing: /home/ubuntu/ros2ws/install/abb_rapid_msgs/local/lib/python3.10/dist-packages/abb_rapid_msgs/msg/_load_data_s.c
[51.237s] -- Installing: /home/ubuntu/ros2ws/install/abb_rapid_msgs/local/lib/python3.10/dist-packages/abb_rapid_msgs/msg/_orient_s.c
[51.237s] -- Installing: /home/ubuntu/ros2ws/install/abb_rapid_msgs/local/lib/python3.10/dist-packages/abb_rapid_msgs/msg/_orient.py
[51.238s] -- Installing: /home/ubuntu/ros2ws/install/abb_rapid_msgs/local/lib/python3.10/dist-packages/abb_rapid_msgs/msg/_ext_joint.py
[51.239s] -- Installing: /home/ubuntu/ros2ws/install/abb_rapid_msgs/local/lib/python3.10/dist-packages/abb_rapid_msgs/msg/_conf_data_s.c
[51.239s] -- Installing: /home/ubuntu/ros2ws/install/abb_rapid_msgs/local/lib/python3.10/dist-packages/abb_rapid_msgs/msg/_pos_s.c
[51.239s] -- Installing: /home/ubuntu/ros2ws/install/abb_rapid_msgs/local/lib/python3.10/dist-packages/abb_rapid_msgs/msg/_w_obj_data.py
[51.239s] -- Installing: /home/ubuntu/ros2ws/install/abb_rapid_msgs/local/lib/python3.10/dist-packages/abb_rapid_msgs/msg/_joint_target_s.c
[51.240s] -- Installing: /home/ubuntu/ros2ws/install/abb_rapid_msgs/local/lib/python3.10/dist-packages/abb_rapid_msgs/msg/_tool_data_s.c
[51.240s] -- Installing: /home/ubuntu/ros2ws/install/abb_rapid_msgs/local/lib/python3.10/dist-packages/abb_rapid_msgs/msg/_pos.py
[51.240s] -- Installing: /home/ubuntu/ros2ws/install/abb_rapid_msgs/local/lib/python3.10/dist-packages/abb_rapid_msgs/msg/_pose.py
[51.240s] -- Installing: /home/ubuntu/ros2ws/install/abb_rapid_msgs/local/lib/python3.10/dist-packages/abb_rapid_msgs/msg/_conf_data.py
[51.242s] -- Installing: /home/ubuntu/ros2ws/install/abb_rapid_msgs/local/lib/python3.10/dist-packages/abb_rapid_msgs/msg/_joint_target.py
[51.242s] -- Installing: /home/ubuntu/ros2ws/install/abb_rapid_msgs/local/lib/python3.10/dist-packages/abb_rapid_msgs/msg/_pose_s.c
[51.243s] -- Installing: /home/ubuntu/ros2ws/install/abb_rapid_msgs/local/lib/python3.10/dist-packages/abb_rapid_msgs/msg/_rob_target.py
[51.243s] -- Installing: /home/ubuntu/ros2ws/install/abb_rapid_msgs/local/lib/python3.10/dist-packages/abb_rapid_msgs/msg/_tool_data.py
[51.243s] -- Installing: /home/ubuntu/ros2ws/install/abb_rapid_msgs/local/lib/python3.10/dist-packages/abb_rapid_msgs/msg/_rob_target_s.c
[51.243s] -- Installing: /home/ubuntu/ros2ws/install/abb_rapid_msgs/local/lib/python3.10/dist-packages/abb_rapid_msgs/msg/_rob_joint.py
[51.244s] -- Installing: /home/ubuntu/ros2ws/install/abb_rapid_msgs/local/lib/python3.10/dist-packages/abb_rapid_msgs/msg/_ext_joint_s.c
[51.244s] -- Installing: /home/ubuntu/ros2ws/install/abb_rapid_msgs/local/lib/python3.10/dist-packages/abb_rapid_msgs/msg/_w_obj_data_s.c
[51.244s] -- Installing: /home/ubuntu/ros2ws/install/abb_rapid_msgs/local/lib/python3.10/dist-packages/abb_rapid_msgs/msg/_load_data.py
[51.245s] -- Installing: /home/ubuntu/ros2ws/install/abb_rapid_msgs/local/lib/python3.10/dist-packages/abb_rapid_msgs/msg/__init__.py
[51.245s] -- Installing: /home/ubuntu/ros2ws/install/abb_rapid_msgs/local/lib/python3.10/dist-packages/abb_rapid_msgs/msg/_rob_joint_s.c
[51.245s] -- Installing: /home/ubuntu/ros2ws/install/abb_rapid_msgs/local/lib/python3.10/dist-packages/abb_rapid_msgs/_abb_rapid_msgs_s.ep.rosidl_typesupport_fastrtps_c.c
[51.245s] -- Installing: /home/ubuntu/ros2ws/install/abb_rapid_msgs/local/lib/python3.10/dist-packages/abb_rapid_msgs/abb_rapid_msgs_s__rosidl_typesupport_introspection_c.cpython-310-x86_64-linux-gnu.so
[51.246s] -- Installing: /home/ubuntu/ros2ws/install/abb_rapid_msgs/local/lib/python3.10/dist-packages/abb_rapid_msgs/_abb_rapid_msgs_s.ep.rosidl_typesupport_c.c
[51.246s] -- Installing: /home/ubuntu/ros2ws/install/abb_rapid_msgs/local/lib/python3.10/dist-packages/abb_rapid_msgs/libabb_rapid_msgs__rosidl_generator_py.so
[51.246s] -- Installing: /home/ubuntu/ros2ws/install/abb_rapid_msgs/local/lib/python3.10/dist-packages/abb_rapid_msgs/abb_rapid_msgs_s__rosidl_typesupport_c.cpython-310-x86_64-linux-gnu.so
[51.247s] -- Installing: /home/ubuntu/ros2ws/install/abb_rapid_msgs/local/lib/python3.10/dist-packages/abb_rapid_msgs/__init__.py
[51.247s] -- Installing: /home/ubuntu/ros2ws/install/abb_rapid_msgs/local/lib/python3.10/dist-packages/abb_rapid_msgs/_abb_rapid_msgs_s.ep.rosidl_typesupport_introspection_c.c
[51.248s] -- Installing: /home/ubuntu/ros2ws/install/abb_rapid_msgs/local/lib/python3.10/dist-packages/abb_rapid_msgs/abb_rapid_msgs_s__rosidl_typesupport_fastrtps_c.cpython-310-x86_64-linux-gnu.so
[51.325s] Listing '/home/ubuntu/ros2ws/install/abb_rapid_msgs/local/lib/python3.10/dist-packages/abb_rapid_msgs'...
[51.325s] Compiling '/home/ubuntu/ros2ws/install/abb_rapid_msgs/local/lib/python3.10/dist-packages/abb_rapid_msgs/__init__.py'...
[51.325s] Listing '/home/ubuntu/ros2ws/install/abb_rapid_msgs/local/lib/python3.10/dist-packages/abb_rapid_msgs/msg'...
[51.325s] Compiling '/home/ubuntu/ros2ws/install/abb_rapid_msgs/local/lib/python3.10/dist-packages/abb_rapid_msgs/msg/__init__.py'...
[51.325s] Compiling '/home/ubuntu/ros2ws/install/abb_rapid_msgs/local/lib/python3.10/dist-packages/abb_rapid_msgs/msg/_conf_data.py'...
[51.325s] Compiling '/home/ubuntu/ros2ws/install/abb_rapid_msgs/local/lib/python3.10/dist-packages/abb_rapid_msgs/msg/_ext_joint.py'...
[51.326s] Compiling '/home/ubuntu/ros2ws/install/abb_rapid_msgs/local/lib/python3.10/dist-packages/abb_rapid_msgs/msg/_joint_target.py'...
[51.326s] Compiling '/home/ubuntu/ros2ws/install/abb_rapid_msgs/local/lib/python3.10/dist-packages/abb_rapid_msgs/msg/_load_data.py'...
[51.326s] Compiling '/home/ubuntu/ros2ws/install/abb_rapid_msgs/local/lib/python3.10/dist-packages/abb_rapid_msgs/msg/_orient.py'...
[51.326s] Compiling '/home/ubuntu/ros2ws/install/abb_rapid_msgs/local/lib/python3.10/dist-packages/abb_rapid_msgs/msg/_pos.py'...
[51.326s] Compiling '/home/ubuntu/ros2ws/install/abb_rapid_msgs/local/lib/python3.10/dist-packages/abb_rapid_msgs/msg/_pose.py'...
[51.327s] Compiling '/home/ubuntu/ros2ws/install/abb_rapid_msgs/local/lib/python3.10/dist-packages/abb_rapid_msgs/msg/_rob_joint.py'...
[51.327s] Compiling '/home/ubuntu/ros2ws/install/abb_rapid_msgs/local/lib/python3.10/dist-packages/abb_rapid_msgs/msg/_rob_target.py'...
[51.327s] Compiling '/home/ubuntu/ros2ws/install/abb_rapid_msgs/local/lib/python3.10/dist-packages/abb_rapid_msgs/msg/_tool_data.py'...
[51.327s] Compiling '/home/ubuntu/ros2ws/install/abb_rapid_msgs/local/lib/python3.10/dist-packages/abb_rapid_msgs/msg/_w_obj_data.py'...
[51.337s] -- Installing: /home/ubuntu/ros2ws/install/abb_rapid_msgs/local/lib/python3.10/dist-packages/abb_rapid_msgs/abb_rapid_msgs_s__rosidl_typesupport_fastrtps_c.cpython-310-x86_64-linux-gnu.so
[51.337s] -- Set runtime path of "/home/ubuntu/ros2ws/install/abb_rapid_msgs/local/lib/python3.10/dist-packages/abb_rapid_msgs/abb_rapid_msgs_s__rosidl_typesupport_fastrtps_c.cpython-310-x86_64-linux-gnu.so" to ""
[51.339s] -- Installing: /home/ubuntu/ros2ws/install/abb_rapid_msgs/local/lib/python3.10/dist-packages/abb_rapid_msgs/abb_rapid_msgs_s__rosidl_typesupport_introspection_c.cpython-310-x86_64-linux-gnu.so
[51.340s] -- Set runtime path of "/home/ubuntu/ros2ws/install/abb_rapid_msgs/local/lib/python3.10/dist-packages/abb_rapid_msgs/abb_rapid_msgs_s__rosidl_typesupport_introspection_c.cpython-310-x86_64-linux-gnu.so" to ""
[51.341s] -- Installing: /home/ubuntu/ros2ws/install/abb_rapid_msgs/local/lib/python3.10/dist-packages/abb_rapid_msgs/abb_rapid_msgs_s__rosidl_typesupport_c.cpython-310-x86_64-linux-gnu.so
[51.343s] -- Set runtime path of "/home/ubuntu/ros2ws/install/abb_rapid_msgs/local/lib/python3.10/dist-packages/abb_rapid_msgs/abb_rapid_msgs_s__rosidl_typesupport_c.cpython-310-x86_64-linux-gnu.so" to ""
[51.343s] -- Installing: /home/ubuntu/ros2ws/install/abb_rapid_msgs/lib/libabb_rapid_msgs__rosidl_generator_py.so
[51.346s] -- Set runtime path of "/home/ubuntu/ros2ws/install/abb_rapid_msgs/lib/libabb_rapid_msgs__rosidl_generator_py.so" to ""
[51.346s] -- Installing: /home/ubuntu/ros2ws/install/abb_rapid_msgs/share/abb_rapid_msgs/msg/ConfData.idl
[51.347s] -- Installing: /home/ubuntu/ros2ws/install/abb_rapid_msgs/share/abb_rapid_msgs/msg/ExtJoint.idl
[51.348s] -- Installing: /home/ubuntu/ros2ws/install/abb_rapid_msgs/share/abb_rapid_msgs/msg/JointTarget.idl
[51.348s] -- Installing: /home/ubuntu/ros2ws/install/abb_rapid_msgs/share/abb_rapid_msgs/msg/LoadData.idl
[51.348s] -- Installing: /home/ubuntu/ros2ws/install/abb_rapid_msgs/share/abb_rapid_msgs/msg/Orient.idl
[51.349s] -- Installing: /home/ubuntu/ros2ws/install/abb_rapid_msgs/share/abb_rapid_msgs/msg/Pos.idl
[51.349s] -- Installing: /home/ubuntu/ros2ws/install/abb_rapid_msgs/share/abb_rapid_msgs/msg/Pose.idl
[51.351s] -- Installing: /home/ubuntu/ros2ws/install/abb_rapid_msgs/share/abb_rapid_msgs/msg/RobJoint.idl
[51.351s] -- Installing: /home/ubuntu/ros2ws/install/abb_rapid_msgs/share/abb_rapid_msgs/msg/RobTarget.idl
[51.351s] -- Installing: /home/ubuntu/ros2ws/install/abb_rapid_msgs/share/abb_rapid_msgs/msg/ToolData.idl
[51.351s] -- Installing: /home/ubuntu/ros2ws/install/abb_rapid_msgs/share/abb_rapid_msgs/msg/WObjData.idl
[51.351s] -- Installing: /home/ubuntu/ros2ws/install/abb_rapid_msgs/share/abb_rapid_msgs/msg/ConfData.msg
[51.352s] -- Installing: /home/ubuntu/ros2ws/install/abb_rapid_msgs/share/abb_rapid_msgs/msg/ExtJoint.msg
[51.354s] -- Installing: /home/ubuntu/ros2ws/install/abb_rapid_msgs/share/abb_rapid_msgs/msg/JointTarget.msg
[51.354s] -- Installing: /home/ubuntu/ros2ws/install/abb_rapid_msgs/share/abb_rapid_msgs/msg/LoadData.msg
[51.354s] -- Installing: /home/ubuntu/ros2ws/install/abb_rapid_msgs/share/abb_rapid_msgs/msg/Orient.msg
[51.354s] -- Installing: /home/ubuntu/ros2ws/install/abb_rapid_msgs/share/abb_rapid_msgs/msg/Pos.msg
[51.355s] -- Installing: /home/ubuntu/ros2ws/install/abb_rapid_msgs/share/abb_rapid_msgs/msg/Pose.msg
[51.356s] -- Installing: /home/ubuntu/ros2ws/install/abb_rapid_msgs/share/abb_rapid_msgs/msg/RobJoint.msg
[51.356s] -- Installing: /home/ubuntu/ros2ws/install/abb_rapid_msgs/share/abb_rapid_msgs/msg/RobTarget.msg
[51.356s] -- Installing: /home/ubuntu/ros2ws/install/abb_rapid_msgs/share/abb_rapid_msgs/msg/ToolData.msg
[51.356s] -- Installing: /home/ubuntu/ros2ws/install/abb_rapid_msgs/share/abb_rapid_msgs/msg/WObjData.msg
[51.356s] -- Installing: /home/ubuntu/ros2ws/install/abb_rapid_msgs/share/ament_index/resource_index/package_run_dependencies/abb_rapid_msgs
[51.356s] -- Installing: /home/ubuntu/ros2ws/install/abb_rapid_msgs/share/ament_index/resource_index/parent_prefix_path/abb_rapid_msgs
[51.356s] -- Installing: /home/ubuntu/ros2ws/install/abb_rapid_msgs/share/abb_rapid_msgs/environment/ament_prefix_path.sh
[51.356s] -- Installing: /home/ubuntu/ros2ws/install/abb_rapid_msgs/share/abb_rapid_msgs/environment/ament_prefix_path.dsv
[51.361s] -- Installing: /home/ubuntu/ros2ws/install/abb_rapid_msgs/share/abb_rapid_msgs/environment/path.sh
[51.361s] -- Installing: /home/ubuntu/ros2ws/install/abb_rapid_msgs/share/abb_rapid_msgs/environment/path.dsv
[51.362s] -- Installing: /home/ubuntu/ros2ws/install/abb_rapid_msgs/share/abb_rapid_msgs/local_setup.bash
[51.362s] -- Installing: /home/ubuntu/ros2ws/install/abb_rapid_msgs/share/abb_rapid_msgs/local_setup.sh
[51.362s] -- Installing: /home/ubuntu/ros2ws/install/abb_rapid_msgs/share/abb_rapid_msgs/local_setup.zsh
[51.362s] -- Installing: /home/ubuntu/ros2ws/install/abb_rapid_msgs/share/abb_rapid_msgs/local_setup.dsv
[51.362s] -- Installing: /home/ubuntu/ros2ws/install/abb_rapid_msgs/share/abb_rapid_msgs/package.dsv
[51.362s] -- Installing: /home/ubuntu/ros2ws/install/abb_rapid_msgs/share/ament_index/resource_index/packages/abb_rapid_msgs
[51.362s] -- Installing: /home/ubuntu/ros2ws/install/abb_rapid_msgs/share/abb_rapid_msgs/cmake/export_abb_rapid_msgs__rosidl_generator_cExport.cmake
[51.363s] -- Installing: /home/ubuntu/ros2ws/install/abb_rapid_msgs/share/abb_rapid_msgs/cmake/export_abb_rapid_msgs__rosidl_generator_cExport-noconfig.cmake
[51.363s] -- Installing: /home/ubuntu/ros2ws/install/abb_rapid_msgs/share/abb_rapid_msgs/cmake/export_abb_rapid_msgs__rosidl_typesupport_fastrtps_cExport.cmake
[51.363s] -- Installing: /home/ubuntu/ros2ws/install/abb_rapid_msgs/share/abb_rapid_msgs/cmake/export_abb_rapid_msgs__rosidl_typesupport_fastrtps_cExport-noconfig.cmake
[51.365s] -- Installing: /home/ubuntu/ros2ws/install/abb_rapid_msgs/share/abb_rapid_msgs/cmake/abb_rapid_msgs__rosidl_typesupport_introspection_cExport.cmake
[51.367s] -- Installing: /home/ubuntu/ros2ws/install/abb_rapid_msgs/share/abb_rapid_msgs/cmake/abb_rapid_msgs__rosidl_typesupport_introspection_cExport-noconfig.cmake
[51.367s] -- Installing: /home/ubuntu/ros2ws/install/abb_rapid_msgs/share/abb_rapid_msgs/cmake/abb_rapid_msgs__rosidl_typesupport_cExport.cmake
[51.367s] -- Installing: /home/ubuntu/ros2ws/install/abb_rapid_msgs/share/abb_rapid_msgs/cmake/abb_rapid_msgs__rosidl_typesupport_cExport-noconfig.cmake
[51.368s] -- Installing: /home/ubuntu/ros2ws/install/abb_rapid_msgs/share/abb_rapid_msgs/cmake/export_abb_rapid_msgs__rosidl_generator_cppExport.cmake
[51.368s] -- Installing: /home/ubuntu/ros2ws/install/abb_rapid_msgs/share/abb_rapid_msgs/cmake/export_abb_rapid_msgs__rosidl_typesupport_fastrtps_cppExport.cmake
[51.369s] -- Installing: /home/ubuntu/ros2ws/install/abb_rapid_msgs/share/abb_rapid_msgs/cmake/export_abb_rapid_msgs__rosidl_typesupport_fastrtps_cppExport-noconfig.cmake
[51.371s] -- Installing: /home/ubuntu/ros2ws/install/abb_rapid_msgs/share/abb_rapid_msgs/cmake/abb_rapid_msgs__rosidl_typesupport_introspection_cppExport.cmake
[51.378s] -- Installing: /home/ubuntu/ros2ws/install/abb_rapid_msgs/share/abb_rapid_msgs/cmake/abb_rapid_msgs__rosidl_typesupport_introspection_cppExport-noconfig.cmake
[51.380s] -- Installing: /home/ubuntu/ros2ws/install/abb_rapid_msgs/share/abb_rapid_msgs/cmake/abb_rapid_msgs__rosidl_typesupport_cppExport.cmake
[51.380s] -- Installing: /home/ubuntu/ros2ws/install/abb_rapid_msgs/share/abb_rapid_msgs/cmake/abb_rapid_msgs__rosidl_typesupport_cppExport-noconfig.cmake
[51.380s] -- Installing: /home/ubuntu/ros2ws/install/abb_rapid_msgs/share/abb_rapid_msgs/cmake/export_abb_rapid_msgs__rosidl_generator_pyExport.cmake
[51.380s] -- Installing: /home/ubuntu/ros2ws/install/abb_rapid_msgs/share/abb_rapid_msgs/cmake/export_abb_rapid_msgs__rosidl_generator_pyExport-noconfig.cmake
[51.381s] -- Installing: /home/ubuntu/ros2ws/install/abb_rapid_msgs/share/abb_rapid_msgs/cmake/rosidl_cmake-extras.cmake
[51.381s] -- Installing: /home/ubuntu/ros2ws/install/abb_rapid_msgs/share/abb_rapid_msgs/cmake/ament_cmake_export_include_directories-extras.cmake
[51.383s] -- Installing: /home/ubuntu/ros2ws/install/abb_rapid_msgs/share/abb_rapid_msgs/cmake/ament_cmake_export_libraries-extras.cmake
[51.384s] -- Installing: /home/ubuntu/ros2ws/install/abb_rapid_msgs/share/abb_rapid_msgs/cmake/ament_cmake_export_targets-extras.cmake
[51.385s] -- Installing: /home/ubuntu/ros2ws/install/abb_rapid_msgs/share/abb_rapid_msgs/cmake/rosidl_cmake_export_typesupport_targets-extras.cmake
[51.386s] -- Installing: /home/ubuntu/ros2ws/install/abb_rapid_msgs/share/abb_rapid_msgs/cmake/ament_cmake_export_dependencies-extras.cmake
[51.386s] -- Installing: /home/ubuntu/ros2ws/install/abb_rapid_msgs/share/abb_rapid_msgs/cmake/rosidl_cmake_export_typesupport_libraries-extras.cmake
[51.386s] -- Installing: /home/ubuntu/ros2ws/install/abb_rapid_msgs/share/abb_rapid_msgs/cmake/abb_rapid_msgsConfig.cmake
[51.386s] -- Installing: /home/ubuntu/ros2ws/install/abb_rapid_msgs/share/abb_rapid_msgs/cmake/abb_rapid_msgsConfig-version.cmake
[51.387s] -- Installing: /home/ubuntu/ros2ws/install/abb_rapid_msgs/share/abb_rapid_msgs/package.xml
[51.393s] Invoked command in '/home/ubuntu/ros2ws/build/abb_rapid_msgs' returned '0': CMAKE_PREFIX_PATH=${CMAKE_PREFIX_PATH}:/opt/ros/humble /usr/bin/cmake --install /home/ubuntu/ros2ws/build/abb_rapid_msgs
