[0.046s] Invoking command in '/home/ubuntu/ros2ws/build/ros2srrc_data': CMAKE_PREFIX_PATH=${CMAKE_PREFIX_PATH}:/home/ubuntu/ros2ws/install/testV1:/home/ubuntu/ros2ws/install/gui_subscriber:/home/ubuntu/ros2ws/install/moveit_configs_utils:/home/ubuntu/ros2ws/install/robot_letter_writer:/home/ubuntu/ros2ws/install/launch_param_builder:/opt/ros/humble /usr/bin/cmake --build /home/ubuntu/ros2ws/build/ros2srrc_data -- -j4 -l4
[0.335s] [  0%] Built target ros2srrc_data__cpp
[0.445s] [ 12%] Built target ros2srrc_data__rosidl_generator_c
[0.482s] [ 12%] Built target ament_cmake_python_symlink_ros2srrc_data
[0.551s] [ 24%] Built target ros2srrc_data__rosidl_typesupport_fastrtps_cpp
[0.573s] [ 36%] Built target ros2srrc_data__rosidl_typesupport_cpp
[0.652s] [ 48%] Built target ros2srrc_data__rosidl_typesupport_introspection_cpp
[0.716s] [ 60%] Built target ros2srrc_data__rosidl_typesupport_fastrtps_c
[0.754s] [ 72%] Built target ros2srrc_data__rosidl_typesupport_c
[0.762s] [ 84%] Built target ros2srrc_data__rosidl_typesupport_introspection_c
[0.875s] [ 84%] Built target ros2srrc_data
[1.009s] [ 85%] Built target ros2srrc_data__py
[1.192s] [ 96%] Built target ros2srrc_data__rosidl_generator_py
[1.341s] [ 98%] Built target ros2srrc_data__rosidl_typesupport_introspection_c__pyext
[1.351s] [ 99%] Built target ros2srrc_data__rosidl_typesupport_fastrtps_c__pyext
[1.355s] [100%] Built target ros2srrc_data__rosidl_typesupport_c__pyext
[1.479s] running egg_info
[1.481s] writing ros2srrc_data.egg-info/PKG-INFO
[1.482s] writing dependency_links to ros2srrc_data.egg-info/dependency_links.txt
[1.482s] writing top-level names to ros2srrc_data.egg-info/top_level.txt
[1.491s] reading manifest file 'ros2srrc_data.egg-info/SOURCES.txt'
[1.493s] writing manifest file 'ros2srrc_data.egg-info/SOURCES.txt'
[1.578s] [100%] Built target ament_cmake_python_build_ros2srrc_data_egg
[1.615s] Invoked command in '/home/ubuntu/ros2ws/build/ros2srrc_data' returned '0': CMAKE_PREFIX_PATH=${CMAKE_PREFIX_PATH}:/home/ubuntu/ros2ws/install/testV1:/home/ubuntu/ros2ws/install/gui_subscriber:/home/ubuntu/ros2ws/install/moveit_configs_utils:/home/ubuntu/ros2ws/install/robot_letter_writer:/home/ubuntu/ros2ws/install/launch_param_builder:/opt/ros/humble /usr/bin/cmake --build /home/ubuntu/ros2ws/build/ros2srrc_data -- -j4 -l4
[3.497s] Invoking command in '/home/ubuntu/ros2ws/build/ros2srrc_data': CMAKE_PREFIX_PATH=${CMAKE_PREFIX_PATH}:/home/ubuntu/ros2ws/install/testV1:/home/ubuntu/ros2ws/install/gui_subscriber:/home/ubuntu/ros2ws/install/moveit_configs_utils:/home/ubuntu/ros2ws/install/robot_letter_writer:/home/ubuntu/ros2ws/install/launch_param_builder:/opt/ros/humble /usr/bin/cmake --install /home/ubuntu/ros2ws/build/ros2srrc_data
[3.535s] -- Install configuration: ""
[3.536s] -- Execute custom install script
[3.537s] -- Up-to-date symlink: /home/ubuntu/ros2ws/install/ros2srrc_data/share/ros2srrc_data/action/Move.action
[3.537s] -- Up-to-date symlink: /home/ubuntu/ros2ws/install/ros2srrc_data/share/ros2srrc_data/action/Robmove.action
[3.538s] -- Up-to-date symlink: /home/ubuntu/ros2ws/install/ros2srrc_data/share/ros2srrc_data/action/Sequence.action
[3.538s] -- Up-to-date symlink: /home/ubuntu/ros2ws/install/ros2srrc_data/share/ros2srrc_data/msg/Action.msg
[3.539s] -- Up-to-date symlink: /home/ubuntu/ros2ws/install/ros2srrc_data/share/ros2srrc_data/msg/Joint.msg
[3.539s] -- Up-to-date symlink: /home/ubuntu/ros2ws/install/ros2srrc_data/share/ros2srrc_data/msg/Joints.msg
[3.540s] -- Up-to-date symlink: /home/ubuntu/ros2ws/install/ros2srrc_data/share/ros2srrc_data/msg/Linkattacher.msg
[3.540s] -- Up-to-date symlink: /home/ubuntu/ros2ws/install/ros2srrc_data/share/ros2srrc_data/msg/Robmove.msg
[3.541s] -- Up-to-date symlink: /home/ubuntu/ros2ws/install/ros2srrc_data/share/ros2srrc_data/msg/Robpose.msg
[3.541s] -- Up-to-date symlink: /home/ubuntu/ros2ws/install/ros2srrc_data/share/ros2srrc_data/msg/Specs.msg
[3.545s] -- Up-to-date symlink: /home/ubuntu/ros2ws/install/ros2srrc_data/share/ros2srrc_data/msg/Xyz.msg
[3.546s] -- Up-to-date symlink: /home/ubuntu/ros2ws/install/ros2srrc_data/share/ros2srrc_data/msg/Xyzypr.msg
[3.546s] -- Up-to-date symlink: /home/ubuntu/ros2ws/install/ros2srrc_data/share/ros2srrc_data/msg/Ypr.msg
[3.547s] -- Up-to-date symlink: /home/ubuntu/ros2ws/install/ros2srrc_data/share/ament_index/resource_index/rosidl_interfaces/ros2srrc_data
[3.553s] -- Up-to-date symlink: /home/ubuntu/ros2ws/install/ros2srrc_data/include/ros2srrc_data/ros2srrc_data/action/detail/move__functions.h
[3.553s] -- Up-to-date symlink: /home/ubuntu/ros2ws/install/ros2srrc_data/include/ros2srrc_data/ros2srrc_data/action/detail/move__struct.h
[3.553s] -- Up-to-date symlink: /home/ubuntu/ros2ws/install/ros2srrc_data/include/ros2srrc_data/ros2srrc_data/action/detail/move__type_support.h
[3.553s] -- Up-to-date symlink: /home/ubuntu/ros2ws/install/ros2srrc_data/include/ros2srrc_data/ros2srrc_data/action/detail/robmove__functions.h
[3.555s] -- Up-to-date symlink: /home/ubuntu/ros2ws/install/ros2srrc_data/include/ros2srrc_data/ros2srrc_data/action/detail/robmove__struct.h
[3.556s] -- Up-to-date symlink: /home/ubuntu/ros2ws/install/ros2srrc_data/include/ros2srrc_data/ros2srrc_data/action/detail/robmove__type_support.h
[3.559s] -- Up-to-date symlink: /home/ubuntu/ros2ws/install/ros2srrc_data/include/ros2srrc_data/ros2srrc_data/action/detail/sequence__functions.h
[3.559s] -- Up-to-date symlink: /home/ubuntu/ros2ws/install/ros2srrc_data/include/ros2srrc_data/ros2srrc_data/action/detail/sequence__struct.h
[3.560s] -- Up-to-date symlink: /home/ubuntu/ros2ws/install/ros2srrc_data/include/ros2srrc_data/ros2srrc_data/action/detail/sequence__type_support.h
[3.560s] -- Up-to-date symlink: /home/ubuntu/ros2ws/install/ros2srrc_data/include/ros2srrc_data/ros2srrc_data/action/move.h
[3.560s] -- Up-to-date symlink: /home/ubuntu/ros2ws/install/ros2srrc_data/include/ros2srrc_data/ros2srrc_data/action/robmove.h
[3.560s] -- Up-to-date symlink: /home/ubuntu/ros2ws/install/ros2srrc_data/include/ros2srrc_data/ros2srrc_data/action/sequence.h
[3.561s] -- Up-to-date symlink: /home/ubuntu/ros2ws/install/ros2srrc_data/include/ros2srrc_data/ros2srrc_data/msg/action.h
[3.562s] -- Up-to-date symlink: /home/ubuntu/ros2ws/install/ros2srrc_data/include/ros2srrc_data/ros2srrc_data/msg/detail/action__functions.h
[3.562s] -- Up-to-date symlink: /home/ubuntu/ros2ws/install/ros2srrc_data/include/ros2srrc_data/ros2srrc_data/msg/detail/action__struct.h
[3.565s] -- Up-to-date symlink: /home/ubuntu/ros2ws/install/ros2srrc_data/include/ros2srrc_data/ros2srrc_data/msg/detail/action__type_support.h
[3.565s] -- Up-to-date symlink: /home/ubuntu/ros2ws/install/ros2srrc_data/include/ros2srrc_data/ros2srrc_data/msg/detail/joint__functions.h
[3.566s] -- Up-to-date symlink: /home/ubuntu/ros2ws/install/ros2srrc_data/include/ros2srrc_data/ros2srrc_data/msg/detail/joint__struct.h
[3.566s] -- Up-to-date symlink: /home/ubuntu/ros2ws/install/ros2srrc_data/include/ros2srrc_data/ros2srrc_data/msg/detail/joint__type_support.h
[3.566s] -- Up-to-date symlink: /home/ubuntu/ros2ws/install/ros2srrc_data/include/ros2srrc_data/ros2srrc_data/msg/detail/joints__functions.h
[3.566s] -- Up-to-date symlink: /home/ubuntu/ros2ws/install/ros2srrc_data/include/ros2srrc_data/ros2srrc_data/msg/detail/joints__struct.h
[3.566s] -- Up-to-date symlink: /home/ubuntu/ros2ws/install/ros2srrc_data/include/ros2srrc_data/ros2srrc_data/msg/detail/joints__type_support.h
[3.572s] -- Up-to-date symlink: /home/ubuntu/ros2ws/install/ros2srrc_data/include/ros2srrc_data/ros2srrc_data/msg/detail/linkattacher__functions.h
[3.572s] -- Up-to-date symlink: /home/ubuntu/ros2ws/install/ros2srrc_data/include/ros2srrc_data/ros2srrc_data/msg/detail/linkattacher__struct.h
[3.572s] -- Up-to-date symlink: /home/ubuntu/ros2ws/install/ros2srrc_data/include/ros2srrc_data/ros2srrc_data/msg/detail/linkattacher__type_support.h
[3.572s] -- Up-to-date symlink: /home/ubuntu/ros2ws/install/ros2srrc_data/include/ros2srrc_data/ros2srrc_data/msg/detail/robmove__functions.h
[3.573s] -- Up-to-date symlink: /home/ubuntu/ros2ws/install/ros2srrc_data/include/ros2srrc_data/ros2srrc_data/msg/detail/robmove__struct.h
[3.574s] -- Up-to-date symlink: /home/ubuntu/ros2ws/install/ros2srrc_data/include/ros2srrc_data/ros2srrc_data/msg/detail/robmove__type_support.h
[3.575s] -- Up-to-date symlink: /home/ubuntu/ros2ws/install/ros2srrc_data/include/ros2srrc_data/ros2srrc_data/msg/detail/robpose__functions.h
[3.575s] -- Up-to-date symlink: /home/ubuntu/ros2ws/install/ros2srrc_data/include/ros2srrc_data/ros2srrc_data/msg/detail/robpose__struct.h
[3.577s] -- Up-to-date symlink: /home/ubuntu/ros2ws/install/ros2srrc_data/include/ros2srrc_data/ros2srrc_data/msg/detail/robpose__type_support.h
[3.578s] -- Up-to-date symlink: /home/ubuntu/ros2ws/install/ros2srrc_data/include/ros2srrc_data/ros2srrc_data/msg/detail/specs__functions.h
[3.578s] -- Up-to-date symlink: /home/ubuntu/ros2ws/install/ros2srrc_data/include/ros2srrc_data/ros2srrc_data/msg/detail/specs__struct.h
[3.578s] -- Up-to-date symlink: /home/ubuntu/ros2ws/install/ros2srrc_data/include/ros2srrc_data/ros2srrc_data/msg/detail/specs__type_support.h
[3.578s] -- Up-to-date symlink: /home/ubuntu/ros2ws/install/ros2srrc_data/include/ros2srrc_data/ros2srrc_data/msg/detail/xyz__functions.h
[3.579s] -- Up-to-date symlink: /home/ubuntu/ros2ws/install/ros2srrc_data/include/ros2srrc_data/ros2srrc_data/msg/detail/xyz__struct.h
[3.580s] -- Up-to-date symlink: /home/ubuntu/ros2ws/install/ros2srrc_data/include/ros2srrc_data/ros2srrc_data/msg/detail/xyz__type_support.h
[3.580s] -- Up-to-date symlink: /home/ubuntu/ros2ws/install/ros2srrc_data/include/ros2srrc_data/ros2srrc_data/msg/detail/xyzypr__functions.h
[3.582s] -- Up-to-date symlink: /home/ubuntu/ros2ws/install/ros2srrc_data/include/ros2srrc_data/ros2srrc_data/msg/detail/xyzypr__struct.h
[3.582s] -- Up-to-date symlink: /home/ubuntu/ros2ws/install/ros2srrc_data/include/ros2srrc_data/ros2srrc_data/msg/detail/xyzypr__type_support.h
[3.583s] -- Up-to-date symlink: /home/ubuntu/ros2ws/install/ros2srrc_data/include/ros2srrc_data/ros2srrc_data/msg/detail/ypr__functions.h
[3.583s] -- Up-to-date symlink: /home/ubuntu/ros2ws/install/ros2srrc_data/include/ros2srrc_data/ros2srrc_data/msg/detail/ypr__struct.h
[3.583s] -- Up-to-date symlink: /home/ubuntu/ros2ws/install/ros2srrc_data/include/ros2srrc_data/ros2srrc_data/msg/detail/ypr__type_support.h
[3.583s] -- Up-to-date symlink: /home/ubuntu/ros2ws/install/ros2srrc_data/include/ros2srrc_data/ros2srrc_data/msg/joint.h
[3.590s] -- Up-to-date symlink: /home/ubuntu/ros2ws/install/ros2srrc_data/include/ros2srrc_data/ros2srrc_data/msg/joints.h
[3.590s] -- Up-to-date symlink: /home/ubuntu/ros2ws/install/ros2srrc_data/include/ros2srrc_data/ros2srrc_data/msg/linkattacher.h
[3.590s] -- Up-to-date symlink: /home/ubuntu/ros2ws/install/ros2srrc_data/include/ros2srrc_data/ros2srrc_data/msg/robmove.h
[3.590s] -- Up-to-date symlink: /home/ubuntu/ros2ws/install/ros2srrc_data/include/ros2srrc_data/ros2srrc_data/msg/robpose.h
[3.593s] -- Up-to-date symlink: /home/ubuntu/ros2ws/install/ros2srrc_data/include/ros2srrc_data/ros2srrc_data/msg/rosidl_generator_c__visibility_control.h
[3.593s] -- Up-to-date symlink: /home/ubuntu/ros2ws/install/ros2srrc_data/include/ros2srrc_data/ros2srrc_data/msg/specs.h
[3.594s] -- Up-to-date symlink: /home/ubuntu/ros2ws/install/ros2srrc_data/include/ros2srrc_data/ros2srrc_data/msg/xyz.h
[3.594s] -- Up-to-date symlink: /home/ubuntu/ros2ws/install/ros2srrc_data/include/ros2srrc_data/ros2srrc_data/msg/xyzypr.h
[3.594s] -- Up-to-date symlink: /home/ubuntu/ros2ws/install/ros2srrc_data/include/ros2srrc_data/ros2srrc_data/msg/ypr.h
[3.594s] -- Up-to-date symlink: /home/ubuntu/ros2ws/install/ros2srrc_data/share/ros2srrc_data/environment/library_path.sh
[3.594s] -- Up-to-date symlink: /home/ubuntu/ros2ws/install/ros2srrc_data/share/ros2srrc_data/environment/library_path.dsv
[3.595s] -- Up-to-date symlink: /home/ubuntu/ros2ws/install/ros2srrc_data/include/ros2srrc_data/ros2srrc_data/action/detail/move__rosidl_typesupport_fastrtps_c.h
[3.595s] -- Up-to-date symlink: /home/ubuntu/ros2ws/install/ros2srrc_data/include/ros2srrc_data/ros2srrc_data/action/detail/robmove__rosidl_typesupport_fastrtps_c.h
[3.595s] -- Up-to-date symlink: /home/ubuntu/ros2ws/install/ros2srrc_data/include/ros2srrc_data/ros2srrc_data/action/detail/sequence__rosidl_typesupport_fastrtps_c.h
[3.596s] -- Up-to-date symlink: /home/ubuntu/ros2ws/install/ros2srrc_data/include/ros2srrc_data/ros2srrc_data/msg/detail/action__rosidl_typesupport_fastrtps_c.h
[3.597s] -- Up-to-date symlink: /home/ubuntu/ros2ws/install/ros2srrc_data/include/ros2srrc_data/ros2srrc_data/msg/detail/joint__rosidl_typesupport_fastrtps_c.h
[3.602s] -- Up-to-date symlink: /home/ubuntu/ros2ws/install/ros2srrc_data/include/ros2srrc_data/ros2srrc_data/msg/detail/joints__rosidl_typesupport_fastrtps_c.h
[3.603s] -- Up-to-date symlink: /home/ubuntu/ros2ws/install/ros2srrc_data/include/ros2srrc_data/ros2srrc_data/msg/detail/linkattacher__rosidl_typesupport_fastrtps_c.h
[3.603s] -- Up-to-date symlink: /home/ubuntu/ros2ws/install/ros2srrc_data/include/ros2srrc_data/ros2srrc_data/msg/detail/robmove__rosidl_typesupport_fastrtps_c.h
[3.603s] -- Up-to-date symlink: /home/ubuntu/ros2ws/install/ros2srrc_data/include/ros2srrc_data/ros2srrc_data/msg/detail/robpose__rosidl_typesupport_fastrtps_c.h
[3.603s] -- Up-to-date symlink: /home/ubuntu/ros2ws/install/ros2srrc_data/include/ros2srrc_data/ros2srrc_data/msg/detail/specs__rosidl_typesupport_fastrtps_c.h
[3.603s] -- Up-to-date symlink: /home/ubuntu/ros2ws/install/ros2srrc_data/include/ros2srrc_data/ros2srrc_data/msg/detail/xyz__rosidl_typesupport_fastrtps_c.h
[3.603s] -- Up-to-date symlink: /home/ubuntu/ros2ws/install/ros2srrc_data/include/ros2srrc_data/ros2srrc_data/msg/detail/xyzypr__rosidl_typesupport_fastrtps_c.h
[3.604s] -- Up-to-date symlink: /home/ubuntu/ros2ws/install/ros2srrc_data/include/ros2srrc_data/ros2srrc_data/msg/detail/ypr__rosidl_typesupport_fastrtps_c.h
[3.604s] -- Up-to-date symlink: /home/ubuntu/ros2ws/install/ros2srrc_data/include/ros2srrc_data/ros2srrc_data/msg/rosidl_typesupport_fastrtps_c__visibility_control.h
[3.606s] -- Up-to-date symlink: /home/ubuntu/ros2ws/install/ros2srrc_data/include/ros2srrc_data/ros2srrc_data/action/detail/move__rosidl_typesupport_introspection_c.h
[3.616s] -- Up-to-date symlink: /home/ubuntu/ros2ws/install/ros2srrc_data/include/ros2srrc_data/ros2srrc_data/action/detail/robmove__rosidl_typesupport_introspection_c.h
[3.617s] -- Up-to-date symlink: /home/ubuntu/ros2ws/install/ros2srrc_data/include/ros2srrc_data/ros2srrc_data/action/detail/sequence__rosidl_typesupport_introspection_c.h
[3.621s] -- Up-to-date symlink: /home/ubuntu/ros2ws/install/ros2srrc_data/include/ros2srrc_data/ros2srrc_data/msg/detail/action__rosidl_typesupport_introspection_c.h
[3.621s] -- Up-to-date symlink: /home/ubuntu/ros2ws/install/ros2srrc_data/include/ros2srrc_data/ros2srrc_data/msg/detail/joint__rosidl_typesupport_introspection_c.h
[3.621s] -- Up-to-date symlink: /home/ubuntu/ros2ws/install/ros2srrc_data/include/ros2srrc_data/ros2srrc_data/msg/detail/joints__rosidl_typesupport_introspection_c.h
[3.621s] -- Up-to-date symlink: /home/ubuntu/ros2ws/install/ros2srrc_data/include/ros2srrc_data/ros2srrc_data/msg/detail/linkattacher__rosidl_typesupport_introspection_c.h
[3.622s] -- Up-to-date symlink: /home/ubuntu/ros2ws/install/ros2srrc_data/include/ros2srrc_data/ros2srrc_data/msg/detail/robmove__rosidl_typesupport_introspection_c.h
[3.624s] -- Up-to-date symlink: /home/ubuntu/ros2ws/install/ros2srrc_data/include/ros2srrc_data/ros2srrc_data/msg/detail/robpose__rosidl_typesupport_introspection_c.h
[3.624s] -- Up-to-date symlink: /home/ubuntu/ros2ws/install/ros2srrc_data/include/ros2srrc_data/ros2srrc_data/msg/detail/specs__rosidl_typesupport_introspection_c.h
[3.625s] -- Up-to-date symlink: /home/ubuntu/ros2ws/install/ros2srrc_data/include/ros2srrc_data/ros2srrc_data/msg/detail/xyz__rosidl_typesupport_introspection_c.h
[3.625s] -- Up-to-date symlink: /home/ubuntu/ros2ws/install/ros2srrc_data/include/ros2srrc_data/ros2srrc_data/msg/detail/xyzypr__rosidl_typesupport_introspection_c.h
[3.625s] -- Up-to-date symlink: /home/ubuntu/ros2ws/install/ros2srrc_data/include/ros2srrc_data/ros2srrc_data/msg/detail/ypr__rosidl_typesupport_introspection_c.h
[3.626s] -- Up-to-date symlink: /home/ubuntu/ros2ws/install/ros2srrc_data/include/ros2srrc_data/ros2srrc_data/msg/rosidl_typesupport_introspection_c__visibility_control.h
[3.626s] -- Up-to-date symlink: /home/ubuntu/ros2ws/install/ros2srrc_data/include/ros2srrc_data/ros2srrc_data/action/detail/move__builder.hpp
[3.626s] -- Up-to-date symlink: /home/ubuntu/ros2ws/install/ros2srrc_data/include/ros2srrc_data/ros2srrc_data/action/detail/move__struct.hpp
[3.626s] -- Up-to-date symlink: /home/ubuntu/ros2ws/install/ros2srrc_data/include/ros2srrc_data/ros2srrc_data/action/detail/move__traits.hpp
[3.626s] -- Up-to-date symlink: /home/ubuntu/ros2ws/install/ros2srrc_data/include/ros2srrc_data/ros2srrc_data/action/detail/robmove__builder.hpp
[3.626s] -- Up-to-date symlink: /home/ubuntu/ros2ws/install/ros2srrc_data/include/ros2srrc_data/ros2srrc_data/action/detail/robmove__struct.hpp
[3.626s] -- Up-to-date symlink: /home/ubuntu/ros2ws/install/ros2srrc_data/include/ros2srrc_data/ros2srrc_data/action/detail/robmove__traits.hpp
[3.626s] -- Up-to-date symlink: /home/ubuntu/ros2ws/install/ros2srrc_data/include/ros2srrc_data/ros2srrc_data/action/detail/sequence__builder.hpp
[3.626s] -- Up-to-date symlink: /home/ubuntu/ros2ws/install/ros2srrc_data/include/ros2srrc_data/ros2srrc_data/action/detail/sequence__struct.hpp
[3.626s] -- Up-to-date symlink: /home/ubuntu/ros2ws/install/ros2srrc_data/include/ros2srrc_data/ros2srrc_data/action/detail/sequence__traits.hpp
[3.626s] -- Up-to-date symlink: /home/ubuntu/ros2ws/install/ros2srrc_data/include/ros2srrc_data/ros2srrc_data/action/move.hpp
[3.626s] -- Up-to-date symlink: /home/ubuntu/ros2ws/install/ros2srrc_data/include/ros2srrc_data/ros2srrc_data/action/robmove.hpp
[3.627s] -- Up-to-date symlink: /home/ubuntu/ros2ws/install/ros2srrc_data/include/ros2srrc_data/ros2srrc_data/action/sequence.hpp
[3.627s] -- Up-to-date symlink: /home/ubuntu/ros2ws/install/ros2srrc_data/include/ros2srrc_data/ros2srrc_data/msg/action.hpp
[3.628s] -- Up-to-date symlink: /home/ubuntu/ros2ws/install/ros2srrc_data/include/ros2srrc_data/ros2srrc_data/msg/detail/action__builder.hpp
[3.628s] -- Up-to-date symlink: /home/ubuntu/ros2ws/install/ros2srrc_data/include/ros2srrc_data/ros2srrc_data/msg/detail/action__struct.hpp
[3.629s] -- Up-to-date symlink: /home/ubuntu/ros2ws/install/ros2srrc_data/include/ros2srrc_data/ros2srrc_data/msg/detail/action__traits.hpp
[3.630s] -- Up-to-date symlink: /home/ubuntu/ros2ws/install/ros2srrc_data/include/ros2srrc_data/ros2srrc_data/msg/detail/joint__builder.hpp
[3.632s] -- Up-to-date symlink: /home/ubuntu/ros2ws/install/ros2srrc_data/include/ros2srrc_data/ros2srrc_data/msg/detail/joint__struct.hpp
[3.632s] -- Up-to-date symlink: /home/ubuntu/ros2ws/install/ros2srrc_data/include/ros2srrc_data/ros2srrc_data/msg/detail/joint__traits.hpp
[3.632s] -- Up-to-date symlink: /home/ubuntu/ros2ws/install/ros2srrc_data/include/ros2srrc_data/ros2srrc_data/msg/detail/joints__builder.hpp
[3.632s] -- Up-to-date symlink: /home/ubuntu/ros2ws/install/ros2srrc_data/include/ros2srrc_data/ros2srrc_data/msg/detail/joints__struct.hpp
[3.632s] -- Up-to-date symlink: /home/ubuntu/ros2ws/install/ros2srrc_data/include/ros2srrc_data/ros2srrc_data/msg/detail/joints__traits.hpp
[3.633s] -- Up-to-date symlink: /home/ubuntu/ros2ws/install/ros2srrc_data/include/ros2srrc_data/ros2srrc_data/msg/detail/linkattacher__builder.hpp
[3.633s] -- Up-to-date symlink: /home/ubuntu/ros2ws/install/ros2srrc_data/include/ros2srrc_data/ros2srrc_data/msg/detail/linkattacher__struct.hpp
[3.633s] -- Up-to-date symlink: /home/ubuntu/ros2ws/install/ros2srrc_data/include/ros2srrc_data/ros2srrc_data/msg/detail/linkattacher__traits.hpp
[3.633s] -- Up-to-date symlink: /home/ubuntu/ros2ws/install/ros2srrc_data/include/ros2srrc_data/ros2srrc_data/msg/detail/robmove__builder.hpp
[3.639s] -- Up-to-date symlink: /home/ubuntu/ros2ws/install/ros2srrc_data/include/ros2srrc_data/ros2srrc_data/msg/detail/robmove__struct.hpp
[3.648s] -- Up-to-date symlink: /home/ubuntu/ros2ws/install/ros2srrc_data/include/ros2srrc_data/ros2srrc_data/msg/detail/robmove__traits.hpp
[3.648s] -- Up-to-date symlink: /home/ubuntu/ros2ws/install/ros2srrc_data/include/ros2srrc_data/ros2srrc_data/msg/detail/robpose__builder.hpp
[3.649s] -- Up-to-date symlink: /home/ubuntu/ros2ws/install/ros2srrc_data/include/ros2srrc_data/ros2srrc_data/msg/detail/robpose__struct.hpp
[3.649s] -- Up-to-date symlink: /home/ubuntu/ros2ws/install/ros2srrc_data/include/ros2srrc_data/ros2srrc_data/msg/detail/robpose__traits.hpp
[3.649s] -- Up-to-date symlink: /home/ubuntu/ros2ws/install/ros2srrc_data/include/ros2srrc_data/ros2srrc_data/msg/detail/specs__builder.hpp
[3.649s] -- Up-to-date symlink: /home/ubuntu/ros2ws/install/ros2srrc_data/include/ros2srrc_data/ros2srrc_data/msg/detail/specs__struct.hpp
[3.649s] -- Up-to-date symlink: /home/ubuntu/ros2ws/install/ros2srrc_data/include/ros2srrc_data/ros2srrc_data/msg/detail/specs__traits.hpp
[3.650s] -- Up-to-date symlink: /home/ubuntu/ros2ws/install/ros2srrc_data/include/ros2srrc_data/ros2srrc_data/msg/detail/xyz__builder.hpp
[3.650s] -- Up-to-date symlink: /home/ubuntu/ros2ws/install/ros2srrc_data/include/ros2srrc_data/ros2srrc_data/msg/detail/xyz__struct.hpp
[3.650s] -- Up-to-date symlink: /home/ubuntu/ros2ws/install/ros2srrc_data/include/ros2srrc_data/ros2srrc_data/msg/detail/xyz__traits.hpp
[3.650s] -- Up-to-date symlink: /home/ubuntu/ros2ws/install/ros2srrc_data/include/ros2srrc_data/ros2srrc_data/msg/detail/xyzypr__builder.hpp
[3.650s] -- Up-to-date symlink: /home/ubuntu/ros2ws/install/ros2srrc_data/include/ros2srrc_data/ros2srrc_data/msg/detail/xyzypr__struct.hpp
[3.650s] -- Up-to-date symlink: /home/ubuntu/ros2ws/install/ros2srrc_data/include/ros2srrc_data/ros2srrc_data/msg/detail/xyzypr__traits.hpp
[3.652s] -- Up-to-date symlink: /home/ubuntu/ros2ws/install/ros2srrc_data/include/ros2srrc_data/ros2srrc_data/msg/detail/ypr__builder.hpp
[3.652s] -- Up-to-date symlink: /home/ubuntu/ros2ws/install/ros2srrc_data/include/ros2srrc_data/ros2srrc_data/msg/detail/ypr__struct.hpp
[3.653s] -- Up-to-date symlink: /home/ubuntu/ros2ws/install/ros2srrc_data/include/ros2srrc_data/ros2srrc_data/msg/detail/ypr__traits.hpp
[3.653s] -- Up-to-date symlink: /home/ubuntu/ros2ws/install/ros2srrc_data/include/ros2srrc_data/ros2srrc_data/msg/joint.hpp
[3.653s] -- Up-to-date symlink: /home/ubuntu/ros2ws/install/ros2srrc_data/include/ros2srrc_data/ros2srrc_data/msg/joints.hpp
[3.654s] -- Up-to-date symlink: /home/ubuntu/ros2ws/install/ros2srrc_data/include/ros2srrc_data/ros2srrc_data/msg/linkattacher.hpp
[3.654s] -- Up-to-date symlink: /home/ubuntu/ros2ws/install/ros2srrc_data/include/ros2srrc_data/ros2srrc_data/msg/robmove.hpp
[3.654s] -- Up-to-date symlink: /home/ubuntu/ros2ws/install/ros2srrc_data/include/ros2srrc_data/ros2srrc_data/msg/robpose.hpp
[3.655s] -- Up-to-date symlink: /home/ubuntu/ros2ws/install/ros2srrc_data/include/ros2srrc_data/ros2srrc_data/msg/specs.hpp
[3.655s] -- Up-to-date symlink: /home/ubuntu/ros2ws/install/ros2srrc_data/include/ros2srrc_data/ros2srrc_data/msg/xyz.hpp
[3.655s] -- Up-to-date symlink: /home/ubuntu/ros2ws/install/ros2srrc_data/include/ros2srrc_data/ros2srrc_data/msg/xyzypr.hpp
[3.662s] -- Up-to-date symlink: /home/ubuntu/ros2ws/install/ros2srrc_data/include/ros2srrc_data/ros2srrc_data/msg/ypr.hpp
[3.663s] -- Up-to-date symlink: /home/ubuntu/ros2ws/install/ros2srrc_data/include/ros2srrc_data/ros2srrc_data/action/detail/move__rosidl_typesupport_fastrtps_cpp.hpp
[3.663s] -- Up-to-date symlink: /home/ubuntu/ros2ws/install/ros2srrc_data/include/ros2srrc_data/ros2srrc_data/action/detail/robmove__rosidl_typesupport_fastrtps_cpp.hpp
[3.663s] -- Up-to-date symlink: /home/ubuntu/ros2ws/install/ros2srrc_data/include/ros2srrc_data/ros2srrc_data/action/detail/sequence__rosidl_typesupport_fastrtps_cpp.hpp
[3.663s] -- Up-to-date symlink: /home/ubuntu/ros2ws/install/ros2srrc_data/include/ros2srrc_data/ros2srrc_data/msg/detail/action__rosidl_typesupport_fastrtps_cpp.hpp
[3.664s] -- Up-to-date symlink: /home/ubuntu/ros2ws/install/ros2srrc_data/include/ros2srrc_data/ros2srrc_data/msg/detail/joint__rosidl_typesupport_fastrtps_cpp.hpp
[3.664s] -- Up-to-date symlink: /home/ubuntu/ros2ws/install/ros2srrc_data/include/ros2srrc_data/ros2srrc_data/msg/detail/joints__rosidl_typesupport_fastrtps_cpp.hpp
[3.664s] -- Up-to-date symlink: /home/ubuntu/ros2ws/install/ros2srrc_data/include/ros2srrc_data/ros2srrc_data/msg/detail/linkattacher__rosidl_typesupport_fastrtps_cpp.hpp
[3.664s] -- Up-to-date symlink: /home/ubuntu/ros2ws/install/ros2srrc_data/include/ros2srrc_data/ros2srrc_data/msg/detail/robmove__rosidl_typesupport_fastrtps_cpp.hpp
[3.664s] -- Up-to-date symlink: /home/ubuntu/ros2ws/install/ros2srrc_data/include/ros2srrc_data/ros2srrc_data/msg/detail/robpose__rosidl_typesupport_fastrtps_cpp.hpp
[3.665s] -- Up-to-date symlink: /home/ubuntu/ros2ws/install/ros2srrc_data/include/ros2srrc_data/ros2srrc_data/msg/detail/specs__rosidl_typesupport_fastrtps_cpp.hpp
[3.665s] -- Up-to-date symlink: /home/ubuntu/ros2ws/install/ros2srrc_data/include/ros2srrc_data/ros2srrc_data/msg/detail/xyz__rosidl_typesupport_fastrtps_cpp.hpp
[3.665s] -- Up-to-date symlink: /home/ubuntu/ros2ws/install/ros2srrc_data/include/ros2srrc_data/ros2srrc_data/msg/detail/xyzypr__rosidl_typesupport_fastrtps_cpp.hpp
[3.665s] -- Up-to-date symlink: /home/ubuntu/ros2ws/install/ros2srrc_data/include/ros2srrc_data/ros2srrc_data/msg/detail/ypr__rosidl_typesupport_fastrtps_cpp.hpp
[3.666s] -- Up-to-date symlink: /home/ubuntu/ros2ws/install/ros2srrc_data/include/ros2srrc_data/ros2srrc_data/msg/rosidl_typesupport_fastrtps_cpp__visibility_control.h
[3.666s] -- Up-to-date symlink: /home/ubuntu/ros2ws/install/ros2srrc_data/include/ros2srrc_data/ros2srrc_data/action/detail/move__rosidl_typesupport_introspection_cpp.hpp
[3.666s] -- Up-to-date symlink: /home/ubuntu/ros2ws/install/ros2srrc_data/include/ros2srrc_data/ros2srrc_data/action/detail/robmove__rosidl_typesupport_introspection_cpp.hpp
[3.667s] -- Up-to-date symlink: /home/ubuntu/ros2ws/install/ros2srrc_data/include/ros2srrc_data/ros2srrc_data/action/detail/sequence__rosidl_typesupport_introspection_cpp.hpp
[3.667s] -- Up-to-date symlink: /home/ubuntu/ros2ws/install/ros2srrc_data/include/ros2srrc_data/ros2srrc_data/msg/detail/action__rosidl_typesupport_introspection_cpp.hpp
[3.667s] -- Up-to-date symlink: /home/ubuntu/ros2ws/install/ros2srrc_data/include/ros2srrc_data/ros2srrc_data/msg/detail/joint__rosidl_typesupport_introspection_cpp.hpp
[3.667s] -- Up-to-date symlink: /home/ubuntu/ros2ws/install/ros2srrc_data/include/ros2srrc_data/ros2srrc_data/msg/detail/joints__rosidl_typesupport_introspection_cpp.hpp
[3.668s] -- Up-to-date symlink: /home/ubuntu/ros2ws/install/ros2srrc_data/include/ros2srrc_data/ros2srrc_data/msg/detail/linkattacher__rosidl_typesupport_introspection_cpp.hpp
[3.668s] -- Up-to-date symlink: /home/ubuntu/ros2ws/install/ros2srrc_data/include/ros2srrc_data/ros2srrc_data/msg/detail/robmove__rosidl_typesupport_introspection_cpp.hpp
[3.669s] -- Up-to-date symlink: /home/ubuntu/ros2ws/install/ros2srrc_data/include/ros2srrc_data/ros2srrc_data/msg/detail/robpose__rosidl_typesupport_introspection_cpp.hpp
[3.669s] -- Up-to-date symlink: /home/ubuntu/ros2ws/install/ros2srrc_data/include/ros2srrc_data/ros2srrc_data/msg/detail/specs__rosidl_typesupport_introspection_cpp.hpp
[3.670s] -- Up-to-date symlink: /home/ubuntu/ros2ws/install/ros2srrc_data/include/ros2srrc_data/ros2srrc_data/msg/detail/xyz__rosidl_typesupport_introspection_cpp.hpp
[3.670s] -- Up-to-date symlink: /home/ubuntu/ros2ws/install/ros2srrc_data/include/ros2srrc_data/ros2srrc_data/msg/detail/xyzypr__rosidl_typesupport_introspection_cpp.hpp
[3.670s] -- Up-to-date symlink: /home/ubuntu/ros2ws/install/ros2srrc_data/include/ros2srrc_data/ros2srrc_data/msg/detail/ypr__rosidl_typesupport_introspection_cpp.hpp
[3.671s] -- Up-to-date symlink: /home/ubuntu/ros2ws/install/ros2srrc_data/share/ros2srrc_data/environment/pythonpath.sh
[3.672s] -- Up-to-date symlink: /home/ubuntu/ros2ws/install/ros2srrc_data/share/ros2srrc_data/environment/pythonpath.dsv
[3.674s] -- Up-to-date symlink: /home/ubuntu/ros2ws/install/ros2srrc_data/local/lib/python3.10/dist-packages/ros2srrc_data-0.0.0-py3.10.egg-info/PKG-INFO
[3.677s] -- Up-to-date symlink: /home/ubuntu/ros2ws/install/ros2srrc_data/local/lib/python3.10/dist-packages/ros2srrc_data-0.0.0-py3.10.egg-info/SOURCES.txt
[3.678s] -- Up-to-date symlink: /home/ubuntu/ros2ws/install/ros2srrc_data/local/lib/python3.10/dist-packages/ros2srrc_data-0.0.0-py3.10.egg-info/dependency_links.txt
[3.678s] -- Up-to-date symlink: /home/ubuntu/ros2ws/install/ros2srrc_data/local/lib/python3.10/dist-packages/ros2srrc_data-0.0.0-py3.10.egg-info/top_level.txt
[3.686s] -- Up-to-date symlink: /home/ubuntu/ros2ws/install/ros2srrc_data/local/lib/python3.10/dist-packages/ros2srrc_data/__init__.py
[3.687s] -- Up-to-date symlink: /home/ubuntu/ros2ws/install/ros2srrc_data/local/lib/python3.10/dist-packages/ros2srrc_data/_ros2srrc_data_s.ep.rosidl_typesupport_c.c
[3.687s] -- Up-to-date symlink: /home/ubuntu/ros2ws/install/ros2srrc_data/local/lib/python3.10/dist-packages/ros2srrc_data/_ros2srrc_data_s.ep.rosidl_typesupport_fastrtps_c.c
[3.687s] -- Up-to-date symlink: /home/ubuntu/ros2ws/install/ros2srrc_data/local/lib/python3.10/dist-packages/ros2srrc_data/_ros2srrc_data_s.ep.rosidl_typesupport_introspection_c.c
[3.688s] -- Up-to-date symlink: /home/ubuntu/ros2ws/install/ros2srrc_data/local/lib/python3.10/dist-packages/ros2srrc_data/action/__init__.py
[3.688s] -- Up-to-date symlink: /home/ubuntu/ros2ws/install/ros2srrc_data/local/lib/python3.10/dist-packages/ros2srrc_data/action/_move.py
[3.689s] -- Up-to-date symlink: /home/ubuntu/ros2ws/install/ros2srrc_data/local/lib/python3.10/dist-packages/ros2srrc_data/action/_move_s.c
[3.689s] -- Up-to-date symlink: /home/ubuntu/ros2ws/install/ros2srrc_data/local/lib/python3.10/dist-packages/ros2srrc_data/action/_robmove.py
[3.690s] -- Up-to-date symlink: /home/ubuntu/ros2ws/install/ros2srrc_data/local/lib/python3.10/dist-packages/ros2srrc_data/action/_robmove_s.c
[3.690s] -- Up-to-date symlink: /home/ubuntu/ros2ws/install/ros2srrc_data/local/lib/python3.10/dist-packages/ros2srrc_data/action/_sequence.py
[3.690s] -- Up-to-date symlink: /home/ubuntu/ros2ws/install/ros2srrc_data/local/lib/python3.10/dist-packages/ros2srrc_data/action/_sequence_s.c
[3.691s] -- Up-to-date symlink: /home/ubuntu/ros2ws/install/ros2srrc_data/local/lib/python3.10/dist-packages/ros2srrc_data/libros2srrc_data__rosidl_generator_py.so
[3.691s] -- Up-to-date symlink: /home/ubuntu/ros2ws/install/ros2srrc_data/local/lib/python3.10/dist-packages/ros2srrc_data/msg/__init__.py
[3.692s] -- Up-to-date symlink: /home/ubuntu/ros2ws/install/ros2srrc_data/local/lib/python3.10/dist-packages/ros2srrc_data/msg/_action.py
[3.692s] -- Up-to-date symlink: /home/ubuntu/ros2ws/install/ros2srrc_data/local/lib/python3.10/dist-packages/ros2srrc_data/msg/_action_s.c
[3.696s] -- Up-to-date symlink: /home/ubuntu/ros2ws/install/ros2srrc_data/local/lib/python3.10/dist-packages/ros2srrc_data/msg/_joint.py
[3.700s] -- Up-to-date symlink: /home/ubuntu/ros2ws/install/ros2srrc_data/local/lib/python3.10/dist-packages/ros2srrc_data/msg/_joint_s.c
[3.701s] -- Up-to-date symlink: /home/ubuntu/ros2ws/install/ros2srrc_data/local/lib/python3.10/dist-packages/ros2srrc_data/msg/_joints.py
[3.701s] -- Up-to-date symlink: /home/ubuntu/ros2ws/install/ros2srrc_data/local/lib/python3.10/dist-packages/ros2srrc_data/msg/_joints_s.c
[3.701s] -- Up-to-date symlink: /home/ubuntu/ros2ws/install/ros2srrc_data/local/lib/python3.10/dist-packages/ros2srrc_data/msg/_linkattacher.py
[3.701s] -- Up-to-date symlink: /home/ubuntu/ros2ws/install/ros2srrc_data/local/lib/python3.10/dist-packages/ros2srrc_data/msg/_linkattacher_s.c
[3.702s] -- Up-to-date symlink: /home/ubuntu/ros2ws/install/ros2srrc_data/local/lib/python3.10/dist-packages/ros2srrc_data/msg/_robmove.py
[3.702s] -- Up-to-date symlink: /home/ubuntu/ros2ws/install/ros2srrc_data/local/lib/python3.10/dist-packages/ros2srrc_data/msg/_robmove_s.c
[3.702s] -- Up-to-date symlink: /home/ubuntu/ros2ws/install/ros2srrc_data/local/lib/python3.10/dist-packages/ros2srrc_data/msg/_robpose.py
[3.703s] -- Up-to-date symlink: /home/ubuntu/ros2ws/install/ros2srrc_data/local/lib/python3.10/dist-packages/ros2srrc_data/msg/_robpose_s.c
[3.703s] -- Up-to-date symlink: /home/ubuntu/ros2ws/install/ros2srrc_data/local/lib/python3.10/dist-packages/ros2srrc_data/msg/_specs.py
[3.704s] -- Up-to-date symlink: /home/ubuntu/ros2ws/install/ros2srrc_data/local/lib/python3.10/dist-packages/ros2srrc_data/msg/_specs_s.c
[3.704s] -- Up-to-date symlink: /home/ubuntu/ros2ws/install/ros2srrc_data/local/lib/python3.10/dist-packages/ros2srrc_data/msg/_xyz.py
[3.710s] -- Up-to-date symlink: /home/ubuntu/ros2ws/install/ros2srrc_data/local/lib/python3.10/dist-packages/ros2srrc_data/msg/_xyz_s.c
[3.711s] -- Up-to-date symlink: /home/ubuntu/ros2ws/install/ros2srrc_data/local/lib/python3.10/dist-packages/ros2srrc_data/msg/_xyzypr.py
[3.712s] -- Up-to-date symlink: /home/ubuntu/ros2ws/install/ros2srrc_data/local/lib/python3.10/dist-packages/ros2srrc_data/msg/_xyzypr_s.c
[3.714s] -- Up-to-date symlink: /home/ubuntu/ros2ws/install/ros2srrc_data/local/lib/python3.10/dist-packages/ros2srrc_data/msg/_ypr.py
[3.714s] -- Up-to-date symlink: /home/ubuntu/ros2ws/install/ros2srrc_data/local/lib/python3.10/dist-packages/ros2srrc_data/msg/_ypr_s.c
[3.715s] -- Up-to-date symlink: /home/ubuntu/ros2ws/install/ros2srrc_data/local/lib/python3.10/dist-packages/ros2srrc_data/ros2srrc_data_s__rosidl_typesupport_c.cpython-310-x86_64-linux-gnu.so
[3.715s] -- Up-to-date symlink: /home/ubuntu/ros2ws/install/ros2srrc_data/local/lib/python3.10/dist-packages/ros2srrc_data/ros2srrc_data_s__rosidl_typesupport_fastrtps_c.cpython-310-x86_64-linux-gnu.so
[3.715s] -- Up-to-date symlink: /home/ubuntu/ros2ws/install/ros2srrc_data/local/lib/python3.10/dist-packages/ros2srrc_data/ros2srrc_data_s__rosidl_typesupport_introspection_c.cpython-310-x86_64-linux-gnu.so
[3.717s] -- Up-to-date symlink: /home/ubuntu/ros2ws/install/ros2srrc_data/local/lib/python3.10/dist-packages/ros2srrc_data/ros2srrc_data_s__rosidl_typesupport_fastrtps_c.cpython-310-x86_64-linux-gnu.so
[3.722s] -- Up-to-date symlink: /home/ubuntu/ros2ws/install/ros2srrc_data/local/lib/python3.10/dist-packages/ros2srrc_data/ros2srrc_data_s__rosidl_typesupport_introspection_c.cpython-310-x86_64-linux-gnu.so
[3.723s] -- Up-to-date symlink: /home/ubuntu/ros2ws/install/ros2srrc_data/local/lib/python3.10/dist-packages/ros2srrc_data/ros2srrc_data_s__rosidl_typesupport_c.cpython-310-x86_64-linux-gnu.so
[3.724s] -- Up-to-date symlink: /home/ubuntu/ros2ws/install/ros2srrc_data/share/ros2srrc_data/msg/Specs.idl
[3.724s] -- Up-to-date symlink: /home/ubuntu/ros2ws/install/ros2srrc_data/share/ros2srrc_data/msg/Robmove.idl
[3.725s] -- Up-to-date symlink: /home/ubuntu/ros2ws/install/ros2srrc_data/share/ros2srrc_data/msg/Joint.idl
[3.725s] -- Up-to-date symlink: /home/ubuntu/ros2ws/install/ros2srrc_data/share/ros2srrc_data/msg/Joints.idl
[3.726s] -- Up-to-date symlink: /home/ubuntu/ros2ws/install/ros2srrc_data/share/ros2srrc_data/msg/Xyz.idl
[3.726s] -- Up-to-date symlink: /home/ubuntu/ros2ws/install/ros2srrc_data/share/ros2srrc_data/msg/Xyzypr.idl
[3.726s] -- Up-to-date symlink: /home/ubuntu/ros2ws/install/ros2srrc_data/share/ros2srrc_data/msg/Ypr.idl
[3.727s] -- Up-to-date symlink: /home/ubuntu/ros2ws/install/ros2srrc_data/share/ros2srrc_data/msg/Action.idl
[3.728s] -- Up-to-date symlink: /home/ubuntu/ros2ws/install/ros2srrc_data/share/ros2srrc_data/msg/Linkattacher.idl
[3.728s] -- Up-to-date symlink: /home/ubuntu/ros2ws/install/ros2srrc_data/share/ros2srrc_data/msg/Robpose.idl
[3.729s] -- Up-to-date symlink: /home/ubuntu/ros2ws/install/ros2srrc_data/share/ros2srrc_data/action/Move.idl
[3.730s] -- Up-to-date symlink: /home/ubuntu/ros2ws/install/ros2srrc_data/share/ros2srrc_data/action/Sequence.idl
[3.734s] -- Up-to-date symlink: /home/ubuntu/ros2ws/install/ros2srrc_data/share/ros2srrc_data/action/Robmove.idl
[3.735s] -- Up-to-date symlink: /home/ubuntu/ros2ws/install/ros2srrc_data/share/ros2srrc_data/msg/Specs.msg
[3.736s] -- Up-to-date symlink: /home/ubuntu/ros2ws/install/ros2srrc_data/share/ros2srrc_data/msg/Robmove.msg
[3.739s] -- Up-to-date symlink: /home/ubuntu/ros2ws/install/ros2srrc_data/share/ros2srrc_data/msg/Joint.msg
[3.739s] -- Up-to-date symlink: /home/ubuntu/ros2ws/install/ros2srrc_data/share/ros2srrc_data/msg/Joints.msg
[3.740s] -- Up-to-date symlink: /home/ubuntu/ros2ws/install/ros2srrc_data/share/ros2srrc_data/msg/Xyz.msg
[3.740s] -- Up-to-date symlink: /home/ubuntu/ros2ws/install/ros2srrc_data/share/ros2srrc_data/msg/Xyzypr.msg
[3.740s] -- Up-to-date symlink: /home/ubuntu/ros2ws/install/ros2srrc_data/share/ros2srrc_data/msg/Ypr.msg
[3.740s] -- Up-to-date symlink: /home/ubuntu/ros2ws/install/ros2srrc_data/share/ros2srrc_data/msg/Action.msg
[3.740s] -- Up-to-date symlink: /home/ubuntu/ros2ws/install/ros2srrc_data/share/ros2srrc_data/msg/Linkattacher.msg
[3.740s] -- Up-to-date symlink: /home/ubuntu/ros2ws/install/ros2srrc_data/share/ros2srrc_data/msg/Robpose.msg
[3.740s] -- Up-to-date symlink: /home/ubuntu/ros2ws/install/ros2srrc_data/share/ros2srrc_data/action/Move.action
[3.740s] -- Up-to-date symlink: /home/ubuntu/ros2ws/install/ros2srrc_data/share/ros2srrc_data/action/Sequence.action
[3.740s] -- Up-to-date symlink: /home/ubuntu/ros2ws/install/ros2srrc_data/share/ros2srrc_data/action/Robmove.action
[3.740s] -- Up-to-date symlink: /home/ubuntu/ros2ws/install/ros2srrc_data/share/ament_index/resource_index/package_run_dependencies/ros2srrc_data
[3.740s] -- Up-to-date symlink: /home/ubuntu/ros2ws/install/ros2srrc_data/share/ament_index/resource_index/parent_prefix_path/ros2srrc_data
[3.741s] -- Up-to-date symlink: /home/ubuntu/ros2ws/install/ros2srrc_data/share/ros2srrc_data/environment/ament_prefix_path.sh
[3.741s] -- Up-to-date symlink: /home/ubuntu/ros2ws/install/ros2srrc_data/share/ros2srrc_data/environment/ament_prefix_path.dsv
[3.741s] -- Up-to-date symlink: /home/ubuntu/ros2ws/install/ros2srrc_data/share/ros2srrc_data/environment/path.sh
[3.741s] -- Up-to-date symlink: /home/ubuntu/ros2ws/install/ros2srrc_data/share/ros2srrc_data/environment/path.dsv
[3.748s] -- Up-to-date symlink: /home/ubuntu/ros2ws/install/ros2srrc_data/share/ros2srrc_data/local_setup.bash
[3.749s] -- Up-to-date symlink: /home/ubuntu/ros2ws/install/ros2srrc_data/share/ros2srrc_data/local_setup.sh
[3.750s] -- Up-to-date symlink: /home/ubuntu/ros2ws/install/ros2srrc_data/share/ros2srrc_data/local_setup.zsh
[3.752s] -- Up-to-date symlink: /home/ubuntu/ros2ws/install/ros2srrc_data/share/ros2srrc_data/local_setup.dsv
[3.752s] -- Symlinking: /home/ubuntu/ros2ws/install/ros2srrc_data/share/ros2srrc_data/package.dsv
[3.778s] -- Up-to-date symlink: /home/ubuntu/ros2ws/install/ros2srrc_data/share/ament_index/resource_index/packages/ros2srrc_data
[3.779s] -- Up-to-date symlink: /home/ubuntu/ros2ws/install/ros2srrc_data/share/ros2srrc_data/cmake/rosidl_cmake-extras.cmake
[3.779s] -- Up-to-date symlink: /home/ubuntu/ros2ws/install/ros2srrc_data/share/ros2srrc_data/cmake/ament_cmake_export_dependencies-extras.cmake
[3.781s] -- Up-to-date symlink: /home/ubuntu/ros2ws/install/ros2srrc_data/share/ros2srrc_data/cmake/ament_cmake_export_include_directories-extras.cmake
[3.781s] -- Up-to-date symlink: /home/ubuntu/ros2ws/install/ros2srrc_data/share/ros2srrc_data/cmake/ament_cmake_export_libraries-extras.cmake
[3.781s] -- Up-to-date symlink: /home/ubuntu/ros2ws/install/ros2srrc_data/share/ros2srrc_data/cmake/ament_cmake_export_targets-extras.cmake
[3.782s] -- Up-to-date symlink: /home/ubuntu/ros2ws/install/ros2srrc_data/share/ros2srrc_data/cmake/rosidl_cmake_export_typesupport_targets-extras.cmake
[3.784s] -- Up-to-date symlink: /home/ubuntu/ros2ws/install/ros2srrc_data/share/ros2srrc_data/cmake/rosidl_cmake_export_typesupport_libraries-extras.cmake
[3.785s] -- Up-to-date symlink: /home/ubuntu/ros2ws/install/ros2srrc_data/share/ros2srrc_data/cmake/ros2srrc_dataConfig.cmake
[3.785s] -- Up-to-date symlink: /home/ubuntu/ros2ws/install/ros2srrc_data/share/ros2srrc_data/cmake/ros2srrc_dataConfig-version.cmake
[3.785s] -- Up-to-date symlink: /home/ubuntu/ros2ws/install/ros2srrc_data/share/ros2srrc_data/package.xml
[3.786s] -- Up-to-date: /home/ubuntu/ros2ws/install/ros2srrc_data/lib/libros2srrc_data__rosidl_generator_c.so
[3.790s] -- Up-to-date: /home/ubuntu/ros2ws/install/ros2srrc_data/lib/libros2srrc_data__rosidl_typesupport_fastrtps_c.so
[3.791s] -- Up-to-date: /home/ubuntu/ros2ws/install/ros2srrc_data/lib/libros2srrc_data__rosidl_typesupport_introspection_c.so
[3.793s] -- Up-to-date: /home/ubuntu/ros2ws/install/ros2srrc_data/lib/libros2srrc_data__rosidl_typesupport_c.so
[3.796s] -- Up-to-date: /home/ubuntu/ros2ws/install/ros2srrc_data/lib/libros2srrc_data__rosidl_typesupport_fastrtps_cpp.so
[3.800s] -- Up-to-date: /home/ubuntu/ros2ws/install/ros2srrc_data/lib/libros2srrc_data__rosidl_typesupport_introspection_cpp.so
[3.801s] -- Up-to-date: /home/ubuntu/ros2ws/install/ros2srrc_data/lib/libros2srrc_data__rosidl_typesupport_cpp.so
[3.917s] Listing '/home/ubuntu/ros2ws/install/ros2srrc_data/local/lib/python3.10/dist-packages/ros2srrc_data'...
[3.917s] Listing '/home/ubuntu/ros2ws/install/ros2srrc_data/local/lib/python3.10/dist-packages/ros2srrc_data/action'...
[3.917s] Listing '/home/ubuntu/ros2ws/install/ros2srrc_data/local/lib/python3.10/dist-packages/ros2srrc_data/msg'...
[3.936s] -- Up-to-date: /home/ubuntu/ros2ws/install/ros2srrc_data/lib/libros2srrc_data__rosidl_generator_py.so
[3.939s] -- Up-to-date: /home/ubuntu/ros2ws/install/ros2srrc_data/share/ros2srrc_data/cmake/export_ros2srrc_data__rosidl_generator_cExport.cmake
[3.939s] -- Up-to-date: /home/ubuntu/ros2ws/install/ros2srrc_data/share/ros2srrc_data/cmake/export_ros2srrc_data__rosidl_generator_cExport-noconfig.cmake
[3.939s] -- Up-to-date: /home/ubuntu/ros2ws/install/ros2srrc_data/share/ros2srrc_data/cmake/export_ros2srrc_data__rosidl_typesupport_fastrtps_cExport.cmake
[3.939s] -- Up-to-date: /home/ubuntu/ros2ws/install/ros2srrc_data/share/ros2srrc_data/cmake/export_ros2srrc_data__rosidl_typesupport_fastrtps_cExport-noconfig.cmake
[3.939s] -- Up-to-date: /home/ubuntu/ros2ws/install/ros2srrc_data/share/ros2srrc_data/cmake/ros2srrc_data__rosidl_typesupport_introspection_cExport.cmake
[3.939s] -- Up-to-date: /home/ubuntu/ros2ws/install/ros2srrc_data/share/ros2srrc_data/cmake/ros2srrc_data__rosidl_typesupport_introspection_cExport-noconfig.cmake
[3.939s] -- Up-to-date: /home/ubuntu/ros2ws/install/ros2srrc_data/share/ros2srrc_data/cmake/ros2srrc_data__rosidl_typesupport_cExport.cmake
[3.939s] -- Up-to-date: /home/ubuntu/ros2ws/install/ros2srrc_data/share/ros2srrc_data/cmake/ros2srrc_data__rosidl_typesupport_cExport-noconfig.cmake
[3.939s] -- Up-to-date: /home/ubuntu/ros2ws/install/ros2srrc_data/share/ros2srrc_data/cmake/export_ros2srrc_data__rosidl_generator_cppExport.cmake
[3.941s] -- Up-to-date: /home/ubuntu/ros2ws/install/ros2srrc_data/share/ros2srrc_data/cmake/export_ros2srrc_data__rosidl_typesupport_fastrtps_cppExport.cmake
[3.941s] -- Up-to-date: /home/ubuntu/ros2ws/install/ros2srrc_data/share/ros2srrc_data/cmake/export_ros2srrc_data__rosidl_typesupport_fastrtps_cppExport-noconfig.cmake
[3.942s] -- Up-to-date: /home/ubuntu/ros2ws/install/ros2srrc_data/share/ros2srrc_data/cmake/ros2srrc_data__rosidl_typesupport_introspection_cppExport.cmake
[3.942s] -- Up-to-date: /home/ubuntu/ros2ws/install/ros2srrc_data/share/ros2srrc_data/cmake/ros2srrc_data__rosidl_typesupport_introspection_cppExport-noconfig.cmake
[3.944s] -- Up-to-date: /home/ubuntu/ros2ws/install/ros2srrc_data/share/ros2srrc_data/cmake/ros2srrc_data__rosidl_typesupport_cppExport.cmake
[3.946s] -- Up-to-date: /home/ubuntu/ros2ws/install/ros2srrc_data/share/ros2srrc_data/cmake/ros2srrc_data__rosidl_typesupport_cppExport-noconfig.cmake
[3.948s] -- Up-to-date: /home/ubuntu/ros2ws/install/ros2srrc_data/share/ros2srrc_data/cmake/export_ros2srrc_data__rosidl_generator_pyExport.cmake
[3.948s] -- Up-to-date: /home/ubuntu/ros2ws/install/ros2srrc_data/share/ros2srrc_data/cmake/export_ros2srrc_data__rosidl_generator_pyExport-noconfig.cmake
[3.959s] Invoked command in '/home/ubuntu/ros2ws/build/ros2srrc_data' returned '0': CMAKE_PREFIX_PATH=${CMAKE_PREFIX_PATH}:/home/ubuntu/ros2ws/install/testV1:/home/ubuntu/ros2ws/install/gui_subscriber:/home/ubuntu/ros2ws/install/moveit_configs_utils:/home/ubuntu/ros2ws/install/robot_letter_writer:/home/ubuntu/ros2ws/install/launch_param_builder:/opt/ros/humble /usr/bin/cmake --install /home/ubuntu/ros2ws/build/ros2srrc_data
