[0.029s] Invoking command in '/home/ubuntu/ros2ws/build/ros2srrc_irb6640_moveit2': CMAKE_PREFIX_PATH=${CMAKE_PREFIX_PATH}:/opt/ros/humble /usr/bin/cmake /home/ubuntu/ros2ws/src/ros2_SimRealRobotControl/packages/irb6640/ros2srrc_irb6640_moveit2 -DCMAKE_INSTALL_PREFIX=/home/ubuntu/ros2ws/install/ros2srrc_irb6640_moveit2
[0.077s] -- Found ament_cmake: 1.3.10 (/opt/ros/humble/share/ament_cmake/cmake)
[0.436s] -- Override CMake install command with custom implementation using symlinks instead of copying resources
[0.455s] -- Found ament_lint_auto: 0.12.11 (/opt/ros/humble/share/ament_lint_auto/cmake)
[0.708s] -- Added test 'copyright' to check source files copyright and LICENSE
[0.713s] -- Added test 'lint_cmake' to check CMake code style
[0.717s] -- Added test 'xmllint' to check XML markup files
[0.723s] -- Configuring done
[0.734s] -- Generating done
[0.746s] -- Build files have been written to: /home/ubuntu/ros2ws/build/ros2srrc_irb6640_moveit2
[0.755s] Invoked command in '/home/ubuntu/ros2ws/build/ros2srrc_irb6640_moveit2' returned '0': CMAKE_PREFIX_PATH=${CMAKE_PREFIX_PATH}:/opt/ros/humble /usr/bin/cmake /home/ubuntu/ros2ws/src/ros2_SimRealRobotControl/packages/irb6640/ros2srrc_irb6640_moveit2 -DCMAKE_INSTALL_PREFIX=/home/ubuntu/ros2ws/install/ros2srrc_irb6640_moveit2
[0.773s] Invoking command in '/home/ubuntu/ros2ws/build/ros2srrc_irb6640_moveit2': CMAKE_PREFIX_PATH=${CMAKE_PREFIX_PATH}:/opt/ros/humble /usr/bin/cmake --build /home/ubuntu/ros2ws/build/ros2srrc_irb6640_moveit2 -- -j4 -l4
[0.922s] Invoked command in '/home/ubuntu/ros2ws/build/ros2srrc_irb6640_moveit2' returned '0': CMAKE_PREFIX_PATH=${CMAKE_PREFIX_PATH}:/opt/ros/humble /usr/bin/cmake --build /home/ubuntu/ros2ws/build/ros2srrc_irb6640_moveit2 -- -j4 -l4
[1.006s] Invoking command in '/home/ubuntu/ros2ws/build/ros2srrc_irb6640_moveit2': CMAKE_PREFIX_PATH=${CMAKE_PREFIX_PATH}:/opt/ros/humble /usr/bin/cmake --install /home/ubuntu/ros2ws/build/ros2srrc_irb6640_moveit2
[1.025s] -- Install configuration: ""
[1.027s] -- Execute custom install script
[1.029s] -- Up-to-date symlink: /home/ubuntu/ros2ws/install/ros2srrc_irb6640_moveit2/share/ros2srrc_irb6640_moveit2/config/irb6640.srdf
[1.031s] -- Up-to-date symlink: /home/ubuntu/ros2ws/install/ros2srrc_irb6640_moveit2/share/ros2srrc_irb6640_moveit2/config/irb6640_moveit2.rviz
[1.031s] -- Up-to-date symlink: /home/ubuntu/ros2ws/install/ros2srrc_irb6640_moveit2/share/ros2srrc_irb6640_moveit2/config/irb6640gpp5010nc.srdf
[1.031s] -- Up-to-date symlink: /home/ubuntu/ros2ws/install/ros2srrc_irb6640_moveit2/share/ros2srrc_irb6640_moveit2/config/irb6640gpp5010nc_moveit2.rviz
[1.031s] -- Up-to-date symlink: /home/ubuntu/ros2ws/install/ros2srrc_irb6640_moveit2/share/ament_index/resource_index/package_run_dependencies/ros2srrc_irb6640_moveit2
[1.031s] -- Up-to-date symlink: /home/ubuntu/ros2ws/install/ros2srrc_irb6640_moveit2/share/ament_index/resource_index/parent_prefix_path/ros2srrc_irb6640_moveit2
[1.031s] -- Up-to-date symlink: /home/ubuntu/ros2ws/install/ros2srrc_irb6640_moveit2/share/ros2srrc_irb6640_moveit2/environment/ament_prefix_path.sh
[1.033s] -- Up-to-date symlink: /home/ubuntu/ros2ws/install/ros2srrc_irb6640_moveit2/share/ros2srrc_irb6640_moveit2/environment/ament_prefix_path.dsv
[1.033s] -- Up-to-date symlink: /home/ubuntu/ros2ws/install/ros2srrc_irb6640_moveit2/share/ros2srrc_irb6640_moveit2/environment/path.sh
[1.033s] -- Up-to-date symlink: /home/ubuntu/ros2ws/install/ros2srrc_irb6640_moveit2/share/ros2srrc_irb6640_moveit2/environment/path.dsv
[1.035s] -- Up-to-date symlink: /home/ubuntu/ros2ws/install/ros2srrc_irb6640_moveit2/share/ros2srrc_irb6640_moveit2/local_setup.bash
[1.036s] -- Up-to-date symlink: /home/ubuntu/ros2ws/install/ros2srrc_irb6640_moveit2/share/ros2srrc_irb6640_moveit2/local_setup.sh
[1.036s] -- Up-to-date symlink: /home/ubuntu/ros2ws/install/ros2srrc_irb6640_moveit2/share/ros2srrc_irb6640_moveit2/local_setup.zsh
[1.037s] -- Up-to-date symlink: /home/ubuntu/ros2ws/install/ros2srrc_irb6640_moveit2/share/ros2srrc_irb6640_moveit2/local_setup.dsv
[1.037s] -- Symlinking: /home/ubuntu/ros2ws/install/ros2srrc_irb6640_moveit2/share/ros2srrc_irb6640_moveit2/package.dsv
[1.060s] -- Up-to-date symlink: /home/ubuntu/ros2ws/install/ros2srrc_irb6640_moveit2/share/ament_index/resource_index/packages/ros2srrc_irb6640_moveit2
[1.060s] -- Up-to-date symlink: /home/ubuntu/ros2ws/install/ros2srrc_irb6640_moveit2/share/ros2srrc_irb6640_moveit2/cmake/ros2srrc_irb6640_moveit2Config.cmake
[1.060s] -- Up-to-date symlink: /home/ubuntu/ros2ws/install/ros2srrc_irb6640_moveit2/share/ros2srrc_irb6640_moveit2/cmake/ros2srrc_irb6640_moveit2Config-version.cmake
[1.060s] -- Up-to-date symlink: /home/ubuntu/ros2ws/install/ros2srrc_irb6640_moveit2/share/ros2srrc_irb6640_moveit2/package.xml
[1.067s] Invoked command in '/home/ubuntu/ros2ws/build/ros2srrc_irb6640_moveit2' returned '0': CMAKE_PREFIX_PATH=${CMAKE_PREFIX_PATH}:/opt/ros/humble /usr/bin/cmake --install /home/ubuntu/ros2ws/build/ros2srrc_irb6640_moveit2
