[0.114s] Invoking command in '/home/ubuntu/ros2ws/build/ros2srrc_ur3_gazebo': CMAKE_PREFIX_PATH=${CMAKE_PREFIX_PATH}:/opt/ros/humble /usr/bin/cmake --build /home/ubuntu/ros2ws/build/ros2srrc_ur3_gazebo -- -j4 -l4
[0.392s] Invoked command in '/home/ubuntu/ros2ws/build/ros2srrc_ur3_gazebo' returned '0': CMAKE_PREFIX_PATH=${CMAKE_PREFIX_PATH}:/opt/ros/humble /usr/bin/cmake --build /home/ubuntu/ros2ws/build/ros2srrc_ur3_gazebo -- -j4 -l4
[0.446s] Invoking command in '/home/ubuntu/ros2ws/build/ros2srrc_ur3_gazebo': CMAKE_PREFIX_PATH=${CMAKE_PREFIX_PATH}:/opt/ros/humble /usr/bin/cmake --install /home/ubuntu/ros2ws/build/ros2srrc_ur3_gazebo
[0.460s] -- Install configuration: ""
[0.470s] -- Execute custom install script
[0.481s] -- Up-to-date symlink: /home/ubuntu/ros2ws/install/ros2srrc_ur3_gazebo/share/ros2srrc_ur3_gazebo/config/configurations.yaml
[0.484s] -- Up-to-date symlink: /home/ubuntu/ros2ws/install/ros2srrc_ur3_gazebo/share/ros2srrc_ur3_gazebo/urdf/ur3.urdf.xacro
[0.485s] -- Up-to-date symlink: /home/ubuntu/ros2ws/install/ros2srrc_ur3_gazebo/share/ros2srrc_ur3_gazebo/urdf/ur3_robotiq_2f85.urdf.xacro
[0.486s] -- Up-to-date symlink: /home/ubuntu/ros2ws/install/ros2srrc_ur3_gazebo/share/ros2srrc_ur3_gazebo/urdf/ur3_robotiq_hande.urdf.xacro
[0.505s] -- Up-to-date symlink: /home/ubuntu/ros2ws/install/ros2srrc_ur3_gazebo/share/ros2srrc_ur3_gazebo/worlds/ros2srrc_ur3.world
[0.506s] -- Up-to-date symlink: /home/ubuntu/ros2ws/install/ros2srrc_ur3_gazebo/share/ament_index/resource_index/package_run_dependencies/ros2srrc_ur3_gazebo
[0.508s] -- Up-to-date symlink: /home/ubuntu/ros2ws/install/ros2srrc_ur3_gazebo/share/ament_index/resource_index/parent_prefix_path/ros2srrc_ur3_gazebo
[0.509s] -- Up-to-date symlink: /home/ubuntu/ros2ws/install/ros2srrc_ur3_gazebo/share/ros2srrc_ur3_gazebo/environment/ament_prefix_path.sh
[0.509s] -- Up-to-date symlink: /home/ubuntu/ros2ws/install/ros2srrc_ur3_gazebo/share/ros2srrc_ur3_gazebo/environment/ament_prefix_path.dsv
[0.513s] -- Up-to-date symlink: /home/ubuntu/ros2ws/install/ros2srrc_ur3_gazebo/share/ros2srrc_ur3_gazebo/environment/path.sh
[0.513s] -- Up-to-date symlink: /home/ubuntu/ros2ws/install/ros2srrc_ur3_gazebo/share/ros2srrc_ur3_gazebo/environment/path.dsv
[0.515s] -- Up-to-date symlink: /home/ubuntu/ros2ws/install/ros2srrc_ur3_gazebo/share/ros2srrc_ur3_gazebo/local_setup.bash
[0.525s] -- Up-to-date symlink: /home/ubuntu/ros2ws/install/ros2srrc_ur3_gazebo/share/ros2srrc_ur3_gazebo/local_setup.sh
[0.526s] -- Up-to-date symlink: /home/ubuntu/ros2ws/install/ros2srrc_ur3_gazebo/share/ros2srrc_ur3_gazebo/local_setup.zsh
[0.532s] -- Up-to-date symlink: /home/ubuntu/ros2ws/install/ros2srrc_ur3_gazebo/share/ros2srrc_ur3_gazebo/local_setup.dsv
[0.534s] -- Symlinking: /home/ubuntu/ros2ws/install/ros2srrc_ur3_gazebo/share/ros2srrc_ur3_gazebo/package.dsv
[0.559s] -- Up-to-date symlink: /home/ubuntu/ros2ws/install/ros2srrc_ur3_gazebo/share/ament_index/resource_index/packages/ros2srrc_ur3_gazebo
[0.559s] -- Up-to-date symlink: /home/ubuntu/ros2ws/install/ros2srrc_ur3_gazebo/share/ros2srrc_ur3_gazebo/cmake/ros2srrc_ur3_gazeboConfig.cmake
[0.559s] -- Up-to-date symlink: /home/ubuntu/ros2ws/install/ros2srrc_ur3_gazebo/share/ros2srrc_ur3_gazebo/cmake/ros2srrc_ur3_gazeboConfig-version.cmake
[0.559s] -- Up-to-date symlink: /home/ubuntu/ros2ws/install/ros2srrc_ur3_gazebo/share/ros2srrc_ur3_gazebo/package.xml
[0.567s] Invoked command in '/home/ubuntu/ros2ws/build/ros2srrc_ur3_gazebo' returned '0': CMAKE_PREFIX_PATH=${CMAKE_PREFIX_PATH}:/opt/ros/humble /usr/bin/cmake --install /home/ubuntu/ros2ws/build/ros2srrc_ur3_gazebo
