[0.031s] Invoking command in '/home/ubuntu/ros2ws/build/ros2srrc_launch': CMAKE_PREFIX_PATH=${CMAKE_PREFIX_PATH}:/home/ubuntu/ros2ws/install/robot_letter_writer:/opt/ros/humble /usr/bin/cmake --build /home/ubuntu/ros2ws/build/ros2srrc_launch -- -j4 -l4
[0.126s] Invoked command in '/home/ubuntu/ros2ws/build/ros2srrc_launch' returned '0': CMAKE_PREFIX_PATH=${CMAKE_PREFIX_PATH}:/home/ubuntu/ros2ws/install/robot_letter_writer:/opt/ros/humble /usr/bin/cmake --build /home/ubuntu/ros2ws/build/ros2srrc_launch -- -j4 -l4
[0.187s] Invoking command in '/home/ubuntu/ros2ws/build/ros2srrc_launch': CMAKE_PREFIX_PATH=${CMAKE_PREFIX_PATH}:/home/ubuntu/ros2ws/install/robot_letter_writer:/opt/ros/humble /usr/bin/cmake --install /home/ubuntu/ros2ws/build/ros2srrc_launch
[0.202s] -- Install configuration: ""
[0.219s] -- Execute custom install script
[0.222s] -- Up-to-date symlink: /home/ubuntu/ros2ws/install/ros2srrc_launch/share/ros2srrc_launch/gazebo/simulation.launch.py
[0.222s] -- Up-to-date symlink: /home/ubuntu/ros2ws/install/ros2srrc_launch/share/ros2srrc_launch/moveit2/moveit2.launch.py
[0.223s] -- Up-to-date symlink: /home/ubuntu/ros2ws/install/ros2srrc_launch/share/ros2srrc_launch/bringup/bringup_abb.launch.py
[0.223s] -- Up-to-date symlink: /home/ubuntu/ros2ws/install/ros2srrc_launch/share/ros2srrc_launch/bringup/bringup_ur.launch.py
[0.223s] -- Up-to-date symlink: /home/ubuntu/ros2ws/install/ros2srrc_launch/share/ament_index/resource_index/package_run_dependencies/ros2srrc_launch
[0.225s] -- Up-to-date symlink: /home/ubuntu/ros2ws/install/ros2srrc_launch/share/ament_index/resource_index/parent_prefix_path/ros2srrc_launch
[0.225s] -- Up-to-date symlink: /home/ubuntu/ros2ws/install/ros2srrc_launch/share/ros2srrc_launch/environment/ament_prefix_path.sh
[0.225s] -- Up-to-date symlink: /home/ubuntu/ros2ws/install/ros2srrc_launch/share/ros2srrc_launch/environment/ament_prefix_path.dsv
[0.225s] -- Up-to-date symlink: /home/ubuntu/ros2ws/install/ros2srrc_launch/share/ros2srrc_launch/environment/path.sh
[0.226s] -- Up-to-date symlink: /home/ubuntu/ros2ws/install/ros2srrc_launch/share/ros2srrc_launch/environment/path.dsv
[0.226s] -- Up-to-date symlink: /home/ubuntu/ros2ws/install/ros2srrc_launch/share/ros2srrc_launch/local_setup.bash
[0.226s] -- Up-to-date symlink: /home/ubuntu/ros2ws/install/ros2srrc_launch/share/ros2srrc_launch/local_setup.sh
[0.227s] -- Up-to-date symlink: /home/ubuntu/ros2ws/install/ros2srrc_launch/share/ros2srrc_launch/local_setup.zsh
[0.227s] -- Up-to-date symlink: /home/ubuntu/ros2ws/install/ros2srrc_launch/share/ros2srrc_launch/local_setup.dsv
[0.228s] -- Symlinking: /home/ubuntu/ros2ws/install/ros2srrc_launch/share/ros2srrc_launch/package.dsv
[0.243s] -- Up-to-date symlink: /home/ubuntu/ros2ws/install/ros2srrc_launch/share/ament_index/resource_index/packages/ros2srrc_launch
[0.243s] -- Up-to-date symlink: /home/ubuntu/ros2ws/install/ros2srrc_launch/share/ros2srrc_launch/cmake/ros2srrc_launchConfig.cmake
[0.243s] -- Up-to-date symlink: /home/ubuntu/ros2ws/install/ros2srrc_launch/share/ros2srrc_launch/cmake/ros2srrc_launchConfig-version.cmake
[0.243s] -- Up-to-date symlink: /home/ubuntu/ros2ws/install/ros2srrc_launch/share/ros2srrc_launch/package.xml
[0.284s] Invoked command in '/home/ubuntu/ros2ws/build/ros2srrc_launch' returned '0': CMAKE_PREFIX_PATH=${CMAKE_PREFIX_PATH}:/home/ubuntu/ros2ws/install/robot_letter_writer:/opt/ros/humble /usr/bin/cmake --install /home/ubuntu/ros2ws/build/ros2srrc_launch
