[0.024s] Invoking command in '/home/ubuntu/ros2ws/build/abb_librws': CMAKE_PREFIX_PATH=${CMAKE_PREFIX_PATH}:/opt/ros/humble /usr/bin/cmake /home/ubuntu/ros2ws/src/ABBDriver/abb_librws -DCMAKE_INSTALL_PREFIX=/home/ubuntu/ros2ws/install/abb_librws
[0.115s] -- The CXX compiler identification is GNU 11.4.0
[0.128s] -- Detecting CXX compiler ABI info
[0.243s] -- Detecting CXX compiler ABI info - done
[0.254s] -- Check for working CXX compiler: /usr/bin/c++ - skipped
[0.255s] -- Detecting CXX compile features
[0.257s] -- Detecting CXX compile features - done
[0.258s] -- Searching for Poco library...
[0.271s] --   Found Poco!
[0.271s] -- components found: Foundation, Net, Util, XML.
[0.274s] -- Performing Test COMPILER_HAS_HIDDEN_VISIBILITY
[0.379s] -- Performing Test COMPILER_HAS_HIDDEN_VISIBILITY - Success
[0.380s] -- Performing Test COMPILER_HAS_HIDDEN_INLINE_VISIBILITY
[0.496s] -- Performing Test COMPILER_HAS_HIDDEN_INLINE_VISIBILITY - Success
[0.496s] -- Performing Test COMPILER_HAS_DEPRECATED_ATTR
[0.619s] -- Performing Test COMPILER_HAS_DEPRECATED_ATTR - Success
[0.623s] -- Configuring done
[0.627s] -- Generating done
[0.628s] -- Build files have been written to: /home/ubuntu/ros2ws/build/abb_librws
[0.637s] Invoked command in '/home/ubuntu/ros2ws/build/abb_librws' returned '0': CMAKE_PREFIX_PATH=${CMAKE_PREFIX_PATH}:/opt/ros/humble /usr/bin/cmake /home/ubuntu/ros2ws/src/ABBDriver/abb_librws -DCMAKE_INSTALL_PREFIX=/home/ubuntu/ros2ws/install/abb_librws
[0.642s] Invoking command in '/home/ubuntu/ros2ws/build/abb_librws': CMAKE_PREFIX_PATH=${CMAKE_PREFIX_PATH}:/opt/ros/humble /usr/bin/cmake --build /home/ubuntu/ros2ws/build/abb_librws -- -j4 -l4
[0.720s] [ 14%] [32mBuilding CXX object CMakeFiles/abb_librws.dir/src/rws_common.cpp.o[0m
[0.726s] [ 28%] [32mBuilding CXX object CMakeFiles/abb_librws.dir/src/rws_client.cpp.o[0m
[0.726s] [ 42%] [32mBuilding CXX object CMakeFiles/abb_librws.dir/src/rws_poco_client.cpp.o[0m
[0.744s] [ 57%] [32mBuilding CXX object CMakeFiles/abb_librws.dir/src/rws_interface.cpp.o[0m
[2.267s] [ 71%] [32mBuilding CXX object CMakeFiles/abb_librws.dir/src/rws_rapid.cpp.o[0m
[3.042s] [ 85%] [32mBuilding CXX object CMakeFiles/abb_librws.dir/src/rws_state_machine_interface.cpp.o[0m
[6.106s] [100%] [32m[1mLinking CXX shared library libabb_librws.so[0m
[6.571s] [100%] Built target abb_librws
[6.609s] Invoked command in '/home/ubuntu/ros2ws/build/abb_librws' returned '0': CMAKE_PREFIX_PATH=${CMAKE_PREFIX_PATH}:/opt/ros/humble /usr/bin/cmake --build /home/ubuntu/ros2ws/build/abb_librws -- -j4 -l4
[6.733s] Invoking command in '/home/ubuntu/ros2ws/build/abb_librws': CMAKE_PREFIX_PATH=${CMAKE_PREFIX_PATH}:/opt/ros/humble /usr/bin/cmake --install /home/ubuntu/ros2ws/build/abb_librws
[6.751s] -- Install configuration: ""
[6.751s] -- Installing: /home/ubuntu/ros2ws/install/abb_librws/include
[6.751s] -- Installing: /home/ubuntu/ros2ws/install/abb_librws/include/abb_librws
[6.751s] -- Installing: /home/ubuntu/ros2ws/install/abb_librws/include/abb_librws/rws_common.h
[6.751s] -- Installing: /home/ubuntu/ros2ws/install/abb_librws/include/abb_librws/rws_poco_client.h
[6.752s] -- Installing: /home/ubuntu/ros2ws/install/abb_librws/include/abb_librws/rws_rapid.h
[6.752s] -- Installing: /home/ubuntu/ros2ws/install/abb_librws/include/abb_librws/rws_state_machine_interface.h
[6.755s] -- Installing: /home/ubuntu/ros2ws/install/abb_librws/include/abb_librws/rws_interface.h
[6.755s] -- Installing: /home/ubuntu/ros2ws/install/abb_librws/include/abb_librws/rws_client.h
[6.755s] -- Installing: /home/ubuntu/ros2ws/install/abb_librws/include/abb_librws/rws_cfg.h
[6.757s] -- Installing: /home/ubuntu/ros2ws/install/abb_librws/include/abb_librws/abb_librws_export.h
[6.757s] -- Installing: /home/ubuntu/ros2ws/install/abb_librws/share/abb_librws/cmake
[6.757s] -- Installing: /home/ubuntu/ros2ws/install/abb_librws/share/abb_librws/cmake/FindPoco.cmake
[6.757s] -- Installing: /home/ubuntu/ros2ws/install/abb_librws/share/abb_librws/cmake/README.md
[6.757s] -- Installing: /home/ubuntu/ros2ws/install/abb_librws/lib/libabb_librws.so
[6.759s] -- Installing: /home/ubuntu/ros2ws/install/abb_librws/share/abb_librws/abb_librwsConfig.cmake
[6.759s] -- Installing: /home/ubuntu/ros2ws/install/abb_librws/share/abb_librws/abb_librwsConfigVersion.cmake
[6.759s] -- Installing: /home/ubuntu/ros2ws/install/abb_librws/share/abb_librws/package.xml
[6.764s] -- Installing: /home/ubuntu/ros2ws/install/abb_librws/share/abb_librws/abb_librwsTargets.cmake
[6.764s] -- Installing: /home/ubuntu/ros2ws/install/abb_librws/share/abb_librws/abb_librwsTargets-noconfig.cmake
[6.771s] Invoked command in '/home/ubuntu/ros2ws/build/abb_librws' returned '0': CMAKE_PREFIX_PATH=${CMAKE_PREFIX_PATH}:/opt/ros/humble /usr/bin/cmake --install /home/ubuntu/ros2ws/build/abb_librws
