[0.029s] Invoking command in '/home/ubuntu/ros2ws/build/ros2srrc_irb120_gazebo': CMAKE_PREFIX_PATH=${CMAKE_PREFIX_PATH}:/opt/ros/humble /usr/bin/cmake /home/ubuntu/ros2ws/src/ros2_SimRealRobotControl/packages/irb120/ros2srrc_irb120_gazebo -DCMAKE_INSTALL_PREFIX=/home/ubuntu/ros2ws/install/ros2srrc_irb120_gazebo
[0.052s] -- Found ament_cmake: 1.3.10 (/opt/ros/humble/share/ament_cmake/cmake)
[0.226s] -- Override CMake install command with custom implementation using symlinks instead of copying resources
[0.239s] -- Found ament_lint_auto: 0.12.11 (/opt/ros/humble/share/ament_lint_auto/cmake)
[0.346s] -- Added test 'copyright' to check source files copyright and LICENSE
[0.352s] -- Added test 'lint_cmake' to check CMake code style
[0.358s] -- Added test 'xmllint' to check XML markup files
[0.362s] -- Configuring done
[0.374s] -- Generating done
[0.378s] -- Build files have been written to: /home/ubuntu/ros2ws/build/ros2srrc_irb120_gazebo
[0.387s] Invoked command in '/home/ubuntu/ros2ws/build/ros2srrc_irb120_gazebo' returned '0': CMAKE_PREFIX_PATH=${CMAKE_PREFIX_PATH}:/opt/ros/humble /usr/bin/cmake /home/ubuntu/ros2ws/src/ros2_SimRealRobotControl/packages/irb120/ros2srrc_irb120_gazebo -DCMAKE_INSTALL_PREFIX=/home/ubuntu/ros2ws/install/ros2srrc_irb120_gazebo
[0.389s] Invoking command in '/home/ubuntu/ros2ws/build/ros2srrc_irb120_gazebo': CMAKE_PREFIX_PATH=${CMAKE_PREFIX_PATH}:/opt/ros/humble /usr/bin/cmake --build /home/ubuntu/ros2ws/build/ros2srrc_irb120_gazebo -- -j4 -l4
[0.465s] Invoked command in '/home/ubuntu/ros2ws/build/ros2srrc_irb120_gazebo' returned '0': CMAKE_PREFIX_PATH=${CMAKE_PREFIX_PATH}:/opt/ros/humble /usr/bin/cmake --build /home/ubuntu/ros2ws/build/ros2srrc_irb120_gazebo -- -j4 -l4
[0.514s] Invoking command in '/home/ubuntu/ros2ws/build/ros2srrc_irb120_gazebo': CMAKE_PREFIX_PATH=${CMAKE_PREFIX_PATH}:/opt/ros/humble /usr/bin/cmake --install /home/ubuntu/ros2ws/build/ros2srrc_irb120_gazebo
[0.526s] -- Install configuration: ""
[0.526s] -- Execute custom install script
[0.538s] -- Up-to-date symlink: /home/ubuntu/ros2ws/install/ros2srrc_irb120_gazebo/share/ros2srrc_irb120_gazebo/config/configurations.yaml
[0.551s] -- Up-to-date symlink: /home/ubuntu/ros2ws/install/ros2srrc_irb120_gazebo/share/ros2srrc_irb120_gazebo/urdf/irb120.urdf.xacro
[0.552s] -- Up-to-date symlink: /home/ubuntu/ros2ws/install/ros2srrc_irb120_gazebo/share/ros2srrc_irb120_gazebo/urdf/irb120_egp64.urdf.xacro
[0.553s] -- Up-to-date symlink: /home/ubuntu/ros2ws/install/ros2srrc_irb120_gazebo/share/ros2srrc_irb120_gazebo/urdf/irb120_egp64v2.urdf.xacro
[0.553s] -- Up-to-date symlink: /home/ubuntu/ros2ws/install/ros2srrc_irb120_gazebo/share/ros2srrc_irb120_gazebo/urdf/irb120_ls_vgr.urdf.xacro
[0.558s] -- Up-to-date symlink: /home/ubuntu/ros2ws/install/ros2srrc_irb120_gazebo/share/ros2srrc_irb120_gazebo/worlds/ros2srrc_irb120.world
[0.558s] -- Up-to-date symlink: /home/ubuntu/ros2ws/install/ros2srrc_irb120_gazebo/share/ament_index/resource_index/package_run_dependencies/ros2srrc_irb120_gazebo
[0.559s] -- Up-to-date symlink: /home/ubuntu/ros2ws/install/ros2srrc_irb120_gazebo/share/ament_index/resource_index/parent_prefix_path/ros2srrc_irb120_gazebo
[0.560s] -- Up-to-date symlink: /home/ubuntu/ros2ws/install/ros2srrc_irb120_gazebo/share/ros2srrc_irb120_gazebo/environment/ament_prefix_path.sh
[0.560s] -- Up-to-date symlink: /home/ubuntu/ros2ws/install/ros2srrc_irb120_gazebo/share/ros2srrc_irb120_gazebo/environment/ament_prefix_path.dsv
[0.563s] -- Up-to-date symlink: /home/ubuntu/ros2ws/install/ros2srrc_irb120_gazebo/share/ros2srrc_irb120_gazebo/environment/path.sh
[0.563s] -- Up-to-date symlink: /home/ubuntu/ros2ws/install/ros2srrc_irb120_gazebo/share/ros2srrc_irb120_gazebo/environment/path.dsv
[0.563s] -- Up-to-date symlink: /home/ubuntu/ros2ws/install/ros2srrc_irb120_gazebo/share/ros2srrc_irb120_gazebo/local_setup.bash
[0.563s] -- Up-to-date symlink: /home/ubuntu/ros2ws/install/ros2srrc_irb120_gazebo/share/ros2srrc_irb120_gazebo/local_setup.sh
[0.564s] -- Up-to-date symlink: /home/ubuntu/ros2ws/install/ros2srrc_irb120_gazebo/share/ros2srrc_irb120_gazebo/local_setup.zsh
[0.564s] -- Up-to-date symlink: /home/ubuntu/ros2ws/install/ros2srrc_irb120_gazebo/share/ros2srrc_irb120_gazebo/local_setup.dsv
[0.564s] -- Symlinking: /home/ubuntu/ros2ws/install/ros2srrc_irb120_gazebo/share/ros2srrc_irb120_gazebo/package.dsv
[0.578s] -- Up-to-date symlink: /home/ubuntu/ros2ws/install/ros2srrc_irb120_gazebo/share/ament_index/resource_index/packages/ros2srrc_irb120_gazebo
[0.579s] -- Up-to-date symlink: /home/ubuntu/ros2ws/install/ros2srrc_irb120_gazebo/share/ros2srrc_irb120_gazebo/cmake/ros2srrc_irb120_gazeboConfig.cmake
[0.579s] -- Up-to-date symlink: /home/ubuntu/ros2ws/install/ros2srrc_irb120_gazebo/share/ros2srrc_irb120_gazebo/cmake/ros2srrc_irb120_gazeboConfig-version.cmake
[0.579s] -- Up-to-date symlink: /home/ubuntu/ros2ws/install/ros2srrc_irb120_gazebo/share/ros2srrc_irb120_gazebo/package.xml
[0.586s] Invoked command in '/home/ubuntu/ros2ws/build/ros2srrc_irb120_gazebo' returned '0': CMAKE_PREFIX_PATH=${CMAKE_PREFIX_PATH}:/opt/ros/humble /usr/bin/cmake --install /home/ubuntu/ros2ws/build/ros2srrc_irb120_gazebo
