[0.034s] Invoking command in '/home/ubuntu/ros2ws/build/objectpose_msgs': CMAKE_PREFIX_PATH=${CMAKE_PREFIX_PATH}:/home/ubuntu/ros2ws/install/robot_letter_writer:/opt/ros/humble /usr/bin/cmake --build /home/ubuntu/ros2ws/build/objectpose_msgs -- -j4 -l4
[0.197s] [  3%] Built target objectpose_msgs__cpp
[0.211s] [ 12%] Built target objectpose_msgs__rosidl_generator_c
[0.278s] [ 22%] Built target objectpose_msgs__rosidl_typesupport_cpp
[0.298s] [ 32%] Built target objectpose_msgs__rosidl_typesupport_fastrtps_cpp
[0.306s] [ 41%] Built target objectpose_msgs__rosidl_typesupport_introspection_cpp
[0.306s] [ 41%] Built target ament_cmake_python_copy_objectpose_msgs
[0.350s] [ 51%] Built target objectpose_msgs__rosidl_typesupport_fastrtps_c
[0.362s] [ 61%] Built target objectpose_msgs__rosidl_typesupport_introspection_c
[0.371s] [ 70%] Built target objectpose_msgs__rosidl_typesupport_c
[0.437s] [ 70%] Built target objectpose_msgs
[0.483s] [ 74%] Built target objectpose_msgs__py
[0.541s] [ 80%] Built target objectpose_msgs__rosidl_generator_py
[0.621s] [ 87%] Built target objectpose_msgs__rosidl_typesupport_fastrtps_c__pyext
[0.635s] [ 93%] Built target objectpose_msgs__rosidl_typesupport_introspection_c__pyext
[0.651s] [100%] Built target objectpose_msgs__rosidl_typesupport_c__pyext
[0.704s] running egg_info
[0.705s] writing objectpose_msgs.egg-info/PKG-INFO
[0.705s] writing dependency_links to objectpose_msgs.egg-info/dependency_links.txt
[0.706s] writing top-level names to objectpose_msgs.egg-info/top_level.txt
[0.709s] reading manifest file 'objectpose_msgs.egg-info/SOURCES.txt'
[0.724s] writing manifest file 'objectpose_msgs.egg-info/SOURCES.txt'
[0.760s] [100%] Built target ament_cmake_python_build_objectpose_msgs_egg
[0.786s] Invoked command in '/home/ubuntu/ros2ws/build/objectpose_msgs' returned '0': CMAKE_PREFIX_PATH=${CMAKE_PREFIX_PATH}:/home/ubuntu/ros2ws/install/robot_letter_writer:/opt/ros/humble /usr/bin/cmake --build /home/ubuntu/ros2ws/build/objectpose_msgs -- -j4 -l4
[0.939s] Invoking command in '/home/ubuntu/ros2ws/build/objectpose_msgs': CMAKE_PREFIX_PATH=${CMAKE_PREFIX_PATH}:/home/ubuntu/ros2ws/install/robot_letter_writer:/opt/ros/humble /usr/bin/cmake --install /home/ubuntu/ros2ws/build/objectpose_msgs
[0.956s] -- Install configuration: ""
[0.957s] -- Up-to-date: /home/ubuntu/ros2ws/install/objectpose_msgs/share/objectpose_msgs/msg
[0.957s] -- Up-to-date: /home/ubuntu/ros2ws/install/objectpose_msgs/share/objectpose_msgs/msg/ObjectPose.msg
[0.957s] -- Up-to-date: /home/ubuntu/ros2ws/install/objectpose_msgs/share/ament_index/resource_index/rosidl_interfaces/objectpose_msgs
[0.958s] -- Up-to-date: /home/ubuntu/ros2ws/install/objectpose_msgs/include/objectpose_msgs/objectpose_msgs
[0.958s] -- Up-to-date: /home/ubuntu/ros2ws/install/objectpose_msgs/include/objectpose_msgs/objectpose_msgs/msg
[0.959s] -- Up-to-date: /home/ubuntu/ros2ws/install/objectpose_msgs/include/objectpose_msgs/objectpose_msgs/msg/object_pose.h
[0.959s] -- Up-to-date: /home/ubuntu/ros2ws/install/objectpose_msgs/include/objectpose_msgs/objectpose_msgs/msg/rosidl_generator_c__visibility_control.h
[0.961s] -- Up-to-date: /home/ubuntu/ros2ws/install/objectpose_msgs/include/objectpose_msgs/objectpose_msgs/msg/detail
[0.962s] -- Up-to-date: /home/ubuntu/ros2ws/install/objectpose_msgs/include/objectpose_msgs/objectpose_msgs/msg/detail/object_pose__type_support.h
[0.962s] -- Up-to-date: /home/ubuntu/ros2ws/install/objectpose_msgs/include/objectpose_msgs/objectpose_msgs/msg/detail/object_pose__struct.h
[0.963s] -- Up-to-date: /home/ubuntu/ros2ws/install/objectpose_msgs/include/objectpose_msgs/objectpose_msgs/msg/detail/object_pose__functions.h
[0.963s] -- Up-to-date: /home/ubuntu/ros2ws/install/objectpose_msgs/include/objectpose_msgs/objectpose_msgs/msg/detail/object_pose__functions.c
[0.963s] -- Up-to-date: /home/ubuntu/ros2ws/install/objectpose_msgs/share/objectpose_msgs/environment/library_path.sh
[0.963s] -- Up-to-date: /home/ubuntu/ros2ws/install/objectpose_msgs/share/objectpose_msgs/environment/library_path.dsv
[1.001s] -- Up-to-date: /home/ubuntu/ros2ws/install/objectpose_msgs/lib/libobjectpose_msgs__rosidl_generator_c.so
[1.001s] -- Up-to-date: /home/ubuntu/ros2ws/install/objectpose_msgs/include/objectpose_msgs/objectpose_msgs
[1.001s] -- Up-to-date: /home/ubuntu/ros2ws/install/objectpose_msgs/include/objectpose_msgs/objectpose_msgs/msg
[1.001s] -- Up-to-date: /home/ubuntu/ros2ws/install/objectpose_msgs/include/objectpose_msgs/objectpose_msgs/msg/rosidl_typesupport_fastrtps_c__visibility_control.h
[1.001s] -- Up-to-date: /home/ubuntu/ros2ws/install/objectpose_msgs/include/objectpose_msgs/objectpose_msgs/msg/detail
[1.002s] -- Up-to-date: /home/ubuntu/ros2ws/install/objectpose_msgs/include/objectpose_msgs/objectpose_msgs/msg/detail/object_pose__rosidl_typesupport_fastrtps_c.h
[1.004s] -- Up-to-date: /home/ubuntu/ros2ws/install/objectpose_msgs/lib/libobjectpose_msgs__rosidl_typesupport_fastrtps_c.so
[1.004s] -- Up-to-date: /home/ubuntu/ros2ws/install/objectpose_msgs/include/objectpose_msgs/objectpose_msgs
[1.006s] -- Up-to-date: /home/ubuntu/ros2ws/install/objectpose_msgs/include/objectpose_msgs/objectpose_msgs/msg
[1.006s] -- Up-to-date: /home/ubuntu/ros2ws/install/objectpose_msgs/include/objectpose_msgs/objectpose_msgs/msg/rosidl_typesupport_introspection_c__visibility_control.h
[1.006s] -- Up-to-date: /home/ubuntu/ros2ws/install/objectpose_msgs/include/objectpose_msgs/objectpose_msgs/msg/detail
[1.006s] -- Up-to-date: /home/ubuntu/ros2ws/install/objectpose_msgs/include/objectpose_msgs/objectpose_msgs/msg/detail/object_pose__rosidl_typesupport_introspection_c.h
[1.006s] -- Up-to-date: /home/ubuntu/ros2ws/install/objectpose_msgs/include/objectpose_msgs/objectpose_msgs/msg/detail/object_pose__type_support.c
[1.008s] -- Up-to-date: /home/ubuntu/ros2ws/install/objectpose_msgs/lib/libobjectpose_msgs__rosidl_typesupport_introspection_c.so
[1.008s] -- Up-to-date: /home/ubuntu/ros2ws/install/objectpose_msgs/lib/libobjectpose_msgs__rosidl_typesupport_c.so
[1.008s] -- Up-to-date: /home/ubuntu/ros2ws/install/objectpose_msgs/include/objectpose_msgs/objectpose_msgs
[1.008s] -- Up-to-date: /home/ubuntu/ros2ws/install/objectpose_msgs/include/objectpose_msgs/objectpose_msgs/msg
[1.009s] -- Up-to-date: /home/ubuntu/ros2ws/install/objectpose_msgs/include/objectpose_msgs/objectpose_msgs/msg/object_pose.hpp
[1.009s] -- Up-to-date: /home/ubuntu/ros2ws/install/objectpose_msgs/include/objectpose_msgs/objectpose_msgs/msg/detail
[1.010s] -- Up-to-date: /home/ubuntu/ros2ws/install/objectpose_msgs/include/objectpose_msgs/objectpose_msgs/msg/detail/object_pose__struct.hpp
[1.010s] -- Up-to-date: /home/ubuntu/ros2ws/install/objectpose_msgs/include/objectpose_msgs/objectpose_msgs/msg/detail/object_pose__traits.hpp
[1.010s] -- Up-to-date: /home/ubuntu/ros2ws/install/objectpose_msgs/include/objectpose_msgs/objectpose_msgs/msg/detail/object_pose__builder.hpp
[1.013s] -- Up-to-date: /home/ubuntu/ros2ws/install/objectpose_msgs/include/objectpose_msgs/objectpose_msgs
[1.013s] -- Up-to-date: /home/ubuntu/ros2ws/install/objectpose_msgs/include/objectpose_msgs/objectpose_msgs/msg
[1.013s] -- Up-to-date: /home/ubuntu/ros2ws/install/objectpose_msgs/include/objectpose_msgs/objectpose_msgs/msg/rosidl_typesupport_fastrtps_cpp__visibility_control.h
[1.014s] -- Up-to-date: /home/ubuntu/ros2ws/install/objectpose_msgs/include/objectpose_msgs/objectpose_msgs/msg/detail
[1.014s] -- Up-to-date: /home/ubuntu/ros2ws/install/objectpose_msgs/include/objectpose_msgs/objectpose_msgs/msg/detail/dds_fastrtps
[1.014s] -- Up-to-date: /home/ubuntu/ros2ws/install/objectpose_msgs/include/objectpose_msgs/objectpose_msgs/msg/detail/object_pose__rosidl_typesupport_fastrtps_cpp.hpp
[1.014s] -- Up-to-date: /home/ubuntu/ros2ws/install/objectpose_msgs/lib/libobjectpose_msgs__rosidl_typesupport_fastrtps_cpp.so
[1.014s] -- Up-to-date: /home/ubuntu/ros2ws/install/objectpose_msgs/include/objectpose_msgs/objectpose_msgs
[1.014s] -- Up-to-date: /home/ubuntu/ros2ws/install/objectpose_msgs/include/objectpose_msgs/objectpose_msgs/msg
[1.014s] -- Up-to-date: /home/ubuntu/ros2ws/install/objectpose_msgs/include/objectpose_msgs/objectpose_msgs/msg/detail
[1.015s] -- Up-to-date: /home/ubuntu/ros2ws/install/objectpose_msgs/include/objectpose_msgs/objectpose_msgs/msg/detail/object_pose__type_support.cpp
[1.015s] -- Up-to-date: /home/ubuntu/ros2ws/install/objectpose_msgs/include/objectpose_msgs/objectpose_msgs/msg/detail/object_pose__rosidl_typesupport_introspection_cpp.hpp
[1.015s] -- Up-to-date: /home/ubuntu/ros2ws/install/objectpose_msgs/lib/libobjectpose_msgs__rosidl_typesupport_introspection_cpp.so
[1.018s] -- Up-to-date: /home/ubuntu/ros2ws/install/objectpose_msgs/lib/libobjectpose_msgs__rosidl_typesupport_cpp.so
[1.018s] -- Up-to-date: /home/ubuntu/ros2ws/install/objectpose_msgs/share/objectpose_msgs/environment/pythonpath.sh
[1.019s] -- Up-to-date: /home/ubuntu/ros2ws/install/objectpose_msgs/share/objectpose_msgs/environment/pythonpath.dsv
[1.019s] -- Up-to-date: /home/ubuntu/ros2ws/install/objectpose_msgs/local/lib/python3.10/dist-packages/objectpose_msgs-0.0.0-py3.10.egg-info
[1.019s] -- Installing: /home/ubuntu/ros2ws/install/objectpose_msgs/local/lib/python3.10/dist-packages/objectpose_msgs-0.0.0-py3.10.egg-info/PKG-INFO
[1.019s] -- Installing: /home/ubuntu/ros2ws/install/objectpose_msgs/local/lib/python3.10/dist-packages/objectpose_msgs-0.0.0-py3.10.egg-info/top_level.txt
[1.019s] -- Installing: /home/ubuntu/ros2ws/install/objectpose_msgs/local/lib/python3.10/dist-packages/objectpose_msgs-0.0.0-py3.10.egg-info/dependency_links.txt
[1.020s] -- Installing: /home/ubuntu/ros2ws/install/objectpose_msgs/local/lib/python3.10/dist-packages/objectpose_msgs-0.0.0-py3.10.egg-info/SOURCES.txt
[1.020s] -- Up-to-date: /home/ubuntu/ros2ws/install/objectpose_msgs/local/lib/python3.10/dist-packages/objectpose_msgs
[1.020s] -- Up-to-date: /home/ubuntu/ros2ws/install/objectpose_msgs/local/lib/python3.10/dist-packages/objectpose_msgs/msg
[1.020s] -- Up-to-date: /home/ubuntu/ros2ws/install/objectpose_msgs/local/lib/python3.10/dist-packages/objectpose_msgs/msg/_object_pose.py
[1.020s] -- Up-to-date: /home/ubuntu/ros2ws/install/objectpose_msgs/local/lib/python3.10/dist-packages/objectpose_msgs/msg/_object_pose_s.c
[1.020s] -- Up-to-date: /home/ubuntu/ros2ws/install/objectpose_msgs/local/lib/python3.10/dist-packages/objectpose_msgs/msg/__init__.py
[1.020s] -- Up-to-date: /home/ubuntu/ros2ws/install/objectpose_msgs/local/lib/python3.10/dist-packages/objectpose_msgs/objectpose_msgs_s__rosidl_typesupport_fastrtps_c.cpython-310-x86_64-linux-gnu.so
[1.020s] -- Up-to-date: /home/ubuntu/ros2ws/install/objectpose_msgs/local/lib/python3.10/dist-packages/objectpose_msgs/libobjectpose_msgs__rosidl_generator_py.so
[1.021s] -- Up-to-date: /home/ubuntu/ros2ws/install/objectpose_msgs/local/lib/python3.10/dist-packages/objectpose_msgs/_objectpose_msgs_s.ep.rosidl_typesupport_c.c
[1.021s] -- Up-to-date: /home/ubuntu/ros2ws/install/objectpose_msgs/local/lib/python3.10/dist-packages/objectpose_msgs/objectpose_msgs_s__rosidl_typesupport_introspection_c.cpython-310-x86_64-linux-gnu.so
[1.021s] -- Up-to-date: /home/ubuntu/ros2ws/install/objectpose_msgs/local/lib/python3.10/dist-packages/objectpose_msgs/_objectpose_msgs_s.ep.rosidl_typesupport_introspection_c.c
[1.021s] -- Up-to-date: /home/ubuntu/ros2ws/install/objectpose_msgs/local/lib/python3.10/dist-packages/objectpose_msgs/objectpose_msgs_s__rosidl_typesupport_c.cpython-310-x86_64-linux-gnu.so
[1.021s] -- Up-to-date: /home/ubuntu/ros2ws/install/objectpose_msgs/local/lib/python3.10/dist-packages/objectpose_msgs/__init__.py
[1.021s] -- Up-to-date: /home/ubuntu/ros2ws/install/objectpose_msgs/local/lib/python3.10/dist-packages/objectpose_msgs/_objectpose_msgs_s.ep.rosidl_typesupport_fastrtps_c.c
[1.117s] Listing '/home/ubuntu/ros2ws/install/objectpose_msgs/local/lib/python3.10/dist-packages/objectpose_msgs'...
[1.117s] Listing '/home/ubuntu/ros2ws/install/objectpose_msgs/local/lib/python3.10/dist-packages/objectpose_msgs/msg'...
[1.130s] -- Up-to-date: /home/ubuntu/ros2ws/install/objectpose_msgs/local/lib/python3.10/dist-packages/objectpose_msgs/objectpose_msgs_s__rosidl_typesupport_fastrtps_c.cpython-310-x86_64-linux-gnu.so
[1.145s] -- Up-to-date: /home/ubuntu/ros2ws/install/objectpose_msgs/local/lib/python3.10/dist-packages/objectpose_msgs/objectpose_msgs_s__rosidl_typesupport_introspection_c.cpython-310-x86_64-linux-gnu.so
[1.157s] -- Up-to-date: /home/ubuntu/ros2ws/install/objectpose_msgs/local/lib/python3.10/dist-packages/objectpose_msgs/objectpose_msgs_s__rosidl_typesupport_c.cpython-310-x86_64-linux-gnu.so
[1.167s] -- Up-to-date: /home/ubuntu/ros2ws/install/objectpose_msgs/lib/libobjectpose_msgs__rosidl_generator_py.so
[1.167s] -- Up-to-date: /home/ubuntu/ros2ws/install/objectpose_msgs/share/objectpose_msgs/msg/ObjectPose.idl
[1.168s] -- Up-to-date: /home/ubuntu/ros2ws/install/objectpose_msgs/share/objectpose_msgs/msg/ObjectPose.msg
[1.168s] -- Up-to-date: /home/ubuntu/ros2ws/install/objectpose_msgs/share/ament_index/resource_index/package_run_dependencies/objectpose_msgs
[1.168s] -- Up-to-date: /home/ubuntu/ros2ws/install/objectpose_msgs/share/ament_index/resource_index/parent_prefix_path/objectpose_msgs
[1.168s] -- Up-to-date: /home/ubuntu/ros2ws/install/objectpose_msgs/share/objectpose_msgs/environment/ament_prefix_path.sh
[1.168s] -- Up-to-date: /home/ubuntu/ros2ws/install/objectpose_msgs/share/objectpose_msgs/environment/ament_prefix_path.dsv
[1.169s] -- Up-to-date: /home/ubuntu/ros2ws/install/objectpose_msgs/share/objectpose_msgs/environment/path.sh
[1.169s] -- Up-to-date: /home/ubuntu/ros2ws/install/objectpose_msgs/share/objectpose_msgs/environment/path.dsv
[1.169s] -- Up-to-date: /home/ubuntu/ros2ws/install/objectpose_msgs/share/objectpose_msgs/local_setup.bash
[1.171s] -- Up-to-date: /home/ubuntu/ros2ws/install/objectpose_msgs/share/objectpose_msgs/local_setup.sh
[1.171s] -- Up-to-date: /home/ubuntu/ros2ws/install/objectpose_msgs/share/objectpose_msgs/local_setup.zsh
[1.171s] -- Up-to-date: /home/ubuntu/ros2ws/install/objectpose_msgs/share/objectpose_msgs/local_setup.dsv
[1.171s] -- Installing: /home/ubuntu/ros2ws/install/objectpose_msgs/share/objectpose_msgs/package.dsv
[1.186s] -- Up-to-date: /home/ubuntu/ros2ws/install/objectpose_msgs/share/ament_index/resource_index/packages/objectpose_msgs
[1.189s] -- Up-to-date: /home/ubuntu/ros2ws/install/objectpose_msgs/share/objectpose_msgs/cmake/export_objectpose_msgs__rosidl_generator_cExport.cmake
[1.189s] -- Up-to-date: /home/ubuntu/ros2ws/install/objectpose_msgs/share/objectpose_msgs/cmake/export_objectpose_msgs__rosidl_generator_cExport-noconfig.cmake
[1.202s] -- Up-to-date: /home/ubuntu/ros2ws/install/objectpose_msgs/share/objectpose_msgs/cmake/export_objectpose_msgs__rosidl_typesupport_fastrtps_cExport.cmake
[1.202s] -- Up-to-date: /home/ubuntu/ros2ws/install/objectpose_msgs/share/objectpose_msgs/cmake/export_objectpose_msgs__rosidl_typesupport_fastrtps_cExport-noconfig.cmake
[1.206s] -- Up-to-date: /home/ubuntu/ros2ws/install/objectpose_msgs/share/objectpose_msgs/cmake/objectpose_msgs__rosidl_typesupport_introspection_cExport.cmake
[1.206s] -- Up-to-date: /home/ubuntu/ros2ws/install/objectpose_msgs/share/objectpose_msgs/cmake/objectpose_msgs__rosidl_typesupport_introspection_cExport-noconfig.cmake
[1.217s] -- Up-to-date: /home/ubuntu/ros2ws/install/objectpose_msgs/share/objectpose_msgs/cmake/objectpose_msgs__rosidl_typesupport_cExport.cmake
[1.221s] -- Up-to-date: /home/ubuntu/ros2ws/install/objectpose_msgs/share/objectpose_msgs/cmake/objectpose_msgs__rosidl_typesupport_cExport-noconfig.cmake
[1.221s] -- Up-to-date: /home/ubuntu/ros2ws/install/objectpose_msgs/share/objectpose_msgs/cmake/export_objectpose_msgs__rosidl_generator_cppExport.cmake
[1.221s] -- Up-to-date: /home/ubuntu/ros2ws/install/objectpose_msgs/share/objectpose_msgs/cmake/export_objectpose_msgs__rosidl_typesupport_fastrtps_cppExport.cmake
[1.222s] -- Up-to-date: /home/ubuntu/ros2ws/install/objectpose_msgs/share/objectpose_msgs/cmake/export_objectpose_msgs__rosidl_typesupport_fastrtps_cppExport-noconfig.cmake
[1.233s] -- Up-to-date: /home/ubuntu/ros2ws/install/objectpose_msgs/share/objectpose_msgs/cmake/objectpose_msgs__rosidl_typesupport_introspection_cppExport.cmake
[1.233s] -- Up-to-date: /home/ubuntu/ros2ws/install/objectpose_msgs/share/objectpose_msgs/cmake/objectpose_msgs__rosidl_typesupport_introspection_cppExport-noconfig.cmake
[1.233s] -- Up-to-date: /home/ubuntu/ros2ws/install/objectpose_msgs/share/objectpose_msgs/cmake/objectpose_msgs__rosidl_typesupport_cppExport.cmake
[1.233s] -- Up-to-date: /home/ubuntu/ros2ws/install/objectpose_msgs/share/objectpose_msgs/cmake/objectpose_msgs__rosidl_typesupport_cppExport-noconfig.cmake
[1.234s] -- Up-to-date: /home/ubuntu/ros2ws/install/objectpose_msgs/share/objectpose_msgs/cmake/export_objectpose_msgs__rosidl_generator_pyExport.cmake
[1.234s] -- Up-to-date: /home/ubuntu/ros2ws/install/objectpose_msgs/share/objectpose_msgs/cmake/export_objectpose_msgs__rosidl_generator_pyExport-noconfig.cmake
[1.234s] -- Up-to-date: /home/ubuntu/ros2ws/install/objectpose_msgs/share/objectpose_msgs/cmake/rosidl_cmake-extras.cmake
[1.234s] -- Up-to-date: /home/ubuntu/ros2ws/install/objectpose_msgs/share/objectpose_msgs/cmake/ament_cmake_export_include_directories-extras.cmake
[1.234s] -- Up-to-date: /home/ubuntu/ros2ws/install/objectpose_msgs/share/objectpose_msgs/cmake/ament_cmake_export_libraries-extras.cmake
[1.234s] -- Up-to-date: /home/ubuntu/ros2ws/install/objectpose_msgs/share/objectpose_msgs/cmake/ament_cmake_export_targets-extras.cmake
[1.234s] -- Up-to-date: /home/ubuntu/ros2ws/install/objectpose_msgs/share/objectpose_msgs/cmake/rosidl_cmake_export_typesupport_targets-extras.cmake
[1.234s] -- Up-to-date: /home/ubuntu/ros2ws/install/objectpose_msgs/share/objectpose_msgs/cmake/ament_cmake_export_dependencies-extras.cmake
[1.234s] -- Up-to-date: /home/ubuntu/ros2ws/install/objectpose_msgs/share/objectpose_msgs/cmake/rosidl_cmake_export_typesupport_libraries-extras.cmake
[1.234s] -- Up-to-date: /home/ubuntu/ros2ws/install/objectpose_msgs/share/objectpose_msgs/cmake/objectpose_msgsConfig.cmake
[1.236s] -- Up-to-date: /home/ubuntu/ros2ws/install/objectpose_msgs/share/objectpose_msgs/cmake/objectpose_msgsConfig-version.cmake
[1.236s] -- Up-to-date: /home/ubuntu/ros2ws/install/objectpose_msgs/share/objectpose_msgs/package.xml
[1.251s] Invoked command in '/home/ubuntu/ros2ws/build/objectpose_msgs' returned '0': CMAKE_PREFIX_PATH=${CMAKE_PREFIX_PATH}:/home/ubuntu/ros2ws/install/robot_letter_writer:/opt/ros/humble /usr/bin/cmake --install /home/ubuntu/ros2ws/build/objectpose_msgs
