[0.000000] (-) TimerEvent: {}
[0.000149] (-) JobUnselected: {'identifier': 'GUI_subscriber'}
[0.000176] (-) JobUnselected: {'identifier': 'abb_bringup'}
[0.000213] (-) JobUnselected: {'identifier': 'abb_egm_msgs'}
[0.000251] (-) JobUnselected: {'identifier': 'abb_egm_rws_managers'}
[0.000286] (-) JobUnselected: {'identifier': 'abb_hardware_interface'}
[0.000324] (-) JobUnselected: {'identifier': 'abb_irb1200_5_90_moveit_config'}
[0.000341] (-) JobUnselected: {'identifier': 'abb_irb1200_support'}
[0.000377] (-) JobUnselected: {'identifier': 'abb_irb4600_support'}
[0.000396] (-) JobUnselected: {'identifier': 'abb_libegm'}
[0.000436] (-) JobUnselected: {'identifier': 'abb_librws'}
[0.000493] (-) JobUnselected: {'identifier': 'abb_rapid_msgs'}
[0.000537] (-) JobUnselected: {'identifier': 'abb_rapid_sm_addin_msgs'}
[0.000552] (-) JobUnselected: {'identifier': 'abb_resources'}
[0.000564] (-) JobUnselected: {'identifier': 'abb_robot_msgs'}
[0.000580] (-) JobUnselected: {'identifier': 'abb_ros2'}
[0.000613] (-) JobUnselected: {'identifier': 'abb_rws_client'}
[0.000646] (-) JobUnselected: {'identifier': 'gazebo_ros2_control'}
[0.000663] (-) JobUnselected: {'identifier': 'gazebo_ros2_control_demos'}
[0.000695] (-) JobUnselected: {'identifier': 'letter_writer'}
[0.000729] (-) JobUnselected: {'identifier': 'linkattacher_msgs'}
[0.000743] (-) JobUnselected: {'identifier': 'linkpose_gazebo'}
[0.000755] (-) JobUnselected: {'identifier': 'linkpose_msgs'}
[0.000767] (-) JobUnselected: {'identifier': 'objectpose_gazebo'}
[0.000780] (-) JobUnselected: {'identifier': 'objectpose_msgs'}
[0.000795] (-) JobUnselected: {'identifier': 'robot_letter_writer'}
[0.001071] (-) JobUnselected: {'identifier': 'ros2_linkattacher'}
[0.001094] (-) JobUnselected: {'identifier': 'ros2_linkpose'}
[0.001109] (-) JobUnselected: {'identifier': 'ros2_objectpose'}
[0.001123] (-) JobUnselected: {'identifier': 'ros2_robotiqgripper'}
[0.001136] (-) JobUnselected: {'identifier': 'ros2srrc_data'}
[0.001148] (-) JobUnselected: {'identifier': 'ros2srrc_endeffectors'}
[0.001161] (-) JobUnselected: {'identifier': 'ros2srrc_execution'}
[0.001173] (-) JobUnselected: {'identifier': 'ros2srrc_iiwa_gazebo'}
[0.001203] (-) JobUnselected: {'identifier': 'ros2srrc_iiwa_moveit2'}
[0.001221] (-) JobUnselected: {'identifier': 'ros2srrc_irb1200_gazebo'}
[0.001233] (-) JobUnselected: {'identifier': 'ros2srrc_irb1200_moveit2'}
[0.001245] (-) JobUnselected: {'identifier': 'ros2srrc_irb120_gazebo'}
[0.001257] (-) JobUnselected: {'identifier': 'ros2srrc_irb120_moveit2'}
[0.001269] (-) JobUnselected: {'identifier': 'ros2srrc_irb6640_gazebo'}
[0.001281] (-) JobUnselected: {'identifier': 'ros2srrc_irb6640_moveit2'}
[0.001293] (-) JobUnselected: {'identifier': 'ros2srrc_launch'}
[0.001305] (-) JobUnselected: {'identifier': 'ros2srrc_robots'}
[0.001317] (-) JobUnselected: {'identifier': 'ros2srrc_ur10e_gazebo'}
[0.001329] (-) JobUnselected: {'identifier': 'ros2srrc_ur10e_moveit2'}
[0.001341] (-) JobUnselected: {'identifier': 'ros2srrc_ur16e_gazebo'}
[0.001353] (-) JobUnselected: {'identifier': 'ros2srrc_ur16e_moveit2'}
[0.001364] (-) JobUnselected: {'identifier': 'ros2srrc_ur3_gazebo'}
[0.001376] (-) JobUnselected: {'identifier': 'ros2srrc_ur3_moveit2'}
[0.001388] (-) JobUnselected: {'identifier': 'ros2srrc_ur5_gazebo'}
[0.001400] (-) JobUnselected: {'identifier': 'ros2srrc_ur5_moveit2'}
[0.001413] (-) EventReactorShutdown: {}
