[0.010s] Invoking command in '/home/ubuntu/ros2ws/build/irb6640_ros2_gazebo': CMAKE_PREFIX_PATH=${CMAKE_PREFIX_PATH}:/opt/ros/humble /usr/bin/cmake /home/ubuntu/ros2ws/src/ros2_RobotSimulation/ABBRobots/IRB6640/irb6640_ros2_gazebo -DCMAKE_INSTALL_PREFIX=/home/ubuntu/ros2ws/install/irb6640_ros2_gazebo
[0.109s] -- The C compiler identification is GNU 11.4.0
[0.195s] -- The CXX compiler identification is GNU 11.4.0
[0.211s] -- Detecting C compiler ABI info
[0.376s] -- Detecting C compiler ABI info - done
[0.389s] -- Check for working C compiler: /usr/bin/cc - skipped
[0.389s] -- Detecting C compile features
[0.392s] -- Detecting C compile features - done
[0.397s] -- Detecting CXX compiler ABI info
[0.555s] -- Detecting CXX compiler ABI info - done
[0.565s] -- Check for working CXX compiler: /usr/bin/c++ - skipped
[0.565s] -- Detecting CXX compile features
[0.565s] -- Detecting CXX compile features - done
[0.571s] -- Found ament_cmake: 1.3.10 (/opt/ros/humble/share/ament_cmake/cmake)
[0.834s] -- Found Python3: /usr/bin/python3 (found version "3.10.12") found components: Interpreter 
[0.952s] -- Found ament_lint_auto: 0.12.11 (/opt/ros/humble/share/ament_lint_auto/cmake)
[1.082s] -- Added test 'copyright' to check source files copyright and LICENSE
[1.083s] -- Added test 'flake8' to check Python code syntax and style conventions
[1.083s] -- Added test 'lint_cmake' to check CMake code style
[1.090s] -- Added test 'pep257' to check Python code against some of the docstring style conventions in PEP 257
[1.092s] -- Added test 'xmllint' to check XML markup files
[1.092s] -- Configuring done
[1.093s] -- Generating done
[1.095s] -- Build files have been written to: /home/ubuntu/ros2ws/build/irb6640_ros2_gazebo
[1.108s] Invoked command in '/home/ubuntu/ros2ws/build/irb6640_ros2_gazebo' returned '0': CMAKE_PREFIX_PATH=${CMAKE_PREFIX_PATH}:/opt/ros/humble /usr/bin/cmake /home/ubuntu/ros2ws/src/ros2_RobotSimulation/ABBRobots/IRB6640/irb6640_ros2_gazebo -DCMAKE_INSTALL_PREFIX=/home/ubuntu/ros2ws/install/irb6640_ros2_gazebo
[1.109s] Invoking command in '/home/ubuntu/ros2ws/build/irb6640_ros2_gazebo': CMAKE_PREFIX_PATH=${CMAKE_PREFIX_PATH}:/opt/ros/humble /usr/bin/cmake --build /home/ubuntu/ros2ws/build/irb6640_ros2_gazebo -- -j4 -l4
[1.187s] Invoked command in '/home/ubuntu/ros2ws/build/irb6640_ros2_gazebo' returned '0': CMAKE_PREFIX_PATH=${CMAKE_PREFIX_PATH}:/opt/ros/humble /usr/bin/cmake --build /home/ubuntu/ros2ws/build/irb6640_ros2_gazebo -- -j4 -l4
[1.268s] Invoking command in '/home/ubuntu/ros2ws/build/irb6640_ros2_gazebo': CMAKE_PREFIX_PATH=${CMAKE_PREFIX_PATH}:/opt/ros/humble /usr/bin/cmake --install /home/ubuntu/ros2ws/build/irb6640_ros2_gazebo
[1.288s] -- Install configuration: ""
[1.288s] -- Installing: /home/ubuntu/ros2ws/install/irb6640_ros2_gazebo/share/irb6640_ros2_gazebo/config
[1.288s] -- Installing: /home/ubuntu/ros2ws/install/irb6640_ros2_gazebo/share/irb6640_ros2_gazebo/config/irb6640_controller.yaml
[1.288s] -- Installing: /home/ubuntu/ros2ws/install/irb6640_ros2_gazebo/share/irb6640_ros2_gazebo/launch
[1.288s] -- Installing: /home/ubuntu/ros2ws/install/irb6640_ros2_gazebo/share/irb6640_ros2_gazebo/launch/irb6640_simulation.launch.py
[1.291s] -- Installing: /home/ubuntu/ros2ws/install/irb6640_ros2_gazebo/share/irb6640_ros2_gazebo/urdf
[1.291s] -- Installing: /home/ubuntu/ros2ws/install/irb6640_ros2_gazebo/share/irb6640_ros2_gazebo/urdf/irb6640.urdf.xacro
[1.294s] -- Installing: /home/ubuntu/ros2ws/install/irb6640_ros2_gazebo/share/irb6640_ros2_gazebo/urdf/irb6640_transmission.xacro
[1.294s] -- Installing: /home/ubuntu/ros2ws/install/irb6640_ros2_gazebo/share/irb6640_ros2_gazebo/urdf/abb_resources
[1.294s] -- Installing: /home/ubuntu/ros2ws/install/irb6640_ros2_gazebo/share/irb6640_ros2_gazebo/urdf/abb_resources/common_materials.xacro
[1.294s] -- Installing: /home/ubuntu/ros2ws/install/irb6640_ros2_gazebo/share/irb6640_ros2_gazebo/urdf/abb_resources/common_colours.xacro
[1.294s] -- Installing: /home/ubuntu/ros2ws/install/irb6640_ros2_gazebo/share/irb6640_ros2_gazebo/urdf/irb6640_macro.urdf.xacro
[1.294s] -- Installing: /home/ubuntu/ros2ws/install/irb6640_ros2_gazebo/share/irb6640_ros2_gazebo/urdf/irb6640_ros2control.xacro
[1.294s] -- Installing: /home/ubuntu/ros2ws/install/irb6640_ros2_gazebo/share/irb6640_ros2_gazebo/worlds
[1.294s] -- Installing: /home/ubuntu/ros2ws/install/irb6640_ros2_gazebo/share/irb6640_ros2_gazebo/worlds/irb6640.world
[1.297s] -- Installing: /home/ubuntu/ros2ws/install/irb6640_ros2_gazebo/share/irb6640_ros2_gazebo/meshes
[1.298s] -- Installing: /home/ubuntu/ros2ws/install/irb6640_ros2_gazebo/share/irb6640_ros2_gazebo/meshes/collision
[1.298s] -- Installing: /home/ubuntu/ros2ws/install/irb6640_ros2_gazebo/share/irb6640_ros2_gazebo/meshes/collision/base_link.stl
[1.298s] -- Installing: /home/ubuntu/ros2ws/install/irb6640_ros2_gazebo/share/irb6640_ros2_gazebo/meshes/collision/link_4.stl
[1.298s] -- Installing: /home/ubuntu/ros2ws/install/irb6640_ros2_gazebo/share/irb6640_ros2_gazebo/meshes/collision/link_2.stl
[1.298s] -- Installing: /home/ubuntu/ros2ws/install/irb6640_ros2_gazebo/share/irb6640_ros2_gazebo/meshes/collision/link_1.stl
[1.298s] -- Installing: /home/ubuntu/ros2ws/install/irb6640_ros2_gazebo/share/irb6640_ros2_gazebo/meshes/collision/link_3.stl
[1.299s] -- Installing: /home/ubuntu/ros2ws/install/irb6640_ros2_gazebo/share/irb6640_ros2_gazebo/meshes/collision/link_5.stl
[1.299s] -- Installing: /home/ubuntu/ros2ws/install/irb6640_ros2_gazebo/share/irb6640_ros2_gazebo/meshes/collision/cylinder_link.stl
[1.299s] -- Installing: /home/ubuntu/ros2ws/install/irb6640_ros2_gazebo/share/irb6640_ros2_gazebo/meshes/collision/piston_link.stl
[1.303s] -- Installing: /home/ubuntu/ros2ws/install/irb6640_ros2_gazebo/share/irb6640_ros2_gazebo/meshes/collision/link_6.stl
[1.303s] -- Installing: /home/ubuntu/ros2ws/install/irb6640_ros2_gazebo/share/irb6640_ros2_gazebo/meshes/visual
[1.303s] -- Installing: /home/ubuntu/ros2ws/install/irb6640_ros2_gazebo/share/irb6640_ros2_gazebo/meshes/visual/piston_link.dae
[1.303s] -- Installing: /home/ubuntu/ros2ws/install/irb6640_ros2_gazebo/share/irb6640_ros2_gazebo/meshes/visual/link_5.dae
[1.304s] -- Installing: /home/ubuntu/ros2ws/install/irb6640_ros2_gazebo/share/irb6640_ros2_gazebo/meshes/visual/link_1.dae
[1.313s] -- Installing: /home/ubuntu/ros2ws/install/irb6640_ros2_gazebo/share/irb6640_ros2_gazebo/meshes/visual/cylinder_link.dae
[1.316s] -- Installing: /home/ubuntu/ros2ws/install/irb6640_ros2_gazebo/share/irb6640_ros2_gazebo/meshes/visual/link_4.dae
[1.318s] -- Installing: /home/ubuntu/ros2ws/install/irb6640_ros2_gazebo/share/irb6640_ros2_gazebo/meshes/visual/link_2.dae
[1.320s] -- Installing: /home/ubuntu/ros2ws/install/irb6640_ros2_gazebo/share/irb6640_ros2_gazebo/meshes/visual/link_3.dae
[1.324s] -- Installing: /home/ubuntu/ros2ws/install/irb6640_ros2_gazebo/share/irb6640_ros2_gazebo/meshes/visual/base_link.dae
[1.328s] -- Installing: /home/ubuntu/ros2ws/install/irb6640_ros2_gazebo/share/irb6640_ros2_gazebo/meshes/visual/link_6.dae
[1.328s] -- Installing: /home/ubuntu/ros2ws/install/irb6640_ros2_gazebo/share/ament_index/resource_index/package_run_dependencies/irb6640_ros2_gazebo
[1.328s] -- Installing: /home/ubuntu/ros2ws/install/irb6640_ros2_gazebo/share/ament_index/resource_index/parent_prefix_path/irb6640_ros2_gazebo
[1.328s] -- Installing: /home/ubuntu/ros2ws/install/irb6640_ros2_gazebo/share/irb6640_ros2_gazebo/environment/ament_prefix_path.sh
[1.328s] -- Installing: /home/ubuntu/ros2ws/install/irb6640_ros2_gazebo/share/irb6640_ros2_gazebo/environment/ament_prefix_path.dsv
[1.329s] -- Installing: /home/ubuntu/ros2ws/install/irb6640_ros2_gazebo/share/irb6640_ros2_gazebo/environment/path.sh
[1.329s] -- Installing: /home/ubuntu/ros2ws/install/irb6640_ros2_gazebo/share/irb6640_ros2_gazebo/environment/path.dsv
[1.329s] -- Installing: /home/ubuntu/ros2ws/install/irb6640_ros2_gazebo/share/irb6640_ros2_gazebo/local_setup.bash
[1.329s] -- Installing: /home/ubuntu/ros2ws/install/irb6640_ros2_gazebo/share/irb6640_ros2_gazebo/local_setup.sh
[1.330s] -- Installing: /home/ubuntu/ros2ws/install/irb6640_ros2_gazebo/share/irb6640_ros2_gazebo/local_setup.zsh
[1.330s] -- Installing: /home/ubuntu/ros2ws/install/irb6640_ros2_gazebo/share/irb6640_ros2_gazebo/local_setup.dsv
[1.330s] -- Installing: /home/ubuntu/ros2ws/install/irb6640_ros2_gazebo/share/irb6640_ros2_gazebo/package.dsv
[1.330s] -- Installing: /home/ubuntu/ros2ws/install/irb6640_ros2_gazebo/share/ament_index/resource_index/packages/irb6640_ros2_gazebo
[1.335s] -- Installing: /home/ubuntu/ros2ws/install/irb6640_ros2_gazebo/share/irb6640_ros2_gazebo/cmake/irb6640_ros2_gazeboConfig.cmake
[1.335s] -- Installing: /home/ubuntu/ros2ws/install/irb6640_ros2_gazebo/share/irb6640_ros2_gazebo/cmake/irb6640_ros2_gazeboConfig-version.cmake
[1.335s] -- Installing: /home/ubuntu/ros2ws/install/irb6640_ros2_gazebo/share/irb6640_ros2_gazebo/package.xml
[1.335s] Invoked command in '/home/ubuntu/ros2ws/build/irb6640_ros2_gazebo' returned '0': CMAKE_PREFIX_PATH=${CMAKE_PREFIX_PATH}:/opt/ros/humble /usr/bin/cmake --install /home/ubuntu/ros2ws/build/irb6640_ros2_gazebo
