[0.019s] Invoking command in '/home/ubuntu/ros2ws/build/ros2srrc_ur5_moveit2': CMAKE_PREFIX_PATH=${CMAKE_PREFIX_PATH}:/opt/ros/humble /usr/bin/cmake /home/ubuntu/ros2ws/src/ros2_SimRealRobotControl/packages/ur5/ros2srrc_ur5_moveit2 -DAMENT_CMAKE_SYMLINK_INSTALL=1 -DCMAKE_INSTALL_PREFIX=/home/ubuntu/ros2ws/install/ros2srrc_ur5_moveit2
[0.138s] -- The C compiler identification is GNU 11.4.0
[0.267s] -- The CXX compiler identification is GNU 11.4.0
[0.280s] -- Detecting C compiler ABI info
[0.433s] -- Detecting C compiler ABI info - done
[0.441s] -- Check for working C compiler: /usr/bin/cc - skipped
[0.443s] -- Detecting C compile features
[0.445s] -- Detecting C compile features - done
[0.453s] -- Detecting CXX compiler ABI info
[0.607s] -- Detecting CXX compiler ABI info - done
[0.631s] -- Check for working CXX compiler: /usr/bin/c++ - skipped
[0.631s] -- Detecting CXX compile features
[0.631s] -- Detecting CXX compile features - done
[0.644s] -- Found ament_cmake: 1.3.10 (/opt/ros/humble/share/ament_cmake/cmake)
[0.937s] -- Found Python3: /usr/bin/python3 (found version "3.10.12") found components: Interpreter 
[1.050s] -- Override CMake install command with custom implementation using symlinks instead of copying resources
[1.192s] -- Found ament_lint_auto: 0.12.11 (/opt/ros/humble/share/ament_lint_auto/cmake)
[1.415s] -- Added test 'copyright' to check source files copyright and LICENSE
[1.419s] -- Added test 'lint_cmake' to check CMake code style
[1.422s] -- Added test 'xmllint' to check XML markup files
[1.434s] -- Configuring done
[1.440s] -- Generating done
[1.444s] -- Build files have been written to: /home/ubuntu/ros2ws/build/ros2srrc_ur5_moveit2
[1.464s] Invoked command in '/home/ubuntu/ros2ws/build/ros2srrc_ur5_moveit2' returned '0': CMAKE_PREFIX_PATH=${CMAKE_PREFIX_PATH}:/opt/ros/humble /usr/bin/cmake /home/ubuntu/ros2ws/src/ros2_SimRealRobotControl/packages/ur5/ros2srrc_ur5_moveit2 -DAMENT_CMAKE_SYMLINK_INSTALL=1 -DCMAKE_INSTALL_PREFIX=/home/ubuntu/ros2ws/install/ros2srrc_ur5_moveit2
[1.465s] Invoking command in '/home/ubuntu/ros2ws/build/ros2srrc_ur5_moveit2': CMAKE_PREFIX_PATH=${CMAKE_PREFIX_PATH}:/opt/ros/humble /usr/bin/cmake --build /home/ubuntu/ros2ws/build/ros2srrc_ur5_moveit2 -- -j4 -l4
[1.530s] Invoked command in '/home/ubuntu/ros2ws/build/ros2srrc_ur5_moveit2' returned '0': CMAKE_PREFIX_PATH=${CMAKE_PREFIX_PATH}:/opt/ros/humble /usr/bin/cmake --build /home/ubuntu/ros2ws/build/ros2srrc_ur5_moveit2 -- -j4 -l4
[1.591s] Invoking command in '/home/ubuntu/ros2ws/build/ros2srrc_ur5_moveit2': CMAKE_PREFIX_PATH=${CMAKE_PREFIX_PATH}:/opt/ros/humble /usr/bin/cmake --install /home/ubuntu/ros2ws/build/ros2srrc_ur5_moveit2
[1.603s] -- Install configuration: ""
[1.603s] -- Execute custom install script
[1.605s] -- Symlinking: /home/ubuntu/ros2ws/install/ros2srrc_ur5_moveit2/share/ros2srrc_ur5_moveit2/config/ur5.srdf
[1.626s] -- Symlinking: /home/ubuntu/ros2ws/install/ros2srrc_ur5_moveit2/share/ros2srrc_ur5_moveit2/config/ur5_moveit2.rviz
[1.654s] -- Symlinking: /home/ubuntu/ros2ws/install/ros2srrc_ur5_moveit2/share/ros2srrc_ur5_moveit2/config/ur5robotiq_2f85.srdf
[1.673s] -- Symlinking: /home/ubuntu/ros2ws/install/ros2srrc_ur5_moveit2/share/ros2srrc_ur5_moveit2/config/ur5robotiq_2f85_moveit2.rviz
[1.689s] -- Symlinking: /home/ubuntu/ros2ws/install/ros2srrc_ur5_moveit2/share/ros2srrc_ur5_moveit2/config/ur5robotiq_hande.srdf
[1.705s] -- Symlinking: /home/ubuntu/ros2ws/install/ros2srrc_ur5_moveit2/share/ros2srrc_ur5_moveit2/config/ur5robotiq_hande_moveit2.rviz
[1.721s] -- Symlinking: /home/ubuntu/ros2ws/install/ros2srrc_ur5_moveit2/share/ament_index/resource_index/package_run_dependencies/ros2srrc_ur5_moveit2
[1.738s] -- Symlinking: /home/ubuntu/ros2ws/install/ros2srrc_ur5_moveit2/share/ament_index/resource_index/parent_prefix_path/ros2srrc_ur5_moveit2
[1.756s] -- Symlinking: /home/ubuntu/ros2ws/install/ros2srrc_ur5_moveit2/share/ros2srrc_ur5_moveit2/environment/ament_prefix_path.sh
[1.776s] -- Symlinking: /home/ubuntu/ros2ws/install/ros2srrc_ur5_moveit2/share/ros2srrc_ur5_moveit2/environment/ament_prefix_path.dsv
[1.792s] -- Symlinking: /home/ubuntu/ros2ws/install/ros2srrc_ur5_moveit2/share/ros2srrc_ur5_moveit2/environment/path.sh
[1.808s] -- Symlinking: /home/ubuntu/ros2ws/install/ros2srrc_ur5_moveit2/share/ros2srrc_ur5_moveit2/environment/path.dsv
[1.831s] -- Symlinking: /home/ubuntu/ros2ws/install/ros2srrc_ur5_moveit2/share/ros2srrc_ur5_moveit2/local_setup.bash
[1.848s] -- Symlinking: /home/ubuntu/ros2ws/install/ros2srrc_ur5_moveit2/share/ros2srrc_ur5_moveit2/local_setup.sh
[1.869s] -- Symlinking: /home/ubuntu/ros2ws/install/ros2srrc_ur5_moveit2/share/ros2srrc_ur5_moveit2/local_setup.zsh
[1.885s] -- Symlinking: /home/ubuntu/ros2ws/install/ros2srrc_ur5_moveit2/share/ros2srrc_ur5_moveit2/local_setup.dsv
[1.904s] -- Symlinking: /home/ubuntu/ros2ws/install/ros2srrc_ur5_moveit2/share/ros2srrc_ur5_moveit2/package.dsv
[1.923s] -- Symlinking: /home/ubuntu/ros2ws/install/ros2srrc_ur5_moveit2/share/ament_index/resource_index/packages/ros2srrc_ur5_moveit2
[1.942s] -- Symlinking: /home/ubuntu/ros2ws/install/ros2srrc_ur5_moveit2/share/ros2srrc_ur5_moveit2/cmake/ros2srrc_ur5_moveit2Config.cmake
[1.965s] -- Symlinking: /home/ubuntu/ros2ws/install/ros2srrc_ur5_moveit2/share/ros2srrc_ur5_moveit2/cmake/ros2srrc_ur5_moveit2Config-version.cmake
[1.983s] -- Symlinking: /home/ubuntu/ros2ws/install/ros2srrc_ur5_moveit2/share/ros2srrc_ur5_moveit2/package.xml
[2.000s] Invoked command in '/home/ubuntu/ros2ws/build/ros2srrc_ur5_moveit2' returned '0': CMAKE_PREFIX_PATH=${CMAKE_PREFIX_PATH}:/opt/ros/humble /usr/bin/cmake --install /home/ubuntu/ros2ws/build/ros2srrc_ur5_moveit2
