[0.051s] Invoking command in '/home/ubuntu/ros2ws/build/abb_librws': CMAKE_PREFIX_PATH=${CMAKE_PREFIX_PATH}:/opt/ros/humble /usr/bin/cmake --build /home/ubuntu/ros2ws/build/abb_librws -- -j4 -l4
[0.178s] [100%] Built target abb_librws
[0.207s] Invoked command in '/home/ubuntu/ros2ws/build/abb_librws' returned '0': CMAKE_PREFIX_PATH=${CMAKE_PREFIX_PATH}:/opt/ros/humble /usr/bin/cmake --build /home/ubuntu/ros2ws/build/abb_librws -- -j4 -l4
[0.341s] Invoking command in '/home/ubuntu/ros2ws/build/abb_librws': CMAKE_PREFIX_PATH=${CMAKE_PREFIX_PATH}:/opt/ros/humble /usr/bin/cmake --install /home/ubuntu/ros2ws/build/abb_librws
[0.360s] -- Install configuration: ""
[0.360s] -- Up-to-date: /home/ubuntu/ros2ws/install/abb_librws/include
[0.361s] -- Up-to-date: /home/ubuntu/ros2ws/install/abb_librws/include/abb_librws
[0.361s] -- Up-to-date: /home/ubuntu/ros2ws/install/abb_librws/include/abb_librws/rws_common.h
[0.361s] -- Up-to-date: /home/ubuntu/ros2ws/install/abb_librws/include/abb_librws/rws_poco_client.h
[0.361s] -- Up-to-date: /home/ubuntu/ros2ws/install/abb_librws/include/abb_librws/rws_rapid.h
[0.361s] -- Up-to-date: /home/ubuntu/ros2ws/install/abb_librws/include/abb_librws/rws_state_machine_interface.h
[0.361s] -- Up-to-date: /home/ubuntu/ros2ws/install/abb_librws/include/abb_librws/rws_interface.h
[0.362s] -- Up-to-date: /home/ubuntu/ros2ws/install/abb_librws/include/abb_librws/rws_client.h
[0.367s] -- Up-to-date: /home/ubuntu/ros2ws/install/abb_librws/include/abb_librws/rws_cfg.h
[0.368s] -- Up-to-date: /home/ubuntu/ros2ws/install/abb_librws/include/abb_librws/abb_librws_export.h
[0.370s] -- Up-to-date: /home/ubuntu/ros2ws/install/abb_librws/share/abb_librws/cmake
[0.370s] -- Up-to-date: /home/ubuntu/ros2ws/install/abb_librws/share/abb_librws/cmake/FindPoco.cmake
[0.370s] -- Up-to-date: /home/ubuntu/ros2ws/install/abb_librws/share/abb_librws/cmake/README.md
[0.370s] -- Up-to-date: /home/ubuntu/ros2ws/install/abb_librws/lib/libabb_librws.so
[0.371s] -- Up-to-date: /home/ubuntu/ros2ws/install/abb_librws/share/abb_librws/abb_librwsConfig.cmake
[0.371s] -- Up-to-date: /home/ubuntu/ros2ws/install/abb_librws/share/abb_librws/abb_librwsConfigVersion.cmake
[0.371s] -- Up-to-date: /home/ubuntu/ros2ws/install/abb_librws/share/abb_librws/package.xml
[0.371s] -- Up-to-date: /home/ubuntu/ros2ws/install/abb_librws/share/abb_librws/abb_librwsTargets.cmake
[0.371s] -- Up-to-date: /home/ubuntu/ros2ws/install/abb_librws/share/abb_librws/abb_librwsTargets-noconfig.cmake
[0.385s] Invoked command in '/home/ubuntu/ros2ws/build/abb_librws' returned '0': CMAKE_PREFIX_PATH=${CMAKE_PREFIX_PATH}:/opt/ros/humble /usr/bin/cmake --install /home/ubuntu/ros2ws/build/abb_librws
