[0.030s] Invoking command in '/home/ubuntu/ros2ws/build/abb_robot_msgs': CMAKE_PREFIX_PATH=${CMAKE_PREFIX_PATH}:/opt/ros/humble /usr/bin/cmake --build /home/ubuntu/ros2ws/build/abb_robot_msgs -- -j4 -l4
[0.218s] [  0%] Built target abb_robot_msgs__cpp
[0.229s] [ 13%] Built target abb_robot_msgs__rosidl_generator_c
[0.279s] [ 13%] Built target ament_cmake_python_copy_abb_robot_msgs
[0.384s] [ 25%] Built target abb_robot_msgs__rosidl_typesupport_cpp
[0.384s] [ 38%] Built target abb_robot_msgs__rosidl_typesupport_introspection_cpp
[0.388s] [ 50%] Built target abb_robot_msgs__rosidl_typesupport_fastrtps_cpp
[0.453s] [ 62%] Built target abb_robot_msgs__rosidl_typesupport_fastrtps_c
[0.479s] [ 74%] Built target abb_robot_msgs__rosidl_typesupport_c
[0.490s] [ 86%] Built target abb_robot_msgs__rosidl_typesupport_introspection_c
[0.586s] [ 86%] Built target abb_robot_msgs
[0.721s] [ 86%] Built target abb_robot_msgs__py
[0.886s] [ 97%] Built target abb_robot_msgs__rosidl_generator_py
[1.009s] [ 99%] Built target abb_robot_msgs__rosidl_typesupport_c__pyext
[1.014s] [ 99%] Built target abb_robot_msgs__rosidl_typesupport_fastrtps_c__pyext
[1.043s] [100%] Built target abb_robot_msgs__rosidl_typesupport_introspection_c__pyext
[1.336s] running egg_info
[1.338s] writing abb_robot_msgs.egg-info/PKG-INFO
[1.338s] writing dependency_links to abb_robot_msgs.egg-info/dependency_links.txt
[1.339s] writing top-level names to abb_robot_msgs.egg-info/top_level.txt
[1.343s] reading manifest file 'abb_robot_msgs.egg-info/SOURCES.txt'
[1.345s] writing manifest file 'abb_robot_msgs.egg-info/SOURCES.txt'
[1.417s] [100%] Built target ament_cmake_python_build_abb_robot_msgs_egg
[1.471s] Invoked command in '/home/ubuntu/ros2ws/build/abb_robot_msgs' returned '0': CMAKE_PREFIX_PATH=${CMAKE_PREFIX_PATH}:/opt/ros/humble /usr/bin/cmake --build /home/ubuntu/ros2ws/build/abb_robot_msgs -- -j4 -l4
[3.316s] Invoking command in '/home/ubuntu/ros2ws/build/abb_robot_msgs': CMAKE_PREFIX_PATH=${CMAKE_PREFIX_PATH}:/opt/ros/humble /usr/bin/cmake --install /home/ubuntu/ros2ws/build/abb_robot_msgs
[3.369s] -- Install configuration: ""
[3.369s] -- Up-to-date: /home/ubuntu/ros2ws/install/abb_robot_msgs/share/ament_index/resource_index/rosidl_interfaces/abb_robot_msgs
[3.369s] -- Up-to-date: /home/ubuntu/ros2ws/install/abb_robot_msgs/include/abb_robot_msgs/abb_robot_msgs
[3.369s] -- Up-to-date: /home/ubuntu/ros2ws/install/abb_robot_msgs/include/abb_robot_msgs/abb_robot_msgs/msg
[3.369s] -- Up-to-date: /home/ubuntu/ros2ws/install/abb_robot_msgs/include/abb_robot_msgs/abb_robot_msgs/msg/rapid_symbol_path.h
[3.370s] -- Up-to-date: /home/ubuntu/ros2ws/install/abb_robot_msgs/include/abb_robot_msgs/abb_robot_msgs/msg/service_responses.h
[3.370s] -- Up-to-date: /home/ubuntu/ros2ws/install/abb_robot_msgs/include/abb_robot_msgs/abb_robot_msgs/msg/rapid_task_state.h
[3.370s] -- Up-to-date: /home/ubuntu/ros2ws/install/abb_robot_msgs/include/abb_robot_msgs/abb_robot_msgs/msg/system_state.h
[3.370s] -- Up-to-date: /home/ubuntu/ros2ws/install/abb_robot_msgs/include/abb_robot_msgs/abb_robot_msgs/msg/mechanical_unit_state.h
[3.370s] -- Up-to-date: /home/ubuntu/ros2ws/install/abb_robot_msgs/include/abb_robot_msgs/abb_robot_msgs/msg/rosidl_generator_c__visibility_control.h
[3.370s] -- Up-to-date: /home/ubuntu/ros2ws/install/abb_robot_msgs/include/abb_robot_msgs/abb_robot_msgs/msg/detail
[3.371s] -- Up-to-date: /home/ubuntu/ros2ws/install/abb_robot_msgs/include/abb_robot_msgs/abb_robot_msgs/msg/detail/rapid_task_state__functions.c
[3.371s] -- Up-to-date: /home/ubuntu/ros2ws/install/abb_robot_msgs/include/abb_robot_msgs/abb_robot_msgs/msg/detail/system_state__functions.c
[3.381s] -- Up-to-date: /home/ubuntu/ros2ws/install/abb_robot_msgs/include/abb_robot_msgs/abb_robot_msgs/msg/detail/rapid_task_state__struct.h
[3.382s] -- Up-to-date: /home/ubuntu/ros2ws/install/abb_robot_msgs/include/abb_robot_msgs/abb_robot_msgs/msg/detail/rapid_symbol_path__struct.h
[3.382s] -- Up-to-date: /home/ubuntu/ros2ws/install/abb_robot_msgs/include/abb_robot_msgs/abb_robot_msgs/msg/detail/rapid_symbol_path__functions.h
[3.382s] -- Up-to-date: /home/ubuntu/ros2ws/install/abb_robot_msgs/include/abb_robot_msgs/abb_robot_msgs/msg/detail/service_responses__type_support.h
[3.382s] -- Up-to-date: /home/ubuntu/ros2ws/install/abb_robot_msgs/include/abb_robot_msgs/abb_robot_msgs/msg/detail/mechanical_unit_state__struct.h
[3.383s] -- Up-to-date: /home/ubuntu/ros2ws/install/abb_robot_msgs/include/abb_robot_msgs/abb_robot_msgs/msg/detail/rapid_task_state__functions.h
[3.383s] -- Up-to-date: /home/ubuntu/ros2ws/install/abb_robot_msgs/include/abb_robot_msgs/abb_robot_msgs/msg/detail/service_responses__struct.h
[3.383s] -- Up-to-date: /home/ubuntu/ros2ws/install/abb_robot_msgs/include/abb_robot_msgs/abb_robot_msgs/msg/detail/service_responses__functions.h
[3.383s] -- Up-to-date: /home/ubuntu/ros2ws/install/abb_robot_msgs/include/abb_robot_msgs/abb_robot_msgs/msg/detail/system_state__functions.h
[3.383s] -- Up-to-date: /home/ubuntu/ros2ws/install/abb_robot_msgs/include/abb_robot_msgs/abb_robot_msgs/msg/detail/mechanical_unit_state__functions.c
[3.383s] -- Up-to-date: /home/ubuntu/ros2ws/install/abb_robot_msgs/include/abb_robot_msgs/abb_robot_msgs/msg/detail/mechanical_unit_state__functions.h
[3.384s] -- Up-to-date: /home/ubuntu/ros2ws/install/abb_robot_msgs/include/abb_robot_msgs/abb_robot_msgs/msg/detail/system_state__type_support.h
[3.384s] -- Up-to-date: /home/ubuntu/ros2ws/install/abb_robot_msgs/include/abb_robot_msgs/abb_robot_msgs/msg/detail/system_state__struct.h
[3.384s] -- Up-to-date: /home/ubuntu/ros2ws/install/abb_robot_msgs/include/abb_robot_msgs/abb_robot_msgs/msg/detail/mechanical_unit_state__type_support.h
[3.384s] -- Up-to-date: /home/ubuntu/ros2ws/install/abb_robot_msgs/include/abb_robot_msgs/abb_robot_msgs/msg/detail/rapid_symbol_path__functions.c
[3.384s] -- Up-to-date: /home/ubuntu/ros2ws/install/abb_robot_msgs/include/abb_robot_msgs/abb_robot_msgs/msg/detail/service_responses__functions.c
[3.384s] -- Up-to-date: /home/ubuntu/ros2ws/install/abb_robot_msgs/include/abb_robot_msgs/abb_robot_msgs/msg/detail/rapid_task_state__type_support.h
[3.393s] -- Up-to-date: /home/ubuntu/ros2ws/install/abb_robot_msgs/include/abb_robot_msgs/abb_robot_msgs/msg/detail/rapid_symbol_path__type_support.h
[3.393s] -- Up-to-date: /home/ubuntu/ros2ws/install/abb_robot_msgs/include/abb_robot_msgs/abb_robot_msgs/srv
[3.394s] -- Up-to-date: /home/ubuntu/ros2ws/install/abb_robot_msgs/include/abb_robot_msgs/abb_robot_msgs/srv/set_io_signal.h
[3.394s] -- Up-to-date: /home/ubuntu/ros2ws/install/abb_robot_msgs/include/abb_robot_msgs/abb_robot_msgs/srv/set_speed_ratio.h
[3.394s] -- Up-to-date: /home/ubuntu/ros2ws/install/abb_robot_msgs/include/abb_robot_msgs/abb_robot_msgs/srv/set_file_contents.h
[3.394s] -- Up-to-date: /home/ubuntu/ros2ws/install/abb_robot_msgs/include/abb_robot_msgs/abb_robot_msgs/srv/trigger_with_result_code.h
[3.395s] -- Up-to-date: /home/ubuntu/ros2ws/install/abb_robot_msgs/include/abb_robot_msgs/abb_robot_msgs/srv/set_rapid_string.h
[3.395s] -- Up-to-date: /home/ubuntu/ros2ws/install/abb_robot_msgs/include/abb_robot_msgs/abb_robot_msgs/srv/set_rapid_symbol.h
[3.395s] -- Up-to-date: /home/ubuntu/ros2ws/install/abb_robot_msgs/include/abb_robot_msgs/abb_robot_msgs/srv/get_rapid_dnum.h
[3.396s] -- Up-to-date: /home/ubuntu/ros2ws/install/abb_robot_msgs/include/abb_robot_msgs/abb_robot_msgs/srv/get_rapid_num.h
[3.405s] -- Up-to-date: /home/ubuntu/ros2ws/install/abb_robot_msgs/include/abb_robot_msgs/abb_robot_msgs/srv/get_speed_ratio.h
[3.406s] -- Up-to-date: /home/ubuntu/ros2ws/install/abb_robot_msgs/include/abb_robot_msgs/abb_robot_msgs/srv/get_io_signal.h
[3.406s] -- Up-to-date: /home/ubuntu/ros2ws/install/abb_robot_msgs/include/abb_robot_msgs/abb_robot_msgs/srv/get_rapid_bool.h
[3.406s] -- Up-to-date: /home/ubuntu/ros2ws/install/abb_robot_msgs/include/abb_robot_msgs/abb_robot_msgs/srv/get_file_contents.h
[3.406s] -- Up-to-date: /home/ubuntu/ros2ws/install/abb_robot_msgs/include/abb_robot_msgs/abb_robot_msgs/srv/get_rapid_string.h
[3.406s] -- Up-to-date: /home/ubuntu/ros2ws/install/abb_robot_msgs/include/abb_robot_msgs/abb_robot_msgs/srv/get_robot_controller_description.h
[3.406s] -- Up-to-date: /home/ubuntu/ros2ws/install/abb_robot_msgs/include/abb_robot_msgs/abb_robot_msgs/srv/set_rapid_bool.h
[3.406s] -- Up-to-date: /home/ubuntu/ros2ws/install/abb_robot_msgs/include/abb_robot_msgs/abb_robot_msgs/srv/set_rapid_dnum.h
[3.406s] -- Up-to-date: /home/ubuntu/ros2ws/install/abb_robot_msgs/include/abb_robot_msgs/abb_robot_msgs/srv/set_rapid_num.h
[3.406s] -- Up-to-date: /home/ubuntu/ros2ws/install/abb_robot_msgs/include/abb_robot_msgs/abb_robot_msgs/srv/get_rapid_symbol.h
[3.406s] -- Up-to-date: /home/ubuntu/ros2ws/install/abb_robot_msgs/include/abb_robot_msgs/abb_robot_msgs/srv/detail
[3.406s] -- Up-to-date: /home/ubuntu/ros2ws/install/abb_robot_msgs/include/abb_robot_msgs/abb_robot_msgs/srv/detail/set_rapid_bool__type_support.h
[3.406s] -- Up-to-date: /home/ubuntu/ros2ws/install/abb_robot_msgs/include/abb_robot_msgs/abb_robot_msgs/srv/detail/get_robot_controller_description__type_support.h
[3.407s] -- Up-to-date: /home/ubuntu/ros2ws/install/abb_robot_msgs/include/abb_robot_msgs/abb_robot_msgs/srv/detail/set_rapid_num__functions.h
[3.407s] -- Up-to-date: /home/ubuntu/ros2ws/install/abb_robot_msgs/include/abb_robot_msgs/abb_robot_msgs/srv/detail/get_rapid_bool__type_support.h
[3.407s] -- Up-to-date: /home/ubuntu/ros2ws/install/abb_robot_msgs/include/abb_robot_msgs/abb_robot_msgs/srv/detail/set_file_contents__struct.h
[3.407s] -- Up-to-date: /home/ubuntu/ros2ws/install/abb_robot_msgs/include/abb_robot_msgs/abb_robot_msgs/srv/detail/set_rapid_symbol__type_support.h
[3.407s] -- Up-to-date: /home/ubuntu/ros2ws/install/abb_robot_msgs/include/abb_robot_msgs/abb_robot_msgs/srv/detail/get_rapid_dnum__functions.h
[3.407s] -- Up-to-date: /home/ubuntu/ros2ws/install/abb_robot_msgs/include/abb_robot_msgs/abb_robot_msgs/srv/detail/get_speed_ratio__functions.h
[3.407s] -- Up-to-date: /home/ubuntu/ros2ws/install/abb_robot_msgs/include/abb_robot_msgs/abb_robot_msgs/srv/detail/get_file_contents__functions.h
[3.414s] -- Up-to-date: /home/ubuntu/ros2ws/install/abb_robot_msgs/include/abb_robot_msgs/abb_robot_msgs/srv/detail/trigger_with_result_code__type_support.h
[3.415s] -- Up-to-date: /home/ubuntu/ros2ws/install/abb_robot_msgs/include/abb_robot_msgs/abb_robot_msgs/srv/detail/set_io_signal__struct.h
[3.415s] -- Up-to-date: /home/ubuntu/ros2ws/install/abb_robot_msgs/include/abb_robot_msgs/abb_robot_msgs/srv/detail/set_rapid_string__functions.c
[3.415s] -- Up-to-date: /home/ubuntu/ros2ws/install/abb_robot_msgs/include/abb_robot_msgs/abb_robot_msgs/srv/detail/set_io_signal__functions.h
[3.415s] -- Up-to-date: /home/ubuntu/ros2ws/install/abb_robot_msgs/include/abb_robot_msgs/abb_robot_msgs/srv/detail/set_speed_ratio__functions.h
[3.415s] -- Up-to-date: /home/ubuntu/ros2ws/install/abb_robot_msgs/include/abb_robot_msgs/abb_robot_msgs/srv/detail/get_rapid_num__functions.c
[3.415s] -- Up-to-date: /home/ubuntu/ros2ws/install/abb_robot_msgs/include/abb_robot_msgs/abb_robot_msgs/srv/detail/get_rapid_bool__functions.h
[3.415s] -- Up-to-date: /home/ubuntu/ros2ws/install/abb_robot_msgs/include/abb_robot_msgs/abb_robot_msgs/srv/detail/set_speed_ratio__functions.c
[3.415s] -- Up-to-date: /home/ubuntu/ros2ws/install/abb_robot_msgs/include/abb_robot_msgs/abb_robot_msgs/srv/detail/get_rapid_symbol__struct.h
[3.415s] -- Up-to-date: /home/ubuntu/ros2ws/install/abb_robot_msgs/include/abb_robot_msgs/abb_robot_msgs/srv/detail/get_rapid_num__type_support.h
[3.415s] -- Up-to-date: /home/ubuntu/ros2ws/install/abb_robot_msgs/include/abb_robot_msgs/abb_robot_msgs/srv/detail/set_file_contents__type_support.h
[3.415s] -- Up-to-date: /home/ubuntu/ros2ws/install/abb_robot_msgs/include/abb_robot_msgs/abb_robot_msgs/srv/detail/set_rapid_symbol__functions.c
[3.415s] -- Up-to-date: /home/ubuntu/ros2ws/install/abb_robot_msgs/include/abb_robot_msgs/abb_robot_msgs/srv/detail/get_rapid_bool__functions.c
[3.415s] -- Up-to-date: /home/ubuntu/ros2ws/install/abb_robot_msgs/include/abb_robot_msgs/abb_robot_msgs/srv/detail/set_io_signal__functions.c
[3.415s] -- Up-to-date: /home/ubuntu/ros2ws/install/abb_robot_msgs/include/abb_robot_msgs/abb_robot_msgs/srv/detail/trigger_with_result_code__struct.h
[3.416s] -- Up-to-date: /home/ubuntu/ros2ws/install/abb_robot_msgs/include/abb_robot_msgs/abb_robot_msgs/srv/detail/set_rapid_bool__functions.c
[3.416s] -- Up-to-date: /home/ubuntu/ros2ws/install/abb_robot_msgs/include/abb_robot_msgs/abb_robot_msgs/srv/detail/get_speed_ratio__type_support.h
[3.416s] -- Up-to-date: /home/ubuntu/ros2ws/install/abb_robot_msgs/include/abb_robot_msgs/abb_robot_msgs/srv/detail/set_rapid_dnum__functions.c
[3.416s] -- Up-to-date: /home/ubuntu/ros2ws/install/abb_robot_msgs/include/abb_robot_msgs/abb_robot_msgs/srv/detail/set_rapid_string__type_support.h
[3.416s] -- Up-to-date: /home/ubuntu/ros2ws/install/abb_robot_msgs/include/abb_robot_msgs/abb_robot_msgs/srv/detail/set_rapid_bool__functions.h
[3.416s] -- Up-to-date: /home/ubuntu/ros2ws/install/abb_robot_msgs/include/abb_robot_msgs/abb_robot_msgs/srv/detail/set_rapid_num__type_support.h
[3.416s] -- Up-to-date: /home/ubuntu/ros2ws/install/abb_robot_msgs/include/abb_robot_msgs/abb_robot_msgs/srv/detail/set_rapid_symbol__functions.h
[3.416s] -- Up-to-date: /home/ubuntu/ros2ws/install/abb_robot_msgs/include/abb_robot_msgs/abb_robot_msgs/srv/detail/get_rapid_symbol__functions.c
[3.416s] -- Up-to-date: /home/ubuntu/ros2ws/install/abb_robot_msgs/include/abb_robot_msgs/abb_robot_msgs/srv/detail/get_file_contents__functions.c
[3.416s] -- Up-to-date: /home/ubuntu/ros2ws/install/abb_robot_msgs/include/abb_robot_msgs/abb_robot_msgs/srv/detail/get_rapid_num__struct.h
[3.416s] -- Up-to-date: /home/ubuntu/ros2ws/install/abb_robot_msgs/include/abb_robot_msgs/abb_robot_msgs/srv/detail/get_rapid_dnum__type_support.h
[3.416s] -- Up-to-date: /home/ubuntu/ros2ws/install/abb_robot_msgs/include/abb_robot_msgs/abb_robot_msgs/srv/detail/get_rapid_symbol__type_support.h
[3.416s] -- Up-to-date: /home/ubuntu/ros2ws/install/abb_robot_msgs/include/abb_robot_msgs/abb_robot_msgs/srv/detail/set_io_signal__type_support.h
[3.419s] -- Up-to-date: /home/ubuntu/ros2ws/install/abb_robot_msgs/include/abb_robot_msgs/abb_robot_msgs/srv/detail/get_robot_controller_description__functions.h
[3.422s] -- Up-to-date: /home/ubuntu/ros2ws/install/abb_robot_msgs/include/abb_robot_msgs/abb_robot_msgs/srv/detail/get_robot_controller_description__struct.h
[3.422s] -- Up-to-date: /home/ubuntu/ros2ws/install/abb_robot_msgs/include/abb_robot_msgs/abb_robot_msgs/srv/detail/get_rapid_string__type_support.h
[3.422s] -- Up-to-date: /home/ubuntu/ros2ws/install/abb_robot_msgs/include/abb_robot_msgs/abb_robot_msgs/srv/detail/set_rapid_num__struct.h
[3.422s] -- Up-to-date: /home/ubuntu/ros2ws/install/abb_robot_msgs/include/abb_robot_msgs/abb_robot_msgs/srv/detail/trigger_with_result_code__functions.h
[3.422s] -- Up-to-date: /home/ubuntu/ros2ws/install/abb_robot_msgs/include/abb_robot_msgs/abb_robot_msgs/srv/detail/get_robot_controller_description__functions.c
[3.422s] -- Up-to-date: /home/ubuntu/ros2ws/install/abb_robot_msgs/include/abb_robot_msgs/abb_robot_msgs/srv/detail/set_rapid_string__struct.h
[3.422s] -- Up-to-date: /home/ubuntu/ros2ws/install/abb_robot_msgs/include/abb_robot_msgs/abb_robot_msgs/srv/detail/get_rapid_string__functions.c
[3.422s] -- Up-to-date: /home/ubuntu/ros2ws/install/abb_robot_msgs/include/abb_robot_msgs/abb_robot_msgs/srv/detail/get_io_signal__functions.c
[3.423s] -- Up-to-date: /home/ubuntu/ros2ws/install/abb_robot_msgs/include/abb_robot_msgs/abb_robot_msgs/srv/detail/set_rapid_dnum__struct.h
[3.423s] -- Up-to-date: /home/ubuntu/ros2ws/install/abb_robot_msgs/include/abb_robot_msgs/abb_robot_msgs/srv/detail/get_file_contents__struct.h
[3.423s] -- Up-to-date: /home/ubuntu/ros2ws/install/abb_robot_msgs/include/abb_robot_msgs/abb_robot_msgs/srv/detail/get_io_signal__type_support.h
[3.423s] -- Up-to-date: /home/ubuntu/ros2ws/install/abb_robot_msgs/include/abb_robot_msgs/abb_robot_msgs/srv/detail/set_rapid_num__functions.c
[3.423s] -- Up-to-date: /home/ubuntu/ros2ws/install/abb_robot_msgs/include/abb_robot_msgs/abb_robot_msgs/srv/detail/get_rapid_dnum__functions.c
[3.423s] -- Up-to-date: /home/ubuntu/ros2ws/install/abb_robot_msgs/include/abb_robot_msgs/abb_robot_msgs/srv/detail/set_rapid_bool__struct.h
[3.423s] -- Up-to-date: /home/ubuntu/ros2ws/install/abb_robot_msgs/include/abb_robot_msgs/abb_robot_msgs/srv/detail/get_rapid_string__functions.h
[3.423s] -- Up-to-date: /home/ubuntu/ros2ws/install/abb_robot_msgs/include/abb_robot_msgs/abb_robot_msgs/srv/detail/get_rapid_dnum__struct.h
[3.423s] -- Up-to-date: /home/ubuntu/ros2ws/install/abb_robot_msgs/include/abb_robot_msgs/abb_robot_msgs/srv/detail/set_file_contents__functions.h
[3.423s] -- Up-to-date: /home/ubuntu/ros2ws/install/abb_robot_msgs/include/abb_robot_msgs/abb_robot_msgs/srv/detail/trigger_with_result_code__functions.c
[3.423s] -- Up-to-date: /home/ubuntu/ros2ws/install/abb_robot_msgs/include/abb_robot_msgs/abb_robot_msgs/srv/detail/get_rapid_bool__struct.h
[3.423s] -- Up-to-date: /home/ubuntu/ros2ws/install/abb_robot_msgs/include/abb_robot_msgs/abb_robot_msgs/srv/detail/get_io_signal__struct.h
[3.424s] -- Up-to-date: /home/ubuntu/ros2ws/install/abb_robot_msgs/include/abb_robot_msgs/abb_robot_msgs/srv/detail/get_io_signal__functions.h
[3.427s] -- Up-to-date: /home/ubuntu/ros2ws/install/abb_robot_msgs/include/abb_robot_msgs/abb_robot_msgs/srv/detail/set_rapid_dnum__functions.h
[3.427s] -- Up-to-date: /home/ubuntu/ros2ws/install/abb_robot_msgs/include/abb_robot_msgs/abb_robot_msgs/srv/detail/get_rapid_string__struct.h
[3.427s] -- Up-to-date: /home/ubuntu/ros2ws/install/abb_robot_msgs/include/abb_robot_msgs/abb_robot_msgs/srv/detail/set_speed_ratio__type_support.h
[3.428s] -- Up-to-date: /home/ubuntu/ros2ws/install/abb_robot_msgs/include/abb_robot_msgs/abb_robot_msgs/srv/detail/set_speed_ratio__struct.h
[3.428s] -- Up-to-date: /home/ubuntu/ros2ws/install/abb_robot_msgs/include/abb_robot_msgs/abb_robot_msgs/srv/detail/get_file_contents__type_support.h
[3.429s] -- Up-to-date: /home/ubuntu/ros2ws/install/abb_robot_msgs/include/abb_robot_msgs/abb_robot_msgs/srv/detail/set_rapid_symbol__struct.h
[3.429s] -- Up-to-date: /home/ubuntu/ros2ws/install/abb_robot_msgs/include/abb_robot_msgs/abb_robot_msgs/srv/detail/get_speed_ratio__struct.h
[3.429s] -- Up-to-date: /home/ubuntu/ros2ws/install/abb_robot_msgs/include/abb_robot_msgs/abb_robot_msgs/srv/detail/set_rapid_dnum__type_support.h
[3.429s] -- Up-to-date: /home/ubuntu/ros2ws/install/abb_robot_msgs/include/abb_robot_msgs/abb_robot_msgs/srv/detail/set_rapid_string__functions.h
[3.429s] -- Up-to-date: /home/ubuntu/ros2ws/install/abb_robot_msgs/include/abb_robot_msgs/abb_robot_msgs/srv/detail/get_speed_ratio__functions.c
[3.429s] -- Up-to-date: /home/ubuntu/ros2ws/install/abb_robot_msgs/include/abb_robot_msgs/abb_robot_msgs/srv/detail/set_file_contents__functions.c
[3.434s] -- Up-to-date: /home/ubuntu/ros2ws/install/abb_robot_msgs/include/abb_robot_msgs/abb_robot_msgs/srv/detail/get_rapid_num__functions.h
[3.434s] -- Up-to-date: /home/ubuntu/ros2ws/install/abb_robot_msgs/include/abb_robot_msgs/abb_robot_msgs/srv/detail/get_rapid_symbol__functions.h
[3.435s] -- Up-to-date: /home/ubuntu/ros2ws/install/abb_robot_msgs/share/abb_robot_msgs/environment/library_path.sh
[3.436s] -- Up-to-date: /home/ubuntu/ros2ws/install/abb_robot_msgs/share/abb_robot_msgs/environment/library_path.dsv
[3.437s] -- Up-to-date: /home/ubuntu/ros2ws/install/abb_robot_msgs/lib/libabb_robot_msgs__rosidl_generator_c.so
[3.437s] -- Up-to-date: /home/ubuntu/ros2ws/install/abb_robot_msgs/include/abb_robot_msgs/abb_robot_msgs
[3.437s] -- Up-to-date: /home/ubuntu/ros2ws/install/abb_robot_msgs/include/abb_robot_msgs/abb_robot_msgs/msg
[3.437s] -- Up-to-date: /home/ubuntu/ros2ws/install/abb_robot_msgs/include/abb_robot_msgs/abb_robot_msgs/msg/rosidl_typesupport_fastrtps_c__visibility_control.h
[3.437s] -- Up-to-date: /home/ubuntu/ros2ws/install/abb_robot_msgs/include/abb_robot_msgs/abb_robot_msgs/msg/detail
[3.437s] -- Up-to-date: /home/ubuntu/ros2ws/install/abb_robot_msgs/include/abb_robot_msgs/abb_robot_msgs/msg/detail/rapid_symbol_path__rosidl_typesupport_fastrtps_c.h
[3.437s] -- Up-to-date: /home/ubuntu/ros2ws/install/abb_robot_msgs/include/abb_robot_msgs/abb_robot_msgs/msg/detail/system_state__rosidl_typesupport_fastrtps_c.h
[3.438s] -- Up-to-date: /home/ubuntu/ros2ws/install/abb_robot_msgs/include/abb_robot_msgs/abb_robot_msgs/msg/detail/mechanical_unit_state__rosidl_typesupport_fastrtps_c.h
[3.438s] -- Up-to-date: /home/ubuntu/ros2ws/install/abb_robot_msgs/include/abb_robot_msgs/abb_robot_msgs/msg/detail/service_responses__rosidl_typesupport_fastrtps_c.h
[3.438s] -- Up-to-date: /home/ubuntu/ros2ws/install/abb_robot_msgs/include/abb_robot_msgs/abb_robot_msgs/msg/detail/rapid_task_state__rosidl_typesupport_fastrtps_c.h
[3.438s] -- Up-to-date: /home/ubuntu/ros2ws/install/abb_robot_msgs/include/abb_robot_msgs/abb_robot_msgs/srv
[3.438s] -- Up-to-date: /home/ubuntu/ros2ws/install/abb_robot_msgs/include/abb_robot_msgs/abb_robot_msgs/srv/detail
[3.438s] -- Up-to-date: /home/ubuntu/ros2ws/install/abb_robot_msgs/include/abb_robot_msgs/abb_robot_msgs/srv/detail/get_speed_ratio__rosidl_typesupport_fastrtps_c.h
[3.442s] -- Up-to-date: /home/ubuntu/ros2ws/install/abb_robot_msgs/include/abb_robot_msgs/abb_robot_msgs/srv/detail/set_rapid_bool__rosidl_typesupport_fastrtps_c.h
[3.442s] -- Up-to-date: /home/ubuntu/ros2ws/install/abb_robot_msgs/include/abb_robot_msgs/abb_robot_msgs/srv/detail/get_io_signal__rosidl_typesupport_fastrtps_c.h
[3.442s] -- Up-to-date: /home/ubuntu/ros2ws/install/abb_robot_msgs/include/abb_robot_msgs/abb_robot_msgs/srv/detail/get_file_contents__rosidl_typesupport_fastrtps_c.h
[3.442s] -- Up-to-date: /home/ubuntu/ros2ws/install/abb_robot_msgs/include/abb_robot_msgs/abb_robot_msgs/srv/detail/set_rapid_symbol__rosidl_typesupport_fastrtps_c.h
[3.442s] -- Up-to-date: /home/ubuntu/ros2ws/install/abb_robot_msgs/include/abb_robot_msgs/abb_robot_msgs/srv/detail/get_robot_controller_description__rosidl_typesupport_fastrtps_c.h
[3.443s] -- Up-to-date: /home/ubuntu/ros2ws/install/abb_robot_msgs/include/abb_robot_msgs/abb_robot_msgs/srv/detail/set_rapid_string__rosidl_typesupport_fastrtps_c.h
[3.443s] -- Up-to-date: /home/ubuntu/ros2ws/install/abb_robot_msgs/include/abb_robot_msgs/abb_robot_msgs/srv/detail/trigger_with_result_code__rosidl_typesupport_fastrtps_c.h
[3.443s] -- Up-to-date: /home/ubuntu/ros2ws/install/abb_robot_msgs/include/abb_robot_msgs/abb_robot_msgs/srv/detail/set_file_contents__rosidl_typesupport_fastrtps_c.h
[3.443s] -- Up-to-date: /home/ubuntu/ros2ws/install/abb_robot_msgs/include/abb_robot_msgs/abb_robot_msgs/srv/detail/get_rapid_bool__rosidl_typesupport_fastrtps_c.h
[3.443s] -- Up-to-date: /home/ubuntu/ros2ws/install/abb_robot_msgs/include/abb_robot_msgs/abb_robot_msgs/srv/detail/set_speed_ratio__rosidl_typesupport_fastrtps_c.h
[3.443s] -- Up-to-date: /home/ubuntu/ros2ws/install/abb_robot_msgs/include/abb_robot_msgs/abb_robot_msgs/srv/detail/set_rapid_dnum__rosidl_typesupport_fastrtps_c.h
[3.443s] -- Up-to-date: /home/ubuntu/ros2ws/install/abb_robot_msgs/include/abb_robot_msgs/abb_robot_msgs/srv/detail/get_rapid_dnum__rosidl_typesupport_fastrtps_c.h
[3.444s] -- Up-to-date: /home/ubuntu/ros2ws/install/abb_robot_msgs/include/abb_robot_msgs/abb_robot_msgs/srv/detail/get_rapid_symbol__rosidl_typesupport_fastrtps_c.h
[3.444s] -- Up-to-date: /home/ubuntu/ros2ws/install/abb_robot_msgs/include/abb_robot_msgs/abb_robot_msgs/srv/detail/set_rapid_num__rosidl_typesupport_fastrtps_c.h
[3.444s] -- Up-to-date: /home/ubuntu/ros2ws/install/abb_robot_msgs/include/abb_robot_msgs/abb_robot_msgs/srv/detail/get_rapid_string__rosidl_typesupport_fastrtps_c.h
[3.447s] -- Up-to-date: /home/ubuntu/ros2ws/install/abb_robot_msgs/include/abb_robot_msgs/abb_robot_msgs/srv/detail/set_io_signal__rosidl_typesupport_fastrtps_c.h
[3.448s] -- Up-to-date: /home/ubuntu/ros2ws/install/abb_robot_msgs/include/abb_robot_msgs/abb_robot_msgs/srv/detail/get_rapid_num__rosidl_typesupport_fastrtps_c.h
[3.448s] -- Up-to-date: /home/ubuntu/ros2ws/install/abb_robot_msgs/lib/libabb_robot_msgs__rosidl_typesupport_fastrtps_c.so
[3.448s] -- Up-to-date: /home/ubuntu/ros2ws/install/abb_robot_msgs/include/abb_robot_msgs/abb_robot_msgs
[3.448s] -- Up-to-date: /home/ubuntu/ros2ws/install/abb_robot_msgs/include/abb_robot_msgs/abb_robot_msgs/msg
[3.450s] -- Up-to-date: /home/ubuntu/ros2ws/install/abb_robot_msgs/include/abb_robot_msgs/abb_robot_msgs/msg/rosidl_typesupport_introspection_c__visibility_control.h
[3.450s] -- Up-to-date: /home/ubuntu/ros2ws/install/abb_robot_msgs/include/abb_robot_msgs/abb_robot_msgs/msg/detail
[3.450s] -- Up-to-date: /home/ubuntu/ros2ws/install/abb_robot_msgs/include/abb_robot_msgs/abb_robot_msgs/msg/detail/service_responses__type_support.c
[3.450s] -- Up-to-date: /home/ubuntu/ros2ws/install/abb_robot_msgs/include/abb_robot_msgs/abb_robot_msgs/msg/detail/rapid_task_state__rosidl_typesupport_introspection_c.h
[3.450s] -- Up-to-date: /home/ubuntu/ros2ws/install/abb_robot_msgs/include/abb_robot_msgs/abb_robot_msgs/msg/detail/mechanical_unit_state__rosidl_typesupport_introspection_c.h
[3.450s] -- Up-to-date: /home/ubuntu/ros2ws/install/abb_robot_msgs/include/abb_robot_msgs/abb_robot_msgs/msg/detail/service_responses__rosidl_typesupport_introspection_c.h
[3.450s] -- Up-to-date: /home/ubuntu/ros2ws/install/abb_robot_msgs/include/abb_robot_msgs/abb_robot_msgs/msg/detail/mechanical_unit_state__type_support.c
[3.451s] -- Up-to-date: /home/ubuntu/ros2ws/install/abb_robot_msgs/include/abb_robot_msgs/abb_robot_msgs/msg/detail/system_state__type_support.c
[3.451s] -- Up-to-date: /home/ubuntu/ros2ws/install/abb_robot_msgs/include/abb_robot_msgs/abb_robot_msgs/msg/detail/rapid_task_state__type_support.c
[3.451s] -- Up-to-date: /home/ubuntu/ros2ws/install/abb_robot_msgs/include/abb_robot_msgs/abb_robot_msgs/msg/detail/rapid_symbol_path__type_support.c
[3.451s] -- Up-to-date: /home/ubuntu/ros2ws/install/abb_robot_msgs/include/abb_robot_msgs/abb_robot_msgs/msg/detail/system_state__rosidl_typesupport_introspection_c.h
[3.451s] -- Up-to-date: /home/ubuntu/ros2ws/install/abb_robot_msgs/include/abb_robot_msgs/abb_robot_msgs/msg/detail/rapid_symbol_path__rosidl_typesupport_introspection_c.h
[3.451s] -- Up-to-date: /home/ubuntu/ros2ws/install/abb_robot_msgs/include/abb_robot_msgs/abb_robot_msgs/srv
[3.451s] -- Up-to-date: /home/ubuntu/ros2ws/install/abb_robot_msgs/include/abb_robot_msgs/abb_robot_msgs/srv/detail
[3.451s] -- Up-to-date: /home/ubuntu/ros2ws/install/abb_robot_msgs/include/abb_robot_msgs/abb_robot_msgs/srv/detail/get_rapid_symbol__rosidl_typesupport_introspection_c.h
[3.451s] -- Up-to-date: /home/ubuntu/ros2ws/install/abb_robot_msgs/include/abb_robot_msgs/abb_robot_msgs/srv/detail/trigger_with_result_code__rosidl_typesupport_introspection_c.h
[3.452s] -- Up-to-date: /home/ubuntu/ros2ws/install/abb_robot_msgs/include/abb_robot_msgs/abb_robot_msgs/srv/detail/set_speed_ratio__rosidl_typesupport_introspection_c.h
[3.456s] -- Up-to-date: /home/ubuntu/ros2ws/install/abb_robot_msgs/include/abb_robot_msgs/abb_robot_msgs/srv/detail/get_rapid_bool__type_support.c
[3.464s] -- Up-to-date: /home/ubuntu/ros2ws/install/abb_robot_msgs/include/abb_robot_msgs/abb_robot_msgs/srv/detail/set_rapid_dnum__rosidl_typesupport_introspection_c.h
[3.464s] -- Up-to-date: /home/ubuntu/ros2ws/install/abb_robot_msgs/include/abb_robot_msgs/abb_robot_msgs/srv/detail/set_rapid_symbol__rosidl_typesupport_introspection_c.h
[3.465s] -- Up-to-date: /home/ubuntu/ros2ws/install/abb_robot_msgs/include/abb_robot_msgs/abb_robot_msgs/srv/detail/get_speed_ratio__rosidl_typesupport_introspection_c.h
[3.465s] -- Up-to-date: /home/ubuntu/ros2ws/install/abb_robot_msgs/include/abb_robot_msgs/abb_robot_msgs/srv/detail/set_rapid_string__type_support.c
[3.465s] -- Up-to-date: /home/ubuntu/ros2ws/install/abb_robot_msgs/include/abb_robot_msgs/abb_robot_msgs/srv/detail/get_speed_ratio__type_support.c
[3.465s] -- Up-to-date: /home/ubuntu/ros2ws/install/abb_robot_msgs/include/abb_robot_msgs/abb_robot_msgs/srv/detail/set_file_contents__rosidl_typesupport_introspection_c.h
[3.465s] -- Up-to-date: /home/ubuntu/ros2ws/install/abb_robot_msgs/include/abb_robot_msgs/abb_robot_msgs/srv/detail/get_rapid_num__type_support.c
[3.465s] -- Up-to-date: /home/ubuntu/ros2ws/install/abb_robot_msgs/include/abb_robot_msgs/abb_robot_msgs/srv/detail/get_rapid_dnum__rosidl_typesupport_introspection_c.h
[3.465s] -- Up-to-date: /home/ubuntu/ros2ws/install/abb_robot_msgs/include/abb_robot_msgs/abb_robot_msgs/srv/detail/get_rapid_dnum__type_support.c
[3.466s] -- Up-to-date: /home/ubuntu/ros2ws/install/abb_robot_msgs/include/abb_robot_msgs/abb_robot_msgs/srv/detail/get_file_contents__rosidl_typesupport_introspection_c.h
[3.466s] -- Up-to-date: /home/ubuntu/ros2ws/install/abb_robot_msgs/include/abb_robot_msgs/abb_robot_msgs/srv/detail/set_io_signal__rosidl_typesupport_introspection_c.h
[3.466s] -- Up-to-date: /home/ubuntu/ros2ws/install/abb_robot_msgs/include/abb_robot_msgs/abb_robot_msgs/srv/detail/set_rapid_dnum__type_support.c
[3.466s] -- Up-to-date: /home/ubuntu/ros2ws/install/abb_robot_msgs/include/abb_robot_msgs/abb_robot_msgs/srv/detail/get_io_signal__rosidl_typesupport_introspection_c.h
[3.466s] -- Up-to-date: /home/ubuntu/ros2ws/install/abb_robot_msgs/include/abb_robot_msgs/abb_robot_msgs/srv/detail/get_rapid_string__type_support.c
[3.466s] -- Up-to-date: /home/ubuntu/ros2ws/install/abb_robot_msgs/include/abb_robot_msgs/abb_robot_msgs/srv/detail/set_rapid_num__type_support.c
[3.466s] -- Up-to-date: /home/ubuntu/ros2ws/install/abb_robot_msgs/include/abb_robot_msgs/abb_robot_msgs/srv/detail/set_rapid_num__rosidl_typesupport_introspection_c.h
[3.467s] -- Up-to-date: /home/ubuntu/ros2ws/install/abb_robot_msgs/include/abb_robot_msgs/abb_robot_msgs/srv/detail/get_io_signal__type_support.c
[3.471s] -- Up-to-date: /home/ubuntu/ros2ws/install/abb_robot_msgs/include/abb_robot_msgs/abb_robot_msgs/srv/detail/get_rapid_bool__rosidl_typesupport_introspection_c.h
[3.471s] -- Up-to-date: /home/ubuntu/ros2ws/install/abb_robot_msgs/include/abb_robot_msgs/abb_robot_msgs/srv/detail/get_robot_controller_description__rosidl_typesupport_introspection_c.h
[3.471s] -- Up-to-date: /home/ubuntu/ros2ws/install/abb_robot_msgs/include/abb_robot_msgs/abb_robot_msgs/srv/detail/set_file_contents__type_support.c
[3.472s] -- Up-to-date: /home/ubuntu/ros2ws/install/abb_robot_msgs/include/abb_robot_msgs/abb_robot_msgs/srv/detail/set_rapid_string__rosidl_typesupport_introspection_c.h
[3.472s] -- Up-to-date: /home/ubuntu/ros2ws/install/abb_robot_msgs/include/abb_robot_msgs/abb_robot_msgs/srv/detail/get_file_contents__type_support.c
[3.472s] -- Up-to-date: /home/ubuntu/ros2ws/install/abb_robot_msgs/include/abb_robot_msgs/abb_robot_msgs/srv/detail/get_rapid_num__rosidl_typesupport_introspection_c.h
[3.472s] -- Up-to-date: /home/ubuntu/ros2ws/install/abb_robot_msgs/include/abb_robot_msgs/abb_robot_msgs/srv/detail/set_rapid_bool__rosidl_typesupport_introspection_c.h
[3.472s] -- Up-to-date: /home/ubuntu/ros2ws/install/abb_robot_msgs/include/abb_robot_msgs/abb_robot_msgs/srv/detail/get_rapid_string__rosidl_typesupport_introspection_c.h
[3.472s] -- Up-to-date: /home/ubuntu/ros2ws/install/abb_robot_msgs/include/abb_robot_msgs/abb_robot_msgs/srv/detail/set_speed_ratio__type_support.c
[3.472s] -- Up-to-date: /home/ubuntu/ros2ws/install/abb_robot_msgs/include/abb_robot_msgs/abb_robot_msgs/srv/detail/set_rapid_symbol__type_support.c
[3.473s] -- Up-to-date: /home/ubuntu/ros2ws/install/abb_robot_msgs/include/abb_robot_msgs/abb_robot_msgs/srv/detail/set_rapid_bool__type_support.c
[3.473s] -- Up-to-date: /home/ubuntu/ros2ws/install/abb_robot_msgs/include/abb_robot_msgs/abb_robot_msgs/srv/detail/get_rapid_symbol__type_support.c
[3.473s] -- Up-to-date: /home/ubuntu/ros2ws/install/abb_robot_msgs/include/abb_robot_msgs/abb_robot_msgs/srv/detail/trigger_with_result_code__type_support.c
[3.473s] -- Up-to-date: /home/ubuntu/ros2ws/install/abb_robot_msgs/include/abb_robot_msgs/abb_robot_msgs/srv/detail/set_io_signal__type_support.c
[3.473s] -- Up-to-date: /home/ubuntu/ros2ws/install/abb_robot_msgs/include/abb_robot_msgs/abb_robot_msgs/srv/detail/get_robot_controller_description__type_support.c
[3.474s] -- Up-to-date: /home/ubuntu/ros2ws/install/abb_robot_msgs/lib/libabb_robot_msgs__rosidl_typesupport_introspection_c.so
[3.475s] -- Up-to-date: /home/ubuntu/ros2ws/install/abb_robot_msgs/lib/libabb_robot_msgs__rosidl_typesupport_c.so
[3.475s] -- Up-to-date: /home/ubuntu/ros2ws/install/abb_robot_msgs/include/abb_robot_msgs/abb_robot_msgs
[3.475s] -- Up-to-date: /home/ubuntu/ros2ws/install/abb_robot_msgs/include/abb_robot_msgs/abb_robot_msgs/msg
[3.475s] -- Up-to-date: /home/ubuntu/ros2ws/install/abb_robot_msgs/include/abb_robot_msgs/abb_robot_msgs/msg/rapid_symbol_path.hpp
[3.475s] -- Up-to-date: /home/ubuntu/ros2ws/install/abb_robot_msgs/include/abb_robot_msgs/abb_robot_msgs/msg/system_state.hpp
[3.476s] -- Up-to-date: /home/ubuntu/ros2ws/install/abb_robot_msgs/include/abb_robot_msgs/abb_robot_msgs/msg/service_responses.hpp
[3.476s] -- Up-to-date: /home/ubuntu/ros2ws/install/abb_robot_msgs/include/abb_robot_msgs/abb_robot_msgs/msg/rapid_task_state.hpp
[3.476s] -- Up-to-date: /home/ubuntu/ros2ws/install/abb_robot_msgs/include/abb_robot_msgs/abb_robot_msgs/msg/mechanical_unit_state.hpp
[3.476s] -- Up-to-date: /home/ubuntu/ros2ws/install/abb_robot_msgs/include/abb_robot_msgs/abb_robot_msgs/msg/detail
[3.477s] -- Up-to-date: /home/ubuntu/ros2ws/install/abb_robot_msgs/include/abb_robot_msgs/abb_robot_msgs/msg/detail/rapid_task_state__struct.hpp
[3.477s] -- Up-to-date: /home/ubuntu/ros2ws/install/abb_robot_msgs/include/abb_robot_msgs/abb_robot_msgs/msg/detail/mechanical_unit_state__builder.hpp
[3.477s] -- Up-to-date: /home/ubuntu/ros2ws/install/abb_robot_msgs/include/abb_robot_msgs/abb_robot_msgs/msg/detail/rapid_symbol_path__struct.hpp
[3.477s] -- Up-to-date: /home/ubuntu/ros2ws/install/abb_robot_msgs/include/abb_robot_msgs/abb_robot_msgs/msg/detail/service_responses__builder.hpp
[3.477s] -- Up-to-date: /home/ubuntu/ros2ws/install/abb_robot_msgs/include/abb_robot_msgs/abb_robot_msgs/msg/detail/system_state__builder.hpp
[3.480s] -- Up-to-date: /home/ubuntu/ros2ws/install/abb_robot_msgs/include/abb_robot_msgs/abb_robot_msgs/msg/detail/service_responses__traits.hpp
[3.481s] -- Up-to-date: /home/ubuntu/ros2ws/install/abb_robot_msgs/include/abb_robot_msgs/abb_robot_msgs/msg/detail/mechanical_unit_state__traits.hpp
[3.481s] -- Up-to-date: /home/ubuntu/ros2ws/install/abb_robot_msgs/include/abb_robot_msgs/abb_robot_msgs/msg/detail/rapid_task_state__traits.hpp
[3.481s] -- Up-to-date: /home/ubuntu/ros2ws/install/abb_robot_msgs/include/abb_robot_msgs/abb_robot_msgs/msg/detail/mechanical_unit_state__struct.hpp
[3.481s] -- Up-to-date: /home/ubuntu/ros2ws/install/abb_robot_msgs/include/abb_robot_msgs/abb_robot_msgs/msg/detail/rapid_task_state__builder.hpp
[3.481s] -- Up-to-date: /home/ubuntu/ros2ws/install/abb_robot_msgs/include/abb_robot_msgs/abb_robot_msgs/msg/detail/rapid_symbol_path__traits.hpp
[3.481s] -- Up-to-date: /home/ubuntu/ros2ws/install/abb_robot_msgs/include/abb_robot_msgs/abb_robot_msgs/msg/detail/system_state__struct.hpp
[3.482s] -- Up-to-date: /home/ubuntu/ros2ws/install/abb_robot_msgs/include/abb_robot_msgs/abb_robot_msgs/msg/detail/service_responses__struct.hpp
[3.482s] -- Up-to-date: /home/ubuntu/ros2ws/install/abb_robot_msgs/include/abb_robot_msgs/abb_robot_msgs/msg/detail/system_state__traits.hpp
[3.482s] -- Up-to-date: /home/ubuntu/ros2ws/install/abb_robot_msgs/include/abb_robot_msgs/abb_robot_msgs/msg/detail/rapid_symbol_path__builder.hpp
[3.482s] -- Up-to-date: /home/ubuntu/ros2ws/install/abb_robot_msgs/include/abb_robot_msgs/abb_robot_msgs/srv
[3.482s] -- Up-to-date: /home/ubuntu/ros2ws/install/abb_robot_msgs/include/abb_robot_msgs/abb_robot_msgs/srv/get_rapid_symbol.hpp
[3.482s] -- Up-to-date: /home/ubuntu/ros2ws/install/abb_robot_msgs/include/abb_robot_msgs/abb_robot_msgs/srv/get_rapid_bool.hpp
[3.482s] -- Up-to-date: /home/ubuntu/ros2ws/install/abb_robot_msgs/include/abb_robot_msgs/abb_robot_msgs/srv/set_rapid_dnum.hpp
[3.482s] -- Up-to-date: /home/ubuntu/ros2ws/install/abb_robot_msgs/include/abb_robot_msgs/abb_robot_msgs/srv/trigger_with_result_code.hpp
[3.482s] -- Up-to-date: /home/ubuntu/ros2ws/install/abb_robot_msgs/include/abb_robot_msgs/abb_robot_msgs/srv/get_file_contents.hpp
[3.482s] -- Up-to-date: /home/ubuntu/ros2ws/install/abb_robot_msgs/include/abb_robot_msgs/abb_robot_msgs/srv/set_rapid_num.hpp
[3.482s] -- Up-to-date: /home/ubuntu/ros2ws/install/abb_robot_msgs/include/abb_robot_msgs/abb_robot_msgs/srv/set_rapid_symbol.hpp
[3.482s] -- Up-to-date: /home/ubuntu/ros2ws/install/abb_robot_msgs/include/abb_robot_msgs/abb_robot_msgs/srv/get_robot_controller_description.hpp
[3.482s] -- Up-to-date: /home/ubuntu/ros2ws/install/abb_robot_msgs/include/abb_robot_msgs/abb_robot_msgs/srv/get_rapid_num.hpp
[3.482s] -- Up-to-date: /home/ubuntu/ros2ws/install/abb_robot_msgs/include/abb_robot_msgs/abb_robot_msgs/srv/set_rapid_bool.hpp
[3.482s] -- Up-to-date: /home/ubuntu/ros2ws/install/abb_robot_msgs/include/abb_robot_msgs/abb_robot_msgs/srv/get_io_signal.hpp
[3.483s] -- Up-to-date: /home/ubuntu/ros2ws/install/abb_robot_msgs/include/abb_robot_msgs/abb_robot_msgs/srv/set_io_signal.hpp
[3.483s] -- Up-to-date: /home/ubuntu/ros2ws/install/abb_robot_msgs/include/abb_robot_msgs/abb_robot_msgs/srv/set_file_contents.hpp
[3.483s] -- Up-to-date: /home/ubuntu/ros2ws/install/abb_robot_msgs/include/abb_robot_msgs/abb_robot_msgs/srv/get_rapid_dnum.hpp
[3.483s] -- Up-to-date: /home/ubuntu/ros2ws/install/abb_robot_msgs/include/abb_robot_msgs/abb_robot_msgs/srv/set_rapid_string.hpp
[3.483s] -- Up-to-date: /home/ubuntu/ros2ws/install/abb_robot_msgs/include/abb_robot_msgs/abb_robot_msgs/srv/get_rapid_string.hpp
[3.483s] -- Up-to-date: /home/ubuntu/ros2ws/install/abb_robot_msgs/include/abb_robot_msgs/abb_robot_msgs/srv/set_speed_ratio.hpp
[3.485s] -- Up-to-date: /home/ubuntu/ros2ws/install/abb_robot_msgs/include/abb_robot_msgs/abb_robot_msgs/srv/detail
[3.485s] -- Up-to-date: /home/ubuntu/ros2ws/install/abb_robot_msgs/include/abb_robot_msgs/abb_robot_msgs/srv/detail/get_rapid_string__traits.hpp
[3.485s] -- Up-to-date: /home/ubuntu/ros2ws/install/abb_robot_msgs/include/abb_robot_msgs/abb_robot_msgs/srv/detail/set_rapid_symbol__builder.hpp
[3.485s] -- Up-to-date: /home/ubuntu/ros2ws/install/abb_robot_msgs/include/abb_robot_msgs/abb_robot_msgs/srv/detail/set_rapid_num__struct.hpp
[3.485s] -- Up-to-date: /home/ubuntu/ros2ws/install/abb_robot_msgs/include/abb_robot_msgs/abb_robot_msgs/srv/detail/get_io_signal__struct.hpp
[3.485s] -- Up-to-date: /home/ubuntu/ros2ws/install/abb_robot_msgs/include/abb_robot_msgs/abb_robot_msgs/srv/detail/set_speed_ratio__struct.hpp
[3.485s] -- Up-to-date: /home/ubuntu/ros2ws/install/abb_robot_msgs/include/abb_robot_msgs/abb_robot_msgs/srv/detail/set_file_contents__traits.hpp
[3.485s] -- Up-to-date: /home/ubuntu/ros2ws/install/abb_robot_msgs/include/abb_robot_msgs/abb_robot_msgs/srv/detail/set_rapid_num__builder.hpp
[3.485s] -- Up-to-date: /home/ubuntu/ros2ws/install/abb_robot_msgs/include/abb_robot_msgs/abb_robot_msgs/srv/detail/get_rapid_num__struct.hpp
[3.485s] -- Up-to-date: /home/ubuntu/ros2ws/install/abb_robot_msgs/include/abb_robot_msgs/abb_robot_msgs/srv/detail/set_rapid_dnum__struct.hpp
[3.485s] -- Up-to-date: /home/ubuntu/ros2ws/install/abb_robot_msgs/include/abb_robot_msgs/abb_robot_msgs/srv/detail/get_rapid_dnum__builder.hpp
[3.485s] -- Up-to-date: /home/ubuntu/ros2ws/install/abb_robot_msgs/include/abb_robot_msgs/abb_robot_msgs/srv/detail/get_file_contents__builder.hpp
[3.485s] -- Up-to-date: /home/ubuntu/ros2ws/install/abb_robot_msgs/include/abb_robot_msgs/abb_robot_msgs/srv/detail/set_rapid_bool__struct.hpp
[3.485s] -- Up-to-date: /home/ubuntu/ros2ws/install/abb_robot_msgs/include/abb_robot_msgs/abb_robot_msgs/srv/detail/get_rapid_num__builder.hpp
[3.485s] -- Up-to-date: /home/ubuntu/ros2ws/install/abb_robot_msgs/include/abb_robot_msgs/abb_robot_msgs/srv/detail/set_rapid_string__builder.hpp
[3.485s] -- Up-to-date: /home/ubuntu/ros2ws/install/abb_robot_msgs/include/abb_robot_msgs/abb_robot_msgs/srv/detail/set_rapid_num__traits.hpp
[3.486s] -- Up-to-date: /home/ubuntu/ros2ws/install/abb_robot_msgs/include/abb_robot_msgs/abb_robot_msgs/srv/detail/get_speed_ratio__traits.hpp
[3.486s] -- Up-to-date: /home/ubuntu/ros2ws/install/abb_robot_msgs/include/abb_robot_msgs/abb_robot_msgs/srv/detail/set_speed_ratio__traits.hpp
[3.486s] -- Up-to-date: /home/ubuntu/ros2ws/install/abb_robot_msgs/include/abb_robot_msgs/abb_robot_msgs/srv/detail/get_rapid_bool__traits.hpp
[3.486s] -- Up-to-date: /home/ubuntu/ros2ws/install/abb_robot_msgs/include/abb_robot_msgs/abb_robot_msgs/srv/detail/get_io_signal__builder.hpp
[3.486s] -- Up-to-date: /home/ubuntu/ros2ws/install/abb_robot_msgs/include/abb_robot_msgs/abb_robot_msgs/srv/detail/get_file_contents__struct.hpp
[3.486s] -- Up-to-date: /home/ubuntu/ros2ws/install/abb_robot_msgs/include/abb_robot_msgs/abb_robot_msgs/srv/detail/get_file_contents__traits.hpp
[3.486s] -- Up-to-date: /home/ubuntu/ros2ws/install/abb_robot_msgs/include/abb_robot_msgs/abb_robot_msgs/srv/detail/set_file_contents__builder.hpp
[3.486s] -- Up-to-date: /home/ubuntu/ros2ws/install/abb_robot_msgs/include/abb_robot_msgs/abb_robot_msgs/srv/detail/set_rapid_bool__builder.hpp
[3.486s] -- Up-to-date: /home/ubuntu/ros2ws/install/abb_robot_msgs/include/abb_robot_msgs/abb_robot_msgs/srv/detail/get_rapid_string__struct.hpp
[3.486s] -- Up-to-date: /home/ubuntu/ros2ws/install/abb_robot_msgs/include/abb_robot_msgs/abb_robot_msgs/srv/detail/get_rapid_dnum__traits.hpp
[3.486s] -- Up-to-date: /home/ubuntu/ros2ws/install/abb_robot_msgs/include/abb_robot_msgs/abb_robot_msgs/srv/detail/trigger_with_result_code__traits.hpp
[3.486s] -- Up-to-date: /home/ubuntu/ros2ws/install/abb_robot_msgs/include/abb_robot_msgs/abb_robot_msgs/srv/detail/set_speed_ratio__builder.hpp
[3.486s] -- Up-to-date: /home/ubuntu/ros2ws/install/abb_robot_msgs/include/abb_robot_msgs/abb_robot_msgs/srv/detail/get_robot_controller_description__struct.hpp
[3.486s] -- Up-to-date: /home/ubuntu/ros2ws/install/abb_robot_msgs/include/abb_robot_msgs/abb_robot_msgs/srv/detail/set_rapid_string__struct.hpp
[3.486s] -- Up-to-date: /home/ubuntu/ros2ws/install/abb_robot_msgs/include/abb_robot_msgs/abb_robot_msgs/srv/detail/set_io_signal__struct.hpp
[3.487s] -- Up-to-date: /home/ubuntu/ros2ws/install/abb_robot_msgs/include/abb_robot_msgs/abb_robot_msgs/srv/detail/trigger_with_result_code__builder.hpp
[3.487s] -- Up-to-date: /home/ubuntu/ros2ws/install/abb_robot_msgs/include/abb_robot_msgs/abb_robot_msgs/srv/detail/get_rapid_symbol__builder.hpp
[3.487s] -- Up-to-date: /home/ubuntu/ros2ws/install/abb_robot_msgs/include/abb_robot_msgs/abb_robot_msgs/srv/detail/set_io_signal__builder.hpp
[3.487s] -- Up-to-date: /home/ubuntu/ros2ws/install/abb_robot_msgs/include/abb_robot_msgs/abb_robot_msgs/srv/detail/get_rapid_bool__struct.hpp
[3.487s] -- Up-to-date: /home/ubuntu/ros2ws/install/abb_robot_msgs/include/abb_robot_msgs/abb_robot_msgs/srv/detail/set_rapid_bool__traits.hpp
[3.487s] -- Up-to-date: /home/ubuntu/ros2ws/install/abb_robot_msgs/include/abb_robot_msgs/abb_robot_msgs/srv/detail/set_rapid_dnum__traits.hpp
[3.487s] -- Up-to-date: /home/ubuntu/ros2ws/install/abb_robot_msgs/include/abb_robot_msgs/abb_robot_msgs/srv/detail/set_rapid_symbol__struct.hpp
[3.488s] -- Up-to-date: /home/ubuntu/ros2ws/install/abb_robot_msgs/include/abb_robot_msgs/abb_robot_msgs/srv/detail/get_speed_ratio__builder.hpp
[3.489s] -- Up-to-date: /home/ubuntu/ros2ws/install/abb_robot_msgs/include/abb_robot_msgs/abb_robot_msgs/srv/detail/get_rapid_bool__builder.hpp
[3.489s] -- Up-to-date: /home/ubuntu/ros2ws/install/abb_robot_msgs/include/abb_robot_msgs/abb_robot_msgs/srv/detail/get_rapid_symbol__struct.hpp
[3.489s] -- Up-to-date: /home/ubuntu/ros2ws/install/abb_robot_msgs/include/abb_robot_msgs/abb_robot_msgs/srv/detail/get_robot_controller_description__builder.hpp
[3.489s] -- Up-to-date: /home/ubuntu/ros2ws/install/abb_robot_msgs/include/abb_robot_msgs/abb_robot_msgs/srv/detail/set_rapid_dnum__builder.hpp
[3.489s] -- Up-to-date: /home/ubuntu/ros2ws/install/abb_robot_msgs/include/abb_robot_msgs/abb_robot_msgs/srv/detail/get_rapid_dnum__struct.hpp
[3.489s] -- Up-to-date: /home/ubuntu/ros2ws/install/abb_robot_msgs/include/abb_robot_msgs/abb_robot_msgs/srv/detail/get_rapid_num__traits.hpp
[3.489s] -- Up-to-date: /home/ubuntu/ros2ws/install/abb_robot_msgs/include/abb_robot_msgs/abb_robot_msgs/srv/detail/set_rapid_string__traits.hpp
[3.489s] -- Up-to-date: /home/ubuntu/ros2ws/install/abb_robot_msgs/include/abb_robot_msgs/abb_robot_msgs/srv/detail/get_robot_controller_description__traits.hpp
[3.489s] -- Up-to-date: /home/ubuntu/ros2ws/install/abb_robot_msgs/include/abb_robot_msgs/abb_robot_msgs/srv/detail/set_rapid_symbol__traits.hpp
[3.489s] -- Up-to-date: /home/ubuntu/ros2ws/install/abb_robot_msgs/include/abb_robot_msgs/abb_robot_msgs/srv/detail/get_rapid_string__builder.hpp
[3.490s] -- Up-to-date: /home/ubuntu/ros2ws/install/abb_robot_msgs/include/abb_robot_msgs/abb_robot_msgs/srv/detail/get_rapid_symbol__traits.hpp
[3.490s] -- Up-to-date: /home/ubuntu/ros2ws/install/abb_robot_msgs/include/abb_robot_msgs/abb_robot_msgs/srv/detail/get_io_signal__traits.hpp
[3.490s] -- Up-to-date: /home/ubuntu/ros2ws/install/abb_robot_msgs/include/abb_robot_msgs/abb_robot_msgs/srv/detail/trigger_with_result_code__struct.hpp
[3.490s] -- Up-to-date: /home/ubuntu/ros2ws/install/abb_robot_msgs/include/abb_robot_msgs/abb_robot_msgs/srv/detail/set_file_contents__struct.hpp
[3.490s] -- Up-to-date: /home/ubuntu/ros2ws/install/abb_robot_msgs/include/abb_robot_msgs/abb_robot_msgs/srv/detail/set_io_signal__traits.hpp
[3.490s] -- Up-to-date: /home/ubuntu/ros2ws/install/abb_robot_msgs/include/abb_robot_msgs/abb_robot_msgs/srv/detail/get_speed_ratio__struct.hpp
[3.490s] -- Up-to-date: /home/ubuntu/ros2ws/install/abb_robot_msgs/include/abb_robot_msgs/abb_robot_msgs/srv/get_speed_ratio.hpp
[3.490s] -- Up-to-date: /home/ubuntu/ros2ws/install/abb_robot_msgs/include/abb_robot_msgs/abb_robot_msgs
[3.490s] -- Up-to-date: /home/ubuntu/ros2ws/install/abb_robot_msgs/include/abb_robot_msgs/abb_robot_msgs/msg
[3.490s] -- Up-to-date: /home/ubuntu/ros2ws/install/abb_robot_msgs/include/abb_robot_msgs/abb_robot_msgs/msg/rosidl_typesupport_fastrtps_cpp__visibility_control.h
[3.490s] -- Up-to-date: /home/ubuntu/ros2ws/install/abb_robot_msgs/include/abb_robot_msgs/abb_robot_msgs/msg/detail
[3.490s] -- Up-to-date: /home/ubuntu/ros2ws/install/abb_robot_msgs/include/abb_robot_msgs/abb_robot_msgs/msg/detail/rapid_task_state__rosidl_typesupport_fastrtps_cpp.hpp
[3.490s] -- Up-to-date: /home/ubuntu/ros2ws/install/abb_robot_msgs/include/abb_robot_msgs/abb_robot_msgs/msg/detail/system_state__rosidl_typesupport_fastrtps_cpp.hpp
[3.491s] -- Up-to-date: /home/ubuntu/ros2ws/install/abb_robot_msgs/include/abb_robot_msgs/abb_robot_msgs/msg/detail/dds_fastrtps
[3.491s] -- Up-to-date: /home/ubuntu/ros2ws/install/abb_robot_msgs/include/abb_robot_msgs/abb_robot_msgs/msg/detail/rapid_symbol_path__rosidl_typesupport_fastrtps_cpp.hpp
[3.491s] -- Up-to-date: /home/ubuntu/ros2ws/install/abb_robot_msgs/include/abb_robot_msgs/abb_robot_msgs/msg/detail/mechanical_unit_state__rosidl_typesupport_fastrtps_cpp.hpp
[3.491s] -- Up-to-date: /home/ubuntu/ros2ws/install/abb_robot_msgs/include/abb_robot_msgs/abb_robot_msgs/msg/detail/service_responses__rosidl_typesupport_fastrtps_cpp.hpp
[3.491s] -- Up-to-date: /home/ubuntu/ros2ws/install/abb_robot_msgs/include/abb_robot_msgs/abb_robot_msgs/srv
[3.491s] -- Up-to-date: /home/ubuntu/ros2ws/install/abb_robot_msgs/include/abb_robot_msgs/abb_robot_msgs/srv/detail
[3.491s] -- Up-to-date: /home/ubuntu/ros2ws/install/abb_robot_msgs/include/abb_robot_msgs/abb_robot_msgs/srv/detail/set_rapid_bool__rosidl_typesupport_fastrtps_cpp.hpp
[3.491s] -- Up-to-date: /home/ubuntu/ros2ws/install/abb_robot_msgs/include/abb_robot_msgs/abb_robot_msgs/srv/detail/get_file_contents__rosidl_typesupport_fastrtps_cpp.hpp
[3.491s] -- Up-to-date: /home/ubuntu/ros2ws/install/abb_robot_msgs/include/abb_robot_msgs/abb_robot_msgs/srv/detail/set_file_contents__rosidl_typesupport_fastrtps_cpp.hpp
[3.491s] -- Up-to-date: /home/ubuntu/ros2ws/install/abb_robot_msgs/include/abb_robot_msgs/abb_robot_msgs/srv/detail/set_rapid_string__rosidl_typesupport_fastrtps_cpp.hpp
[3.491s] -- Up-to-date: /home/ubuntu/ros2ws/install/abb_robot_msgs/include/abb_robot_msgs/abb_robot_msgs/srv/detail/get_rapid_dnum__rosidl_typesupport_fastrtps_cpp.hpp
[3.491s] -- Up-to-date: /home/ubuntu/ros2ws/install/abb_robot_msgs/include/abb_robot_msgs/abb_robot_msgs/srv/detail/set_rapid_dnum__rosidl_typesupport_fastrtps_cpp.hpp
[3.491s] -- Up-to-date: /home/ubuntu/ros2ws/install/abb_robot_msgs/include/abb_robot_msgs/abb_robot_msgs/srv/detail/set_speed_ratio__rosidl_typesupport_fastrtps_cpp.hpp
[3.491s] -- Up-to-date: /home/ubuntu/ros2ws/install/abb_robot_msgs/include/abb_robot_msgs/abb_robot_msgs/srv/detail/dds_fastrtps
[3.492s] -- Up-to-date: /home/ubuntu/ros2ws/install/abb_robot_msgs/include/abb_robot_msgs/abb_robot_msgs/srv/detail/set_rapid_num__rosidl_typesupport_fastrtps_cpp.hpp
[3.492s] -- Up-to-date: /home/ubuntu/ros2ws/install/abb_robot_msgs/include/abb_robot_msgs/abb_robot_msgs/srv/detail/get_robot_controller_description__rosidl_typesupport_fastrtps_cpp.hpp
[3.492s] -- Up-to-date: /home/ubuntu/ros2ws/install/abb_robot_msgs/include/abb_robot_msgs/abb_robot_msgs/srv/detail/get_rapid_num__rosidl_typesupport_fastrtps_cpp.hpp
[3.492s] -- Up-to-date: /home/ubuntu/ros2ws/install/abb_robot_msgs/include/abb_robot_msgs/abb_robot_msgs/srv/detail/get_io_signal__rosidl_typesupport_fastrtps_cpp.hpp
[3.492s] -- Up-to-date: /home/ubuntu/ros2ws/install/abb_robot_msgs/include/abb_robot_msgs/abb_robot_msgs/srv/detail/get_rapid_bool__rosidl_typesupport_fastrtps_cpp.hpp
[3.492s] -- Up-to-date: /home/ubuntu/ros2ws/install/abb_robot_msgs/include/abb_robot_msgs/abb_robot_msgs/srv/detail/trigger_with_result_code__rosidl_typesupport_fastrtps_cpp.hpp
[3.492s] -- Up-to-date: /home/ubuntu/ros2ws/install/abb_robot_msgs/include/abb_robot_msgs/abb_robot_msgs/srv/detail/get_speed_ratio__rosidl_typesupport_fastrtps_cpp.hpp
[3.492s] -- Up-to-date: /home/ubuntu/ros2ws/install/abb_robot_msgs/include/abb_robot_msgs/abb_robot_msgs/srv/detail/set_io_signal__rosidl_typesupport_fastrtps_cpp.hpp
[3.492s] -- Up-to-date: /home/ubuntu/ros2ws/install/abb_robot_msgs/include/abb_robot_msgs/abb_robot_msgs/srv/detail/get_rapid_string__rosidl_typesupport_fastrtps_cpp.hpp
[3.492s] -- Up-to-date: /home/ubuntu/ros2ws/install/abb_robot_msgs/include/abb_robot_msgs/abb_robot_msgs/srv/detail/get_rapid_symbol__rosidl_typesupport_fastrtps_cpp.hpp
[3.492s] -- Up-to-date: /home/ubuntu/ros2ws/install/abb_robot_msgs/include/abb_robot_msgs/abb_robot_msgs/srv/detail/set_rapid_symbol__rosidl_typesupport_fastrtps_cpp.hpp
[3.492s] -- Up-to-date: /home/ubuntu/ros2ws/install/abb_robot_msgs/lib/libabb_robot_msgs__rosidl_typesupport_fastrtps_cpp.so
[3.492s] -- Up-to-date: /home/ubuntu/ros2ws/install/abb_robot_msgs/include/abb_robot_msgs/abb_robot_msgs
[3.492s] -- Up-to-date: /home/ubuntu/ros2ws/install/abb_robot_msgs/include/abb_robot_msgs/abb_robot_msgs/msg
[3.492s] -- Up-to-date: /home/ubuntu/ros2ws/install/abb_robot_msgs/include/abb_robot_msgs/abb_robot_msgs/msg/detail
[3.492s] -- Up-to-date: /home/ubuntu/ros2ws/install/abb_robot_msgs/include/abb_robot_msgs/abb_robot_msgs/msg/detail/service_responses__type_support.cpp
[3.492s] -- Up-to-date: /home/ubuntu/ros2ws/install/abb_robot_msgs/include/abb_robot_msgs/abb_robot_msgs/msg/detail/mechanical_unit_state__type_support.cpp
[3.493s] -- Up-to-date: /home/ubuntu/ros2ws/install/abb_robot_msgs/include/abb_robot_msgs/abb_robot_msgs/msg/detail/service_responses__rosidl_typesupport_introspection_cpp.hpp
[3.493s] -- Up-to-date: /home/ubuntu/ros2ws/install/abb_robot_msgs/include/abb_robot_msgs/abb_robot_msgs/msg/detail/rapid_task_state__type_support.cpp
[3.493s] -- Up-to-date: /home/ubuntu/ros2ws/install/abb_robot_msgs/include/abb_robot_msgs/abb_robot_msgs/msg/detail/rapid_symbol_path__type_support.cpp
[3.493s] -- Up-to-date: /home/ubuntu/ros2ws/install/abb_robot_msgs/include/abb_robot_msgs/abb_robot_msgs/msg/detail/system_state__type_support.cpp
[3.493s] -- Up-to-date: /home/ubuntu/ros2ws/install/abb_robot_msgs/include/abb_robot_msgs/abb_robot_msgs/msg/detail/system_state__rosidl_typesupport_introspection_cpp.hpp
[3.493s] -- Up-to-date: /home/ubuntu/ros2ws/install/abb_robot_msgs/include/abb_robot_msgs/abb_robot_msgs/msg/detail/mechanical_unit_state__rosidl_typesupport_introspection_cpp.hpp
[3.493s] -- Up-to-date: /home/ubuntu/ros2ws/install/abb_robot_msgs/include/abb_robot_msgs/abb_robot_msgs/msg/detail/rapid_task_state__rosidl_typesupport_introspection_cpp.hpp
[3.493s] -- Up-to-date: /home/ubuntu/ros2ws/install/abb_robot_msgs/include/abb_robot_msgs/abb_robot_msgs/msg/detail/rapid_symbol_path__rosidl_typesupport_introspection_cpp.hpp
[3.493s] -- Up-to-date: /home/ubuntu/ros2ws/install/abb_robot_msgs/include/abb_robot_msgs/abb_robot_msgs/srv
[3.493s] -- Up-to-date: /home/ubuntu/ros2ws/install/abb_robot_msgs/include/abb_robot_msgs/abb_robot_msgs/srv/detail
[3.493s] -- Up-to-date: /home/ubuntu/ros2ws/install/abb_robot_msgs/include/abb_robot_msgs/abb_robot_msgs/srv/detail/set_speed_ratio__type_support.cpp
[3.494s] -- Up-to-date: /home/ubuntu/ros2ws/install/abb_robot_msgs/include/abb_robot_msgs/abb_robot_msgs/srv/detail/set_rapid_bool__type_support.cpp
[3.494s] -- Up-to-date: /home/ubuntu/ros2ws/install/abb_robot_msgs/include/abb_robot_msgs/abb_robot_msgs/srv/detail/get_rapid_symbol__type_support.cpp
[3.494s] -- Up-to-date: /home/ubuntu/ros2ws/install/abb_robot_msgs/include/abb_robot_msgs/abb_robot_msgs/srv/detail/set_rapid_string__type_support.cpp
[3.494s] -- Up-to-date: /home/ubuntu/ros2ws/install/abb_robot_msgs/include/abb_robot_msgs/abb_robot_msgs/srv/detail/get_rapid_num__rosidl_typesupport_introspection_cpp.hpp
[3.494s] -- Up-to-date: /home/ubuntu/ros2ws/install/abb_robot_msgs/include/abb_robot_msgs/abb_robot_msgs/srv/detail/set_rapid_bool__rosidl_typesupport_introspection_cpp.hpp
[3.494s] -- Up-to-date: /home/ubuntu/ros2ws/install/abb_robot_msgs/include/abb_robot_msgs/abb_robot_msgs/srv/detail/get_rapid_string__rosidl_typesupport_introspection_cpp.hpp
[3.494s] -- Up-to-date: /home/ubuntu/ros2ws/install/abb_robot_msgs/include/abb_robot_msgs/abb_robot_msgs/srv/detail/set_rapid_dnum__rosidl_typesupport_introspection_cpp.hpp
[3.494s] -- Up-to-date: /home/ubuntu/ros2ws/install/abb_robot_msgs/include/abb_robot_msgs/abb_robot_msgs/srv/detail/set_rapid_symbol__rosidl_typesupport_introspection_cpp.hpp
[3.495s] -- Up-to-date: /home/ubuntu/ros2ws/install/abb_robot_msgs/include/abb_robot_msgs/abb_robot_msgs/srv/detail/set_speed_ratio__rosidl_typesupport_introspection_cpp.hpp
[3.495s] -- Up-to-date: /home/ubuntu/ros2ws/install/abb_robot_msgs/include/abb_robot_msgs/abb_robot_msgs/srv/detail/get_robot_controller_description__rosidl_typesupport_introspection_cpp.hpp
[3.495s] -- Up-to-date: /home/ubuntu/ros2ws/install/abb_robot_msgs/include/abb_robot_msgs/abb_robot_msgs/srv/detail/get_speed_ratio__type_support.cpp
[3.495s] -- Up-to-date: /home/ubuntu/ros2ws/install/abb_robot_msgs/include/abb_robot_msgs/abb_robot_msgs/srv/detail/get_file_contents__type_support.cpp
[3.495s] -- Up-to-date: /home/ubuntu/ros2ws/install/abb_robot_msgs/include/abb_robot_msgs/abb_robot_msgs/srv/detail/get_robot_controller_description__type_support.cpp
[3.495s] -- Up-to-date: /home/ubuntu/ros2ws/install/abb_robot_msgs/include/abb_robot_msgs/abb_robot_msgs/srv/detail/set_file_contents__type_support.cpp
[3.495s] -- Up-to-date: /home/ubuntu/ros2ws/install/abb_robot_msgs/include/abb_robot_msgs/abb_robot_msgs/srv/detail/get_io_signal__type_support.cpp
[3.495s] -- Up-to-date: /home/ubuntu/ros2ws/install/abb_robot_msgs/include/abb_robot_msgs/abb_robot_msgs/srv/detail/get_rapid_dnum__rosidl_typesupport_introspection_cpp.hpp
[3.495s] -- Up-to-date: /home/ubuntu/ros2ws/install/abb_robot_msgs/include/abb_robot_msgs/abb_robot_msgs/srv/detail/set_io_signal__type_support.cpp
[3.495s] -- Up-to-date: /home/ubuntu/ros2ws/install/abb_robot_msgs/include/abb_robot_msgs/abb_robot_msgs/srv/detail/set_rapid_num__rosidl_typesupport_introspection_cpp.hpp
[3.495s] -- Up-to-date: /home/ubuntu/ros2ws/install/abb_robot_msgs/include/abb_robot_msgs/abb_robot_msgs/srv/detail/get_rapid_symbol__rosidl_typesupport_introspection_cpp.hpp
[3.495s] -- Up-to-date: /home/ubuntu/ros2ws/install/abb_robot_msgs/include/abb_robot_msgs/abb_robot_msgs/srv/detail/trigger_with_result_code__type_support.cpp
[3.496s] -- Up-to-date: /home/ubuntu/ros2ws/install/abb_robot_msgs/include/abb_robot_msgs/abb_robot_msgs/srv/detail/get_rapid_dnum__type_support.cpp
[3.496s] -- Up-to-date: /home/ubuntu/ros2ws/install/abb_robot_msgs/include/abb_robot_msgs/abb_robot_msgs/srv/detail/set_rapid_symbol__type_support.cpp
[3.496s] -- Up-to-date: /home/ubuntu/ros2ws/install/abb_robot_msgs/include/abb_robot_msgs/abb_robot_msgs/srv/detail/get_file_contents__rosidl_typesupport_introspection_cpp.hpp
[3.496s] -- Up-to-date: /home/ubuntu/ros2ws/install/abb_robot_msgs/include/abb_robot_msgs/abb_robot_msgs/srv/detail/set_io_signal__rosidl_typesupport_introspection_cpp.hpp
[3.496s] -- Up-to-date: /home/ubuntu/ros2ws/install/abb_robot_msgs/include/abb_robot_msgs/abb_robot_msgs/srv/detail/set_file_contents__rosidl_typesupport_introspection_cpp.hpp
[3.496s] -- Up-to-date: /home/ubuntu/ros2ws/install/abb_robot_msgs/include/abb_robot_msgs/abb_robot_msgs/srv/detail/get_rapid_bool__rosidl_typesupport_introspection_cpp.hpp
[3.496s] -- Up-to-date: /home/ubuntu/ros2ws/install/abb_robot_msgs/include/abb_robot_msgs/abb_robot_msgs/srv/detail/get_rapid_num__type_support.cpp
[3.496s] -- Up-to-date: /home/ubuntu/ros2ws/install/abb_robot_msgs/include/abb_robot_msgs/abb_robot_msgs/srv/detail/get_rapid_bool__type_support.cpp
[3.496s] -- Up-to-date: /home/ubuntu/ros2ws/install/abb_robot_msgs/include/abb_robot_msgs/abb_robot_msgs/srv/detail/set_rapid_dnum__type_support.cpp
[3.496s] -- Up-to-date: /home/ubuntu/ros2ws/install/abb_robot_msgs/include/abb_robot_msgs/abb_robot_msgs/srv/detail/get_rapid_string__type_support.cpp
[3.496s] -- Up-to-date: /home/ubuntu/ros2ws/install/abb_robot_msgs/include/abb_robot_msgs/abb_robot_msgs/srv/detail/get_speed_ratio__rosidl_typesupport_introspection_cpp.hpp
[3.496s] -- Up-to-date: /home/ubuntu/ros2ws/install/abb_robot_msgs/include/abb_robot_msgs/abb_robot_msgs/srv/detail/trigger_with_result_code__rosidl_typesupport_introspection_cpp.hpp
[3.496s] -- Up-to-date: /home/ubuntu/ros2ws/install/abb_robot_msgs/include/abb_robot_msgs/abb_robot_msgs/srv/detail/set_rapid_num__type_support.cpp
[3.496s] -- Up-to-date: /home/ubuntu/ros2ws/install/abb_robot_msgs/include/abb_robot_msgs/abb_robot_msgs/srv/detail/set_rapid_string__rosidl_typesupport_introspection_cpp.hpp
[3.496s] -- Up-to-date: /home/ubuntu/ros2ws/install/abb_robot_msgs/include/abb_robot_msgs/abb_robot_msgs/srv/detail/get_io_signal__rosidl_typesupport_introspection_cpp.hpp
[3.496s] -- Up-to-date: /home/ubuntu/ros2ws/install/abb_robot_msgs/lib/libabb_robot_msgs__rosidl_typesupport_introspection_cpp.so
[3.496s] -- Up-to-date: /home/ubuntu/ros2ws/install/abb_robot_msgs/lib/libabb_robot_msgs__rosidl_typesupport_cpp.so
[3.497s] -- Up-to-date: /home/ubuntu/ros2ws/install/abb_robot_msgs/share/abb_robot_msgs/environment/pythonpath.sh
[3.497s] -- Up-to-date: /home/ubuntu/ros2ws/install/abb_robot_msgs/share/abb_robot_msgs/environment/pythonpath.dsv
[3.497s] -- Up-to-date: /home/ubuntu/ros2ws/install/abb_robot_msgs/local/lib/python3.10/dist-packages/abb_robot_msgs-1.0.0-py3.10.egg-info
[3.497s] -- Installing: /home/ubuntu/ros2ws/install/abb_robot_msgs/local/lib/python3.10/dist-packages/abb_robot_msgs-1.0.0-py3.10.egg-info/PKG-INFO
[3.497s] -- Installing: /home/ubuntu/ros2ws/install/abb_robot_msgs/local/lib/python3.10/dist-packages/abb_robot_msgs-1.0.0-py3.10.egg-info/top_level.txt
[3.497s] -- Installing: /home/ubuntu/ros2ws/install/abb_robot_msgs/local/lib/python3.10/dist-packages/abb_robot_msgs-1.0.0-py3.10.egg-info/dependency_links.txt
[3.497s] -- Installing: /home/ubuntu/ros2ws/install/abb_robot_msgs/local/lib/python3.10/dist-packages/abb_robot_msgs-1.0.0-py3.10.egg-info/SOURCES.txt
[3.497s] -- Up-to-date: /home/ubuntu/ros2ws/install/abb_robot_msgs/local/lib/python3.10/dist-packages/abb_robot_msgs
[3.497s] -- Up-to-date: /home/ubuntu/ros2ws/install/abb_robot_msgs/local/lib/python3.10/dist-packages/abb_robot_msgs/msg
[3.497s] -- Up-to-date: /home/ubuntu/ros2ws/install/abb_robot_msgs/local/lib/python3.10/dist-packages/abb_robot_msgs/msg/_rapid_task_state.py
[3.497s] -- Up-to-date: /home/ubuntu/ros2ws/install/abb_robot_msgs/local/lib/python3.10/dist-packages/abb_robot_msgs/msg/_mechanical_unit_state_s.c
[3.497s] -- Up-to-date: /home/ubuntu/ros2ws/install/abb_robot_msgs/local/lib/python3.10/dist-packages/abb_robot_msgs/msg/_rapid_symbol_path.py
[3.497s] -- Up-to-date: /home/ubuntu/ros2ws/install/abb_robot_msgs/local/lib/python3.10/dist-packages/abb_robot_msgs/msg/_service_responses.py
[3.497s] -- Up-to-date: /home/ubuntu/ros2ws/install/abb_robot_msgs/local/lib/python3.10/dist-packages/abb_robot_msgs/msg/_system_state_s.c
[3.497s] -- Up-to-date: /home/ubuntu/ros2ws/install/abb_robot_msgs/local/lib/python3.10/dist-packages/abb_robot_msgs/msg/_service_responses_s.c
[3.497s] -- Up-to-date: /home/ubuntu/ros2ws/install/abb_robot_msgs/local/lib/python3.10/dist-packages/abb_robot_msgs/msg/_rapid_task_state_s.c
[3.498s] -- Up-to-date: /home/ubuntu/ros2ws/install/abb_robot_msgs/local/lib/python3.10/dist-packages/abb_robot_msgs/msg/_rapid_symbol_path_s.c
[3.498s] -- Up-to-date: /home/ubuntu/ros2ws/install/abb_robot_msgs/local/lib/python3.10/dist-packages/abb_robot_msgs/msg/_system_state.py
[3.498s] -- Up-to-date: /home/ubuntu/ros2ws/install/abb_robot_msgs/local/lib/python3.10/dist-packages/abb_robot_msgs/msg/_mechanical_unit_state.py
[3.498s] -- Up-to-date: /home/ubuntu/ros2ws/install/abb_robot_msgs/local/lib/python3.10/dist-packages/abb_robot_msgs/msg/__init__.py
[3.498s] -- Up-to-date: /home/ubuntu/ros2ws/install/abb_robot_msgs/local/lib/python3.10/dist-packages/abb_robot_msgs/srv
[3.498s] -- Up-to-date: /home/ubuntu/ros2ws/install/abb_robot_msgs/local/lib/python3.10/dist-packages/abb_robot_msgs/srv/_get_rapid_bool_s.c
[3.498s] -- Up-to-date: /home/ubuntu/ros2ws/install/abb_robot_msgs/local/lib/python3.10/dist-packages/abb_robot_msgs/srv/_set_rapid_num_s.c
[3.498s] -- Up-to-date: /home/ubuntu/ros2ws/install/abb_robot_msgs/local/lib/python3.10/dist-packages/abb_robot_msgs/srv/_get_file_contents_s.c
[3.498s] -- Up-to-date: /home/ubuntu/ros2ws/install/abb_robot_msgs/local/lib/python3.10/dist-packages/abb_robot_msgs/srv/_set_speed_ratio.py
[3.498s] -- Up-to-date: /home/ubuntu/ros2ws/install/abb_robot_msgs/local/lib/python3.10/dist-packages/abb_robot_msgs/srv/_trigger_with_result_code.py
[3.498s] -- Up-to-date: /home/ubuntu/ros2ws/install/abb_robot_msgs/local/lib/python3.10/dist-packages/abb_robot_msgs/srv/_set_io_signal.py
[3.498s] -- Up-to-date: /home/ubuntu/ros2ws/install/abb_robot_msgs/local/lib/python3.10/dist-packages/abb_robot_msgs/srv/_set_file_contents_s.c
[3.498s] -- Up-to-date: /home/ubuntu/ros2ws/install/abb_robot_msgs/local/lib/python3.10/dist-packages/abb_robot_msgs/srv/_set_speed_ratio_s.c
[3.499s] -- Up-to-date: /home/ubuntu/ros2ws/install/abb_robot_msgs/local/lib/python3.10/dist-packages/abb_robot_msgs/srv/_set_rapid_bool_s.c
[3.499s] -- Up-to-date: /home/ubuntu/ros2ws/install/abb_robot_msgs/local/lib/python3.10/dist-packages/abb_robot_msgs/srv/_get_rapid_num.py
[3.499s] -- Up-to-date: /home/ubuntu/ros2ws/install/abb_robot_msgs/local/lib/python3.10/dist-packages/abb_robot_msgs/srv/_set_file_contents.py
[3.499s] -- Up-to-date: /home/ubuntu/ros2ws/install/abb_robot_msgs/local/lib/python3.10/dist-packages/abb_robot_msgs/srv/_get_io_signal_s.c
[3.499s] -- Up-to-date: /home/ubuntu/ros2ws/install/abb_robot_msgs/local/lib/python3.10/dist-packages/abb_robot_msgs/srv/_set_rapid_bool.py
[3.499s] -- Up-to-date: /home/ubuntu/ros2ws/install/abb_robot_msgs/local/lib/python3.10/dist-packages/abb_robot_msgs/srv/_trigger_with_result_code_s.c
[3.499s] -- Up-to-date: /home/ubuntu/ros2ws/install/abb_robot_msgs/local/lib/python3.10/dist-packages/abb_robot_msgs/srv/_get_rapid_symbol.py
[3.499s] -- Up-to-date: /home/ubuntu/ros2ws/install/abb_robot_msgs/local/lib/python3.10/dist-packages/abb_robot_msgs/srv/_get_robot_controller_description_s.c
[3.500s] -- Up-to-date: /home/ubuntu/ros2ws/install/abb_robot_msgs/local/lib/python3.10/dist-packages/abb_robot_msgs/srv/_get_rapid_dnum.py
[3.500s] -- Up-to-date: /home/ubuntu/ros2ws/install/abb_robot_msgs/local/lib/python3.10/dist-packages/abb_robot_msgs/srv/_get_rapid_bool.py
[3.500s] -- Up-to-date: /home/ubuntu/ros2ws/install/abb_robot_msgs/local/lib/python3.10/dist-packages/abb_robot_msgs/srv/_set_rapid_num.py
[3.500s] -- Up-to-date: /home/ubuntu/ros2ws/install/abb_robot_msgs/local/lib/python3.10/dist-packages/abb_robot_msgs/srv/_get_io_signal.py
[3.500s] -- Up-to-date: /home/ubuntu/ros2ws/install/abb_robot_msgs/local/lib/python3.10/dist-packages/abb_robot_msgs/srv/_set_rapid_string_s.c
[3.500s] -- Up-to-date: /home/ubuntu/ros2ws/install/abb_robot_msgs/local/lib/python3.10/dist-packages/abb_robot_msgs/srv/_set_rapid_dnum.py
[3.500s] -- Up-to-date: /home/ubuntu/ros2ws/install/abb_robot_msgs/local/lib/python3.10/dist-packages/abb_robot_msgs/srv/_get_robot_controller_description.py
[3.500s] -- Up-to-date: /home/ubuntu/ros2ws/install/abb_robot_msgs/local/lib/python3.10/dist-packages/abb_robot_msgs/srv/_set_rapid_symbol_s.c
[3.500s] -- Up-to-date: /home/ubuntu/ros2ws/install/abb_robot_msgs/local/lib/python3.10/dist-packages/abb_robot_msgs/srv/_get_rapid_dnum_s.c
[3.500s] -- Up-to-date: /home/ubuntu/ros2ws/install/abb_robot_msgs/local/lib/python3.10/dist-packages/abb_robot_msgs/srv/_set_rapid_symbol.py
[3.501s] -- Up-to-date: /home/ubuntu/ros2ws/install/abb_robot_msgs/local/lib/python3.10/dist-packages/abb_robot_msgs/srv/_get_rapid_string.py
[3.501s] -- Up-to-date: /home/ubuntu/ros2ws/install/abb_robot_msgs/local/lib/python3.10/dist-packages/abb_robot_msgs/srv/_get_speed_ratio_s.c
[3.501s] -- Up-to-date: /home/ubuntu/ros2ws/install/abb_robot_msgs/local/lib/python3.10/dist-packages/abb_robot_msgs/srv/_get_rapid_symbol_s.c
[3.502s] -- Up-to-date: /home/ubuntu/ros2ws/install/abb_robot_msgs/local/lib/python3.10/dist-packages/abb_robot_msgs/srv/_get_file_contents.py
[3.502s] -- Up-to-date: /home/ubuntu/ros2ws/install/abb_robot_msgs/local/lib/python3.10/dist-packages/abb_robot_msgs/srv/__init__.py
[3.503s] -- Up-to-date: /home/ubuntu/ros2ws/install/abb_robot_msgs/local/lib/python3.10/dist-packages/abb_robot_msgs/srv/_get_speed_ratio.py
[3.503s] -- Up-to-date: /home/ubuntu/ros2ws/install/abb_robot_msgs/local/lib/python3.10/dist-packages/abb_robot_msgs/srv/_get_rapid_num_s.c
[3.503s] -- Up-to-date: /home/ubuntu/ros2ws/install/abb_robot_msgs/local/lib/python3.10/dist-packages/abb_robot_msgs/srv/_set_rapid_string.py
[3.503s] -- Up-to-date: /home/ubuntu/ros2ws/install/abb_robot_msgs/local/lib/python3.10/dist-packages/abb_robot_msgs/srv/_set_io_signal_s.c
[3.503s] -- Up-to-date: /home/ubuntu/ros2ws/install/abb_robot_msgs/local/lib/python3.10/dist-packages/abb_robot_msgs/srv/_set_rapid_dnum_s.c
[3.503s] -- Up-to-date: /home/ubuntu/ros2ws/install/abb_robot_msgs/local/lib/python3.10/dist-packages/abb_robot_msgs/srv/_get_rapid_string_s.c
[3.504s] -- Up-to-date: /home/ubuntu/ros2ws/install/abb_robot_msgs/local/lib/python3.10/dist-packages/abb_robot_msgs/abb_robot_msgs_s__rosidl_typesupport_fastrtps_c.cpython-310-x86_64-linux-gnu.so
[3.504s] -- Up-to-date: /home/ubuntu/ros2ws/install/abb_robot_msgs/local/lib/python3.10/dist-packages/abb_robot_msgs/abb_robot_msgs_s__rosidl_typesupport_c.cpython-310-x86_64-linux-gnu.so
[3.504s] -- Up-to-date: /home/ubuntu/ros2ws/install/abb_robot_msgs/local/lib/python3.10/dist-packages/abb_robot_msgs/_abb_robot_msgs_s.ep.rosidl_typesupport_fastrtps_c.c
[3.504s] -- Up-to-date: /home/ubuntu/ros2ws/install/abb_robot_msgs/local/lib/python3.10/dist-packages/abb_robot_msgs/_abb_robot_msgs_s.ep.rosidl_typesupport_c.c
[3.504s] -- Up-to-date: /home/ubuntu/ros2ws/install/abb_robot_msgs/local/lib/python3.10/dist-packages/abb_robot_msgs/_abb_robot_msgs_s.ep.rosidl_typesupport_introspection_c.c
[3.505s] -- Up-to-date: /home/ubuntu/ros2ws/install/abb_robot_msgs/local/lib/python3.10/dist-packages/abb_robot_msgs/__init__.py
[3.505s] -- Up-to-date: /home/ubuntu/ros2ws/install/abb_robot_msgs/local/lib/python3.10/dist-packages/abb_robot_msgs/abb_robot_msgs_s__rosidl_typesupport_introspection_c.cpython-310-x86_64-linux-gnu.so
[3.505s] -- Up-to-date: /home/ubuntu/ros2ws/install/abb_robot_msgs/local/lib/python3.10/dist-packages/abb_robot_msgs/libabb_robot_msgs__rosidl_generator_py.so
[3.575s] Listing '/home/ubuntu/ros2ws/install/abb_robot_msgs/local/lib/python3.10/dist-packages/abb_robot_msgs'...
[3.576s] Listing '/home/ubuntu/ros2ws/install/abb_robot_msgs/local/lib/python3.10/dist-packages/abb_robot_msgs/msg'...
[3.576s] Listing '/home/ubuntu/ros2ws/install/abb_robot_msgs/local/lib/python3.10/dist-packages/abb_robot_msgs/srv'...
[3.598s] -- Up-to-date: /home/ubuntu/ros2ws/install/abb_robot_msgs/local/lib/python3.10/dist-packages/abb_robot_msgs/abb_robot_msgs_s__rosidl_typesupport_fastrtps_c.cpython-310-x86_64-linux-gnu.so
[3.599s] -- Up-to-date: /home/ubuntu/ros2ws/install/abb_robot_msgs/local/lib/python3.10/dist-packages/abb_robot_msgs/abb_robot_msgs_s__rosidl_typesupport_introspection_c.cpython-310-x86_64-linux-gnu.so
[3.600s] -- Up-to-date: /home/ubuntu/ros2ws/install/abb_robot_msgs/local/lib/python3.10/dist-packages/abb_robot_msgs/abb_robot_msgs_s__rosidl_typesupport_c.cpython-310-x86_64-linux-gnu.so
[3.600s] -- Up-to-date: /home/ubuntu/ros2ws/install/abb_robot_msgs/lib/libabb_robot_msgs__rosidl_generator_py.so
[3.604s] -- Up-to-date: /home/ubuntu/ros2ws/install/abb_robot_msgs/share/abb_robot_msgs/msg/MechanicalUnitState.idl
[3.604s] -- Up-to-date: /home/ubuntu/ros2ws/install/abb_robot_msgs/share/abb_robot_msgs/msg/RAPIDSymbolPath.idl
[3.606s] -- Up-to-date: /home/ubuntu/ros2ws/install/abb_robot_msgs/share/abb_robot_msgs/msg/RAPIDTaskState.idl
[3.606s] -- Up-to-date: /home/ubuntu/ros2ws/install/abb_robot_msgs/share/abb_robot_msgs/msg/ServiceResponses.idl
[3.606s] -- Up-to-date: /home/ubuntu/ros2ws/install/abb_robot_msgs/share/abb_robot_msgs/msg/SystemState.idl
[3.607s] -- Up-to-date: /home/ubuntu/ros2ws/install/abb_robot_msgs/share/abb_robot_msgs/srv/GetFileContents.idl
[3.607s] -- Up-to-date: /home/ubuntu/ros2ws/install/abb_robot_msgs/share/abb_robot_msgs/srv/GetIOSignal.idl
[3.607s] -- Up-to-date: /home/ubuntu/ros2ws/install/abb_robot_msgs/share/abb_robot_msgs/srv/GetRAPIDBool.idl
[3.607s] -- Up-to-date: /home/ubuntu/ros2ws/install/abb_robot_msgs/share/abb_robot_msgs/srv/GetRAPIDDnum.idl
[3.608s] -- Up-to-date: /home/ubuntu/ros2ws/install/abb_robot_msgs/share/abb_robot_msgs/srv/GetRAPIDNum.idl
[3.608s] -- Up-to-date: /home/ubuntu/ros2ws/install/abb_robot_msgs/share/abb_robot_msgs/srv/GetRAPIDString.idl
[3.608s] -- Up-to-date: /home/ubuntu/ros2ws/install/abb_robot_msgs/share/abb_robot_msgs/srv/GetRAPIDSymbol.idl
[3.608s] -- Up-to-date: /home/ubuntu/ros2ws/install/abb_robot_msgs/share/abb_robot_msgs/srv/GetRobotControllerDescription.idl
[3.608s] -- Up-to-date: /home/ubuntu/ros2ws/install/abb_robot_msgs/share/abb_robot_msgs/srv/GetSpeedRatio.idl
[3.608s] -- Up-to-date: /home/ubuntu/ros2ws/install/abb_robot_msgs/share/abb_robot_msgs/srv/SetFileContents.idl
[3.612s] -- Up-to-date: /home/ubuntu/ros2ws/install/abb_robot_msgs/share/abb_robot_msgs/srv/SetIOSignal.idl
[3.612s] -- Up-to-date: /home/ubuntu/ros2ws/install/abb_robot_msgs/share/abb_robot_msgs/srv/SetRAPIDBool.idl
[3.612s] -- Up-to-date: /home/ubuntu/ros2ws/install/abb_robot_msgs/share/abb_robot_msgs/srv/SetRAPIDDnum.idl
[3.612s] -- Up-to-date: /home/ubuntu/ros2ws/install/abb_robot_msgs/share/abb_robot_msgs/srv/SetRAPIDNum.idl
[3.612s] -- Up-to-date: /home/ubuntu/ros2ws/install/abb_robot_msgs/share/abb_robot_msgs/srv/SetRAPIDString.idl
[3.612s] -- Up-to-date: /home/ubuntu/ros2ws/install/abb_robot_msgs/share/abb_robot_msgs/srv/SetRAPIDSymbol.idl
[3.613s] -- Up-to-date: /home/ubuntu/ros2ws/install/abb_robot_msgs/share/abb_robot_msgs/srv/SetSpeedRatio.idl
[3.613s] -- Up-to-date: /home/ubuntu/ros2ws/install/abb_robot_msgs/share/abb_robot_msgs/srv/TriggerWithResultCode.idl
[3.614s] -- Up-to-date: /home/ubuntu/ros2ws/install/abb_robot_msgs/share/abb_robot_msgs/msg/MechanicalUnitState.msg
[3.614s] -- Up-to-date: /home/ubuntu/ros2ws/install/abb_robot_msgs/share/abb_robot_msgs/msg/RAPIDSymbolPath.msg
[3.614s] -- Up-to-date: /home/ubuntu/ros2ws/install/abb_robot_msgs/share/abb_robot_msgs/msg/RAPIDTaskState.msg
[3.614s] -- Up-to-date: /home/ubuntu/ros2ws/install/abb_robot_msgs/share/abb_robot_msgs/msg/ServiceResponses.msg
[3.614s] -- Up-to-date: /home/ubuntu/ros2ws/install/abb_robot_msgs/share/abb_robot_msgs/msg/SystemState.msg
[3.614s] -- Up-to-date: /home/ubuntu/ros2ws/install/abb_robot_msgs/share/abb_robot_msgs/srv/GetFileContents.srv
[3.614s] -- Up-to-date: /home/ubuntu/ros2ws/install/abb_robot_msgs/share/abb_robot_msgs/srv/GetFileContents_Request.msg
[3.614s] -- Up-to-date: /home/ubuntu/ros2ws/install/abb_robot_msgs/share/abb_robot_msgs/srv/GetFileContents_Response.msg
[3.615s] -- Up-to-date: /home/ubuntu/ros2ws/install/abb_robot_msgs/share/abb_robot_msgs/srv/GetIOSignal.srv
[3.615s] -- Up-to-date: /home/ubuntu/ros2ws/install/abb_robot_msgs/share/abb_robot_msgs/srv/GetIOSignal_Request.msg
[3.615s] -- Up-to-date: /home/ubuntu/ros2ws/install/abb_robot_msgs/share/abb_robot_msgs/srv/GetIOSignal_Response.msg
[3.615s] -- Up-to-date: /home/ubuntu/ros2ws/install/abb_robot_msgs/share/abb_robot_msgs/srv/GetRAPIDBool.srv
[3.615s] -- Up-to-date: /home/ubuntu/ros2ws/install/abb_robot_msgs/share/abb_robot_msgs/srv/GetRAPIDBool_Request.msg
[3.615s] -- Up-to-date: /home/ubuntu/ros2ws/install/abb_robot_msgs/share/abb_robot_msgs/srv/GetRAPIDBool_Response.msg
[3.615s] -- Up-to-date: /home/ubuntu/ros2ws/install/abb_robot_msgs/share/abb_robot_msgs/srv/GetRAPIDDnum.srv
[3.615s] -- Up-to-date: /home/ubuntu/ros2ws/install/abb_robot_msgs/share/abb_robot_msgs/srv/GetRAPIDDnum_Request.msg
[3.615s] -- Up-to-date: /home/ubuntu/ros2ws/install/abb_robot_msgs/share/abb_robot_msgs/srv/GetRAPIDDnum_Response.msg
[3.615s] -- Up-to-date: /home/ubuntu/ros2ws/install/abb_robot_msgs/share/abb_robot_msgs/srv/GetRAPIDNum.srv
[3.616s] -- Up-to-date: /home/ubuntu/ros2ws/install/abb_robot_msgs/share/abb_robot_msgs/srv/GetRAPIDNum_Request.msg
[3.616s] -- Up-to-date: /home/ubuntu/ros2ws/install/abb_robot_msgs/share/abb_robot_msgs/srv/GetRAPIDNum_Response.msg
[3.616s] -- Up-to-date: /home/ubuntu/ros2ws/install/abb_robot_msgs/share/abb_robot_msgs/srv/GetRAPIDString.srv
[3.616s] -- Up-to-date: /home/ubuntu/ros2ws/install/abb_robot_msgs/share/abb_robot_msgs/srv/GetRAPIDString_Request.msg
[3.616s] -- Up-to-date: /home/ubuntu/ros2ws/install/abb_robot_msgs/share/abb_robot_msgs/srv/GetRAPIDString_Response.msg
[3.618s] -- Up-to-date: /home/ubuntu/ros2ws/install/abb_robot_msgs/share/abb_robot_msgs/srv/GetRAPIDSymbol.srv
[3.618s] -- Up-to-date: /home/ubuntu/ros2ws/install/abb_robot_msgs/share/abb_robot_msgs/srv/GetRAPIDSymbol_Request.msg
[3.618s] -- Up-to-date: /home/ubuntu/ros2ws/install/abb_robot_msgs/share/abb_robot_msgs/srv/GetRAPIDSymbol_Response.msg
[3.618s] -- Up-to-date: /home/ubuntu/ros2ws/install/abb_robot_msgs/share/abb_robot_msgs/srv/GetRobotControllerDescription.srv
[3.618s] -- Up-to-date: /home/ubuntu/ros2ws/install/abb_robot_msgs/share/abb_robot_msgs/srv/GetRobotControllerDescription_Request.msg
[3.618s] -- Up-to-date: /home/ubuntu/ros2ws/install/abb_robot_msgs/share/abb_robot_msgs/srv/GetRobotControllerDescription_Response.msg
[3.619s] -- Up-to-date: /home/ubuntu/ros2ws/install/abb_robot_msgs/share/abb_robot_msgs/srv/GetSpeedRatio.srv
[3.619s] -- Up-to-date: /home/ubuntu/ros2ws/install/abb_robot_msgs/share/abb_robot_msgs/srv/GetSpeedRatio_Request.msg
[3.619s] -- Up-to-date: /home/ubuntu/ros2ws/install/abb_robot_msgs/share/abb_robot_msgs/srv/GetSpeedRatio_Response.msg
[3.619s] -- Up-to-date: /home/ubuntu/ros2ws/install/abb_robot_msgs/share/abb_robot_msgs/srv/SetFileContents.srv
[3.620s] -- Up-to-date: /home/ubuntu/ros2ws/install/abb_robot_msgs/share/abb_robot_msgs/srv/SetFileContents_Request.msg
[3.620s] -- Up-to-date: /home/ubuntu/ros2ws/install/abb_robot_msgs/share/abb_robot_msgs/srv/SetFileContents_Response.msg
[3.621s] -- Up-to-date: /home/ubuntu/ros2ws/install/abb_robot_msgs/share/abb_robot_msgs/srv/SetIOSignal.srv
[3.624s] -- Up-to-date: /home/ubuntu/ros2ws/install/abb_robot_msgs/share/abb_robot_msgs/srv/SetIOSignal_Request.msg
[3.624s] -- Up-to-date: /home/ubuntu/ros2ws/install/abb_robot_msgs/share/abb_robot_msgs/srv/SetIOSignal_Response.msg
[3.624s] -- Up-to-date: /home/ubuntu/ros2ws/install/abb_robot_msgs/share/abb_robot_msgs/srv/SetRAPIDBool.srv
[3.624s] -- Up-to-date: /home/ubuntu/ros2ws/install/abb_robot_msgs/share/abb_robot_msgs/srv/SetRAPIDBool_Request.msg
[3.626s] -- Up-to-date: /home/ubuntu/ros2ws/install/abb_robot_msgs/share/abb_robot_msgs/srv/SetRAPIDBool_Response.msg
[3.626s] -- Up-to-date: /home/ubuntu/ros2ws/install/abb_robot_msgs/share/abb_robot_msgs/srv/SetRAPIDDnum.srv
[3.626s] -- Up-to-date: /home/ubuntu/ros2ws/install/abb_robot_msgs/share/abb_robot_msgs/srv/SetRAPIDDnum_Request.msg
[3.626s] -- Up-to-date: /home/ubuntu/ros2ws/install/abb_robot_msgs/share/abb_robot_msgs/srv/SetRAPIDDnum_Response.msg
[3.626s] -- Up-to-date: /home/ubuntu/ros2ws/install/abb_robot_msgs/share/abb_robot_msgs/srv/SetRAPIDNum.srv
[3.627s] -- Up-to-date: /home/ubuntu/ros2ws/install/abb_robot_msgs/share/abb_robot_msgs/srv/SetRAPIDNum_Request.msg
[3.627s] -- Up-to-date: /home/ubuntu/ros2ws/install/abb_robot_msgs/share/abb_robot_msgs/srv/SetRAPIDNum_Response.msg
[3.627s] -- Up-to-date: /home/ubuntu/ros2ws/install/abb_robot_msgs/share/abb_robot_msgs/srv/SetRAPIDString.srv
[3.627s] -- Up-to-date: /home/ubuntu/ros2ws/install/abb_robot_msgs/share/abb_robot_msgs/srv/SetRAPIDString_Request.msg
[3.628s] -- Up-to-date: /home/ubuntu/ros2ws/install/abb_robot_msgs/share/abb_robot_msgs/srv/SetRAPIDString_Response.msg
[3.628s] -- Up-to-date: /home/ubuntu/ros2ws/install/abb_robot_msgs/share/abb_robot_msgs/srv/SetRAPIDSymbol.srv
[3.628s] -- Up-to-date: /home/ubuntu/ros2ws/install/abb_robot_msgs/share/abb_robot_msgs/srv/SetRAPIDSymbol_Request.msg
[3.628s] -- Up-to-date: /home/ubuntu/ros2ws/install/abb_robot_msgs/share/abb_robot_msgs/srv/SetRAPIDSymbol_Response.msg
[3.628s] -- Up-to-date: /home/ubuntu/ros2ws/install/abb_robot_msgs/share/abb_robot_msgs/srv/SetSpeedRatio.srv
[3.628s] -- Up-to-date: /home/ubuntu/ros2ws/install/abb_robot_msgs/share/abb_robot_msgs/srv/SetSpeedRatio_Request.msg
[3.628s] -- Up-to-date: /home/ubuntu/ros2ws/install/abb_robot_msgs/share/abb_robot_msgs/srv/SetSpeedRatio_Response.msg
[3.628s] -- Up-to-date: /home/ubuntu/ros2ws/install/abb_robot_msgs/share/abb_robot_msgs/srv/TriggerWithResultCode.srv
[3.628s] -- Up-to-date: /home/ubuntu/ros2ws/install/abb_robot_msgs/share/abb_robot_msgs/srv/TriggerWithResultCode_Request.msg
[3.630s] -- Up-to-date: /home/ubuntu/ros2ws/install/abb_robot_msgs/share/abb_robot_msgs/srv/TriggerWithResultCode_Response.msg
[3.630s] -- Up-to-date: /home/ubuntu/ros2ws/install/abb_robot_msgs/share/ament_index/resource_index/package_run_dependencies/abb_robot_msgs
[3.630s] -- Up-to-date: /home/ubuntu/ros2ws/install/abb_robot_msgs/share/ament_index/resource_index/parent_prefix_path/abb_robot_msgs
[3.630s] -- Up-to-date: /home/ubuntu/ros2ws/install/abb_robot_msgs/share/abb_robot_msgs/environment/ament_prefix_path.sh
[3.630s] -- Up-to-date: /home/ubuntu/ros2ws/install/abb_robot_msgs/share/abb_robot_msgs/environment/ament_prefix_path.dsv
[3.630s] -- Up-to-date: /home/ubuntu/ros2ws/install/abb_robot_msgs/share/abb_robot_msgs/environment/path.sh
[3.630s] -- Up-to-date: /home/ubuntu/ros2ws/install/abb_robot_msgs/share/abb_robot_msgs/environment/path.dsv
[3.630s] -- Up-to-date: /home/ubuntu/ros2ws/install/abb_robot_msgs/share/abb_robot_msgs/local_setup.bash
[3.631s] -- Up-to-date: /home/ubuntu/ros2ws/install/abb_robot_msgs/share/abb_robot_msgs/local_setup.sh
[3.631s] -- Up-to-date: /home/ubuntu/ros2ws/install/abb_robot_msgs/share/abb_robot_msgs/local_setup.zsh
[3.631s] -- Up-to-date: /home/ubuntu/ros2ws/install/abb_robot_msgs/share/abb_robot_msgs/local_setup.dsv
[3.631s] -- Installing: /home/ubuntu/ros2ws/install/abb_robot_msgs/share/abb_robot_msgs/package.dsv
[3.635s] -- Up-to-date: /home/ubuntu/ros2ws/install/abb_robot_msgs/share/ament_index/resource_index/packages/abb_robot_msgs
[3.635s] -- Up-to-date: /home/ubuntu/ros2ws/install/abb_robot_msgs/share/abb_robot_msgs/cmake/export_abb_robot_msgs__rosidl_generator_cExport.cmake
[3.635s] -- Up-to-date: /home/ubuntu/ros2ws/install/abb_robot_msgs/share/abb_robot_msgs/cmake/export_abb_robot_msgs__rosidl_generator_cExport-noconfig.cmake
[3.636s] -- Up-to-date: /home/ubuntu/ros2ws/install/abb_robot_msgs/share/abb_robot_msgs/cmake/export_abb_robot_msgs__rosidl_typesupport_fastrtps_cExport.cmake
[3.636s] -- Up-to-date: /home/ubuntu/ros2ws/install/abb_robot_msgs/share/abb_robot_msgs/cmake/export_abb_robot_msgs__rosidl_typesupport_fastrtps_cExport-noconfig.cmake
[3.636s] -- Up-to-date: /home/ubuntu/ros2ws/install/abb_robot_msgs/share/abb_robot_msgs/cmake/abb_robot_msgs__rosidl_typesupport_introspection_cExport.cmake
[3.636s] -- Up-to-date: /home/ubuntu/ros2ws/install/abb_robot_msgs/share/abb_robot_msgs/cmake/abb_robot_msgs__rosidl_typesupport_introspection_cExport-noconfig.cmake
[3.636s] -- Up-to-date: /home/ubuntu/ros2ws/install/abb_robot_msgs/share/abb_robot_msgs/cmake/abb_robot_msgs__rosidl_typesupport_cExport.cmake
[3.636s] -- Up-to-date: /home/ubuntu/ros2ws/install/abb_robot_msgs/share/abb_robot_msgs/cmake/abb_robot_msgs__rosidl_typesupport_cExport-noconfig.cmake
[3.637s] -- Up-to-date: /home/ubuntu/ros2ws/install/abb_robot_msgs/share/abb_robot_msgs/cmake/export_abb_robot_msgs__rosidl_generator_cppExport.cmake
[3.637s] -- Up-to-date: /home/ubuntu/ros2ws/install/abb_robot_msgs/share/abb_robot_msgs/cmake/export_abb_robot_msgs__rosidl_typesupport_fastrtps_cppExport.cmake
[3.638s] -- Up-to-date: /home/ubuntu/ros2ws/install/abb_robot_msgs/share/abb_robot_msgs/cmake/export_abb_robot_msgs__rosidl_typesupport_fastrtps_cppExport-noconfig.cmake
[3.638s] -- Up-to-date: /home/ubuntu/ros2ws/install/abb_robot_msgs/share/abb_robot_msgs/cmake/abb_robot_msgs__rosidl_typesupport_introspection_cppExport.cmake
[3.638s] -- Up-to-date: /home/ubuntu/ros2ws/install/abb_robot_msgs/share/abb_robot_msgs/cmake/abb_robot_msgs__rosidl_typesupport_introspection_cppExport-noconfig.cmake
[3.639s] -- Up-to-date: /home/ubuntu/ros2ws/install/abb_robot_msgs/share/abb_robot_msgs/cmake/abb_robot_msgs__rosidl_typesupport_cppExport.cmake
[3.639s] -- Up-to-date: /home/ubuntu/ros2ws/install/abb_robot_msgs/share/abb_robot_msgs/cmake/abb_robot_msgs__rosidl_typesupport_cppExport-noconfig.cmake
[3.642s] -- Up-to-date: /home/ubuntu/ros2ws/install/abb_robot_msgs/share/abb_robot_msgs/cmake/export_abb_robot_msgs__rosidl_generator_pyExport.cmake
[3.643s] -- Up-to-date: /home/ubuntu/ros2ws/install/abb_robot_msgs/share/abb_robot_msgs/cmake/export_abb_robot_msgs__rosidl_generator_pyExport-noconfig.cmake
[3.645s] -- Up-to-date: /home/ubuntu/ros2ws/install/abb_robot_msgs/share/abb_robot_msgs/cmake/rosidl_cmake-extras.cmake
[3.646s] -- Up-to-date: /home/ubuntu/ros2ws/install/abb_robot_msgs/share/abb_robot_msgs/cmake/ament_cmake_export_dependencies-extras.cmake
[3.647s] -- Up-to-date: /home/ubuntu/ros2ws/install/abb_robot_msgs/share/abb_robot_msgs/cmake/ament_cmake_export_include_directories-extras.cmake
[3.647s] -- Up-to-date: /home/ubuntu/ros2ws/install/abb_robot_msgs/share/abb_robot_msgs/cmake/ament_cmake_export_libraries-extras.cmake
[3.647s] -- Up-to-date: /home/ubuntu/ros2ws/install/abb_robot_msgs/share/abb_robot_msgs/cmake/ament_cmake_export_targets-extras.cmake
[3.647s] -- Up-to-date: /home/ubuntu/ros2ws/install/abb_robot_msgs/share/abb_robot_msgs/cmake/rosidl_cmake_export_typesupport_targets-extras.cmake
[3.647s] -- Up-to-date: /home/ubuntu/ros2ws/install/abb_robot_msgs/share/abb_robot_msgs/cmake/rosidl_cmake_export_typesupport_libraries-extras.cmake
[3.647s] -- Up-to-date: /home/ubuntu/ros2ws/install/abb_robot_msgs/share/abb_robot_msgs/cmake/abb_robot_msgsConfig.cmake
[3.647s] -- Up-to-date: /home/ubuntu/ros2ws/install/abb_robot_msgs/share/abb_robot_msgs/cmake/abb_robot_msgsConfig-version.cmake
[3.648s] -- Up-to-date: /home/ubuntu/ros2ws/install/abb_robot_msgs/share/abb_robot_msgs/package.xml
[3.654s] Invoked command in '/home/ubuntu/ros2ws/build/abb_robot_msgs' returned '0': CMAKE_PREFIX_PATH=${CMAKE_PREFIX_PATH}:/opt/ros/humble /usr/bin/cmake --install /home/ubuntu/ros2ws/build/abb_robot_msgs
