[0.053s] Invoking command in '/home/ubuntu/ros2ws/build/linkpose_msgs': CMAKE_PREFIX_PATH=${CMAKE_PREFIX_PATH}:/home/ubuntu/ros2ws/install/testV1:/home/ubuntu/ros2ws/install/gui_subscriber:/home/ubuntu/ros2ws/install/moveit_configs_utils:/home/ubuntu/ros2ws/install/robot_letter_writer:/home/ubuntu/ros2ws/install/launch_param_builder:/opt/ros/humble /usr/bin/cmake --build /home/ubuntu/ros2ws/build/linkpose_msgs -- -j4 -l4
[0.282s] [  3%] Built target linkpose_msgs__cpp
[0.303s] [ 12%] Built target linkpose_msgs__rosidl_generator_c
[0.316s] [ 12%] Built target ament_cmake_python_copy_linkpose_msgs
[0.398s] [ 22%] Built target linkpose_msgs__rosidl_typesupport_cpp
[0.428s] [ 32%] Built target linkpose_msgs__rosidl_typesupport_fastrtps_cpp
[0.431s] [ 41%] Built target linkpose_msgs__rosidl_typesupport_introspection_cpp
[0.476s] [ 51%] Built target linkpose_msgs__rosidl_typesupport_fastrtps_c
[0.512s] [ 61%] Built target linkpose_msgs__rosidl_typesupport_introspection_c
[0.557s] [ 70%] Built target linkpose_msgs__rosidl_typesupport_c
[0.651s] [ 70%] Built target linkpose_msgs
[0.729s] [ 74%] Built target linkpose_msgs__py
[0.834s] [ 80%] Built target linkpose_msgs__rosidl_generator_py
[0.957s] [ 87%] Built target linkpose_msgs__rosidl_typesupport_c__pyext
[0.961s] [ 93%] Built target linkpose_msgs__rosidl_typesupport_introspection_c__pyext
[0.995s] [100%] Built target linkpose_msgs__rosidl_typesupport_fastrtps_c__pyext
[1.088s] running egg_info
[1.088s] writing linkpose_msgs.egg-info/PKG-INFO
[1.088s] writing dependency_links to linkpose_msgs.egg-info/dependency_links.txt
[1.089s] writing top-level names to linkpose_msgs.egg-info/top_level.txt
[1.093s] reading manifest file 'linkpose_msgs.egg-info/SOURCES.txt'
[1.094s] writing manifest file 'linkpose_msgs.egg-info/SOURCES.txt'
[1.164s] [100%] Built target ament_cmake_python_build_linkpose_msgs_egg
[1.231s] Invoked command in '/home/ubuntu/ros2ws/build/linkpose_msgs' returned '0': CMAKE_PREFIX_PATH=${CMAKE_PREFIX_PATH}:/home/ubuntu/ros2ws/install/testV1:/home/ubuntu/ros2ws/install/gui_subscriber:/home/ubuntu/ros2ws/install/moveit_configs_utils:/home/ubuntu/ros2ws/install/robot_letter_writer:/home/ubuntu/ros2ws/install/launch_param_builder:/opt/ros/humble /usr/bin/cmake --build /home/ubuntu/ros2ws/build/linkpose_msgs -- -j4 -l4
[1.584s] Invoking command in '/home/ubuntu/ros2ws/build/linkpose_msgs': CMAKE_PREFIX_PATH=${CMAKE_PREFIX_PATH}:/home/ubuntu/ros2ws/install/testV1:/home/ubuntu/ros2ws/install/gui_subscriber:/home/ubuntu/ros2ws/install/moveit_configs_utils:/home/ubuntu/ros2ws/install/robot_letter_writer:/home/ubuntu/ros2ws/install/launch_param_builder:/opt/ros/humble /usr/bin/cmake --install /home/ubuntu/ros2ws/build/linkpose_msgs
[1.623s] -- Install configuration: ""
[1.624s] -- Up-to-date: /home/ubuntu/ros2ws/install/linkpose_msgs/share/linkpose_msgs/msg
[1.625s] -- Up-to-date: /home/ubuntu/ros2ws/install/linkpose_msgs/share/linkpose_msgs/msg/LinkPose.msg
[1.625s] -- Up-to-date: /home/ubuntu/ros2ws/install/linkpose_msgs/share/ament_index/resource_index/rosidl_interfaces/linkpose_msgs
[1.626s] -- Up-to-date: /home/ubuntu/ros2ws/install/linkpose_msgs/include/linkpose_msgs/linkpose_msgs
[1.626s] -- Up-to-date: /home/ubuntu/ros2ws/install/linkpose_msgs/include/linkpose_msgs/linkpose_msgs/msg
[1.628s] -- Up-to-date: /home/ubuntu/ros2ws/install/linkpose_msgs/include/linkpose_msgs/linkpose_msgs/msg/link_pose.h
[1.628s] -- Up-to-date: /home/ubuntu/ros2ws/install/linkpose_msgs/include/linkpose_msgs/linkpose_msgs/msg/rosidl_generator_c__visibility_control.h
[1.629s] -- Up-to-date: /home/ubuntu/ros2ws/install/linkpose_msgs/include/linkpose_msgs/linkpose_msgs/msg/detail
[1.629s] -- Up-to-date: /home/ubuntu/ros2ws/install/linkpose_msgs/include/linkpose_msgs/linkpose_msgs/msg/detail/link_pose__functions.c
[1.630s] -- Up-to-date: /home/ubuntu/ros2ws/install/linkpose_msgs/include/linkpose_msgs/linkpose_msgs/msg/detail/link_pose__functions.h
[1.634s] -- Up-to-date: /home/ubuntu/ros2ws/install/linkpose_msgs/include/linkpose_msgs/linkpose_msgs/msg/detail/link_pose__struct.h
[1.634s] -- Up-to-date: /home/ubuntu/ros2ws/install/linkpose_msgs/include/linkpose_msgs/linkpose_msgs/msg/detail/link_pose__type_support.h
[1.634s] -- Up-to-date: /home/ubuntu/ros2ws/install/linkpose_msgs/share/linkpose_msgs/environment/library_path.sh
[1.635s] -- Up-to-date: /home/ubuntu/ros2ws/install/linkpose_msgs/share/linkpose_msgs/environment/library_path.dsv
[1.635s] -- Up-to-date: /home/ubuntu/ros2ws/install/linkpose_msgs/lib/liblinkpose_msgs__rosidl_generator_c.so
[1.635s] -- Up-to-date: /home/ubuntu/ros2ws/install/linkpose_msgs/include/linkpose_msgs/linkpose_msgs
[1.635s] -- Up-to-date: /home/ubuntu/ros2ws/install/linkpose_msgs/include/linkpose_msgs/linkpose_msgs/msg
[1.635s] -- Up-to-date: /home/ubuntu/ros2ws/install/linkpose_msgs/include/linkpose_msgs/linkpose_msgs/msg/rosidl_typesupport_fastrtps_c__visibility_control.h
[1.636s] -- Up-to-date: /home/ubuntu/ros2ws/install/linkpose_msgs/include/linkpose_msgs/linkpose_msgs/msg/detail
[1.636s] -- Up-to-date: /home/ubuntu/ros2ws/install/linkpose_msgs/include/linkpose_msgs/linkpose_msgs/msg/detail/link_pose__rosidl_typesupport_fastrtps_c.h
[1.636s] -- Up-to-date: /home/ubuntu/ros2ws/install/linkpose_msgs/lib/liblinkpose_msgs__rosidl_typesupport_fastrtps_c.so
[1.639s] -- Up-to-date: /home/ubuntu/ros2ws/install/linkpose_msgs/include/linkpose_msgs/linkpose_msgs
[1.639s] -- Up-to-date: /home/ubuntu/ros2ws/install/linkpose_msgs/include/linkpose_msgs/linkpose_msgs/msg
[1.639s] -- Up-to-date: /home/ubuntu/ros2ws/install/linkpose_msgs/include/linkpose_msgs/linkpose_msgs/msg/rosidl_typesupport_introspection_c__visibility_control.h
[1.639s] -- Up-to-date: /home/ubuntu/ros2ws/install/linkpose_msgs/include/linkpose_msgs/linkpose_msgs/msg/detail
[1.640s] -- Up-to-date: /home/ubuntu/ros2ws/install/linkpose_msgs/include/linkpose_msgs/linkpose_msgs/msg/detail/link_pose__type_support.c
[1.640s] -- Up-to-date: /home/ubuntu/ros2ws/install/linkpose_msgs/include/linkpose_msgs/linkpose_msgs/msg/detail/link_pose__rosidl_typesupport_introspection_c.h
[1.640s] -- Up-to-date: /home/ubuntu/ros2ws/install/linkpose_msgs/lib/liblinkpose_msgs__rosidl_typesupport_introspection_c.so
[1.640s] -- Up-to-date: /home/ubuntu/ros2ws/install/linkpose_msgs/lib/liblinkpose_msgs__rosidl_typesupport_c.so
[1.643s] -- Up-to-date: /home/ubuntu/ros2ws/install/linkpose_msgs/include/linkpose_msgs/linkpose_msgs
[1.643s] -- Up-to-date: /home/ubuntu/ros2ws/install/linkpose_msgs/include/linkpose_msgs/linkpose_msgs/msg
[1.643s] -- Up-to-date: /home/ubuntu/ros2ws/install/linkpose_msgs/include/linkpose_msgs/linkpose_msgs/msg/link_pose.hpp
[1.643s] -- Up-to-date: /home/ubuntu/ros2ws/install/linkpose_msgs/include/linkpose_msgs/linkpose_msgs/msg/detail
[1.643s] -- Up-to-date: /home/ubuntu/ros2ws/install/linkpose_msgs/include/linkpose_msgs/linkpose_msgs/msg/detail/link_pose__traits.hpp
[1.643s] -- Up-to-date: /home/ubuntu/ros2ws/install/linkpose_msgs/include/linkpose_msgs/linkpose_msgs/msg/detail/link_pose__struct.hpp
[1.643s] -- Up-to-date: /home/ubuntu/ros2ws/install/linkpose_msgs/include/linkpose_msgs/linkpose_msgs/msg/detail/link_pose__builder.hpp
[1.643s] -- Up-to-date: /home/ubuntu/ros2ws/install/linkpose_msgs/include/linkpose_msgs/linkpose_msgs
[1.643s] -- Up-to-date: /home/ubuntu/ros2ws/install/linkpose_msgs/include/linkpose_msgs/linkpose_msgs/msg
[1.644s] -- Up-to-date: /home/ubuntu/ros2ws/install/linkpose_msgs/include/linkpose_msgs/linkpose_msgs/msg/rosidl_typesupport_fastrtps_cpp__visibility_control.h
[1.644s] -- Up-to-date: /home/ubuntu/ros2ws/install/linkpose_msgs/include/linkpose_msgs/linkpose_msgs/msg/detail
[1.644s] -- Up-to-date: /home/ubuntu/ros2ws/install/linkpose_msgs/include/linkpose_msgs/linkpose_msgs/msg/detail/dds_fastrtps
[1.644s] -- Up-to-date: /home/ubuntu/ros2ws/install/linkpose_msgs/include/linkpose_msgs/linkpose_msgs/msg/detail/link_pose__rosidl_typesupport_fastrtps_cpp.hpp
[1.646s] -- Up-to-date: /home/ubuntu/ros2ws/install/linkpose_msgs/lib/liblinkpose_msgs__rosidl_typesupport_fastrtps_cpp.so
[1.646s] -- Up-to-date: /home/ubuntu/ros2ws/install/linkpose_msgs/include/linkpose_msgs/linkpose_msgs
[1.646s] -- Up-to-date: /home/ubuntu/ros2ws/install/linkpose_msgs/include/linkpose_msgs/linkpose_msgs/msg
[1.647s] -- Up-to-date: /home/ubuntu/ros2ws/install/linkpose_msgs/include/linkpose_msgs/linkpose_msgs/msg/detail
[1.647s] -- Up-to-date: /home/ubuntu/ros2ws/install/linkpose_msgs/include/linkpose_msgs/linkpose_msgs/msg/detail/link_pose__type_support.cpp
[1.647s] -- Up-to-date: /home/ubuntu/ros2ws/install/linkpose_msgs/include/linkpose_msgs/linkpose_msgs/msg/detail/link_pose__rosidl_typesupport_introspection_cpp.hpp
[1.647s] -- Up-to-date: /home/ubuntu/ros2ws/install/linkpose_msgs/lib/liblinkpose_msgs__rosidl_typesupport_introspection_cpp.so
[1.647s] -- Up-to-date: /home/ubuntu/ros2ws/install/linkpose_msgs/lib/liblinkpose_msgs__rosidl_typesupport_cpp.so
[1.647s] -- Up-to-date: /home/ubuntu/ros2ws/install/linkpose_msgs/share/linkpose_msgs/environment/pythonpath.sh
[1.647s] -- Up-to-date: /home/ubuntu/ros2ws/install/linkpose_msgs/share/linkpose_msgs/environment/pythonpath.dsv
[1.647s] -- Up-to-date: /home/ubuntu/ros2ws/install/linkpose_msgs/local/lib/python3.10/dist-packages/linkpose_msgs-0.0.0-py3.10.egg-info
[1.647s] -- Installing: /home/ubuntu/ros2ws/install/linkpose_msgs/local/lib/python3.10/dist-packages/linkpose_msgs-0.0.0-py3.10.egg-info/PKG-INFO
[1.647s] -- Installing: /home/ubuntu/ros2ws/install/linkpose_msgs/local/lib/python3.10/dist-packages/linkpose_msgs-0.0.0-py3.10.egg-info/top_level.txt
[1.648s] -- Installing: /home/ubuntu/ros2ws/install/linkpose_msgs/local/lib/python3.10/dist-packages/linkpose_msgs-0.0.0-py3.10.egg-info/dependency_links.txt
[1.648s] -- Installing: /home/ubuntu/ros2ws/install/linkpose_msgs/local/lib/python3.10/dist-packages/linkpose_msgs-0.0.0-py3.10.egg-info/SOURCES.txt
[1.648s] -- Up-to-date: /home/ubuntu/ros2ws/install/linkpose_msgs/local/lib/python3.10/dist-packages/linkpose_msgs
[1.648s] -- Up-to-date: /home/ubuntu/ros2ws/install/linkpose_msgs/local/lib/python3.10/dist-packages/linkpose_msgs/msg
[1.648s] -- Up-to-date: /home/ubuntu/ros2ws/install/linkpose_msgs/local/lib/python3.10/dist-packages/linkpose_msgs/msg/_link_pose_s.c
[1.648s] -- Up-to-date: /home/ubuntu/ros2ws/install/linkpose_msgs/local/lib/python3.10/dist-packages/linkpose_msgs/msg/_link_pose.py
[1.648s] -- Up-to-date: /home/ubuntu/ros2ws/install/linkpose_msgs/local/lib/python3.10/dist-packages/linkpose_msgs/msg/__init__.py
[1.648s] -- Up-to-date: /home/ubuntu/ros2ws/install/linkpose_msgs/local/lib/python3.10/dist-packages/linkpose_msgs/liblinkpose_msgs__rosidl_generator_py.so
[1.648s] -- Up-to-date: /home/ubuntu/ros2ws/install/linkpose_msgs/local/lib/python3.10/dist-packages/linkpose_msgs/linkpose_msgs_s__rosidl_typesupport_c.cpython-310-x86_64-linux-gnu.so
[1.648s] -- Up-to-date: /home/ubuntu/ros2ws/install/linkpose_msgs/local/lib/python3.10/dist-packages/linkpose_msgs/_linkpose_msgs_s.ep.rosidl_typesupport_fastrtps_c.c
[1.648s] -- Up-to-date: /home/ubuntu/ros2ws/install/linkpose_msgs/local/lib/python3.10/dist-packages/linkpose_msgs/_linkpose_msgs_s.ep.rosidl_typesupport_introspection_c.c
[1.649s] -- Up-to-date: /home/ubuntu/ros2ws/install/linkpose_msgs/local/lib/python3.10/dist-packages/linkpose_msgs/linkpose_msgs_s__rosidl_typesupport_fastrtps_c.cpython-310-x86_64-linux-gnu.so
[1.649s] -- Up-to-date: /home/ubuntu/ros2ws/install/linkpose_msgs/local/lib/python3.10/dist-packages/linkpose_msgs/_linkpose_msgs_s.ep.rosidl_typesupport_c.c
[1.649s] -- Up-to-date: /home/ubuntu/ros2ws/install/linkpose_msgs/local/lib/python3.10/dist-packages/linkpose_msgs/linkpose_msgs_s__rosidl_typesupport_introspection_c.cpython-310-x86_64-linux-gnu.so
[1.649s] -- Up-to-date: /home/ubuntu/ros2ws/install/linkpose_msgs/local/lib/python3.10/dist-packages/linkpose_msgs/__init__.py
[1.719s] Listing '/home/ubuntu/ros2ws/install/linkpose_msgs/local/lib/python3.10/dist-packages/linkpose_msgs'...
[1.719s] Listing '/home/ubuntu/ros2ws/install/linkpose_msgs/local/lib/python3.10/dist-packages/linkpose_msgs/msg'...
[1.726s] -- Up-to-date: /home/ubuntu/ros2ws/install/linkpose_msgs/local/lib/python3.10/dist-packages/linkpose_msgs/linkpose_msgs_s__rosidl_typesupport_fastrtps_c.cpython-310-x86_64-linux-gnu.so
[1.728s] -- Up-to-date: /home/ubuntu/ros2ws/install/linkpose_msgs/local/lib/python3.10/dist-packages/linkpose_msgs/linkpose_msgs_s__rosidl_typesupport_introspection_c.cpython-310-x86_64-linux-gnu.so
[1.728s] -- Up-to-date: /home/ubuntu/ros2ws/install/linkpose_msgs/local/lib/python3.10/dist-packages/linkpose_msgs/linkpose_msgs_s__rosidl_typesupport_c.cpython-310-x86_64-linux-gnu.so
[1.730s] -- Up-to-date: /home/ubuntu/ros2ws/install/linkpose_msgs/lib/liblinkpose_msgs__rosidl_generator_py.so
[1.731s] -- Up-to-date: /home/ubuntu/ros2ws/install/linkpose_msgs/share/linkpose_msgs/msg/LinkPose.idl
[1.732s] -- Up-to-date: /home/ubuntu/ros2ws/install/linkpose_msgs/share/linkpose_msgs/msg/LinkPose.msg
[1.734s] -- Up-to-date: /home/ubuntu/ros2ws/install/linkpose_msgs/share/ament_index/resource_index/package_run_dependencies/linkpose_msgs
[1.735s] -- Up-to-date: /home/ubuntu/ros2ws/install/linkpose_msgs/share/ament_index/resource_index/parent_prefix_path/linkpose_msgs
[1.735s] -- Up-to-date: /home/ubuntu/ros2ws/install/linkpose_msgs/share/linkpose_msgs/environment/ament_prefix_path.sh
[1.735s] -- Up-to-date: /home/ubuntu/ros2ws/install/linkpose_msgs/share/linkpose_msgs/environment/ament_prefix_path.dsv
[1.735s] -- Up-to-date: /home/ubuntu/ros2ws/install/linkpose_msgs/share/linkpose_msgs/environment/path.sh
[1.737s] -- Up-to-date: /home/ubuntu/ros2ws/install/linkpose_msgs/share/linkpose_msgs/environment/path.dsv
[1.739s] -- Up-to-date: /home/ubuntu/ros2ws/install/linkpose_msgs/share/linkpose_msgs/local_setup.bash
[1.740s] -- Up-to-date: /home/ubuntu/ros2ws/install/linkpose_msgs/share/linkpose_msgs/local_setup.sh
[1.740s] -- Up-to-date: /home/ubuntu/ros2ws/install/linkpose_msgs/share/linkpose_msgs/local_setup.zsh
[1.740s] -- Up-to-date: /home/ubuntu/ros2ws/install/linkpose_msgs/share/linkpose_msgs/local_setup.dsv
[1.741s] -- Installing: /home/ubuntu/ros2ws/install/linkpose_msgs/share/linkpose_msgs/package.dsv
[1.741s] -- Up-to-date: /home/ubuntu/ros2ws/install/linkpose_msgs/share/ament_index/resource_index/packages/linkpose_msgs
[1.741s] -- Up-to-date: /home/ubuntu/ros2ws/install/linkpose_msgs/share/linkpose_msgs/cmake/export_linkpose_msgs__rosidl_generator_cExport.cmake
[1.741s] -- Up-to-date: /home/ubuntu/ros2ws/install/linkpose_msgs/share/linkpose_msgs/cmake/export_linkpose_msgs__rosidl_generator_cExport-noconfig.cmake
[1.742s] -- Up-to-date: /home/ubuntu/ros2ws/install/linkpose_msgs/share/linkpose_msgs/cmake/export_linkpose_msgs__rosidl_typesupport_fastrtps_cExport.cmake
[1.743s] -- Up-to-date: /home/ubuntu/ros2ws/install/linkpose_msgs/share/linkpose_msgs/cmake/export_linkpose_msgs__rosidl_typesupport_fastrtps_cExport-noconfig.cmake
[1.743s] -- Up-to-date: /home/ubuntu/ros2ws/install/linkpose_msgs/share/linkpose_msgs/cmake/linkpose_msgs__rosidl_typesupport_introspection_cExport.cmake
[1.744s] -- Up-to-date: /home/ubuntu/ros2ws/install/linkpose_msgs/share/linkpose_msgs/cmake/linkpose_msgs__rosidl_typesupport_introspection_cExport-noconfig.cmake
[1.744s] -- Up-to-date: /home/ubuntu/ros2ws/install/linkpose_msgs/share/linkpose_msgs/cmake/linkpose_msgs__rosidl_typesupport_cExport.cmake
[1.744s] -- Up-to-date: /home/ubuntu/ros2ws/install/linkpose_msgs/share/linkpose_msgs/cmake/linkpose_msgs__rosidl_typesupport_cExport-noconfig.cmake
[1.744s] -- Up-to-date: /home/ubuntu/ros2ws/install/linkpose_msgs/share/linkpose_msgs/cmake/export_linkpose_msgs__rosidl_generator_cppExport.cmake
[1.746s] -- Up-to-date: /home/ubuntu/ros2ws/install/linkpose_msgs/share/linkpose_msgs/cmake/export_linkpose_msgs__rosidl_typesupport_fastrtps_cppExport.cmake
[1.747s] -- Up-to-date: /home/ubuntu/ros2ws/install/linkpose_msgs/share/linkpose_msgs/cmake/export_linkpose_msgs__rosidl_typesupport_fastrtps_cppExport-noconfig.cmake
[1.747s] -- Up-to-date: /home/ubuntu/ros2ws/install/linkpose_msgs/share/linkpose_msgs/cmake/linkpose_msgs__rosidl_typesupport_introspection_cppExport.cmake
[1.747s] -- Up-to-date: /home/ubuntu/ros2ws/install/linkpose_msgs/share/linkpose_msgs/cmake/linkpose_msgs__rosidl_typesupport_introspection_cppExport-noconfig.cmake
[1.748s] -- Up-to-date: /home/ubuntu/ros2ws/install/linkpose_msgs/share/linkpose_msgs/cmake/linkpose_msgs__rosidl_typesupport_cppExport.cmake
[1.749s] -- Up-to-date: /home/ubuntu/ros2ws/install/linkpose_msgs/share/linkpose_msgs/cmake/linkpose_msgs__rosidl_typesupport_cppExport-noconfig.cmake
[1.749s] -- Up-to-date: /home/ubuntu/ros2ws/install/linkpose_msgs/share/linkpose_msgs/cmake/export_linkpose_msgs__rosidl_generator_pyExport.cmake
[1.750s] -- Up-to-date: /home/ubuntu/ros2ws/install/linkpose_msgs/share/linkpose_msgs/cmake/export_linkpose_msgs__rosidl_generator_pyExport-noconfig.cmake
[1.750s] -- Up-to-date: /home/ubuntu/ros2ws/install/linkpose_msgs/share/linkpose_msgs/cmake/rosidl_cmake-extras.cmake
[1.750s] -- Up-to-date: /home/ubuntu/ros2ws/install/linkpose_msgs/share/linkpose_msgs/cmake/ament_cmake_export_include_directories-extras.cmake
[1.750s] -- Up-to-date: /home/ubuntu/ros2ws/install/linkpose_msgs/share/linkpose_msgs/cmake/ament_cmake_export_libraries-extras.cmake
[1.751s] -- Up-to-date: /home/ubuntu/ros2ws/install/linkpose_msgs/share/linkpose_msgs/cmake/ament_cmake_export_targets-extras.cmake
[1.751s] -- Up-to-date: /home/ubuntu/ros2ws/install/linkpose_msgs/share/linkpose_msgs/cmake/rosidl_cmake_export_typesupport_targets-extras.cmake
[1.751s] -- Up-to-date: /home/ubuntu/ros2ws/install/linkpose_msgs/share/linkpose_msgs/cmake/ament_cmake_export_dependencies-extras.cmake
[1.752s] -- Up-to-date: /home/ubuntu/ros2ws/install/linkpose_msgs/share/linkpose_msgs/cmake/rosidl_cmake_export_typesupport_libraries-extras.cmake
[1.752s] -- Up-to-date: /home/ubuntu/ros2ws/install/linkpose_msgs/share/linkpose_msgs/cmake/linkpose_msgsConfig.cmake
[1.752s] -- Up-to-date: /home/ubuntu/ros2ws/install/linkpose_msgs/share/linkpose_msgs/cmake/linkpose_msgsConfig-version.cmake
[1.752s] -- Up-to-date: /home/ubuntu/ros2ws/install/linkpose_msgs/share/linkpose_msgs/package.xml
[1.764s] Invoked command in '/home/ubuntu/ros2ws/build/linkpose_msgs' returned '0': CMAKE_PREFIX_PATH=${CMAKE_PREFIX_PATH}:/home/ubuntu/ros2ws/install/testV1:/home/ubuntu/ros2ws/install/gui_subscriber:/home/ubuntu/ros2ws/install/moveit_configs_utils:/home/ubuntu/ros2ws/install/robot_letter_writer:/home/ubuntu/ros2ws/install/launch_param_builder:/opt/ros/humble /usr/bin/cmake --install /home/ubuntu/ros2ws/build/linkpose_msgs
