[0.047s] Invoking command in '/home/ubuntu/ros2ws/build/panda_ros2_gazebo': CMAKE_PREFIX_PATH=${CMAKE_PREFIX_PATH}:/opt/ros/humble /usr/bin/cmake /home/ubuntu/ros2ws/src/ros2_RobotSimulation/PandaRobot/panda_ros2_gazebo -DCMAKE_INSTALL_PREFIX=/home/ubuntu/ros2ws/install/panda_ros2_gazebo
[0.206s] -- The C compiler identification is GNU 11.4.0
[0.350s] -- The CXX compiler identification is GNU 11.4.0
[0.363s] -- Detecting C compiler ABI info
[0.534s] -- Detecting C compiler ABI info - done
[0.546s] -- Check for working C compiler: /usr/bin/cc - skipped
[0.546s] -- Detecting C compile features
[0.549s] -- Detecting C compile features - done
[0.555s] -- Detecting CXX compiler ABI info
[0.734s] -- Detecting CXX compiler ABI info - done
[0.750s] -- Check for working CXX compiler: /usr/bin/c++ - skipped
[0.750s] -- Detecting CXX compile features
[0.755s] -- Detecting CXX compile features - done
[0.758s] -- Found ament_cmake: 1.3.10 (/opt/ros/humble/share/ament_cmake/cmake)
[1.207s] -- Found Python3: /usr/bin/python3 (found version "3.10.12") found components: Interpreter 
[1.423s] -- Found ament_lint_auto: 0.12.11 (/opt/ros/humble/share/ament_lint_auto/cmake)
[1.551s] -- Added test 'copyright' to check source files copyright and LICENSE
[1.564s] -- Added test 'flake8' to check Python code syntax and style conventions
[1.565s] -- Added test 'lint_cmake' to check CMake code style
[1.570s] -- Added test 'pep257' to check Python code against some of the docstring style conventions in PEP 257
[1.582s] -- Added test 'xmllint' to check XML markup files
[1.587s] -- Configuring done
[1.596s] -- Generating done
[1.596s] -- Build files have been written to: /home/ubuntu/ros2ws/build/panda_ros2_gazebo
[1.605s] Invoked command in '/home/ubuntu/ros2ws/build/panda_ros2_gazebo' returned '0': CMAKE_PREFIX_PATH=${CMAKE_PREFIX_PATH}:/opt/ros/humble /usr/bin/cmake /home/ubuntu/ros2ws/src/ros2_RobotSimulation/PandaRobot/panda_ros2_gazebo -DCMAKE_INSTALL_PREFIX=/home/ubuntu/ros2ws/install/panda_ros2_gazebo
[1.610s] Invoking command in '/home/ubuntu/ros2ws/build/panda_ros2_gazebo': CMAKE_PREFIX_PATH=${CMAKE_PREFIX_PATH}:/opt/ros/humble /usr/bin/cmake --build /home/ubuntu/ros2ws/build/panda_ros2_gazebo -- -j4 -l4
[1.674s] Invoked command in '/home/ubuntu/ros2ws/build/panda_ros2_gazebo' returned '0': CMAKE_PREFIX_PATH=${CMAKE_PREFIX_PATH}:/opt/ros/humble /usr/bin/cmake --build /home/ubuntu/ros2ws/build/panda_ros2_gazebo -- -j4 -l4
[1.764s] Invoking command in '/home/ubuntu/ros2ws/build/panda_ros2_gazebo': CMAKE_PREFIX_PATH=${CMAKE_PREFIX_PATH}:/opt/ros/humble /usr/bin/cmake --install /home/ubuntu/ros2ws/build/panda_ros2_gazebo
[1.783s] -- Install configuration: ""
[1.784s] -- Installing: /home/ubuntu/ros2ws/install/panda_ros2_gazebo/share/panda_ros2_gazebo/config
[1.784s] -- Installing: /home/ubuntu/ros2ws/install/panda_ros2_gazebo/share/panda_ros2_gazebo/config/panda_controller.yaml
[1.784s] -- Installing: /home/ubuntu/ros2ws/install/panda_ros2_gazebo/share/panda_ros2_gazebo/launch
[1.786s] -- Installing: /home/ubuntu/ros2ws/install/panda_ros2_gazebo/share/panda_ros2_gazebo/launch/panda_simulation.launch.py
[1.786s] -- Installing: /home/ubuntu/ros2ws/install/panda_ros2_gazebo/share/panda_ros2_gazebo/urdf
[1.787s] -- Installing: /home/ubuntu/ros2ws/install/panda_ros2_gazebo/share/panda_ros2_gazebo/urdf/panda_macro.urdf.xacro
[1.787s] -- Installing: /home/ubuntu/ros2ws/install/panda_ros2_gazebo/share/panda_ros2_gazebo/urdf/panda_ros2control.xacro
[1.787s] -- Installing: /home/ubuntu/ros2ws/install/panda_ros2_gazebo/share/panda_ros2_gazebo/urdf/panda_transmission.xacro
[1.787s] -- Installing: /home/ubuntu/ros2ws/install/panda_ros2_gazebo/share/panda_ros2_gazebo/urdf/panda.urdf.xacro
[1.787s] -- Installing: /home/ubuntu/ros2ws/install/panda_ros2_gazebo/share/panda_ros2_gazebo/worlds
[1.788s] -- Installing: /home/ubuntu/ros2ws/install/panda_ros2_gazebo/share/panda_ros2_gazebo/worlds/panda.world
[1.788s] -- Installing: /home/ubuntu/ros2ws/install/panda_ros2_gazebo/share/panda_ros2_gazebo/meshes
[1.788s] -- Installing: /home/ubuntu/ros2ws/install/panda_ros2_gazebo/share/panda_ros2_gazebo/meshes/collision
[1.788s] -- Installing: /home/ubuntu/ros2ws/install/panda_ros2_gazebo/share/panda_ros2_gazebo/meshes/collision/link4.stl
[1.791s] -- Installing: /home/ubuntu/ros2ws/install/panda_ros2_gazebo/share/panda_ros2_gazebo/meshes/collision/link3.stl
[1.791s] -- Installing: /home/ubuntu/ros2ws/install/panda_ros2_gazebo/share/panda_ros2_gazebo/meshes/collision/link0.stl
[1.791s] -- Installing: /home/ubuntu/ros2ws/install/panda_ros2_gazebo/share/panda_ros2_gazebo/meshes/collision/link1.stl
[1.791s] -- Installing: /home/ubuntu/ros2ws/install/panda_ros2_gazebo/share/panda_ros2_gazebo/meshes/collision/finger.stl
[1.791s] -- Installing: /home/ubuntu/ros2ws/install/panda_ros2_gazebo/share/panda_ros2_gazebo/meshes/collision/hand.stl
[1.791s] -- Installing: /home/ubuntu/ros2ws/install/panda_ros2_gazebo/share/panda_ros2_gazebo/meshes/collision/link7.stl
[1.791s] -- Installing: /home/ubuntu/ros2ws/install/panda_ros2_gazebo/share/panda_ros2_gazebo/meshes/collision/link5.stl
[1.791s] -- Installing: /home/ubuntu/ros2ws/install/panda_ros2_gazebo/share/panda_ros2_gazebo/meshes/collision/link2.stl
[1.791s] -- Installing: /home/ubuntu/ros2ws/install/panda_ros2_gazebo/share/panda_ros2_gazebo/meshes/collision/link6.stl
[1.792s] -- Installing: /home/ubuntu/ros2ws/install/panda_ros2_gazebo/share/panda_ros2_gazebo/meshes/visual
[1.792s] -- Installing: /home/ubuntu/ros2ws/install/panda_ros2_gazebo/share/panda_ros2_gazebo/meshes/visual/link0.dae
[1.797s] -- Installing: /home/ubuntu/ros2ws/install/panda_ros2_gazebo/share/panda_ros2_gazebo/meshes/visual/link6.dae
[1.802s] -- Installing: /home/ubuntu/ros2ws/install/panda_ros2_gazebo/share/panda_ros2_gazebo/meshes/visual/link1.dae
[1.802s] -- Installing: /home/ubuntu/ros2ws/install/panda_ros2_gazebo/share/panda_ros2_gazebo/meshes/visual/link7.dae
[1.804s] -- Installing: /home/ubuntu/ros2ws/install/panda_ros2_gazebo/share/panda_ros2_gazebo/meshes/visual/link5.dae
[1.808s] -- Installing: /home/ubuntu/ros2ws/install/panda_ros2_gazebo/share/panda_ros2_gazebo/meshes/visual/link3.dae
[1.814s] -- Installing: /home/ubuntu/ros2ws/install/panda_ros2_gazebo/share/panda_ros2_gazebo/meshes/visual/link2.dae
[1.819s] -- Installing: /home/ubuntu/ros2ws/install/panda_ros2_gazebo/share/panda_ros2_gazebo/meshes/visual/link4.dae
[1.819s] -- Installing: /home/ubuntu/ros2ws/install/panda_ros2_gazebo/share/panda_ros2_gazebo/meshes/visual/finger.dae
[1.819s] -- Installing: /home/ubuntu/ros2ws/install/panda_ros2_gazebo/share/panda_ros2_gazebo/meshes/visual/hand.dae
[1.819s] -- Installing: /home/ubuntu/ros2ws/install/panda_ros2_gazebo/share/ament_index/resource_index/package_run_dependencies/panda_ros2_gazebo
[1.820s] -- Installing: /home/ubuntu/ros2ws/install/panda_ros2_gazebo/share/ament_index/resource_index/parent_prefix_path/panda_ros2_gazebo
[1.820s] -- Installing: /home/ubuntu/ros2ws/install/panda_ros2_gazebo/share/panda_ros2_gazebo/environment/ament_prefix_path.sh
[1.820s] -- Installing: /home/ubuntu/ros2ws/install/panda_ros2_gazebo/share/panda_ros2_gazebo/environment/ament_prefix_path.dsv
[1.821s] -- Installing: /home/ubuntu/ros2ws/install/panda_ros2_gazebo/share/panda_ros2_gazebo/environment/path.sh
[1.821s] -- Installing: /home/ubuntu/ros2ws/install/panda_ros2_gazebo/share/panda_ros2_gazebo/environment/path.dsv
[1.821s] -- Installing: /home/ubuntu/ros2ws/install/panda_ros2_gazebo/share/panda_ros2_gazebo/local_setup.bash
[1.822s] -- Installing: /home/ubuntu/ros2ws/install/panda_ros2_gazebo/share/panda_ros2_gazebo/local_setup.sh
[1.822s] -- Installing: /home/ubuntu/ros2ws/install/panda_ros2_gazebo/share/panda_ros2_gazebo/local_setup.zsh
[1.825s] -- Installing: /home/ubuntu/ros2ws/install/panda_ros2_gazebo/share/panda_ros2_gazebo/local_setup.dsv
[1.825s] -- Installing: /home/ubuntu/ros2ws/install/panda_ros2_gazebo/share/panda_ros2_gazebo/package.dsv
[1.825s] -- Installing: /home/ubuntu/ros2ws/install/panda_ros2_gazebo/share/ament_index/resource_index/packages/panda_ros2_gazebo
[1.825s] -- Installing: /home/ubuntu/ros2ws/install/panda_ros2_gazebo/share/panda_ros2_gazebo/cmake/panda_ros2_gazeboConfig.cmake
[1.825s] -- Installing: /home/ubuntu/ros2ws/install/panda_ros2_gazebo/share/panda_ros2_gazebo/cmake/panda_ros2_gazeboConfig-version.cmake
[1.825s] -- Installing: /home/ubuntu/ros2ws/install/panda_ros2_gazebo/share/panda_ros2_gazebo/package.xml
[1.833s] Invoked command in '/home/ubuntu/ros2ws/build/panda_ros2_gazebo' returned '0': CMAKE_PREFIX_PATH=${CMAKE_PREFIX_PATH}:/opt/ros/humble /usr/bin/cmake --install /home/ubuntu/ros2ws/build/panda_ros2_gazebo
