[0.033s] Invoking command in '/home/ubuntu/ros2ws/build/linkattacher_msgs': CMAKE_PREFIX_PATH=${CMAKE_PREFIX_PATH}:/home/ubuntu/ros2ws/install/testV1:/home/ubuntu/ros2ws/install/gui_subscriber:/home/ubuntu/ros2ws/install/moveit_configs_utils:/home/ubuntu/ros2ws/install/robot_letter_writer:/home/ubuntu/ros2ws/install/launch_param_builder:/opt/ros/humble /usr/bin/cmake --build /home/ubuntu/ros2ws/build/linkattacher_msgs -- -j4 -l4
[0.293s] [  2%] Built target linkattacher_msgs__cpp
[0.319s] [ 12%] Built target linkattacher_msgs__rosidl_generator_c
[0.362s] [ 12%] Built target ament_cmake_python_symlink_linkattacher_msgs
[0.420s] [ 23%] Built target linkattacher_msgs__rosidl_typesupport_cpp
[0.434s] [ 33%] Built target linkattacher_msgs__rosidl_typesupport_fastrtps_cpp
[0.461s] [ 43%] Built target linkattacher_msgs__rosidl_typesupport_introspection_cpp
[0.493s] [ 53%] Built target linkattacher_msgs__rosidl_typesupport_fastrtps_c
[0.532s] [ 64%] Built target linkattacher_msgs__rosidl_typesupport_introspection_c
[0.568s] [ 74%] Built target linkattacher_msgs__rosidl_typesupport_c
[0.657s] [ 74%] Built target linkattacher_msgs
[0.766s] [ 76%] Built target linkattacher_msgs__py
[0.821s] [ 84%] Built target linkattacher_msgs__rosidl_generator_py
[0.926s] [ 89%] Built target linkattacher_msgs__rosidl_typesupport_introspection_c__pyext
[0.930s] [ 94%] Built target linkattacher_msgs__rosidl_typesupport_fastrtps_c__pyext
[0.943s] [100%] Built target linkattacher_msgs__rosidl_typesupport_c__pyext
[1.032s] running egg_info
[1.032s] writing linkattacher_msgs.egg-info/PKG-INFO
[1.033s] writing dependency_links to linkattacher_msgs.egg-info/dependency_links.txt
[1.033s] writing top-level names to linkattacher_msgs.egg-info/top_level.txt
[1.033s] reading manifest file 'linkattacher_msgs.egg-info/SOURCES.txt'
[1.033s] writing manifest file 'linkattacher_msgs.egg-info/SOURCES.txt'
[1.077s] [100%] Built target ament_cmake_python_build_linkattacher_msgs_egg
[1.096s] Invoked command in '/home/ubuntu/ros2ws/build/linkattacher_msgs' returned '0': CMAKE_PREFIX_PATH=${CMAKE_PREFIX_PATH}:/home/ubuntu/ros2ws/install/testV1:/home/ubuntu/ros2ws/install/gui_subscriber:/home/ubuntu/ros2ws/install/moveit_configs_utils:/home/ubuntu/ros2ws/install/robot_letter_writer:/home/ubuntu/ros2ws/install/launch_param_builder:/opt/ros/humble /usr/bin/cmake --build /home/ubuntu/ros2ws/build/linkattacher_msgs -- -j4 -l4
[1.436s] Invoking command in '/home/ubuntu/ros2ws/build/linkattacher_msgs': CMAKE_PREFIX_PATH=${CMAKE_PREFIX_PATH}:/home/ubuntu/ros2ws/install/testV1:/home/ubuntu/ros2ws/install/gui_subscriber:/home/ubuntu/ros2ws/install/moveit_configs_utils:/home/ubuntu/ros2ws/install/robot_letter_writer:/home/ubuntu/ros2ws/install/launch_param_builder:/opt/ros/humble /usr/bin/cmake --install /home/ubuntu/ros2ws/build/linkattacher_msgs
[1.465s] -- Install configuration: ""
[1.466s] -- Execute custom install script
[1.466s] -- Up-to-date symlink: /home/ubuntu/ros2ws/install/linkattacher_msgs/share/linkattacher_msgs/srv/AttachLink.srv
[1.467s] -- Up-to-date symlink: /home/ubuntu/ros2ws/install/linkattacher_msgs/share/linkattacher_msgs/srv/DetachLink.srv
[1.467s] -- Up-to-date symlink: /home/ubuntu/ros2ws/install/linkattacher_msgs/share/ament_index/resource_index/rosidl_interfaces/linkattacher_msgs
[1.468s] -- Up-to-date symlink: /home/ubuntu/ros2ws/install/linkattacher_msgs/include/linkattacher_msgs/linkattacher_msgs/msg/rosidl_generator_c__visibility_control.h
[1.468s] -- Up-to-date symlink: /home/ubuntu/ros2ws/install/linkattacher_msgs/include/linkattacher_msgs/linkattacher_msgs/srv/attach_link.h
[1.468s] -- Up-to-date symlink: /home/ubuntu/ros2ws/install/linkattacher_msgs/include/linkattacher_msgs/linkattacher_msgs/srv/detach_link.h
[1.468s] -- Up-to-date symlink: /home/ubuntu/ros2ws/install/linkattacher_msgs/include/linkattacher_msgs/linkattacher_msgs/srv/detail/attach_link__functions.h
[1.468s] -- Up-to-date symlink: /home/ubuntu/ros2ws/install/linkattacher_msgs/include/linkattacher_msgs/linkattacher_msgs/srv/detail/attach_link__struct.h
[1.468s] -- Up-to-date symlink: /home/ubuntu/ros2ws/install/linkattacher_msgs/include/linkattacher_msgs/linkattacher_msgs/srv/detail/attach_link__type_support.h
[1.469s] -- Up-to-date symlink: /home/ubuntu/ros2ws/install/linkattacher_msgs/include/linkattacher_msgs/linkattacher_msgs/srv/detail/detach_link__functions.h
[1.469s] -- Up-to-date symlink: /home/ubuntu/ros2ws/install/linkattacher_msgs/include/linkattacher_msgs/linkattacher_msgs/srv/detail/detach_link__struct.h
[1.469s] -- Up-to-date symlink: /home/ubuntu/ros2ws/install/linkattacher_msgs/include/linkattacher_msgs/linkattacher_msgs/srv/detail/detach_link__type_support.h
[1.469s] -- Up-to-date symlink: /home/ubuntu/ros2ws/install/linkattacher_msgs/share/linkattacher_msgs/environment/library_path.sh
[1.471s] -- Up-to-date symlink: /home/ubuntu/ros2ws/install/linkattacher_msgs/share/linkattacher_msgs/environment/library_path.dsv
[1.471s] -- Up-to-date symlink: /home/ubuntu/ros2ws/install/linkattacher_msgs/include/linkattacher_msgs/linkattacher_msgs/msg/rosidl_typesupport_fastrtps_c__visibility_control.h
[1.471s] -- Up-to-date symlink: /home/ubuntu/ros2ws/install/linkattacher_msgs/include/linkattacher_msgs/linkattacher_msgs/srv/detail/attach_link__rosidl_typesupport_fastrtps_c.h
[1.471s] -- Up-to-date symlink: /home/ubuntu/ros2ws/install/linkattacher_msgs/include/linkattacher_msgs/linkattacher_msgs/srv/detail/detach_link__rosidl_typesupport_fastrtps_c.h
[1.472s] -- Up-to-date symlink: /home/ubuntu/ros2ws/install/linkattacher_msgs/include/linkattacher_msgs/linkattacher_msgs/msg/rosidl_typesupport_introspection_c__visibility_control.h
[1.472s] -- Up-to-date symlink: /home/ubuntu/ros2ws/install/linkattacher_msgs/include/linkattacher_msgs/linkattacher_msgs/srv/detail/attach_link__rosidl_typesupport_introspection_c.h
[1.472s] -- Up-to-date symlink: /home/ubuntu/ros2ws/install/linkattacher_msgs/include/linkattacher_msgs/linkattacher_msgs/srv/detail/detach_link__rosidl_typesupport_introspection_c.h
[1.472s] -- Up-to-date symlink: /home/ubuntu/ros2ws/install/linkattacher_msgs/include/linkattacher_msgs/linkattacher_msgs/srv/attach_link.hpp
[1.473s] -- Up-to-date symlink: /home/ubuntu/ros2ws/install/linkattacher_msgs/include/linkattacher_msgs/linkattacher_msgs/srv/detach_link.hpp
[1.473s] -- Up-to-date symlink: /home/ubuntu/ros2ws/install/linkattacher_msgs/include/linkattacher_msgs/linkattacher_msgs/srv/detail/attach_link__builder.hpp
[1.473s] -- Up-to-date symlink: /home/ubuntu/ros2ws/install/linkattacher_msgs/include/linkattacher_msgs/linkattacher_msgs/srv/detail/attach_link__struct.hpp
[1.473s] -- Up-to-date symlink: /home/ubuntu/ros2ws/install/linkattacher_msgs/include/linkattacher_msgs/linkattacher_msgs/srv/detail/attach_link__traits.hpp
[1.473s] -- Up-to-date symlink: /home/ubuntu/ros2ws/install/linkattacher_msgs/include/linkattacher_msgs/linkattacher_msgs/srv/detail/detach_link__builder.hpp
[1.473s] -- Up-to-date symlink: /home/ubuntu/ros2ws/install/linkattacher_msgs/include/linkattacher_msgs/linkattacher_msgs/srv/detail/detach_link__struct.hpp
[1.474s] -- Up-to-date symlink: /home/ubuntu/ros2ws/install/linkattacher_msgs/include/linkattacher_msgs/linkattacher_msgs/srv/detail/detach_link__traits.hpp
[1.477s] -- Up-to-date symlink: /home/ubuntu/ros2ws/install/linkattacher_msgs/include/linkattacher_msgs/linkattacher_msgs/msg/rosidl_typesupport_fastrtps_cpp__visibility_control.h
[1.478s] -- Up-to-date symlink: /home/ubuntu/ros2ws/install/linkattacher_msgs/include/linkattacher_msgs/linkattacher_msgs/srv/detail/attach_link__rosidl_typesupport_fastrtps_cpp.hpp
[1.478s] -- Up-to-date symlink: /home/ubuntu/ros2ws/install/linkattacher_msgs/include/linkattacher_msgs/linkattacher_msgs/srv/detail/detach_link__rosidl_typesupport_fastrtps_cpp.hpp
[1.478s] -- Up-to-date symlink: /home/ubuntu/ros2ws/install/linkattacher_msgs/include/linkattacher_msgs/linkattacher_msgs/srv/detail/attach_link__rosidl_typesupport_introspection_cpp.hpp
[1.478s] -- Up-to-date symlink: /home/ubuntu/ros2ws/install/linkattacher_msgs/include/linkattacher_msgs/linkattacher_msgs/srv/detail/detach_link__rosidl_typesupport_introspection_cpp.hpp
[1.478s] -- Up-to-date symlink: /home/ubuntu/ros2ws/install/linkattacher_msgs/share/linkattacher_msgs/environment/pythonpath.sh
[1.478s] -- Up-to-date symlink: /home/ubuntu/ros2ws/install/linkattacher_msgs/share/linkattacher_msgs/environment/pythonpath.dsv
[1.479s] -- Up-to-date symlink: /home/ubuntu/ros2ws/install/linkattacher_msgs/local/lib/python3.10/dist-packages/linkattacher_msgs-0.0.0-py3.10.egg-info/PKG-INFO
[1.479s] -- Up-to-date symlink: /home/ubuntu/ros2ws/install/linkattacher_msgs/local/lib/python3.10/dist-packages/linkattacher_msgs-0.0.0-py3.10.egg-info/SOURCES.txt
[1.479s] -- Up-to-date symlink: /home/ubuntu/ros2ws/install/linkattacher_msgs/local/lib/python3.10/dist-packages/linkattacher_msgs-0.0.0-py3.10.egg-info/dependency_links.txt
[1.479s] -- Up-to-date symlink: /home/ubuntu/ros2ws/install/linkattacher_msgs/local/lib/python3.10/dist-packages/linkattacher_msgs-0.0.0-py3.10.egg-info/top_level.txt
[1.479s] -- Up-to-date symlink: /home/ubuntu/ros2ws/install/linkattacher_msgs/local/lib/python3.10/dist-packages/linkattacher_msgs/__init__.py
[1.479s] -- Up-to-date symlink: /home/ubuntu/ros2ws/install/linkattacher_msgs/local/lib/python3.10/dist-packages/linkattacher_msgs/_linkattacher_msgs_s.ep.rosidl_typesupport_c.c
[1.479s] -- Up-to-date symlink: /home/ubuntu/ros2ws/install/linkattacher_msgs/local/lib/python3.10/dist-packages/linkattacher_msgs/_linkattacher_msgs_s.ep.rosidl_typesupport_fastrtps_c.c
[1.480s] -- Up-to-date symlink: /home/ubuntu/ros2ws/install/linkattacher_msgs/local/lib/python3.10/dist-packages/linkattacher_msgs/_linkattacher_msgs_s.ep.rosidl_typesupport_introspection_c.c
[1.480s] -- Up-to-date symlink: /home/ubuntu/ros2ws/install/linkattacher_msgs/local/lib/python3.10/dist-packages/linkattacher_msgs/liblinkattacher_msgs__rosidl_generator_py.so
[1.480s] -- Up-to-date symlink: /home/ubuntu/ros2ws/install/linkattacher_msgs/local/lib/python3.10/dist-packages/linkattacher_msgs/linkattacher_msgs_s__rosidl_typesupport_c.cpython-310-x86_64-linux-gnu.so
[1.480s] -- Up-to-date symlink: /home/ubuntu/ros2ws/install/linkattacher_msgs/local/lib/python3.10/dist-packages/linkattacher_msgs/linkattacher_msgs_s__rosidl_typesupport_fastrtps_c.cpython-310-x86_64-linux-gnu.so
[1.482s] -- Up-to-date symlink: /home/ubuntu/ros2ws/install/linkattacher_msgs/local/lib/python3.10/dist-packages/linkattacher_msgs/linkattacher_msgs_s__rosidl_typesupport_introspection_c.cpython-310-x86_64-linux-gnu.so
[1.483s] -- Up-to-date symlink: /home/ubuntu/ros2ws/install/linkattacher_msgs/local/lib/python3.10/dist-packages/linkattacher_msgs/srv/__init__.py
[1.485s] -- Up-to-date symlink: /home/ubuntu/ros2ws/install/linkattacher_msgs/local/lib/python3.10/dist-packages/linkattacher_msgs/srv/_attach_link.py
[1.485s] -- Up-to-date symlink: /home/ubuntu/ros2ws/install/linkattacher_msgs/local/lib/python3.10/dist-packages/linkattacher_msgs/srv/_attach_link_s.c
[1.485s] -- Up-to-date symlink: /home/ubuntu/ros2ws/install/linkattacher_msgs/local/lib/python3.10/dist-packages/linkattacher_msgs/srv/_detach_link.py
[1.486s] -- Up-to-date symlink: /home/ubuntu/ros2ws/install/linkattacher_msgs/local/lib/python3.10/dist-packages/linkattacher_msgs/srv/_detach_link_s.c
[1.486s] -- Up-to-date symlink: /home/ubuntu/ros2ws/install/linkattacher_msgs/local/lib/python3.10/dist-packages/linkattacher_msgs/linkattacher_msgs_s__rosidl_typesupport_fastrtps_c.cpython-310-x86_64-linux-gnu.so
[1.486s] -- Up-to-date symlink: /home/ubuntu/ros2ws/install/linkattacher_msgs/local/lib/python3.10/dist-packages/linkattacher_msgs/linkattacher_msgs_s__rosidl_typesupport_introspection_c.cpython-310-x86_64-linux-gnu.so
[1.487s] -- Up-to-date symlink: /home/ubuntu/ros2ws/install/linkattacher_msgs/local/lib/python3.10/dist-packages/linkattacher_msgs/linkattacher_msgs_s__rosidl_typesupport_c.cpython-310-x86_64-linux-gnu.so
[1.487s] -- Up-to-date symlink: /home/ubuntu/ros2ws/install/linkattacher_msgs/share/linkattacher_msgs/srv/AttachLink.idl
[1.487s] -- Up-to-date symlink: /home/ubuntu/ros2ws/install/linkattacher_msgs/share/linkattacher_msgs/srv/DetachLink.idl
[1.488s] -- Up-to-date symlink: /home/ubuntu/ros2ws/install/linkattacher_msgs/share/linkattacher_msgs/srv/AttachLink.srv
[1.488s] -- Up-to-date symlink: /home/ubuntu/ros2ws/install/linkattacher_msgs/share/linkattacher_msgs/srv/AttachLink_Request.msg
[1.488s] -- Up-to-date symlink: /home/ubuntu/ros2ws/install/linkattacher_msgs/share/linkattacher_msgs/srv/AttachLink_Response.msg
[1.490s] -- Up-to-date symlink: /home/ubuntu/ros2ws/install/linkattacher_msgs/share/linkattacher_msgs/srv/DetachLink.srv
[1.491s] -- Up-to-date symlink: /home/ubuntu/ros2ws/install/linkattacher_msgs/share/linkattacher_msgs/srv/DetachLink_Request.msg
[1.491s] -- Up-to-date symlink: /home/ubuntu/ros2ws/install/linkattacher_msgs/share/linkattacher_msgs/srv/DetachLink_Response.msg
[1.491s] -- Up-to-date symlink: /home/ubuntu/ros2ws/install/linkattacher_msgs/share/ament_index/resource_index/package_run_dependencies/linkattacher_msgs
[1.491s] -- Up-to-date symlink: /home/ubuntu/ros2ws/install/linkattacher_msgs/share/ament_index/resource_index/parent_prefix_path/linkattacher_msgs
[1.492s] -- Up-to-date symlink: /home/ubuntu/ros2ws/install/linkattacher_msgs/share/linkattacher_msgs/environment/ament_prefix_path.sh
[1.492s] -- Up-to-date symlink: /home/ubuntu/ros2ws/install/linkattacher_msgs/share/linkattacher_msgs/environment/ament_prefix_path.dsv
[1.492s] -- Up-to-date symlink: /home/ubuntu/ros2ws/install/linkattacher_msgs/share/linkattacher_msgs/environment/path.sh
[1.492s] -- Up-to-date symlink: /home/ubuntu/ros2ws/install/linkattacher_msgs/share/linkattacher_msgs/environment/path.dsv
[1.492s] -- Up-to-date symlink: /home/ubuntu/ros2ws/install/linkattacher_msgs/share/linkattacher_msgs/local_setup.bash
[1.495s] -- Up-to-date symlink: /home/ubuntu/ros2ws/install/linkattacher_msgs/share/linkattacher_msgs/local_setup.sh
[1.495s] -- Up-to-date symlink: /home/ubuntu/ros2ws/install/linkattacher_msgs/share/linkattacher_msgs/local_setup.zsh
[1.495s] -- Up-to-date symlink: /home/ubuntu/ros2ws/install/linkattacher_msgs/share/linkattacher_msgs/local_setup.dsv
[1.496s] -- Symlinking: /home/ubuntu/ros2ws/install/linkattacher_msgs/share/linkattacher_msgs/package.dsv
[1.522s] -- Up-to-date symlink: /home/ubuntu/ros2ws/install/linkattacher_msgs/share/ament_index/resource_index/packages/linkattacher_msgs
[1.522s] -- Up-to-date symlink: /home/ubuntu/ros2ws/install/linkattacher_msgs/share/linkattacher_msgs/cmake/rosidl_cmake-extras.cmake
[1.523s] -- Up-to-date symlink: /home/ubuntu/ros2ws/install/linkattacher_msgs/share/linkattacher_msgs/cmake/ament_cmake_export_include_directories-extras.cmake
[1.524s] -- Up-to-date symlink: /home/ubuntu/ros2ws/install/linkattacher_msgs/share/linkattacher_msgs/cmake/ament_cmake_export_libraries-extras.cmake
[1.524s] -- Up-to-date symlink: /home/ubuntu/ros2ws/install/linkattacher_msgs/share/linkattacher_msgs/cmake/ament_cmake_export_targets-extras.cmake
[1.524s] -- Up-to-date symlink: /home/ubuntu/ros2ws/install/linkattacher_msgs/share/linkattacher_msgs/cmake/rosidl_cmake_export_typesupport_targets-extras.cmake
[1.525s] -- Up-to-date symlink: /home/ubuntu/ros2ws/install/linkattacher_msgs/share/linkattacher_msgs/cmake/ament_cmake_export_dependencies-extras.cmake
[1.525s] -- Up-to-date symlink: /home/ubuntu/ros2ws/install/linkattacher_msgs/share/linkattacher_msgs/cmake/rosidl_cmake_export_typesupport_libraries-extras.cmake
[1.525s] -- Up-to-date symlink: /home/ubuntu/ros2ws/install/linkattacher_msgs/share/linkattacher_msgs/cmake/linkattacher_msgsConfig.cmake
[1.525s] -- Up-to-date symlink: /home/ubuntu/ros2ws/install/linkattacher_msgs/share/linkattacher_msgs/cmake/linkattacher_msgsConfig-version.cmake
[1.525s] -- Up-to-date symlink: /home/ubuntu/ros2ws/install/linkattacher_msgs/share/linkattacher_msgs/package.xml
[1.527s] -- Up-to-date: /home/ubuntu/ros2ws/install/linkattacher_msgs/lib/liblinkattacher_msgs__rosidl_generator_c.so
[1.527s] -- Up-to-date: /home/ubuntu/ros2ws/install/linkattacher_msgs/lib/liblinkattacher_msgs__rosidl_typesupport_fastrtps_c.so
[1.531s] -- Up-to-date: /home/ubuntu/ros2ws/install/linkattacher_msgs/lib/liblinkattacher_msgs__rosidl_typesupport_introspection_c.so
[1.532s] -- Up-to-date: /home/ubuntu/ros2ws/install/linkattacher_msgs/lib/liblinkattacher_msgs__rosidl_typesupport_c.so
[1.532s] -- Up-to-date: /home/ubuntu/ros2ws/install/linkattacher_msgs/lib/liblinkattacher_msgs__rosidl_typesupport_fastrtps_cpp.so
[1.532s] -- Up-to-date: /home/ubuntu/ros2ws/install/linkattacher_msgs/lib/liblinkattacher_msgs__rosidl_typesupport_introspection_cpp.so
[1.532s] -- Up-to-date: /home/ubuntu/ros2ws/install/linkattacher_msgs/lib/liblinkattacher_msgs__rosidl_typesupport_cpp.so
[1.659s] Listing '/home/ubuntu/ros2ws/install/linkattacher_msgs/local/lib/python3.10/dist-packages/linkattacher_msgs'...
[1.659s] Listing '/home/ubuntu/ros2ws/install/linkattacher_msgs/local/lib/python3.10/dist-packages/linkattacher_msgs/srv'...
[1.667s] -- Up-to-date: /home/ubuntu/ros2ws/install/linkattacher_msgs/lib/liblinkattacher_msgs__rosidl_generator_py.so
[1.667s] -- Up-to-date: /home/ubuntu/ros2ws/install/linkattacher_msgs/share/linkattacher_msgs/cmake/export_linkattacher_msgs__rosidl_generator_cExport.cmake
[1.667s] -- Up-to-date: /home/ubuntu/ros2ws/install/linkattacher_msgs/share/linkattacher_msgs/cmake/export_linkattacher_msgs__rosidl_generator_cExport-noconfig.cmake
[1.668s] -- Up-to-date: /home/ubuntu/ros2ws/install/linkattacher_msgs/share/linkattacher_msgs/cmake/export_linkattacher_msgs__rosidl_typesupport_fastrtps_cExport.cmake
[1.668s] -- Up-to-date: /home/ubuntu/ros2ws/install/linkattacher_msgs/share/linkattacher_msgs/cmake/export_linkattacher_msgs__rosidl_typesupport_fastrtps_cExport-noconfig.cmake
[1.668s] -- Up-to-date: /home/ubuntu/ros2ws/install/linkattacher_msgs/share/linkattacher_msgs/cmake/linkattacher_msgs__rosidl_typesupport_introspection_cExport.cmake
[1.668s] -- Up-to-date: /home/ubuntu/ros2ws/install/linkattacher_msgs/share/linkattacher_msgs/cmake/linkattacher_msgs__rosidl_typesupport_introspection_cExport-noconfig.cmake
[1.669s] -- Up-to-date: /home/ubuntu/ros2ws/install/linkattacher_msgs/share/linkattacher_msgs/cmake/linkattacher_msgs__rosidl_typesupport_cExport.cmake
[1.669s] -- Up-to-date: /home/ubuntu/ros2ws/install/linkattacher_msgs/share/linkattacher_msgs/cmake/linkattacher_msgs__rosidl_typesupport_cExport-noconfig.cmake
[1.669s] -- Up-to-date: /home/ubuntu/ros2ws/install/linkattacher_msgs/share/linkattacher_msgs/cmake/export_linkattacher_msgs__rosidl_generator_cppExport.cmake
[1.669s] -- Up-to-date: /home/ubuntu/ros2ws/install/linkattacher_msgs/share/linkattacher_msgs/cmake/export_linkattacher_msgs__rosidl_typesupport_fastrtps_cppExport.cmake
[1.669s] -- Up-to-date: /home/ubuntu/ros2ws/install/linkattacher_msgs/share/linkattacher_msgs/cmake/export_linkattacher_msgs__rosidl_typesupport_fastrtps_cppExport-noconfig.cmake
[1.673s] -- Up-to-date: /home/ubuntu/ros2ws/install/linkattacher_msgs/share/linkattacher_msgs/cmake/linkattacher_msgs__rosidl_typesupport_introspection_cppExport.cmake
[1.674s] -- Up-to-date: /home/ubuntu/ros2ws/install/linkattacher_msgs/share/linkattacher_msgs/cmake/linkattacher_msgs__rosidl_typesupport_introspection_cppExport-noconfig.cmake
[1.674s] -- Up-to-date: /home/ubuntu/ros2ws/install/linkattacher_msgs/share/linkattacher_msgs/cmake/linkattacher_msgs__rosidl_typesupport_cppExport.cmake
[1.674s] -- Up-to-date: /home/ubuntu/ros2ws/install/linkattacher_msgs/share/linkattacher_msgs/cmake/linkattacher_msgs__rosidl_typesupport_cppExport-noconfig.cmake
[1.674s] -- Up-to-date: /home/ubuntu/ros2ws/install/linkattacher_msgs/share/linkattacher_msgs/cmake/export_linkattacher_msgs__rosidl_generator_pyExport.cmake
[1.674s] -- Up-to-date: /home/ubuntu/ros2ws/install/linkattacher_msgs/share/linkattacher_msgs/cmake/export_linkattacher_msgs__rosidl_generator_pyExport-noconfig.cmake
[1.675s] Invoked command in '/home/ubuntu/ros2ws/build/linkattacher_msgs' returned '0': CMAKE_PREFIX_PATH=${CMAKE_PREFIX_PATH}:/home/ubuntu/ros2ws/install/testV1:/home/ubuntu/ros2ws/install/gui_subscriber:/home/ubuntu/ros2ws/install/moveit_configs_utils:/home/ubuntu/ros2ws/install/robot_letter_writer:/home/ubuntu/ros2ws/install/launch_param_builder:/opt/ros/humble /usr/bin/cmake --install /home/ubuntu/ros2ws/build/linkattacher_msgs
