[0.055s] Invoking command in '/home/ubuntu/ros2ws/build/ros2srrc_irb6640_gazebo': CMAKE_PREFIX_PATH=${CMAKE_PREFIX_PATH}:/opt/ros/humble /usr/bin/cmake /home/ubuntu/ros2ws/src/ros2_SimRealRobotControl/packages/irb6640/ros2srrc_irb6640_gazebo -DCMAKE_INSTALL_PREFIX=/home/ubuntu/ros2ws/install/ros2srrc_irb6640_gazebo
[0.103s] -- Found ament_cmake: 1.3.10 (/opt/ros/humble/share/ament_cmake/cmake)
[0.304s] -- Override CMake install command with custom implementation using symlinks instead of copying resources
[0.330s] -- Found ament_lint_auto: 0.12.11 (/opt/ros/humble/share/ament_lint_auto/cmake)
[0.452s] -- Added test 'copyright' to check source files copyright and LICENSE
[0.456s] -- Added test 'lint_cmake' to check CMake code style
[0.460s] -- Added test 'xmllint' to check XML markup files
[0.460s] -- Configuring done
[0.472s] -- Generating done
[0.473s] -- Build files have been written to: /home/ubuntu/ros2ws/build/ros2srrc_irb6640_gazebo
[0.478s] Invoked command in '/home/ubuntu/ros2ws/build/ros2srrc_irb6640_gazebo' returned '0': CMAKE_PREFIX_PATH=${CMAKE_PREFIX_PATH}:/opt/ros/humble /usr/bin/cmake /home/ubuntu/ros2ws/src/ros2_SimRealRobotControl/packages/irb6640/ros2srrc_irb6640_gazebo -DCMAKE_INSTALL_PREFIX=/home/ubuntu/ros2ws/install/ros2srrc_irb6640_gazebo
[0.482s] Invoking command in '/home/ubuntu/ros2ws/build/ros2srrc_irb6640_gazebo': CMAKE_PREFIX_PATH=${CMAKE_PREFIX_PATH}:/opt/ros/humble /usr/bin/cmake --build /home/ubuntu/ros2ws/build/ros2srrc_irb6640_gazebo -- -j4 -l4
[0.572s] Invoked command in '/home/ubuntu/ros2ws/build/ros2srrc_irb6640_gazebo' returned '0': CMAKE_PREFIX_PATH=${CMAKE_PREFIX_PATH}:/opt/ros/humble /usr/bin/cmake --build /home/ubuntu/ros2ws/build/ros2srrc_irb6640_gazebo -- -j4 -l4
[0.624s] Invoking command in '/home/ubuntu/ros2ws/build/ros2srrc_irb6640_gazebo': CMAKE_PREFIX_PATH=${CMAKE_PREFIX_PATH}:/opt/ros/humble /usr/bin/cmake --install /home/ubuntu/ros2ws/build/ros2srrc_irb6640_gazebo
[0.634s] -- Install configuration: ""
[0.635s] -- Execute custom install script
[0.653s] -- Up-to-date symlink: /home/ubuntu/ros2ws/install/ros2srrc_irb6640_gazebo/share/ros2srrc_irb6640_gazebo/config/configurations.yaml
[0.662s] -- Up-to-date symlink: /home/ubuntu/ros2ws/install/ros2srrc_irb6640_gazebo/share/ros2srrc_irb6640_gazebo/urdf/irb6640.urdf.xacro
[0.663s] -- Up-to-date symlink: /home/ubuntu/ros2ws/install/ros2srrc_irb6640_gazebo/share/ros2srrc_irb6640_gazebo/urdf/irb6640_gpp5010nc.urdf.xacro
[0.663s] -- Up-to-date symlink: /home/ubuntu/ros2ws/install/ros2srrc_irb6640_gazebo/share/ros2srrc_irb6640_gazebo/worlds/ros2srrc_irb6640.world
[0.664s] -- Up-to-date symlink: /home/ubuntu/ros2ws/install/ros2srrc_irb6640_gazebo/share/ament_index/resource_index/package_run_dependencies/ros2srrc_irb6640_gazebo
[0.665s] -- Up-to-date symlink: /home/ubuntu/ros2ws/install/ros2srrc_irb6640_gazebo/share/ament_index/resource_index/parent_prefix_path/ros2srrc_irb6640_gazebo
[0.667s] -- Up-to-date symlink: /home/ubuntu/ros2ws/install/ros2srrc_irb6640_gazebo/share/ros2srrc_irb6640_gazebo/environment/ament_prefix_path.sh
[0.670s] -- Up-to-date symlink: /home/ubuntu/ros2ws/install/ros2srrc_irb6640_gazebo/share/ros2srrc_irb6640_gazebo/environment/ament_prefix_path.dsv
[0.670s] -- Up-to-date symlink: /home/ubuntu/ros2ws/install/ros2srrc_irb6640_gazebo/share/ros2srrc_irb6640_gazebo/environment/path.sh
[0.670s] -- Up-to-date symlink: /home/ubuntu/ros2ws/install/ros2srrc_irb6640_gazebo/share/ros2srrc_irb6640_gazebo/environment/path.dsv
[0.670s] -- Up-to-date symlink: /home/ubuntu/ros2ws/install/ros2srrc_irb6640_gazebo/share/ros2srrc_irb6640_gazebo/local_setup.bash
[0.670s] -- Up-to-date symlink: /home/ubuntu/ros2ws/install/ros2srrc_irb6640_gazebo/share/ros2srrc_irb6640_gazebo/local_setup.sh
[0.670s] -- Up-to-date symlink: /home/ubuntu/ros2ws/install/ros2srrc_irb6640_gazebo/share/ros2srrc_irb6640_gazebo/local_setup.zsh
[0.670s] -- Up-to-date symlink: /home/ubuntu/ros2ws/install/ros2srrc_irb6640_gazebo/share/ros2srrc_irb6640_gazebo/local_setup.dsv
[0.670s] -- Symlinking: /home/ubuntu/ros2ws/install/ros2srrc_irb6640_gazebo/share/ros2srrc_irb6640_gazebo/package.dsv
[0.682s] -- Up-to-date symlink: /home/ubuntu/ros2ws/install/ros2srrc_irb6640_gazebo/share/ament_index/resource_index/packages/ros2srrc_irb6640_gazebo
[0.684s] -- Up-to-date symlink: /home/ubuntu/ros2ws/install/ros2srrc_irb6640_gazebo/share/ros2srrc_irb6640_gazebo/cmake/ros2srrc_irb6640_gazeboConfig.cmake
[0.685s] -- Up-to-date symlink: /home/ubuntu/ros2ws/install/ros2srrc_irb6640_gazebo/share/ros2srrc_irb6640_gazebo/cmake/ros2srrc_irb6640_gazeboConfig-version.cmake
[0.686s] -- Up-to-date symlink: /home/ubuntu/ros2ws/install/ros2srrc_irb6640_gazebo/share/ros2srrc_irb6640_gazebo/package.xml
[0.690s] Invoked command in '/home/ubuntu/ros2ws/build/ros2srrc_irb6640_gazebo' returned '0': CMAKE_PREFIX_PATH=${CMAKE_PREFIX_PATH}:/opt/ros/humble /usr/bin/cmake --install /home/ubuntu/ros2ws/build/ros2srrc_irb6640_gazebo
