[0.825s] Invoking command in '/home/ubuntu/ros2ws/src/robot_letter_writer': PYTHONPATH=/home/ubuntu/ros2ws/build/robot_letter_writer/prefix_override:/usr/lib/python3/dist-packages/colcon_core/task/python/colcon_distutils_commands:/home/ubuntu/ros2ws/install/robot_letter_writer/lib/python3.10/site-packages:${PYTHONPATH} /usr/bin/python3 -W ignore:setup.py install is deprecated setup.py egg_info --egg-base ../../build/robot_letter_writer build --build-base /home/ubuntu/ros2ws/build/robot_letter_writer/build install --record /home/ubuntu/ros2ws/build/robot_letter_writer/install.log --single-version-externally-managed install_data
[1.143s] running egg_info
[1.144s] writing ../../build/robot_letter_writer/robot_letter_writer.egg-info/PKG-INFO
[1.144s] writing dependency_links to ../../build/robot_letter_writer/robot_letter_writer.egg-info/dependency_links.txt
[1.145s] writing entry points to ../../build/robot_letter_writer/robot_letter_writer.egg-info/entry_points.txt
[1.145s] writing requirements to ../../build/robot_letter_writer/robot_letter_writer.egg-info/requires.txt
[1.145s] writing top-level names to ../../build/robot_letter_writer/robot_letter_writer.egg-info/top_level.txt
[1.149s] reading manifest file '../../build/robot_letter_writer/robot_letter_writer.egg-info/SOURCES.txt'
[1.150s] writing manifest file '../../build/robot_letter_writer/robot_letter_writer.egg-info/SOURCES.txt'
[1.150s] running build
[1.150s] running build_py
[1.150s] copying robot_letter_writer/letter_movements_robmove.py -> /home/ubuntu/ros2ws/build/robot_letter_writer/build/lib/robot_letter_writer
[1.151s] running install
[1.151s] running install_lib
[1.152s] copying /home/ubuntu/ros2ws/build/robot_letter_writer/build/lib/robot_letter_writer/letter_movements_robmove.py -> /home/ubuntu/ros2ws/install/robot_letter_writer/lib/python3.10/site-packages/robot_letter_writer
[1.152s] byte-compiling /home/ubuntu/ros2ws/install/robot_letter_writer/lib/python3.10/site-packages/robot_letter_writer/letter_movements_robmove.py to letter_movements_robmove.cpython-310.pyc
[1.157s] running install_data
[1.157s] running install_egg_info
[1.157s] removing '/home/ubuntu/ros2ws/install/robot_letter_writer/lib/python3.10/site-packages/robot_letter_writer-0.0.0-py3.10.egg-info' (and everything under it)
[1.157s] Copying ../../build/robot_letter_writer/robot_letter_writer.egg-info to /home/ubuntu/ros2ws/install/robot_letter_writer/lib/python3.10/site-packages/robot_letter_writer-0.0.0-py3.10.egg-info
[1.158s] running install_scripts
[1.181s] Installing robot_letter_writer_node script to /home/ubuntu/ros2ws/install/robot_letter_writer/lib/robot_letter_writer
[1.181s] Installing robot_letter_writer_robmove_node script to /home/ubuntu/ros2ws/install/robot_letter_writer/lib/robot_letter_writer
[1.182s] writing list of installed files to '/home/ubuntu/ros2ws/build/robot_letter_writer/install.log'
[1.205s] Invoked command in '/home/ubuntu/ros2ws/src/robot_letter_writer' returned '0': PYTHONPATH=/home/ubuntu/ros2ws/build/robot_letter_writer/prefix_override:/usr/lib/python3/dist-packages/colcon_core/task/python/colcon_distutils_commands:/home/ubuntu/ros2ws/install/robot_letter_writer/lib/python3.10/site-packages:${PYTHONPATH} /usr/bin/python3 -W ignore:setup.py install is deprecated setup.py egg_info --egg-base ../../build/robot_letter_writer build --build-base /home/ubuntu/ros2ws/build/robot_letter_writer/build install --record /home/ubuntu/ros2ws/build/robot_letter_writer/install.log --single-version-externally-managed install_data
