[0.026s] Invoking command in '/home/ubuntu/ros2ws/build/iiwa_ros2_moveit2': AMENT_PREFIX_PATH=/home/ubuntu/ros2ws/install/ros2_data:${AMENT_PREFIX_PATH} CMAKE_PREFIX_PATH=/home/ubuntu/ros2ws/install/ros2_data:/home/ubuntu/ros2ws/install/turtlesim:/opt/ros/humble LD_LIBRARY_PATH=/home/ubuntu/ros2ws/install/ros2_data/lib:${LD_LIBRARY_PATH} PYTHONPATH=/home/ubuntu/ros2ws/install/ros2_data/local/lib/python3.10/dist-packages:${PYTHONPATH} /usr/bin/cmake /home/ubuntu/ros2ws/src/ros2_RobotSimulation/Kuka/LBRiiwa/iiwa_ros2_moveit2 -DCMAKE_INSTALL_PREFIX=/home/ubuntu/ros2ws/install/iiwa_ros2_moveit2
[0.140s] -- The C compiler identification is GNU 11.4.0
[0.250s] -- The CXX compiler identification is GNU 11.4.0
[0.267s] -- Detecting C compiler ABI info
[0.399s] -- Detecting C compiler ABI info - done
[0.412s] -- Check for working C compiler: /usr/bin/cc - skipped
[0.412s] -- Detecting C compile features
[0.412s] -- Detecting C compile features - done
[0.417s] -- Detecting CXX compiler ABI info
[0.575s] -- Detecting CXX compiler ABI info - done
[0.587s] -- Check for working CXX compiler: /usr/bin/c++ - skipped
[0.588s] -- Detecting CXX compile features
[0.589s] -- Detecting CXX compile features - done
[0.593s] -- Found ament_cmake: 1.3.10 (/opt/ros/humble/share/ament_cmake/cmake)
[0.887s] -- Found Python3: /usr/bin/python3 (found version "3.10.12") found components: Interpreter 
[1.047s] -- Found ament_lint_auto: 0.12.11 (/opt/ros/humble/share/ament_lint_auto/cmake)
[1.185s] -- Added test 'copyright' to check source files copyright and LICENSE
[1.188s] -- Added test 'flake8' to check Python code syntax and style conventions
[1.189s] -- Added test 'lint_cmake' to check CMake code style
[1.190s] -- Added test 'pep257' to check Python code against some of the docstring style conventions in PEP 257
[1.192s] -- Added test 'xmllint' to check XML markup files
[1.198s] -- Configuring done
[1.201s] -- Generating done
[1.201s] -- Build files have been written to: /home/ubuntu/ros2ws/build/iiwa_ros2_moveit2
[1.213s] Invoked command in '/home/ubuntu/ros2ws/build/iiwa_ros2_moveit2' returned '0': AMENT_PREFIX_PATH=/home/ubuntu/ros2ws/install/ros2_data:${AMENT_PREFIX_PATH} CMAKE_PREFIX_PATH=/home/ubuntu/ros2ws/install/ros2_data:/home/ubuntu/ros2ws/install/turtlesim:/opt/ros/humble LD_LIBRARY_PATH=/home/ubuntu/ros2ws/install/ros2_data/lib:${LD_LIBRARY_PATH} PYTHONPATH=/home/ubuntu/ros2ws/install/ros2_data/local/lib/python3.10/dist-packages:${PYTHONPATH} /usr/bin/cmake /home/ubuntu/ros2ws/src/ros2_RobotSimulation/Kuka/LBRiiwa/iiwa_ros2_moveit2 -DCMAKE_INSTALL_PREFIX=/home/ubuntu/ros2ws/install/iiwa_ros2_moveit2
[1.213s] Invoking command in '/home/ubuntu/ros2ws/build/iiwa_ros2_moveit2': AMENT_PREFIX_PATH=/home/ubuntu/ros2ws/install/ros2_data:${AMENT_PREFIX_PATH} CMAKE_PREFIX_PATH=/home/ubuntu/ros2ws/install/ros2_data:/home/ubuntu/ros2ws/install/turtlesim:/opt/ros/humble LD_LIBRARY_PATH=/home/ubuntu/ros2ws/install/ros2_data/lib:${LD_LIBRARY_PATH} PYTHONPATH=/home/ubuntu/ros2ws/install/ros2_data/local/lib/python3.10/dist-packages:${PYTHONPATH} /usr/bin/cmake --build /home/ubuntu/ros2ws/build/iiwa_ros2_moveit2 -- -j4 -l4
[1.289s] Invoked command in '/home/ubuntu/ros2ws/build/iiwa_ros2_moveit2' returned '0': AMENT_PREFIX_PATH=/home/ubuntu/ros2ws/install/ros2_data:${AMENT_PREFIX_PATH} CMAKE_PREFIX_PATH=/home/ubuntu/ros2ws/install/ros2_data:/home/ubuntu/ros2ws/install/turtlesim:/opt/ros/humble LD_LIBRARY_PATH=/home/ubuntu/ros2ws/install/ros2_data/lib:${LD_LIBRARY_PATH} PYTHONPATH=/home/ubuntu/ros2ws/install/ros2_data/local/lib/python3.10/dist-packages:${PYTHONPATH} /usr/bin/cmake --build /home/ubuntu/ros2ws/build/iiwa_ros2_moveit2 -- -j4 -l4
[1.348s] Invoking command in '/home/ubuntu/ros2ws/build/iiwa_ros2_moveit2': AMENT_PREFIX_PATH=/home/ubuntu/ros2ws/install/ros2_data:${AMENT_PREFIX_PATH} CMAKE_PREFIX_PATH=/home/ubuntu/ros2ws/install/ros2_data:/home/ubuntu/ros2ws/install/turtlesim:/opt/ros/humble LD_LIBRARY_PATH=/home/ubuntu/ros2ws/install/ros2_data/lib:${LD_LIBRARY_PATH} PYTHONPATH=/home/ubuntu/ros2ws/install/ros2_data/local/lib/python3.10/dist-packages:${PYTHONPATH} /usr/bin/cmake --install /home/ubuntu/ros2ws/build/iiwa_ros2_moveit2
[1.363s] -- Install configuration: ""
[1.364s] -- Installing: /home/ubuntu/ros2ws/install/iiwa_ros2_moveit2/share/iiwa_ros2_moveit2/config
[1.366s] -- Installing: /home/ubuntu/ros2ws/install/iiwa_ros2_moveit2/share/iiwa_ros2_moveit2/config/ompl_planning.yaml
[1.366s] -- Installing: /home/ubuntu/ros2ws/install/iiwa_ros2_moveit2/share/iiwa_ros2_moveit2/config/iiwa_moveit2.rviz
[1.367s] -- Installing: /home/ubuntu/ros2ws/install/iiwa_ros2_moveit2/share/iiwa_ros2_moveit2/config/iiwa.srdf
[1.370s] -- Installing: /home/ubuntu/ros2ws/install/iiwa_ros2_moveit2/share/iiwa_ros2_moveit2/config/iiwa_controllers.yaml
[1.370s] -- Installing: /home/ubuntu/ros2ws/install/iiwa_ros2_moveit2/share/iiwa_ros2_moveit2/config/kinematics.yaml
[1.370s] -- Installing: /home/ubuntu/ros2ws/install/iiwa_ros2_moveit2/share/iiwa_ros2_moveit2/launch
[1.370s] -- Installing: /home/ubuntu/ros2ws/install/iiwa_ros2_moveit2/share/iiwa_ros2_moveit2/launch/iiwa_interface.launch.py
[1.371s] -- Installing: /home/ubuntu/ros2ws/install/iiwa_ros2_moveit2/share/iiwa_ros2_moveit2/launch/iiwa.launch.py
[1.371s] -- Installing: /home/ubuntu/ros2ws/install/iiwa_ros2_moveit2/share/ament_index/resource_index/package_run_dependencies/iiwa_ros2_moveit2
[1.371s] -- Installing: /home/ubuntu/ros2ws/install/iiwa_ros2_moveit2/share/ament_index/resource_index/parent_prefix_path/iiwa_ros2_moveit2
[1.371s] -- Installing: /home/ubuntu/ros2ws/install/iiwa_ros2_moveit2/share/iiwa_ros2_moveit2/environment/ament_prefix_path.sh
[1.373s] -- Installing: /home/ubuntu/ros2ws/install/iiwa_ros2_moveit2/share/iiwa_ros2_moveit2/environment/ament_prefix_path.dsv
[1.374s] -- Installing: /home/ubuntu/ros2ws/install/iiwa_ros2_moveit2/share/iiwa_ros2_moveit2/environment/path.sh
[1.374s] -- Installing: /home/ubuntu/ros2ws/install/iiwa_ros2_moveit2/share/iiwa_ros2_moveit2/environment/path.dsv
[1.374s] -- Installing: /home/ubuntu/ros2ws/install/iiwa_ros2_moveit2/share/iiwa_ros2_moveit2/local_setup.bash
[1.374s] -- Installing: /home/ubuntu/ros2ws/install/iiwa_ros2_moveit2/share/iiwa_ros2_moveit2/local_setup.sh
[1.374s] -- Installing: /home/ubuntu/ros2ws/install/iiwa_ros2_moveit2/share/iiwa_ros2_moveit2/local_setup.zsh
[1.375s] -- Installing: /home/ubuntu/ros2ws/install/iiwa_ros2_moveit2/share/iiwa_ros2_moveit2/local_setup.dsv
[1.375s] -- Installing: /home/ubuntu/ros2ws/install/iiwa_ros2_moveit2/share/iiwa_ros2_moveit2/package.dsv
[1.375s] -- Installing: /home/ubuntu/ros2ws/install/iiwa_ros2_moveit2/share/ament_index/resource_index/packages/iiwa_ros2_moveit2
[1.375s] -- Installing: /home/ubuntu/ros2ws/install/iiwa_ros2_moveit2/share/iiwa_ros2_moveit2/cmake/iiwa_ros2_moveit2Config.cmake
[1.376s] -- Installing: /home/ubuntu/ros2ws/install/iiwa_ros2_moveit2/share/iiwa_ros2_moveit2/cmake/iiwa_ros2_moveit2Config-version.cmake
[1.376s] -- Installing: /home/ubuntu/ros2ws/install/iiwa_ros2_moveit2/share/iiwa_ros2_moveit2/package.xml
[1.391s] Invoked command in '/home/ubuntu/ros2ws/build/iiwa_ros2_moveit2' returned '0': AMENT_PREFIX_PATH=/home/ubuntu/ros2ws/install/ros2_data:${AMENT_PREFIX_PATH} CMAKE_PREFIX_PATH=/home/ubuntu/ros2ws/install/ros2_data:/home/ubuntu/ros2ws/install/turtlesim:/opt/ros/humble LD_LIBRARY_PATH=/home/ubuntu/ros2ws/install/ros2_data/lib:${LD_LIBRARY_PATH} PYTHONPATH=/home/ubuntu/ros2ws/install/ros2_data/local/lib/python3.10/dist-packages:${PYTHONPATH} /usr/bin/cmake --install /home/ubuntu/ros2ws/build/iiwa_ros2_moveit2
