[0.029s] Invoking command in '/home/ubuntu/ros2ws/build/abb_libegm': CMAKE_PREFIX_PATH=${CMAKE_PREFIX_PATH}:/opt/ros/humble /usr/bin/cmake /home/ubuntu/ros2ws/src/ABBDriver/abb_libegm -DCMAKE_INSTALL_PREFIX=/home/ubuntu/ros2ws/install/abb_libegm
[0.123s] -- The CXX compiler identification is GNU 11.4.0
[0.135s] -- Detecting CXX compiler ABI info
[0.256s] -- Detecting CXX compiler ABI info - done
[0.265s] -- Check for working CXX compiler: /usr/bin/c++ - skipped
[0.265s] -- Detecting CXX compile features
[0.265s] -- Detecting CXX compile features - done
[0.545s] -- Found Boost: /usr/lib/x86_64-linux-gnu/cmake/Boost-1.74.0/BoostConfig.cmake (found version "1.74.0") found components: regex system thread 
[0.576s] -- Found Protobuf: /usr/lib/x86_64-linux-gnu/libprotobuf.so (found version "3.12.4") 
[0.576s] -- Generating protobuf C++ for: proto/egm.proto;proto/egm_wrapper.proto;proto/egm_wrapper_trajectory.proto
[0.578s] -- Found Threads: TRUE  
[0.580s] -- Performing Test COMPILER_HAS_HIDDEN_VISIBILITY
[0.700s] -- Performing Test COMPILER_HAS_HIDDEN_VISIBILITY - Success
[0.700s] -- Performing Test COMPILER_HAS_HIDDEN_INLINE_VISIBILITY
[0.917s] -- Performing Test COMPILER_HAS_HIDDEN_INLINE_VISIBILITY - Success
[0.922s] -- Performing Test COMPILER_HAS_DEPRECATED_ATTR
[1.169s] -- Performing Test COMPILER_HAS_DEPRECATED_ATTR - Success
[1.176s] -- Configuring done
[1.186s] -- Generating done
[1.187s] -- Build files have been written to: /home/ubuntu/ros2ws/build/abb_libegm
[1.204s] Invoked command in '/home/ubuntu/ros2ws/build/abb_libegm' returned '0': CMAKE_PREFIX_PATH=${CMAKE_PREFIX_PATH}:/opt/ros/humble /usr/bin/cmake /home/ubuntu/ros2ws/src/ABBDriver/abb_libegm -DCMAKE_INSTALL_PREFIX=/home/ubuntu/ros2ws/install/abb_libegm
[1.210s] Invoking command in '/home/ubuntu/ros2ws/build/abb_libegm': CMAKE_PREFIX_PATH=${CMAKE_PREFIX_PATH}:/opt/ros/humble /usr/bin/cmake --build /home/ubuntu/ros2ws/build/abb_libegm -- -j4 -l4
[1.318s] [  6%] [34m[1mRunning cpp protocol buffer compiler on proto/egm_wrapper_trajectory.proto[0m
[1.328s] [ 13%] [34m[1mRunning cpp protocol buffer compiler on proto/egm_wrapper.proto[0m
[1.329s] [ 20%] [34m[1mRunning cpp protocol buffer compiler on proto/egm.proto[0m
[1.478s] [ 33%] [32mBuilding CXX object CMakeFiles/abb_libegm.dir/src/egm_common_auxiliary.cpp.o[0m
[1.478s] [ 33%] [32mBuilding CXX object CMakeFiles/abb_libegm.dir/src/egm_common.cpp.o[0m
[1.490s] [ 40%] [32mBuilding CXX object CMakeFiles/abb_libegm.dir/src/egm_controller_interface.cpp.o[0m
[1.499s] [ 46%] [32mBuilding CXX object CMakeFiles/abb_libegm.dir/src/egm_base_interface.cpp.o[0m
[6.042s] [ 53%] [32mBuilding CXX object CMakeFiles/abb_libegm.dir/src/egm_interpolator.cpp.o[0m
[8.306s] [ 60%] [32mBuilding CXX object CMakeFiles/abb_libegm.dir/src/egm_logger.cpp.o[0m
[13.357s] [ 66%] [32mBuilding CXX object CMakeFiles/abb_libegm.dir/src/egm_udp_server.cpp.o[0m
[15.663s] [ 73%] [32mBuilding CXX object CMakeFiles/abb_libegm.dir/src/egm_trajectory_interface.cpp.o[0m
[16.764s] In file included from [01m[K/usr/include/boost/bind.hpp:30[m[K,
[16.764s]                  from [01m[K/home/ubuntu/ros2ws/src/ABBDriver/abb_libegm/src/egm_udp_server.cpp:37[m[K:
[16.764s] [01m[K/usr/include/boost/bind.hpp:36:1:[m[K [01;36m[Knote: [m[K‘[01m[K#pragma message: The practice of declaring the Bind placeholders (_1, _2, ...) in the global namespace is deprecated. Please use <boost/bind/bind.hpp> + using namespace boost::placeholders, or define BOOST_BIND_GLOBAL_PLACEHOLDERS to retain the current behavior.[m[K’
[16.764s]    36 | [01;36m[KBOOST_PRAGMA_MESSAGE[m[K(
[16.764s]       | [01;36m[K^~~~~~~~~~~~~~~~~~~~[m[K
[18.062s] [ 80%] [32mBuilding CXX object CMakeFiles/abb_libegm.dir/egm.pb.cc.o[0m
[18.154s] [ 86%] [32mBuilding CXX object CMakeFiles/abb_libegm.dir/egm_wrapper.pb.cc.o[0m
[27.062s] [ 93%] [32mBuilding CXX object CMakeFiles/abb_libegm.dir/egm_wrapper_trajectory.pb.cc.o[0m
[35.673s] [100%] [32m[1mLinking CXX shared library libabb_libegm.so[0m
[36.378s] [100%] Built target abb_libegm
[36.430s] Invoked command in '/home/ubuntu/ros2ws/build/abb_libegm' returned '0': CMAKE_PREFIX_PATH=${CMAKE_PREFIX_PATH}:/opt/ros/humble /usr/bin/cmake --build /home/ubuntu/ros2ws/build/abb_libegm -- -j4 -l4
[36.565s] Invoking command in '/home/ubuntu/ros2ws/build/abb_libegm': CMAKE_PREFIX_PATH=${CMAKE_PREFIX_PATH}:/opt/ros/humble /usr/bin/cmake --install /home/ubuntu/ros2ws/build/abb_libegm
[36.602s] -- Install configuration: ""
[36.602s] -- Installing: /home/ubuntu/ros2ws/install/abb_libegm/include
[36.602s] -- Installing: /home/ubuntu/ros2ws/install/abb_libegm/include/abb_libegm
[36.603s] -- Installing: /home/ubuntu/ros2ws/install/abb_libegm/include/abb_libegm/egm_logger.h
[36.603s] -- Installing: /home/ubuntu/ros2ws/install/abb_libegm/include/abb_libegm/egm_trajectory_interface.h
[36.603s] -- Installing: /home/ubuntu/ros2ws/install/abb_libegm/include/abb_libegm/egm_common_auxiliary.h
[36.603s] -- Installing: /home/ubuntu/ros2ws/install/abb_libegm/include/abb_libegm/egm_base_interface.h
[36.603s] -- Installing: /home/ubuntu/ros2ws/install/abb_libegm/include/abb_libegm/egm_common.h
[36.603s] -- Installing: /home/ubuntu/ros2ws/install/abb_libegm/include/abb_libegm/egm_interpolator.h
[36.603s] -- Installing: /home/ubuntu/ros2ws/install/abb_libegm/include/abb_libegm/egm_controller_interface.h
[36.604s] -- Installing: /home/ubuntu/ros2ws/install/abb_libegm/include/abb_libegm/egm_udp_server.h
[36.604s] -- Installing: /home/ubuntu/ros2ws/install/abb_libegm/include/abb_libegm/egm.proto
[36.604s] -- Installing: /home/ubuntu/ros2ws/install/abb_libegm/include/abb_libegm/egm_wrapper.proto
[36.604s] -- Installing: /home/ubuntu/ros2ws/install/abb_libegm/include/abb_libegm/egm_wrapper_trajectory.proto
[36.604s] -- Installing: /home/ubuntu/ros2ws/install/abb_libegm/include/abb_libegm/egm.pb.h
[36.605s] -- Installing: /home/ubuntu/ros2ws/install/abb_libegm/include/abb_libegm/egm_wrapper.pb.h
[36.605s] -- Installing: /home/ubuntu/ros2ws/install/abb_libegm/include/abb_libegm/egm_wrapper_trajectory.pb.h
[36.607s] -- Installing: /home/ubuntu/ros2ws/install/abb_libegm/include/abb_libegm/abb_libegm_export.h
[36.607s] -- Installing: /home/ubuntu/ros2ws/install/abb_libegm/lib/libabb_libegm.so
[36.612s] -- Installing: /home/ubuntu/ros2ws/install/abb_libegm/share/abb_libegm/abb_libegmConfig.cmake
[36.612s] -- Installing: /home/ubuntu/ros2ws/install/abb_libegm/share/abb_libegm/abb_libegmConfigVersion.cmake
[36.612s] -- Installing: /home/ubuntu/ros2ws/install/abb_libegm/share/abb_libegm/package.xml
[36.612s] -- Installing: /home/ubuntu/ros2ws/install/abb_libegm/share/abb_libegm/abb_libegmTargets.cmake
[36.613s] -- Installing: /home/ubuntu/ros2ws/install/abb_libegm/share/abb_libegm/abb_libegmTargets-noconfig.cmake
[36.619s] Invoked command in '/home/ubuntu/ros2ws/build/abb_libegm' returned '0': CMAKE_PREFIX_PATH=${CMAKE_PREFIX_PATH}:/opt/ros/humble /usr/bin/cmake --install /home/ubuntu/ros2ws/build/abb_libegm
