[0.000000] (-) TimerEvent: {}
[0.000138] (-) JobUnselected: {'identifier': 'GUI_subscriber'}
[0.000164] (-) JobUnselected: {'identifier': 'abb_bringup'}
[0.000180] (-) JobUnselected: {'identifier': 'abb_egm_msgs'}
[0.000194] (-) JobUnselected: {'identifier': 'abb_egm_rws_managers'}
[0.000208] (-) JobUnselected: {'identifier': 'abb_hardware_interface'}
[0.000221] (-) JobUnselected: {'identifier': 'abb_irb1200_5_90_moveit_config'}
[0.000234] (-) JobUnselected: {'identifier': 'abb_irb1200_support'}
[0.000246] (-) JobUnselected: {'identifier': 'abb_irb4600_support'}
[0.000259] (-) JobUnselected: {'identifier': 'abb_libegm'}
[0.000271] (-) JobUnselected: {'identifier': 'abb_librws'}
[0.000284] (-) JobUnselected: {'identifier': 'abb_rapid_msgs'}
[0.000296] (-) JobUnselected: {'identifier': 'abb_rapid_sm_addin_msgs'}
[0.000308] (-) JobUnselected: {'identifier': 'abb_resources'}
[0.000321] (-) JobUnselected: {'identifier': 'abb_robot_msgs'}
[0.000333] (-) JobUnselected: {'identifier': 'abb_ros2'}
[0.000345] (-) JobUnselected: {'identifier': 'abb_rws_client'}
[0.000358] (-) JobUnselected: {'identifier': 'gazebo_ros2_control'}
[0.000370] (-) JobUnselected: {'identifier': 'gazebo_ros2_control_demos'}
[0.000382] (-) JobUnselected: {'identifier': 'letter_writer'}
[0.000395] (-) JobUnselected: {'identifier': 'linkattacher_msgs'}
[0.000407] (-) JobUnselected: {'identifier': 'linkpose_gazebo'}
[0.000446] (-) JobUnselected: {'identifier': 'linkpose_msgs'}
[0.000465] (-) JobUnselected: {'identifier': 'objectpose_gazebo'}
[0.000477] (-) JobUnselected: {'identifier': 'objectpose_msgs'}
[0.000506] (-) JobUnselected: {'identifier': 'robot_letter_writer'}
[0.000524] (-) JobUnselected: {'identifier': 'ros2_linkattacher'}
[0.000537] (-) JobUnselected: {'identifier': 'ros2_linkpose'}
[0.000549] (-) JobUnselected: {'identifier': 'ros2_objectpose'}
[0.000561] (-) JobUnselected: {'identifier': 'ros2_robotiqgripper'}
[0.000573] (-) JobUnselected: {'identifier': 'ros2srrc_data'}
[0.000586] (-) JobUnselected: {'identifier': 'ros2srrc_endeffectors'}
[0.000598] (-) JobUnselected: {'identifier': 'ros2srrc_execution'}
[0.000610] (-) JobUnselected: {'identifier': 'ros2srrc_iiwa_gazebo'}
[0.000623] (-) JobUnselected: {'identifier': 'ros2srrc_iiwa_moveit2'}
[0.000635] (-) JobUnselected: {'identifier': 'ros2srrc_irb1200_gazebo'}
[0.000648] (-) JobUnselected: {'identifier': 'ros2srrc_irb1200_moveit2'}
[0.000660] (-) JobUnselected: {'identifier': 'ros2srrc_irb120_gazebo'}
[0.000672] (-) JobUnselected: {'identifier': 'ros2srrc_irb120_moveit2'}
[0.000684] (-) JobUnselected: {'identifier': 'ros2srrc_irb6640_gazebo'}
[0.000696] (-) JobUnselected: {'identifier': 'ros2srrc_irb6640_moveit2'}
[0.000709] (-) JobUnselected: {'identifier': 'ros2srrc_launch'}
[0.000721] (-) JobUnselected: {'identifier': 'ros2srrc_robots'}
[0.000733] (-) JobUnselected: {'identifier': 'ros2srrc_ur10e_gazebo'}
[0.000745] (-) JobUnselected: {'identifier': 'ros2srrc_ur10e_moveit2'}
[0.000757] (-) JobUnselected: {'identifier': 'ros2srrc_ur16e_gazebo'}
[0.000769] (-) JobUnselected: {'identifier': 'ros2srrc_ur16e_moveit2'}
[0.000782] (-) JobUnselected: {'identifier': 'ros2srrc_ur3_gazebo'}
[0.000814] (-) JobUnselected: {'identifier': 'ros2srrc_ur3_moveit2'}
[0.000827] (-) JobUnselected: {'identifier': 'ros2srrc_ur5_gazebo'}
[0.000839] (-) JobUnselected: {'identifier': 'ros2srrc_ur5_moveit2'}
[0.000853] (-) EventReactorShutdown: {}
