[0.029s] Invoking command in '/home/ubuntu/ros2ws/build/ros2srrc_ur10e_moveit2': CMAKE_PREFIX_PATH=${CMAKE_PREFIX_PATH}:/opt/ros/humble /usr/bin/cmake /home/ubuntu/ros2ws/src/ros2_SimRealRobotControl/packages/ur10e/ros2srrc_ur10e_moveit2 -DAMENT_CMAKE_SYMLINK_INSTALL=1 -DCMAKE_INSTALL_PREFIX=/home/ubuntu/ros2ws/install/ros2srrc_ur10e_moveit2
[0.067s] -- Found ament_cmake: 1.3.10 (/opt/ros/humble/share/ament_cmake/cmake)
[0.324s] -- Override CMake install command with custom implementation using symlinks instead of copying resources
[0.346s] -- Found ament_lint_auto: 0.12.11 (/opt/ros/humble/share/ament_lint_auto/cmake)
[0.539s] -- Added test 'copyright' to check source files copyright and LICENSE
[0.542s] -- Added test 'lint_cmake' to check CMake code style
[0.544s] -- Added test 'xmllint' to check XML markup files
[0.548s] -- Configuring done
[0.583s] -- Generating done
[0.590s] -- Build files have been written to: /home/ubuntu/ros2ws/build/ros2srrc_ur10e_moveit2
[0.608s] Invoked command in '/home/ubuntu/ros2ws/build/ros2srrc_ur10e_moveit2' returned '0': CMAKE_PREFIX_PATH=${CMAKE_PREFIX_PATH}:/opt/ros/humble /usr/bin/cmake /home/ubuntu/ros2ws/src/ros2_SimRealRobotControl/packages/ur10e/ros2srrc_ur10e_moveit2 -DAMENT_CMAKE_SYMLINK_INSTALL=1 -DCMAKE_INSTALL_PREFIX=/home/ubuntu/ros2ws/install/ros2srrc_ur10e_moveit2
[0.612s] Invoking command in '/home/ubuntu/ros2ws/build/ros2srrc_ur10e_moveit2': CMAKE_PREFIX_PATH=${CMAKE_PREFIX_PATH}:/opt/ros/humble /usr/bin/cmake --build /home/ubuntu/ros2ws/build/ros2srrc_ur10e_moveit2 -- -j4 -l4
[0.715s] Invoked command in '/home/ubuntu/ros2ws/build/ros2srrc_ur10e_moveit2' returned '0': CMAKE_PREFIX_PATH=${CMAKE_PREFIX_PATH}:/opt/ros/humble /usr/bin/cmake --build /home/ubuntu/ros2ws/build/ros2srrc_ur10e_moveit2 -- -j4 -l4
[0.783s] Invoking command in '/home/ubuntu/ros2ws/build/ros2srrc_ur10e_moveit2': CMAKE_PREFIX_PATH=${CMAKE_PREFIX_PATH}:/opt/ros/humble /usr/bin/cmake --install /home/ubuntu/ros2ws/build/ros2srrc_ur10e_moveit2
[0.804s] -- Install configuration: ""
[0.804s] -- Execute custom install script
[0.805s] -- Up-to-date symlink: /home/ubuntu/ros2ws/install/ros2srrc_ur10e_moveit2/share/ros2srrc_ur10e_moveit2/config/ur10e.srdf
[0.805s] -- Up-to-date symlink: /home/ubuntu/ros2ws/install/ros2srrc_ur10e_moveit2/share/ros2srrc_ur10e_moveit2/config/ur10e_moveit2.rviz
[0.807s] -- Up-to-date symlink: /home/ubuntu/ros2ws/install/ros2srrc_ur10e_moveit2/share/ros2srrc_ur10e_moveit2/config/ur10erobotiq_2f85.srdf
[0.807s] -- Up-to-date symlink: /home/ubuntu/ros2ws/install/ros2srrc_ur10e_moveit2/share/ros2srrc_ur10e_moveit2/config/ur10erobotiq_2f85_moveit2.rviz
[0.808s] -- Up-to-date symlink: /home/ubuntu/ros2ws/install/ros2srrc_ur10e_moveit2/share/ros2srrc_ur10e_moveit2/config/ur10erobotiq_hande.srdf
[0.808s] -- Up-to-date symlink: /home/ubuntu/ros2ws/install/ros2srrc_ur10e_moveit2/share/ros2srrc_ur10e_moveit2/config/ur10erobotiq_hande_moveit2.rviz
[0.808s] -- Up-to-date symlink: /home/ubuntu/ros2ws/install/ros2srrc_ur10e_moveit2/share/ament_index/resource_index/package_run_dependencies/ros2srrc_ur10e_moveit2
[0.808s] -- Up-to-date symlink: /home/ubuntu/ros2ws/install/ros2srrc_ur10e_moveit2/share/ament_index/resource_index/parent_prefix_path/ros2srrc_ur10e_moveit2
[0.809s] -- Up-to-date symlink: /home/ubuntu/ros2ws/install/ros2srrc_ur10e_moveit2/share/ros2srrc_ur10e_moveit2/environment/ament_prefix_path.sh
[0.810s] -- Up-to-date symlink: /home/ubuntu/ros2ws/install/ros2srrc_ur10e_moveit2/share/ros2srrc_ur10e_moveit2/environment/ament_prefix_path.dsv
[0.811s] -- Up-to-date symlink: /home/ubuntu/ros2ws/install/ros2srrc_ur10e_moveit2/share/ros2srrc_ur10e_moveit2/environment/path.sh
[0.811s] -- Up-to-date symlink: /home/ubuntu/ros2ws/install/ros2srrc_ur10e_moveit2/share/ros2srrc_ur10e_moveit2/environment/path.dsv
[0.811s] -- Up-to-date symlink: /home/ubuntu/ros2ws/install/ros2srrc_ur10e_moveit2/share/ros2srrc_ur10e_moveit2/local_setup.bash
[0.811s] -- Up-to-date symlink: /home/ubuntu/ros2ws/install/ros2srrc_ur10e_moveit2/share/ros2srrc_ur10e_moveit2/local_setup.sh
[0.811s] -- Up-to-date symlink: /home/ubuntu/ros2ws/install/ros2srrc_ur10e_moveit2/share/ros2srrc_ur10e_moveit2/local_setup.zsh
[0.811s] -- Up-to-date symlink: /home/ubuntu/ros2ws/install/ros2srrc_ur10e_moveit2/share/ros2srrc_ur10e_moveit2/local_setup.dsv
[0.811s] -- Symlinking: /home/ubuntu/ros2ws/install/ros2srrc_ur10e_moveit2/share/ros2srrc_ur10e_moveit2/package.dsv
[0.833s] -- Up-to-date symlink: /home/ubuntu/ros2ws/install/ros2srrc_ur10e_moveit2/share/ament_index/resource_index/packages/ros2srrc_ur10e_moveit2
[0.833s] -- Up-to-date symlink: /home/ubuntu/ros2ws/install/ros2srrc_ur10e_moveit2/share/ros2srrc_ur10e_moveit2/cmake/ros2srrc_ur10e_moveit2Config.cmake
[0.833s] -- Up-to-date symlink: /home/ubuntu/ros2ws/install/ros2srrc_ur10e_moveit2/share/ros2srrc_ur10e_moveit2/cmake/ros2srrc_ur10e_moveit2Config-version.cmake
[0.833s] -- Up-to-date symlink: /home/ubuntu/ros2ws/install/ros2srrc_ur10e_moveit2/share/ros2srrc_ur10e_moveit2/package.xml
[0.836s] Invoked command in '/home/ubuntu/ros2ws/build/ros2srrc_ur10e_moveit2' returned '0': CMAKE_PREFIX_PATH=${CMAKE_PREFIX_PATH}:/opt/ros/humble /usr/bin/cmake --install /home/ubuntu/ros2ws/build/ros2srrc_ur10e_moveit2
