[0.039s] Invoking command in '/home/ubuntu/ros2ws/build/gazebo_ros2_control': CMAKE_PREFIX_PATH=${CMAKE_PREFIX_PATH}:/opt/ros/humble /usr/bin/cmake /home/ubuntu/ros2ws/src/gazebo_ros2_control/gazebo_ros2_control -DCMAKE_INSTALL_PREFIX=/home/ubuntu/ros2ws/install/gazebo_ros2_control
[0.078s] -- Found ament_cmake: 1.3.10 (/opt/ros/humble/share/ament_cmake/cmake)
[0.283s] -- Override CMake install command with custom implementation using symlinks instead of copying resources
[0.297s] -- Found angles: 1.15.0 (/opt/ros/humble/share/angles/cmake)
[0.298s] -- Found controller_manager: 2.43.1 (/opt/ros/humble/share/controller_manager/cmake)
[0.358s] -- Found rosidl_generator_c: 3.1.5 (/opt/ros/humble/share/rosidl_generator_c/cmake)
[0.367s] -- Found rosidl_adapter: 3.1.5 (/opt/ros/humble/share/rosidl_adapter/cmake)
[0.375s] -- Found rosidl_generator_cpp: 3.1.5 (/opt/ros/humble/share/rosidl_generator_cpp/cmake)
[0.396s] -- Using all available rosidl_typesupport_c: rosidl_typesupport_fastrtps_c;rosidl_typesupport_introspection_c
[0.442s] -- Using all available rosidl_typesupport_cpp: rosidl_typesupport_fastrtps_cpp;rosidl_typesupport_introspection_cpp
[0.887s] -- Found rmw_implementation_cmake: 6.1.2 (/opt/ros/humble/share/rmw_implementation_cmake/cmake)
[0.903s] -- Found rmw_cyclonedds_cpp: 1.3.4 (/opt/ros/humble/share/rmw_cyclonedds_cpp/cmake)
[0.984s] -- Using RMW implementation 'rmw_cyclonedds_cpp' as default
[1.279s] -- Found gazebo_dev: 3.7.0 (/opt/ros/humble/share/gazebo_dev/cmake)
[1.391s] -- Found DART: /usr/include (Required is at least version "6.6") found components: dart 
[1.488s] -- Found Protobuf: /usr/lib/x86_64-linux-gnu/libprotobuf.so (found version "3.12.4") 
[1.495s] -- Looking for ignition-math6 -- found version 6.15.1
[1.521s] -- Searching for dependencies of ignition-math6
[1.526s] -- Looking for OGRE...
[1.548s] -- Found Ogre Ghadamon (1.9.0)
[1.548s] -- Found OGRE: optimized;/usr/lib/x86_64-linux-gnu/libOgreMain.so;debug;/usr/lib/x86_64-linux-gnu/libOgreMain.so
[1.591s] -- Looking for OGRE_Paging...
[1.591s] -- Found OGRE_Paging: optimized;/usr/lib/x86_64-linux-gnu/libOgrePaging.so;debug;/usr/lib/x86_64-linux-gnu/libOgrePaging.so
[1.591s] -- Looking for OGRE_Terrain...
[1.591s] -- Found OGRE_Terrain: optimized;/usr/lib/x86_64-linux-gnu/libOgreTerrain.so;debug;/usr/lib/x86_64-linux-gnu/libOgreTerrain.so
[1.591s] -- Looking for OGRE_Property...
[1.591s] -- Found OGRE_Property: optimized;/usr/lib/x86_64-linux-gnu/libOgreProperty.so;debug;/usr/lib/x86_64-linux-gnu/libOgreProperty.so
[1.593s] -- Looking for OGRE_RTShaderSystem...
[1.594s] -- Found OGRE_RTShaderSystem: optimized;/usr/lib/x86_64-linux-gnu/libOgreRTShaderSystem.so;debug;/usr/lib/x86_64-linux-gnu/libOgreRTShaderSystem.so
[1.595s] -- Looking for OGRE_Volume...
[1.595s] -- Found OGRE_Volume: optimized;/usr/lib/x86_64-linux-gnu/libOgreVolume.so;debug;/usr/lib/x86_64-linux-gnu/libOgreVolume.so
[1.599s] -- Looking for OGRE_Overlay...
[1.599s] -- Found OGRE_Overlay: optimized;/usr/lib/x86_64-linux-gnu/libOgreOverlay.so;debug;/usr/lib/x86_64-linux-gnu/libOgreOverlay.so
[2.397s] -- Looking for ignition-math6 -- found version 6.15.1
[2.397s] -- Looking for ignition-transport8 -- found version 8.2.1
[2.398s] -- Searching for dependencies of ignition-transport8
[2.448s] -- Found Protobuf: /usr/lib/x86_64-linux-gnu/libprotobuf.so (found suitable version "3.12.4", minimum required is "3") 
[2.477s] -- Config-file not installed for ZeroMQ -- checking for pkg-config
[2.491s] -- Checking for module 'libzmq >= 4'
[2.535s] --   Found libzmq , version 4.3.4
[2.704s] -- Checking for module 'uuid'
[2.762s] --   Found uuid, version 2.37.2
[2.890s] -- Looking for ignition-msgs5 -- found version 5.8.1
[2.895s] -- Searching for dependencies of ignition-msgs5
[2.925s] -- Looking for ignition-math6 -- found version 6.15.1
[2.936s] -- Looking for ignition-msgs5 -- found version 5.8.1
[2.937s] -- Looking for ignition-common3 -- found version 3.14.0
[2.938s] -- Searching for dependencies of ignition-common3
[2.941s] -- Looking for dlfcn.h - found
[2.941s] -- Looking for libdl - found
[2.956s] -- Searching for <ignition-common3> component [graphics]
[2.959s] -- Looking for ignition-common3-graphics -- found version 3.14.0
[2.959s] -- Searching for dependencies of ignition-common3-graphics
[2.959s] -- Looking for ignition-math6 -- found version 6.15.1
[2.960s] -- Looking for ignition-fuel_tools4 -- found version 4.4.0
[2.960s] -- Searching for dependencies of ignition-fuel_tools4
[3.064s] -- Checking for module 'jsoncpp'
[3.130s] --   Found jsoncpp, version 1.9.5
[3.223s] -- Checking for module 'libzip'
[3.252s] --   Found libzip, version 1.7.3
[3.348s] -- Looking for ignition-common3 -- found version 3.14.0
[3.348s] -- Looking for ignition-math6 -- found version 6.15.1
[3.349s] -- Looking for ignition-msgs5 -- found version 5.8.1
[3.352s] -- Gazebo version: 11.10
[3.353s] -- Found gazebo_ros: 3.7.0 (/opt/ros/humble/share/gazebo_ros/cmake)
[3.360s] -- Found yaml_cpp_vendor: 8.0.2 (/opt/ros/humble/share/yaml_cpp_vendor/cmake)
[3.598s] -- Found ament_cmake_gtest: 1.3.10 (/opt/ros/humble/share/ament_cmake_gtest/cmake)
[3.603s] -- Found ament_lint_auto: 0.12.11 (/opt/ros/humble/share/ament_lint_auto/cmake)
[3.784s] -- Added test 'copyright' to check source files copyright and LICENSE
[3.792s] -- Added test 'cppcheck' to perform static code analysis on C / C++ code
[3.792s] -- Configured cppcheck include dirs: /home/ubuntu/ros2ws/src/gazebo_ros2_control/gazebo_ros2_control/include
[3.794s] -- Configured cppcheck exclude dirs and/or files: 
[3.794s] -- Added test 'cpplint' to check C / C++ code against the Google style
[3.794s] -- Configured cpplint exclude dirs and/or files: 
[3.794s] -- Added test 'lint_cmake' to check CMake code style
[3.796s] -- Added test 'uncrustify' to check C / C++ code style
[3.796s] -- Configured uncrustify additional arguments: 
[3.796s] -- Added test 'xmllint' to check XML markup files
[3.800s] -- Configuring done
[4.018s] -- Generating done
[4.025s] -- Build files have been written to: /home/ubuntu/ros2ws/build/gazebo_ros2_control
[4.049s] Invoked command in '/home/ubuntu/ros2ws/build/gazebo_ros2_control' returned '0': CMAKE_PREFIX_PATH=${CMAKE_PREFIX_PATH}:/opt/ros/humble /usr/bin/cmake /home/ubuntu/ros2ws/src/gazebo_ros2_control/gazebo_ros2_control -DCMAKE_INSTALL_PREFIX=/home/ubuntu/ros2ws/install/gazebo_ros2_control
[4.051s] Invoking command in '/home/ubuntu/ros2ws/build/gazebo_ros2_control': CMAKE_PREFIX_PATH=${CMAKE_PREFIX_PATH}:/opt/ros/humble /usr/bin/cmake --build /home/ubuntu/ros2ws/build/gazebo_ros2_control -- -j4 -l4
[4.221s] [35m[1mConsolidate compiler generated dependencies of target gazebo_ros2_control[0m
[4.239s] [35m[1mConsolidate compiler generated dependencies of target gazebo_hardware_plugins[0m
[4.338s] [ 50%] Built target gazebo_hardware_plugins
[4.339s] [100%] Built target gazebo_ros2_control
[4.380s] Invoked command in '/home/ubuntu/ros2ws/build/gazebo_ros2_control' returned '0': CMAKE_PREFIX_PATH=${CMAKE_PREFIX_PATH}:/opt/ros/humble /usr/bin/cmake --build /home/ubuntu/ros2ws/build/gazebo_ros2_control -- -j4 -l4
[4.496s] Invoking command in '/home/ubuntu/ros2ws/build/gazebo_ros2_control': CMAKE_PREFIX_PATH=${CMAKE_PREFIX_PATH}:/opt/ros/humble /usr/bin/cmake --install /home/ubuntu/ros2ws/build/gazebo_ros2_control
[4.512s] -- Install configuration: ""
[4.513s] -- Execute custom install script
[4.517s] -- Up-to-date symlink: /home/ubuntu/ros2ws/install/gazebo_ros2_control/lib/libgazebo_ros2_control.so
[4.517s] -- Up-to-date symlink: /home/ubuntu/ros2ws/install/gazebo_ros2_control/lib/libgazebo_hardware_plugins.so
[4.521s] -- Up-to-date symlink: /home/ubuntu/ros2ws/install/gazebo_ros2_control/share/gazebo_ros2_control/environment/library_path.sh
[4.521s] -- Up-to-date symlink: /home/ubuntu/ros2ws/install/gazebo_ros2_control/share/gazebo_ros2_control/environment/library_path.dsv
[4.521s] -- Up-to-date symlink: /home/ubuntu/ros2ws/install/gazebo_ros2_control/include/gazebo_ros2_control/gazebo_ros2_control_plugin.hpp
[4.522s] -- Up-to-date symlink: /home/ubuntu/ros2ws/install/gazebo_ros2_control/include/gazebo_ros2_control/gazebo_system.hpp
[4.527s] -- Up-to-date symlink: /home/ubuntu/ros2ws/install/gazebo_ros2_control/include/gazebo_ros2_control/gazebo_system_interface.hpp
[4.527s] -- Up-to-date symlink: /home/ubuntu/ros2ws/install/gazebo_ros2_control/share/gazebo_ros2_control//gazebo_hardware_plugins.xml
[4.527s] -- Up-to-date symlink: /home/ubuntu/ros2ws/install/gazebo_ros2_control/share/ament_index/resource_index/package_run_dependencies/gazebo_ros2_control
[4.528s] -- Up-to-date symlink: /home/ubuntu/ros2ws/install/gazebo_ros2_control/share/ament_index/resource_index/parent_prefix_path/gazebo_ros2_control
[4.528s] -- Up-to-date symlink: /home/ubuntu/ros2ws/install/gazebo_ros2_control/share/gazebo_ros2_control/environment/ament_prefix_path.sh
[4.535s] -- Up-to-date symlink: /home/ubuntu/ros2ws/install/gazebo_ros2_control/share/gazebo_ros2_control/environment/ament_prefix_path.dsv
[4.535s] -- Up-to-date symlink: /home/ubuntu/ros2ws/install/gazebo_ros2_control/share/gazebo_ros2_control/environment/path.sh
[4.535s] -- Up-to-date symlink: /home/ubuntu/ros2ws/install/gazebo_ros2_control/share/gazebo_ros2_control/environment/path.dsv
[4.535s] -- Up-to-date symlink: /home/ubuntu/ros2ws/install/gazebo_ros2_control/share/gazebo_ros2_control/local_setup.bash
[4.535s] -- Up-to-date symlink: /home/ubuntu/ros2ws/install/gazebo_ros2_control/share/gazebo_ros2_control/local_setup.sh
[4.535s] -- Up-to-date symlink: /home/ubuntu/ros2ws/install/gazebo_ros2_control/share/gazebo_ros2_control/local_setup.zsh
[4.536s] -- Up-to-date symlink: /home/ubuntu/ros2ws/install/gazebo_ros2_control/share/gazebo_ros2_control/local_setup.dsv
[4.536s] -- Symlinking: /home/ubuntu/ros2ws/install/gazebo_ros2_control/share/gazebo_ros2_control/package.dsv
[4.574s] -- Up-to-date symlink: /home/ubuntu/ros2ws/install/gazebo_ros2_control/share/ament_index/resource_index/packages/gazebo_ros2_control
[4.574s] -- Up-to-date symlink: /home/ubuntu/ros2ws/install/gazebo_ros2_control/share/ament_index/resource_index/gazebo_ros2_control__pluginlib__plugin/gazebo_ros2_control
[4.574s] -- Up-to-date symlink: /home/ubuntu/ros2ws/install/gazebo_ros2_control/share/gazebo_ros2_control/cmake/ament_cmake_export_include_directories-extras.cmake
[4.574s] -- Up-to-date symlink: /home/ubuntu/ros2ws/install/gazebo_ros2_control/share/gazebo_ros2_control/cmake/ament_cmake_export_dependencies-extras.cmake
[4.575s] -- Up-to-date symlink: /home/ubuntu/ros2ws/install/gazebo_ros2_control/share/gazebo_ros2_control/cmake/ament_cmake_export_libraries-extras.cmake
[4.575s] -- Up-to-date symlink: /home/ubuntu/ros2ws/install/gazebo_ros2_control/share/gazebo_ros2_control/cmake/gazebo_ros2_controlConfig.cmake
[4.575s] -- Up-to-date symlink: /home/ubuntu/ros2ws/install/gazebo_ros2_control/share/gazebo_ros2_control/cmake/gazebo_ros2_controlConfig-version.cmake
[4.578s] -- Up-to-date symlink: /home/ubuntu/ros2ws/install/gazebo_ros2_control/share/gazebo_ros2_control/package.xml
[4.580s] Invoked command in '/home/ubuntu/ros2ws/build/gazebo_ros2_control' returned '0': CMAKE_PREFIX_PATH=${CMAKE_PREFIX_PATH}:/opt/ros/humble /usr/bin/cmake --install /home/ubuntu/ros2ws/build/gazebo_ros2_control
