[0.040s] Invoking command in '/home/ubuntu/ros2ws/build/abb_librws': CMAKE_PREFIX_PATH=${CMAKE_PREFIX_PATH}:/opt/ros/humble /usr/bin/cmake --build /home/ubuntu/ros2ws/build/abb_librws -- -j4 -l4
[0.138s] [100%] Built target abb_librws
[0.149s] Invoked command in '/home/ubuntu/ros2ws/build/abb_librws' returned '0': CMAKE_PREFIX_PATH=${CMAKE_PREFIX_PATH}:/opt/ros/humble /usr/bin/cmake --build /home/ubuntu/ros2ws/build/abb_librws -- -j4 -l4
[0.216s] Invoking command in '/home/ubuntu/ros2ws/build/abb_librws': CMAKE_PREFIX_PATH=${CMAKE_PREFIX_PATH}:/opt/ros/humble /usr/bin/cmake --install /home/ubuntu/ros2ws/build/abb_librws
[0.234s] -- Install configuration: ""
[0.234s] -- Up-to-date: /home/ubuntu/ros2ws/install/abb_librws/include
[0.235s] -- Up-to-date: /home/ubuntu/ros2ws/install/abb_librws/include/abb_librws
[0.236s] -- Up-to-date: /home/ubuntu/ros2ws/install/abb_librws/include/abb_librws/rws_common.h
[0.236s] -- Up-to-date: /home/ubuntu/ros2ws/install/abb_librws/include/abb_librws/rws_poco_client.h
[0.237s] -- Up-to-date: /home/ubuntu/ros2ws/install/abb_librws/include/abb_librws/rws_rapid.h
[0.237s] -- Up-to-date: /home/ubuntu/ros2ws/install/abb_librws/include/abb_librws/rws_state_machine_interface.h
[0.237s] -- Up-to-date: /home/ubuntu/ros2ws/install/abb_librws/include/abb_librws/rws_interface.h
[0.237s] -- Up-to-date: /home/ubuntu/ros2ws/install/abb_librws/include/abb_librws/rws_client.h
[0.242s] -- Up-to-date: /home/ubuntu/ros2ws/install/abb_librws/include/abb_librws/rws_cfg.h
[0.242s] -- Up-to-date: /home/ubuntu/ros2ws/install/abb_librws/include/abb_librws/abb_librws_export.h
[0.243s] -- Up-to-date: /home/ubuntu/ros2ws/install/abb_librws/share/abb_librws/cmake
[0.244s] -- Up-to-date: /home/ubuntu/ros2ws/install/abb_librws/share/abb_librws/cmake/FindPoco.cmake
[0.244s] -- Up-to-date: /home/ubuntu/ros2ws/install/abb_librws/share/abb_librws/cmake/README.md
[0.244s] -- Up-to-date: /home/ubuntu/ros2ws/install/abb_librws/lib/libabb_librws.so
[0.244s] -- Up-to-date: /home/ubuntu/ros2ws/install/abb_librws/share/abb_librws/abb_librwsConfig.cmake
[0.244s] -- Up-to-date: /home/ubuntu/ros2ws/install/abb_librws/share/abb_librws/abb_librwsConfigVersion.cmake
[0.245s] -- Up-to-date: /home/ubuntu/ros2ws/install/abb_librws/share/abb_librws/package.xml
[0.245s] -- Up-to-date: /home/ubuntu/ros2ws/install/abb_librws/share/abb_librws/abb_librwsTargets.cmake
[0.245s] -- Up-to-date: /home/ubuntu/ros2ws/install/abb_librws/share/abb_librws/abb_librwsTargets-noconfig.cmake
[0.246s] Invoked command in '/home/ubuntu/ros2ws/build/abb_librws' returned '0': CMAKE_PREFIX_PATH=${CMAKE_PREFIX_PATH}:/opt/ros/humble /usr/bin/cmake --install /home/ubuntu/ros2ws/build/abb_librws
