[0.036s] Invoking command in '/home/ubuntu/ros2ws/build/ros2srrc_irb1200_moveit2': CMAKE_PREFIX_PATH=${CMAKE_PREFIX_PATH}:/opt/ros/humble /usr/bin/cmake /home/ubuntu/ros2ws/src/ros2_SimRealRobotControl/packages/irb1200/ros2srrc_irb1200_moveit2 -DAMENT_CMAKE_SYMLINK_INSTALL=1 -DCMAKE_INSTALL_PREFIX=/home/ubuntu/ros2ws/install/ros2srrc_irb1200_moveit2
[0.063s] -- Found ament_cmake: 1.3.10 (/opt/ros/humble/share/ament_cmake/cmake)
[0.315s] -- Override CMake install command with custom implementation using symlinks instead of copying resources
[0.329s] -- Found ament_lint_auto: 0.12.11 (/opt/ros/humble/share/ament_lint_auto/cmake)
[0.499s] -- Added test 'copyright' to check source files copyright and LICENSE
[0.503s] -- Added test 'lint_cmake' to check CMake code style
[0.508s] -- Added test 'xmllint' to check XML markup files
[0.515s] -- Configuring done
[0.528s] -- Generating done
[0.534s] -- Build files have been written to: /home/ubuntu/ros2ws/build/ros2srrc_irb1200_moveit2
[0.535s] Invoked command in '/home/ubuntu/ros2ws/build/ros2srrc_irb1200_moveit2' returned '0': CMAKE_PREFIX_PATH=${CMAKE_PREFIX_PATH}:/opt/ros/humble /usr/bin/cmake /home/ubuntu/ros2ws/src/ros2_SimRealRobotControl/packages/irb1200/ros2srrc_irb1200_moveit2 -DAMENT_CMAKE_SYMLINK_INSTALL=1 -DCMAKE_INSTALL_PREFIX=/home/ubuntu/ros2ws/install/ros2srrc_irb1200_moveit2
[0.543s] Invoking command in '/home/ubuntu/ros2ws/build/ros2srrc_irb1200_moveit2': CMAKE_PREFIX_PATH=${CMAKE_PREFIX_PATH}:/opt/ros/humble /usr/bin/cmake --build /home/ubuntu/ros2ws/build/ros2srrc_irb1200_moveit2 -- -j4 -l4
[0.639s] Invoked command in '/home/ubuntu/ros2ws/build/ros2srrc_irb1200_moveit2' returned '0': CMAKE_PREFIX_PATH=${CMAKE_PREFIX_PATH}:/opt/ros/humble /usr/bin/cmake --build /home/ubuntu/ros2ws/build/ros2srrc_irb1200_moveit2 -- -j4 -l4
[0.710s] Invoking command in '/home/ubuntu/ros2ws/build/ros2srrc_irb1200_moveit2': CMAKE_PREFIX_PATH=${CMAKE_PREFIX_PATH}:/opt/ros/humble /usr/bin/cmake --install /home/ubuntu/ros2ws/build/ros2srrc_irb1200_moveit2
[0.728s] -- Install configuration: ""
[0.728s] -- Execute custom install script
[0.728s] -- Up-to-date symlink: /home/ubuntu/ros2ws/install/ros2srrc_irb1200_moveit2/share/ros2srrc_irb1200_moveit2/config/irb1200.srdf
[0.728s] -- Up-to-date symlink: /home/ubuntu/ros2ws/install/ros2srrc_irb1200_moveit2/share/ros2srrc_irb1200_moveit2/config/irb1200_moveit2.rviz
[0.729s] -- Up-to-date symlink: /home/ubuntu/ros2ws/install/ros2srrc_irb1200_moveit2/share/ros2srrc_irb1200_moveit2/config/irb1200egp64.srdf
[0.729s] -- Up-to-date symlink: /home/ubuntu/ros2ws/install/ros2srrc_irb1200_moveit2/share/ros2srrc_irb1200_moveit2/config/irb1200egp64_moveit2.rviz
[0.729s] -- Up-to-date symlink: /home/ubuntu/ros2ws/install/ros2srrc_irb1200_moveit2/share/ament_index/resource_index/package_run_dependencies/ros2srrc_irb1200_moveit2
[0.729s] -- Up-to-date symlink: /home/ubuntu/ros2ws/install/ros2srrc_irb1200_moveit2/share/ament_index/resource_index/parent_prefix_path/ros2srrc_irb1200_moveit2
[0.730s] -- Up-to-date symlink: /home/ubuntu/ros2ws/install/ros2srrc_irb1200_moveit2/share/ros2srrc_irb1200_moveit2/environment/ament_prefix_path.sh
[0.730s] -- Up-to-date symlink: /home/ubuntu/ros2ws/install/ros2srrc_irb1200_moveit2/share/ros2srrc_irb1200_moveit2/environment/ament_prefix_path.dsv
[0.730s] -- Up-to-date symlink: /home/ubuntu/ros2ws/install/ros2srrc_irb1200_moveit2/share/ros2srrc_irb1200_moveit2/environment/path.sh
[0.730s] -- Up-to-date symlink: /home/ubuntu/ros2ws/install/ros2srrc_irb1200_moveit2/share/ros2srrc_irb1200_moveit2/environment/path.dsv
[0.731s] -- Up-to-date symlink: /home/ubuntu/ros2ws/install/ros2srrc_irb1200_moveit2/share/ros2srrc_irb1200_moveit2/local_setup.bash
[0.731s] -- Up-to-date symlink: /home/ubuntu/ros2ws/install/ros2srrc_irb1200_moveit2/share/ros2srrc_irb1200_moveit2/local_setup.sh
[0.733s] -- Up-to-date symlink: /home/ubuntu/ros2ws/install/ros2srrc_irb1200_moveit2/share/ros2srrc_irb1200_moveit2/local_setup.zsh
[0.733s] -- Up-to-date symlink: /home/ubuntu/ros2ws/install/ros2srrc_irb1200_moveit2/share/ros2srrc_irb1200_moveit2/local_setup.dsv
[0.733s] -- Symlinking: /home/ubuntu/ros2ws/install/ros2srrc_irb1200_moveit2/share/ros2srrc_irb1200_moveit2/package.dsv
[0.751s] -- Up-to-date symlink: /home/ubuntu/ros2ws/install/ros2srrc_irb1200_moveit2/share/ament_index/resource_index/packages/ros2srrc_irb1200_moveit2
[0.751s] -- Up-to-date symlink: /home/ubuntu/ros2ws/install/ros2srrc_irb1200_moveit2/share/ros2srrc_irb1200_moveit2/cmake/ros2srrc_irb1200_moveit2Config.cmake
[0.751s] -- Up-to-date symlink: /home/ubuntu/ros2ws/install/ros2srrc_irb1200_moveit2/share/ros2srrc_irb1200_moveit2/cmake/ros2srrc_irb1200_moveit2Config-version.cmake
[0.751s] -- Up-to-date symlink: /home/ubuntu/ros2ws/install/ros2srrc_irb1200_moveit2/share/ros2srrc_irb1200_moveit2/package.xml
[0.755s] Invoked command in '/home/ubuntu/ros2ws/build/ros2srrc_irb1200_moveit2' returned '0': CMAKE_PREFIX_PATH=${CMAKE_PREFIX_PATH}:/opt/ros/humble /usr/bin/cmake --install /home/ubuntu/ros2ws/build/ros2srrc_irb1200_moveit2
