[0.023s] Invoking command in '/home/ubuntu/ros2ws/build/ros2srrc_irb120_gazebo': CMAKE_PREFIX_PATH=${CMAKE_PREFIX_PATH}:/opt/ros/humble /usr/bin/cmake /home/ubuntu/ros2ws/src/ros2_SimRealRobotControl/packages/irb120/ros2srrc_irb120_gazebo -DAMENT_CMAKE_SYMLINK_INSTALL=1 -DCMAKE_INSTALL_PREFIX=/home/ubuntu/ros2ws/install/ros2srrc_irb120_gazebo
[0.131s] -- The C compiler identification is GNU 11.4.0
[0.244s] -- The CXX compiler identification is GNU 11.4.0
[0.259s] -- Detecting C compiler ABI info
[0.387s] -- Detecting C compiler ABI info - done
[0.399s] -- Check for working C compiler: /usr/bin/cc - skipped
[0.400s] -- Detecting C compile features
[0.402s] -- Detecting C compile features - done
[0.406s] -- Detecting CXX compiler ABI info
[0.555s] -- Detecting CXX compiler ABI info - done
[0.572s] -- Check for working CXX compiler: /usr/bin/c++ - skipped
[0.573s] -- Detecting CXX compile features
[0.573s] -- Detecting CXX compile features - done
[0.583s] -- Found ament_cmake: 1.3.10 (/opt/ros/humble/share/ament_cmake/cmake)
[0.900s] -- Found Python3: /usr/bin/python3 (found version "3.10.12") found components: Interpreter 
[1.024s] -- Override CMake install command with custom implementation using symlinks instead of copying resources
[1.129s] -- Found ament_lint_auto: 0.12.11 (/opt/ros/humble/share/ament_lint_auto/cmake)
[1.324s] -- Added test 'copyright' to check source files copyright and LICENSE
[1.329s] -- Added test 'lint_cmake' to check CMake code style
[1.334s] -- Added test 'xmllint' to check XML markup files
[1.337s] -- Configuring done
[1.342s] -- Generating done
[1.344s] -- Build files have been written to: /home/ubuntu/ros2ws/build/ros2srrc_irb120_gazebo
[1.359s] Invoked command in '/home/ubuntu/ros2ws/build/ros2srrc_irb120_gazebo' returned '0': CMAKE_PREFIX_PATH=${CMAKE_PREFIX_PATH}:/opt/ros/humble /usr/bin/cmake /home/ubuntu/ros2ws/src/ros2_SimRealRobotControl/packages/irb120/ros2srrc_irb120_gazebo -DAMENT_CMAKE_SYMLINK_INSTALL=1 -DCMAKE_INSTALL_PREFIX=/home/ubuntu/ros2ws/install/ros2srrc_irb120_gazebo
[1.359s] Invoking command in '/home/ubuntu/ros2ws/build/ros2srrc_irb120_gazebo': CMAKE_PREFIX_PATH=${CMAKE_PREFIX_PATH}:/opt/ros/humble /usr/bin/cmake --build /home/ubuntu/ros2ws/build/ros2srrc_irb120_gazebo -- -j4 -l4
[1.438s] Invoked command in '/home/ubuntu/ros2ws/build/ros2srrc_irb120_gazebo' returned '0': CMAKE_PREFIX_PATH=${CMAKE_PREFIX_PATH}:/opt/ros/humble /usr/bin/cmake --build /home/ubuntu/ros2ws/build/ros2srrc_irb120_gazebo -- -j4 -l4
[1.508s] Invoking command in '/home/ubuntu/ros2ws/build/ros2srrc_irb120_gazebo': CMAKE_PREFIX_PATH=${CMAKE_PREFIX_PATH}:/opt/ros/humble /usr/bin/cmake --install /home/ubuntu/ros2ws/build/ros2srrc_irb120_gazebo
[1.522s] -- Install configuration: ""
[1.523s] -- Execute custom install script
[1.524s] -- Symlinking: /home/ubuntu/ros2ws/install/ros2srrc_irb120_gazebo/share/ros2srrc_irb120_gazebo/config/configurations.yaml
[1.542s] -- Symlinking: /home/ubuntu/ros2ws/install/ros2srrc_irb120_gazebo/share/ros2srrc_irb120_gazebo/urdf/irb120.urdf.xacro
[1.561s] -- Symlinking: /home/ubuntu/ros2ws/install/ros2srrc_irb120_gazebo/share/ros2srrc_irb120_gazebo/urdf/irb120_egp64.urdf.xacro
[1.585s] -- Symlinking: /home/ubuntu/ros2ws/install/ros2srrc_irb120_gazebo/share/ros2srrc_irb120_gazebo/urdf/irb120_egp64v2.urdf.xacro
[1.613s] -- Symlinking: /home/ubuntu/ros2ws/install/ros2srrc_irb120_gazebo/share/ros2srrc_irb120_gazebo/urdf/irb120_ls_vgr.urdf.xacro
[1.629s] -- Symlinking: /home/ubuntu/ros2ws/install/ros2srrc_irb120_gazebo/share/ros2srrc_irb120_gazebo/worlds/ros2srrc_irb120.world
[1.648s] -- Symlinking: /home/ubuntu/ros2ws/install/ros2srrc_irb120_gazebo/share/ament_index/resource_index/package_run_dependencies/ros2srrc_irb120_gazebo
[1.666s] -- Symlinking: /home/ubuntu/ros2ws/install/ros2srrc_irb120_gazebo/share/ament_index/resource_index/parent_prefix_path/ros2srrc_irb120_gazebo
[1.680s] -- Symlinking: /home/ubuntu/ros2ws/install/ros2srrc_irb120_gazebo/share/ros2srrc_irb120_gazebo/environment/ament_prefix_path.sh
[1.696s] -- Symlinking: /home/ubuntu/ros2ws/install/ros2srrc_irb120_gazebo/share/ros2srrc_irb120_gazebo/environment/ament_prefix_path.dsv
[1.713s] -- Symlinking: /home/ubuntu/ros2ws/install/ros2srrc_irb120_gazebo/share/ros2srrc_irb120_gazebo/environment/path.sh
[1.734s] -- Symlinking: /home/ubuntu/ros2ws/install/ros2srrc_irb120_gazebo/share/ros2srrc_irb120_gazebo/environment/path.dsv
[1.746s] -- Symlinking: /home/ubuntu/ros2ws/install/ros2srrc_irb120_gazebo/share/ros2srrc_irb120_gazebo/local_setup.bash
[1.767s] -- Symlinking: /home/ubuntu/ros2ws/install/ros2srrc_irb120_gazebo/share/ros2srrc_irb120_gazebo/local_setup.sh
[1.786s] -- Symlinking: /home/ubuntu/ros2ws/install/ros2srrc_irb120_gazebo/share/ros2srrc_irb120_gazebo/local_setup.zsh
[1.802s] -- Symlinking: /home/ubuntu/ros2ws/install/ros2srrc_irb120_gazebo/share/ros2srrc_irb120_gazebo/local_setup.dsv
[1.819s] -- Symlinking: /home/ubuntu/ros2ws/install/ros2srrc_irb120_gazebo/share/ros2srrc_irb120_gazebo/package.dsv
[1.839s] -- Symlinking: /home/ubuntu/ros2ws/install/ros2srrc_irb120_gazebo/share/ament_index/resource_index/packages/ros2srrc_irb120_gazebo
[1.860s] -- Symlinking: /home/ubuntu/ros2ws/install/ros2srrc_irb120_gazebo/share/ros2srrc_irb120_gazebo/cmake/ros2srrc_irb120_gazeboConfig.cmake
[1.884s] -- Symlinking: /home/ubuntu/ros2ws/install/ros2srrc_irb120_gazebo/share/ros2srrc_irb120_gazebo/cmake/ros2srrc_irb120_gazeboConfig-version.cmake
[1.906s] -- Symlinking: /home/ubuntu/ros2ws/install/ros2srrc_irb120_gazebo/share/ros2srrc_irb120_gazebo/package.xml
[1.930s] Invoked command in '/home/ubuntu/ros2ws/build/ros2srrc_irb120_gazebo' returned '0': CMAKE_PREFIX_PATH=${CMAKE_PREFIX_PATH}:/opt/ros/humble /usr/bin/cmake --install /home/ubuntu/ros2ws/build/ros2srrc_irb120_gazebo
