[0.295s] Invoking command in '/home/ubuntu/ros2ws/build/moveit_core': CMAKE_PREFIX_PATH=/home/ubuntu/ros2ws/install/moveit_resources_panda_moveit_config:/home/ubuntu/ros2ws/install/srdfdom:/home/ubuntu/ros2ws/install/moveit_resources_pr2_description:/home/ubuntu/ros2ws/install/moveit_resources_panda_description:/home/ubuntu/ros2ws/install/moveit_common:/home/ubuntu/ros2ws/install/testV2:/home/ubuntu/ros2ws/install/ros2srrc_execution:/home/ubuntu/ros2ws/install/pilz_industrial_motion_planner_testutils:/home/ubuntu/ros2ws/install/moveit_runtime:/home/ubuntu/ros2ws/install/moveit2_tutorials:/home/ubuntu/ros2ws/install/moveit:/home/ubuntu/ros2ws/install/moveit_planners:/home/ubuntu/ros2ws/install/pilz_industrial_motion_planner:/home/ubuntu/ros2ws/install/moveit_visual_tools:/home/ubuntu/ros2ws/install/moveit_task_constructor_visualization:/home/ubuntu/ros2ws/install/moveit_task_constructor_demo:/home/ubuntu/ros2ws/install/moveit_task_constructor_capabilities:/home/ubuntu/ros2ws/install/moveit_task_constructor_core:/home/ubuntu/ros2ws/install/moveit_ros_control_interface:/home/ubuntu/ros2ws/install/moveit_plugins:/home/ubuntu/ros2ws/install/moveit_simple_controller_manager:/home/ubuntu/ros2ws/install/moveit_setup_assistant:/home/ubuntu/ros2ws/install/moveit_setup_srdf_plugins:/home/ubuntu/ros2ws/install/moveit_setup_core_plugins:/home/ubuntu/ros2ws/install/moveit_setup_controllers:/home/ubuntu/ros2ws/install/moveit_setup_app_plugins:/home/ubuntu/ros2ws/install/moveit_setup_framework:/home/ubuntu/ros2ws/install/moveit_servo:/home/ubuntu/ros2ws/install/moveit_ros:/home/ubuntu/ros2ws/install/moveit_ros_visualization:/home/ubuntu/ros2ws/install/moveit_hybrid_planning:/home/ubuntu/ros2ws/install/moveit_ros_planning_interface:/home/ubuntu/ros2ws/install/moveit_ros_benchmarks:/home/ubuntu/ros2ws/install/moveit_ros_warehouse:/home/ubuntu/ros2ws/install/moveit_ros_robot_interaction:/home/ubuntu/ros2ws/install/moveit_ros_perception:/home/ubuntu/ros2ws/install/moveit_resources_prbt_pg70_support:/home/ubuntu/ros2ws/install/moveit_resources_prbt_moveit_config:/home/ubuntu/ros2ws/install/moveit_ros_move_group:/home/ubuntu/ros2ws/install/moveit_planners_ompl:/home/ubuntu/ros2ws/install/moveit_ros_planning:/home/ubuntu/ros2ws/install/moveit_ros_occupancy_map_monitor:/home/ubuntu/ros2ws/install/moveit_resources_prbt_ikfast_manipulator_plugin:/home/ubuntu/ros2ws/install/moveit_planners_chomp:/home/ubuntu/ros2ws/install/moveit_kinematics:/home/ubuntu/ros2ws/install/moveit_chomp_optimizer_adapter:/home/ubuntu/ros2ws/install/chomp_motion_planner:/home/ubuntu/ros2ws/install/moveit_core:/home/ubuntu/ros2ws/install/abb_bringup:/home/ubuntu/ros2ws/install/rviz_marker_tools:/home/ubuntu/ros2ws/install/rosparam_shortcuts:/home/ubuntu/ros2ws/install/ros2srrc_ur5_moveit2:/home/ubuntu/ros2ws/install/ros2srrc_ur5_gazebo:/home/ubuntu/ros2ws/install/ros2srrc_ur3_moveit2:/home/ubuntu/ros2ws/install/ros2srrc_ur3_gazebo:/home/ubuntu/ros2ws/install/ros2srrc_ur16e_moveit2:/home/ubuntu/ros2ws/install/ros2srrc_ur16e_gazebo:/home/ubuntu/ros2ws/install/ros2srrc_ur10e_moveit2:/home/ubuntu/ros2ws/install/ros2srrc_ur10e_gazebo:/home/ubuntu/ros2ws/install/ros2srrc_robots:/home/ubuntu/ros2ws/install/ros2srrc_launch:/home/ubuntu/ros2ws/install/ros2srrc_irb6640_moveit2:/home/ubuntu/ros2ws/install/ros2srrc_irb6640_gazebo:/home/ubuntu/ros2ws/install/ros2srrc_irb120_moveit2:/home/ubuntu/ros2ws/install/ros2srrc_irb120_gazebo:/home/ubuntu/ros2ws/install/ros2srrc_irb1200_moveit2:/home/ubuntu/ros2ws/install/ros2srrc_irb1200_gazebo:/home/ubuntu/ros2ws/install/ros2srrc_iiwa_moveit2:/home/ubuntu/ros2ws/install/ros2srrc_iiwa_gazebo:/home/ubuntu/ros2ws/install/ros2srrc_endeffectors:/home/ubuntu/ros2ws/install/ros2srrc_data:/home/ubuntu/ros2ws/install/ros2_robotiqgripper:/home/ubuntu/ros2ws/install/ros2_objectpose:/home/ubuntu/ros2ws/install/ros2_linkpose:/home/ubuntu/ros2ws/install/ros2_linkattacher:/home/ubuntu/ros2ws/install/objectpose_msgs:/home/ubuntu/ros2ws/install/objectpose_gazebo:/home/ubuntu/ros2ws/install/moveit_task_constructor_msgs:/home/ubuntu/ros2ws/install/moveit_resources_prbt_support:/home/ubuntu/ros2ws/install/moveit_resources:/home/ubuntu/ros2ws/install/moveit_resources_fanuc_moveit_config:/home/ubuntu/ros2ws/install/moveit_resources_fanuc_description:/home/ubuntu/ros2ws/install/linkpose_msgs:/home/ubuntu/ros2ws/install/linkpose_gazebo:/home/ubuntu/ros2ws/install/linkattacher_msgs:/home/ubuntu/ros2ws/install/letter_writer:/home/ubuntu/ros2ws/install/gazebo_ros2_control_demos:/home/ubuntu/ros2ws/install/gazebo_ros2_control:/home/ubuntu/ros2ws/install/abb_rws_client:/home/ubuntu/ros2ws/install/abb_ros2:/home/ubuntu/ros2ws/install/abb_robot_msgs:/home/ubuntu/ros2ws/install/abb_resources:/home/ubuntu/ros2ws/install/abb_rapid_sm_addin_msgs:/home/ubuntu/ros2ws/install/abb_rapid_msgs:/home/ubuntu/ros2ws/install/abb_hardware_interface:/home/ubuntu/ros2ws/install/abb_egm_rws_managers:/home/ubuntu/ros2ws/install/abb_librws:/home/ubuntu/ros2ws/install/abb_libegm:/home/ubuntu/ros2ws/install/abb_irb4600_support:/home/ubuntu/ros2ws/install/abb_irb1200_5_90_moveit_config:/home/ubuntu/ros2ws/install/abb_irb1200_support:/home/ubuntu/ros2ws/install/abb_egm_msgs:/home/ubuntu/ros2ws/install/testV1:/home/ubuntu/ros2ws/install/gui_subscriber:/home/ubuntu/ros2ws/install/moveit_configs_utils:/home/ubuntu/ros2ws/install/robot_letter_writer:/home/ubuntu/ros2ws/install/launch_param_builder:/opt/ros/humble LD_LIBRARY_PATH=/home/ubuntu/ros2ws/install/srdfdom/lib:/home/ubuntu/ros2ws/install/pilz_industrial_motion_planner_testutils/lib:/home/ubuntu/ros2ws/install/pilz_industrial_motion_planner/lib:/home/ubuntu/ros2ws/install/moveit_visual_tools/lib:/home/ubuntu/ros2ws/install/moveit_task_constructor_visualization/lib:/home/ubuntu/ros2ws/install/moveit_task_constructor_demo/lib:/home/ubuntu/ros2ws/install/moveit_task_constructor_capabilities/lib:/home/ubuntu/ros2ws/install/moveit_task_constructor_core/lib:/home/ubuntu/ros2ws/install/moveit_ros_control_interface/lib:/home/ubuntu/ros2ws/install/moveit_simple_controller_manager/lib:/home/ubuntu/ros2ws/install/moveit_setup_assistant/lib:/home/ubuntu/ros2ws/install/moveit_setup_srdf_plugins/lib:/home/ubuntu/ros2ws/install/moveit_setup_core_plugins/lib:/home/ubuntu/ros2ws/install/moveit_setup_controllers/lib:/home/ubuntu/ros2ws/install/moveit_setup_app_plugins/lib:/home/ubuntu/ros2ws/install/moveit_setup_framework/lib:/home/ubuntu/ros2ws/install/moveit_servo/lib:/home/ubuntu/ros2ws/install/moveit_ros_visualization/lib:/home/ubuntu/ros2ws/install/moveit_hybrid_planning/lib:/home/ubuntu/ros2ws/install/moveit_ros_planning_interface/lib:/home/ubuntu/ros2ws/install/moveit_ros_benchmarks/lib:/home/ubuntu/ros2ws/install/moveit_ros_warehouse/lib:/home/ubuntu/ros2ws/install/moveit_ros_robot_interaction/lib:/home/ubuntu/ros2ws/install/moveit_ros_perception/lib:/home/ubuntu/ros2ws/install/moveit_ros_move_group/lib:/home/ubuntu/ros2ws/install/moveit_planners_ompl/lib:/home/ubuntu/ros2ws/install/moveit_ros_planning/lib:/home/ubuntu/ros2ws/install/moveit_ros_occupancy_map_monitor/lib:/home/ubuntu/ros2ws/install/moveit_resources_prbt_ikfast_manipulator_plugin/lib:/home/ubuntu/ros2ws/install/moveit_planners_chomp/lib:/home/ubuntu/ros2ws/install/moveit_kinematics/lib:/home/ubuntu/ros2ws/install/moveit_chomp_optimizer_adapter/lib:/home/ubuntu/ros2ws/install/chomp_motion_planner/lib:/home/ubuntu/ros2ws/install/moveit_core/lib:/home/ubuntu/ros2ws/install/rviz_marker_tools/lib:/home/ubuntu/ros2ws/install/rosparam_shortcuts/lib:/home/ubuntu/ros2ws/install/ros2srrc_data/lib:/home/ubuntu/ros2ws/install/ros2_robotiqgripper/lib:/home/ubuntu/ros2ws/install/ros2_objectpose/lib:/home/ubuntu/ros2ws/install/ros2_linkpose/lib:/home/ubuntu/ros2ws/install/ros2_linkattacher/lib:/home/ubuntu/ros2ws/install/objectpose_msgs/lib:/home/ubuntu/ros2ws/install/moveit_task_constructor_msgs/lib:/home/ubuntu/ros2ws/install/linkpose_msgs/lib:/home/ubuntu/ros2ws/install/linkattacher_msgs/lib:/home/ubuntu/ros2ws/install/gazebo_ros2_control/lib:/home/ubuntu/ros2ws/install/abb_robot_msgs/lib:/home/ubuntu/ros2ws/install/abb_rapid_sm_addin_msgs/lib:/home/ubuntu/ros2ws/install/abb_rapid_msgs/lib:/home/ubuntu/ros2ws/install/abb_hardware_interface/lib:/home/ubuntu/ros2ws/install/abb_egm_rws_managers/lib:/home/ubuntu/ros2ws/install/abb_librws/lib:/home/ubuntu/ros2ws/install/abb_libegm/lib:/home/ubuntu/ros2ws/install/abb_egm_msgs/lib:/usr/lib/x86_64-linux-gnu/gazebo-11/plugins:/opt/ros/humble/opt/rviz_ogre_vendor/lib:/opt/ros/humble/lib/x86_64-linux-gnu:/opt/ros/humble/lib /usr/bin/cmake --build /home/ubuntu/ros2ws/build/moveit_core -- -j4 -l4
[2.633s] [  1%] Built target moveit_exceptions
[3.015s] [  4%] Built target moveit_distance_field
[3.016s] [  4%] Built target moveit_transforms
[3.027s] [  5%] Built target moveit_kinematics_base
[3.204s] [  7%] Built target moveit_utils
[3.305s] [  8%] Built target gtest
[3.342s] [ 10%] Built target gmock
[3.408s] [ 11%] Built target gmock_main
[3.466s] [ 12%] Built target gtest_main
[3.692s] [ 14%] Built target moveit_version
[3.863s] [ 15%] Built target moveit_smoothing_base
[3.863s] [ 16%] Built target moveit_butterworth_parameters
[4.076s] [ 23%] Built target moveit_robot_model
[4.308s] [ 24%] Built target test_voxel_grid
[4.327s] [ 25%] Built target test_distance_field
[4.385s] [ 26%] Built target test_transforms
[4.559s] [ 29%] Built target moveit_robot_state
[4.664s] [ 30%] Built target moveit_test_utils
[4.842s] [ 31%] Built target moveit_butterworth_filter
[4.869s] [ 32%] Built target moveit_robot_trajectory
[4.967s] [ 38%] Built target moveit_collision_detection
[5.101s] [ 40%] Built target moveit_dynamics_solver
[5.101s] [ 41%] Built target moveit_kinematics_metrics
[5.188s] [ 42%] Built target test_butterworth_filter
[5.415s] [ 44%] Built target moveit_planning_interface
[5.464s] [ 45%] Built target test_robot_model
[5.477s] [ 46%] Built target test_robot_state_benchmark
[5.498s] [ 48%] Built target test_robot_state
[5.580s] [ 49%] Built target test_robot_state_complex
[5.682s] [ 50%] Built target test_cartesian_interpolator
[5.724s] [ 51%] Built target test_aabb
[5.764s] [ 52%] Built target test_robot_trajectory
[5.811s] [ 53%] Built target test_world
[5.819s] [ 55%] Built target test_world_diff
[5.875s] [ 56%] Built target test_all_valid
[5.954s] [ 61%] Built target moveit_collision_detection_bullet
[5.985s] [ 63%] Built target moveit_collision_detection_fcl
[6.059s] [ 67%] Built target moveit_trajectory_processing
[6.125s] [ 68%] Built target test_bullet_collision_detection
[6.177s] [ 70%] Built target test_bullet_continuous_collision_checking
[6.192s] [ 71%] Built target test_bullet_collision_detection_panda
[6.216s] [ 73%] Built target test_fcl_collision_env
[6.279s] [ 74%] Built target test_fcl_collision_detection
[6.542s] [ 75%] Built target test_fcl_collision_detection_panda
[6.565s] [ 77%] Built target moveit_kinematic_constraints
[6.576s] [ 78%] Built target test_time_parameterization
[6.720s] [ 80%] Built target test_time_optimal_trajectory_generation
[7.186s] [ 81%] Built target test_ruckig_traj_smoothing
[7.251s] [ 82%] Built target test_orientation_constraints
[7.261s] [ 83%] Built target test_constraints
[7.274s] [ 84%] Built target moveit_planning_scene
[7.835s] [ 85%] Built target test_planning_scene
[8.345s] [ 88%] Built target moveit_collision_distance_field
[8.465s] [ 89%] Built target moveit_planning_request_adapter
[8.525s] [ 90%] Built target test_collision_objects
[8.617s] [ 93%] Built target moveit_constraint_samplers
[8.896s] [ 94%] Built target test_collision_distance_field
[8.944s] [ 95%] Built target collision_detector_fcl_plugin
[9.068s] [ 96%] Built target test_multi_threaded
[9.182s] [ 97%] Built target collision_detector_bullet_plugin
[9.298s] [100%] Built target test_constraint_samplers
[9.334s] Invoked command in '/home/ubuntu/ros2ws/build/moveit_core' returned '0': CMAKE_PREFIX_PATH=/home/ubuntu/ros2ws/install/moveit_resources_panda_moveit_config:/home/ubuntu/ros2ws/install/srdfdom:/home/ubuntu/ros2ws/install/moveit_resources_pr2_description:/home/ubuntu/ros2ws/install/moveit_resources_panda_description:/home/ubuntu/ros2ws/install/moveit_common:/home/ubuntu/ros2ws/install/testV2:/home/ubuntu/ros2ws/install/ros2srrc_execution:/home/ubuntu/ros2ws/install/pilz_industrial_motion_planner_testutils:/home/ubuntu/ros2ws/install/moveit_runtime:/home/ubuntu/ros2ws/install/moveit2_tutorials:/home/ubuntu/ros2ws/install/moveit:/home/ubuntu/ros2ws/install/moveit_planners:/home/ubuntu/ros2ws/install/pilz_industrial_motion_planner:/home/ubuntu/ros2ws/install/moveit_visual_tools:/home/ubuntu/ros2ws/install/moveit_task_constructor_visualization:/home/ubuntu/ros2ws/install/moveit_task_constructor_demo:/home/ubuntu/ros2ws/install/moveit_task_constructor_capabilities:/home/ubuntu/ros2ws/install/moveit_task_constructor_core:/home/ubuntu/ros2ws/install/moveit_ros_control_interface:/home/ubuntu/ros2ws/install/moveit_plugins:/home/ubuntu/ros2ws/install/moveit_simple_controller_manager:/home/ubuntu/ros2ws/install/moveit_setup_assistant:/home/ubuntu/ros2ws/install/moveit_setup_srdf_plugins:/home/ubuntu/ros2ws/install/moveit_setup_core_plugins:/home/ubuntu/ros2ws/install/moveit_setup_controllers:/home/ubuntu/ros2ws/install/moveit_setup_app_plugins:/home/ubuntu/ros2ws/install/moveit_setup_framework:/home/ubuntu/ros2ws/install/moveit_servo:/home/ubuntu/ros2ws/install/moveit_ros:/home/ubuntu/ros2ws/install/moveit_ros_visualization:/home/ubuntu/ros2ws/install/moveit_hybrid_planning:/home/ubuntu/ros2ws/install/moveit_ros_planning_interface:/home/ubuntu/ros2ws/install/moveit_ros_benchmarks:/home/ubuntu/ros2ws/install/moveit_ros_warehouse:/home/ubuntu/ros2ws/install/moveit_ros_robot_interaction:/home/ubuntu/ros2ws/install/moveit_ros_perception:/home/ubuntu/ros2ws/install/moveit_resources_prbt_pg70_support:/home/ubuntu/ros2ws/install/moveit_resources_prbt_moveit_config:/home/ubuntu/ros2ws/install/moveit_ros_move_group:/home/ubuntu/ros2ws/install/moveit_planners_ompl:/home/ubuntu/ros2ws/install/moveit_ros_planning:/home/ubuntu/ros2ws/install/moveit_ros_occupancy_map_monitor:/home/ubuntu/ros2ws/install/moveit_resources_prbt_ikfast_manipulator_plugin:/home/ubuntu/ros2ws/install/moveit_planners_chomp:/home/ubuntu/ros2ws/install/moveit_kinematics:/home/ubuntu/ros2ws/install/moveit_chomp_optimizer_adapter:/home/ubuntu/ros2ws/install/chomp_motion_planner:/home/ubuntu/ros2ws/install/moveit_core:/home/ubuntu/ros2ws/install/abb_bringup:/home/ubuntu/ros2ws/install/rviz_marker_tools:/home/ubuntu/ros2ws/install/rosparam_shortcuts:/home/ubuntu/ros2ws/install/ros2srrc_ur5_moveit2:/home/ubuntu/ros2ws/install/ros2srrc_ur5_gazebo:/home/ubuntu/ros2ws/install/ros2srrc_ur3_moveit2:/home/ubuntu/ros2ws/install/ros2srrc_ur3_gazebo:/home/ubuntu/ros2ws/install/ros2srrc_ur16e_moveit2:/home/ubuntu/ros2ws/install/ros2srrc_ur16e_gazebo:/home/ubuntu/ros2ws/install/ros2srrc_ur10e_moveit2:/home/ubuntu/ros2ws/install/ros2srrc_ur10e_gazebo:/home/ubuntu/ros2ws/install/ros2srrc_robots:/home/ubuntu/ros2ws/install/ros2srrc_launch:/home/ubuntu/ros2ws/install/ros2srrc_irb6640_moveit2:/home/ubuntu/ros2ws/install/ros2srrc_irb6640_gazebo:/home/ubuntu/ros2ws/install/ros2srrc_irb120_moveit2:/home/ubuntu/ros2ws/install/ros2srrc_irb120_gazebo:/home/ubuntu/ros2ws/install/ros2srrc_irb1200_moveit2:/home/ubuntu/ros2ws/install/ros2srrc_irb1200_gazebo:/home/ubuntu/ros2ws/install/ros2srrc_iiwa_moveit2:/home/ubuntu/ros2ws/install/ros2srrc_iiwa_gazebo:/home/ubuntu/ros2ws/install/ros2srrc_endeffectors:/home/ubuntu/ros2ws/install/ros2srrc_data:/home/ubuntu/ros2ws/install/ros2_robotiqgripper:/home/ubuntu/ros2ws/install/ros2_objectpose:/home/ubuntu/ros2ws/install/ros2_linkpose:/home/ubuntu/ros2ws/install/ros2_linkattacher:/home/ubuntu/ros2ws/install/objectpose_msgs:/home/ubuntu/ros2ws/install/objectpose_gazebo:/home/ubuntu/ros2ws/install/moveit_task_constructor_msgs:/home/ubuntu/ros2ws/install/moveit_resources_prbt_support:/home/ubuntu/ros2ws/install/moveit_resources:/home/ubuntu/ros2ws/install/moveit_resources_fanuc_moveit_config:/home/ubuntu/ros2ws/install/moveit_resources_fanuc_description:/home/ubuntu/ros2ws/install/linkpose_msgs:/home/ubuntu/ros2ws/install/linkpose_gazebo:/home/ubuntu/ros2ws/install/linkattacher_msgs:/home/ubuntu/ros2ws/install/letter_writer:/home/ubuntu/ros2ws/install/gazebo_ros2_control_demos:/home/ubuntu/ros2ws/install/gazebo_ros2_control:/home/ubuntu/ros2ws/install/abb_rws_client:/home/ubuntu/ros2ws/install/abb_ros2:/home/ubuntu/ros2ws/install/abb_robot_msgs:/home/ubuntu/ros2ws/install/abb_resources:/home/ubuntu/ros2ws/install/abb_rapid_sm_addin_msgs:/home/ubuntu/ros2ws/install/abb_rapid_msgs:/home/ubuntu/ros2ws/install/abb_hardware_interface:/home/ubuntu/ros2ws/install/abb_egm_rws_managers:/home/ubuntu/ros2ws/install/abb_librws:/home/ubuntu/ros2ws/install/abb_libegm:/home/ubuntu/ros2ws/install/abb_irb4600_support:/home/ubuntu/ros2ws/install/abb_irb1200_5_90_moveit_config:/home/ubuntu/ros2ws/install/abb_irb1200_support:/home/ubuntu/ros2ws/install/abb_egm_msgs:/home/ubuntu/ros2ws/install/testV1:/home/ubuntu/ros2ws/install/gui_subscriber:/home/ubuntu/ros2ws/install/moveit_configs_utils:/home/ubuntu/ros2ws/install/robot_letter_writer:/home/ubuntu/ros2ws/install/launch_param_builder:/opt/ros/humble LD_LIBRARY_PATH=/home/ubuntu/ros2ws/install/srdfdom/lib:/home/ubuntu/ros2ws/install/pilz_industrial_motion_planner_testutils/lib:/home/ubuntu/ros2ws/install/pilz_industrial_motion_planner/lib:/home/ubuntu/ros2ws/install/moveit_visual_tools/lib:/home/ubuntu/ros2ws/install/moveit_task_constructor_visualization/lib:/home/ubuntu/ros2ws/install/moveit_task_constructor_demo/lib:/home/ubuntu/ros2ws/install/moveit_task_constructor_capabilities/lib:/home/ubuntu/ros2ws/install/moveit_task_constructor_core/lib:/home/ubuntu/ros2ws/install/moveit_ros_control_interface/lib:/home/ubuntu/ros2ws/install/moveit_simple_controller_manager/lib:/home/ubuntu/ros2ws/install/moveit_setup_assistant/lib:/home/ubuntu/ros2ws/install/moveit_setup_srdf_plugins/lib:/home/ubuntu/ros2ws/install/moveit_setup_core_plugins/lib:/home/ubuntu/ros2ws/install/moveit_setup_controllers/lib:/home/ubuntu/ros2ws/install/moveit_setup_app_plugins/lib:/home/ubuntu/ros2ws/install/moveit_setup_framework/lib:/home/ubuntu/ros2ws/install/moveit_servo/lib:/home/ubuntu/ros2ws/install/moveit_ros_visualization/lib:/home/ubuntu/ros2ws/install/moveit_hybrid_planning/lib:/home/ubuntu/ros2ws/install/moveit_ros_planning_interface/lib:/home/ubuntu/ros2ws/install/moveit_ros_benchmarks/lib:/home/ubuntu/ros2ws/install/moveit_ros_warehouse/lib:/home/ubuntu/ros2ws/install/moveit_ros_robot_interaction/lib:/home/ubuntu/ros2ws/install/moveit_ros_perception/lib:/home/ubuntu/ros2ws/install/moveit_ros_move_group/lib:/home/ubuntu/ros2ws/install/moveit_planners_ompl/lib:/home/ubuntu/ros2ws/install/moveit_ros_planning/lib:/home/ubuntu/ros2ws/install/moveit_ros_occupancy_map_monitor/lib:/home/ubuntu/ros2ws/install/moveit_resources_prbt_ikfast_manipulator_plugin/lib:/home/ubuntu/ros2ws/install/moveit_planners_chomp/lib:/home/ubuntu/ros2ws/install/moveit_kinematics/lib:/home/ubuntu/ros2ws/install/moveit_chomp_optimizer_adapter/lib:/home/ubuntu/ros2ws/install/chomp_motion_planner/lib:/home/ubuntu/ros2ws/install/moveit_core/lib:/home/ubuntu/ros2ws/install/rviz_marker_tools/lib:/home/ubuntu/ros2ws/install/rosparam_shortcuts/lib:/home/ubuntu/ros2ws/install/ros2srrc_data/lib:/home/ubuntu/ros2ws/install/ros2_robotiqgripper/lib:/home/ubuntu/ros2ws/install/ros2_objectpose/lib:/home/ubuntu/ros2ws/install/ros2_linkpose/lib:/home/ubuntu/ros2ws/install/ros2_linkattacher/lib:/home/ubuntu/ros2ws/install/objectpose_msgs/lib:/home/ubuntu/ros2ws/install/moveit_task_constructor_msgs/lib:/home/ubuntu/ros2ws/install/linkpose_msgs/lib:/home/ubuntu/ros2ws/install/linkattacher_msgs/lib:/home/ubuntu/ros2ws/install/gazebo_ros2_control/lib:/home/ubuntu/ros2ws/install/abb_robot_msgs/lib:/home/ubuntu/ros2ws/install/abb_rapid_sm_addin_msgs/lib:/home/ubuntu/ros2ws/install/abb_rapid_msgs/lib:/home/ubuntu/ros2ws/install/abb_hardware_interface/lib:/home/ubuntu/ros2ws/install/abb_egm_rws_managers/lib:/home/ubuntu/ros2ws/install/abb_librws/lib:/home/ubuntu/ros2ws/install/abb_libegm/lib:/home/ubuntu/ros2ws/install/abb_egm_msgs/lib:/usr/lib/x86_64-linux-gnu/gazebo-11/plugins:/opt/ros/humble/opt/rviz_ogre_vendor/lib:/opt/ros/humble/lib/x86_64-linux-gnu:/opt/ros/humble/lib /usr/bin/cmake --build /home/ubuntu/ros2ws/build/moveit_core -- -j4 -l4
[9.704s] Invoking command in '/home/ubuntu/ros2ws/build/moveit_core': CMAKE_PREFIX_PATH=/home/ubuntu/ros2ws/install/moveit_resources_panda_moveit_config:/home/ubuntu/ros2ws/install/srdfdom:/home/ubuntu/ros2ws/install/moveit_resources_pr2_description:/home/ubuntu/ros2ws/install/moveit_resources_panda_description:/home/ubuntu/ros2ws/install/moveit_common:/home/ubuntu/ros2ws/install/testV2:/home/ubuntu/ros2ws/install/ros2srrc_execution:/home/ubuntu/ros2ws/install/pilz_industrial_motion_planner_testutils:/home/ubuntu/ros2ws/install/moveit_runtime:/home/ubuntu/ros2ws/install/moveit2_tutorials:/home/ubuntu/ros2ws/install/moveit:/home/ubuntu/ros2ws/install/moveit_planners:/home/ubuntu/ros2ws/install/pilz_industrial_motion_planner:/home/ubuntu/ros2ws/install/moveit_visual_tools:/home/ubuntu/ros2ws/install/moveit_task_constructor_visualization:/home/ubuntu/ros2ws/install/moveit_task_constructor_demo:/home/ubuntu/ros2ws/install/moveit_task_constructor_capabilities:/home/ubuntu/ros2ws/install/moveit_task_constructor_core:/home/ubuntu/ros2ws/install/moveit_ros_control_interface:/home/ubuntu/ros2ws/install/moveit_plugins:/home/ubuntu/ros2ws/install/moveit_simple_controller_manager:/home/ubuntu/ros2ws/install/moveit_setup_assistant:/home/ubuntu/ros2ws/install/moveit_setup_srdf_plugins:/home/ubuntu/ros2ws/install/moveit_setup_core_plugins:/home/ubuntu/ros2ws/install/moveit_setup_controllers:/home/ubuntu/ros2ws/install/moveit_setup_app_plugins:/home/ubuntu/ros2ws/install/moveit_setup_framework:/home/ubuntu/ros2ws/install/moveit_servo:/home/ubuntu/ros2ws/install/moveit_ros:/home/ubuntu/ros2ws/install/moveit_ros_visualization:/home/ubuntu/ros2ws/install/moveit_hybrid_planning:/home/ubuntu/ros2ws/install/moveit_ros_planning_interface:/home/ubuntu/ros2ws/install/moveit_ros_benchmarks:/home/ubuntu/ros2ws/install/moveit_ros_warehouse:/home/ubuntu/ros2ws/install/moveit_ros_robot_interaction:/home/ubuntu/ros2ws/install/moveit_ros_perception:/home/ubuntu/ros2ws/install/moveit_resources_prbt_pg70_support:/home/ubuntu/ros2ws/install/moveit_resources_prbt_moveit_config:/home/ubuntu/ros2ws/install/moveit_ros_move_group:/home/ubuntu/ros2ws/install/moveit_planners_ompl:/home/ubuntu/ros2ws/install/moveit_ros_planning:/home/ubuntu/ros2ws/install/moveit_ros_occupancy_map_monitor:/home/ubuntu/ros2ws/install/moveit_resources_prbt_ikfast_manipulator_plugin:/home/ubuntu/ros2ws/install/moveit_planners_chomp:/home/ubuntu/ros2ws/install/moveit_kinematics:/home/ubuntu/ros2ws/install/moveit_chomp_optimizer_adapter:/home/ubuntu/ros2ws/install/chomp_motion_planner:/home/ubuntu/ros2ws/install/moveit_core:/home/ubuntu/ros2ws/install/abb_bringup:/home/ubuntu/ros2ws/install/rviz_marker_tools:/home/ubuntu/ros2ws/install/rosparam_shortcuts:/home/ubuntu/ros2ws/install/ros2srrc_ur5_moveit2:/home/ubuntu/ros2ws/install/ros2srrc_ur5_gazebo:/home/ubuntu/ros2ws/install/ros2srrc_ur3_moveit2:/home/ubuntu/ros2ws/install/ros2srrc_ur3_gazebo:/home/ubuntu/ros2ws/install/ros2srrc_ur16e_moveit2:/home/ubuntu/ros2ws/install/ros2srrc_ur16e_gazebo:/home/ubuntu/ros2ws/install/ros2srrc_ur10e_moveit2:/home/ubuntu/ros2ws/install/ros2srrc_ur10e_gazebo:/home/ubuntu/ros2ws/install/ros2srrc_robots:/home/ubuntu/ros2ws/install/ros2srrc_launch:/home/ubuntu/ros2ws/install/ros2srrc_irb6640_moveit2:/home/ubuntu/ros2ws/install/ros2srrc_irb6640_gazebo:/home/ubuntu/ros2ws/install/ros2srrc_irb120_moveit2:/home/ubuntu/ros2ws/install/ros2srrc_irb120_gazebo:/home/ubuntu/ros2ws/install/ros2srrc_irb1200_moveit2:/home/ubuntu/ros2ws/install/ros2srrc_irb1200_gazebo:/home/ubuntu/ros2ws/install/ros2srrc_iiwa_moveit2:/home/ubuntu/ros2ws/install/ros2srrc_iiwa_gazebo:/home/ubuntu/ros2ws/install/ros2srrc_endeffectors:/home/ubuntu/ros2ws/install/ros2srrc_data:/home/ubuntu/ros2ws/install/ros2_robotiqgripper:/home/ubuntu/ros2ws/install/ros2_objectpose:/home/ubuntu/ros2ws/install/ros2_linkpose:/home/ubuntu/ros2ws/install/ros2_linkattacher:/home/ubuntu/ros2ws/install/objectpose_msgs:/home/ubuntu/ros2ws/install/objectpose_gazebo:/home/ubuntu/ros2ws/install/moveit_task_constructor_msgs:/home/ubuntu/ros2ws/install/moveit_resources_prbt_support:/home/ubuntu/ros2ws/install/moveit_resources:/home/ubuntu/ros2ws/install/moveit_resources_fanuc_moveit_config:/home/ubuntu/ros2ws/install/moveit_resources_fanuc_description:/home/ubuntu/ros2ws/install/linkpose_msgs:/home/ubuntu/ros2ws/install/linkpose_gazebo:/home/ubuntu/ros2ws/install/linkattacher_msgs:/home/ubuntu/ros2ws/install/letter_writer:/home/ubuntu/ros2ws/install/gazebo_ros2_control_demos:/home/ubuntu/ros2ws/install/gazebo_ros2_control:/home/ubuntu/ros2ws/install/abb_rws_client:/home/ubuntu/ros2ws/install/abb_ros2:/home/ubuntu/ros2ws/install/abb_robot_msgs:/home/ubuntu/ros2ws/install/abb_resources:/home/ubuntu/ros2ws/install/abb_rapid_sm_addin_msgs:/home/ubuntu/ros2ws/install/abb_rapid_msgs:/home/ubuntu/ros2ws/install/abb_hardware_interface:/home/ubuntu/ros2ws/install/abb_egm_rws_managers:/home/ubuntu/ros2ws/install/abb_librws:/home/ubuntu/ros2ws/install/abb_libegm:/home/ubuntu/ros2ws/install/abb_irb4600_support:/home/ubuntu/ros2ws/install/abb_irb1200_5_90_moveit_config:/home/ubuntu/ros2ws/install/abb_irb1200_support:/home/ubuntu/ros2ws/install/abb_egm_msgs:/home/ubuntu/ros2ws/install/testV1:/home/ubuntu/ros2ws/install/gui_subscriber:/home/ubuntu/ros2ws/install/moveit_configs_utils:/home/ubuntu/ros2ws/install/robot_letter_writer:/home/ubuntu/ros2ws/install/launch_param_builder:/opt/ros/humble LD_LIBRARY_PATH=/home/ubuntu/ros2ws/install/srdfdom/lib:/home/ubuntu/ros2ws/install/pilz_industrial_motion_planner_testutils/lib:/home/ubuntu/ros2ws/install/pilz_industrial_motion_planner/lib:/home/ubuntu/ros2ws/install/moveit_visual_tools/lib:/home/ubuntu/ros2ws/install/moveit_task_constructor_visualization/lib:/home/ubuntu/ros2ws/install/moveit_task_constructor_demo/lib:/home/ubuntu/ros2ws/install/moveit_task_constructor_capabilities/lib:/home/ubuntu/ros2ws/install/moveit_task_constructor_core/lib:/home/ubuntu/ros2ws/install/moveit_ros_control_interface/lib:/home/ubuntu/ros2ws/install/moveit_simple_controller_manager/lib:/home/ubuntu/ros2ws/install/moveit_setup_assistant/lib:/home/ubuntu/ros2ws/install/moveit_setup_srdf_plugins/lib:/home/ubuntu/ros2ws/install/moveit_setup_core_plugins/lib:/home/ubuntu/ros2ws/install/moveit_setup_controllers/lib:/home/ubuntu/ros2ws/install/moveit_setup_app_plugins/lib:/home/ubuntu/ros2ws/install/moveit_setup_framework/lib:/home/ubuntu/ros2ws/install/moveit_servo/lib:/home/ubuntu/ros2ws/install/moveit_ros_visualization/lib:/home/ubuntu/ros2ws/install/moveit_hybrid_planning/lib:/home/ubuntu/ros2ws/install/moveit_ros_planning_interface/lib:/home/ubuntu/ros2ws/install/moveit_ros_benchmarks/lib:/home/ubuntu/ros2ws/install/moveit_ros_warehouse/lib:/home/ubuntu/ros2ws/install/moveit_ros_robot_interaction/lib:/home/ubuntu/ros2ws/install/moveit_ros_perception/lib:/home/ubuntu/ros2ws/install/moveit_ros_move_group/lib:/home/ubuntu/ros2ws/install/moveit_planners_ompl/lib:/home/ubuntu/ros2ws/install/moveit_ros_planning/lib:/home/ubuntu/ros2ws/install/moveit_ros_occupancy_map_monitor/lib:/home/ubuntu/ros2ws/install/moveit_resources_prbt_ikfast_manipulator_plugin/lib:/home/ubuntu/ros2ws/install/moveit_planners_chomp/lib:/home/ubuntu/ros2ws/install/moveit_kinematics/lib:/home/ubuntu/ros2ws/install/moveit_chomp_optimizer_adapter/lib:/home/ubuntu/ros2ws/install/chomp_motion_planner/lib:/home/ubuntu/ros2ws/install/moveit_core/lib:/home/ubuntu/ros2ws/install/rviz_marker_tools/lib:/home/ubuntu/ros2ws/install/rosparam_shortcuts/lib:/home/ubuntu/ros2ws/install/ros2srrc_data/lib:/home/ubuntu/ros2ws/install/ros2_robotiqgripper/lib:/home/ubuntu/ros2ws/install/ros2_objectpose/lib:/home/ubuntu/ros2ws/install/ros2_linkpose/lib:/home/ubuntu/ros2ws/install/ros2_linkattacher/lib:/home/ubuntu/ros2ws/install/objectpose_msgs/lib:/home/ubuntu/ros2ws/install/moveit_task_constructor_msgs/lib:/home/ubuntu/ros2ws/install/linkpose_msgs/lib:/home/ubuntu/ros2ws/install/linkattacher_msgs/lib:/home/ubuntu/ros2ws/install/gazebo_ros2_control/lib:/home/ubuntu/ros2ws/install/abb_robot_msgs/lib:/home/ubuntu/ros2ws/install/abb_rapid_sm_addin_msgs/lib:/home/ubuntu/ros2ws/install/abb_rapid_msgs/lib:/home/ubuntu/ros2ws/install/abb_hardware_interface/lib:/home/ubuntu/ros2ws/install/abb_egm_rws_managers/lib:/home/ubuntu/ros2ws/install/abb_librws/lib:/home/ubuntu/ros2ws/install/abb_libegm/lib:/home/ubuntu/ros2ws/install/abb_egm_msgs/lib:/usr/lib/x86_64-linux-gnu/gazebo-11/plugins:/opt/ros/humble/opt/rviz_ogre_vendor/lib:/opt/ros/humble/lib/x86_64-linux-gnu:/opt/ros/humble/lib /usr/bin/cmake --install /home/ubuntu/ros2ws/build/moveit_core
[9.810s] -- Install configuration: "Release"
[9.813s] -- Up-to-date: /home/ubuntu/ros2ws/install/moveit_core/include/moveit/version.h
[9.824s] -- Up-to-date: /home/ubuntu/ros2ws/install/moveit_core/include
[9.825s] -- Up-to-date: /home/ubuntu/ros2ws/install/moveit_core/include/moveit
[9.827s] -- Up-to-date: /home/ubuntu/ros2ws/install/moveit_core/include/moveit/collision_distance_field
[9.827s] -- Up-to-date: /home/ubuntu/ros2ws/install/moveit_core/include/moveit/collision_distance_field/collision_distance_field_types.h
[9.828s] -- Up-to-date: /home/ubuntu/ros2ws/install/moveit_core/include/moveit/collision_distance_field/collision_detector_allocator_hybrid.h
[9.828s] -- Up-to-date: /home/ubuntu/ros2ws/install/moveit_core/include/moveit/collision_distance_field/collision_common_distance_field.h
[9.830s] -- Up-to-date: /home/ubuntu/ros2ws/install/moveit_core/include/moveit/collision_distance_field/collision_env_hybrid.h
[9.830s] -- Up-to-date: /home/ubuntu/ros2ws/install/moveit_core/include/moveit/collision_distance_field/collision_env_distance_field.h
[9.830s] -- Up-to-date: /home/ubuntu/ros2ws/install/moveit_core/include/moveit/collision_distance_field/collision_detector_allocator_distance_field.h
[9.831s] -- Up-to-date: /home/ubuntu/ros2ws/install/moveit_core/include/moveit_collision_distance_field_export.h
[9.834s] -- Up-to-date: /home/ubuntu/ros2ws/install/moveit_core/include
[9.834s] -- Up-to-date: /home/ubuntu/ros2ws/install/moveit_core/include/moveit
[9.837s] -- Up-to-date: /home/ubuntu/ros2ws/install/moveit_core/include/moveit/constraint_samplers
[9.837s] -- Up-to-date: /home/ubuntu/ros2ws/install/moveit_core/include/moveit/constraint_samplers/default_constraint_samplers.h
[9.837s] -- Up-to-date: /home/ubuntu/ros2ws/install/moveit_core/include/moveit/constraint_samplers/constraint_sampler.h
[9.838s] -- Up-to-date: /home/ubuntu/ros2ws/install/moveit_core/include/moveit/constraint_samplers/constraint_sampler_manager.h
[9.838s] -- Up-to-date: /home/ubuntu/ros2ws/install/moveit_core/include/moveit/constraint_samplers/constraint_sampler_tools.h
[9.838s] -- Up-to-date: /home/ubuntu/ros2ws/install/moveit_core/include/moveit/constraint_samplers/union_constraint_sampler.h
[9.838s] -- Up-to-date: /home/ubuntu/ros2ws/install/moveit_core/include/moveit/constraint_samplers/constraint_sampler_allocator.h
[9.839s] -- Up-to-date: /home/ubuntu/ros2ws/install/moveit_core/include
[9.844s] -- Up-to-date: /home/ubuntu/ros2ws/install/moveit_core/include/moveit
[9.845s] -- Up-to-date: /home/ubuntu/ros2ws/install/moveit_core/include/moveit/controller_manager
[9.846s] -- Up-to-date: /home/ubuntu/ros2ws/install/moveit_core/include/moveit/controller_manager/controller_manager.h
[9.846s] -- Up-to-date: /home/ubuntu/ros2ws/install/moveit_core/include
[9.846s] -- Up-to-date: /home/ubuntu/ros2ws/install/moveit_core/include/moveit
[9.847s] -- Up-to-date: /home/ubuntu/ros2ws/install/moveit_core/include/moveit/distance_field
[9.847s] -- Up-to-date: /home/ubuntu/ros2ws/install/moveit_core/include/moveit/distance_field/voxel_grid.h
[9.847s] -- Up-to-date: /home/ubuntu/ros2ws/install/moveit_core/include/moveit/distance_field/propagation_distance_field.h
[9.847s] -- Up-to-date: /home/ubuntu/ros2ws/install/moveit_core/include/moveit/distance_field/find_internal_points.h
[9.847s] -- Up-to-date: /home/ubuntu/ros2ws/install/moveit_core/include/moveit/distance_field/distance_field.h
[9.847s] -- Up-to-date: /home/ubuntu/ros2ws/install/moveit_core/include
[9.847s] -- Up-to-date: /home/ubuntu/ros2ws/install/moveit_core/include/moveit
[9.848s] -- Up-to-date: /home/ubuntu/ros2ws/install/moveit_core/include/moveit/dynamics_solver
[9.848s] -- Up-to-date: /home/ubuntu/ros2ws/install/moveit_core/include/moveit/dynamics_solver/dynamics_solver.h
[9.848s] -- Up-to-date: /home/ubuntu/ros2ws/install/moveit_core/include
[9.848s] -- Up-to-date: /home/ubuntu/ros2ws/install/moveit_core/include/moveit
[9.850s] -- Up-to-date: /home/ubuntu/ros2ws/install/moveit_core/include/moveit/exceptions
[9.850s] -- Up-to-date: /home/ubuntu/ros2ws/install/moveit_core/include/moveit/exceptions/exceptions.h
[9.852s] -- Up-to-date: /home/ubuntu/ros2ws/install/moveit_core/include
[9.853s] -- Up-to-date: /home/ubuntu/ros2ws/install/moveit_core/include/moveit
[9.853s] -- Up-to-date: /home/ubuntu/ros2ws/install/moveit_core/include/moveit/kinematics_base
[9.853s] -- Up-to-date: /home/ubuntu/ros2ws/install/moveit_core/include/moveit/kinematics_base/kinematics_base.h
[9.854s] -- Up-to-date: /home/ubuntu/ros2ws/install/moveit_core/include/moveit_kinematics_base_export.h
[9.854s] -- Up-to-date: /home/ubuntu/ros2ws/install/moveit_core/include
[9.854s] -- Up-to-date: /home/ubuntu/ros2ws/install/moveit_core/include/moveit
[9.855s] -- Up-to-date: /home/ubuntu/ros2ws/install/moveit_core/include/moveit/kinematic_constraints
[9.855s] -- Up-to-date: /home/ubuntu/ros2ws/install/moveit_core/include/moveit/kinematic_constraints/utils.h
[9.855s] -- Up-to-date: /home/ubuntu/ros2ws/install/moveit_core/include/moveit/kinematic_constraints/kinematic_constraint.h
[9.855s] -- Up-to-date: /home/ubuntu/ros2ws/install/moveit_core/include
[9.855s] -- Up-to-date: /home/ubuntu/ros2ws/install/moveit_core/include/moveit
[9.856s] -- Up-to-date: /home/ubuntu/ros2ws/install/moveit_core/include/moveit/kinematics_metrics
[9.857s] -- Up-to-date: /home/ubuntu/ros2ws/install/moveit_core/include/moveit/kinematics_metrics/kinematics_metrics.h
[9.858s] -- Up-to-date: /home/ubuntu/ros2ws/install/moveit_core/include
[9.858s] -- Up-to-date: /home/ubuntu/ros2ws/install/moveit_core/include/moveit
[9.858s] -- Up-to-date: /home/ubuntu/ros2ws/install/moveit_core/include/moveit/macros
[9.858s] -- Up-to-date: /home/ubuntu/ros2ws/install/moveit_core/include/moveit/macros/console_colors.h
[9.858s] -- Up-to-date: /home/ubuntu/ros2ws/install/moveit_core/include/moveit/macros/declare_ptr.h
[9.858s] -- Up-to-date: /home/ubuntu/ros2ws/install/moveit_core/include/moveit/macros/class_forward.h
[9.858s] -- Up-to-date: /home/ubuntu/ros2ws/install/moveit_core/include/moveit/macros/deprecation.h
[9.858s] -- Up-to-date: /home/ubuntu/ros2ws/install/moveit_core/include/moveit_butterworth_parameters
[9.858s] -- Up-to-date: /home/ubuntu/ros2ws/install/moveit_core/include/moveit_butterworth_parameters/moveit_butterworth_parameters.hpp
[9.859s] -- Up-to-date: /home/ubuntu/ros2ws/install/moveit_core/include
[9.859s] -- Up-to-date: /home/ubuntu/ros2ws/install/moveit_core/include/moveit
[9.859s] -- Up-to-date: /home/ubuntu/ros2ws/install/moveit_core/include/moveit/online_signal_smoothing
[9.859s] -- Up-to-date: /home/ubuntu/ros2ws/install/moveit_core/include/moveit/online_signal_smoothing/smoothing_base_class.h
[9.859s] -- Up-to-date: /home/ubuntu/ros2ws/install/moveit_core/include/moveit/online_signal_smoothing/butterworth_filter.h
[9.859s] -- Up-to-date: /home/ubuntu/ros2ws/install/moveit_core/include/moveit_smoothing_base_export.h
[9.859s] -- Up-to-date: /home/ubuntu/ros2ws/install/moveit_core/include/moveit_butterworth_filter_export.h
[9.860s] -- Up-to-date: /home/ubuntu/ros2ws/install/moveit_core/include
[9.860s] -- Up-to-date: /home/ubuntu/ros2ws/install/moveit_core/include/moveit
[9.860s] -- Up-to-date: /home/ubuntu/ros2ws/install/moveit_core/include/moveit/planning_interface
[9.860s] -- Up-to-date: /home/ubuntu/ros2ws/install/moveit_core/include/moveit/planning_interface/planning_request.h
[9.862s] -- Up-to-date: /home/ubuntu/ros2ws/install/moveit_core/include/moveit/planning_interface/planning_interface.h
[9.862s] -- Up-to-date: /home/ubuntu/ros2ws/install/moveit_core/include/moveit/planning_interface/planning_response.h
[9.868s] -- Up-to-date: /home/ubuntu/ros2ws/install/moveit_core/include
[9.868s] -- Up-to-date: /home/ubuntu/ros2ws/install/moveit_core/include/moveit
[9.868s] -- Up-to-date: /home/ubuntu/ros2ws/install/moveit_core/include/moveit/planning_request_adapter
[9.868s] -- Up-to-date: /home/ubuntu/ros2ws/install/moveit_core/include/moveit/planning_request_adapter/planning_request_adapter.h
[9.870s] -- Up-to-date: /home/ubuntu/ros2ws/install/moveit_core/include
[9.870s] -- Up-to-date: /home/ubuntu/ros2ws/install/moveit_core/include/moveit
[9.870s] -- Up-to-date: /home/ubuntu/ros2ws/install/moveit_core/include/moveit/planning_scene
[9.870s] -- Up-to-date: /home/ubuntu/ros2ws/install/moveit_core/include/moveit/planning_scene/planning_scene.h
[9.870s] -- Up-to-date: /home/ubuntu/ros2ws/install/moveit_core/include/moveit_planning_scene_export.h
[9.871s] -- Up-to-date: /home/ubuntu/ros2ws/install/moveit_core/include
[9.871s] -- Up-to-date: /home/ubuntu/ros2ws/install/moveit_core/include/moveit
[9.872s] -- Up-to-date: /home/ubuntu/ros2ws/install/moveit_core/include/moveit/robot_model
[9.872s] -- Up-to-date: /home/ubuntu/ros2ws/install/moveit_core/include/moveit/robot_model/prismatic_joint_model.h
[9.873s] -- Up-to-date: /home/ubuntu/ros2ws/install/moveit_core/include/moveit/robot_model/fixed_joint_model.h
[9.873s] -- Up-to-date: /home/ubuntu/ros2ws/install/moveit_core/include/moveit/robot_model/robot_model.h
[9.873s] -- Up-to-date: /home/ubuntu/ros2ws/install/moveit_core/include/moveit/robot_model/link_model.h
[9.873s] -- Up-to-date: /home/ubuntu/ros2ws/install/moveit_core/include/moveit/robot_model/revolute_joint_model.h
[9.873s] -- Up-to-date: /home/ubuntu/ros2ws/install/moveit_core/include/moveit/robot_model/floating_joint_model.h
[9.873s] -- Up-to-date: /home/ubuntu/ros2ws/install/moveit_core/include/moveit/robot_model/joint_model.h
[9.874s] -- Up-to-date: /home/ubuntu/ros2ws/install/moveit_core/include/moveit/robot_model/planar_joint_model.h
[9.874s] -- Up-to-date: /home/ubuntu/ros2ws/install/moveit_core/include/moveit/robot_model/aabb.h
[9.874s] -- Up-to-date: /home/ubuntu/ros2ws/install/moveit_core/include/moveit/robot_model/joint_model_group.h
[9.874s] -- Up-to-date: /home/ubuntu/ros2ws/install/moveit_core/include
[9.875s] -- Up-to-date: /home/ubuntu/ros2ws/install/moveit_core/include/moveit
[9.875s] -- Up-to-date: /home/ubuntu/ros2ws/install/moveit_core/include/moveit/robot_state
[9.876s] -- Up-to-date: /home/ubuntu/ros2ws/install/moveit_core/include/moveit/robot_state/robot_state.h
[9.876s] -- Up-to-date: /home/ubuntu/ros2ws/install/moveit_core/include/moveit/robot_state/cartesian_interpolator.h
[9.876s] -- Up-to-date: /home/ubuntu/ros2ws/install/moveit_core/include/moveit/robot_state/conversions.h
[9.876s] -- Up-to-date: /home/ubuntu/ros2ws/install/moveit_core/include/moveit/robot_state/attached_body.h
[9.876s] -- Up-to-date: /home/ubuntu/ros2ws/install/moveit_core/include
[9.876s] -- Up-to-date: /home/ubuntu/ros2ws/install/moveit_core/include/moveit
[9.876s] -- Up-to-date: /home/ubuntu/ros2ws/install/moveit_core/include/moveit/robot_trajectory
[9.876s] -- Up-to-date: /home/ubuntu/ros2ws/install/moveit_core/include/moveit/robot_trajectory/robot_trajectory.h
[9.878s] -- Up-to-date: /home/ubuntu/ros2ws/install/moveit_core/include
[9.879s] -- Up-to-date: /home/ubuntu/ros2ws/install/moveit_core/include/moveit
[9.879s] -- Up-to-date: /home/ubuntu/ros2ws/install/moveit_core/include/moveit/sensor_manager
[9.879s] -- Up-to-date: /home/ubuntu/ros2ws/install/moveit_core/include/moveit/sensor_manager/sensor_manager.h
[9.879s] -- Up-to-date: /home/ubuntu/ros2ws/install/moveit_core/include
[9.879s] -- Up-to-date: /home/ubuntu/ros2ws/install/moveit_core/include/moveit
[9.879s] -- Up-to-date: /home/ubuntu/ros2ws/install/moveit_core/include/moveit/trajectory_processing
[9.879s] -- Up-to-date: /home/ubuntu/ros2ws/install/moveit_core/include/moveit/trajectory_processing/time_optimal_trajectory_generation.h
[9.879s] -- Up-to-date: /home/ubuntu/ros2ws/install/moveit_core/include/moveit/trajectory_processing/iterative_spline_parameterization.h
[9.879s] -- Up-to-date: /home/ubuntu/ros2ws/install/moveit_core/include/moveit/trajectory_processing/time_parameterization.h
[9.880s] -- Up-to-date: /home/ubuntu/ros2ws/install/moveit_core/include/moveit/trajectory_processing/trajectory_tools.h
[9.880s] -- Up-to-date: /home/ubuntu/ros2ws/install/moveit_core/include/moveit/trajectory_processing/ruckig_traj_smoothing.h
[9.880s] -- Up-to-date: /home/ubuntu/ros2ws/install/moveit_core/include/moveit/trajectory_processing/iterative_time_parameterization.h
[9.880s] -- Up-to-date: /home/ubuntu/ros2ws/install/moveit_core/include
[9.880s] -- Up-to-date: /home/ubuntu/ros2ws/install/moveit_core/include/moveit
[9.880s] -- Up-to-date: /home/ubuntu/ros2ws/install/moveit_core/include/moveit/transforms
[9.880s] -- Up-to-date: /home/ubuntu/ros2ws/install/moveit_core/include/moveit/transforms/transforms.h
[9.881s] -- Up-to-date: /home/ubuntu/ros2ws/install/moveit_core/include
[9.881s] -- Up-to-date: /home/ubuntu/ros2ws/install/moveit_core/include/moveit
[9.881s] -- Up-to-date: /home/ubuntu/ros2ws/install/moveit_core/include/moveit/utils
[9.881s] -- Up-to-date: /home/ubuntu/ros2ws/install/moveit_core/include/moveit/utils/lexical_casts.h
[9.881s] -- Up-to-date: /home/ubuntu/ros2ws/install/moveit_core/include/moveit/utils/rclcpp_utils.h
[9.881s] -- Up-to-date: /home/ubuntu/ros2ws/install/moveit_core/include/moveit/utils/robot_model_test_utils.h
[9.881s] -- Up-to-date: /home/ubuntu/ros2ws/install/moveit_core/include/moveit/utils/message_checks.h
[9.881s] -- Up-to-date: /home/ubuntu/ros2ws/install/moveit_core/include/moveit/utils/moveit_error_code.h
[9.929s] -- Up-to-date: /home/ubuntu/ros2ws/install/moveit_core/bin/moveit_version
[9.948s] -- Up-to-date: /home/ubuntu/ros2ws/install/moveit_core/include
[9.949s] -- Up-to-date: /home/ubuntu/ros2ws/install/moveit_core/include/moveit
[9.950s] -- Up-to-date: /home/ubuntu/ros2ws/install/moveit_core/include/moveit/collision_detection
[9.951s] -- Up-to-date: /home/ubuntu/ros2ws/install/moveit_core/include/moveit/collision_detection/collision_plugin_cache.h
[9.952s] -- Up-to-date: /home/ubuntu/ros2ws/install/moveit_core/include/moveit/collision_detection/occupancy_map.h
[9.952s] -- Up-to-date: /home/ubuntu/ros2ws/install/moveit_core/include/moveit/collision_detection/collision_common.h
[9.953s] -- Up-to-date: /home/ubuntu/ros2ws/install/moveit_core/include/moveit/collision_detection/test_collision_common_pr2.h
[9.954s] -- Up-to-date: /home/ubuntu/ros2ws/install/moveit_core/include/moveit/collision_detection/world.h
[9.955s] -- Up-to-date: /home/ubuntu/ros2ws/install/moveit_core/include/moveit/collision_detection/collision_env.h
[9.956s] -- Up-to-date: /home/ubuntu/ros2ws/install/moveit_core/include/moveit/collision_detection/allvalid
[9.957s] -- Up-to-date: /home/ubuntu/ros2ws/install/moveit_core/include/moveit/collision_detection/allvalid/collision_detector_allocator_allvalid.h
[9.957s] -- Up-to-date: /home/ubuntu/ros2ws/install/moveit_core/include/moveit/collision_detection/allvalid/collision_env_allvalid.h
[9.958s] -- Up-to-date: /home/ubuntu/ros2ws/install/moveit_core/include/moveit/collision_detection/collision_matrix.h
[9.959s] -- Up-to-date: /home/ubuntu/ros2ws/install/moveit_core/include/moveit/collision_detection/collision_octomap_filter.h
[9.959s] -- Up-to-date: /home/ubuntu/ros2ws/install/moveit_core/include/moveit/collision_detection/collision_detector_allocator.h
[9.959s] -- Up-to-date: /home/ubuntu/ros2ws/install/moveit_core/include/moveit/collision_detection/collision_tools.h
[9.960s] -- Up-to-date: /home/ubuntu/ros2ws/install/moveit_core/include/moveit/collision_detection/world_diff.h
[9.960s] -- Up-to-date: /home/ubuntu/ros2ws/install/moveit_core/include/moveit/collision_detection/collision_plugin.h
[9.960s] -- Up-to-date: /home/ubuntu/ros2ws/install/moveit_core/include/moveit/collision_detection/test_collision_common_panda.h
[9.961s] -- Up-to-date: /home/ubuntu/ros2ws/install/moveit_core/include/moveit_collision_detection_export.h
[9.962s] -- Up-to-date: /home/ubuntu/ros2ws/install/moveit_core/include
[9.962s] -- Up-to-date: /home/ubuntu/ros2ws/install/moveit_core/include/moveit
[9.962s] -- Up-to-date: /home/ubuntu/ros2ws/install/moveit_core/include/moveit/collision_detection_bullet
[9.964s] -- Up-to-date: /home/ubuntu/ros2ws/install/moveit_core/include/moveit/collision_detection_bullet/collision_env_bullet.h
[9.964s] -- Up-to-date: /home/ubuntu/ros2ws/install/moveit_core/include/moveit/collision_detection_bullet/bullet_integration
[9.964s] -- Up-to-date: /home/ubuntu/ros2ws/install/moveit_core/include/moveit/collision_detection_bullet/bullet_integration/bullet_cast_bvh_manager.h
[9.964s] -- Up-to-date: /home/ubuntu/ros2ws/install/moveit_core/include/moveit/collision_detection_bullet/bullet_integration/bullet_utils.h
[9.964s] -- Up-to-date: /home/ubuntu/ros2ws/install/moveit_core/include/moveit/collision_detection_bullet/bullet_integration/basic_types.h
[9.964s] -- Up-to-date: /home/ubuntu/ros2ws/install/moveit_core/include/moveit/collision_detection_bullet/bullet_integration/contact_checker_common.h
[9.964s] -- Up-to-date: /home/ubuntu/ros2ws/install/moveit_core/include/moveit/collision_detection_bullet/bullet_integration/ros_bullet_utils.h
[9.965s] -- Up-to-date: /home/ubuntu/ros2ws/install/moveit_core/include/moveit/collision_detection_bullet/bullet_integration/bullet_bvh_manager.h
[9.965s] -- Up-to-date: /home/ubuntu/ros2ws/install/moveit_core/include/moveit/collision_detection_bullet/bullet_integration/bullet_discrete_bvh_manager.h
[9.966s] -- Up-to-date: /home/ubuntu/ros2ws/install/moveit_core/include/moveit/collision_detection_bullet/collision_detector_allocator_bullet.h
[9.967s] -- Up-to-date: /home/ubuntu/ros2ws/install/moveit_core/include/moveit/collision_detection_bullet/collision_detector_bullet_plugin_loader.h
[9.967s] -- Up-to-date: /home/ubuntu/ros2ws/install/moveit_core/include/moveit_collision_detection_bullet_export.h
[9.969s] -- Up-to-date: /home/ubuntu/ros2ws/install/moveit_core/include
[9.969s] -- Up-to-date: /home/ubuntu/ros2ws/install/moveit_core/include/moveit
[9.969s] -- Up-to-date: /home/ubuntu/ros2ws/install/moveit_core/include/moveit/collision_detection_fcl
[9.970s] -- Up-to-date: /home/ubuntu/ros2ws/install/moveit_core/include/moveit/collision_detection_fcl/collision_common.h
[9.970s] -- Up-to-date: /home/ubuntu/ros2ws/install/moveit_core/include/moveit/collision_detection_fcl/collision_detector_allocator_fcl.h
[9.971s] -- Up-to-date: /home/ubuntu/ros2ws/install/moveit_core/include/moveit/collision_detection_fcl/fcl_compat.h
[9.971s] -- Up-to-date: /home/ubuntu/ros2ws/install/moveit_core/include/moveit/collision_detection_fcl/collision_env_fcl.h
[9.971s] -- Up-to-date: /home/ubuntu/ros2ws/install/moveit_core/include/moveit/collision_detection_fcl/collision_detector_fcl_plugin_loader.h
[9.971s] -- Up-to-date: /home/ubuntu/ros2ws/install/moveit_core/include/moveit_collision_detection_fcl_export.h
[9.977s] -- Up-to-date: /home/ubuntu/ros2ws/install/moveit_core/lib/libcollision_detector_bullet_plugin.so.2.5.6
[9.977s] -- Up-to-date: /home/ubuntu/ros2ws/install/moveit_core/lib/libcollision_detector_bullet_plugin.so
[9.980s] -- Up-to-date: /home/ubuntu/ros2ws/install/moveit_core/lib/libmoveit_butterworth_filter.so.2.5.6
[9.981s] -- Up-to-date: /home/ubuntu/ros2ws/install/moveit_core/lib/libmoveit_butterworth_filter.so
[9.984s] -- Up-to-date: /home/ubuntu/ros2ws/install/moveit_core/lib/libmoveit_collision_distance_field.so.2.5.6
[9.985s] -- Up-to-date: /home/ubuntu/ros2ws/install/moveit_core/lib/libmoveit_collision_distance_field.so
[10.020s] -- Up-to-date: /home/ubuntu/ros2ws/install/moveit_core/lib/libmoveit_collision_detection.so.2.5.6
[10.021s] -- Up-to-date: /home/ubuntu/ros2ws/install/moveit_core/lib/libmoveit_collision_detection.so
[10.021s] -- Up-to-date: /home/ubuntu/ros2ws/install/moveit_core/lib/libmoveit_collision_detection_fcl.so.2.5.6
[10.021s] -- Up-to-date: /home/ubuntu/ros2ws/install/moveit_core/lib/libmoveit_collision_detection_fcl.so
[10.024s] -- Up-to-date: /home/ubuntu/ros2ws/install/moveit_core/lib/libmoveit_collision_detection_bullet.so.2.5.6
[10.024s] -- Up-to-date: /home/ubuntu/ros2ws/install/moveit_core/lib/libmoveit_collision_detection_bullet.so
[10.024s] -- Up-to-date: /home/ubuntu/ros2ws/install/moveit_core/lib/libmoveit_dynamics_solver.so.2.5.6
[10.025s] -- Up-to-date: /home/ubuntu/ros2ws/install/moveit_core/lib/libmoveit_dynamics_solver.so
[10.025s] -- Up-to-date: /home/ubuntu/ros2ws/install/moveit_core/lib/libmoveit_constraint_samplers.so.2.5.6
[10.026s] -- Up-to-date: /home/ubuntu/ros2ws/install/moveit_core/lib/libmoveit_constraint_samplers.so
[10.032s] -- Up-to-date: /home/ubuntu/ros2ws/install/moveit_core/lib/libmoveit_distance_field.so.2.5.6
[10.034s] -- Up-to-date: /home/ubuntu/ros2ws/install/moveit_core/lib/libmoveit_distance_field.so
[10.034s] -- Up-to-date: /home/ubuntu/ros2ws/install/moveit_core/lib/libmoveit_exceptions.so.2.5.6
[10.034s] -- Up-to-date: /home/ubuntu/ros2ws/install/moveit_core/lib/libmoveit_exceptions.so
[10.034s] -- Up-to-date: /home/ubuntu/ros2ws/install/moveit_core/lib/libmoveit_kinematics_base.so
[10.035s] -- Up-to-date: /home/ubuntu/ros2ws/install/moveit_core/lib/libmoveit_kinematic_constraints.so.2.5.6
[10.036s] -- Up-to-date: /home/ubuntu/ros2ws/install/moveit_core/lib/libmoveit_kinematic_constraints.so
[10.036s] -- Up-to-date: /home/ubuntu/ros2ws/install/moveit_core/lib/libmoveit_kinematics_metrics.so.2.5.6
[10.037s] -- Up-to-date: /home/ubuntu/ros2ws/install/moveit_core/lib/libmoveit_kinematics_metrics.so
[10.038s] -- Up-to-date: /home/ubuntu/ros2ws/install/moveit_core/lib/libmoveit_planning_interface.so.2.5.6
[10.039s] -- Up-to-date: /home/ubuntu/ros2ws/install/moveit_core/lib/libmoveit_planning_interface.so
[10.087s] -- Up-to-date: /home/ubuntu/ros2ws/install/moveit_core/lib/libmoveit_planning_scene.so.2.5.6
[10.087s] -- Up-to-date: /home/ubuntu/ros2ws/install/moveit_core/lib/libmoveit_planning_scene.so
[10.089s] -- Up-to-date: /home/ubuntu/ros2ws/install/moveit_core/lib/libmoveit_planning_request_adapter.so.2.5.6
[10.089s] -- Up-to-date: /home/ubuntu/ros2ws/install/moveit_core/lib/libmoveit_planning_request_adapter.so
[10.089s] -- Up-to-date: /home/ubuntu/ros2ws/install/moveit_core/lib/libmoveit_robot_model.so.2.5.6
[10.089s] -- Up-to-date: /home/ubuntu/ros2ws/install/moveit_core/lib/libmoveit_robot_model.so
[10.146s] -- Up-to-date: /home/ubuntu/ros2ws/install/moveit_core/lib/libmoveit_robot_state.so.2.5.6
[10.148s] -- Up-to-date: /home/ubuntu/ros2ws/install/moveit_core/lib/libmoveit_robot_state.so
[10.148s] -- Up-to-date: /home/ubuntu/ros2ws/install/moveit_core/lib/libmoveit_robot_trajectory.so.2.5.6
[10.148s] -- Up-to-date: /home/ubuntu/ros2ws/install/moveit_core/lib/libmoveit_robot_trajectory.so
[10.391s] -- Up-to-date: /home/ubuntu/ros2ws/install/moveit_core/lib/libmoveit_smoothing_base.so.2.5.6
[10.391s] -- Up-to-date: /home/ubuntu/ros2ws/install/moveit_core/lib/libmoveit_smoothing_base.so
[10.407s] -- Up-to-date: /home/ubuntu/ros2ws/install/moveit_core/lib/libmoveit_test_utils.so.2.5.6
[10.408s] -- Up-to-date: /home/ubuntu/ros2ws/install/moveit_core/lib/libmoveit_test_utils.so
[10.408s] -- Up-to-date: /home/ubuntu/ros2ws/install/moveit_core/lib/libmoveit_trajectory_processing.so.2.5.6
[10.409s] -- Up-to-date: /home/ubuntu/ros2ws/install/moveit_core/lib/libmoveit_trajectory_processing.so
[10.410s] -- Up-to-date: /home/ubuntu/ros2ws/install/moveit_core/lib/libmoveit_transforms.so.2.5.6
[10.410s] -- Up-to-date: /home/ubuntu/ros2ws/install/moveit_core/lib/libmoveit_transforms.so
[10.411s] -- Up-to-date: /home/ubuntu/ros2ws/install/moveit_core/lib/libmoveit_utils.so.2.5.6
[10.412s] -- Up-to-date: /home/ubuntu/ros2ws/install/moveit_core/lib/libmoveit_utils.so
[10.412s] -- Up-to-date: /home/ubuntu/ros2ws/install/moveit_core/share/moveit_core/environment/library_path.sh
[10.412s] -- Up-to-date: /home/ubuntu/ros2ws/install/moveit_core/share/moveit_core/environment/library_path.dsv
[10.412s] -- Up-to-date: /home/ubuntu/ros2ws/install/moveit_core/share/moveit_core/collision_detector_fcl_description.xml
[10.412s] -- Up-to-date: /home/ubuntu/ros2ws/install/moveit_core/share/moveit_core/collision_detector_bullet_description.xml
[10.412s] -- Up-to-date: /home/ubuntu/ros2ws/install/moveit_core/share/moveit_core/filter_plugin_butterworth.xml
[10.412s] -- Up-to-date: /home/ubuntu/ros2ws/install/moveit_core/share/ament_index/resource_index/package_run_dependencies/moveit_core
[10.412s] -- Up-to-date: /home/ubuntu/ros2ws/install/moveit_core/share/ament_index/resource_index/parent_prefix_path/moveit_core
[10.412s] -- Up-to-date: /home/ubuntu/ros2ws/install/moveit_core/share/moveit_core/environment/ament_prefix_path.sh
[10.413s] -- Up-to-date: /home/ubuntu/ros2ws/install/moveit_core/share/moveit_core/environment/ament_prefix_path.dsv
[10.413s] -- Up-to-date: /home/ubuntu/ros2ws/install/moveit_core/share/moveit_core/environment/path.sh
[10.413s] -- Up-to-date: /home/ubuntu/ros2ws/install/moveit_core/share/moveit_core/environment/path.dsv
[10.413s] -- Up-to-date: /home/ubuntu/ros2ws/install/moveit_core/share/moveit_core/local_setup.bash
[10.413s] -- Up-to-date: /home/ubuntu/ros2ws/install/moveit_core/share/moveit_core/local_setup.sh
[10.414s] -- Up-to-date: /home/ubuntu/ros2ws/install/moveit_core/share/moveit_core/local_setup.zsh
[10.414s] -- Up-to-date: /home/ubuntu/ros2ws/install/moveit_core/share/moveit_core/local_setup.dsv
[10.419s] -- Installing: /home/ubuntu/ros2ws/install/moveit_core/share/moveit_core/package.dsv
[10.428s] -- Up-to-date: /home/ubuntu/ros2ws/install/moveit_core/share/ament_index/resource_index/packages/moveit_core
[10.428s] -- Up-to-date: /home/ubuntu/ros2ws/install/moveit_core/share/ament_index/resource_index/moveit_core__pluginlib__plugin/moveit_core
[10.434s] -- Up-to-date: /home/ubuntu/ros2ws/install/moveit_core/share/moveit_core/cmake/export_moveit_coreExport.cmake
[10.436s] -- Up-to-date: /home/ubuntu/ros2ws/install/moveit_core/share/moveit_core/cmake/export_moveit_coreExport-release.cmake
[10.437s] -- Up-to-date: /home/ubuntu/ros2ws/install/moveit_core/share/moveit_core/cmake/ConfigExtras.cmake
[10.437s] -- Up-to-date: /home/ubuntu/ros2ws/install/moveit_core/share/moveit_core/cmake/ament_cmake_export_targets-extras.cmake
[10.437s] -- Up-to-date: /home/ubuntu/ros2ws/install/moveit_core/share/moveit_core/cmake/ament_cmake_export_dependencies-extras.cmake
[10.437s] -- Up-to-date: /home/ubuntu/ros2ws/install/moveit_core/share/moveit_core/cmake/moveit_coreConfig.cmake
[10.438s] -- Up-to-date: /home/ubuntu/ros2ws/install/moveit_core/share/moveit_core/cmake/moveit_coreConfig-version.cmake
[10.438s] -- Up-to-date: /home/ubuntu/ros2ws/install/moveit_core/share/moveit_core/package.xml
[10.444s] Invoked command in '/home/ubuntu/ros2ws/build/moveit_core' returned '0': CMAKE_PREFIX_PATH=/home/ubuntu/ros2ws/install/moveit_resources_panda_moveit_config:/home/ubuntu/ros2ws/install/srdfdom:/home/ubuntu/ros2ws/install/moveit_resources_pr2_description:/home/ubuntu/ros2ws/install/moveit_resources_panda_description:/home/ubuntu/ros2ws/install/moveit_common:/home/ubuntu/ros2ws/install/testV2:/home/ubuntu/ros2ws/install/ros2srrc_execution:/home/ubuntu/ros2ws/install/pilz_industrial_motion_planner_testutils:/home/ubuntu/ros2ws/install/moveit_runtime:/home/ubuntu/ros2ws/install/moveit2_tutorials:/home/ubuntu/ros2ws/install/moveit:/home/ubuntu/ros2ws/install/moveit_planners:/home/ubuntu/ros2ws/install/pilz_industrial_motion_planner:/home/ubuntu/ros2ws/install/moveit_visual_tools:/home/ubuntu/ros2ws/install/moveit_task_constructor_visualization:/home/ubuntu/ros2ws/install/moveit_task_constructor_demo:/home/ubuntu/ros2ws/install/moveit_task_constructor_capabilities:/home/ubuntu/ros2ws/install/moveit_task_constructor_core:/home/ubuntu/ros2ws/install/moveit_ros_control_interface:/home/ubuntu/ros2ws/install/moveit_plugins:/home/ubuntu/ros2ws/install/moveit_simple_controller_manager:/home/ubuntu/ros2ws/install/moveit_setup_assistant:/home/ubuntu/ros2ws/install/moveit_setup_srdf_plugins:/home/ubuntu/ros2ws/install/moveit_setup_core_plugins:/home/ubuntu/ros2ws/install/moveit_setup_controllers:/home/ubuntu/ros2ws/install/moveit_setup_app_plugins:/home/ubuntu/ros2ws/install/moveit_setup_framework:/home/ubuntu/ros2ws/install/moveit_servo:/home/ubuntu/ros2ws/install/moveit_ros:/home/ubuntu/ros2ws/install/moveit_ros_visualization:/home/ubuntu/ros2ws/install/moveit_hybrid_planning:/home/ubuntu/ros2ws/install/moveit_ros_planning_interface:/home/ubuntu/ros2ws/install/moveit_ros_benchmarks:/home/ubuntu/ros2ws/install/moveit_ros_warehouse:/home/ubuntu/ros2ws/install/moveit_ros_robot_interaction:/home/ubuntu/ros2ws/install/moveit_ros_perception:/home/ubuntu/ros2ws/install/moveit_resources_prbt_pg70_support:/home/ubuntu/ros2ws/install/moveit_resources_prbt_moveit_config:/home/ubuntu/ros2ws/install/moveit_ros_move_group:/home/ubuntu/ros2ws/install/moveit_planners_ompl:/home/ubuntu/ros2ws/install/moveit_ros_planning:/home/ubuntu/ros2ws/install/moveit_ros_occupancy_map_monitor:/home/ubuntu/ros2ws/install/moveit_resources_prbt_ikfast_manipulator_plugin:/home/ubuntu/ros2ws/install/moveit_planners_chomp:/home/ubuntu/ros2ws/install/moveit_kinematics:/home/ubuntu/ros2ws/install/moveit_chomp_optimizer_adapter:/home/ubuntu/ros2ws/install/chomp_motion_planner:/home/ubuntu/ros2ws/install/moveit_core:/home/ubuntu/ros2ws/install/abb_bringup:/home/ubuntu/ros2ws/install/rviz_marker_tools:/home/ubuntu/ros2ws/install/rosparam_shortcuts:/home/ubuntu/ros2ws/install/ros2srrc_ur5_moveit2:/home/ubuntu/ros2ws/install/ros2srrc_ur5_gazebo:/home/ubuntu/ros2ws/install/ros2srrc_ur3_moveit2:/home/ubuntu/ros2ws/install/ros2srrc_ur3_gazebo:/home/ubuntu/ros2ws/install/ros2srrc_ur16e_moveit2:/home/ubuntu/ros2ws/install/ros2srrc_ur16e_gazebo:/home/ubuntu/ros2ws/install/ros2srrc_ur10e_moveit2:/home/ubuntu/ros2ws/install/ros2srrc_ur10e_gazebo:/home/ubuntu/ros2ws/install/ros2srrc_robots:/home/ubuntu/ros2ws/install/ros2srrc_launch:/home/ubuntu/ros2ws/install/ros2srrc_irb6640_moveit2:/home/ubuntu/ros2ws/install/ros2srrc_irb6640_gazebo:/home/ubuntu/ros2ws/install/ros2srrc_irb120_moveit2:/home/ubuntu/ros2ws/install/ros2srrc_irb120_gazebo:/home/ubuntu/ros2ws/install/ros2srrc_irb1200_moveit2:/home/ubuntu/ros2ws/install/ros2srrc_irb1200_gazebo:/home/ubuntu/ros2ws/install/ros2srrc_iiwa_moveit2:/home/ubuntu/ros2ws/install/ros2srrc_iiwa_gazebo:/home/ubuntu/ros2ws/install/ros2srrc_endeffectors:/home/ubuntu/ros2ws/install/ros2srrc_data:/home/ubuntu/ros2ws/install/ros2_robotiqgripper:/home/ubuntu/ros2ws/install/ros2_objectpose:/home/ubuntu/ros2ws/install/ros2_linkpose:/home/ubuntu/ros2ws/install/ros2_linkattacher:/home/ubuntu/ros2ws/install/objectpose_msgs:/home/ubuntu/ros2ws/install/objectpose_gazebo:/home/ubuntu/ros2ws/install/moveit_task_constructor_msgs:/home/ubuntu/ros2ws/install/moveit_resources_prbt_support:/home/ubuntu/ros2ws/install/moveit_resources:/home/ubuntu/ros2ws/install/moveit_resources_fanuc_moveit_config:/home/ubuntu/ros2ws/install/moveit_resources_fanuc_description:/home/ubuntu/ros2ws/install/linkpose_msgs:/home/ubuntu/ros2ws/install/linkpose_gazebo:/home/ubuntu/ros2ws/install/linkattacher_msgs:/home/ubuntu/ros2ws/install/letter_writer:/home/ubuntu/ros2ws/install/gazebo_ros2_control_demos:/home/ubuntu/ros2ws/install/gazebo_ros2_control:/home/ubuntu/ros2ws/install/abb_rws_client:/home/ubuntu/ros2ws/install/abb_ros2:/home/ubuntu/ros2ws/install/abb_robot_msgs:/home/ubuntu/ros2ws/install/abb_resources:/home/ubuntu/ros2ws/install/abb_rapid_sm_addin_msgs:/home/ubuntu/ros2ws/install/abb_rapid_msgs:/home/ubuntu/ros2ws/install/abb_hardware_interface:/home/ubuntu/ros2ws/install/abb_egm_rws_managers:/home/ubuntu/ros2ws/install/abb_librws:/home/ubuntu/ros2ws/install/abb_libegm:/home/ubuntu/ros2ws/install/abb_irb4600_support:/home/ubuntu/ros2ws/install/abb_irb1200_5_90_moveit_config:/home/ubuntu/ros2ws/install/abb_irb1200_support:/home/ubuntu/ros2ws/install/abb_egm_msgs:/home/ubuntu/ros2ws/install/testV1:/home/ubuntu/ros2ws/install/gui_subscriber:/home/ubuntu/ros2ws/install/moveit_configs_utils:/home/ubuntu/ros2ws/install/robot_letter_writer:/home/ubuntu/ros2ws/install/launch_param_builder:/opt/ros/humble LD_LIBRARY_PATH=/home/ubuntu/ros2ws/install/srdfdom/lib:/home/ubuntu/ros2ws/install/pilz_industrial_motion_planner_testutils/lib:/home/ubuntu/ros2ws/install/pilz_industrial_motion_planner/lib:/home/ubuntu/ros2ws/install/moveit_visual_tools/lib:/home/ubuntu/ros2ws/install/moveit_task_constructor_visualization/lib:/home/ubuntu/ros2ws/install/moveit_task_constructor_demo/lib:/home/ubuntu/ros2ws/install/moveit_task_constructor_capabilities/lib:/home/ubuntu/ros2ws/install/moveit_task_constructor_core/lib:/home/ubuntu/ros2ws/install/moveit_ros_control_interface/lib:/home/ubuntu/ros2ws/install/moveit_simple_controller_manager/lib:/home/ubuntu/ros2ws/install/moveit_setup_assistant/lib:/home/ubuntu/ros2ws/install/moveit_setup_srdf_plugins/lib:/home/ubuntu/ros2ws/install/moveit_setup_core_plugins/lib:/home/ubuntu/ros2ws/install/moveit_setup_controllers/lib:/home/ubuntu/ros2ws/install/moveit_setup_app_plugins/lib:/home/ubuntu/ros2ws/install/moveit_setup_framework/lib:/home/ubuntu/ros2ws/install/moveit_servo/lib:/home/ubuntu/ros2ws/install/moveit_ros_visualization/lib:/home/ubuntu/ros2ws/install/moveit_hybrid_planning/lib:/home/ubuntu/ros2ws/install/moveit_ros_planning_interface/lib:/home/ubuntu/ros2ws/install/moveit_ros_benchmarks/lib:/home/ubuntu/ros2ws/install/moveit_ros_warehouse/lib:/home/ubuntu/ros2ws/install/moveit_ros_robot_interaction/lib:/home/ubuntu/ros2ws/install/moveit_ros_perception/lib:/home/ubuntu/ros2ws/install/moveit_ros_move_group/lib:/home/ubuntu/ros2ws/install/moveit_planners_ompl/lib:/home/ubuntu/ros2ws/install/moveit_ros_planning/lib:/home/ubuntu/ros2ws/install/moveit_ros_occupancy_map_monitor/lib:/home/ubuntu/ros2ws/install/moveit_resources_prbt_ikfast_manipulator_plugin/lib:/home/ubuntu/ros2ws/install/moveit_planners_chomp/lib:/home/ubuntu/ros2ws/install/moveit_kinematics/lib:/home/ubuntu/ros2ws/install/moveit_chomp_optimizer_adapter/lib:/home/ubuntu/ros2ws/install/chomp_motion_planner/lib:/home/ubuntu/ros2ws/install/moveit_core/lib:/home/ubuntu/ros2ws/install/rviz_marker_tools/lib:/home/ubuntu/ros2ws/install/rosparam_shortcuts/lib:/home/ubuntu/ros2ws/install/ros2srrc_data/lib:/home/ubuntu/ros2ws/install/ros2_robotiqgripper/lib:/home/ubuntu/ros2ws/install/ros2_objectpose/lib:/home/ubuntu/ros2ws/install/ros2_linkpose/lib:/home/ubuntu/ros2ws/install/ros2_linkattacher/lib:/home/ubuntu/ros2ws/install/objectpose_msgs/lib:/home/ubuntu/ros2ws/install/moveit_task_constructor_msgs/lib:/home/ubuntu/ros2ws/install/linkpose_msgs/lib:/home/ubuntu/ros2ws/install/linkattacher_msgs/lib:/home/ubuntu/ros2ws/install/gazebo_ros2_control/lib:/home/ubuntu/ros2ws/install/abb_robot_msgs/lib:/home/ubuntu/ros2ws/install/abb_rapid_sm_addin_msgs/lib:/home/ubuntu/ros2ws/install/abb_rapid_msgs/lib:/home/ubuntu/ros2ws/install/abb_hardware_interface/lib:/home/ubuntu/ros2ws/install/abb_egm_rws_managers/lib:/home/ubuntu/ros2ws/install/abb_librws/lib:/home/ubuntu/ros2ws/install/abb_libegm/lib:/home/ubuntu/ros2ws/install/abb_egm_msgs/lib:/usr/lib/x86_64-linux-gnu/gazebo-11/plugins:/opt/ros/humble/opt/rviz_ogre_vendor/lib:/opt/ros/humble/lib/x86_64-linux-gnu:/opt/ros/humble/lib /usr/bin/cmake --install /home/ubuntu/ros2ws/build/moveit_core
