[0.044s] Invoking command in '/home/ubuntu/ros2ws/build/abb_rapid_msgs': CMAKE_PREFIX_PATH=${CMAKE_PREFIX_PATH}:/home/ubuntu/ros2ws/install/testV1:/home/ubuntu/ros2ws/install/gui_subscriber:/home/ubuntu/ros2ws/install/moveit_configs_utils:/home/ubuntu/ros2ws/install/robot_letter_writer:/home/ubuntu/ros2ws/install/launch_param_builder:/opt/ros/humble /usr/bin/cmake --build /home/ubuntu/ros2ws/build/abb_rapid_msgs -- -j4 -l4
[0.406s] [  0%] Built target abb_rapid_msgs__cpp
[0.418s] [ 12%] Built target abb_rapid_msgs__rosidl_generator_c
[0.435s] [ 12%] Built target ament_cmake_python_symlink_abb_rapid_msgs
[0.605s] [ 23%] Built target abb_rapid_msgs__rosidl_typesupport_fastrtps_cpp
[0.628s] [ 35%] Built target abb_rapid_msgs__rosidl_typesupport_cpp
[0.645s] [ 47%] Built target abb_rapid_msgs__rosidl_typesupport_introspection_cpp
[0.709s] [ 59%] Built target abb_rapid_msgs__rosidl_typesupport_fastrtps_c
[0.828s] [ 71%] Built target abb_rapid_msgs__rosidl_typesupport_c
[0.870s] [ 83%] Built target abb_rapid_msgs__rosidl_typesupport_introspection_c
[1.001s] [ 83%] Built target abb_rapid_msgs
[1.253s] [ 84%] Built target abb_rapid_msgs__py
[1.511s] [ 95%] Built target abb_rapid_msgs__rosidl_generator_py
[1.734s] [ 96%] Built target abb_rapid_msgs__rosidl_typesupport_c__pyext
[1.747s] [ 98%] Built target abb_rapid_msgs__rosidl_typesupport_fastrtps_c__pyext
[1.765s] [100%] Built target abb_rapid_msgs__rosidl_typesupport_introspection_c__pyext
[2.048s] running egg_info
[2.048s] writing abb_rapid_msgs.egg-info/PKG-INFO
[2.048s] writing dependency_links to abb_rapid_msgs.egg-info/dependency_links.txt
[2.051s] writing top-level names to abb_rapid_msgs.egg-info/top_level.txt
[2.059s] reading manifest file 'abb_rapid_msgs.egg-info/SOURCES.txt'
[2.063s] writing manifest file 'abb_rapid_msgs.egg-info/SOURCES.txt'
[2.145s] [100%] Built target ament_cmake_python_build_abb_rapid_msgs_egg
[2.204s] Invoked command in '/home/ubuntu/ros2ws/build/abb_rapid_msgs' returned '0': CMAKE_PREFIX_PATH=${CMAKE_PREFIX_PATH}:/home/ubuntu/ros2ws/install/testV1:/home/ubuntu/ros2ws/install/gui_subscriber:/home/ubuntu/ros2ws/install/moveit_configs_utils:/home/ubuntu/ros2ws/install/robot_letter_writer:/home/ubuntu/ros2ws/install/launch_param_builder:/opt/ros/humble /usr/bin/cmake --build /home/ubuntu/ros2ws/build/abb_rapid_msgs -- -j4 -l4
[3.994s] Invoking command in '/home/ubuntu/ros2ws/build/abb_rapid_msgs': CMAKE_PREFIX_PATH=${CMAKE_PREFIX_PATH}:/home/ubuntu/ros2ws/install/testV1:/home/ubuntu/ros2ws/install/gui_subscriber:/home/ubuntu/ros2ws/install/moveit_configs_utils:/home/ubuntu/ros2ws/install/robot_letter_writer:/home/ubuntu/ros2ws/install/launch_param_builder:/opt/ros/humble /usr/bin/cmake --install /home/ubuntu/ros2ws/build/abb_rapid_msgs
[4.021s] -- Install configuration: ""
[4.022s] -- Execute custom install script
[4.022s] -- Up-to-date symlink: /home/ubuntu/ros2ws/install/abb_rapid_msgs/share/ament_index/resource_index/rosidl_interfaces/abb_rapid_msgs
[4.024s] -- Up-to-date symlink: /home/ubuntu/ros2ws/install/abb_rapid_msgs/include/abb_rapid_msgs/abb_rapid_msgs/msg/conf_data.h
[4.024s] -- Up-to-date symlink: /home/ubuntu/ros2ws/install/abb_rapid_msgs/include/abb_rapid_msgs/abb_rapid_msgs/msg/detail/conf_data__functions.h
[4.025s] -- Up-to-date symlink: /home/ubuntu/ros2ws/install/abb_rapid_msgs/include/abb_rapid_msgs/abb_rapid_msgs/msg/detail/conf_data__struct.h
[4.026s] -- Up-to-date symlink: /home/ubuntu/ros2ws/install/abb_rapid_msgs/include/abb_rapid_msgs/abb_rapid_msgs/msg/detail/conf_data__type_support.h
[4.026s] -- Up-to-date symlink: /home/ubuntu/ros2ws/install/abb_rapid_msgs/include/abb_rapid_msgs/abb_rapid_msgs/msg/detail/ext_joint__functions.h
[4.027s] -- Up-to-date symlink: /home/ubuntu/ros2ws/install/abb_rapid_msgs/include/abb_rapid_msgs/abb_rapid_msgs/msg/detail/ext_joint__struct.h
[4.028s] -- Up-to-date symlink: /home/ubuntu/ros2ws/install/abb_rapid_msgs/include/abb_rapid_msgs/abb_rapid_msgs/msg/detail/ext_joint__type_support.h
[4.028s] -- Up-to-date symlink: /home/ubuntu/ros2ws/install/abb_rapid_msgs/include/abb_rapid_msgs/abb_rapid_msgs/msg/detail/joint_target__functions.h
[4.028s] -- Up-to-date symlink: /home/ubuntu/ros2ws/install/abb_rapid_msgs/include/abb_rapid_msgs/abb_rapid_msgs/msg/detail/joint_target__struct.h
[4.030s] -- Up-to-date symlink: /home/ubuntu/ros2ws/install/abb_rapid_msgs/include/abb_rapid_msgs/abb_rapid_msgs/msg/detail/joint_target__type_support.h
[4.030s] -- Up-to-date symlink: /home/ubuntu/ros2ws/install/abb_rapid_msgs/include/abb_rapid_msgs/abb_rapid_msgs/msg/detail/load_data__functions.h
[4.031s] -- Up-to-date symlink: /home/ubuntu/ros2ws/install/abb_rapid_msgs/include/abb_rapid_msgs/abb_rapid_msgs/msg/detail/load_data__struct.h
[4.037s] -- Up-to-date symlink: /home/ubuntu/ros2ws/install/abb_rapid_msgs/include/abb_rapid_msgs/abb_rapid_msgs/msg/detail/load_data__type_support.h
[4.038s] -- Up-to-date symlink: /home/ubuntu/ros2ws/install/abb_rapid_msgs/include/abb_rapid_msgs/abb_rapid_msgs/msg/detail/orient__functions.h
[4.039s] -- Up-to-date symlink: /home/ubuntu/ros2ws/install/abb_rapid_msgs/include/abb_rapid_msgs/abb_rapid_msgs/msg/detail/orient__struct.h
[4.039s] -- Up-to-date symlink: /home/ubuntu/ros2ws/install/abb_rapid_msgs/include/abb_rapid_msgs/abb_rapid_msgs/msg/detail/orient__type_support.h
[4.039s] -- Up-to-date symlink: /home/ubuntu/ros2ws/install/abb_rapid_msgs/include/abb_rapid_msgs/abb_rapid_msgs/msg/detail/pos__functions.h
[4.039s] -- Up-to-date symlink: /home/ubuntu/ros2ws/install/abb_rapid_msgs/include/abb_rapid_msgs/abb_rapid_msgs/msg/detail/pos__struct.h
[4.040s] -- Up-to-date symlink: /home/ubuntu/ros2ws/install/abb_rapid_msgs/include/abb_rapid_msgs/abb_rapid_msgs/msg/detail/pos__type_support.h
[4.049s] -- Up-to-date symlink: /home/ubuntu/ros2ws/install/abb_rapid_msgs/include/abb_rapid_msgs/abb_rapid_msgs/msg/detail/pose__functions.h
[4.049s] -- Up-to-date symlink: /home/ubuntu/ros2ws/install/abb_rapid_msgs/include/abb_rapid_msgs/abb_rapid_msgs/msg/detail/pose__struct.h
[4.050s] -- Up-to-date symlink: /home/ubuntu/ros2ws/install/abb_rapid_msgs/include/abb_rapid_msgs/abb_rapid_msgs/msg/detail/pose__type_support.h
[4.050s] -- Up-to-date symlink: /home/ubuntu/ros2ws/install/abb_rapid_msgs/include/abb_rapid_msgs/abb_rapid_msgs/msg/detail/rob_joint__functions.h
[4.050s] -- Up-to-date symlink: /home/ubuntu/ros2ws/install/abb_rapid_msgs/include/abb_rapid_msgs/abb_rapid_msgs/msg/detail/rob_joint__struct.h
[4.050s] -- Up-to-date symlink: /home/ubuntu/ros2ws/install/abb_rapid_msgs/include/abb_rapid_msgs/abb_rapid_msgs/msg/detail/rob_joint__type_support.h
[4.050s] -- Up-to-date symlink: /home/ubuntu/ros2ws/install/abb_rapid_msgs/include/abb_rapid_msgs/abb_rapid_msgs/msg/detail/rob_target__functions.h
[4.050s] -- Up-to-date symlink: /home/ubuntu/ros2ws/install/abb_rapid_msgs/include/abb_rapid_msgs/abb_rapid_msgs/msg/detail/rob_target__struct.h
[4.050s] -- Up-to-date symlink: /home/ubuntu/ros2ws/install/abb_rapid_msgs/include/abb_rapid_msgs/abb_rapid_msgs/msg/detail/rob_target__type_support.h
[4.050s] -- Up-to-date symlink: /home/ubuntu/ros2ws/install/abb_rapid_msgs/include/abb_rapid_msgs/abb_rapid_msgs/msg/detail/tool_data__functions.h
[4.050s] -- Up-to-date symlink: /home/ubuntu/ros2ws/install/abb_rapid_msgs/include/abb_rapid_msgs/abb_rapid_msgs/msg/detail/tool_data__struct.h
[4.050s] -- Up-to-date symlink: /home/ubuntu/ros2ws/install/abb_rapid_msgs/include/abb_rapid_msgs/abb_rapid_msgs/msg/detail/tool_data__type_support.h
[4.051s] -- Up-to-date symlink: /home/ubuntu/ros2ws/install/abb_rapid_msgs/include/abb_rapid_msgs/abb_rapid_msgs/msg/detail/w_obj_data__functions.h
[4.051s] -- Up-to-date symlink: /home/ubuntu/ros2ws/install/abb_rapid_msgs/include/abb_rapid_msgs/abb_rapid_msgs/msg/detail/w_obj_data__struct.h
[4.051s] -- Up-to-date symlink: /home/ubuntu/ros2ws/install/abb_rapid_msgs/include/abb_rapid_msgs/abb_rapid_msgs/msg/detail/w_obj_data__type_support.h
[4.051s] -- Up-to-date symlink: /home/ubuntu/ros2ws/install/abb_rapid_msgs/include/abb_rapid_msgs/abb_rapid_msgs/msg/ext_joint.h
[4.051s] -- Up-to-date symlink: /home/ubuntu/ros2ws/install/abb_rapid_msgs/include/abb_rapid_msgs/abb_rapid_msgs/msg/joint_target.h
[4.051s] -- Up-to-date symlink: /home/ubuntu/ros2ws/install/abb_rapid_msgs/include/abb_rapid_msgs/abb_rapid_msgs/msg/load_data.h
[4.051s] -- Up-to-date symlink: /home/ubuntu/ros2ws/install/abb_rapid_msgs/include/abb_rapid_msgs/abb_rapid_msgs/msg/orient.h
[4.051s] -- Up-to-date symlink: /home/ubuntu/ros2ws/install/abb_rapid_msgs/include/abb_rapid_msgs/abb_rapid_msgs/msg/pos.h
[4.051s] -- Up-to-date symlink: /home/ubuntu/ros2ws/install/abb_rapid_msgs/include/abb_rapid_msgs/abb_rapid_msgs/msg/pose.h
[4.051s] -- Up-to-date symlink: /home/ubuntu/ros2ws/install/abb_rapid_msgs/include/abb_rapid_msgs/abb_rapid_msgs/msg/rob_joint.h
[4.051s] -- Up-to-date symlink: /home/ubuntu/ros2ws/install/abb_rapid_msgs/include/abb_rapid_msgs/abb_rapid_msgs/msg/rob_target.h
[4.051s] -- Up-to-date symlink: /home/ubuntu/ros2ws/install/abb_rapid_msgs/include/abb_rapid_msgs/abb_rapid_msgs/msg/rosidl_generator_c__visibility_control.h
[4.052s] -- Up-to-date symlink: /home/ubuntu/ros2ws/install/abb_rapid_msgs/include/abb_rapid_msgs/abb_rapid_msgs/msg/tool_data.h
[4.052s] -- Up-to-date symlink: /home/ubuntu/ros2ws/install/abb_rapid_msgs/include/abb_rapid_msgs/abb_rapid_msgs/msg/w_obj_data.h
[4.052s] -- Up-to-date symlink: /home/ubuntu/ros2ws/install/abb_rapid_msgs/share/abb_rapid_msgs/environment/library_path.sh
[4.052s] -- Up-to-date symlink: /home/ubuntu/ros2ws/install/abb_rapid_msgs/share/abb_rapid_msgs/environment/library_path.dsv
[4.056s] -- Up-to-date symlink: /home/ubuntu/ros2ws/install/abb_rapid_msgs/include/abb_rapid_msgs/abb_rapid_msgs/msg/detail/conf_data__rosidl_typesupport_fastrtps_c.h
[4.057s] -- Up-to-date symlink: /home/ubuntu/ros2ws/install/abb_rapid_msgs/include/abb_rapid_msgs/abb_rapid_msgs/msg/detail/ext_joint__rosidl_typesupport_fastrtps_c.h
[4.057s] -- Up-to-date symlink: /home/ubuntu/ros2ws/install/abb_rapid_msgs/include/abb_rapid_msgs/abb_rapid_msgs/msg/detail/joint_target__rosidl_typesupport_fastrtps_c.h
[4.057s] -- Up-to-date symlink: /home/ubuntu/ros2ws/install/abb_rapid_msgs/include/abb_rapid_msgs/abb_rapid_msgs/msg/detail/load_data__rosidl_typesupport_fastrtps_c.h
[4.057s] -- Up-to-date symlink: /home/ubuntu/ros2ws/install/abb_rapid_msgs/include/abb_rapid_msgs/abb_rapid_msgs/msg/detail/orient__rosidl_typesupport_fastrtps_c.h
[4.058s] -- Up-to-date symlink: /home/ubuntu/ros2ws/install/abb_rapid_msgs/include/abb_rapid_msgs/abb_rapid_msgs/msg/detail/pos__rosidl_typesupport_fastrtps_c.h
[4.058s] -- Up-to-date symlink: /home/ubuntu/ros2ws/install/abb_rapid_msgs/include/abb_rapid_msgs/abb_rapid_msgs/msg/detail/pose__rosidl_typesupport_fastrtps_c.h
[4.059s] -- Up-to-date symlink: /home/ubuntu/ros2ws/install/abb_rapid_msgs/include/abb_rapid_msgs/abb_rapid_msgs/msg/detail/rob_joint__rosidl_typesupport_fastrtps_c.h
[4.059s] -- Up-to-date symlink: /home/ubuntu/ros2ws/install/abb_rapid_msgs/include/abb_rapid_msgs/abb_rapid_msgs/msg/detail/rob_target__rosidl_typesupport_fastrtps_c.h
[4.059s] -- Up-to-date symlink: /home/ubuntu/ros2ws/install/abb_rapid_msgs/include/abb_rapid_msgs/abb_rapid_msgs/msg/detail/tool_data__rosidl_typesupport_fastrtps_c.h
[4.059s] -- Up-to-date symlink: /home/ubuntu/ros2ws/install/abb_rapid_msgs/include/abb_rapid_msgs/abb_rapid_msgs/msg/detail/w_obj_data__rosidl_typesupport_fastrtps_c.h
[4.060s] -- Up-to-date symlink: /home/ubuntu/ros2ws/install/abb_rapid_msgs/include/abb_rapid_msgs/abb_rapid_msgs/msg/rosidl_typesupport_fastrtps_c__visibility_control.h
[4.061s] -- Up-to-date symlink: /home/ubuntu/ros2ws/install/abb_rapid_msgs/include/abb_rapid_msgs/abb_rapid_msgs/msg/detail/conf_data__rosidl_typesupport_introspection_c.h
[4.061s] -- Up-to-date symlink: /home/ubuntu/ros2ws/install/abb_rapid_msgs/include/abb_rapid_msgs/abb_rapid_msgs/msg/detail/ext_joint__rosidl_typesupport_introspection_c.h
[4.061s] -- Up-to-date symlink: /home/ubuntu/ros2ws/install/abb_rapid_msgs/include/abb_rapid_msgs/abb_rapid_msgs/msg/detail/joint_target__rosidl_typesupport_introspection_c.h
[4.061s] -- Up-to-date symlink: /home/ubuntu/ros2ws/install/abb_rapid_msgs/include/abb_rapid_msgs/abb_rapid_msgs/msg/detail/load_data__rosidl_typesupport_introspection_c.h
[4.062s] -- Up-to-date symlink: /home/ubuntu/ros2ws/install/abb_rapid_msgs/include/abb_rapid_msgs/abb_rapid_msgs/msg/detail/orient__rosidl_typesupport_introspection_c.h
[4.062s] -- Up-to-date symlink: /home/ubuntu/ros2ws/install/abb_rapid_msgs/include/abb_rapid_msgs/abb_rapid_msgs/msg/detail/pos__rosidl_typesupport_introspection_c.h
[4.062s] -- Up-to-date symlink: /home/ubuntu/ros2ws/install/abb_rapid_msgs/include/abb_rapid_msgs/abb_rapid_msgs/msg/detail/pose__rosidl_typesupport_introspection_c.h
[4.062s] -- Up-to-date symlink: /home/ubuntu/ros2ws/install/abb_rapid_msgs/include/abb_rapid_msgs/abb_rapid_msgs/msg/detail/rob_joint__rosidl_typesupport_introspection_c.h
[4.062s] -- Up-to-date symlink: /home/ubuntu/ros2ws/install/abb_rapid_msgs/include/abb_rapid_msgs/abb_rapid_msgs/msg/detail/rob_target__rosidl_typesupport_introspection_c.h
[4.063s] -- Up-to-date symlink: /home/ubuntu/ros2ws/install/abb_rapid_msgs/include/abb_rapid_msgs/abb_rapid_msgs/msg/detail/tool_data__rosidl_typesupport_introspection_c.h
[4.063s] -- Up-to-date symlink: /home/ubuntu/ros2ws/install/abb_rapid_msgs/include/abb_rapid_msgs/abb_rapid_msgs/msg/detail/w_obj_data__rosidl_typesupport_introspection_c.h
[4.063s] -- Up-to-date symlink: /home/ubuntu/ros2ws/install/abb_rapid_msgs/include/abb_rapid_msgs/abb_rapid_msgs/msg/rosidl_typesupport_introspection_c__visibility_control.h
[4.066s] -- Up-to-date symlink: /home/ubuntu/ros2ws/install/abb_rapid_msgs/include/abb_rapid_msgs/abb_rapid_msgs/msg/conf_data.hpp
[4.066s] -- Up-to-date symlink: /home/ubuntu/ros2ws/install/abb_rapid_msgs/include/abb_rapid_msgs/abb_rapid_msgs/msg/detail/conf_data__builder.hpp
[4.066s] -- Up-to-date symlink: /home/ubuntu/ros2ws/install/abb_rapid_msgs/include/abb_rapid_msgs/abb_rapid_msgs/msg/detail/conf_data__struct.hpp
[4.066s] -- Up-to-date symlink: /home/ubuntu/ros2ws/install/abb_rapid_msgs/include/abb_rapid_msgs/abb_rapid_msgs/msg/detail/conf_data__traits.hpp
[4.066s] -- Up-to-date symlink: /home/ubuntu/ros2ws/install/abb_rapid_msgs/include/abb_rapid_msgs/abb_rapid_msgs/msg/detail/ext_joint__builder.hpp
[4.067s] -- Up-to-date symlink: /home/ubuntu/ros2ws/install/abb_rapid_msgs/include/abb_rapid_msgs/abb_rapid_msgs/msg/detail/ext_joint__struct.hpp
[4.067s] -- Up-to-date symlink: /home/ubuntu/ros2ws/install/abb_rapid_msgs/include/abb_rapid_msgs/abb_rapid_msgs/msg/detail/ext_joint__traits.hpp
[4.067s] -- Up-to-date symlink: /home/ubuntu/ros2ws/install/abb_rapid_msgs/include/abb_rapid_msgs/abb_rapid_msgs/msg/detail/joint_target__builder.hpp
[4.067s] -- Up-to-date symlink: /home/ubuntu/ros2ws/install/abb_rapid_msgs/include/abb_rapid_msgs/abb_rapid_msgs/msg/detail/joint_target__struct.hpp
[4.067s] -- Up-to-date symlink: /home/ubuntu/ros2ws/install/abb_rapid_msgs/include/abb_rapid_msgs/abb_rapid_msgs/msg/detail/joint_target__traits.hpp
[4.067s] -- Up-to-date symlink: /home/ubuntu/ros2ws/install/abb_rapid_msgs/include/abb_rapid_msgs/abb_rapid_msgs/msg/detail/load_data__builder.hpp
[4.067s] -- Up-to-date symlink: /home/ubuntu/ros2ws/install/abb_rapid_msgs/include/abb_rapid_msgs/abb_rapid_msgs/msg/detail/load_data__struct.hpp
[4.067s] -- Up-to-date symlink: /home/ubuntu/ros2ws/install/abb_rapid_msgs/include/abb_rapid_msgs/abb_rapid_msgs/msg/detail/load_data__traits.hpp
[4.067s] -- Up-to-date symlink: /home/ubuntu/ros2ws/install/abb_rapid_msgs/include/abb_rapid_msgs/abb_rapid_msgs/msg/detail/orient__builder.hpp
[4.067s] -- Up-to-date symlink: /home/ubuntu/ros2ws/install/abb_rapid_msgs/include/abb_rapid_msgs/abb_rapid_msgs/msg/detail/orient__struct.hpp
[4.067s] -- Up-to-date symlink: /home/ubuntu/ros2ws/install/abb_rapid_msgs/include/abb_rapid_msgs/abb_rapid_msgs/msg/detail/orient__traits.hpp
[4.068s] -- Up-to-date symlink: /home/ubuntu/ros2ws/install/abb_rapid_msgs/include/abb_rapid_msgs/abb_rapid_msgs/msg/detail/pos__builder.hpp
[4.068s] -- Up-to-date symlink: /home/ubuntu/ros2ws/install/abb_rapid_msgs/include/abb_rapid_msgs/abb_rapid_msgs/msg/detail/pos__struct.hpp
[4.068s] -- Up-to-date symlink: /home/ubuntu/ros2ws/install/abb_rapid_msgs/include/abb_rapid_msgs/abb_rapid_msgs/msg/detail/pos__traits.hpp
[4.068s] -- Up-to-date symlink: /home/ubuntu/ros2ws/install/abb_rapid_msgs/include/abb_rapid_msgs/abb_rapid_msgs/msg/detail/pose__builder.hpp
[4.068s] -- Up-to-date symlink: /home/ubuntu/ros2ws/install/abb_rapid_msgs/include/abb_rapid_msgs/abb_rapid_msgs/msg/detail/pose__struct.hpp
[4.068s] -- Up-to-date symlink: /home/ubuntu/ros2ws/install/abb_rapid_msgs/include/abb_rapid_msgs/abb_rapid_msgs/msg/detail/pose__traits.hpp
[4.069s] -- Up-to-date symlink: /home/ubuntu/ros2ws/install/abb_rapid_msgs/include/abb_rapid_msgs/abb_rapid_msgs/msg/detail/rob_joint__builder.hpp
[4.071s] -- Up-to-date symlink: /home/ubuntu/ros2ws/install/abb_rapid_msgs/include/abb_rapid_msgs/abb_rapid_msgs/msg/detail/rob_joint__struct.hpp
[4.072s] -- Up-to-date symlink: /home/ubuntu/ros2ws/install/abb_rapid_msgs/include/abb_rapid_msgs/abb_rapid_msgs/msg/detail/rob_joint__traits.hpp
[4.072s] -- Up-to-date symlink: /home/ubuntu/ros2ws/install/abb_rapid_msgs/include/abb_rapid_msgs/abb_rapid_msgs/msg/detail/rob_target__builder.hpp
[4.072s] -- Up-to-date symlink: /home/ubuntu/ros2ws/install/abb_rapid_msgs/include/abb_rapid_msgs/abb_rapid_msgs/msg/detail/rob_target__struct.hpp
[4.075s] -- Up-to-date symlink: /home/ubuntu/ros2ws/install/abb_rapid_msgs/include/abb_rapid_msgs/abb_rapid_msgs/msg/detail/rob_target__traits.hpp
[4.075s] -- Up-to-date symlink: /home/ubuntu/ros2ws/install/abb_rapid_msgs/include/abb_rapid_msgs/abb_rapid_msgs/msg/detail/tool_data__builder.hpp
[4.076s] -- Up-to-date symlink: /home/ubuntu/ros2ws/install/abb_rapid_msgs/include/abb_rapid_msgs/abb_rapid_msgs/msg/detail/tool_data__struct.hpp
[4.076s] -- Up-to-date symlink: /home/ubuntu/ros2ws/install/abb_rapid_msgs/include/abb_rapid_msgs/abb_rapid_msgs/msg/detail/tool_data__traits.hpp
[4.076s] -- Up-to-date symlink: /home/ubuntu/ros2ws/install/abb_rapid_msgs/include/abb_rapid_msgs/abb_rapid_msgs/msg/detail/w_obj_data__builder.hpp
[4.076s] -- Up-to-date symlink: /home/ubuntu/ros2ws/install/abb_rapid_msgs/include/abb_rapid_msgs/abb_rapid_msgs/msg/detail/w_obj_data__struct.hpp
[4.077s] -- Up-to-date symlink: /home/ubuntu/ros2ws/install/abb_rapid_msgs/include/abb_rapid_msgs/abb_rapid_msgs/msg/detail/w_obj_data__traits.hpp
[4.077s] -- Up-to-date symlink: /home/ubuntu/ros2ws/install/abb_rapid_msgs/include/abb_rapid_msgs/abb_rapid_msgs/msg/ext_joint.hpp
[4.078s] -- Up-to-date symlink: /home/ubuntu/ros2ws/install/abb_rapid_msgs/include/abb_rapid_msgs/abb_rapid_msgs/msg/joint_target.hpp
[4.082s] -- Up-to-date symlink: /home/ubuntu/ros2ws/install/abb_rapid_msgs/include/abb_rapid_msgs/abb_rapid_msgs/msg/load_data.hpp
[4.082s] -- Up-to-date symlink: /home/ubuntu/ros2ws/install/abb_rapid_msgs/include/abb_rapid_msgs/abb_rapid_msgs/msg/orient.hpp
[4.083s] -- Up-to-date symlink: /home/ubuntu/ros2ws/install/abb_rapid_msgs/include/abb_rapid_msgs/abb_rapid_msgs/msg/pos.hpp
[4.083s] -- Up-to-date symlink: /home/ubuntu/ros2ws/install/abb_rapid_msgs/include/abb_rapid_msgs/abb_rapid_msgs/msg/pose.hpp
[4.083s] -- Up-to-date symlink: /home/ubuntu/ros2ws/install/abb_rapid_msgs/include/abb_rapid_msgs/abb_rapid_msgs/msg/rob_joint.hpp
[4.083s] -- Up-to-date symlink: /home/ubuntu/ros2ws/install/abb_rapid_msgs/include/abb_rapid_msgs/abb_rapid_msgs/msg/rob_target.hpp
[4.083s] -- Up-to-date symlink: /home/ubuntu/ros2ws/install/abb_rapid_msgs/include/abb_rapid_msgs/abb_rapid_msgs/msg/tool_data.hpp
[4.084s] -- Up-to-date symlink: /home/ubuntu/ros2ws/install/abb_rapid_msgs/include/abb_rapid_msgs/abb_rapid_msgs/msg/w_obj_data.hpp
[4.084s] -- Up-to-date symlink: /home/ubuntu/ros2ws/install/abb_rapid_msgs/include/abb_rapid_msgs/abb_rapid_msgs/msg/detail/conf_data__rosidl_typesupport_fastrtps_cpp.hpp
[4.084s] -- Up-to-date symlink: /home/ubuntu/ros2ws/install/abb_rapid_msgs/include/abb_rapid_msgs/abb_rapid_msgs/msg/detail/ext_joint__rosidl_typesupport_fastrtps_cpp.hpp
[4.088s] -- Up-to-date symlink: /home/ubuntu/ros2ws/install/abb_rapid_msgs/include/abb_rapid_msgs/abb_rapid_msgs/msg/detail/joint_target__rosidl_typesupport_fastrtps_cpp.hpp
[4.088s] -- Up-to-date symlink: /home/ubuntu/ros2ws/install/abb_rapid_msgs/include/abb_rapid_msgs/abb_rapid_msgs/msg/detail/load_data__rosidl_typesupport_fastrtps_cpp.hpp
[4.088s] -- Up-to-date symlink: /home/ubuntu/ros2ws/install/abb_rapid_msgs/include/abb_rapid_msgs/abb_rapid_msgs/msg/detail/orient__rosidl_typesupport_fastrtps_cpp.hpp
[4.089s] -- Up-to-date symlink: /home/ubuntu/ros2ws/install/abb_rapid_msgs/include/abb_rapid_msgs/abb_rapid_msgs/msg/detail/pos__rosidl_typesupport_fastrtps_cpp.hpp
[4.089s] -- Up-to-date symlink: /home/ubuntu/ros2ws/install/abb_rapid_msgs/include/abb_rapid_msgs/abb_rapid_msgs/msg/detail/pose__rosidl_typesupport_fastrtps_cpp.hpp
[4.089s] -- Up-to-date symlink: /home/ubuntu/ros2ws/install/abb_rapid_msgs/include/abb_rapid_msgs/abb_rapid_msgs/msg/detail/rob_joint__rosidl_typesupport_fastrtps_cpp.hpp
[4.089s] -- Up-to-date symlink: /home/ubuntu/ros2ws/install/abb_rapid_msgs/include/abb_rapid_msgs/abb_rapid_msgs/msg/detail/rob_target__rosidl_typesupport_fastrtps_cpp.hpp
[4.089s] -- Up-to-date symlink: /home/ubuntu/ros2ws/install/abb_rapid_msgs/include/abb_rapid_msgs/abb_rapid_msgs/msg/detail/tool_data__rosidl_typesupport_fastrtps_cpp.hpp
[4.089s] -- Up-to-date symlink: /home/ubuntu/ros2ws/install/abb_rapid_msgs/include/abb_rapid_msgs/abb_rapid_msgs/msg/detail/w_obj_data__rosidl_typesupport_fastrtps_cpp.hpp
[4.090s] -- Up-to-date symlink: /home/ubuntu/ros2ws/install/abb_rapid_msgs/include/abb_rapid_msgs/abb_rapid_msgs/msg/rosidl_typesupport_fastrtps_cpp__visibility_control.h
[4.090s] -- Up-to-date symlink: /home/ubuntu/ros2ws/install/abb_rapid_msgs/include/abb_rapid_msgs/abb_rapid_msgs/msg/detail/conf_data__rosidl_typesupport_introspection_cpp.hpp
[4.090s] -- Up-to-date symlink: /home/ubuntu/ros2ws/install/abb_rapid_msgs/include/abb_rapid_msgs/abb_rapid_msgs/msg/detail/ext_joint__rosidl_typesupport_introspection_cpp.hpp
[4.090s] -- Up-to-date symlink: /home/ubuntu/ros2ws/install/abb_rapid_msgs/include/abb_rapid_msgs/abb_rapid_msgs/msg/detail/joint_target__rosidl_typesupport_introspection_cpp.hpp
[4.090s] -- Up-to-date symlink: /home/ubuntu/ros2ws/install/abb_rapid_msgs/include/abb_rapid_msgs/abb_rapid_msgs/msg/detail/load_data__rosidl_typesupport_introspection_cpp.hpp
[4.090s] -- Up-to-date symlink: /home/ubuntu/ros2ws/install/abb_rapid_msgs/include/abb_rapid_msgs/abb_rapid_msgs/msg/detail/orient__rosidl_typesupport_introspection_cpp.hpp
[4.090s] -- Up-to-date symlink: /home/ubuntu/ros2ws/install/abb_rapid_msgs/include/abb_rapid_msgs/abb_rapid_msgs/msg/detail/pos__rosidl_typesupport_introspection_cpp.hpp
[4.091s] -- Up-to-date symlink: /home/ubuntu/ros2ws/install/abb_rapid_msgs/include/abb_rapid_msgs/abb_rapid_msgs/msg/detail/pose__rosidl_typesupport_introspection_cpp.hpp
[4.091s] -- Up-to-date symlink: /home/ubuntu/ros2ws/install/abb_rapid_msgs/include/abb_rapid_msgs/abb_rapid_msgs/msg/detail/rob_joint__rosidl_typesupport_introspection_cpp.hpp
[4.092s] -- Up-to-date symlink: /home/ubuntu/ros2ws/install/abb_rapid_msgs/include/abb_rapid_msgs/abb_rapid_msgs/msg/detail/rob_target__rosidl_typesupport_introspection_cpp.hpp
[4.094s] -- Up-to-date symlink: /home/ubuntu/ros2ws/install/abb_rapid_msgs/include/abb_rapid_msgs/abb_rapid_msgs/msg/detail/tool_data__rosidl_typesupport_introspection_cpp.hpp
[4.094s] -- Up-to-date symlink: /home/ubuntu/ros2ws/install/abb_rapid_msgs/include/abb_rapid_msgs/abb_rapid_msgs/msg/detail/w_obj_data__rosidl_typesupport_introspection_cpp.hpp
[4.095s] -- Up-to-date symlink: /home/ubuntu/ros2ws/install/abb_rapid_msgs/share/abb_rapid_msgs/environment/pythonpath.sh
[4.095s] -- Up-to-date symlink: /home/ubuntu/ros2ws/install/abb_rapid_msgs/share/abb_rapid_msgs/environment/pythonpath.dsv
[4.096s] -- Up-to-date symlink: /home/ubuntu/ros2ws/install/abb_rapid_msgs/local/lib/python3.10/dist-packages/abb_rapid_msgs-1.0.0-py3.10.egg-info/PKG-INFO
[4.097s] -- Up-to-date symlink: /home/ubuntu/ros2ws/install/abb_rapid_msgs/local/lib/python3.10/dist-packages/abb_rapid_msgs-1.0.0-py3.10.egg-info/SOURCES.txt
[4.097s] -- Up-to-date symlink: /home/ubuntu/ros2ws/install/abb_rapid_msgs/local/lib/python3.10/dist-packages/abb_rapid_msgs-1.0.0-py3.10.egg-info/dependency_links.txt
[4.098s] -- Up-to-date symlink: /home/ubuntu/ros2ws/install/abb_rapid_msgs/local/lib/python3.10/dist-packages/abb_rapid_msgs-1.0.0-py3.10.egg-info/top_level.txt
[4.098s] -- Up-to-date symlink: /home/ubuntu/ros2ws/install/abb_rapid_msgs/local/lib/python3.10/dist-packages/abb_rapid_msgs/__init__.py
[4.098s] -- Up-to-date symlink: /home/ubuntu/ros2ws/install/abb_rapid_msgs/local/lib/python3.10/dist-packages/abb_rapid_msgs/_abb_rapid_msgs_s.ep.rosidl_typesupport_c.c
[4.098s] -- Up-to-date symlink: /home/ubuntu/ros2ws/install/abb_rapid_msgs/local/lib/python3.10/dist-packages/abb_rapid_msgs/_abb_rapid_msgs_s.ep.rosidl_typesupport_fastrtps_c.c
[4.099s] -- Up-to-date symlink: /home/ubuntu/ros2ws/install/abb_rapid_msgs/local/lib/python3.10/dist-packages/abb_rapid_msgs/_abb_rapid_msgs_s.ep.rosidl_typesupport_introspection_c.c
[4.099s] -- Up-to-date symlink: /home/ubuntu/ros2ws/install/abb_rapid_msgs/local/lib/python3.10/dist-packages/abb_rapid_msgs/abb_rapid_msgs_s__rosidl_typesupport_c.cpython-310-x86_64-linux-gnu.so
[4.099s] -- Up-to-date symlink: /home/ubuntu/ros2ws/install/abb_rapid_msgs/local/lib/python3.10/dist-packages/abb_rapid_msgs/abb_rapid_msgs_s__rosidl_typesupport_fastrtps_c.cpython-310-x86_64-linux-gnu.so
[4.099s] -- Up-to-date symlink: /home/ubuntu/ros2ws/install/abb_rapid_msgs/local/lib/python3.10/dist-packages/abb_rapid_msgs/abb_rapid_msgs_s__rosidl_typesupport_introspection_c.cpython-310-x86_64-linux-gnu.so
[4.099s] -- Up-to-date symlink: /home/ubuntu/ros2ws/install/abb_rapid_msgs/local/lib/python3.10/dist-packages/abb_rapid_msgs/libabb_rapid_msgs__rosidl_generator_py.so
[4.100s] -- Up-to-date symlink: /home/ubuntu/ros2ws/install/abb_rapid_msgs/local/lib/python3.10/dist-packages/abb_rapid_msgs/msg/__init__.py
[4.100s] -- Up-to-date symlink: /home/ubuntu/ros2ws/install/abb_rapid_msgs/local/lib/python3.10/dist-packages/abb_rapid_msgs/msg/_conf_data.py
[4.101s] -- Up-to-date symlink: /home/ubuntu/ros2ws/install/abb_rapid_msgs/local/lib/python3.10/dist-packages/abb_rapid_msgs/msg/_conf_data_s.c
[4.101s] -- Up-to-date symlink: /home/ubuntu/ros2ws/install/abb_rapid_msgs/local/lib/python3.10/dist-packages/abb_rapid_msgs/msg/_ext_joint.py
[4.102s] -- Up-to-date symlink: /home/ubuntu/ros2ws/install/abb_rapid_msgs/local/lib/python3.10/dist-packages/abb_rapid_msgs/msg/_ext_joint_s.c
[4.103s] -- Up-to-date symlink: /home/ubuntu/ros2ws/install/abb_rapid_msgs/local/lib/python3.10/dist-packages/abb_rapid_msgs/msg/_joint_target.py
[4.104s] -- Up-to-date symlink: /home/ubuntu/ros2ws/install/abb_rapid_msgs/local/lib/python3.10/dist-packages/abb_rapid_msgs/msg/_joint_target_s.c
[4.104s] -- Up-to-date symlink: /home/ubuntu/ros2ws/install/abb_rapid_msgs/local/lib/python3.10/dist-packages/abb_rapid_msgs/msg/_load_data.py
[4.104s] -- Up-to-date symlink: /home/ubuntu/ros2ws/install/abb_rapid_msgs/local/lib/python3.10/dist-packages/abb_rapid_msgs/msg/_load_data_s.c
[4.104s] -- Up-to-date symlink: /home/ubuntu/ros2ws/install/abb_rapid_msgs/local/lib/python3.10/dist-packages/abb_rapid_msgs/msg/_orient.py
[4.104s] -- Up-to-date symlink: /home/ubuntu/ros2ws/install/abb_rapid_msgs/local/lib/python3.10/dist-packages/abb_rapid_msgs/msg/_orient_s.c
[4.104s] -- Up-to-date symlink: /home/ubuntu/ros2ws/install/abb_rapid_msgs/local/lib/python3.10/dist-packages/abb_rapid_msgs/msg/_pos.py
[4.105s] -- Up-to-date symlink: /home/ubuntu/ros2ws/install/abb_rapid_msgs/local/lib/python3.10/dist-packages/abb_rapid_msgs/msg/_pos_s.c
[4.105s] -- Up-to-date symlink: /home/ubuntu/ros2ws/install/abb_rapid_msgs/local/lib/python3.10/dist-packages/abb_rapid_msgs/msg/_pose.py
[4.105s] -- Up-to-date symlink: /home/ubuntu/ros2ws/install/abb_rapid_msgs/local/lib/python3.10/dist-packages/abb_rapid_msgs/msg/_pose_s.c
[4.105s] -- Up-to-date symlink: /home/ubuntu/ros2ws/install/abb_rapid_msgs/local/lib/python3.10/dist-packages/abb_rapid_msgs/msg/_rob_joint.py
[4.105s] -- Up-to-date symlink: /home/ubuntu/ros2ws/install/abb_rapid_msgs/local/lib/python3.10/dist-packages/abb_rapid_msgs/msg/_rob_joint_s.c
[4.105s] -- Up-to-date symlink: /home/ubuntu/ros2ws/install/abb_rapid_msgs/local/lib/python3.10/dist-packages/abb_rapid_msgs/msg/_rob_target.py
[4.105s] -- Up-to-date symlink: /home/ubuntu/ros2ws/install/abb_rapid_msgs/local/lib/python3.10/dist-packages/abb_rapid_msgs/msg/_rob_target_s.c
[4.105s] -- Up-to-date symlink: /home/ubuntu/ros2ws/install/abb_rapid_msgs/local/lib/python3.10/dist-packages/abb_rapid_msgs/msg/_tool_data.py
[4.106s] -- Up-to-date symlink: /home/ubuntu/ros2ws/install/abb_rapid_msgs/local/lib/python3.10/dist-packages/abb_rapid_msgs/msg/_tool_data_s.c
[4.106s] -- Up-to-date symlink: /home/ubuntu/ros2ws/install/abb_rapid_msgs/local/lib/python3.10/dist-packages/abb_rapid_msgs/msg/_w_obj_data.py
[4.106s] -- Up-to-date symlink: /home/ubuntu/ros2ws/install/abb_rapid_msgs/local/lib/python3.10/dist-packages/abb_rapid_msgs/msg/_w_obj_data_s.c
[4.106s] -- Up-to-date symlink: /home/ubuntu/ros2ws/install/abb_rapid_msgs/local/lib/python3.10/dist-packages/abb_rapid_msgs/abb_rapid_msgs_s__rosidl_typesupport_fastrtps_c.cpython-310-x86_64-linux-gnu.so
[4.111s] -- Up-to-date symlink: /home/ubuntu/ros2ws/install/abb_rapid_msgs/local/lib/python3.10/dist-packages/abb_rapid_msgs/abb_rapid_msgs_s__rosidl_typesupport_introspection_c.cpython-310-x86_64-linux-gnu.so
[4.111s] -- Up-to-date symlink: /home/ubuntu/ros2ws/install/abb_rapid_msgs/local/lib/python3.10/dist-packages/abb_rapid_msgs/abb_rapid_msgs_s__rosidl_typesupport_c.cpython-310-x86_64-linux-gnu.so
[4.111s] -- Up-to-date symlink: /home/ubuntu/ros2ws/install/abb_rapid_msgs/share/abb_rapid_msgs/msg/ConfData.idl
[4.111s] -- Up-to-date symlink: /home/ubuntu/ros2ws/install/abb_rapid_msgs/share/abb_rapid_msgs/msg/ExtJoint.idl
[4.111s] -- Up-to-date symlink: /home/ubuntu/ros2ws/install/abb_rapid_msgs/share/abb_rapid_msgs/msg/JointTarget.idl
[4.112s] -- Up-to-date symlink: /home/ubuntu/ros2ws/install/abb_rapid_msgs/share/abb_rapid_msgs/msg/LoadData.idl
[4.112s] -- Up-to-date symlink: /home/ubuntu/ros2ws/install/abb_rapid_msgs/share/abb_rapid_msgs/msg/Orient.idl
[4.112s] -- Up-to-date symlink: /home/ubuntu/ros2ws/install/abb_rapid_msgs/share/abb_rapid_msgs/msg/Pos.idl
[4.113s] -- Up-to-date symlink: /home/ubuntu/ros2ws/install/abb_rapid_msgs/share/abb_rapid_msgs/msg/Pose.idl
[4.116s] -- Up-to-date symlink: /home/ubuntu/ros2ws/install/abb_rapid_msgs/share/abb_rapid_msgs/msg/RobJoint.idl
[4.116s] -- Up-to-date symlink: /home/ubuntu/ros2ws/install/abb_rapid_msgs/share/abb_rapid_msgs/msg/RobTarget.idl
[4.116s] -- Up-to-date symlink: /home/ubuntu/ros2ws/install/abb_rapid_msgs/share/abb_rapid_msgs/msg/ToolData.idl
[4.117s] -- Up-to-date symlink: /home/ubuntu/ros2ws/install/abb_rapid_msgs/share/abb_rapid_msgs/msg/WObjData.idl
[4.117s] -- Up-to-date symlink: /home/ubuntu/ros2ws/install/abb_rapid_msgs/share/abb_rapid_msgs/msg/ConfData.msg
[4.117s] -- Up-to-date symlink: /home/ubuntu/ros2ws/install/abb_rapid_msgs/share/abb_rapid_msgs/msg/ExtJoint.msg
[4.117s] -- Up-to-date symlink: /home/ubuntu/ros2ws/install/abb_rapid_msgs/share/abb_rapid_msgs/msg/JointTarget.msg
[4.117s] -- Up-to-date symlink: /home/ubuntu/ros2ws/install/abb_rapid_msgs/share/abb_rapid_msgs/msg/LoadData.msg
[4.117s] -- Up-to-date symlink: /home/ubuntu/ros2ws/install/abb_rapid_msgs/share/abb_rapid_msgs/msg/Orient.msg
[4.120s] -- Up-to-date symlink: /home/ubuntu/ros2ws/install/abb_rapid_msgs/share/abb_rapid_msgs/msg/Pos.msg
[4.121s] -- Up-to-date symlink: /home/ubuntu/ros2ws/install/abb_rapid_msgs/share/abb_rapid_msgs/msg/Pose.msg
[4.121s] -- Up-to-date symlink: /home/ubuntu/ros2ws/install/abb_rapid_msgs/share/abb_rapid_msgs/msg/RobJoint.msg
[4.121s] -- Up-to-date symlink: /home/ubuntu/ros2ws/install/abb_rapid_msgs/share/abb_rapid_msgs/msg/RobTarget.msg
[4.122s] -- Up-to-date symlink: /home/ubuntu/ros2ws/install/abb_rapid_msgs/share/abb_rapid_msgs/msg/ToolData.msg
[4.122s] -- Up-to-date symlink: /home/ubuntu/ros2ws/install/abb_rapid_msgs/share/abb_rapid_msgs/msg/WObjData.msg
[4.122s] -- Up-to-date symlink: /home/ubuntu/ros2ws/install/abb_rapid_msgs/share/ament_index/resource_index/package_run_dependencies/abb_rapid_msgs
[4.122s] -- Up-to-date symlink: /home/ubuntu/ros2ws/install/abb_rapid_msgs/share/ament_index/resource_index/parent_prefix_path/abb_rapid_msgs
[4.122s] -- Up-to-date symlink: /home/ubuntu/ros2ws/install/abb_rapid_msgs/share/abb_rapid_msgs/environment/ament_prefix_path.sh
[4.122s] -- Up-to-date symlink: /home/ubuntu/ros2ws/install/abb_rapid_msgs/share/abb_rapid_msgs/environment/ament_prefix_path.dsv
[4.122s] -- Up-to-date symlink: /home/ubuntu/ros2ws/install/abb_rapid_msgs/share/abb_rapid_msgs/environment/path.sh
[4.123s] -- Up-to-date symlink: /home/ubuntu/ros2ws/install/abb_rapid_msgs/share/abb_rapid_msgs/environment/path.dsv
[4.123s] -- Up-to-date symlink: /home/ubuntu/ros2ws/install/abb_rapid_msgs/share/abb_rapid_msgs/local_setup.bash
[4.123s] -- Up-to-date symlink: /home/ubuntu/ros2ws/install/abb_rapid_msgs/share/abb_rapid_msgs/local_setup.sh
[4.123s] -- Up-to-date symlink: /home/ubuntu/ros2ws/install/abb_rapid_msgs/share/abb_rapid_msgs/local_setup.zsh
[4.123s] -- Up-to-date symlink: /home/ubuntu/ros2ws/install/abb_rapid_msgs/share/abb_rapid_msgs/local_setup.dsv
[4.123s] -- Symlinking: /home/ubuntu/ros2ws/install/abb_rapid_msgs/share/abb_rapid_msgs/package.dsv
[4.149s] -- Up-to-date symlink: /home/ubuntu/ros2ws/install/abb_rapid_msgs/share/ament_index/resource_index/packages/abb_rapid_msgs
[4.150s] -- Up-to-date symlink: /home/ubuntu/ros2ws/install/abb_rapid_msgs/share/abb_rapid_msgs/cmake/rosidl_cmake-extras.cmake
[4.150s] -- Up-to-date symlink: /home/ubuntu/ros2ws/install/abb_rapid_msgs/share/abb_rapid_msgs/cmake/ament_cmake_export_include_directories-extras.cmake
[4.150s] -- Up-to-date symlink: /home/ubuntu/ros2ws/install/abb_rapid_msgs/share/abb_rapid_msgs/cmake/ament_cmake_export_libraries-extras.cmake
[4.152s] -- Up-to-date symlink: /home/ubuntu/ros2ws/install/abb_rapid_msgs/share/abb_rapid_msgs/cmake/ament_cmake_export_targets-extras.cmake
[4.152s] -- Up-to-date symlink: /home/ubuntu/ros2ws/install/abb_rapid_msgs/share/abb_rapid_msgs/cmake/rosidl_cmake_export_typesupport_targets-extras.cmake
[4.156s] -- Up-to-date symlink: /home/ubuntu/ros2ws/install/abb_rapid_msgs/share/abb_rapid_msgs/cmake/ament_cmake_export_dependencies-extras.cmake
[4.157s] -- Up-to-date symlink: /home/ubuntu/ros2ws/install/abb_rapid_msgs/share/abb_rapid_msgs/cmake/rosidl_cmake_export_typesupport_libraries-extras.cmake
[4.157s] -- Up-to-date symlink: /home/ubuntu/ros2ws/install/abb_rapid_msgs/share/abb_rapid_msgs/cmake/abb_rapid_msgsConfig.cmake
[4.157s] -- Up-to-date symlink: /home/ubuntu/ros2ws/install/abb_rapid_msgs/share/abb_rapid_msgs/cmake/abb_rapid_msgsConfig-version.cmake
[4.157s] -- Up-to-date symlink: /home/ubuntu/ros2ws/install/abb_rapid_msgs/share/abb_rapid_msgs/package.xml
[4.157s] -- Up-to-date: /home/ubuntu/ros2ws/install/abb_rapid_msgs/lib/libabb_rapid_msgs__rosidl_generator_c.so
[4.161s] -- Up-to-date: /home/ubuntu/ros2ws/install/abb_rapid_msgs/lib/libabb_rapid_msgs__rosidl_typesupport_fastrtps_c.so
[4.161s] -- Up-to-date: /home/ubuntu/ros2ws/install/abb_rapid_msgs/lib/libabb_rapid_msgs__rosidl_typesupport_introspection_c.so
[4.163s] -- Up-to-date: /home/ubuntu/ros2ws/install/abb_rapid_msgs/lib/libabb_rapid_msgs__rosidl_typesupport_c.so
[4.163s] -- Up-to-date: /home/ubuntu/ros2ws/install/abb_rapid_msgs/lib/libabb_rapid_msgs__rosidl_typesupport_fastrtps_cpp.so
[4.164s] -- Up-to-date: /home/ubuntu/ros2ws/install/abb_rapid_msgs/lib/libabb_rapid_msgs__rosidl_typesupport_introspection_cpp.so
[4.164s] -- Up-to-date: /home/ubuntu/ros2ws/install/abb_rapid_msgs/lib/libabb_rapid_msgs__rosidl_typesupport_cpp.so
[4.268s] Listing '/home/ubuntu/ros2ws/install/abb_rapid_msgs/local/lib/python3.10/dist-packages/abb_rapid_msgs'...
[4.268s] Listing '/home/ubuntu/ros2ws/install/abb_rapid_msgs/local/lib/python3.10/dist-packages/abb_rapid_msgs/msg'...
[4.292s] -- Up-to-date: /home/ubuntu/ros2ws/install/abb_rapid_msgs/lib/libabb_rapid_msgs__rosidl_generator_py.so
[4.292s] -- Up-to-date: /home/ubuntu/ros2ws/install/abb_rapid_msgs/share/abb_rapid_msgs/cmake/export_abb_rapid_msgs__rosidl_generator_cExport.cmake
[4.292s] -- Up-to-date: /home/ubuntu/ros2ws/install/abb_rapid_msgs/share/abb_rapid_msgs/cmake/export_abb_rapid_msgs__rosidl_generator_cExport-noconfig.cmake
[4.292s] -- Up-to-date: /home/ubuntu/ros2ws/install/abb_rapid_msgs/share/abb_rapid_msgs/cmake/export_abb_rapid_msgs__rosidl_typesupport_fastrtps_cExport.cmake
[4.292s] -- Up-to-date: /home/ubuntu/ros2ws/install/abb_rapid_msgs/share/abb_rapid_msgs/cmake/export_abb_rapid_msgs__rosidl_typesupport_fastrtps_cExport-noconfig.cmake
[4.292s] -- Up-to-date: /home/ubuntu/ros2ws/install/abb_rapid_msgs/share/abb_rapid_msgs/cmake/abb_rapid_msgs__rosidl_typesupport_introspection_cExport.cmake
[4.292s] -- Up-to-date: /home/ubuntu/ros2ws/install/abb_rapid_msgs/share/abb_rapid_msgs/cmake/abb_rapid_msgs__rosidl_typesupport_introspection_cExport-noconfig.cmake
[4.293s] -- Up-to-date: /home/ubuntu/ros2ws/install/abb_rapid_msgs/share/abb_rapid_msgs/cmake/abb_rapid_msgs__rosidl_typesupport_cExport.cmake
[4.293s] -- Up-to-date: /home/ubuntu/ros2ws/install/abb_rapid_msgs/share/abb_rapid_msgs/cmake/abb_rapid_msgs__rosidl_typesupport_cExport-noconfig.cmake
[4.293s] -- Up-to-date: /home/ubuntu/ros2ws/install/abb_rapid_msgs/share/abb_rapid_msgs/cmake/export_abb_rapid_msgs__rosidl_generator_cppExport.cmake
[4.293s] -- Up-to-date: /home/ubuntu/ros2ws/install/abb_rapid_msgs/share/abb_rapid_msgs/cmake/export_abb_rapid_msgs__rosidl_typesupport_fastrtps_cppExport.cmake
[4.293s] -- Up-to-date: /home/ubuntu/ros2ws/install/abb_rapid_msgs/share/abb_rapid_msgs/cmake/export_abb_rapid_msgs__rosidl_typesupport_fastrtps_cppExport-noconfig.cmake
[4.293s] -- Up-to-date: /home/ubuntu/ros2ws/install/abb_rapid_msgs/share/abb_rapid_msgs/cmake/abb_rapid_msgs__rosidl_typesupport_introspection_cppExport.cmake
[4.293s] -- Up-to-date: /home/ubuntu/ros2ws/install/abb_rapid_msgs/share/abb_rapid_msgs/cmake/abb_rapid_msgs__rosidl_typesupport_introspection_cppExport-noconfig.cmake
[4.293s] -- Up-to-date: /home/ubuntu/ros2ws/install/abb_rapid_msgs/share/abb_rapid_msgs/cmake/abb_rapid_msgs__rosidl_typesupport_cppExport.cmake
[4.293s] -- Up-to-date: /home/ubuntu/ros2ws/install/abb_rapid_msgs/share/abb_rapid_msgs/cmake/abb_rapid_msgs__rosidl_typesupport_cppExport-noconfig.cmake
[4.293s] -- Up-to-date: /home/ubuntu/ros2ws/install/abb_rapid_msgs/share/abb_rapid_msgs/cmake/export_abb_rapid_msgs__rosidl_generator_pyExport.cmake
[4.293s] -- Up-to-date: /home/ubuntu/ros2ws/install/abb_rapid_msgs/share/abb_rapid_msgs/cmake/export_abb_rapid_msgs__rosidl_generator_pyExport-noconfig.cmake
[4.331s] Invoked command in '/home/ubuntu/ros2ws/build/abb_rapid_msgs' returned '0': CMAKE_PREFIX_PATH=${CMAKE_PREFIX_PATH}:/home/ubuntu/ros2ws/install/testV1:/home/ubuntu/ros2ws/install/gui_subscriber:/home/ubuntu/ros2ws/install/moveit_configs_utils:/home/ubuntu/ros2ws/install/robot_letter_writer:/home/ubuntu/ros2ws/install/launch_param_builder:/opt/ros/humble /usr/bin/cmake --install /home/ubuntu/ros2ws/build/abb_rapid_msgs
