-- The C compiler identification is GNU 11.4.0
-- The CXX compiler identification is GNU 11.4.0
-- Detecting C compiler ABI info
-- Detecting C compiler ABI info - done
-- Check for working C compiler: /usr/bin/cc - skipped
-- Detecting C compile features
-- Detecting C compile features - done
-- Detecting CXX compiler ABI info
-- Detecting CXX compiler ABI info - done
-- Check for working CXX compiler: /usr/bin/c++ - skipped
-- Detecting CXX compile features
-- Detecting CXX compile features - done
-- Found ament_cmake: 1.3.10 (/opt/ros/humble/share/ament_cmake/cmake)
-- Found Python3: /usr/bin/python3 (found version "3.10.12") found components: Interpreter 
-- Override CMake install command with custom implementation using symlinks instead of copying resources
-- Configuring done
-- Generating done
-- Build files have been written to: /home/ubuntu/ros2ws/build/abb_irb4600_support
-- Install configuration: ""
-- Execute custom install script
-- Symlinking: /home/ubuntu/ros2ws/install/abb_irb4600_support/share/ament_index/resource_index/package_run_dependencies/abb_irb4600_support
-- Symlinking: /home/ubuntu/ros2ws/install/abb_irb4600_support/share/ament_index/resource_index/parent_prefix_path/abb_irb4600_support
-- Symlinking: /home/ubuntu/ros2ws/install/abb_irb4600_support/share/abb_irb4600_support/environment/ament_prefix_path.sh
-- Symlinking: /home/ubuntu/ros2ws/install/abb_irb4600_support/share/abb_irb4600_support/environment/ament_prefix_path.dsv
-- Symlinking: /home/ubuntu/ros2ws/install/abb_irb4600_support/share/abb_irb4600_support/environment/path.sh
-- Symlinking: /home/ubuntu/ros2ws/install/abb_irb4600_support/share/abb_irb4600_support/environment/path.dsv
-- Symlinking: /home/ubuntu/ros2ws/install/abb_irb4600_support/share/abb_irb4600_support/local_setup.bash
-- Symlinking: /home/ubuntu/ros2ws/install/abb_irb4600_support/share/abb_irb4600_support/local_setup.sh
-- Symlinking: /home/ubuntu/ros2ws/install/abb_irb4600_support/share/abb_irb4600_support/local_setup.zsh
-- Symlinking: /home/ubuntu/ros2ws/install/abb_irb4600_support/share/abb_irb4600_support/local_setup.dsv
-- Symlinking: /home/ubuntu/ros2ws/install/abb_irb4600_support/share/abb_irb4600_support/package.dsv
-- Symlinking: /home/ubuntu/ros2ws/install/abb_irb4600_support/share/ament_index/resource_index/packages/abb_irb4600_support
-- Symlinking: /home/ubuntu/ros2ws/install/abb_irb4600_support/share/abb_irb4600_support/cmake/abb_irb4600_supportConfig.cmake
-- Symlinking: /home/ubuntu/ros2ws/install/abb_irb4600_support/share/abb_irb4600_support/cmake/abb_irb4600_supportConfig-version.cmake
-- Symlinking: /home/ubuntu/ros2ws/install/abb_irb4600_support/share/abb_irb4600_support/package.xml
-- Symlinking: /home/ubuntu/ros2ws/install/abb_irb4600_support/share/abb_irb4600_support/launch/view_robot.launch.py
-- Symlinking: /home/ubuntu/ros2ws/install/abb_irb4600_support/share/abb_irb4600_support/meshes/irb4600/collision/base_link.stl
-- Symlinking: /home/ubuntu/ros2ws/install/abb_irb4600_support/share/abb_irb4600_support/meshes/irb4600/collision/link_1.stl
-- Symlinking: /home/ubuntu/ros2ws/install/abb_irb4600_support/share/abb_irb4600_support/meshes/irb4600/visual/base_link.dae
-- Symlinking: /home/ubuntu/ros2ws/install/abb_irb4600_support/share/abb_irb4600_support/meshes/irb4600/visual/link_1.dae
-- Symlinking: /home/ubuntu/ros2ws/install/abb_irb4600_support/share/abb_irb4600_support/meshes/irb4600_20_250/collision/link_2.stl
-- Symlinking: /home/ubuntu/ros2ws/install/abb_irb4600_support/share/abb_irb4600_support/meshes/irb4600_20_250/collision/link_3.stl
-- Symlinking: /home/ubuntu/ros2ws/install/abb_irb4600_support/share/abb_irb4600_support/meshes/irb4600_20_250/collision/link_4.stl
-- Symlinking: /home/ubuntu/ros2ws/install/abb_irb4600_support/share/abb_irb4600_support/meshes/irb4600_20_250/collision/link_5.stl
-- Symlinking: /home/ubuntu/ros2ws/install/abb_irb4600_support/share/abb_irb4600_support/meshes/irb4600_20_250/collision/link_6.stl
-- Symlinking: /home/ubuntu/ros2ws/install/abb_irb4600_support/share/abb_irb4600_support/meshes/irb4600_20_250/visual/link_2.dae
-- Symlinking: /home/ubuntu/ros2ws/install/abb_irb4600_support/share/abb_irb4600_support/meshes/irb4600_20_250/visual/link_3.dae
-- Symlinking: /home/ubuntu/ros2ws/install/abb_irb4600_support/share/abb_irb4600_support/meshes/irb4600_20_250/visual/link_4.dae
-- Symlinking: /home/ubuntu/ros2ws/install/abb_irb4600_support/share/abb_irb4600_support/meshes/irb4600_20_250/visual/link_5.dae
-- Symlinking: /home/ubuntu/ros2ws/install/abb_irb4600_support/share/abb_irb4600_support/meshes/irb4600_20_250/visual/link_6.dae
-- Symlinking: /home/ubuntu/ros2ws/install/abb_irb4600_support/share/abb_irb4600_support/meshes/irb4600_40_255/collision/link_2.stl
-- Symlinking: /home/ubuntu/ros2ws/install/abb_irb4600_support/share/abb_irb4600_support/meshes/irb4600_40_255/collision/link_3.stl
-- Symlinking: /home/ubuntu/ros2ws/install/abb_irb4600_support/share/abb_irb4600_support/meshes/irb4600_40_255/collision/link_4.stl
-- Symlinking: /home/ubuntu/ros2ws/install/abb_irb4600_support/share/abb_irb4600_support/meshes/irb4600_40_255/collision/link_5.stl
-- Symlinking: /home/ubuntu/ros2ws/install/abb_irb4600_support/share/abb_irb4600_support/meshes/irb4600_40_255/collision/link_6.stl
-- Symlinking: /home/ubuntu/ros2ws/install/abb_irb4600_support/share/abb_irb4600_support/meshes/irb4600_40_255/visual/link_2.dae
-- Symlinking: /home/ubuntu/ros2ws/install/abb_irb4600_support/share/abb_irb4600_support/meshes/irb4600_40_255/visual/link_3.dae
-- Symlinking: /home/ubuntu/ros2ws/install/abb_irb4600_support/share/abb_irb4600_support/meshes/irb4600_40_255/visual/link_4.dae
-- Symlinking: /home/ubuntu/ros2ws/install/abb_irb4600_support/share/abb_irb4600_support/meshes/irb4600_40_255/visual/link_5.dae
-- Symlinking: /home/ubuntu/ros2ws/install/abb_irb4600_support/share/abb_irb4600_support/meshes/irb4600_40_255/visual/link_6.dae
-- Symlinking: /home/ubuntu/ros2ws/install/abb_irb4600_support/share/abb_irb4600_support/meshes/irb4600_60_205/collision/link_2.stl
-- Symlinking: /home/ubuntu/ros2ws/install/abb_irb4600_support/share/abb_irb4600_support/meshes/irb4600_60_205/collision/link_3.stl
-- Symlinking: /home/ubuntu/ros2ws/install/abb_irb4600_support/share/abb_irb4600_support/meshes/irb4600_60_205/collision/link_4.stl
-- Symlinking: /home/ubuntu/ros2ws/install/abb_irb4600_support/share/abb_irb4600_support/meshes/irb4600_60_205/collision/link_5.stl
-- Symlinking: /home/ubuntu/ros2ws/install/abb_irb4600_support/share/abb_irb4600_support/meshes/irb4600_60_205/collision/link_6.stl
-- Symlinking: /home/ubuntu/ros2ws/install/abb_irb4600_support/share/abb_irb4600_support/meshes/irb4600_60_205/visual/link_2.dae
-- Symlinking: /home/ubuntu/ros2ws/install/abb_irb4600_support/share/abb_irb4600_support/meshes/irb4600_60_205/visual/link_3.dae
-- Symlinking: /home/ubuntu/ros2ws/install/abb_irb4600_support/share/abb_irb4600_support/meshes/irb4600_60_205/visual/link_4.dae
-- Symlinking: /home/ubuntu/ros2ws/install/abb_irb4600_support/share/abb_irb4600_support/meshes/irb4600_60_205/visual/link_5.dae
-- Symlinking: /home/ubuntu/ros2ws/install/abb_irb4600_support/share/abb_irb4600_support/meshes/irb4600_60_205/visual/link_6.dae
-- Symlinking: /home/ubuntu/ros2ws/install/abb_irb4600_support/share/abb_irb4600_support/rviz/urdf_description.rviz
-- Symlinking: /home/ubuntu/ros2ws/install/abb_irb4600_support/share/abb_irb4600_support/urdf/irb4600.ros2_control.xacro
-- Symlinking: /home/ubuntu/ros2ws/install/abb_irb4600_support/share/abb_irb4600_support/urdf/irb4600_20_250.xacro
-- Symlinking: /home/ubuntu/ros2ws/install/abb_irb4600_support/share/abb_irb4600_support/urdf/irb4600_20_250_macro.xacro
-- Symlinking: /home/ubuntu/ros2ws/install/abb_irb4600_support/share/abb_irb4600_support/urdf/irb4600_40_255.xacro
-- Symlinking: /home/ubuntu/ros2ws/install/abb_irb4600_support/share/abb_irb4600_support/urdf/irb4600_40_255_macro.xacro
-- Symlinking: /home/ubuntu/ros2ws/install/abb_irb4600_support/share/abb_irb4600_support/urdf/irb4600_60_205.xacro
-- Symlinking: /home/ubuntu/ros2ws/install/abb_irb4600_support/share/abb_irb4600_support/urdf/irb4600_60_205_macro.xacro
