[0.107s] Invoking command in '/home/ubuntu/ros2ws/build/rosparam_shortcuts': CMAKE_PREFIX_PATH=${CMAKE_PREFIX_PATH}:/home/ubuntu/ros2ws/install/testV1:/home/ubuntu/ros2ws/install/gui_subscriber:/home/ubuntu/ros2ws/install/moveit_configs_utils:/home/ubuntu/ros2ws/install/robot_letter_writer:/home/ubuntu/ros2ws/install/launch_param_builder:/opt/ros/humble /usr/bin/cmake --build /home/ubuntu/ros2ws/build/rosparam_shortcuts -- -j4 -l4
[0.489s] [ 23%] Built target rosparam_shortcuts
[0.513s] [ 38%] Built target gtest_main
[0.679s] [ 53%] Built target gtest
[0.680s] [ 69%] Built target rosparam_shortcuts_node_parameters_example
[0.812s] [ 84%] Built target rosparam_shortcuts_example
[0.826s] [100%] Built target test_node_parameters
[0.861s] Invoked command in '/home/ubuntu/ros2ws/build/rosparam_shortcuts' returned '0': CMAKE_PREFIX_PATH=${CMAKE_PREFIX_PATH}:/home/ubuntu/ros2ws/install/testV1:/home/ubuntu/ros2ws/install/gui_subscriber:/home/ubuntu/ros2ws/install/moveit_configs_utils:/home/ubuntu/ros2ws/install/robot_letter_writer:/home/ubuntu/ros2ws/install/launch_param_builder:/opt/ros/humble /usr/bin/cmake --build /home/ubuntu/ros2ws/build/rosparam_shortcuts -- -j4 -l4
[1.055s] Invoking command in '/home/ubuntu/ros2ws/build/rosparam_shortcuts': CMAKE_PREFIX_PATH=${CMAKE_PREFIX_PATH}:/home/ubuntu/ros2ws/install/testV1:/home/ubuntu/ros2ws/install/gui_subscriber:/home/ubuntu/ros2ws/install/moveit_configs_utils:/home/ubuntu/ros2ws/install/robot_letter_writer:/home/ubuntu/ros2ws/install/launch_param_builder:/opt/ros/humble /usr/bin/cmake --install /home/ubuntu/ros2ws/build/rosparam_shortcuts
[1.086s] -- Install configuration: ""
[1.106s] -- Up-to-date: /home/ubuntu/ros2ws/install/rosparam_shortcuts/lib/librosparam_shortcuts.so
[1.113s] -- Up-to-date: /home/ubuntu/ros2ws/install/rosparam_shortcuts/lib/rosparam_shortcuts/example
[1.114s] -- Up-to-date: /home/ubuntu/ros2ws/install/rosparam_shortcuts/lib/rosparam_shortcuts/node_parameters_example
[1.114s] -- Up-to-date: /home/ubuntu/ros2ws/install/rosparam_shortcuts/include
[1.114s] -- Up-to-date: /home/ubuntu/ros2ws/install/rosparam_shortcuts/include/rosparam_shortcuts
[1.114s] -- Up-to-date: /home/ubuntu/ros2ws/install/rosparam_shortcuts/include/rosparam_shortcuts/node_parameters.h
[1.115s] -- Up-to-date: /home/ubuntu/ros2ws/install/rosparam_shortcuts/include/rosparam_shortcuts/rosparam_shortcuts.h
[1.115s] -- Up-to-date: /home/ubuntu/ros2ws/install/rosparam_shortcuts/share/rosparam_shortcuts/launch
[1.115s] -- Up-to-date: /home/ubuntu/ros2ws/install/rosparam_shortcuts/share/rosparam_shortcuts/launch/example.launch.py
[1.115s] -- Up-to-date: /home/ubuntu/ros2ws/install/rosparam_shortcuts/share/rosparam_shortcuts/config
[1.115s] -- Up-to-date: /home/ubuntu/ros2ws/install/rosparam_shortcuts/share/rosparam_shortcuts/config/example.yaml
[1.116s] -- Up-to-date: /home/ubuntu/ros2ws/install/rosparam_shortcuts/share/rosparam_shortcuts/environment/library_path.sh
[1.116s] -- Up-to-date: /home/ubuntu/ros2ws/install/rosparam_shortcuts/share/rosparam_shortcuts/environment/library_path.dsv
[1.117s] -- Up-to-date: /home/ubuntu/ros2ws/install/rosparam_shortcuts/share/ament_index/resource_index/package_run_dependencies/rosparam_shortcuts
[1.118s] -- Up-to-date: /home/ubuntu/ros2ws/install/rosparam_shortcuts/share/ament_index/resource_index/parent_prefix_path/rosparam_shortcuts
[1.118s] -- Up-to-date: /home/ubuntu/ros2ws/install/rosparam_shortcuts/share/rosparam_shortcuts/environment/ament_prefix_path.sh
[1.119s] -- Up-to-date: /home/ubuntu/ros2ws/install/rosparam_shortcuts/share/rosparam_shortcuts/environment/ament_prefix_path.dsv
[1.119s] -- Up-to-date: /home/ubuntu/ros2ws/install/rosparam_shortcuts/share/rosparam_shortcuts/environment/path.sh
[1.119s] -- Up-to-date: /home/ubuntu/ros2ws/install/rosparam_shortcuts/share/rosparam_shortcuts/environment/path.dsv
[1.120s] -- Up-to-date: /home/ubuntu/ros2ws/install/rosparam_shortcuts/share/rosparam_shortcuts/local_setup.bash
[1.120s] -- Up-to-date: /home/ubuntu/ros2ws/install/rosparam_shortcuts/share/rosparam_shortcuts/local_setup.sh
[1.121s] -- Up-to-date: /home/ubuntu/ros2ws/install/rosparam_shortcuts/share/rosparam_shortcuts/local_setup.zsh
[1.121s] -- Up-to-date: /home/ubuntu/ros2ws/install/rosparam_shortcuts/share/rosparam_shortcuts/local_setup.dsv
[1.121s] -- Installing: /home/ubuntu/ros2ws/install/rosparam_shortcuts/share/rosparam_shortcuts/package.dsv
[1.126s] -- Up-to-date: /home/ubuntu/ros2ws/install/rosparam_shortcuts/share/ament_index/resource_index/packages/rosparam_shortcuts
[1.129s] -- Up-to-date: /home/ubuntu/ros2ws/install/rosparam_shortcuts/share/rosparam_shortcuts/cmake/export_rosparam_shortcutsExport.cmake
[1.129s] -- Up-to-date: /home/ubuntu/ros2ws/install/rosparam_shortcuts/share/rosparam_shortcuts/cmake/export_rosparam_shortcutsExport-noconfig.cmake
[1.129s] -- Up-to-date: /home/ubuntu/ros2ws/install/rosparam_shortcuts/share/rosparam_shortcuts/cmake/ament_cmake_export_targets-extras.cmake
[1.129s] -- Up-to-date: /home/ubuntu/ros2ws/install/rosparam_shortcuts/share/rosparam_shortcuts/cmake/ament_cmake_export_dependencies-extras.cmake
[1.130s] -- Up-to-date: /home/ubuntu/ros2ws/install/rosparam_shortcuts/share/rosparam_shortcuts/cmake/rosparam_shortcutsConfig.cmake
[1.130s] -- Up-to-date: /home/ubuntu/ros2ws/install/rosparam_shortcuts/share/rosparam_shortcuts/cmake/rosparam_shortcutsConfig-version.cmake
[1.130s] -- Up-to-date: /home/ubuntu/ros2ws/install/rosparam_shortcuts/share/rosparam_shortcuts/package.xml
[1.135s] Invoked command in '/home/ubuntu/ros2ws/build/rosparam_shortcuts' returned '0': CMAKE_PREFIX_PATH=${CMAKE_PREFIX_PATH}:/home/ubuntu/ros2ws/install/testV1:/home/ubuntu/ros2ws/install/gui_subscriber:/home/ubuntu/ros2ws/install/moveit_configs_utils:/home/ubuntu/ros2ws/install/robot_letter_writer:/home/ubuntu/ros2ws/install/launch_param_builder:/opt/ros/humble /usr/bin/cmake --install /home/ubuntu/ros2ws/build/rosparam_shortcuts
