-- Found ament_cmake: 1.3.10 (/opt/ros/humble/share/ament_cmake/cmake)
-- Override CMake install command with custom implementation using symlinks instead of copying resources
-- Configuring done
-- Generating done
-- Build files have been written to: /home/ubuntu/ros2ws/build/abb_irb4600_support
-- Install configuration: ""
-- Execute custom install script
-- Up-to-date symlink: /home/ubuntu/ros2ws/install/abb_irb4600_support/share/ament_index/resource_index/package_run_dependencies/abb_irb4600_support
-- Up-to-date symlink: /home/ubuntu/ros2ws/install/abb_irb4600_support/share/ament_index/resource_index/parent_prefix_path/abb_irb4600_support
-- Up-to-date symlink: /home/ubuntu/ros2ws/install/abb_irb4600_support/share/abb_irb4600_support/environment/ament_prefix_path.sh
-- Up-to-date symlink: /home/ubuntu/ros2ws/install/abb_irb4600_support/share/abb_irb4600_support/environment/ament_prefix_path.dsv
-- Up-to-date symlink: /home/ubuntu/ros2ws/install/abb_irb4600_support/share/abb_irb4600_support/environment/path.sh
-- Up-to-date symlink: /home/ubuntu/ros2ws/install/abb_irb4600_support/share/abb_irb4600_support/environment/path.dsv
-- Up-to-date symlink: /home/ubuntu/ros2ws/install/abb_irb4600_support/share/abb_irb4600_support/local_setup.bash
-- Up-to-date symlink: /home/ubuntu/ros2ws/install/abb_irb4600_support/share/abb_irb4600_support/local_setup.sh
-- Up-to-date symlink: /home/ubuntu/ros2ws/install/abb_irb4600_support/share/abb_irb4600_support/local_setup.zsh
-- Up-to-date symlink: /home/ubuntu/ros2ws/install/abb_irb4600_support/share/abb_irb4600_support/local_setup.dsv
-- Symlinking: /home/ubuntu/ros2ws/install/abb_irb4600_support/share/abb_irb4600_support/package.dsv
-- Up-to-date symlink: /home/ubuntu/ros2ws/install/abb_irb4600_support/share/ament_index/resource_index/packages/abb_irb4600_support
-- Up-to-date symlink: /home/ubuntu/ros2ws/install/abb_irb4600_support/share/abb_irb4600_support/cmake/abb_irb4600_supportConfig.cmake
-- Up-to-date symlink: /home/ubuntu/ros2ws/install/abb_irb4600_support/share/abb_irb4600_support/cmake/abb_irb4600_supportConfig-version.cmake
-- Up-to-date symlink: /home/ubuntu/ros2ws/install/abb_irb4600_support/share/abb_irb4600_support/package.xml
-- Up-to-date symlink: /home/ubuntu/ros2ws/install/abb_irb4600_support/share/abb_irb4600_support/launch/view_robot.launch.py
-- Up-to-date symlink: /home/ubuntu/ros2ws/install/abb_irb4600_support/share/abb_irb4600_support/meshes/irb4600/collision/base_link.stl
-- Up-to-date symlink: /home/ubuntu/ros2ws/install/abb_irb4600_support/share/abb_irb4600_support/meshes/irb4600/collision/link_1.stl
-- Up-to-date symlink: /home/ubuntu/ros2ws/install/abb_irb4600_support/share/abb_irb4600_support/meshes/irb4600/visual/base_link.dae
-- Up-to-date symlink: /home/ubuntu/ros2ws/install/abb_irb4600_support/share/abb_irb4600_support/meshes/irb4600/visual/link_1.dae
-- Up-to-date symlink: /home/ubuntu/ros2ws/install/abb_irb4600_support/share/abb_irb4600_support/meshes/irb4600_20_250/collision/link_2.stl
-- Up-to-date symlink: /home/ubuntu/ros2ws/install/abb_irb4600_support/share/abb_irb4600_support/meshes/irb4600_20_250/collision/link_3.stl
-- Up-to-date symlink: /home/ubuntu/ros2ws/install/abb_irb4600_support/share/abb_irb4600_support/meshes/irb4600_20_250/collision/link_4.stl
-- Up-to-date symlink: /home/ubuntu/ros2ws/install/abb_irb4600_support/share/abb_irb4600_support/meshes/irb4600_20_250/collision/link_5.stl
-- Up-to-date symlink: /home/ubuntu/ros2ws/install/abb_irb4600_support/share/abb_irb4600_support/meshes/irb4600_20_250/collision/link_6.stl
-- Up-to-date symlink: /home/ubuntu/ros2ws/install/abb_irb4600_support/share/abb_irb4600_support/meshes/irb4600_20_250/visual/link_2.dae
-- Up-to-date symlink: /home/ubuntu/ros2ws/install/abb_irb4600_support/share/abb_irb4600_support/meshes/irb4600_20_250/visual/link_3.dae
-- Up-to-date symlink: /home/ubuntu/ros2ws/install/abb_irb4600_support/share/abb_irb4600_support/meshes/irb4600_20_250/visual/link_4.dae
-- Up-to-date symlink: /home/ubuntu/ros2ws/install/abb_irb4600_support/share/abb_irb4600_support/meshes/irb4600_20_250/visual/link_5.dae
-- Up-to-date symlink: /home/ubuntu/ros2ws/install/abb_irb4600_support/share/abb_irb4600_support/meshes/irb4600_20_250/visual/link_6.dae
-- Up-to-date symlink: /home/ubuntu/ros2ws/install/abb_irb4600_support/share/abb_irb4600_support/meshes/irb4600_40_255/collision/link_2.stl
-- Up-to-date symlink: /home/ubuntu/ros2ws/install/abb_irb4600_support/share/abb_irb4600_support/meshes/irb4600_40_255/collision/link_3.stl
-- Up-to-date symlink: /home/ubuntu/ros2ws/install/abb_irb4600_support/share/abb_irb4600_support/meshes/irb4600_40_255/collision/link_4.stl
-- Up-to-date symlink: /home/ubuntu/ros2ws/install/abb_irb4600_support/share/abb_irb4600_support/meshes/irb4600_40_255/collision/link_5.stl
-- Up-to-date symlink: /home/ubuntu/ros2ws/install/abb_irb4600_support/share/abb_irb4600_support/meshes/irb4600_40_255/collision/link_6.stl
-- Up-to-date symlink: /home/ubuntu/ros2ws/install/abb_irb4600_support/share/abb_irb4600_support/meshes/irb4600_40_255/visual/link_2.dae
-- Up-to-date symlink: /home/ubuntu/ros2ws/install/abb_irb4600_support/share/abb_irb4600_support/meshes/irb4600_40_255/visual/link_3.dae
-- Up-to-date symlink: /home/ubuntu/ros2ws/install/abb_irb4600_support/share/abb_irb4600_support/meshes/irb4600_40_255/visual/link_4.dae
-- Up-to-date symlink: /home/ubuntu/ros2ws/install/abb_irb4600_support/share/abb_irb4600_support/meshes/irb4600_40_255/visual/link_5.dae
-- Up-to-date symlink: /home/ubuntu/ros2ws/install/abb_irb4600_support/share/abb_irb4600_support/meshes/irb4600_40_255/visual/link_6.dae
-- Up-to-date symlink: /home/ubuntu/ros2ws/install/abb_irb4600_support/share/abb_irb4600_support/meshes/irb4600_60_205/collision/link_2.stl
-- Up-to-date symlink: /home/ubuntu/ros2ws/install/abb_irb4600_support/share/abb_irb4600_support/meshes/irb4600_60_205/collision/link_3.stl
-- Up-to-date symlink: /home/ubuntu/ros2ws/install/abb_irb4600_support/share/abb_irb4600_support/meshes/irb4600_60_205/collision/link_4.stl
-- Up-to-date symlink: /home/ubuntu/ros2ws/install/abb_irb4600_support/share/abb_irb4600_support/meshes/irb4600_60_205/collision/link_5.stl
-- Up-to-date symlink: /home/ubuntu/ros2ws/install/abb_irb4600_support/share/abb_irb4600_support/meshes/irb4600_60_205/collision/link_6.stl
-- Up-to-date symlink: /home/ubuntu/ros2ws/install/abb_irb4600_support/share/abb_irb4600_support/meshes/irb4600_60_205/visual/link_2.dae
-- Up-to-date symlink: /home/ubuntu/ros2ws/install/abb_irb4600_support/share/abb_irb4600_support/meshes/irb4600_60_205/visual/link_3.dae
-- Up-to-date symlink: /home/ubuntu/ros2ws/install/abb_irb4600_support/share/abb_irb4600_support/meshes/irb4600_60_205/visual/link_4.dae
-- Up-to-date symlink: /home/ubuntu/ros2ws/install/abb_irb4600_support/share/abb_irb4600_support/meshes/irb4600_60_205/visual/link_5.dae
-- Up-to-date symlink: /home/ubuntu/ros2ws/install/abb_irb4600_support/share/abb_irb4600_support/meshes/irb4600_60_205/visual/link_6.dae
-- Up-to-date symlink: /home/ubuntu/ros2ws/install/abb_irb4600_support/share/abb_irb4600_support/rviz/urdf_description.rviz
-- Up-to-date symlink: /home/ubuntu/ros2ws/install/abb_irb4600_support/share/abb_irb4600_support/urdf/irb4600.ros2_control.xacro
-- Up-to-date symlink: /home/ubuntu/ros2ws/install/abb_irb4600_support/share/abb_irb4600_support/urdf/irb4600_20_250.xacro
-- Up-to-date symlink: /home/ubuntu/ros2ws/install/abb_irb4600_support/share/abb_irb4600_support/urdf/irb4600_20_250_macro.xacro
-- Up-to-date symlink: /home/ubuntu/ros2ws/install/abb_irb4600_support/share/abb_irb4600_support/urdf/irb4600_40_255.xacro
-- Up-to-date symlink: /home/ubuntu/ros2ws/install/abb_irb4600_support/share/abb_irb4600_support/urdf/irb4600_40_255_macro.xacro
-- Up-to-date symlink: /home/ubuntu/ros2ws/install/abb_irb4600_support/share/abb_irb4600_support/urdf/irb4600_60_205.xacro
-- Up-to-date symlink: /home/ubuntu/ros2ws/install/abb_irb4600_support/share/abb_irb4600_support/urdf/irb4600_60_205_macro.xacro
