[0.020s] Invoking command in '/home/ubuntu/ros2ws/build/abb_ros2': CMAKE_PREFIX_PATH=${CMAKE_PREFIX_PATH}:/opt/ros/humble /usr/bin/cmake --build /home/ubuntu/ros2ws/build/abb_ros2 -- -j4 -l4
[0.088s] Invoked command in '/home/ubuntu/ros2ws/build/abb_ros2' returned '0': CMAKE_PREFIX_PATH=${CMAKE_PREFIX_PATH}:/opt/ros/humble /usr/bin/cmake --build /home/ubuntu/ros2ws/build/abb_ros2 -- -j4 -l4
[0.126s] Invoking command in '/home/ubuntu/ros2ws/build/abb_ros2': CMAKE_PREFIX_PATH=${CMAKE_PREFIX_PATH}:/opt/ros/humble /usr/bin/cmake --install /home/ubuntu/ros2ws/build/abb_ros2
[0.143s] -- Install configuration: ""
[0.144s] -- Up-to-date: /home/ubuntu/ros2ws/install/abb_ros2/share/ament_index/resource_index/package_run_dependencies/abb_ros2
[0.145s] -- Up-to-date: /home/ubuntu/ros2ws/install/abb_ros2/share/ament_index/resource_index/parent_prefix_path/abb_ros2
[0.145s] -- Up-to-date: /home/ubuntu/ros2ws/install/abb_ros2/share/abb_ros2/environment/ament_prefix_path.sh
[0.145s] -- Up-to-date: /home/ubuntu/ros2ws/install/abb_ros2/share/abb_ros2/environment/ament_prefix_path.dsv
[0.146s] -- Up-to-date: /home/ubuntu/ros2ws/install/abb_ros2/share/abb_ros2/environment/path.sh
[0.147s] -- Up-to-date: /home/ubuntu/ros2ws/install/abb_ros2/share/abb_ros2/environment/path.dsv
[0.150s] -- Up-to-date: /home/ubuntu/ros2ws/install/abb_ros2/share/abb_ros2/local_setup.bash
[0.150s] -- Up-to-date: /home/ubuntu/ros2ws/install/abb_ros2/share/abb_ros2/local_setup.sh
[0.150s] -- Up-to-date: /home/ubuntu/ros2ws/install/abb_ros2/share/abb_ros2/local_setup.zsh
[0.150s] -- Up-to-date: /home/ubuntu/ros2ws/install/abb_ros2/share/abb_ros2/local_setup.dsv
[0.151s] -- Installing: /home/ubuntu/ros2ws/install/abb_ros2/share/abb_ros2/package.dsv
[0.151s] -- Up-to-date: /home/ubuntu/ros2ws/install/abb_ros2/share/ament_index/resource_index/packages/abb_ros2
[0.151s] -- Up-to-date: /home/ubuntu/ros2ws/install/abb_ros2/share/abb_ros2/cmake/abb_ros2Config.cmake
[0.151s] -- Up-to-date: /home/ubuntu/ros2ws/install/abb_ros2/share/abb_ros2/cmake/abb_ros2Config-version.cmake
[0.153s] -- Up-to-date: /home/ubuntu/ros2ws/install/abb_ros2/share/abb_ros2/package.xml
[0.155s] Invoked command in '/home/ubuntu/ros2ws/build/abb_ros2' returned '0': CMAKE_PREFIX_PATH=${CMAKE_PREFIX_PATH}:/opt/ros/humble /usr/bin/cmake --install /home/ubuntu/ros2ws/build/abb_ros2
