[0.122s] Invoking command in '/home/ubuntu/ros2ws/build/abb_rapid_msgs': CMAKE_PREFIX_PATH=${CMAKE_PREFIX_PATH}:/opt/ros/humble /usr/bin/cmake --build /home/ubuntu/ros2ws/build/abb_rapid_msgs -- -j4 -l4
[0.983s] [  0%] Built target abb_rapid_msgs__cpp
[1.031s] [  0%] Built target ament_cmake_python_symlink_abb_rapid_msgs
[1.252s] [ 12%] Built target abb_rapid_msgs__rosidl_generator_c
[1.332s] [ 24%] Built target abb_rapid_msgs__rosidl_typesupport_cpp
[1.393s] [ 35%] Built target abb_rapid_msgs__rosidl_typesupport_fastrtps_cpp
[1.413s] [ 47%] Built target abb_rapid_msgs__rosidl_typesupport_introspection_cpp
[1.629s] [ 59%] Built target abb_rapid_msgs__rosidl_typesupport_fastrtps_c
[1.724s] [ 71%] Built target abb_rapid_msgs__rosidl_typesupport_c
[1.731s] [ 83%] Built target abb_rapid_msgs__rosidl_typesupport_introspection_c
[1.877s] [ 83%] Built target abb_rapid_msgs
[3.823s] [ 84%] Built target abb_rapid_msgs__py
[3.841s] running egg_info
[3.841s] writing abb_rapid_msgs.egg-info/PKG-INFO
[3.841s] writing dependency_links to abb_rapid_msgs.egg-info/dependency_links.txt
[3.842s] writing top-level names to abb_rapid_msgs.egg-info/top_level.txt
[3.980s] reading manifest file 'abb_rapid_msgs.egg-info/SOURCES.txt'
[4.021s] writing manifest file 'abb_rapid_msgs.egg-info/SOURCES.txt'
[4.063s] [ 84%] Built target ament_cmake_python_build_abb_rapid_msgs_egg
[4.375s] [ 95%] Built target abb_rapid_msgs__rosidl_generator_py
[6.090s] [ 97%] Built target abb_rapid_msgs__rosidl_typesupport_introspection_c__pyext
[6.093s] [ 98%] Built target abb_rapid_msgs__rosidl_typesupport_c__pyext
[6.093s] [100%] Built target abb_rapid_msgs__rosidl_typesupport_fastrtps_c__pyext
[6.120s] Invoked command in '/home/ubuntu/ros2ws/build/abb_rapid_msgs' returned '0': CMAKE_PREFIX_PATH=${CMAKE_PREFIX_PATH}:/opt/ros/humble /usr/bin/cmake --build /home/ubuntu/ros2ws/build/abb_rapid_msgs -- -j4 -l4
[6.808s] Invoking command in '/home/ubuntu/ros2ws/build/abb_rapid_msgs': CMAKE_PREFIX_PATH=${CMAKE_PREFIX_PATH}:/opt/ros/humble /usr/bin/cmake --install /home/ubuntu/ros2ws/build/abb_rapid_msgs
[8.147s] -- Install configuration: ""
[8.178s] -- Execute custom install script
[8.223s] -- Up-to-date symlink: /home/ubuntu/ros2ws/install/abb_rapid_msgs/share/ament_index/resource_index/rosidl_interfaces/abb_rapid_msgs
[8.274s] -- Up-to-date symlink: /home/ubuntu/ros2ws/install/abb_rapid_msgs/include/abb_rapid_msgs/abb_rapid_msgs/msg/conf_data.h
[8.298s] -- Up-to-date symlink: /home/ubuntu/ros2ws/install/abb_rapid_msgs/include/abb_rapid_msgs/abb_rapid_msgs/msg/detail/conf_data__functions.h
[8.303s] -- Up-to-date symlink: /home/ubuntu/ros2ws/install/abb_rapid_msgs/include/abb_rapid_msgs/abb_rapid_msgs/msg/detail/conf_data__struct.h
[8.321s] -- Up-to-date symlink: /home/ubuntu/ros2ws/install/abb_rapid_msgs/include/abb_rapid_msgs/abb_rapid_msgs/msg/detail/conf_data__type_support.h
[8.322s] -- Up-to-date symlink: /home/ubuntu/ros2ws/install/abb_rapid_msgs/include/abb_rapid_msgs/abb_rapid_msgs/msg/detail/ext_joint__functions.h
[8.351s] -- Up-to-date symlink: /home/ubuntu/ros2ws/install/abb_rapid_msgs/include/abb_rapid_msgs/abb_rapid_msgs/msg/detail/ext_joint__struct.h
[8.354s] -- Up-to-date symlink: /home/ubuntu/ros2ws/install/abb_rapid_msgs/include/abb_rapid_msgs/abb_rapid_msgs/msg/detail/ext_joint__type_support.h
[8.358s] -- Up-to-date symlink: /home/ubuntu/ros2ws/install/abb_rapid_msgs/include/abb_rapid_msgs/abb_rapid_msgs/msg/detail/joint_target__functions.h
[8.361s] -- Up-to-date symlink: /home/ubuntu/ros2ws/install/abb_rapid_msgs/include/abb_rapid_msgs/abb_rapid_msgs/msg/detail/joint_target__struct.h
[8.365s] -- Up-to-date symlink: /home/ubuntu/ros2ws/install/abb_rapid_msgs/include/abb_rapid_msgs/abb_rapid_msgs/msg/detail/joint_target__type_support.h
[8.367s] -- Up-to-date symlink: /home/ubuntu/ros2ws/install/abb_rapid_msgs/include/abb_rapid_msgs/abb_rapid_msgs/msg/detail/load_data__functions.h
[8.374s] -- Up-to-date symlink: /home/ubuntu/ros2ws/install/abb_rapid_msgs/include/abb_rapid_msgs/abb_rapid_msgs/msg/detail/load_data__struct.h
[8.380s] -- Up-to-date symlink: /home/ubuntu/ros2ws/install/abb_rapid_msgs/include/abb_rapid_msgs/abb_rapid_msgs/msg/detail/load_data__type_support.h
[8.383s] -- Up-to-date symlink: /home/ubuntu/ros2ws/install/abb_rapid_msgs/include/abb_rapid_msgs/abb_rapid_msgs/msg/detail/orient__functions.h
[8.392s] -- Up-to-date symlink: /home/ubuntu/ros2ws/install/abb_rapid_msgs/include/abb_rapid_msgs/abb_rapid_msgs/msg/detail/orient__struct.h
[8.404s] -- Up-to-date symlink: /home/ubuntu/ros2ws/install/abb_rapid_msgs/include/abb_rapid_msgs/abb_rapid_msgs/msg/detail/orient__type_support.h
[8.408s] -- Up-to-date symlink: /home/ubuntu/ros2ws/install/abb_rapid_msgs/include/abb_rapid_msgs/abb_rapid_msgs/msg/detail/pos__functions.h
[8.411s] -- Up-to-date symlink: /home/ubuntu/ros2ws/install/abb_rapid_msgs/include/abb_rapid_msgs/abb_rapid_msgs/msg/detail/pos__struct.h
[8.418s] -- Up-to-date symlink: /home/ubuntu/ros2ws/install/abb_rapid_msgs/include/abb_rapid_msgs/abb_rapid_msgs/msg/detail/pos__type_support.h
[8.419s] -- Up-to-date symlink: /home/ubuntu/ros2ws/install/abb_rapid_msgs/include/abb_rapid_msgs/abb_rapid_msgs/msg/detail/pose__functions.h
[8.432s] -- Up-to-date symlink: /home/ubuntu/ros2ws/install/abb_rapid_msgs/include/abb_rapid_msgs/abb_rapid_msgs/msg/detail/pose__struct.h
[8.439s] -- Up-to-date symlink: /home/ubuntu/ros2ws/install/abb_rapid_msgs/include/abb_rapid_msgs/abb_rapid_msgs/msg/detail/pose__type_support.h
[8.464s] -- Up-to-date symlink: /home/ubuntu/ros2ws/install/abb_rapid_msgs/include/abb_rapid_msgs/abb_rapid_msgs/msg/detail/rob_joint__functions.h
[8.466s] -- Up-to-date symlink: /home/ubuntu/ros2ws/install/abb_rapid_msgs/include/abb_rapid_msgs/abb_rapid_msgs/msg/detail/rob_joint__struct.h
[8.473s] -- Up-to-date symlink: /home/ubuntu/ros2ws/install/abb_rapid_msgs/include/abb_rapid_msgs/abb_rapid_msgs/msg/detail/rob_joint__type_support.h
[8.480s] -- Up-to-date symlink: /home/ubuntu/ros2ws/install/abb_rapid_msgs/include/abb_rapid_msgs/abb_rapid_msgs/msg/detail/rob_target__functions.h
[8.484s] -- Up-to-date symlink: /home/ubuntu/ros2ws/install/abb_rapid_msgs/include/abb_rapid_msgs/abb_rapid_msgs/msg/detail/rob_target__struct.h
[8.488s] -- Up-to-date symlink: /home/ubuntu/ros2ws/install/abb_rapid_msgs/include/abb_rapid_msgs/abb_rapid_msgs/msg/detail/rob_target__type_support.h
[8.493s] -- Up-to-date symlink: /home/ubuntu/ros2ws/install/abb_rapid_msgs/include/abb_rapid_msgs/abb_rapid_msgs/msg/detail/tool_data__functions.h
[8.499s] -- Up-to-date symlink: /home/ubuntu/ros2ws/install/abb_rapid_msgs/include/abb_rapid_msgs/abb_rapid_msgs/msg/detail/tool_data__struct.h
[8.507s] -- Up-to-date symlink: /home/ubuntu/ros2ws/install/abb_rapid_msgs/include/abb_rapid_msgs/abb_rapid_msgs/msg/detail/tool_data__type_support.h
[8.516s] -- Up-to-date symlink: /home/ubuntu/ros2ws/install/abb_rapid_msgs/include/abb_rapid_msgs/abb_rapid_msgs/msg/detail/w_obj_data__functions.h
[8.523s] -- Up-to-date symlink: /home/ubuntu/ros2ws/install/abb_rapid_msgs/include/abb_rapid_msgs/abb_rapid_msgs/msg/detail/w_obj_data__struct.h
[8.527s] -- Up-to-date symlink: /home/ubuntu/ros2ws/install/abb_rapid_msgs/include/abb_rapid_msgs/abb_rapid_msgs/msg/detail/w_obj_data__type_support.h
[8.530s] -- Up-to-date symlink: /home/ubuntu/ros2ws/install/abb_rapid_msgs/include/abb_rapid_msgs/abb_rapid_msgs/msg/ext_joint.h
[8.532s] -- Up-to-date symlink: /home/ubuntu/ros2ws/install/abb_rapid_msgs/include/abb_rapid_msgs/abb_rapid_msgs/msg/joint_target.h
[8.539s] -- Up-to-date symlink: /home/ubuntu/ros2ws/install/abb_rapid_msgs/include/abb_rapid_msgs/abb_rapid_msgs/msg/load_data.h
[8.544s] -- Up-to-date symlink: /home/ubuntu/ros2ws/install/abb_rapid_msgs/include/abb_rapid_msgs/abb_rapid_msgs/msg/orient.h
[8.552s] -- Up-to-date symlink: /home/ubuntu/ros2ws/install/abb_rapid_msgs/include/abb_rapid_msgs/abb_rapid_msgs/msg/pos.h
[8.560s] -- Up-to-date symlink: /home/ubuntu/ros2ws/install/abb_rapid_msgs/include/abb_rapid_msgs/abb_rapid_msgs/msg/pose.h
[8.576s] -- Up-to-date symlink: /home/ubuntu/ros2ws/install/abb_rapid_msgs/include/abb_rapid_msgs/abb_rapid_msgs/msg/rob_joint.h
[8.581s] -- Up-to-date symlink: /home/ubuntu/ros2ws/install/abb_rapid_msgs/include/abb_rapid_msgs/abb_rapid_msgs/msg/rob_target.h
[8.590s] -- Up-to-date symlink: /home/ubuntu/ros2ws/install/abb_rapid_msgs/include/abb_rapid_msgs/abb_rapid_msgs/msg/rosidl_generator_c__visibility_control.h
[8.592s] -- Up-to-date symlink: /home/ubuntu/ros2ws/install/abb_rapid_msgs/include/abb_rapid_msgs/abb_rapid_msgs/msg/tool_data.h
[8.598s] -- Up-to-date symlink: /home/ubuntu/ros2ws/install/abb_rapid_msgs/include/abb_rapid_msgs/abb_rapid_msgs/msg/w_obj_data.h
[8.605s] -- Up-to-date symlink: /home/ubuntu/ros2ws/install/abb_rapid_msgs/share/abb_rapid_msgs/environment/library_path.sh
[8.606s] -- Up-to-date symlink: /home/ubuntu/ros2ws/install/abb_rapid_msgs/share/abb_rapid_msgs/environment/library_path.dsv
[8.610s] -- Up-to-date symlink: /home/ubuntu/ros2ws/install/abb_rapid_msgs/include/abb_rapid_msgs/abb_rapid_msgs/msg/detail/conf_data__rosidl_typesupport_fastrtps_c.h
[8.622s] -- Up-to-date symlink: /home/ubuntu/ros2ws/install/abb_rapid_msgs/include/abb_rapid_msgs/abb_rapid_msgs/msg/detail/ext_joint__rosidl_typesupport_fastrtps_c.h
[8.626s] -- Up-to-date symlink: /home/ubuntu/ros2ws/install/abb_rapid_msgs/include/abb_rapid_msgs/abb_rapid_msgs/msg/detail/joint_target__rosidl_typesupport_fastrtps_c.h
[8.634s] -- Up-to-date symlink: /home/ubuntu/ros2ws/install/abb_rapid_msgs/include/abb_rapid_msgs/abb_rapid_msgs/msg/detail/load_data__rosidl_typesupport_fastrtps_c.h
[8.636s] -- Up-to-date symlink: /home/ubuntu/ros2ws/install/abb_rapid_msgs/include/abb_rapid_msgs/abb_rapid_msgs/msg/detail/orient__rosidl_typesupport_fastrtps_c.h
[8.645s] -- Up-to-date symlink: /home/ubuntu/ros2ws/install/abb_rapid_msgs/include/abb_rapid_msgs/abb_rapid_msgs/msg/detail/pos__rosidl_typesupport_fastrtps_c.h
[8.657s] -- Up-to-date symlink: /home/ubuntu/ros2ws/install/abb_rapid_msgs/include/abb_rapid_msgs/abb_rapid_msgs/msg/detail/pose__rosidl_typesupport_fastrtps_c.h
[8.660s] -- Up-to-date symlink: /home/ubuntu/ros2ws/install/abb_rapid_msgs/include/abb_rapid_msgs/abb_rapid_msgs/msg/detail/rob_joint__rosidl_typesupport_fastrtps_c.h
[8.672s] -- Up-to-date symlink: /home/ubuntu/ros2ws/install/abb_rapid_msgs/include/abb_rapid_msgs/abb_rapid_msgs/msg/detail/rob_target__rosidl_typesupport_fastrtps_c.h
[8.678s] -- Up-to-date symlink: /home/ubuntu/ros2ws/install/abb_rapid_msgs/include/abb_rapid_msgs/abb_rapid_msgs/msg/detail/tool_data__rosidl_typesupport_fastrtps_c.h
[8.687s] -- Up-to-date symlink: /home/ubuntu/ros2ws/install/abb_rapid_msgs/include/abb_rapid_msgs/abb_rapid_msgs/msg/detail/w_obj_data__rosidl_typesupport_fastrtps_c.h
[8.701s] -- Up-to-date symlink: /home/ubuntu/ros2ws/install/abb_rapid_msgs/include/abb_rapid_msgs/abb_rapid_msgs/msg/rosidl_typesupport_fastrtps_c__visibility_control.h
[8.710s] -- Up-to-date symlink: /home/ubuntu/ros2ws/install/abb_rapid_msgs/include/abb_rapid_msgs/abb_rapid_msgs/msg/detail/conf_data__rosidl_typesupport_introspection_c.h
[8.722s] -- Up-to-date symlink: /home/ubuntu/ros2ws/install/abb_rapid_msgs/include/abb_rapid_msgs/abb_rapid_msgs/msg/detail/ext_joint__rosidl_typesupport_introspection_c.h
[8.729s] -- Up-to-date symlink: /home/ubuntu/ros2ws/install/abb_rapid_msgs/include/abb_rapid_msgs/abb_rapid_msgs/msg/detail/joint_target__rosidl_typesupport_introspection_c.h
[8.738s] -- Up-to-date symlink: /home/ubuntu/ros2ws/install/abb_rapid_msgs/include/abb_rapid_msgs/abb_rapid_msgs/msg/detail/load_data__rosidl_typesupport_introspection_c.h
[8.749s] -- Up-to-date symlink: /home/ubuntu/ros2ws/install/abb_rapid_msgs/include/abb_rapid_msgs/abb_rapid_msgs/msg/detail/orient__rosidl_typesupport_introspection_c.h
[8.754s] -- Up-to-date symlink: /home/ubuntu/ros2ws/install/abb_rapid_msgs/include/abb_rapid_msgs/abb_rapid_msgs/msg/detail/pos__rosidl_typesupport_introspection_c.h
[8.763s] -- Up-to-date symlink: /home/ubuntu/ros2ws/install/abb_rapid_msgs/include/abb_rapid_msgs/abb_rapid_msgs/msg/detail/pose__rosidl_typesupport_introspection_c.h
[8.764s] -- Up-to-date symlink: /home/ubuntu/ros2ws/install/abb_rapid_msgs/include/abb_rapid_msgs/abb_rapid_msgs/msg/detail/rob_joint__rosidl_typesupport_introspection_c.h
[8.769s] -- Up-to-date symlink: /home/ubuntu/ros2ws/install/abb_rapid_msgs/include/abb_rapid_msgs/abb_rapid_msgs/msg/detail/rob_target__rosidl_typesupport_introspection_c.h
[8.775s] -- Up-to-date symlink: /home/ubuntu/ros2ws/install/abb_rapid_msgs/include/abb_rapid_msgs/abb_rapid_msgs/msg/detail/tool_data__rosidl_typesupport_introspection_c.h
[8.784s] -- Up-to-date symlink: /home/ubuntu/ros2ws/install/abb_rapid_msgs/include/abb_rapid_msgs/abb_rapid_msgs/msg/detail/w_obj_data__rosidl_typesupport_introspection_c.h
[8.785s] -- Up-to-date symlink: /home/ubuntu/ros2ws/install/abb_rapid_msgs/include/abb_rapid_msgs/abb_rapid_msgs/msg/rosidl_typesupport_introspection_c__visibility_control.h
[8.799s] -- Up-to-date symlink: /home/ubuntu/ros2ws/install/abb_rapid_msgs/include/abb_rapid_msgs/abb_rapid_msgs/msg/conf_data.hpp
[8.803s] -- Up-to-date symlink: /home/ubuntu/ros2ws/install/abb_rapid_msgs/include/abb_rapid_msgs/abb_rapid_msgs/msg/detail/conf_data__builder.hpp
[8.803s] -- Up-to-date symlink: /home/ubuntu/ros2ws/install/abb_rapid_msgs/include/abb_rapid_msgs/abb_rapid_msgs/msg/detail/conf_data__struct.hpp
[8.819s] -- Up-to-date symlink: /home/ubuntu/ros2ws/install/abb_rapid_msgs/include/abb_rapid_msgs/abb_rapid_msgs/msg/detail/conf_data__traits.hpp
[8.826s] -- Up-to-date symlink: /home/ubuntu/ros2ws/install/abb_rapid_msgs/include/abb_rapid_msgs/abb_rapid_msgs/msg/detail/ext_joint__builder.hpp
[8.832s] -- Up-to-date symlink: /home/ubuntu/ros2ws/install/abb_rapid_msgs/include/abb_rapid_msgs/abb_rapid_msgs/msg/detail/ext_joint__struct.hpp
[8.834s] -- Up-to-date symlink: /home/ubuntu/ros2ws/install/abb_rapid_msgs/include/abb_rapid_msgs/abb_rapid_msgs/msg/detail/ext_joint__traits.hpp
[8.838s] -- Up-to-date symlink: /home/ubuntu/ros2ws/install/abb_rapid_msgs/include/abb_rapid_msgs/abb_rapid_msgs/msg/detail/joint_target__builder.hpp
[8.847s] -- Up-to-date symlink: /home/ubuntu/ros2ws/install/abb_rapid_msgs/include/abb_rapid_msgs/abb_rapid_msgs/msg/detail/joint_target__struct.hpp
[8.871s] -- Up-to-date symlink: /home/ubuntu/ros2ws/install/abb_rapid_msgs/include/abb_rapid_msgs/abb_rapid_msgs/msg/detail/joint_target__traits.hpp
[8.871s] -- Up-to-date symlink: /home/ubuntu/ros2ws/install/abb_rapid_msgs/include/abb_rapid_msgs/abb_rapid_msgs/msg/detail/load_data__builder.hpp
[8.872s] -- Up-to-date symlink: /home/ubuntu/ros2ws/install/abb_rapid_msgs/include/abb_rapid_msgs/abb_rapid_msgs/msg/detail/load_data__struct.hpp
[8.872s] -- Up-to-date symlink: /home/ubuntu/ros2ws/install/abb_rapid_msgs/include/abb_rapid_msgs/abb_rapid_msgs/msg/detail/load_data__traits.hpp
[8.881s] -- Up-to-date symlink: /home/ubuntu/ros2ws/install/abb_rapid_msgs/include/abb_rapid_msgs/abb_rapid_msgs/msg/detail/orient__builder.hpp
[8.883s] -- Up-to-date symlink: /home/ubuntu/ros2ws/install/abb_rapid_msgs/include/abb_rapid_msgs/abb_rapid_msgs/msg/detail/orient__struct.hpp
[8.883s] -- Up-to-date symlink: /home/ubuntu/ros2ws/install/abb_rapid_msgs/include/abb_rapid_msgs/abb_rapid_msgs/msg/detail/orient__traits.hpp
[8.884s] -- Up-to-date symlink: /home/ubuntu/ros2ws/install/abb_rapid_msgs/include/abb_rapid_msgs/abb_rapid_msgs/msg/detail/pos__builder.hpp
[8.884s] -- Up-to-date symlink: /home/ubuntu/ros2ws/install/abb_rapid_msgs/include/abb_rapid_msgs/abb_rapid_msgs/msg/detail/pos__struct.hpp
[8.893s] -- Up-to-date symlink: /home/ubuntu/ros2ws/install/abb_rapid_msgs/include/abb_rapid_msgs/abb_rapid_msgs/msg/detail/pos__traits.hpp
[8.895s] -- Up-to-date symlink: /home/ubuntu/ros2ws/install/abb_rapid_msgs/include/abb_rapid_msgs/abb_rapid_msgs/msg/detail/pose__builder.hpp
[8.899s] -- Up-to-date symlink: /home/ubuntu/ros2ws/install/abb_rapid_msgs/include/abb_rapid_msgs/abb_rapid_msgs/msg/detail/pose__struct.hpp
[8.906s] -- Up-to-date symlink: /home/ubuntu/ros2ws/install/abb_rapid_msgs/include/abb_rapid_msgs/abb_rapid_msgs/msg/detail/pose__traits.hpp
[8.908s] -- Up-to-date symlink: /home/ubuntu/ros2ws/install/abb_rapid_msgs/include/abb_rapid_msgs/abb_rapid_msgs/msg/detail/rob_joint__builder.hpp
[8.910s] -- Up-to-date symlink: /home/ubuntu/ros2ws/install/abb_rapid_msgs/include/abb_rapid_msgs/abb_rapid_msgs/msg/detail/rob_joint__struct.hpp
[8.910s] -- Up-to-date symlink: /home/ubuntu/ros2ws/install/abb_rapid_msgs/include/abb_rapid_msgs/abb_rapid_msgs/msg/detail/rob_joint__traits.hpp
[8.911s] -- Up-to-date symlink: /home/ubuntu/ros2ws/install/abb_rapid_msgs/include/abb_rapid_msgs/abb_rapid_msgs/msg/detail/rob_target__builder.hpp
[8.913s] -- Up-to-date symlink: /home/ubuntu/ros2ws/install/abb_rapid_msgs/include/abb_rapid_msgs/abb_rapid_msgs/msg/detail/rob_target__struct.hpp
[8.915s] -- Up-to-date symlink: /home/ubuntu/ros2ws/install/abb_rapid_msgs/include/abb_rapid_msgs/abb_rapid_msgs/msg/detail/rob_target__traits.hpp
[8.919s] -- Up-to-date symlink: /home/ubuntu/ros2ws/install/abb_rapid_msgs/include/abb_rapid_msgs/abb_rapid_msgs/msg/detail/tool_data__builder.hpp
[8.920s] -- Up-to-date symlink: /home/ubuntu/ros2ws/install/abb_rapid_msgs/include/abb_rapid_msgs/abb_rapid_msgs/msg/detail/tool_data__struct.hpp
[8.922s] -- Up-to-date symlink: /home/ubuntu/ros2ws/install/abb_rapid_msgs/include/abb_rapid_msgs/abb_rapid_msgs/msg/detail/tool_data__traits.hpp
[8.922s] -- Up-to-date symlink: /home/ubuntu/ros2ws/install/abb_rapid_msgs/include/abb_rapid_msgs/abb_rapid_msgs/msg/detail/w_obj_data__builder.hpp
[8.922s] -- Up-to-date symlink: /home/ubuntu/ros2ws/install/abb_rapid_msgs/include/abb_rapid_msgs/abb_rapid_msgs/msg/detail/w_obj_data__struct.hpp
[8.926s] -- Up-to-date symlink: /home/ubuntu/ros2ws/install/abb_rapid_msgs/include/abb_rapid_msgs/abb_rapid_msgs/msg/detail/w_obj_data__traits.hpp
[8.926s] -- Up-to-date symlink: /home/ubuntu/ros2ws/install/abb_rapid_msgs/include/abb_rapid_msgs/abb_rapid_msgs/msg/ext_joint.hpp
[8.927s] -- Up-to-date symlink: /home/ubuntu/ros2ws/install/abb_rapid_msgs/include/abb_rapid_msgs/abb_rapid_msgs/msg/joint_target.hpp
[8.928s] -- Up-to-date symlink: /home/ubuntu/ros2ws/install/abb_rapid_msgs/include/abb_rapid_msgs/abb_rapid_msgs/msg/load_data.hpp
[8.929s] -- Up-to-date symlink: /home/ubuntu/ros2ws/install/abb_rapid_msgs/include/abb_rapid_msgs/abb_rapid_msgs/msg/orient.hpp
[8.929s] -- Up-to-date symlink: /home/ubuntu/ros2ws/install/abb_rapid_msgs/include/abb_rapid_msgs/abb_rapid_msgs/msg/pos.hpp
[8.930s] -- Up-to-date symlink: /home/ubuntu/ros2ws/install/abb_rapid_msgs/include/abb_rapid_msgs/abb_rapid_msgs/msg/pose.hpp
[8.934s] -- Up-to-date symlink: /home/ubuntu/ros2ws/install/abb_rapid_msgs/include/abb_rapid_msgs/abb_rapid_msgs/msg/rob_joint.hpp
[8.934s] -- Up-to-date symlink: /home/ubuntu/ros2ws/install/abb_rapid_msgs/include/abb_rapid_msgs/abb_rapid_msgs/msg/rob_target.hpp
[8.936s] -- Up-to-date symlink: /home/ubuntu/ros2ws/install/abb_rapid_msgs/include/abb_rapid_msgs/abb_rapid_msgs/msg/tool_data.hpp
[8.941s] -- Up-to-date symlink: /home/ubuntu/ros2ws/install/abb_rapid_msgs/include/abb_rapid_msgs/abb_rapid_msgs/msg/w_obj_data.hpp
[8.941s] -- Up-to-date symlink: /home/ubuntu/ros2ws/install/abb_rapid_msgs/include/abb_rapid_msgs/abb_rapid_msgs/msg/detail/conf_data__rosidl_typesupport_fastrtps_cpp.hpp
[8.942s] -- Up-to-date symlink: /home/ubuntu/ros2ws/install/abb_rapid_msgs/include/abb_rapid_msgs/abb_rapid_msgs/msg/detail/ext_joint__rosidl_typesupport_fastrtps_cpp.hpp
[8.943s] -- Up-to-date symlink: /home/ubuntu/ros2ws/install/abb_rapid_msgs/include/abb_rapid_msgs/abb_rapid_msgs/msg/detail/joint_target__rosidl_typesupport_fastrtps_cpp.hpp
[8.945s] -- Up-to-date symlink: /home/ubuntu/ros2ws/install/abb_rapid_msgs/include/abb_rapid_msgs/abb_rapid_msgs/msg/detail/load_data__rosidl_typesupport_fastrtps_cpp.hpp
[8.945s] -- Up-to-date symlink: /home/ubuntu/ros2ws/install/abb_rapid_msgs/include/abb_rapid_msgs/abb_rapid_msgs/msg/detail/orient__rosidl_typesupport_fastrtps_cpp.hpp
[8.946s] -- Up-to-date symlink: /home/ubuntu/ros2ws/install/abb_rapid_msgs/include/abb_rapid_msgs/abb_rapid_msgs/msg/detail/pos__rosidl_typesupport_fastrtps_cpp.hpp
[8.951s] -- Up-to-date symlink: /home/ubuntu/ros2ws/install/abb_rapid_msgs/include/abb_rapid_msgs/abb_rapid_msgs/msg/detail/pose__rosidl_typesupport_fastrtps_cpp.hpp
[8.959s] -- Up-to-date symlink: /home/ubuntu/ros2ws/install/abb_rapid_msgs/include/abb_rapid_msgs/abb_rapid_msgs/msg/detail/rob_joint__rosidl_typesupport_fastrtps_cpp.hpp
[8.972s] -- Up-to-date symlink: /home/ubuntu/ros2ws/install/abb_rapid_msgs/include/abb_rapid_msgs/abb_rapid_msgs/msg/detail/rob_target__rosidl_typesupport_fastrtps_cpp.hpp
[8.976s] -- Up-to-date symlink: /home/ubuntu/ros2ws/install/abb_rapid_msgs/include/abb_rapid_msgs/abb_rapid_msgs/msg/detail/tool_data__rosidl_typesupport_fastrtps_cpp.hpp
[8.986s] -- Up-to-date symlink: /home/ubuntu/ros2ws/install/abb_rapid_msgs/include/abb_rapid_msgs/abb_rapid_msgs/msg/detail/w_obj_data__rosidl_typesupport_fastrtps_cpp.hpp
[8.989s] -- Up-to-date symlink: /home/ubuntu/ros2ws/install/abb_rapid_msgs/include/abb_rapid_msgs/abb_rapid_msgs/msg/rosidl_typesupport_fastrtps_cpp__visibility_control.h
[8.990s] -- Up-to-date symlink: /home/ubuntu/ros2ws/install/abb_rapid_msgs/include/abb_rapid_msgs/abb_rapid_msgs/msg/detail/conf_data__rosidl_typesupport_introspection_cpp.hpp
[8.990s] -- Up-to-date symlink: /home/ubuntu/ros2ws/install/abb_rapid_msgs/include/abb_rapid_msgs/abb_rapid_msgs/msg/detail/ext_joint__rosidl_typesupport_introspection_cpp.hpp
[8.990s] -- Up-to-date symlink: /home/ubuntu/ros2ws/install/abb_rapid_msgs/include/abb_rapid_msgs/abb_rapid_msgs/msg/detail/joint_target__rosidl_typesupport_introspection_cpp.hpp
[8.994s] -- Up-to-date symlink: /home/ubuntu/ros2ws/install/abb_rapid_msgs/include/abb_rapid_msgs/abb_rapid_msgs/msg/detail/load_data__rosidl_typesupport_introspection_cpp.hpp
[8.995s] -- Up-to-date symlink: /home/ubuntu/ros2ws/install/abb_rapid_msgs/include/abb_rapid_msgs/abb_rapid_msgs/msg/detail/orient__rosidl_typesupport_introspection_cpp.hpp
[8.995s] -- Up-to-date symlink: /home/ubuntu/ros2ws/install/abb_rapid_msgs/include/abb_rapid_msgs/abb_rapid_msgs/msg/detail/pos__rosidl_typesupport_introspection_cpp.hpp
[8.995s] -- Up-to-date symlink: /home/ubuntu/ros2ws/install/abb_rapid_msgs/include/abb_rapid_msgs/abb_rapid_msgs/msg/detail/pose__rosidl_typesupport_introspection_cpp.hpp
[8.998s] -- Up-to-date symlink: /home/ubuntu/ros2ws/install/abb_rapid_msgs/include/abb_rapid_msgs/abb_rapid_msgs/msg/detail/rob_joint__rosidl_typesupport_introspection_cpp.hpp
[8.999s] -- Up-to-date symlink: /home/ubuntu/ros2ws/install/abb_rapid_msgs/include/abb_rapid_msgs/abb_rapid_msgs/msg/detail/rob_target__rosidl_typesupport_introspection_cpp.hpp
[8.999s] -- Up-to-date symlink: /home/ubuntu/ros2ws/install/abb_rapid_msgs/include/abb_rapid_msgs/abb_rapid_msgs/msg/detail/tool_data__rosidl_typesupport_introspection_cpp.hpp
[8.999s] -- Up-to-date symlink: /home/ubuntu/ros2ws/install/abb_rapid_msgs/include/abb_rapid_msgs/abb_rapid_msgs/msg/detail/w_obj_data__rosidl_typesupport_introspection_cpp.hpp
[9.000s] -- Up-to-date symlink: /home/ubuntu/ros2ws/install/abb_rapid_msgs/share/abb_rapid_msgs/environment/pythonpath.sh
[9.001s] -- Up-to-date symlink: /home/ubuntu/ros2ws/install/abb_rapid_msgs/share/abb_rapid_msgs/environment/pythonpath.dsv
[9.004s] -- Up-to-date symlink: /home/ubuntu/ros2ws/install/abb_rapid_msgs/local/lib/python3.10/dist-packages/abb_rapid_msgs-1.0.0-py3.10.egg-info/PKG-INFO
[9.020s] -- Up-to-date symlink: /home/ubuntu/ros2ws/install/abb_rapid_msgs/local/lib/python3.10/dist-packages/abb_rapid_msgs-1.0.0-py3.10.egg-info/SOURCES.txt
[9.022s] -- Up-to-date symlink: /home/ubuntu/ros2ws/install/abb_rapid_msgs/local/lib/python3.10/dist-packages/abb_rapid_msgs-1.0.0-py3.10.egg-info/dependency_links.txt
[9.025s] -- Up-to-date symlink: /home/ubuntu/ros2ws/install/abb_rapid_msgs/local/lib/python3.10/dist-packages/abb_rapid_msgs-1.0.0-py3.10.egg-info/top_level.txt
[9.057s] -- Up-to-date symlink: /home/ubuntu/ros2ws/install/abb_rapid_msgs/local/lib/python3.10/dist-packages/abb_rapid_msgs/__init__.py
[9.058s] -- Up-to-date symlink: /home/ubuntu/ros2ws/install/abb_rapid_msgs/local/lib/python3.10/dist-packages/abb_rapid_msgs/_abb_rapid_msgs_s.ep.rosidl_typesupport_c.c
[9.059s] -- Up-to-date symlink: /home/ubuntu/ros2ws/install/abb_rapid_msgs/local/lib/python3.10/dist-packages/abb_rapid_msgs/_abb_rapid_msgs_s.ep.rosidl_typesupport_fastrtps_c.c
[9.075s] -- Up-to-date symlink: /home/ubuntu/ros2ws/install/abb_rapid_msgs/local/lib/python3.10/dist-packages/abb_rapid_msgs/_abb_rapid_msgs_s.ep.rosidl_typesupport_introspection_c.c
[9.086s] -- Up-to-date symlink: /home/ubuntu/ros2ws/install/abb_rapid_msgs/local/lib/python3.10/dist-packages/abb_rapid_msgs/abb_rapid_msgs_s__rosidl_typesupport_c.cpython-310-x86_64-linux-gnu.so
[9.089s] -- Up-to-date symlink: /home/ubuntu/ros2ws/install/abb_rapid_msgs/local/lib/python3.10/dist-packages/abb_rapid_msgs/abb_rapid_msgs_s__rosidl_typesupport_fastrtps_c.cpython-310-x86_64-linux-gnu.so
[9.092s] -- Up-to-date symlink: /home/ubuntu/ros2ws/install/abb_rapid_msgs/local/lib/python3.10/dist-packages/abb_rapid_msgs/abb_rapid_msgs_s__rosidl_typesupport_introspection_c.cpython-310-x86_64-linux-gnu.so
[9.092s] -- Up-to-date symlink: /home/ubuntu/ros2ws/install/abb_rapid_msgs/local/lib/python3.10/dist-packages/abb_rapid_msgs/libabb_rapid_msgs__rosidl_generator_py.so
[9.093s] -- Up-to-date symlink: /home/ubuntu/ros2ws/install/abb_rapid_msgs/local/lib/python3.10/dist-packages/abb_rapid_msgs/msg/__init__.py
[9.097s] -- Up-to-date symlink: /home/ubuntu/ros2ws/install/abb_rapid_msgs/local/lib/python3.10/dist-packages/abb_rapid_msgs/msg/_conf_data.py
[9.098s] -- Up-to-date symlink: /home/ubuntu/ros2ws/install/abb_rapid_msgs/local/lib/python3.10/dist-packages/abb_rapid_msgs/msg/_conf_data_s.c
[9.099s] -- Up-to-date symlink: /home/ubuntu/ros2ws/install/abb_rapid_msgs/local/lib/python3.10/dist-packages/abb_rapid_msgs/msg/_ext_joint.py
[9.101s] -- Up-to-date symlink: /home/ubuntu/ros2ws/install/abb_rapid_msgs/local/lib/python3.10/dist-packages/abb_rapid_msgs/msg/_ext_joint_s.c
[9.103s] -- Up-to-date symlink: /home/ubuntu/ros2ws/install/abb_rapid_msgs/local/lib/python3.10/dist-packages/abb_rapid_msgs/msg/_joint_target.py
[9.110s] -- Up-to-date symlink: /home/ubuntu/ros2ws/install/abb_rapid_msgs/local/lib/python3.10/dist-packages/abb_rapid_msgs/msg/_joint_target_s.c
[9.130s] -- Up-to-date symlink: /home/ubuntu/ros2ws/install/abb_rapid_msgs/local/lib/python3.10/dist-packages/abb_rapid_msgs/msg/_load_data.py
[9.131s] -- Up-to-date symlink: /home/ubuntu/ros2ws/install/abb_rapid_msgs/local/lib/python3.10/dist-packages/abb_rapid_msgs/msg/_load_data_s.c
[9.141s] -- Up-to-date symlink: /home/ubuntu/ros2ws/install/abb_rapid_msgs/local/lib/python3.10/dist-packages/abb_rapid_msgs/msg/_orient.py
[9.150s] -- Up-to-date symlink: /home/ubuntu/ros2ws/install/abb_rapid_msgs/local/lib/python3.10/dist-packages/abb_rapid_msgs/msg/_orient_s.c
[9.173s] -- Up-to-date symlink: /home/ubuntu/ros2ws/install/abb_rapid_msgs/local/lib/python3.10/dist-packages/abb_rapid_msgs/msg/_pos.py
[9.196s] -- Up-to-date symlink: /home/ubuntu/ros2ws/install/abb_rapid_msgs/local/lib/python3.10/dist-packages/abb_rapid_msgs/msg/_pos_s.c
[9.198s] -- Up-to-date symlink: /home/ubuntu/ros2ws/install/abb_rapid_msgs/local/lib/python3.10/dist-packages/abb_rapid_msgs/msg/_pose.py
[9.205s] -- Up-to-date symlink: /home/ubuntu/ros2ws/install/abb_rapid_msgs/local/lib/python3.10/dist-packages/abb_rapid_msgs/msg/_pose_s.c
[9.207s] -- Up-to-date symlink: /home/ubuntu/ros2ws/install/abb_rapid_msgs/local/lib/python3.10/dist-packages/abb_rapid_msgs/msg/_rob_joint.py
[9.220s] -- Up-to-date symlink: /home/ubuntu/ros2ws/install/abb_rapid_msgs/local/lib/python3.10/dist-packages/abb_rapid_msgs/msg/_rob_joint_s.c
[9.225s] -- Up-to-date symlink: /home/ubuntu/ros2ws/install/abb_rapid_msgs/local/lib/python3.10/dist-packages/abb_rapid_msgs/msg/_rob_target.py
[9.226s] -- Up-to-date symlink: /home/ubuntu/ros2ws/install/abb_rapid_msgs/local/lib/python3.10/dist-packages/abb_rapid_msgs/msg/_rob_target_s.c
[9.242s] -- Up-to-date symlink: /home/ubuntu/ros2ws/install/abb_rapid_msgs/local/lib/python3.10/dist-packages/abb_rapid_msgs/msg/_tool_data.py
[9.257s] -- Up-to-date symlink: /home/ubuntu/ros2ws/install/abb_rapid_msgs/local/lib/python3.10/dist-packages/abb_rapid_msgs/msg/_tool_data_s.c
[9.273s] -- Up-to-date symlink: /home/ubuntu/ros2ws/install/abb_rapid_msgs/local/lib/python3.10/dist-packages/abb_rapid_msgs/msg/_w_obj_data.py
[9.284s] -- Up-to-date symlink: /home/ubuntu/ros2ws/install/abb_rapid_msgs/local/lib/python3.10/dist-packages/abb_rapid_msgs/msg/_w_obj_data_s.c
[9.367s] -- Up-to-date symlink: /home/ubuntu/ros2ws/install/abb_rapid_msgs/local/lib/python3.10/dist-packages/abb_rapid_msgs/abb_rapid_msgs_s__rosidl_typesupport_fastrtps_c.cpython-310-x86_64-linux-gnu.so
[9.382s] -- Up-to-date symlink: /home/ubuntu/ros2ws/install/abb_rapid_msgs/local/lib/python3.10/dist-packages/abb_rapid_msgs/abb_rapid_msgs_s__rosidl_typesupport_introspection_c.cpython-310-x86_64-linux-gnu.so
[9.393s] -- Up-to-date symlink: /home/ubuntu/ros2ws/install/abb_rapid_msgs/local/lib/python3.10/dist-packages/abb_rapid_msgs/abb_rapid_msgs_s__rosidl_typesupport_c.cpython-310-x86_64-linux-gnu.so
[9.411s] -- Up-to-date symlink: /home/ubuntu/ros2ws/install/abb_rapid_msgs/share/abb_rapid_msgs/msg/ConfData.idl
[9.411s] -- Up-to-date symlink: /home/ubuntu/ros2ws/install/abb_rapid_msgs/share/abb_rapid_msgs/msg/ExtJoint.idl
[9.411s] -- Up-to-date symlink: /home/ubuntu/ros2ws/install/abb_rapid_msgs/share/abb_rapid_msgs/msg/JointTarget.idl
[9.417s] -- Up-to-date symlink: /home/ubuntu/ros2ws/install/abb_rapid_msgs/share/abb_rapid_msgs/msg/LoadData.idl
[9.417s] -- Up-to-date symlink: /home/ubuntu/ros2ws/install/abb_rapid_msgs/share/abb_rapid_msgs/msg/Orient.idl
[9.418s] -- Up-to-date symlink: /home/ubuntu/ros2ws/install/abb_rapid_msgs/share/abb_rapid_msgs/msg/Pos.idl
[9.426s] -- Up-to-date symlink: /home/ubuntu/ros2ws/install/abb_rapid_msgs/share/abb_rapid_msgs/msg/Pose.idl
[9.427s] -- Up-to-date symlink: /home/ubuntu/ros2ws/install/abb_rapid_msgs/share/abb_rapid_msgs/msg/RobJoint.idl
[9.427s] -- Up-to-date symlink: /home/ubuntu/ros2ws/install/abb_rapid_msgs/share/abb_rapid_msgs/msg/RobTarget.idl
[9.427s] -- Up-to-date symlink: /home/ubuntu/ros2ws/install/abb_rapid_msgs/share/abb_rapid_msgs/msg/ToolData.idl
[9.432s] -- Up-to-date symlink: /home/ubuntu/ros2ws/install/abb_rapid_msgs/share/abb_rapid_msgs/msg/WObjData.idl
[9.433s] -- Up-to-date symlink: /home/ubuntu/ros2ws/install/abb_rapid_msgs/share/abb_rapid_msgs/msg/ConfData.msg
[9.438s] -- Up-to-date symlink: /home/ubuntu/ros2ws/install/abb_rapid_msgs/share/abb_rapid_msgs/msg/ExtJoint.msg
[9.438s] -- Up-to-date symlink: /home/ubuntu/ros2ws/install/abb_rapid_msgs/share/abb_rapid_msgs/msg/JointTarget.msg
[9.441s] -- Up-to-date symlink: /home/ubuntu/ros2ws/install/abb_rapid_msgs/share/abb_rapid_msgs/msg/LoadData.msg
[9.443s] -- Up-to-date symlink: /home/ubuntu/ros2ws/install/abb_rapid_msgs/share/abb_rapid_msgs/msg/Orient.msg
[9.443s] -- Up-to-date symlink: /home/ubuntu/ros2ws/install/abb_rapid_msgs/share/abb_rapid_msgs/msg/Pos.msg
[9.453s] -- Up-to-date symlink: /home/ubuntu/ros2ws/install/abb_rapid_msgs/share/abb_rapid_msgs/msg/Pose.msg
[9.454s] -- Up-to-date symlink: /home/ubuntu/ros2ws/install/abb_rapid_msgs/share/abb_rapid_msgs/msg/RobJoint.msg
[9.454s] -- Up-to-date symlink: /home/ubuntu/ros2ws/install/abb_rapid_msgs/share/abb_rapid_msgs/msg/RobTarget.msg
[9.455s] -- Up-to-date symlink: /home/ubuntu/ros2ws/install/abb_rapid_msgs/share/abb_rapid_msgs/msg/ToolData.msg
[9.455s] -- Up-to-date symlink: /home/ubuntu/ros2ws/install/abb_rapid_msgs/share/abb_rapid_msgs/msg/WObjData.msg
[9.456s] -- Up-to-date symlink: /home/ubuntu/ros2ws/install/abb_rapid_msgs/share/ament_index/resource_index/package_run_dependencies/abb_rapid_msgs
[9.458s] -- Up-to-date symlink: /home/ubuntu/ros2ws/install/abb_rapid_msgs/share/ament_index/resource_index/parent_prefix_path/abb_rapid_msgs
[9.458s] -- Up-to-date symlink: /home/ubuntu/ros2ws/install/abb_rapid_msgs/share/abb_rapid_msgs/environment/ament_prefix_path.sh
[9.458s] -- Up-to-date symlink: /home/ubuntu/ros2ws/install/abb_rapid_msgs/share/abb_rapid_msgs/environment/ament_prefix_path.dsv
[9.462s] -- Up-to-date symlink: /home/ubuntu/ros2ws/install/abb_rapid_msgs/share/abb_rapid_msgs/environment/path.sh
[9.463s] -- Up-to-date symlink: /home/ubuntu/ros2ws/install/abb_rapid_msgs/share/abb_rapid_msgs/environment/path.dsv
[9.467s] -- Up-to-date symlink: /home/ubuntu/ros2ws/install/abb_rapid_msgs/share/abb_rapid_msgs/local_setup.bash
[9.482s] -- Up-to-date symlink: /home/ubuntu/ros2ws/install/abb_rapid_msgs/share/abb_rapid_msgs/local_setup.sh
[9.483s] -- Up-to-date symlink: /home/ubuntu/ros2ws/install/abb_rapid_msgs/share/abb_rapid_msgs/local_setup.zsh
[9.483s] -- Up-to-date symlink: /home/ubuntu/ros2ws/install/abb_rapid_msgs/share/abb_rapid_msgs/local_setup.dsv
[9.483s] -- Symlinking: /home/ubuntu/ros2ws/install/abb_rapid_msgs/share/abb_rapid_msgs/package.dsv
[9.506s] -- Up-to-date symlink: /home/ubuntu/ros2ws/install/abb_rapid_msgs/share/ament_index/resource_index/packages/abb_rapid_msgs
[9.519s] -- Up-to-date symlink: /home/ubuntu/ros2ws/install/abb_rapid_msgs/share/abb_rapid_msgs/cmake/rosidl_cmake-extras.cmake
[9.527s] -- Up-to-date symlink: /home/ubuntu/ros2ws/install/abb_rapid_msgs/share/abb_rapid_msgs/cmake/ament_cmake_export_include_directories-extras.cmake
[9.569s] -- Up-to-date symlink: /home/ubuntu/ros2ws/install/abb_rapid_msgs/share/abb_rapid_msgs/cmake/ament_cmake_export_libraries-extras.cmake
[9.582s] -- Up-to-date symlink: /home/ubuntu/ros2ws/install/abb_rapid_msgs/share/abb_rapid_msgs/cmake/ament_cmake_export_targets-extras.cmake
[9.622s] -- Up-to-date symlink: /home/ubuntu/ros2ws/install/abb_rapid_msgs/share/abb_rapid_msgs/cmake/rosidl_cmake_export_typesupport_targets-extras.cmake
[9.638s] -- Up-to-date symlink: /home/ubuntu/ros2ws/install/abb_rapid_msgs/share/abb_rapid_msgs/cmake/ament_cmake_export_dependencies-extras.cmake
[9.642s] -- Up-to-date symlink: /home/ubuntu/ros2ws/install/abb_rapid_msgs/share/abb_rapid_msgs/cmake/rosidl_cmake_export_typesupport_libraries-extras.cmake
[9.649s] -- Up-to-date symlink: /home/ubuntu/ros2ws/install/abb_rapid_msgs/share/abb_rapid_msgs/cmake/abb_rapid_msgsConfig.cmake
[9.649s] -- Up-to-date symlink: /home/ubuntu/ros2ws/install/abb_rapid_msgs/share/abb_rapid_msgs/cmake/abb_rapid_msgsConfig-version.cmake
[9.660s] -- Up-to-date symlink: /home/ubuntu/ros2ws/install/abb_rapid_msgs/share/abb_rapid_msgs/package.xml
[9.683s] -- Up-to-date: /home/ubuntu/ros2ws/install/abb_rapid_msgs/lib/libabb_rapid_msgs__rosidl_generator_c.so
[9.692s] -- Up-to-date: /home/ubuntu/ros2ws/install/abb_rapid_msgs/lib/libabb_rapid_msgs__rosidl_typesupport_fastrtps_c.so
[9.699s] -- Up-to-date: /home/ubuntu/ros2ws/install/abb_rapid_msgs/lib/libabb_rapid_msgs__rosidl_typesupport_introspection_c.so
[9.701s] -- Up-to-date: /home/ubuntu/ros2ws/install/abb_rapid_msgs/lib/libabb_rapid_msgs__rosidl_typesupport_c.so
[9.731s] -- Up-to-date: /home/ubuntu/ros2ws/install/abb_rapid_msgs/lib/libabb_rapid_msgs__rosidl_typesupport_fastrtps_cpp.so
[9.748s] -- Up-to-date: /home/ubuntu/ros2ws/install/abb_rapid_msgs/lib/libabb_rapid_msgs__rosidl_typesupport_introspection_cpp.so
[9.751s] -- Up-to-date: /home/ubuntu/ros2ws/install/abb_rapid_msgs/lib/libabb_rapid_msgs__rosidl_typesupport_cpp.so
[9.906s] Listing '/home/ubuntu/ros2ws/install/abb_rapid_msgs/local/lib/python3.10/dist-packages/abb_rapid_msgs'...
[9.906s] Listing '/home/ubuntu/ros2ws/install/abb_rapid_msgs/local/lib/python3.10/dist-packages/abb_rapid_msgs/msg'...
[9.915s] -- Up-to-date: /home/ubuntu/ros2ws/install/abb_rapid_msgs/lib/libabb_rapid_msgs__rosidl_generator_py.so
[9.955s] -- Up-to-date: /home/ubuntu/ros2ws/install/abb_rapid_msgs/share/abb_rapid_msgs/cmake/export_abb_rapid_msgs__rosidl_generator_cExport.cmake
[9.955s] -- Up-to-date: /home/ubuntu/ros2ws/install/abb_rapid_msgs/share/abb_rapid_msgs/cmake/export_abb_rapid_msgs__rosidl_generator_cExport-noconfig.cmake
[9.968s] -- Up-to-date: /home/ubuntu/ros2ws/install/abb_rapid_msgs/share/abb_rapid_msgs/cmake/export_abb_rapid_msgs__rosidl_typesupport_fastrtps_cExport.cmake
[9.968s] -- Up-to-date: /home/ubuntu/ros2ws/install/abb_rapid_msgs/share/abb_rapid_msgs/cmake/export_abb_rapid_msgs__rosidl_typesupport_fastrtps_cExport-noconfig.cmake
[9.986s] -- Up-to-date: /home/ubuntu/ros2ws/install/abb_rapid_msgs/share/abb_rapid_msgs/cmake/abb_rapid_msgs__rosidl_typesupport_introspection_cExport.cmake
[9.986s] -- Up-to-date: /home/ubuntu/ros2ws/install/abb_rapid_msgs/share/abb_rapid_msgs/cmake/abb_rapid_msgs__rosidl_typesupport_introspection_cExport-noconfig.cmake
[9.998s] -- Up-to-date: /home/ubuntu/ros2ws/install/abb_rapid_msgs/share/abb_rapid_msgs/cmake/abb_rapid_msgs__rosidl_typesupport_cExport.cmake
[9.998s] -- Up-to-date: /home/ubuntu/ros2ws/install/abb_rapid_msgs/share/abb_rapid_msgs/cmake/abb_rapid_msgs__rosidl_typesupport_cExport-noconfig.cmake
[10.000s] -- Up-to-date: /home/ubuntu/ros2ws/install/abb_rapid_msgs/share/abb_rapid_msgs/cmake/export_abb_rapid_msgs__rosidl_generator_cppExport.cmake
[10.003s] -- Up-to-date: /home/ubuntu/ros2ws/install/abb_rapid_msgs/share/abb_rapid_msgs/cmake/export_abb_rapid_msgs__rosidl_typesupport_fastrtps_cppExport.cmake
[10.003s] -- Up-to-date: /home/ubuntu/ros2ws/install/abb_rapid_msgs/share/abb_rapid_msgs/cmake/export_abb_rapid_msgs__rosidl_typesupport_fastrtps_cppExport-noconfig.cmake
[10.004s] -- Up-to-date: /home/ubuntu/ros2ws/install/abb_rapid_msgs/share/abb_rapid_msgs/cmake/abb_rapid_msgs__rosidl_typesupport_introspection_cppExport.cmake
[10.005s] -- Up-to-date: /home/ubuntu/ros2ws/install/abb_rapid_msgs/share/abb_rapid_msgs/cmake/abb_rapid_msgs__rosidl_typesupport_introspection_cppExport-noconfig.cmake
[10.009s] -- Up-to-date: /home/ubuntu/ros2ws/install/abb_rapid_msgs/share/abb_rapid_msgs/cmake/abb_rapid_msgs__rosidl_typesupport_cppExport.cmake
[10.009s] -- Up-to-date: /home/ubuntu/ros2ws/install/abb_rapid_msgs/share/abb_rapid_msgs/cmake/abb_rapid_msgs__rosidl_typesupport_cppExport-noconfig.cmake
[10.012s] -- Up-to-date: /home/ubuntu/ros2ws/install/abb_rapid_msgs/share/abb_rapid_msgs/cmake/export_abb_rapid_msgs__rosidl_generator_pyExport.cmake
[10.012s] -- Up-to-date: /home/ubuntu/ros2ws/install/abb_rapid_msgs/share/abb_rapid_msgs/cmake/export_abb_rapid_msgs__rosidl_generator_pyExport-noconfig.cmake
[10.024s] Invoked command in '/home/ubuntu/ros2ws/build/abb_rapid_msgs' returned '0': CMAKE_PREFIX_PATH=${CMAKE_PREFIX_PATH}:/opt/ros/humble /usr/bin/cmake --install /home/ubuntu/ros2ws/build/abb_rapid_msgs
