[0.085s] Invoking command in '/home/ubuntu/ros2ws/build/srdfdom': CMAKE_PREFIX_PATH=${CMAKE_PREFIX_PATH}:/home/ubuntu/ros2ws/install/testV1:/home/ubuntu/ros2ws/install/gui_subscriber:/home/ubuntu/ros2ws/install/moveit_configs_utils:/home/ubuntu/ros2ws/install/robot_letter_writer:/home/ubuntu/ros2ws/install/launch_param_builder:/opt/ros/humble /usr/bin/cmake --build /home/ubuntu/ros2ws/build/srdfdom -- -j4 -l4
[0.329s] [ 18%] Built target gtest_main
[0.330s] [ 36%] Built target gtest
[0.339s] [ 63%] Built target srdfdom
[0.356s] [ 63%] Built target ament_cmake_python_copy_srdfdom
[0.403s] [ 81%] Built target test_cpp_C
[0.457s] [100%] Built target test_cpp_nl_NL.UTF-8
[0.882s] running egg_info
[0.883s] writing srdfdom.egg-info/PKG-INFO
[0.884s] writing dependency_links to srdfdom.egg-info/dependency_links.txt
[0.884s] writing top-level names to srdfdom.egg-info/top_level.txt
[0.889s] reading manifest file 'srdfdom.egg-info/SOURCES.txt'
[0.890s] writing manifest file 'srdfdom.egg-info/SOURCES.txt'
[0.934s] [100%] Built target ament_cmake_python_build_srdfdom_egg
[1.112s] Invoked command in '/home/ubuntu/ros2ws/build/srdfdom' returned '0': CMAKE_PREFIX_PATH=${CMAKE_PREFIX_PATH}:/home/ubuntu/ros2ws/install/testV1:/home/ubuntu/ros2ws/install/gui_subscriber:/home/ubuntu/ros2ws/install/moveit_configs_utils:/home/ubuntu/ros2ws/install/robot_letter_writer:/home/ubuntu/ros2ws/install/launch_param_builder:/opt/ros/humble /usr/bin/cmake --build /home/ubuntu/ros2ws/build/srdfdom -- -j4 -l4
[1.225s] Invoking command in '/home/ubuntu/ros2ws/build/srdfdom': CMAKE_PREFIX_PATH=${CMAKE_PREFIX_PATH}:/home/ubuntu/ros2ws/install/testV1:/home/ubuntu/ros2ws/install/gui_subscriber:/home/ubuntu/ros2ws/install/moveit_configs_utils:/home/ubuntu/ros2ws/install/robot_letter_writer:/home/ubuntu/ros2ws/install/launch_param_builder:/opt/ros/humble /usr/bin/cmake --install /home/ubuntu/ros2ws/build/srdfdom
[1.243s] -- Install configuration: ""
[1.244s] -- Up-to-date: /home/ubuntu/ros2ws/install/srdfdom/lib/libsrdfdom.so.2.0.7
[1.245s] -- Up-to-date: /home/ubuntu/ros2ws/install/srdfdom/lib/libsrdfdom.so
[1.245s] -- Up-to-date: /home/ubuntu/ros2ws/install/srdfdom/include/srdfdom
[1.245s] -- Up-to-date: /home/ubuntu/ros2ws/install/srdfdom/include/srdfdom/srdfdom
[1.245s] -- Up-to-date: /home/ubuntu/ros2ws/install/srdfdom/include/srdfdom/srdfdom/visibility_control.h
[1.245s] -- Up-to-date: /home/ubuntu/ros2ws/install/srdfdom/include/srdfdom/srdfdom/model.h
[1.246s] -- Up-to-date: /home/ubuntu/ros2ws/install/srdfdom/include/srdfdom/srdfdom/srdf_writer.h
[1.246s] -- Up-to-date: /home/ubuntu/ros2ws/install/srdfdom/lib/srdfdom/display_srdf
[1.246s] -- Up-to-date: /home/ubuntu/ros2ws/install/srdfdom/share/srdfdom/environment/pythonpath.sh
[1.246s] -- Up-to-date: /home/ubuntu/ros2ws/install/srdfdom/share/srdfdom/environment/pythonpath.dsv
[1.246s] -- Up-to-date: /home/ubuntu/ros2ws/install/srdfdom/local/lib/python3.10/dist-packages/srdfdom-2.0.7-py3.10.egg-info
[1.246s] -- Installing: /home/ubuntu/ros2ws/install/srdfdom/local/lib/python3.10/dist-packages/srdfdom-2.0.7-py3.10.egg-info/PKG-INFO
[1.246s] -- Installing: /home/ubuntu/ros2ws/install/srdfdom/local/lib/python3.10/dist-packages/srdfdom-2.0.7-py3.10.egg-info/top_level.txt
[1.246s] -- Installing: /home/ubuntu/ros2ws/install/srdfdom/local/lib/python3.10/dist-packages/srdfdom-2.0.7-py3.10.egg-info/dependency_links.txt
[1.247s] -- Installing: /home/ubuntu/ros2ws/install/srdfdom/local/lib/python3.10/dist-packages/srdfdom-2.0.7-py3.10.egg-info/SOURCES.txt
[1.248s] -- Up-to-date: /home/ubuntu/ros2ws/install/srdfdom/local/lib/python3.10/dist-packages/srdfdom
[1.248s] -- Up-to-date: /home/ubuntu/ros2ws/install/srdfdom/local/lib/python3.10/dist-packages/srdfdom/srdf.py
[1.248s] -- Up-to-date: /home/ubuntu/ros2ws/install/srdfdom/local/lib/python3.10/dist-packages/srdfdom/__init__.py
[1.311s] Listing '/home/ubuntu/ros2ws/install/srdfdom/local/lib/python3.10/dist-packages/srdfdom'...
[1.320s] -- Up-to-date: /home/ubuntu/ros2ws/install/srdfdom/share/srdfdom/environment/library_path.sh
[1.321s] -- Up-to-date: /home/ubuntu/ros2ws/install/srdfdom/share/srdfdom/environment/library_path.dsv
[1.324s] -- Up-to-date: /home/ubuntu/ros2ws/install/srdfdom/share/ament_index/resource_index/package_run_dependencies/srdfdom
[1.324s] -- Up-to-date: /home/ubuntu/ros2ws/install/srdfdom/share/ament_index/resource_index/parent_prefix_path/srdfdom
[1.324s] -- Up-to-date: /home/ubuntu/ros2ws/install/srdfdom/share/srdfdom/environment/ament_prefix_path.sh
[1.324s] -- Up-to-date: /home/ubuntu/ros2ws/install/srdfdom/share/srdfdom/environment/ament_prefix_path.dsv
[1.324s] -- Up-to-date: /home/ubuntu/ros2ws/install/srdfdom/share/srdfdom/environment/path.sh
[1.324s] -- Up-to-date: /home/ubuntu/ros2ws/install/srdfdom/share/srdfdom/environment/path.dsv
[1.324s] -- Up-to-date: /home/ubuntu/ros2ws/install/srdfdom/share/srdfdom/local_setup.bash
[1.324s] -- Up-to-date: /home/ubuntu/ros2ws/install/srdfdom/share/srdfdom/local_setup.sh
[1.325s] -- Up-to-date: /home/ubuntu/ros2ws/install/srdfdom/share/srdfdom/local_setup.zsh
[1.325s] -- Up-to-date: /home/ubuntu/ros2ws/install/srdfdom/share/srdfdom/local_setup.dsv
[1.325s] -- Installing: /home/ubuntu/ros2ws/install/srdfdom/share/srdfdom/package.dsv
[1.325s] -- Up-to-date: /home/ubuntu/ros2ws/install/srdfdom/share/ament_index/resource_index/packages/srdfdom
[1.326s] -- Up-to-date: /home/ubuntu/ros2ws/install/srdfdom/share/srdfdom/cmake/srdfdomTargetsExport.cmake
[1.326s] -- Up-to-date: /home/ubuntu/ros2ws/install/srdfdom/share/srdfdom/cmake/srdfdomTargetsExport-noconfig.cmake
[1.327s] -- Up-to-date: /home/ubuntu/ros2ws/install/srdfdom/share/srdfdom/cmake/ament_cmake_export_targets-extras.cmake
[1.329s] -- Up-to-date: /home/ubuntu/ros2ws/install/srdfdom/share/srdfdom/cmake/ament_cmake_export_dependencies-extras.cmake
[1.329s] -- Up-to-date: /home/ubuntu/ros2ws/install/srdfdom/share/srdfdom/cmake/srdfdomConfig.cmake
[1.329s] -- Up-to-date: /home/ubuntu/ros2ws/install/srdfdom/share/srdfdom/cmake/srdfdomConfig-version.cmake
[1.329s] -- Up-to-date: /home/ubuntu/ros2ws/install/srdfdom/share/srdfdom/package.xml
[1.341s] Invoked command in '/home/ubuntu/ros2ws/build/srdfdom' returned '0': CMAKE_PREFIX_PATH=${CMAKE_PREFIX_PATH}:/home/ubuntu/ros2ws/install/testV1:/home/ubuntu/ros2ws/install/gui_subscriber:/home/ubuntu/ros2ws/install/moveit_configs_utils:/home/ubuntu/ros2ws/install/robot_letter_writer:/home/ubuntu/ros2ws/install/launch_param_builder:/opt/ros/humble /usr/bin/cmake --install /home/ubuntu/ros2ws/build/srdfdom
