[0.057s] Invoking command in '/home/ubuntu/ros2ws/build/ros2srrc_data': CMAKE_PREFIX_PATH=${CMAKE_PREFIX_PATH}:/opt/ros/humble /usr/bin/cmake --build /home/ubuntu/ros2ws/build/ros2srrc_data -- -j4 -l4
[0.488s] [  0%] Built target ros2srrc_data__cpp
[0.493s] [  0%] Built target ament_cmake_python_symlink_ros2srrc_data
[0.601s] [ 12%] Built target ros2srrc_data__rosidl_generator_c
[0.670s] [ 24%] Built target ros2srrc_data__rosidl_typesupport_cpp
[0.674s] [ 36%] Built target ros2srrc_data__rosidl_typesupport_introspection_cpp
[0.685s] [ 48%] Built target ros2srrc_data__rosidl_typesupport_fastrtps_cpp
[0.823s] [ 60%] Built target ros2srrc_data__rosidl_typesupport_c
[0.825s] [ 72%] Built target ros2srrc_data__rosidl_typesupport_introspection_c
[0.829s] [ 84%] Built target ros2srrc_data__rosidl_typesupport_fastrtps_c
[0.867s] [ 84%] Built target ros2srrc_data
[0.951s] [ 85%] Built target ros2srrc_data__py
[0.993s] running egg_info
[0.993s] writing ros2srrc_data.egg-info/PKG-INFO
[0.993s] writing dependency_links to ros2srrc_data.egg-info/dependency_links.txt
[0.993s] writing top-level names to ros2srrc_data.egg-info/top_level.txt
[0.998s] reading manifest file 'ros2srrc_data.egg-info/SOURCES.txt'
[1.013s] writing manifest file 'ros2srrc_data.egg-info/SOURCES.txt'
[1.050s] [ 85%] Built target ament_cmake_python_build_ros2srrc_data_egg
[1.056s] [ 96%] Built target ros2srrc_data__rosidl_generator_py
[1.129s] [ 98%] Built target ros2srrc_data__rosidl_typesupport_introspection_c__pyext
[1.129s] [ 99%] Built target ros2srrc_data__rosidl_typesupport_fastrtps_c__pyext
[1.129s] [100%] Built target ros2srrc_data__rosidl_typesupport_c__pyext
[1.150s] Invoked command in '/home/ubuntu/ros2ws/build/ros2srrc_data' returned '0': CMAKE_PREFIX_PATH=${CMAKE_PREFIX_PATH}:/opt/ros/humble /usr/bin/cmake --build /home/ubuntu/ros2ws/build/ros2srrc_data -- -j4 -l4
[1.856s] Invoking command in '/home/ubuntu/ros2ws/build/ros2srrc_data': CMAKE_PREFIX_PATH=${CMAKE_PREFIX_PATH}:/opt/ros/humble /usr/bin/cmake --install /home/ubuntu/ros2ws/build/ros2srrc_data
[1.867s] -- Install configuration: ""
[1.884s] -- Execute custom install script
[1.894s] -- Up-to-date symlink: /home/ubuntu/ros2ws/install/ros2srrc_data/share/ros2srrc_data/action/Move.action
[1.896s] -- Up-to-date symlink: /home/ubuntu/ros2ws/install/ros2srrc_data/share/ros2srrc_data/action/Robmove.action
[1.897s] -- Up-to-date symlink: /home/ubuntu/ros2ws/install/ros2srrc_data/share/ros2srrc_data/action/Sequence.action
[1.900s] -- Up-to-date symlink: /home/ubuntu/ros2ws/install/ros2srrc_data/share/ros2srrc_data/msg/Action.msg
[1.902s] -- Up-to-date symlink: /home/ubuntu/ros2ws/install/ros2srrc_data/share/ros2srrc_data/msg/Joint.msg
[1.902s] -- Up-to-date symlink: /home/ubuntu/ros2ws/install/ros2srrc_data/share/ros2srrc_data/msg/Joints.msg
[1.904s] -- Up-to-date symlink: /home/ubuntu/ros2ws/install/ros2srrc_data/share/ros2srrc_data/msg/Linkattacher.msg
[1.905s] -- Up-to-date symlink: /home/ubuntu/ros2ws/install/ros2srrc_data/share/ros2srrc_data/msg/Robmove.msg
[1.906s] -- Up-to-date symlink: /home/ubuntu/ros2ws/install/ros2srrc_data/share/ros2srrc_data/msg/Robpose.msg
[1.907s] -- Up-to-date symlink: /home/ubuntu/ros2ws/install/ros2srrc_data/share/ros2srrc_data/msg/Specs.msg
[1.912s] -- Up-to-date symlink: /home/ubuntu/ros2ws/install/ros2srrc_data/share/ros2srrc_data/msg/Xyz.msg
[1.914s] -- Up-to-date symlink: /home/ubuntu/ros2ws/install/ros2srrc_data/share/ros2srrc_data/msg/Xyzypr.msg
[1.915s] -- Up-to-date symlink: /home/ubuntu/ros2ws/install/ros2srrc_data/share/ros2srrc_data/msg/Ypr.msg
[1.917s] -- Up-to-date symlink: /home/ubuntu/ros2ws/install/ros2srrc_data/share/ament_index/resource_index/rosidl_interfaces/ros2srrc_data
[1.919s] -- Up-to-date symlink: /home/ubuntu/ros2ws/install/ros2srrc_data/include/ros2srrc_data/ros2srrc_data/action/detail/move__functions.h
[1.920s] -- Up-to-date symlink: /home/ubuntu/ros2ws/install/ros2srrc_data/include/ros2srrc_data/ros2srrc_data/action/detail/move__struct.h
[1.921s] -- Up-to-date symlink: /home/ubuntu/ros2ws/install/ros2srrc_data/include/ros2srrc_data/ros2srrc_data/action/detail/move__type_support.h
[1.922s] -- Up-to-date symlink: /home/ubuntu/ros2ws/install/ros2srrc_data/include/ros2srrc_data/ros2srrc_data/action/detail/robmove__functions.h
[1.923s] -- Up-to-date symlink: /home/ubuntu/ros2ws/install/ros2srrc_data/include/ros2srrc_data/ros2srrc_data/action/detail/robmove__struct.h
[1.924s] -- Up-to-date symlink: /home/ubuntu/ros2ws/install/ros2srrc_data/include/ros2srrc_data/ros2srrc_data/action/detail/robmove__type_support.h
[1.925s] -- Up-to-date symlink: /home/ubuntu/ros2ws/install/ros2srrc_data/include/ros2srrc_data/ros2srrc_data/action/detail/sequence__functions.h
[1.926s] -- Up-to-date symlink: /home/ubuntu/ros2ws/install/ros2srrc_data/include/ros2srrc_data/ros2srrc_data/action/detail/sequence__struct.h
[1.927s] -- Up-to-date symlink: /home/ubuntu/ros2ws/install/ros2srrc_data/include/ros2srrc_data/ros2srrc_data/action/detail/sequence__type_support.h
[1.928s] -- Up-to-date symlink: /home/ubuntu/ros2ws/install/ros2srrc_data/include/ros2srrc_data/ros2srrc_data/action/move.h
[1.929s] -- Up-to-date symlink: /home/ubuntu/ros2ws/install/ros2srrc_data/include/ros2srrc_data/ros2srrc_data/action/robmove.h
[1.930s] -- Up-to-date symlink: /home/ubuntu/ros2ws/install/ros2srrc_data/include/ros2srrc_data/ros2srrc_data/action/sequence.h
[1.931s] -- Up-to-date symlink: /home/ubuntu/ros2ws/install/ros2srrc_data/include/ros2srrc_data/ros2srrc_data/msg/action.h
[1.931s] -- Up-to-date symlink: /home/ubuntu/ros2ws/install/ros2srrc_data/include/ros2srrc_data/ros2srrc_data/msg/detail/action__functions.h
[1.932s] -- Up-to-date symlink: /home/ubuntu/ros2ws/install/ros2srrc_data/include/ros2srrc_data/ros2srrc_data/msg/detail/action__struct.h
[1.933s] -- Up-to-date symlink: /home/ubuntu/ros2ws/install/ros2srrc_data/include/ros2srrc_data/ros2srrc_data/msg/detail/action__type_support.h
[1.933s] -- Up-to-date symlink: /home/ubuntu/ros2ws/install/ros2srrc_data/include/ros2srrc_data/ros2srrc_data/msg/detail/joint__functions.h
[1.934s] -- Up-to-date symlink: /home/ubuntu/ros2ws/install/ros2srrc_data/include/ros2srrc_data/ros2srrc_data/msg/detail/joint__struct.h
[1.935s] -- Up-to-date symlink: /home/ubuntu/ros2ws/install/ros2srrc_data/include/ros2srrc_data/ros2srrc_data/msg/detail/joint__type_support.h
[1.936s] -- Up-to-date symlink: /home/ubuntu/ros2ws/install/ros2srrc_data/include/ros2srrc_data/ros2srrc_data/msg/detail/joints__functions.h
[1.937s] -- Up-to-date symlink: /home/ubuntu/ros2ws/install/ros2srrc_data/include/ros2srrc_data/ros2srrc_data/msg/detail/joints__struct.h
[1.937s] -- Up-to-date symlink: /home/ubuntu/ros2ws/install/ros2srrc_data/include/ros2srrc_data/ros2srrc_data/msg/detail/joints__type_support.h
[1.938s] -- Up-to-date symlink: /home/ubuntu/ros2ws/install/ros2srrc_data/include/ros2srrc_data/ros2srrc_data/msg/detail/linkattacher__functions.h
[1.939s] -- Up-to-date symlink: /home/ubuntu/ros2ws/install/ros2srrc_data/include/ros2srrc_data/ros2srrc_data/msg/detail/linkattacher__struct.h
[1.939s] -- Up-to-date symlink: /home/ubuntu/ros2ws/install/ros2srrc_data/include/ros2srrc_data/ros2srrc_data/msg/detail/linkattacher__type_support.h
[1.940s] -- Up-to-date symlink: /home/ubuntu/ros2ws/install/ros2srrc_data/include/ros2srrc_data/ros2srrc_data/msg/detail/robmove__functions.h
[1.940s] -- Up-to-date symlink: /home/ubuntu/ros2ws/install/ros2srrc_data/include/ros2srrc_data/ros2srrc_data/msg/detail/robmove__struct.h
[1.941s] -- Up-to-date symlink: /home/ubuntu/ros2ws/install/ros2srrc_data/include/ros2srrc_data/ros2srrc_data/msg/detail/robmove__type_support.h
[1.942s] -- Up-to-date symlink: /home/ubuntu/ros2ws/install/ros2srrc_data/include/ros2srrc_data/ros2srrc_data/msg/detail/robpose__functions.h
[1.946s] -- Up-to-date symlink: /home/ubuntu/ros2ws/install/ros2srrc_data/include/ros2srrc_data/ros2srrc_data/msg/detail/robpose__struct.h
[1.946s] -- Up-to-date symlink: /home/ubuntu/ros2ws/install/ros2srrc_data/include/ros2srrc_data/ros2srrc_data/msg/detail/robpose__type_support.h
[1.947s] -- Up-to-date symlink: /home/ubuntu/ros2ws/install/ros2srrc_data/include/ros2srrc_data/ros2srrc_data/msg/detail/specs__functions.h
[1.948s] -- Up-to-date symlink: /home/ubuntu/ros2ws/install/ros2srrc_data/include/ros2srrc_data/ros2srrc_data/msg/detail/specs__struct.h
[1.949s] -- Up-to-date symlink: /home/ubuntu/ros2ws/install/ros2srrc_data/include/ros2srrc_data/ros2srrc_data/msg/detail/specs__type_support.h
[1.949s] -- Up-to-date symlink: /home/ubuntu/ros2ws/install/ros2srrc_data/include/ros2srrc_data/ros2srrc_data/msg/detail/xyz__functions.h
[1.950s] -- Up-to-date symlink: /home/ubuntu/ros2ws/install/ros2srrc_data/include/ros2srrc_data/ros2srrc_data/msg/detail/xyz__struct.h
[1.951s] -- Up-to-date symlink: /home/ubuntu/ros2ws/install/ros2srrc_data/include/ros2srrc_data/ros2srrc_data/msg/detail/xyz__type_support.h
[1.952s] -- Up-to-date symlink: /home/ubuntu/ros2ws/install/ros2srrc_data/include/ros2srrc_data/ros2srrc_data/msg/detail/xyzypr__functions.h
[1.953s] -- Up-to-date symlink: /home/ubuntu/ros2ws/install/ros2srrc_data/include/ros2srrc_data/ros2srrc_data/msg/detail/xyzypr__struct.h
[1.953s] -- Up-to-date symlink: /home/ubuntu/ros2ws/install/ros2srrc_data/include/ros2srrc_data/ros2srrc_data/msg/detail/xyzypr__type_support.h
[1.954s] -- Up-to-date symlink: /home/ubuntu/ros2ws/install/ros2srrc_data/include/ros2srrc_data/ros2srrc_data/msg/detail/ypr__functions.h
[1.955s] -- Up-to-date symlink: /home/ubuntu/ros2ws/install/ros2srrc_data/include/ros2srrc_data/ros2srrc_data/msg/detail/ypr__struct.h
[1.956s] -- Up-to-date symlink: /home/ubuntu/ros2ws/install/ros2srrc_data/include/ros2srrc_data/ros2srrc_data/msg/detail/ypr__type_support.h
[1.957s] -- Up-to-date symlink: /home/ubuntu/ros2ws/install/ros2srrc_data/include/ros2srrc_data/ros2srrc_data/msg/joint.h
[1.957s] -- Up-to-date symlink: /home/ubuntu/ros2ws/install/ros2srrc_data/include/ros2srrc_data/ros2srrc_data/msg/joints.h
[1.958s] -- Up-to-date symlink: /home/ubuntu/ros2ws/install/ros2srrc_data/include/ros2srrc_data/ros2srrc_data/msg/linkattacher.h
[1.959s] -- Up-to-date symlink: /home/ubuntu/ros2ws/install/ros2srrc_data/include/ros2srrc_data/ros2srrc_data/msg/robmove.h
[1.959s] -- Up-to-date symlink: /home/ubuntu/ros2ws/install/ros2srrc_data/include/ros2srrc_data/ros2srrc_data/msg/robpose.h
[1.960s] -- Up-to-date symlink: /home/ubuntu/ros2ws/install/ros2srrc_data/include/ros2srrc_data/ros2srrc_data/msg/rosidl_generator_c__visibility_control.h
[1.961s] -- Up-to-date symlink: /home/ubuntu/ros2ws/install/ros2srrc_data/include/ros2srrc_data/ros2srrc_data/msg/specs.h
[1.962s] -- Up-to-date symlink: /home/ubuntu/ros2ws/install/ros2srrc_data/include/ros2srrc_data/ros2srrc_data/msg/xyz.h
[1.963s] -- Up-to-date symlink: /home/ubuntu/ros2ws/install/ros2srrc_data/include/ros2srrc_data/ros2srrc_data/msg/xyzypr.h
[1.963s] -- Up-to-date symlink: /home/ubuntu/ros2ws/install/ros2srrc_data/include/ros2srrc_data/ros2srrc_data/msg/ypr.h
[1.964s] -- Up-to-date symlink: /home/ubuntu/ros2ws/install/ros2srrc_data/share/ros2srrc_data/environment/library_path.sh
[1.964s] -- Up-to-date symlink: /home/ubuntu/ros2ws/install/ros2srrc_data/share/ros2srrc_data/environment/library_path.dsv
[1.965s] -- Up-to-date symlink: /home/ubuntu/ros2ws/install/ros2srrc_data/include/ros2srrc_data/ros2srrc_data/action/detail/move__rosidl_typesupport_fastrtps_c.h
[1.966s] -- Up-to-date symlink: /home/ubuntu/ros2ws/install/ros2srrc_data/include/ros2srrc_data/ros2srrc_data/action/detail/robmove__rosidl_typesupport_fastrtps_c.h
[1.967s] -- Up-to-date symlink: /home/ubuntu/ros2ws/install/ros2srrc_data/include/ros2srrc_data/ros2srrc_data/action/detail/sequence__rosidl_typesupport_fastrtps_c.h
[1.967s] -- Up-to-date symlink: /home/ubuntu/ros2ws/install/ros2srrc_data/include/ros2srrc_data/ros2srrc_data/msg/detail/action__rosidl_typesupport_fastrtps_c.h
[1.968s] -- Up-to-date symlink: /home/ubuntu/ros2ws/install/ros2srrc_data/include/ros2srrc_data/ros2srrc_data/msg/detail/joint__rosidl_typesupport_fastrtps_c.h
[1.969s] -- Up-to-date symlink: /home/ubuntu/ros2ws/install/ros2srrc_data/include/ros2srrc_data/ros2srrc_data/msg/detail/joints__rosidl_typesupport_fastrtps_c.h
[1.970s] -- Up-to-date symlink: /home/ubuntu/ros2ws/install/ros2srrc_data/include/ros2srrc_data/ros2srrc_data/msg/detail/linkattacher__rosidl_typesupport_fastrtps_c.h
[1.970s] -- Up-to-date symlink: /home/ubuntu/ros2ws/install/ros2srrc_data/include/ros2srrc_data/ros2srrc_data/msg/detail/robmove__rosidl_typesupport_fastrtps_c.h
[1.971s] -- Up-to-date symlink: /home/ubuntu/ros2ws/install/ros2srrc_data/include/ros2srrc_data/ros2srrc_data/msg/detail/robpose__rosidl_typesupport_fastrtps_c.h
[1.972s] -- Up-to-date symlink: /home/ubuntu/ros2ws/install/ros2srrc_data/include/ros2srrc_data/ros2srrc_data/msg/detail/specs__rosidl_typesupport_fastrtps_c.h
[1.972s] -- Up-to-date symlink: /home/ubuntu/ros2ws/install/ros2srrc_data/include/ros2srrc_data/ros2srrc_data/msg/detail/xyz__rosidl_typesupport_fastrtps_c.h
[1.973s] -- Up-to-date symlink: /home/ubuntu/ros2ws/install/ros2srrc_data/include/ros2srrc_data/ros2srrc_data/msg/detail/xyzypr__rosidl_typesupport_fastrtps_c.h
[1.974s] -- Up-to-date symlink: /home/ubuntu/ros2ws/install/ros2srrc_data/include/ros2srrc_data/ros2srrc_data/msg/detail/ypr__rosidl_typesupport_fastrtps_c.h
[1.975s] -- Up-to-date symlink: /home/ubuntu/ros2ws/install/ros2srrc_data/include/ros2srrc_data/ros2srrc_data/msg/rosidl_typesupport_fastrtps_c__visibility_control.h
[1.976s] -- Up-to-date symlink: /home/ubuntu/ros2ws/install/ros2srrc_data/include/ros2srrc_data/ros2srrc_data/action/detail/move__rosidl_typesupport_introspection_c.h
[1.976s] -- Up-to-date symlink: /home/ubuntu/ros2ws/install/ros2srrc_data/include/ros2srrc_data/ros2srrc_data/action/detail/robmove__rosidl_typesupport_introspection_c.h
[1.977s] -- Up-to-date symlink: /home/ubuntu/ros2ws/install/ros2srrc_data/include/ros2srrc_data/ros2srrc_data/action/detail/sequence__rosidl_typesupport_introspection_c.h
[1.978s] -- Up-to-date symlink: /home/ubuntu/ros2ws/install/ros2srrc_data/include/ros2srrc_data/ros2srrc_data/msg/detail/action__rosidl_typesupport_introspection_c.h
[1.978s] -- Up-to-date symlink: /home/ubuntu/ros2ws/install/ros2srrc_data/include/ros2srrc_data/ros2srrc_data/msg/detail/joint__rosidl_typesupport_introspection_c.h
[1.979s] -- Up-to-date symlink: /home/ubuntu/ros2ws/install/ros2srrc_data/include/ros2srrc_data/ros2srrc_data/msg/detail/joints__rosidl_typesupport_introspection_c.h
[1.980s] -- Up-to-date symlink: /home/ubuntu/ros2ws/install/ros2srrc_data/include/ros2srrc_data/ros2srrc_data/msg/detail/linkattacher__rosidl_typesupport_introspection_c.h
[1.981s] -- Up-to-date symlink: /home/ubuntu/ros2ws/install/ros2srrc_data/include/ros2srrc_data/ros2srrc_data/msg/detail/robmove__rosidl_typesupport_introspection_c.h
[1.981s] -- Up-to-date symlink: /home/ubuntu/ros2ws/install/ros2srrc_data/include/ros2srrc_data/ros2srrc_data/msg/detail/robpose__rosidl_typesupport_introspection_c.h
[1.982s] -- Up-to-date symlink: /home/ubuntu/ros2ws/install/ros2srrc_data/include/ros2srrc_data/ros2srrc_data/msg/detail/specs__rosidl_typesupport_introspection_c.h
[1.983s] -- Up-to-date symlink: /home/ubuntu/ros2ws/install/ros2srrc_data/include/ros2srrc_data/ros2srrc_data/msg/detail/xyz__rosidl_typesupport_introspection_c.h
[1.983s] -- Up-to-date symlink: /home/ubuntu/ros2ws/install/ros2srrc_data/include/ros2srrc_data/ros2srrc_data/msg/detail/xyzypr__rosidl_typesupport_introspection_c.h
[1.984s] -- Up-to-date symlink: /home/ubuntu/ros2ws/install/ros2srrc_data/include/ros2srrc_data/ros2srrc_data/msg/detail/ypr__rosidl_typesupport_introspection_c.h
[1.985s] -- Up-to-date symlink: /home/ubuntu/ros2ws/install/ros2srrc_data/include/ros2srrc_data/ros2srrc_data/msg/rosidl_typesupport_introspection_c__visibility_control.h
[1.986s] -- Up-to-date symlink: /home/ubuntu/ros2ws/install/ros2srrc_data/include/ros2srrc_data/ros2srrc_data/action/detail/move__builder.hpp
[1.987s] -- Up-to-date symlink: /home/ubuntu/ros2ws/install/ros2srrc_data/include/ros2srrc_data/ros2srrc_data/action/detail/move__struct.hpp
[1.987s] -- Up-to-date symlink: /home/ubuntu/ros2ws/install/ros2srrc_data/include/ros2srrc_data/ros2srrc_data/action/detail/move__traits.hpp
[1.987s] -- Up-to-date symlink: /home/ubuntu/ros2ws/install/ros2srrc_data/include/ros2srrc_data/ros2srrc_data/action/detail/robmove__builder.hpp
[1.987s] -- Up-to-date symlink: /home/ubuntu/ros2ws/install/ros2srrc_data/include/ros2srrc_data/ros2srrc_data/action/detail/robmove__struct.hpp
[1.987s] -- Up-to-date symlink: /home/ubuntu/ros2ws/install/ros2srrc_data/include/ros2srrc_data/ros2srrc_data/action/detail/robmove__traits.hpp
[1.988s] -- Up-to-date symlink: /home/ubuntu/ros2ws/install/ros2srrc_data/include/ros2srrc_data/ros2srrc_data/action/detail/sequence__builder.hpp
[1.988s] -- Up-to-date symlink: /home/ubuntu/ros2ws/install/ros2srrc_data/include/ros2srrc_data/ros2srrc_data/action/detail/sequence__struct.hpp
[1.989s] -- Up-to-date symlink: /home/ubuntu/ros2ws/install/ros2srrc_data/include/ros2srrc_data/ros2srrc_data/action/detail/sequence__traits.hpp
[1.989s] -- Up-to-date symlink: /home/ubuntu/ros2ws/install/ros2srrc_data/include/ros2srrc_data/ros2srrc_data/action/move.hpp
[1.989s] -- Up-to-date symlink: /home/ubuntu/ros2ws/install/ros2srrc_data/include/ros2srrc_data/ros2srrc_data/action/robmove.hpp
[1.990s] -- Up-to-date symlink: /home/ubuntu/ros2ws/install/ros2srrc_data/include/ros2srrc_data/ros2srrc_data/action/sequence.hpp
[1.990s] -- Up-to-date symlink: /home/ubuntu/ros2ws/install/ros2srrc_data/include/ros2srrc_data/ros2srrc_data/msg/action.hpp
[1.992s] -- Up-to-date symlink: /home/ubuntu/ros2ws/install/ros2srrc_data/include/ros2srrc_data/ros2srrc_data/msg/detail/action__builder.hpp
[1.992s] -- Up-to-date symlink: /home/ubuntu/ros2ws/install/ros2srrc_data/include/ros2srrc_data/ros2srrc_data/msg/detail/action__struct.hpp
[1.993s] -- Up-to-date symlink: /home/ubuntu/ros2ws/install/ros2srrc_data/include/ros2srrc_data/ros2srrc_data/msg/detail/action__traits.hpp
[1.993s] -- Up-to-date symlink: /home/ubuntu/ros2ws/install/ros2srrc_data/include/ros2srrc_data/ros2srrc_data/msg/detail/joint__builder.hpp
[1.993s] -- Up-to-date symlink: /home/ubuntu/ros2ws/install/ros2srrc_data/include/ros2srrc_data/ros2srrc_data/msg/detail/joint__struct.hpp
[1.993s] -- Up-to-date symlink: /home/ubuntu/ros2ws/install/ros2srrc_data/include/ros2srrc_data/ros2srrc_data/msg/detail/joint__traits.hpp
[1.994s] -- Up-to-date symlink: /home/ubuntu/ros2ws/install/ros2srrc_data/include/ros2srrc_data/ros2srrc_data/msg/detail/joints__builder.hpp
[1.994s] -- Up-to-date symlink: /home/ubuntu/ros2ws/install/ros2srrc_data/include/ros2srrc_data/ros2srrc_data/msg/detail/joints__struct.hpp
[1.994s] -- Up-to-date symlink: /home/ubuntu/ros2ws/install/ros2srrc_data/include/ros2srrc_data/ros2srrc_data/msg/detail/joints__traits.hpp
[1.995s] -- Up-to-date symlink: /home/ubuntu/ros2ws/install/ros2srrc_data/include/ros2srrc_data/ros2srrc_data/msg/detail/linkattacher__builder.hpp
[2.003s] -- Up-to-date symlink: /home/ubuntu/ros2ws/install/ros2srrc_data/include/ros2srrc_data/ros2srrc_data/msg/detail/linkattacher__struct.hpp
[2.004s] -- Up-to-date symlink: /home/ubuntu/ros2ws/install/ros2srrc_data/include/ros2srrc_data/ros2srrc_data/msg/detail/linkattacher__traits.hpp
[2.005s] -- Up-to-date symlink: /home/ubuntu/ros2ws/install/ros2srrc_data/include/ros2srrc_data/ros2srrc_data/msg/detail/robmove__builder.hpp
[2.006s] -- Up-to-date symlink: /home/ubuntu/ros2ws/install/ros2srrc_data/include/ros2srrc_data/ros2srrc_data/msg/detail/robmove__struct.hpp
[2.007s] -- Up-to-date symlink: /home/ubuntu/ros2ws/install/ros2srrc_data/include/ros2srrc_data/ros2srrc_data/msg/detail/robmove__traits.hpp
[2.007s] -- Up-to-date symlink: /home/ubuntu/ros2ws/install/ros2srrc_data/include/ros2srrc_data/ros2srrc_data/msg/detail/robpose__builder.hpp
[2.007s] -- Up-to-date symlink: /home/ubuntu/ros2ws/install/ros2srrc_data/include/ros2srrc_data/ros2srrc_data/msg/detail/robpose__struct.hpp
[2.008s] -- Up-to-date symlink: /home/ubuntu/ros2ws/install/ros2srrc_data/include/ros2srrc_data/ros2srrc_data/msg/detail/robpose__traits.hpp
[2.008s] -- Up-to-date symlink: /home/ubuntu/ros2ws/install/ros2srrc_data/include/ros2srrc_data/ros2srrc_data/msg/detail/specs__builder.hpp
[2.008s] -- Up-to-date symlink: /home/ubuntu/ros2ws/install/ros2srrc_data/include/ros2srrc_data/ros2srrc_data/msg/detail/specs__struct.hpp
[2.008s] -- Up-to-date symlink: /home/ubuntu/ros2ws/install/ros2srrc_data/include/ros2srrc_data/ros2srrc_data/msg/detail/specs__traits.hpp
[2.008s] -- Up-to-date symlink: /home/ubuntu/ros2ws/install/ros2srrc_data/include/ros2srrc_data/ros2srrc_data/msg/detail/xyz__builder.hpp
[2.009s] -- Up-to-date symlink: /home/ubuntu/ros2ws/install/ros2srrc_data/include/ros2srrc_data/ros2srrc_data/msg/detail/xyz__struct.hpp
[2.009s] -- Up-to-date symlink: /home/ubuntu/ros2ws/install/ros2srrc_data/include/ros2srrc_data/ros2srrc_data/msg/detail/xyz__traits.hpp
[2.009s] -- Up-to-date symlink: /home/ubuntu/ros2ws/install/ros2srrc_data/include/ros2srrc_data/ros2srrc_data/msg/detail/xyzypr__builder.hpp
[2.009s] -- Up-to-date symlink: /home/ubuntu/ros2ws/install/ros2srrc_data/include/ros2srrc_data/ros2srrc_data/msg/detail/xyzypr__struct.hpp
[2.009s] -- Up-to-date symlink: /home/ubuntu/ros2ws/install/ros2srrc_data/include/ros2srrc_data/ros2srrc_data/msg/detail/xyzypr__traits.hpp
[2.010s] -- Up-to-date symlink: /home/ubuntu/ros2ws/install/ros2srrc_data/include/ros2srrc_data/ros2srrc_data/msg/detail/ypr__builder.hpp
[2.010s] -- Up-to-date symlink: /home/ubuntu/ros2ws/install/ros2srrc_data/include/ros2srrc_data/ros2srrc_data/msg/detail/ypr__struct.hpp
[2.010s] -- Up-to-date symlink: /home/ubuntu/ros2ws/install/ros2srrc_data/include/ros2srrc_data/ros2srrc_data/msg/detail/ypr__traits.hpp
[2.010s] -- Up-to-date symlink: /home/ubuntu/ros2ws/install/ros2srrc_data/include/ros2srrc_data/ros2srrc_data/msg/joint.hpp
[2.010s] -- Up-to-date symlink: /home/ubuntu/ros2ws/install/ros2srrc_data/include/ros2srrc_data/ros2srrc_data/msg/joints.hpp
[2.021s] -- Up-to-date symlink: /home/ubuntu/ros2ws/install/ros2srrc_data/include/ros2srrc_data/ros2srrc_data/msg/linkattacher.hpp
[2.022s] -- Up-to-date symlink: /home/ubuntu/ros2ws/install/ros2srrc_data/include/ros2srrc_data/ros2srrc_data/msg/robmove.hpp
[2.022s] -- Up-to-date symlink: /home/ubuntu/ros2ws/install/ros2srrc_data/include/ros2srrc_data/ros2srrc_data/msg/robpose.hpp
[2.023s] -- Up-to-date symlink: /home/ubuntu/ros2ws/install/ros2srrc_data/include/ros2srrc_data/ros2srrc_data/msg/specs.hpp
[2.023s] -- Up-to-date symlink: /home/ubuntu/ros2ws/install/ros2srrc_data/include/ros2srrc_data/ros2srrc_data/msg/xyz.hpp
[2.023s] -- Up-to-date symlink: /home/ubuntu/ros2ws/install/ros2srrc_data/include/ros2srrc_data/ros2srrc_data/msg/xyzypr.hpp
[2.023s] -- Up-to-date symlink: /home/ubuntu/ros2ws/install/ros2srrc_data/include/ros2srrc_data/ros2srrc_data/msg/ypr.hpp
[2.025s] -- Up-to-date symlink: /home/ubuntu/ros2ws/install/ros2srrc_data/include/ros2srrc_data/ros2srrc_data/action/detail/move__rosidl_typesupport_fastrtps_cpp.hpp
[2.025s] -- Up-to-date symlink: /home/ubuntu/ros2ws/install/ros2srrc_data/include/ros2srrc_data/ros2srrc_data/action/detail/robmove__rosidl_typesupport_fastrtps_cpp.hpp
[2.026s] -- Up-to-date symlink: /home/ubuntu/ros2ws/install/ros2srrc_data/include/ros2srrc_data/ros2srrc_data/action/detail/sequence__rosidl_typesupport_fastrtps_cpp.hpp
[2.027s] -- Up-to-date symlink: /home/ubuntu/ros2ws/install/ros2srrc_data/include/ros2srrc_data/ros2srrc_data/msg/detail/action__rosidl_typesupport_fastrtps_cpp.hpp
[2.028s] -- Up-to-date symlink: /home/ubuntu/ros2ws/install/ros2srrc_data/include/ros2srrc_data/ros2srrc_data/msg/detail/joint__rosidl_typesupport_fastrtps_cpp.hpp
[2.028s] -- Up-to-date symlink: /home/ubuntu/ros2ws/install/ros2srrc_data/include/ros2srrc_data/ros2srrc_data/msg/detail/joints__rosidl_typesupport_fastrtps_cpp.hpp
[2.030s] -- Up-to-date symlink: /home/ubuntu/ros2ws/install/ros2srrc_data/include/ros2srrc_data/ros2srrc_data/msg/detail/linkattacher__rosidl_typesupport_fastrtps_cpp.hpp
[2.030s] -- Up-to-date symlink: /home/ubuntu/ros2ws/install/ros2srrc_data/include/ros2srrc_data/ros2srrc_data/msg/detail/robmove__rosidl_typesupport_fastrtps_cpp.hpp
[2.031s] -- Up-to-date symlink: /home/ubuntu/ros2ws/install/ros2srrc_data/include/ros2srrc_data/ros2srrc_data/msg/detail/robpose__rosidl_typesupport_fastrtps_cpp.hpp
[2.032s] -- Up-to-date symlink: /home/ubuntu/ros2ws/install/ros2srrc_data/include/ros2srrc_data/ros2srrc_data/msg/detail/specs__rosidl_typesupport_fastrtps_cpp.hpp
[2.032s] -- Up-to-date symlink: /home/ubuntu/ros2ws/install/ros2srrc_data/include/ros2srrc_data/ros2srrc_data/msg/detail/xyz__rosidl_typesupport_fastrtps_cpp.hpp
[2.033s] -- Up-to-date symlink: /home/ubuntu/ros2ws/install/ros2srrc_data/include/ros2srrc_data/ros2srrc_data/msg/detail/xyzypr__rosidl_typesupport_fastrtps_cpp.hpp
[2.034s] -- Up-to-date symlink: /home/ubuntu/ros2ws/install/ros2srrc_data/include/ros2srrc_data/ros2srrc_data/msg/detail/ypr__rosidl_typesupport_fastrtps_cpp.hpp
[2.035s] -- Up-to-date symlink: /home/ubuntu/ros2ws/install/ros2srrc_data/include/ros2srrc_data/ros2srrc_data/msg/rosidl_typesupport_fastrtps_cpp__visibility_control.h
[2.036s] -- Up-to-date symlink: /home/ubuntu/ros2ws/install/ros2srrc_data/include/ros2srrc_data/ros2srrc_data/action/detail/move__rosidl_typesupport_introspection_cpp.hpp
[2.036s] -- Up-to-date symlink: /home/ubuntu/ros2ws/install/ros2srrc_data/include/ros2srrc_data/ros2srrc_data/action/detail/robmove__rosidl_typesupport_introspection_cpp.hpp
[2.037s] -- Up-to-date symlink: /home/ubuntu/ros2ws/install/ros2srrc_data/include/ros2srrc_data/ros2srrc_data/action/detail/sequence__rosidl_typesupport_introspection_cpp.hpp
[2.038s] -- Up-to-date symlink: /home/ubuntu/ros2ws/install/ros2srrc_data/include/ros2srrc_data/ros2srrc_data/msg/detail/action__rosidl_typesupport_introspection_cpp.hpp
[2.038s] -- Up-to-date symlink: /home/ubuntu/ros2ws/install/ros2srrc_data/include/ros2srrc_data/ros2srrc_data/msg/detail/joint__rosidl_typesupport_introspection_cpp.hpp
[2.039s] -- Up-to-date symlink: /home/ubuntu/ros2ws/install/ros2srrc_data/include/ros2srrc_data/ros2srrc_data/msg/detail/joints__rosidl_typesupport_introspection_cpp.hpp
[2.040s] -- Up-to-date symlink: /home/ubuntu/ros2ws/install/ros2srrc_data/include/ros2srrc_data/ros2srrc_data/msg/detail/linkattacher__rosidl_typesupport_introspection_cpp.hpp
[2.041s] -- Up-to-date symlink: /home/ubuntu/ros2ws/install/ros2srrc_data/include/ros2srrc_data/ros2srrc_data/msg/detail/robmove__rosidl_typesupport_introspection_cpp.hpp
[2.041s] -- Up-to-date symlink: /home/ubuntu/ros2ws/install/ros2srrc_data/include/ros2srrc_data/ros2srrc_data/msg/detail/robpose__rosidl_typesupport_introspection_cpp.hpp
[2.042s] -- Up-to-date symlink: /home/ubuntu/ros2ws/install/ros2srrc_data/include/ros2srrc_data/ros2srrc_data/msg/detail/specs__rosidl_typesupport_introspection_cpp.hpp
[2.043s] -- Up-to-date symlink: /home/ubuntu/ros2ws/install/ros2srrc_data/include/ros2srrc_data/ros2srrc_data/msg/detail/xyz__rosidl_typesupport_introspection_cpp.hpp
[2.043s] -- Up-to-date symlink: /home/ubuntu/ros2ws/install/ros2srrc_data/include/ros2srrc_data/ros2srrc_data/msg/detail/xyzypr__rosidl_typesupport_introspection_cpp.hpp
[2.044s] -- Up-to-date symlink: /home/ubuntu/ros2ws/install/ros2srrc_data/include/ros2srrc_data/ros2srrc_data/msg/detail/ypr__rosidl_typesupport_introspection_cpp.hpp
[2.044s] -- Up-to-date symlink: /home/ubuntu/ros2ws/install/ros2srrc_data/share/ros2srrc_data/environment/pythonpath.sh
[2.045s] -- Up-to-date symlink: /home/ubuntu/ros2ws/install/ros2srrc_data/share/ros2srrc_data/environment/pythonpath.dsv
[2.045s] -- Up-to-date symlink: /home/ubuntu/ros2ws/install/ros2srrc_data/local/lib/python3.10/dist-packages/ros2srrc_data-0.0.0-py3.10.egg-info/PKG-INFO
[2.052s] -- Up-to-date symlink: /home/ubuntu/ros2ws/install/ros2srrc_data/local/lib/python3.10/dist-packages/ros2srrc_data-0.0.0-py3.10.egg-info/SOURCES.txt
[2.052s] -- Up-to-date symlink: /home/ubuntu/ros2ws/install/ros2srrc_data/local/lib/python3.10/dist-packages/ros2srrc_data-0.0.0-py3.10.egg-info/dependency_links.txt
[2.053s] -- Up-to-date symlink: /home/ubuntu/ros2ws/install/ros2srrc_data/local/lib/python3.10/dist-packages/ros2srrc_data-0.0.0-py3.10.egg-info/top_level.txt
[2.055s] -- Up-to-date symlink: /home/ubuntu/ros2ws/install/ros2srrc_data/local/lib/python3.10/dist-packages/ros2srrc_data/__init__.py
[2.056s] -- Up-to-date symlink: /home/ubuntu/ros2ws/install/ros2srrc_data/local/lib/python3.10/dist-packages/ros2srrc_data/_ros2srrc_data_s.ep.rosidl_typesupport_c.c
[2.057s] -- Up-to-date symlink: /home/ubuntu/ros2ws/install/ros2srrc_data/local/lib/python3.10/dist-packages/ros2srrc_data/_ros2srrc_data_s.ep.rosidl_typesupport_fastrtps_c.c
[2.058s] -- Up-to-date symlink: /home/ubuntu/ros2ws/install/ros2srrc_data/local/lib/python3.10/dist-packages/ros2srrc_data/_ros2srrc_data_s.ep.rosidl_typesupport_introspection_c.c
[2.059s] -- Up-to-date symlink: /home/ubuntu/ros2ws/install/ros2srrc_data/local/lib/python3.10/dist-packages/ros2srrc_data/action/__init__.py
[2.060s] -- Up-to-date symlink: /home/ubuntu/ros2ws/install/ros2srrc_data/local/lib/python3.10/dist-packages/ros2srrc_data/action/_move.py
[2.060s] -- Up-to-date symlink: /home/ubuntu/ros2ws/install/ros2srrc_data/local/lib/python3.10/dist-packages/ros2srrc_data/action/_move_s.c
[2.061s] -- Up-to-date symlink: /home/ubuntu/ros2ws/install/ros2srrc_data/local/lib/python3.10/dist-packages/ros2srrc_data/action/_robmove.py
[2.062s] -- Up-to-date symlink: /home/ubuntu/ros2ws/install/ros2srrc_data/local/lib/python3.10/dist-packages/ros2srrc_data/action/_robmove_s.c
[2.062s] -- Up-to-date symlink: /home/ubuntu/ros2ws/install/ros2srrc_data/local/lib/python3.10/dist-packages/ros2srrc_data/action/_sequence.py
[2.063s] -- Up-to-date symlink: /home/ubuntu/ros2ws/install/ros2srrc_data/local/lib/python3.10/dist-packages/ros2srrc_data/action/_sequence_s.c
[2.064s] -- Up-to-date symlink: /home/ubuntu/ros2ws/install/ros2srrc_data/local/lib/python3.10/dist-packages/ros2srrc_data/libros2srrc_data__rosidl_generator_py.so
[2.065s] -- Up-to-date symlink: /home/ubuntu/ros2ws/install/ros2srrc_data/local/lib/python3.10/dist-packages/ros2srrc_data/msg/__init__.py
[2.066s] -- Up-to-date symlink: /home/ubuntu/ros2ws/install/ros2srrc_data/local/lib/python3.10/dist-packages/ros2srrc_data/msg/_action.py
[2.066s] -- Up-to-date symlink: /home/ubuntu/ros2ws/install/ros2srrc_data/local/lib/python3.10/dist-packages/ros2srrc_data/msg/_action_s.c
[2.066s] -- Up-to-date symlink: /home/ubuntu/ros2ws/install/ros2srrc_data/local/lib/python3.10/dist-packages/ros2srrc_data/msg/_joint.py
[2.067s] -- Up-to-date symlink: /home/ubuntu/ros2ws/install/ros2srrc_data/local/lib/python3.10/dist-packages/ros2srrc_data/msg/_joint_s.c
[2.067s] -- Up-to-date symlink: /home/ubuntu/ros2ws/install/ros2srrc_data/local/lib/python3.10/dist-packages/ros2srrc_data/msg/_joints.py
[2.068s] -- Up-to-date symlink: /home/ubuntu/ros2ws/install/ros2srrc_data/local/lib/python3.10/dist-packages/ros2srrc_data/msg/_joints_s.c
[2.069s] -- Up-to-date symlink: /home/ubuntu/ros2ws/install/ros2srrc_data/local/lib/python3.10/dist-packages/ros2srrc_data/msg/_linkattacher.py
[2.070s] -- Up-to-date symlink: /home/ubuntu/ros2ws/install/ros2srrc_data/local/lib/python3.10/dist-packages/ros2srrc_data/msg/_linkattacher_s.c
[2.070s] -- Up-to-date symlink: /home/ubuntu/ros2ws/install/ros2srrc_data/local/lib/python3.10/dist-packages/ros2srrc_data/msg/_robmove.py
[2.070s] -- Up-to-date symlink: /home/ubuntu/ros2ws/install/ros2srrc_data/local/lib/python3.10/dist-packages/ros2srrc_data/msg/_robmove_s.c
[2.071s] -- Up-to-date symlink: /home/ubuntu/ros2ws/install/ros2srrc_data/local/lib/python3.10/dist-packages/ros2srrc_data/msg/_robpose.py
[2.071s] -- Up-to-date symlink: /home/ubuntu/ros2ws/install/ros2srrc_data/local/lib/python3.10/dist-packages/ros2srrc_data/msg/_robpose_s.c
[2.072s] -- Up-to-date symlink: /home/ubuntu/ros2ws/install/ros2srrc_data/local/lib/python3.10/dist-packages/ros2srrc_data/msg/_specs.py
[2.072s] -- Up-to-date symlink: /home/ubuntu/ros2ws/install/ros2srrc_data/local/lib/python3.10/dist-packages/ros2srrc_data/msg/_specs_s.c
[2.073s] -- Up-to-date symlink: /home/ubuntu/ros2ws/install/ros2srrc_data/local/lib/python3.10/dist-packages/ros2srrc_data/msg/_xyz.py
[2.073s] -- Up-to-date symlink: /home/ubuntu/ros2ws/install/ros2srrc_data/local/lib/python3.10/dist-packages/ros2srrc_data/msg/_xyz_s.c
[2.073s] -- Up-to-date symlink: /home/ubuntu/ros2ws/install/ros2srrc_data/local/lib/python3.10/dist-packages/ros2srrc_data/msg/_xyzypr.py
[2.074s] -- Up-to-date symlink: /home/ubuntu/ros2ws/install/ros2srrc_data/local/lib/python3.10/dist-packages/ros2srrc_data/msg/_xyzypr_s.c
[2.075s] -- Up-to-date symlink: /home/ubuntu/ros2ws/install/ros2srrc_data/local/lib/python3.10/dist-packages/ros2srrc_data/msg/_ypr.py
[2.075s] -- Up-to-date symlink: /home/ubuntu/ros2ws/install/ros2srrc_data/local/lib/python3.10/dist-packages/ros2srrc_data/msg/_ypr_s.c
[2.075s] -- Up-to-date symlink: /home/ubuntu/ros2ws/install/ros2srrc_data/local/lib/python3.10/dist-packages/ros2srrc_data/ros2srrc_data_s__rosidl_typesupport_c.cpython-310-x86_64-linux-gnu.so
[2.076s] -- Up-to-date symlink: /home/ubuntu/ros2ws/install/ros2srrc_data/local/lib/python3.10/dist-packages/ros2srrc_data/ros2srrc_data_s__rosidl_typesupport_fastrtps_c.cpython-310-x86_64-linux-gnu.so
[2.076s] -- Up-to-date symlink: /home/ubuntu/ros2ws/install/ros2srrc_data/local/lib/python3.10/dist-packages/ros2srrc_data/ros2srrc_data_s__rosidl_typesupport_introspection_c.cpython-310-x86_64-linux-gnu.so
[2.090s] -- Up-to-date symlink: /home/ubuntu/ros2ws/install/ros2srrc_data/local/lib/python3.10/dist-packages/ros2srrc_data/ros2srrc_data_s__rosidl_typesupport_fastrtps_c.cpython-310-x86_64-linux-gnu.so
[2.092s] -- Up-to-date symlink: /home/ubuntu/ros2ws/install/ros2srrc_data/local/lib/python3.10/dist-packages/ros2srrc_data/ros2srrc_data_s__rosidl_typesupport_introspection_c.cpython-310-x86_64-linux-gnu.so
[2.095s] -- Up-to-date symlink: /home/ubuntu/ros2ws/install/ros2srrc_data/local/lib/python3.10/dist-packages/ros2srrc_data/ros2srrc_data_s__rosidl_typesupport_c.cpython-310-x86_64-linux-gnu.so
[2.096s] -- Up-to-date symlink: /home/ubuntu/ros2ws/install/ros2srrc_data/share/ros2srrc_data/msg/Specs.idl
[2.098s] -- Up-to-date symlink: /home/ubuntu/ros2ws/install/ros2srrc_data/share/ros2srrc_data/msg/Robmove.idl
[2.099s] -- Up-to-date symlink: /home/ubuntu/ros2ws/install/ros2srrc_data/share/ros2srrc_data/msg/Joint.idl
[2.101s] -- Up-to-date symlink: /home/ubuntu/ros2ws/install/ros2srrc_data/share/ros2srrc_data/msg/Joints.idl
[2.102s] -- Up-to-date symlink: /home/ubuntu/ros2ws/install/ros2srrc_data/share/ros2srrc_data/msg/Xyz.idl
[2.103s] -- Up-to-date symlink: /home/ubuntu/ros2ws/install/ros2srrc_data/share/ros2srrc_data/msg/Xyzypr.idl
[2.104s] -- Up-to-date symlink: /home/ubuntu/ros2ws/install/ros2srrc_data/share/ros2srrc_data/msg/Ypr.idl
[2.106s] -- Up-to-date symlink: /home/ubuntu/ros2ws/install/ros2srrc_data/share/ros2srrc_data/msg/Action.idl
[2.107s] -- Up-to-date symlink: /home/ubuntu/ros2ws/install/ros2srrc_data/share/ros2srrc_data/msg/Linkattacher.idl
[2.108s] -- Up-to-date symlink: /home/ubuntu/ros2ws/install/ros2srrc_data/share/ros2srrc_data/msg/Robpose.idl
[2.109s] -- Up-to-date symlink: /home/ubuntu/ros2ws/install/ros2srrc_data/share/ros2srrc_data/action/Move.idl
[2.110s] -- Up-to-date symlink: /home/ubuntu/ros2ws/install/ros2srrc_data/share/ros2srrc_data/action/Sequence.idl
[2.111s] -- Up-to-date symlink: /home/ubuntu/ros2ws/install/ros2srrc_data/share/ros2srrc_data/action/Robmove.idl
[2.111s] -- Up-to-date symlink: /home/ubuntu/ros2ws/install/ros2srrc_data/share/ros2srrc_data/msg/Specs.msg
[2.114s] -- Up-to-date symlink: /home/ubuntu/ros2ws/install/ros2srrc_data/share/ros2srrc_data/msg/Robmove.msg
[2.114s] -- Up-to-date symlink: /home/ubuntu/ros2ws/install/ros2srrc_data/share/ros2srrc_data/msg/Joint.msg
[2.114s] -- Up-to-date symlink: /home/ubuntu/ros2ws/install/ros2srrc_data/share/ros2srrc_data/msg/Joints.msg
[2.114s] -- Up-to-date symlink: /home/ubuntu/ros2ws/install/ros2srrc_data/share/ros2srrc_data/msg/Xyz.msg
[2.115s] -- Up-to-date symlink: /home/ubuntu/ros2ws/install/ros2srrc_data/share/ros2srrc_data/msg/Xyzypr.msg
[2.115s] -- Up-to-date symlink: /home/ubuntu/ros2ws/install/ros2srrc_data/share/ros2srrc_data/msg/Ypr.msg
[2.115s] -- Up-to-date symlink: /home/ubuntu/ros2ws/install/ros2srrc_data/share/ros2srrc_data/msg/Action.msg
[2.115s] -- Up-to-date symlink: /home/ubuntu/ros2ws/install/ros2srrc_data/share/ros2srrc_data/msg/Linkattacher.msg
[2.115s] -- Up-to-date symlink: /home/ubuntu/ros2ws/install/ros2srrc_data/share/ros2srrc_data/msg/Robpose.msg
[2.115s] -- Up-to-date symlink: /home/ubuntu/ros2ws/install/ros2srrc_data/share/ros2srrc_data/action/Move.action
[2.115s] -- Up-to-date symlink: /home/ubuntu/ros2ws/install/ros2srrc_data/share/ros2srrc_data/action/Sequence.action
[2.115s] -- Up-to-date symlink: /home/ubuntu/ros2ws/install/ros2srrc_data/share/ros2srrc_data/action/Robmove.action
[2.115s] -- Up-to-date symlink: /home/ubuntu/ros2ws/install/ros2srrc_data/share/ament_index/resource_index/package_run_dependencies/ros2srrc_data
[2.116s] -- Up-to-date symlink: /home/ubuntu/ros2ws/install/ros2srrc_data/share/ament_index/resource_index/parent_prefix_path/ros2srrc_data
[2.116s] -- Up-to-date symlink: /home/ubuntu/ros2ws/install/ros2srrc_data/share/ros2srrc_data/environment/ament_prefix_path.sh
[2.116s] -- Up-to-date symlink: /home/ubuntu/ros2ws/install/ros2srrc_data/share/ros2srrc_data/environment/ament_prefix_path.dsv
[2.117s] -- Up-to-date symlink: /home/ubuntu/ros2ws/install/ros2srrc_data/share/ros2srrc_data/environment/path.sh
[2.117s] -- Up-to-date symlink: /home/ubuntu/ros2ws/install/ros2srrc_data/share/ros2srrc_data/environment/path.dsv
[2.118s] -- Up-to-date symlink: /home/ubuntu/ros2ws/install/ros2srrc_data/share/ros2srrc_data/local_setup.bash
[2.118s] -- Up-to-date symlink: /home/ubuntu/ros2ws/install/ros2srrc_data/share/ros2srrc_data/local_setup.sh
[2.119s] -- Up-to-date symlink: /home/ubuntu/ros2ws/install/ros2srrc_data/share/ros2srrc_data/local_setup.zsh
[2.119s] -- Up-to-date symlink: /home/ubuntu/ros2ws/install/ros2srrc_data/share/ros2srrc_data/local_setup.dsv
[2.119s] -- Symlinking: /home/ubuntu/ros2ws/install/ros2srrc_data/share/ros2srrc_data/package.dsv
[2.135s] -- Up-to-date symlink: /home/ubuntu/ros2ws/install/ros2srrc_data/share/ament_index/resource_index/packages/ros2srrc_data
[2.135s] -- Up-to-date symlink: /home/ubuntu/ros2ws/install/ros2srrc_data/share/ros2srrc_data/cmake/rosidl_cmake-extras.cmake
[2.135s] -- Up-to-date symlink: /home/ubuntu/ros2ws/install/ros2srrc_data/share/ros2srrc_data/cmake/ament_cmake_export_dependencies-extras.cmake
[2.136s] -- Up-to-date symlink: /home/ubuntu/ros2ws/install/ros2srrc_data/share/ros2srrc_data/cmake/ament_cmake_export_include_directories-extras.cmake
[2.136s] -- Up-to-date symlink: /home/ubuntu/ros2ws/install/ros2srrc_data/share/ros2srrc_data/cmake/ament_cmake_export_libraries-extras.cmake
[2.136s] -- Up-to-date symlink: /home/ubuntu/ros2ws/install/ros2srrc_data/share/ros2srrc_data/cmake/ament_cmake_export_targets-extras.cmake
[2.136s] -- Up-to-date symlink: /home/ubuntu/ros2ws/install/ros2srrc_data/share/ros2srrc_data/cmake/rosidl_cmake_export_typesupport_targets-extras.cmake
[2.137s] -- Up-to-date symlink: /home/ubuntu/ros2ws/install/ros2srrc_data/share/ros2srrc_data/cmake/rosidl_cmake_export_typesupport_libraries-extras.cmake
[2.137s] -- Up-to-date symlink: /home/ubuntu/ros2ws/install/ros2srrc_data/share/ros2srrc_data/cmake/ros2srrc_dataConfig.cmake
[2.137s] -- Up-to-date symlink: /home/ubuntu/ros2ws/install/ros2srrc_data/share/ros2srrc_data/cmake/ros2srrc_dataConfig-version.cmake
[2.138s] -- Up-to-date symlink: /home/ubuntu/ros2ws/install/ros2srrc_data/share/ros2srrc_data/package.xml
[2.140s] -- Up-to-date: /home/ubuntu/ros2ws/install/ros2srrc_data/lib/libros2srrc_data__rosidl_generator_c.so
[2.146s] -- Up-to-date: /home/ubuntu/ros2ws/install/ros2srrc_data/lib/libros2srrc_data__rosidl_typesupport_fastrtps_c.so
[2.147s] -- Up-to-date: /home/ubuntu/ros2ws/install/ros2srrc_data/lib/libros2srrc_data__rosidl_typesupport_introspection_c.so
[2.153s] -- Up-to-date: /home/ubuntu/ros2ws/install/ros2srrc_data/lib/libros2srrc_data__rosidl_typesupport_c.so
[2.153s] -- Up-to-date: /home/ubuntu/ros2ws/install/ros2srrc_data/lib/libros2srrc_data__rosidl_typesupport_fastrtps_cpp.so
[2.153s] -- Up-to-date: /home/ubuntu/ros2ws/install/ros2srrc_data/lib/libros2srrc_data__rosidl_typesupport_introspection_cpp.so
[2.155s] -- Up-to-date: /home/ubuntu/ros2ws/install/ros2srrc_data/lib/libros2srrc_data__rosidl_typesupport_cpp.so
[2.269s] Listing '/home/ubuntu/ros2ws/install/ros2srrc_data/local/lib/python3.10/dist-packages/ros2srrc_data'...
[2.269s] Listing '/home/ubuntu/ros2ws/install/ros2srrc_data/local/lib/python3.10/dist-packages/ros2srrc_data/action'...
[2.269s] Listing '/home/ubuntu/ros2ws/install/ros2srrc_data/local/lib/python3.10/dist-packages/ros2srrc_data/msg'...
[2.286s] -- Up-to-date: /home/ubuntu/ros2ws/install/ros2srrc_data/lib/libros2srrc_data__rosidl_generator_py.so
[2.292s] -- Up-to-date: /home/ubuntu/ros2ws/install/ros2srrc_data/share/ros2srrc_data/cmake/export_ros2srrc_data__rosidl_generator_cExport.cmake
[2.293s] -- Up-to-date: /home/ubuntu/ros2ws/install/ros2srrc_data/share/ros2srrc_data/cmake/export_ros2srrc_data__rosidl_generator_cExport-noconfig.cmake
[2.293s] -- Up-to-date: /home/ubuntu/ros2ws/install/ros2srrc_data/share/ros2srrc_data/cmake/export_ros2srrc_data__rosidl_typesupport_fastrtps_cExport.cmake
[2.293s] -- Up-to-date: /home/ubuntu/ros2ws/install/ros2srrc_data/share/ros2srrc_data/cmake/export_ros2srrc_data__rosidl_typesupport_fastrtps_cExport-noconfig.cmake
[2.294s] -- Up-to-date: /home/ubuntu/ros2ws/install/ros2srrc_data/share/ros2srrc_data/cmake/ros2srrc_data__rosidl_typesupport_introspection_cExport.cmake
[2.294s] -- Up-to-date: /home/ubuntu/ros2ws/install/ros2srrc_data/share/ros2srrc_data/cmake/ros2srrc_data__rosidl_typesupport_introspection_cExport-noconfig.cmake
[2.295s] -- Up-to-date: /home/ubuntu/ros2ws/install/ros2srrc_data/share/ros2srrc_data/cmake/ros2srrc_data__rosidl_typesupport_cExport.cmake
[2.295s] -- Up-to-date: /home/ubuntu/ros2ws/install/ros2srrc_data/share/ros2srrc_data/cmake/ros2srrc_data__rosidl_typesupport_cExport-noconfig.cmake
[2.296s] -- Up-to-date: /home/ubuntu/ros2ws/install/ros2srrc_data/share/ros2srrc_data/cmake/export_ros2srrc_data__rosidl_generator_cppExport.cmake
[2.296s] -- Up-to-date: /home/ubuntu/ros2ws/install/ros2srrc_data/share/ros2srrc_data/cmake/export_ros2srrc_data__rosidl_typesupport_fastrtps_cppExport.cmake
[2.296s] -- Up-to-date: /home/ubuntu/ros2ws/install/ros2srrc_data/share/ros2srrc_data/cmake/export_ros2srrc_data__rosidl_typesupport_fastrtps_cppExport-noconfig.cmake
[2.297s] -- Up-to-date: /home/ubuntu/ros2ws/install/ros2srrc_data/share/ros2srrc_data/cmake/ros2srrc_data__rosidl_typesupport_introspection_cppExport.cmake
[2.297s] -- Up-to-date: /home/ubuntu/ros2ws/install/ros2srrc_data/share/ros2srrc_data/cmake/ros2srrc_data__rosidl_typesupport_introspection_cppExport-noconfig.cmake
[2.298s] -- Up-to-date: /home/ubuntu/ros2ws/install/ros2srrc_data/share/ros2srrc_data/cmake/ros2srrc_data__rosidl_typesupport_cppExport.cmake
[2.298s] -- Up-to-date: /home/ubuntu/ros2ws/install/ros2srrc_data/share/ros2srrc_data/cmake/ros2srrc_data__rosidl_typesupport_cppExport-noconfig.cmake
[2.299s] -- Up-to-date: /home/ubuntu/ros2ws/install/ros2srrc_data/share/ros2srrc_data/cmake/export_ros2srrc_data__rosidl_generator_pyExport.cmake
[2.299s] -- Up-to-date: /home/ubuntu/ros2ws/install/ros2srrc_data/share/ros2srrc_data/cmake/export_ros2srrc_data__rosidl_generator_pyExport-noconfig.cmake
[2.303s] Invoked command in '/home/ubuntu/ros2ws/build/ros2srrc_data' returned '0': CMAKE_PREFIX_PATH=${CMAKE_PREFIX_PATH}:/opt/ros/humble /usr/bin/cmake --install /home/ubuntu/ros2ws/build/ros2srrc_data
