[0.022s] Invoking command in '/home/ubuntu/ros2ws/build/abb_ros2': CMAKE_PREFIX_PATH=${CMAKE_PREFIX_PATH}:/opt/ros/humble /usr/bin/cmake /home/ubuntu/ros2ws/src/ABBDriver/abb_ros2/abb_ros2 -DAMENT_CMAKE_SYMLINK_INSTALL=1 -DCMAKE_INSTALL_PREFIX=/home/ubuntu/ros2ws/install/abb_ros2
[0.133s] -- The C compiler identification is GNU 11.4.0
[0.232s] -- The CXX compiler identification is GNU 11.4.0
[0.248s] -- Detecting C compiler ABI info
[0.393s] -- Detecting C compiler ABI info - done
[0.408s] -- Check for working C compiler: /usr/bin/cc - skipped
[0.411s] -- Detecting C compile features
[0.412s] -- Detecting C compile features - done
[0.416s] -- Detecting CXX compiler ABI info
[0.582s] -- Detecting CXX compiler ABI info - done
[0.596s] -- Check for working CXX compiler: /usr/bin/c++ - skipped
[0.596s] -- Detecting CXX compile features
[0.597s] -- Detecting CXX compile features - done
[0.607s] -- Found ament_cmake: 1.3.10 (/opt/ros/humble/share/ament_cmake/cmake)
[0.962s] -- Found Python3: /usr/bin/python3 (found version "3.10.12") found components: Interpreter 
[1.146s] -- Override CMake install command with custom implementation using symlinks instead of copying resources
[1.247s] -- Found ament_lint_auto: 0.12.11 (/opt/ros/humble/share/ament_lint_auto/cmake)
[1.434s] -- Added test 'copyright' to check source files copyright and LICENSE
[1.436s] -- Added test 'lint_cmake' to check CMake code style
[1.438s] -- Added test 'xmllint' to check XML markup files
[1.443s] -- Configuring done
[1.453s] -- Generating done
[1.453s] -- Build files have been written to: /home/ubuntu/ros2ws/build/abb_ros2
[1.459s] Invoked command in '/home/ubuntu/ros2ws/build/abb_ros2' returned '0': CMAKE_PREFIX_PATH=${CMAKE_PREFIX_PATH}:/opt/ros/humble /usr/bin/cmake /home/ubuntu/ros2ws/src/ABBDriver/abb_ros2/abb_ros2 -DAMENT_CMAKE_SYMLINK_INSTALL=1 -DCMAKE_INSTALL_PREFIX=/home/ubuntu/ros2ws/install/abb_ros2
[1.469s] Invoking command in '/home/ubuntu/ros2ws/build/abb_ros2': CMAKE_PREFIX_PATH=${CMAKE_PREFIX_PATH}:/opt/ros/humble /usr/bin/cmake --build /home/ubuntu/ros2ws/build/abb_ros2 -- -j4 -l4
[1.546s] Invoked command in '/home/ubuntu/ros2ws/build/abb_ros2' returned '0': CMAKE_PREFIX_PATH=${CMAKE_PREFIX_PATH}:/opt/ros/humble /usr/bin/cmake --build /home/ubuntu/ros2ws/build/abb_ros2 -- -j4 -l4
[1.597s] Invoking command in '/home/ubuntu/ros2ws/build/abb_ros2': CMAKE_PREFIX_PATH=${CMAKE_PREFIX_PATH}:/opt/ros/humble /usr/bin/cmake --install /home/ubuntu/ros2ws/build/abb_ros2
[1.609s] -- Install configuration: ""
[1.611s] -- Execute custom install script
[1.611s] -- Symlinking: /home/ubuntu/ros2ws/install/abb_ros2/share/ament_index/resource_index/package_run_dependencies/abb_ros2
[1.634s] -- Symlinking: /home/ubuntu/ros2ws/install/abb_ros2/share/ament_index/resource_index/parent_prefix_path/abb_ros2
[1.655s] -- Symlinking: /home/ubuntu/ros2ws/install/abb_ros2/share/abb_ros2/environment/ament_prefix_path.sh
[1.679s] -- Symlinking: /home/ubuntu/ros2ws/install/abb_ros2/share/abb_ros2/environment/ament_prefix_path.dsv
[1.699s] -- Symlinking: /home/ubuntu/ros2ws/install/abb_ros2/share/abb_ros2/environment/path.sh
[1.722s] -- Symlinking: /home/ubuntu/ros2ws/install/abb_ros2/share/abb_ros2/environment/path.dsv
[1.747s] -- Symlinking: /home/ubuntu/ros2ws/install/abb_ros2/share/abb_ros2/local_setup.bash
[1.769s] -- Symlinking: /home/ubuntu/ros2ws/install/abb_ros2/share/abb_ros2/local_setup.sh
[1.797s] -- Symlinking: /home/ubuntu/ros2ws/install/abb_ros2/share/abb_ros2/local_setup.zsh
[1.817s] -- Symlinking: /home/ubuntu/ros2ws/install/abb_ros2/share/abb_ros2/local_setup.dsv
[1.841s] -- Symlinking: /home/ubuntu/ros2ws/install/abb_ros2/share/abb_ros2/package.dsv
[1.860s] -- Symlinking: /home/ubuntu/ros2ws/install/abb_ros2/share/ament_index/resource_index/packages/abb_ros2
[1.885s] -- Symlinking: /home/ubuntu/ros2ws/install/abb_ros2/share/abb_ros2/cmake/abb_ros2Config.cmake
[1.910s] -- Symlinking: /home/ubuntu/ros2ws/install/abb_ros2/share/abb_ros2/cmake/abb_ros2Config-version.cmake
[1.931s] -- Symlinking: /home/ubuntu/ros2ws/install/abb_ros2/share/abb_ros2/package.xml
[1.957s] Invoked command in '/home/ubuntu/ros2ws/build/abb_ros2' returned '0': CMAKE_PREFIX_PATH=${CMAKE_PREFIX_PATH}:/opt/ros/humble /usr/bin/cmake --install /home/ubuntu/ros2ws/build/abb_ros2
