[0.014s] Invoking command in '/home/ubuntu/ros2ws/build/ros2srrc_irb1200_moveit2': CMAKE_PREFIX_PATH=${CMAKE_PREFIX_PATH}:/opt/ros/humble /usr/bin/cmake /home/ubuntu/ros2ws/src/ros2_SimRealRobotControl/packages/irb1200/ros2srrc_irb1200_moveit2 -DCMAKE_INSTALL_PREFIX=/home/ubuntu/ros2ws/install/ros2srrc_irb1200_moveit2
[0.145s] -- The C compiler identification is GNU 11.4.0
[0.252s] -- The CXX compiler identification is GNU 11.4.0
[0.266s] -- Detecting C compiler ABI info
[0.418s] -- Detecting C compiler ABI info - done
[0.435s] -- Check for working C compiler: /usr/bin/cc - skipped
[0.435s] -- Detecting C compile features
[0.436s] -- Detecting C compile features - done
[0.443s] -- Detecting CXX compiler ABI info
[0.628s] -- Detecting CXX compiler ABI info - done
[0.645s] -- Check for working CXX compiler: /usr/bin/c++ - skipped
[0.645s] -- Detecting CXX compile features
[0.647s] -- Detecting CXX compile features - done
[0.654s] -- Found ament_cmake: 1.3.10 (/opt/ros/humble/share/ament_cmake/cmake)
[0.953s] -- Found Python3: /usr/bin/python3 (found version "3.10.12") found components: Interpreter 
[1.152s] -- Found ament_lint_auto: 0.12.11 (/opt/ros/humble/share/ament_lint_auto/cmake)
[1.347s] -- Added test 'copyright' to check source files copyright and LICENSE
[1.352s] -- Added test 'lint_cmake' to check CMake code style
[1.353s] -- Added test 'xmllint' to check XML markup files
[1.357s] -- Configuring done
[1.362s] -- Generating done
[1.364s] -- Build files have been written to: /home/ubuntu/ros2ws/build/ros2srrc_irb1200_moveit2
[1.380s] Invoked command in '/home/ubuntu/ros2ws/build/ros2srrc_irb1200_moveit2' returned '0': CMAKE_PREFIX_PATH=${CMAKE_PREFIX_PATH}:/opt/ros/humble /usr/bin/cmake /home/ubuntu/ros2ws/src/ros2_SimRealRobotControl/packages/irb1200/ros2srrc_irb1200_moveit2 -DCMAKE_INSTALL_PREFIX=/home/ubuntu/ros2ws/install/ros2srrc_irb1200_moveit2
[1.381s] Invoking command in '/home/ubuntu/ros2ws/build/ros2srrc_irb1200_moveit2': CMAKE_PREFIX_PATH=${CMAKE_PREFIX_PATH}:/opt/ros/humble /usr/bin/cmake --build /home/ubuntu/ros2ws/build/ros2srrc_irb1200_moveit2 -- -j4 -l4
[1.455s] Invoked command in '/home/ubuntu/ros2ws/build/ros2srrc_irb1200_moveit2' returned '0': CMAKE_PREFIX_PATH=${CMAKE_PREFIX_PATH}:/opt/ros/humble /usr/bin/cmake --build /home/ubuntu/ros2ws/build/ros2srrc_irb1200_moveit2 -- -j4 -l4
[1.508s] Invoking command in '/home/ubuntu/ros2ws/build/ros2srrc_irb1200_moveit2': CMAKE_PREFIX_PATH=${CMAKE_PREFIX_PATH}:/opt/ros/humble /usr/bin/cmake --install /home/ubuntu/ros2ws/build/ros2srrc_irb1200_moveit2
[1.521s] -- Install configuration: ""
[1.521s] -- Installing: /home/ubuntu/ros2ws/install/ros2srrc_irb1200_moveit2/share/ros2srrc_irb1200_moveit2/config
[1.522s] -- Installing: /home/ubuntu/ros2ws/install/ros2srrc_irb1200_moveit2/share/ros2srrc_irb1200_moveit2/config/irb1200.srdf
[1.522s] -- Installing: /home/ubuntu/ros2ws/install/ros2srrc_irb1200_moveit2/share/ros2srrc_irb1200_moveit2/config/irb1200egp64.srdf
[1.522s] -- Installing: /home/ubuntu/ros2ws/install/ros2srrc_irb1200_moveit2/share/ros2srrc_irb1200_moveit2/config/irb1200egp64_moveit2.rviz
[1.524s] -- Installing: /home/ubuntu/ros2ws/install/ros2srrc_irb1200_moveit2/share/ros2srrc_irb1200_moveit2/config/irb1200_moveit2.rviz
[1.526s] -- Installing: /home/ubuntu/ros2ws/install/ros2srrc_irb1200_moveit2/share/ament_index/resource_index/package_run_dependencies/ros2srrc_irb1200_moveit2
[1.527s] -- Installing: /home/ubuntu/ros2ws/install/ros2srrc_irb1200_moveit2/share/ament_index/resource_index/parent_prefix_path/ros2srrc_irb1200_moveit2
[1.528s] -- Installing: /home/ubuntu/ros2ws/install/ros2srrc_irb1200_moveit2/share/ros2srrc_irb1200_moveit2/environment/ament_prefix_path.sh
[1.528s] -- Installing: /home/ubuntu/ros2ws/install/ros2srrc_irb1200_moveit2/share/ros2srrc_irb1200_moveit2/environment/ament_prefix_path.dsv
[1.528s] -- Installing: /home/ubuntu/ros2ws/install/ros2srrc_irb1200_moveit2/share/ros2srrc_irb1200_moveit2/environment/path.sh
[1.528s] -- Installing: /home/ubuntu/ros2ws/install/ros2srrc_irb1200_moveit2/share/ros2srrc_irb1200_moveit2/environment/path.dsv
[1.528s] -- Installing: /home/ubuntu/ros2ws/install/ros2srrc_irb1200_moveit2/share/ros2srrc_irb1200_moveit2/local_setup.bash
[1.528s] -- Installing: /home/ubuntu/ros2ws/install/ros2srrc_irb1200_moveit2/share/ros2srrc_irb1200_moveit2/local_setup.sh
[1.528s] -- Installing: /home/ubuntu/ros2ws/install/ros2srrc_irb1200_moveit2/share/ros2srrc_irb1200_moveit2/local_setup.zsh
[1.528s] -- Installing: /home/ubuntu/ros2ws/install/ros2srrc_irb1200_moveit2/share/ros2srrc_irb1200_moveit2/local_setup.dsv
[1.528s] -- Installing: /home/ubuntu/ros2ws/install/ros2srrc_irb1200_moveit2/share/ros2srrc_irb1200_moveit2/package.dsv
[1.528s] -- Installing: /home/ubuntu/ros2ws/install/ros2srrc_irb1200_moveit2/share/ament_index/resource_index/packages/ros2srrc_irb1200_moveit2
[1.528s] -- Installing: /home/ubuntu/ros2ws/install/ros2srrc_irb1200_moveit2/share/ros2srrc_irb1200_moveit2/cmake/ros2srrc_irb1200_moveit2Config.cmake
[1.529s] -- Installing: /home/ubuntu/ros2ws/install/ros2srrc_irb1200_moveit2/share/ros2srrc_irb1200_moveit2/cmake/ros2srrc_irb1200_moveit2Config-version.cmake
[1.529s] -- Installing: /home/ubuntu/ros2ws/install/ros2srrc_irb1200_moveit2/share/ros2srrc_irb1200_moveit2/package.xml
[1.532s] Invoked command in '/home/ubuntu/ros2ws/build/ros2srrc_irb1200_moveit2' returned '0': CMAKE_PREFIX_PATH=${CMAKE_PREFIX_PATH}:/opt/ros/humble /usr/bin/cmake --install /home/ubuntu/ros2ws/build/ros2srrc_irb1200_moveit2
