[0.069s] Invoking command in '/home/ubuntu/ros2ws/build/abb_irb4600_support': CMAKE_PREFIX_PATH=${CMAKE_PREFIX_PATH}:/home/ubuntu/ros2ws/install/testV1:/home/ubuntu/ros2ws/install/gui_subscriber:/home/ubuntu/ros2ws/install/moveit_configs_utils:/home/ubuntu/ros2ws/install/robot_letter_writer:/home/ubuntu/ros2ws/install/launch_param_builder:/opt/ros/humble /usr/bin/cmake --build /home/ubuntu/ros2ws/build/abb_irb4600_support -- -j4 -l4
[0.210s] Invoked command in '/home/ubuntu/ros2ws/build/abb_irb4600_support' returned '0': CMAKE_PREFIX_PATH=${CMAKE_PREFIX_PATH}:/home/ubuntu/ros2ws/install/testV1:/home/ubuntu/ros2ws/install/gui_subscriber:/home/ubuntu/ros2ws/install/moveit_configs_utils:/home/ubuntu/ros2ws/install/robot_letter_writer:/home/ubuntu/ros2ws/install/launch_param_builder:/opt/ros/humble /usr/bin/cmake --build /home/ubuntu/ros2ws/build/abb_irb4600_support -- -j4 -l4
[0.295s] Invoking command in '/home/ubuntu/ros2ws/build/abb_irb4600_support': CMAKE_PREFIX_PATH=${CMAKE_PREFIX_PATH}:/home/ubuntu/ros2ws/install/testV1:/home/ubuntu/ros2ws/install/gui_subscriber:/home/ubuntu/ros2ws/install/moveit_configs_utils:/home/ubuntu/ros2ws/install/robot_letter_writer:/home/ubuntu/ros2ws/install/launch_param_builder:/opt/ros/humble /usr/bin/cmake --install /home/ubuntu/ros2ws/build/abb_irb4600_support
[0.323s] -- Install configuration: ""
[0.323s] -- Execute custom install script
[0.323s] -- Up-to-date symlink: /home/ubuntu/ros2ws/install/abb_irb4600_support/share/ament_index/resource_index/package_run_dependencies/abb_irb4600_support
[0.323s] -- Up-to-date symlink: /home/ubuntu/ros2ws/install/abb_irb4600_support/share/ament_index/resource_index/parent_prefix_path/abb_irb4600_support
[0.324s] -- Up-to-date symlink: /home/ubuntu/ros2ws/install/abb_irb4600_support/share/abb_irb4600_support/environment/ament_prefix_path.sh
[0.324s] -- Up-to-date symlink: /home/ubuntu/ros2ws/install/abb_irb4600_support/share/abb_irb4600_support/environment/ament_prefix_path.dsv
[0.324s] -- Up-to-date symlink: /home/ubuntu/ros2ws/install/abb_irb4600_support/share/abb_irb4600_support/environment/path.sh
[0.324s] -- Up-to-date symlink: /home/ubuntu/ros2ws/install/abb_irb4600_support/share/abb_irb4600_support/environment/path.dsv
[0.325s] -- Up-to-date symlink: /home/ubuntu/ros2ws/install/abb_irb4600_support/share/abb_irb4600_support/local_setup.bash
[0.325s] -- Up-to-date symlink: /home/ubuntu/ros2ws/install/abb_irb4600_support/share/abb_irb4600_support/local_setup.sh
[0.326s] -- Up-to-date symlink: /home/ubuntu/ros2ws/install/abb_irb4600_support/share/abb_irb4600_support/local_setup.zsh
[0.326s] -- Up-to-date symlink: /home/ubuntu/ros2ws/install/abb_irb4600_support/share/abb_irb4600_support/local_setup.dsv
[0.326s] -- Symlinking: /home/ubuntu/ros2ws/install/abb_irb4600_support/share/abb_irb4600_support/package.dsv
[0.356s] -- Up-to-date symlink: /home/ubuntu/ros2ws/install/abb_irb4600_support/share/ament_index/resource_index/packages/abb_irb4600_support
[0.357s] -- Up-to-date symlink: /home/ubuntu/ros2ws/install/abb_irb4600_support/share/abb_irb4600_support/cmake/abb_irb4600_supportConfig.cmake
[0.357s] -- Up-to-date symlink: /home/ubuntu/ros2ws/install/abb_irb4600_support/share/abb_irb4600_support/cmake/abb_irb4600_supportConfig-version.cmake
[0.358s] -- Up-to-date symlink: /home/ubuntu/ros2ws/install/abb_irb4600_support/share/abb_irb4600_support/package.xml
[0.359s] -- Up-to-date symlink: /home/ubuntu/ros2ws/install/abb_irb4600_support/share/abb_irb4600_support/launch/view_robot.launch.py
[0.361s] -- Up-to-date symlink: /home/ubuntu/ros2ws/install/abb_irb4600_support/share/abb_irb4600_support/meshes/irb4600/collision/base_link.stl
[0.367s] -- Up-to-date symlink: /home/ubuntu/ros2ws/install/abb_irb4600_support/share/abb_irb4600_support/meshes/irb4600/collision/link_1.stl
[0.367s] -- Up-to-date symlink: /home/ubuntu/ros2ws/install/abb_irb4600_support/share/abb_irb4600_support/meshes/irb4600/visual/base_link.dae
[0.368s] -- Up-to-date symlink: /home/ubuntu/ros2ws/install/abb_irb4600_support/share/abb_irb4600_support/meshes/irb4600/visual/link_1.dae
[0.368s] -- Up-to-date symlink: /home/ubuntu/ros2ws/install/abb_irb4600_support/share/abb_irb4600_support/meshes/irb4600_20_250/collision/link_2.stl
[0.368s] -- Up-to-date symlink: /home/ubuntu/ros2ws/install/abb_irb4600_support/share/abb_irb4600_support/meshes/irb4600_20_250/collision/link_3.stl
[0.368s] -- Up-to-date symlink: /home/ubuntu/ros2ws/install/abb_irb4600_support/share/abb_irb4600_support/meshes/irb4600_20_250/collision/link_4.stl
[0.369s] -- Up-to-date symlink: /home/ubuntu/ros2ws/install/abb_irb4600_support/share/abb_irb4600_support/meshes/irb4600_20_250/collision/link_5.stl
[0.371s] -- Up-to-date symlink: /home/ubuntu/ros2ws/install/abb_irb4600_support/share/abb_irb4600_support/meshes/irb4600_20_250/collision/link_6.stl
[0.372s] -- Up-to-date symlink: /home/ubuntu/ros2ws/install/abb_irb4600_support/share/abb_irb4600_support/meshes/irb4600_20_250/visual/link_2.dae
[0.372s] -- Up-to-date symlink: /home/ubuntu/ros2ws/install/abb_irb4600_support/share/abb_irb4600_support/meshes/irb4600_20_250/visual/link_3.dae
[0.372s] -- Up-to-date symlink: /home/ubuntu/ros2ws/install/abb_irb4600_support/share/abb_irb4600_support/meshes/irb4600_20_250/visual/link_4.dae
[0.372s] -- Up-to-date symlink: /home/ubuntu/ros2ws/install/abb_irb4600_support/share/abb_irb4600_support/meshes/irb4600_20_250/visual/link_5.dae
[0.373s] -- Up-to-date symlink: /home/ubuntu/ros2ws/install/abb_irb4600_support/share/abb_irb4600_support/meshes/irb4600_20_250/visual/link_6.dae
[0.373s] -- Up-to-date symlink: /home/ubuntu/ros2ws/install/abb_irb4600_support/share/abb_irb4600_support/meshes/irb4600_40_255/collision/link_2.stl
[0.373s] -- Up-to-date symlink: /home/ubuntu/ros2ws/install/abb_irb4600_support/share/abb_irb4600_support/meshes/irb4600_40_255/collision/link_3.stl
[0.373s] -- Up-to-date symlink: /home/ubuntu/ros2ws/install/abb_irb4600_support/share/abb_irb4600_support/meshes/irb4600_40_255/collision/link_4.stl
[0.373s] -- Up-to-date symlink: /home/ubuntu/ros2ws/install/abb_irb4600_support/share/abb_irb4600_support/meshes/irb4600_40_255/collision/link_5.stl
[0.374s] -- Up-to-date symlink: /home/ubuntu/ros2ws/install/abb_irb4600_support/share/abb_irb4600_support/meshes/irb4600_40_255/collision/link_6.stl
[0.374s] -- Up-to-date symlink: /home/ubuntu/ros2ws/install/abb_irb4600_support/share/abb_irb4600_support/meshes/irb4600_40_255/visual/link_2.dae
[0.374s] -- Up-to-date symlink: /home/ubuntu/ros2ws/install/abb_irb4600_support/share/abb_irb4600_support/meshes/irb4600_40_255/visual/link_3.dae
[0.376s] -- Up-to-date symlink: /home/ubuntu/ros2ws/install/abb_irb4600_support/share/abb_irb4600_support/meshes/irb4600_40_255/visual/link_4.dae
[0.377s] -- Up-to-date symlink: /home/ubuntu/ros2ws/install/abb_irb4600_support/share/abb_irb4600_support/meshes/irb4600_40_255/visual/link_5.dae
[0.377s] -- Up-to-date symlink: /home/ubuntu/ros2ws/install/abb_irb4600_support/share/abb_irb4600_support/meshes/irb4600_40_255/visual/link_6.dae
[0.377s] -- Up-to-date symlink: /home/ubuntu/ros2ws/install/abb_irb4600_support/share/abb_irb4600_support/meshes/irb4600_60_205/collision/link_2.stl
[0.378s] -- Up-to-date symlink: /home/ubuntu/ros2ws/install/abb_irb4600_support/share/abb_irb4600_support/meshes/irb4600_60_205/collision/link_3.stl
[0.378s] -- Up-to-date symlink: /home/ubuntu/ros2ws/install/abb_irb4600_support/share/abb_irb4600_support/meshes/irb4600_60_205/collision/link_4.stl
[0.378s] -- Up-to-date symlink: /home/ubuntu/ros2ws/install/abb_irb4600_support/share/abb_irb4600_support/meshes/irb4600_60_205/collision/link_5.stl
[0.378s] -- Up-to-date symlink: /home/ubuntu/ros2ws/install/abb_irb4600_support/share/abb_irb4600_support/meshes/irb4600_60_205/collision/link_6.stl
[0.378s] -- Up-to-date symlink: /home/ubuntu/ros2ws/install/abb_irb4600_support/share/abb_irb4600_support/meshes/irb4600_60_205/visual/link_2.dae
[0.379s] -- Up-to-date symlink: /home/ubuntu/ros2ws/install/abb_irb4600_support/share/abb_irb4600_support/meshes/irb4600_60_205/visual/link_3.dae
[0.379s] -- Up-to-date symlink: /home/ubuntu/ros2ws/install/abb_irb4600_support/share/abb_irb4600_support/meshes/irb4600_60_205/visual/link_4.dae
[0.379s] -- Up-to-date symlink: /home/ubuntu/ros2ws/install/abb_irb4600_support/share/abb_irb4600_support/meshes/irb4600_60_205/visual/link_5.dae
[0.379s] -- Up-to-date symlink: /home/ubuntu/ros2ws/install/abb_irb4600_support/share/abb_irb4600_support/meshes/irb4600_60_205/visual/link_6.dae
[0.379s] -- Up-to-date symlink: /home/ubuntu/ros2ws/install/abb_irb4600_support/share/abb_irb4600_support/rviz/urdf_description.rviz
[0.380s] -- Up-to-date symlink: /home/ubuntu/ros2ws/install/abb_irb4600_support/share/abb_irb4600_support/urdf/irb4600.ros2_control.xacro
[0.380s] -- Up-to-date symlink: /home/ubuntu/ros2ws/install/abb_irb4600_support/share/abb_irb4600_support/urdf/irb4600_20_250.xacro
[0.381s] -- Up-to-date symlink: /home/ubuntu/ros2ws/install/abb_irb4600_support/share/abb_irb4600_support/urdf/irb4600_20_250_macro.xacro
[0.381s] -- Up-to-date symlink: /home/ubuntu/ros2ws/install/abb_irb4600_support/share/abb_irb4600_support/urdf/irb4600_40_255.xacro
[0.381s] -- Up-to-date symlink: /home/ubuntu/ros2ws/install/abb_irb4600_support/share/abb_irb4600_support/urdf/irb4600_40_255_macro.xacro
[0.382s] -- Up-to-date symlink: /home/ubuntu/ros2ws/install/abb_irb4600_support/share/abb_irb4600_support/urdf/irb4600_60_205.xacro
[0.382s] -- Up-to-date symlink: /home/ubuntu/ros2ws/install/abb_irb4600_support/share/abb_irb4600_support/urdf/irb4600_60_205_macro.xacro
[0.395s] Invoked command in '/home/ubuntu/ros2ws/build/abb_irb4600_support' returned '0': CMAKE_PREFIX_PATH=${CMAKE_PREFIX_PATH}:/home/ubuntu/ros2ws/install/testV1:/home/ubuntu/ros2ws/install/gui_subscriber:/home/ubuntu/ros2ws/install/moveit_configs_utils:/home/ubuntu/ros2ws/install/robot_letter_writer:/home/ubuntu/ros2ws/install/launch_param_builder:/opt/ros/humble /usr/bin/cmake --install /home/ubuntu/ros2ws/build/abb_irb4600_support
