[0.060s] Invoking command in '/home/ubuntu/ros2ws/build/ros2srrc_irb120_moveit2': CMAKE_PREFIX_PATH=${CMAKE_PREFIX_PATH}:/home/ubuntu/ros2ws/install/moveit_configs_utils:/home/ubuntu/ros2ws/install/launch_param_builder:/home/ubuntu/ros2ws/install/testV1:/home/ubuntu/ros2ws/install/gui_subscriber:/home/ubuntu/ros2ws/install/robot_letter_writer:/opt/ros/humble /usr/bin/cmake --build /home/ubuntu/ros2ws/build/ros2srrc_irb120_moveit2 -- -j4 -l4
[0.215s] Invoked command in '/home/ubuntu/ros2ws/build/ros2srrc_irb120_moveit2' returned '0': CMAKE_PREFIX_PATH=${CMAKE_PREFIX_PATH}:/home/ubuntu/ros2ws/install/moveit_configs_utils:/home/ubuntu/ros2ws/install/launch_param_builder:/home/ubuntu/ros2ws/install/testV1:/home/ubuntu/ros2ws/install/gui_subscriber:/home/ubuntu/ros2ws/install/robot_letter_writer:/opt/ros/humble /usr/bin/cmake --build /home/ubuntu/ros2ws/build/ros2srrc_irb120_moveit2 -- -j4 -l4
[0.352s] Invoking command in '/home/ubuntu/ros2ws/build/ros2srrc_irb120_moveit2': CMAKE_PREFIX_PATH=${CMAKE_PREFIX_PATH}:/home/ubuntu/ros2ws/install/moveit_configs_utils:/home/ubuntu/ros2ws/install/launch_param_builder:/home/ubuntu/ros2ws/install/testV1:/home/ubuntu/ros2ws/install/gui_subscriber:/home/ubuntu/ros2ws/install/robot_letter_writer:/opt/ros/humble /usr/bin/cmake --install /home/ubuntu/ros2ws/build/ros2srrc_irb120_moveit2
[0.380s] -- Install configuration: ""
[0.380s] -- Execute custom install script
[0.380s] -- Up-to-date symlink: /home/ubuntu/ros2ws/install/ros2srrc_irb120_moveit2/share/ros2srrc_irb120_moveit2/config/irb120.srdf
[0.380s] -- Up-to-date symlink: /home/ubuntu/ros2ws/install/ros2srrc_irb120_moveit2/share/ros2srrc_irb120_moveit2/config/irb120_moveit2.rviz
[0.380s] -- Up-to-date symlink: /home/ubuntu/ros2ws/install/ros2srrc_irb120_moveit2/share/ros2srrc_irb120_moveit2/config/irb120egp64.srdf
[0.380s] -- Up-to-date symlink: /home/ubuntu/ros2ws/install/ros2srrc_irb120_moveit2/share/ros2srrc_irb120_moveit2/config/irb120egp64_moveit2.rviz
[0.381s] -- Up-to-date symlink: /home/ubuntu/ros2ws/install/ros2srrc_irb120_moveit2/share/ros2srrc_irb120_moveit2/config/irb120ls_vgr.srdf
[0.381s] -- Up-to-date symlink: /home/ubuntu/ros2ws/install/ros2srrc_irb120_moveit2/share/ros2srrc_irb120_moveit2/config/irb120ls_vgr_moveit2.rviz
[0.382s] -- Up-to-date symlink: /home/ubuntu/ros2ws/install/ros2srrc_irb120_moveit2/share/ament_index/resource_index/package_run_dependencies/ros2srrc_irb120_moveit2
[0.382s] -- Up-to-date symlink: /home/ubuntu/ros2ws/install/ros2srrc_irb120_moveit2/share/ament_index/resource_index/parent_prefix_path/ros2srrc_irb120_moveit2
[0.383s] -- Up-to-date symlink: /home/ubuntu/ros2ws/install/ros2srrc_irb120_moveit2/share/ros2srrc_irb120_moveit2/environment/ament_prefix_path.sh
[0.385s] -- Up-to-date symlink: /home/ubuntu/ros2ws/install/ros2srrc_irb120_moveit2/share/ros2srrc_irb120_moveit2/environment/ament_prefix_path.dsv
[0.385s] -- Up-to-date symlink: /home/ubuntu/ros2ws/install/ros2srrc_irb120_moveit2/share/ros2srrc_irb120_moveit2/environment/path.sh
[0.385s] -- Up-to-date symlink: /home/ubuntu/ros2ws/install/ros2srrc_irb120_moveit2/share/ros2srrc_irb120_moveit2/environment/path.dsv
[0.386s] -- Up-to-date symlink: /home/ubuntu/ros2ws/install/ros2srrc_irb120_moveit2/share/ros2srrc_irb120_moveit2/local_setup.bash
[0.386s] -- Up-to-date symlink: /home/ubuntu/ros2ws/install/ros2srrc_irb120_moveit2/share/ros2srrc_irb120_moveit2/local_setup.sh
[0.386s] -- Up-to-date symlink: /home/ubuntu/ros2ws/install/ros2srrc_irb120_moveit2/share/ros2srrc_irb120_moveit2/local_setup.zsh
[0.386s] -- Up-to-date symlink: /home/ubuntu/ros2ws/install/ros2srrc_irb120_moveit2/share/ros2srrc_irb120_moveit2/local_setup.dsv
[0.387s] -- Symlinking: /home/ubuntu/ros2ws/install/ros2srrc_irb120_moveit2/share/ros2srrc_irb120_moveit2/package.dsv
[0.416s] -- Up-to-date symlink: /home/ubuntu/ros2ws/install/ros2srrc_irb120_moveit2/share/ament_index/resource_index/packages/ros2srrc_irb120_moveit2
[0.417s] -- Up-to-date symlink: /home/ubuntu/ros2ws/install/ros2srrc_irb120_moveit2/share/ros2srrc_irb120_moveit2/cmake/ros2srrc_irb120_moveit2Config.cmake
[0.417s] -- Up-to-date symlink: /home/ubuntu/ros2ws/install/ros2srrc_irb120_moveit2/share/ros2srrc_irb120_moveit2/cmake/ros2srrc_irb120_moveit2Config-version.cmake
[0.417s] -- Up-to-date symlink: /home/ubuntu/ros2ws/install/ros2srrc_irb120_moveit2/share/ros2srrc_irb120_moveit2/package.xml
[0.429s] Invoked command in '/home/ubuntu/ros2ws/build/ros2srrc_irb120_moveit2' returned '0': CMAKE_PREFIX_PATH=${CMAKE_PREFIX_PATH}:/home/ubuntu/ros2ws/install/moveit_configs_utils:/home/ubuntu/ros2ws/install/launch_param_builder:/home/ubuntu/ros2ws/install/testV1:/home/ubuntu/ros2ws/install/gui_subscriber:/home/ubuntu/ros2ws/install/robot_letter_writer:/opt/ros/humble /usr/bin/cmake --install /home/ubuntu/ros2ws/build/ros2srrc_irb120_moveit2
