[0.176s] Invoking command in '/home/ubuntu/ros2ws/build/abb_rapid_msgs': CMAKE_PREFIX_PATH=${CMAKE_PREFIX_PATH}:/home/ubuntu/ros2ws/install/testV1:/home/ubuntu/ros2ws/install/robot_letter_writer:/opt/ros/humble /usr/bin/cmake --build /home/ubuntu/ros2ws/build/abb_rapid_msgs -- -j4 -l4
[0.689s] [  0%] Built target ament_cmake_python_symlink_abb_rapid_msgs
[0.717s] [  0%] Built target abb_rapid_msgs__cpp
[0.996s] [ 12%] Built target abb_rapid_msgs__rosidl_generator_c
[1.026s] [ 24%] Built target abb_rapid_msgs__rosidl_typesupport_introspection_cpp
[1.028s] [ 35%] Built target abb_rapid_msgs__rosidl_typesupport_fastrtps_cpp
[1.048s] running egg_info
[1.048s] writing abb_rapid_msgs.egg-info/PKG-INFO
[1.048s] writing dependency_links to abb_rapid_msgs.egg-info/dependency_links.txt
[1.048s] writing top-level names to abb_rapid_msgs.egg-info/top_level.txt
[1.052s] reading manifest file 'abb_rapid_msgs.egg-info/SOURCES.txt'
[1.070s] writing manifest file 'abb_rapid_msgs.egg-info/SOURCES.txt'
[1.113s] [ 35%] Built target ament_cmake_python_build_abb_rapid_msgs_egg
[1.134s] [ 47%] Built target abb_rapid_msgs__rosidl_typesupport_cpp
[1.144s] [ 59%] Built target abb_rapid_msgs__rosidl_typesupport_introspection_c
[1.187s] [ 71%] Built target abb_rapid_msgs__rosidl_typesupport_fastrtps_c
[1.202s] [ 83%] Built target abb_rapid_msgs__rosidl_typesupport_c
[1.310s] [ 83%] Built target abb_rapid_msgs
[1.385s] [ 84%] Built target abb_rapid_msgs__py
[1.573s] [ 95%] Built target abb_rapid_msgs__rosidl_generator_py
[1.753s] [ 96%] Built target abb_rapid_msgs__rosidl_typesupport_c__pyext
[1.761s] [ 98%] Built target abb_rapid_msgs__rosidl_typesupport_introspection_c__pyext
[1.765s] [100%] Built target abb_rapid_msgs__rosidl_typesupport_fastrtps_c__pyext
[1.795s] Invoked command in '/home/ubuntu/ros2ws/build/abb_rapid_msgs' returned '0': CMAKE_PREFIX_PATH=${CMAKE_PREFIX_PATH}:/home/ubuntu/ros2ws/install/testV1:/home/ubuntu/ros2ws/install/robot_letter_writer:/opt/ros/humble /usr/bin/cmake --build /home/ubuntu/ros2ws/build/abb_rapid_msgs -- -j4 -l4
[2.665s] Invoking command in '/home/ubuntu/ros2ws/build/abb_rapid_msgs': CMAKE_PREFIX_PATH=${CMAKE_PREFIX_PATH}:/home/ubuntu/ros2ws/install/testV1:/home/ubuntu/ros2ws/install/robot_letter_writer:/opt/ros/humble /usr/bin/cmake --install /home/ubuntu/ros2ws/build/abb_rapid_msgs
[2.682s] -- Install configuration: ""
[2.697s] -- Execute custom install script
[2.699s] -- Up-to-date symlink: /home/ubuntu/ros2ws/install/abb_rapid_msgs/share/ament_index/resource_index/rosidl_interfaces/abb_rapid_msgs
[2.711s] -- Up-to-date symlink: /home/ubuntu/ros2ws/install/abb_rapid_msgs/include/abb_rapid_msgs/abb_rapid_msgs/msg/conf_data.h
[2.712s] -- Up-to-date symlink: /home/ubuntu/ros2ws/install/abb_rapid_msgs/include/abb_rapid_msgs/abb_rapid_msgs/msg/detail/conf_data__functions.h
[2.712s] -- Up-to-date symlink: /home/ubuntu/ros2ws/install/abb_rapid_msgs/include/abb_rapid_msgs/abb_rapid_msgs/msg/detail/conf_data__struct.h
[2.713s] -- Up-to-date symlink: /home/ubuntu/ros2ws/install/abb_rapid_msgs/include/abb_rapid_msgs/abb_rapid_msgs/msg/detail/conf_data__type_support.h
[2.714s] -- Up-to-date symlink: /home/ubuntu/ros2ws/install/abb_rapid_msgs/include/abb_rapid_msgs/abb_rapid_msgs/msg/detail/ext_joint__functions.h
[2.720s] -- Up-to-date symlink: /home/ubuntu/ros2ws/install/abb_rapid_msgs/include/abb_rapid_msgs/abb_rapid_msgs/msg/detail/ext_joint__struct.h
[2.721s] -- Up-to-date symlink: /home/ubuntu/ros2ws/install/abb_rapid_msgs/include/abb_rapid_msgs/abb_rapid_msgs/msg/detail/ext_joint__type_support.h
[2.723s] -- Up-to-date symlink: /home/ubuntu/ros2ws/install/abb_rapid_msgs/include/abb_rapid_msgs/abb_rapid_msgs/msg/detail/joint_target__functions.h
[2.723s] -- Up-to-date symlink: /home/ubuntu/ros2ws/install/abb_rapid_msgs/include/abb_rapid_msgs/abb_rapid_msgs/msg/detail/joint_target__struct.h
[2.723s] -- Up-to-date symlink: /home/ubuntu/ros2ws/install/abb_rapid_msgs/include/abb_rapid_msgs/abb_rapid_msgs/msg/detail/joint_target__type_support.h
[2.724s] -- Up-to-date symlink: /home/ubuntu/ros2ws/install/abb_rapid_msgs/include/abb_rapid_msgs/abb_rapid_msgs/msg/detail/load_data__functions.h
[2.732s] -- Up-to-date symlink: /home/ubuntu/ros2ws/install/abb_rapid_msgs/include/abb_rapid_msgs/abb_rapid_msgs/msg/detail/load_data__struct.h
[2.733s] -- Up-to-date symlink: /home/ubuntu/ros2ws/install/abb_rapid_msgs/include/abb_rapid_msgs/abb_rapid_msgs/msg/detail/load_data__type_support.h
[2.733s] -- Up-to-date symlink: /home/ubuntu/ros2ws/install/abb_rapid_msgs/include/abb_rapid_msgs/abb_rapid_msgs/msg/detail/orient__functions.h
[2.738s] -- Up-to-date symlink: /home/ubuntu/ros2ws/install/abb_rapid_msgs/include/abb_rapid_msgs/abb_rapid_msgs/msg/detail/orient__struct.h
[2.738s] -- Up-to-date symlink: /home/ubuntu/ros2ws/install/abb_rapid_msgs/include/abb_rapid_msgs/abb_rapid_msgs/msg/detail/orient__type_support.h
[2.738s] -- Up-to-date symlink: /home/ubuntu/ros2ws/install/abb_rapid_msgs/include/abb_rapid_msgs/abb_rapid_msgs/msg/detail/pos__functions.h
[2.738s] -- Up-to-date symlink: /home/ubuntu/ros2ws/install/abb_rapid_msgs/include/abb_rapid_msgs/abb_rapid_msgs/msg/detail/pos__struct.h
[2.739s] -- Up-to-date symlink: /home/ubuntu/ros2ws/install/abb_rapid_msgs/include/abb_rapid_msgs/abb_rapid_msgs/msg/detail/pos__type_support.h
[2.740s] -- Up-to-date symlink: /home/ubuntu/ros2ws/install/abb_rapid_msgs/include/abb_rapid_msgs/abb_rapid_msgs/msg/detail/pose__functions.h
[2.740s] -- Up-to-date symlink: /home/ubuntu/ros2ws/install/abb_rapid_msgs/include/abb_rapid_msgs/abb_rapid_msgs/msg/detail/pose__struct.h
[2.741s] -- Up-to-date symlink: /home/ubuntu/ros2ws/install/abb_rapid_msgs/include/abb_rapid_msgs/abb_rapid_msgs/msg/detail/pose__type_support.h
[2.750s] -- Up-to-date symlink: /home/ubuntu/ros2ws/install/abb_rapid_msgs/include/abb_rapid_msgs/abb_rapid_msgs/msg/detail/rob_joint__functions.h
[2.750s] -- Up-to-date symlink: /home/ubuntu/ros2ws/install/abb_rapid_msgs/include/abb_rapid_msgs/abb_rapid_msgs/msg/detail/rob_joint__struct.h
[2.750s] -- Up-to-date symlink: /home/ubuntu/ros2ws/install/abb_rapid_msgs/include/abb_rapid_msgs/abb_rapid_msgs/msg/detail/rob_joint__type_support.h
[2.753s] -- Up-to-date symlink: /home/ubuntu/ros2ws/install/abb_rapid_msgs/include/abb_rapid_msgs/abb_rapid_msgs/msg/detail/rob_target__functions.h
[2.753s] -- Up-to-date symlink: /home/ubuntu/ros2ws/install/abb_rapid_msgs/include/abb_rapid_msgs/abb_rapid_msgs/msg/detail/rob_target__struct.h
[2.758s] -- Up-to-date symlink: /home/ubuntu/ros2ws/install/abb_rapid_msgs/include/abb_rapid_msgs/abb_rapid_msgs/msg/detail/rob_target__type_support.h
[2.758s] -- Up-to-date symlink: /home/ubuntu/ros2ws/install/abb_rapid_msgs/include/abb_rapid_msgs/abb_rapid_msgs/msg/detail/tool_data__functions.h
[2.759s] -- Up-to-date symlink: /home/ubuntu/ros2ws/install/abb_rapid_msgs/include/abb_rapid_msgs/abb_rapid_msgs/msg/detail/tool_data__struct.h
[2.759s] -- Up-to-date symlink: /home/ubuntu/ros2ws/install/abb_rapid_msgs/include/abb_rapid_msgs/abb_rapid_msgs/msg/detail/tool_data__type_support.h
[2.759s] -- Up-to-date symlink: /home/ubuntu/ros2ws/install/abb_rapid_msgs/include/abb_rapid_msgs/abb_rapid_msgs/msg/detail/w_obj_data__functions.h
[2.760s] -- Up-to-date symlink: /home/ubuntu/ros2ws/install/abb_rapid_msgs/include/abb_rapid_msgs/abb_rapid_msgs/msg/detail/w_obj_data__struct.h
[2.772s] -- Up-to-date symlink: /home/ubuntu/ros2ws/install/abb_rapid_msgs/include/abb_rapid_msgs/abb_rapid_msgs/msg/detail/w_obj_data__type_support.h
[2.773s] -- Up-to-date symlink: /home/ubuntu/ros2ws/install/abb_rapid_msgs/include/abb_rapid_msgs/abb_rapid_msgs/msg/ext_joint.h
[2.774s] -- Up-to-date symlink: /home/ubuntu/ros2ws/install/abb_rapid_msgs/include/abb_rapid_msgs/abb_rapid_msgs/msg/joint_target.h
[2.777s] -- Up-to-date symlink: /home/ubuntu/ros2ws/install/abb_rapid_msgs/include/abb_rapid_msgs/abb_rapid_msgs/msg/load_data.h
[2.779s] -- Up-to-date symlink: /home/ubuntu/ros2ws/install/abb_rapid_msgs/include/abb_rapid_msgs/abb_rapid_msgs/msg/orient.h
[2.779s] -- Up-to-date symlink: /home/ubuntu/ros2ws/install/abb_rapid_msgs/include/abb_rapid_msgs/abb_rapid_msgs/msg/pos.h
[2.779s] -- Up-to-date symlink: /home/ubuntu/ros2ws/install/abb_rapid_msgs/include/abb_rapid_msgs/abb_rapid_msgs/msg/pose.h
[2.779s] -- Up-to-date symlink: /home/ubuntu/ros2ws/install/abb_rapid_msgs/include/abb_rapid_msgs/abb_rapid_msgs/msg/rob_joint.h
[2.780s] -- Up-to-date symlink: /home/ubuntu/ros2ws/install/abb_rapid_msgs/include/abb_rapid_msgs/abb_rapid_msgs/msg/rob_target.h
[2.782s] -- Up-to-date symlink: /home/ubuntu/ros2ws/install/abb_rapid_msgs/include/abb_rapid_msgs/abb_rapid_msgs/msg/rosidl_generator_c__visibility_control.h
[2.782s] -- Up-to-date symlink: /home/ubuntu/ros2ws/install/abb_rapid_msgs/include/abb_rapid_msgs/abb_rapid_msgs/msg/tool_data.h
[2.783s] -- Up-to-date symlink: /home/ubuntu/ros2ws/install/abb_rapid_msgs/include/abb_rapid_msgs/abb_rapid_msgs/msg/w_obj_data.h
[2.783s] -- Up-to-date symlink: /home/ubuntu/ros2ws/install/abb_rapid_msgs/share/abb_rapid_msgs/environment/library_path.sh
[2.783s] -- Up-to-date symlink: /home/ubuntu/ros2ws/install/abb_rapid_msgs/share/abb_rapid_msgs/environment/library_path.dsv
[2.791s] -- Up-to-date symlink: /home/ubuntu/ros2ws/install/abb_rapid_msgs/include/abb_rapid_msgs/abb_rapid_msgs/msg/detail/conf_data__rosidl_typesupport_fastrtps_c.h
[2.791s] -- Up-to-date symlink: /home/ubuntu/ros2ws/install/abb_rapid_msgs/include/abb_rapid_msgs/abb_rapid_msgs/msg/detail/ext_joint__rosidl_typesupport_fastrtps_c.h
[2.792s] -- Up-to-date symlink: /home/ubuntu/ros2ws/install/abb_rapid_msgs/include/abb_rapid_msgs/abb_rapid_msgs/msg/detail/joint_target__rosidl_typesupport_fastrtps_c.h
[2.793s] -- Up-to-date symlink: /home/ubuntu/ros2ws/install/abb_rapid_msgs/include/abb_rapid_msgs/abb_rapid_msgs/msg/detail/load_data__rosidl_typesupport_fastrtps_c.h
[2.797s] -- Up-to-date symlink: /home/ubuntu/ros2ws/install/abb_rapid_msgs/include/abb_rapid_msgs/abb_rapid_msgs/msg/detail/orient__rosidl_typesupport_fastrtps_c.h
[2.797s] -- Up-to-date symlink: /home/ubuntu/ros2ws/install/abb_rapid_msgs/include/abb_rapid_msgs/abb_rapid_msgs/msg/detail/pos__rosidl_typesupport_fastrtps_c.h
[2.797s] -- Up-to-date symlink: /home/ubuntu/ros2ws/install/abb_rapid_msgs/include/abb_rapid_msgs/abb_rapid_msgs/msg/detail/pose__rosidl_typesupport_fastrtps_c.h
[2.797s] -- Up-to-date symlink: /home/ubuntu/ros2ws/install/abb_rapid_msgs/include/abb_rapid_msgs/abb_rapid_msgs/msg/detail/rob_joint__rosidl_typesupport_fastrtps_c.h
[2.797s] -- Up-to-date symlink: /home/ubuntu/ros2ws/install/abb_rapid_msgs/include/abb_rapid_msgs/abb_rapid_msgs/msg/detail/rob_target__rosidl_typesupport_fastrtps_c.h
[2.797s] -- Up-to-date symlink: /home/ubuntu/ros2ws/install/abb_rapid_msgs/include/abb_rapid_msgs/abb_rapid_msgs/msg/detail/tool_data__rosidl_typesupport_fastrtps_c.h
[2.797s] -- Up-to-date symlink: /home/ubuntu/ros2ws/install/abb_rapid_msgs/include/abb_rapid_msgs/abb_rapid_msgs/msg/detail/w_obj_data__rosidl_typesupport_fastrtps_c.h
[2.798s] -- Up-to-date symlink: /home/ubuntu/ros2ws/install/abb_rapid_msgs/include/abb_rapid_msgs/abb_rapid_msgs/msg/rosidl_typesupport_fastrtps_c__visibility_control.h
[2.800s] -- Up-to-date symlink: /home/ubuntu/ros2ws/install/abb_rapid_msgs/include/abb_rapid_msgs/abb_rapid_msgs/msg/detail/conf_data__rosidl_typesupport_introspection_c.h
[2.800s] -- Up-to-date symlink: /home/ubuntu/ros2ws/install/abb_rapid_msgs/include/abb_rapid_msgs/abb_rapid_msgs/msg/detail/ext_joint__rosidl_typesupport_introspection_c.h
[2.800s] -- Up-to-date symlink: /home/ubuntu/ros2ws/install/abb_rapid_msgs/include/abb_rapid_msgs/abb_rapid_msgs/msg/detail/joint_target__rosidl_typesupport_introspection_c.h
[2.800s] -- Up-to-date symlink: /home/ubuntu/ros2ws/install/abb_rapid_msgs/include/abb_rapid_msgs/abb_rapid_msgs/msg/detail/load_data__rosidl_typesupport_introspection_c.h
[2.801s] -- Up-to-date symlink: /home/ubuntu/ros2ws/install/abb_rapid_msgs/include/abb_rapid_msgs/abb_rapid_msgs/msg/detail/orient__rosidl_typesupport_introspection_c.h
[2.801s] -- Up-to-date symlink: /home/ubuntu/ros2ws/install/abb_rapid_msgs/include/abb_rapid_msgs/abb_rapid_msgs/msg/detail/pos__rosidl_typesupport_introspection_c.h
[2.802s] -- Up-to-date symlink: /home/ubuntu/ros2ws/install/abb_rapid_msgs/include/abb_rapid_msgs/abb_rapid_msgs/msg/detail/pose__rosidl_typesupport_introspection_c.h
[2.803s] -- Up-to-date symlink: /home/ubuntu/ros2ws/install/abb_rapid_msgs/include/abb_rapid_msgs/abb_rapid_msgs/msg/detail/rob_joint__rosidl_typesupport_introspection_c.h
[2.804s] -- Up-to-date symlink: /home/ubuntu/ros2ws/install/abb_rapid_msgs/include/abb_rapid_msgs/abb_rapid_msgs/msg/detail/rob_target__rosidl_typesupport_introspection_c.h
[2.808s] -- Up-to-date symlink: /home/ubuntu/ros2ws/install/abb_rapid_msgs/include/abb_rapid_msgs/abb_rapid_msgs/msg/detail/tool_data__rosidl_typesupport_introspection_c.h
[2.809s] -- Up-to-date symlink: /home/ubuntu/ros2ws/install/abb_rapid_msgs/include/abb_rapid_msgs/abb_rapid_msgs/msg/detail/w_obj_data__rosidl_typesupport_introspection_c.h
[2.810s] -- Up-to-date symlink: /home/ubuntu/ros2ws/install/abb_rapid_msgs/include/abb_rapid_msgs/abb_rapid_msgs/msg/rosidl_typesupport_introspection_c__visibility_control.h
[2.811s] -- Up-to-date symlink: /home/ubuntu/ros2ws/install/abb_rapid_msgs/include/abb_rapid_msgs/abb_rapid_msgs/msg/conf_data.hpp
[2.811s] -- Up-to-date symlink: /home/ubuntu/ros2ws/install/abb_rapid_msgs/include/abb_rapid_msgs/abb_rapid_msgs/msg/detail/conf_data__builder.hpp
[2.812s] -- Up-to-date symlink: /home/ubuntu/ros2ws/install/abb_rapid_msgs/include/abb_rapid_msgs/abb_rapid_msgs/msg/detail/conf_data__struct.hpp
[2.815s] -- Up-to-date symlink: /home/ubuntu/ros2ws/install/abb_rapid_msgs/include/abb_rapid_msgs/abb_rapid_msgs/msg/detail/conf_data__traits.hpp
[2.817s] -- Up-to-date symlink: /home/ubuntu/ros2ws/install/abb_rapid_msgs/include/abb_rapid_msgs/abb_rapid_msgs/msg/detail/ext_joint__builder.hpp
[2.824s] -- Up-to-date symlink: /home/ubuntu/ros2ws/install/abb_rapid_msgs/include/abb_rapid_msgs/abb_rapid_msgs/msg/detail/ext_joint__struct.hpp
[2.830s] -- Up-to-date symlink: /home/ubuntu/ros2ws/install/abb_rapid_msgs/include/abb_rapid_msgs/abb_rapid_msgs/msg/detail/ext_joint__traits.hpp
[2.830s] -- Up-to-date symlink: /home/ubuntu/ros2ws/install/abb_rapid_msgs/include/abb_rapid_msgs/abb_rapid_msgs/msg/detail/joint_target__builder.hpp
[2.830s] -- Up-to-date symlink: /home/ubuntu/ros2ws/install/abb_rapid_msgs/include/abb_rapid_msgs/abb_rapid_msgs/msg/detail/joint_target__struct.hpp
[2.833s] -- Up-to-date symlink: /home/ubuntu/ros2ws/install/abb_rapid_msgs/include/abb_rapid_msgs/abb_rapid_msgs/msg/detail/joint_target__traits.hpp
[2.833s] -- Up-to-date symlink: /home/ubuntu/ros2ws/install/abb_rapid_msgs/include/abb_rapid_msgs/abb_rapid_msgs/msg/detail/load_data__builder.hpp
[2.834s] -- Up-to-date symlink: /home/ubuntu/ros2ws/install/abb_rapid_msgs/include/abb_rapid_msgs/abb_rapid_msgs/msg/detail/load_data__struct.hpp
[2.837s] -- Up-to-date symlink: /home/ubuntu/ros2ws/install/abb_rapid_msgs/include/abb_rapid_msgs/abb_rapid_msgs/msg/detail/load_data__traits.hpp
[2.841s] -- Up-to-date symlink: /home/ubuntu/ros2ws/install/abb_rapid_msgs/include/abb_rapid_msgs/abb_rapid_msgs/msg/detail/orient__builder.hpp
[2.844s] -- Up-to-date symlink: /home/ubuntu/ros2ws/install/abb_rapid_msgs/include/abb_rapid_msgs/abb_rapid_msgs/msg/detail/orient__struct.hpp
[2.844s] -- Up-to-date symlink: /home/ubuntu/ros2ws/install/abb_rapid_msgs/include/abb_rapid_msgs/abb_rapid_msgs/msg/detail/orient__traits.hpp
[2.846s] -- Up-to-date symlink: /home/ubuntu/ros2ws/install/abb_rapid_msgs/include/abb_rapid_msgs/abb_rapid_msgs/msg/detail/pos__builder.hpp
[2.847s] -- Up-to-date symlink: /home/ubuntu/ros2ws/install/abb_rapid_msgs/include/abb_rapid_msgs/abb_rapid_msgs/msg/detail/pos__struct.hpp
[2.848s] -- Up-to-date symlink: /home/ubuntu/ros2ws/install/abb_rapid_msgs/include/abb_rapid_msgs/abb_rapid_msgs/msg/detail/pos__traits.hpp
[2.849s] -- Up-to-date symlink: /home/ubuntu/ros2ws/install/abb_rapid_msgs/include/abb_rapid_msgs/abb_rapid_msgs/msg/detail/pose__builder.hpp
[2.850s] -- Up-to-date symlink: /home/ubuntu/ros2ws/install/abb_rapid_msgs/include/abb_rapid_msgs/abb_rapid_msgs/msg/detail/pose__struct.hpp
[2.851s] -- Up-to-date symlink: /home/ubuntu/ros2ws/install/abb_rapid_msgs/include/abb_rapid_msgs/abb_rapid_msgs/msg/detail/pose__traits.hpp
[2.852s] -- Up-to-date symlink: /home/ubuntu/ros2ws/install/abb_rapid_msgs/include/abb_rapid_msgs/abb_rapid_msgs/msg/detail/rob_joint__builder.hpp
[2.853s] -- Up-to-date symlink: /home/ubuntu/ros2ws/install/abb_rapid_msgs/include/abb_rapid_msgs/abb_rapid_msgs/msg/detail/rob_joint__struct.hpp
[2.853s] -- Up-to-date symlink: /home/ubuntu/ros2ws/install/abb_rapid_msgs/include/abb_rapid_msgs/abb_rapid_msgs/msg/detail/rob_joint__traits.hpp
[2.854s] -- Up-to-date symlink: /home/ubuntu/ros2ws/install/abb_rapid_msgs/include/abb_rapid_msgs/abb_rapid_msgs/msg/detail/rob_target__builder.hpp
[2.855s] -- Up-to-date symlink: /home/ubuntu/ros2ws/install/abb_rapid_msgs/include/abb_rapid_msgs/abb_rapid_msgs/msg/detail/rob_target__struct.hpp
[2.857s] -- Up-to-date symlink: /home/ubuntu/ros2ws/install/abb_rapid_msgs/include/abb_rapid_msgs/abb_rapid_msgs/msg/detail/rob_target__traits.hpp
[2.858s] -- Up-to-date symlink: /home/ubuntu/ros2ws/install/abb_rapid_msgs/include/abb_rapid_msgs/abb_rapid_msgs/msg/detail/tool_data__builder.hpp
[2.858s] -- Up-to-date symlink: /home/ubuntu/ros2ws/install/abb_rapid_msgs/include/abb_rapid_msgs/abb_rapid_msgs/msg/detail/tool_data__struct.hpp
[2.859s] -- Up-to-date symlink: /home/ubuntu/ros2ws/install/abb_rapid_msgs/include/abb_rapid_msgs/abb_rapid_msgs/msg/detail/tool_data__traits.hpp
[2.860s] -- Up-to-date symlink: /home/ubuntu/ros2ws/install/abb_rapid_msgs/include/abb_rapid_msgs/abb_rapid_msgs/msg/detail/w_obj_data__builder.hpp
[2.861s] -- Up-to-date symlink: /home/ubuntu/ros2ws/install/abb_rapid_msgs/include/abb_rapid_msgs/abb_rapid_msgs/msg/detail/w_obj_data__struct.hpp
[2.862s] -- Up-to-date symlink: /home/ubuntu/ros2ws/install/abb_rapid_msgs/include/abb_rapid_msgs/abb_rapid_msgs/msg/detail/w_obj_data__traits.hpp
[2.863s] -- Up-to-date symlink: /home/ubuntu/ros2ws/install/abb_rapid_msgs/include/abb_rapid_msgs/abb_rapid_msgs/msg/ext_joint.hpp
[2.864s] -- Up-to-date symlink: /home/ubuntu/ros2ws/install/abb_rapid_msgs/include/abb_rapid_msgs/abb_rapid_msgs/msg/joint_target.hpp
[2.866s] -- Up-to-date symlink: /home/ubuntu/ros2ws/install/abb_rapid_msgs/include/abb_rapid_msgs/abb_rapid_msgs/msg/load_data.hpp
[2.866s] -- Up-to-date symlink: /home/ubuntu/ros2ws/install/abb_rapid_msgs/include/abb_rapid_msgs/abb_rapid_msgs/msg/orient.hpp
[2.868s] -- Up-to-date symlink: /home/ubuntu/ros2ws/install/abb_rapid_msgs/include/abb_rapid_msgs/abb_rapid_msgs/msg/pos.hpp
[2.868s] -- Up-to-date symlink: /home/ubuntu/ros2ws/install/abb_rapid_msgs/include/abb_rapid_msgs/abb_rapid_msgs/msg/pose.hpp
[2.892s] -- Up-to-date symlink: /home/ubuntu/ros2ws/install/abb_rapid_msgs/include/abb_rapid_msgs/abb_rapid_msgs/msg/rob_joint.hpp
[2.893s] -- Up-to-date symlink: /home/ubuntu/ros2ws/install/abb_rapid_msgs/include/abb_rapid_msgs/abb_rapid_msgs/msg/rob_target.hpp
[2.894s] -- Up-to-date symlink: /home/ubuntu/ros2ws/install/abb_rapid_msgs/include/abb_rapid_msgs/abb_rapid_msgs/msg/tool_data.hpp
[2.894s] -- Up-to-date symlink: /home/ubuntu/ros2ws/install/abb_rapid_msgs/include/abb_rapid_msgs/abb_rapid_msgs/msg/w_obj_data.hpp
[2.897s] -- Up-to-date symlink: /home/ubuntu/ros2ws/install/abb_rapid_msgs/include/abb_rapid_msgs/abb_rapid_msgs/msg/detail/conf_data__rosidl_typesupport_fastrtps_cpp.hpp
[2.897s] -- Up-to-date symlink: /home/ubuntu/ros2ws/install/abb_rapid_msgs/include/abb_rapid_msgs/abb_rapid_msgs/msg/detail/ext_joint__rosidl_typesupport_fastrtps_cpp.hpp
[2.898s] -- Up-to-date symlink: /home/ubuntu/ros2ws/install/abb_rapid_msgs/include/abb_rapid_msgs/abb_rapid_msgs/msg/detail/joint_target__rosidl_typesupport_fastrtps_cpp.hpp
[2.899s] -- Up-to-date symlink: /home/ubuntu/ros2ws/install/abb_rapid_msgs/include/abb_rapid_msgs/abb_rapid_msgs/msg/detail/load_data__rosidl_typesupport_fastrtps_cpp.hpp
[2.912s] -- Up-to-date symlink: /home/ubuntu/ros2ws/install/abb_rapid_msgs/include/abb_rapid_msgs/abb_rapid_msgs/msg/detail/orient__rosidl_typesupport_fastrtps_cpp.hpp
[2.913s] -- Up-to-date symlink: /home/ubuntu/ros2ws/install/abb_rapid_msgs/include/abb_rapid_msgs/abb_rapid_msgs/msg/detail/pos__rosidl_typesupport_fastrtps_cpp.hpp
[2.931s] -- Up-to-date symlink: /home/ubuntu/ros2ws/install/abb_rapid_msgs/include/abb_rapid_msgs/abb_rapid_msgs/msg/detail/pose__rosidl_typesupport_fastrtps_cpp.hpp
[2.935s] -- Up-to-date symlink: /home/ubuntu/ros2ws/install/abb_rapid_msgs/include/abb_rapid_msgs/abb_rapid_msgs/msg/detail/rob_joint__rosidl_typesupport_fastrtps_cpp.hpp
[2.936s] -- Up-to-date symlink: /home/ubuntu/ros2ws/install/abb_rapid_msgs/include/abb_rapid_msgs/abb_rapid_msgs/msg/detail/rob_target__rosidl_typesupport_fastrtps_cpp.hpp
[2.937s] -- Up-to-date symlink: /home/ubuntu/ros2ws/install/abb_rapid_msgs/include/abb_rapid_msgs/abb_rapid_msgs/msg/detail/tool_data__rosidl_typesupport_fastrtps_cpp.hpp
[2.946s] -- Up-to-date symlink: /home/ubuntu/ros2ws/install/abb_rapid_msgs/include/abb_rapid_msgs/abb_rapid_msgs/msg/detail/w_obj_data__rosidl_typesupport_fastrtps_cpp.hpp
[2.947s] -- Up-to-date symlink: /home/ubuntu/ros2ws/install/abb_rapid_msgs/include/abb_rapid_msgs/abb_rapid_msgs/msg/rosidl_typesupport_fastrtps_cpp__visibility_control.h
[2.958s] -- Up-to-date symlink: /home/ubuntu/ros2ws/install/abb_rapid_msgs/include/abb_rapid_msgs/abb_rapid_msgs/msg/detail/conf_data__rosidl_typesupport_introspection_cpp.hpp
[2.959s] -- Up-to-date symlink: /home/ubuntu/ros2ws/install/abb_rapid_msgs/include/abb_rapid_msgs/abb_rapid_msgs/msg/detail/ext_joint__rosidl_typesupport_introspection_cpp.hpp
[2.962s] -- Up-to-date symlink: /home/ubuntu/ros2ws/install/abb_rapid_msgs/include/abb_rapid_msgs/abb_rapid_msgs/msg/detail/joint_target__rosidl_typesupport_introspection_cpp.hpp
[2.962s] -- Up-to-date symlink: /home/ubuntu/ros2ws/install/abb_rapid_msgs/include/abb_rapid_msgs/abb_rapid_msgs/msg/detail/load_data__rosidl_typesupport_introspection_cpp.hpp
[2.963s] -- Up-to-date symlink: /home/ubuntu/ros2ws/install/abb_rapid_msgs/include/abb_rapid_msgs/abb_rapid_msgs/msg/detail/orient__rosidl_typesupport_introspection_cpp.hpp
[2.963s] -- Up-to-date symlink: /home/ubuntu/ros2ws/install/abb_rapid_msgs/include/abb_rapid_msgs/abb_rapid_msgs/msg/detail/pos__rosidl_typesupport_introspection_cpp.hpp
[2.963s] -- Up-to-date symlink: /home/ubuntu/ros2ws/install/abb_rapid_msgs/include/abb_rapid_msgs/abb_rapid_msgs/msg/detail/pose__rosidl_typesupport_introspection_cpp.hpp
[2.964s] -- Up-to-date symlink: /home/ubuntu/ros2ws/install/abb_rapid_msgs/include/abb_rapid_msgs/abb_rapid_msgs/msg/detail/rob_joint__rosidl_typesupport_introspection_cpp.hpp
[2.964s] -- Up-to-date symlink: /home/ubuntu/ros2ws/install/abb_rapid_msgs/include/abb_rapid_msgs/abb_rapid_msgs/msg/detail/rob_target__rosidl_typesupport_introspection_cpp.hpp
[2.976s] -- Up-to-date symlink: /home/ubuntu/ros2ws/install/abb_rapid_msgs/include/abb_rapid_msgs/abb_rapid_msgs/msg/detail/tool_data__rosidl_typesupport_introspection_cpp.hpp
[2.976s] -- Up-to-date symlink: /home/ubuntu/ros2ws/install/abb_rapid_msgs/include/abb_rapid_msgs/abb_rapid_msgs/msg/detail/w_obj_data__rosidl_typesupport_introspection_cpp.hpp
[2.979s] -- Up-to-date symlink: /home/ubuntu/ros2ws/install/abb_rapid_msgs/share/abb_rapid_msgs/environment/pythonpath.sh
[2.981s] -- Up-to-date symlink: /home/ubuntu/ros2ws/install/abb_rapid_msgs/share/abb_rapid_msgs/environment/pythonpath.dsv
[2.982s] -- Up-to-date symlink: /home/ubuntu/ros2ws/install/abb_rapid_msgs/local/lib/python3.10/dist-packages/abb_rapid_msgs-1.0.0-py3.10.egg-info/PKG-INFO
[2.982s] -- Up-to-date symlink: /home/ubuntu/ros2ws/install/abb_rapid_msgs/local/lib/python3.10/dist-packages/abb_rapid_msgs-1.0.0-py3.10.egg-info/SOURCES.txt
[2.982s] -- Up-to-date symlink: /home/ubuntu/ros2ws/install/abb_rapid_msgs/local/lib/python3.10/dist-packages/abb_rapid_msgs-1.0.0-py3.10.egg-info/dependency_links.txt
[2.982s] -- Up-to-date symlink: /home/ubuntu/ros2ws/install/abb_rapid_msgs/local/lib/python3.10/dist-packages/abb_rapid_msgs-1.0.0-py3.10.egg-info/top_level.txt
[2.983s] -- Up-to-date symlink: /home/ubuntu/ros2ws/install/abb_rapid_msgs/local/lib/python3.10/dist-packages/abb_rapid_msgs/__init__.py
[2.985s] -- Up-to-date symlink: /home/ubuntu/ros2ws/install/abb_rapid_msgs/local/lib/python3.10/dist-packages/abb_rapid_msgs/_abb_rapid_msgs_s.ep.rosidl_typesupport_c.c
[2.986s] -- Up-to-date symlink: /home/ubuntu/ros2ws/install/abb_rapid_msgs/local/lib/python3.10/dist-packages/abb_rapid_msgs/_abb_rapid_msgs_s.ep.rosidl_typesupport_fastrtps_c.c
[2.986s] -- Up-to-date symlink: /home/ubuntu/ros2ws/install/abb_rapid_msgs/local/lib/python3.10/dist-packages/abb_rapid_msgs/_abb_rapid_msgs_s.ep.rosidl_typesupport_introspection_c.c
[2.986s] -- Up-to-date symlink: /home/ubuntu/ros2ws/install/abb_rapid_msgs/local/lib/python3.10/dist-packages/abb_rapid_msgs/abb_rapid_msgs_s__rosidl_typesupport_c.cpython-310-x86_64-linux-gnu.so
[2.986s] -- Up-to-date symlink: /home/ubuntu/ros2ws/install/abb_rapid_msgs/local/lib/python3.10/dist-packages/abb_rapid_msgs/abb_rapid_msgs_s__rosidl_typesupport_fastrtps_c.cpython-310-x86_64-linux-gnu.so
[2.986s] -- Up-to-date symlink: /home/ubuntu/ros2ws/install/abb_rapid_msgs/local/lib/python3.10/dist-packages/abb_rapid_msgs/abb_rapid_msgs_s__rosidl_typesupport_introspection_c.cpython-310-x86_64-linux-gnu.so
[2.986s] -- Up-to-date symlink: /home/ubuntu/ros2ws/install/abb_rapid_msgs/local/lib/python3.10/dist-packages/abb_rapid_msgs/libabb_rapid_msgs__rosidl_generator_py.so
[2.986s] -- Up-to-date symlink: /home/ubuntu/ros2ws/install/abb_rapid_msgs/local/lib/python3.10/dist-packages/abb_rapid_msgs/msg/__init__.py
[2.986s] -- Up-to-date symlink: /home/ubuntu/ros2ws/install/abb_rapid_msgs/local/lib/python3.10/dist-packages/abb_rapid_msgs/msg/_conf_data.py
[2.990s] -- Up-to-date symlink: /home/ubuntu/ros2ws/install/abb_rapid_msgs/local/lib/python3.10/dist-packages/abb_rapid_msgs/msg/_conf_data_s.c
[2.991s] -- Up-to-date symlink: /home/ubuntu/ros2ws/install/abb_rapid_msgs/local/lib/python3.10/dist-packages/abb_rapid_msgs/msg/_ext_joint.py
[2.991s] -- Up-to-date symlink: /home/ubuntu/ros2ws/install/abb_rapid_msgs/local/lib/python3.10/dist-packages/abb_rapid_msgs/msg/_ext_joint_s.c
[2.993s] -- Up-to-date symlink: /home/ubuntu/ros2ws/install/abb_rapid_msgs/local/lib/python3.10/dist-packages/abb_rapid_msgs/msg/_joint_target.py
[2.994s] -- Up-to-date symlink: /home/ubuntu/ros2ws/install/abb_rapid_msgs/local/lib/python3.10/dist-packages/abb_rapid_msgs/msg/_joint_target_s.c
[2.994s] -- Up-to-date symlink: /home/ubuntu/ros2ws/install/abb_rapid_msgs/local/lib/python3.10/dist-packages/abb_rapid_msgs/msg/_load_data.py
[2.994s] -- Up-to-date symlink: /home/ubuntu/ros2ws/install/abb_rapid_msgs/local/lib/python3.10/dist-packages/abb_rapid_msgs/msg/_load_data_s.c
[2.995s] -- Up-to-date symlink: /home/ubuntu/ros2ws/install/abb_rapid_msgs/local/lib/python3.10/dist-packages/abb_rapid_msgs/msg/_orient.py
[2.996s] -- Up-to-date symlink: /home/ubuntu/ros2ws/install/abb_rapid_msgs/local/lib/python3.10/dist-packages/abb_rapid_msgs/msg/_orient_s.c
[2.997s] -- Up-to-date symlink: /home/ubuntu/ros2ws/install/abb_rapid_msgs/local/lib/python3.10/dist-packages/abb_rapid_msgs/msg/_pos.py
[2.997s] -- Up-to-date symlink: /home/ubuntu/ros2ws/install/abb_rapid_msgs/local/lib/python3.10/dist-packages/abb_rapid_msgs/msg/_pos_s.c
[2.997s] -- Up-to-date symlink: /home/ubuntu/ros2ws/install/abb_rapid_msgs/local/lib/python3.10/dist-packages/abb_rapid_msgs/msg/_pose.py
[2.998s] -- Up-to-date symlink: /home/ubuntu/ros2ws/install/abb_rapid_msgs/local/lib/python3.10/dist-packages/abb_rapid_msgs/msg/_pose_s.c
[3.000s] -- Up-to-date symlink: /home/ubuntu/ros2ws/install/abb_rapid_msgs/local/lib/python3.10/dist-packages/abb_rapid_msgs/msg/_rob_joint.py
[3.001s] -- Up-to-date symlink: /home/ubuntu/ros2ws/install/abb_rapid_msgs/local/lib/python3.10/dist-packages/abb_rapid_msgs/msg/_rob_joint_s.c
[3.001s] -- Up-to-date symlink: /home/ubuntu/ros2ws/install/abb_rapid_msgs/local/lib/python3.10/dist-packages/abb_rapid_msgs/msg/_rob_target.py
[3.002s] -- Up-to-date symlink: /home/ubuntu/ros2ws/install/abb_rapid_msgs/local/lib/python3.10/dist-packages/abb_rapid_msgs/msg/_rob_target_s.c
[3.002s] -- Up-to-date symlink: /home/ubuntu/ros2ws/install/abb_rapid_msgs/local/lib/python3.10/dist-packages/abb_rapid_msgs/msg/_tool_data.py
[3.003s] -- Up-to-date symlink: /home/ubuntu/ros2ws/install/abb_rapid_msgs/local/lib/python3.10/dist-packages/abb_rapid_msgs/msg/_tool_data_s.c
[3.003s] -- Up-to-date symlink: /home/ubuntu/ros2ws/install/abb_rapid_msgs/local/lib/python3.10/dist-packages/abb_rapid_msgs/msg/_w_obj_data.py
[3.004s] -- Up-to-date symlink: /home/ubuntu/ros2ws/install/abb_rapid_msgs/local/lib/python3.10/dist-packages/abb_rapid_msgs/msg/_w_obj_data_s.c
[3.028s] -- Up-to-date symlink: /home/ubuntu/ros2ws/install/abb_rapid_msgs/local/lib/python3.10/dist-packages/abb_rapid_msgs/abb_rapid_msgs_s__rosidl_typesupport_fastrtps_c.cpython-310-x86_64-linux-gnu.so
[3.030s] -- Up-to-date symlink: /home/ubuntu/ros2ws/install/abb_rapid_msgs/local/lib/python3.10/dist-packages/abb_rapid_msgs/abb_rapid_msgs_s__rosidl_typesupport_introspection_c.cpython-310-x86_64-linux-gnu.so
[3.033s] -- Up-to-date symlink: /home/ubuntu/ros2ws/install/abb_rapid_msgs/local/lib/python3.10/dist-packages/abb_rapid_msgs/abb_rapid_msgs_s__rosidl_typesupport_c.cpython-310-x86_64-linux-gnu.so
[3.033s] -- Up-to-date symlink: /home/ubuntu/ros2ws/install/abb_rapid_msgs/share/abb_rapid_msgs/msg/ConfData.idl
[3.034s] -- Up-to-date symlink: /home/ubuntu/ros2ws/install/abb_rapid_msgs/share/abb_rapid_msgs/msg/ExtJoint.idl
[3.034s] -- Up-to-date symlink: /home/ubuntu/ros2ws/install/abb_rapid_msgs/share/abb_rapid_msgs/msg/JointTarget.idl
[3.034s] -- Up-to-date symlink: /home/ubuntu/ros2ws/install/abb_rapid_msgs/share/abb_rapid_msgs/msg/LoadData.idl
[3.034s] -- Up-to-date symlink: /home/ubuntu/ros2ws/install/abb_rapid_msgs/share/abb_rapid_msgs/msg/Orient.idl
[3.035s] -- Up-to-date symlink: /home/ubuntu/ros2ws/install/abb_rapid_msgs/share/abb_rapid_msgs/msg/Pos.idl
[3.035s] -- Up-to-date symlink: /home/ubuntu/ros2ws/install/abb_rapid_msgs/share/abb_rapid_msgs/msg/Pose.idl
[3.037s] -- Up-to-date symlink: /home/ubuntu/ros2ws/install/abb_rapid_msgs/share/abb_rapid_msgs/msg/RobJoint.idl
[3.037s] -- Up-to-date symlink: /home/ubuntu/ros2ws/install/abb_rapid_msgs/share/abb_rapid_msgs/msg/RobTarget.idl
[3.037s] -- Up-to-date symlink: /home/ubuntu/ros2ws/install/abb_rapid_msgs/share/abb_rapid_msgs/msg/ToolData.idl
[3.039s] -- Up-to-date symlink: /home/ubuntu/ros2ws/install/abb_rapid_msgs/share/abb_rapid_msgs/msg/WObjData.idl
[3.040s] -- Up-to-date symlink: /home/ubuntu/ros2ws/install/abb_rapid_msgs/share/abb_rapid_msgs/msg/ConfData.msg
[3.042s] -- Up-to-date symlink: /home/ubuntu/ros2ws/install/abb_rapid_msgs/share/abb_rapid_msgs/msg/ExtJoint.msg
[3.043s] -- Up-to-date symlink: /home/ubuntu/ros2ws/install/abb_rapid_msgs/share/abb_rapid_msgs/msg/JointTarget.msg
[3.043s] -- Up-to-date symlink: /home/ubuntu/ros2ws/install/abb_rapid_msgs/share/abb_rapid_msgs/msg/LoadData.msg
[3.044s] -- Up-to-date symlink: /home/ubuntu/ros2ws/install/abb_rapid_msgs/share/abb_rapid_msgs/msg/Orient.msg
[3.047s] -- Up-to-date symlink: /home/ubuntu/ros2ws/install/abb_rapid_msgs/share/abb_rapid_msgs/msg/Pos.msg
[3.048s] -- Up-to-date symlink: /home/ubuntu/ros2ws/install/abb_rapid_msgs/share/abb_rapid_msgs/msg/Pose.msg
[3.048s] -- Up-to-date symlink: /home/ubuntu/ros2ws/install/abb_rapid_msgs/share/abb_rapid_msgs/msg/RobJoint.msg
[3.049s] -- Up-to-date symlink: /home/ubuntu/ros2ws/install/abb_rapid_msgs/share/abb_rapid_msgs/msg/RobTarget.msg
[3.050s] -- Up-to-date symlink: /home/ubuntu/ros2ws/install/abb_rapid_msgs/share/abb_rapid_msgs/msg/ToolData.msg
[3.051s] -- Up-to-date symlink: /home/ubuntu/ros2ws/install/abb_rapid_msgs/share/abb_rapid_msgs/msg/WObjData.msg
[3.051s] -- Up-to-date symlink: /home/ubuntu/ros2ws/install/abb_rapid_msgs/share/ament_index/resource_index/package_run_dependencies/abb_rapid_msgs
[3.053s] -- Up-to-date symlink: /home/ubuntu/ros2ws/install/abb_rapid_msgs/share/ament_index/resource_index/parent_prefix_path/abb_rapid_msgs
[3.054s] -- Up-to-date symlink: /home/ubuntu/ros2ws/install/abb_rapid_msgs/share/abb_rapid_msgs/environment/ament_prefix_path.sh
[3.054s] -- Up-to-date symlink: /home/ubuntu/ros2ws/install/abb_rapid_msgs/share/abb_rapid_msgs/environment/ament_prefix_path.dsv
[3.055s] -- Up-to-date symlink: /home/ubuntu/ros2ws/install/abb_rapid_msgs/share/abb_rapid_msgs/environment/path.sh
[3.055s] -- Up-to-date symlink: /home/ubuntu/ros2ws/install/abb_rapid_msgs/share/abb_rapid_msgs/environment/path.dsv
[3.056s] -- Up-to-date symlink: /home/ubuntu/ros2ws/install/abb_rapid_msgs/share/abb_rapid_msgs/local_setup.bash
[3.056s] -- Up-to-date symlink: /home/ubuntu/ros2ws/install/abb_rapid_msgs/share/abb_rapid_msgs/local_setup.sh
[3.057s] -- Up-to-date symlink: /home/ubuntu/ros2ws/install/abb_rapid_msgs/share/abb_rapid_msgs/local_setup.zsh
[3.058s] -- Up-to-date symlink: /home/ubuntu/ros2ws/install/abb_rapid_msgs/share/abb_rapid_msgs/local_setup.dsv
[3.059s] -- Symlinking: /home/ubuntu/ros2ws/install/abb_rapid_msgs/share/abb_rapid_msgs/package.dsv
[3.075s] -- Up-to-date symlink: /home/ubuntu/ros2ws/install/abb_rapid_msgs/share/ament_index/resource_index/packages/abb_rapid_msgs
[3.075s] -- Up-to-date symlink: /home/ubuntu/ros2ws/install/abb_rapid_msgs/share/abb_rapid_msgs/cmake/rosidl_cmake-extras.cmake
[3.077s] -- Up-to-date symlink: /home/ubuntu/ros2ws/install/abb_rapid_msgs/share/abb_rapid_msgs/cmake/ament_cmake_export_include_directories-extras.cmake
[3.077s] -- Up-to-date symlink: /home/ubuntu/ros2ws/install/abb_rapid_msgs/share/abb_rapid_msgs/cmake/ament_cmake_export_libraries-extras.cmake
[3.078s] -- Up-to-date symlink: /home/ubuntu/ros2ws/install/abb_rapid_msgs/share/abb_rapid_msgs/cmake/ament_cmake_export_targets-extras.cmake
[3.078s] -- Up-to-date symlink: /home/ubuntu/ros2ws/install/abb_rapid_msgs/share/abb_rapid_msgs/cmake/rosidl_cmake_export_typesupport_targets-extras.cmake
[3.078s] -- Up-to-date symlink: /home/ubuntu/ros2ws/install/abb_rapid_msgs/share/abb_rapid_msgs/cmake/ament_cmake_export_dependencies-extras.cmake
[3.079s] -- Up-to-date symlink: /home/ubuntu/ros2ws/install/abb_rapid_msgs/share/abb_rapid_msgs/cmake/rosidl_cmake_export_typesupport_libraries-extras.cmake
[3.080s] -- Up-to-date symlink: /home/ubuntu/ros2ws/install/abb_rapid_msgs/share/abb_rapid_msgs/cmake/abb_rapid_msgsConfig.cmake
[3.081s] -- Up-to-date symlink: /home/ubuntu/ros2ws/install/abb_rapid_msgs/share/abb_rapid_msgs/cmake/abb_rapid_msgsConfig-version.cmake
[3.081s] -- Up-to-date symlink: /home/ubuntu/ros2ws/install/abb_rapid_msgs/share/abb_rapid_msgs/package.xml
[3.109s] -- Up-to-date: /home/ubuntu/ros2ws/install/abb_rapid_msgs/lib/libabb_rapid_msgs__rosidl_generator_c.so
[3.120s] -- Up-to-date: /home/ubuntu/ros2ws/install/abb_rapid_msgs/lib/libabb_rapid_msgs__rosidl_typesupport_fastrtps_c.so
[3.131s] -- Up-to-date: /home/ubuntu/ros2ws/install/abb_rapid_msgs/lib/libabb_rapid_msgs__rosidl_typesupport_introspection_c.so
[3.134s] -- Up-to-date: /home/ubuntu/ros2ws/install/abb_rapid_msgs/lib/libabb_rapid_msgs__rosidl_typesupport_c.so
[3.147s] -- Up-to-date: /home/ubuntu/ros2ws/install/abb_rapid_msgs/lib/libabb_rapid_msgs__rosidl_typesupport_fastrtps_cpp.so
[3.156s] -- Up-to-date: /home/ubuntu/ros2ws/install/abb_rapid_msgs/lib/libabb_rapid_msgs__rosidl_typesupport_introspection_cpp.so
[3.158s] -- Up-to-date: /home/ubuntu/ros2ws/install/abb_rapid_msgs/lib/libabb_rapid_msgs__rosidl_typesupport_cpp.so
[3.240s] Listing '/home/ubuntu/ros2ws/install/abb_rapid_msgs/local/lib/python3.10/dist-packages/abb_rapid_msgs'...
[3.240s] Listing '/home/ubuntu/ros2ws/install/abb_rapid_msgs/local/lib/python3.10/dist-packages/abb_rapid_msgs/msg'...
[3.255s] -- Up-to-date: /home/ubuntu/ros2ws/install/abb_rapid_msgs/lib/libabb_rapid_msgs__rosidl_generator_py.so
[3.264s] -- Up-to-date: /home/ubuntu/ros2ws/install/abb_rapid_msgs/share/abb_rapid_msgs/cmake/export_abb_rapid_msgs__rosidl_generator_cExport.cmake
[3.264s] -- Up-to-date: /home/ubuntu/ros2ws/install/abb_rapid_msgs/share/abb_rapid_msgs/cmake/export_abb_rapid_msgs__rosidl_generator_cExport-noconfig.cmake
[3.265s] -- Up-to-date: /home/ubuntu/ros2ws/install/abb_rapid_msgs/share/abb_rapid_msgs/cmake/export_abb_rapid_msgs__rosidl_typesupport_fastrtps_cExport.cmake
[3.265s] -- Up-to-date: /home/ubuntu/ros2ws/install/abb_rapid_msgs/share/abb_rapid_msgs/cmake/export_abb_rapid_msgs__rosidl_typesupport_fastrtps_cExport-noconfig.cmake
[3.265s] -- Up-to-date: /home/ubuntu/ros2ws/install/abb_rapid_msgs/share/abb_rapid_msgs/cmake/abb_rapid_msgs__rosidl_typesupport_introspection_cExport.cmake
[3.265s] -- Up-to-date: /home/ubuntu/ros2ws/install/abb_rapid_msgs/share/abb_rapid_msgs/cmake/abb_rapid_msgs__rosidl_typesupport_introspection_cExport-noconfig.cmake
[3.267s] -- Up-to-date: /home/ubuntu/ros2ws/install/abb_rapid_msgs/share/abb_rapid_msgs/cmake/abb_rapid_msgs__rosidl_typesupport_cExport.cmake
[3.267s] -- Up-to-date: /home/ubuntu/ros2ws/install/abb_rapid_msgs/share/abb_rapid_msgs/cmake/abb_rapid_msgs__rosidl_typesupport_cExport-noconfig.cmake
[3.269s] -- Up-to-date: /home/ubuntu/ros2ws/install/abb_rapid_msgs/share/abb_rapid_msgs/cmake/export_abb_rapid_msgs__rosidl_generator_cppExport.cmake
[3.280s] -- Up-to-date: /home/ubuntu/ros2ws/install/abb_rapid_msgs/share/abb_rapid_msgs/cmake/export_abb_rapid_msgs__rosidl_typesupport_fastrtps_cppExport.cmake
[3.281s] -- Up-to-date: /home/ubuntu/ros2ws/install/abb_rapid_msgs/share/abb_rapid_msgs/cmake/export_abb_rapid_msgs__rosidl_typesupport_fastrtps_cppExport-noconfig.cmake
[3.282s] -- Up-to-date: /home/ubuntu/ros2ws/install/abb_rapid_msgs/share/abb_rapid_msgs/cmake/abb_rapid_msgs__rosidl_typesupport_introspection_cppExport.cmake
[3.282s] -- Up-to-date: /home/ubuntu/ros2ws/install/abb_rapid_msgs/share/abb_rapid_msgs/cmake/abb_rapid_msgs__rosidl_typesupport_introspection_cppExport-noconfig.cmake
[3.283s] -- Up-to-date: /home/ubuntu/ros2ws/install/abb_rapid_msgs/share/abb_rapid_msgs/cmake/abb_rapid_msgs__rosidl_typesupport_cppExport.cmake
[3.284s] -- Up-to-date: /home/ubuntu/ros2ws/install/abb_rapid_msgs/share/abb_rapid_msgs/cmake/abb_rapid_msgs__rosidl_typesupport_cppExport-noconfig.cmake
[3.285s] -- Up-to-date: /home/ubuntu/ros2ws/install/abb_rapid_msgs/share/abb_rapid_msgs/cmake/export_abb_rapid_msgs__rosidl_generator_pyExport.cmake
[3.285s] -- Up-to-date: /home/ubuntu/ros2ws/install/abb_rapid_msgs/share/abb_rapid_msgs/cmake/export_abb_rapid_msgs__rosidl_generator_pyExport-noconfig.cmake
[3.317s] Invoked command in '/home/ubuntu/ros2ws/build/abb_rapid_msgs' returned '0': CMAKE_PREFIX_PATH=${CMAKE_PREFIX_PATH}:/home/ubuntu/ros2ws/install/testV1:/home/ubuntu/ros2ws/install/robot_letter_writer:/opt/ros/humble /usr/bin/cmake --install /home/ubuntu/ros2ws/build/abb_rapid_msgs
