[0.088s] Invoking command in '/home/ubuntu/ros2ws/build/abb_rapid_msgs': CMAKE_PREFIX_PATH=${CMAKE_PREFIX_PATH}:/home/ubuntu/ros2ws/install/moveit_configs_utils:/home/ubuntu/ros2ws/install/launch_param_builder:/home/ubuntu/ros2ws/install/testV1:/home/ubuntu/ros2ws/install/gui_subscriber:/home/ubuntu/ros2ws/install/robot_letter_writer:/opt/ros/humble /usr/bin/cmake --build /home/ubuntu/ros2ws/build/abb_rapid_msgs -- -j4 -l4
[0.324s] [ 12%] Built target abb_rapid_msgs__rosidl_generator_c
[0.456s] [ 12%] Built target ament_cmake_python_symlink_abb_rapid_msgs
[0.548s] [ 24%] Built target abb_rapid_msgs__rosidl_typesupport_introspection_c
[0.632s] [ 36%] Built target abb_rapid_msgs__rosidl_typesupport_c
[1.287s] running egg_info
[1.289s] writing abb_rapid_msgs.egg-info/PKG-INFO
[1.291s] writing dependency_links to abb_rapid_msgs.egg-info/dependency_links.txt
[1.291s] writing top-level names to abb_rapid_msgs.egg-info/top_level.txt
[1.298s] reading manifest file 'abb_rapid_msgs.egg-info/SOURCES.txt'
[1.301s] writing manifest file 'abb_rapid_msgs.egg-info/SOURCES.txt'
[1.389s] [ 36%] Built target ament_cmake_python_build_abb_rapid_msgs_egg
[1.478s] [ 48%] Built target abb_rapid_msgs__rosidl_typesupport_fastrtps_c
[1.553s] [ 48%] Built target abb_rapid_msgs__cpp
[1.652s] [ 59%] Built target abb_rapid_msgs__rosidl_typesupport_fastrtps_cpp
[1.749s] [ 71%] Built target abb_rapid_msgs__rosidl_typesupport_cpp
[1.861s] [ 83%] Built target abb_rapid_msgs__rosidl_typesupport_introspection_cpp
[1.973s] [ 83%] Built target abb_rapid_msgs
[2.052s] [ 84%] Built target abb_rapid_msgs__py
[2.156s] [ 95%] Built target abb_rapid_msgs__rosidl_generator_py
[2.261s] [ 97%] Built target abb_rapid_msgs__rosidl_typesupport_fastrtps_c__pyext
[2.353s] [ 98%] Built target abb_rapid_msgs__rosidl_typesupport_c__pyext
[2.445s] [100%] Built target abb_rapid_msgs__rosidl_typesupport_introspection_c__pyext
[2.490s] Invoked command in '/home/ubuntu/ros2ws/build/abb_rapid_msgs' returned '0': CMAKE_PREFIX_PATH=${CMAKE_PREFIX_PATH}:/home/ubuntu/ros2ws/install/moveit_configs_utils:/home/ubuntu/ros2ws/install/launch_param_builder:/home/ubuntu/ros2ws/install/testV1:/home/ubuntu/ros2ws/install/gui_subscriber:/home/ubuntu/ros2ws/install/robot_letter_writer:/opt/ros/humble /usr/bin/cmake --build /home/ubuntu/ros2ws/build/abb_rapid_msgs -- -j4 -l4
[5.090s] Invoking command in '/home/ubuntu/ros2ws/build/abb_rapid_msgs': CMAKE_PREFIX_PATH=${CMAKE_PREFIX_PATH}:/home/ubuntu/ros2ws/install/moveit_configs_utils:/home/ubuntu/ros2ws/install/launch_param_builder:/home/ubuntu/ros2ws/install/testV1:/home/ubuntu/ros2ws/install/gui_subscriber:/home/ubuntu/ros2ws/install/robot_letter_writer:/opt/ros/humble /usr/bin/cmake --install /home/ubuntu/ros2ws/build/abb_rapid_msgs
[5.132s] -- Install configuration: ""
[5.139s] -- Execute custom install script
[5.139s] -- Up-to-date symlink: /home/ubuntu/ros2ws/install/abb_rapid_msgs/share/ament_index/resource_index/rosidl_interfaces/abb_rapid_msgs
[5.139s] -- Up-to-date symlink: /home/ubuntu/ros2ws/install/abb_rapid_msgs/include/abb_rapid_msgs/abb_rapid_msgs/msg/conf_data.h
[5.139s] -- Up-to-date symlink: /home/ubuntu/ros2ws/install/abb_rapid_msgs/include/abb_rapid_msgs/abb_rapid_msgs/msg/detail/conf_data__functions.h
[5.139s] -- Up-to-date symlink: /home/ubuntu/ros2ws/install/abb_rapid_msgs/include/abb_rapid_msgs/abb_rapid_msgs/msg/detail/conf_data__struct.h
[5.139s] -- Up-to-date symlink: /home/ubuntu/ros2ws/install/abb_rapid_msgs/include/abb_rapid_msgs/abb_rapid_msgs/msg/detail/conf_data__type_support.h
[5.140s] -- Up-to-date symlink: /home/ubuntu/ros2ws/install/abb_rapid_msgs/include/abb_rapid_msgs/abb_rapid_msgs/msg/detail/ext_joint__functions.h
[5.140s] -- Up-to-date symlink: /home/ubuntu/ros2ws/install/abb_rapid_msgs/include/abb_rapid_msgs/abb_rapid_msgs/msg/detail/ext_joint__struct.h
[5.144s] -- Up-to-date symlink: /home/ubuntu/ros2ws/install/abb_rapid_msgs/include/abb_rapid_msgs/abb_rapid_msgs/msg/detail/ext_joint__type_support.h
[5.144s] -- Up-to-date symlink: /home/ubuntu/ros2ws/install/abb_rapid_msgs/include/abb_rapid_msgs/abb_rapid_msgs/msg/detail/joint_target__functions.h
[5.144s] -- Up-to-date symlink: /home/ubuntu/ros2ws/install/abb_rapid_msgs/include/abb_rapid_msgs/abb_rapid_msgs/msg/detail/joint_target__struct.h
[5.144s] -- Up-to-date symlink: /home/ubuntu/ros2ws/install/abb_rapid_msgs/include/abb_rapid_msgs/abb_rapid_msgs/msg/detail/joint_target__type_support.h
[5.144s] -- Up-to-date symlink: /home/ubuntu/ros2ws/install/abb_rapid_msgs/include/abb_rapid_msgs/abb_rapid_msgs/msg/detail/load_data__functions.h
[5.144s] -- Up-to-date symlink: /home/ubuntu/ros2ws/install/abb_rapid_msgs/include/abb_rapid_msgs/abb_rapid_msgs/msg/detail/load_data__struct.h
[5.151s] -- Up-to-date symlink: /home/ubuntu/ros2ws/install/abb_rapid_msgs/include/abb_rapid_msgs/abb_rapid_msgs/msg/detail/load_data__type_support.h
[5.151s] -- Up-to-date symlink: /home/ubuntu/ros2ws/install/abb_rapid_msgs/include/abb_rapid_msgs/abb_rapid_msgs/msg/detail/orient__functions.h
[5.151s] -- Up-to-date symlink: /home/ubuntu/ros2ws/install/abb_rapid_msgs/include/abb_rapid_msgs/abb_rapid_msgs/msg/detail/orient__struct.h
[5.151s] -- Up-to-date symlink: /home/ubuntu/ros2ws/install/abb_rapid_msgs/include/abb_rapid_msgs/abb_rapid_msgs/msg/detail/orient__type_support.h
[5.151s] -- Up-to-date symlink: /home/ubuntu/ros2ws/install/abb_rapid_msgs/include/abb_rapid_msgs/abb_rapid_msgs/msg/detail/pos__functions.h
[5.151s] -- Up-to-date symlink: /home/ubuntu/ros2ws/install/abb_rapid_msgs/include/abb_rapid_msgs/abb_rapid_msgs/msg/detail/pos__struct.h
[5.151s] -- Up-to-date symlink: /home/ubuntu/ros2ws/install/abb_rapid_msgs/include/abb_rapid_msgs/abb_rapid_msgs/msg/detail/pos__type_support.h
[5.152s] -- Up-to-date symlink: /home/ubuntu/ros2ws/install/abb_rapid_msgs/include/abb_rapid_msgs/abb_rapid_msgs/msg/detail/pose__functions.h
[5.153s] -- Up-to-date symlink: /home/ubuntu/ros2ws/install/abb_rapid_msgs/include/abb_rapid_msgs/abb_rapid_msgs/msg/detail/pose__struct.h
[5.153s] -- Up-to-date symlink: /home/ubuntu/ros2ws/install/abb_rapid_msgs/include/abb_rapid_msgs/abb_rapid_msgs/msg/detail/pose__type_support.h
[5.158s] -- Up-to-date symlink: /home/ubuntu/ros2ws/install/abb_rapid_msgs/include/abb_rapid_msgs/abb_rapid_msgs/msg/detail/rob_joint__functions.h
[5.158s] -- Up-to-date symlink: /home/ubuntu/ros2ws/install/abb_rapid_msgs/include/abb_rapid_msgs/abb_rapid_msgs/msg/detail/rob_joint__struct.h
[5.158s] -- Up-to-date symlink: /home/ubuntu/ros2ws/install/abb_rapid_msgs/include/abb_rapid_msgs/abb_rapid_msgs/msg/detail/rob_joint__type_support.h
[5.158s] -- Up-to-date symlink: /home/ubuntu/ros2ws/install/abb_rapid_msgs/include/abb_rapid_msgs/abb_rapid_msgs/msg/detail/rob_target__functions.h
[5.158s] -- Up-to-date symlink: /home/ubuntu/ros2ws/install/abb_rapid_msgs/include/abb_rapid_msgs/abb_rapid_msgs/msg/detail/rob_target__struct.h
[5.159s] -- Up-to-date symlink: /home/ubuntu/ros2ws/install/abb_rapid_msgs/include/abb_rapid_msgs/abb_rapid_msgs/msg/detail/rob_target__type_support.h
[5.159s] -- Up-to-date symlink: /home/ubuntu/ros2ws/install/abb_rapid_msgs/include/abb_rapid_msgs/abb_rapid_msgs/msg/detail/tool_data__functions.h
[5.164s] -- Up-to-date symlink: /home/ubuntu/ros2ws/install/abb_rapid_msgs/include/abb_rapid_msgs/abb_rapid_msgs/msg/detail/tool_data__struct.h
[5.165s] -- Up-to-date symlink: /home/ubuntu/ros2ws/install/abb_rapid_msgs/include/abb_rapid_msgs/abb_rapid_msgs/msg/detail/tool_data__type_support.h
[5.165s] -- Up-to-date symlink: /home/ubuntu/ros2ws/install/abb_rapid_msgs/include/abb_rapid_msgs/abb_rapid_msgs/msg/detail/w_obj_data__functions.h
[5.165s] -- Up-to-date symlink: /home/ubuntu/ros2ws/install/abb_rapid_msgs/include/abb_rapid_msgs/abb_rapid_msgs/msg/detail/w_obj_data__struct.h
[5.165s] -- Up-to-date symlink: /home/ubuntu/ros2ws/install/abb_rapid_msgs/include/abb_rapid_msgs/abb_rapid_msgs/msg/detail/w_obj_data__type_support.h
[5.167s] -- Up-to-date symlink: /home/ubuntu/ros2ws/install/abb_rapid_msgs/include/abb_rapid_msgs/abb_rapid_msgs/msg/ext_joint.h
[5.167s] -- Up-to-date symlink: /home/ubuntu/ros2ws/install/abb_rapid_msgs/include/abb_rapid_msgs/abb_rapid_msgs/msg/joint_target.h
[5.167s] -- Up-to-date symlink: /home/ubuntu/ros2ws/install/abb_rapid_msgs/include/abb_rapid_msgs/abb_rapid_msgs/msg/load_data.h
[5.167s] -- Up-to-date symlink: /home/ubuntu/ros2ws/install/abb_rapid_msgs/include/abb_rapid_msgs/abb_rapid_msgs/msg/orient.h
[5.167s] -- Up-to-date symlink: /home/ubuntu/ros2ws/install/abb_rapid_msgs/include/abb_rapid_msgs/abb_rapid_msgs/msg/pos.h
[5.167s] -- Up-to-date symlink: /home/ubuntu/ros2ws/install/abb_rapid_msgs/include/abb_rapid_msgs/abb_rapid_msgs/msg/pose.h
[5.167s] -- Up-to-date symlink: /home/ubuntu/ros2ws/install/abb_rapid_msgs/include/abb_rapid_msgs/abb_rapid_msgs/msg/rob_joint.h
[5.167s] -- Up-to-date symlink: /home/ubuntu/ros2ws/install/abb_rapid_msgs/include/abb_rapid_msgs/abb_rapid_msgs/msg/rob_target.h
[5.170s] -- Up-to-date symlink: /home/ubuntu/ros2ws/install/abb_rapid_msgs/include/abb_rapid_msgs/abb_rapid_msgs/msg/rosidl_generator_c__visibility_control.h
[5.170s] -- Up-to-date symlink: /home/ubuntu/ros2ws/install/abb_rapid_msgs/include/abb_rapid_msgs/abb_rapid_msgs/msg/tool_data.h
[5.170s] -- Up-to-date symlink: /home/ubuntu/ros2ws/install/abb_rapid_msgs/include/abb_rapid_msgs/abb_rapid_msgs/msg/w_obj_data.h
[5.170s] -- Up-to-date symlink: /home/ubuntu/ros2ws/install/abb_rapid_msgs/share/abb_rapid_msgs/environment/library_path.sh
[5.171s] -- Up-to-date symlink: /home/ubuntu/ros2ws/install/abb_rapid_msgs/share/abb_rapid_msgs/environment/library_path.dsv
[5.176s] -- Up-to-date symlink: /home/ubuntu/ros2ws/install/abb_rapid_msgs/include/abb_rapid_msgs/abb_rapid_msgs/msg/detail/conf_data__rosidl_typesupport_fastrtps_c.h
[5.176s] -- Up-to-date symlink: /home/ubuntu/ros2ws/install/abb_rapid_msgs/include/abb_rapid_msgs/abb_rapid_msgs/msg/detail/ext_joint__rosidl_typesupport_fastrtps_c.h
[5.176s] -- Up-to-date symlink: /home/ubuntu/ros2ws/install/abb_rapid_msgs/include/abb_rapid_msgs/abb_rapid_msgs/msg/detail/joint_target__rosidl_typesupport_fastrtps_c.h
[5.177s] -- Up-to-date symlink: /home/ubuntu/ros2ws/install/abb_rapid_msgs/include/abb_rapid_msgs/abb_rapid_msgs/msg/detail/load_data__rosidl_typesupport_fastrtps_c.h
[5.178s] -- Up-to-date symlink: /home/ubuntu/ros2ws/install/abb_rapid_msgs/include/abb_rapid_msgs/abb_rapid_msgs/msg/detail/orient__rosidl_typesupport_fastrtps_c.h
[5.178s] -- Up-to-date symlink: /home/ubuntu/ros2ws/install/abb_rapid_msgs/include/abb_rapid_msgs/abb_rapid_msgs/msg/detail/pos__rosidl_typesupport_fastrtps_c.h
[5.178s] -- Up-to-date symlink: /home/ubuntu/ros2ws/install/abb_rapid_msgs/include/abb_rapid_msgs/abb_rapid_msgs/msg/detail/pose__rosidl_typesupport_fastrtps_c.h
[5.180s] -- Up-to-date symlink: /home/ubuntu/ros2ws/install/abb_rapid_msgs/include/abb_rapid_msgs/abb_rapid_msgs/msg/detail/rob_joint__rosidl_typesupport_fastrtps_c.h
[5.180s] -- Up-to-date symlink: /home/ubuntu/ros2ws/install/abb_rapid_msgs/include/abb_rapid_msgs/abb_rapid_msgs/msg/detail/rob_target__rosidl_typesupport_fastrtps_c.h
[5.181s] -- Up-to-date symlink: /home/ubuntu/ros2ws/install/abb_rapid_msgs/include/abb_rapid_msgs/abb_rapid_msgs/msg/detail/tool_data__rosidl_typesupport_fastrtps_c.h
[5.183s] -- Up-to-date symlink: /home/ubuntu/ros2ws/install/abb_rapid_msgs/include/abb_rapid_msgs/abb_rapid_msgs/msg/detail/w_obj_data__rosidl_typesupport_fastrtps_c.h
[5.191s] -- Up-to-date symlink: /home/ubuntu/ros2ws/install/abb_rapid_msgs/include/abb_rapid_msgs/abb_rapid_msgs/msg/rosidl_typesupport_fastrtps_c__visibility_control.h
[5.194s] -- Up-to-date symlink: /home/ubuntu/ros2ws/install/abb_rapid_msgs/include/abb_rapid_msgs/abb_rapid_msgs/msg/detail/conf_data__rosidl_typesupport_introspection_c.h
[5.197s] -- Up-to-date symlink: /home/ubuntu/ros2ws/install/abb_rapid_msgs/include/abb_rapid_msgs/abb_rapid_msgs/msg/detail/ext_joint__rosidl_typesupport_introspection_c.h
[5.198s] -- Up-to-date symlink: /home/ubuntu/ros2ws/install/abb_rapid_msgs/include/abb_rapid_msgs/abb_rapid_msgs/msg/detail/joint_target__rosidl_typesupport_introspection_c.h
[5.198s] -- Up-to-date symlink: /home/ubuntu/ros2ws/install/abb_rapid_msgs/include/abb_rapid_msgs/abb_rapid_msgs/msg/detail/load_data__rosidl_typesupport_introspection_c.h
[5.198s] -- Up-to-date symlink: /home/ubuntu/ros2ws/install/abb_rapid_msgs/include/abb_rapid_msgs/abb_rapid_msgs/msg/detail/orient__rosidl_typesupport_introspection_c.h
[5.198s] -- Up-to-date symlink: /home/ubuntu/ros2ws/install/abb_rapid_msgs/include/abb_rapid_msgs/abb_rapid_msgs/msg/detail/pos__rosidl_typesupport_introspection_c.h
[5.198s] -- Up-to-date symlink: /home/ubuntu/ros2ws/install/abb_rapid_msgs/include/abb_rapid_msgs/abb_rapid_msgs/msg/detail/pose__rosidl_typesupport_introspection_c.h
[5.198s] -- Up-to-date symlink: /home/ubuntu/ros2ws/install/abb_rapid_msgs/include/abb_rapid_msgs/abb_rapid_msgs/msg/detail/rob_joint__rosidl_typesupport_introspection_c.h
[5.198s] -- Up-to-date symlink: /home/ubuntu/ros2ws/install/abb_rapid_msgs/include/abb_rapid_msgs/abb_rapid_msgs/msg/detail/rob_target__rosidl_typesupport_introspection_c.h
[5.198s] -- Up-to-date symlink: /home/ubuntu/ros2ws/install/abb_rapid_msgs/include/abb_rapid_msgs/abb_rapid_msgs/msg/detail/tool_data__rosidl_typesupport_introspection_c.h
[5.198s] -- Up-to-date symlink: /home/ubuntu/ros2ws/install/abb_rapid_msgs/include/abb_rapid_msgs/abb_rapid_msgs/msg/detail/w_obj_data__rosidl_typesupport_introspection_c.h
[5.199s] -- Up-to-date symlink: /home/ubuntu/ros2ws/install/abb_rapid_msgs/include/abb_rapid_msgs/abb_rapid_msgs/msg/rosidl_typesupport_introspection_c__visibility_control.h
[5.199s] -- Up-to-date symlink: /home/ubuntu/ros2ws/install/abb_rapid_msgs/include/abb_rapid_msgs/abb_rapid_msgs/msg/conf_data.hpp
[5.199s] -- Up-to-date symlink: /home/ubuntu/ros2ws/install/abb_rapid_msgs/include/abb_rapid_msgs/abb_rapid_msgs/msg/detail/conf_data__builder.hpp
[5.199s] -- Up-to-date symlink: /home/ubuntu/ros2ws/install/abb_rapid_msgs/include/abb_rapid_msgs/abb_rapid_msgs/msg/detail/conf_data__struct.hpp
[5.199s] -- Up-to-date symlink: /home/ubuntu/ros2ws/install/abb_rapid_msgs/include/abb_rapid_msgs/abb_rapid_msgs/msg/detail/conf_data__traits.hpp
[5.199s] -- Up-to-date symlink: /home/ubuntu/ros2ws/install/abb_rapid_msgs/include/abb_rapid_msgs/abb_rapid_msgs/msg/detail/ext_joint__builder.hpp
[5.199s] -- Up-to-date symlink: /home/ubuntu/ros2ws/install/abb_rapid_msgs/include/abb_rapid_msgs/abb_rapid_msgs/msg/detail/ext_joint__struct.hpp
[5.199s] -- Up-to-date symlink: /home/ubuntu/ros2ws/install/abb_rapid_msgs/include/abb_rapid_msgs/abb_rapid_msgs/msg/detail/ext_joint__traits.hpp
[5.199s] -- Up-to-date symlink: /home/ubuntu/ros2ws/install/abb_rapid_msgs/include/abb_rapid_msgs/abb_rapid_msgs/msg/detail/joint_target__builder.hpp
[5.199s] -- Up-to-date symlink: /home/ubuntu/ros2ws/install/abb_rapid_msgs/include/abb_rapid_msgs/abb_rapid_msgs/msg/detail/joint_target__struct.hpp
[5.200s] -- Up-to-date symlink: /home/ubuntu/ros2ws/install/abb_rapid_msgs/include/abb_rapid_msgs/abb_rapid_msgs/msg/detail/joint_target__traits.hpp
[5.200s] -- Up-to-date symlink: /home/ubuntu/ros2ws/install/abb_rapid_msgs/include/abb_rapid_msgs/abb_rapid_msgs/msg/detail/load_data__builder.hpp
[5.200s] -- Up-to-date symlink: /home/ubuntu/ros2ws/install/abb_rapid_msgs/include/abb_rapid_msgs/abb_rapid_msgs/msg/detail/load_data__struct.hpp
[5.203s] -- Up-to-date symlink: /home/ubuntu/ros2ws/install/abb_rapid_msgs/include/abb_rapid_msgs/abb_rapid_msgs/msg/detail/load_data__traits.hpp
[5.204s] -- Up-to-date symlink: /home/ubuntu/ros2ws/install/abb_rapid_msgs/include/abb_rapid_msgs/abb_rapid_msgs/msg/detail/orient__builder.hpp
[5.204s] -- Up-to-date symlink: /home/ubuntu/ros2ws/install/abb_rapid_msgs/include/abb_rapid_msgs/abb_rapid_msgs/msg/detail/orient__struct.hpp
[5.204s] -- Up-to-date symlink: /home/ubuntu/ros2ws/install/abb_rapid_msgs/include/abb_rapid_msgs/abb_rapid_msgs/msg/detail/orient__traits.hpp
[5.204s] -- Up-to-date symlink: /home/ubuntu/ros2ws/install/abb_rapid_msgs/include/abb_rapid_msgs/abb_rapid_msgs/msg/detail/pos__builder.hpp
[5.204s] -- Up-to-date symlink: /home/ubuntu/ros2ws/install/abb_rapid_msgs/include/abb_rapid_msgs/abb_rapid_msgs/msg/detail/pos__struct.hpp
[5.205s] -- Up-to-date symlink: /home/ubuntu/ros2ws/install/abb_rapid_msgs/include/abb_rapid_msgs/abb_rapid_msgs/msg/detail/pos__traits.hpp
[5.205s] -- Up-to-date symlink: /home/ubuntu/ros2ws/install/abb_rapid_msgs/include/abb_rapid_msgs/abb_rapid_msgs/msg/detail/pose__builder.hpp
[5.205s] -- Up-to-date symlink: /home/ubuntu/ros2ws/install/abb_rapid_msgs/include/abb_rapid_msgs/abb_rapid_msgs/msg/detail/pose__struct.hpp
[5.205s] -- Up-to-date symlink: /home/ubuntu/ros2ws/install/abb_rapid_msgs/include/abb_rapid_msgs/abb_rapid_msgs/msg/detail/pose__traits.hpp
[5.205s] -- Up-to-date symlink: /home/ubuntu/ros2ws/install/abb_rapid_msgs/include/abb_rapid_msgs/abb_rapid_msgs/msg/detail/rob_joint__builder.hpp
[5.205s] -- Up-to-date symlink: /home/ubuntu/ros2ws/install/abb_rapid_msgs/include/abb_rapid_msgs/abb_rapid_msgs/msg/detail/rob_joint__struct.hpp
[5.205s] -- Up-to-date symlink: /home/ubuntu/ros2ws/install/abb_rapid_msgs/include/abb_rapid_msgs/abb_rapid_msgs/msg/detail/rob_joint__traits.hpp
[5.205s] -- Up-to-date symlink: /home/ubuntu/ros2ws/install/abb_rapid_msgs/include/abb_rapid_msgs/abb_rapid_msgs/msg/detail/rob_target__builder.hpp
[5.205s] -- Up-to-date symlink: /home/ubuntu/ros2ws/install/abb_rapid_msgs/include/abb_rapid_msgs/abb_rapid_msgs/msg/detail/rob_target__struct.hpp
[5.205s] -- Up-to-date symlink: /home/ubuntu/ros2ws/install/abb_rapid_msgs/include/abb_rapid_msgs/abb_rapid_msgs/msg/detail/rob_target__traits.hpp
[5.205s] -- Up-to-date symlink: /home/ubuntu/ros2ws/install/abb_rapid_msgs/include/abb_rapid_msgs/abb_rapid_msgs/msg/detail/tool_data__builder.hpp
[5.206s] -- Up-to-date symlink: /home/ubuntu/ros2ws/install/abb_rapid_msgs/include/abb_rapid_msgs/abb_rapid_msgs/msg/detail/tool_data__struct.hpp
[5.206s] -- Up-to-date symlink: /home/ubuntu/ros2ws/install/abb_rapid_msgs/include/abb_rapid_msgs/abb_rapid_msgs/msg/detail/tool_data__traits.hpp
[5.206s] -- Up-to-date symlink: /home/ubuntu/ros2ws/install/abb_rapid_msgs/include/abb_rapid_msgs/abb_rapid_msgs/msg/detail/w_obj_data__builder.hpp
[5.206s] -- Up-to-date symlink: /home/ubuntu/ros2ws/install/abb_rapid_msgs/include/abb_rapid_msgs/abb_rapid_msgs/msg/detail/w_obj_data__struct.hpp
[5.208s] -- Up-to-date symlink: /home/ubuntu/ros2ws/install/abb_rapid_msgs/include/abb_rapid_msgs/abb_rapid_msgs/msg/detail/w_obj_data__traits.hpp
[5.208s] -- Up-to-date symlink: /home/ubuntu/ros2ws/install/abb_rapid_msgs/include/abb_rapid_msgs/abb_rapid_msgs/msg/ext_joint.hpp
[5.209s] -- Up-to-date symlink: /home/ubuntu/ros2ws/install/abb_rapid_msgs/include/abb_rapid_msgs/abb_rapid_msgs/msg/joint_target.hpp
[5.210s] -- Up-to-date symlink: /home/ubuntu/ros2ws/install/abb_rapid_msgs/include/abb_rapid_msgs/abb_rapid_msgs/msg/load_data.hpp
[5.210s] -- Up-to-date symlink: /home/ubuntu/ros2ws/install/abb_rapid_msgs/include/abb_rapid_msgs/abb_rapid_msgs/msg/orient.hpp
[5.210s] -- Up-to-date symlink: /home/ubuntu/ros2ws/install/abb_rapid_msgs/include/abb_rapid_msgs/abb_rapid_msgs/msg/pos.hpp
[5.210s] -- Up-to-date symlink: /home/ubuntu/ros2ws/install/abb_rapid_msgs/include/abb_rapid_msgs/abb_rapid_msgs/msg/pose.hpp
[5.210s] -- Up-to-date symlink: /home/ubuntu/ros2ws/install/abb_rapid_msgs/include/abb_rapid_msgs/abb_rapid_msgs/msg/rob_joint.hpp
[5.210s] -- Up-to-date symlink: /home/ubuntu/ros2ws/install/abb_rapid_msgs/include/abb_rapid_msgs/abb_rapid_msgs/msg/rob_target.hpp
[5.210s] -- Up-to-date symlink: /home/ubuntu/ros2ws/install/abb_rapid_msgs/include/abb_rapid_msgs/abb_rapid_msgs/msg/tool_data.hpp
[5.210s] -- Up-to-date symlink: /home/ubuntu/ros2ws/install/abb_rapid_msgs/include/abb_rapid_msgs/abb_rapid_msgs/msg/w_obj_data.hpp
[5.215s] -- Up-to-date symlink: /home/ubuntu/ros2ws/install/abb_rapid_msgs/include/abb_rapid_msgs/abb_rapid_msgs/msg/detail/conf_data__rosidl_typesupport_fastrtps_cpp.hpp
[5.221s] -- Up-to-date symlink: /home/ubuntu/ros2ws/install/abb_rapid_msgs/include/abb_rapid_msgs/abb_rapid_msgs/msg/detail/ext_joint__rosidl_typesupport_fastrtps_cpp.hpp
[5.221s] -- Up-to-date symlink: /home/ubuntu/ros2ws/install/abb_rapid_msgs/include/abb_rapid_msgs/abb_rapid_msgs/msg/detail/joint_target__rosidl_typesupport_fastrtps_cpp.hpp
[5.221s] -- Up-to-date symlink: /home/ubuntu/ros2ws/install/abb_rapid_msgs/include/abb_rapid_msgs/abb_rapid_msgs/msg/detail/load_data__rosidl_typesupport_fastrtps_cpp.hpp
[5.222s] -- Up-to-date symlink: /home/ubuntu/ros2ws/install/abb_rapid_msgs/include/abb_rapid_msgs/abb_rapid_msgs/msg/detail/orient__rosidl_typesupport_fastrtps_cpp.hpp
[5.222s] -- Up-to-date symlink: /home/ubuntu/ros2ws/install/abb_rapid_msgs/include/abb_rapid_msgs/abb_rapid_msgs/msg/detail/pos__rosidl_typesupport_fastrtps_cpp.hpp
[5.222s] -- Up-to-date symlink: /home/ubuntu/ros2ws/install/abb_rapid_msgs/include/abb_rapid_msgs/abb_rapid_msgs/msg/detail/pose__rosidl_typesupport_fastrtps_cpp.hpp
[5.225s] -- Up-to-date symlink: /home/ubuntu/ros2ws/install/abb_rapid_msgs/include/abb_rapid_msgs/abb_rapid_msgs/msg/detail/rob_joint__rosidl_typesupport_fastrtps_cpp.hpp
[5.235s] -- Up-to-date symlink: /home/ubuntu/ros2ws/install/abb_rapid_msgs/include/abb_rapid_msgs/abb_rapid_msgs/msg/detail/rob_target__rosidl_typesupport_fastrtps_cpp.hpp
[5.236s] -- Up-to-date symlink: /home/ubuntu/ros2ws/install/abb_rapid_msgs/include/abb_rapid_msgs/abb_rapid_msgs/msg/detail/tool_data__rosidl_typesupport_fastrtps_cpp.hpp
[5.240s] -- Up-to-date symlink: /home/ubuntu/ros2ws/install/abb_rapid_msgs/include/abb_rapid_msgs/abb_rapid_msgs/msg/detail/w_obj_data__rosidl_typesupport_fastrtps_cpp.hpp
[5.240s] -- Up-to-date symlink: /home/ubuntu/ros2ws/install/abb_rapid_msgs/include/abb_rapid_msgs/abb_rapid_msgs/msg/rosidl_typesupport_fastrtps_cpp__visibility_control.h
[5.241s] -- Up-to-date symlink: /home/ubuntu/ros2ws/install/abb_rapid_msgs/include/abb_rapid_msgs/abb_rapid_msgs/msg/detail/conf_data__rosidl_typesupport_introspection_cpp.hpp
[5.241s] -- Up-to-date symlink: /home/ubuntu/ros2ws/install/abb_rapid_msgs/include/abb_rapid_msgs/abb_rapid_msgs/msg/detail/ext_joint__rosidl_typesupport_introspection_cpp.hpp
[5.241s] -- Up-to-date symlink: /home/ubuntu/ros2ws/install/abb_rapid_msgs/include/abb_rapid_msgs/abb_rapid_msgs/msg/detail/joint_target__rosidl_typesupport_introspection_cpp.hpp
[5.242s] -- Up-to-date symlink: /home/ubuntu/ros2ws/install/abb_rapid_msgs/include/abb_rapid_msgs/abb_rapid_msgs/msg/detail/load_data__rosidl_typesupport_introspection_cpp.hpp
[5.242s] -- Up-to-date symlink: /home/ubuntu/ros2ws/install/abb_rapid_msgs/include/abb_rapid_msgs/abb_rapid_msgs/msg/detail/orient__rosidl_typesupport_introspection_cpp.hpp
[5.242s] -- Up-to-date symlink: /home/ubuntu/ros2ws/install/abb_rapid_msgs/include/abb_rapid_msgs/abb_rapid_msgs/msg/detail/pos__rosidl_typesupport_introspection_cpp.hpp
[5.242s] -- Up-to-date symlink: /home/ubuntu/ros2ws/install/abb_rapid_msgs/include/abb_rapid_msgs/abb_rapid_msgs/msg/detail/pose__rosidl_typesupport_introspection_cpp.hpp
[5.242s] -- Up-to-date symlink: /home/ubuntu/ros2ws/install/abb_rapid_msgs/include/abb_rapid_msgs/abb_rapid_msgs/msg/detail/rob_joint__rosidl_typesupport_introspection_cpp.hpp
[5.242s] -- Up-to-date symlink: /home/ubuntu/ros2ws/install/abb_rapid_msgs/include/abb_rapid_msgs/abb_rapid_msgs/msg/detail/rob_target__rosidl_typesupport_introspection_cpp.hpp
[5.245s] -- Up-to-date symlink: /home/ubuntu/ros2ws/install/abb_rapid_msgs/include/abb_rapid_msgs/abb_rapid_msgs/msg/detail/tool_data__rosidl_typesupport_introspection_cpp.hpp
[5.246s] -- Up-to-date symlink: /home/ubuntu/ros2ws/install/abb_rapid_msgs/include/abb_rapid_msgs/abb_rapid_msgs/msg/detail/w_obj_data__rosidl_typesupport_introspection_cpp.hpp
[5.247s] -- Up-to-date symlink: /home/ubuntu/ros2ws/install/abb_rapid_msgs/share/abb_rapid_msgs/environment/pythonpath.sh
[5.247s] -- Up-to-date symlink: /home/ubuntu/ros2ws/install/abb_rapid_msgs/share/abb_rapid_msgs/environment/pythonpath.dsv
[5.248s] -- Up-to-date symlink: /home/ubuntu/ros2ws/install/abb_rapid_msgs/local/lib/python3.10/dist-packages/abb_rapid_msgs-1.0.0-py3.10.egg-info/PKG-INFO
[5.249s] -- Up-to-date symlink: /home/ubuntu/ros2ws/install/abb_rapid_msgs/local/lib/python3.10/dist-packages/abb_rapid_msgs-1.0.0-py3.10.egg-info/SOURCES.txt
[5.249s] -- Up-to-date symlink: /home/ubuntu/ros2ws/install/abb_rapid_msgs/local/lib/python3.10/dist-packages/abb_rapid_msgs-1.0.0-py3.10.egg-info/dependency_links.txt
[5.250s] -- Up-to-date symlink: /home/ubuntu/ros2ws/install/abb_rapid_msgs/local/lib/python3.10/dist-packages/abb_rapid_msgs-1.0.0-py3.10.egg-info/top_level.txt
[5.254s] -- Up-to-date symlink: /home/ubuntu/ros2ws/install/abb_rapid_msgs/local/lib/python3.10/dist-packages/abb_rapid_msgs/__init__.py
[5.258s] -- Up-to-date symlink: /home/ubuntu/ros2ws/install/abb_rapid_msgs/local/lib/python3.10/dist-packages/abb_rapid_msgs/_abb_rapid_msgs_s.ep.rosidl_typesupport_c.c
[5.258s] -- Up-to-date symlink: /home/ubuntu/ros2ws/install/abb_rapid_msgs/local/lib/python3.10/dist-packages/abb_rapid_msgs/_abb_rapid_msgs_s.ep.rosidl_typesupport_fastrtps_c.c
[5.259s] -- Up-to-date symlink: /home/ubuntu/ros2ws/install/abb_rapid_msgs/local/lib/python3.10/dist-packages/abb_rapid_msgs/_abb_rapid_msgs_s.ep.rosidl_typesupport_introspection_c.c
[5.259s] -- Up-to-date symlink: /home/ubuntu/ros2ws/install/abb_rapid_msgs/local/lib/python3.10/dist-packages/abb_rapid_msgs/abb_rapid_msgs_s__rosidl_typesupport_c.cpython-310-x86_64-linux-gnu.so
[5.259s] -- Up-to-date symlink: /home/ubuntu/ros2ws/install/abb_rapid_msgs/local/lib/python3.10/dist-packages/abb_rapid_msgs/abb_rapid_msgs_s__rosidl_typesupport_fastrtps_c.cpython-310-x86_64-linux-gnu.so
[5.264s] -- Up-to-date symlink: /home/ubuntu/ros2ws/install/abb_rapid_msgs/local/lib/python3.10/dist-packages/abb_rapid_msgs/abb_rapid_msgs_s__rosidl_typesupport_introspection_c.cpython-310-x86_64-linux-gnu.so
[5.265s] -- Up-to-date symlink: /home/ubuntu/ros2ws/install/abb_rapid_msgs/local/lib/python3.10/dist-packages/abb_rapid_msgs/libabb_rapid_msgs__rosidl_generator_py.so
[5.265s] -- Up-to-date symlink: /home/ubuntu/ros2ws/install/abb_rapid_msgs/local/lib/python3.10/dist-packages/abb_rapid_msgs/msg/__init__.py
[5.270s] -- Up-to-date symlink: /home/ubuntu/ros2ws/install/abb_rapid_msgs/local/lib/python3.10/dist-packages/abb_rapid_msgs/msg/_conf_data.py
[5.270s] -- Up-to-date symlink: /home/ubuntu/ros2ws/install/abb_rapid_msgs/local/lib/python3.10/dist-packages/abb_rapid_msgs/msg/_conf_data_s.c
[5.270s] -- Up-to-date symlink: /home/ubuntu/ros2ws/install/abb_rapid_msgs/local/lib/python3.10/dist-packages/abb_rapid_msgs/msg/_ext_joint.py
[5.271s] -- Up-to-date symlink: /home/ubuntu/ros2ws/install/abb_rapid_msgs/local/lib/python3.10/dist-packages/abb_rapid_msgs/msg/_ext_joint_s.c
[5.271s] -- Up-to-date symlink: /home/ubuntu/ros2ws/install/abb_rapid_msgs/local/lib/python3.10/dist-packages/abb_rapid_msgs/msg/_joint_target.py
[5.271s] -- Up-to-date symlink: /home/ubuntu/ros2ws/install/abb_rapid_msgs/local/lib/python3.10/dist-packages/abb_rapid_msgs/msg/_joint_target_s.c
[5.276s] -- Up-to-date symlink: /home/ubuntu/ros2ws/install/abb_rapid_msgs/local/lib/python3.10/dist-packages/abb_rapid_msgs/msg/_load_data.py
[5.276s] -- Up-to-date symlink: /home/ubuntu/ros2ws/install/abb_rapid_msgs/local/lib/python3.10/dist-packages/abb_rapid_msgs/msg/_load_data_s.c
[5.283s] -- Up-to-date symlink: /home/ubuntu/ros2ws/install/abb_rapid_msgs/local/lib/python3.10/dist-packages/abb_rapid_msgs/msg/_orient.py
[5.285s] -- Up-to-date symlink: /home/ubuntu/ros2ws/install/abb_rapid_msgs/local/lib/python3.10/dist-packages/abb_rapid_msgs/msg/_orient_s.c
[5.288s] -- Up-to-date symlink: /home/ubuntu/ros2ws/install/abb_rapid_msgs/local/lib/python3.10/dist-packages/abb_rapid_msgs/msg/_pos.py
[5.288s] -- Up-to-date symlink: /home/ubuntu/ros2ws/install/abb_rapid_msgs/local/lib/python3.10/dist-packages/abb_rapid_msgs/msg/_pos_s.c
[5.288s] -- Up-to-date symlink: /home/ubuntu/ros2ws/install/abb_rapid_msgs/local/lib/python3.10/dist-packages/abb_rapid_msgs/msg/_pose.py
[5.288s] -- Up-to-date symlink: /home/ubuntu/ros2ws/install/abb_rapid_msgs/local/lib/python3.10/dist-packages/abb_rapid_msgs/msg/_pose_s.c
[5.288s] -- Up-to-date symlink: /home/ubuntu/ros2ws/install/abb_rapid_msgs/local/lib/python3.10/dist-packages/abb_rapid_msgs/msg/_rob_joint.py
[5.288s] -- Up-to-date symlink: /home/ubuntu/ros2ws/install/abb_rapid_msgs/local/lib/python3.10/dist-packages/abb_rapid_msgs/msg/_rob_joint_s.c
[5.288s] -- Up-to-date symlink: /home/ubuntu/ros2ws/install/abb_rapid_msgs/local/lib/python3.10/dist-packages/abb_rapid_msgs/msg/_rob_target.py
[5.288s] -- Up-to-date symlink: /home/ubuntu/ros2ws/install/abb_rapid_msgs/local/lib/python3.10/dist-packages/abb_rapid_msgs/msg/_rob_target_s.c
[5.288s] -- Up-to-date symlink: /home/ubuntu/ros2ws/install/abb_rapid_msgs/local/lib/python3.10/dist-packages/abb_rapid_msgs/msg/_tool_data.py
[5.290s] -- Up-to-date symlink: /home/ubuntu/ros2ws/install/abb_rapid_msgs/local/lib/python3.10/dist-packages/abb_rapid_msgs/msg/_tool_data_s.c
[5.290s] -- Up-to-date symlink: /home/ubuntu/ros2ws/install/abb_rapid_msgs/local/lib/python3.10/dist-packages/abb_rapid_msgs/msg/_w_obj_data.py
[5.291s] -- Up-to-date symlink: /home/ubuntu/ros2ws/install/abb_rapid_msgs/local/lib/python3.10/dist-packages/abb_rapid_msgs/msg/_w_obj_data_s.c
[5.291s] -- Up-to-date symlink: /home/ubuntu/ros2ws/install/abb_rapid_msgs/local/lib/python3.10/dist-packages/abb_rapid_msgs/abb_rapid_msgs_s__rosidl_typesupport_fastrtps_c.cpython-310-x86_64-linux-gnu.so
[5.295s] -- Up-to-date symlink: /home/ubuntu/ros2ws/install/abb_rapid_msgs/local/lib/python3.10/dist-packages/abb_rapid_msgs/abb_rapid_msgs_s__rosidl_typesupport_introspection_c.cpython-310-x86_64-linux-gnu.so
[5.295s] -- Up-to-date symlink: /home/ubuntu/ros2ws/install/abb_rapid_msgs/local/lib/python3.10/dist-packages/abb_rapid_msgs/abb_rapid_msgs_s__rosidl_typesupport_c.cpython-310-x86_64-linux-gnu.so
[5.295s] -- Up-to-date symlink: /home/ubuntu/ros2ws/install/abb_rapid_msgs/share/abb_rapid_msgs/msg/ConfData.idl
[5.295s] -- Up-to-date symlink: /home/ubuntu/ros2ws/install/abb_rapid_msgs/share/abb_rapid_msgs/msg/ExtJoint.idl
[5.295s] -- Up-to-date symlink: /home/ubuntu/ros2ws/install/abb_rapid_msgs/share/abb_rapid_msgs/msg/JointTarget.idl
[5.295s] -- Up-to-date symlink: /home/ubuntu/ros2ws/install/abb_rapid_msgs/share/abb_rapid_msgs/msg/LoadData.idl
[5.295s] -- Up-to-date symlink: /home/ubuntu/ros2ws/install/abb_rapid_msgs/share/abb_rapid_msgs/msg/Orient.idl
[5.295s] -- Up-to-date symlink: /home/ubuntu/ros2ws/install/abb_rapid_msgs/share/abb_rapid_msgs/msg/Pos.idl
[5.296s] -- Up-to-date symlink: /home/ubuntu/ros2ws/install/abb_rapid_msgs/share/abb_rapid_msgs/msg/Pose.idl
[5.296s] -- Up-to-date symlink: /home/ubuntu/ros2ws/install/abb_rapid_msgs/share/abb_rapid_msgs/msg/RobJoint.idl
[5.296s] -- Up-to-date symlink: /home/ubuntu/ros2ws/install/abb_rapid_msgs/share/abb_rapid_msgs/msg/RobTarget.idl
[5.296s] -- Up-to-date symlink: /home/ubuntu/ros2ws/install/abb_rapid_msgs/share/abb_rapid_msgs/msg/ToolData.idl
[5.296s] -- Up-to-date symlink: /home/ubuntu/ros2ws/install/abb_rapid_msgs/share/abb_rapid_msgs/msg/WObjData.idl
[5.296s] -- Up-to-date symlink: /home/ubuntu/ros2ws/install/abb_rapid_msgs/share/abb_rapid_msgs/msg/ConfData.msg
[5.296s] -- Up-to-date symlink: /home/ubuntu/ros2ws/install/abb_rapid_msgs/share/abb_rapid_msgs/msg/ExtJoint.msg
[5.300s] -- Up-to-date symlink: /home/ubuntu/ros2ws/install/abb_rapid_msgs/share/abb_rapid_msgs/msg/JointTarget.msg
[5.300s] -- Up-to-date symlink: /home/ubuntu/ros2ws/install/abb_rapid_msgs/share/abb_rapid_msgs/msg/LoadData.msg
[5.300s] -- Up-to-date symlink: /home/ubuntu/ros2ws/install/abb_rapid_msgs/share/abb_rapid_msgs/msg/Orient.msg
[5.300s] -- Up-to-date symlink: /home/ubuntu/ros2ws/install/abb_rapid_msgs/share/abb_rapid_msgs/msg/Pos.msg
[5.300s] -- Up-to-date symlink: /home/ubuntu/ros2ws/install/abb_rapid_msgs/share/abb_rapid_msgs/msg/Pose.msg
[5.300s] -- Up-to-date symlink: /home/ubuntu/ros2ws/install/abb_rapid_msgs/share/abb_rapid_msgs/msg/RobJoint.msg
[5.300s] -- Up-to-date symlink: /home/ubuntu/ros2ws/install/abb_rapid_msgs/share/abb_rapid_msgs/msg/RobTarget.msg
[5.301s] -- Up-to-date symlink: /home/ubuntu/ros2ws/install/abb_rapid_msgs/share/abb_rapid_msgs/msg/ToolData.msg
[5.301s] -- Up-to-date symlink: /home/ubuntu/ros2ws/install/abb_rapid_msgs/share/abb_rapid_msgs/msg/WObjData.msg
[5.301s] -- Up-to-date symlink: /home/ubuntu/ros2ws/install/abb_rapid_msgs/share/ament_index/resource_index/package_run_dependencies/abb_rapid_msgs
[5.307s] -- Up-to-date symlink: /home/ubuntu/ros2ws/install/abb_rapid_msgs/share/ament_index/resource_index/parent_prefix_path/abb_rapid_msgs
[5.308s] -- Up-to-date symlink: /home/ubuntu/ros2ws/install/abb_rapid_msgs/share/abb_rapid_msgs/environment/ament_prefix_path.sh
[5.308s] -- Up-to-date symlink: /home/ubuntu/ros2ws/install/abb_rapid_msgs/share/abb_rapid_msgs/environment/ament_prefix_path.dsv
[5.308s] -- Up-to-date symlink: /home/ubuntu/ros2ws/install/abb_rapid_msgs/share/abb_rapid_msgs/environment/path.sh
[5.308s] -- Up-to-date symlink: /home/ubuntu/ros2ws/install/abb_rapid_msgs/share/abb_rapid_msgs/environment/path.dsv
[5.308s] -- Up-to-date symlink: /home/ubuntu/ros2ws/install/abb_rapid_msgs/share/abb_rapid_msgs/local_setup.bash
[5.309s] -- Up-to-date symlink: /home/ubuntu/ros2ws/install/abb_rapid_msgs/share/abb_rapid_msgs/local_setup.sh
[5.310s] -- Up-to-date symlink: /home/ubuntu/ros2ws/install/abb_rapid_msgs/share/abb_rapid_msgs/local_setup.zsh
[5.313s] -- Up-to-date symlink: /home/ubuntu/ros2ws/install/abb_rapid_msgs/share/abb_rapid_msgs/local_setup.dsv
[5.313s] -- Symlinking: /home/ubuntu/ros2ws/install/abb_rapid_msgs/share/abb_rapid_msgs/package.dsv
[5.394s] -- Up-to-date symlink: /home/ubuntu/ros2ws/install/abb_rapid_msgs/share/ament_index/resource_index/packages/abb_rapid_msgs
[5.395s] -- Up-to-date symlink: /home/ubuntu/ros2ws/install/abb_rapid_msgs/share/abb_rapid_msgs/cmake/rosidl_cmake-extras.cmake
[5.395s] -- Up-to-date symlink: /home/ubuntu/ros2ws/install/abb_rapid_msgs/share/abb_rapid_msgs/cmake/ament_cmake_export_include_directories-extras.cmake
[5.395s] -- Up-to-date symlink: /home/ubuntu/ros2ws/install/abb_rapid_msgs/share/abb_rapid_msgs/cmake/ament_cmake_export_libraries-extras.cmake
[5.397s] -- Up-to-date symlink: /home/ubuntu/ros2ws/install/abb_rapid_msgs/share/abb_rapid_msgs/cmake/ament_cmake_export_targets-extras.cmake
[5.397s] -- Up-to-date symlink: /home/ubuntu/ros2ws/install/abb_rapid_msgs/share/abb_rapid_msgs/cmake/rosidl_cmake_export_typesupport_targets-extras.cmake
[5.397s] -- Up-to-date symlink: /home/ubuntu/ros2ws/install/abb_rapid_msgs/share/abb_rapid_msgs/cmake/ament_cmake_export_dependencies-extras.cmake
[5.397s] -- Up-to-date symlink: /home/ubuntu/ros2ws/install/abb_rapid_msgs/share/abb_rapid_msgs/cmake/rosidl_cmake_export_typesupport_libraries-extras.cmake
[5.397s] -- Up-to-date symlink: /home/ubuntu/ros2ws/install/abb_rapid_msgs/share/abb_rapid_msgs/cmake/abb_rapid_msgsConfig.cmake
[5.398s] -- Up-to-date symlink: /home/ubuntu/ros2ws/install/abb_rapid_msgs/share/abb_rapid_msgs/cmake/abb_rapid_msgsConfig-version.cmake
[5.398s] -- Up-to-date symlink: /home/ubuntu/ros2ws/install/abb_rapid_msgs/share/abb_rapid_msgs/package.xml
[5.399s] -- Up-to-date: /home/ubuntu/ros2ws/install/abb_rapid_msgs/lib/libabb_rapid_msgs__rosidl_generator_c.so
[5.399s] -- Up-to-date: /home/ubuntu/ros2ws/install/abb_rapid_msgs/lib/libabb_rapid_msgs__rosidl_typesupport_fastrtps_c.so
[5.412s] -- Up-to-date: /home/ubuntu/ros2ws/install/abb_rapid_msgs/lib/libabb_rapid_msgs__rosidl_typesupport_introspection_c.so
[5.413s] -- Up-to-date: /home/ubuntu/ros2ws/install/abb_rapid_msgs/lib/libabb_rapid_msgs__rosidl_typesupport_c.so
[5.413s] -- Up-to-date: /home/ubuntu/ros2ws/install/abb_rapid_msgs/lib/libabb_rapid_msgs__rosidl_typesupport_fastrtps_cpp.so
[5.413s] -- Up-to-date: /home/ubuntu/ros2ws/install/abb_rapid_msgs/lib/libabb_rapid_msgs__rosidl_typesupport_introspection_cpp.so
[5.428s] -- Up-to-date: /home/ubuntu/ros2ws/install/abb_rapid_msgs/lib/libabb_rapid_msgs__rosidl_typesupport_cpp.so
[5.621s] Listing '/home/ubuntu/ros2ws/install/abb_rapid_msgs/local/lib/python3.10/dist-packages/abb_rapid_msgs'...
[5.622s] Listing '/home/ubuntu/ros2ws/install/abb_rapid_msgs/local/lib/python3.10/dist-packages/abb_rapid_msgs/msg'...
[5.647s] -- Up-to-date: /home/ubuntu/ros2ws/install/abb_rapid_msgs/lib/libabb_rapid_msgs__rosidl_generator_py.so
[5.647s] -- Up-to-date: /home/ubuntu/ros2ws/install/abb_rapid_msgs/share/abb_rapid_msgs/cmake/export_abb_rapid_msgs__rosidl_generator_cExport.cmake
[5.648s] -- Up-to-date: /home/ubuntu/ros2ws/install/abb_rapid_msgs/share/abb_rapid_msgs/cmake/export_abb_rapid_msgs__rosidl_generator_cExport-noconfig.cmake
[5.648s] -- Up-to-date: /home/ubuntu/ros2ws/install/abb_rapid_msgs/share/abb_rapid_msgs/cmake/export_abb_rapid_msgs__rosidl_typesupport_fastrtps_cExport.cmake
[5.654s] -- Up-to-date: /home/ubuntu/ros2ws/install/abb_rapid_msgs/share/abb_rapid_msgs/cmake/export_abb_rapid_msgs__rosidl_typesupport_fastrtps_cExport-noconfig.cmake
[5.657s] -- Up-to-date: /home/ubuntu/ros2ws/install/abb_rapid_msgs/share/abb_rapid_msgs/cmake/abb_rapid_msgs__rosidl_typesupport_introspection_cExport.cmake
[5.657s] -- Up-to-date: /home/ubuntu/ros2ws/install/abb_rapid_msgs/share/abb_rapid_msgs/cmake/abb_rapid_msgs__rosidl_typesupport_introspection_cExport-noconfig.cmake
[5.657s] -- Up-to-date: /home/ubuntu/ros2ws/install/abb_rapid_msgs/share/abb_rapid_msgs/cmake/abb_rapid_msgs__rosidl_typesupport_cExport.cmake
[5.657s] -- Up-to-date: /home/ubuntu/ros2ws/install/abb_rapid_msgs/share/abb_rapid_msgs/cmake/abb_rapid_msgs__rosidl_typesupport_cExport-noconfig.cmake
[5.658s] -- Up-to-date: /home/ubuntu/ros2ws/install/abb_rapid_msgs/share/abb_rapid_msgs/cmake/export_abb_rapid_msgs__rosidl_generator_cppExport.cmake
[5.658s] -- Up-to-date: /home/ubuntu/ros2ws/install/abb_rapid_msgs/share/abb_rapid_msgs/cmake/export_abb_rapid_msgs__rosidl_typesupport_fastrtps_cppExport.cmake
[5.658s] -- Up-to-date: /home/ubuntu/ros2ws/install/abb_rapid_msgs/share/abb_rapid_msgs/cmake/export_abb_rapid_msgs__rosidl_typesupport_fastrtps_cppExport-noconfig.cmake
[5.658s] -- Up-to-date: /home/ubuntu/ros2ws/install/abb_rapid_msgs/share/abb_rapid_msgs/cmake/abb_rapid_msgs__rosidl_typesupport_introspection_cppExport.cmake
[5.658s] -- Up-to-date: /home/ubuntu/ros2ws/install/abb_rapid_msgs/share/abb_rapid_msgs/cmake/abb_rapid_msgs__rosidl_typesupport_introspection_cppExport-noconfig.cmake
[5.658s] -- Up-to-date: /home/ubuntu/ros2ws/install/abb_rapid_msgs/share/abb_rapid_msgs/cmake/abb_rapid_msgs__rosidl_typesupport_cppExport.cmake
[5.658s] -- Up-to-date: /home/ubuntu/ros2ws/install/abb_rapid_msgs/share/abb_rapid_msgs/cmake/abb_rapid_msgs__rosidl_typesupport_cppExport-noconfig.cmake
[5.658s] -- Up-to-date: /home/ubuntu/ros2ws/install/abb_rapid_msgs/share/abb_rapid_msgs/cmake/export_abb_rapid_msgs__rosidl_generator_pyExport.cmake
[5.662s] -- Up-to-date: /home/ubuntu/ros2ws/install/abb_rapid_msgs/share/abb_rapid_msgs/cmake/export_abb_rapid_msgs__rosidl_generator_pyExport-noconfig.cmake
[5.665s] Invoked command in '/home/ubuntu/ros2ws/build/abb_rapid_msgs' returned '0': CMAKE_PREFIX_PATH=${CMAKE_PREFIX_PATH}:/home/ubuntu/ros2ws/install/moveit_configs_utils:/home/ubuntu/ros2ws/install/launch_param_builder:/home/ubuntu/ros2ws/install/testV1:/home/ubuntu/ros2ws/install/gui_subscriber:/home/ubuntu/ros2ws/install/robot_letter_writer:/opt/ros/humble /usr/bin/cmake --install /home/ubuntu/ros2ws/build/abb_rapid_msgs
