[0.083s] Invoking command in '/home/ubuntu/ros2ws/build/ros2srrc_iiwa_moveit2': CMAKE_PREFIX_PATH=${CMAKE_PREFIX_PATH}:/opt/ros/humble /usr/bin/cmake --build /home/ubuntu/ros2ws/build/ros2srrc_iiwa_moveit2 -- -j4 -l4
[0.339s] Invoked command in '/home/ubuntu/ros2ws/build/ros2srrc_iiwa_moveit2' returned '0': CMAKE_PREFIX_PATH=${CMAKE_PREFIX_PATH}:/opt/ros/humble /usr/bin/cmake --build /home/ubuntu/ros2ws/build/ros2srrc_iiwa_moveit2 -- -j4 -l4
[0.404s] Invoking command in '/home/ubuntu/ros2ws/build/ros2srrc_iiwa_moveit2': CMAKE_PREFIX_PATH=${CMAKE_PREFIX_PATH}:/opt/ros/humble /usr/bin/cmake --install /home/ubuntu/ros2ws/build/ros2srrc_iiwa_moveit2
[0.430s] -- Install configuration: ""
[0.441s] -- Execute custom install script
[0.473s] -- Up-to-date symlink: /home/ubuntu/ros2ws/install/ros2srrc_iiwa_moveit2/share/ros2srrc_iiwa_moveit2/config/iiwa.srdf
[0.474s] -- Up-to-date symlink: /home/ubuntu/ros2ws/install/ros2srrc_iiwa_moveit2/share/ros2srrc_iiwa_moveit2/config/iiwa_moveit2.rviz
[0.475s] -- Up-to-date symlink: /home/ubuntu/ros2ws/install/ros2srrc_iiwa_moveit2/share/ros2srrc_iiwa_moveit2/config/iiwarobotiq_2f85.srdf
[0.487s] -- Up-to-date symlink: /home/ubuntu/ros2ws/install/ros2srrc_iiwa_moveit2/share/ros2srrc_iiwa_moveit2/config/iiwarobotiq_2f85_moveit2.rviz
[0.489s] -- Up-to-date symlink: /home/ubuntu/ros2ws/install/ros2srrc_iiwa_moveit2/share/ament_index/resource_index/package_run_dependencies/ros2srrc_iiwa_moveit2
[0.495s] -- Up-to-date symlink: /home/ubuntu/ros2ws/install/ros2srrc_iiwa_moveit2/share/ament_index/resource_index/parent_prefix_path/ros2srrc_iiwa_moveit2
[0.497s] -- Up-to-date symlink: /home/ubuntu/ros2ws/install/ros2srrc_iiwa_moveit2/share/ros2srrc_iiwa_moveit2/environment/ament_prefix_path.sh
[0.497s] -- Up-to-date symlink: /home/ubuntu/ros2ws/install/ros2srrc_iiwa_moveit2/share/ros2srrc_iiwa_moveit2/environment/ament_prefix_path.dsv
[0.497s] -- Up-to-date symlink: /home/ubuntu/ros2ws/install/ros2srrc_iiwa_moveit2/share/ros2srrc_iiwa_moveit2/environment/path.sh
[0.498s] -- Up-to-date symlink: /home/ubuntu/ros2ws/install/ros2srrc_iiwa_moveit2/share/ros2srrc_iiwa_moveit2/environment/path.dsv
[0.499s] -- Up-to-date symlink: /home/ubuntu/ros2ws/install/ros2srrc_iiwa_moveit2/share/ros2srrc_iiwa_moveit2/local_setup.bash
[0.502s] -- Up-to-date symlink: /home/ubuntu/ros2ws/install/ros2srrc_iiwa_moveit2/share/ros2srrc_iiwa_moveit2/local_setup.sh
[0.504s] -- Up-to-date symlink: /home/ubuntu/ros2ws/install/ros2srrc_iiwa_moveit2/share/ros2srrc_iiwa_moveit2/local_setup.zsh
[0.505s] -- Up-to-date symlink: /home/ubuntu/ros2ws/install/ros2srrc_iiwa_moveit2/share/ros2srrc_iiwa_moveit2/local_setup.dsv
[0.505s] -- Symlinking: /home/ubuntu/ros2ws/install/ros2srrc_iiwa_moveit2/share/ros2srrc_iiwa_moveit2/package.dsv
[0.534s] -- Up-to-date symlink: /home/ubuntu/ros2ws/install/ros2srrc_iiwa_moveit2/share/ament_index/resource_index/packages/ros2srrc_iiwa_moveit2
[0.538s] -- Up-to-date symlink: /home/ubuntu/ros2ws/install/ros2srrc_iiwa_moveit2/share/ros2srrc_iiwa_moveit2/cmake/ros2srrc_iiwa_moveit2Config.cmake
[0.538s] -- Up-to-date symlink: /home/ubuntu/ros2ws/install/ros2srrc_iiwa_moveit2/share/ros2srrc_iiwa_moveit2/cmake/ros2srrc_iiwa_moveit2Config-version.cmake
[0.540s] -- Up-to-date symlink: /home/ubuntu/ros2ws/install/ros2srrc_iiwa_moveit2/share/ros2srrc_iiwa_moveit2/package.xml
[0.581s] Invoked command in '/home/ubuntu/ros2ws/build/ros2srrc_iiwa_moveit2' returned '0': CMAKE_PREFIX_PATH=${CMAKE_PREFIX_PATH}:/opt/ros/humble /usr/bin/cmake --install /home/ubuntu/ros2ws/build/ros2srrc_iiwa_moveit2
