[0.101s] Invoking command in '/home/ubuntu/ros2ws/build/ur5_ros2_gazebo': CMAKE_PREFIX_PATH=${CMAKE_PREFIX_PATH}:/opt/ros/humble /usr/bin/cmake /home/ubuntu/ros2ws/src/ros2_RobotSimulation/UniversalRobots/UR5/ur5_ros2_gazebo -DCMAKE_INSTALL_PREFIX=/home/ubuntu/ros2ws/install/ur5_ros2_gazebo
[0.310s] -- The C compiler identification is GNU 11.4.0
[0.500s] -- The CXX compiler identification is GNU 11.4.0
[0.535s] -- Detecting C compiler ABI info
[0.837s] -- Detecting C compiler ABI info - done
[0.884s] -- Check for working C compiler: /usr/bin/cc - skipped
[0.884s] -- Detecting C compile features
[0.885s] -- Detecting C compile features - done
[0.885s] -- Detecting CXX compiler ABI info
[1.176s] -- Detecting CXX compiler ABI info - done
[1.225s] -- Check for working CXX compiler: /usr/bin/c++ - skipped
[1.225s] -- Detecting CXX compile features
[1.231s] -- Detecting CXX compile features - done
[1.247s] -- Found ament_cmake: 1.3.10 (/opt/ros/humble/share/ament_cmake/cmake)
[2.019s] -- Found Python3: /usr/bin/python3 (found version "3.10.12") found components: Interpreter 
[2.385s] -- Found ament_lint_auto: 0.12.11 (/opt/ros/humble/share/ament_lint_auto/cmake)
[2.689s] -- Added test 'copyright' to check source files copyright and LICENSE
[2.716s] -- Added test 'flake8' to check Python code syntax and style conventions
[2.720s] -- Added test 'lint_cmake' to check CMake code style
[2.726s] -- Added test 'pep257' to check Python code against some of the docstring style conventions in PEP 257
[2.733s] -- Added test 'xmllint' to check XML markup files
[2.739s] -- Configuring done
[2.753s] -- Generating done
[2.755s] -- Build files have been written to: /home/ubuntu/ros2ws/build/ur5_ros2_gazebo
[2.776s] Invoked command in '/home/ubuntu/ros2ws/build/ur5_ros2_gazebo' returned '0': CMAKE_PREFIX_PATH=${CMAKE_PREFIX_PATH}:/opt/ros/humble /usr/bin/cmake /home/ubuntu/ros2ws/src/ros2_RobotSimulation/UniversalRobots/UR5/ur5_ros2_gazebo -DCMAKE_INSTALL_PREFIX=/home/ubuntu/ros2ws/install/ur5_ros2_gazebo
[2.777s] Invoking command in '/home/ubuntu/ros2ws/build/ur5_ros2_gazebo': CMAKE_PREFIX_PATH=${CMAKE_PREFIX_PATH}:/opt/ros/humble /usr/bin/cmake --build /home/ubuntu/ros2ws/build/ur5_ros2_gazebo -- -j4 -l4
[2.913s] Invoked command in '/home/ubuntu/ros2ws/build/ur5_ros2_gazebo' returned '0': CMAKE_PREFIX_PATH=${CMAKE_PREFIX_PATH}:/opt/ros/humble /usr/bin/cmake --build /home/ubuntu/ros2ws/build/ur5_ros2_gazebo -- -j4 -l4
[3.005s] Invoking command in '/home/ubuntu/ros2ws/build/ur5_ros2_gazebo': CMAKE_PREFIX_PATH=${CMAKE_PREFIX_PATH}:/opt/ros/humble /usr/bin/cmake --install /home/ubuntu/ros2ws/build/ur5_ros2_gazebo
[3.033s] -- Install configuration: ""
[3.033s] -- Installing: /home/ubuntu/ros2ws/install/ur5_ros2_gazebo/share/ur5_ros2_gazebo/config
[3.033s] -- Installing: /home/ubuntu/ros2ws/install/ur5_ros2_gazebo/share/ur5_ros2_gazebo/config/default_kinematics.yaml
[3.034s] -- Installing: /home/ubuntu/ros2ws/install/ur5_ros2_gazebo/share/ur5_ros2_gazebo/config/physical_parameters.yaml
[3.035s] -- Installing: /home/ubuntu/ros2ws/install/ur5_ros2_gazebo/share/ur5_ros2_gazebo/config/visual_parameters.yaml
[3.035s] -- Installing: /home/ubuntu/ros2ws/install/ur5_ros2_gazebo/share/ur5_ros2_gazebo/config/joint_limits.yaml
[3.036s] -- Installing: /home/ubuntu/ros2ws/install/ur5_ros2_gazebo/share/ur5_ros2_gazebo/config/ur5_controller.yaml
[3.036s] -- Installing: /home/ubuntu/ros2ws/install/ur5_ros2_gazebo/share/ur5_ros2_gazebo/config/initial_positions.yaml
[3.036s] -- Installing: /home/ubuntu/ros2ws/install/ur5_ros2_gazebo/share/ur5_ros2_gazebo/launch
[3.037s] -- Installing: /home/ubuntu/ros2ws/install/ur5_ros2_gazebo/share/ur5_ros2_gazebo/launch/ur5_simulation.launch.py
[3.037s] -- Installing: /home/ubuntu/ros2ws/install/ur5_ros2_gazebo/share/ur5_ros2_gazebo/urdf
[3.041s] -- Installing: /home/ubuntu/ros2ws/install/ur5_ros2_gazebo/share/ur5_ros2_gazebo/urdf/ur5_ros2control.xacro
[3.041s] -- Installing: /home/ubuntu/ros2ws/install/ur5_ros2_gazebo/share/ur5_ros2_gazebo/urdf/ur5_transmission.xacro
[3.043s] -- Installing: /home/ubuntu/ros2ws/install/ur5_ros2_gazebo/share/ur5_ros2_gazebo/urdf/ur5.urdf.xacro
[3.044s] -- Installing: /home/ubuntu/ros2ws/install/ur5_ros2_gazebo/share/ur5_ros2_gazebo/urdf/ur5_common.xacro
[3.047s] -- Installing: /home/ubuntu/ros2ws/install/ur5_ros2_gazebo/share/ur5_ros2_gazebo/urdf/ur5_macro.urdf.xacro
[3.047s] -- Installing: /home/ubuntu/ros2ws/install/ur5_ros2_gazebo/share/ur5_ros2_gazebo/worlds
[3.048s] -- Installing: /home/ubuntu/ros2ws/install/ur5_ros2_gazebo/share/ur5_ros2_gazebo/worlds/ur5.world
[3.048s] -- Installing: /home/ubuntu/ros2ws/install/ur5_ros2_gazebo/share/ur5_ros2_gazebo/meshes
[3.048s] -- Installing: /home/ubuntu/ros2ws/install/ur5_ros2_gazebo/share/ur5_ros2_gazebo/meshes/collision
[3.048s] -- Installing: /home/ubuntu/ros2ws/install/ur5_ros2_gazebo/share/ur5_ros2_gazebo/meshes/collision/upperarm.stl
[3.048s] -- Installing: /home/ubuntu/ros2ws/install/ur5_ros2_gazebo/share/ur5_ros2_gazebo/meshes/collision/wrist2.stl
[3.049s] -- Installing: /home/ubuntu/ros2ws/install/ur5_ros2_gazebo/share/ur5_ros2_gazebo/meshes/collision/wrist3.stl
[3.051s] -- Installing: /home/ubuntu/ros2ws/install/ur5_ros2_gazebo/share/ur5_ros2_gazebo/meshes/collision/base.stl
[3.051s] -- Installing: /home/ubuntu/ros2ws/install/ur5_ros2_gazebo/share/ur5_ros2_gazebo/meshes/collision/shoulder.stl
[3.051s] -- Installing: /home/ubuntu/ros2ws/install/ur5_ros2_gazebo/share/ur5_ros2_gazebo/meshes/collision/wrist1.stl
[3.051s] -- Installing: /home/ubuntu/ros2ws/install/ur5_ros2_gazebo/share/ur5_ros2_gazebo/meshes/collision/forearm.stl
[3.051s] -- Installing: /home/ubuntu/ros2ws/install/ur5_ros2_gazebo/share/ur5_ros2_gazebo/meshes/visual
[3.051s] -- Installing: /home/ubuntu/ros2ws/install/ur5_ros2_gazebo/share/ur5_ros2_gazebo/meshes/visual/wrist2.dae
[3.054s] -- Installing: /home/ubuntu/ros2ws/install/ur5_ros2_gazebo/share/ur5_ros2_gazebo/meshes/visual/wrist1.dae
[3.058s] -- Installing: /home/ubuntu/ros2ws/install/ur5_ros2_gazebo/share/ur5_ros2_gazebo/meshes/visual/forearm.dae
[3.065s] -- Installing: /home/ubuntu/ros2ws/install/ur5_ros2_gazebo/share/ur5_ros2_gazebo/meshes/visual/base.dae
[3.065s] -- Installing: /home/ubuntu/ros2ws/install/ur5_ros2_gazebo/share/ur5_ros2_gazebo/meshes/visual/wrist3.dae
[3.065s] -- Installing: /home/ubuntu/ros2ws/install/ur5_ros2_gazebo/share/ur5_ros2_gazebo/meshes/visual/upperarm.dae
[3.074s] -- Installing: /home/ubuntu/ros2ws/install/ur5_ros2_gazebo/share/ur5_ros2_gazebo/meshes/visual/shoulder.dae
[3.076s] -- Installing: /home/ubuntu/ros2ws/install/ur5_ros2_gazebo/share/ament_index/resource_index/package_run_dependencies/ur5_ros2_gazebo
[3.076s] -- Installing: /home/ubuntu/ros2ws/install/ur5_ros2_gazebo/share/ament_index/resource_index/parent_prefix_path/ur5_ros2_gazebo
[3.079s] -- Installing: /home/ubuntu/ros2ws/install/ur5_ros2_gazebo/share/ur5_ros2_gazebo/environment/ament_prefix_path.sh
[3.079s] -- Installing: /home/ubuntu/ros2ws/install/ur5_ros2_gazebo/share/ur5_ros2_gazebo/environment/ament_prefix_path.dsv
[3.083s] -- Installing: /home/ubuntu/ros2ws/install/ur5_ros2_gazebo/share/ur5_ros2_gazebo/environment/path.sh
[3.083s] -- Installing: /home/ubuntu/ros2ws/install/ur5_ros2_gazebo/share/ur5_ros2_gazebo/environment/path.dsv
[3.083s] -- Installing: /home/ubuntu/ros2ws/install/ur5_ros2_gazebo/share/ur5_ros2_gazebo/local_setup.bash
[3.084s] -- Installing: /home/ubuntu/ros2ws/install/ur5_ros2_gazebo/share/ur5_ros2_gazebo/local_setup.sh
[3.084s] -- Installing: /home/ubuntu/ros2ws/install/ur5_ros2_gazebo/share/ur5_ros2_gazebo/local_setup.zsh
[3.084s] -- Installing: /home/ubuntu/ros2ws/install/ur5_ros2_gazebo/share/ur5_ros2_gazebo/local_setup.dsv
[3.084s] -- Installing: /home/ubuntu/ros2ws/install/ur5_ros2_gazebo/share/ur5_ros2_gazebo/package.dsv
[3.084s] -- Installing: /home/ubuntu/ros2ws/install/ur5_ros2_gazebo/share/ament_index/resource_index/packages/ur5_ros2_gazebo
[3.084s] -- Installing: /home/ubuntu/ros2ws/install/ur5_ros2_gazebo/share/ur5_ros2_gazebo/cmake/ur5_ros2_gazeboConfig.cmake
[3.084s] -- Installing: /home/ubuntu/ros2ws/install/ur5_ros2_gazebo/share/ur5_ros2_gazebo/cmake/ur5_ros2_gazeboConfig-version.cmake
[3.084s] -- Installing: /home/ubuntu/ros2ws/install/ur5_ros2_gazebo/share/ur5_ros2_gazebo/package.xml
[3.090s] Invoked command in '/home/ubuntu/ros2ws/build/ur5_ros2_gazebo' returned '0': CMAKE_PREFIX_PATH=${CMAKE_PREFIX_PATH}:/opt/ros/humble /usr/bin/cmake --install /home/ubuntu/ros2ws/build/ur5_ros2_gazebo
