[0.055s] Invoking command in '/home/ubuntu/ros2ws/build/abb_librws': CMAKE_PREFIX_PATH=${CMAKE_PREFIX_PATH}:/opt/ros/humble /usr/bin/cmake --build /home/ubuntu/ros2ws/build/abb_librws -- -j4 -l4
[0.147s] [100%] Built target abb_librws
[0.180s] Invoked command in '/home/ubuntu/ros2ws/build/abb_librws' returned '0': CMAKE_PREFIX_PATH=${CMAKE_PREFIX_PATH}:/opt/ros/humble /usr/bin/cmake --build /home/ubuntu/ros2ws/build/abb_librws -- -j4 -l4
[0.315s] Invoking command in '/home/ubuntu/ros2ws/build/abb_librws': CMAKE_PREFIX_PATH=${CMAKE_PREFIX_PATH}:/opt/ros/humble /usr/bin/cmake --install /home/ubuntu/ros2ws/build/abb_librws
[0.335s] -- Install configuration: ""
[0.338s] -- Up-to-date: /home/ubuntu/ros2ws/install/abb_librws/include
[0.339s] -- Up-to-date: /home/ubuntu/ros2ws/install/abb_librws/include/abb_librws
[0.339s] -- Up-to-date: /home/ubuntu/ros2ws/install/abb_librws/include/abb_librws/rws_common.h
[0.339s] -- Up-to-date: /home/ubuntu/ros2ws/install/abb_librws/include/abb_librws/rws_poco_client.h
[0.340s] -- Up-to-date: /home/ubuntu/ros2ws/install/abb_librws/include/abb_librws/rws_rapid.h
[0.340s] -- Up-to-date: /home/ubuntu/ros2ws/install/abb_librws/include/abb_librws/rws_state_machine_interface.h
[0.340s] -- Up-to-date: /home/ubuntu/ros2ws/install/abb_librws/include/abb_librws/rws_interface.h
[0.340s] -- Up-to-date: /home/ubuntu/ros2ws/install/abb_librws/include/abb_librws/rws_client.h
[0.340s] -- Up-to-date: /home/ubuntu/ros2ws/install/abb_librws/include/abb_librws/rws_cfg.h
[0.340s] -- Up-to-date: /home/ubuntu/ros2ws/install/abb_librws/include/abb_librws/abb_librws_export.h
[0.340s] -- Up-to-date: /home/ubuntu/ros2ws/install/abb_librws/share/abb_librws/cmake
[0.341s] -- Up-to-date: /home/ubuntu/ros2ws/install/abb_librws/share/abb_librws/cmake/FindPoco.cmake
[0.346s] -- Up-to-date: /home/ubuntu/ros2ws/install/abb_librws/share/abb_librws/cmake/README.md
[0.346s] -- Up-to-date: /home/ubuntu/ros2ws/install/abb_librws/lib/libabb_librws.so
[0.346s] -- Up-to-date: /home/ubuntu/ros2ws/install/abb_librws/share/abb_librws/abb_librwsConfig.cmake
[0.346s] -- Up-to-date: /home/ubuntu/ros2ws/install/abb_librws/share/abb_librws/abb_librwsConfigVersion.cmake
[0.346s] -- Up-to-date: /home/ubuntu/ros2ws/install/abb_librws/share/abb_librws/package.xml
[0.346s] -- Up-to-date: /home/ubuntu/ros2ws/install/abb_librws/share/abb_librws/abb_librwsTargets.cmake
[0.346s] -- Up-to-date: /home/ubuntu/ros2ws/install/abb_librws/share/abb_librws/abb_librwsTargets-noconfig.cmake
[0.346s] Invoked command in '/home/ubuntu/ros2ws/build/abb_librws' returned '0': CMAKE_PREFIX_PATH=${CMAKE_PREFIX_PATH}:/opt/ros/humble /usr/bin/cmake --install /home/ubuntu/ros2ws/build/abb_librws
