[0.126s] Invoking command in '/home/ubuntu/ros2ws/build/ros2srrc_ur16e_gazebo': CMAKE_PREFIX_PATH=${CMAKE_PREFIX_PATH}:/opt/ros/humble /usr/bin/cmake --build /home/ubuntu/ros2ws/build/ros2srrc_ur16e_gazebo -- -j4 -l4
[0.214s] Invoked command in '/home/ubuntu/ros2ws/build/ros2srrc_ur16e_gazebo' returned '0': CMAKE_PREFIX_PATH=${CMAKE_PREFIX_PATH}:/opt/ros/humble /usr/bin/cmake --build /home/ubuntu/ros2ws/build/ros2srrc_ur16e_gazebo -- -j4 -l4
[0.298s] Invoking command in '/home/ubuntu/ros2ws/build/ros2srrc_ur16e_gazebo': CMAKE_PREFIX_PATH=${CMAKE_PREFIX_PATH}:/opt/ros/humble /usr/bin/cmake --install /home/ubuntu/ros2ws/build/ros2srrc_ur16e_gazebo
[0.319s] -- Install configuration: ""
[0.319s] -- Up-to-date: /home/ubuntu/ros2ws/install/ros2srrc_ur16e_gazebo/share/ros2srrc_ur16e_gazebo/config
[0.319s] -- Up-to-date: /home/ubuntu/ros2ws/install/ros2srrc_ur16e_gazebo/share/ros2srrc_ur16e_gazebo/config/configurations.yaml
[0.319s] -- Up-to-date: /home/ubuntu/ros2ws/install/ros2srrc_ur16e_gazebo/share/ros2srrc_ur16e_gazebo/urdf
[0.320s] -- Up-to-date: /home/ubuntu/ros2ws/install/ros2srrc_ur16e_gazebo/share/ros2srrc_ur16e_gazebo/urdf/ur16e_robotiq_hande.urdf.xacro
[0.320s] -- Up-to-date: /home/ubuntu/ros2ws/install/ros2srrc_ur16e_gazebo/share/ros2srrc_ur16e_gazebo/urdf/ur16e.urdf.xacro
[0.320s] -- Up-to-date: /home/ubuntu/ros2ws/install/ros2srrc_ur16e_gazebo/share/ros2srrc_ur16e_gazebo/urdf/ur16e_robotiq_2f85.urdf.xacro
[0.320s] -- Up-to-date: /home/ubuntu/ros2ws/install/ros2srrc_ur16e_gazebo/share/ros2srrc_ur16e_gazebo/worlds
[0.320s] -- Up-to-date: /home/ubuntu/ros2ws/install/ros2srrc_ur16e_gazebo/share/ros2srrc_ur16e_gazebo/worlds/ros2srrc_ur16e.world
[0.321s] -- Up-to-date: /home/ubuntu/ros2ws/install/ros2srrc_ur16e_gazebo/share/ament_index/resource_index/package_run_dependencies/ros2srrc_ur16e_gazebo
[0.321s] -- Up-to-date: /home/ubuntu/ros2ws/install/ros2srrc_ur16e_gazebo/share/ament_index/resource_index/parent_prefix_path/ros2srrc_ur16e_gazebo
[0.321s] -- Up-to-date: /home/ubuntu/ros2ws/install/ros2srrc_ur16e_gazebo/share/ros2srrc_ur16e_gazebo/environment/ament_prefix_path.sh
[0.321s] -- Up-to-date: /home/ubuntu/ros2ws/install/ros2srrc_ur16e_gazebo/share/ros2srrc_ur16e_gazebo/environment/ament_prefix_path.dsv
[0.321s] -- Up-to-date: /home/ubuntu/ros2ws/install/ros2srrc_ur16e_gazebo/share/ros2srrc_ur16e_gazebo/environment/path.sh
[0.321s] -- Up-to-date: /home/ubuntu/ros2ws/install/ros2srrc_ur16e_gazebo/share/ros2srrc_ur16e_gazebo/environment/path.dsv
[0.323s] -- Up-to-date: /home/ubuntu/ros2ws/install/ros2srrc_ur16e_gazebo/share/ros2srrc_ur16e_gazebo/local_setup.bash
[0.323s] -- Up-to-date: /home/ubuntu/ros2ws/install/ros2srrc_ur16e_gazebo/share/ros2srrc_ur16e_gazebo/local_setup.sh
[0.326s] -- Up-to-date: /home/ubuntu/ros2ws/install/ros2srrc_ur16e_gazebo/share/ros2srrc_ur16e_gazebo/local_setup.zsh
[0.326s] -- Up-to-date: /home/ubuntu/ros2ws/install/ros2srrc_ur16e_gazebo/share/ros2srrc_ur16e_gazebo/local_setup.dsv
[0.327s] -- Up-to-date: /home/ubuntu/ros2ws/install/ros2srrc_ur16e_gazebo/share/ros2srrc_ur16e_gazebo/package.dsv
[0.327s] -- Up-to-date: /home/ubuntu/ros2ws/install/ros2srrc_ur16e_gazebo/share/ament_index/resource_index/packages/ros2srrc_ur16e_gazebo
[0.327s] -- Up-to-date: /home/ubuntu/ros2ws/install/ros2srrc_ur16e_gazebo/share/ros2srrc_ur16e_gazebo/cmake/ros2srrc_ur16e_gazeboConfig.cmake
[0.327s] -- Up-to-date: /home/ubuntu/ros2ws/install/ros2srrc_ur16e_gazebo/share/ros2srrc_ur16e_gazebo/cmake/ros2srrc_ur16e_gazeboConfig-version.cmake
[0.327s] -- Up-to-date: /home/ubuntu/ros2ws/install/ros2srrc_ur16e_gazebo/share/ros2srrc_ur16e_gazebo/package.xml
[0.333s] Invoked command in '/home/ubuntu/ros2ws/build/ros2srrc_ur16e_gazebo' returned '0': CMAKE_PREFIX_PATH=${CMAKE_PREFIX_PATH}:/opt/ros/humble /usr/bin/cmake --install /home/ubuntu/ros2ws/build/ros2srrc_ur16e_gazebo
