[0.032s] Invoking command in '/home/ubuntu/ros2ws/build/ros2srrc_ur5_gazebo': CMAKE_PREFIX_PATH=${CMAKE_PREFIX_PATH}:/opt/ros/humble /usr/bin/cmake --build /home/ubuntu/ros2ws/build/ros2srrc_ur5_gazebo -- -j4 -l4
[0.096s] Invoked command in '/home/ubuntu/ros2ws/build/ros2srrc_ur5_gazebo' returned '0': CMAKE_PREFIX_PATH=${CMAKE_PREFIX_PATH}:/opt/ros/humble /usr/bin/cmake --build /home/ubuntu/ros2ws/build/ros2srrc_ur5_gazebo -- -j4 -l4
[0.141s] Invoking command in '/home/ubuntu/ros2ws/build/ros2srrc_ur5_gazebo': CMAKE_PREFIX_PATH=${CMAKE_PREFIX_PATH}:/opt/ros/humble /usr/bin/cmake --install /home/ubuntu/ros2ws/build/ros2srrc_ur5_gazebo
[0.152s] -- Install configuration: ""
[0.152s] -- Up-to-date: /home/ubuntu/ros2ws/install/ros2srrc_ur5_gazebo/share/ros2srrc_ur5_gazebo/config
[0.152s] -- Up-to-date: /home/ubuntu/ros2ws/install/ros2srrc_ur5_gazebo/share/ros2srrc_ur5_gazebo/config/configurations.yaml
[0.153s] -- Up-to-date: /home/ubuntu/ros2ws/install/ros2srrc_ur5_gazebo/share/ros2srrc_ur5_gazebo/urdf
[0.153s] -- Up-to-date: /home/ubuntu/ros2ws/install/ros2srrc_ur5_gazebo/share/ros2srrc_ur5_gazebo/urdf/ur5_robotiq_2f85.urdf.xacro
[0.153s] -- Up-to-date: /home/ubuntu/ros2ws/install/ros2srrc_ur5_gazebo/share/ros2srrc_ur5_gazebo/urdf/ur5.urdf.xacro
[0.153s] -- Up-to-date: /home/ubuntu/ros2ws/install/ros2srrc_ur5_gazebo/share/ros2srrc_ur5_gazebo/urdf/ur5_robotiq_hande.urdf.xacro
[0.153s] -- Up-to-date: /home/ubuntu/ros2ws/install/ros2srrc_ur5_gazebo/share/ros2srrc_ur5_gazebo/worlds
[0.154s] -- Up-to-date: /home/ubuntu/ros2ws/install/ros2srrc_ur5_gazebo/share/ros2srrc_ur5_gazebo/worlds/ros2srrc_ur5.world
[0.154s] -- Up-to-date: /home/ubuntu/ros2ws/install/ros2srrc_ur5_gazebo/share/ament_index/resource_index/package_run_dependencies/ros2srrc_ur5_gazebo
[0.154s] -- Up-to-date: /home/ubuntu/ros2ws/install/ros2srrc_ur5_gazebo/share/ament_index/resource_index/parent_prefix_path/ros2srrc_ur5_gazebo
[0.154s] -- Up-to-date: /home/ubuntu/ros2ws/install/ros2srrc_ur5_gazebo/share/ros2srrc_ur5_gazebo/environment/ament_prefix_path.sh
[0.154s] -- Up-to-date: /home/ubuntu/ros2ws/install/ros2srrc_ur5_gazebo/share/ros2srrc_ur5_gazebo/environment/ament_prefix_path.dsv
[0.154s] -- Up-to-date: /home/ubuntu/ros2ws/install/ros2srrc_ur5_gazebo/share/ros2srrc_ur5_gazebo/environment/path.sh
[0.154s] -- Up-to-date: /home/ubuntu/ros2ws/install/ros2srrc_ur5_gazebo/share/ros2srrc_ur5_gazebo/environment/path.dsv
[0.154s] -- Up-to-date: /home/ubuntu/ros2ws/install/ros2srrc_ur5_gazebo/share/ros2srrc_ur5_gazebo/local_setup.bash
[0.154s] -- Up-to-date: /home/ubuntu/ros2ws/install/ros2srrc_ur5_gazebo/share/ros2srrc_ur5_gazebo/local_setup.sh
[0.155s] -- Up-to-date: /home/ubuntu/ros2ws/install/ros2srrc_ur5_gazebo/share/ros2srrc_ur5_gazebo/local_setup.zsh
[0.155s] -- Up-to-date: /home/ubuntu/ros2ws/install/ros2srrc_ur5_gazebo/share/ros2srrc_ur5_gazebo/local_setup.dsv
[0.155s] -- Up-to-date: /home/ubuntu/ros2ws/install/ros2srrc_ur5_gazebo/share/ros2srrc_ur5_gazebo/package.dsv
[0.155s] -- Up-to-date: /home/ubuntu/ros2ws/install/ros2srrc_ur5_gazebo/share/ament_index/resource_index/packages/ros2srrc_ur5_gazebo
[0.155s] -- Up-to-date: /home/ubuntu/ros2ws/install/ros2srrc_ur5_gazebo/share/ros2srrc_ur5_gazebo/cmake/ros2srrc_ur5_gazeboConfig.cmake
[0.155s] -- Up-to-date: /home/ubuntu/ros2ws/install/ros2srrc_ur5_gazebo/share/ros2srrc_ur5_gazebo/cmake/ros2srrc_ur5_gazeboConfig-version.cmake
[0.155s] -- Up-to-date: /home/ubuntu/ros2ws/install/ros2srrc_ur5_gazebo/share/ros2srrc_ur5_gazebo/package.xml
[0.157s] Invoked command in '/home/ubuntu/ros2ws/build/ros2srrc_ur5_gazebo' returned '0': CMAKE_PREFIX_PATH=${CMAKE_PREFIX_PATH}:/opt/ros/humble /usr/bin/cmake --install /home/ubuntu/ros2ws/build/ros2srrc_ur5_gazebo
