[0.147s] Invoking command in '/home/ubuntu/ros2ws/build/ros2srrc_ur5_gazebo': CMAKE_PREFIX_PATH=${CMAKE_PREFIX_PATH}:/opt/ros/humble /usr/bin/cmake --build /home/ubuntu/ros2ws/build/ros2srrc_ur5_gazebo -- -j4 -l4
[0.420s] Invoked command in '/home/ubuntu/ros2ws/build/ros2srrc_ur5_gazebo' returned '0': CMAKE_PREFIX_PATH=${CMAKE_PREFIX_PATH}:/opt/ros/humble /usr/bin/cmake --build /home/ubuntu/ros2ws/build/ros2srrc_ur5_gazebo -- -j4 -l4
[0.465s] Invoking command in '/home/ubuntu/ros2ws/build/ros2srrc_ur5_gazebo': CMAKE_PREFIX_PATH=${CMAKE_PREFIX_PATH}:/opt/ros/humble /usr/bin/cmake --install /home/ubuntu/ros2ws/build/ros2srrc_ur5_gazebo
[0.496s] -- Install configuration: ""
[0.604s] -- Execute custom install script
[0.677s] -- Up-to-date symlink: /home/ubuntu/ros2ws/install/ros2srrc_ur5_gazebo/share/ros2srrc_ur5_gazebo/config/configurations.yaml
[0.695s] -- Up-to-date symlink: /home/ubuntu/ros2ws/install/ros2srrc_ur5_gazebo/share/ros2srrc_ur5_gazebo/urdf/ur5.urdf.xacro
[0.696s] -- Up-to-date symlink: /home/ubuntu/ros2ws/install/ros2srrc_ur5_gazebo/share/ros2srrc_ur5_gazebo/urdf/ur5_robotiq_2f85.urdf.xacro
[0.696s] -- Up-to-date symlink: /home/ubuntu/ros2ws/install/ros2srrc_ur5_gazebo/share/ros2srrc_ur5_gazebo/urdf/ur5_robotiq_hande.urdf.xacro
[0.696s] -- Up-to-date symlink: /home/ubuntu/ros2ws/install/ros2srrc_ur5_gazebo/share/ros2srrc_ur5_gazebo/worlds/ros2srrc_ur5.world
[0.697s] -- Up-to-date symlink: /home/ubuntu/ros2ws/install/ros2srrc_ur5_gazebo/share/ament_index/resource_index/package_run_dependencies/ros2srrc_ur5_gazebo
[0.701s] -- Up-to-date symlink: /home/ubuntu/ros2ws/install/ros2srrc_ur5_gazebo/share/ament_index/resource_index/parent_prefix_path/ros2srrc_ur5_gazebo
[0.703s] -- Up-to-date symlink: /home/ubuntu/ros2ws/install/ros2srrc_ur5_gazebo/share/ros2srrc_ur5_gazebo/environment/ament_prefix_path.sh
[0.704s] -- Up-to-date symlink: /home/ubuntu/ros2ws/install/ros2srrc_ur5_gazebo/share/ros2srrc_ur5_gazebo/environment/ament_prefix_path.dsv
[0.709s] -- Up-to-date symlink: /home/ubuntu/ros2ws/install/ros2srrc_ur5_gazebo/share/ros2srrc_ur5_gazebo/environment/path.sh
[0.709s] -- Up-to-date symlink: /home/ubuntu/ros2ws/install/ros2srrc_ur5_gazebo/share/ros2srrc_ur5_gazebo/environment/path.dsv
[0.713s] -- Up-to-date symlink: /home/ubuntu/ros2ws/install/ros2srrc_ur5_gazebo/share/ros2srrc_ur5_gazebo/local_setup.bash
[0.734s] -- Up-to-date symlink: /home/ubuntu/ros2ws/install/ros2srrc_ur5_gazebo/share/ros2srrc_ur5_gazebo/local_setup.sh
[0.737s] -- Up-to-date symlink: /home/ubuntu/ros2ws/install/ros2srrc_ur5_gazebo/share/ros2srrc_ur5_gazebo/local_setup.zsh
[0.738s] -- Up-to-date symlink: /home/ubuntu/ros2ws/install/ros2srrc_ur5_gazebo/share/ros2srrc_ur5_gazebo/local_setup.dsv
[0.738s] -- Symlinking: /home/ubuntu/ros2ws/install/ros2srrc_ur5_gazebo/share/ros2srrc_ur5_gazebo/package.dsv
[0.751s] -- Up-to-date symlink: /home/ubuntu/ros2ws/install/ros2srrc_ur5_gazebo/share/ament_index/resource_index/packages/ros2srrc_ur5_gazebo
[0.760s] -- Up-to-date symlink: /home/ubuntu/ros2ws/install/ros2srrc_ur5_gazebo/share/ros2srrc_ur5_gazebo/cmake/ros2srrc_ur5_gazeboConfig.cmake
[0.765s] -- Up-to-date symlink: /home/ubuntu/ros2ws/install/ros2srrc_ur5_gazebo/share/ros2srrc_ur5_gazebo/cmake/ros2srrc_ur5_gazeboConfig-version.cmake
[0.766s] -- Up-to-date symlink: /home/ubuntu/ros2ws/install/ros2srrc_ur5_gazebo/share/ros2srrc_ur5_gazebo/package.xml
[0.786s] Invoked command in '/home/ubuntu/ros2ws/build/ros2srrc_ur5_gazebo' returned '0': CMAKE_PREFIX_PATH=${CMAKE_PREFIX_PATH}:/opt/ros/humble /usr/bin/cmake --install /home/ubuntu/ros2ws/build/ros2srrc_ur5_gazebo
