[0.067s] Invoking command in '/home/ubuntu/ros2ws/build/ros2_linkattacher': AMENT_PREFIX_PATH=/home/ubuntu/ros2ws/install/linkattacher_msgs:${AMENT_PREFIX_PATH} CMAKE_PREFIX_PATH=/home/ubuntu/ros2ws/install/linkattacher_msgs:/home/ubuntu/ros2ws/install/turtlesim:/opt/ros/humble LD_LIBRARY_PATH=/home/ubuntu/ros2ws/install/linkattacher_msgs/lib:${LD_LIBRARY_PATH} PYTHONPATH=/home/ubuntu/ros2ws/install/linkattacher_msgs/local/lib/python3.10/dist-packages:${PYTHONPATH} /usr/bin/cmake --build /home/ubuntu/ros2ws/build/ros2_linkattacher -- -j4 -l4
[0.348s] [100%] Built target gazebo_link_attacher
[0.375s] Invoked command in '/home/ubuntu/ros2ws/build/ros2_linkattacher' returned '0': AMENT_PREFIX_PATH=/home/ubuntu/ros2ws/install/linkattacher_msgs:${AMENT_PREFIX_PATH} CMAKE_PREFIX_PATH=/home/ubuntu/ros2ws/install/linkattacher_msgs:/home/ubuntu/ros2ws/install/turtlesim:/opt/ros/humble LD_LIBRARY_PATH=/home/ubuntu/ros2ws/install/linkattacher_msgs/lib:${LD_LIBRARY_PATH} PYTHONPATH=/home/ubuntu/ros2ws/install/linkattacher_msgs/local/lib/python3.10/dist-packages:${PYTHONPATH} /usr/bin/cmake --build /home/ubuntu/ros2ws/build/ros2_linkattacher -- -j4 -l4
[0.512s] Invoking command in '/home/ubuntu/ros2ws/build/ros2_linkattacher': AMENT_PREFIX_PATH=/home/ubuntu/ros2ws/install/linkattacher_msgs:${AMENT_PREFIX_PATH} CMAKE_PREFIX_PATH=/home/ubuntu/ros2ws/install/linkattacher_msgs:/home/ubuntu/ros2ws/install/turtlesim:/opt/ros/humble LD_LIBRARY_PATH=/home/ubuntu/ros2ws/install/linkattacher_msgs/lib:${LD_LIBRARY_PATH} PYTHONPATH=/home/ubuntu/ros2ws/install/linkattacher_msgs/local/lib/python3.10/dist-packages:${PYTHONPATH} /usr/bin/cmake --install /home/ubuntu/ros2ws/build/ros2_linkattacher
[0.562s] -- Install configuration: ""
[0.562s] -- Up-to-date: /home/ubuntu/ros2ws/install/ros2_linkattacher/share/ros2_linkattacher/environment/library_path.sh
[0.562s] -- Up-to-date: /home/ubuntu/ros2ws/install/ros2_linkattacher/share/ros2_linkattacher/environment/library_path.dsv
[0.570s] -- Up-to-date: /home/ubuntu/ros2ws/install/ros2_linkattacher/lib/libgazebo_link_attacher.so
[0.571s] -- Up-to-date: /home/ubuntu/ros2ws/install/ros2_linkattacher/share/ament_index/resource_index/package_run_dependencies/ros2_linkattacher
[0.571s] -- Up-to-date: /home/ubuntu/ros2ws/install/ros2_linkattacher/share/ament_index/resource_index/parent_prefix_path/ros2_linkattacher
[0.571s] -- Up-to-date: /home/ubuntu/ros2ws/install/ros2_linkattacher/share/ros2_linkattacher/environment/ament_prefix_path.sh
[0.571s] -- Up-to-date: /home/ubuntu/ros2ws/install/ros2_linkattacher/share/ros2_linkattacher/environment/ament_prefix_path.dsv
[0.571s] -- Up-to-date: /home/ubuntu/ros2ws/install/ros2_linkattacher/share/ros2_linkattacher/environment/path.sh
[0.572s] -- Up-to-date: /home/ubuntu/ros2ws/install/ros2_linkattacher/share/ros2_linkattacher/environment/path.dsv
[0.572s] -- Up-to-date: /home/ubuntu/ros2ws/install/ros2_linkattacher/share/ros2_linkattacher/local_setup.bash
[0.572s] -- Up-to-date: /home/ubuntu/ros2ws/install/ros2_linkattacher/share/ros2_linkattacher/local_setup.sh
[0.572s] -- Up-to-date: /home/ubuntu/ros2ws/install/ros2_linkattacher/share/ros2_linkattacher/local_setup.zsh
[0.572s] -- Up-to-date: /home/ubuntu/ros2ws/install/ros2_linkattacher/share/ros2_linkattacher/local_setup.dsv
[0.576s] -- Installing: /home/ubuntu/ros2ws/install/ros2_linkattacher/share/ros2_linkattacher/package.dsv
[0.577s] -- Up-to-date: /home/ubuntu/ros2ws/install/ros2_linkattacher/share/ament_index/resource_index/packages/ros2_linkattacher
[0.577s] -- Up-to-date: /home/ubuntu/ros2ws/install/ros2_linkattacher/share/ros2_linkattacher/cmake/ament_cmake_export_libraries-extras.cmake
[0.580s] -- Up-to-date: /home/ubuntu/ros2ws/install/ros2_linkattacher/share/ros2_linkattacher/cmake/ros2_linkattacherConfig.cmake
[0.581s] -- Up-to-date: /home/ubuntu/ros2ws/install/ros2_linkattacher/share/ros2_linkattacher/cmake/ros2_linkattacherConfig-version.cmake
[0.581s] -- Up-to-date: /home/ubuntu/ros2ws/install/ros2_linkattacher/share/ros2_linkattacher/package.xml
[0.597s] Invoked command in '/home/ubuntu/ros2ws/build/ros2_linkattacher' returned '0': AMENT_PREFIX_PATH=/home/ubuntu/ros2ws/install/linkattacher_msgs:${AMENT_PREFIX_PATH} CMAKE_PREFIX_PATH=/home/ubuntu/ros2ws/install/linkattacher_msgs:/home/ubuntu/ros2ws/install/turtlesim:/opt/ros/humble LD_LIBRARY_PATH=/home/ubuntu/ros2ws/install/linkattacher_msgs/lib:${LD_LIBRARY_PATH} PYTHONPATH=/home/ubuntu/ros2ws/install/linkattacher_msgs/local/lib/python3.10/dist-packages:${PYTHONPATH} /usr/bin/cmake --install /home/ubuntu/ros2ws/build/ros2_linkattacher
