[0.449s] Invoking command in '/home/ubuntu/ros2ws/build/ros2srrc_endeffectors': CMAKE_PREFIX_PATH=${CMAKE_PREFIX_PATH}:/home/ubuntu/ros2ws/install/testV1:/home/ubuntu/ros2ws/install/gui_subscriber:/home/ubuntu/ros2ws/install/moveit_configs_utils:/home/ubuntu/ros2ws/install/robot_letter_writer:/home/ubuntu/ros2ws/install/launch_param_builder:/opt/ros/humble /usr/bin/cmake --build /home/ubuntu/ros2ws/build/ros2srrc_endeffectors -- -j4 -l4
[0.575s] Invoked command in '/home/ubuntu/ros2ws/build/ros2srrc_endeffectors' returned '0': CMAKE_PREFIX_PATH=${CMAKE_PREFIX_PATH}:/home/ubuntu/ros2ws/install/testV1:/home/ubuntu/ros2ws/install/gui_subscriber:/home/ubuntu/ros2ws/install/moveit_configs_utils:/home/ubuntu/ros2ws/install/robot_letter_writer:/home/ubuntu/ros2ws/install/launch_param_builder:/opt/ros/humble /usr/bin/cmake --build /home/ubuntu/ros2ws/build/ros2srrc_endeffectors -- -j4 -l4
[0.662s] Invoking command in '/home/ubuntu/ros2ws/build/ros2srrc_endeffectors': CMAKE_PREFIX_PATH=${CMAKE_PREFIX_PATH}:/home/ubuntu/ros2ws/install/testV1:/home/ubuntu/ros2ws/install/gui_subscriber:/home/ubuntu/ros2ws/install/moveit_configs_utils:/home/ubuntu/ros2ws/install/robot_letter_writer:/home/ubuntu/ros2ws/install/launch_param_builder:/opt/ros/humble /usr/bin/cmake --install /home/ubuntu/ros2ws/build/ros2srrc_endeffectors
[0.679s] -- Install configuration: ""
[0.680s] -- Execute custom install script
[0.681s] -- Up-to-date symlink: /home/ubuntu/ros2ws/install/ros2srrc_endeffectors/share/ros2srrc_endeffectors/egp64/config/controller.yaml
[0.682s] -- Up-to-date symlink: /home/ubuntu/ros2ws/install/ros2srrc_endeffectors/share/ros2srrc_endeffectors/egp64/config/controller_moveit2.yaml
[0.682s] -- Up-to-date symlink: /home/ubuntu/ros2ws/install/ros2srrc_endeffectors/share/ros2srrc_endeffectors/egp64/config/joint_limits.yaml
[0.685s] -- Up-to-date symlink: /home/ubuntu/ros2ws/install/ros2srrc_endeffectors/share/ros2srrc_endeffectors/egp64/config/joint_specifications.yaml
[0.685s] -- Up-to-date symlink: /home/ubuntu/ros2ws/install/ros2srrc_endeffectors/share/ros2srrc_endeffectors/egp64/meshes/00. Schunk Gripper - Component POSES
[0.685s] -- Up-to-date symlink: /home/ubuntu/ros2ws/install/ros2srrc_endeffectors/share/ros2srrc_endeffectors/egp64/meshes/Schunk Gripper - ADAPTER.STL
[0.685s] -- Up-to-date symlink: /home/ubuntu/ros2ws/install/ros2srrc_endeffectors/share/ros2srrc_endeffectors/egp64/meshes/Schunk Gripper - BASE noAdapter.STL
[0.685s] -- Up-to-date symlink: /home/ubuntu/ros2ws/install/ros2srrc_endeffectors/share/ros2srrc_endeffectors/egp64/meshes/Schunk Gripper - BASE.STL
[0.690s] -- Up-to-date symlink: /home/ubuntu/ros2ws/install/ros2srrc_endeffectors/share/ros2srrc_endeffectors/egp64/meshes/Schunk Gripper - Cranfield Robotics.STL
[0.690s] -- Up-to-date symlink: /home/ubuntu/ros2ws/install/ros2srrc_endeffectors/share/ros2srrc_endeffectors/egp64/meshes/Schunk Gripper - LEFT FINGER BASE.STL
[0.690s] -- Up-to-date symlink: /home/ubuntu/ros2ws/install/ros2srrc_endeffectors/share/ros2srrc_endeffectors/egp64/meshes/Schunk Gripper - LEFT FINGER.STL
[0.690s] -- Up-to-date symlink: /home/ubuntu/ros2ws/install/ros2srrc_endeffectors/share/ros2srrc_endeffectors/egp64/meshes/Schunk Gripper - RIGHT FINGER BASE.STL
[0.690s] -- Up-to-date symlink: /home/ubuntu/ros2ws/install/ros2srrc_endeffectors/share/ros2srrc_endeffectors/egp64/meshes/Schunk Gripper - RIGHT FINGER.STL
[0.690s] -- Up-to-date symlink: /home/ubuntu/ros2ws/install/ros2srrc_endeffectors/share/ros2srrc_endeffectors/egp64/meshes/egp64.dae
[0.690s] -- Up-to-date symlink: /home/ubuntu/ros2ws/install/ros2srrc_endeffectors/share/ros2srrc_endeffectors/egp64/meshes/egp64_Adapter.dae
[0.690s] -- Up-to-date symlink: /home/ubuntu/ros2ws/install/ros2srrc_endeffectors/share/ros2srrc_endeffectors/egp64/meshes/egp64_Base.dae
[0.690s] -- Up-to-date symlink: /home/ubuntu/ros2ws/install/ros2srrc_endeffectors/share/ros2srrc_endeffectors/egp64/meshes/egp64_BaseNoAdapter.dae
[0.690s] -- Up-to-date symlink: /home/ubuntu/ros2ws/install/ros2srrc_endeffectors/share/ros2srrc_endeffectors/egp64/meshes/egp64_FingerCylinder.dae
[0.690s] -- Up-to-date symlink: /home/ubuntu/ros2ws/install/ros2srrc_endeffectors/share/ros2srrc_endeffectors/egp64/meshes/egp64_FingerCylinder.stl
[0.691s] -- Up-to-date symlink: /home/ubuntu/ros2ws/install/ros2srrc_endeffectors/share/ros2srrc_endeffectors/egp64/meshes/egp64_FingerCylinder_L.dae
[0.691s] -- Up-to-date symlink: /home/ubuntu/ros2ws/install/ros2srrc_endeffectors/share/ros2srrc_endeffectors/egp64/meshes/egp64_FingerCylinder_R.dae
[0.691s] -- Up-to-date symlink: /home/ubuntu/ros2ws/install/ros2srrc_endeffectors/share/ros2srrc_endeffectors/egp64/meshes/egp64_LeftFinger.dae
[0.691s] -- Up-to-date symlink: /home/ubuntu/ros2ws/install/ros2srrc_endeffectors/share/ros2srrc_endeffectors/egp64/meshes/egp64_LeftFingerBase.dae
[0.691s] -- Up-to-date symlink: /home/ubuntu/ros2ws/install/ros2srrc_endeffectors/share/ros2srrc_endeffectors/egp64/meshes/egp64_RightFinger.dae
[0.691s] -- Up-to-date symlink: /home/ubuntu/ros2ws/install/ros2srrc_endeffectors/share/ros2srrc_endeffectors/egp64/meshes/egp64_RightFingerBase.dae
[0.691s] -- Up-to-date symlink: /home/ubuntu/ros2ws/install/ros2srrc_endeffectors/share/ros2srrc_endeffectors/egp64/urdf/egp64_macro.urdf.xacro
[0.691s] -- Up-to-date symlink: /home/ubuntu/ros2ws/install/ros2srrc_endeffectors/share/ros2srrc_endeffectors/egp64/urdf/egp64_ros2control.xacro
[0.692s] -- Up-to-date symlink: /home/ubuntu/ros2ws/install/ros2srrc_endeffectors/share/ros2srrc_endeffectors/egp64/urdf/egp64_transmission.xacro
[0.692s] -- Up-to-date symlink: /home/ubuntu/ros2ws/install/ros2srrc_endeffectors/share/ros2srrc_endeffectors/egp64/urdf/egp64v2_macro.urdf.xacro
[0.692s] -- Up-to-date symlink: /home/ubuntu/ros2ws/install/ros2srrc_endeffectors/share/ros2srrc_endeffectors/gpp5010nc/config/controller.yaml
[0.692s] -- Up-to-date symlink: /home/ubuntu/ros2ws/install/ros2srrc_endeffectors/share/ros2srrc_endeffectors/gpp5010nc/config/controller_moveit2.yaml
[0.692s] -- Up-to-date symlink: /home/ubuntu/ros2ws/install/ros2srrc_endeffectors/share/ros2srrc_endeffectors/gpp5010nc/config/joint_limits.yaml
[0.692s] -- Up-to-date symlink: /home/ubuntu/ros2ws/install/ros2srrc_endeffectors/share/ros2srrc_endeffectors/gpp5010nc/config/joint_specifications.yaml
[0.692s] -- Up-to-date symlink: /home/ubuntu/ros2ws/install/ros2srrc_endeffectors/share/ros2srrc_endeffectors/gpp5010nc/meshes/gpp5010nc_LeftFinger.dae
[0.692s] -- Up-to-date symlink: /home/ubuntu/ros2ws/install/ros2srrc_endeffectors/share/ros2srrc_endeffectors/gpp5010nc/meshes/gpp5010nc_MainBody.dae
[0.692s] -- Up-to-date symlink: /home/ubuntu/ros2ws/install/ros2srrc_endeffectors/share/ros2srrc_endeffectors/gpp5010nc/meshes/gpp5010nc_RightFinger.dae
[0.692s] -- Up-to-date symlink: /home/ubuntu/ros2ws/install/ros2srrc_endeffectors/share/ros2srrc_endeffectors/gpp5010nc/meshes/gpp5010nc_irb6640_Adapter.dae
[0.692s] -- Up-to-date symlink: /home/ubuntu/ros2ws/install/ros2srrc_endeffectors/share/ros2srrc_endeffectors/gpp5010nc/urdf/gpp5010nc_macro.urdf.xacro
[0.692s] -- Up-to-date symlink: /home/ubuntu/ros2ws/install/ros2srrc_endeffectors/share/ros2srrc_endeffectors/gpp5010nc/urdf/gpp5010nc_ros2control.xacro
[0.693s] -- Up-to-date symlink: /home/ubuntu/ros2ws/install/ros2srrc_endeffectors/share/ros2srrc_endeffectors/gpp5010nc/urdf/gpp5010nc_transmission.xacro
[0.693s] -- Up-to-date symlink: /home/ubuntu/ros2ws/install/ros2srrc_endeffectors/share/ros2srrc_endeffectors/ls_vgr/meshes/ls_vgr.dae
[0.693s] -- Up-to-date symlink: /home/ubuntu/ros2ws/install/ros2srrc_endeffectors/share/ros2srrc_endeffectors/ls_vgr/urdf/ls_vgr_macro.urdf.xacro
[0.693s] -- Up-to-date symlink: /home/ubuntu/ros2ws/install/ros2srrc_endeffectors/share/ros2srrc_endeffectors/ls_vgr/urdf/ls_vgr_ros2control.xacro
[0.693s] -- Up-to-date symlink: /home/ubuntu/ros2ws/install/ros2srrc_endeffectors/share/ros2srrc_endeffectors/ls_vgr/urdf/ls_vgr_transmission.xacro
[0.693s] -- Up-to-date symlink: /home/ubuntu/ros2ws/install/ros2srrc_endeffectors/share/ros2srrc_endeffectors/ls_vgr_amrc/meshes/ls_vgr_amrc.dae
[0.693s] -- Up-to-date symlink: /home/ubuntu/ros2ws/install/ros2srrc_endeffectors/share/ros2srrc_endeffectors/ls_vgr_amrc/urdf/ls_vgr_amrc_macro.urdf.xacro
[0.693s] -- Up-to-date symlink: /home/ubuntu/ros2ws/install/ros2srrc_endeffectors/share/ros2srrc_endeffectors/ls_vgr_amrc/urdf/ls_vgr_amrc_ros2control.xacro
[0.694s] -- Up-to-date symlink: /home/ubuntu/ros2ws/install/ros2srrc_endeffectors/share/ros2srrc_endeffectors/ls_vgr_amrc/urdf/ls_vgr_amrc_transmission.xacro
[0.695s] -- Up-to-date symlink: /home/ubuntu/ros2ws/install/ros2srrc_endeffectors/share/ros2srrc_endeffectors/robotiq_2f85/config/controller.yaml
[0.696s] -- Up-to-date symlink: /home/ubuntu/ros2ws/install/ros2srrc_endeffectors/share/ros2srrc_endeffectors/robotiq_2f85/config/controller_moveit2.yaml
[0.696s] -- Up-to-date symlink: /home/ubuntu/ros2ws/install/ros2srrc_endeffectors/share/ros2srrc_endeffectors/robotiq_2f85/config/joint_limits.yaml
[0.696s] -- Up-to-date symlink: /home/ubuntu/ros2ws/install/ros2srrc_endeffectors/share/ros2srrc_endeffectors/robotiq_2f85/config/joint_specifications.yaml
[0.696s] -- Up-to-date symlink: /home/ubuntu/ros2ws/install/ros2srrc_endeffectors/share/ros2srrc_endeffectors/robotiq_2f85/meshes/collision/robotiq_85_base_link.stl
[0.696s] -- Up-to-date symlink: /home/ubuntu/ros2ws/install/ros2srrc_endeffectors/share/ros2srrc_endeffectors/robotiq_2f85/meshes/collision/robotiq_85_finger_link.stl
[0.696s] -- Up-to-date symlink: /home/ubuntu/ros2ws/install/ros2srrc_endeffectors/share/ros2srrc_endeffectors/robotiq_2f85/meshes/collision/robotiq_85_finger_tip_link.stl
[0.697s] -- Up-to-date symlink: /home/ubuntu/ros2ws/install/ros2srrc_endeffectors/share/ros2srrc_endeffectors/robotiq_2f85/meshes/collision/robotiq_85_inner_knuckle_link.stl
[0.697s] -- Up-to-date symlink: /home/ubuntu/ros2ws/install/ros2srrc_endeffectors/share/ros2srrc_endeffectors/robotiq_2f85/meshes/collision/robotiq_85_knuckle_link.stl
[0.697s] -- Up-to-date symlink: /home/ubuntu/ros2ws/install/ros2srrc_endeffectors/share/ros2srrc_endeffectors/robotiq_2f85/meshes/robotiq_85_coupler.stl
[0.700s] -- Up-to-date symlink: /home/ubuntu/ros2ws/install/ros2srrc_endeffectors/share/ros2srrc_endeffectors/robotiq_2f85/meshes/visual/robotiq_85_base_link.dae
[0.701s] -- Up-to-date symlink: /home/ubuntu/ros2ws/install/ros2srrc_endeffectors/share/ros2srrc_endeffectors/robotiq_2f85/meshes/visual/robotiq_85_finger_link.dae
[0.701s] -- Up-to-date symlink: /home/ubuntu/ros2ws/install/ros2srrc_endeffectors/share/ros2srrc_endeffectors/robotiq_2f85/meshes/visual/robotiq_85_finger_tip_link.dae
[0.701s] -- Up-to-date symlink: /home/ubuntu/ros2ws/install/ros2srrc_endeffectors/share/ros2srrc_endeffectors/robotiq_2f85/meshes/visual/robotiq_85_inner_knuckle_link.dae
[0.701s] -- Up-to-date symlink: /home/ubuntu/ros2ws/install/ros2srrc_endeffectors/share/ros2srrc_endeffectors/robotiq_2f85/meshes/visual/robotiq_85_knuckle_link.dae
[0.702s] -- Up-to-date symlink: /home/ubuntu/ros2ws/install/ros2srrc_endeffectors/share/ros2srrc_endeffectors/robotiq_2f85/urdf/robotiq_2f85_macro.urdf.xacro
[0.702s] -- Up-to-date symlink: /home/ubuntu/ros2ws/install/ros2srrc_endeffectors/share/ros2srrc_endeffectors/robotiq_2f85/urdf/robotiq_2f85_ros2control.xacro
[0.702s] -- Up-to-date symlink: /home/ubuntu/ros2ws/install/ros2srrc_endeffectors/share/ros2srrc_endeffectors/robotiq_2f85/urdf/robotiq_2f85_transmission.xacro
[0.702s] -- Up-to-date symlink: /home/ubuntu/ros2ws/install/ros2srrc_endeffectors/share/ros2srrc_endeffectors/robotiq_hande/config/controller.yaml
[0.702s] -- Up-to-date symlink: /home/ubuntu/ros2ws/install/ros2srrc_endeffectors/share/ros2srrc_endeffectors/robotiq_hande/config/controller_moveit2.yaml
[0.703s] -- Up-to-date symlink: /home/ubuntu/ros2ws/install/ros2srrc_endeffectors/share/ros2srrc_endeffectors/robotiq_hande/config/joint_limits.yaml
[0.703s] -- Up-to-date symlink: /home/ubuntu/ros2ws/install/ros2srrc_endeffectors/share/ros2srrc_endeffectors/robotiq_hande/config/joint_specifications.yaml
[0.703s] -- Up-to-date symlink: /home/ubuntu/ros2ws/install/ros2srrc_endeffectors/share/ros2srrc_endeffectors/robotiq_hande/meshes/finger_1.dae
[0.706s] -- Up-to-date symlink: /home/ubuntu/ros2ws/install/ros2srrc_endeffectors/share/ros2srrc_endeffectors/robotiq_hande/meshes/finger_2.dae
[0.706s] -- Up-to-date symlink: /home/ubuntu/ros2ws/install/ros2srrc_endeffectors/share/ros2srrc_endeffectors/robotiq_hande/meshes/hand-e.dae
[0.706s] -- Up-to-date symlink: /home/ubuntu/ros2ws/install/ros2srrc_endeffectors/share/ros2srrc_endeffectors/robotiq_hande/meshes/hande_bracket.dae
[0.706s] -- Up-to-date symlink: /home/ubuntu/ros2ws/install/ros2srrc_endeffectors/share/ros2srrc_endeffectors/robotiq_hande/meshes/robotiq_hande.dae
[0.706s] -- Up-to-date symlink: /home/ubuntu/ros2ws/install/ros2srrc_endeffectors/share/ros2srrc_endeffectors/robotiq_hande/meshes/robotiq_hande_coupler.stl
[0.706s] -- Up-to-date symlink: /home/ubuntu/ros2ws/install/ros2srrc_endeffectors/share/ros2srrc_endeffectors/robotiq_hande/urdf/robotiq_hande_macro.urdf.xacro
[0.706s] -- Up-to-date symlink: /home/ubuntu/ros2ws/install/ros2srrc_endeffectors/share/ros2srrc_endeffectors/robotiq_hande/urdf/robotiq_hande_ros2control.xacro
[0.706s] -- Up-to-date symlink: /home/ubuntu/ros2ws/install/ros2srrc_endeffectors/share/ros2srrc_endeffectors/robotiq_hande/urdf/robotiq_hande_transmission.xacro
[0.707s] -- Up-to-date symlink: /home/ubuntu/ros2ws/install/ros2srrc_endeffectors/share/ros2srrc_endeffectors/mpz45/meshes/00. mzp45 component POSES
[0.707s] -- Up-to-date symlink: /home/ubuntu/ros2ws/install/ros2srrc_endeffectors/share/ros2srrc_endeffectors/mpz45/meshes/MPZ45_gripper_base.STL
[0.707s] -- Up-to-date symlink: /home/ubuntu/ros2ws/install/ros2srrc_endeffectors/share/ros2srrc_endeffectors/mpz45/meshes/MPZ45_tooth.STL
[0.707s] -- Up-to-date symlink: /home/ubuntu/ros2ws/install/ros2srrc_endeffectors/share/ros2srrc_endeffectors/mpz45/meshes/MPZ45_tooth_2.STL
[0.707s] -- Up-to-date symlink: /home/ubuntu/ros2ws/install/ros2srrc_endeffectors/share/ros2srrc_endeffectors/mpz45/meshes/MPZ45_tooth_3.STL
[0.707s] -- Up-to-date symlink: /home/ubuntu/ros2ws/install/ros2srrc_endeffectors/share/ros2srrc_endeffectors/mpz45/meshes/mpz45_gripper_base.dae
[0.707s] -- Up-to-date symlink: /home/ubuntu/ros2ws/install/ros2srrc_endeffectors/share/ros2srrc_endeffectors/mpz45/meshes/mpz45_tooth_1.dae
[0.707s] -- Up-to-date symlink: /home/ubuntu/ros2ws/install/ros2srrc_endeffectors/share/ros2srrc_endeffectors/mpz45/meshes/mpz45_tooth_2.dae
[0.707s] -- Up-to-date symlink: /home/ubuntu/ros2ws/install/ros2srrc_endeffectors/share/ros2srrc_endeffectors/mpz45/meshes/mpz45_tooth_3.dae
[0.707s] -- Up-to-date symlink: /home/ubuntu/ros2ws/install/ros2srrc_endeffectors/share/ros2srrc_endeffectors/mpz45/urdf/mpz45_macro.urdf.xacro
[0.707s] -- Up-to-date symlink: /home/ubuntu/ros2ws/install/ros2srrc_endeffectors/share/ros2srrc_endeffectors/mpz45/urdf/mpz45_ros2control.xacro
[0.707s] -- Up-to-date symlink: /home/ubuntu/ros2ws/install/ros2srrc_endeffectors/share/ros2srrc_endeffectors/mpz45/urdf/mpz45_transmission.xacro
[0.707s] -- Up-to-date symlink: /home/ubuntu/ros2ws/install/ros2srrc_endeffectors/share/ament_index/resource_index/package_run_dependencies/ros2srrc_endeffectors
[0.708s] -- Up-to-date symlink: /home/ubuntu/ros2ws/install/ros2srrc_endeffectors/share/ament_index/resource_index/parent_prefix_path/ros2srrc_endeffectors
[0.708s] -- Up-to-date symlink: /home/ubuntu/ros2ws/install/ros2srrc_endeffectors/share/ros2srrc_endeffectors/environment/ament_prefix_path.sh
[0.708s] -- Up-to-date symlink: /home/ubuntu/ros2ws/install/ros2srrc_endeffectors/share/ros2srrc_endeffectors/environment/ament_prefix_path.dsv
[0.708s] -- Up-to-date symlink: /home/ubuntu/ros2ws/install/ros2srrc_endeffectors/share/ros2srrc_endeffectors/environment/path.sh
[0.708s] -- Up-to-date symlink: /home/ubuntu/ros2ws/install/ros2srrc_endeffectors/share/ros2srrc_endeffectors/environment/path.dsv
[0.708s] -- Up-to-date symlink: /home/ubuntu/ros2ws/install/ros2srrc_endeffectors/share/ros2srrc_endeffectors/local_setup.bash
[0.708s] -- Up-to-date symlink: /home/ubuntu/ros2ws/install/ros2srrc_endeffectors/share/ros2srrc_endeffectors/local_setup.sh
[0.708s] -- Up-to-date symlink: /home/ubuntu/ros2ws/install/ros2srrc_endeffectors/share/ros2srrc_endeffectors/local_setup.zsh
[0.708s] -- Up-to-date symlink: /home/ubuntu/ros2ws/install/ros2srrc_endeffectors/share/ros2srrc_endeffectors/local_setup.dsv
[0.708s] -- Symlinking: /home/ubuntu/ros2ws/install/ros2srrc_endeffectors/share/ros2srrc_endeffectors/package.dsv
[0.730s] -- Up-to-date symlink: /home/ubuntu/ros2ws/install/ros2srrc_endeffectors/share/ament_index/resource_index/packages/ros2srrc_endeffectors
[0.730s] -- Up-to-date symlink: /home/ubuntu/ros2ws/install/ros2srrc_endeffectors/share/ros2srrc_endeffectors/cmake/ros2srrc_endeffectorsConfig.cmake
[0.730s] -- Up-to-date symlink: /home/ubuntu/ros2ws/install/ros2srrc_endeffectors/share/ros2srrc_endeffectors/cmake/ros2srrc_endeffectorsConfig-version.cmake
[0.734s] -- Up-to-date symlink: /home/ubuntu/ros2ws/install/ros2srrc_endeffectors/share/ros2srrc_endeffectors/package.xml
[0.735s] Invoked command in '/home/ubuntu/ros2ws/build/ros2srrc_endeffectors' returned '0': CMAKE_PREFIX_PATH=${CMAKE_PREFIX_PATH}:/home/ubuntu/ros2ws/install/testV1:/home/ubuntu/ros2ws/install/gui_subscriber:/home/ubuntu/ros2ws/install/moveit_configs_utils:/home/ubuntu/ros2ws/install/robot_letter_writer:/home/ubuntu/ros2ws/install/launch_param_builder:/opt/ros/humble /usr/bin/cmake --install /home/ubuntu/ros2ws/build/ros2srrc_endeffectors
