[0.067s] Invoking command in '/home/ubuntu/ros2ws/build/abb_egm_rws_managers': CMAKE_PREFIX_PATH=/home/ubuntu/ros2ws/install/abb_librws:/home/ubuntu/ros2ws/install/abb_libegm:/home/ubuntu/ros2ws/install/turtlesim:/opt/ros/humble LD_LIBRARY_PATH=/home/ubuntu/ros2ws/install/abb_librws/lib:/home/ubuntu/ros2ws/install/abb_libegm/lib:${LD_LIBRARY_PATH} PKG_CONFIG_PATH=/home/ubuntu/ros2ws/install/abb_librws/lib/x86_64-linux-gnu/pkgconfig:/home/ubuntu/ros2ws/install/abb_librws/lib/pkgconfig:/home/ubuntu/ros2ws/install/abb_libegm/lib/x86_64-linux-gnu/pkgconfig:/home/ubuntu/ros2ws/install/abb_libegm/lib/pkgconfig /usr/bin/cmake --build /home/ubuntu/ros2ws/build/abb_egm_rws_managers -- -j4 -l4
[0.351s] [100%] Built target abb_egm_rws_managers
[0.379s] Invoked command in '/home/ubuntu/ros2ws/build/abb_egm_rws_managers' returned '0': CMAKE_PREFIX_PATH=/home/ubuntu/ros2ws/install/abb_librws:/home/ubuntu/ros2ws/install/abb_libegm:/home/ubuntu/ros2ws/install/turtlesim:/opt/ros/humble LD_LIBRARY_PATH=/home/ubuntu/ros2ws/install/abb_librws/lib:/home/ubuntu/ros2ws/install/abb_libegm/lib:${LD_LIBRARY_PATH} PKG_CONFIG_PATH=/home/ubuntu/ros2ws/install/abb_librws/lib/x86_64-linux-gnu/pkgconfig:/home/ubuntu/ros2ws/install/abb_librws/lib/pkgconfig:/home/ubuntu/ros2ws/install/abb_libegm/lib/x86_64-linux-gnu/pkgconfig:/home/ubuntu/ros2ws/install/abb_libegm/lib/pkgconfig /usr/bin/cmake --build /home/ubuntu/ros2ws/build/abb_egm_rws_managers -- -j4 -l4
[0.529s] Invoking command in '/home/ubuntu/ros2ws/build/abb_egm_rws_managers': CMAKE_PREFIX_PATH=/home/ubuntu/ros2ws/install/abb_librws:/home/ubuntu/ros2ws/install/abb_libegm:/home/ubuntu/ros2ws/install/turtlesim:/opt/ros/humble LD_LIBRARY_PATH=/home/ubuntu/ros2ws/install/abb_librws/lib:/home/ubuntu/ros2ws/install/abb_libegm/lib:${LD_LIBRARY_PATH} PKG_CONFIG_PATH=/home/ubuntu/ros2ws/install/abb_librws/lib/x86_64-linux-gnu/pkgconfig:/home/ubuntu/ros2ws/install/abb_librws/lib/pkgconfig:/home/ubuntu/ros2ws/install/abb_libegm/lib/x86_64-linux-gnu/pkgconfig:/home/ubuntu/ros2ws/install/abb_libegm/lib/pkgconfig /usr/bin/cmake --install /home/ubuntu/ros2ws/build/abb_egm_rws_managers
[0.585s] -- Install configuration: "RelWithDebInfo"
[0.589s] -- Up-to-date: /home/ubuntu/ros2ws/install/abb_egm_rws_managers/include
[0.590s] -- Up-to-date: /home/ubuntu/ros2ws/install/abb_egm_rws_managers/include/abb_egm_rws_managers
[0.590s] -- Up-to-date: /home/ubuntu/ros2ws/install/abb_egm_rws_managers/include/abb_egm_rws_managers/system_data_parser.h
[0.590s] -- Up-to-date: /home/ubuntu/ros2ws/install/abb_egm_rws_managers/include/abb_egm_rws_managers/rws_manager.h
[0.590s] -- Up-to-date: /home/ubuntu/ros2ws/install/abb_egm_rws_managers/include/abb_egm_rws_managers/egm_manager.h
[0.590s] -- Up-to-date: /home/ubuntu/ros2ws/install/abb_egm_rws_managers/include/abb_egm_rws_managers/data_containers.h
[0.591s] -- Up-to-date: /home/ubuntu/ros2ws/install/abb_egm_rws_managers/include/abb_egm_rws_managers/utilities.h
[0.591s] -- Up-to-date: /home/ubuntu/ros2ws/install/abb_egm_rws_managers/include/abb_egm_rws_managers/robot_controller_description.proto
[0.591s] -- Up-to-date: /home/ubuntu/ros2ws/install/abb_egm_rws_managers/include/abb_egm_rws_managers/robot_controller_description.pb.h
[0.591s] -- Up-to-date: /home/ubuntu/ros2ws/install/abb_egm_rws_managers/include/abb_egm_rws_managers/abb_egm_rws_managers_export.h
[0.608s] -- Up-to-date: /home/ubuntu/ros2ws/install/abb_egm_rws_managers/share/abb_egm_rws_managers/abb_egm_rws_managersConfig.cmake
[0.609s] -- Up-to-date: /home/ubuntu/ros2ws/install/abb_egm_rws_managers/share/abb_egm_rws_managers/abb_egm_rws_managersConfigVersion.cmake
[0.609s] -- Up-to-date: /home/ubuntu/ros2ws/install/abb_egm_rws_managers/share/abb_egm_rws_managers/package.xml
[0.610s] -- Up-to-date: /home/ubuntu/ros2ws/install/abb_egm_rws_managers/lib/libabb_egm_rws_managers.so
[0.623s] -- Up-to-date: /home/ubuntu/ros2ws/install/abb_egm_rws_managers/share/abb_egm_rws_managers/abb_egm_rws_managersTargets.cmake
[0.623s] -- Up-to-date: /home/ubuntu/ros2ws/install/abb_egm_rws_managers/share/abb_egm_rws_managers/abb_egm_rws_managersTargets-relwithdebinfo.cmake
[0.628s] Invoked command in '/home/ubuntu/ros2ws/build/abb_egm_rws_managers' returned '0': CMAKE_PREFIX_PATH=/home/ubuntu/ros2ws/install/abb_librws:/home/ubuntu/ros2ws/install/abb_libegm:/home/ubuntu/ros2ws/install/turtlesim:/opt/ros/humble LD_LIBRARY_PATH=/home/ubuntu/ros2ws/install/abb_librws/lib:/home/ubuntu/ros2ws/install/abb_libegm/lib:${LD_LIBRARY_PATH} PKG_CONFIG_PATH=/home/ubuntu/ros2ws/install/abb_librws/lib/x86_64-linux-gnu/pkgconfig:/home/ubuntu/ros2ws/install/abb_librws/lib/pkgconfig:/home/ubuntu/ros2ws/install/abb_libegm/lib/x86_64-linux-gnu/pkgconfig:/home/ubuntu/ros2ws/install/abb_libegm/lib/pkgconfig /usr/bin/cmake --install /home/ubuntu/ros2ws/build/abb_egm_rws_managers
