[0.049s] Invoking command in '/home/ubuntu/ros2ws/build/gazebo_ros2_control': CMAKE_PREFIX_PATH=${CMAKE_PREFIX_PATH}:/opt/ros/humble /usr/bin/cmake /home/ubuntu/ros2ws/src/gazebo_ros2_control/gazebo_ros2_control -DAMENT_CMAKE_SYMLINK_INSTALL=1 -DCMAKE_INSTALL_PREFIX=/home/ubuntu/ros2ws/install/gazebo_ros2_control
[0.134s] -- Found ament_cmake: 1.3.10 (/opt/ros/humble/share/ament_cmake/cmake)
[0.326s] -- Override CMake install command with custom implementation using symlinks instead of copying resources
[0.348s] -- Found angles: 1.15.0 (/opt/ros/humble/share/angles/cmake)
[0.359s] -- Found controller_manager: 2.43.1 (/opt/ros/humble/share/controller_manager/cmake)
[0.463s] -- Found rosidl_generator_c: 3.1.5 (/opt/ros/humble/share/rosidl_generator_c/cmake)
[0.468s] -- Found rosidl_adapter: 3.1.5 (/opt/ros/humble/share/rosidl_adapter/cmake)
[0.476s] -- Found rosidl_generator_cpp: 3.1.5 (/opt/ros/humble/share/rosidl_generator_cpp/cmake)
[0.496s] -- Using all available rosidl_typesupport_c: rosidl_typesupport_fastrtps_c;rosidl_typesupport_introspection_c
[0.516s] -- Using all available rosidl_typesupport_cpp: rosidl_typesupport_fastrtps_cpp;rosidl_typesupport_introspection_cpp
[1.270s] -- Found rmw_implementation_cmake: 6.1.2 (/opt/ros/humble/share/rmw_implementation_cmake/cmake)
[1.312s] -- Found rmw_cyclonedds_cpp: 1.3.4 (/opt/ros/humble/share/rmw_cyclonedds_cpp/cmake)
[1.542s] -- Using RMW implementation 'rmw_cyclonedds_cpp' as default
[1.963s] -- Found gazebo_dev: 3.7.0 (/opt/ros/humble/share/gazebo_dev/cmake)
[2.283s] -- Found DART: /usr/include (Required is at least version "6.6") found components: dart 
[2.552s] -- Found Protobuf: /usr/lib/x86_64-linux-gnu/libprotobuf.so (found version "3.12.4") 
[2.583s] -- Looking for ignition-math6 -- found version 6.15.1
[2.648s] -- Searching for dependencies of ignition-math6
[2.661s] -- Looking for OGRE...
[2.694s] -- Found Ogre Ghadamon (1.9.0)
[2.710s] -- Found OGRE: optimized;/usr/lib/x86_64-linux-gnu/libOgreMain.so;debug;/usr/lib/x86_64-linux-gnu/libOgreMain.so
[2.726s] -- Looking for OGRE_Paging...
[2.727s] -- Found OGRE_Paging: optimized;/usr/lib/x86_64-linux-gnu/libOgrePaging.so;debug;/usr/lib/x86_64-linux-gnu/libOgrePaging.so
[2.727s] -- Looking for OGRE_Terrain...
[2.727s] -- Found OGRE_Terrain: optimized;/usr/lib/x86_64-linux-gnu/libOgreTerrain.so;debug;/usr/lib/x86_64-linux-gnu/libOgreTerrain.so
[2.727s] -- Looking for OGRE_Property...
[2.727s] -- Found OGRE_Property: optimized;/usr/lib/x86_64-linux-gnu/libOgreProperty.so;debug;/usr/lib/x86_64-linux-gnu/libOgreProperty.so
[2.727s] -- Looking for OGRE_RTShaderSystem...
[2.727s] -- Found OGRE_RTShaderSystem: optimized;/usr/lib/x86_64-linux-gnu/libOgreRTShaderSystem.so;debug;/usr/lib/x86_64-linux-gnu/libOgreRTShaderSystem.so
[2.727s] -- Looking for OGRE_Volume...
[2.727s] -- Found OGRE_Volume: optimized;/usr/lib/x86_64-linux-gnu/libOgreVolume.so;debug;/usr/lib/x86_64-linux-gnu/libOgreVolume.so
[2.728s] -- Looking for OGRE_Overlay...
[2.728s] -- Found OGRE_Overlay: optimized;/usr/lib/x86_64-linux-gnu/libOgreOverlay.so;debug;/usr/lib/x86_64-linux-gnu/libOgreOverlay.so
[3.322s] -- Looking for ignition-math6 -- found version 6.15.1
[3.331s] -- Looking for ignition-transport8 -- found version 8.2.1
[3.333s] -- Searching for dependencies of ignition-transport8
[3.395s] -- Found Protobuf: /usr/lib/x86_64-linux-gnu/libprotobuf.so (found suitable version "3.12.4", minimum required is "3") 
[3.421s] -- Config-file not installed for ZeroMQ -- checking for pkg-config
[3.432s] -- Checking for module 'libzmq >= 4'
[3.573s] --   Found libzmq , version 4.3.4
[3.683s] -- Checking for module 'uuid'
[3.734s] --   Found uuid, version 2.37.2
[3.837s] -- Looking for ignition-msgs5 -- found version 5.8.1
[3.838s] -- Searching for dependencies of ignition-msgs5
[3.890s] -- Looking for ignition-math6 -- found version 6.15.1
[3.909s] -- Looking for ignition-msgs5 -- found version 5.8.1
[3.912s] -- Looking for ignition-common3 -- found version 3.14.0
[3.912s] -- Searching for dependencies of ignition-common3
[3.914s] -- Looking for dlfcn.h - found
[3.914s] -- Looking for libdl - found
[3.945s] -- Searching for <ignition-common3> component [graphics]
[3.949s] -- Looking for ignition-common3-graphics -- found version 3.14.0
[3.949s] -- Searching for dependencies of ignition-common3-graphics
[3.950s] -- Looking for ignition-math6 -- found version 6.15.1
[3.979s] -- Looking for ignition-fuel_tools4 -- found version 4.4.0
[3.980s] -- Searching for dependencies of ignition-fuel_tools4
[4.158s] -- Checking for module 'jsoncpp'
[4.191s] --   Found jsoncpp, version 1.9.5
[4.274s] -- Checking for module 'libzip'
[4.311s] --   Found libzip, version 1.7.3
[4.389s] -- Looking for ignition-common3 -- found version 3.14.0
[4.389s] -- Looking for ignition-math6 -- found version 6.15.1
[4.390s] -- Looking for ignition-msgs5 -- found version 5.8.1
[4.402s] -- Gazebo version: 11.10
[4.420s] -- Found gazebo_ros: 3.7.0 (/opt/ros/humble/share/gazebo_ros/cmake)
[4.445s] -- Found yaml_cpp_vendor: 8.0.2 (/opt/ros/humble/share/yaml_cpp_vendor/cmake)
[4.637s] -- Found ament_cmake_gtest: 1.3.10 (/opt/ros/humble/share/ament_cmake_gtest/cmake)
[4.637s] -- Found ament_lint_auto: 0.12.11 (/opt/ros/humble/share/ament_lint_auto/cmake)
[4.796s] -- Added test 'copyright' to check source files copyright and LICENSE
[4.798s] -- Added test 'cppcheck' to perform static code analysis on C / C++ code
[4.799s] -- Configured cppcheck include dirs: /home/ubuntu/ros2ws/src/gazebo_ros2_control/gazebo_ros2_control/include
[4.799s] -- Configured cppcheck exclude dirs and/or files: 
[4.801s] -- Added test 'cpplint' to check C / C++ code against the Google style
[4.801s] -- Configured cpplint exclude dirs and/or files: 
[4.802s] -- Added test 'lint_cmake' to check CMake code style
[4.804s] -- Added test 'uncrustify' to check C / C++ code style
[4.804s] -- Configured uncrustify additional arguments: 
[4.805s] -- Added test 'xmllint' to check XML markup files
[4.812s] -- Configuring done
[5.235s] -- Generating done
[5.241s] -- Build files have been written to: /home/ubuntu/ros2ws/build/gazebo_ros2_control
