[0.049s] Invoking command in '/home/ubuntu/ros2ws/build/rosparam_shortcuts': CMAKE_PREFIX_PATH=${CMAKE_PREFIX_PATH}:/home/ubuntu/ros2ws/install/moveit_configs_utils:/home/ubuntu/ros2ws/install/launch_param_builder:/home/ubuntu/ros2ws/install/testV1:/home/ubuntu/ros2ws/install/gui_subscriber:/home/ubuntu/ros2ws/install/robot_letter_writer:/opt/ros/humble /usr/bin/cmake --build /home/ubuntu/ros2ws/build/rosparam_shortcuts -- -j4 -l4
[0.250s] [ 23%] Built target rosparam_shortcuts
[0.344s] [ 38%] Built target gtest
[0.464s] [ 53%] Built target rosparam_shortcuts_node_parameters_example
[0.556s] [ 69%] Built target rosparam_shortcuts_example
[0.653s] [ 84%] Built target gtest_main
[0.748s] [100%] Built target test_node_parameters
[0.787s] Invoked command in '/home/ubuntu/ros2ws/build/rosparam_shortcuts' returned '0': CMAKE_PREFIX_PATH=${CMAKE_PREFIX_PATH}:/home/ubuntu/ros2ws/install/moveit_configs_utils:/home/ubuntu/ros2ws/install/launch_param_builder:/home/ubuntu/ros2ws/install/testV1:/home/ubuntu/ros2ws/install/gui_subscriber:/home/ubuntu/ros2ws/install/robot_letter_writer:/opt/ros/humble /usr/bin/cmake --build /home/ubuntu/ros2ws/build/rosparam_shortcuts -- -j4 -l4
[1.033s] Invoking command in '/home/ubuntu/ros2ws/build/rosparam_shortcuts': CMAKE_PREFIX_PATH=${CMAKE_PREFIX_PATH}:/home/ubuntu/ros2ws/install/moveit_configs_utils:/home/ubuntu/ros2ws/install/launch_param_builder:/home/ubuntu/ros2ws/install/testV1:/home/ubuntu/ros2ws/install/gui_subscriber:/home/ubuntu/ros2ws/install/robot_letter_writer:/opt/ros/humble /usr/bin/cmake --install /home/ubuntu/ros2ws/build/rosparam_shortcuts
[1.063s] -- Install configuration: ""
[1.064s] -- Up-to-date: /home/ubuntu/ros2ws/install/rosparam_shortcuts/lib/librosparam_shortcuts.so
[1.065s] -- Up-to-date: /home/ubuntu/ros2ws/install/rosparam_shortcuts/lib/rosparam_shortcuts/example
[1.065s] -- Up-to-date: /home/ubuntu/ros2ws/install/rosparam_shortcuts/lib/rosparam_shortcuts/node_parameters_example
[1.066s] -- Up-to-date: /home/ubuntu/ros2ws/install/rosparam_shortcuts/include
[1.066s] -- Up-to-date: /home/ubuntu/ros2ws/install/rosparam_shortcuts/include/rosparam_shortcuts
[1.067s] -- Up-to-date: /home/ubuntu/ros2ws/install/rosparam_shortcuts/include/rosparam_shortcuts/node_parameters.h
[1.067s] -- Up-to-date: /home/ubuntu/ros2ws/install/rosparam_shortcuts/include/rosparam_shortcuts/rosparam_shortcuts.h
[1.070s] -- Up-to-date: /home/ubuntu/ros2ws/install/rosparam_shortcuts/share/rosparam_shortcuts/launch
[1.070s] -- Up-to-date: /home/ubuntu/ros2ws/install/rosparam_shortcuts/share/rosparam_shortcuts/launch/example.launch.py
[1.071s] -- Up-to-date: /home/ubuntu/ros2ws/install/rosparam_shortcuts/share/rosparam_shortcuts/config
[1.071s] -- Up-to-date: /home/ubuntu/ros2ws/install/rosparam_shortcuts/share/rosparam_shortcuts/config/example.yaml
[1.071s] -- Up-to-date: /home/ubuntu/ros2ws/install/rosparam_shortcuts/share/rosparam_shortcuts/environment/library_path.sh
[1.071s] -- Up-to-date: /home/ubuntu/ros2ws/install/rosparam_shortcuts/share/rosparam_shortcuts/environment/library_path.dsv
[1.071s] -- Up-to-date: /home/ubuntu/ros2ws/install/rosparam_shortcuts/share/ament_index/resource_index/package_run_dependencies/rosparam_shortcuts
[1.071s] -- Up-to-date: /home/ubuntu/ros2ws/install/rosparam_shortcuts/share/ament_index/resource_index/parent_prefix_path/rosparam_shortcuts
[1.071s] -- Up-to-date: /home/ubuntu/ros2ws/install/rosparam_shortcuts/share/rosparam_shortcuts/environment/ament_prefix_path.sh
[1.071s] -- Up-to-date: /home/ubuntu/ros2ws/install/rosparam_shortcuts/share/rosparam_shortcuts/environment/ament_prefix_path.dsv
[1.071s] -- Up-to-date: /home/ubuntu/ros2ws/install/rosparam_shortcuts/share/rosparam_shortcuts/environment/path.sh
[1.072s] -- Up-to-date: /home/ubuntu/ros2ws/install/rosparam_shortcuts/share/rosparam_shortcuts/environment/path.dsv
[1.072s] -- Up-to-date: /home/ubuntu/ros2ws/install/rosparam_shortcuts/share/rosparam_shortcuts/local_setup.bash
[1.072s] -- Up-to-date: /home/ubuntu/ros2ws/install/rosparam_shortcuts/share/rosparam_shortcuts/local_setup.sh
[1.072s] -- Up-to-date: /home/ubuntu/ros2ws/install/rosparam_shortcuts/share/rosparam_shortcuts/local_setup.zsh
[1.073s] -- Up-to-date: /home/ubuntu/ros2ws/install/rosparam_shortcuts/share/rosparam_shortcuts/local_setup.dsv
[1.077s] -- Installing: /home/ubuntu/ros2ws/install/rosparam_shortcuts/share/rosparam_shortcuts/package.dsv
[1.077s] -- Up-to-date: /home/ubuntu/ros2ws/install/rosparam_shortcuts/share/ament_index/resource_index/packages/rosparam_shortcuts
[1.077s] -- Up-to-date: /home/ubuntu/ros2ws/install/rosparam_shortcuts/share/rosparam_shortcuts/cmake/export_rosparam_shortcutsExport.cmake
[1.077s] -- Up-to-date: /home/ubuntu/ros2ws/install/rosparam_shortcuts/share/rosparam_shortcuts/cmake/export_rosparam_shortcutsExport-noconfig.cmake
[1.078s] -- Up-to-date: /home/ubuntu/ros2ws/install/rosparam_shortcuts/share/rosparam_shortcuts/cmake/ament_cmake_export_targets-extras.cmake
[1.078s] -- Up-to-date: /home/ubuntu/ros2ws/install/rosparam_shortcuts/share/rosparam_shortcuts/cmake/ament_cmake_export_dependencies-extras.cmake
[1.078s] -- Up-to-date: /home/ubuntu/ros2ws/install/rosparam_shortcuts/share/rosparam_shortcuts/cmake/rosparam_shortcutsConfig.cmake
[1.078s] -- Up-to-date: /home/ubuntu/ros2ws/install/rosparam_shortcuts/share/rosparam_shortcuts/cmake/rosparam_shortcutsConfig-version.cmake
[1.078s] -- Up-to-date: /home/ubuntu/ros2ws/install/rosparam_shortcuts/share/rosparam_shortcuts/package.xml
[1.081s] Invoked command in '/home/ubuntu/ros2ws/build/rosparam_shortcuts' returned '0': CMAKE_PREFIX_PATH=${CMAKE_PREFIX_PATH}:/home/ubuntu/ros2ws/install/moveit_configs_utils:/home/ubuntu/ros2ws/install/launch_param_builder:/home/ubuntu/ros2ws/install/testV1:/home/ubuntu/ros2ws/install/gui_subscriber:/home/ubuntu/ros2ws/install/robot_letter_writer:/opt/ros/humble /usr/bin/cmake --install /home/ubuntu/ros2ws/build/rosparam_shortcuts
