-- Found ament_cmake: 1.3.10 (/opt/ros/humble/share/ament_cmake/cmake)
-- Override CMake install command with custom implementation using symlinks instead of copying resources
-- Searching for Poco library...
--   Found Poco!
-- components found: Foundation, Net, Util, XML.
-- Found abb_egm_msgs: 1.0.0 (/home/ubuntu/ros2ws/install/abb_egm_msgs/share/abb_egm_msgs/cmake)
-- Found rosidl_generator_c: 3.1.5 (/opt/ros/humble/share/rosidl_generator_c/cmake)
-- Found rosidl_adapter: 3.1.5 (/opt/ros/humble/share/rosidl_adapter/cmake)
-- Found rosidl_generator_cpp: 3.1.5 (/opt/ros/humble/share/rosidl_generator_cpp/cmake)
-- Using all available rosidl_typesupport_c: rosidl_typesupport_fastrtps_c;rosidl_typesupport_introspection_c
-- Using all available rosidl_typesupport_cpp: rosidl_typesupport_fastrtps_cpp;rosidl_typesupport_introspection_cpp
-- Found abb_robot_msgs: 1.0.0 (/home/ubuntu/ros2ws/install/abb_robot_msgs/share/abb_robot_msgs/cmake)
-- Found abb_rapid_msgs: 1.0.0 (/home/ubuntu/ros2ws/install/abb_rapid_msgs/share/abb_rapid_msgs/cmake)
-- Found abb_rapid_sm_addin_msgs: 1.0.0 (/home/ubuntu/ros2ws/install/abb_rapid_sm_addin_msgs/share/abb_rapid_sm_addin_msgs/cmake)
-- Found abb_hardware_interface: 0.0.0 (/home/ubuntu/ros2ws/install/abb_hardware_interface/share/abb_hardware_interface/cmake)
-- Found rmw_implementation_cmake: 6.1.2 (/opt/ros/humble/share/rmw_implementation_cmake/cmake)
-- Found rmw_cyclonedds_cpp: 1.3.4 (/opt/ros/humble/share/rmw_cyclonedds_cpp/cmake)
-- Using RMW implementation 'rmw_cyclonedds_cpp' as default
-- Found ament_lint_auto: 0.12.11 (/opt/ros/humble/share/ament_lint_auto/cmake)
-- Added test 'cppcheck' to perform static code analysis on C / C++ code
-- Configured cppcheck include dirs: /home/ubuntu/ros2ws/src/ABBDriver/abb_ros2/abb_rws_client/include
-- Configured cppcheck exclude dirs and/or files: 
-- Added test 'lint_cmake' to check CMake code style
-- Added test 'xmllint' to check XML markup files
-- Configuring done
-- Generating done
-- Build files have been written to: /home/ubuntu/ros2ws/build/abb_rws_client
[35m[1mConsolidate compiler generated dependencies of target rws_client_lib[0m
[ 66%] Built target rws_client_lib
[35m[1mConsolidate compiler generated dependencies of target rws_client[0m
[100%] Built target rws_client
-- Install configuration: ""
-- Execute custom install script
-- Up-to-date symlink: /home/ubuntu/ros2ws/install/abb_rws_client/lib/abb_rws_client/rws_client
-- Up-to-date symlink: /home/ubuntu/ros2ws/install/abb_rws_client/lib/librws_client_lib.a
-- Up-to-date symlink: /home/ubuntu/ros2ws/install/abb_rws_client/share/ament_index/resource_index/package_run_dependencies/abb_rws_client
-- Up-to-date symlink: /home/ubuntu/ros2ws/install/abb_rws_client/share/ament_index/resource_index/parent_prefix_path/abb_rws_client
-- Up-to-date symlink: /home/ubuntu/ros2ws/install/abb_rws_client/share/abb_rws_client/environment/ament_prefix_path.sh
-- Up-to-date symlink: /home/ubuntu/ros2ws/install/abb_rws_client/share/abb_rws_client/environment/ament_prefix_path.dsv
-- Up-to-date symlink: /home/ubuntu/ros2ws/install/abb_rws_client/share/abb_rws_client/environment/path.sh
-- Up-to-date symlink: /home/ubuntu/ros2ws/install/abb_rws_client/share/abb_rws_client/environment/path.dsv
-- Up-to-date symlink: /home/ubuntu/ros2ws/install/abb_rws_client/share/abb_rws_client/local_setup.bash
-- Up-to-date symlink: /home/ubuntu/ros2ws/install/abb_rws_client/share/abb_rws_client/local_setup.sh
-- Up-to-date symlink: /home/ubuntu/ros2ws/install/abb_rws_client/share/abb_rws_client/local_setup.zsh
-- Up-to-date symlink: /home/ubuntu/ros2ws/install/abb_rws_client/share/abb_rws_client/local_setup.dsv
-- Symlinking: /home/ubuntu/ros2ws/install/abb_rws_client/share/abb_rws_client/package.dsv
-- Up-to-date symlink: /home/ubuntu/ros2ws/install/abb_rws_client/share/ament_index/resource_index/packages/abb_rws_client
-- Up-to-date symlink: /home/ubuntu/ros2ws/install/abb_rws_client/share/abb_rws_client/cmake/ament_cmake_export_include_directories-extras.cmake
-- Up-to-date symlink: /home/ubuntu/ros2ws/install/abb_rws_client/share/abb_rws_client/cmake/ament_cmake_export_dependencies-extras.cmake
-- Up-to-date symlink: /home/ubuntu/ros2ws/install/abb_rws_client/share/abb_rws_client/cmake/abb_rws_clientConfig.cmake
-- Up-to-date symlink: /home/ubuntu/ros2ws/install/abb_rws_client/share/abb_rws_client/cmake/abb_rws_clientConfig-version.cmake
-- Up-to-date symlink: /home/ubuntu/ros2ws/install/abb_rws_client/share/abb_rws_client/package.xml
