[0.021s] Invoking command in '/home/ubuntu/ros2ws/build/linkattacher_msgs': CMAKE_PREFIX_PATH=${CMAKE_PREFIX_PATH}:/opt/ros/humble /usr/bin/cmake /home/ubuntu/ros2ws/src/IFRA_LinkAttacher/linkattacher_msgs -DAMENT_CMAKE_SYMLINK_INSTALL=1 -DCMAKE_INSTALL_PREFIX=/home/ubuntu/ros2ws/install/linkattacher_msgs
[0.041s] -- Found ament_cmake: 1.3.10 (/opt/ros/humble/share/ament_cmake/cmake)
[0.209s] -- Override CMake install command with custom implementation using symlinks instead of copying resources
[0.220s] -- Found ament_lint_auto: 0.12.11 (/opt/ros/humble/share/ament_lint_auto/cmake)
[0.316s] -- Found rosidl_default_generators: 1.2.0 (/opt/ros/humble/share/rosidl_default_generators/cmake)
[0.323s] -- Using all available rosidl_typesupport_c: rosidl_typesupport_fastrtps_c;rosidl_typesupport_introspection_c
[0.326s] -- Found rosidl_adapter: 3.1.5 (/opt/ros/humble/share/rosidl_adapter/cmake)
[0.370s] -- Using all available rosidl_typesupport_cpp: rosidl_typesupport_fastrtps_cpp;rosidl_typesupport_introspection_cpp
[0.674s] -- Found ament_cmake_ros: 0.10.0 (/opt/ros/humble/share/ament_cmake_ros/cmake)
[0.940s] -- Using all available rosidl_typesupport_c: rosidl_typesupport_fastrtps_c;rosidl_typesupport_introspection_c
[1.357s] -- Using all available rosidl_typesupport_cpp: rosidl_typesupport_fastrtps_cpp;rosidl_typesupport_introspection_cpp
[1.410s] -- Found python_cmake_module: 0.10.0 (/opt/ros/humble/share/python_cmake_module/cmake)
[1.447s] -- Using PYTHON_EXECUTABLE: /usr/bin/python3
[1.448s] -- Using PYTHON_INCLUDE_DIRS: /usr/include/python3.10
[1.448s] -- Using PYTHON_LIBRARIES: /usr/lib/x86_64-linux-gnu/libpython3.10.so
[1.525s] -- Added test 'copyright' to check source files copyright and LICENSE
[1.527s] -- Added test 'lint_cmake' to check CMake code style
[1.528s] -- Added test 'xmllint' to check XML markup files
[1.533s] -- Configuring done
[1.589s] -- Generating done
[1.596s] -- Build files have been written to: /home/ubuntu/ros2ws/build/linkattacher_msgs
[1.605s] Invoked command in '/home/ubuntu/ros2ws/build/linkattacher_msgs' returned '0': CMAKE_PREFIX_PATH=${CMAKE_PREFIX_PATH}:/opt/ros/humble /usr/bin/cmake /home/ubuntu/ros2ws/src/IFRA_LinkAttacher/linkattacher_msgs -DAMENT_CMAKE_SYMLINK_INSTALL=1 -DCMAKE_INSTALL_PREFIX=/home/ubuntu/ros2ws/install/linkattacher_msgs
[1.608s] Invoking command in '/home/ubuntu/ros2ws/build/linkattacher_msgs': CMAKE_PREFIX_PATH=${CMAKE_PREFIX_PATH}:/opt/ros/humble /usr/bin/cmake --build /home/ubuntu/ros2ws/build/linkattacher_msgs -- -j4 -l4
[1.679s] [35m[1mConsolidate compiler generated dependencies of target linkattacher_msgs__rosidl_generator_c[0m
[1.703s] [ 10%] Built target linkattacher_msgs__rosidl_generator_c
[1.703s] [ 12%] Built target linkattacher_msgs__cpp
[1.731s] [35m[1mConsolidate compiler generated dependencies of target linkattacher_msgs__rosidl_typesupport_introspection_cpp[0m
[1.731s] failed to create symbolic link '/home/ubuntu/ros2ws/build/linkattacher_msgs/ament_cmake_python/linkattacher_msgs/linkattacher_msgs' because existing path cannot be removed: Is a directory
[1.731s] gmake[2]: *** [CMakeFiles/ament_cmake_python_symlink_linkattacher_msgs.dir/build.make:70: CMakeFiles/ament_cmake_python_symlink_linkattacher_msgs] Error 1
[1.732s] gmake[1]: *** [CMakeFiles/Makefile2:421: CMakeFiles/ament_cmake_python_symlink_linkattacher_msgs.dir/all] Error 2
[1.732s] gmake[1]: *** Waiting for unfinished jobs....
[1.734s] [35m[1mConsolidate compiler generated dependencies of target linkattacher_msgs__rosidl_typesupport_cpp[0m
[1.734s] [35m[1mConsolidate compiler generated dependencies of target linkattacher_msgs__rosidl_typesupport_fastrtps_cpp[0m
[1.758s] [ 23%] Built target linkattacher_msgs__rosidl_typesupport_cpp
[1.763s] [ 33%] Built target linkattacher_msgs__rosidl_typesupport_fastrtps_cpp
[1.780s] [ 43%] Built target linkattacher_msgs__rosidl_typesupport_introspection_cpp
[1.782s] gmake: *** [Makefile:146: all] Error 2
[1.791s] Invoked command in '/home/ubuntu/ros2ws/build/linkattacher_msgs' returned '2': CMAKE_PREFIX_PATH=${CMAKE_PREFIX_PATH}:/opt/ros/humble /usr/bin/cmake --build /home/ubuntu/ros2ws/build/linkattacher_msgs -- -j4 -l4
