-- Found ament_cmake: 1.3.10 (/opt/ros/humble/share/ament_cmake/cmake)
-- Override CMake install command with custom implementation using symlinks instead of copying resources
-- Found control_msgs: 4.6.0 (/opt/ros/humble/share/control_msgs/cmake)
-- Found rosidl_generator_c: 3.1.5 (/opt/ros/humble/share/rosidl_generator_c/cmake)
-- Found rosidl_adapter: 3.1.5 (/opt/ros/humble/share/rosidl_adapter/cmake)
-- Found rosidl_generator_cpp: 3.1.5 (/opt/ros/humble/share/rosidl_generator_cpp/cmake)
-- Using all available rosidl_typesupport_c: rosidl_typesupport_fastrtps_c;rosidl_typesupport_introspection_c
-- Using all available rosidl_typesupport_cpp: rosidl_typesupport_fastrtps_cpp;rosidl_typesupport_introspection_cpp
-- Found rclcpp: 16.0.10 (/opt/ros/humble/share/rclcpp/cmake)
-- Found rmw_implementation_cmake: 6.1.2 (/opt/ros/humble/share/rmw_implementation_cmake/cmake)
-- Found rmw_cyclonedds_cpp: 1.3.4 (/opt/ros/humble/share/rmw_cyclonedds_cpp/cmake)
-- Using RMW implementation 'rmw_cyclonedds_cpp' as default
-- Found rclcpp_action: 16.0.10 (/opt/ros/humble/share/rclcpp_action/cmake)
-- Found ament_cmake_gtest: 1.3.10 (/opt/ros/humble/share/ament_cmake_gtest/cmake)
-- Found ament_lint_auto: 0.12.11 (/opt/ros/humble/share/ament_lint_auto/cmake)
-- Added test 'copyright' to check source files copyright and LICENSE
-- Added test 'cppcheck' to perform static code analysis on C / C++ code
-- Configured cppcheck include dirs: 
-- Configured cppcheck exclude dirs and/or files: 
-- Added test 'cpplint' to check C / C++ code against the Google style
-- Configured cpplint exclude dirs and/or files: 
-- Added test 'flake8' to check Python code syntax and style conventions
-- Added test 'lint_cmake' to check CMake code style
-- Added test 'pep257' to check Python code against some of the docstring style conventions in PEP 257
-- Added test 'uncrustify' to check C / C++ code style
-- Configured uncrustify additional arguments: 
-- Added test 'xmllint' to check XML markup files
-- Configuring done
-- Generating done
-- Build files have been written to: /home/ubuntu/ros2ws/build/gazebo_ros2_control_demos
[35m[1mConsolidate compiler generated dependencies of target example_effort[0m
[35m[1mConsolidate compiler generated dependencies of target example_gripper[0m
[35m[1mConsolidate compiler generated dependencies of target example_position[0m
[35m[1mConsolidate compiler generated dependencies of target example_velocity[0m
[  8%] [32m[1mLinking CXX executable example_effort[0m
[ 16%] [32m[1mLinking CXX executable example_gripper[0m
[ 25%] [32m[1mLinking CXX executable example_position[0m
[ 33%] [32m[1mLinking CXX executable example_velocity[0m
[ 41%] Built target example_gripper
[ 50%] Built target example_effort
[35m[1mConsolidate compiler generated dependencies of target example_diff_drive[0m
[ 58%] Built target example_velocity
[35m[1mConsolidate compiler generated dependencies of target example_tricycle_drive[0m
[ 66%] [32m[1mLinking CXX executable example_diff_drive[0m
[ 75%] [32m[1mLinking CXX executable example_tricycle_drive[0m
[ 83%] Built target example_position
[ 91%] Built target example_tricycle_drive
[100%] Built target example_diff_drive
-- Install configuration: ""
-- Execute custom install script
-- Symlinking: /home/ubuntu/ros2ws/install/gazebo_ros2_control_demos/share/gazebo_ros2_control_demos//launch/cart_example_effort.launch.py
-- Symlinking: /home/ubuntu/ros2ws/install/gazebo_ros2_control_demos/share/gazebo_ros2_control_demos//launch/cart_example_position.launch.py
-- Symlinking: /home/ubuntu/ros2ws/install/gazebo_ros2_control_demos/share/gazebo_ros2_control_demos//launch/cart_example_velocity.launch.py
-- Symlinking: /home/ubuntu/ros2ws/install/gazebo_ros2_control_demos/share/gazebo_ros2_control_demos//launch/diff_drive.launch.py
-- Symlinking: /home/ubuntu/ros2ws/install/gazebo_ros2_control_demos/share/gazebo_ros2_control_demos//launch/gripper_mimic_joint_example.launch.py
-- Symlinking: /home/ubuntu/ros2ws/install/gazebo_ros2_control_demos/share/gazebo_ros2_control_demos//launch/tricycle_drive.launch.py
-- Symlinking: /home/ubuntu/ros2ws/install/gazebo_ros2_control_demos/share/gazebo_ros2_control_demos//config/cart_controller.yaml
-- Symlinking: /home/ubuntu/ros2ws/install/gazebo_ros2_control_demos/share/gazebo_ros2_control_demos//config/cart_controller_effort.yaml
-- Symlinking: /home/ubuntu/ros2ws/install/gazebo_ros2_control_demos/share/gazebo_ros2_control_demos//config/cart_controller_velocity.yaml
-- Symlinking: /home/ubuntu/ros2ws/install/gazebo_ros2_control_demos/share/gazebo_ros2_control_demos//config/config.rviz
-- Symlinking: /home/ubuntu/ros2ws/install/gazebo_ros2_control_demos/share/gazebo_ros2_control_demos//config/diff_drive_controller.yaml
-- Symlinking: /home/ubuntu/ros2ws/install/gazebo_ros2_control_demos/share/gazebo_ros2_control_demos//config/gripper_controller.yaml
-- Symlinking: /home/ubuntu/ros2ws/install/gazebo_ros2_control_demos/share/gazebo_ros2_control_demos//config/tricycle_drive_controller.yaml
-- Symlinking: /home/ubuntu/ros2ws/install/gazebo_ros2_control_demos/share/gazebo_ros2_control_demos//urdf/test_cart_effort.xacro.urdf
-- Symlinking: /home/ubuntu/ros2ws/install/gazebo_ros2_control_demos/share/gazebo_ros2_control_demos//urdf/test_cart_position.xacro.urdf
-- Symlinking: /home/ubuntu/ros2ws/install/gazebo_ros2_control_demos/share/gazebo_ros2_control_demos//urdf/test_cart_velocity.xacro.urdf
-- Symlinking: /home/ubuntu/ros2ws/install/gazebo_ros2_control_demos/share/gazebo_ros2_control_demos//urdf/test_diff_drive.xacro.urdf
-- Symlinking: /home/ubuntu/ros2ws/install/gazebo_ros2_control_demos/share/gazebo_ros2_control_demos//urdf/test_gripper_mimic_joint.xacro.urdf
-- Symlinking: /home/ubuntu/ros2ws/install/gazebo_ros2_control_demos/share/gazebo_ros2_control_demos//urdf/test_tricycle_drive.xacro.urdf
-- Symlinking: /home/ubuntu/ros2ws/install/gazebo_ros2_control_demos/lib/gazebo_ros2_control_demos/example_position
-- Symlinking: /home/ubuntu/ros2ws/install/gazebo_ros2_control_demos/lib/gazebo_ros2_control_demos/example_velocity
-- Symlinking: /home/ubuntu/ros2ws/install/gazebo_ros2_control_demos/lib/gazebo_ros2_control_demos/example_effort
-- Symlinking: /home/ubuntu/ros2ws/install/gazebo_ros2_control_demos/lib/gazebo_ros2_control_demos/example_diff_drive
-- Symlinking: /home/ubuntu/ros2ws/install/gazebo_ros2_control_demos/lib/gazebo_ros2_control_demos/example_tricycle_drive
-- Symlinking: /home/ubuntu/ros2ws/install/gazebo_ros2_control_demos/lib/gazebo_ros2_control_demos/example_gripper
-- Symlinking: /home/ubuntu/ros2ws/install/gazebo_ros2_control_demos/share/ament_index/resource_index/package_run_dependencies/gazebo_ros2_control_demos
-- Symlinking: /home/ubuntu/ros2ws/install/gazebo_ros2_control_demos/share/ament_index/resource_index/parent_prefix_path/gazebo_ros2_control_demos
-- Symlinking: /home/ubuntu/ros2ws/install/gazebo_ros2_control_demos/share/gazebo_ros2_control_demos/environment/ament_prefix_path.sh
-- Symlinking: /home/ubuntu/ros2ws/install/gazebo_ros2_control_demos/share/gazebo_ros2_control_demos/environment/ament_prefix_path.dsv
-- Symlinking: /home/ubuntu/ros2ws/install/gazebo_ros2_control_demos/share/gazebo_ros2_control_demos/environment/path.sh
-- Symlinking: /home/ubuntu/ros2ws/install/gazebo_ros2_control_demos/share/gazebo_ros2_control_demos/environment/path.dsv
-- Symlinking: /home/ubuntu/ros2ws/install/gazebo_ros2_control_demos/share/gazebo_ros2_control_demos/local_setup.bash
-- Symlinking: /home/ubuntu/ros2ws/install/gazebo_ros2_control_demos/share/gazebo_ros2_control_demos/local_setup.sh
-- Symlinking: /home/ubuntu/ros2ws/install/gazebo_ros2_control_demos/share/gazebo_ros2_control_demos/local_setup.zsh
-- Symlinking: /home/ubuntu/ros2ws/install/gazebo_ros2_control_demos/share/gazebo_ros2_control_demos/local_setup.dsv
-- Symlinking: /home/ubuntu/ros2ws/install/gazebo_ros2_control_demos/share/gazebo_ros2_control_demos/package.dsv
-- Symlinking: /home/ubuntu/ros2ws/install/gazebo_ros2_control_demos/share/ament_index/resource_index/packages/gazebo_ros2_control_demos
-- Symlinking: /home/ubuntu/ros2ws/install/gazebo_ros2_control_demos/share/gazebo_ros2_control_demos/cmake/gazebo_ros2_control_demosConfig.cmake
-- Symlinking: /home/ubuntu/ros2ws/install/gazebo_ros2_control_demos/share/gazebo_ros2_control_demos/cmake/gazebo_ros2_control_demosConfig-version.cmake
-- Symlinking: /home/ubuntu/ros2ws/install/gazebo_ros2_control_demos/share/gazebo_ros2_control_demos/package.xml
