[0.025s] Invoking command in '/home/ubuntu/ros2ws/build/ros2srrc_ur3_moveit2': CMAKE_PREFIX_PATH=${CMAKE_PREFIX_PATH}:/opt/ros/humble /usr/bin/cmake /home/ubuntu/ros2ws/src/ros2_SimRealRobotControl/packages/ur3/ros2srrc_ur3_moveit2 -DAMENT_CMAKE_SYMLINK_INSTALL=1 -DCMAKE_INSTALL_PREFIX=/home/ubuntu/ros2ws/install/ros2srrc_ur3_moveit2
[0.156s] -- The C compiler identification is GNU 11.4.0
[0.266s] -- The CXX compiler identification is GNU 11.4.0
[0.280s] -- Detecting C compiler ABI info
[0.446s] -- Detecting C compiler ABI info - done
[0.457s] -- Check for working C compiler: /usr/bin/cc - skipped
[0.461s] -- Detecting C compile features
[0.461s] -- Detecting C compile features - done
[0.466s] -- Detecting CXX compiler ABI info
[0.654s] -- Detecting CXX compiler ABI info - done
[0.670s] -- Check for working CXX compiler: /usr/bin/c++ - skipped
[0.671s] -- Detecting CXX compile features
[0.671s] -- Detecting CXX compile features - done
[0.681s] -- Found ament_cmake: 1.3.10 (/opt/ros/humble/share/ament_cmake/cmake)
[1.001s] -- Found Python3: /usr/bin/python3 (found version "3.10.12") found components: Interpreter 
[1.117s] -- Override CMake install command with custom implementation using symlinks instead of copying resources
[1.242s] -- Found ament_lint_auto: 0.12.11 (/opt/ros/humble/share/ament_lint_auto/cmake)
[1.434s] -- Added test 'copyright' to check source files copyright and LICENSE
[1.438s] -- Added test 'lint_cmake' to check CMake code style
[1.441s] -- Added test 'xmllint' to check XML markup files
[1.445s] -- Configuring done
[1.450s] -- Generating done
[1.452s] -- Build files have been written to: /home/ubuntu/ros2ws/build/ros2srrc_ur3_moveit2
[1.468s] Invoked command in '/home/ubuntu/ros2ws/build/ros2srrc_ur3_moveit2' returned '0': CMAKE_PREFIX_PATH=${CMAKE_PREFIX_PATH}:/opt/ros/humble /usr/bin/cmake /home/ubuntu/ros2ws/src/ros2_SimRealRobotControl/packages/ur3/ros2srrc_ur3_moveit2 -DAMENT_CMAKE_SYMLINK_INSTALL=1 -DCMAKE_INSTALL_PREFIX=/home/ubuntu/ros2ws/install/ros2srrc_ur3_moveit2
[1.472s] Invoking command in '/home/ubuntu/ros2ws/build/ros2srrc_ur3_moveit2': CMAKE_PREFIX_PATH=${CMAKE_PREFIX_PATH}:/opt/ros/humble /usr/bin/cmake --build /home/ubuntu/ros2ws/build/ros2srrc_ur3_moveit2 -- -j4 -l4
[1.544s] Invoked command in '/home/ubuntu/ros2ws/build/ros2srrc_ur3_moveit2' returned '0': CMAKE_PREFIX_PATH=${CMAKE_PREFIX_PATH}:/opt/ros/humble /usr/bin/cmake --build /home/ubuntu/ros2ws/build/ros2srrc_ur3_moveit2 -- -j4 -l4
[1.603s] Invoking command in '/home/ubuntu/ros2ws/build/ros2srrc_ur3_moveit2': CMAKE_PREFIX_PATH=${CMAKE_PREFIX_PATH}:/opt/ros/humble /usr/bin/cmake --install /home/ubuntu/ros2ws/build/ros2srrc_ur3_moveit2
[1.617s] -- Install configuration: ""
[1.618s] -- Execute custom install script
[1.620s] -- Symlinking: /home/ubuntu/ros2ws/install/ros2srrc_ur3_moveit2/share/ros2srrc_ur3_moveit2/config/ur3.srdf
[1.636s] -- Symlinking: /home/ubuntu/ros2ws/install/ros2srrc_ur3_moveit2/share/ros2srrc_ur3_moveit2/config/ur3_moveit2.rviz
[1.666s] -- Symlinking: /home/ubuntu/ros2ws/install/ros2srrc_ur3_moveit2/share/ros2srrc_ur3_moveit2/config/ur3robotiq_2f85.srdf
[1.687s] -- Symlinking: /home/ubuntu/ros2ws/install/ros2srrc_ur3_moveit2/share/ros2srrc_ur3_moveit2/config/ur3robotiq_2f85_moveit2.rviz
[1.703s] -- Symlinking: /home/ubuntu/ros2ws/install/ros2srrc_ur3_moveit2/share/ros2srrc_ur3_moveit2/config/ur3robotiq_hande.srdf
[1.719s] -- Symlinking: /home/ubuntu/ros2ws/install/ros2srrc_ur3_moveit2/share/ros2srrc_ur3_moveit2/config/ur3robotiq_hande_moveit2.rviz
[1.736s] -- Symlinking: /home/ubuntu/ros2ws/install/ros2srrc_ur3_moveit2/share/ament_index/resource_index/package_run_dependencies/ros2srrc_ur3_moveit2
[1.753s] -- Symlinking: /home/ubuntu/ros2ws/install/ros2srrc_ur3_moveit2/share/ament_index/resource_index/parent_prefix_path/ros2srrc_ur3_moveit2
[1.771s] -- Symlinking: /home/ubuntu/ros2ws/install/ros2srrc_ur3_moveit2/share/ros2srrc_ur3_moveit2/environment/ament_prefix_path.sh
[1.796s] -- Symlinking: /home/ubuntu/ros2ws/install/ros2srrc_ur3_moveit2/share/ros2srrc_ur3_moveit2/environment/ament_prefix_path.dsv
[1.813s] -- Symlinking: /home/ubuntu/ros2ws/install/ros2srrc_ur3_moveit2/share/ros2srrc_ur3_moveit2/environment/path.sh
[1.830s] -- Symlinking: /home/ubuntu/ros2ws/install/ros2srrc_ur3_moveit2/share/ros2srrc_ur3_moveit2/environment/path.dsv
[1.847s] -- Symlinking: /home/ubuntu/ros2ws/install/ros2srrc_ur3_moveit2/share/ros2srrc_ur3_moveit2/local_setup.bash
[1.860s] -- Symlinking: /home/ubuntu/ros2ws/install/ros2srrc_ur3_moveit2/share/ros2srrc_ur3_moveit2/local_setup.sh
[1.878s] -- Symlinking: /home/ubuntu/ros2ws/install/ros2srrc_ur3_moveit2/share/ros2srrc_ur3_moveit2/local_setup.zsh
[1.896s] -- Symlinking: /home/ubuntu/ros2ws/install/ros2srrc_ur3_moveit2/share/ros2srrc_ur3_moveit2/local_setup.dsv
[1.910s] -- Symlinking: /home/ubuntu/ros2ws/install/ros2srrc_ur3_moveit2/share/ros2srrc_ur3_moveit2/package.dsv
[1.924s] -- Symlinking: /home/ubuntu/ros2ws/install/ros2srrc_ur3_moveit2/share/ament_index/resource_index/packages/ros2srrc_ur3_moveit2
[1.944s] -- Symlinking: /home/ubuntu/ros2ws/install/ros2srrc_ur3_moveit2/share/ros2srrc_ur3_moveit2/cmake/ros2srrc_ur3_moveit2Config.cmake
[1.961s] -- Symlinking: /home/ubuntu/ros2ws/install/ros2srrc_ur3_moveit2/share/ros2srrc_ur3_moveit2/cmake/ros2srrc_ur3_moveit2Config-version.cmake
[1.976s] -- Symlinking: /home/ubuntu/ros2ws/install/ros2srrc_ur3_moveit2/share/ros2srrc_ur3_moveit2/package.xml
[2.003s] Invoked command in '/home/ubuntu/ros2ws/build/ros2srrc_ur3_moveit2' returned '0': CMAKE_PREFIX_PATH=${CMAKE_PREFIX_PATH}:/opt/ros/humble /usr/bin/cmake --install /home/ubuntu/ros2ws/build/ros2srrc_ur3_moveit2
