[0.076s] Invoking command in '/home/ubuntu/ros2ws/build/ros2srrc_iiwa_gazebo': CMAKE_PREFIX_PATH=${CMAKE_PREFIX_PATH}:/home/ubuntu/ros2ws/install/testV1:/home/ubuntu/ros2ws/install/gui_subscriber:/home/ubuntu/ros2ws/install/moveit_configs_utils:/home/ubuntu/ros2ws/install/robot_letter_writer:/home/ubuntu/ros2ws/install/launch_param_builder:/opt/ros/humble /usr/bin/cmake --build /home/ubuntu/ros2ws/build/ros2srrc_iiwa_gazebo -- -j4 -l4
[0.215s] Invoked command in '/home/ubuntu/ros2ws/build/ros2srrc_iiwa_gazebo' returned '0': CMAKE_PREFIX_PATH=${CMAKE_PREFIX_PATH}:/home/ubuntu/ros2ws/install/testV1:/home/ubuntu/ros2ws/install/gui_subscriber:/home/ubuntu/ros2ws/install/moveit_configs_utils:/home/ubuntu/ros2ws/install/robot_letter_writer:/home/ubuntu/ros2ws/install/launch_param_builder:/opt/ros/humble /usr/bin/cmake --build /home/ubuntu/ros2ws/build/ros2srrc_iiwa_gazebo -- -j4 -l4
[0.309s] Invoking command in '/home/ubuntu/ros2ws/build/ros2srrc_iiwa_gazebo': CMAKE_PREFIX_PATH=${CMAKE_PREFIX_PATH}:/home/ubuntu/ros2ws/install/testV1:/home/ubuntu/ros2ws/install/gui_subscriber:/home/ubuntu/ros2ws/install/moveit_configs_utils:/home/ubuntu/ros2ws/install/robot_letter_writer:/home/ubuntu/ros2ws/install/launch_param_builder:/opt/ros/humble /usr/bin/cmake --install /home/ubuntu/ros2ws/build/ros2srrc_iiwa_gazebo
[0.333s] -- Install configuration: ""
[0.334s] -- Execute custom install script
[0.336s] -- Up-to-date symlink: /home/ubuntu/ros2ws/install/ros2srrc_iiwa_gazebo/share/ros2srrc_iiwa_gazebo/config/configurations.yaml
[0.337s] -- Up-to-date symlink: /home/ubuntu/ros2ws/install/ros2srrc_iiwa_gazebo/share/ros2srrc_iiwa_gazebo/urdf/iiwa.urdf.xacro
[0.337s] -- Up-to-date symlink: /home/ubuntu/ros2ws/install/ros2srrc_iiwa_gazebo/share/ros2srrc_iiwa_gazebo/urdf/iiwa_robotiq_2f85.urdf.xacro
[0.338s] -- Up-to-date symlink: /home/ubuntu/ros2ws/install/ros2srrc_iiwa_gazebo/share/ros2srrc_iiwa_gazebo/worlds/ros2srrc_iiwa.world
[0.339s] -- Up-to-date symlink: /home/ubuntu/ros2ws/install/ros2srrc_iiwa_gazebo/share/ament_index/resource_index/package_run_dependencies/ros2srrc_iiwa_gazebo
[0.340s] -- Up-to-date symlink: /home/ubuntu/ros2ws/install/ros2srrc_iiwa_gazebo/share/ament_index/resource_index/parent_prefix_path/ros2srrc_iiwa_gazebo
[0.340s] -- Up-to-date symlink: /home/ubuntu/ros2ws/install/ros2srrc_iiwa_gazebo/share/ros2srrc_iiwa_gazebo/environment/ament_prefix_path.sh
[0.340s] -- Up-to-date symlink: /home/ubuntu/ros2ws/install/ros2srrc_iiwa_gazebo/share/ros2srrc_iiwa_gazebo/environment/ament_prefix_path.dsv
[0.343s] -- Up-to-date symlink: /home/ubuntu/ros2ws/install/ros2srrc_iiwa_gazebo/share/ros2srrc_iiwa_gazebo/environment/path.sh
[0.343s] -- Up-to-date symlink: /home/ubuntu/ros2ws/install/ros2srrc_iiwa_gazebo/share/ros2srrc_iiwa_gazebo/environment/path.dsv
[0.343s] -- Up-to-date symlink: /home/ubuntu/ros2ws/install/ros2srrc_iiwa_gazebo/share/ros2srrc_iiwa_gazebo/local_setup.bash
[0.343s] -- Up-to-date symlink: /home/ubuntu/ros2ws/install/ros2srrc_iiwa_gazebo/share/ros2srrc_iiwa_gazebo/local_setup.sh
[0.343s] -- Up-to-date symlink: /home/ubuntu/ros2ws/install/ros2srrc_iiwa_gazebo/share/ros2srrc_iiwa_gazebo/local_setup.zsh
[0.344s] -- Up-to-date symlink: /home/ubuntu/ros2ws/install/ros2srrc_iiwa_gazebo/share/ros2srrc_iiwa_gazebo/local_setup.dsv
[0.344s] -- Symlinking: /home/ubuntu/ros2ws/install/ros2srrc_iiwa_gazebo/share/ros2srrc_iiwa_gazebo/package.dsv
[0.375s] -- Up-to-date symlink: /home/ubuntu/ros2ws/install/ros2srrc_iiwa_gazebo/share/ament_index/resource_index/packages/ros2srrc_iiwa_gazebo
[0.376s] -- Up-to-date symlink: /home/ubuntu/ros2ws/install/ros2srrc_iiwa_gazebo/share/ros2srrc_iiwa_gazebo/cmake/ros2srrc_iiwa_gazeboConfig.cmake
[0.378s] -- Up-to-date symlink: /home/ubuntu/ros2ws/install/ros2srrc_iiwa_gazebo/share/ros2srrc_iiwa_gazebo/cmake/ros2srrc_iiwa_gazeboConfig-version.cmake
[0.378s] -- Up-to-date symlink: /home/ubuntu/ros2ws/install/ros2srrc_iiwa_gazebo/share/ros2srrc_iiwa_gazebo/package.xml
[0.384s] Invoked command in '/home/ubuntu/ros2ws/build/ros2srrc_iiwa_gazebo' returned '0': CMAKE_PREFIX_PATH=${CMAKE_PREFIX_PATH}:/home/ubuntu/ros2ws/install/testV1:/home/ubuntu/ros2ws/install/gui_subscriber:/home/ubuntu/ros2ws/install/moveit_configs_utils:/home/ubuntu/ros2ws/install/robot_letter_writer:/home/ubuntu/ros2ws/install/launch_param_builder:/opt/ros/humble /usr/bin/cmake --install /home/ubuntu/ros2ws/build/ros2srrc_iiwa_gazebo
