[0.046s] Invoking command in '/home/ubuntu/ros2ws/build/ros2srrc_robots': CMAKE_PREFIX_PATH=${CMAKE_PREFIX_PATH}:/home/ubuntu/ros2ws/install/robot_letter_writer:/opt/ros/humble /usr/bin/cmake --build /home/ubuntu/ros2ws/build/ros2srrc_robots -- -j4 -l4
[0.129s] Invoked command in '/home/ubuntu/ros2ws/build/ros2srrc_robots' returned '0': CMAKE_PREFIX_PATH=${CMAKE_PREFIX_PATH}:/home/ubuntu/ros2ws/install/robot_letter_writer:/opt/ros/humble /usr/bin/cmake --build /home/ubuntu/ros2ws/build/ros2srrc_robots -- -j4 -l4
[0.183s] Invoking command in '/home/ubuntu/ros2ws/build/ros2srrc_robots': CMAKE_PREFIX_PATH=${CMAKE_PREFIX_PATH}:/home/ubuntu/ros2ws/install/robot_letter_writer:/opt/ros/humble /usr/bin/cmake --install /home/ubuntu/ros2ws/build/ros2srrc_robots
[0.204s] -- Install configuration: ""
[0.208s] -- Execute custom install script
[0.208s] -- Up-to-date symlink: /home/ubuntu/ros2ws/install/ros2srrc_robots/share/ros2srrc_robots/irb120/config/controller.yaml
[0.208s] -- Up-to-date symlink: /home/ubuntu/ros2ws/install/ros2srrc_robots/share/ros2srrc_robots/irb120/config/controller_moveit2.yaml
[0.208s] -- Up-to-date symlink: /home/ubuntu/ros2ws/install/ros2srrc_robots/share/ros2srrc_robots/irb120/config/joint_limits.yaml
[0.209s] -- Up-to-date symlink: /home/ubuntu/ros2ws/install/ros2srrc_robots/share/ros2srrc_robots/irb120/config/joint_specifications.yaml
[0.209s] -- Up-to-date symlink: /home/ubuntu/ros2ws/install/ros2srrc_robots/share/ros2srrc_robots/irb120/config/kinematics.yaml
[0.209s] -- Up-to-date symlink: /home/ubuntu/ros2ws/install/ros2srrc_robots/share/ros2srrc_robots/irb120/config/pilz_cartesian_limits.yaml
[0.209s] -- Up-to-date symlink: /home/ubuntu/ros2ws/install/ros2srrc_robots/share/ros2srrc_robots/irb120/meshes/collision/base_link.stl
[0.209s] -- Up-to-date symlink: /home/ubuntu/ros2ws/install/ros2srrc_robots/share/ros2srrc_robots/irb120/meshes/collision/link_1.stl
[0.210s] -- Up-to-date symlink: /home/ubuntu/ros2ws/install/ros2srrc_robots/share/ros2srrc_robots/irb120/meshes/collision/link_2.stl
[0.210s] -- Up-to-date symlink: /home/ubuntu/ros2ws/install/ros2srrc_robots/share/ros2srrc_robots/irb120/meshes/collision/link_3.stl
[0.210s] -- Up-to-date symlink: /home/ubuntu/ros2ws/install/ros2srrc_robots/share/ros2srrc_robots/irb120/meshes/collision/link_4.stl
[0.213s] -- Up-to-date symlink: /home/ubuntu/ros2ws/install/ros2srrc_robots/share/ros2srrc_robots/irb120/meshes/collision/link_5.stl
[0.213s] -- Up-to-date symlink: /home/ubuntu/ros2ws/install/ros2srrc_robots/share/ros2srrc_robots/irb120/meshes/collision/link_6.stl
[0.213s] -- Up-to-date symlink: /home/ubuntu/ros2ws/install/ros2srrc_robots/share/ros2srrc_robots/irb120/meshes/visual/base_link.dae
[0.213s] -- Up-to-date symlink: /home/ubuntu/ros2ws/install/ros2srrc_robots/share/ros2srrc_robots/irb120/meshes/visual/link_1.dae
[0.213s] -- Up-to-date symlink: /home/ubuntu/ros2ws/install/ros2srrc_robots/share/ros2srrc_robots/irb120/meshes/visual/link_2.dae
[0.213s] -- Up-to-date symlink: /home/ubuntu/ros2ws/install/ros2srrc_robots/share/ros2srrc_robots/irb120/meshes/visual/link_3.dae
[0.213s] -- Up-to-date symlink: /home/ubuntu/ros2ws/install/ros2srrc_robots/share/ros2srrc_robots/irb120/meshes/visual/link_4.dae
[0.214s] -- Up-to-date symlink: /home/ubuntu/ros2ws/install/ros2srrc_robots/share/ros2srrc_robots/irb120/meshes/visual/link_5.dae
[0.215s] -- Up-to-date symlink: /home/ubuntu/ros2ws/install/ros2srrc_robots/share/ros2srrc_robots/irb120/meshes/visual/link_6.dae
[0.216s] -- Up-to-date symlink: /home/ubuntu/ros2ws/install/ros2srrc_robots/share/ros2srrc_robots/irb120/urdf/abb_resources/common_colours.xacro
[0.216s] -- Up-to-date symlink: /home/ubuntu/ros2ws/install/ros2srrc_robots/share/ros2srrc_robots/irb120/urdf/abb_resources/common_materials.xacro
[0.216s] -- Up-to-date symlink: /home/ubuntu/ros2ws/install/ros2srrc_robots/share/ros2srrc_robots/irb120/urdf/irb120_macro.urdf.xacro
[0.216s] -- Up-to-date symlink: /home/ubuntu/ros2ws/install/ros2srrc_robots/share/ros2srrc_robots/irb120/urdf/irb120_ros2control.xacro
[0.220s] -- Up-to-date symlink: /home/ubuntu/ros2ws/install/ros2srrc_robots/share/ros2srrc_robots/irb120/urdf/irb120_transmission.xacro
[0.231s] -- Up-to-date symlink: /home/ubuntu/ros2ws/install/ros2srrc_robots/share/ros2srrc_robots/irb1200/config/controller.yaml
[0.233s] -- Up-to-date symlink: /home/ubuntu/ros2ws/install/ros2srrc_robots/share/ros2srrc_robots/irb1200/config/controller_moveit2.yaml
[0.244s] -- Up-to-date symlink: /home/ubuntu/ros2ws/install/ros2srrc_robots/share/ros2srrc_robots/irb1200/config/joint_limits.yaml
[0.245s] -- Up-to-date symlink: /home/ubuntu/ros2ws/install/ros2srrc_robots/share/ros2srrc_robots/irb1200/config/joint_specifications.yaml
[0.246s] -- Up-to-date symlink: /home/ubuntu/ros2ws/install/ros2srrc_robots/share/ros2srrc_robots/irb1200/config/kinematics.yaml
[0.247s] -- Up-to-date symlink: /home/ubuntu/ros2ws/install/ros2srrc_robots/share/ros2srrc_robots/irb1200/config/pilz_cartesian_limits.yaml
[0.248s] -- Up-to-date symlink: /home/ubuntu/ros2ws/install/ros2srrc_robots/share/ros2srrc_robots/irb1200/meshes/collision/base_link.stl
[0.249s] -- Up-to-date symlink: /home/ubuntu/ros2ws/install/ros2srrc_robots/share/ros2srrc_robots/irb1200/meshes/collision/link_1.stl
[0.255s] -- Up-to-date symlink: /home/ubuntu/ros2ws/install/ros2srrc_robots/share/ros2srrc_robots/irb1200/meshes/collision/link_2.stl
[0.255s] -- Up-to-date symlink: /home/ubuntu/ros2ws/install/ros2srrc_robots/share/ros2srrc_robots/irb1200/meshes/collision/link_3.stl
[0.255s] -- Up-to-date symlink: /home/ubuntu/ros2ws/install/ros2srrc_robots/share/ros2srrc_robots/irb1200/meshes/collision/link_4.stl
[0.256s] -- Up-to-date symlink: /home/ubuntu/ros2ws/install/ros2srrc_robots/share/ros2srrc_robots/irb1200/meshes/collision/link_5.stl
[0.256s] -- Up-to-date symlink: /home/ubuntu/ros2ws/install/ros2srrc_robots/share/ros2srrc_robots/irb1200/meshes/collision/link_6.stl
[0.256s] -- Up-to-date symlink: /home/ubuntu/ros2ws/install/ros2srrc_robots/share/ros2srrc_robots/irb1200/meshes/visual/base_link.dae
[0.256s] -- Up-to-date symlink: /home/ubuntu/ros2ws/install/ros2srrc_robots/share/ros2srrc_robots/irb1200/meshes/visual/link_1.dae
[0.256s] -- Up-to-date symlink: /home/ubuntu/ros2ws/install/ros2srrc_robots/share/ros2srrc_robots/irb1200/meshes/visual/link_2.dae
[0.259s] -- Up-to-date symlink: /home/ubuntu/ros2ws/install/ros2srrc_robots/share/ros2srrc_robots/irb1200/meshes/visual/link_3.dae
[0.259s] -- Up-to-date symlink: /home/ubuntu/ros2ws/install/ros2srrc_robots/share/ros2srrc_robots/irb1200/meshes/visual/link_4.dae
[0.260s] -- Up-to-date symlink: /home/ubuntu/ros2ws/install/ros2srrc_robots/share/ros2srrc_robots/irb1200/meshes/visual/link_5.dae
[0.275s] -- Up-to-date symlink: /home/ubuntu/ros2ws/install/ros2srrc_robots/share/ros2srrc_robots/irb1200/meshes/visual/link_6.dae
[0.276s] -- Up-to-date symlink: /home/ubuntu/ros2ws/install/ros2srrc_robots/share/ros2srrc_robots/irb1200/urdf/abb_resources/common_colours.xacro
[0.293s] -- Up-to-date symlink: /home/ubuntu/ros2ws/install/ros2srrc_robots/share/ros2srrc_robots/irb1200/urdf/abb_resources/common_materials.xacro
[0.295s] -- Up-to-date symlink: /home/ubuntu/ros2ws/install/ros2srrc_robots/share/ros2srrc_robots/irb1200/urdf/irb1200_macro.urdf.xacro
[0.298s] -- Up-to-date symlink: /home/ubuntu/ros2ws/install/ros2srrc_robots/share/ros2srrc_robots/irb1200/urdf/irb1200_ros2control.xacro
[0.302s] -- Up-to-date symlink: /home/ubuntu/ros2ws/install/ros2srrc_robots/share/ros2srrc_robots/irb1200/urdf/irb1200_transmission.xacro
[0.308s] -- Up-to-date symlink: /home/ubuntu/ros2ws/install/ros2srrc_robots/share/ros2srrc_robots/irb6640/config/controller.yaml
[0.308s] -- Up-to-date symlink: /home/ubuntu/ros2ws/install/ros2srrc_robots/share/ros2srrc_robots/irb6640/config/controller_moveit2.yaml
[0.318s] -- Up-to-date symlink: /home/ubuntu/ros2ws/install/ros2srrc_robots/share/ros2srrc_robots/irb6640/config/joint_limits.yaml
[0.327s] -- Up-to-date symlink: /home/ubuntu/ros2ws/install/ros2srrc_robots/share/ros2srrc_robots/irb6640/config/joint_specifications.yaml
[0.329s] -- Up-to-date symlink: /home/ubuntu/ros2ws/install/ros2srrc_robots/share/ros2srrc_robots/irb6640/config/kinematics.yaml
[0.330s] -- Up-to-date symlink: /home/ubuntu/ros2ws/install/ros2srrc_robots/share/ros2srrc_robots/irb6640/config/pilz_cartesian_limits.yaml
[0.331s] -- Up-to-date symlink: /home/ubuntu/ros2ws/install/ros2srrc_robots/share/ros2srrc_robots/irb6640/meshes/base_link.dae
[0.331s] -- Up-to-date symlink: /home/ubuntu/ros2ws/install/ros2srrc_robots/share/ros2srrc_robots/irb6640/meshes/link_1.dae
[0.332s] -- Up-to-date symlink: /home/ubuntu/ros2ws/install/ros2srrc_robots/share/ros2srrc_robots/irb6640/meshes/link_2.dae
[0.334s] -- Up-to-date symlink: /home/ubuntu/ros2ws/install/ros2srrc_robots/share/ros2srrc_robots/irb6640/meshes/link_3.dae
[0.334s] -- Up-to-date symlink: /home/ubuntu/ros2ws/install/ros2srrc_robots/share/ros2srrc_robots/irb6640/meshes/link_4.dae
[0.335s] -- Up-to-date symlink: /home/ubuntu/ros2ws/install/ros2srrc_robots/share/ros2srrc_robots/irb6640/meshes/link_5.dae
[0.336s] -- Up-to-date symlink: /home/ubuntu/ros2ws/install/ros2srrc_robots/share/ros2srrc_robots/irb6640/meshes/link_6.dae
[0.336s] -- Up-to-date symlink: /home/ubuntu/ros2ws/install/ros2srrc_robots/share/ros2srrc_robots/irb6640/meshes/link_cylinder.dae
[0.337s] -- Up-to-date symlink: /home/ubuntu/ros2ws/install/ros2srrc_robots/share/ros2srrc_robots/irb6640/meshes/link_piston.dae
[0.338s] -- Up-to-date symlink: /home/ubuntu/ros2ws/install/ros2srrc_robots/share/ros2srrc_robots/irb6640/urdf/irb6640_macro.urdf.xacro
[0.339s] -- Up-to-date symlink: /home/ubuntu/ros2ws/install/ros2srrc_robots/share/ros2srrc_robots/irb6640/urdf/irb6640_ros2control.xacro
[0.340s] -- Up-to-date symlink: /home/ubuntu/ros2ws/install/ros2srrc_robots/share/ros2srrc_robots/irb6640/urdf/irb6640_transmission.xacro
[0.342s] -- Up-to-date symlink: /home/ubuntu/ros2ws/install/ros2srrc_robots/share/ros2srrc_robots/ur3/config/controller.yaml
[0.342s] -- Up-to-date symlink: /home/ubuntu/ros2ws/install/ros2srrc_robots/share/ros2srrc_robots/ur3/config/controller_moveit2.yaml
[0.343s] -- Up-to-date symlink: /home/ubuntu/ros2ws/install/ros2srrc_robots/share/ros2srrc_robots/ur3/config/controller_ur.yaml
[0.344s] -- Up-to-date symlink: /home/ubuntu/ros2ws/install/ros2srrc_robots/share/ros2srrc_robots/ur3/config/joint_limits.yaml
[0.345s] -- Up-to-date symlink: /home/ubuntu/ros2ws/install/ros2srrc_robots/share/ros2srrc_robots/ur3/config/joint_specifications.yaml
[0.347s] -- Up-to-date symlink: /home/ubuntu/ros2ws/install/ros2srrc_robots/share/ros2srrc_robots/ur3/config/kinematics.yaml
[0.347s] -- Up-to-date symlink: /home/ubuntu/ros2ws/install/ros2srrc_robots/share/ros2srrc_robots/ur3/config/pilz_cartesian_limits.yaml
[0.348s] -- Up-to-date symlink: /home/ubuntu/ros2ws/install/ros2srrc_robots/share/ros2srrc_robots/ur3/meshes/collision/base.stl
[0.348s] -- Up-to-date symlink: /home/ubuntu/ros2ws/install/ros2srrc_robots/share/ros2srrc_robots/ur3/meshes/collision/forearm.stl
[0.359s] -- Up-to-date symlink: /home/ubuntu/ros2ws/install/ros2srrc_robots/share/ros2srrc_robots/ur3/meshes/collision/shoulder.stl
[0.359s] -- Up-to-date symlink: /home/ubuntu/ros2ws/install/ros2srrc_robots/share/ros2srrc_robots/ur3/meshes/collision/upperarm.stl
[0.359s] -- Up-to-date symlink: /home/ubuntu/ros2ws/install/ros2srrc_robots/share/ros2srrc_robots/ur3/meshes/collision/wrist1.stl
[0.360s] -- Up-to-date symlink: /home/ubuntu/ros2ws/install/ros2srrc_robots/share/ros2srrc_robots/ur3/meshes/collision/wrist2.stl
[0.360s] -- Up-to-date symlink: /home/ubuntu/ros2ws/install/ros2srrc_robots/share/ros2srrc_robots/ur3/meshes/collision/wrist3.stl
[0.360s] -- Up-to-date symlink: /home/ubuntu/ros2ws/install/ros2srrc_robots/share/ros2srrc_robots/ur3/meshes/visual/base.dae
[0.362s] -- Up-to-date symlink: /home/ubuntu/ros2ws/install/ros2srrc_robots/share/ros2srrc_robots/ur3/meshes/visual/forearm.dae
[0.362s] -- Up-to-date symlink: /home/ubuntu/ros2ws/install/ros2srrc_robots/share/ros2srrc_robots/ur3/meshes/visual/shoulder.dae
[0.362s] -- Up-to-date symlink: /home/ubuntu/ros2ws/install/ros2srrc_robots/share/ros2srrc_robots/ur3/meshes/visual/upperarm.dae
[0.362s] -- Up-to-date symlink: /home/ubuntu/ros2ws/install/ros2srrc_robots/share/ros2srrc_robots/ur3/meshes/visual/wrist1.dae
[0.363s] -- Up-to-date symlink: /home/ubuntu/ros2ws/install/ros2srrc_robots/share/ros2srrc_robots/ur3/meshes/visual/wrist2.dae
[0.363s] -- Up-to-date symlink: /home/ubuntu/ros2ws/install/ros2srrc_robots/share/ros2srrc_robots/ur3/meshes/visual/wrist3.dae
[0.363s] -- Up-to-date symlink: /home/ubuntu/ros2ws/install/ros2srrc_robots/share/ros2srrc_robots/ur3/urdf/ur3_common.xacro
[0.364s] -- Up-to-date symlink: /home/ubuntu/ros2ws/install/ros2srrc_robots/share/ros2srrc_robots/ur3/urdf/ur3_macro.urdf.xacro
[0.364s] -- Up-to-date symlink: /home/ubuntu/ros2ws/install/ros2srrc_robots/share/ros2srrc_robots/ur3/urdf/ur3_ros2control.xacro
[0.365s] -- Up-to-date symlink: /home/ubuntu/ros2ws/install/ros2srrc_robots/share/ros2srrc_robots/ur3/urdf/ur3_transmission.xacro
[0.365s] -- Up-to-date symlink: /home/ubuntu/ros2ws/install/ros2srrc_robots/share/ros2srrc_robots/ur5/config/controller.yaml
[0.366s] -- Up-to-date symlink: /home/ubuntu/ros2ws/install/ros2srrc_robots/share/ros2srrc_robots/ur5/config/controller_moveit2.yaml
[0.366s] -- Up-to-date symlink: /home/ubuntu/ros2ws/install/ros2srrc_robots/share/ros2srrc_robots/ur5/config/controller_ur.yaml
[0.366s] -- Up-to-date symlink: /home/ubuntu/ros2ws/install/ros2srrc_robots/share/ros2srrc_robots/ur5/config/joint_limits.yaml
[0.366s] -- Up-to-date symlink: /home/ubuntu/ros2ws/install/ros2srrc_robots/share/ros2srrc_robots/ur5/config/joint_specifications.yaml
[0.366s] -- Up-to-date symlink: /home/ubuntu/ros2ws/install/ros2srrc_robots/share/ros2srrc_robots/ur5/config/kinematics.yaml
[0.380s] -- Up-to-date symlink: /home/ubuntu/ros2ws/install/ros2srrc_robots/share/ros2srrc_robots/ur5/config/pilz_cartesian_limits.yaml
[0.380s] -- Up-to-date symlink: /home/ubuntu/ros2ws/install/ros2srrc_robots/share/ros2srrc_robots/ur5/meshes/collision/base.stl
[0.381s] -- Up-to-date symlink: /home/ubuntu/ros2ws/install/ros2srrc_robots/share/ros2srrc_robots/ur5/meshes/collision/forearm.stl
[0.383s] -- Up-to-date symlink: /home/ubuntu/ros2ws/install/ros2srrc_robots/share/ros2srrc_robots/ur5/meshes/collision/shoulder.stl
[0.383s] -- Up-to-date symlink: /home/ubuntu/ros2ws/install/ros2srrc_robots/share/ros2srrc_robots/ur5/meshes/collision/upperarm.stl
[0.383s] -- Up-to-date symlink: /home/ubuntu/ros2ws/install/ros2srrc_robots/share/ros2srrc_robots/ur5/meshes/collision/wrist1.stl
[0.385s] -- Up-to-date symlink: /home/ubuntu/ros2ws/install/ros2srrc_robots/share/ros2srrc_robots/ur5/meshes/collision/wrist2.stl
[0.386s] -- Up-to-date symlink: /home/ubuntu/ros2ws/install/ros2srrc_robots/share/ros2srrc_robots/ur5/meshes/collision/wrist3.stl
[0.386s] -- Up-to-date symlink: /home/ubuntu/ros2ws/install/ros2srrc_robots/share/ros2srrc_robots/ur5/meshes/visual/base.dae
[0.387s] -- Up-to-date symlink: /home/ubuntu/ros2ws/install/ros2srrc_robots/share/ros2srrc_robots/ur5/meshes/visual/forearm.dae
[0.388s] -- Up-to-date symlink: /home/ubuntu/ros2ws/install/ros2srrc_robots/share/ros2srrc_robots/ur5/meshes/visual/shoulder.dae
[0.389s] -- Up-to-date symlink: /home/ubuntu/ros2ws/install/ros2srrc_robots/share/ros2srrc_robots/ur5/meshes/visual/upperarm.dae
[0.389s] -- Up-to-date symlink: /home/ubuntu/ros2ws/install/ros2srrc_robots/share/ros2srrc_robots/ur5/meshes/visual/wrist1.dae
[0.389s] -- Up-to-date symlink: /home/ubuntu/ros2ws/install/ros2srrc_robots/share/ros2srrc_robots/ur5/meshes/visual/wrist2.dae
[0.390s] -- Up-to-date symlink: /home/ubuntu/ros2ws/install/ros2srrc_robots/share/ros2srrc_robots/ur5/meshes/visual/wrist3.dae
[0.390s] -- Up-to-date symlink: /home/ubuntu/ros2ws/install/ros2srrc_robots/share/ros2srrc_robots/ur5/urdf/ur5_common.xacro
[0.390s] -- Up-to-date symlink: /home/ubuntu/ros2ws/install/ros2srrc_robots/share/ros2srrc_robots/ur5/urdf/ur5_macro.urdf.xacro
[0.393s] -- Up-to-date symlink: /home/ubuntu/ros2ws/install/ros2srrc_robots/share/ros2srrc_robots/ur5/urdf/ur5_ros2control.xacro
[0.393s] -- Up-to-date symlink: /home/ubuntu/ros2ws/install/ros2srrc_robots/share/ros2srrc_robots/ur5/urdf/ur5_transmission.xacro
[0.393s] -- Up-to-date symlink: /home/ubuntu/ros2ws/install/ros2srrc_robots/share/ros2srrc_robots/ur10e/config/controller.yaml
[0.394s] -- Up-to-date symlink: /home/ubuntu/ros2ws/install/ros2srrc_robots/share/ros2srrc_robots/ur10e/config/controller_moveit2.yaml
[0.394s] -- Up-to-date symlink: /home/ubuntu/ros2ws/install/ros2srrc_robots/share/ros2srrc_robots/ur10e/config/controller_ur.yaml
[0.394s] -- Up-to-date symlink: /home/ubuntu/ros2ws/install/ros2srrc_robots/share/ros2srrc_robots/ur10e/config/joint_limits.yaml
[0.395s] -- Up-to-date symlink: /home/ubuntu/ros2ws/install/ros2srrc_robots/share/ros2srrc_robots/ur10e/config/joint_specifications.yaml
[0.397s] -- Up-to-date symlink: /home/ubuntu/ros2ws/install/ros2srrc_robots/share/ros2srrc_robots/ur10e/config/kinematics.yaml
[0.397s] -- Up-to-date symlink: /home/ubuntu/ros2ws/install/ros2srrc_robots/share/ros2srrc_robots/ur10e/config/pilz_cartesian_limits.yaml
[0.398s] -- Up-to-date symlink: /home/ubuntu/ros2ws/install/ros2srrc_robots/share/ros2srrc_robots/ur10e/meshes/collision/base.stl
[0.399s] -- Up-to-date symlink: /home/ubuntu/ros2ws/install/ros2srrc_robots/share/ros2srrc_robots/ur10e/meshes/collision/forearm.stl
[0.400s] -- Up-to-date symlink: /home/ubuntu/ros2ws/install/ros2srrc_robots/share/ros2srrc_robots/ur10e/meshes/collision/shoulder.stl
[0.400s] -- Up-to-date symlink: /home/ubuntu/ros2ws/install/ros2srrc_robots/share/ros2srrc_robots/ur10e/meshes/collision/upperarm.stl
[0.401s] -- Up-to-date symlink: /home/ubuntu/ros2ws/install/ros2srrc_robots/share/ros2srrc_robots/ur10e/meshes/collision/wrist1.stl
[0.401s] -- Up-to-date symlink: /home/ubuntu/ros2ws/install/ros2srrc_robots/share/ros2srrc_robots/ur10e/meshes/collision/wrist2.stl
[0.401s] -- Up-to-date symlink: /home/ubuntu/ros2ws/install/ros2srrc_robots/share/ros2srrc_robots/ur10e/meshes/collision/wrist3.stl
[0.403s] -- Up-to-date symlink: /home/ubuntu/ros2ws/install/ros2srrc_robots/share/ros2srrc_robots/ur10e/meshes/visual/base.dae
[0.403s] -- Up-to-date symlink: /home/ubuntu/ros2ws/install/ros2srrc_robots/share/ros2srrc_robots/ur10e/meshes/visual/forearm.dae
[0.403s] -- Up-to-date symlink: /home/ubuntu/ros2ws/install/ros2srrc_robots/share/ros2srrc_robots/ur10e/meshes/visual/shoulder.dae
[0.405s] -- Up-to-date symlink: /home/ubuntu/ros2ws/install/ros2srrc_robots/share/ros2srrc_robots/ur10e/meshes/visual/upperarm.dae
[0.405s] -- Up-to-date symlink: /home/ubuntu/ros2ws/install/ros2srrc_robots/share/ros2srrc_robots/ur10e/meshes/visual/wrist1.dae
[0.407s] -- Up-to-date symlink: /home/ubuntu/ros2ws/install/ros2srrc_robots/share/ros2srrc_robots/ur10e/meshes/visual/wrist2.dae
[0.407s] -- Up-to-date symlink: /home/ubuntu/ros2ws/install/ros2srrc_robots/share/ros2srrc_robots/ur10e/meshes/visual/wrist3.dae
[0.407s] -- Up-to-date symlink: /home/ubuntu/ros2ws/install/ros2srrc_robots/share/ros2srrc_robots/ur10e/urdf/ur10e_common.xacro
[0.407s] -- Up-to-date symlink: /home/ubuntu/ros2ws/install/ros2srrc_robots/share/ros2srrc_robots/ur10e/urdf/ur10e_macro.urdf.xacro
[0.408s] -- Up-to-date symlink: /home/ubuntu/ros2ws/install/ros2srrc_robots/share/ros2srrc_robots/ur10e/urdf/ur10e_ros2control.xacro
[0.409s] -- Up-to-date symlink: /home/ubuntu/ros2ws/install/ros2srrc_robots/share/ros2srrc_robots/ur10e/urdf/ur10e_transmission.xacro
[0.412s] -- Up-to-date symlink: /home/ubuntu/ros2ws/install/ros2srrc_robots/share/ros2srrc_robots/ur16e/config/controller.yaml
[0.418s] -- Up-to-date symlink: /home/ubuntu/ros2ws/install/ros2srrc_robots/share/ros2srrc_robots/ur16e/config/controller_moveit2.yaml
[0.418s] -- Up-to-date symlink: /home/ubuntu/ros2ws/install/ros2srrc_robots/share/ros2srrc_robots/ur16e/config/controller_ur.yaml
[0.419s] -- Up-to-date symlink: /home/ubuntu/ros2ws/install/ros2srrc_robots/share/ros2srrc_robots/ur16e/config/joint_limits.yaml
[0.419s] -- Up-to-date symlink: /home/ubuntu/ros2ws/install/ros2srrc_robots/share/ros2srrc_robots/ur16e/config/joint_specifications.yaml
[0.419s] -- Up-to-date symlink: /home/ubuntu/ros2ws/install/ros2srrc_robots/share/ros2srrc_robots/ur16e/config/kinematics.yaml
[0.420s] -- Up-to-date symlink: /home/ubuntu/ros2ws/install/ros2srrc_robots/share/ros2srrc_robots/ur16e/config/pilz_cartesian_limits.yaml
[0.420s] -- Up-to-date symlink: /home/ubuntu/ros2ws/install/ros2srrc_robots/share/ros2srrc_robots/ur16e/meshes/collision/base.stl
[0.423s] -- Up-to-date symlink: /home/ubuntu/ros2ws/install/ros2srrc_robots/share/ros2srrc_robots/ur16e/meshes/collision/forearm.stl
[0.423s] -- Up-to-date symlink: /home/ubuntu/ros2ws/install/ros2srrc_robots/share/ros2srrc_robots/ur16e/meshes/collision/shoulder.stl
[0.423s] -- Up-to-date symlink: /home/ubuntu/ros2ws/install/ros2srrc_robots/share/ros2srrc_robots/ur16e/meshes/collision/upperarm.stl
[0.423s] -- Up-to-date symlink: /home/ubuntu/ros2ws/install/ros2srrc_robots/share/ros2srrc_robots/ur16e/meshes/collision/wrist1.stl
[0.423s] -- Up-to-date symlink: /home/ubuntu/ros2ws/install/ros2srrc_robots/share/ros2srrc_robots/ur16e/meshes/collision/wrist2.stl
[0.424s] -- Up-to-date symlink: /home/ubuntu/ros2ws/install/ros2srrc_robots/share/ros2srrc_robots/ur16e/meshes/collision/wrist3.stl
[0.424s] -- Up-to-date symlink: /home/ubuntu/ros2ws/install/ros2srrc_robots/share/ros2srrc_robots/ur16e/meshes/visual/base.dae
[0.425s] -- Up-to-date symlink: /home/ubuntu/ros2ws/install/ros2srrc_robots/share/ros2srrc_robots/ur16e/meshes/visual/forearm.dae
[0.426s] -- Up-to-date symlink: /home/ubuntu/ros2ws/install/ros2srrc_robots/share/ros2srrc_robots/ur16e/meshes/visual/shoulder.dae
[0.426s] -- Up-to-date symlink: /home/ubuntu/ros2ws/install/ros2srrc_robots/share/ros2srrc_robots/ur16e/meshes/visual/upperarm.dae
[0.426s] -- Up-to-date symlink: /home/ubuntu/ros2ws/install/ros2srrc_robots/share/ros2srrc_robots/ur16e/meshes/visual/wrist1.dae
[0.426s] -- Up-to-date symlink: /home/ubuntu/ros2ws/install/ros2srrc_robots/share/ros2srrc_robots/ur16e/meshes/visual/wrist2.dae
[0.428s] -- Up-to-date symlink: /home/ubuntu/ros2ws/install/ros2srrc_robots/share/ros2srrc_robots/ur16e/meshes/visual/wrist3.dae
[0.429s] -- Up-to-date symlink: /home/ubuntu/ros2ws/install/ros2srrc_robots/share/ros2srrc_robots/ur16e/urdf/ur16e_common.xacro
[0.429s] -- Up-to-date symlink: /home/ubuntu/ros2ws/install/ros2srrc_robots/share/ros2srrc_robots/ur16e/urdf/ur16e_macro.urdf.xacro
[0.430s] -- Up-to-date symlink: /home/ubuntu/ros2ws/install/ros2srrc_robots/share/ros2srrc_robots/ur16e/urdf/ur16e_ros2control.xacro
[0.430s] -- Up-to-date symlink: /home/ubuntu/ros2ws/install/ros2srrc_robots/share/ros2srrc_robots/ur16e/urdf/ur16e_transmission.xacro
[0.430s] -- Up-to-date symlink: /home/ubuntu/ros2ws/install/ros2srrc_robots/share/ros2srrc_robots/iiwa/config/controller.yaml
[0.432s] -- Up-to-date symlink: /home/ubuntu/ros2ws/install/ros2srrc_robots/share/ros2srrc_robots/iiwa/config/controller_moveit2.yaml
[0.432s] -- Up-to-date symlink: /home/ubuntu/ros2ws/install/ros2srrc_robots/share/ros2srrc_robots/iiwa/config/joint_limits.yaml
[0.432s] -- Up-to-date symlink: /home/ubuntu/ros2ws/install/ros2srrc_robots/share/ros2srrc_robots/iiwa/config/joint_specifications.yaml
[0.435s] -- Up-to-date symlink: /home/ubuntu/ros2ws/install/ros2srrc_robots/share/ros2srrc_robots/iiwa/config/kinematics.yaml
[0.436s] -- Up-to-date symlink: /home/ubuntu/ros2ws/install/ros2srrc_robots/share/ros2srrc_robots/iiwa/config/pilz_cartesian_limits.yaml
[0.436s] -- Up-to-date symlink: /home/ubuntu/ros2ws/install/ros2srrc_robots/share/ros2srrc_robots/iiwa/meshes/collision/base_link.stl
[0.436s] -- Up-to-date symlink: /home/ubuntu/ros2ws/install/ros2srrc_robots/share/ros2srrc_robots/iiwa/meshes/collision/link_1.stl
[0.437s] -- Up-to-date symlink: /home/ubuntu/ros2ws/install/ros2srrc_robots/share/ros2srrc_robots/iiwa/meshes/collision/link_2.stl
[0.437s] -- Up-to-date symlink: /home/ubuntu/ros2ws/install/ros2srrc_robots/share/ros2srrc_robots/iiwa/meshes/collision/link_3.stl
[0.438s] -- Up-to-date symlink: /home/ubuntu/ros2ws/install/ros2srrc_robots/share/ros2srrc_robots/iiwa/meshes/collision/link_4.stl
[0.439s] -- Up-to-date symlink: /home/ubuntu/ros2ws/install/ros2srrc_robots/share/ros2srrc_robots/iiwa/meshes/collision/link_5.stl
[0.439s] -- Up-to-date symlink: /home/ubuntu/ros2ws/install/ros2srrc_robots/share/ros2srrc_robots/iiwa/meshes/collision/link_6.stl
[0.440s] -- Up-to-date symlink: /home/ubuntu/ros2ws/install/ros2srrc_robots/share/ros2srrc_robots/iiwa/meshes/collision/link_7.stl
[0.441s] -- Up-to-date symlink: /home/ubuntu/ros2ws/install/ros2srrc_robots/share/ros2srrc_robots/iiwa/meshes/visual/base_link.dae
[0.441s] -- Up-to-date symlink: /home/ubuntu/ros2ws/install/ros2srrc_robots/share/ros2srrc_robots/iiwa/meshes/visual/link_1.dae
[0.442s] -- Up-to-date symlink: /home/ubuntu/ros2ws/install/ros2srrc_robots/share/ros2srrc_robots/iiwa/meshes/visual/link_2.dae
[0.444s] -- Up-to-date symlink: /home/ubuntu/ros2ws/install/ros2srrc_robots/share/ros2srrc_robots/iiwa/meshes/visual/link_3.dae
[0.444s] -- Up-to-date symlink: /home/ubuntu/ros2ws/install/ros2srrc_robots/share/ros2srrc_robots/iiwa/meshes/visual/link_4.dae
[0.444s] -- Up-to-date symlink: /home/ubuntu/ros2ws/install/ros2srrc_robots/share/ros2srrc_robots/iiwa/meshes/visual/link_5.dae
[0.445s] -- Up-to-date symlink: /home/ubuntu/ros2ws/install/ros2srrc_robots/share/ros2srrc_robots/iiwa/meshes/visual/link_6.dae
[0.446s] -- Up-to-date symlink: /home/ubuntu/ros2ws/install/ros2srrc_robots/share/ros2srrc_robots/iiwa/meshes/visual/link_7.dae
[0.446s] -- Up-to-date symlink: /home/ubuntu/ros2ws/install/ros2srrc_robots/share/ros2srrc_robots/iiwa/urdf/iiwa_macro.urdf.xacro
[0.446s] -- Up-to-date symlink: /home/ubuntu/ros2ws/install/ros2srrc_robots/share/ros2srrc_robots/iiwa/urdf/iiwa_ros2control.xacro
[0.447s] -- Up-to-date symlink: /home/ubuntu/ros2ws/install/ros2srrc_robots/share/ros2srrc_robots/iiwa/urdf/iiwa_transmission.xacro
[0.447s] -- Up-to-date symlink: /home/ubuntu/ros2ws/install/ros2srrc_robots/share/ament_index/resource_index/package_run_dependencies/ros2srrc_robots
[0.448s] -- Up-to-date symlink: /home/ubuntu/ros2ws/install/ros2srrc_robots/share/ament_index/resource_index/parent_prefix_path/ros2srrc_robots
[0.449s] -- Up-to-date symlink: /home/ubuntu/ros2ws/install/ros2srrc_robots/share/ros2srrc_robots/environment/ament_prefix_path.sh
[0.452s] -- Up-to-date symlink: /home/ubuntu/ros2ws/install/ros2srrc_robots/share/ros2srrc_robots/environment/ament_prefix_path.dsv
[0.453s] -- Up-to-date symlink: /home/ubuntu/ros2ws/install/ros2srrc_robots/share/ros2srrc_robots/environment/path.sh
[0.454s] -- Up-to-date symlink: /home/ubuntu/ros2ws/install/ros2srrc_robots/share/ros2srrc_robots/environment/path.dsv
[0.454s] -- Up-to-date symlink: /home/ubuntu/ros2ws/install/ros2srrc_robots/share/ros2srrc_robots/local_setup.bash
[0.454s] -- Up-to-date symlink: /home/ubuntu/ros2ws/install/ros2srrc_robots/share/ros2srrc_robots/local_setup.sh
[0.454s] -- Up-to-date symlink: /home/ubuntu/ros2ws/install/ros2srrc_robots/share/ros2srrc_robots/local_setup.zsh
[0.454s] -- Up-to-date symlink: /home/ubuntu/ros2ws/install/ros2srrc_robots/share/ros2srrc_robots/local_setup.dsv
[0.454s] -- Symlinking: /home/ubuntu/ros2ws/install/ros2srrc_robots/share/ros2srrc_robots/package.dsv
[0.472s] -- Up-to-date symlink: /home/ubuntu/ros2ws/install/ros2srrc_robots/share/ament_index/resource_index/packages/ros2srrc_robots
[0.473s] -- Up-to-date symlink: /home/ubuntu/ros2ws/install/ros2srrc_robots/share/ros2srrc_robots/cmake/ros2srrc_robotsConfig.cmake
[0.473s] -- Up-to-date symlink: /home/ubuntu/ros2ws/install/ros2srrc_robots/share/ros2srrc_robots/cmake/ros2srrc_robotsConfig-version.cmake
[0.474s] -- Up-to-date symlink: /home/ubuntu/ros2ws/install/ros2srrc_robots/share/ros2srrc_robots/package.xml
[0.524s] Invoked command in '/home/ubuntu/ros2ws/build/ros2srrc_robots' returned '0': CMAKE_PREFIX_PATH=${CMAKE_PREFIX_PATH}:/home/ubuntu/ros2ws/install/robot_letter_writer:/opt/ros/humble /usr/bin/cmake --install /home/ubuntu/ros2ws/build/ros2srrc_robots
