[0.046s] Invoking command in '/home/ubuntu/ros2ws/build/ros2srrc_irb6640_gazebo': CMAKE_PREFIX_PATH=${CMAKE_PREFIX_PATH}:/home/ubuntu/ros2ws/install/testV1:/home/ubuntu/ros2ws/install/robot_letter_writer:/opt/ros/humble /usr/bin/cmake --build /home/ubuntu/ros2ws/build/ros2srrc_irb6640_gazebo -- -j4 -l4
[0.126s] Invoked command in '/home/ubuntu/ros2ws/build/ros2srrc_irb6640_gazebo' returned '0': CMAKE_PREFIX_PATH=${CMAKE_PREFIX_PATH}:/home/ubuntu/ros2ws/install/testV1:/home/ubuntu/ros2ws/install/robot_letter_writer:/opt/ros/humble /usr/bin/cmake --build /home/ubuntu/ros2ws/build/ros2srrc_irb6640_gazebo -- -j4 -l4
[0.174s] Invoking command in '/home/ubuntu/ros2ws/build/ros2srrc_irb6640_gazebo': CMAKE_PREFIX_PATH=${CMAKE_PREFIX_PATH}:/home/ubuntu/ros2ws/install/testV1:/home/ubuntu/ros2ws/install/robot_letter_writer:/opt/ros/humble /usr/bin/cmake --install /home/ubuntu/ros2ws/build/ros2srrc_irb6640_gazebo
[0.188s] -- Install configuration: ""
[0.199s] -- Execute custom install script
[0.201s] -- Up-to-date symlink: /home/ubuntu/ros2ws/install/ros2srrc_irb6640_gazebo/share/ros2srrc_irb6640_gazebo/config/configurations.yaml
[0.201s] -- Up-to-date symlink: /home/ubuntu/ros2ws/install/ros2srrc_irb6640_gazebo/share/ros2srrc_irb6640_gazebo/urdf/irb6640.urdf.xacro
[0.202s] -- Up-to-date symlink: /home/ubuntu/ros2ws/install/ros2srrc_irb6640_gazebo/share/ros2srrc_irb6640_gazebo/urdf/irb6640_gpp5010nc.urdf.xacro
[0.202s] -- Up-to-date symlink: /home/ubuntu/ros2ws/install/ros2srrc_irb6640_gazebo/share/ros2srrc_irb6640_gazebo/worlds/ros2srrc_irb6640.world
[0.203s] -- Up-to-date symlink: /home/ubuntu/ros2ws/install/ros2srrc_irb6640_gazebo/share/ament_index/resource_index/package_run_dependencies/ros2srrc_irb6640_gazebo
[0.204s] -- Up-to-date symlink: /home/ubuntu/ros2ws/install/ros2srrc_irb6640_gazebo/share/ament_index/resource_index/parent_prefix_path/ros2srrc_irb6640_gazebo
[0.205s] -- Up-to-date symlink: /home/ubuntu/ros2ws/install/ros2srrc_irb6640_gazebo/share/ros2srrc_irb6640_gazebo/environment/ament_prefix_path.sh
[0.205s] -- Up-to-date symlink: /home/ubuntu/ros2ws/install/ros2srrc_irb6640_gazebo/share/ros2srrc_irb6640_gazebo/environment/ament_prefix_path.dsv
[0.208s] -- Up-to-date symlink: /home/ubuntu/ros2ws/install/ros2srrc_irb6640_gazebo/share/ros2srrc_irb6640_gazebo/environment/path.sh
[0.208s] -- Up-to-date symlink: /home/ubuntu/ros2ws/install/ros2srrc_irb6640_gazebo/share/ros2srrc_irb6640_gazebo/environment/path.dsv
[0.208s] -- Up-to-date symlink: /home/ubuntu/ros2ws/install/ros2srrc_irb6640_gazebo/share/ros2srrc_irb6640_gazebo/local_setup.bash
[0.208s] -- Up-to-date symlink: /home/ubuntu/ros2ws/install/ros2srrc_irb6640_gazebo/share/ros2srrc_irb6640_gazebo/local_setup.sh
[0.209s] -- Up-to-date symlink: /home/ubuntu/ros2ws/install/ros2srrc_irb6640_gazebo/share/ros2srrc_irb6640_gazebo/local_setup.zsh
[0.209s] -- Up-to-date symlink: /home/ubuntu/ros2ws/install/ros2srrc_irb6640_gazebo/share/ros2srrc_irb6640_gazebo/local_setup.dsv
[0.209s] -- Symlinking: /home/ubuntu/ros2ws/install/ros2srrc_irb6640_gazebo/share/ros2srrc_irb6640_gazebo/package.dsv
[0.225s] -- Up-to-date symlink: /home/ubuntu/ros2ws/install/ros2srrc_irb6640_gazebo/share/ament_index/resource_index/packages/ros2srrc_irb6640_gazebo
[0.226s] -- Up-to-date symlink: /home/ubuntu/ros2ws/install/ros2srrc_irb6640_gazebo/share/ros2srrc_irb6640_gazebo/cmake/ros2srrc_irb6640_gazeboConfig.cmake
[0.226s] -- Up-to-date symlink: /home/ubuntu/ros2ws/install/ros2srrc_irb6640_gazebo/share/ros2srrc_irb6640_gazebo/cmake/ros2srrc_irb6640_gazeboConfig-version.cmake
[0.230s] -- Up-to-date symlink: /home/ubuntu/ros2ws/install/ros2srrc_irb6640_gazebo/share/ros2srrc_irb6640_gazebo/package.xml
[0.235s] Invoked command in '/home/ubuntu/ros2ws/build/ros2srrc_irb6640_gazebo' returned '0': CMAKE_PREFIX_PATH=${CMAKE_PREFIX_PATH}:/home/ubuntu/ros2ws/install/testV1:/home/ubuntu/ros2ws/install/robot_letter_writer:/opt/ros/humble /usr/bin/cmake --install /home/ubuntu/ros2ws/build/ros2srrc_irb6640_gazebo
