[0.000000] (-) TimerEvent: {}
[0.000129] (-) JobUnselected: {'identifier': 'abb_bringup'}
[0.000153] (-) JobUnselected: {'identifier': 'abb_egm_msgs'}
[0.000189] (-) JobUnselected: {'identifier': 'abb_egm_rws_managers'}
[0.000206] (-) JobUnselected: {'identifier': 'abb_hardware_interface'}
[0.000220] (-) JobUnselected: {'identifier': 'abb_irb1200_5_90_moveit_config'}
[0.000233] (-) JobUnselected: {'identifier': 'abb_irb1200_support'}
[0.000264] (-) JobUnselected: {'identifier': 'abb_irb4600_support'}
[0.000282] (-) JobUnselected: {'identifier': 'abb_libegm'}
[0.000295] (-) JobUnselected: {'identifier': 'abb_librws'}
[0.000308] (-) JobUnselected: {'identifier': 'abb_rapid_msgs'}
[0.000320] (-) JobUnselected: {'identifier': 'abb_rapid_sm_addin_msgs'}
[0.000332] (-) JobUnselected: {'identifier': 'abb_resources'}
[0.000345] (-) JobUnselected: {'identifier': 'abb_robot_msgs'}
[0.000357] (-) JobUnselected: {'identifier': 'abb_ros2'}
[0.000369] (-) JobUnselected: {'identifier': 'abb_rws_client'}
[0.000381] (-) JobUnselected: {'identifier': 'chomp_motion_planner'}
[0.000393] (-) JobUnselected: {'identifier': 'gazebo_ros2_control'}
[0.000405] (-) JobUnselected: {'identifier': 'gazebo_ros2_control_demos'}
[0.000417] (-) JobUnselected: {'identifier': 'gui_subscriber'}
[0.000430] (-) JobUnselected: {'identifier': 'launch_param_builder'}
[0.000442] (-) JobUnselected: {'identifier': 'letter_writer'}
[0.000454] (-) JobUnselected: {'identifier': 'linkattacher_msgs'}
[0.000466] (-) JobUnselected: {'identifier': 'linkpose_gazebo'}
[0.000478] (-) JobUnselected: {'identifier': 'linkpose_msgs'}
[0.000490] (-) JobUnselected: {'identifier': 'moveit'}
[0.000502] (-) JobUnselected: {'identifier': 'moveit2_tutorials'}
[0.000514] (-) JobUnselected: {'identifier': 'moveit_chomp_optimizer_adapter'}
[0.000526] (-) JobUnselected: {'identifier': 'moveit_common'}
[0.000538] (-) JobUnselected: {'identifier': 'moveit_configs_utils'}
[0.000550] (-) JobUnselected: {'identifier': 'moveit_core'}
[0.000562] (-) JobUnselected: {'identifier': 'moveit_hybrid_planning'}
[0.000575] (-) JobUnselected: {'identifier': 'moveit_kinematics'}
[0.000587] (-) JobUnselected: {'identifier': 'moveit_planners'}
[0.000637] (-) JobUnselected: {'identifier': 'moveit_planners_chomp'}
[0.000655] (-) JobUnselected: {'identifier': 'moveit_planners_ompl'}
[0.000667] (-) JobUnselected: {'identifier': 'moveit_plugins'}
[0.000679] (-) JobUnselected: {'identifier': 'moveit_resources'}
[0.000691] (-) JobUnselected: {'identifier': 'moveit_resources_fanuc_description'}
[0.000708] (-) JobUnselected: {'identifier': 'moveit_resources_fanuc_moveit_config'}
[0.000740] (-) JobUnselected: {'identifier': 'moveit_resources_panda_description'}
[0.000753] (-) JobUnselected: {'identifier': 'moveit_resources_panda_moveit_config'}
[0.000766] (-) JobUnselected: {'identifier': 'moveit_resources_pr2_description'}
[0.000779] (-) JobUnselected: {'identifier': 'moveit_resources_prbt_ikfast_manipulator_plugin'}
[0.000792] (-) JobUnselected: {'identifier': 'moveit_resources_prbt_moveit_config'}
[0.000818] (-) JobUnselected: {'identifier': 'moveit_resources_prbt_pg70_support'}
[0.000831] (-) JobUnselected: {'identifier': 'moveit_resources_prbt_support'}
[0.000842] (-) JobUnselected: {'identifier': 'moveit_ros'}
[0.000854] (-) JobUnselected: {'identifier': 'moveit_ros_benchmarks'}
[0.000866] (-) JobUnselected: {'identifier': 'moveit_ros_control_interface'}
[0.000878] (-) JobUnselected: {'identifier': 'moveit_ros_move_group'}
[0.000890] (-) JobUnselected: {'identifier': 'moveit_ros_occupancy_map_monitor'}
[0.000902] (-) JobUnselected: {'identifier': 'moveit_ros_perception'}
[0.000914] (-) JobUnselected: {'identifier': 'moveit_ros_planning'}
[0.000926] (-) JobUnselected: {'identifier': 'moveit_ros_planning_interface'}
[0.000938] (-) JobUnselected: {'identifier': 'moveit_ros_robot_interaction'}
[0.000950] (-) JobUnselected: {'identifier': 'moveit_ros_visualization'}
[0.000962] (-) JobUnselected: {'identifier': 'moveit_ros_warehouse'}
[0.000974] (-) JobUnselected: {'identifier': 'moveit_runtime'}
[0.000986] (-) JobUnselected: {'identifier': 'moveit_servo'}
[0.001019] (-) JobUnselected: {'identifier': 'moveit_setup_app_plugins'}
[0.001040] (-) JobUnselected: {'identifier': 'moveit_setup_assistant'}
[0.001053] (-) JobUnselected: {'identifier': 'moveit_setup_controllers'}
[0.001065] (-) JobUnselected: {'identifier': 'moveit_setup_core_plugins'}
[0.001077] (-) JobUnselected: {'identifier': 'moveit_setup_framework'}
[0.001088] (-) JobUnselected: {'identifier': 'moveit_setup_srdf_plugins'}
[0.001100] (-) JobUnselected: {'identifier': 'moveit_simple_controller_manager'}
[0.001113] (-) JobUnselected: {'identifier': 'moveit_task_constructor_capabilities'}
[0.001125] (-) JobUnselected: {'identifier': 'moveit_task_constructor_core'}
[0.001137] (-) JobUnselected: {'identifier': 'moveit_task_constructor_demo'}
[0.001149] (-) JobUnselected: {'identifier': 'moveit_task_constructor_msgs'}
[0.001176] (-) JobUnselected: {'identifier': 'moveit_task_constructor_visualization'}
[0.001193] (-) JobUnselected: {'identifier': 'moveit_visual_tools'}
[0.001206] (-) JobUnselected: {'identifier': 'objectpose_gazebo'}
[0.001218] (-) JobUnselected: {'identifier': 'objectpose_msgs'}
[0.001230] (-) JobUnselected: {'identifier': 'pilz_industrial_motion_planner'}
[0.001242] (-) JobUnselected: {'identifier': 'pilz_industrial_motion_planner_testutils'}
[0.001253] (-) JobUnselected: {'identifier': 'robot_letter_writer'}
[0.001274] (-) JobUnselected: {'identifier': 'ros2_linkattacher'}
[0.001287] (-) JobUnselected: {'identifier': 'ros2_linkpose'}
[0.001299] (-) JobUnselected: {'identifier': 'ros2_objectpose'}
[0.001310] (-) JobUnselected: {'identifier': 'ros2_robotiqgripper'}
[0.001322] (-) JobUnselected: {'identifier': 'ros2srrc_data'}
[0.001334] (-) JobUnselected: {'identifier': 'ros2srrc_endeffectors'}
[0.001346] (-) JobUnselected: {'identifier': 'ros2srrc_execution'}
[0.001358] (-) JobUnselected: {'identifier': 'ros2srrc_iiwa_gazebo'}
[0.001391] (-) JobUnselected: {'identifier': 'ros2srrc_iiwa_moveit2'}
[0.001412] (-) JobUnselected: {'identifier': 'ros2srrc_irb1200_gazebo'}
[0.001424] (-) JobUnselected: {'identifier': 'ros2srrc_irb1200_moveit2'}
[0.001436] (-) JobUnselected: {'identifier': 'ros2srrc_irb120_gazebo'}
[0.001448] (-) JobUnselected: {'identifier': 'ros2srrc_irb120_moveit2'}
[0.001459] (-) JobUnselected: {'identifier': 'ros2srrc_irb6640_gazebo'}
[0.001471] (-) JobUnselected: {'identifier': 'ros2srrc_irb6640_moveit2'}
[0.001483] (-) JobUnselected: {'identifier': 'ros2srrc_launch'}
[0.001494] (-) JobUnselected: {'identifier': 'ros2srrc_robots'}
[0.001506] (-) JobUnselected: {'identifier': 'ros2srrc_ur10e_gazebo'}
[0.001518] (-) JobUnselected: {'identifier': 'ros2srrc_ur10e_moveit2'}
[0.001530] (-) JobUnselected: {'identifier': 'ros2srrc_ur16e_gazebo'}
[0.001542] (-) JobUnselected: {'identifier': 'ros2srrc_ur16e_moveit2'}
[0.001553] (-) JobUnselected: {'identifier': 'ros2srrc_ur3_gazebo'}
[0.001565] (-) JobUnselected: {'identifier': 'ros2srrc_ur3_moveit2'}
[0.001577] (-) JobUnselected: {'identifier': 'ros2srrc_ur5_gazebo'}
[0.001588] (-) JobUnselected: {'identifier': 'ros2srrc_ur5_moveit2'}
[0.001600] (-) JobUnselected: {'identifier': 'rosparam_shortcuts'}
[0.001612] (-) JobUnselected: {'identifier': 'rviz_marker_tools'}
[0.001624] (-) JobUnselected: {'identifier': 'srdfdom'}
[0.001637] (-) EventReactorShutdown: {}
