[0.018s] Invoking command in '/home/ubuntu/ros2ws/build/letter_writer': CMAKE_PREFIX_PATH=${CMAKE_PREFIX_PATH}:/home/ubuntu/ros2ws/install/robot_letter_writer:/opt/ros/humble /usr/bin/cmake --build /home/ubuntu/ros2ws/build/letter_writer -- -j4 -l4
[0.108s] [35m[1mConsolidate compiler generated dependencies of target letter_input_node[0m
[0.129s] [100%] Built target letter_input_node
[0.147s] Invoked command in '/home/ubuntu/ros2ws/build/letter_writer' returned '0': CMAKE_PREFIX_PATH=${CMAKE_PREFIX_PATH}:/home/ubuntu/ros2ws/install/robot_letter_writer:/opt/ros/humble /usr/bin/cmake --build /home/ubuntu/ros2ws/build/letter_writer -- -j4 -l4
[0.197s] Invoking command in '/home/ubuntu/ros2ws/build/letter_writer': CMAKE_PREFIX_PATH=${CMAKE_PREFIX_PATH}:/home/ubuntu/ros2ws/install/robot_letter_writer:/opt/ros/humble /usr/bin/cmake --install /home/ubuntu/ros2ws/build/letter_writer
[0.209s] -- Install configuration: ""
[0.209s] -- Up-to-date: /home/ubuntu/ros2ws/install/letter_writer/lib/letter_writer/letter_input_node
[0.209s] -- Up-to-date: /home/ubuntu/ros2ws/install/letter_writer/share/ament_index/resource_index/package_run_dependencies/letter_writer
[0.210s] -- Up-to-date: /home/ubuntu/ros2ws/install/letter_writer/share/ament_index/resource_index/parent_prefix_path/letter_writer
[0.211s] -- Up-to-date: /home/ubuntu/ros2ws/install/letter_writer/share/letter_writer/environment/ament_prefix_path.sh
[0.211s] -- Up-to-date: /home/ubuntu/ros2ws/install/letter_writer/share/letter_writer/environment/ament_prefix_path.dsv
[0.211s] -- Up-to-date: /home/ubuntu/ros2ws/install/letter_writer/share/letter_writer/environment/path.sh
[0.211s] -- Up-to-date: /home/ubuntu/ros2ws/install/letter_writer/share/letter_writer/environment/path.dsv
[0.211s] -- Up-to-date: /home/ubuntu/ros2ws/install/letter_writer/share/letter_writer/local_setup.bash
[0.211s] -- Up-to-date: /home/ubuntu/ros2ws/install/letter_writer/share/letter_writer/local_setup.sh
[0.211s] -- Up-to-date: /home/ubuntu/ros2ws/install/letter_writer/share/letter_writer/local_setup.zsh
[0.211s] -- Up-to-date: /home/ubuntu/ros2ws/install/letter_writer/share/letter_writer/local_setup.dsv
[0.212s] -- Installing: /home/ubuntu/ros2ws/install/letter_writer/share/letter_writer/package.dsv
[0.221s] -- Up-to-date: /home/ubuntu/ros2ws/install/letter_writer/share/ament_index/resource_index/packages/letter_writer
[0.221s] -- Up-to-date: /home/ubuntu/ros2ws/install/letter_writer/share/letter_writer/cmake/letter_writerConfig.cmake
[0.222s] -- Up-to-date: /home/ubuntu/ros2ws/install/letter_writer/share/letter_writer/cmake/letter_writerConfig-version.cmake
[0.222s] -- Up-to-date: /home/ubuntu/ros2ws/install/letter_writer/share/letter_writer/package.xml
[0.234s] Invoked command in '/home/ubuntu/ros2ws/build/letter_writer' returned '0': CMAKE_PREFIX_PATH=${CMAKE_PREFIX_PATH}:/home/ubuntu/ros2ws/install/robot_letter_writer:/opt/ros/humble /usr/bin/cmake --install /home/ubuntu/ros2ws/build/letter_writer
