[0.059s] Invoking command in '/home/ubuntu/ros2ws/build/moveit_core': CMAKE_PREFIX_PATH=/home/ubuntu/ros2ws/install/moveit_resources_panda_moveit_config:/home/ubuntu/ros2ws/install/srdfdom:/home/ubuntu/ros2ws/install/moveit_resources_pr2_description:/home/ubuntu/ros2ws/install/moveit_resources_panda_description:/home/ubuntu/ros2ws/install/moveit_common:/home/ubuntu/ros2ws/install/testV2:/home/ubuntu/ros2ws/install/ros2srrc_execution:/home/ubuntu/ros2ws/install/pilz_industrial_motion_planner_testutils:/home/ubuntu/ros2ws/install/moveit_runtime:/home/ubuntu/ros2ws/install/moveit2_tutorials:/home/ubuntu/ros2ws/install/moveit:/home/ubuntu/ros2ws/install/moveit_planners:/home/ubuntu/ros2ws/install/pilz_industrial_motion_planner:/home/ubuntu/ros2ws/install/moveit_visual_tools:/home/ubuntu/ros2ws/install/moveit_task_constructor_visualization:/home/ubuntu/ros2ws/install/moveit_task_constructor_demo:/home/ubuntu/ros2ws/install/moveit_task_constructor_capabilities:/home/ubuntu/ros2ws/install/moveit_task_constructor_core:/home/ubuntu/ros2ws/install/moveit_ros_control_interface:/home/ubuntu/ros2ws/install/moveit_plugins:/home/ubuntu/ros2ws/install/moveit_simple_controller_manager:/home/ubuntu/ros2ws/install/moveit_setup_assistant:/home/ubuntu/ros2ws/install/moveit_setup_srdf_plugins:/home/ubuntu/ros2ws/install/moveit_setup_core_plugins:/home/ubuntu/ros2ws/install/moveit_setup_controllers:/home/ubuntu/ros2ws/install/moveit_setup_app_plugins:/home/ubuntu/ros2ws/install/moveit_setup_framework:/home/ubuntu/ros2ws/install/moveit_servo:/home/ubuntu/ros2ws/install/moveit_ros:/home/ubuntu/ros2ws/install/moveit_ros_visualization:/home/ubuntu/ros2ws/install/moveit_hybrid_planning:/home/ubuntu/ros2ws/install/moveit_ros_planning_interface:/home/ubuntu/ros2ws/install/moveit_ros_benchmarks:/home/ubuntu/ros2ws/install/moveit_ros_warehouse:/home/ubuntu/ros2ws/install/moveit_ros_robot_interaction:/home/ubuntu/ros2ws/install/moveit_ros_perception:/home/ubuntu/ros2ws/install/moveit_resources_prbt_pg70_support:/home/ubuntu/ros2ws/install/moveit_resources_prbt_moveit_config:/home/ubuntu/ros2ws/install/moveit_ros_move_group:/home/ubuntu/ros2ws/install/moveit_planners_ompl:/home/ubuntu/ros2ws/install/moveit_ros_planning:/home/ubuntu/ros2ws/install/moveit_ros_occupancy_map_monitor:/home/ubuntu/ros2ws/install/moveit_resources_prbt_ikfast_manipulator_plugin:/home/ubuntu/ros2ws/install/moveit_planners_chomp:/home/ubuntu/ros2ws/install/moveit_kinematics:/home/ubuntu/ros2ws/install/moveit_chomp_optimizer_adapter:/home/ubuntu/ros2ws/install/chomp_motion_planner:/home/ubuntu/ros2ws/install/moveit_core:/home/ubuntu/ros2ws/install/abb_bringup:/home/ubuntu/ros2ws/install/rviz_marker_tools:/home/ubuntu/ros2ws/install/rosparam_shortcuts:/home/ubuntu/ros2ws/install/ros2srrc_ur5_moveit2:/home/ubuntu/ros2ws/install/ros2srrc_ur5_gazebo:/home/ubuntu/ros2ws/install/ros2srrc_ur3_moveit2:/home/ubuntu/ros2ws/install/ros2srrc_ur3_gazebo:/home/ubuntu/ros2ws/install/ros2srrc_ur16e_moveit2:/home/ubuntu/ros2ws/install/ros2srrc_ur16e_gazebo:/home/ubuntu/ros2ws/install/ros2srrc_ur10e_moveit2:/home/ubuntu/ros2ws/install/ros2srrc_ur10e_gazebo:/home/ubuntu/ros2ws/install/ros2srrc_robots:/home/ubuntu/ros2ws/install/ros2srrc_launch:/home/ubuntu/ros2ws/install/ros2srrc_irb6640_moveit2:/home/ubuntu/ros2ws/install/ros2srrc_irb6640_gazebo:/home/ubuntu/ros2ws/install/ros2srrc_irb120_moveit2:/home/ubuntu/ros2ws/install/ros2srrc_irb120_gazebo:/home/ubuntu/ros2ws/install/ros2srrc_irb1200_moveit2:/home/ubuntu/ros2ws/install/ros2srrc_irb1200_gazebo:/home/ubuntu/ros2ws/install/ros2srrc_iiwa_moveit2:/home/ubuntu/ros2ws/install/ros2srrc_iiwa_gazebo:/home/ubuntu/ros2ws/install/ros2srrc_endeffectors:/home/ubuntu/ros2ws/install/ros2srrc_data:/home/ubuntu/ros2ws/install/ros2_robotiqgripper:/home/ubuntu/ros2ws/install/ros2_objectpose:/home/ubuntu/ros2ws/install/ros2_linkpose:/home/ubuntu/ros2ws/install/ros2_linkattacher:/home/ubuntu/ros2ws/install/path_tracer_plugin:/home/ubuntu/ros2ws/install/objectpose_msgs:/home/ubuntu/ros2ws/install/objectpose_gazebo:/home/ubuntu/ros2ws/install/moveit_task_constructor_msgs:/home/ubuntu/ros2ws/install/moveit_resources_prbt_support:/home/ubuntu/ros2ws/install/moveit_resources:/home/ubuntu/ros2ws/install/moveit_resources_fanuc_moveit_config:/home/ubuntu/ros2ws/install/moveit_resources_fanuc_description:/home/ubuntu/ros2ws/install/linkpose_msgs:/home/ubuntu/ros2ws/install/linkpose_gazebo:/home/ubuntu/ros2ws/install/linkattacher_msgs:/home/ubuntu/ros2ws/install/letter_writer:/home/ubuntu/ros2ws/install/gazebo_ros2_control_demos:/home/ubuntu/ros2ws/install/gazebo_ros2_control:/home/ubuntu/ros2ws/install/abb_rws_client:/home/ubuntu/ros2ws/install/abb_ros2:/home/ubuntu/ros2ws/install/abb_robot_msgs:/home/ubuntu/ros2ws/install/abb_resources:/home/ubuntu/ros2ws/install/abb_rapid_sm_addin_msgs:/home/ubuntu/ros2ws/install/abb_rapid_msgs:/home/ubuntu/ros2ws/install/abb_hardware_interface:/home/ubuntu/ros2ws/install/abb_egm_rws_managers:/home/ubuntu/ros2ws/install/abb_librws:/home/ubuntu/ros2ws/install/abb_libegm:/home/ubuntu/ros2ws/install/abb_irb4600_support:/home/ubuntu/ros2ws/install/abb_irb1200_5_90_moveit_config:/home/ubuntu/ros2ws/install/abb_irb1200_support:/home/ubuntu/ros2ws/install/abb_egm_msgs:/home/ubuntu/ros2ws/install/testV1:/home/ubuntu/ros2ws/install/gui_subscriber:/home/ubuntu/ros2ws/install/moveit_configs_utils:/home/ubuntu/ros2ws/install/robot_letter_writer:/home/ubuntu/ros2ws/install/launch_param_builder:/opt/ros/humble LD_LIBRARY_PATH=/home/ubuntu/ros2ws/install/srdfdom/lib:/home/ubuntu/ros2ws/install/pilz_industrial_motion_planner_testutils/lib:/home/ubuntu/ros2ws/install/pilz_industrial_motion_planner/lib:/home/ubuntu/ros2ws/install/moveit_visual_tools/lib:/home/ubuntu/ros2ws/install/moveit_task_constructor_visualization/lib:/home/ubuntu/ros2ws/install/moveit_task_constructor_demo/lib:/home/ubuntu/ros2ws/install/moveit_task_constructor_capabilities/lib:/home/ubuntu/ros2ws/install/moveit_task_constructor_core/lib:/home/ubuntu/ros2ws/install/moveit_ros_control_interface/lib:/home/ubuntu/ros2ws/install/moveit_simple_controller_manager/lib:/home/ubuntu/ros2ws/install/moveit_setup_assistant/lib:/home/ubuntu/ros2ws/install/moveit_setup_srdf_plugins/lib:/home/ubuntu/ros2ws/install/moveit_setup_core_plugins/lib:/home/ubuntu/ros2ws/install/moveit_setup_controllers/lib:/home/ubuntu/ros2ws/install/moveit_setup_app_plugins/lib:/home/ubuntu/ros2ws/install/moveit_setup_framework/lib:/home/ubuntu/ros2ws/install/moveit_servo/lib:/home/ubuntu/ros2ws/install/moveit_ros_visualization/lib:/home/ubuntu/ros2ws/install/moveit_hybrid_planning/lib:/home/ubuntu/ros2ws/install/moveit_ros_planning_interface/lib:/home/ubuntu/ros2ws/install/moveit_ros_benchmarks/lib:/home/ubuntu/ros2ws/install/moveit_ros_warehouse/lib:/home/ubuntu/ros2ws/install/moveit_ros_robot_interaction/lib:/home/ubuntu/ros2ws/install/moveit_ros_perception/lib:/home/ubuntu/ros2ws/install/moveit_ros_move_group/lib:/home/ubuntu/ros2ws/install/moveit_planners_ompl/lib:/home/ubuntu/ros2ws/install/moveit_ros_planning/lib:/home/ubuntu/ros2ws/install/moveit_ros_occupancy_map_monitor/lib:/home/ubuntu/ros2ws/install/moveit_resources_prbt_ikfast_manipulator_plugin/lib:/home/ubuntu/ros2ws/install/moveit_planners_chomp/lib:/home/ubuntu/ros2ws/install/moveit_kinematics/lib:/home/ubuntu/ros2ws/install/moveit_chomp_optimizer_adapter/lib:/home/ubuntu/ros2ws/install/chomp_motion_planner/lib:/home/ubuntu/ros2ws/install/moveit_core/lib:/home/ubuntu/ros2ws/install/rviz_marker_tools/lib:/home/ubuntu/ros2ws/install/rosparam_shortcuts/lib:/home/ubuntu/ros2ws/install/ros2srrc_data/lib:/home/ubuntu/ros2ws/install/ros2_robotiqgripper/lib:/home/ubuntu/ros2ws/install/ros2_objectpose/lib:/home/ubuntu/ros2ws/install/ros2_linkpose/lib:/home/ubuntu/ros2ws/install/ros2_linkattacher/lib:/home/ubuntu/ros2ws/install/objectpose_msgs/lib:/home/ubuntu/ros2ws/install/moveit_task_constructor_msgs/lib:/home/ubuntu/ros2ws/install/linkpose_msgs/lib:/home/ubuntu/ros2ws/install/linkattacher_msgs/lib:/home/ubuntu/ros2ws/install/gazebo_ros2_control/lib:/home/ubuntu/ros2ws/install/abb_robot_msgs/lib:/home/ubuntu/ros2ws/install/abb_rapid_sm_addin_msgs/lib:/home/ubuntu/ros2ws/install/abb_rapid_msgs/lib:/home/ubuntu/ros2ws/install/abb_hardware_interface/lib:/home/ubuntu/ros2ws/install/abb_egm_rws_managers/lib:/home/ubuntu/ros2ws/install/abb_librws/lib:/home/ubuntu/ros2ws/install/abb_libegm/lib:/home/ubuntu/ros2ws/install/abb_egm_msgs/lib:/usr/lib/x86_64-linux-gnu/gazebo-11/plugins:/opt/ros/humble/opt/rviz_ogre_vendor/lib:/opt/ros/humble/lib/x86_64-linux-gnu:/opt/ros/humble/lib /usr/bin/cmake --build /home/ubuntu/ros2ws/build/moveit_core -- -j4 -l4
[0.227s] [  1%] Built target moveit_exceptions
[0.255s] [  2%] Built target moveit_transforms
[0.284s] [  5%] Built target moveit_distance_field
[0.285s] [  5%] Built target moveit_kinematics_base
[0.315s] [  6%] Built target gtest
[0.348s] [  8%] Built target moveit_utils
[0.371s] [  9%] Built target gtest_main
[0.404s] [ 11%] Built target gmock
[0.409s] [ 12%] Built target gmock_main
[0.478s] [ 13%] Built target moveit_smoothing_base
[0.481s] [ 14%] Built target moveit_butterworth_parameters
[0.507s] [ 15%] Built target test_transforms
[0.518s] [ 17%] Built target moveit_version
[0.612s] [ 18%] Built target test_voxel_grid
[0.638s] [ 19%] Built target test_distance_field
[0.639s] [ 26%] Built target moveit_robot_model
[0.771s] [ 29%] Built target moveit_robot_state
[0.814s] [ 30%] Built target moveit_butterworth_filter
[0.822s] [ 31%] Built target moveit_test_utils
[0.915s] [ 32%] Built target moveit_robot_trajectory
[0.937s] [ 38%] Built target moveit_collision_detection
[0.961s] [ 39%] Built target moveit_kinematics_metrics
[0.973s] [ 41%] Built target moveit_dynamics_solver
[1.057s] [ 42%] Built target test_butterworth_filter
[1.093s] [ 43%] Built target test_robot_model
[1.098s] [ 45%] Built target moveit_planning_interface
[1.113s] [ 47%] Built target test_robot_state
[1.170s] [ 48%] Built target test_robot_state_benchmark
[1.208s] [ 49%] Built target test_aabb
[1.209s] [ 50%] Built target test_robot_state_complex
[1.246s] [ 51%] Built target test_cartesian_interpolator
[1.284s] [ 52%] Built target test_robot_trajectory
[1.308s] [ 53%] Built target test_world
[1.319s] [ 55%] Built target test_world_diff
[1.343s] [ 56%] Built target test_all_valid
[1.429s] [ 60%] Built target moveit_trajectory_processing
[1.463s] [ 65%] Built target moveit_collision_detection_bullet
[1.471s] [ 67%] Built target moveit_collision_detection_fcl
[1.559s] [ 68%] Built target test_time_parameterization
[1.567s] [ 70%] Built target test_time_optimal_trajectory_generation
[1.581s] [ 71%] Built target test_bullet_collision_detection
[1.601s] [ 72%] Built target test_ruckig_traj_smoothing
[1.656s] [ 73%] Built target test_bullet_collision_detection_panda
[1.672s] [ 75%] Built target test_bullet_continuous_collision_checking
[1.746s] [ 76%] Built target test_fcl_collision_detection
[1.748s] [ 78%] Built target test_fcl_collision_env
[1.765s] [ 79%] Built target test_fcl_collision_detection_panda
[1.772s] [ 81%] Built target moveit_kinematic_constraints
[1.875s] [ 82%] Built target test_constraints
[1.885s] [ 83%] Built target moveit_planning_scene
[1.905s] [ 84%] Built target test_orientation_constraints
[2.008s] [ 85%] Built target moveit_planning_request_adapter
[2.014s] [ 86%] Built target test_planning_scene
[2.019s] [ 89%] Built target moveit_constraint_samplers
[2.054s] [ 92%] Built target moveit_collision_distance_field
[2.149s] [ 93%] Built target collision_detector_bullet_plugin
[2.155s] [ 94%] Built target test_collision_objects
[2.156s] [ 95%] Built target test_multi_threaded
[2.168s] [ 96%] Built target collision_detector_fcl_plugin
[2.233s] [ 97%] Built target test_collision_distance_field
[2.263s] [100%] Built target test_constraint_samplers
[2.295s] Invoked command in '/home/ubuntu/ros2ws/build/moveit_core' returned '0': CMAKE_PREFIX_PATH=/home/ubuntu/ros2ws/install/moveit_resources_panda_moveit_config:/home/ubuntu/ros2ws/install/srdfdom:/home/ubuntu/ros2ws/install/moveit_resources_pr2_description:/home/ubuntu/ros2ws/install/moveit_resources_panda_description:/home/ubuntu/ros2ws/install/moveit_common:/home/ubuntu/ros2ws/install/testV2:/home/ubuntu/ros2ws/install/ros2srrc_execution:/home/ubuntu/ros2ws/install/pilz_industrial_motion_planner_testutils:/home/ubuntu/ros2ws/install/moveit_runtime:/home/ubuntu/ros2ws/install/moveit2_tutorials:/home/ubuntu/ros2ws/install/moveit:/home/ubuntu/ros2ws/install/moveit_planners:/home/ubuntu/ros2ws/install/pilz_industrial_motion_planner:/home/ubuntu/ros2ws/install/moveit_visual_tools:/home/ubuntu/ros2ws/install/moveit_task_constructor_visualization:/home/ubuntu/ros2ws/install/moveit_task_constructor_demo:/home/ubuntu/ros2ws/install/moveit_task_constructor_capabilities:/home/ubuntu/ros2ws/install/moveit_task_constructor_core:/home/ubuntu/ros2ws/install/moveit_ros_control_interface:/home/ubuntu/ros2ws/install/moveit_plugins:/home/ubuntu/ros2ws/install/moveit_simple_controller_manager:/home/ubuntu/ros2ws/install/moveit_setup_assistant:/home/ubuntu/ros2ws/install/moveit_setup_srdf_plugins:/home/ubuntu/ros2ws/install/moveit_setup_core_plugins:/home/ubuntu/ros2ws/install/moveit_setup_controllers:/home/ubuntu/ros2ws/install/moveit_setup_app_plugins:/home/ubuntu/ros2ws/install/moveit_setup_framework:/home/ubuntu/ros2ws/install/moveit_servo:/home/ubuntu/ros2ws/install/moveit_ros:/home/ubuntu/ros2ws/install/moveit_ros_visualization:/home/ubuntu/ros2ws/install/moveit_hybrid_planning:/home/ubuntu/ros2ws/install/moveit_ros_planning_interface:/home/ubuntu/ros2ws/install/moveit_ros_benchmarks:/home/ubuntu/ros2ws/install/moveit_ros_warehouse:/home/ubuntu/ros2ws/install/moveit_ros_robot_interaction:/home/ubuntu/ros2ws/install/moveit_ros_perception:/home/ubuntu/ros2ws/install/moveit_resources_prbt_pg70_support:/home/ubuntu/ros2ws/install/moveit_resources_prbt_moveit_config:/home/ubuntu/ros2ws/install/moveit_ros_move_group:/home/ubuntu/ros2ws/install/moveit_planners_ompl:/home/ubuntu/ros2ws/install/moveit_ros_planning:/home/ubuntu/ros2ws/install/moveit_ros_occupancy_map_monitor:/home/ubuntu/ros2ws/install/moveit_resources_prbt_ikfast_manipulator_plugin:/home/ubuntu/ros2ws/install/moveit_planners_chomp:/home/ubuntu/ros2ws/install/moveit_kinematics:/home/ubuntu/ros2ws/install/moveit_chomp_optimizer_adapter:/home/ubuntu/ros2ws/install/chomp_motion_planner:/home/ubuntu/ros2ws/install/moveit_core:/home/ubuntu/ros2ws/install/abb_bringup:/home/ubuntu/ros2ws/install/rviz_marker_tools:/home/ubuntu/ros2ws/install/rosparam_shortcuts:/home/ubuntu/ros2ws/install/ros2srrc_ur5_moveit2:/home/ubuntu/ros2ws/install/ros2srrc_ur5_gazebo:/home/ubuntu/ros2ws/install/ros2srrc_ur3_moveit2:/home/ubuntu/ros2ws/install/ros2srrc_ur3_gazebo:/home/ubuntu/ros2ws/install/ros2srrc_ur16e_moveit2:/home/ubuntu/ros2ws/install/ros2srrc_ur16e_gazebo:/home/ubuntu/ros2ws/install/ros2srrc_ur10e_moveit2:/home/ubuntu/ros2ws/install/ros2srrc_ur10e_gazebo:/home/ubuntu/ros2ws/install/ros2srrc_robots:/home/ubuntu/ros2ws/install/ros2srrc_launch:/home/ubuntu/ros2ws/install/ros2srrc_irb6640_moveit2:/home/ubuntu/ros2ws/install/ros2srrc_irb6640_gazebo:/home/ubuntu/ros2ws/install/ros2srrc_irb120_moveit2:/home/ubuntu/ros2ws/install/ros2srrc_irb120_gazebo:/home/ubuntu/ros2ws/install/ros2srrc_irb1200_moveit2:/home/ubuntu/ros2ws/install/ros2srrc_irb1200_gazebo:/home/ubuntu/ros2ws/install/ros2srrc_iiwa_moveit2:/home/ubuntu/ros2ws/install/ros2srrc_iiwa_gazebo:/home/ubuntu/ros2ws/install/ros2srrc_endeffectors:/home/ubuntu/ros2ws/install/ros2srrc_data:/home/ubuntu/ros2ws/install/ros2_robotiqgripper:/home/ubuntu/ros2ws/install/ros2_objectpose:/home/ubuntu/ros2ws/install/ros2_linkpose:/home/ubuntu/ros2ws/install/ros2_linkattacher:/home/ubuntu/ros2ws/install/path_tracer_plugin:/home/ubuntu/ros2ws/install/objectpose_msgs:/home/ubuntu/ros2ws/install/objectpose_gazebo:/home/ubuntu/ros2ws/install/moveit_task_constructor_msgs:/home/ubuntu/ros2ws/install/moveit_resources_prbt_support:/home/ubuntu/ros2ws/install/moveit_resources:/home/ubuntu/ros2ws/install/moveit_resources_fanuc_moveit_config:/home/ubuntu/ros2ws/install/moveit_resources_fanuc_description:/home/ubuntu/ros2ws/install/linkpose_msgs:/home/ubuntu/ros2ws/install/linkpose_gazebo:/home/ubuntu/ros2ws/install/linkattacher_msgs:/home/ubuntu/ros2ws/install/letter_writer:/home/ubuntu/ros2ws/install/gazebo_ros2_control_demos:/home/ubuntu/ros2ws/install/gazebo_ros2_control:/home/ubuntu/ros2ws/install/abb_rws_client:/home/ubuntu/ros2ws/install/abb_ros2:/home/ubuntu/ros2ws/install/abb_robot_msgs:/home/ubuntu/ros2ws/install/abb_resources:/home/ubuntu/ros2ws/install/abb_rapid_sm_addin_msgs:/home/ubuntu/ros2ws/install/abb_rapid_msgs:/home/ubuntu/ros2ws/install/abb_hardware_interface:/home/ubuntu/ros2ws/install/abb_egm_rws_managers:/home/ubuntu/ros2ws/install/abb_librws:/home/ubuntu/ros2ws/install/abb_libegm:/home/ubuntu/ros2ws/install/abb_irb4600_support:/home/ubuntu/ros2ws/install/abb_irb1200_5_90_moveit_config:/home/ubuntu/ros2ws/install/abb_irb1200_support:/home/ubuntu/ros2ws/install/abb_egm_msgs:/home/ubuntu/ros2ws/install/testV1:/home/ubuntu/ros2ws/install/gui_subscriber:/home/ubuntu/ros2ws/install/moveit_configs_utils:/home/ubuntu/ros2ws/install/robot_letter_writer:/home/ubuntu/ros2ws/install/launch_param_builder:/opt/ros/humble LD_LIBRARY_PATH=/home/ubuntu/ros2ws/install/srdfdom/lib:/home/ubuntu/ros2ws/install/pilz_industrial_motion_planner_testutils/lib:/home/ubuntu/ros2ws/install/pilz_industrial_motion_planner/lib:/home/ubuntu/ros2ws/install/moveit_visual_tools/lib:/home/ubuntu/ros2ws/install/moveit_task_constructor_visualization/lib:/home/ubuntu/ros2ws/install/moveit_task_constructor_demo/lib:/home/ubuntu/ros2ws/install/moveit_task_constructor_capabilities/lib:/home/ubuntu/ros2ws/install/moveit_task_constructor_core/lib:/home/ubuntu/ros2ws/install/moveit_ros_control_interface/lib:/home/ubuntu/ros2ws/install/moveit_simple_controller_manager/lib:/home/ubuntu/ros2ws/install/moveit_setup_assistant/lib:/home/ubuntu/ros2ws/install/moveit_setup_srdf_plugins/lib:/home/ubuntu/ros2ws/install/moveit_setup_core_plugins/lib:/home/ubuntu/ros2ws/install/moveit_setup_controllers/lib:/home/ubuntu/ros2ws/install/moveit_setup_app_plugins/lib:/home/ubuntu/ros2ws/install/moveit_setup_framework/lib:/home/ubuntu/ros2ws/install/moveit_servo/lib:/home/ubuntu/ros2ws/install/moveit_ros_visualization/lib:/home/ubuntu/ros2ws/install/moveit_hybrid_planning/lib:/home/ubuntu/ros2ws/install/moveit_ros_planning_interface/lib:/home/ubuntu/ros2ws/install/moveit_ros_benchmarks/lib:/home/ubuntu/ros2ws/install/moveit_ros_warehouse/lib:/home/ubuntu/ros2ws/install/moveit_ros_robot_interaction/lib:/home/ubuntu/ros2ws/install/moveit_ros_perception/lib:/home/ubuntu/ros2ws/install/moveit_ros_move_group/lib:/home/ubuntu/ros2ws/install/moveit_planners_ompl/lib:/home/ubuntu/ros2ws/install/moveit_ros_planning/lib:/home/ubuntu/ros2ws/install/moveit_ros_occupancy_map_monitor/lib:/home/ubuntu/ros2ws/install/moveit_resources_prbt_ikfast_manipulator_plugin/lib:/home/ubuntu/ros2ws/install/moveit_planners_chomp/lib:/home/ubuntu/ros2ws/install/moveit_kinematics/lib:/home/ubuntu/ros2ws/install/moveit_chomp_optimizer_adapter/lib:/home/ubuntu/ros2ws/install/chomp_motion_planner/lib:/home/ubuntu/ros2ws/install/moveit_core/lib:/home/ubuntu/ros2ws/install/rviz_marker_tools/lib:/home/ubuntu/ros2ws/install/rosparam_shortcuts/lib:/home/ubuntu/ros2ws/install/ros2srrc_data/lib:/home/ubuntu/ros2ws/install/ros2_robotiqgripper/lib:/home/ubuntu/ros2ws/install/ros2_objectpose/lib:/home/ubuntu/ros2ws/install/ros2_linkpose/lib:/home/ubuntu/ros2ws/install/ros2_linkattacher/lib:/home/ubuntu/ros2ws/install/objectpose_msgs/lib:/home/ubuntu/ros2ws/install/moveit_task_constructor_msgs/lib:/home/ubuntu/ros2ws/install/linkpose_msgs/lib:/home/ubuntu/ros2ws/install/linkattacher_msgs/lib:/home/ubuntu/ros2ws/install/gazebo_ros2_control/lib:/home/ubuntu/ros2ws/install/abb_robot_msgs/lib:/home/ubuntu/ros2ws/install/abb_rapid_sm_addin_msgs/lib:/home/ubuntu/ros2ws/install/abb_rapid_msgs/lib:/home/ubuntu/ros2ws/install/abb_hardware_interface/lib:/home/ubuntu/ros2ws/install/abb_egm_rws_managers/lib:/home/ubuntu/ros2ws/install/abb_librws/lib:/home/ubuntu/ros2ws/install/abb_libegm/lib:/home/ubuntu/ros2ws/install/abb_egm_msgs/lib:/usr/lib/x86_64-linux-gnu/gazebo-11/plugins:/opt/ros/humble/opt/rviz_ogre_vendor/lib:/opt/ros/humble/lib/x86_64-linux-gnu:/opt/ros/humble/lib /usr/bin/cmake --build /home/ubuntu/ros2ws/build/moveit_core -- -j4 -l4
[2.564s] Invoking command in '/home/ubuntu/ros2ws/build/moveit_core': CMAKE_PREFIX_PATH=/home/ubuntu/ros2ws/install/moveit_resources_panda_moveit_config:/home/ubuntu/ros2ws/install/srdfdom:/home/ubuntu/ros2ws/install/moveit_resources_pr2_description:/home/ubuntu/ros2ws/install/moveit_resources_panda_description:/home/ubuntu/ros2ws/install/moveit_common:/home/ubuntu/ros2ws/install/testV2:/home/ubuntu/ros2ws/install/ros2srrc_execution:/home/ubuntu/ros2ws/install/pilz_industrial_motion_planner_testutils:/home/ubuntu/ros2ws/install/moveit_runtime:/home/ubuntu/ros2ws/install/moveit2_tutorials:/home/ubuntu/ros2ws/install/moveit:/home/ubuntu/ros2ws/install/moveit_planners:/home/ubuntu/ros2ws/install/pilz_industrial_motion_planner:/home/ubuntu/ros2ws/install/moveit_visual_tools:/home/ubuntu/ros2ws/install/moveit_task_constructor_visualization:/home/ubuntu/ros2ws/install/moveit_task_constructor_demo:/home/ubuntu/ros2ws/install/moveit_task_constructor_capabilities:/home/ubuntu/ros2ws/install/moveit_task_constructor_core:/home/ubuntu/ros2ws/install/moveit_ros_control_interface:/home/ubuntu/ros2ws/install/moveit_plugins:/home/ubuntu/ros2ws/install/moveit_simple_controller_manager:/home/ubuntu/ros2ws/install/moveit_setup_assistant:/home/ubuntu/ros2ws/install/moveit_setup_srdf_plugins:/home/ubuntu/ros2ws/install/moveit_setup_core_plugins:/home/ubuntu/ros2ws/install/moveit_setup_controllers:/home/ubuntu/ros2ws/install/moveit_setup_app_plugins:/home/ubuntu/ros2ws/install/moveit_setup_framework:/home/ubuntu/ros2ws/install/moveit_servo:/home/ubuntu/ros2ws/install/moveit_ros:/home/ubuntu/ros2ws/install/moveit_ros_visualization:/home/ubuntu/ros2ws/install/moveit_hybrid_planning:/home/ubuntu/ros2ws/install/moveit_ros_planning_interface:/home/ubuntu/ros2ws/install/moveit_ros_benchmarks:/home/ubuntu/ros2ws/install/moveit_ros_warehouse:/home/ubuntu/ros2ws/install/moveit_ros_robot_interaction:/home/ubuntu/ros2ws/install/moveit_ros_perception:/home/ubuntu/ros2ws/install/moveit_resources_prbt_pg70_support:/home/ubuntu/ros2ws/install/moveit_resources_prbt_moveit_config:/home/ubuntu/ros2ws/install/moveit_ros_move_group:/home/ubuntu/ros2ws/install/moveit_planners_ompl:/home/ubuntu/ros2ws/install/moveit_ros_planning:/home/ubuntu/ros2ws/install/moveit_ros_occupancy_map_monitor:/home/ubuntu/ros2ws/install/moveit_resources_prbt_ikfast_manipulator_plugin:/home/ubuntu/ros2ws/install/moveit_planners_chomp:/home/ubuntu/ros2ws/install/moveit_kinematics:/home/ubuntu/ros2ws/install/moveit_chomp_optimizer_adapter:/home/ubuntu/ros2ws/install/chomp_motion_planner:/home/ubuntu/ros2ws/install/moveit_core:/home/ubuntu/ros2ws/install/abb_bringup:/home/ubuntu/ros2ws/install/rviz_marker_tools:/home/ubuntu/ros2ws/install/rosparam_shortcuts:/home/ubuntu/ros2ws/install/ros2srrc_ur5_moveit2:/home/ubuntu/ros2ws/install/ros2srrc_ur5_gazebo:/home/ubuntu/ros2ws/install/ros2srrc_ur3_moveit2:/home/ubuntu/ros2ws/install/ros2srrc_ur3_gazebo:/home/ubuntu/ros2ws/install/ros2srrc_ur16e_moveit2:/home/ubuntu/ros2ws/install/ros2srrc_ur16e_gazebo:/home/ubuntu/ros2ws/install/ros2srrc_ur10e_moveit2:/home/ubuntu/ros2ws/install/ros2srrc_ur10e_gazebo:/home/ubuntu/ros2ws/install/ros2srrc_robots:/home/ubuntu/ros2ws/install/ros2srrc_launch:/home/ubuntu/ros2ws/install/ros2srrc_irb6640_moveit2:/home/ubuntu/ros2ws/install/ros2srrc_irb6640_gazebo:/home/ubuntu/ros2ws/install/ros2srrc_irb120_moveit2:/home/ubuntu/ros2ws/install/ros2srrc_irb120_gazebo:/home/ubuntu/ros2ws/install/ros2srrc_irb1200_moveit2:/home/ubuntu/ros2ws/install/ros2srrc_irb1200_gazebo:/home/ubuntu/ros2ws/install/ros2srrc_iiwa_moveit2:/home/ubuntu/ros2ws/install/ros2srrc_iiwa_gazebo:/home/ubuntu/ros2ws/install/ros2srrc_endeffectors:/home/ubuntu/ros2ws/install/ros2srrc_data:/home/ubuntu/ros2ws/install/ros2_robotiqgripper:/home/ubuntu/ros2ws/install/ros2_objectpose:/home/ubuntu/ros2ws/install/ros2_linkpose:/home/ubuntu/ros2ws/install/ros2_linkattacher:/home/ubuntu/ros2ws/install/path_tracer_plugin:/home/ubuntu/ros2ws/install/objectpose_msgs:/home/ubuntu/ros2ws/install/objectpose_gazebo:/home/ubuntu/ros2ws/install/moveit_task_constructor_msgs:/home/ubuntu/ros2ws/install/moveit_resources_prbt_support:/home/ubuntu/ros2ws/install/moveit_resources:/home/ubuntu/ros2ws/install/moveit_resources_fanuc_moveit_config:/home/ubuntu/ros2ws/install/moveit_resources_fanuc_description:/home/ubuntu/ros2ws/install/linkpose_msgs:/home/ubuntu/ros2ws/install/linkpose_gazebo:/home/ubuntu/ros2ws/install/linkattacher_msgs:/home/ubuntu/ros2ws/install/letter_writer:/home/ubuntu/ros2ws/install/gazebo_ros2_control_demos:/home/ubuntu/ros2ws/install/gazebo_ros2_control:/home/ubuntu/ros2ws/install/abb_rws_client:/home/ubuntu/ros2ws/install/abb_ros2:/home/ubuntu/ros2ws/install/abb_robot_msgs:/home/ubuntu/ros2ws/install/abb_resources:/home/ubuntu/ros2ws/install/abb_rapid_sm_addin_msgs:/home/ubuntu/ros2ws/install/abb_rapid_msgs:/home/ubuntu/ros2ws/install/abb_hardware_interface:/home/ubuntu/ros2ws/install/abb_egm_rws_managers:/home/ubuntu/ros2ws/install/abb_librws:/home/ubuntu/ros2ws/install/abb_libegm:/home/ubuntu/ros2ws/install/abb_irb4600_support:/home/ubuntu/ros2ws/install/abb_irb1200_5_90_moveit_config:/home/ubuntu/ros2ws/install/abb_irb1200_support:/home/ubuntu/ros2ws/install/abb_egm_msgs:/home/ubuntu/ros2ws/install/testV1:/home/ubuntu/ros2ws/install/gui_subscriber:/home/ubuntu/ros2ws/install/moveit_configs_utils:/home/ubuntu/ros2ws/install/robot_letter_writer:/home/ubuntu/ros2ws/install/launch_param_builder:/opt/ros/humble LD_LIBRARY_PATH=/home/ubuntu/ros2ws/install/srdfdom/lib:/home/ubuntu/ros2ws/install/pilz_industrial_motion_planner_testutils/lib:/home/ubuntu/ros2ws/install/pilz_industrial_motion_planner/lib:/home/ubuntu/ros2ws/install/moveit_visual_tools/lib:/home/ubuntu/ros2ws/install/moveit_task_constructor_visualization/lib:/home/ubuntu/ros2ws/install/moveit_task_constructor_demo/lib:/home/ubuntu/ros2ws/install/moveit_task_constructor_capabilities/lib:/home/ubuntu/ros2ws/install/moveit_task_constructor_core/lib:/home/ubuntu/ros2ws/install/moveit_ros_control_interface/lib:/home/ubuntu/ros2ws/install/moveit_simple_controller_manager/lib:/home/ubuntu/ros2ws/install/moveit_setup_assistant/lib:/home/ubuntu/ros2ws/install/moveit_setup_srdf_plugins/lib:/home/ubuntu/ros2ws/install/moveit_setup_core_plugins/lib:/home/ubuntu/ros2ws/install/moveit_setup_controllers/lib:/home/ubuntu/ros2ws/install/moveit_setup_app_plugins/lib:/home/ubuntu/ros2ws/install/moveit_setup_framework/lib:/home/ubuntu/ros2ws/install/moveit_servo/lib:/home/ubuntu/ros2ws/install/moveit_ros_visualization/lib:/home/ubuntu/ros2ws/install/moveit_hybrid_planning/lib:/home/ubuntu/ros2ws/install/moveit_ros_planning_interface/lib:/home/ubuntu/ros2ws/install/moveit_ros_benchmarks/lib:/home/ubuntu/ros2ws/install/moveit_ros_warehouse/lib:/home/ubuntu/ros2ws/install/moveit_ros_robot_interaction/lib:/home/ubuntu/ros2ws/install/moveit_ros_perception/lib:/home/ubuntu/ros2ws/install/moveit_ros_move_group/lib:/home/ubuntu/ros2ws/install/moveit_planners_ompl/lib:/home/ubuntu/ros2ws/install/moveit_ros_planning/lib:/home/ubuntu/ros2ws/install/moveit_ros_occupancy_map_monitor/lib:/home/ubuntu/ros2ws/install/moveit_resources_prbt_ikfast_manipulator_plugin/lib:/home/ubuntu/ros2ws/install/moveit_planners_chomp/lib:/home/ubuntu/ros2ws/install/moveit_kinematics/lib:/home/ubuntu/ros2ws/install/moveit_chomp_optimizer_adapter/lib:/home/ubuntu/ros2ws/install/chomp_motion_planner/lib:/home/ubuntu/ros2ws/install/moveit_core/lib:/home/ubuntu/ros2ws/install/rviz_marker_tools/lib:/home/ubuntu/ros2ws/install/rosparam_shortcuts/lib:/home/ubuntu/ros2ws/install/ros2srrc_data/lib:/home/ubuntu/ros2ws/install/ros2_robotiqgripper/lib:/home/ubuntu/ros2ws/install/ros2_objectpose/lib:/home/ubuntu/ros2ws/install/ros2_linkpose/lib:/home/ubuntu/ros2ws/install/ros2_linkattacher/lib:/home/ubuntu/ros2ws/install/objectpose_msgs/lib:/home/ubuntu/ros2ws/install/moveit_task_constructor_msgs/lib:/home/ubuntu/ros2ws/install/linkpose_msgs/lib:/home/ubuntu/ros2ws/install/linkattacher_msgs/lib:/home/ubuntu/ros2ws/install/gazebo_ros2_control/lib:/home/ubuntu/ros2ws/install/abb_robot_msgs/lib:/home/ubuntu/ros2ws/install/abb_rapid_sm_addin_msgs/lib:/home/ubuntu/ros2ws/install/abb_rapid_msgs/lib:/home/ubuntu/ros2ws/install/abb_hardware_interface/lib:/home/ubuntu/ros2ws/install/abb_egm_rws_managers/lib:/home/ubuntu/ros2ws/install/abb_librws/lib:/home/ubuntu/ros2ws/install/abb_libegm/lib:/home/ubuntu/ros2ws/install/abb_egm_msgs/lib:/usr/lib/x86_64-linux-gnu/gazebo-11/plugins:/opt/ros/humble/opt/rviz_ogre_vendor/lib:/opt/ros/humble/lib/x86_64-linux-gnu:/opt/ros/humble/lib /usr/bin/cmake --install /home/ubuntu/ros2ws/build/moveit_core
[2.588s] -- Install configuration: "Release"
[2.589s] -- Up-to-date: /home/ubuntu/ros2ws/install/moveit_core/include/moveit/version.h
[2.589s] -- Up-to-date: /home/ubuntu/ros2ws/install/moveit_core/include
[2.590s] -- Up-to-date: /home/ubuntu/ros2ws/install/moveit_core/include/moveit
[2.591s] -- Up-to-date: /home/ubuntu/ros2ws/install/moveit_core/include/moveit/collision_distance_field
[2.592s] -- Up-to-date: /home/ubuntu/ros2ws/install/moveit_core/include/moveit/collision_distance_field/collision_distance_field_types.h
[2.596s] -- Up-to-date: /home/ubuntu/ros2ws/install/moveit_core/include/moveit/collision_distance_field/collision_detector_allocator_hybrid.h
[2.598s] -- Up-to-date: /home/ubuntu/ros2ws/install/moveit_core/include/moveit/collision_distance_field/collision_common_distance_field.h
[2.598s] -- Up-to-date: /home/ubuntu/ros2ws/install/moveit_core/include/moveit/collision_distance_field/collision_env_hybrid.h
[2.598s] -- Up-to-date: /home/ubuntu/ros2ws/install/moveit_core/include/moveit/collision_distance_field/collision_env_distance_field.h
[2.598s] -- Up-to-date: /home/ubuntu/ros2ws/install/moveit_core/include/moveit/collision_distance_field/collision_detector_allocator_distance_field.h
[2.598s] -- Up-to-date: /home/ubuntu/ros2ws/install/moveit_core/include/moveit_collision_distance_field_export.h
[2.599s] -- Up-to-date: /home/ubuntu/ros2ws/install/moveit_core/include
[2.600s] -- Up-to-date: /home/ubuntu/ros2ws/install/moveit_core/include/moveit
[2.600s] -- Up-to-date: /home/ubuntu/ros2ws/install/moveit_core/include/moveit/constraint_samplers
[2.600s] -- Up-to-date: /home/ubuntu/ros2ws/install/moveit_core/include/moveit/constraint_samplers/default_constraint_samplers.h
[2.602s] -- Up-to-date: /home/ubuntu/ros2ws/install/moveit_core/include/moveit/constraint_samplers/constraint_sampler.h
[2.603s] -- Up-to-date: /home/ubuntu/ros2ws/install/moveit_core/include/moveit/constraint_samplers/constraint_sampler_manager.h
[2.603s] -- Up-to-date: /home/ubuntu/ros2ws/install/moveit_core/include/moveit/constraint_samplers/constraint_sampler_tools.h
[2.603s] -- Up-to-date: /home/ubuntu/ros2ws/install/moveit_core/include/moveit/constraint_samplers/union_constraint_sampler.h
[2.604s] -- Up-to-date: /home/ubuntu/ros2ws/install/moveit_core/include/moveit/constraint_samplers/constraint_sampler_allocator.h
[2.605s] -- Up-to-date: /home/ubuntu/ros2ws/install/moveit_core/include
[2.605s] -- Up-to-date: /home/ubuntu/ros2ws/install/moveit_core/include/moveit
[2.605s] -- Up-to-date: /home/ubuntu/ros2ws/install/moveit_core/include/moveit/controller_manager
[2.606s] -- Up-to-date: /home/ubuntu/ros2ws/install/moveit_core/include/moveit/controller_manager/controller_manager.h
[2.606s] -- Up-to-date: /home/ubuntu/ros2ws/install/moveit_core/include
[2.607s] -- Up-to-date: /home/ubuntu/ros2ws/install/moveit_core/include/moveit
[2.608s] -- Up-to-date: /home/ubuntu/ros2ws/install/moveit_core/include/moveit/distance_field
[2.608s] -- Up-to-date: /home/ubuntu/ros2ws/install/moveit_core/include/moveit/distance_field/voxel_grid.h
[2.609s] -- Up-to-date: /home/ubuntu/ros2ws/install/moveit_core/include/moveit/distance_field/propagation_distance_field.h
[2.609s] -- Up-to-date: /home/ubuntu/ros2ws/install/moveit_core/include/moveit/distance_field/find_internal_points.h
[2.609s] -- Up-to-date: /home/ubuntu/ros2ws/install/moveit_core/include/moveit/distance_field/distance_field.h
[2.609s] -- Up-to-date: /home/ubuntu/ros2ws/install/moveit_core/include
[2.609s] -- Up-to-date: /home/ubuntu/ros2ws/install/moveit_core/include/moveit
[2.609s] -- Up-to-date: /home/ubuntu/ros2ws/install/moveit_core/include/moveit/dynamics_solver
[2.609s] -- Up-to-date: /home/ubuntu/ros2ws/install/moveit_core/include/moveit/dynamics_solver/dynamics_solver.h
[2.610s] -- Up-to-date: /home/ubuntu/ros2ws/install/moveit_core/include
[2.610s] -- Up-to-date: /home/ubuntu/ros2ws/install/moveit_core/include/moveit
[2.610s] -- Up-to-date: /home/ubuntu/ros2ws/install/moveit_core/include/moveit/exceptions
[2.610s] -- Up-to-date: /home/ubuntu/ros2ws/install/moveit_core/include/moveit/exceptions/exceptions.h
[2.610s] -- Up-to-date: /home/ubuntu/ros2ws/install/moveit_core/include
[2.613s] -- Up-to-date: /home/ubuntu/ros2ws/install/moveit_core/include/moveit
[2.613s] -- Up-to-date: /home/ubuntu/ros2ws/install/moveit_core/include/moveit/kinematics_base
[2.614s] -- Up-to-date: /home/ubuntu/ros2ws/install/moveit_core/include/moveit/kinematics_base/kinematics_base.h
[2.615s] -- Up-to-date: /home/ubuntu/ros2ws/install/moveit_core/include/moveit_kinematics_base_export.h
[2.615s] -- Up-to-date: /home/ubuntu/ros2ws/install/moveit_core/include
[2.615s] -- Up-to-date: /home/ubuntu/ros2ws/install/moveit_core/include/moveit
[2.615s] -- Up-to-date: /home/ubuntu/ros2ws/install/moveit_core/include/moveit/kinematic_constraints
[2.615s] -- Up-to-date: /home/ubuntu/ros2ws/install/moveit_core/include/moveit/kinematic_constraints/utils.h
[2.617s] -- Up-to-date: /home/ubuntu/ros2ws/install/moveit_core/include/moveit/kinematic_constraints/kinematic_constraint.h
[2.617s] -- Up-to-date: /home/ubuntu/ros2ws/install/moveit_core/include
[2.618s] -- Up-to-date: /home/ubuntu/ros2ws/install/moveit_core/include/moveit
[2.618s] -- Up-to-date: /home/ubuntu/ros2ws/install/moveit_core/include/moveit/kinematics_metrics
[2.618s] -- Up-to-date: /home/ubuntu/ros2ws/install/moveit_core/include/moveit/kinematics_metrics/kinematics_metrics.h
[2.618s] -- Up-to-date: /home/ubuntu/ros2ws/install/moveit_core/include
[2.618s] -- Up-to-date: /home/ubuntu/ros2ws/install/moveit_core/include/moveit
[2.619s] -- Up-to-date: /home/ubuntu/ros2ws/install/moveit_core/include/moveit/macros
[2.619s] -- Up-to-date: /home/ubuntu/ros2ws/install/moveit_core/include/moveit/macros/console_colors.h
[2.619s] -- Up-to-date: /home/ubuntu/ros2ws/install/moveit_core/include/moveit/macros/declare_ptr.h
[2.619s] -- Up-to-date: /home/ubuntu/ros2ws/install/moveit_core/include/moveit/macros/class_forward.h
[2.620s] -- Up-to-date: /home/ubuntu/ros2ws/install/moveit_core/include/moveit/macros/deprecation.h
[2.620s] -- Up-to-date: /home/ubuntu/ros2ws/install/moveit_core/include/moveit_butterworth_parameters
[2.622s] -- Up-to-date: /home/ubuntu/ros2ws/install/moveit_core/include/moveit_butterworth_parameters/moveit_butterworth_parameters.hpp
[2.622s] -- Up-to-date: /home/ubuntu/ros2ws/install/moveit_core/include
[2.622s] -- Up-to-date: /home/ubuntu/ros2ws/install/moveit_core/include/moveit
[2.622s] -- Up-to-date: /home/ubuntu/ros2ws/install/moveit_core/include/moveit/online_signal_smoothing
[2.623s] -- Up-to-date: /home/ubuntu/ros2ws/install/moveit_core/include/moveit/online_signal_smoothing/smoothing_base_class.h
[2.625s] -- Up-to-date: /home/ubuntu/ros2ws/install/moveit_core/include/moveit/online_signal_smoothing/butterworth_filter.h
[2.625s] -- Up-to-date: /home/ubuntu/ros2ws/install/moveit_core/include/moveit_smoothing_base_export.h
[2.625s] -- Up-to-date: /home/ubuntu/ros2ws/install/moveit_core/include/moveit_butterworth_filter_export.h
[2.625s] -- Up-to-date: /home/ubuntu/ros2ws/install/moveit_core/include
[2.625s] -- Up-to-date: /home/ubuntu/ros2ws/install/moveit_core/include/moveit
[2.626s] -- Up-to-date: /home/ubuntu/ros2ws/install/moveit_core/include/moveit/planning_interface
[2.626s] -- Up-to-date: /home/ubuntu/ros2ws/install/moveit_core/include/moveit/planning_interface/planning_request.h
[2.626s] -- Up-to-date: /home/ubuntu/ros2ws/install/moveit_core/include/moveit/planning_interface/planning_interface.h
[2.626s] -- Up-to-date: /home/ubuntu/ros2ws/install/moveit_core/include/moveit/planning_interface/planning_response.h
[2.627s] -- Up-to-date: /home/ubuntu/ros2ws/install/moveit_core/include
[2.627s] -- Up-to-date: /home/ubuntu/ros2ws/install/moveit_core/include/moveit
[2.627s] -- Up-to-date: /home/ubuntu/ros2ws/install/moveit_core/include/moveit/planning_request_adapter
[2.627s] -- Up-to-date: /home/ubuntu/ros2ws/install/moveit_core/include/moveit/planning_request_adapter/planning_request_adapter.h
[2.627s] -- Up-to-date: /home/ubuntu/ros2ws/install/moveit_core/include
[2.627s] -- Up-to-date: /home/ubuntu/ros2ws/install/moveit_core/include/moveit
[2.629s] -- Up-to-date: /home/ubuntu/ros2ws/install/moveit_core/include/moveit/planning_scene
[2.630s] -- Up-to-date: /home/ubuntu/ros2ws/install/moveit_core/include/moveit/planning_scene/planning_scene.h
[2.630s] -- Up-to-date: /home/ubuntu/ros2ws/install/moveit_core/include/moveit_planning_scene_export.h
[2.631s] -- Up-to-date: /home/ubuntu/ros2ws/install/moveit_core/include
[2.632s] -- Up-to-date: /home/ubuntu/ros2ws/install/moveit_core/include/moveit
[2.632s] -- Up-to-date: /home/ubuntu/ros2ws/install/moveit_core/include/moveit/robot_model
[2.632s] -- Up-to-date: /home/ubuntu/ros2ws/install/moveit_core/include/moveit/robot_model/prismatic_joint_model.h
[2.632s] -- Up-to-date: /home/ubuntu/ros2ws/install/moveit_core/include/moveit/robot_model/fixed_joint_model.h
[2.632s] -- Up-to-date: /home/ubuntu/ros2ws/install/moveit_core/include/moveit/robot_model/robot_model.h
[2.633s] -- Up-to-date: /home/ubuntu/ros2ws/install/moveit_core/include/moveit/robot_model/link_model.h
[2.633s] -- Up-to-date: /home/ubuntu/ros2ws/install/moveit_core/include/moveit/robot_model/revolute_joint_model.h
[2.633s] -- Up-to-date: /home/ubuntu/ros2ws/install/moveit_core/include/moveit/robot_model/floating_joint_model.h
[2.633s] -- Up-to-date: /home/ubuntu/ros2ws/install/moveit_core/include/moveit/robot_model/joint_model.h
[2.633s] -- Up-to-date: /home/ubuntu/ros2ws/install/moveit_core/include/moveit/robot_model/planar_joint_model.h
[2.633s] -- Up-to-date: /home/ubuntu/ros2ws/install/moveit_core/include/moveit/robot_model/aabb.h
[2.633s] -- Up-to-date: /home/ubuntu/ros2ws/install/moveit_core/include/moveit/robot_model/joint_model_group.h
[2.633s] -- Up-to-date: /home/ubuntu/ros2ws/install/moveit_core/include
[2.633s] -- Up-to-date: /home/ubuntu/ros2ws/install/moveit_core/include/moveit
[2.633s] -- Up-to-date: /home/ubuntu/ros2ws/install/moveit_core/include/moveit/robot_state
[2.633s] -- Up-to-date: /home/ubuntu/ros2ws/install/moveit_core/include/moveit/robot_state/robot_state.h
[2.634s] -- Up-to-date: /home/ubuntu/ros2ws/install/moveit_core/include/moveit/robot_state/cartesian_interpolator.h
[2.634s] -- Up-to-date: /home/ubuntu/ros2ws/install/moveit_core/include/moveit/robot_state/conversions.h
[2.634s] -- Up-to-date: /home/ubuntu/ros2ws/install/moveit_core/include/moveit/robot_state/attached_body.h
[2.634s] -- Up-to-date: /home/ubuntu/ros2ws/install/moveit_core/include
[2.635s] -- Up-to-date: /home/ubuntu/ros2ws/install/moveit_core/include/moveit
[2.635s] -- Up-to-date: /home/ubuntu/ros2ws/install/moveit_core/include/moveit/robot_trajectory
[2.636s] -- Up-to-date: /home/ubuntu/ros2ws/install/moveit_core/include/moveit/robot_trajectory/robot_trajectory.h
[2.636s] -- Up-to-date: /home/ubuntu/ros2ws/install/moveit_core/include
[2.636s] -- Up-to-date: /home/ubuntu/ros2ws/install/moveit_core/include/moveit
[2.636s] -- Up-to-date: /home/ubuntu/ros2ws/install/moveit_core/include/moveit/sensor_manager
[2.636s] -- Up-to-date: /home/ubuntu/ros2ws/install/moveit_core/include/moveit/sensor_manager/sensor_manager.h
[2.636s] -- Up-to-date: /home/ubuntu/ros2ws/install/moveit_core/include
[2.636s] -- Up-to-date: /home/ubuntu/ros2ws/install/moveit_core/include/moveit
[2.636s] -- Up-to-date: /home/ubuntu/ros2ws/install/moveit_core/include/moveit/trajectory_processing
[2.637s] -- Up-to-date: /home/ubuntu/ros2ws/install/moveit_core/include/moveit/trajectory_processing/time_optimal_trajectory_generation.h
[2.637s] -- Up-to-date: /home/ubuntu/ros2ws/install/moveit_core/include/moveit/trajectory_processing/iterative_spline_parameterization.h
[2.637s] -- Up-to-date: /home/ubuntu/ros2ws/install/moveit_core/include/moveit/trajectory_processing/time_parameterization.h
[2.638s] -- Up-to-date: /home/ubuntu/ros2ws/install/moveit_core/include/moveit/trajectory_processing/trajectory_tools.h
[2.638s] -- Up-to-date: /home/ubuntu/ros2ws/install/moveit_core/include/moveit/trajectory_processing/ruckig_traj_smoothing.h
[2.638s] -- Up-to-date: /home/ubuntu/ros2ws/install/moveit_core/include/moveit/trajectory_processing/iterative_time_parameterization.h
[2.639s] -- Up-to-date: /home/ubuntu/ros2ws/install/moveit_core/include
[2.639s] -- Up-to-date: /home/ubuntu/ros2ws/install/moveit_core/include/moveit
[2.639s] -- Up-to-date: /home/ubuntu/ros2ws/install/moveit_core/include/moveit/transforms
[2.640s] -- Up-to-date: /home/ubuntu/ros2ws/install/moveit_core/include/moveit/transforms/transforms.h
[2.640s] -- Up-to-date: /home/ubuntu/ros2ws/install/moveit_core/include
[2.640s] -- Up-to-date: /home/ubuntu/ros2ws/install/moveit_core/include/moveit
[2.640s] -- Up-to-date: /home/ubuntu/ros2ws/install/moveit_core/include/moveit/utils
[2.640s] -- Up-to-date: /home/ubuntu/ros2ws/install/moveit_core/include/moveit/utils/lexical_casts.h
[2.640s] -- Up-to-date: /home/ubuntu/ros2ws/install/moveit_core/include/moveit/utils/rclcpp_utils.h
[2.641s] -- Up-to-date: /home/ubuntu/ros2ws/install/moveit_core/include/moveit/utils/robot_model_test_utils.h
[2.641s] -- Up-to-date: /home/ubuntu/ros2ws/install/moveit_core/include/moveit/utils/message_checks.h
[2.641s] -- Up-to-date: /home/ubuntu/ros2ws/install/moveit_core/include/moveit/utils/moveit_error_code.h
[2.641s] -- Up-to-date: /home/ubuntu/ros2ws/install/moveit_core/bin/moveit_version
[2.641s] -- Up-to-date: /home/ubuntu/ros2ws/install/moveit_core/include
[2.641s] -- Up-to-date: /home/ubuntu/ros2ws/install/moveit_core/include/moveit
[2.641s] -- Up-to-date: /home/ubuntu/ros2ws/install/moveit_core/include/moveit/collision_detection
[2.641s] -- Up-to-date: /home/ubuntu/ros2ws/install/moveit_core/include/moveit/collision_detection/collision_plugin_cache.h
[2.642s] -- Up-to-date: /home/ubuntu/ros2ws/install/moveit_core/include/moveit/collision_detection/occupancy_map.h
[2.642s] -- Up-to-date: /home/ubuntu/ros2ws/install/moveit_core/include/moveit/collision_detection/collision_common.h
[2.642s] -- Up-to-date: /home/ubuntu/ros2ws/install/moveit_core/include/moveit/collision_detection/test_collision_common_pr2.h
[2.642s] -- Up-to-date: /home/ubuntu/ros2ws/install/moveit_core/include/moveit/collision_detection/world.h
[2.642s] -- Up-to-date: /home/ubuntu/ros2ws/install/moveit_core/include/moveit/collision_detection/collision_env.h
[2.642s] -- Up-to-date: /home/ubuntu/ros2ws/install/moveit_core/include/moveit/collision_detection/allvalid
[2.642s] -- Up-to-date: /home/ubuntu/ros2ws/install/moveit_core/include/moveit/collision_detection/allvalid/collision_detector_allocator_allvalid.h
[2.643s] -- Up-to-date: /home/ubuntu/ros2ws/install/moveit_core/include/moveit/collision_detection/allvalid/collision_env_allvalid.h
[2.643s] -- Up-to-date: /home/ubuntu/ros2ws/install/moveit_core/include/moveit/collision_detection/collision_matrix.h
[2.643s] -- Up-to-date: /home/ubuntu/ros2ws/install/moveit_core/include/moveit/collision_detection/collision_octomap_filter.h
[2.643s] -- Up-to-date: /home/ubuntu/ros2ws/install/moveit_core/include/moveit/collision_detection/collision_detector_allocator.h
[2.643s] -- Up-to-date: /home/ubuntu/ros2ws/install/moveit_core/include/moveit/collision_detection/collision_tools.h
[2.643s] -- Up-to-date: /home/ubuntu/ros2ws/install/moveit_core/include/moveit/collision_detection/world_diff.h
[2.644s] -- Up-to-date: /home/ubuntu/ros2ws/install/moveit_core/include/moveit/collision_detection/collision_plugin.h
[2.644s] -- Up-to-date: /home/ubuntu/ros2ws/install/moveit_core/include/moveit/collision_detection/test_collision_common_panda.h
[2.644s] -- Up-to-date: /home/ubuntu/ros2ws/install/moveit_core/include/moveit_collision_detection_export.h
[2.644s] -- Up-to-date: /home/ubuntu/ros2ws/install/moveit_core/include
[2.644s] -- Up-to-date: /home/ubuntu/ros2ws/install/moveit_core/include/moveit
[2.645s] -- Up-to-date: /home/ubuntu/ros2ws/install/moveit_core/include/moveit/collision_detection_bullet
[2.645s] -- Up-to-date: /home/ubuntu/ros2ws/install/moveit_core/include/moveit/collision_detection_bullet/collision_env_bullet.h
[2.645s] -- Up-to-date: /home/ubuntu/ros2ws/install/moveit_core/include/moveit/collision_detection_bullet/bullet_integration
[2.645s] -- Up-to-date: /home/ubuntu/ros2ws/install/moveit_core/include/moveit/collision_detection_bullet/bullet_integration/bullet_cast_bvh_manager.h
[2.645s] -- Up-to-date: /home/ubuntu/ros2ws/install/moveit_core/include/moveit/collision_detection_bullet/bullet_integration/bullet_utils.h
[2.646s] -- Up-to-date: /home/ubuntu/ros2ws/install/moveit_core/include/moveit/collision_detection_bullet/bullet_integration/basic_types.h
[2.646s] -- Up-to-date: /home/ubuntu/ros2ws/install/moveit_core/include/moveit/collision_detection_bullet/bullet_integration/contact_checker_common.h
[2.646s] -- Up-to-date: /home/ubuntu/ros2ws/install/moveit_core/include/moveit/collision_detection_bullet/bullet_integration/ros_bullet_utils.h
[2.646s] -- Up-to-date: /home/ubuntu/ros2ws/install/moveit_core/include/moveit/collision_detection_bullet/bullet_integration/bullet_bvh_manager.h
[2.646s] -- Up-to-date: /home/ubuntu/ros2ws/install/moveit_core/include/moveit/collision_detection_bullet/bullet_integration/bullet_discrete_bvh_manager.h
[2.646s] -- Up-to-date: /home/ubuntu/ros2ws/install/moveit_core/include/moveit/collision_detection_bullet/collision_detector_allocator_bullet.h
[2.647s] -- Up-to-date: /home/ubuntu/ros2ws/install/moveit_core/include/moveit/collision_detection_bullet/collision_detector_bullet_plugin_loader.h
[2.647s] -- Up-to-date: /home/ubuntu/ros2ws/install/moveit_core/include/moveit_collision_detection_bullet_export.h
[2.647s] -- Up-to-date: /home/ubuntu/ros2ws/install/moveit_core/include
[2.647s] -- Up-to-date: /home/ubuntu/ros2ws/install/moveit_core/include/moveit
[2.647s] -- Up-to-date: /home/ubuntu/ros2ws/install/moveit_core/include/moveit/collision_detection_fcl
[2.647s] -- Up-to-date: /home/ubuntu/ros2ws/install/moveit_core/include/moveit/collision_detection_fcl/collision_common.h
[2.647s] -- Up-to-date: /home/ubuntu/ros2ws/install/moveit_core/include/moveit/collision_detection_fcl/collision_detector_allocator_fcl.h
[2.648s] -- Up-to-date: /home/ubuntu/ros2ws/install/moveit_core/include/moveit/collision_detection_fcl/fcl_compat.h
[2.648s] -- Up-to-date: /home/ubuntu/ros2ws/install/moveit_core/include/moveit/collision_detection_fcl/collision_env_fcl.h
[2.648s] -- Up-to-date: /home/ubuntu/ros2ws/install/moveit_core/include/moveit/collision_detection_fcl/collision_detector_fcl_plugin_loader.h
[2.648s] -- Up-to-date: /home/ubuntu/ros2ws/install/moveit_core/include/moveit_collision_detection_fcl_export.h
[2.648s] -- Up-to-date: /home/ubuntu/ros2ws/install/moveit_core/lib/libcollision_detector_bullet_plugin.so.2.5.6
[2.648s] -- Up-to-date: /home/ubuntu/ros2ws/install/moveit_core/lib/libcollision_detector_bullet_plugin.so
[2.648s] -- Up-to-date: /home/ubuntu/ros2ws/install/moveit_core/lib/libmoveit_butterworth_filter.so.2.5.6
[2.648s] -- Up-to-date: /home/ubuntu/ros2ws/install/moveit_core/lib/libmoveit_butterworth_filter.so
[2.649s] -- Up-to-date: /home/ubuntu/ros2ws/install/moveit_core/lib/libmoveit_collision_distance_field.so.2.5.6
[2.649s] -- Up-to-date: /home/ubuntu/ros2ws/install/moveit_core/lib/libmoveit_collision_distance_field.so
[2.649s] -- Up-to-date: /home/ubuntu/ros2ws/install/moveit_core/lib/libmoveit_collision_detection.so.2.5.6
[2.649s] -- Up-to-date: /home/ubuntu/ros2ws/install/moveit_core/lib/libmoveit_collision_detection.so
[2.649s] -- Up-to-date: /home/ubuntu/ros2ws/install/moveit_core/lib/libmoveit_collision_detection_fcl.so.2.5.6
[2.649s] -- Up-to-date: /home/ubuntu/ros2ws/install/moveit_core/lib/libmoveit_collision_detection_fcl.so
[2.649s] -- Up-to-date: /home/ubuntu/ros2ws/install/moveit_core/lib/libmoveit_collision_detection_bullet.so.2.5.6
[2.649s] -- Up-to-date: /home/ubuntu/ros2ws/install/moveit_core/lib/libmoveit_collision_detection_bullet.so
[2.649s] -- Up-to-date: /home/ubuntu/ros2ws/install/moveit_core/lib/libmoveit_dynamics_solver.so.2.5.6
[2.650s] -- Up-to-date: /home/ubuntu/ros2ws/install/moveit_core/lib/libmoveit_dynamics_solver.so
[2.650s] -- Up-to-date: /home/ubuntu/ros2ws/install/moveit_core/lib/libmoveit_constraint_samplers.so.2.5.6
[2.650s] -- Up-to-date: /home/ubuntu/ros2ws/install/moveit_core/lib/libmoveit_constraint_samplers.so
[2.650s] -- Up-to-date: /home/ubuntu/ros2ws/install/moveit_core/lib/libmoveit_distance_field.so.2.5.6
[2.650s] -- Up-to-date: /home/ubuntu/ros2ws/install/moveit_core/lib/libmoveit_distance_field.so
[2.650s] -- Up-to-date: /home/ubuntu/ros2ws/install/moveit_core/lib/libmoveit_exceptions.so.2.5.6
[2.650s] -- Up-to-date: /home/ubuntu/ros2ws/install/moveit_core/lib/libmoveit_exceptions.so
[2.650s] -- Up-to-date: /home/ubuntu/ros2ws/install/moveit_core/lib/libmoveit_kinematics_base.so
[2.650s] -- Up-to-date: /home/ubuntu/ros2ws/install/moveit_core/lib/libmoveit_kinematic_constraints.so.2.5.6
[2.650s] -- Up-to-date: /home/ubuntu/ros2ws/install/moveit_core/lib/libmoveit_kinematic_constraints.so
[2.650s] -- Up-to-date: /home/ubuntu/ros2ws/install/moveit_core/lib/libmoveit_kinematics_metrics.so.2.5.6
[2.650s] -- Up-to-date: /home/ubuntu/ros2ws/install/moveit_core/lib/libmoveit_kinematics_metrics.so
[2.650s] -- Up-to-date: /home/ubuntu/ros2ws/install/moveit_core/lib/libmoveit_planning_interface.so.2.5.6
[2.651s] -- Up-to-date: /home/ubuntu/ros2ws/install/moveit_core/lib/libmoveit_planning_interface.so
[2.651s] -- Up-to-date: /home/ubuntu/ros2ws/install/moveit_core/lib/libmoveit_planning_scene.so.2.5.6
[2.651s] -- Up-to-date: /home/ubuntu/ros2ws/install/moveit_core/lib/libmoveit_planning_scene.so
[2.651s] -- Up-to-date: /home/ubuntu/ros2ws/install/moveit_core/lib/libmoveit_planning_request_adapter.so.2.5.6
[2.651s] -- Up-to-date: /home/ubuntu/ros2ws/install/moveit_core/lib/libmoveit_planning_request_adapter.so
[2.651s] -- Up-to-date: /home/ubuntu/ros2ws/install/moveit_core/lib/libmoveit_robot_model.so.2.5.6
[2.651s] -- Up-to-date: /home/ubuntu/ros2ws/install/moveit_core/lib/libmoveit_robot_model.so
[2.652s] -- Up-to-date: /home/ubuntu/ros2ws/install/moveit_core/lib/libmoveit_robot_state.so.2.5.6
[2.652s] -- Up-to-date: /home/ubuntu/ros2ws/install/moveit_core/lib/libmoveit_robot_state.so
[2.652s] -- Up-to-date: /home/ubuntu/ros2ws/install/moveit_core/lib/libmoveit_robot_trajectory.so.2.5.6
[2.652s] -- Up-to-date: /home/ubuntu/ros2ws/install/moveit_core/lib/libmoveit_robot_trajectory.so
[2.652s] -- Up-to-date: /home/ubuntu/ros2ws/install/moveit_core/lib/libmoveit_smoothing_base.so.2.5.6
[2.652s] -- Up-to-date: /home/ubuntu/ros2ws/install/moveit_core/lib/libmoveit_smoothing_base.so
[2.653s] -- Up-to-date: /home/ubuntu/ros2ws/install/moveit_core/lib/libmoveit_test_utils.so.2.5.6
[2.653s] -- Up-to-date: /home/ubuntu/ros2ws/install/moveit_core/lib/libmoveit_test_utils.so
[2.653s] -- Up-to-date: /home/ubuntu/ros2ws/install/moveit_core/lib/libmoveit_trajectory_processing.so.2.5.6
[2.653s] -- Up-to-date: /home/ubuntu/ros2ws/install/moveit_core/lib/libmoveit_trajectory_processing.so
[2.653s] -- Up-to-date: /home/ubuntu/ros2ws/install/moveit_core/lib/libmoveit_transforms.so.2.5.6
[2.654s] -- Up-to-date: /home/ubuntu/ros2ws/install/moveit_core/lib/libmoveit_transforms.so
[2.654s] -- Up-to-date: /home/ubuntu/ros2ws/install/moveit_core/lib/libmoveit_utils.so.2.5.6
[2.654s] -- Up-to-date: /home/ubuntu/ros2ws/install/moveit_core/lib/libmoveit_utils.so
[2.654s] -- Up-to-date: /home/ubuntu/ros2ws/install/moveit_core/share/moveit_core/environment/library_path.sh
[2.654s] -- Up-to-date: /home/ubuntu/ros2ws/install/moveit_core/share/moveit_core/environment/library_path.dsv
[2.654s] -- Up-to-date: /home/ubuntu/ros2ws/install/moveit_core/share/moveit_core/collision_detector_fcl_description.xml
[2.654s] -- Up-to-date: /home/ubuntu/ros2ws/install/moveit_core/share/moveit_core/collision_detector_bullet_description.xml
[2.655s] -- Up-to-date: /home/ubuntu/ros2ws/install/moveit_core/share/moveit_core/filter_plugin_butterworth.xml
[2.655s] -- Up-to-date: /home/ubuntu/ros2ws/install/moveit_core/share/ament_index/resource_index/package_run_dependencies/moveit_core
[2.655s] -- Up-to-date: /home/ubuntu/ros2ws/install/moveit_core/share/ament_index/resource_index/parent_prefix_path/moveit_core
[2.655s] -- Up-to-date: /home/ubuntu/ros2ws/install/moveit_core/share/moveit_core/environment/ament_prefix_path.sh
[2.655s] -- Up-to-date: /home/ubuntu/ros2ws/install/moveit_core/share/moveit_core/environment/ament_prefix_path.dsv
[2.655s] -- Up-to-date: /home/ubuntu/ros2ws/install/moveit_core/share/moveit_core/environment/path.sh
[2.656s] -- Up-to-date: /home/ubuntu/ros2ws/install/moveit_core/share/moveit_core/environment/path.dsv
[2.656s] -- Up-to-date: /home/ubuntu/ros2ws/install/moveit_core/share/moveit_core/local_setup.bash
[2.656s] -- Up-to-date: /home/ubuntu/ros2ws/install/moveit_core/share/moveit_core/local_setup.sh
[2.656s] -- Up-to-date: /home/ubuntu/ros2ws/install/moveit_core/share/moveit_core/local_setup.zsh
[2.656s] -- Up-to-date: /home/ubuntu/ros2ws/install/moveit_core/share/moveit_core/local_setup.dsv
[2.656s] -- Installing: /home/ubuntu/ros2ws/install/moveit_core/share/moveit_core/package.dsv
[2.656s] -- Up-to-date: /home/ubuntu/ros2ws/install/moveit_core/share/ament_index/resource_index/packages/moveit_core
[2.657s] -- Up-to-date: /home/ubuntu/ros2ws/install/moveit_core/share/ament_index/resource_index/moveit_core__pluginlib__plugin/moveit_core
[2.657s] -- Up-to-date: /home/ubuntu/ros2ws/install/moveit_core/share/moveit_core/cmake/export_moveit_coreExport.cmake
[2.657s] -- Up-to-date: /home/ubuntu/ros2ws/install/moveit_core/share/moveit_core/cmake/export_moveit_coreExport-release.cmake
[2.657s] -- Up-to-date: /home/ubuntu/ros2ws/install/moveit_core/share/moveit_core/cmake/ConfigExtras.cmake
[2.657s] -- Up-to-date: /home/ubuntu/ros2ws/install/moveit_core/share/moveit_core/cmake/ament_cmake_export_targets-extras.cmake
[2.657s] -- Up-to-date: /home/ubuntu/ros2ws/install/moveit_core/share/moveit_core/cmake/ament_cmake_export_dependencies-extras.cmake
[2.657s] -- Up-to-date: /home/ubuntu/ros2ws/install/moveit_core/share/moveit_core/cmake/moveit_coreConfig.cmake
[2.658s] -- Up-to-date: /home/ubuntu/ros2ws/install/moveit_core/share/moveit_core/cmake/moveit_coreConfig-version.cmake
[2.658s] -- Up-to-date: /home/ubuntu/ros2ws/install/moveit_core/share/moveit_core/package.xml
[2.658s] Invoked command in '/home/ubuntu/ros2ws/build/moveit_core' returned '0': CMAKE_PREFIX_PATH=/home/ubuntu/ros2ws/install/moveit_resources_panda_moveit_config:/home/ubuntu/ros2ws/install/srdfdom:/home/ubuntu/ros2ws/install/moveit_resources_pr2_description:/home/ubuntu/ros2ws/install/moveit_resources_panda_description:/home/ubuntu/ros2ws/install/moveit_common:/home/ubuntu/ros2ws/install/testV2:/home/ubuntu/ros2ws/install/ros2srrc_execution:/home/ubuntu/ros2ws/install/pilz_industrial_motion_planner_testutils:/home/ubuntu/ros2ws/install/moveit_runtime:/home/ubuntu/ros2ws/install/moveit2_tutorials:/home/ubuntu/ros2ws/install/moveit:/home/ubuntu/ros2ws/install/moveit_planners:/home/ubuntu/ros2ws/install/pilz_industrial_motion_planner:/home/ubuntu/ros2ws/install/moveit_visual_tools:/home/ubuntu/ros2ws/install/moveit_task_constructor_visualization:/home/ubuntu/ros2ws/install/moveit_task_constructor_demo:/home/ubuntu/ros2ws/install/moveit_task_constructor_capabilities:/home/ubuntu/ros2ws/install/moveit_task_constructor_core:/home/ubuntu/ros2ws/install/moveit_ros_control_interface:/home/ubuntu/ros2ws/install/moveit_plugins:/home/ubuntu/ros2ws/install/moveit_simple_controller_manager:/home/ubuntu/ros2ws/install/moveit_setup_assistant:/home/ubuntu/ros2ws/install/moveit_setup_srdf_plugins:/home/ubuntu/ros2ws/install/moveit_setup_core_plugins:/home/ubuntu/ros2ws/install/moveit_setup_controllers:/home/ubuntu/ros2ws/install/moveit_setup_app_plugins:/home/ubuntu/ros2ws/install/moveit_setup_framework:/home/ubuntu/ros2ws/install/moveit_servo:/home/ubuntu/ros2ws/install/moveit_ros:/home/ubuntu/ros2ws/install/moveit_ros_visualization:/home/ubuntu/ros2ws/install/moveit_hybrid_planning:/home/ubuntu/ros2ws/install/moveit_ros_planning_interface:/home/ubuntu/ros2ws/install/moveit_ros_benchmarks:/home/ubuntu/ros2ws/install/moveit_ros_warehouse:/home/ubuntu/ros2ws/install/moveit_ros_robot_interaction:/home/ubuntu/ros2ws/install/moveit_ros_perception:/home/ubuntu/ros2ws/install/moveit_resources_prbt_pg70_support:/home/ubuntu/ros2ws/install/moveit_resources_prbt_moveit_config:/home/ubuntu/ros2ws/install/moveit_ros_move_group:/home/ubuntu/ros2ws/install/moveit_planners_ompl:/home/ubuntu/ros2ws/install/moveit_ros_planning:/home/ubuntu/ros2ws/install/moveit_ros_occupancy_map_monitor:/home/ubuntu/ros2ws/install/moveit_resources_prbt_ikfast_manipulator_plugin:/home/ubuntu/ros2ws/install/moveit_planners_chomp:/home/ubuntu/ros2ws/install/moveit_kinematics:/home/ubuntu/ros2ws/install/moveit_chomp_optimizer_adapter:/home/ubuntu/ros2ws/install/chomp_motion_planner:/home/ubuntu/ros2ws/install/moveit_core:/home/ubuntu/ros2ws/install/abb_bringup:/home/ubuntu/ros2ws/install/rviz_marker_tools:/home/ubuntu/ros2ws/install/rosparam_shortcuts:/home/ubuntu/ros2ws/install/ros2srrc_ur5_moveit2:/home/ubuntu/ros2ws/install/ros2srrc_ur5_gazebo:/home/ubuntu/ros2ws/install/ros2srrc_ur3_moveit2:/home/ubuntu/ros2ws/install/ros2srrc_ur3_gazebo:/home/ubuntu/ros2ws/install/ros2srrc_ur16e_moveit2:/home/ubuntu/ros2ws/install/ros2srrc_ur16e_gazebo:/home/ubuntu/ros2ws/install/ros2srrc_ur10e_moveit2:/home/ubuntu/ros2ws/install/ros2srrc_ur10e_gazebo:/home/ubuntu/ros2ws/install/ros2srrc_robots:/home/ubuntu/ros2ws/install/ros2srrc_launch:/home/ubuntu/ros2ws/install/ros2srrc_irb6640_moveit2:/home/ubuntu/ros2ws/install/ros2srrc_irb6640_gazebo:/home/ubuntu/ros2ws/install/ros2srrc_irb120_moveit2:/home/ubuntu/ros2ws/install/ros2srrc_irb120_gazebo:/home/ubuntu/ros2ws/install/ros2srrc_irb1200_moveit2:/home/ubuntu/ros2ws/install/ros2srrc_irb1200_gazebo:/home/ubuntu/ros2ws/install/ros2srrc_iiwa_moveit2:/home/ubuntu/ros2ws/install/ros2srrc_iiwa_gazebo:/home/ubuntu/ros2ws/install/ros2srrc_endeffectors:/home/ubuntu/ros2ws/install/ros2srrc_data:/home/ubuntu/ros2ws/install/ros2_robotiqgripper:/home/ubuntu/ros2ws/install/ros2_objectpose:/home/ubuntu/ros2ws/install/ros2_linkpose:/home/ubuntu/ros2ws/install/ros2_linkattacher:/home/ubuntu/ros2ws/install/path_tracer_plugin:/home/ubuntu/ros2ws/install/objectpose_msgs:/home/ubuntu/ros2ws/install/objectpose_gazebo:/home/ubuntu/ros2ws/install/moveit_task_constructor_msgs:/home/ubuntu/ros2ws/install/moveit_resources_prbt_support:/home/ubuntu/ros2ws/install/moveit_resources:/home/ubuntu/ros2ws/install/moveit_resources_fanuc_moveit_config:/home/ubuntu/ros2ws/install/moveit_resources_fanuc_description:/home/ubuntu/ros2ws/install/linkpose_msgs:/home/ubuntu/ros2ws/install/linkpose_gazebo:/home/ubuntu/ros2ws/install/linkattacher_msgs:/home/ubuntu/ros2ws/install/letter_writer:/home/ubuntu/ros2ws/install/gazebo_ros2_control_demos:/home/ubuntu/ros2ws/install/gazebo_ros2_control:/home/ubuntu/ros2ws/install/abb_rws_client:/home/ubuntu/ros2ws/install/abb_ros2:/home/ubuntu/ros2ws/install/abb_robot_msgs:/home/ubuntu/ros2ws/install/abb_resources:/home/ubuntu/ros2ws/install/abb_rapid_sm_addin_msgs:/home/ubuntu/ros2ws/install/abb_rapid_msgs:/home/ubuntu/ros2ws/install/abb_hardware_interface:/home/ubuntu/ros2ws/install/abb_egm_rws_managers:/home/ubuntu/ros2ws/install/abb_librws:/home/ubuntu/ros2ws/install/abb_libegm:/home/ubuntu/ros2ws/install/abb_irb4600_support:/home/ubuntu/ros2ws/install/abb_irb1200_5_90_moveit_config:/home/ubuntu/ros2ws/install/abb_irb1200_support:/home/ubuntu/ros2ws/install/abb_egm_msgs:/home/ubuntu/ros2ws/install/testV1:/home/ubuntu/ros2ws/install/gui_subscriber:/home/ubuntu/ros2ws/install/moveit_configs_utils:/home/ubuntu/ros2ws/install/robot_letter_writer:/home/ubuntu/ros2ws/install/launch_param_builder:/opt/ros/humble LD_LIBRARY_PATH=/home/ubuntu/ros2ws/install/srdfdom/lib:/home/ubuntu/ros2ws/install/pilz_industrial_motion_planner_testutils/lib:/home/ubuntu/ros2ws/install/pilz_industrial_motion_planner/lib:/home/ubuntu/ros2ws/install/moveit_visual_tools/lib:/home/ubuntu/ros2ws/install/moveit_task_constructor_visualization/lib:/home/ubuntu/ros2ws/install/moveit_task_constructor_demo/lib:/home/ubuntu/ros2ws/install/moveit_task_constructor_capabilities/lib:/home/ubuntu/ros2ws/install/moveit_task_constructor_core/lib:/home/ubuntu/ros2ws/install/moveit_ros_control_interface/lib:/home/ubuntu/ros2ws/install/moveit_simple_controller_manager/lib:/home/ubuntu/ros2ws/install/moveit_setup_assistant/lib:/home/ubuntu/ros2ws/install/moveit_setup_srdf_plugins/lib:/home/ubuntu/ros2ws/install/moveit_setup_core_plugins/lib:/home/ubuntu/ros2ws/install/moveit_setup_controllers/lib:/home/ubuntu/ros2ws/install/moveit_setup_app_plugins/lib:/home/ubuntu/ros2ws/install/moveit_setup_framework/lib:/home/ubuntu/ros2ws/install/moveit_servo/lib:/home/ubuntu/ros2ws/install/moveit_ros_visualization/lib:/home/ubuntu/ros2ws/install/moveit_hybrid_planning/lib:/home/ubuntu/ros2ws/install/moveit_ros_planning_interface/lib:/home/ubuntu/ros2ws/install/moveit_ros_benchmarks/lib:/home/ubuntu/ros2ws/install/moveit_ros_warehouse/lib:/home/ubuntu/ros2ws/install/moveit_ros_robot_interaction/lib:/home/ubuntu/ros2ws/install/moveit_ros_perception/lib:/home/ubuntu/ros2ws/install/moveit_ros_move_group/lib:/home/ubuntu/ros2ws/install/moveit_planners_ompl/lib:/home/ubuntu/ros2ws/install/moveit_ros_planning/lib:/home/ubuntu/ros2ws/install/moveit_ros_occupancy_map_monitor/lib:/home/ubuntu/ros2ws/install/moveit_resources_prbt_ikfast_manipulator_plugin/lib:/home/ubuntu/ros2ws/install/moveit_planners_chomp/lib:/home/ubuntu/ros2ws/install/moveit_kinematics/lib:/home/ubuntu/ros2ws/install/moveit_chomp_optimizer_adapter/lib:/home/ubuntu/ros2ws/install/chomp_motion_planner/lib:/home/ubuntu/ros2ws/install/moveit_core/lib:/home/ubuntu/ros2ws/install/rviz_marker_tools/lib:/home/ubuntu/ros2ws/install/rosparam_shortcuts/lib:/home/ubuntu/ros2ws/install/ros2srrc_data/lib:/home/ubuntu/ros2ws/install/ros2_robotiqgripper/lib:/home/ubuntu/ros2ws/install/ros2_objectpose/lib:/home/ubuntu/ros2ws/install/ros2_linkpose/lib:/home/ubuntu/ros2ws/install/ros2_linkattacher/lib:/home/ubuntu/ros2ws/install/objectpose_msgs/lib:/home/ubuntu/ros2ws/install/moveit_task_constructor_msgs/lib:/home/ubuntu/ros2ws/install/linkpose_msgs/lib:/home/ubuntu/ros2ws/install/linkattacher_msgs/lib:/home/ubuntu/ros2ws/install/gazebo_ros2_control/lib:/home/ubuntu/ros2ws/install/abb_robot_msgs/lib:/home/ubuntu/ros2ws/install/abb_rapid_sm_addin_msgs/lib:/home/ubuntu/ros2ws/install/abb_rapid_msgs/lib:/home/ubuntu/ros2ws/install/abb_hardware_interface/lib:/home/ubuntu/ros2ws/install/abb_egm_rws_managers/lib:/home/ubuntu/ros2ws/install/abb_librws/lib:/home/ubuntu/ros2ws/install/abb_libegm/lib:/home/ubuntu/ros2ws/install/abb_egm_msgs/lib:/usr/lib/x86_64-linux-gnu/gazebo-11/plugins:/opt/ros/humble/opt/rviz_ogre_vendor/lib:/opt/ros/humble/lib/x86_64-linux-gnu:/opt/ros/humble/lib /usr/bin/cmake --install /home/ubuntu/ros2ws/build/moveit_core
