[0.017s] Invoking command in '/home/ubuntu/ros2ws/build/ros2srrc_data': CMAKE_PREFIX_PATH=${CMAKE_PREFIX_PATH}:/opt/ros/humble /usr/bin/cmake /home/ubuntu/ros2ws/src/ros2_SimRealRobotControl/ros2srrc_data -DAMENT_CMAKE_SYMLINK_INSTALL=1 -DCMAKE_INSTALL_PREFIX=/home/ubuntu/ros2ws/install/ros2srrc_data
[0.059s] -- Found ament_cmake: 1.3.10 (/opt/ros/humble/share/ament_cmake/cmake)
[0.264s] -- Override CMake install command with custom implementation using symlinks instead of copying resources
[0.278s] -- Found ament_lint_auto: 0.12.11 (/opt/ros/humble/share/ament_lint_auto/cmake)
[0.411s] -- Found rosidl_default_generators: 1.2.0 (/opt/ros/humble/share/rosidl_default_generators/cmake)
[0.437s] -- Using all available rosidl_typesupport_c: rosidl_typesupport_fastrtps_c;rosidl_typesupport_introspection_c
[0.442s] -- Found rosidl_adapter: 3.1.5 (/opt/ros/humble/share/rosidl_adapter/cmake)
[0.531s] -- Using all available rosidl_typesupport_cpp: rosidl_typesupport_fastrtps_cpp;rosidl_typesupport_introspection_cpp
[1.604s] -- Found ament_cmake_ros: 0.10.0 (/opt/ros/humble/share/ament_cmake_ros/cmake)
[2.047s] -- Using all available rosidl_typesupport_c: rosidl_typesupport_fastrtps_c;rosidl_typesupport_introspection_c
[2.660s] -- Using all available rosidl_typesupport_cpp: rosidl_typesupport_fastrtps_cpp;rosidl_typesupport_introspection_cpp
[2.718s] -- Found python_cmake_module: 0.10.0 (/opt/ros/humble/share/python_cmake_module/cmake)
[2.780s] -- Using PYTHON_EXECUTABLE: /usr/bin/python3
[2.780s] -- Using PYTHON_INCLUDE_DIRS: /usr/include/python3.10
[2.780s] -- Using PYTHON_LIBRARIES: /usr/lib/x86_64-linux-gnu/libpython3.10.so
[2.961s] -- Added test 'copyright' to check source files copyright and LICENSE
[2.965s] -- Added test 'lint_cmake' to check CMake code style
[2.967s] -- Added test 'xmllint' to check XML markup files
[2.985s] -- Configuring done
[3.220s] -- Generating done
[3.229s] -- Build files have been written to: /home/ubuntu/ros2ws/build/ros2srrc_data
