[0.074s] Invoking command in '/home/ubuntu/ros2ws/build/abb_resources': CMAKE_PREFIX_PATH=${CMAKE_PREFIX_PATH}:/home/ubuntu/ros2ws/install/testV1:/home/ubuntu/ros2ws/install/gui_subscriber:/home/ubuntu/ros2ws/install/moveit_configs_utils:/home/ubuntu/ros2ws/install/robot_letter_writer:/home/ubuntu/ros2ws/install/launch_param_builder:/opt/ros/humble /usr/bin/cmake --build /home/ubuntu/ros2ws/build/abb_resources -- -j4 -l4
[0.273s] Invoked command in '/home/ubuntu/ros2ws/build/abb_resources' returned '0': CMAKE_PREFIX_PATH=${CMAKE_PREFIX_PATH}:/home/ubuntu/ros2ws/install/testV1:/home/ubuntu/ros2ws/install/gui_subscriber:/home/ubuntu/ros2ws/install/moveit_configs_utils:/home/ubuntu/ros2ws/install/robot_letter_writer:/home/ubuntu/ros2ws/install/launch_param_builder:/opt/ros/humble /usr/bin/cmake --build /home/ubuntu/ros2ws/build/abb_resources -- -j4 -l4
[0.448s] Invoking command in '/home/ubuntu/ros2ws/build/abb_resources': CMAKE_PREFIX_PATH=${CMAKE_PREFIX_PATH}:/home/ubuntu/ros2ws/install/testV1:/home/ubuntu/ros2ws/install/gui_subscriber:/home/ubuntu/ros2ws/install/moveit_configs_utils:/home/ubuntu/ros2ws/install/robot_letter_writer:/home/ubuntu/ros2ws/install/launch_param_builder:/opt/ros/humble /usr/bin/cmake --install /home/ubuntu/ros2ws/build/abb_resources
[0.485s] -- Install configuration: ""
[0.485s] -- Execute custom install script
[0.486s] -- Up-to-date symlink: /home/ubuntu/ros2ws/install/abb_resources/share/ament_index/resource_index/package_run_dependencies/abb_resources
[0.487s] -- Up-to-date symlink: /home/ubuntu/ros2ws/install/abb_resources/share/ament_index/resource_index/parent_prefix_path/abb_resources
[0.488s] -- Up-to-date symlink: /home/ubuntu/ros2ws/install/abb_resources/share/abb_resources/environment/ament_prefix_path.sh
[0.489s] -- Up-to-date symlink: /home/ubuntu/ros2ws/install/abb_resources/share/abb_resources/environment/ament_prefix_path.dsv
[0.491s] -- Up-to-date symlink: /home/ubuntu/ros2ws/install/abb_resources/share/abb_resources/environment/path.sh
[0.493s] -- Up-to-date symlink: /home/ubuntu/ros2ws/install/abb_resources/share/abb_resources/environment/path.dsv
[0.493s] -- Up-to-date symlink: /home/ubuntu/ros2ws/install/abb_resources/share/abb_resources/local_setup.bash
[0.494s] -- Up-to-date symlink: /home/ubuntu/ros2ws/install/abb_resources/share/abb_resources/local_setup.sh
[0.494s] -- Up-to-date symlink: /home/ubuntu/ros2ws/install/abb_resources/share/abb_resources/local_setup.zsh
[0.498s] -- Up-to-date symlink: /home/ubuntu/ros2ws/install/abb_resources/share/abb_resources/local_setup.dsv
[0.500s] -- Symlinking: /home/ubuntu/ros2ws/install/abb_resources/share/abb_resources/package.dsv
[0.525s] -- Up-to-date symlink: /home/ubuntu/ros2ws/install/abb_resources/share/ament_index/resource_index/packages/abb_resources
[0.526s] -- Up-to-date symlink: /home/ubuntu/ros2ws/install/abb_resources/share/abb_resources/cmake/abb_resourcesConfig.cmake
[0.526s] -- Up-to-date symlink: /home/ubuntu/ros2ws/install/abb_resources/share/abb_resources/cmake/abb_resourcesConfig-version.cmake
[0.527s] -- Up-to-date symlink: /home/ubuntu/ros2ws/install/abb_resources/share/abb_resources/package.xml
[0.528s] -- Up-to-date symlink: /home/ubuntu/ros2ws/install/abb_resources/share/abb_resources/urdf/common_colours.xacro
[0.530s] -- Up-to-date symlink: /home/ubuntu/ros2ws/install/abb_resources/share/abb_resources/urdf/common_materials.xacro
[0.538s] Invoked command in '/home/ubuntu/ros2ws/build/abb_resources' returned '0': CMAKE_PREFIX_PATH=${CMAKE_PREFIX_PATH}:/home/ubuntu/ros2ws/install/testV1:/home/ubuntu/ros2ws/install/gui_subscriber:/home/ubuntu/ros2ws/install/moveit_configs_utils:/home/ubuntu/ros2ws/install/robot_letter_writer:/home/ubuntu/ros2ws/install/launch_param_builder:/opt/ros/humble /usr/bin/cmake --install /home/ubuntu/ros2ws/build/abb_resources
