[0.071s] Invoking command in '/home/ubuntu/ros2ws/build/moveit_planners_ompl': AMENT_PREFIX_PATH=/home/ubuntu/ros2ws/install/moveit_ros_planning:/home/ubuntu/ros2ws/install/moveit_ros_occupancy_map_monitor:/home/ubuntu/ros2ws/install/moveit_core:/home/ubuntu/ros2ws/install/moveit_resources_panda_moveit_config:/home/ubuntu/ros2ws/install/moveit_resources_fanuc_moveit_config:/home/ubuntu/ros2ws/install/moveit_configs_utils:/home/ubuntu/ros2ws/install/srdfdom:/home/ubuntu/ros2ws/install/moveit_resources_pr2_description:/home/ubuntu/ros2ws/install/moveit_resources_panda_description:/home/ubuntu/ros2ws/install/moveit_resources_fanuc_description:/home/ubuntu/ros2ws/install/moveit_common:/home/ubuntu/ros2ws/install/launch_param_builder:${AMENT_PREFIX_PATH} CMAKE_PREFIX_PATH=/home/ubuntu/ros2ws/install/moveit_ros_planning:/home/ubuntu/ros2ws/install/moveit_ros_occupancy_map_monitor:/home/ubuntu/ros2ws/install/moveit_core:/home/ubuntu/ros2ws/install/moveit_resources_panda_moveit_config:/home/ubuntu/ros2ws/install/moveit_resources_fanuc_moveit_config:/home/ubuntu/ros2ws/install/srdfdom:/home/ubuntu/ros2ws/install/moveit_resources_pr2_description:/home/ubuntu/ros2ws/install/moveit_resources_panda_description:/home/ubuntu/ros2ws/install/moveit_resources_fanuc_description:/home/ubuntu/ros2ws/install/moveit_common:/home/ubuntu/ros2ws/install/testV2:/home/ubuntu/ros2ws/install/ros2srrc_ur5_moveit2:/home/ubuntu/ros2ws/install/ros2srrc_ur5_gazebo:/home/ubuntu/ros2ws/install/ros2srrc_ur3_moveit2:/home/ubuntu/ros2ws/install/ros2srrc_ur3_gazebo:/home/ubuntu/ros2ws/install/ros2srrc_ur16e_moveit2:/home/ubuntu/ros2ws/install/ros2srrc_ur16e_gazebo:/home/ubuntu/ros2ws/install/ros2srrc_ur10e_moveit2:/home/ubuntu/ros2ws/install/ros2srrc_ur10e_gazebo:/home/ubuntu/ros2ws/install/ros2srrc_robots:/home/ubuntu/ros2ws/install/ros2srrc_launch:/home/ubuntu/ros2ws/install/ros2srrc_irb6640_moveit2:/home/ubuntu/ros2ws/install/ros2srrc_irb6640_gazebo:/home/ubuntu/ros2ws/install/ros2srrc_irb120_moveit2:/home/ubuntu/ros2ws/install/ros2srrc_irb120_gazebo:/home/ubuntu/ros2ws/install/ros2srrc_irb1200_moveit2:/home/ubuntu/ros2ws/install/ros2srrc_irb1200_gazebo:/home/ubuntu/ros2ws/install/ros2srrc_iiwa_moveit2:/home/ubuntu/ros2ws/install/ros2srrc_iiwa_gazebo:/home/ubuntu/ros2ws/install/ros2srrc_execution:/home/ubuntu/ros2ws/install/ros2srrc_endeffectors:/home/ubuntu/ros2ws/install/ros2srrc_data:/home/ubuntu/ros2ws/install/ros2_robotiqgripper:/home/ubuntu/ros2ws/install/ros2_objectpose:/home/ubuntu/ros2ws/install/ros2_linkpose:/home/ubuntu/ros2ws/install/ros2_linkattacher:/home/ubuntu/ros2ws/install/objectpose_msgs:/home/ubuntu/ros2ws/install/objectpose_gazebo:/home/ubuntu/ros2ws/install/linkpose_msgs:/home/ubuntu/ros2ws/install/linkpose_gazebo:/home/ubuntu/ros2ws/install/linkattacher_msgs:/home/ubuntu/ros2ws/install/letter_writer:/home/ubuntu/ros2ws/install/gazebo_ros2_control_demos:/home/ubuntu/ros2ws/install/gazebo_ros2_control:/home/ubuntu/ros2ws/install/abb_rws_client:/home/ubuntu/ros2ws/install/abb_ros2:/home/ubuntu/ros2ws/install/abb_robot_msgs:/home/ubuntu/ros2ws/install/abb_resources:/home/ubuntu/ros2ws/install/abb_rapid_sm_addin_msgs:/home/ubuntu/ros2ws/install/abb_rapid_msgs:/home/ubuntu/ros2ws/install/abb_hardware_interface:/home/ubuntu/ros2ws/install/abb_egm_rws_managers:/home/ubuntu/ros2ws/install/abb_librws:/home/ubuntu/ros2ws/install/abb_libegm:/home/ubuntu/ros2ws/install/abb_irb4600_support:/home/ubuntu/ros2ws/install/abb_irb1200_5_90_moveit_config:/home/ubuntu/ros2ws/install/abb_irb1200_support:/home/ubuntu/ros2ws/install/abb_egm_msgs:/home/ubuntu/ros2ws/install/abb_bringup:/home/ubuntu/ros2ws/install/testV1:/home/ubuntu/ros2ws/install/gui_subscriber:/home/ubuntu/ros2ws/install/robot_letter_writer:/opt/ros/humble LD_LIBRARY_PATH=/home/ubuntu/ros2ws/install/moveit_ros_planning/lib:/home/ubuntu/ros2ws/install/moveit_ros_occupancy_map_monitor/lib:/home/ubuntu/ros2ws/install/moveit_core/lib:/home/ubuntu/ros2ws/install/srdfdom/lib:${LD_LIBRARY_PATH} PATH=/home/ubuntu/ros2ws/install/moveit_core/bin:${PATH} PYTHONPATH=/home/ubuntu/ros2ws/install/moveit_configs_utils/lib/python3.10/site-packages:/home/ubuntu/ros2ws/install/srdfdom/local/lib/python3.10/dist-packages:/home/ubuntu/ros2ws/install/launch_param_builder/lib/python3.10/site-packages:${PYTHONPATH} /usr/bin/cmake /home/ubuntu/ros2ws/src/moveit2/moveit_planners/ompl -DCMAKE_INSTALL_PREFIX=/home/ubuntu/ros2ws/install/moveit_planners_ompl
[0.169s] -- The C compiler identification is GNU 11.4.0
[0.269s] -- The CXX compiler identification is GNU 11.4.0
[0.280s] -- Detecting C compiler ABI info
[0.432s] -- Detecting C compiler ABI info - done
[0.446s] -- Check for working C compiler: /usr/bin/cc - skipped
[0.446s] -- Detecting C compile features
[0.447s] -- Detecting C compile features - done
[0.457s] -- Detecting CXX compiler ABI info
[0.614s] -- Detecting CXX compiler ABI info - done
[0.625s] -- Check for working CXX compiler: /usr/bin/c++ - skipped
[0.625s] -- Detecting CXX compile features
[0.626s] -- Detecting CXX compile features - done
[0.629s] -- Found moveit_common: 2.5.6 (/home/ubuntu/ros2ws/install/moveit_common/share/moveit_common/cmake)
[0.642s] -- Found ament_cmake: 1.3.10 (/opt/ros/humble/share/ament_cmake/cmake)
[1.011s] -- Found Python3: /usr/bin/python3 (found version "3.10.12") found components: Interpreter 
[1.457s] [0mmoveit_planners_ompl: You did not request a specific build type: Choosing 'Release' for maximum performance[0m
[1.898s] -- Found Boost: /usr/lib/x86_64-linux-gnu/cmake/Boost-1.74.0/BoostConfig.cmake (found version "1.74.0") found components: system filesystem date_time thread serialization 
[1.903s] -- Found moveit_core: 2.5.6 (/home/ubuntu/ros2ws/install/moveit_core/share/moveit_core/cmake)
[1.968s] -- Found Boost: /usr/lib/x86_64-linux-gnu/cmake/Boost-1.74.0/BoostConfig.cmake (found version "1.74.0") found components: chrono date_time filesystem iostreams program_options regex serialization system thread 
[2.214s] -- Found parameter_traits: 0.3.8 (/opt/ros/humble/share/parameter_traits/cmake)
[2.402s] -- Found rosidl_generator_c: 3.1.5 (/opt/ros/humble/share/rosidl_generator_c/cmake)
[2.433s] -- Found rosidl_adapter: 3.1.5 (/opt/ros/humble/share/rosidl_adapter/cmake)
[2.492s] -- Found rosidl_generator_cpp: 3.1.5 (/opt/ros/humble/share/rosidl_generator_cpp/cmake)
[2.577s] -- Using all available rosidl_typesupport_c: rosidl_typesupport_fastrtps_c;rosidl_typesupport_introspection_c
[2.649s] -- Using all available rosidl_typesupport_cpp: rosidl_typesupport_fastrtps_cpp;rosidl_typesupport_introspection_cpp
[2.841s] -- Found rmw_implementation_cmake: 6.1.2 (/opt/ros/humble/share/rmw_implementation_cmake/cmake)
[2.858s] -- Found rmw_cyclonedds_cpp: 1.3.4 (/opt/ros/humble/share/rmw_cyclonedds_cpp/cmake)
[2.958s] -- Using RMW implementation 'rmw_cyclonedds_cpp' as default
[3.012s] -- Found Threads: TRUE  
[3.199s] -- Found Eigen3: TRUE (found version "3.4.0") 
[3.214s] -- Found rclcpp_lifecycle: 16.0.10 (/opt/ros/humble/share/rclcpp_lifecycle/cmake)
[3.297s] -- Found Boost: /usr/lib/x86_64-linux-gnu/cmake/Boost-1.74.0/BoostConfig.cmake (found version "1.74.0") found components: filesystem 
[3.632s] -- library: /usr/lib/x86_64-linux-gnu/libcurl.so
[3.807s] -- Ensuring Eigen3 include directory is part of orocos-kdl CMake target
[4.486s] -- Found moveit_ros_planning: 2.5.6 (/home/ubuntu/ros2ws/install/moveit_ros_planning/share/moveit_ros_planning/cmake)
[4.495s] -- Found Boost: /usr/lib/x86_64-linux-gnu/cmake/Boost-1.74.0/BoostConfig.cmake (found version "1.74.0") found components: system filesystem date_time program_options thread chrono 
[4.601s] -- Found ompl: /opt/ros/humble/include/ompl-1.6;/usr/include;/usr/include/eigen3  
[5.183s] -- Found OpenMP_C: -fopenmp (found version "4.5") 
[5.345s] -- Found OpenMP_CXX: -fopenmp (found version "4.5") 
[5.346s] -- Found OpenMP: TRUE (found version "4.5")  
[5.474s] -- Found ament_cmake_gtest: 1.3.10 (/opt/ros/humble/share/ament_cmake_gtest/cmake)
[5.491s] -- Found gtest sources under '/opt/ros/humble/src/gtest_vendor': C++ tests using 'Google Test' will be built
[5.906s] -- Found ament_lint_auto: 0.12.11 (/opt/ros/humble/share/ament_lint_auto/cmake)
[6.160s] -- Added test 'cppcheck' to perform static code analysis on C / C++ code
[6.161s] -- Configured cppcheck include dirs: /home/ubuntu/ros2ws/src/moveit2/moveit_planners/ompl/ompl_interface/include
[6.163s] -- Configured cppcheck exclude dirs and/or files: 
[6.173s] -- Added test 'lint_cmake' to check CMake code style
[6.181s] -- Added test 'xmllint' to check XML markup files
[6.195s] -- Configuring done
[7.334s] -- Generating done
[7.352s] -- Build files have been written to: /home/ubuntu/ros2ws/build/moveit_planners_ompl
[7.416s] Invoked command in '/home/ubuntu/ros2ws/build/moveit_planners_ompl' returned '0': AMENT_PREFIX_PATH=/home/ubuntu/ros2ws/install/moveit_ros_planning:/home/ubuntu/ros2ws/install/moveit_ros_occupancy_map_monitor:/home/ubuntu/ros2ws/install/moveit_core:/home/ubuntu/ros2ws/install/moveit_resources_panda_moveit_config:/home/ubuntu/ros2ws/install/moveit_resources_fanuc_moveit_config:/home/ubuntu/ros2ws/install/moveit_configs_utils:/home/ubuntu/ros2ws/install/srdfdom:/home/ubuntu/ros2ws/install/moveit_resources_pr2_description:/home/ubuntu/ros2ws/install/moveit_resources_panda_description:/home/ubuntu/ros2ws/install/moveit_resources_fanuc_description:/home/ubuntu/ros2ws/install/moveit_common:/home/ubuntu/ros2ws/install/launch_param_builder:${AMENT_PREFIX_PATH} CMAKE_PREFIX_PATH=/home/ubuntu/ros2ws/install/moveit_ros_planning:/home/ubuntu/ros2ws/install/moveit_ros_occupancy_map_monitor:/home/ubuntu/ros2ws/install/moveit_core:/home/ubuntu/ros2ws/install/moveit_resources_panda_moveit_config:/home/ubuntu/ros2ws/install/moveit_resources_fanuc_moveit_config:/home/ubuntu/ros2ws/install/srdfdom:/home/ubuntu/ros2ws/install/moveit_resources_pr2_description:/home/ubuntu/ros2ws/install/moveit_resources_panda_description:/home/ubuntu/ros2ws/install/moveit_resources_fanuc_description:/home/ubuntu/ros2ws/install/moveit_common:/home/ubuntu/ros2ws/install/testV2:/home/ubuntu/ros2ws/install/ros2srrc_ur5_moveit2:/home/ubuntu/ros2ws/install/ros2srrc_ur5_gazebo:/home/ubuntu/ros2ws/install/ros2srrc_ur3_moveit2:/home/ubuntu/ros2ws/install/ros2srrc_ur3_gazebo:/home/ubuntu/ros2ws/install/ros2srrc_ur16e_moveit2:/home/ubuntu/ros2ws/install/ros2srrc_ur16e_gazebo:/home/ubuntu/ros2ws/install/ros2srrc_ur10e_moveit2:/home/ubuntu/ros2ws/install/ros2srrc_ur10e_gazebo:/home/ubuntu/ros2ws/install/ros2srrc_robots:/home/ubuntu/ros2ws/install/ros2srrc_launch:/home/ubuntu/ros2ws/install/ros2srrc_irb6640_moveit2:/home/ubuntu/ros2ws/install/ros2srrc_irb6640_gazebo:/home/ubuntu/ros2ws/install/ros2srrc_irb120_moveit2:/home/ubuntu/ros2ws/install/ros2srrc_irb120_gazebo:/home/ubuntu/ros2ws/install/ros2srrc_irb1200_moveit2:/home/ubuntu/ros2ws/install/ros2srrc_irb1200_gazebo:/home/ubuntu/ros2ws/install/ros2srrc_iiwa_moveit2:/home/ubuntu/ros2ws/install/ros2srrc_iiwa_gazebo:/home/ubuntu/ros2ws/install/ros2srrc_execution:/home/ubuntu/ros2ws/install/ros2srrc_endeffectors:/home/ubuntu/ros2ws/install/ros2srrc_data:/home/ubuntu/ros2ws/install/ros2_robotiqgripper:/home/ubuntu/ros2ws/install/ros2_objectpose:/home/ubuntu/ros2ws/install/ros2_linkpose:/home/ubuntu/ros2ws/install/ros2_linkattacher:/home/ubuntu/ros2ws/install/objectpose_msgs:/home/ubuntu/ros2ws/install/objectpose_gazebo:/home/ubuntu/ros2ws/install/linkpose_msgs:/home/ubuntu/ros2ws/install/linkpose_gazebo:/home/ubuntu/ros2ws/install/linkattacher_msgs:/home/ubuntu/ros2ws/install/letter_writer:/home/ubuntu/ros2ws/install/gazebo_ros2_control_demos:/home/ubuntu/ros2ws/install/gazebo_ros2_control:/home/ubuntu/ros2ws/install/abb_rws_client:/home/ubuntu/ros2ws/install/abb_ros2:/home/ubuntu/ros2ws/install/abb_robot_msgs:/home/ubuntu/ros2ws/install/abb_resources:/home/ubuntu/ros2ws/install/abb_rapid_sm_addin_msgs:/home/ubuntu/ros2ws/install/abb_rapid_msgs:/home/ubuntu/ros2ws/install/abb_hardware_interface:/home/ubuntu/ros2ws/install/abb_egm_rws_managers:/home/ubuntu/ros2ws/install/abb_librws:/home/ubuntu/ros2ws/install/abb_libegm:/home/ubuntu/ros2ws/install/abb_irb4600_support:/home/ubuntu/ros2ws/install/abb_irb1200_5_90_moveit_config:/home/ubuntu/ros2ws/install/abb_irb1200_support:/home/ubuntu/ros2ws/install/abb_egm_msgs:/home/ubuntu/ros2ws/install/abb_bringup:/home/ubuntu/ros2ws/install/testV1:/home/ubuntu/ros2ws/install/gui_subscriber:/home/ubuntu/ros2ws/install/robot_letter_writer:/opt/ros/humble LD_LIBRARY_PATH=/home/ubuntu/ros2ws/install/moveit_ros_planning/lib:/home/ubuntu/ros2ws/install/moveit_ros_occupancy_map_monitor/lib:/home/ubuntu/ros2ws/install/moveit_core/lib:/home/ubuntu/ros2ws/install/srdfdom/lib:${LD_LIBRARY_PATH} PATH=/home/ubuntu/ros2ws/install/moveit_core/bin:${PATH} PYTHONPATH=/home/ubuntu/ros2ws/install/moveit_configs_utils/lib/python3.10/site-packages:/home/ubuntu/ros2ws/install/srdfdom/local/lib/python3.10/dist-packages:/home/ubuntu/ros2ws/install/launch_param_builder/lib/python3.10/site-packages:${PYTHONPATH} /usr/bin/cmake /home/ubuntu/ros2ws/src/moveit2/moveit_planners/ompl -DCMAKE_INSTALL_PREFIX=/home/ubuntu/ros2ws/install/moveit_planners_ompl
[7.417s] Invoking command in '/home/ubuntu/ros2ws/build/moveit_planners_ompl': AMENT_PREFIX_PATH=/home/ubuntu/ros2ws/install/moveit_ros_planning:/home/ubuntu/ros2ws/install/moveit_ros_occupancy_map_monitor:/home/ubuntu/ros2ws/install/moveit_core:/home/ubuntu/ros2ws/install/moveit_resources_panda_moveit_config:/home/ubuntu/ros2ws/install/moveit_resources_fanuc_moveit_config:/home/ubuntu/ros2ws/install/moveit_configs_utils:/home/ubuntu/ros2ws/install/srdfdom:/home/ubuntu/ros2ws/install/moveit_resources_pr2_description:/home/ubuntu/ros2ws/install/moveit_resources_panda_description:/home/ubuntu/ros2ws/install/moveit_resources_fanuc_description:/home/ubuntu/ros2ws/install/moveit_common:/home/ubuntu/ros2ws/install/launch_param_builder:${AMENT_PREFIX_PATH} CMAKE_PREFIX_PATH=/home/ubuntu/ros2ws/install/moveit_ros_planning:/home/ubuntu/ros2ws/install/moveit_ros_occupancy_map_monitor:/home/ubuntu/ros2ws/install/moveit_core:/home/ubuntu/ros2ws/install/moveit_resources_panda_moveit_config:/home/ubuntu/ros2ws/install/moveit_resources_fanuc_moveit_config:/home/ubuntu/ros2ws/install/srdfdom:/home/ubuntu/ros2ws/install/moveit_resources_pr2_description:/home/ubuntu/ros2ws/install/moveit_resources_panda_description:/home/ubuntu/ros2ws/install/moveit_resources_fanuc_description:/home/ubuntu/ros2ws/install/moveit_common:/home/ubuntu/ros2ws/install/testV2:/home/ubuntu/ros2ws/install/ros2srrc_ur5_moveit2:/home/ubuntu/ros2ws/install/ros2srrc_ur5_gazebo:/home/ubuntu/ros2ws/install/ros2srrc_ur3_moveit2:/home/ubuntu/ros2ws/install/ros2srrc_ur3_gazebo:/home/ubuntu/ros2ws/install/ros2srrc_ur16e_moveit2:/home/ubuntu/ros2ws/install/ros2srrc_ur16e_gazebo:/home/ubuntu/ros2ws/install/ros2srrc_ur10e_moveit2:/home/ubuntu/ros2ws/install/ros2srrc_ur10e_gazebo:/home/ubuntu/ros2ws/install/ros2srrc_robots:/home/ubuntu/ros2ws/install/ros2srrc_launch:/home/ubuntu/ros2ws/install/ros2srrc_irb6640_moveit2:/home/ubuntu/ros2ws/install/ros2srrc_irb6640_gazebo:/home/ubuntu/ros2ws/install/ros2srrc_irb120_moveit2:/home/ubuntu/ros2ws/install/ros2srrc_irb120_gazebo:/home/ubuntu/ros2ws/install/ros2srrc_irb1200_moveit2:/home/ubuntu/ros2ws/install/ros2srrc_irb1200_gazebo:/home/ubuntu/ros2ws/install/ros2srrc_iiwa_moveit2:/home/ubuntu/ros2ws/install/ros2srrc_iiwa_gazebo:/home/ubuntu/ros2ws/install/ros2srrc_execution:/home/ubuntu/ros2ws/install/ros2srrc_endeffectors:/home/ubuntu/ros2ws/install/ros2srrc_data:/home/ubuntu/ros2ws/install/ros2_robotiqgripper:/home/ubuntu/ros2ws/install/ros2_objectpose:/home/ubuntu/ros2ws/install/ros2_linkpose:/home/ubuntu/ros2ws/install/ros2_linkattacher:/home/ubuntu/ros2ws/install/objectpose_msgs:/home/ubuntu/ros2ws/install/objectpose_gazebo:/home/ubuntu/ros2ws/install/linkpose_msgs:/home/ubuntu/ros2ws/install/linkpose_gazebo:/home/ubuntu/ros2ws/install/linkattacher_msgs:/home/ubuntu/ros2ws/install/letter_writer:/home/ubuntu/ros2ws/install/gazebo_ros2_control_demos:/home/ubuntu/ros2ws/install/gazebo_ros2_control:/home/ubuntu/ros2ws/install/abb_rws_client:/home/ubuntu/ros2ws/install/abb_ros2:/home/ubuntu/ros2ws/install/abb_robot_msgs:/home/ubuntu/ros2ws/install/abb_resources:/home/ubuntu/ros2ws/install/abb_rapid_sm_addin_msgs:/home/ubuntu/ros2ws/install/abb_rapid_msgs:/home/ubuntu/ros2ws/install/abb_hardware_interface:/home/ubuntu/ros2ws/install/abb_egm_rws_managers:/home/ubuntu/ros2ws/install/abb_librws:/home/ubuntu/ros2ws/install/abb_libegm:/home/ubuntu/ros2ws/install/abb_irb4600_support:/home/ubuntu/ros2ws/install/abb_irb1200_5_90_moveit_config:/home/ubuntu/ros2ws/install/abb_irb1200_support:/home/ubuntu/ros2ws/install/abb_egm_msgs:/home/ubuntu/ros2ws/install/abb_bringup:/home/ubuntu/ros2ws/install/testV1:/home/ubuntu/ros2ws/install/gui_subscriber:/home/ubuntu/ros2ws/install/robot_letter_writer:/opt/ros/humble LD_LIBRARY_PATH=/home/ubuntu/ros2ws/install/moveit_ros_planning/lib:/home/ubuntu/ros2ws/install/moveit_ros_occupancy_map_monitor/lib:/home/ubuntu/ros2ws/install/moveit_core/lib:/home/ubuntu/ros2ws/install/srdfdom/lib:${LD_LIBRARY_PATH} PATH=/home/ubuntu/ros2ws/install/moveit_core/bin:${PATH} PYTHONPATH=/home/ubuntu/ros2ws/install/moveit_configs_utils/lib/python3.10/site-packages:/home/ubuntu/ros2ws/install/srdfdom/local/lib/python3.10/dist-packages:/home/ubuntu/ros2ws/install/launch_param_builder/lib/python3.10/site-packages:${PYTHONPATH} /usr/bin/cmake --build /home/ubuntu/ros2ws/build/moveit_planners_ompl -- -j4 -l4
[7.826s] [  2%] [32mBuilding CXX object gtest/CMakeFiles/gtest.dir/src/gtest-all.cc.o[0m
[7.882s] [  4%] [32mBuilding CXX object ompl_interface/CMakeFiles/moveit_ompl_interface.dir/src/planning_context_manager.cpp.o[0m
[7.894s] [  7%] [32mBuilding CXX object gtest/CMakeFiles/gtest_main.dir/src/gtest_main.cc.o[0m
[7.909s] [  9%] [32mBuilding CXX object ompl_interface/CMakeFiles/moveit_ompl_interface.dir/src/ompl_interface.cpp.o[0m
[15.073s] [ 12%] [32m[1mLinking CXX static library libgtest_main.a[0m
[15.480s] [ 12%] Built target gtest_main
[54.405s] [ 14%] [32m[1mLinking CXX static library libgtest.a[0m
[54.818s] [ 14%] Built target gtest
[80.717s] [ 17%] [32mBuilding CXX object ompl_interface/CMakeFiles/moveit_ompl_interface.dir/src/parameterization/model_based_state_space_factory.cpp.o[0m
[95.488s] [ 19%] [32mBuilding CXX object ompl_interface/CMakeFiles/moveit_ompl_interface.dir/src/parameterization/joint_space/constrained_planning_state_space.cpp.o[0m
[110.446s] [ 21%] [32mBuilding CXX object ompl_interface/CMakeFiles/moveit_ompl_interface.dir/src/parameterization/joint_space/constrained_planning_state_space_factory.cpp.o[0m
[124.681s] [ 24%] [32mBuilding CXX object ompl_interface/CMakeFiles/moveit_ompl_interface.dir/src/parameterization/joint_space/joint_model_state_space.cpp.o[0m
[138.843s] [ 26%] [32mBuilding CXX object ompl_interface/CMakeFiles/moveit_ompl_interface.dir/src/parameterization/joint_space/joint_model_state_space_factory.cpp.o[0m
[152.830s] [ 29%] [32mBuilding CXX object ompl_interface/CMakeFiles/moveit_ompl_interface.dir/src/parameterization/work_space/pose_model_state_space.cpp.o[0m
[169.378s] [ 31%] [32mBuilding CXX object ompl_interface/CMakeFiles/moveit_ompl_interface.dir/src/parameterization/work_space/pose_model_state_space_factory.cpp.o[0m
[184.448s] [ 34%] [32mBuilding CXX object ompl_interface/CMakeFiles/moveit_ompl_interface.dir/src/detail/ompl_constraints.cpp.o[0m
[204.361s] [ 36%] [32mBuilding CXX object ompl_interface/CMakeFiles/moveit_ompl_interface.dir/src/detail/threadsafe_state_storage.cpp.o[0m
[213.673s] [ 39%] [32mBuilding CXX object ompl_interface/CMakeFiles/moveit_ompl_interface.dir/src/detail/state_validity_checker.cpp.o[0m
[231.122s] [ 41%] [32mBuilding CXX object ompl_interface/CMakeFiles/moveit_ompl_interface.dir/src/detail/projection_evaluators.cpp.o[0m
[247.547s] [ 43%] [32mBuilding CXX object ompl_interface/CMakeFiles/moveit_ompl_interface.dir/src/detail/goal_union.cpp.o[0m
[250.994s] [ 46%] [32mBuilding CXX object ompl_interface/CMakeFiles/moveit_ompl_interface.dir/src/detail/constraints_library.cpp.o[0m
[275.190s] [ 48%] [32mBuilding CXX object ompl_interface/CMakeFiles/moveit_ompl_interface.dir/src/detail/constrained_sampler.cpp.o[0m
[291.184s] [ 51%] [32mBuilding CXX object ompl_interface/CMakeFiles/moveit_ompl_interface.dir/src/detail/constrained_valid_state_sampler.cpp.o[0m
[307.380s] [ 53%] [32mBuilding CXX object ompl_interface/CMakeFiles/moveit_ompl_interface.dir/src/detail/constrained_goal_sampler.cpp.o[0m
[325.118s] [ 56%] [32mBuilding CXX object ompl_interface/CMakeFiles/moveit_ompl_interface.dir/src/parameterization/model_based_state_space.cpp.o[0m
[339.983s] [ 58%] [32mBuilding CXX object ompl_interface/CMakeFiles/moveit_ompl_interface.dir/src/model_based_planning_context.cpp.o[0m
[366.734s] [ 60%] [32m[1mLinking CXX shared library libmoveit_ompl_interface.so[0m
[368.862s] [ 60%] Built target moveit_ompl_interface
[368.970s] [ 63%] [32mBuilding CXX object ompl_interface/CMakeFiles/moveit_generate_state_database.dir/scripts/generate_state_database.cpp.o[0m
[397.543s] [ 65%] [32m[1mLinking CXX executable generate_state_database[0m
[398.126s] [ 65%] Built target moveit_generate_state_database
[398.163s] [ 68%] [32mBuilding CXX object ompl_interface/CMakeFiles/test_state_validity_checker.dir/test/test_state_validity_checker.cpp.o[0m
[408.199s] [ 70%] [32mBuilding CXX object ompl_interface/CMakeFiles/test_planning_context_manager.dir/test/test_planning_context_manager.cpp.o[0m
[410.274s] [ 73%] [32mBuilding CXX object ompl_interface/CMakeFiles/test_state_space.dir/test/test_state_space.cpp.o[0m
[412.340s] [ 75%] [32mBuilding CXX object ompl_interface/CMakeFiles/moveit_ompl_planner_plugin.dir/src/ompl_planner_manager.cpp.o[0m
[416.368s] [ 78%] [32m[1mLinking CXX executable test_state_validity_checker[0m
[417.867s] [ 78%] Built target test_state_validity_checker
[433.841s] [ 80%] [32m[1mLinking CXX executable test_state_space[0m
[435.111s] [ 80%] Built target test_state_space
[436.109s] [ 82%] [32m[1mLinking CXX shared library libmoveit_ompl_planner_plugin.so[0m
[436.850s] [ 82%] Built target moveit_ompl_planner_plugin
[438.319s] [ 85%] [32m[1mLinking CXX executable test_planning_context_manager[0m
[438.958s] [ 85%] Built target test_planning_context_manager
[438.998s] [ 87%] [32mBuilding CXX object ompl_interface/CMakeFiles/test_threadsafe_state_storage.dir/test/test_threadsafe_state_storage.cpp.o[0m
[446.628s] [ 90%] [32m[1mLinking CXX executable test_threadsafe_state_storage[0m
[447.170s] [ 90%] Built target test_threadsafe_state_storage
[447.210s] [ 92%] [32mBuilding CXX object ompl_interface/CMakeFiles/test_constrained_state_validity_checker.dir/test/test_constrained_state_validity_checker.cpp.o[0m
[461.642s] [ 95%] [32m[1mLinking CXX executable test_constrained_state_validity_checker[0m
[462.252s] [ 95%] Built target test_constrained_state_validity_checker
[462.283s] [ 97%] [32mBuilding CXX object ompl_interface/CMakeFiles/test_constrained_planning_state_space.dir/test/test_constrained_planning_state_space.cpp.o[0m
[473.983s] [100%] [32m[1mLinking CXX executable test_constrained_planning_state_space[0m
[474.584s] [100%] Built target test_constrained_planning_state_space
[474.603s] Invoked command in '/home/ubuntu/ros2ws/build/moveit_planners_ompl' returned '0': AMENT_PREFIX_PATH=/home/ubuntu/ros2ws/install/moveit_ros_planning:/home/ubuntu/ros2ws/install/moveit_ros_occupancy_map_monitor:/home/ubuntu/ros2ws/install/moveit_core:/home/ubuntu/ros2ws/install/moveit_resources_panda_moveit_config:/home/ubuntu/ros2ws/install/moveit_resources_fanuc_moveit_config:/home/ubuntu/ros2ws/install/moveit_configs_utils:/home/ubuntu/ros2ws/install/srdfdom:/home/ubuntu/ros2ws/install/moveit_resources_pr2_description:/home/ubuntu/ros2ws/install/moveit_resources_panda_description:/home/ubuntu/ros2ws/install/moveit_resources_fanuc_description:/home/ubuntu/ros2ws/install/moveit_common:/home/ubuntu/ros2ws/install/launch_param_builder:${AMENT_PREFIX_PATH} CMAKE_PREFIX_PATH=/home/ubuntu/ros2ws/install/moveit_ros_planning:/home/ubuntu/ros2ws/install/moveit_ros_occupancy_map_monitor:/home/ubuntu/ros2ws/install/moveit_core:/home/ubuntu/ros2ws/install/moveit_resources_panda_moveit_config:/home/ubuntu/ros2ws/install/moveit_resources_fanuc_moveit_config:/home/ubuntu/ros2ws/install/srdfdom:/home/ubuntu/ros2ws/install/moveit_resources_pr2_description:/home/ubuntu/ros2ws/install/moveit_resources_panda_description:/home/ubuntu/ros2ws/install/moveit_resources_fanuc_description:/home/ubuntu/ros2ws/install/moveit_common:/home/ubuntu/ros2ws/install/testV2:/home/ubuntu/ros2ws/install/ros2srrc_ur5_moveit2:/home/ubuntu/ros2ws/install/ros2srrc_ur5_gazebo:/home/ubuntu/ros2ws/install/ros2srrc_ur3_moveit2:/home/ubuntu/ros2ws/install/ros2srrc_ur3_gazebo:/home/ubuntu/ros2ws/install/ros2srrc_ur16e_moveit2:/home/ubuntu/ros2ws/install/ros2srrc_ur16e_gazebo:/home/ubuntu/ros2ws/install/ros2srrc_ur10e_moveit2:/home/ubuntu/ros2ws/install/ros2srrc_ur10e_gazebo:/home/ubuntu/ros2ws/install/ros2srrc_robots:/home/ubuntu/ros2ws/install/ros2srrc_launch:/home/ubuntu/ros2ws/install/ros2srrc_irb6640_moveit2:/home/ubuntu/ros2ws/install/ros2srrc_irb6640_gazebo:/home/ubuntu/ros2ws/install/ros2srrc_irb120_moveit2:/home/ubuntu/ros2ws/install/ros2srrc_irb120_gazebo:/home/ubuntu/ros2ws/install/ros2srrc_irb1200_moveit2:/home/ubuntu/ros2ws/install/ros2srrc_irb1200_gazebo:/home/ubuntu/ros2ws/install/ros2srrc_iiwa_moveit2:/home/ubuntu/ros2ws/install/ros2srrc_iiwa_gazebo:/home/ubuntu/ros2ws/install/ros2srrc_execution:/home/ubuntu/ros2ws/install/ros2srrc_endeffectors:/home/ubuntu/ros2ws/install/ros2srrc_data:/home/ubuntu/ros2ws/install/ros2_robotiqgripper:/home/ubuntu/ros2ws/install/ros2_objectpose:/home/ubuntu/ros2ws/install/ros2_linkpose:/home/ubuntu/ros2ws/install/ros2_linkattacher:/home/ubuntu/ros2ws/install/objectpose_msgs:/home/ubuntu/ros2ws/install/objectpose_gazebo:/home/ubuntu/ros2ws/install/linkpose_msgs:/home/ubuntu/ros2ws/install/linkpose_gazebo:/home/ubuntu/ros2ws/install/linkattacher_msgs:/home/ubuntu/ros2ws/install/letter_writer:/home/ubuntu/ros2ws/install/gazebo_ros2_control_demos:/home/ubuntu/ros2ws/install/gazebo_ros2_control:/home/ubuntu/ros2ws/install/abb_rws_client:/home/ubuntu/ros2ws/install/abb_ros2:/home/ubuntu/ros2ws/install/abb_robot_msgs:/home/ubuntu/ros2ws/install/abb_resources:/home/ubuntu/ros2ws/install/abb_rapid_sm_addin_msgs:/home/ubuntu/ros2ws/install/abb_rapid_msgs:/home/ubuntu/ros2ws/install/abb_hardware_interface:/home/ubuntu/ros2ws/install/abb_egm_rws_managers:/home/ubuntu/ros2ws/install/abb_librws:/home/ubuntu/ros2ws/install/abb_libegm:/home/ubuntu/ros2ws/install/abb_irb4600_support:/home/ubuntu/ros2ws/install/abb_irb1200_5_90_moveit_config:/home/ubuntu/ros2ws/install/abb_irb1200_support:/home/ubuntu/ros2ws/install/abb_egm_msgs:/home/ubuntu/ros2ws/install/abb_bringup:/home/ubuntu/ros2ws/install/testV1:/home/ubuntu/ros2ws/install/gui_subscriber:/home/ubuntu/ros2ws/install/robot_letter_writer:/opt/ros/humble LD_LIBRARY_PATH=/home/ubuntu/ros2ws/install/moveit_ros_planning/lib:/home/ubuntu/ros2ws/install/moveit_ros_occupancy_map_monitor/lib:/home/ubuntu/ros2ws/install/moveit_core/lib:/home/ubuntu/ros2ws/install/srdfdom/lib:${LD_LIBRARY_PATH} PATH=/home/ubuntu/ros2ws/install/moveit_core/bin:${PATH} PYTHONPATH=/home/ubuntu/ros2ws/install/moveit_configs_utils/lib/python3.10/site-packages:/home/ubuntu/ros2ws/install/srdfdom/local/lib/python3.10/dist-packages:/home/ubuntu/ros2ws/install/launch_param_builder/lib/python3.10/site-packages:${PYTHONPATH} /usr/bin/cmake --build /home/ubuntu/ros2ws/build/moveit_planners_ompl -- -j4 -l4
[474.656s] Invoking command in '/home/ubuntu/ros2ws/build/moveit_planners_ompl': AMENT_PREFIX_PATH=/home/ubuntu/ros2ws/install/moveit_ros_planning:/home/ubuntu/ros2ws/install/moveit_ros_occupancy_map_monitor:/home/ubuntu/ros2ws/install/moveit_core:/home/ubuntu/ros2ws/install/moveit_resources_panda_moveit_config:/home/ubuntu/ros2ws/install/moveit_resources_fanuc_moveit_config:/home/ubuntu/ros2ws/install/moveit_configs_utils:/home/ubuntu/ros2ws/install/srdfdom:/home/ubuntu/ros2ws/install/moveit_resources_pr2_description:/home/ubuntu/ros2ws/install/moveit_resources_panda_description:/home/ubuntu/ros2ws/install/moveit_resources_fanuc_description:/home/ubuntu/ros2ws/install/moveit_common:/home/ubuntu/ros2ws/install/launch_param_builder:${AMENT_PREFIX_PATH} CMAKE_PREFIX_PATH=/home/ubuntu/ros2ws/install/moveit_ros_planning:/home/ubuntu/ros2ws/install/moveit_ros_occupancy_map_monitor:/home/ubuntu/ros2ws/install/moveit_core:/home/ubuntu/ros2ws/install/moveit_resources_panda_moveit_config:/home/ubuntu/ros2ws/install/moveit_resources_fanuc_moveit_config:/home/ubuntu/ros2ws/install/srdfdom:/home/ubuntu/ros2ws/install/moveit_resources_pr2_description:/home/ubuntu/ros2ws/install/moveit_resources_panda_description:/home/ubuntu/ros2ws/install/moveit_resources_fanuc_description:/home/ubuntu/ros2ws/install/moveit_common:/home/ubuntu/ros2ws/install/testV2:/home/ubuntu/ros2ws/install/ros2srrc_ur5_moveit2:/home/ubuntu/ros2ws/install/ros2srrc_ur5_gazebo:/home/ubuntu/ros2ws/install/ros2srrc_ur3_moveit2:/home/ubuntu/ros2ws/install/ros2srrc_ur3_gazebo:/home/ubuntu/ros2ws/install/ros2srrc_ur16e_moveit2:/home/ubuntu/ros2ws/install/ros2srrc_ur16e_gazebo:/home/ubuntu/ros2ws/install/ros2srrc_ur10e_moveit2:/home/ubuntu/ros2ws/install/ros2srrc_ur10e_gazebo:/home/ubuntu/ros2ws/install/ros2srrc_robots:/home/ubuntu/ros2ws/install/ros2srrc_launch:/home/ubuntu/ros2ws/install/ros2srrc_irb6640_moveit2:/home/ubuntu/ros2ws/install/ros2srrc_irb6640_gazebo:/home/ubuntu/ros2ws/install/ros2srrc_irb120_moveit2:/home/ubuntu/ros2ws/install/ros2srrc_irb120_gazebo:/home/ubuntu/ros2ws/install/ros2srrc_irb1200_moveit2:/home/ubuntu/ros2ws/install/ros2srrc_irb1200_gazebo:/home/ubuntu/ros2ws/install/ros2srrc_iiwa_moveit2:/home/ubuntu/ros2ws/install/ros2srrc_iiwa_gazebo:/home/ubuntu/ros2ws/install/ros2srrc_execution:/home/ubuntu/ros2ws/install/ros2srrc_endeffectors:/home/ubuntu/ros2ws/install/ros2srrc_data:/home/ubuntu/ros2ws/install/ros2_robotiqgripper:/home/ubuntu/ros2ws/install/ros2_objectpose:/home/ubuntu/ros2ws/install/ros2_linkpose:/home/ubuntu/ros2ws/install/ros2_linkattacher:/home/ubuntu/ros2ws/install/objectpose_msgs:/home/ubuntu/ros2ws/install/objectpose_gazebo:/home/ubuntu/ros2ws/install/linkpose_msgs:/home/ubuntu/ros2ws/install/linkpose_gazebo:/home/ubuntu/ros2ws/install/linkattacher_msgs:/home/ubuntu/ros2ws/install/letter_writer:/home/ubuntu/ros2ws/install/gazebo_ros2_control_demos:/home/ubuntu/ros2ws/install/gazebo_ros2_control:/home/ubuntu/ros2ws/install/abb_rws_client:/home/ubuntu/ros2ws/install/abb_ros2:/home/ubuntu/ros2ws/install/abb_robot_msgs:/home/ubuntu/ros2ws/install/abb_resources:/home/ubuntu/ros2ws/install/abb_rapid_sm_addin_msgs:/home/ubuntu/ros2ws/install/abb_rapid_msgs:/home/ubuntu/ros2ws/install/abb_hardware_interface:/home/ubuntu/ros2ws/install/abb_egm_rws_managers:/home/ubuntu/ros2ws/install/abb_librws:/home/ubuntu/ros2ws/install/abb_libegm:/home/ubuntu/ros2ws/install/abb_irb4600_support:/home/ubuntu/ros2ws/install/abb_irb1200_5_90_moveit_config:/home/ubuntu/ros2ws/install/abb_irb1200_support:/home/ubuntu/ros2ws/install/abb_egm_msgs:/home/ubuntu/ros2ws/install/abb_bringup:/home/ubuntu/ros2ws/install/testV1:/home/ubuntu/ros2ws/install/gui_subscriber:/home/ubuntu/ros2ws/install/robot_letter_writer:/opt/ros/humble LD_LIBRARY_PATH=/home/ubuntu/ros2ws/install/moveit_ros_planning/lib:/home/ubuntu/ros2ws/install/moveit_ros_occupancy_map_monitor/lib:/home/ubuntu/ros2ws/install/moveit_core/lib:/home/ubuntu/ros2ws/install/srdfdom/lib:${LD_LIBRARY_PATH} PATH=/home/ubuntu/ros2ws/install/moveit_core/bin:${PATH} PYTHONPATH=/home/ubuntu/ros2ws/install/moveit_configs_utils/lib/python3.10/site-packages:/home/ubuntu/ros2ws/install/srdfdom/local/lib/python3.10/dist-packages:/home/ubuntu/ros2ws/install/launch_param_builder/lib/python3.10/site-packages:${PYTHONPATH} /usr/bin/cmake --install /home/ubuntu/ros2ws/build/moveit_planners_ompl
[474.667s] -- Install configuration: "Release"
[474.667s] -- Installing: /home/ubuntu/ros2ws/install/moveit_planners_ompl/lib/moveit_planners_ompl/generate_state_database
[474.667s] -- Set runtime path of "/home/ubuntu/ros2ws/install/moveit_planners_ompl/lib/moveit_planners_ompl/generate_state_database" to ""
[474.668s] -- Installing: /home/ubuntu/ros2ws/install/moveit_planners_ompl/include
[474.668s] -- Installing: /home/ubuntu/ros2ws/install/moveit_planners_ompl/include/moveit
[474.668s] -- Installing: /home/ubuntu/ros2ws/install/moveit_planners_ompl/include/moveit/ompl_interface
[474.668s] -- Installing: /home/ubuntu/ros2ws/install/moveit_planners_ompl/include/moveit/ompl_interface/model_based_planning_context.h
[474.668s] -- Installing: /home/ubuntu/ros2ws/install/moveit_planners_ompl/include/moveit/ompl_interface/planning_context_manager.h
[474.668s] -- Installing: /home/ubuntu/ros2ws/install/moveit_planners_ompl/include/moveit/ompl_interface/parameterization
[474.668s] -- Installing: /home/ubuntu/ros2ws/install/moveit_planners_ompl/include/moveit/ompl_interface/parameterization/joint_space
[474.668s] -- Installing: /home/ubuntu/ros2ws/install/moveit_planners_ompl/include/moveit/ompl_interface/parameterization/joint_space/joint_model_state_space_factory.h
[474.668s] -- Installing: /home/ubuntu/ros2ws/install/moveit_planners_ompl/include/moveit/ompl_interface/parameterization/joint_space/constrained_planning_state_space_factory.h
[474.669s] -- Installing: /home/ubuntu/ros2ws/install/moveit_planners_ompl/include/moveit/ompl_interface/parameterization/joint_space/constrained_planning_state_space.h
[474.669s] -- Installing: /home/ubuntu/ros2ws/install/moveit_planners_ompl/include/moveit/ompl_interface/parameterization/joint_space/joint_model_state_space.h
[474.669s] -- Installing: /home/ubuntu/ros2ws/install/moveit_planners_ompl/include/moveit/ompl_interface/parameterization/work_space
[474.669s] -- Installing: /home/ubuntu/ros2ws/install/moveit_planners_ompl/include/moveit/ompl_interface/parameterization/work_space/pose_model_state_space.h
[474.669s] -- Installing: /home/ubuntu/ros2ws/install/moveit_planners_ompl/include/moveit/ompl_interface/parameterization/work_space/pose_model_state_space_factory.h
[474.669s] -- Installing: /home/ubuntu/ros2ws/install/moveit_planners_ompl/include/moveit/ompl_interface/parameterization/model_based_state_space_factory.h
[474.669s] -- Installing: /home/ubuntu/ros2ws/install/moveit_planners_ompl/include/moveit/ompl_interface/parameterization/model_based_state_space.h
[474.669s] -- Installing: /home/ubuntu/ros2ws/install/moveit_planners_ompl/include/moveit/ompl_interface/ompl_interface.h
[474.669s] -- Installing: /home/ubuntu/ros2ws/install/moveit_planners_ompl/include/moveit/ompl_interface/detail
[474.670s] -- Installing: /home/ubuntu/ros2ws/install/moveit_planners_ompl/include/moveit/ompl_interface/detail/constraints_library.h
[474.670s] -- Installing: /home/ubuntu/ros2ws/install/moveit_planners_ompl/include/moveit/ompl_interface/detail/constrained_sampler.h
[474.670s] -- Installing: /home/ubuntu/ros2ws/install/moveit_planners_ompl/include/moveit/ompl_interface/detail/goal_union.h
[474.671s] -- Installing: /home/ubuntu/ros2ws/install/moveit_planners_ompl/include/moveit/ompl_interface/detail/constrained_valid_state_sampler.h
[474.671s] -- Installing: /home/ubuntu/ros2ws/install/moveit_planners_ompl/include/moveit/ompl_interface/detail/threadsafe_state_storage.h
[474.671s] -- Installing: /home/ubuntu/ros2ws/install/moveit_planners_ompl/include/moveit/ompl_interface/detail/constrained_goal_sampler.h
[474.671s] -- Installing: /home/ubuntu/ros2ws/install/moveit_planners_ompl/include/moveit/ompl_interface/detail/ompl_constraints.h
[474.671s] -- Installing: /home/ubuntu/ros2ws/install/moveit_planners_ompl/include/moveit/ompl_interface/detail/state_validity_checker.h
[474.671s] -- Installing: /home/ubuntu/ros2ws/install/moveit_planners_ompl/include/moveit/ompl_interface/detail/projection_evaluators.h
[474.671s] -- Installing: /home/ubuntu/ros2ws/install/moveit_planners_ompl/include/moveit/ompl_interface/detail/constraint_approximations.h
[474.671s] -- Installing: /home/ubuntu/ros2ws/install/moveit_planners_ompl/lib/libmoveit_ompl_interface.so.2.5.6
[474.673s] -- Set runtime path of "/home/ubuntu/ros2ws/install/moveit_planners_ompl/lib/libmoveit_ompl_interface.so.2.5.6" to ""
[474.673s] -- Installing: /home/ubuntu/ros2ws/install/moveit_planners_ompl/lib/libmoveit_ompl_interface.so
[474.673s] -- Installing: /home/ubuntu/ros2ws/install/moveit_planners_ompl/lib/libmoveit_ompl_planner_plugin.so.2.5.6
[474.674s] -- Set runtime path of "/home/ubuntu/ros2ws/install/moveit_planners_ompl/lib/libmoveit_ompl_planner_plugin.so.2.5.6" to ""
[474.674s] -- Installing: /home/ubuntu/ros2ws/install/moveit_planners_ompl/lib/libmoveit_ompl_planner_plugin.so
[474.674s] -- Installing: /home/ubuntu/ros2ws/install/moveit_planners_ompl/share/moveit_planners_ompl/environment/library_path.sh
[474.675s] -- Installing: /home/ubuntu/ros2ws/install/moveit_planners_ompl/share/moveit_planners_ompl/environment/library_path.dsv
[474.675s] -- Installing: /home/ubuntu/ros2ws/install/moveit_planners_ompl/share/moveit_planners_ompl/ompl_interface_plugin_description.xml
[474.675s] -- Installing: /home/ubuntu/ros2ws/install/moveit_planners_ompl/share/ament_index/resource_index/package_run_dependencies/moveit_planners_ompl
[474.675s] -- Installing: /home/ubuntu/ros2ws/install/moveit_planners_ompl/share/ament_index/resource_index/parent_prefix_path/moveit_planners_ompl
[474.675s] -- Installing: /home/ubuntu/ros2ws/install/moveit_planners_ompl/share/moveit_planners_ompl/environment/ament_prefix_path.sh
[474.676s] -- Installing: /home/ubuntu/ros2ws/install/moveit_planners_ompl/share/moveit_planners_ompl/environment/ament_prefix_path.dsv
[474.676s] -- Installing: /home/ubuntu/ros2ws/install/moveit_planners_ompl/share/moveit_planners_ompl/environment/path.sh
[474.676s] -- Installing: /home/ubuntu/ros2ws/install/moveit_planners_ompl/share/moveit_planners_ompl/environment/path.dsv
[474.676s] -- Installing: /home/ubuntu/ros2ws/install/moveit_planners_ompl/share/moveit_planners_ompl/local_setup.bash
[474.676s] -- Installing: /home/ubuntu/ros2ws/install/moveit_planners_ompl/share/moveit_planners_ompl/local_setup.sh
[474.676s] -- Installing: /home/ubuntu/ros2ws/install/moveit_planners_ompl/share/moveit_planners_ompl/local_setup.zsh
[474.677s] -- Installing: /home/ubuntu/ros2ws/install/moveit_planners_ompl/share/moveit_planners_ompl/local_setup.dsv
[474.677s] -- Installing: /home/ubuntu/ros2ws/install/moveit_planners_ompl/share/moveit_planners_ompl/package.dsv
[474.677s] -- Installing: /home/ubuntu/ros2ws/install/moveit_planners_ompl/share/ament_index/resource_index/packages/moveit_planners_ompl
[474.677s] -- Installing: /home/ubuntu/ros2ws/install/moveit_planners_ompl/share/ament_index/resource_index/moveit_core__pluginlib__plugin/moveit_planners_ompl
[474.677s] -- Installing: /home/ubuntu/ros2ws/install/moveit_planners_ompl/share/moveit_planners_ompl/cmake/export_moveit_planners_omplExport.cmake
[474.678s] -- Installing: /home/ubuntu/ros2ws/install/moveit_planners_ompl/share/moveit_planners_ompl/cmake/export_moveit_planners_omplExport-release.cmake
[474.678s] -- Installing: /home/ubuntu/ros2ws/install/moveit_planners_ompl/share/moveit_planners_ompl/cmake/ament_cmake_export_targets-extras.cmake
[474.678s] -- Installing: /home/ubuntu/ros2ws/install/moveit_planners_ompl/share/moveit_planners_ompl/cmake/ament_cmake_export_dependencies-extras.cmake
[474.678s] -- Installing: /home/ubuntu/ros2ws/install/moveit_planners_ompl/share/moveit_planners_ompl/cmake/moveit_planners_omplConfig.cmake
[474.678s] -- Installing: /home/ubuntu/ros2ws/install/moveit_planners_ompl/share/moveit_planners_ompl/cmake/moveit_planners_omplConfig-version.cmake
[474.678s] -- Installing: /home/ubuntu/ros2ws/install/moveit_planners_ompl/share/moveit_planners_ompl/package.xml
[474.681s] Invoked command in '/home/ubuntu/ros2ws/build/moveit_planners_ompl' returned '0': AMENT_PREFIX_PATH=/home/ubuntu/ros2ws/install/moveit_ros_planning:/home/ubuntu/ros2ws/install/moveit_ros_occupancy_map_monitor:/home/ubuntu/ros2ws/install/moveit_core:/home/ubuntu/ros2ws/install/moveit_resources_panda_moveit_config:/home/ubuntu/ros2ws/install/moveit_resources_fanuc_moveit_config:/home/ubuntu/ros2ws/install/moveit_configs_utils:/home/ubuntu/ros2ws/install/srdfdom:/home/ubuntu/ros2ws/install/moveit_resources_pr2_description:/home/ubuntu/ros2ws/install/moveit_resources_panda_description:/home/ubuntu/ros2ws/install/moveit_resources_fanuc_description:/home/ubuntu/ros2ws/install/moveit_common:/home/ubuntu/ros2ws/install/launch_param_builder:${AMENT_PREFIX_PATH} CMAKE_PREFIX_PATH=/home/ubuntu/ros2ws/install/moveit_ros_planning:/home/ubuntu/ros2ws/install/moveit_ros_occupancy_map_monitor:/home/ubuntu/ros2ws/install/moveit_core:/home/ubuntu/ros2ws/install/moveit_resources_panda_moveit_config:/home/ubuntu/ros2ws/install/moveit_resources_fanuc_moveit_config:/home/ubuntu/ros2ws/install/srdfdom:/home/ubuntu/ros2ws/install/moveit_resources_pr2_description:/home/ubuntu/ros2ws/install/moveit_resources_panda_description:/home/ubuntu/ros2ws/install/moveit_resources_fanuc_description:/home/ubuntu/ros2ws/install/moveit_common:/home/ubuntu/ros2ws/install/testV2:/home/ubuntu/ros2ws/install/ros2srrc_ur5_moveit2:/home/ubuntu/ros2ws/install/ros2srrc_ur5_gazebo:/home/ubuntu/ros2ws/install/ros2srrc_ur3_moveit2:/home/ubuntu/ros2ws/install/ros2srrc_ur3_gazebo:/home/ubuntu/ros2ws/install/ros2srrc_ur16e_moveit2:/home/ubuntu/ros2ws/install/ros2srrc_ur16e_gazebo:/home/ubuntu/ros2ws/install/ros2srrc_ur10e_moveit2:/home/ubuntu/ros2ws/install/ros2srrc_ur10e_gazebo:/home/ubuntu/ros2ws/install/ros2srrc_robots:/home/ubuntu/ros2ws/install/ros2srrc_launch:/home/ubuntu/ros2ws/install/ros2srrc_irb6640_moveit2:/home/ubuntu/ros2ws/install/ros2srrc_irb6640_gazebo:/home/ubuntu/ros2ws/install/ros2srrc_irb120_moveit2:/home/ubuntu/ros2ws/install/ros2srrc_irb120_gazebo:/home/ubuntu/ros2ws/install/ros2srrc_irb1200_moveit2:/home/ubuntu/ros2ws/install/ros2srrc_irb1200_gazebo:/home/ubuntu/ros2ws/install/ros2srrc_iiwa_moveit2:/home/ubuntu/ros2ws/install/ros2srrc_iiwa_gazebo:/home/ubuntu/ros2ws/install/ros2srrc_execution:/home/ubuntu/ros2ws/install/ros2srrc_endeffectors:/home/ubuntu/ros2ws/install/ros2srrc_data:/home/ubuntu/ros2ws/install/ros2_robotiqgripper:/home/ubuntu/ros2ws/install/ros2_objectpose:/home/ubuntu/ros2ws/install/ros2_linkpose:/home/ubuntu/ros2ws/install/ros2_linkattacher:/home/ubuntu/ros2ws/install/objectpose_msgs:/home/ubuntu/ros2ws/install/objectpose_gazebo:/home/ubuntu/ros2ws/install/linkpose_msgs:/home/ubuntu/ros2ws/install/linkpose_gazebo:/home/ubuntu/ros2ws/install/linkattacher_msgs:/home/ubuntu/ros2ws/install/letter_writer:/home/ubuntu/ros2ws/install/gazebo_ros2_control_demos:/home/ubuntu/ros2ws/install/gazebo_ros2_control:/home/ubuntu/ros2ws/install/abb_rws_client:/home/ubuntu/ros2ws/install/abb_ros2:/home/ubuntu/ros2ws/install/abb_robot_msgs:/home/ubuntu/ros2ws/install/abb_resources:/home/ubuntu/ros2ws/install/abb_rapid_sm_addin_msgs:/home/ubuntu/ros2ws/install/abb_rapid_msgs:/home/ubuntu/ros2ws/install/abb_hardware_interface:/home/ubuntu/ros2ws/install/abb_egm_rws_managers:/home/ubuntu/ros2ws/install/abb_librws:/home/ubuntu/ros2ws/install/abb_libegm:/home/ubuntu/ros2ws/install/abb_irb4600_support:/home/ubuntu/ros2ws/install/abb_irb1200_5_90_moveit_config:/home/ubuntu/ros2ws/install/abb_irb1200_support:/home/ubuntu/ros2ws/install/abb_egm_msgs:/home/ubuntu/ros2ws/install/abb_bringup:/home/ubuntu/ros2ws/install/testV1:/home/ubuntu/ros2ws/install/gui_subscriber:/home/ubuntu/ros2ws/install/robot_letter_writer:/opt/ros/humble LD_LIBRARY_PATH=/home/ubuntu/ros2ws/install/moveit_ros_planning/lib:/home/ubuntu/ros2ws/install/moveit_ros_occupancy_map_monitor/lib:/home/ubuntu/ros2ws/install/moveit_core/lib:/home/ubuntu/ros2ws/install/srdfdom/lib:${LD_LIBRARY_PATH} PATH=/home/ubuntu/ros2ws/install/moveit_core/bin:${PATH} PYTHONPATH=/home/ubuntu/ros2ws/install/moveit_configs_utils/lib/python3.10/site-packages:/home/ubuntu/ros2ws/install/srdfdom/local/lib/python3.10/dist-packages:/home/ubuntu/ros2ws/install/launch_param_builder/lib/python3.10/site-packages:${PYTHONPATH} /usr/bin/cmake --install /home/ubuntu/ros2ws/build/moveit_planners_ompl
