[1.230s] Invoking command in '/home/ubuntu/ros2ws/src/launch_param_builder': PYTHONPATH=/home/ubuntu/ros2ws/build/launch_param_builder/prefix_override:/usr/lib/python3/dist-packages/colcon_core/task/python/colcon_distutils_commands:/home/ubuntu/ros2ws/install/launch_param_builder/lib/python3.10/site-packages:${PYTHONPATH} /usr/bin/python3 -W ignore:setup.py install is deprecated setup.py egg_info --egg-base ../../build/launch_param_builder build --build-base /home/ubuntu/ros2ws/build/launch_param_builder/build install --record /home/ubuntu/ros2ws/build/launch_param_builder/install.log --single-version-externally-managed install_data
[1.597s] running egg_info
[1.597s] creating ../../build/launch_param_builder/launch_param_builder.egg-info
[1.597s] writing ../../build/launch_param_builder/launch_param_builder.egg-info/PKG-INFO
[1.597s] writing dependency_links to ../../build/launch_param_builder/launch_param_builder.egg-info/dependency_links.txt
[1.598s] writing entry points to ../../build/launch_param_builder/launch_param_builder.egg-info/entry_points.txt
[1.598s] writing requirements to ../../build/launch_param_builder/launch_param_builder.egg-info/requires.txt
[1.598s] writing top-level names to ../../build/launch_param_builder/launch_param_builder.egg-info/top_level.txt
[1.598s] writing manifest file '../../build/launch_param_builder/launch_param_builder.egg-info/SOURCES.txt'
[1.599s] reading manifest file '../../build/launch_param_builder/launch_param_builder.egg-info/SOURCES.txt'
[1.602s] adding license file 'LICENSE'
[1.602s] writing manifest file '../../build/launch_param_builder/launch_param_builder.egg-info/SOURCES.txt'
[1.602s] running build
[1.602s] running build_py
[1.602s] creating /home/ubuntu/ros2ws/build/launch_param_builder/build
[1.603s] creating /home/ubuntu/ros2ws/build/launch_param_builder/build/lib
[1.603s] creating /home/ubuntu/ros2ws/build/launch_param_builder/build/lib/launch_param_builder
[1.603s] copying launch_param_builder/utils.py -> /home/ubuntu/ros2ws/build/launch_param_builder/build/lib/launch_param_builder
[1.603s] copying launch_param_builder/launch_param_builder.py -> /home/ubuntu/ros2ws/build/launch_param_builder/build/lib/launch_param_builder
[1.603s] copying launch_param_builder/__init__.py -> /home/ubuntu/ros2ws/build/launch_param_builder/build/lib/launch_param_builder
[1.604s] running install
[1.604s] running install_lib
[1.605s] creating /home/ubuntu/ros2ws/install/launch_param_builder/lib/python3.10/site-packages/launch_param_builder
[1.605s] copying /home/ubuntu/ros2ws/build/launch_param_builder/build/lib/launch_param_builder/utils.py -> /home/ubuntu/ros2ws/install/launch_param_builder/lib/python3.10/site-packages/launch_param_builder
[1.605s] copying /home/ubuntu/ros2ws/build/launch_param_builder/build/lib/launch_param_builder/launch_param_builder.py -> /home/ubuntu/ros2ws/install/launch_param_builder/lib/python3.10/site-packages/launch_param_builder
[1.606s] copying /home/ubuntu/ros2ws/build/launch_param_builder/build/lib/launch_param_builder/__init__.py -> /home/ubuntu/ros2ws/install/launch_param_builder/lib/python3.10/site-packages/launch_param_builder
[1.606s] byte-compiling /home/ubuntu/ros2ws/install/launch_param_builder/lib/python3.10/site-packages/launch_param_builder/utils.py to utils.cpython-310.pyc
[1.606s] byte-compiling /home/ubuntu/ros2ws/install/launch_param_builder/lib/python3.10/site-packages/launch_param_builder/launch_param_builder.py to launch_param_builder.cpython-310.pyc
[1.606s] byte-compiling /home/ubuntu/ros2ws/install/launch_param_builder/lib/python3.10/site-packages/launch_param_builder/__init__.py to __init__.cpython-310.pyc
[1.606s] running install_data
[1.606s] creating /home/ubuntu/ros2ws/install/launch_param_builder/share/ament_index
[1.607s] creating /home/ubuntu/ros2ws/install/launch_param_builder/share/ament_index/resource_index
[1.607s] creating /home/ubuntu/ros2ws/install/launch_param_builder/share/ament_index/resource_index/packages
[1.607s] copying resource/launch_param_builder -> /home/ubuntu/ros2ws/install/launch_param_builder/share/ament_index/resource_index/packages
[1.607s] creating /home/ubuntu/ros2ws/install/launch_param_builder/share/launch_param_builder/launch
[1.607s] copying example/launch_param_builder_example.launch.py -> /home/ubuntu/ros2ws/install/launch_param_builder/share/launch_param_builder/launch
[1.607s] creating /home/ubuntu/ros2ws/install/launch_param_builder/share/launch_param_builder/config
[1.607s] copying test/data/parameters.yaml -> /home/ubuntu/ros2ws/install/launch_param_builder/share/launch_param_builder/config
[1.607s] copying test/data/parameter.xacro -> /home/ubuntu/ros2ws/install/launch_param_builder/share/launch_param_builder/config
[1.608s] copying test/data/parameters_injection.yaml -> /home/ubuntu/ros2ws/install/launch_param_builder/share/launch_param_builder/config
[1.608s] copying test/data/param_file_to_inject.yaml -> /home/ubuntu/ros2ws/install/launch_param_builder/share/launch_param_builder/config
[1.608s] copying test/data/parameter_file -> /home/ubuntu/ros2ws/install/launch_param_builder/share/launch_param_builder/config
[1.608s] copying package.xml -> /home/ubuntu/ros2ws/install/launch_param_builder/share/launch_param_builder
[1.608s] creating /home/ubuntu/ros2ws/install/launch_param_builder/lib/launch_param_builder
[1.608s] copying example/example_node.py -> /home/ubuntu/ros2ws/install/launch_param_builder/lib/launch_param_builder
[1.608s] running install_egg_info
[1.610s] Copying ../../build/launch_param_builder/launch_param_builder.egg-info to /home/ubuntu/ros2ws/install/launch_param_builder/lib/python3.10/site-packages/launch_param_builder-0.1.1-py3.10.egg-info
[1.610s] running install_scripts
[1.640s] writing list of installed files to '/home/ubuntu/ros2ws/build/launch_param_builder/install.log'
[1.677s] Invoked command in '/home/ubuntu/ros2ws/src/launch_param_builder' returned '0': PYTHONPATH=/home/ubuntu/ros2ws/build/launch_param_builder/prefix_override:/usr/lib/python3/dist-packages/colcon_core/task/python/colcon_distutils_commands:/home/ubuntu/ros2ws/install/launch_param_builder/lib/python3.10/site-packages:${PYTHONPATH} /usr/bin/python3 -W ignore:setup.py install is deprecated setup.py egg_info --egg-base ../../build/launch_param_builder build --build-base /home/ubuntu/ros2ws/build/launch_param_builder/build install --record /home/ubuntu/ros2ws/build/launch_param_builder/install.log --single-version-externally-managed install_data
