[0.048s] Invoking command in '/home/ubuntu/ros2ws/build/abb_rapid_sm_addin_msgs': AMENT_PREFIX_PATH=/home/ubuntu/ros2ws/install/abb_rapid_msgs:${AMENT_PREFIX_PATH} CMAKE_PREFIX_PATH=/home/ubuntu/ros2ws/install/abb_rapid_msgs:/home/ubuntu/ros2ws/install/turtlesim:/opt/ros/humble LD_LIBRARY_PATH=/home/ubuntu/ros2ws/install/abb_rapid_msgs/lib:${LD_LIBRARY_PATH} PYTHONPATH=/home/ubuntu/ros2ws/install/abb_rapid_msgs/local/lib/python3.10/dist-packages:${PYTHONPATH} /usr/bin/cmake /home/ubuntu/ros2ws/src/ABBDriver/abb_ros2_msgs/abb_rapid_sm_addin_msgs -DCMAKE_INSTALL_PREFIX=/home/ubuntu/ros2ws/install/abb_rapid_sm_addin_msgs
[0.161s] -- The C compiler identification is GNU 11.4.0
[0.265s] -- The CXX compiler identification is GNU 11.4.0
[0.281s] -- Detecting C compiler ABI info
[0.420s] -- Detecting C compiler ABI info - done
[0.432s] -- Check for working C compiler: /usr/bin/cc - skipped
[0.433s] -- Detecting C compile features
[0.433s] -- Detecting C compile features - done
[0.441s] -- Detecting CXX compiler ABI info
[0.591s] -- Detecting CXX compiler ABI info - done
[0.605s] -- Check for working CXX compiler: /usr/bin/c++ - skipped
[0.605s] -- Detecting CXX compile features
[0.607s] -- Detecting CXX compile features - done
[0.610s] -- Found ament_cmake: 1.3.10 (/opt/ros/humble/share/ament_cmake/cmake)
[0.904s] -- Found Python3: /usr/bin/python3 (found version "3.10.12") found components: Interpreter 
[1.075s] -- Found rosidl_default_generators: 1.2.0 (/opt/ros/humble/share/rosidl_default_generators/cmake)
[1.080s] -- Using all available rosidl_typesupport_c: rosidl_typesupport_fastrtps_c;rosidl_typesupport_introspection_c
[1.093s] -- Found rosidl_adapter: 3.1.5 (/opt/ros/humble/share/rosidl_adapter/cmake)
[1.165s] -- Using all available rosidl_typesupport_cpp: rosidl_typesupport_fastrtps_cpp;rosidl_typesupport_introspection_cpp
[1.230s] -- Found abb_rapid_msgs: 1.0.0 (/home/ubuntu/ros2ws/install/abb_rapid_msgs/share/abb_rapid_msgs/cmake)
[1.248s] -- Found std_msgs: 4.2.4 (/opt/ros/humble/share/std_msgs/cmake)
[1.970s] -- Found ament_cmake_cppcheck: 0.12.11 (/opt/ros/humble/share/ament_cmake_cppcheck/cmake)
[1.975s] -- Found ament_cmake_cpplint: 0.12.11 (/opt/ros/humble/share/ament_cmake_cpplint/cmake)
[1.977s] -- Found ament_cmake_uncrustify: 0.12.11 (/opt/ros/humble/share/ament_cmake_uncrustify/cmake)
[1.983s] -- Found ament_cmake_ros: 0.10.0 (/opt/ros/humble/share/ament_cmake_ros/cmake)
[2.445s] -- Using all available rosidl_typesupport_c: rosidl_typesupport_fastrtps_c;rosidl_typesupport_introspection_c
[3.059s] -- Using all available rosidl_typesupport_cpp: rosidl_typesupport_fastrtps_cpp;rosidl_typesupport_introspection_cpp
[3.106s] -- Found PythonInterp: /usr/bin/python3 (found suitable version "3.10.12", minimum required is "3.6") 
[3.108s] -- Found python_cmake_module: 0.10.0 (/opt/ros/humble/share/python_cmake_module/cmake)
[3.156s] -- Found PythonLibs: /usr/lib/x86_64-linux-gnu/libpython3.10.so (found suitable version "3.10.12", minimum required is "3.5") 
[3.156s] -- Using PYTHON_EXECUTABLE: /usr/bin/python3
[3.156s] -- Using PYTHON_INCLUDE_DIRS: /usr/include/python3.10
[3.156s] -- Using PYTHON_LIBRARIES: /usr/lib/x86_64-linux-gnu/libpython3.10.so
[3.192s] -- Found PythonExtra: .so  
[3.307s] -- Found ament_cmake_flake8: 0.12.11 (/opt/ros/humble/share/ament_cmake_flake8/cmake)
[3.312s] -- Found ament_cmake_pep257: 0.12.11 (/opt/ros/humble/share/ament_cmake_pep257/cmake)
[3.333s] -- Configuring done
[3.447s] -- Generating done
[3.453s] -- Build files have been written to: /home/ubuntu/ros2ws/build/abb_rapid_sm_addin_msgs
[3.467s] Invoked command in '/home/ubuntu/ros2ws/build/abb_rapid_sm_addin_msgs' returned '0': AMENT_PREFIX_PATH=/home/ubuntu/ros2ws/install/abb_rapid_msgs:${AMENT_PREFIX_PATH} CMAKE_PREFIX_PATH=/home/ubuntu/ros2ws/install/abb_rapid_msgs:/home/ubuntu/ros2ws/install/turtlesim:/opt/ros/humble LD_LIBRARY_PATH=/home/ubuntu/ros2ws/install/abb_rapid_msgs/lib:${LD_LIBRARY_PATH} PYTHONPATH=/home/ubuntu/ros2ws/install/abb_rapid_msgs/local/lib/python3.10/dist-packages:${PYTHONPATH} /usr/bin/cmake /home/ubuntu/ros2ws/src/ABBDriver/abb_ros2_msgs/abb_rapid_sm_addin_msgs -DCMAKE_INSTALL_PREFIX=/home/ubuntu/ros2ws/install/abb_rapid_sm_addin_msgs
[3.471s] Invoking command in '/home/ubuntu/ros2ws/build/abb_rapid_sm_addin_msgs': AMENT_PREFIX_PATH=/home/ubuntu/ros2ws/install/abb_rapid_msgs:${AMENT_PREFIX_PATH} CMAKE_PREFIX_PATH=/home/ubuntu/ros2ws/install/abb_rapid_msgs:/home/ubuntu/ros2ws/install/turtlesim:/opt/ros/humble LD_LIBRARY_PATH=/home/ubuntu/ros2ws/install/abb_rapid_msgs/lib:${LD_LIBRARY_PATH} PYTHONPATH=/home/ubuntu/ros2ws/install/abb_rapid_msgs/local/lib/python3.10/dist-packages:${PYTHONPATH} /usr/bin/cmake --build /home/ubuntu/ros2ws/build/abb_rapid_sm_addin_msgs -- -j4 -l4
[3.581s] [  0%] [34m[1mGenerating C++ code for ROS interfaces[0m
[7.319s] [  0%] Built target abb_rapid_sm_addin_msgs__cpp
[7.378s] [  0%] Built target ament_cmake_python_copy_abb_rapid_sm_addin_msgs
[7.400s] [  0%] [34m[1mGenerating C++ type support for eProsima Fast-RTPS[0m
[10.630s] [  1%] [32mBuilding CXX object CMakeFiles/abb_rapid_sm_addin_msgs__rosidl_typesupport_fastrtps_cpp.dir/rosidl_typesupport_fastrtps_cpp/abb_rapid_sm_addin_msgs/msg/detail/dds_fastrtps/egm_activate_settings__type_support.cpp.o[0m
[11.353s] [  2%] [32mBuilding CXX object CMakeFiles/abb_rapid_sm_addin_msgs__rosidl_typesupport_fastrtps_cpp.dir/rosidl_typesupport_fastrtps_cpp/abb_rapid_sm_addin_msgs/msg/detail/dds_fastrtps/egm_run_settings__type_support.cpp.o[0m
[12.120s] [  3%] [32mBuilding CXX object CMakeFiles/abb_rapid_sm_addin_msgs__rosidl_typesupport_fastrtps_cpp.dir/rosidl_typesupport_fastrtps_cpp/abb_rapid_sm_addin_msgs/msg/detail/dds_fastrtps/egm_settings__type_support.cpp.o[0m
[12.939s] [  4%] [32mBuilding CXX object CMakeFiles/abb_rapid_sm_addin_msgs__rosidl_typesupport_fastrtps_cpp.dir/rosidl_typesupport_fastrtps_cpp/abb_rapid_sm_addin_msgs/msg/detail/dds_fastrtps/egm_setup_settings__type_support.cpp.o[0m
[13.634s] [  5%] [32mBuilding CXX object CMakeFiles/abb_rapid_sm_addin_msgs__rosidl_typesupport_fastrtps_cpp.dir/rosidl_typesupport_fastrtps_cpp/abb_rapid_sm_addin_msgs/msg/detail/dds_fastrtps/egm_stop_settings__type_support.cpp.o[0m
[14.336s] [  6%] [32mBuilding CXX object CMakeFiles/abb_rapid_sm_addin_msgs__rosidl_typesupport_fastrtps_cpp.dir/rosidl_typesupport_fastrtps_cpp/abb_rapid_sm_addin_msgs/msg/detail/dds_fastrtps/runtime_state__type_support.cpp.o[0m
[15.100s] [  7%] [32mBuilding CXX object CMakeFiles/abb_rapid_sm_addin_msgs__rosidl_typesupport_fastrtps_cpp.dir/rosidl_typesupport_fastrtps_cpp/abb_rapid_sm_addin_msgs/msg/detail/dds_fastrtps/state_machine_state__type_support.cpp.o[0m
[15.869s] [  8%] [32mBuilding CXX object CMakeFiles/abb_rapid_sm_addin_msgs__rosidl_typesupport_fastrtps_cpp.dir/rosidl_typesupport_fastrtps_cpp/abb_rapid_sm_addin_msgs/srv/detail/dds_fastrtps/get_egm_settings__type_support.cpp.o[0m
[16.613s] [  9%] [32mBuilding CXX object CMakeFiles/abb_rapid_sm_addin_msgs__rosidl_typesupport_fastrtps_cpp.dir/rosidl_typesupport_fastrtps_cpp/abb_rapid_sm_addin_msgs/srv/detail/dds_fastrtps/set_egm_settings__type_support.cpp.o[0m
[17.359s] [  9%] [32mBuilding CXX object CMakeFiles/abb_rapid_sm_addin_msgs__rosidl_typesupport_fastrtps_cpp.dir/rosidl_typesupport_fastrtps_cpp/abb_rapid_sm_addin_msgs/srv/detail/dds_fastrtps/set_rapid_routine__type_support.cpp.o[0m
[18.112s] [ 10%] [32mBuilding CXX object CMakeFiles/abb_rapid_sm_addin_msgs__rosidl_typesupport_fastrtps_cpp.dir/rosidl_typesupport_fastrtps_cpp/abb_rapid_sm_addin_msgs/srv/detail/dds_fastrtps/set_sg_command__type_support.cpp.o[0m
[18.896s] [ 11%] [32m[1mLinking CXX shared library libabb_rapid_sm_addin_msgs__rosidl_typesupport_fastrtps_cpp.so[0m
[19.055s] [ 11%] Built target abb_rapid_sm_addin_msgs__rosidl_typesupport_fastrtps_cpp
[19.082s] [ 12%] [34m[1mGenerating C++ introspection for ROS interfaces[0m
[22.027s] [ 13%] [32mBuilding CXX object CMakeFiles/abb_rapid_sm_addin_msgs__rosidl_typesupport_introspection_cpp.dir/rosidl_typesupport_introspection_cpp/abb_rapid_sm_addin_msgs/msg/detail/egm_activate_settings__type_support.cpp.o[0m
[22.707s] [ 13%] [32mBuilding CXX object CMakeFiles/abb_rapid_sm_addin_msgs__rosidl_typesupport_introspection_cpp.dir/rosidl_typesupport_introspection_cpp/abb_rapid_sm_addin_msgs/msg/detail/egm_run_settings__type_support.cpp.o[0m
[23.354s] [ 14%] [32mBuilding CXX object CMakeFiles/abb_rapid_sm_addin_msgs__rosidl_typesupport_introspection_cpp.dir/rosidl_typesupport_introspection_cpp/abb_rapid_sm_addin_msgs/msg/detail/egm_settings__type_support.cpp.o[0m
[24.039s] [ 15%] [32mBuilding CXX object CMakeFiles/abb_rapid_sm_addin_msgs__rosidl_typesupport_introspection_cpp.dir/rosidl_typesupport_introspection_cpp/abb_rapid_sm_addin_msgs/msg/detail/egm_setup_settings__type_support.cpp.o[0m
[24.680s] [ 16%] [32mBuilding CXX object CMakeFiles/abb_rapid_sm_addin_msgs__rosidl_typesupport_introspection_cpp.dir/rosidl_typesupport_introspection_cpp/abb_rapid_sm_addin_msgs/msg/detail/egm_stop_settings__type_support.cpp.o[0m
[25.363s] [ 17%] [32mBuilding CXX object CMakeFiles/abb_rapid_sm_addin_msgs__rosidl_typesupport_introspection_cpp.dir/rosidl_typesupport_introspection_cpp/abb_rapid_sm_addin_msgs/msg/detail/runtime_state__type_support.cpp.o[0m
[26.162s] [ 18%] [32mBuilding CXX object CMakeFiles/abb_rapid_sm_addin_msgs__rosidl_typesupport_introspection_cpp.dir/rosidl_typesupport_introspection_cpp/abb_rapid_sm_addin_msgs/msg/detail/state_machine_state__type_support.cpp.o[0m
[26.828s] [ 19%] [32mBuilding CXX object CMakeFiles/abb_rapid_sm_addin_msgs__rosidl_typesupport_introspection_cpp.dir/rosidl_typesupport_introspection_cpp/abb_rapid_sm_addin_msgs/srv/detail/get_egm_settings__type_support.cpp.o[0m
[27.585s] [ 20%] [32mBuilding CXX object CMakeFiles/abb_rapid_sm_addin_msgs__rosidl_typesupport_introspection_cpp.dir/rosidl_typesupport_introspection_cpp/abb_rapid_sm_addin_msgs/srv/detail/set_egm_settings__type_support.cpp.o[0m
[28.304s] [ 21%] [32mBuilding CXX object CMakeFiles/abb_rapid_sm_addin_msgs__rosidl_typesupport_introspection_cpp.dir/rosidl_typesupport_introspection_cpp/abb_rapid_sm_addin_msgs/srv/detail/set_rapid_routine__type_support.cpp.o[0m
[28.989s] [ 22%] [32mBuilding CXX object CMakeFiles/abb_rapid_sm_addin_msgs__rosidl_typesupport_introspection_cpp.dir/rosidl_typesupport_introspection_cpp/abb_rapid_sm_addin_msgs/srv/detail/set_sg_command__type_support.cpp.o[0m
[29.640s] [ 23%] [32m[1mLinking CXX shared library libabb_rapid_sm_addin_msgs__rosidl_typesupport_introspection_cpp.so[0m
[29.809s] [ 23%] Built target abb_rapid_sm_addin_msgs__rosidl_typesupport_introspection_cpp
[30.248s] running egg_info
[30.248s] creating abb_rapid_sm_addin_msgs.egg-info
[30.248s] writing abb_rapid_sm_addin_msgs.egg-info/PKG-INFO
[30.248s] writing dependency_links to abb_rapid_sm_addin_msgs.egg-info/dependency_links.txt
[30.249s] writing top-level names to abb_rapid_sm_addin_msgs.egg-info/top_level.txt
[30.249s] writing manifest file 'abb_rapid_sm_addin_msgs.egg-info/SOURCES.txt'
[30.251s] reading manifest file 'abb_rapid_sm_addin_msgs.egg-info/SOURCES.txt'
[30.252s] writing manifest file 'abb_rapid_sm_addin_msgs.egg-info/SOURCES.txt'
[30.303s] [ 23%] Built target ament_cmake_python_build_abb_rapid_sm_addin_msgs_egg
[30.328s] [ 24%] [34m[1mGenerating C++ type support dispatch for ROS interfaces[0m
[32.836s] [ 25%] [32mBuilding CXX object CMakeFiles/abb_rapid_sm_addin_msgs__rosidl_typesupport_cpp.dir/rosidl_typesupport_cpp/abb_rapid_sm_addin_msgs/msg/egm_activate_settings__type_support.cpp.o[0m
[33.327s] [ 26%] [32mBuilding CXX object CMakeFiles/abb_rapid_sm_addin_msgs__rosidl_typesupport_cpp.dir/rosidl_typesupport_cpp/abb_rapid_sm_addin_msgs/msg/egm_settings__type_support.cpp.o[0m
[33.816s] [ 27%] [32mBuilding CXX object CMakeFiles/abb_rapid_sm_addin_msgs__rosidl_typesupport_cpp.dir/rosidl_typesupport_cpp/abb_rapid_sm_addin_msgs/msg/egm_setup_settings__type_support.cpp.o[0m
[34.296s] [ 28%] [32mBuilding CXX object CMakeFiles/abb_rapid_sm_addin_msgs__rosidl_typesupport_cpp.dir/rosidl_typesupport_cpp/abb_rapid_sm_addin_msgs/msg/egm_stop_settings__type_support.cpp.o[0m
[34.770s] [ 29%] [32mBuilding CXX object CMakeFiles/abb_rapid_sm_addin_msgs__rosidl_typesupport_cpp.dir/rosidl_typesupport_cpp/abb_rapid_sm_addin_msgs/msg/runtime_state__type_support.cpp.o[0m
[35.246s] [ 30%] [32mBuilding CXX object CMakeFiles/abb_rapid_sm_addin_msgs__rosidl_typesupport_cpp.dir/rosidl_typesupport_cpp/abb_rapid_sm_addin_msgs/msg/state_machine_state__type_support.cpp.o[0m
[35.726s] [ 30%] [32mBuilding CXX object CMakeFiles/abb_rapid_sm_addin_msgs__rosidl_typesupport_cpp.dir/rosidl_typesupport_cpp/abb_rapid_sm_addin_msgs/srv/get_egm_settings__type_support.cpp.o[0m
[36.236s] [ 31%] [32mBuilding CXX object CMakeFiles/abb_rapid_sm_addin_msgs__rosidl_typesupport_cpp.dir/rosidl_typesupport_cpp/abb_rapid_sm_addin_msgs/srv/set_egm_settings__type_support.cpp.o[0m
[36.790s] [ 32%] [32mBuilding CXX object CMakeFiles/abb_rapid_sm_addin_msgs__rosidl_typesupport_cpp.dir/rosidl_typesupport_cpp/abb_rapid_sm_addin_msgs/srv/set_rapid_routine__type_support.cpp.o[0m
[37.272s] [ 33%] [32mBuilding CXX object CMakeFiles/abb_rapid_sm_addin_msgs__rosidl_typesupport_cpp.dir/rosidl_typesupport_cpp/abb_rapid_sm_addin_msgs/srv/set_sg_command__type_support.cpp.o[0m
[37.753s] [ 34%] [32mBuilding CXX object CMakeFiles/abb_rapid_sm_addin_msgs__rosidl_typesupport_cpp.dir/rosidl_typesupport_cpp/abb_rapid_sm_addin_msgs/msg/egm_run_settings__type_support.cpp.o[0m
[38.247s] [ 35%] [32m[1mLinking CXX shared library libabb_rapid_sm_addin_msgs__rosidl_typesupport_cpp.so[0m
[38.357s] [ 35%] Built target abb_rapid_sm_addin_msgs__rosidl_typesupport_cpp
[38.383s] [ 36%] [34m[1mGenerating C code for ROS interfaces[0m
[42.535s] [ 37%] [32mBuilding C object CMakeFiles/abb_rapid_sm_addin_msgs__rosidl_generator_c.dir/rosidl_generator_c/abb_rapid_sm_addin_msgs/msg/detail/egm_activate_settings__functions.c.o[0m
[42.642s] [ 38%] [32mBuilding C object CMakeFiles/abb_rapid_sm_addin_msgs__rosidl_generator_c.dir/rosidl_generator_c/abb_rapid_sm_addin_msgs/msg/detail/egm_setup_settings__functions.c.o[0m
[42.725s] [ 39%] [32mBuilding C object CMakeFiles/abb_rapid_sm_addin_msgs__rosidl_generator_c.dir/rosidl_generator_c/abb_rapid_sm_addin_msgs/msg/detail/egm_stop_settings__functions.c.o[0m
[42.824s] [ 40%] [32mBuilding C object CMakeFiles/abb_rapid_sm_addin_msgs__rosidl_generator_c.dir/rosidl_generator_c/abb_rapid_sm_addin_msgs/msg/detail/runtime_state__functions.c.o[0m
[42.900s] [ 41%] [32mBuilding C object CMakeFiles/abb_rapid_sm_addin_msgs__rosidl_generator_c.dir/rosidl_generator_c/abb_rapid_sm_addin_msgs/msg/detail/state_machine_state__functions.c.o[0m
[42.982s] [ 41%] [32mBuilding C object CMakeFiles/abb_rapid_sm_addin_msgs__rosidl_generator_c.dir/rosidl_generator_c/abb_rapid_sm_addin_msgs/srv/detail/get_egm_settings__functions.c.o[0m
[43.087s] [ 42%] [32mBuilding C object CMakeFiles/abb_rapid_sm_addin_msgs__rosidl_generator_c.dir/rosidl_generator_c/abb_rapid_sm_addin_msgs/srv/detail/set_egm_settings__functions.c.o[0m
[43.199s] [ 43%] [32mBuilding C object CMakeFiles/abb_rapid_sm_addin_msgs__rosidl_generator_c.dir/rosidl_generator_c/abb_rapid_sm_addin_msgs/srv/detail/set_rapid_routine__functions.c.o[0m
[43.312s] [ 44%] [32mBuilding C object CMakeFiles/abb_rapid_sm_addin_msgs__rosidl_generator_c.dir/rosidl_generator_c/abb_rapid_sm_addin_msgs/srv/detail/set_sg_command__functions.c.o[0m
[43.413s] [ 45%] [32mBuilding C object CMakeFiles/abb_rapid_sm_addin_msgs__rosidl_generator_c.dir/rosidl_generator_c/abb_rapid_sm_addin_msgs/msg/detail/egm_settings__functions.c.o[0m
[43.508s] [ 46%] [32mBuilding C object CMakeFiles/abb_rapid_sm_addin_msgs__rosidl_generator_c.dir/rosidl_generator_c/abb_rapid_sm_addin_msgs/msg/detail/egm_run_settings__functions.c.o[0m
[43.592s] [ 47%] [32m[1mLinking C shared library libabb_rapid_sm_addin_msgs__rosidl_generator_c.so[0m
[43.677s] [ 47%] Built target abb_rapid_sm_addin_msgs__rosidl_generator_c
[43.709s] [ 48%] [34m[1mGenerating C type support for eProsima Fast-RTPS[0m
[46.783s] [ 49%] [32mBuilding CXX object CMakeFiles/abb_rapid_sm_addin_msgs__rosidl_typesupport_fastrtps_c.dir/rosidl_typesupport_fastrtps_c/abb_rapid_sm_addin_msgs/msg/detail/egm_activate_settings__type_support_c.cpp.o[0m
[47.407s] [ 50%] [32mBuilding CXX object CMakeFiles/abb_rapid_sm_addin_msgs__rosidl_typesupport_fastrtps_c.dir/rosidl_typesupport_fastrtps_c/abb_rapid_sm_addin_msgs/msg/detail/egm_run_settings__type_support_c.cpp.o[0m
[47.982s] [ 51%] [32mBuilding CXX object CMakeFiles/abb_rapid_sm_addin_msgs__rosidl_typesupport_fastrtps_c.dir/rosidl_typesupport_fastrtps_c/abb_rapid_sm_addin_msgs/msg/detail/egm_settings__type_support_c.cpp.o[0m
[48.607s] [ 52%] [32mBuilding CXX object CMakeFiles/abb_rapid_sm_addin_msgs__rosidl_typesupport_fastrtps_c.dir/rosidl_typesupport_fastrtps_c/abb_rapid_sm_addin_msgs/msg/detail/egm_setup_settings__type_support_c.cpp.o[0m
[49.308s] [ 52%] [32mBuilding CXX object CMakeFiles/abb_rapid_sm_addin_msgs__rosidl_typesupport_fastrtps_c.dir/rosidl_typesupport_fastrtps_c/abb_rapid_sm_addin_msgs/msg/detail/egm_stop_settings__type_support_c.cpp.o[0m
[49.932s] [ 53%] [32mBuilding CXX object CMakeFiles/abb_rapid_sm_addin_msgs__rosidl_typesupport_fastrtps_c.dir/rosidl_typesupport_fastrtps_c/abb_rapid_sm_addin_msgs/msg/detail/runtime_state__type_support_c.cpp.o[0m
[50.570s] [ 54%] [32mBuilding CXX object CMakeFiles/abb_rapid_sm_addin_msgs__rosidl_typesupport_fastrtps_c.dir/rosidl_typesupport_fastrtps_c/abb_rapid_sm_addin_msgs/msg/detail/state_machine_state__type_support_c.cpp.o[0m
[51.160s] [ 55%] [32mBuilding CXX object CMakeFiles/abb_rapid_sm_addin_msgs__rosidl_typesupport_fastrtps_c.dir/rosidl_typesupport_fastrtps_c/abb_rapid_sm_addin_msgs/srv/detail/get_egm_settings__type_support_c.cpp.o[0m
[51.830s] [ 56%] [32mBuilding CXX object CMakeFiles/abb_rapid_sm_addin_msgs__rosidl_typesupport_fastrtps_c.dir/rosidl_typesupport_fastrtps_c/abb_rapid_sm_addin_msgs/srv/detail/set_egm_settings__type_support_c.cpp.o[0m
[52.501s] [ 57%] [32mBuilding CXX object CMakeFiles/abb_rapid_sm_addin_msgs__rosidl_typesupport_fastrtps_c.dir/rosidl_typesupport_fastrtps_c/abb_rapid_sm_addin_msgs/srv/detail/set_rapid_routine__type_support_c.cpp.o[0m
[53.194s] [ 58%] [32mBuilding CXX object CMakeFiles/abb_rapid_sm_addin_msgs__rosidl_typesupport_fastrtps_c.dir/rosidl_typesupport_fastrtps_c/abb_rapid_sm_addin_msgs/srv/detail/set_sg_command__type_support_c.cpp.o[0m
[53.858s] [ 59%] [32m[1mLinking CXX shared library libabb_rapid_sm_addin_msgs__rosidl_typesupport_fastrtps_c.so[0m
[54.035s] [ 59%] Built target abb_rapid_sm_addin_msgs__rosidl_typesupport_fastrtps_c
[54.055s] [ 60%] [34m[1mGenerating C type support dispatch for ROS interfaces[0m
[56.663s] [ 61%] [32mBuilding CXX object CMakeFiles/abb_rapid_sm_addin_msgs__rosidl_typesupport_c.dir/rosidl_typesupport_c/abb_rapid_sm_addin_msgs/msg/egm_activate_settings__type_support.cpp.o[0m
[56.721s] [ 61%] [32mBuilding CXX object CMakeFiles/abb_rapid_sm_addin_msgs__rosidl_typesupport_c.dir/rosidl_typesupport_c/abb_rapid_sm_addin_msgs/msg/egm_settings__type_support.cpp.o[0m
[56.777s] [ 62%] [32mBuilding CXX object CMakeFiles/abb_rapid_sm_addin_msgs__rosidl_typesupport_c.dir/rosidl_typesupport_c/abb_rapid_sm_addin_msgs/msg/egm_setup_settings__type_support.cpp.o[0m
[56.832s] [ 63%] [32mBuilding CXX object CMakeFiles/abb_rapid_sm_addin_msgs__rosidl_typesupport_c.dir/rosidl_typesupport_c/abb_rapid_sm_addin_msgs/msg/egm_stop_settings__type_support.cpp.o[0m
[56.885s] [ 64%] [32mBuilding CXX object CMakeFiles/abb_rapid_sm_addin_msgs__rosidl_typesupport_c.dir/rosidl_typesupport_c/abb_rapid_sm_addin_msgs/msg/runtime_state__type_support.cpp.o[0m
[56.947s] [ 65%] [32mBuilding CXX object CMakeFiles/abb_rapid_sm_addin_msgs__rosidl_typesupport_c.dir/rosidl_typesupport_c/abb_rapid_sm_addin_msgs/msg/state_machine_state__type_support.cpp.o[0m
[56.999s] [ 66%] [32mBuilding CXX object CMakeFiles/abb_rapid_sm_addin_msgs__rosidl_typesupport_c.dir/rosidl_typesupport_c/abb_rapid_sm_addin_msgs/srv/get_egm_settings__type_support.cpp.o[0m
[57.060s] [ 67%] [32mBuilding CXX object CMakeFiles/abb_rapid_sm_addin_msgs__rosidl_typesupport_c.dir/rosidl_typesupport_c/abb_rapid_sm_addin_msgs/srv/set_egm_settings__type_support.cpp.o[0m
[57.120s] [ 68%] [32mBuilding CXX object CMakeFiles/abb_rapid_sm_addin_msgs__rosidl_typesupport_c.dir/rosidl_typesupport_c/abb_rapid_sm_addin_msgs/srv/set_rapid_routine__type_support.cpp.o[0m
[57.179s] [ 69%] [32mBuilding CXX object CMakeFiles/abb_rapid_sm_addin_msgs__rosidl_typesupport_c.dir/rosidl_typesupport_c/abb_rapid_sm_addin_msgs/srv/set_sg_command__type_support.cpp.o[0m
[57.244s] [ 70%] [32mBuilding CXX object CMakeFiles/abb_rapid_sm_addin_msgs__rosidl_typesupport_c.dir/rosidl_typesupport_c/abb_rapid_sm_addin_msgs/msg/egm_run_settings__type_support.cpp.o[0m
[57.301s] [ 71%] [32m[1mLinking CXX shared library libabb_rapid_sm_addin_msgs__rosidl_typesupport_c.so[0m
[57.394s] [ 71%] Built target abb_rapid_sm_addin_msgs__rosidl_typesupport_c
[57.413s] [ 72%] [34m[1mGenerating C introspection for ROS interfaces[0m
[60.439s] [ 73%] [32mBuilding C object CMakeFiles/abb_rapid_sm_addin_msgs__rosidl_typesupport_introspection_c.dir/rosidl_typesupport_introspection_c/abb_rapid_sm_addin_msgs/msg/detail/egm_activate_settings__type_support.c.o[0m
[60.510s] [ 74%] [32mBuilding C object CMakeFiles/abb_rapid_sm_addin_msgs__rosidl_typesupport_introspection_c.dir/rosidl_typesupport_introspection_c/abb_rapid_sm_addin_msgs/msg/detail/egm_setup_settings__type_support.c.o[0m
[60.579s] [ 75%] [32mBuilding C object CMakeFiles/abb_rapid_sm_addin_msgs__rosidl_typesupport_introspection_c.dir/rosidl_typesupport_introspection_c/abb_rapid_sm_addin_msgs/msg/detail/egm_stop_settings__type_support.c.o[0m
[60.639s] [ 76%] [32mBuilding C object CMakeFiles/abb_rapid_sm_addin_msgs__rosidl_typesupport_introspection_c.dir/rosidl_typesupport_introspection_c/abb_rapid_sm_addin_msgs/msg/detail/runtime_state__type_support.c.o[0m
[60.711s] [ 76%] [32mBuilding C object CMakeFiles/abb_rapid_sm_addin_msgs__rosidl_typesupport_introspection_c.dir/rosidl_typesupport_introspection_c/abb_rapid_sm_addin_msgs/msg/detail/state_machine_state__type_support.c.o[0m
[60.776s] [ 77%] [32mBuilding C object CMakeFiles/abb_rapid_sm_addin_msgs__rosidl_typesupport_introspection_c.dir/rosidl_typesupport_introspection_c/abb_rapid_sm_addin_msgs/srv/detail/get_egm_settings__type_support.c.o[0m
[60.846s] [ 78%] [32mBuilding C object CMakeFiles/abb_rapid_sm_addin_msgs__rosidl_typesupport_introspection_c.dir/rosidl_typesupport_introspection_c/abb_rapid_sm_addin_msgs/srv/detail/set_egm_settings__type_support.c.o[0m
[60.921s] [ 79%] [32mBuilding C object CMakeFiles/abb_rapid_sm_addin_msgs__rosidl_typesupport_introspection_c.dir/rosidl_typesupport_introspection_c/abb_rapid_sm_addin_msgs/srv/detail/set_rapid_routine__type_support.c.o[0m
[60.997s] [ 80%] [32mBuilding C object CMakeFiles/abb_rapid_sm_addin_msgs__rosidl_typesupport_introspection_c.dir/rosidl_typesupport_introspection_c/abb_rapid_sm_addin_msgs/srv/detail/set_sg_command__type_support.c.o[0m
[61.067s] [ 81%] [32mBuilding C object CMakeFiles/abb_rapid_sm_addin_msgs__rosidl_typesupport_introspection_c.dir/rosidl_typesupport_introspection_c/abb_rapid_sm_addin_msgs/msg/detail/egm_settings__type_support.c.o[0m
[61.139s] [ 82%] [32mBuilding C object CMakeFiles/abb_rapid_sm_addin_msgs__rosidl_typesupport_introspection_c.dir/rosidl_typesupport_introspection_c/abb_rapid_sm_addin_msgs/msg/detail/egm_run_settings__type_support.c.o[0m
[61.207s] [ 83%] [32m[1mLinking C shared library libabb_rapid_sm_addin_msgs__rosidl_typesupport_introspection_c.so[0m
[61.280s] [ 83%] Built target abb_rapid_sm_addin_msgs__rosidl_typesupport_introspection_c
[61.316s] [ 83%] Built target abb_rapid_sm_addin_msgs
[61.364s] [ 84%] [34m[1mGenerating Python code for ROS interfaces[0m
[67.318s] [ 84%] Built target abb_rapid_sm_addin_msgs__py
[67.356s] [ 85%] [32mBuilding C object CMakeFiles/abb_rapid_sm_addin_msgs__rosidl_generator_py.dir/rosidl_generator_py/abb_rapid_sm_addin_msgs/msg/_egm_activate_settings_s.c.o[0m
[67.569s] [ 86%] [32mBuilding C object CMakeFiles/abb_rapid_sm_addin_msgs__rosidl_generator_py.dir/rosidl_generator_py/abb_rapid_sm_addin_msgs/msg/_egm_setup_settings_s.c.o[0m
[67.797s] [ 87%] [32mBuilding C object CMakeFiles/abb_rapid_sm_addin_msgs__rosidl_generator_py.dir/rosidl_generator_py/abb_rapid_sm_addin_msgs/msg/_egm_stop_settings_s.c.o[0m
[67.982s] [ 87%] [32mBuilding C object CMakeFiles/abb_rapid_sm_addin_msgs__rosidl_generator_py.dir/rosidl_generator_py/abb_rapid_sm_addin_msgs/msg/_runtime_state_s.c.o[0m
[68.183s] [ 88%] [32mBuilding C object CMakeFiles/abb_rapid_sm_addin_msgs__rosidl_generator_py.dir/rosidl_generator_py/abb_rapid_sm_addin_msgs/msg/_state_machine_state_s.c.o[0m
[68.383s] [ 89%] [32mBuilding C object CMakeFiles/abb_rapid_sm_addin_msgs__rosidl_generator_py.dir/rosidl_generator_py/abb_rapid_sm_addin_msgs/srv/_get_egm_settings_s.c.o[0m
[68.579s] [ 90%] [32mBuilding C object CMakeFiles/abb_rapid_sm_addin_msgs__rosidl_generator_py.dir/rosidl_generator_py/abb_rapid_sm_addin_msgs/srv/_set_egm_settings_s.c.o[0m
[68.799s] [ 91%] [32mBuilding C object CMakeFiles/abb_rapid_sm_addin_msgs__rosidl_generator_py.dir/rosidl_generator_py/abb_rapid_sm_addin_msgs/srv/_set_rapid_routine_s.c.o[0m
[69.011s] [ 92%] [32mBuilding C object CMakeFiles/abb_rapid_sm_addin_msgs__rosidl_generator_py.dir/rosidl_generator_py/abb_rapid_sm_addin_msgs/srv/_set_sg_command_s.c.o[0m
[69.226s] [ 93%] [32mBuilding C object CMakeFiles/abb_rapid_sm_addin_msgs__rosidl_generator_py.dir/rosidl_generator_py/abb_rapid_sm_addin_msgs/msg/_egm_settings_s.c.o[0m
[69.430s] [ 94%] [32mBuilding C object CMakeFiles/abb_rapid_sm_addin_msgs__rosidl_generator_py.dir/rosidl_generator_py/abb_rapid_sm_addin_msgs/msg/_egm_run_settings_s.c.o[0m
[69.649s] [ 95%] [32m[1mLinking C shared library rosidl_generator_py/abb_rapid_sm_addin_msgs/libabb_rapid_sm_addin_msgs__rosidl_generator_py.so[0m
[69.736s] [ 95%] Built target abb_rapid_sm_addin_msgs__rosidl_generator_py
[69.779s] [ 96%] [32mBuilding C object CMakeFiles/abb_rapid_sm_addin_msgs__rosidl_typesupport_fastrtps_c__pyext.dir/rosidl_generator_py/abb_rapid_sm_addin_msgs/_abb_rapid_sm_addin_msgs_s.ep.rosidl_typesupport_fastrtps_c.c.o[0m
[70.070s] [ 97%] [32m[1mLinking C shared library rosidl_generator_py/abb_rapid_sm_addin_msgs/abb_rapid_sm_addin_msgs_s__rosidl_typesupport_fastrtps_c.cpython-310-x86_64-linux-gnu.so[0m
[70.149s] [ 97%] Built target abb_rapid_sm_addin_msgs__rosidl_typesupport_fastrtps_c__pyext
[70.196s] [ 97%] [32mBuilding C object CMakeFiles/abb_rapid_sm_addin_msgs__rosidl_typesupport_c__pyext.dir/rosidl_generator_py/abb_rapid_sm_addin_msgs/_abb_rapid_sm_addin_msgs_s.ep.rosidl_typesupport_c.c.o[0m
[70.489s] [ 98%] [32m[1mLinking C shared library rosidl_generator_py/abb_rapid_sm_addin_msgs/abb_rapid_sm_addin_msgs_s__rosidl_typesupport_c.cpython-310-x86_64-linux-gnu.so[0m
[70.583s] [ 98%] Built target abb_rapid_sm_addin_msgs__rosidl_typesupport_c__pyext
[70.619s] [ 99%] [32mBuilding C object CMakeFiles/abb_rapid_sm_addin_msgs__rosidl_typesupport_introspection_c__pyext.dir/rosidl_generator_py/abb_rapid_sm_addin_msgs/_abb_rapid_sm_addin_msgs_s.ep.rosidl_typesupport_introspection_c.c.o[0m
[70.900s] [100%] [32m[1mLinking C shared library rosidl_generator_py/abb_rapid_sm_addin_msgs/abb_rapid_sm_addin_msgs_s__rosidl_typesupport_introspection_c.cpython-310-x86_64-linux-gnu.so[0m
[70.972s] [100%] Built target abb_rapid_sm_addin_msgs__rosidl_typesupport_introspection_c__pyext
[71.000s] Invoked command in '/home/ubuntu/ros2ws/build/abb_rapid_sm_addin_msgs' returned '0': AMENT_PREFIX_PATH=/home/ubuntu/ros2ws/install/abb_rapid_msgs:${AMENT_PREFIX_PATH} CMAKE_PREFIX_PATH=/home/ubuntu/ros2ws/install/abb_rapid_msgs:/home/ubuntu/ros2ws/install/turtlesim:/opt/ros/humble LD_LIBRARY_PATH=/home/ubuntu/ros2ws/install/abb_rapid_msgs/lib:${LD_LIBRARY_PATH} PYTHONPATH=/home/ubuntu/ros2ws/install/abb_rapid_msgs/local/lib/python3.10/dist-packages:${PYTHONPATH} /usr/bin/cmake --build /home/ubuntu/ros2ws/build/abb_rapid_sm_addin_msgs -- -j4 -l4
[71.552s] Invoking command in '/home/ubuntu/ros2ws/build/abb_rapid_sm_addin_msgs': AMENT_PREFIX_PATH=/home/ubuntu/ros2ws/install/abb_rapid_msgs:${AMENT_PREFIX_PATH} CMAKE_PREFIX_PATH=/home/ubuntu/ros2ws/install/abb_rapid_msgs:/home/ubuntu/ros2ws/install/turtlesim:/opt/ros/humble LD_LIBRARY_PATH=/home/ubuntu/ros2ws/install/abb_rapid_msgs/lib:${LD_LIBRARY_PATH} PYTHONPATH=/home/ubuntu/ros2ws/install/abb_rapid_msgs/local/lib/python3.10/dist-packages:${PYTHONPATH} /usr/bin/cmake --install /home/ubuntu/ros2ws/build/abb_rapid_sm_addin_msgs
[71.564s] -- Install configuration: ""
[71.564s] -- Installing: /home/ubuntu/ros2ws/install/abb_rapid_sm_addin_msgs/share/ament_index/resource_index/rosidl_interfaces/abb_rapid_sm_addin_msgs
[71.565s] -- Installing: /home/ubuntu/ros2ws/install/abb_rapid_sm_addin_msgs/include/abb_rapid_sm_addin_msgs/abb_rapid_sm_addin_msgs
[71.565s] -- Installing: /home/ubuntu/ros2ws/install/abb_rapid_sm_addin_msgs/include/abb_rapid_sm_addin_msgs/abb_rapid_sm_addin_msgs/msg
[71.566s] -- Installing: /home/ubuntu/ros2ws/install/abb_rapid_sm_addin_msgs/include/abb_rapid_sm_addin_msgs/abb_rapid_sm_addin_msgs/msg/egm_settings.h
[71.568s] -- Installing: /home/ubuntu/ros2ws/install/abb_rapid_sm_addin_msgs/include/abb_rapid_sm_addin_msgs/abb_rapid_sm_addin_msgs/msg/egm_setup_settings.h
[71.568s] -- Installing: /home/ubuntu/ros2ws/install/abb_rapid_sm_addin_msgs/include/abb_rapid_sm_addin_msgs/abb_rapid_sm_addin_msgs/msg/egm_run_settings.h
[71.569s] -- Installing: /home/ubuntu/ros2ws/install/abb_rapid_sm_addin_msgs/include/abb_rapid_sm_addin_msgs/abb_rapid_sm_addin_msgs/msg/state_machine_state.h
[71.569s] -- Installing: /home/ubuntu/ros2ws/install/abb_rapid_sm_addin_msgs/include/abb_rapid_sm_addin_msgs/abb_rapid_sm_addin_msgs/msg/runtime_state.h
[71.569s] -- Installing: /home/ubuntu/ros2ws/install/abb_rapid_sm_addin_msgs/include/abb_rapid_sm_addin_msgs/abb_rapid_sm_addin_msgs/msg/rosidl_generator_c__visibility_control.h
[71.569s] -- Installing: /home/ubuntu/ros2ws/install/abb_rapid_sm_addin_msgs/include/abb_rapid_sm_addin_msgs/abb_rapid_sm_addin_msgs/msg/egm_stop_settings.h
[71.570s] -- Installing: /home/ubuntu/ros2ws/install/abb_rapid_sm_addin_msgs/include/abb_rapid_sm_addin_msgs/abb_rapid_sm_addin_msgs/msg/egm_activate_settings.h
[71.573s] -- Installing: /home/ubuntu/ros2ws/install/abb_rapid_sm_addin_msgs/include/abb_rapid_sm_addin_msgs/abb_rapid_sm_addin_msgs/msg/detail
[71.573s] -- Installing: /home/ubuntu/ros2ws/install/abb_rapid_sm_addin_msgs/include/abb_rapid_sm_addin_msgs/abb_rapid_sm_addin_msgs/msg/detail/runtime_state__type_support.h
[71.574s] -- Installing: /home/ubuntu/ros2ws/install/abb_rapid_sm_addin_msgs/include/abb_rapid_sm_addin_msgs/abb_rapid_sm_addin_msgs/msg/detail/egm_stop_settings__type_support.h
[71.574s] -- Installing: /home/ubuntu/ros2ws/install/abb_rapid_sm_addin_msgs/include/abb_rapid_sm_addin_msgs/abb_rapid_sm_addin_msgs/msg/detail/egm_setup_settings__struct.h
[71.574s] -- Installing: /home/ubuntu/ros2ws/install/abb_rapid_sm_addin_msgs/include/abb_rapid_sm_addin_msgs/abb_rapid_sm_addin_msgs/msg/detail/egm_activate_settings__functions.h
[71.574s] -- Installing: /home/ubuntu/ros2ws/install/abb_rapid_sm_addin_msgs/include/abb_rapid_sm_addin_msgs/abb_rapid_sm_addin_msgs/msg/detail/egm_stop_settings__functions.h
[71.575s] -- Installing: /home/ubuntu/ros2ws/install/abb_rapid_sm_addin_msgs/include/abb_rapid_sm_addin_msgs/abb_rapid_sm_addin_msgs/msg/detail/runtime_state__struct.h
[71.575s] -- Installing: /home/ubuntu/ros2ws/install/abb_rapid_sm_addin_msgs/include/abb_rapid_sm_addin_msgs/abb_rapid_sm_addin_msgs/msg/detail/egm_setup_settings__functions.c
[71.575s] -- Installing: /home/ubuntu/ros2ws/install/abb_rapid_sm_addin_msgs/include/abb_rapid_sm_addin_msgs/abb_rapid_sm_addin_msgs/msg/detail/state_machine_state__type_support.h
[71.575s] -- Installing: /home/ubuntu/ros2ws/install/abb_rapid_sm_addin_msgs/include/abb_rapid_sm_addin_msgs/abb_rapid_sm_addin_msgs/msg/detail/egm_stop_settings__struct.h
[71.575s] -- Installing: /home/ubuntu/ros2ws/install/abb_rapid_sm_addin_msgs/include/abb_rapid_sm_addin_msgs/abb_rapid_sm_addin_msgs/msg/detail/state_machine_state__struct.h
[71.575s] -- Installing: /home/ubuntu/ros2ws/install/abb_rapid_sm_addin_msgs/include/abb_rapid_sm_addin_msgs/abb_rapid_sm_addin_msgs/msg/detail/egm_stop_settings__functions.c
[71.576s] -- Installing: /home/ubuntu/ros2ws/install/abb_rapid_sm_addin_msgs/include/abb_rapid_sm_addin_msgs/abb_rapid_sm_addin_msgs/msg/detail/egm_setup_settings__type_support.h
[71.579s] -- Installing: /home/ubuntu/ros2ws/install/abb_rapid_sm_addin_msgs/include/abb_rapid_sm_addin_msgs/abb_rapid_sm_addin_msgs/msg/detail/egm_settings__functions.h
[71.579s] -- Installing: /home/ubuntu/ros2ws/install/abb_rapid_sm_addin_msgs/include/abb_rapid_sm_addin_msgs/abb_rapid_sm_addin_msgs/msg/detail/egm_run_settings__functions.h
[71.579s] -- Installing: /home/ubuntu/ros2ws/install/abb_rapid_sm_addin_msgs/include/abb_rapid_sm_addin_msgs/abb_rapid_sm_addin_msgs/msg/detail/egm_settings__type_support.h
[71.580s] -- Installing: /home/ubuntu/ros2ws/install/abb_rapid_sm_addin_msgs/include/abb_rapid_sm_addin_msgs/abb_rapid_sm_addin_msgs/msg/detail/state_machine_state__functions.c
[71.580s] -- Installing: /home/ubuntu/ros2ws/install/abb_rapid_sm_addin_msgs/include/abb_rapid_sm_addin_msgs/abb_rapid_sm_addin_msgs/msg/detail/egm_run_settings__type_support.h
[71.580s] -- Installing: /home/ubuntu/ros2ws/install/abb_rapid_sm_addin_msgs/include/abb_rapid_sm_addin_msgs/abb_rapid_sm_addin_msgs/msg/detail/state_machine_state__functions.h
[71.580s] -- Installing: /home/ubuntu/ros2ws/install/abb_rapid_sm_addin_msgs/include/abb_rapid_sm_addin_msgs/abb_rapid_sm_addin_msgs/msg/detail/egm_run_settings__struct.h
[71.580s] -- Installing: /home/ubuntu/ros2ws/install/abb_rapid_sm_addin_msgs/include/abb_rapid_sm_addin_msgs/abb_rapid_sm_addin_msgs/msg/detail/egm_activate_settings__type_support.h
[71.584s] -- Installing: /home/ubuntu/ros2ws/install/abb_rapid_sm_addin_msgs/include/abb_rapid_sm_addin_msgs/abb_rapid_sm_addin_msgs/msg/detail/egm_run_settings__functions.c
[71.584s] -- Installing: /home/ubuntu/ros2ws/install/abb_rapid_sm_addin_msgs/include/abb_rapid_sm_addin_msgs/abb_rapid_sm_addin_msgs/msg/detail/egm_setup_settings__functions.h
[71.584s] -- Installing: /home/ubuntu/ros2ws/install/abb_rapid_sm_addin_msgs/include/abb_rapid_sm_addin_msgs/abb_rapid_sm_addin_msgs/msg/detail/egm_activate_settings__functions.c
[71.585s] -- Installing: /home/ubuntu/ros2ws/install/abb_rapid_sm_addin_msgs/include/abb_rapid_sm_addin_msgs/abb_rapid_sm_addin_msgs/msg/detail/egm_settings__struct.h
[71.585s] -- Installing: /home/ubuntu/ros2ws/install/abb_rapid_sm_addin_msgs/include/abb_rapid_sm_addin_msgs/abb_rapid_sm_addin_msgs/msg/detail/egm_activate_settings__struct.h
[71.585s] -- Installing: /home/ubuntu/ros2ws/install/abb_rapid_sm_addin_msgs/include/abb_rapid_sm_addin_msgs/abb_rapid_sm_addin_msgs/msg/detail/runtime_state__functions.h
[71.585s] -- Installing: /home/ubuntu/ros2ws/install/abb_rapid_sm_addin_msgs/include/abb_rapid_sm_addin_msgs/abb_rapid_sm_addin_msgs/msg/detail/runtime_state__functions.c
[71.586s] -- Installing: /home/ubuntu/ros2ws/install/abb_rapid_sm_addin_msgs/include/abb_rapid_sm_addin_msgs/abb_rapid_sm_addin_msgs/msg/detail/egm_settings__functions.c
[71.586s] -- Installing: /home/ubuntu/ros2ws/install/abb_rapid_sm_addin_msgs/include/abb_rapid_sm_addin_msgs/abb_rapid_sm_addin_msgs/srv
[71.586s] -- Installing: /home/ubuntu/ros2ws/install/abb_rapid_sm_addin_msgs/include/abb_rapid_sm_addin_msgs/abb_rapid_sm_addin_msgs/srv/set_sg_command.h
[71.586s] -- Installing: /home/ubuntu/ros2ws/install/abb_rapid_sm_addin_msgs/include/abb_rapid_sm_addin_msgs/abb_rapid_sm_addin_msgs/srv/set_rapid_routine.h
[71.586s] -- Installing: /home/ubuntu/ros2ws/install/abb_rapid_sm_addin_msgs/include/abb_rapid_sm_addin_msgs/abb_rapid_sm_addin_msgs/srv/set_egm_settings.h
[71.587s] -- Installing: /home/ubuntu/ros2ws/install/abb_rapid_sm_addin_msgs/include/abb_rapid_sm_addin_msgs/abb_rapid_sm_addin_msgs/srv/get_egm_settings.h
[71.589s] -- Installing: /home/ubuntu/ros2ws/install/abb_rapid_sm_addin_msgs/include/abb_rapid_sm_addin_msgs/abb_rapid_sm_addin_msgs/srv/detail
[71.590s] -- Installing: /home/ubuntu/ros2ws/install/abb_rapid_sm_addin_msgs/include/abb_rapid_sm_addin_msgs/abb_rapid_sm_addin_msgs/srv/detail/set_sg_command__functions.h
[71.590s] -- Installing: /home/ubuntu/ros2ws/install/abb_rapid_sm_addin_msgs/include/abb_rapid_sm_addin_msgs/abb_rapid_sm_addin_msgs/srv/detail/set_sg_command__type_support.h
[71.590s] -- Installing: /home/ubuntu/ros2ws/install/abb_rapid_sm_addin_msgs/include/abb_rapid_sm_addin_msgs/abb_rapid_sm_addin_msgs/srv/detail/set_sg_command__functions.c
[71.590s] -- Installing: /home/ubuntu/ros2ws/install/abb_rapid_sm_addin_msgs/include/abb_rapid_sm_addin_msgs/abb_rapid_sm_addin_msgs/srv/detail/set_sg_command__struct.h
[71.591s] -- Installing: /home/ubuntu/ros2ws/install/abb_rapid_sm_addin_msgs/include/abb_rapid_sm_addin_msgs/abb_rapid_sm_addin_msgs/srv/detail/set_egm_settings__functions.c
[71.591s] -- Installing: /home/ubuntu/ros2ws/install/abb_rapid_sm_addin_msgs/include/abb_rapid_sm_addin_msgs/abb_rapid_sm_addin_msgs/srv/detail/get_egm_settings__functions.c
[71.591s] -- Installing: /home/ubuntu/ros2ws/install/abb_rapid_sm_addin_msgs/include/abb_rapid_sm_addin_msgs/abb_rapid_sm_addin_msgs/srv/detail/set_rapid_routine__functions.h
[71.594s] -- Installing: /home/ubuntu/ros2ws/install/abb_rapid_sm_addin_msgs/include/abb_rapid_sm_addin_msgs/abb_rapid_sm_addin_msgs/srv/detail/set_rapid_routine__functions.c
[71.594s] -- Installing: /home/ubuntu/ros2ws/install/abb_rapid_sm_addin_msgs/include/abb_rapid_sm_addin_msgs/abb_rapid_sm_addin_msgs/srv/detail/set_egm_settings__type_support.h
[71.595s] -- Installing: /home/ubuntu/ros2ws/install/abb_rapid_sm_addin_msgs/include/abb_rapid_sm_addin_msgs/abb_rapid_sm_addin_msgs/srv/detail/get_egm_settings__functions.h
[71.595s] -- Installing: /home/ubuntu/ros2ws/install/abb_rapid_sm_addin_msgs/include/abb_rapid_sm_addin_msgs/abb_rapid_sm_addin_msgs/srv/detail/set_egm_settings__functions.h
[71.595s] -- Installing: /home/ubuntu/ros2ws/install/abb_rapid_sm_addin_msgs/include/abb_rapid_sm_addin_msgs/abb_rapid_sm_addin_msgs/srv/detail/get_egm_settings__type_support.h
[71.595s] -- Installing: /home/ubuntu/ros2ws/install/abb_rapid_sm_addin_msgs/include/abb_rapid_sm_addin_msgs/abb_rapid_sm_addin_msgs/srv/detail/set_egm_settings__struct.h
[71.595s] -- Installing: /home/ubuntu/ros2ws/install/abb_rapid_sm_addin_msgs/include/abb_rapid_sm_addin_msgs/abb_rapid_sm_addin_msgs/srv/detail/set_rapid_routine__struct.h
[71.595s] -- Installing: /home/ubuntu/ros2ws/install/abb_rapid_sm_addin_msgs/include/abb_rapid_sm_addin_msgs/abb_rapid_sm_addin_msgs/srv/detail/get_egm_settings__struct.h
[71.595s] -- Installing: /home/ubuntu/ros2ws/install/abb_rapid_sm_addin_msgs/include/abb_rapid_sm_addin_msgs/abb_rapid_sm_addin_msgs/srv/detail/set_rapid_routine__type_support.h
[71.595s] -- Installing: /home/ubuntu/ros2ws/install/abb_rapid_sm_addin_msgs/share/abb_rapid_sm_addin_msgs/environment/library_path.sh
[71.595s] -- Installing: /home/ubuntu/ros2ws/install/abb_rapid_sm_addin_msgs/share/abb_rapid_sm_addin_msgs/environment/library_path.dsv
[71.595s] -- Installing: /home/ubuntu/ros2ws/install/abb_rapid_sm_addin_msgs/lib/libabb_rapid_sm_addin_msgs__rosidl_generator_c.so
[71.595s] -- Set runtime path of "/home/ubuntu/ros2ws/install/abb_rapid_sm_addin_msgs/lib/libabb_rapid_sm_addin_msgs__rosidl_generator_c.so" to ""
[71.596s] -- Up-to-date: /home/ubuntu/ros2ws/install/abb_rapid_sm_addin_msgs/include/abb_rapid_sm_addin_msgs/abb_rapid_sm_addin_msgs
[71.596s] -- Up-to-date: /home/ubuntu/ros2ws/install/abb_rapid_sm_addin_msgs/include/abb_rapid_sm_addin_msgs/abb_rapid_sm_addin_msgs/msg
[71.596s] -- Installing: /home/ubuntu/ros2ws/install/abb_rapid_sm_addin_msgs/include/abb_rapid_sm_addin_msgs/abb_rapid_sm_addin_msgs/msg/rosidl_typesupport_fastrtps_c__visibility_control.h
[71.596s] -- Up-to-date: /home/ubuntu/ros2ws/install/abb_rapid_sm_addin_msgs/include/abb_rapid_sm_addin_msgs/abb_rapid_sm_addin_msgs/msg/detail
[71.596s] -- Installing: /home/ubuntu/ros2ws/install/abb_rapid_sm_addin_msgs/include/abb_rapid_sm_addin_msgs/abb_rapid_sm_addin_msgs/msg/detail/egm_stop_settings__rosidl_typesupport_fastrtps_c.h
[71.596s] -- Installing: /home/ubuntu/ros2ws/install/abb_rapid_sm_addin_msgs/include/abb_rapid_sm_addin_msgs/abb_rapid_sm_addin_msgs/msg/detail/runtime_state__rosidl_typesupport_fastrtps_c.h
[71.596s] -- Installing: /home/ubuntu/ros2ws/install/abb_rapid_sm_addin_msgs/include/abb_rapid_sm_addin_msgs/abb_rapid_sm_addin_msgs/msg/detail/egm_activate_settings__rosidl_typesupport_fastrtps_c.h
[71.596s] -- Installing: /home/ubuntu/ros2ws/install/abb_rapid_sm_addin_msgs/include/abb_rapid_sm_addin_msgs/abb_rapid_sm_addin_msgs/msg/detail/egm_settings__rosidl_typesupport_fastrtps_c.h
[71.596s] -- Installing: /home/ubuntu/ros2ws/install/abb_rapid_sm_addin_msgs/include/abb_rapid_sm_addin_msgs/abb_rapid_sm_addin_msgs/msg/detail/state_machine_state__rosidl_typesupport_fastrtps_c.h
[71.596s] -- Installing: /home/ubuntu/ros2ws/install/abb_rapid_sm_addin_msgs/include/abb_rapid_sm_addin_msgs/abb_rapid_sm_addin_msgs/msg/detail/egm_run_settings__rosidl_typesupport_fastrtps_c.h
[71.597s] -- Installing: /home/ubuntu/ros2ws/install/abb_rapid_sm_addin_msgs/include/abb_rapid_sm_addin_msgs/abb_rapid_sm_addin_msgs/msg/detail/egm_setup_settings__rosidl_typesupport_fastrtps_c.h
[71.597s] -- Up-to-date: /home/ubuntu/ros2ws/install/abb_rapid_sm_addin_msgs/include/abb_rapid_sm_addin_msgs/abb_rapid_sm_addin_msgs/srv
[71.597s] -- Up-to-date: /home/ubuntu/ros2ws/install/abb_rapid_sm_addin_msgs/include/abb_rapid_sm_addin_msgs/abb_rapid_sm_addin_msgs/srv/detail
[71.597s] -- Installing: /home/ubuntu/ros2ws/install/abb_rapid_sm_addin_msgs/include/abb_rapid_sm_addin_msgs/abb_rapid_sm_addin_msgs/srv/detail/set_sg_command__rosidl_typesupport_fastrtps_c.h
[71.598s] -- Installing: /home/ubuntu/ros2ws/install/abb_rapid_sm_addin_msgs/include/abb_rapid_sm_addin_msgs/abb_rapid_sm_addin_msgs/srv/detail/get_egm_settings__rosidl_typesupport_fastrtps_c.h
[71.598s] -- Installing: /home/ubuntu/ros2ws/install/abb_rapid_sm_addin_msgs/include/abb_rapid_sm_addin_msgs/abb_rapid_sm_addin_msgs/srv/detail/set_egm_settings__rosidl_typesupport_fastrtps_c.h
[71.598s] -- Installing: /home/ubuntu/ros2ws/install/abb_rapid_sm_addin_msgs/include/abb_rapid_sm_addin_msgs/abb_rapid_sm_addin_msgs/srv/detail/set_rapid_routine__rosidl_typesupport_fastrtps_c.h
[71.598s] -- Installing: /home/ubuntu/ros2ws/install/abb_rapid_sm_addin_msgs/lib/libabb_rapid_sm_addin_msgs__rosidl_typesupport_fastrtps_c.so
[71.599s] -- Set runtime path of "/home/ubuntu/ros2ws/install/abb_rapid_sm_addin_msgs/lib/libabb_rapid_sm_addin_msgs__rosidl_typesupport_fastrtps_c.so" to ""
[71.599s] -- Up-to-date: /home/ubuntu/ros2ws/install/abb_rapid_sm_addin_msgs/include/abb_rapid_sm_addin_msgs/abb_rapid_sm_addin_msgs
[71.599s] -- Up-to-date: /home/ubuntu/ros2ws/install/abb_rapid_sm_addin_msgs/include/abb_rapid_sm_addin_msgs/abb_rapid_sm_addin_msgs/msg
[71.599s] -- Installing: /home/ubuntu/ros2ws/install/abb_rapid_sm_addin_msgs/include/abb_rapid_sm_addin_msgs/abb_rapid_sm_addin_msgs/msg/rosidl_typesupport_introspection_c__visibility_control.h
[71.599s] -- Up-to-date: /home/ubuntu/ros2ws/install/abb_rapid_sm_addin_msgs/include/abb_rapid_sm_addin_msgs/abb_rapid_sm_addin_msgs/msg/detail
[71.600s] -- Installing: /home/ubuntu/ros2ws/install/abb_rapid_sm_addin_msgs/include/abb_rapid_sm_addin_msgs/abb_rapid_sm_addin_msgs/msg/detail/egm_run_settings__rosidl_typesupport_introspection_c.h
[71.600s] -- Installing: /home/ubuntu/ros2ws/install/abb_rapid_sm_addin_msgs/include/abb_rapid_sm_addin_msgs/abb_rapid_sm_addin_msgs/msg/detail/egm_settings__rosidl_typesupport_introspection_c.h
[71.603s] -- Installing: /home/ubuntu/ros2ws/install/abb_rapid_sm_addin_msgs/include/abb_rapid_sm_addin_msgs/abb_rapid_sm_addin_msgs/msg/detail/egm_setup_settings__rosidl_typesupport_introspection_c.h
[71.604s] -- Installing: /home/ubuntu/ros2ws/install/abb_rapid_sm_addin_msgs/include/abb_rapid_sm_addin_msgs/abb_rapid_sm_addin_msgs/msg/detail/egm_setup_settings__type_support.c
[71.604s] -- Installing: /home/ubuntu/ros2ws/install/abb_rapid_sm_addin_msgs/include/abb_rapid_sm_addin_msgs/abb_rapid_sm_addin_msgs/msg/detail/egm_stop_settings__rosidl_typesupport_introspection_c.h
[71.604s] -- Installing: /home/ubuntu/ros2ws/install/abb_rapid_sm_addin_msgs/include/abb_rapid_sm_addin_msgs/abb_rapid_sm_addin_msgs/msg/detail/egm_settings__type_support.c
[71.604s] -- Installing: /home/ubuntu/ros2ws/install/abb_rapid_sm_addin_msgs/include/abb_rapid_sm_addin_msgs/abb_rapid_sm_addin_msgs/msg/detail/egm_stop_settings__type_support.c
[71.608s] -- Installing: /home/ubuntu/ros2ws/install/abb_rapid_sm_addin_msgs/include/abb_rapid_sm_addin_msgs/abb_rapid_sm_addin_msgs/msg/detail/state_machine_state__type_support.c
[71.608s] -- Installing: /home/ubuntu/ros2ws/install/abb_rapid_sm_addin_msgs/include/abb_rapid_sm_addin_msgs/abb_rapid_sm_addin_msgs/msg/detail/egm_activate_settings__rosidl_typesupport_introspection_c.h
[71.608s] -- Installing: /home/ubuntu/ros2ws/install/abb_rapid_sm_addin_msgs/include/abb_rapid_sm_addin_msgs/abb_rapid_sm_addin_msgs/msg/detail/egm_activate_settings__type_support.c
[71.609s] -- Installing: /home/ubuntu/ros2ws/install/abb_rapid_sm_addin_msgs/include/abb_rapid_sm_addin_msgs/abb_rapid_sm_addin_msgs/msg/detail/runtime_state__rosidl_typesupport_introspection_c.h
[71.609s] -- Installing: /home/ubuntu/ros2ws/install/abb_rapid_sm_addin_msgs/include/abb_rapid_sm_addin_msgs/abb_rapid_sm_addin_msgs/msg/detail/runtime_state__type_support.c
[71.609s] -- Installing: /home/ubuntu/ros2ws/install/abb_rapid_sm_addin_msgs/include/abb_rapid_sm_addin_msgs/abb_rapid_sm_addin_msgs/msg/detail/egm_run_settings__type_support.c
[71.609s] -- Installing: /home/ubuntu/ros2ws/install/abb_rapid_sm_addin_msgs/include/abb_rapid_sm_addin_msgs/abb_rapid_sm_addin_msgs/msg/detail/state_machine_state__rosidl_typesupport_introspection_c.h
[71.609s] -- Up-to-date: /home/ubuntu/ros2ws/install/abb_rapid_sm_addin_msgs/include/abb_rapid_sm_addin_msgs/abb_rapid_sm_addin_msgs/srv
[71.610s] -- Up-to-date: /home/ubuntu/ros2ws/install/abb_rapid_sm_addin_msgs/include/abb_rapid_sm_addin_msgs/abb_rapid_sm_addin_msgs/srv/detail
[71.610s] -- Installing: /home/ubuntu/ros2ws/install/abb_rapid_sm_addin_msgs/include/abb_rapid_sm_addin_msgs/abb_rapid_sm_addin_msgs/srv/detail/set_rapid_routine__rosidl_typesupport_introspection_c.h
[71.610s] -- Installing: /home/ubuntu/ros2ws/install/abb_rapid_sm_addin_msgs/include/abb_rapid_sm_addin_msgs/abb_rapid_sm_addin_msgs/srv/detail/get_egm_settings__type_support.c
[71.610s] -- Installing: /home/ubuntu/ros2ws/install/abb_rapid_sm_addin_msgs/include/abb_rapid_sm_addin_msgs/abb_rapid_sm_addin_msgs/srv/detail/get_egm_settings__rosidl_typesupport_introspection_c.h
[71.610s] -- Installing: /home/ubuntu/ros2ws/install/abb_rapid_sm_addin_msgs/include/abb_rapid_sm_addin_msgs/abb_rapid_sm_addin_msgs/srv/detail/set_egm_settings__type_support.c
[71.610s] -- Installing: /home/ubuntu/ros2ws/install/abb_rapid_sm_addin_msgs/include/abb_rapid_sm_addin_msgs/abb_rapid_sm_addin_msgs/srv/detail/set_sg_command__type_support.c
[71.610s] -- Installing: /home/ubuntu/ros2ws/install/abb_rapid_sm_addin_msgs/include/abb_rapid_sm_addin_msgs/abb_rapid_sm_addin_msgs/srv/detail/set_rapid_routine__type_support.c
[71.610s] -- Installing: /home/ubuntu/ros2ws/install/abb_rapid_sm_addin_msgs/include/abb_rapid_sm_addin_msgs/abb_rapid_sm_addin_msgs/srv/detail/set_egm_settings__rosidl_typesupport_introspection_c.h
[71.610s] -- Installing: /home/ubuntu/ros2ws/install/abb_rapid_sm_addin_msgs/include/abb_rapid_sm_addin_msgs/abb_rapid_sm_addin_msgs/srv/detail/set_sg_command__rosidl_typesupport_introspection_c.h
[71.610s] -- Installing: /home/ubuntu/ros2ws/install/abb_rapid_sm_addin_msgs/lib/libabb_rapid_sm_addin_msgs__rosidl_typesupport_introspection_c.so
[71.610s] -- Set runtime path of "/home/ubuntu/ros2ws/install/abb_rapid_sm_addin_msgs/lib/libabb_rapid_sm_addin_msgs__rosidl_typesupport_introspection_c.so" to ""
[71.611s] -- Installing: /home/ubuntu/ros2ws/install/abb_rapid_sm_addin_msgs/lib/libabb_rapid_sm_addin_msgs__rosidl_typesupport_c.so
[71.611s] -- Set runtime path of "/home/ubuntu/ros2ws/install/abb_rapid_sm_addin_msgs/lib/libabb_rapid_sm_addin_msgs__rosidl_typesupport_c.so" to ""
[71.611s] -- Up-to-date: /home/ubuntu/ros2ws/install/abb_rapid_sm_addin_msgs/include/abb_rapid_sm_addin_msgs/abb_rapid_sm_addin_msgs
[71.611s] -- Up-to-date: /home/ubuntu/ros2ws/install/abb_rapid_sm_addin_msgs/include/abb_rapid_sm_addin_msgs/abb_rapid_sm_addin_msgs/msg
[71.611s] -- Installing: /home/ubuntu/ros2ws/install/abb_rapid_sm_addin_msgs/include/abb_rapid_sm_addin_msgs/abb_rapid_sm_addin_msgs/msg/egm_setup_settings.hpp
[71.611s] -- Installing: /home/ubuntu/ros2ws/install/abb_rapid_sm_addin_msgs/include/abb_rapid_sm_addin_msgs/abb_rapid_sm_addin_msgs/msg/egm_settings.hpp
[71.614s] -- Installing: /home/ubuntu/ros2ws/install/abb_rapid_sm_addin_msgs/include/abb_rapid_sm_addin_msgs/abb_rapid_sm_addin_msgs/msg/egm_stop_settings.hpp
[71.614s] -- Installing: /home/ubuntu/ros2ws/install/abb_rapid_sm_addin_msgs/include/abb_rapid_sm_addin_msgs/abb_rapid_sm_addin_msgs/msg/egm_run_settings.hpp
[71.615s] -- Installing: /home/ubuntu/ros2ws/install/abb_rapid_sm_addin_msgs/include/abb_rapid_sm_addin_msgs/abb_rapid_sm_addin_msgs/msg/runtime_state.hpp
[71.615s] -- Installing: /home/ubuntu/ros2ws/install/abb_rapid_sm_addin_msgs/include/abb_rapid_sm_addin_msgs/abb_rapid_sm_addin_msgs/msg/state_machine_state.hpp
[71.615s] -- Up-to-date: /home/ubuntu/ros2ws/install/abb_rapid_sm_addin_msgs/include/abb_rapid_sm_addin_msgs/abb_rapid_sm_addin_msgs/msg/detail
[71.615s] -- Installing: /home/ubuntu/ros2ws/install/abb_rapid_sm_addin_msgs/include/abb_rapid_sm_addin_msgs/abb_rapid_sm_addin_msgs/msg/detail/egm_settings__struct.hpp
[71.616s] -- Installing: /home/ubuntu/ros2ws/install/abb_rapid_sm_addin_msgs/include/abb_rapid_sm_addin_msgs/abb_rapid_sm_addin_msgs/msg/detail/runtime_state__builder.hpp
[71.616s] -- Installing: /home/ubuntu/ros2ws/install/abb_rapid_sm_addin_msgs/include/abb_rapid_sm_addin_msgs/abb_rapid_sm_addin_msgs/msg/detail/egm_settings__traits.hpp
[71.616s] -- Installing: /home/ubuntu/ros2ws/install/abb_rapid_sm_addin_msgs/include/abb_rapid_sm_addin_msgs/abb_rapid_sm_addin_msgs/msg/detail/egm_activate_settings__builder.hpp
[71.619s] -- Installing: /home/ubuntu/ros2ws/install/abb_rapid_sm_addin_msgs/include/abb_rapid_sm_addin_msgs/abb_rapid_sm_addin_msgs/msg/detail/egm_stop_settings__struct.hpp
[71.619s] -- Installing: /home/ubuntu/ros2ws/install/abb_rapid_sm_addin_msgs/include/abb_rapid_sm_addin_msgs/abb_rapid_sm_addin_msgs/msg/detail/egm_stop_settings__traits.hpp
[71.620s] -- Installing: /home/ubuntu/ros2ws/install/abb_rapid_sm_addin_msgs/include/abb_rapid_sm_addin_msgs/abb_rapid_sm_addin_msgs/msg/detail/egm_stop_settings__builder.hpp
[71.620s] -- Installing: /home/ubuntu/ros2ws/install/abb_rapid_sm_addin_msgs/include/abb_rapid_sm_addin_msgs/abb_rapid_sm_addin_msgs/msg/detail/egm_run_settings__traits.hpp
[71.620s] -- Installing: /home/ubuntu/ros2ws/install/abb_rapid_sm_addin_msgs/include/abb_rapid_sm_addin_msgs/abb_rapid_sm_addin_msgs/msg/detail/egm_activate_settings__struct.hpp
[71.620s] -- Installing: /home/ubuntu/ros2ws/install/abb_rapid_sm_addin_msgs/include/abb_rapid_sm_addin_msgs/abb_rapid_sm_addin_msgs/msg/detail/egm_setup_settings__builder.hpp
[71.621s] -- Installing: /home/ubuntu/ros2ws/install/abb_rapid_sm_addin_msgs/include/abb_rapid_sm_addin_msgs/abb_rapid_sm_addin_msgs/msg/detail/egm_setup_settings__traits.hpp
[71.621s] -- Installing: /home/ubuntu/ros2ws/install/abb_rapid_sm_addin_msgs/include/abb_rapid_sm_addin_msgs/abb_rapid_sm_addin_msgs/msg/detail/egm_activate_settings__traits.hpp
[71.624s] -- Installing: /home/ubuntu/ros2ws/install/abb_rapid_sm_addin_msgs/include/abb_rapid_sm_addin_msgs/abb_rapid_sm_addin_msgs/msg/detail/state_machine_state__builder.hpp
[71.624s] -- Installing: /home/ubuntu/ros2ws/install/abb_rapid_sm_addin_msgs/include/abb_rapid_sm_addin_msgs/abb_rapid_sm_addin_msgs/msg/detail/egm_settings__builder.hpp
[71.624s] -- Installing: /home/ubuntu/ros2ws/install/abb_rapid_sm_addin_msgs/include/abb_rapid_sm_addin_msgs/abb_rapid_sm_addin_msgs/msg/detail/egm_run_settings__builder.hpp
[71.624s] -- Installing: /home/ubuntu/ros2ws/install/abb_rapid_sm_addin_msgs/include/abb_rapid_sm_addin_msgs/abb_rapid_sm_addin_msgs/msg/detail/egm_setup_settings__struct.hpp
[71.624s] -- Installing: /home/ubuntu/ros2ws/install/abb_rapid_sm_addin_msgs/include/abb_rapid_sm_addin_msgs/abb_rapid_sm_addin_msgs/msg/detail/state_machine_state__traits.hpp
[71.625s] -- Installing: /home/ubuntu/ros2ws/install/abb_rapid_sm_addin_msgs/include/abb_rapid_sm_addin_msgs/abb_rapid_sm_addin_msgs/msg/detail/egm_run_settings__struct.hpp
[71.625s] -- Installing: /home/ubuntu/ros2ws/install/abb_rapid_sm_addin_msgs/include/abb_rapid_sm_addin_msgs/abb_rapid_sm_addin_msgs/msg/detail/runtime_state__struct.hpp
[71.625s] -- Installing: /home/ubuntu/ros2ws/install/abb_rapid_sm_addin_msgs/include/abb_rapid_sm_addin_msgs/abb_rapid_sm_addin_msgs/msg/detail/state_machine_state__struct.hpp
[71.625s] -- Installing: /home/ubuntu/ros2ws/install/abb_rapid_sm_addin_msgs/include/abb_rapid_sm_addin_msgs/abb_rapid_sm_addin_msgs/msg/detail/runtime_state__traits.hpp
[71.625s] -- Installing: /home/ubuntu/ros2ws/install/abb_rapid_sm_addin_msgs/include/abb_rapid_sm_addin_msgs/abb_rapid_sm_addin_msgs/msg/egm_activate_settings.hpp
[71.625s] -- Up-to-date: /home/ubuntu/ros2ws/install/abb_rapid_sm_addin_msgs/include/abb_rapid_sm_addin_msgs/abb_rapid_sm_addin_msgs/srv
[71.625s] -- Installing: /home/ubuntu/ros2ws/install/abb_rapid_sm_addin_msgs/include/abb_rapid_sm_addin_msgs/abb_rapid_sm_addin_msgs/srv/set_rapid_routine.hpp
[71.625s] -- Installing: /home/ubuntu/ros2ws/install/abb_rapid_sm_addin_msgs/include/abb_rapid_sm_addin_msgs/abb_rapid_sm_addin_msgs/srv/get_egm_settings.hpp
[71.625s] -- Installing: /home/ubuntu/ros2ws/install/abb_rapid_sm_addin_msgs/include/abb_rapid_sm_addin_msgs/abb_rapid_sm_addin_msgs/srv/set_egm_settings.hpp
[71.625s] -- Installing: /home/ubuntu/ros2ws/install/abb_rapid_sm_addin_msgs/include/abb_rapid_sm_addin_msgs/abb_rapid_sm_addin_msgs/srv/set_sg_command.hpp
[71.625s] -- Up-to-date: /home/ubuntu/ros2ws/install/abb_rapid_sm_addin_msgs/include/abb_rapid_sm_addin_msgs/abb_rapid_sm_addin_msgs/srv/detail
[71.626s] -- Installing: /home/ubuntu/ros2ws/install/abb_rapid_sm_addin_msgs/include/abb_rapid_sm_addin_msgs/abb_rapid_sm_addin_msgs/srv/detail/set_egm_settings__struct.hpp
[71.626s] -- Installing: /home/ubuntu/ros2ws/install/abb_rapid_sm_addin_msgs/include/abb_rapid_sm_addin_msgs/abb_rapid_sm_addin_msgs/srv/detail/get_egm_settings__builder.hpp
[71.626s] -- Installing: /home/ubuntu/ros2ws/install/abb_rapid_sm_addin_msgs/include/abb_rapid_sm_addin_msgs/abb_rapid_sm_addin_msgs/srv/detail/get_egm_settings__struct.hpp
[71.626s] -- Installing: /home/ubuntu/ros2ws/install/abb_rapid_sm_addin_msgs/include/abb_rapid_sm_addin_msgs/abb_rapid_sm_addin_msgs/srv/detail/get_egm_settings__traits.hpp
[71.626s] -- Installing: /home/ubuntu/ros2ws/install/abb_rapid_sm_addin_msgs/include/abb_rapid_sm_addin_msgs/abb_rapid_sm_addin_msgs/srv/detail/set_rapid_routine__traits.hpp
[71.626s] -- Installing: /home/ubuntu/ros2ws/install/abb_rapid_sm_addin_msgs/include/abb_rapid_sm_addin_msgs/abb_rapid_sm_addin_msgs/srv/detail/set_sg_command__builder.hpp
[71.626s] -- Installing: /home/ubuntu/ros2ws/install/abb_rapid_sm_addin_msgs/include/abb_rapid_sm_addin_msgs/abb_rapid_sm_addin_msgs/srv/detail/set_egm_settings__builder.hpp
[71.626s] -- Installing: /home/ubuntu/ros2ws/install/abb_rapid_sm_addin_msgs/include/abb_rapid_sm_addin_msgs/abb_rapid_sm_addin_msgs/srv/detail/set_egm_settings__traits.hpp
[71.626s] -- Installing: /home/ubuntu/ros2ws/install/abb_rapid_sm_addin_msgs/include/abb_rapid_sm_addin_msgs/abb_rapid_sm_addin_msgs/srv/detail/set_sg_command__traits.hpp
[71.626s] -- Installing: /home/ubuntu/ros2ws/install/abb_rapid_sm_addin_msgs/include/abb_rapid_sm_addin_msgs/abb_rapid_sm_addin_msgs/srv/detail/set_rapid_routine__builder.hpp
[71.627s] -- Installing: /home/ubuntu/ros2ws/install/abb_rapid_sm_addin_msgs/include/abb_rapid_sm_addin_msgs/abb_rapid_sm_addin_msgs/srv/detail/set_rapid_routine__struct.hpp
[71.627s] -- Installing: /home/ubuntu/ros2ws/install/abb_rapid_sm_addin_msgs/include/abb_rapid_sm_addin_msgs/abb_rapid_sm_addin_msgs/srv/detail/set_sg_command__struct.hpp
[71.627s] -- Up-to-date: /home/ubuntu/ros2ws/install/abb_rapid_sm_addin_msgs/include/abb_rapid_sm_addin_msgs/abb_rapid_sm_addin_msgs
[71.627s] -- Up-to-date: /home/ubuntu/ros2ws/install/abb_rapid_sm_addin_msgs/include/abb_rapid_sm_addin_msgs/abb_rapid_sm_addin_msgs/msg
[71.627s] -- Installing: /home/ubuntu/ros2ws/install/abb_rapid_sm_addin_msgs/include/abb_rapid_sm_addin_msgs/abb_rapid_sm_addin_msgs/msg/rosidl_typesupport_fastrtps_cpp__visibility_control.h
[71.630s] -- Up-to-date: /home/ubuntu/ros2ws/install/abb_rapid_sm_addin_msgs/include/abb_rapid_sm_addin_msgs/abb_rapid_sm_addin_msgs/msg/detail
[71.630s] -- Installing: /home/ubuntu/ros2ws/install/abb_rapid_sm_addin_msgs/include/abb_rapid_sm_addin_msgs/abb_rapid_sm_addin_msgs/msg/detail/egm_stop_settings__rosidl_typesupport_fastrtps_cpp.hpp
[71.630s] -- Installing: /home/ubuntu/ros2ws/install/abb_rapid_sm_addin_msgs/include/abb_rapid_sm_addin_msgs/abb_rapid_sm_addin_msgs/msg/detail/egm_run_settings__rosidl_typesupport_fastrtps_cpp.hpp
[71.630s] -- Installing: /home/ubuntu/ros2ws/install/abb_rapid_sm_addin_msgs/include/abb_rapid_sm_addin_msgs/abb_rapid_sm_addin_msgs/msg/detail/egm_settings__rosidl_typesupport_fastrtps_cpp.hpp
[71.631s] -- Installing: /home/ubuntu/ros2ws/install/abb_rapid_sm_addin_msgs/include/abb_rapid_sm_addin_msgs/abb_rapid_sm_addin_msgs/msg/detail/state_machine_state__rosidl_typesupport_fastrtps_cpp.hpp
[71.631s] -- Installing: /home/ubuntu/ros2ws/install/abb_rapid_sm_addin_msgs/include/abb_rapid_sm_addin_msgs/abb_rapid_sm_addin_msgs/msg/detail/dds_fastrtps
[71.631s] -- Installing: /home/ubuntu/ros2ws/install/abb_rapid_sm_addin_msgs/include/abb_rapid_sm_addin_msgs/abb_rapid_sm_addin_msgs/msg/detail/runtime_state__rosidl_typesupport_fastrtps_cpp.hpp
[71.631s] -- Installing: /home/ubuntu/ros2ws/install/abb_rapid_sm_addin_msgs/include/abb_rapid_sm_addin_msgs/abb_rapid_sm_addin_msgs/msg/detail/egm_activate_settings__rosidl_typesupport_fastrtps_cpp.hpp
[71.631s] -- Installing: /home/ubuntu/ros2ws/install/abb_rapid_sm_addin_msgs/include/abb_rapid_sm_addin_msgs/abb_rapid_sm_addin_msgs/msg/detail/egm_setup_settings__rosidl_typesupport_fastrtps_cpp.hpp
[71.631s] -- Up-to-date: /home/ubuntu/ros2ws/install/abb_rapid_sm_addin_msgs/include/abb_rapid_sm_addin_msgs/abb_rapid_sm_addin_msgs/srv
[71.631s] -- Up-to-date: /home/ubuntu/ros2ws/install/abb_rapid_sm_addin_msgs/include/abb_rapid_sm_addin_msgs/abb_rapid_sm_addin_msgs/srv/detail
[71.631s] -- Installing: /home/ubuntu/ros2ws/install/abb_rapid_sm_addin_msgs/include/abb_rapid_sm_addin_msgs/abb_rapid_sm_addin_msgs/srv/detail/get_egm_settings__rosidl_typesupport_fastrtps_cpp.hpp
[71.631s] -- Installing: /home/ubuntu/ros2ws/install/abb_rapid_sm_addin_msgs/include/abb_rapid_sm_addin_msgs/abb_rapid_sm_addin_msgs/srv/detail/dds_fastrtps
[71.631s] -- Installing: /home/ubuntu/ros2ws/install/abb_rapid_sm_addin_msgs/include/abb_rapid_sm_addin_msgs/abb_rapid_sm_addin_msgs/srv/detail/set_rapid_routine__rosidl_typesupport_fastrtps_cpp.hpp
[71.631s] -- Installing: /home/ubuntu/ros2ws/install/abb_rapid_sm_addin_msgs/include/abb_rapid_sm_addin_msgs/abb_rapid_sm_addin_msgs/srv/detail/set_sg_command__rosidl_typesupport_fastrtps_cpp.hpp
[71.631s] -- Installing: /home/ubuntu/ros2ws/install/abb_rapid_sm_addin_msgs/include/abb_rapid_sm_addin_msgs/abb_rapid_sm_addin_msgs/srv/detail/set_egm_settings__rosidl_typesupport_fastrtps_cpp.hpp
[71.632s] -- Installing: /home/ubuntu/ros2ws/install/abb_rapid_sm_addin_msgs/lib/libabb_rapid_sm_addin_msgs__rosidl_typesupport_fastrtps_cpp.so
[71.632s] -- Set runtime path of "/home/ubuntu/ros2ws/install/abb_rapid_sm_addin_msgs/lib/libabb_rapid_sm_addin_msgs__rosidl_typesupport_fastrtps_cpp.so" to ""
[71.632s] -- Up-to-date: /home/ubuntu/ros2ws/install/abb_rapid_sm_addin_msgs/include/abb_rapid_sm_addin_msgs/abb_rapid_sm_addin_msgs
[71.632s] -- Up-to-date: /home/ubuntu/ros2ws/install/abb_rapid_sm_addin_msgs/include/abb_rapid_sm_addin_msgs/abb_rapid_sm_addin_msgs/msg
[71.632s] -- Up-to-date: /home/ubuntu/ros2ws/install/abb_rapid_sm_addin_msgs/include/abb_rapid_sm_addin_msgs/abb_rapid_sm_addin_msgs/msg/detail
[71.632s] -- Installing: /home/ubuntu/ros2ws/install/abb_rapid_sm_addin_msgs/include/abb_rapid_sm_addin_msgs/abb_rapid_sm_addin_msgs/msg/detail/runtime_state__type_support.cpp
[71.632s] -- Installing: /home/ubuntu/ros2ws/install/abb_rapid_sm_addin_msgs/include/abb_rapid_sm_addin_msgs/abb_rapid_sm_addin_msgs/msg/detail/egm_activate_settings__type_support.cpp
[71.632s] -- Installing: /home/ubuntu/ros2ws/install/abb_rapid_sm_addin_msgs/include/abb_rapid_sm_addin_msgs/abb_rapid_sm_addin_msgs/msg/detail/egm_stop_settings__rosidl_typesupport_introspection_cpp.hpp
[71.632s] -- Installing: /home/ubuntu/ros2ws/install/abb_rapid_sm_addin_msgs/include/abb_rapid_sm_addin_msgs/abb_rapid_sm_addin_msgs/msg/detail/egm_setup_settings__rosidl_typesupport_introspection_cpp.hpp
[71.632s] -- Installing: /home/ubuntu/ros2ws/install/abb_rapid_sm_addin_msgs/include/abb_rapid_sm_addin_msgs/abb_rapid_sm_addin_msgs/msg/detail/egm_run_settings__rosidl_typesupport_introspection_cpp.hpp
[71.633s] -- Installing: /home/ubuntu/ros2ws/install/abb_rapid_sm_addin_msgs/include/abb_rapid_sm_addin_msgs/abb_rapid_sm_addin_msgs/msg/detail/runtime_state__rosidl_typesupport_introspection_cpp.hpp
[71.633s] -- Installing: /home/ubuntu/ros2ws/install/abb_rapid_sm_addin_msgs/include/abb_rapid_sm_addin_msgs/abb_rapid_sm_addin_msgs/msg/detail/egm_settings__type_support.cpp
[71.633s] -- Installing: /home/ubuntu/ros2ws/install/abb_rapid_sm_addin_msgs/include/abb_rapid_sm_addin_msgs/abb_rapid_sm_addin_msgs/msg/detail/state_machine_state__type_support.cpp
[71.633s] -- Installing: /home/ubuntu/ros2ws/install/abb_rapid_sm_addin_msgs/include/abb_rapid_sm_addin_msgs/abb_rapid_sm_addin_msgs/msg/detail/egm_setup_settings__type_support.cpp
[71.635s] -- Installing: /home/ubuntu/ros2ws/install/abb_rapid_sm_addin_msgs/include/abb_rapid_sm_addin_msgs/abb_rapid_sm_addin_msgs/msg/detail/state_machine_state__rosidl_typesupport_introspection_cpp.hpp
[71.636s] -- Installing: /home/ubuntu/ros2ws/install/abb_rapid_sm_addin_msgs/include/abb_rapid_sm_addin_msgs/abb_rapid_sm_addin_msgs/msg/detail/egm_activate_settings__rosidl_typesupport_introspection_cpp.hpp
[71.636s] -- Installing: /home/ubuntu/ros2ws/install/abb_rapid_sm_addin_msgs/include/abb_rapid_sm_addin_msgs/abb_rapid_sm_addin_msgs/msg/detail/egm_run_settings__type_support.cpp
[71.636s] -- Installing: /home/ubuntu/ros2ws/install/abb_rapid_sm_addin_msgs/include/abb_rapid_sm_addin_msgs/abb_rapid_sm_addin_msgs/msg/detail/egm_settings__rosidl_typesupport_introspection_cpp.hpp
[71.636s] -- Installing: /home/ubuntu/ros2ws/install/abb_rapid_sm_addin_msgs/include/abb_rapid_sm_addin_msgs/abb_rapid_sm_addin_msgs/msg/detail/egm_stop_settings__type_support.cpp
[71.636s] -- Up-to-date: /home/ubuntu/ros2ws/install/abb_rapid_sm_addin_msgs/include/abb_rapid_sm_addin_msgs/abb_rapid_sm_addin_msgs/srv
[71.636s] -- Up-to-date: /home/ubuntu/ros2ws/install/abb_rapid_sm_addin_msgs/include/abb_rapid_sm_addin_msgs/abb_rapid_sm_addin_msgs/srv/detail
[71.636s] -- Installing: /home/ubuntu/ros2ws/install/abb_rapid_sm_addin_msgs/include/abb_rapid_sm_addin_msgs/abb_rapid_sm_addin_msgs/srv/detail/get_egm_settings__rosidl_typesupport_introspection_cpp.hpp
[71.636s] -- Installing: /home/ubuntu/ros2ws/install/abb_rapid_sm_addin_msgs/include/abb_rapid_sm_addin_msgs/abb_rapid_sm_addin_msgs/srv/detail/set_sg_command__rosidl_typesupport_introspection_cpp.hpp
[71.636s] -- Installing: /home/ubuntu/ros2ws/install/abb_rapid_sm_addin_msgs/include/abb_rapid_sm_addin_msgs/abb_rapid_sm_addin_msgs/srv/detail/set_egm_settings__rosidl_typesupport_introspection_cpp.hpp
[71.637s] -- Installing: /home/ubuntu/ros2ws/install/abb_rapid_sm_addin_msgs/include/abb_rapid_sm_addin_msgs/abb_rapid_sm_addin_msgs/srv/detail/get_egm_settings__type_support.cpp
[71.637s] -- Installing: /home/ubuntu/ros2ws/install/abb_rapid_sm_addin_msgs/include/abb_rapid_sm_addin_msgs/abb_rapid_sm_addin_msgs/srv/detail/set_sg_command__type_support.cpp
[71.637s] -- Installing: /home/ubuntu/ros2ws/install/abb_rapid_sm_addin_msgs/include/abb_rapid_sm_addin_msgs/abb_rapid_sm_addin_msgs/srv/detail/set_egm_settings__type_support.cpp
[71.637s] -- Installing: /home/ubuntu/ros2ws/install/abb_rapid_sm_addin_msgs/include/abb_rapid_sm_addin_msgs/abb_rapid_sm_addin_msgs/srv/detail/set_rapid_routine__rosidl_typesupport_introspection_cpp.hpp
[71.637s] -- Installing: /home/ubuntu/ros2ws/install/abb_rapid_sm_addin_msgs/include/abb_rapid_sm_addin_msgs/abb_rapid_sm_addin_msgs/srv/detail/set_rapid_routine__type_support.cpp
[71.637s] -- Installing: /home/ubuntu/ros2ws/install/abb_rapid_sm_addin_msgs/lib/libabb_rapid_sm_addin_msgs__rosidl_typesupport_introspection_cpp.so
[71.637s] -- Set runtime path of "/home/ubuntu/ros2ws/install/abb_rapid_sm_addin_msgs/lib/libabb_rapid_sm_addin_msgs__rosidl_typesupport_introspection_cpp.so" to ""
[71.637s] -- Installing: /home/ubuntu/ros2ws/install/abb_rapid_sm_addin_msgs/lib/libabb_rapid_sm_addin_msgs__rosidl_typesupport_cpp.so
[71.637s] -- Set runtime path of "/home/ubuntu/ros2ws/install/abb_rapid_sm_addin_msgs/lib/libabb_rapid_sm_addin_msgs__rosidl_typesupport_cpp.so" to ""
[71.637s] -- Installing: /home/ubuntu/ros2ws/install/abb_rapid_sm_addin_msgs/share/abb_rapid_sm_addin_msgs/environment/pythonpath.sh
[71.637s] -- Installing: /home/ubuntu/ros2ws/install/abb_rapid_sm_addin_msgs/share/abb_rapid_sm_addin_msgs/environment/pythonpath.dsv
[71.637s] -- Installing: /home/ubuntu/ros2ws/install/abb_rapid_sm_addin_msgs/local/lib/python3.10/dist-packages/abb_rapid_sm_addin_msgs-1.0.0-py3.10.egg-info
[71.638s] -- Installing: /home/ubuntu/ros2ws/install/abb_rapid_sm_addin_msgs/local/lib/python3.10/dist-packages/abb_rapid_sm_addin_msgs-1.0.0-py3.10.egg-info/PKG-INFO
[71.638s] -- Installing: /home/ubuntu/ros2ws/install/abb_rapid_sm_addin_msgs/local/lib/python3.10/dist-packages/abb_rapid_sm_addin_msgs-1.0.0-py3.10.egg-info/top_level.txt
[71.638s] -- Installing: /home/ubuntu/ros2ws/install/abb_rapid_sm_addin_msgs/local/lib/python3.10/dist-packages/abb_rapid_sm_addin_msgs-1.0.0-py3.10.egg-info/dependency_links.txt
[71.638s] -- Installing: /home/ubuntu/ros2ws/install/abb_rapid_sm_addin_msgs/local/lib/python3.10/dist-packages/abb_rapid_sm_addin_msgs-1.0.0-py3.10.egg-info/SOURCES.txt
[71.638s] -- Installing: /home/ubuntu/ros2ws/install/abb_rapid_sm_addin_msgs/local/lib/python3.10/dist-packages/abb_rapid_sm_addin_msgs
[71.638s] -- Installing: /home/ubuntu/ros2ws/install/abb_rapid_sm_addin_msgs/local/lib/python3.10/dist-packages/abb_rapid_sm_addin_msgs/msg
[71.638s] -- Installing: /home/ubuntu/ros2ws/install/abb_rapid_sm_addin_msgs/local/lib/python3.10/dist-packages/abb_rapid_sm_addin_msgs/msg/_state_machine_state.py
[71.638s] -- Installing: /home/ubuntu/ros2ws/install/abb_rapid_sm_addin_msgs/local/lib/python3.10/dist-packages/abb_rapid_sm_addin_msgs/msg/_egm_activate_settings.py
[71.638s] -- Installing: /home/ubuntu/ros2ws/install/abb_rapid_sm_addin_msgs/local/lib/python3.10/dist-packages/abb_rapid_sm_addin_msgs/msg/_egm_setup_settings_s.c
[71.638s] -- Installing: /home/ubuntu/ros2ws/install/abb_rapid_sm_addin_msgs/local/lib/python3.10/dist-packages/abb_rapid_sm_addin_msgs/msg/_egm_setup_settings.py
[71.642s] -- Installing: /home/ubuntu/ros2ws/install/abb_rapid_sm_addin_msgs/local/lib/python3.10/dist-packages/abb_rapid_sm_addin_msgs/msg/_egm_activate_settings_s.c
[71.642s] -- Installing: /home/ubuntu/ros2ws/install/abb_rapid_sm_addin_msgs/local/lib/python3.10/dist-packages/abb_rapid_sm_addin_msgs/msg/_egm_run_settings.py
[71.642s] -- Installing: /home/ubuntu/ros2ws/install/abb_rapid_sm_addin_msgs/local/lib/python3.10/dist-packages/abb_rapid_sm_addin_msgs/msg/_egm_stop_settings.py
[71.642s] -- Installing: /home/ubuntu/ros2ws/install/abb_rapid_sm_addin_msgs/local/lib/python3.10/dist-packages/abb_rapid_sm_addin_msgs/msg/_runtime_state.py
[71.642s] -- Installing: /home/ubuntu/ros2ws/install/abb_rapid_sm_addin_msgs/local/lib/python3.10/dist-packages/abb_rapid_sm_addin_msgs/msg/_egm_run_settings_s.c
[71.643s] -- Installing: /home/ubuntu/ros2ws/install/abb_rapid_sm_addin_msgs/local/lib/python3.10/dist-packages/abb_rapid_sm_addin_msgs/msg/_runtime_state_s.c
[71.643s] -- Installing: /home/ubuntu/ros2ws/install/abb_rapid_sm_addin_msgs/local/lib/python3.10/dist-packages/abb_rapid_sm_addin_msgs/msg/_egm_settings_s.c
[71.643s] -- Installing: /home/ubuntu/ros2ws/install/abb_rapid_sm_addin_msgs/local/lib/python3.10/dist-packages/abb_rapid_sm_addin_msgs/msg/_egm_stop_settings_s.c
[71.643s] -- Installing: /home/ubuntu/ros2ws/install/abb_rapid_sm_addin_msgs/local/lib/python3.10/dist-packages/abb_rapid_sm_addin_msgs/msg/_egm_settings.py
[71.643s] -- Installing: /home/ubuntu/ros2ws/install/abb_rapid_sm_addin_msgs/local/lib/python3.10/dist-packages/abb_rapid_sm_addin_msgs/msg/_state_machine_state_s.c
[71.643s] -- Installing: /home/ubuntu/ros2ws/install/abb_rapid_sm_addin_msgs/local/lib/python3.10/dist-packages/abb_rapid_sm_addin_msgs/msg/__init__.py
[71.643s] -- Installing: /home/ubuntu/ros2ws/install/abb_rapid_sm_addin_msgs/local/lib/python3.10/dist-packages/abb_rapid_sm_addin_msgs/_abb_rapid_sm_addin_msgs_s.ep.rosidl_typesupport_c.c
[71.643s] -- Installing: /home/ubuntu/ros2ws/install/abb_rapid_sm_addin_msgs/local/lib/python3.10/dist-packages/abb_rapid_sm_addin_msgs/srv
[71.643s] -- Installing: /home/ubuntu/ros2ws/install/abb_rapid_sm_addin_msgs/local/lib/python3.10/dist-packages/abb_rapid_sm_addin_msgs/srv/_get_egm_settings.py
[71.643s] -- Installing: /home/ubuntu/ros2ws/install/abb_rapid_sm_addin_msgs/local/lib/python3.10/dist-packages/abb_rapid_sm_addin_msgs/srv/_set_sg_command.py
[71.644s] -- Installing: /home/ubuntu/ros2ws/install/abb_rapid_sm_addin_msgs/local/lib/python3.10/dist-packages/abb_rapid_sm_addin_msgs/srv/_set_egm_settings.py
[71.644s] -- Installing: /home/ubuntu/ros2ws/install/abb_rapid_sm_addin_msgs/local/lib/python3.10/dist-packages/abb_rapid_sm_addin_msgs/srv/_set_rapid_routine_s.c
[71.644s] -- Installing: /home/ubuntu/ros2ws/install/abb_rapid_sm_addin_msgs/local/lib/python3.10/dist-packages/abb_rapid_sm_addin_msgs/srv/_set_rapid_routine.py
[71.644s] -- Installing: /home/ubuntu/ros2ws/install/abb_rapid_sm_addin_msgs/local/lib/python3.10/dist-packages/abb_rapid_sm_addin_msgs/srv/_set_sg_command_s.c
[71.647s] -- Installing: /home/ubuntu/ros2ws/install/abb_rapid_sm_addin_msgs/local/lib/python3.10/dist-packages/abb_rapid_sm_addin_msgs/srv/_get_egm_settings_s.c
[71.647s] -- Installing: /home/ubuntu/ros2ws/install/abb_rapid_sm_addin_msgs/local/lib/python3.10/dist-packages/abb_rapid_sm_addin_msgs/srv/_set_egm_settings_s.c
[71.647s] -- Installing: /home/ubuntu/ros2ws/install/abb_rapid_sm_addin_msgs/local/lib/python3.10/dist-packages/abb_rapid_sm_addin_msgs/srv/__init__.py
[71.647s] -- Installing: /home/ubuntu/ros2ws/install/abb_rapid_sm_addin_msgs/local/lib/python3.10/dist-packages/abb_rapid_sm_addin_msgs/abb_rapid_sm_addin_msgs_s__rosidl_typesupport_c.cpython-310-x86_64-linux-gnu.so
[71.647s] -- Installing: /home/ubuntu/ros2ws/install/abb_rapid_sm_addin_msgs/local/lib/python3.10/dist-packages/abb_rapid_sm_addin_msgs/_abb_rapid_sm_addin_msgs_s.ep.rosidl_typesupport_fastrtps_c.c
[71.648s] -- Installing: /home/ubuntu/ros2ws/install/abb_rapid_sm_addin_msgs/local/lib/python3.10/dist-packages/abb_rapid_sm_addin_msgs/abb_rapid_sm_addin_msgs_s__rosidl_typesupport_introspection_c.cpython-310-x86_64-linux-gnu.so
[71.648s] -- Installing: /home/ubuntu/ros2ws/install/abb_rapid_sm_addin_msgs/local/lib/python3.10/dist-packages/abb_rapid_sm_addin_msgs/abb_rapid_sm_addin_msgs_s__rosidl_typesupport_fastrtps_c.cpython-310-x86_64-linux-gnu.so
[71.648s] -- Installing: /home/ubuntu/ros2ws/install/abb_rapid_sm_addin_msgs/local/lib/python3.10/dist-packages/abb_rapid_sm_addin_msgs/__init__.py
[71.648s] -- Installing: /home/ubuntu/ros2ws/install/abb_rapid_sm_addin_msgs/local/lib/python3.10/dist-packages/abb_rapid_sm_addin_msgs/libabb_rapid_sm_addin_msgs__rosidl_generator_py.so
[71.648s] -- Installing: /home/ubuntu/ros2ws/install/abb_rapid_sm_addin_msgs/local/lib/python3.10/dist-packages/abb_rapid_sm_addin_msgs/_abb_rapid_sm_addin_msgs_s.ep.rosidl_typesupport_introspection_c.c
[71.715s] Listing '/home/ubuntu/ros2ws/install/abb_rapid_sm_addin_msgs/local/lib/python3.10/dist-packages/abb_rapid_sm_addin_msgs'...
[71.715s] Compiling '/home/ubuntu/ros2ws/install/abb_rapid_sm_addin_msgs/local/lib/python3.10/dist-packages/abb_rapid_sm_addin_msgs/__init__.py'...
[71.716s] Listing '/home/ubuntu/ros2ws/install/abb_rapid_sm_addin_msgs/local/lib/python3.10/dist-packages/abb_rapid_sm_addin_msgs/msg'...
[71.716s] Compiling '/home/ubuntu/ros2ws/install/abb_rapid_sm_addin_msgs/local/lib/python3.10/dist-packages/abb_rapid_sm_addin_msgs/msg/__init__.py'...
[71.716s] Compiling '/home/ubuntu/ros2ws/install/abb_rapid_sm_addin_msgs/local/lib/python3.10/dist-packages/abb_rapid_sm_addin_msgs/msg/_egm_activate_settings.py'...
[71.716s] Compiling '/home/ubuntu/ros2ws/install/abb_rapid_sm_addin_msgs/local/lib/python3.10/dist-packages/abb_rapid_sm_addin_msgs/msg/_egm_run_settings.py'...
[71.716s] Compiling '/home/ubuntu/ros2ws/install/abb_rapid_sm_addin_msgs/local/lib/python3.10/dist-packages/abb_rapid_sm_addin_msgs/msg/_egm_settings.py'...
[71.716s] Compiling '/home/ubuntu/ros2ws/install/abb_rapid_sm_addin_msgs/local/lib/python3.10/dist-packages/abb_rapid_sm_addin_msgs/msg/_egm_setup_settings.py'...
[71.716s] Compiling '/home/ubuntu/ros2ws/install/abb_rapid_sm_addin_msgs/local/lib/python3.10/dist-packages/abb_rapid_sm_addin_msgs/msg/_egm_stop_settings.py'...
[71.716s] Compiling '/home/ubuntu/ros2ws/install/abb_rapid_sm_addin_msgs/local/lib/python3.10/dist-packages/abb_rapid_sm_addin_msgs/msg/_runtime_state.py'...
[71.716s] Compiling '/home/ubuntu/ros2ws/install/abb_rapid_sm_addin_msgs/local/lib/python3.10/dist-packages/abb_rapid_sm_addin_msgs/msg/_state_machine_state.py'...
[71.716s] Listing '/home/ubuntu/ros2ws/install/abb_rapid_sm_addin_msgs/local/lib/python3.10/dist-packages/abb_rapid_sm_addin_msgs/srv'...
[71.716s] Compiling '/home/ubuntu/ros2ws/install/abb_rapid_sm_addin_msgs/local/lib/python3.10/dist-packages/abb_rapid_sm_addin_msgs/srv/__init__.py'...
[71.717s] Compiling '/home/ubuntu/ros2ws/install/abb_rapid_sm_addin_msgs/local/lib/python3.10/dist-packages/abb_rapid_sm_addin_msgs/srv/_get_egm_settings.py'...
[71.717s] Compiling '/home/ubuntu/ros2ws/install/abb_rapid_sm_addin_msgs/local/lib/python3.10/dist-packages/abb_rapid_sm_addin_msgs/srv/_set_egm_settings.py'...
[71.717s] Compiling '/home/ubuntu/ros2ws/install/abb_rapid_sm_addin_msgs/local/lib/python3.10/dist-packages/abb_rapid_sm_addin_msgs/srv/_set_rapid_routine.py'...
[71.717s] Compiling '/home/ubuntu/ros2ws/install/abb_rapid_sm_addin_msgs/local/lib/python3.10/dist-packages/abb_rapid_sm_addin_msgs/srv/_set_sg_command.py'...
[71.723s] -- Installing: /home/ubuntu/ros2ws/install/abb_rapid_sm_addin_msgs/local/lib/python3.10/dist-packages/abb_rapid_sm_addin_msgs/abb_rapid_sm_addin_msgs_s__rosidl_typesupport_fastrtps_c.cpython-310-x86_64-linux-gnu.so
[71.723s] -- Set runtime path of "/home/ubuntu/ros2ws/install/abb_rapid_sm_addin_msgs/local/lib/python3.10/dist-packages/abb_rapid_sm_addin_msgs/abb_rapid_sm_addin_msgs_s__rosidl_typesupport_fastrtps_c.cpython-310-x86_64-linux-gnu.so" to ""
[71.724s] -- Installing: /home/ubuntu/ros2ws/install/abb_rapid_sm_addin_msgs/local/lib/python3.10/dist-packages/abb_rapid_sm_addin_msgs/abb_rapid_sm_addin_msgs_s__rosidl_typesupport_introspection_c.cpython-310-x86_64-linux-gnu.so
[71.727s] -- Set runtime path of "/home/ubuntu/ros2ws/install/abb_rapid_sm_addin_msgs/local/lib/python3.10/dist-packages/abb_rapid_sm_addin_msgs/abb_rapid_sm_addin_msgs_s__rosidl_typesupport_introspection_c.cpython-310-x86_64-linux-gnu.so" to ""
[71.728s] -- Installing: /home/ubuntu/ros2ws/install/abb_rapid_sm_addin_msgs/local/lib/python3.10/dist-packages/abb_rapid_sm_addin_msgs/abb_rapid_sm_addin_msgs_s__rosidl_typesupport_c.cpython-310-x86_64-linux-gnu.so
[71.728s] -- Set runtime path of "/home/ubuntu/ros2ws/install/abb_rapid_sm_addin_msgs/local/lib/python3.10/dist-packages/abb_rapid_sm_addin_msgs/abb_rapid_sm_addin_msgs_s__rosidl_typesupport_c.cpython-310-x86_64-linux-gnu.so" to ""
[71.728s] -- Installing: /home/ubuntu/ros2ws/install/abb_rapid_sm_addin_msgs/lib/libabb_rapid_sm_addin_msgs__rosidl_generator_py.so
[71.728s] -- Set runtime path of "/home/ubuntu/ros2ws/install/abb_rapid_sm_addin_msgs/lib/libabb_rapid_sm_addin_msgs__rosidl_generator_py.so" to ""
[71.730s] -- Installing: /home/ubuntu/ros2ws/install/abb_rapid_sm_addin_msgs/share/abb_rapid_sm_addin_msgs/msg/EGMActivateSettings.idl
[71.731s] -- Installing: /home/ubuntu/ros2ws/install/abb_rapid_sm_addin_msgs/share/abb_rapid_sm_addin_msgs/msg/EGMRunSettings.idl
[71.731s] -- Installing: /home/ubuntu/ros2ws/install/abb_rapid_sm_addin_msgs/share/abb_rapid_sm_addin_msgs/msg/EGMSettings.idl
[71.731s] -- Installing: /home/ubuntu/ros2ws/install/abb_rapid_sm_addin_msgs/share/abb_rapid_sm_addin_msgs/msg/EGMSetupSettings.idl
[71.731s] -- Installing: /home/ubuntu/ros2ws/install/abb_rapid_sm_addin_msgs/share/abb_rapid_sm_addin_msgs/msg/EGMStopSettings.idl
[71.732s] -- Installing: /home/ubuntu/ros2ws/install/abb_rapid_sm_addin_msgs/share/abb_rapid_sm_addin_msgs/msg/RuntimeState.idl
[71.732s] -- Installing: /home/ubuntu/ros2ws/install/abb_rapid_sm_addin_msgs/share/abb_rapid_sm_addin_msgs/msg/StateMachineState.idl
[71.732s] -- Installing: /home/ubuntu/ros2ws/install/abb_rapid_sm_addin_msgs/share/abb_rapid_sm_addin_msgs/srv/GetEGMSettings.idl
[71.732s] -- Installing: /home/ubuntu/ros2ws/install/abb_rapid_sm_addin_msgs/share/abb_rapid_sm_addin_msgs/srv/SetEGMSettings.idl
[71.732s] -- Installing: /home/ubuntu/ros2ws/install/abb_rapid_sm_addin_msgs/share/abb_rapid_sm_addin_msgs/srv/SetRAPIDRoutine.idl
[71.735s] -- Installing: /home/ubuntu/ros2ws/install/abb_rapid_sm_addin_msgs/share/abb_rapid_sm_addin_msgs/srv/SetSGCommand.idl
[71.735s] -- Installing: /home/ubuntu/ros2ws/install/abb_rapid_sm_addin_msgs/share/abb_rapid_sm_addin_msgs/msg/EGMActivateSettings.msg
[71.736s] -- Installing: /home/ubuntu/ros2ws/install/abb_rapid_sm_addin_msgs/share/abb_rapid_sm_addin_msgs/msg/EGMRunSettings.msg
[71.736s] -- Installing: /home/ubuntu/ros2ws/install/abb_rapid_sm_addin_msgs/share/abb_rapid_sm_addin_msgs/msg/EGMSettings.msg
[71.736s] -- Installing: /home/ubuntu/ros2ws/install/abb_rapid_sm_addin_msgs/share/abb_rapid_sm_addin_msgs/msg/EGMSetupSettings.msg
[71.736s] -- Installing: /home/ubuntu/ros2ws/install/abb_rapid_sm_addin_msgs/share/abb_rapid_sm_addin_msgs/msg/EGMStopSettings.msg
[71.736s] -- Installing: /home/ubuntu/ros2ws/install/abb_rapid_sm_addin_msgs/share/abb_rapid_sm_addin_msgs/msg/RuntimeState.msg
[71.736s] -- Installing: /home/ubuntu/ros2ws/install/abb_rapid_sm_addin_msgs/share/abb_rapid_sm_addin_msgs/msg/StateMachineState.msg
[71.736s] -- Installing: /home/ubuntu/ros2ws/install/abb_rapid_sm_addin_msgs/share/abb_rapid_sm_addin_msgs/srv/GetEGMSettings.srv
[71.736s] -- Installing: /home/ubuntu/ros2ws/install/abb_rapid_sm_addin_msgs/share/abb_rapid_sm_addin_msgs/srv/GetEGMSettings_Request.msg
[71.736s] -- Installing: /home/ubuntu/ros2ws/install/abb_rapid_sm_addin_msgs/share/abb_rapid_sm_addin_msgs/srv/GetEGMSettings_Response.msg
[71.737s] -- Installing: /home/ubuntu/ros2ws/install/abb_rapid_sm_addin_msgs/share/abb_rapid_sm_addin_msgs/srv/SetEGMSettings.srv
[71.737s] -- Installing: /home/ubuntu/ros2ws/install/abb_rapid_sm_addin_msgs/share/abb_rapid_sm_addin_msgs/srv/SetEGMSettings_Request.msg
[71.737s] -- Installing: /home/ubuntu/ros2ws/install/abb_rapid_sm_addin_msgs/share/abb_rapid_sm_addin_msgs/srv/SetEGMSettings_Response.msg
[71.737s] -- Installing: /home/ubuntu/ros2ws/install/abb_rapid_sm_addin_msgs/share/abb_rapid_sm_addin_msgs/srv/SetRAPIDRoutine.srv
[71.737s] -- Installing: /home/ubuntu/ros2ws/install/abb_rapid_sm_addin_msgs/share/abb_rapid_sm_addin_msgs/srv/SetRAPIDRoutine_Request.msg
[71.737s] -- Installing: /home/ubuntu/ros2ws/install/abb_rapid_sm_addin_msgs/share/abb_rapid_sm_addin_msgs/srv/SetRAPIDRoutine_Response.msg
[71.738s] -- Installing: /home/ubuntu/ros2ws/install/abb_rapid_sm_addin_msgs/share/abb_rapid_sm_addin_msgs/srv/SetSGCommand.srv
[71.738s] -- Installing: /home/ubuntu/ros2ws/install/abb_rapid_sm_addin_msgs/share/abb_rapid_sm_addin_msgs/srv/SetSGCommand_Request.msg
[71.738s] -- Installing: /home/ubuntu/ros2ws/install/abb_rapid_sm_addin_msgs/share/abb_rapid_sm_addin_msgs/srv/SetSGCommand_Response.msg
[71.738s] -- Installing: /home/ubuntu/ros2ws/install/abb_rapid_sm_addin_msgs/share/ament_index/resource_index/package_run_dependencies/abb_rapid_sm_addin_msgs
[71.741s] -- Installing: /home/ubuntu/ros2ws/install/abb_rapid_sm_addin_msgs/share/ament_index/resource_index/parent_prefix_path/abb_rapid_sm_addin_msgs
[71.741s] -- Installing: /home/ubuntu/ros2ws/install/abb_rapid_sm_addin_msgs/share/abb_rapid_sm_addin_msgs/environment/ament_prefix_path.sh
[71.742s] -- Installing: /home/ubuntu/ros2ws/install/abb_rapid_sm_addin_msgs/share/abb_rapid_sm_addin_msgs/environment/ament_prefix_path.dsv
[71.742s] -- Installing: /home/ubuntu/ros2ws/install/abb_rapid_sm_addin_msgs/share/abb_rapid_sm_addin_msgs/environment/path.sh
[71.742s] -- Installing: /home/ubuntu/ros2ws/install/abb_rapid_sm_addin_msgs/share/abb_rapid_sm_addin_msgs/environment/path.dsv
[71.742s] -- Installing: /home/ubuntu/ros2ws/install/abb_rapid_sm_addin_msgs/share/abb_rapid_sm_addin_msgs/local_setup.bash
[71.742s] -- Installing: /home/ubuntu/ros2ws/install/abb_rapid_sm_addin_msgs/share/abb_rapid_sm_addin_msgs/local_setup.sh
[71.743s] -- Installing: /home/ubuntu/ros2ws/install/abb_rapid_sm_addin_msgs/share/abb_rapid_sm_addin_msgs/local_setup.zsh
[71.743s] -- Installing: /home/ubuntu/ros2ws/install/abb_rapid_sm_addin_msgs/share/abb_rapid_sm_addin_msgs/local_setup.dsv
[71.743s] -- Installing: /home/ubuntu/ros2ws/install/abb_rapid_sm_addin_msgs/share/abb_rapid_sm_addin_msgs/package.dsv
[71.743s] -- Installing: /home/ubuntu/ros2ws/install/abb_rapid_sm_addin_msgs/share/ament_index/resource_index/packages/abb_rapid_sm_addin_msgs
[71.744s] -- Installing: /home/ubuntu/ros2ws/install/abb_rapid_sm_addin_msgs/share/abb_rapid_sm_addin_msgs/cmake/export_abb_rapid_sm_addin_msgs__rosidl_generator_cExport.cmake
[71.744s] -- Installing: /home/ubuntu/ros2ws/install/abb_rapid_sm_addin_msgs/share/abb_rapid_sm_addin_msgs/cmake/export_abb_rapid_sm_addin_msgs__rosidl_generator_cExport-noconfig.cmake
[71.747s] -- Installing: /home/ubuntu/ros2ws/install/abb_rapid_sm_addin_msgs/share/abb_rapid_sm_addin_msgs/cmake/export_abb_rapid_sm_addin_msgs__rosidl_typesupport_fastrtps_cExport.cmake
[71.747s] -- Installing: /home/ubuntu/ros2ws/install/abb_rapid_sm_addin_msgs/share/abb_rapid_sm_addin_msgs/cmake/export_abb_rapid_sm_addin_msgs__rosidl_typesupport_fastrtps_cExport-noconfig.cmake
[71.747s] -- Installing: /home/ubuntu/ros2ws/install/abb_rapid_sm_addin_msgs/share/abb_rapid_sm_addin_msgs/cmake/abb_rapid_sm_addin_msgs__rosidl_typesupport_introspection_cExport.cmake
[71.747s] -- Installing: /home/ubuntu/ros2ws/install/abb_rapid_sm_addin_msgs/share/abb_rapid_sm_addin_msgs/cmake/abb_rapid_sm_addin_msgs__rosidl_typesupport_introspection_cExport-noconfig.cmake
[71.748s] -- Installing: /home/ubuntu/ros2ws/install/abb_rapid_sm_addin_msgs/share/abb_rapid_sm_addin_msgs/cmake/abb_rapid_sm_addin_msgs__rosidl_typesupport_cExport.cmake
[71.748s] -- Installing: /home/ubuntu/ros2ws/install/abb_rapid_sm_addin_msgs/share/abb_rapid_sm_addin_msgs/cmake/abb_rapid_sm_addin_msgs__rosidl_typesupport_cExport-noconfig.cmake
[71.748s] -- Installing: /home/ubuntu/ros2ws/install/abb_rapid_sm_addin_msgs/share/abb_rapid_sm_addin_msgs/cmake/export_abb_rapid_sm_addin_msgs__rosidl_generator_cppExport.cmake
[71.748s] -- Installing: /home/ubuntu/ros2ws/install/abb_rapid_sm_addin_msgs/share/abb_rapid_sm_addin_msgs/cmake/export_abb_rapid_sm_addin_msgs__rosidl_typesupport_fastrtps_cppExport.cmake
[71.748s] -- Installing: /home/ubuntu/ros2ws/install/abb_rapid_sm_addin_msgs/share/abb_rapid_sm_addin_msgs/cmake/export_abb_rapid_sm_addin_msgs__rosidl_typesupport_fastrtps_cppExport-noconfig.cmake
[71.749s] -- Installing: /home/ubuntu/ros2ws/install/abb_rapid_sm_addin_msgs/share/abb_rapid_sm_addin_msgs/cmake/abb_rapid_sm_addin_msgs__rosidl_typesupport_introspection_cppExport.cmake
[71.749s] -- Installing: /home/ubuntu/ros2ws/install/abb_rapid_sm_addin_msgs/share/abb_rapid_sm_addin_msgs/cmake/abb_rapid_sm_addin_msgs__rosidl_typesupport_introspection_cppExport-noconfig.cmake
[71.749s] -- Installing: /home/ubuntu/ros2ws/install/abb_rapid_sm_addin_msgs/share/abb_rapid_sm_addin_msgs/cmake/abb_rapid_sm_addin_msgs__rosidl_typesupport_cppExport.cmake
[71.749s] -- Installing: /home/ubuntu/ros2ws/install/abb_rapid_sm_addin_msgs/share/abb_rapid_sm_addin_msgs/cmake/abb_rapid_sm_addin_msgs__rosidl_typesupport_cppExport-noconfig.cmake
[71.749s] -- Installing: /home/ubuntu/ros2ws/install/abb_rapid_sm_addin_msgs/share/abb_rapid_sm_addin_msgs/cmake/export_abb_rapid_sm_addin_msgs__rosidl_generator_pyExport.cmake
[71.749s] -- Installing: /home/ubuntu/ros2ws/install/abb_rapid_sm_addin_msgs/share/abb_rapid_sm_addin_msgs/cmake/export_abb_rapid_sm_addin_msgs__rosidl_generator_pyExport-noconfig.cmake
[71.749s] -- Installing: /home/ubuntu/ros2ws/install/abb_rapid_sm_addin_msgs/share/abb_rapid_sm_addin_msgs/cmake/rosidl_cmake-extras.cmake
[71.749s] -- Installing: /home/ubuntu/ros2ws/install/abb_rapid_sm_addin_msgs/share/abb_rapid_sm_addin_msgs/cmake/ament_cmake_export_dependencies-extras.cmake
[71.749s] -- Installing: /home/ubuntu/ros2ws/install/abb_rapid_sm_addin_msgs/share/abb_rapid_sm_addin_msgs/cmake/ament_cmake_export_include_directories-extras.cmake
[71.749s] -- Installing: /home/ubuntu/ros2ws/install/abb_rapid_sm_addin_msgs/share/abb_rapid_sm_addin_msgs/cmake/ament_cmake_export_libraries-extras.cmake
[71.749s] -- Installing: /home/ubuntu/ros2ws/install/abb_rapid_sm_addin_msgs/share/abb_rapid_sm_addin_msgs/cmake/ament_cmake_export_targets-extras.cmake
[71.750s] -- Installing: /home/ubuntu/ros2ws/install/abb_rapid_sm_addin_msgs/share/abb_rapid_sm_addin_msgs/cmake/rosidl_cmake_export_typesupport_targets-extras.cmake
[71.750s] -- Installing: /home/ubuntu/ros2ws/install/abb_rapid_sm_addin_msgs/share/abb_rapid_sm_addin_msgs/cmake/rosidl_cmake_export_typesupport_libraries-extras.cmake
[71.750s] -- Installing: /home/ubuntu/ros2ws/install/abb_rapid_sm_addin_msgs/share/abb_rapid_sm_addin_msgs/cmake/abb_rapid_sm_addin_msgsConfig.cmake
[71.750s] -- Installing: /home/ubuntu/ros2ws/install/abb_rapid_sm_addin_msgs/share/abb_rapid_sm_addin_msgs/cmake/abb_rapid_sm_addin_msgsConfig-version.cmake
[71.750s] -- Installing: /home/ubuntu/ros2ws/install/abb_rapid_sm_addin_msgs/share/abb_rapid_sm_addin_msgs/package.xml
[71.757s] Invoked command in '/home/ubuntu/ros2ws/build/abb_rapid_sm_addin_msgs' returned '0': AMENT_PREFIX_PATH=/home/ubuntu/ros2ws/install/abb_rapid_msgs:${AMENT_PREFIX_PATH} CMAKE_PREFIX_PATH=/home/ubuntu/ros2ws/install/abb_rapid_msgs:/home/ubuntu/ros2ws/install/turtlesim:/opt/ros/humble LD_LIBRARY_PATH=/home/ubuntu/ros2ws/install/abb_rapid_msgs/lib:${LD_LIBRARY_PATH} PYTHONPATH=/home/ubuntu/ros2ws/install/abb_rapid_msgs/local/lib/python3.10/dist-packages:${PYTHONPATH} /usr/bin/cmake --install /home/ubuntu/ros2ws/build/abb_rapid_sm_addin_msgs
