[0.014s] Invoking command in '/home/ubuntu/ros2ws/build/linkpose_msgs': CMAKE_PREFIX_PATH=${CMAKE_PREFIX_PATH}:/opt/ros/humble /usr/bin/cmake /home/ubuntu/ros2ws/src/IFRA_LinkPose/linkpose_msgs -DCMAKE_INSTALL_PREFIX=/home/ubuntu/ros2ws/install/linkpose_msgs
[0.199s] -- The C compiler identification is GNU 11.4.0
[0.351s] -- The CXX compiler identification is GNU 11.4.0
[0.362s] -- Detecting C compiler ABI info
[0.549s] -- Detecting C compiler ABI info - done
[0.557s] -- Check for working C compiler: /usr/bin/cc - skipped
[0.557s] -- Detecting C compile features
[0.560s] -- Detecting C compile features - done
[0.563s] -- Detecting CXX compiler ABI info
[0.698s] -- Detecting CXX compiler ABI info - done
[0.708s] -- Check for working CXX compiler: /usr/bin/c++ - skipped
[0.708s] -- Detecting CXX compile features
[0.708s] -- Detecting CXX compile features - done
[0.718s] -- Found ament_cmake: 1.3.10 (/opt/ros/humble/share/ament_cmake/cmake)
[0.943s] -- Found Python3: /usr/bin/python3 (found version "3.10.12") found components: Interpreter 
[1.200s] -- Found ament_lint_auto: 0.12.11 (/opt/ros/humble/share/ament_lint_auto/cmake)
[1.388s] -- Found rosidl_default_generators: 1.2.0 (/opt/ros/humble/share/rosidl_default_generators/cmake)
[1.420s] -- Using all available rosidl_typesupport_c: rosidl_typesupport_fastrtps_c;rosidl_typesupport_introspection_c
[1.470s] -- Found rosidl_adapter: 3.1.5 (/opt/ros/humble/share/rosidl_adapter/cmake)
[1.628s] -- Using all available rosidl_typesupport_cpp: rosidl_typesupport_fastrtps_cpp;rosidl_typesupport_introspection_cpp
[2.044s] -- Found ament_cmake_ros: 0.10.0 (/opt/ros/humble/share/ament_cmake_ros/cmake)
[2.383s] -- Using all available rosidl_typesupport_c: rosidl_typesupport_fastrtps_c;rosidl_typesupport_introspection_c
[2.869s] -- Using all available rosidl_typesupport_cpp: rosidl_typesupport_fastrtps_cpp;rosidl_typesupport_introspection_cpp
[2.902s] -- Found PythonInterp: /usr/bin/python3 (found suitable version "3.10.12", minimum required is "3.6") 
[2.916s] -- Found python_cmake_module: 0.10.0 (/opt/ros/humble/share/python_cmake_module/cmake)
[2.968s] -- Found PythonLibs: /usr/lib/x86_64-linux-gnu/libpython3.10.so (found suitable version "3.10.12", minimum required is "3.5") 
[2.971s] -- Using PYTHON_EXECUTABLE: /usr/bin/python3
[2.971s] -- Using PYTHON_INCLUDE_DIRS: /usr/include/python3.10
[2.971s] -- Using PYTHON_LIBRARIES: /usr/lib/x86_64-linux-gnu/libpython3.10.so
[3.004s] -- Found PythonExtra: .so  
[3.091s] -- Added test 'copyright' to check source files copyright and LICENSE
[3.094s] -- Added test 'lint_cmake' to check CMake code style
[3.097s] -- Added test 'xmllint' to check XML markup files
[3.108s] -- Configuring done
[3.166s] -- Generating done
[3.166s] -- Build files have been written to: /home/ubuntu/ros2ws/build/linkpose_msgs
[3.175s] Invoked command in '/home/ubuntu/ros2ws/build/linkpose_msgs' returned '0': CMAKE_PREFIX_PATH=${CMAKE_PREFIX_PATH}:/opt/ros/humble /usr/bin/cmake /home/ubuntu/ros2ws/src/IFRA_LinkPose/linkpose_msgs -DCMAKE_INSTALL_PREFIX=/home/ubuntu/ros2ws/install/linkpose_msgs
[3.183s] Invoking command in '/home/ubuntu/ros2ws/build/linkpose_msgs': CMAKE_PREFIX_PATH=${CMAKE_PREFIX_PATH}:/opt/ros/humble /usr/bin/cmake --build /home/ubuntu/ros2ws/build/linkpose_msgs -- -j4 -l4
[3.262s] [  3%] [34m[1mGenerating C code for ROS interfaces[0m
[3.280s] [  6%] [34m[1mGenerating C++ code for ROS interfaces[0m
[3.321s] [  6%] Built target ament_cmake_python_copy_linkpose_msgs
[3.977s] running egg_info
[3.977s] creating linkpose_msgs.egg-info
[3.977s] writing linkpose_msgs.egg-info/PKG-INFO
[3.977s] writing dependency_links to linkpose_msgs.egg-info/dependency_links.txt
[3.977s] writing top-level names to linkpose_msgs.egg-info/top_level.txt
[3.977s] writing manifest file 'linkpose_msgs.egg-info/SOURCES.txt'
[3.989s] reading manifest file 'linkpose_msgs.egg-info/SOURCES.txt'
[3.990s] writing manifest file 'linkpose_msgs.egg-info/SOURCES.txt'
[4.068s] [  6%] Built target ament_cmake_python_build_linkpose_msgs_egg
[4.096s] [  6%] Built target linkpose_msgs__cpp
[4.131s] [  9%] [34m[1mGenerating C++ type support dispatch for ROS interfaces[0m
[4.131s] [ 12%] [34m[1mGenerating C++ introspection for ROS interfaces[0m
[4.131s] [ 16%] [34m[1mGenerating C++ type support for eProsima Fast-RTPS[0m
[4.231s] [ 19%] [32mBuilding C object CMakeFiles/linkpose_msgs__rosidl_generator_c.dir/rosidl_generator_c/linkpose_msgs/msg/detail/link_pose__functions.c.o[0m
[4.444s] [ 22%] [32m[1mLinking C shared library liblinkpose_msgs__rosidl_generator_c.so[0m
[4.608s] [ 22%] Built target linkpose_msgs__rosidl_generator_c
[4.653s] [ 25%] [34m[1mGenerating C type support for eProsima Fast-RTPS[0m
[4.719s] [ 29%] [32mBuilding CXX object CMakeFiles/linkpose_msgs__rosidl_typesupport_cpp.dir/rosidl_typesupport_cpp/linkpose_msgs/msg/link_pose__type_support.cpp.o[0m
[4.857s] [ 32%] [32mBuilding CXX object CMakeFiles/linkpose_msgs__rosidl_typesupport_fastrtps_cpp.dir/rosidl_typesupport_fastrtps_cpp/linkpose_msgs/msg/detail/dds_fastrtps/link_pose__type_support.cpp.o[0m
[5.104s] [ 35%] [32mBuilding CXX object CMakeFiles/linkpose_msgs__rosidl_typesupport_introspection_cpp.dir/rosidl_typesupport_introspection_cpp/linkpose_msgs/msg/detail/link_pose__type_support.cpp.o[0m
[5.485s] [ 38%] [32mBuilding CXX object CMakeFiles/linkpose_msgs__rosidl_typesupport_fastrtps_c.dir/rosidl_typesupport_fastrtps_c/linkpose_msgs/msg/detail/link_pose__type_support_c.cpp.o[0m
[5.654s] [ 41%] [32m[1mLinking CXX shared library liblinkpose_msgs__rosidl_typesupport_cpp.so[0m
[5.847s] [ 41%] Built target linkpose_msgs__rosidl_typesupport_cpp
[5.913s] [ 45%] [34m[1mGenerating C introspection for ROS interfaces[0m
[6.345s] [ 48%] [32m[1mLinking CXX shared library liblinkpose_msgs__rosidl_typesupport_fastrtps_cpp.so[0m
[6.616s] [ 48%] Built target linkpose_msgs__rosidl_typesupport_fastrtps_cpp
[6.648s] [ 51%] [34m[1mGenerating C type support dispatch for ROS interfaces[0m
[6.654s] [ 54%] [32m[1mLinking CXX shared library liblinkpose_msgs__rosidl_typesupport_introspection_cpp.so[0m
[6.688s] [ 58%] [32m[1mLinking CXX shared library liblinkpose_msgs__rosidl_typesupport_fastrtps_c.so[0m
[6.890s] [ 61%] [32mBuilding C object CMakeFiles/linkpose_msgs__rosidl_typesupport_introspection_c.dir/rosidl_typesupport_introspection_c/linkpose_msgs/msg/detail/link_pose__type_support.c.o[0m
[6.931s] [ 61%] Built target linkpose_msgs__rosidl_typesupport_introspection_cpp
[6.981s] [ 61%] Built target linkpose_msgs__rosidl_typesupport_fastrtps_c
[7.012s] [ 64%] [32m[1mLinking C shared library liblinkpose_msgs__rosidl_typesupport_introspection_c.so[0m
[7.096s] [ 64%] Built target linkpose_msgs__rosidl_typesupport_introspection_c
[7.413s] [ 67%] [32mBuilding CXX object CMakeFiles/linkpose_msgs__rosidl_typesupport_c.dir/rosidl_typesupport_c/linkpose_msgs/msg/link_pose__type_support.cpp.o[0m
[7.522s] [ 70%] [32m[1mLinking CXX shared library liblinkpose_msgs__rosidl_typesupport_c.so[0m
[7.622s] [ 70%] Built target linkpose_msgs__rosidl_typesupport_c
[7.671s] [ 70%] Built target linkpose_msgs
[7.732s] [ 74%] [34m[1mGenerating Python code for ROS interfaces[0m
[8.506s] [ 74%] Built target linkpose_msgs__py
[8.558s] [ 77%] [32mBuilding C object CMakeFiles/linkpose_msgs__rosidl_generator_py.dir/rosidl_generator_py/linkpose_msgs/msg/_link_pose_s.c.o[0m
[8.789s] [ 80%] [32m[1mLinking C shared library rosidl_generator_py/linkpose_msgs/liblinkpose_msgs__rosidl_generator_py.so[0m
[8.915s] [ 80%] Built target linkpose_msgs__rosidl_generator_py
[8.999s] [ 83%] [32mBuilding C object CMakeFiles/linkpose_msgs__rosidl_typesupport_fastrtps_c__pyext.dir/rosidl_generator_py/linkpose_msgs/_linkpose_msgs_s.ep.rosidl_typesupport_fastrtps_c.c.o[0m
[9.004s] [ 87%] [32mBuilding C object CMakeFiles/linkpose_msgs__rosidl_typesupport_c__pyext.dir/rosidl_generator_py/linkpose_msgs/_linkpose_msgs_s.ep.rosidl_typesupport_c.c.o[0m
[9.012s] [ 90%] [32mBuilding C object CMakeFiles/linkpose_msgs__rosidl_typesupport_introspection_c__pyext.dir/rosidl_generator_py/linkpose_msgs/_linkpose_msgs_s.ep.rosidl_typesupport_introspection_c.c.o[0m
[9.273s] [ 93%] [32m[1mLinking C shared library rosidl_generator_py/linkpose_msgs/linkpose_msgs_s__rosidl_typesupport_fastrtps_c.cpython-310-x86_64-linux-gnu.so[0m
[9.333s] [ 96%] [32m[1mLinking C shared library rosidl_generator_py/linkpose_msgs/linkpose_msgs_s__rosidl_typesupport_introspection_c.cpython-310-x86_64-linux-gnu.so[0m
[9.340s] [100%] [32m[1mLinking C shared library rosidl_generator_py/linkpose_msgs/linkpose_msgs_s__rosidl_typesupport_c.cpython-310-x86_64-linux-gnu.so[0m
[9.394s] [100%] Built target linkpose_msgs__rosidl_typesupport_fastrtps_c__pyext
[9.430s] [100%] Built target linkpose_msgs__rosidl_typesupport_introspection_c__pyext
[9.444s] [100%] Built target linkpose_msgs__rosidl_typesupport_c__pyext
[9.487s] Invoked command in '/home/ubuntu/ros2ws/build/linkpose_msgs' returned '0': CMAKE_PREFIX_PATH=${CMAKE_PREFIX_PATH}:/opt/ros/humble /usr/bin/cmake --build /home/ubuntu/ros2ws/build/linkpose_msgs -- -j4 -l4
[9.768s] Invoking command in '/home/ubuntu/ros2ws/build/linkpose_msgs': CMAKE_PREFIX_PATH=${CMAKE_PREFIX_PATH}:/opt/ros/humble /usr/bin/cmake --install /home/ubuntu/ros2ws/build/linkpose_msgs
[9.781s] -- Install configuration: ""
[9.784s] -- Installing: /home/ubuntu/ros2ws/install/linkpose_msgs/share/linkpose_msgs/msg
[9.784s] -- Installing: /home/ubuntu/ros2ws/install/linkpose_msgs/share/linkpose_msgs/msg/LinkPose.msg
[9.784s] -- Installing: /home/ubuntu/ros2ws/install/linkpose_msgs/share/ament_index/resource_index/rosidl_interfaces/linkpose_msgs
[9.784s] -- Installing: /home/ubuntu/ros2ws/install/linkpose_msgs/include/linkpose_msgs/linkpose_msgs
[9.784s] -- Installing: /home/ubuntu/ros2ws/install/linkpose_msgs/include/linkpose_msgs/linkpose_msgs/msg
[9.785s] -- Installing: /home/ubuntu/ros2ws/install/linkpose_msgs/include/linkpose_msgs/linkpose_msgs/msg/link_pose.h
[9.785s] -- Installing: /home/ubuntu/ros2ws/install/linkpose_msgs/include/linkpose_msgs/linkpose_msgs/msg/rosidl_generator_c__visibility_control.h
[9.785s] -- Installing: /home/ubuntu/ros2ws/install/linkpose_msgs/include/linkpose_msgs/linkpose_msgs/msg/detail
[9.785s] -- Installing: /home/ubuntu/ros2ws/install/linkpose_msgs/include/linkpose_msgs/linkpose_msgs/msg/detail/link_pose__functions.c
[9.785s] -- Installing: /home/ubuntu/ros2ws/install/linkpose_msgs/include/linkpose_msgs/linkpose_msgs/msg/detail/link_pose__functions.h
[9.785s] -- Installing: /home/ubuntu/ros2ws/install/linkpose_msgs/include/linkpose_msgs/linkpose_msgs/msg/detail/link_pose__struct.h
[9.786s] -- Installing: /home/ubuntu/ros2ws/install/linkpose_msgs/include/linkpose_msgs/linkpose_msgs/msg/detail/link_pose__type_support.h
[9.786s] -- Installing: /home/ubuntu/ros2ws/install/linkpose_msgs/share/linkpose_msgs/environment/library_path.sh
[9.786s] -- Installing: /home/ubuntu/ros2ws/install/linkpose_msgs/share/linkpose_msgs/environment/library_path.dsv
[9.786s] -- Installing: /home/ubuntu/ros2ws/install/linkpose_msgs/lib/liblinkpose_msgs__rosidl_generator_c.so
[9.786s] -- Set runtime path of "/home/ubuntu/ros2ws/install/linkpose_msgs/lib/liblinkpose_msgs__rosidl_generator_c.so" to ""
[9.786s] -- Up-to-date: /home/ubuntu/ros2ws/install/linkpose_msgs/include/linkpose_msgs/linkpose_msgs
[9.786s] -- Up-to-date: /home/ubuntu/ros2ws/install/linkpose_msgs/include/linkpose_msgs/linkpose_msgs/msg
[9.786s] -- Installing: /home/ubuntu/ros2ws/install/linkpose_msgs/include/linkpose_msgs/linkpose_msgs/msg/rosidl_typesupport_fastrtps_c__visibility_control.h
[9.788s] -- Up-to-date: /home/ubuntu/ros2ws/install/linkpose_msgs/include/linkpose_msgs/linkpose_msgs/msg/detail
[9.788s] -- Installing: /home/ubuntu/ros2ws/install/linkpose_msgs/include/linkpose_msgs/linkpose_msgs/msg/detail/link_pose__rosidl_typesupport_fastrtps_c.h
[9.791s] -- Installing: /home/ubuntu/ros2ws/install/linkpose_msgs/lib/liblinkpose_msgs__rosidl_typesupport_fastrtps_c.so
[9.791s] -- Set runtime path of "/home/ubuntu/ros2ws/install/linkpose_msgs/lib/liblinkpose_msgs__rosidl_typesupport_fastrtps_c.so" to ""
[9.792s] -- Up-to-date: /home/ubuntu/ros2ws/install/linkpose_msgs/include/linkpose_msgs/linkpose_msgs
[9.792s] -- Up-to-date: /home/ubuntu/ros2ws/install/linkpose_msgs/include/linkpose_msgs/linkpose_msgs/msg
[9.792s] -- Installing: /home/ubuntu/ros2ws/install/linkpose_msgs/include/linkpose_msgs/linkpose_msgs/msg/rosidl_typesupport_introspection_c__visibility_control.h
[9.792s] -- Up-to-date: /home/ubuntu/ros2ws/install/linkpose_msgs/include/linkpose_msgs/linkpose_msgs/msg/detail
[9.792s] -- Installing: /home/ubuntu/ros2ws/install/linkpose_msgs/include/linkpose_msgs/linkpose_msgs/msg/detail/link_pose__type_support.c
[9.792s] -- Installing: /home/ubuntu/ros2ws/install/linkpose_msgs/include/linkpose_msgs/linkpose_msgs/msg/detail/link_pose__rosidl_typesupport_introspection_c.h
[9.792s] -- Installing: /home/ubuntu/ros2ws/install/linkpose_msgs/lib/liblinkpose_msgs__rosidl_typesupport_introspection_c.so
[9.793s] -- Set runtime path of "/home/ubuntu/ros2ws/install/linkpose_msgs/lib/liblinkpose_msgs__rosidl_typesupport_introspection_c.so" to ""
[9.793s] -- Installing: /home/ubuntu/ros2ws/install/linkpose_msgs/lib/liblinkpose_msgs__rosidl_typesupport_c.so
[9.793s] -- Set runtime path of "/home/ubuntu/ros2ws/install/linkpose_msgs/lib/liblinkpose_msgs__rosidl_typesupport_c.so" to ""
[9.793s] -- Up-to-date: /home/ubuntu/ros2ws/install/linkpose_msgs/include/linkpose_msgs/linkpose_msgs
[9.794s] -- Up-to-date: /home/ubuntu/ros2ws/install/linkpose_msgs/include/linkpose_msgs/linkpose_msgs/msg
[9.794s] -- Installing: /home/ubuntu/ros2ws/install/linkpose_msgs/include/linkpose_msgs/linkpose_msgs/msg/link_pose.hpp
[9.794s] -- Up-to-date: /home/ubuntu/ros2ws/install/linkpose_msgs/include/linkpose_msgs/linkpose_msgs/msg/detail
[9.794s] -- Installing: /home/ubuntu/ros2ws/install/linkpose_msgs/include/linkpose_msgs/linkpose_msgs/msg/detail/link_pose__traits.hpp
[9.794s] -- Installing: /home/ubuntu/ros2ws/install/linkpose_msgs/include/linkpose_msgs/linkpose_msgs/msg/detail/link_pose__struct.hpp
[9.795s] -- Installing: /home/ubuntu/ros2ws/install/linkpose_msgs/include/linkpose_msgs/linkpose_msgs/msg/detail/link_pose__builder.hpp
[9.795s] -- Up-to-date: /home/ubuntu/ros2ws/install/linkpose_msgs/include/linkpose_msgs/linkpose_msgs
[9.795s] -- Up-to-date: /home/ubuntu/ros2ws/install/linkpose_msgs/include/linkpose_msgs/linkpose_msgs/msg
[9.795s] -- Installing: /home/ubuntu/ros2ws/install/linkpose_msgs/include/linkpose_msgs/linkpose_msgs/msg/rosidl_typesupport_fastrtps_cpp__visibility_control.h
[9.798s] -- Up-to-date: /home/ubuntu/ros2ws/install/linkpose_msgs/include/linkpose_msgs/linkpose_msgs/msg/detail
[9.798s] -- Installing: /home/ubuntu/ros2ws/install/linkpose_msgs/include/linkpose_msgs/linkpose_msgs/msg/detail/dds_fastrtps
[9.801s] -- Installing: /home/ubuntu/ros2ws/install/linkpose_msgs/include/linkpose_msgs/linkpose_msgs/msg/detail/link_pose__rosidl_typesupport_fastrtps_cpp.hpp
[9.801s] -- Installing: /home/ubuntu/ros2ws/install/linkpose_msgs/lib/liblinkpose_msgs__rosidl_typesupport_fastrtps_cpp.so
[9.803s] -- Set runtime path of "/home/ubuntu/ros2ws/install/linkpose_msgs/lib/liblinkpose_msgs__rosidl_typesupport_fastrtps_cpp.so" to ""
[9.803s] -- Up-to-date: /home/ubuntu/ros2ws/install/linkpose_msgs/include/linkpose_msgs/linkpose_msgs
[9.803s] -- Up-to-date: /home/ubuntu/ros2ws/install/linkpose_msgs/include/linkpose_msgs/linkpose_msgs/msg
[9.803s] -- Up-to-date: /home/ubuntu/ros2ws/install/linkpose_msgs/include/linkpose_msgs/linkpose_msgs/msg/detail
[9.803s] -- Installing: /home/ubuntu/ros2ws/install/linkpose_msgs/include/linkpose_msgs/linkpose_msgs/msg/detail/link_pose__type_support.cpp
[9.804s] -- Installing: /home/ubuntu/ros2ws/install/linkpose_msgs/include/linkpose_msgs/linkpose_msgs/msg/detail/link_pose__rosidl_typesupport_introspection_cpp.hpp
[9.804s] -- Installing: /home/ubuntu/ros2ws/install/linkpose_msgs/lib/liblinkpose_msgs__rosidl_typesupport_introspection_cpp.so
[9.804s] -- Set runtime path of "/home/ubuntu/ros2ws/install/linkpose_msgs/lib/liblinkpose_msgs__rosidl_typesupport_introspection_cpp.so" to ""
[9.804s] -- Installing: /home/ubuntu/ros2ws/install/linkpose_msgs/lib/liblinkpose_msgs__rosidl_typesupport_cpp.so
[9.804s] -- Set runtime path of "/home/ubuntu/ros2ws/install/linkpose_msgs/lib/liblinkpose_msgs__rosidl_typesupport_cpp.so" to ""
[9.804s] -- Installing: /home/ubuntu/ros2ws/install/linkpose_msgs/share/linkpose_msgs/environment/pythonpath.sh
[9.806s] -- Installing: /home/ubuntu/ros2ws/install/linkpose_msgs/share/linkpose_msgs/environment/pythonpath.dsv
[9.806s] -- Installing: /home/ubuntu/ros2ws/install/linkpose_msgs/local/lib/python3.10/dist-packages/linkpose_msgs-0.0.0-py3.10.egg-info
[9.811s] -- Installing: /home/ubuntu/ros2ws/install/linkpose_msgs/local/lib/python3.10/dist-packages/linkpose_msgs-0.0.0-py3.10.egg-info/PKG-INFO
[9.811s] -- Installing: /home/ubuntu/ros2ws/install/linkpose_msgs/local/lib/python3.10/dist-packages/linkpose_msgs-0.0.0-py3.10.egg-info/top_level.txt
[9.812s] -- Installing: /home/ubuntu/ros2ws/install/linkpose_msgs/local/lib/python3.10/dist-packages/linkpose_msgs-0.0.0-py3.10.egg-info/dependency_links.txt
[9.812s] -- Installing: /home/ubuntu/ros2ws/install/linkpose_msgs/local/lib/python3.10/dist-packages/linkpose_msgs-0.0.0-py3.10.egg-info/SOURCES.txt
[9.812s] -- Installing: /home/ubuntu/ros2ws/install/linkpose_msgs/local/lib/python3.10/dist-packages/linkpose_msgs
[9.812s] -- Installing: /home/ubuntu/ros2ws/install/linkpose_msgs/local/lib/python3.10/dist-packages/linkpose_msgs/msg
[9.813s] -- Installing: /home/ubuntu/ros2ws/install/linkpose_msgs/local/lib/python3.10/dist-packages/linkpose_msgs/msg/_link_pose_s.c
[9.813s] -- Installing: /home/ubuntu/ros2ws/install/linkpose_msgs/local/lib/python3.10/dist-packages/linkpose_msgs/msg/_link_pose.py
[9.813s] -- Installing: /home/ubuntu/ros2ws/install/linkpose_msgs/local/lib/python3.10/dist-packages/linkpose_msgs/msg/__init__.py
[9.814s] -- Installing: /home/ubuntu/ros2ws/install/linkpose_msgs/local/lib/python3.10/dist-packages/linkpose_msgs/liblinkpose_msgs__rosidl_generator_py.so
[9.814s] -- Installing: /home/ubuntu/ros2ws/install/linkpose_msgs/local/lib/python3.10/dist-packages/linkpose_msgs/linkpose_msgs_s__rosidl_typesupport_c.cpython-310-x86_64-linux-gnu.so
[9.814s] -- Installing: /home/ubuntu/ros2ws/install/linkpose_msgs/local/lib/python3.10/dist-packages/linkpose_msgs/_linkpose_msgs_s.ep.rosidl_typesupport_fastrtps_c.c
[9.814s] -- Installing: /home/ubuntu/ros2ws/install/linkpose_msgs/local/lib/python3.10/dist-packages/linkpose_msgs/_linkpose_msgs_s.ep.rosidl_typesupport_introspection_c.c
[9.814s] -- Installing: /home/ubuntu/ros2ws/install/linkpose_msgs/local/lib/python3.10/dist-packages/linkpose_msgs/linkpose_msgs_s__rosidl_typesupport_fastrtps_c.cpython-310-x86_64-linux-gnu.so
[9.814s] -- Installing: /home/ubuntu/ros2ws/install/linkpose_msgs/local/lib/python3.10/dist-packages/linkpose_msgs/_linkpose_msgs_s.ep.rosidl_typesupport_c.c
[9.815s] -- Installing: /home/ubuntu/ros2ws/install/linkpose_msgs/local/lib/python3.10/dist-packages/linkpose_msgs/linkpose_msgs_s__rosidl_typesupport_introspection_c.cpython-310-x86_64-linux-gnu.so
[9.815s] -- Installing: /home/ubuntu/ros2ws/install/linkpose_msgs/local/lib/python3.10/dist-packages/linkpose_msgs/__init__.py
[9.890s] Listing '/home/ubuntu/ros2ws/install/linkpose_msgs/local/lib/python3.10/dist-packages/linkpose_msgs'...
[9.890s] Compiling '/home/ubuntu/ros2ws/install/linkpose_msgs/local/lib/python3.10/dist-packages/linkpose_msgs/__init__.py'...
[9.891s] Listing '/home/ubuntu/ros2ws/install/linkpose_msgs/local/lib/python3.10/dist-packages/linkpose_msgs/msg'...
[9.891s] Compiling '/home/ubuntu/ros2ws/install/linkpose_msgs/local/lib/python3.10/dist-packages/linkpose_msgs/msg/__init__.py'...
[9.896s] Compiling '/home/ubuntu/ros2ws/install/linkpose_msgs/local/lib/python3.10/dist-packages/linkpose_msgs/msg/_link_pose.py'...
[9.902s] -- Installing: /home/ubuntu/ros2ws/install/linkpose_msgs/local/lib/python3.10/dist-packages/linkpose_msgs/linkpose_msgs_s__rosidl_typesupport_fastrtps_c.cpython-310-x86_64-linux-gnu.so
[9.903s] -- Set runtime path of "/home/ubuntu/ros2ws/install/linkpose_msgs/local/lib/python3.10/dist-packages/linkpose_msgs/linkpose_msgs_s__rosidl_typesupport_fastrtps_c.cpython-310-x86_64-linux-gnu.so" to ""
[9.903s] -- Installing: /home/ubuntu/ros2ws/install/linkpose_msgs/local/lib/python3.10/dist-packages/linkpose_msgs/linkpose_msgs_s__rosidl_typesupport_introspection_c.cpython-310-x86_64-linux-gnu.so
[9.907s] -- Set runtime path of "/home/ubuntu/ros2ws/install/linkpose_msgs/local/lib/python3.10/dist-packages/linkpose_msgs/linkpose_msgs_s__rosidl_typesupport_introspection_c.cpython-310-x86_64-linux-gnu.so" to ""
[9.907s] -- Installing: /home/ubuntu/ros2ws/install/linkpose_msgs/local/lib/python3.10/dist-packages/linkpose_msgs/linkpose_msgs_s__rosidl_typesupport_c.cpython-310-x86_64-linux-gnu.so
[9.908s] -- Set runtime path of "/home/ubuntu/ros2ws/install/linkpose_msgs/local/lib/python3.10/dist-packages/linkpose_msgs/linkpose_msgs_s__rosidl_typesupport_c.cpython-310-x86_64-linux-gnu.so" to ""
[9.908s] -- Installing: /home/ubuntu/ros2ws/install/linkpose_msgs/lib/liblinkpose_msgs__rosidl_generator_py.so
[9.908s] -- Set runtime path of "/home/ubuntu/ros2ws/install/linkpose_msgs/lib/liblinkpose_msgs__rosidl_generator_py.so" to ""
[9.908s] -- Installing: /home/ubuntu/ros2ws/install/linkpose_msgs/share/linkpose_msgs/msg/LinkPose.idl
[9.909s] -- Up-to-date: /home/ubuntu/ros2ws/install/linkpose_msgs/share/linkpose_msgs/msg/LinkPose.msg
[9.910s] -- Installing: /home/ubuntu/ros2ws/install/linkpose_msgs/share/ament_index/resource_index/package_run_dependencies/linkpose_msgs
[9.911s] -- Installing: /home/ubuntu/ros2ws/install/linkpose_msgs/share/ament_index/resource_index/parent_prefix_path/linkpose_msgs
[9.911s] -- Installing: /home/ubuntu/ros2ws/install/linkpose_msgs/share/linkpose_msgs/environment/ament_prefix_path.sh
[9.914s] -- Installing: /home/ubuntu/ros2ws/install/linkpose_msgs/share/linkpose_msgs/environment/ament_prefix_path.dsv
[9.914s] -- Installing: /home/ubuntu/ros2ws/install/linkpose_msgs/share/linkpose_msgs/environment/path.sh
[9.916s] -- Installing: /home/ubuntu/ros2ws/install/linkpose_msgs/share/linkpose_msgs/environment/path.dsv
[9.918s] -- Installing: /home/ubuntu/ros2ws/install/linkpose_msgs/share/linkpose_msgs/local_setup.bash
[9.918s] -- Installing: /home/ubuntu/ros2ws/install/linkpose_msgs/share/linkpose_msgs/local_setup.sh
[9.918s] -- Installing: /home/ubuntu/ros2ws/install/linkpose_msgs/share/linkpose_msgs/local_setup.zsh
[9.919s] -- Installing: /home/ubuntu/ros2ws/install/linkpose_msgs/share/linkpose_msgs/local_setup.dsv
[9.919s] -- Installing: /home/ubuntu/ros2ws/install/linkpose_msgs/share/linkpose_msgs/package.dsv
[9.919s] -- Installing: /home/ubuntu/ros2ws/install/linkpose_msgs/share/ament_index/resource_index/packages/linkpose_msgs
[9.919s] -- Installing: /home/ubuntu/ros2ws/install/linkpose_msgs/share/linkpose_msgs/cmake/export_linkpose_msgs__rosidl_generator_cExport.cmake
[9.920s] -- Installing: /home/ubuntu/ros2ws/install/linkpose_msgs/share/linkpose_msgs/cmake/export_linkpose_msgs__rosidl_generator_cExport-noconfig.cmake
[9.920s] -- Installing: /home/ubuntu/ros2ws/install/linkpose_msgs/share/linkpose_msgs/cmake/export_linkpose_msgs__rosidl_typesupport_fastrtps_cExport.cmake
[9.920s] -- Installing: /home/ubuntu/ros2ws/install/linkpose_msgs/share/linkpose_msgs/cmake/export_linkpose_msgs__rosidl_typesupport_fastrtps_cExport-noconfig.cmake
[9.920s] -- Installing: /home/ubuntu/ros2ws/install/linkpose_msgs/share/linkpose_msgs/cmake/linkpose_msgs__rosidl_typesupport_introspection_cExport.cmake
[9.921s] -- Installing: /home/ubuntu/ros2ws/install/linkpose_msgs/share/linkpose_msgs/cmake/linkpose_msgs__rosidl_typesupport_introspection_cExport-noconfig.cmake
[9.921s] -- Installing: /home/ubuntu/ros2ws/install/linkpose_msgs/share/linkpose_msgs/cmake/linkpose_msgs__rosidl_typesupport_cExport.cmake
[9.921s] -- Installing: /home/ubuntu/ros2ws/install/linkpose_msgs/share/linkpose_msgs/cmake/linkpose_msgs__rosidl_typesupport_cExport-noconfig.cmake
[9.922s] -- Installing: /home/ubuntu/ros2ws/install/linkpose_msgs/share/linkpose_msgs/cmake/export_linkpose_msgs__rosidl_generator_cppExport.cmake
[9.922s] -- Installing: /home/ubuntu/ros2ws/install/linkpose_msgs/share/linkpose_msgs/cmake/export_linkpose_msgs__rosidl_typesupport_fastrtps_cppExport.cmake
[9.922s] -- Installing: /home/ubuntu/ros2ws/install/linkpose_msgs/share/linkpose_msgs/cmake/export_linkpose_msgs__rosidl_typesupport_fastrtps_cppExport-noconfig.cmake
[9.922s] -- Installing: /home/ubuntu/ros2ws/install/linkpose_msgs/share/linkpose_msgs/cmake/linkpose_msgs__rosidl_typesupport_introspection_cppExport.cmake
[9.923s] -- Installing: /home/ubuntu/ros2ws/install/linkpose_msgs/share/linkpose_msgs/cmake/linkpose_msgs__rosidl_typesupport_introspection_cppExport-noconfig.cmake
[9.923s] -- Installing: /home/ubuntu/ros2ws/install/linkpose_msgs/share/linkpose_msgs/cmake/linkpose_msgs__rosidl_typesupport_cppExport.cmake
[9.923s] -- Installing: /home/ubuntu/ros2ws/install/linkpose_msgs/share/linkpose_msgs/cmake/linkpose_msgs__rosidl_typesupport_cppExport-noconfig.cmake
[9.923s] -- Installing: /home/ubuntu/ros2ws/install/linkpose_msgs/share/linkpose_msgs/cmake/export_linkpose_msgs__rosidl_generator_pyExport.cmake
[9.923s] -- Installing: /home/ubuntu/ros2ws/install/linkpose_msgs/share/linkpose_msgs/cmake/export_linkpose_msgs__rosidl_generator_pyExport-noconfig.cmake
[9.924s] -- Installing: /home/ubuntu/ros2ws/install/linkpose_msgs/share/linkpose_msgs/cmake/rosidl_cmake-extras.cmake
[9.924s] -- Installing: /home/ubuntu/ros2ws/install/linkpose_msgs/share/linkpose_msgs/cmake/ament_cmake_export_include_directories-extras.cmake
[9.924s] -- Installing: /home/ubuntu/ros2ws/install/linkpose_msgs/share/linkpose_msgs/cmake/ament_cmake_export_libraries-extras.cmake
[9.924s] -- Installing: /home/ubuntu/ros2ws/install/linkpose_msgs/share/linkpose_msgs/cmake/ament_cmake_export_targets-extras.cmake
[9.924s] -- Installing: /home/ubuntu/ros2ws/install/linkpose_msgs/share/linkpose_msgs/cmake/rosidl_cmake_export_typesupport_targets-extras.cmake
[9.925s] -- Installing: /home/ubuntu/ros2ws/install/linkpose_msgs/share/linkpose_msgs/cmake/ament_cmake_export_dependencies-extras.cmake
[9.925s] -- Installing: /home/ubuntu/ros2ws/install/linkpose_msgs/share/linkpose_msgs/cmake/rosidl_cmake_export_typesupport_libraries-extras.cmake
[9.925s] -- Installing: /home/ubuntu/ros2ws/install/linkpose_msgs/share/linkpose_msgs/cmake/linkpose_msgsConfig.cmake
[9.926s] -- Installing: /home/ubuntu/ros2ws/install/linkpose_msgs/share/linkpose_msgs/cmake/linkpose_msgsConfig-version.cmake
[9.926s] -- Installing: /home/ubuntu/ros2ws/install/linkpose_msgs/share/linkpose_msgs/package.xml
[9.954s] Invoked command in '/home/ubuntu/ros2ws/build/linkpose_msgs' returned '0': CMAKE_PREFIX_PATH=${CMAKE_PREFIX_PATH}:/opt/ros/humble /usr/bin/cmake --install /home/ubuntu/ros2ws/build/linkpose_msgs
