[1.364s] Invoking command in '/home/ubuntu/ros2ws/src/robot_letter_writer': PYTHONPATH=/home/ubuntu/ros2ws/build/robot_letter_writer/prefix_override:/usr/lib/python3/dist-packages/colcon_core/task/python/colcon_distutils_commands:/home/ubuntu/ros2ws/install/robot_letter_writer/lib/python3.10/site-packages:${PYTHONPATH} /usr/bin/python3 -W ignore:setup.py install is deprecated setup.py egg_info --egg-base ../../build/robot_letter_writer build --build-base /home/ubuntu/ros2ws/build/robot_letter_writer/build install --record /home/ubuntu/ros2ws/build/robot_letter_writer/install.log --single-version-externally-managed install_data
[1.910s] running egg_info
[1.912s] writing ../../build/robot_letter_writer/robot_letter_writer.egg-info/PKG-INFO
[1.913s] writing dependency_links to ../../build/robot_letter_writer/robot_letter_writer.egg-info/dependency_links.txt
[1.914s] writing entry points to ../../build/robot_letter_writer/robot_letter_writer.egg-info/entry_points.txt
[1.914s] writing requirements to ../../build/robot_letter_writer/robot_letter_writer.egg-info/requires.txt
[1.915s] writing top-level names to ../../build/robot_letter_writer/robot_letter_writer.egg-info/top_level.txt
[1.922s] reading manifest file '../../build/robot_letter_writer/robot_letter_writer.egg-info/SOURCES.txt'
[1.925s] writing manifest file '../../build/robot_letter_writer/robot_letter_writer.egg-info/SOURCES.txt'
[1.926s] running build
[1.926s] running build_py
[1.927s] running install
[1.933s] running install_lib
[1.939s] running install_data
[1.939s] running install_egg_info
[1.940s] removing '/home/ubuntu/ros2ws/install/robot_letter_writer/lib/python3.10/site-packages/robot_letter_writer-0.0.0-py3.10.egg-info' (and everything under it)
[1.941s] Copying ../../build/robot_letter_writer/robot_letter_writer.egg-info to /home/ubuntu/ros2ws/install/robot_letter_writer/lib/python3.10/site-packages/robot_letter_writer-0.0.0-py3.10.egg-info
[1.948s] running install_scripts
[1.995s] Installing robot_letter_writer_node script to /home/ubuntu/ros2ws/install/robot_letter_writer/lib/robot_letter_writer
[1.995s] Installing robot_letter_writer_robmove_node script to /home/ubuntu/ros2ws/install/robot_letter_writer/lib/robot_letter_writer
[1.995s] writing list of installed files to '/home/ubuntu/ros2ws/build/robot_letter_writer/install.log'
[2.031s] Invoked command in '/home/ubuntu/ros2ws/src/robot_letter_writer' returned '0': PYTHONPATH=/home/ubuntu/ros2ws/build/robot_letter_writer/prefix_override:/usr/lib/python3/dist-packages/colcon_core/task/python/colcon_distutils_commands:/home/ubuntu/ros2ws/install/robot_letter_writer/lib/python3.10/site-packages:${PYTHONPATH} /usr/bin/python3 -W ignore:setup.py install is deprecated setup.py egg_info --egg-base ../../build/robot_letter_writer build --build-base /home/ubuntu/ros2ws/build/robot_letter_writer/build install --record /home/ubuntu/ros2ws/build/robot_letter_writer/install.log --single-version-externally-managed install_data
