[0.056s] Invoking command in '/home/ubuntu/ros2ws/build/moveit_common': CMAKE_PREFIX_PATH=${CMAKE_PREFIX_PATH}:/home/ubuntu/ros2ws/install/testV1:/home/ubuntu/ros2ws/install/gui_subscriber:/home/ubuntu/ros2ws/install/moveit_configs_utils:/home/ubuntu/ros2ws/install/robot_letter_writer:/home/ubuntu/ros2ws/install/launch_param_builder:/opt/ros/humble /usr/bin/cmake --build /home/ubuntu/ros2ws/build/moveit_common -- -j4 -l4
[0.163s] Invoked command in '/home/ubuntu/ros2ws/build/moveit_common' returned '0': CMAKE_PREFIX_PATH=${CMAKE_PREFIX_PATH}:/home/ubuntu/ros2ws/install/testV1:/home/ubuntu/ros2ws/install/gui_subscriber:/home/ubuntu/ros2ws/install/moveit_configs_utils:/home/ubuntu/ros2ws/install/robot_letter_writer:/home/ubuntu/ros2ws/install/launch_param_builder:/opt/ros/humble /usr/bin/cmake --build /home/ubuntu/ros2ws/build/moveit_common -- -j4 -l4
[0.309s] Invoking command in '/home/ubuntu/ros2ws/build/moveit_common': CMAKE_PREFIX_PATH=${CMAKE_PREFIX_PATH}:/home/ubuntu/ros2ws/install/testV1:/home/ubuntu/ros2ws/install/gui_subscriber:/home/ubuntu/ros2ws/install/moveit_configs_utils:/home/ubuntu/ros2ws/install/robot_letter_writer:/home/ubuntu/ros2ws/install/launch_param_builder:/opt/ros/humble /usr/bin/cmake --install /home/ubuntu/ros2ws/build/moveit_common
[0.344s] -- Install configuration: ""
[0.344s] -- Up-to-date: /home/ubuntu/ros2ws/install/moveit_common/share/ament_index/resource_index/package_run_dependencies/moveit_common
[0.344s] -- Up-to-date: /home/ubuntu/ros2ws/install/moveit_common/share/ament_index/resource_index/parent_prefix_path/moveit_common
[0.344s] -- Up-to-date: /home/ubuntu/ros2ws/install/moveit_common/share/moveit_common/environment/ament_prefix_path.sh
[0.344s] -- Up-to-date: /home/ubuntu/ros2ws/install/moveit_common/share/moveit_common/environment/ament_prefix_path.dsv
[0.344s] -- Up-to-date: /home/ubuntu/ros2ws/install/moveit_common/share/moveit_common/environment/path.sh
[0.344s] -- Up-to-date: /home/ubuntu/ros2ws/install/moveit_common/share/moveit_common/environment/path.dsv
[0.344s] -- Up-to-date: /home/ubuntu/ros2ws/install/moveit_common/share/moveit_common/local_setup.bash
[0.344s] -- Up-to-date: /home/ubuntu/ros2ws/install/moveit_common/share/moveit_common/local_setup.sh
[0.344s] -- Up-to-date: /home/ubuntu/ros2ws/install/moveit_common/share/moveit_common/local_setup.zsh
[0.344s] -- Up-to-date: /home/ubuntu/ros2ws/install/moveit_common/share/moveit_common/local_setup.dsv
[0.345s] -- Installing: /home/ubuntu/ros2ws/install/moveit_common/share/moveit_common/package.dsv
[0.346s] -- Up-to-date: /home/ubuntu/ros2ws/install/moveit_common/share/ament_index/resource_index/packages/moveit_common
[0.346s] -- Up-to-date: /home/ubuntu/ros2ws/install/moveit_common/share/moveit_common/cmake/moveit_common-extras.cmake
[0.346s] -- Up-to-date: /home/ubuntu/ros2ws/install/moveit_common/share/moveit_common/cmake/moveit_commonConfig.cmake
[0.346s] -- Up-to-date: /home/ubuntu/ros2ws/install/moveit_common/share/moveit_common/cmake/moveit_commonConfig-version.cmake
[0.347s] -- Up-to-date: /home/ubuntu/ros2ws/install/moveit_common/share/moveit_common/package.xml
[0.348s] -- Up-to-date: /home/ubuntu/ros2ws/install/moveit_common/share/moveit_common/cmake
[0.348s] -- Up-to-date: /home/ubuntu/ros2ws/install/moveit_common/share/moveit_common/cmake/moveit_package.cmake
[0.351s] Invoked command in '/home/ubuntu/ros2ws/build/moveit_common' returned '0': CMAKE_PREFIX_PATH=${CMAKE_PREFIX_PATH}:/home/ubuntu/ros2ws/install/testV1:/home/ubuntu/ros2ws/install/gui_subscriber:/home/ubuntu/ros2ws/install/moveit_configs_utils:/home/ubuntu/ros2ws/install/robot_letter_writer:/home/ubuntu/ros2ws/install/launch_param_builder:/opt/ros/humble /usr/bin/cmake --install /home/ubuntu/ros2ws/build/moveit_common
