[0.012s] Invoking command in '/home/ubuntu/ros2ws/build/abb_ros2': CMAKE_PREFIX_PATH=${CMAKE_PREFIX_PATH}:/opt/ros/humble /usr/bin/cmake /home/ubuntu/ros2ws/src/ABBDriver/abb_ros2/abb_ros2 -DCMAKE_INSTALL_PREFIX=/home/ubuntu/ros2ws/install/abb_ros2
[0.122s] -- The C compiler identification is GNU 11.4.0
[0.219s] -- The CXX compiler identification is GNU 11.4.0
[0.231s] -- Detecting C compiler ABI info
[0.365s] -- Detecting C compiler ABI info - done
[0.386s] -- Check for working C compiler: /usr/bin/cc - skipped
[0.386s] -- Detecting C compile features
[0.386s] -- Detecting C compile features - done
[0.393s] -- Detecting CXX compiler ABI info
[0.534s] -- Detecting CXX compiler ABI info - done
[0.548s] -- Check for working CXX compiler: /usr/bin/c++ - skipped
[0.548s] -- Detecting CXX compile features
[0.549s] -- Detecting CXX compile features - done
[0.552s] -- Found ament_cmake: 1.3.10 (/opt/ros/humble/share/ament_cmake/cmake)
[0.816s] -- Found Python3: /usr/bin/python3 (found version "3.10.12") found components: Interpreter 
[0.991s] -- Found ament_lint_auto: 0.12.11 (/opt/ros/humble/share/ament_lint_auto/cmake)
[1.143s] -- Added test 'copyright' to check source files copyright and LICENSE
[1.146s] -- Added test 'lint_cmake' to check CMake code style
[1.147s] -- Added test 'xmllint' to check XML markup files
[1.149s] -- Configuring done
[1.156s] -- Generating done
[1.156s] -- Build files have been written to: /home/ubuntu/ros2ws/build/abb_ros2
[1.166s] Invoked command in '/home/ubuntu/ros2ws/build/abb_ros2' returned '0': CMAKE_PREFIX_PATH=${CMAKE_PREFIX_PATH}:/opt/ros/humble /usr/bin/cmake /home/ubuntu/ros2ws/src/ABBDriver/abb_ros2/abb_ros2 -DCMAKE_INSTALL_PREFIX=/home/ubuntu/ros2ws/install/abb_ros2
[1.168s] Invoking command in '/home/ubuntu/ros2ws/build/abb_ros2': CMAKE_PREFIX_PATH=${CMAKE_PREFIX_PATH}:/opt/ros/humble /usr/bin/cmake --build /home/ubuntu/ros2ws/build/abb_ros2 -- -j4 -l4
[1.246s] Invoked command in '/home/ubuntu/ros2ws/build/abb_ros2' returned '0': CMAKE_PREFIX_PATH=${CMAKE_PREFIX_PATH}:/opt/ros/humble /usr/bin/cmake --build /home/ubuntu/ros2ws/build/abb_ros2 -- -j4 -l4
[1.301s] Invoking command in '/home/ubuntu/ros2ws/build/abb_ros2': CMAKE_PREFIX_PATH=${CMAKE_PREFIX_PATH}:/opt/ros/humble /usr/bin/cmake --install /home/ubuntu/ros2ws/build/abb_ros2
[1.312s] -- Install configuration: ""
[1.312s] -- Installing: /home/ubuntu/ros2ws/install/abb_ros2/share/ament_index/resource_index/package_run_dependencies/abb_ros2
[1.312s] -- Installing: /home/ubuntu/ros2ws/install/abb_ros2/share/ament_index/resource_index/parent_prefix_path/abb_ros2
[1.313s] -- Installing: /home/ubuntu/ros2ws/install/abb_ros2/share/abb_ros2/environment/ament_prefix_path.sh
[1.313s] -- Installing: /home/ubuntu/ros2ws/install/abb_ros2/share/abb_ros2/environment/ament_prefix_path.dsv
[1.313s] -- Installing: /home/ubuntu/ros2ws/install/abb_ros2/share/abb_ros2/environment/path.sh
[1.314s] -- Installing: /home/ubuntu/ros2ws/install/abb_ros2/share/abb_ros2/environment/path.dsv
[1.315s] -- Installing: /home/ubuntu/ros2ws/install/abb_ros2/share/abb_ros2/local_setup.bash
[1.317s] -- Installing: /home/ubuntu/ros2ws/install/abb_ros2/share/abb_ros2/local_setup.sh
[1.317s] -- Installing: /home/ubuntu/ros2ws/install/abb_ros2/share/abb_ros2/local_setup.zsh
[1.317s] -- Installing: /home/ubuntu/ros2ws/install/abb_ros2/share/abb_ros2/local_setup.dsv
[1.317s] -- Installing: /home/ubuntu/ros2ws/install/abb_ros2/share/abb_ros2/package.dsv
[1.317s] -- Installing: /home/ubuntu/ros2ws/install/abb_ros2/share/ament_index/resource_index/packages/abb_ros2
[1.317s] -- Installing: /home/ubuntu/ros2ws/install/abb_ros2/share/abb_ros2/cmake/abb_ros2Config.cmake
[1.318s] -- Installing: /home/ubuntu/ros2ws/install/abb_ros2/share/abb_ros2/cmake/abb_ros2Config-version.cmake
[1.319s] -- Installing: /home/ubuntu/ros2ws/install/abb_ros2/share/abb_ros2/package.xml
[1.320s] Invoked command in '/home/ubuntu/ros2ws/build/abb_ros2' returned '0': CMAKE_PREFIX_PATH=${CMAKE_PREFIX_PATH}:/opt/ros/humble /usr/bin/cmake --install /home/ubuntu/ros2ws/build/abb_ros2
