-- The C compiler identification is GNU 11.4.0
-- The CXX compiler identification is GNU 11.4.0
-- Detecting C compiler ABI info
-- Detecting C compiler ABI info - done
-- Check for working C compiler: /usr/bin/cc - skipped
-- Detecting C compile features
-- Detecting C compile features - done
-- Detecting CXX compiler ABI info
-- Detecting CXX compiler ABI info - done
-- Check for working CXX compiler: /usr/bin/c++ - skipped
-- Detecting CXX compile features
-- Detecting CXX compile features - done
-- Found ament_cmake: 1.3.10 (/opt/ros/humble/share/ament_cmake/cmake)
-- Found Python3: /usr/bin/python3 (found version "3.10.12") found components: Interpreter 
-- Override CMake install command with custom implementation using symlinks instead of copying resources
-- Looking for pthread.h
-- Looking for pthread.h - found
-- Performing Test CMAKE_HAVE_LIBC_PTHREAD
-- Performing Test CMAKE_HAVE_LIBC_PTHREAD - Success
-- Found Threads: TRUE  
-- Found Boost: /usr/lib/x86_64-linux-gnu/cmake/Boost-1.74.0/BoostConfig.cmake (found version "1.74.0") found components: regex system thread 
-- Searching for Poco library...
--   Found Poco!
-- components found: Foundation, Net, Util, XML.
-- Found Protobuf: /usr/lib/x86_64-linux-gnu/libprotobuf.so (found version "3.12.4") 
-- Found hardware_interface: 2.43.1 (/opt/ros/humble/share/hardware_interface/cmake)
-- Found rosidl_generator_c: 3.1.5 (/opt/ros/humble/share/rosidl_generator_c/cmake)
-- Found rosidl_adapter: 3.1.5 (/opt/ros/humble/share/rosidl_adapter/cmake)
-- Found rosidl_generator_cpp: 3.1.5 (/opt/ros/humble/share/rosidl_generator_cpp/cmake)
-- Using all available rosidl_typesupport_c: rosidl_typesupport_fastrtps_c;rosidl_typesupport_introspection_c
-- Using all available rosidl_typesupport_cpp: rosidl_typesupport_fastrtps_cpp;rosidl_typesupport_introspection_cpp
-- Found rmw_implementation_cmake: 6.1.2 (/opt/ros/humble/share/rmw_implementation_cmake/cmake)
-- Found rmw_cyclonedds_cpp: 1.3.4 (/opt/ros/humble/share/rmw_cyclonedds_cpp/cmake)
-- Using RMW implementation 'rmw_cyclonedds_cpp' as default
-- Found ament_lint_auto: 0.12.11 (/opt/ros/humble/share/ament_lint_auto/cmake)
-- Configuring done
-- Generating done
-- Build files have been written to: /home/ubuntu/ros2ws/build/abb_hardware_interface
[ 33%] [32mBuilding CXX object CMakeFiles/abb_hardware_interface.dir/src/abb_hardware_interface.cpp.o[0m
[ 66%] [32mBuilding CXX object CMakeFiles/abb_hardware_interface.dir/src/utilities.cpp.o[0m
[100%] [32m[1mLinking CXX shared library libabb_hardware_interface.so[0m
[100%] Built target abb_hardware_interface
-- Install configuration: ""
-- Execute custom install script
-- Symlinking: /home/ubuntu/ros2ws/install/abb_hardware_interface/share/abb_hardware_interface//abb_hardware_interface.xml
-- Symlinking: /home/ubuntu/ros2ws/install/abb_hardware_interface/lib/libabb_hardware_interface.so
-- Symlinking: /home/ubuntu/ros2ws/install/abb_hardware_interface/include/abb_hardware_interface/abb_hardware_interface.hpp
-- Symlinking: /home/ubuntu/ros2ws/install/abb_hardware_interface/include/abb_hardware_interface/utilities.hpp
-- Symlinking: /home/ubuntu/ros2ws/install/abb_hardware_interface/include/abb_hardware_interface/visibility_control.h
-- Symlinking: /home/ubuntu/ros2ws/install/abb_hardware_interface/share/abb_hardware_interface/environment/library_path.sh
-- Symlinking: /home/ubuntu/ros2ws/install/abb_hardware_interface/share/abb_hardware_interface/environment/library_path.dsv
-- Symlinking: /home/ubuntu/ros2ws/install/abb_hardware_interface/share/ament_index/resource_index/package_run_dependencies/abb_hardware_interface
-- Symlinking: /home/ubuntu/ros2ws/install/abb_hardware_interface/share/ament_index/resource_index/parent_prefix_path/abb_hardware_interface
-- Symlinking: /home/ubuntu/ros2ws/install/abb_hardware_interface/share/abb_hardware_interface/environment/ament_prefix_path.sh
-- Symlinking: /home/ubuntu/ros2ws/install/abb_hardware_interface/share/abb_hardware_interface/environment/ament_prefix_path.dsv
-- Symlinking: /home/ubuntu/ros2ws/install/abb_hardware_interface/share/abb_hardware_interface/environment/path.sh
-- Symlinking: /home/ubuntu/ros2ws/install/abb_hardware_interface/share/abb_hardware_interface/environment/path.dsv
-- Symlinking: /home/ubuntu/ros2ws/install/abb_hardware_interface/share/abb_hardware_interface/local_setup.bash
-- Symlinking: /home/ubuntu/ros2ws/install/abb_hardware_interface/share/abb_hardware_interface/local_setup.sh
-- Symlinking: /home/ubuntu/ros2ws/install/abb_hardware_interface/share/abb_hardware_interface/local_setup.zsh
-- Symlinking: /home/ubuntu/ros2ws/install/abb_hardware_interface/share/abb_hardware_interface/local_setup.dsv
-- Symlinking: /home/ubuntu/ros2ws/install/abb_hardware_interface/share/abb_hardware_interface/package.dsv
-- Symlinking: /home/ubuntu/ros2ws/install/abb_hardware_interface/share/ament_index/resource_index/packages/abb_hardware_interface
-- Symlinking: /home/ubuntu/ros2ws/install/abb_hardware_interface/share/ament_index/resource_index/hardware_interface__pluginlib__plugin/abb_hardware_interface
-- Symlinking: /home/ubuntu/ros2ws/install/abb_hardware_interface/share/abb_hardware_interface/cmake/ament_cmake_export_include_directories-extras.cmake
-- Symlinking: /home/ubuntu/ros2ws/install/abb_hardware_interface/share/abb_hardware_interface/cmake/ament_cmake_export_libraries-extras.cmake
-- Symlinking: /home/ubuntu/ros2ws/install/abb_hardware_interface/share/abb_hardware_interface/cmake/ament_cmake_export_dependencies-extras.cmake
-- Symlinking: /home/ubuntu/ros2ws/install/abb_hardware_interface/share/abb_hardware_interface/cmake/abb_hardware_interfaceConfig.cmake
-- Symlinking: /home/ubuntu/ros2ws/install/abb_hardware_interface/share/abb_hardware_interface/cmake/abb_hardware_interfaceConfig-version.cmake
-- Symlinking: /home/ubuntu/ros2ws/install/abb_hardware_interface/share/abb_hardware_interface/package.xml
