[0.081s] Invoking command in '/home/ubuntu/ros2ws/build/moveit_resources_panda_description': CMAKE_PREFIX_PATH=${CMAKE_PREFIX_PATH}:/home/ubuntu/ros2ws/install/moveit_configs_utils:/home/ubuntu/ros2ws/install/launch_param_builder:/home/ubuntu/ros2ws/install/testV1:/home/ubuntu/ros2ws/install/gui_subscriber:/home/ubuntu/ros2ws/install/robot_letter_writer:/opt/ros/humble /usr/bin/cmake --build /home/ubuntu/ros2ws/build/moveit_resources_panda_description -- -j4 -l4
[0.221s] Invoked command in '/home/ubuntu/ros2ws/build/moveit_resources_panda_description' returned '0': CMAKE_PREFIX_PATH=${CMAKE_PREFIX_PATH}:/home/ubuntu/ros2ws/install/moveit_configs_utils:/home/ubuntu/ros2ws/install/launch_param_builder:/home/ubuntu/ros2ws/install/testV1:/home/ubuntu/ros2ws/install/gui_subscriber:/home/ubuntu/ros2ws/install/robot_letter_writer:/opt/ros/humble /usr/bin/cmake --build /home/ubuntu/ros2ws/build/moveit_resources_panda_description -- -j4 -l4
[0.349s] Invoking command in '/home/ubuntu/ros2ws/build/moveit_resources_panda_description': CMAKE_PREFIX_PATH=${CMAKE_PREFIX_PATH}:/home/ubuntu/ros2ws/install/moveit_configs_utils:/home/ubuntu/ros2ws/install/launch_param_builder:/home/ubuntu/ros2ws/install/testV1:/home/ubuntu/ros2ws/install/gui_subscriber:/home/ubuntu/ros2ws/install/robot_letter_writer:/opt/ros/humble /usr/bin/cmake --install /home/ubuntu/ros2ws/build/moveit_resources_panda_description
[0.368s] -- Install configuration: ""
[0.368s] -- Up-to-date: /home/ubuntu/ros2ws/install/moveit_resources_panda_description/share/ament_index/resource_index/package_run_dependencies/moveit_resources_panda_description
[0.369s] -- Up-to-date: /home/ubuntu/ros2ws/install/moveit_resources_panda_description/share/ament_index/resource_index/parent_prefix_path/moveit_resources_panda_description
[0.373s] -- Up-to-date: /home/ubuntu/ros2ws/install/moveit_resources_panda_description/share/moveit_resources_panda_description/environment/ament_prefix_path.sh
[0.375s] -- Up-to-date: /home/ubuntu/ros2ws/install/moveit_resources_panda_description/share/moveit_resources_panda_description/environment/ament_prefix_path.dsv
[0.377s] -- Up-to-date: /home/ubuntu/ros2ws/install/moveit_resources_panda_description/share/moveit_resources_panda_description/environment/path.sh
[0.377s] -- Up-to-date: /home/ubuntu/ros2ws/install/moveit_resources_panda_description/share/moveit_resources_panda_description/environment/path.dsv
[0.379s] -- Up-to-date: /home/ubuntu/ros2ws/install/moveit_resources_panda_description/share/moveit_resources_panda_description/local_setup.bash
[0.379s] -- Up-to-date: /home/ubuntu/ros2ws/install/moveit_resources_panda_description/share/moveit_resources_panda_description/local_setup.sh
[0.379s] -- Up-to-date: /home/ubuntu/ros2ws/install/moveit_resources_panda_description/share/moveit_resources_panda_description/local_setup.zsh
[0.380s] -- Up-to-date: /home/ubuntu/ros2ws/install/moveit_resources_panda_description/share/moveit_resources_panda_description/local_setup.dsv
[0.380s] -- Installing: /home/ubuntu/ros2ws/install/moveit_resources_panda_description/share/moveit_resources_panda_description/package.dsv
[0.381s] -- Up-to-date: /home/ubuntu/ros2ws/install/moveit_resources_panda_description/share/ament_index/resource_index/packages/moveit_resources_panda_description
[0.382s] -- Up-to-date: /home/ubuntu/ros2ws/install/moveit_resources_panda_description/share/moveit_resources_panda_description/cmake/moveit_resources_panda_descriptionConfig.cmake
[0.383s] -- Up-to-date: /home/ubuntu/ros2ws/install/moveit_resources_panda_description/share/moveit_resources_panda_description/cmake/moveit_resources_panda_descriptionConfig-version.cmake
[0.383s] -- Up-to-date: /home/ubuntu/ros2ws/install/moveit_resources_panda_description/share/moveit_resources_panda_description/package.xml
[0.384s] -- Up-to-date: /home/ubuntu/ros2ws/install/moveit_resources_panda_description/share/moveit_resources_panda_description/meshes
[0.384s] -- Up-to-date: /home/ubuntu/ros2ws/install/moveit_resources_panda_description/share/moveit_resources_panda_description/meshes/collision
[0.384s] -- Up-to-date: /home/ubuntu/ros2ws/install/moveit_resources_panda_description/share/moveit_resources_panda_description/meshes/collision/link4.stl
[0.385s] -- Up-to-date: /home/ubuntu/ros2ws/install/moveit_resources_panda_description/share/moveit_resources_panda_description/meshes/collision/link3.stl
[0.385s] -- Up-to-date: /home/ubuntu/ros2ws/install/moveit_resources_panda_description/share/moveit_resources_panda_description/meshes/collision/link0.stl
[0.385s] -- Up-to-date: /home/ubuntu/ros2ws/install/moveit_resources_panda_description/share/moveit_resources_panda_description/meshes/collision/link1.stl
[0.385s] -- Up-to-date: /home/ubuntu/ros2ws/install/moveit_resources_panda_description/share/moveit_resources_panda_description/meshes/collision/finger.stl
[0.386s] -- Up-to-date: /home/ubuntu/ros2ws/install/moveit_resources_panda_description/share/moveit_resources_panda_description/meshes/collision/hand.stl
[0.386s] -- Up-to-date: /home/ubuntu/ros2ws/install/moveit_resources_panda_description/share/moveit_resources_panda_description/meshes/collision/link7.stl
[0.386s] -- Up-to-date: /home/ubuntu/ros2ws/install/moveit_resources_panda_description/share/moveit_resources_panda_description/meshes/collision/link5.stl
[0.386s] -- Up-to-date: /home/ubuntu/ros2ws/install/moveit_resources_panda_description/share/moveit_resources_panda_description/meshes/collision/link2.stl
[0.386s] -- Up-to-date: /home/ubuntu/ros2ws/install/moveit_resources_panda_description/share/moveit_resources_panda_description/meshes/collision/link6.stl
[0.386s] -- Up-to-date: /home/ubuntu/ros2ws/install/moveit_resources_panda_description/share/moveit_resources_panda_description/meshes/visual
[0.386s] -- Up-to-date: /home/ubuntu/ros2ws/install/moveit_resources_panda_description/share/moveit_resources_panda_description/meshes/visual/link0.dae
[0.387s] -- Up-to-date: /home/ubuntu/ros2ws/install/moveit_resources_panda_description/share/moveit_resources_panda_description/meshes/visual/link6.dae
[0.388s] -- Up-to-date: /home/ubuntu/ros2ws/install/moveit_resources_panda_description/share/moveit_resources_panda_description/meshes/visual/link1.dae
[0.388s] -- Up-to-date: /home/ubuntu/ros2ws/install/moveit_resources_panda_description/share/moveit_resources_panda_description/meshes/visual/link7.dae
[0.388s] -- Up-to-date: /home/ubuntu/ros2ws/install/moveit_resources_panda_description/share/moveit_resources_panda_description/meshes/visual/link5.dae
[0.390s] -- Up-to-date: /home/ubuntu/ros2ws/install/moveit_resources_panda_description/share/moveit_resources_panda_description/meshes/visual/link3.dae
[0.391s] -- Up-to-date: /home/ubuntu/ros2ws/install/moveit_resources_panda_description/share/moveit_resources_panda_description/meshes/visual/link2.dae
[0.391s] -- Up-to-date: /home/ubuntu/ros2ws/install/moveit_resources_panda_description/share/moveit_resources_panda_description/meshes/visual/link4.dae
[0.392s] -- Up-to-date: /home/ubuntu/ros2ws/install/moveit_resources_panda_description/share/moveit_resources_panda_description/meshes/visual/finger.dae
[0.392s] -- Up-to-date: /home/ubuntu/ros2ws/install/moveit_resources_panda_description/share/moveit_resources_panda_description/meshes/visual/hand.dae
[0.392s] -- Up-to-date: /home/ubuntu/ros2ws/install/moveit_resources_panda_description/share/moveit_resources_panda_description/urdf
[0.392s] -- Up-to-date: /home/ubuntu/ros2ws/install/moveit_resources_panda_description/share/moveit_resources_panda_description/urdf/panda.urdf
[0.393s] Invoked command in '/home/ubuntu/ros2ws/build/moveit_resources_panda_description' returned '0': CMAKE_PREFIX_PATH=${CMAKE_PREFIX_PATH}:/home/ubuntu/ros2ws/install/moveit_configs_utils:/home/ubuntu/ros2ws/install/launch_param_builder:/home/ubuntu/ros2ws/install/testV1:/home/ubuntu/ros2ws/install/gui_subscriber:/home/ubuntu/ros2ws/install/robot_letter_writer:/opt/ros/humble /usr/bin/cmake --install /home/ubuntu/ros2ws/build/moveit_resources_panda_description
