[0.091s] Invoking command in '/home/ubuntu/ros2ws/build/ros2srrc_iiwa_moveit2': CMAKE_PREFIX_PATH=${CMAKE_PREFIX_PATH}:/home/ubuntu/ros2ws/install/testV1:/home/ubuntu/ros2ws/install/gui_subscriber:/home/ubuntu/ros2ws/install/moveit_configs_utils:/home/ubuntu/ros2ws/install/robot_letter_writer:/home/ubuntu/ros2ws/install/launch_param_builder:/opt/ros/humble /usr/bin/cmake --build /home/ubuntu/ros2ws/build/ros2srrc_iiwa_moveit2 -- -j4 -l4
[0.238s] Invoked command in '/home/ubuntu/ros2ws/build/ros2srrc_iiwa_moveit2' returned '0': CMAKE_PREFIX_PATH=${CMAKE_PREFIX_PATH}:/home/ubuntu/ros2ws/install/testV1:/home/ubuntu/ros2ws/install/gui_subscriber:/home/ubuntu/ros2ws/install/moveit_configs_utils:/home/ubuntu/ros2ws/install/robot_letter_writer:/home/ubuntu/ros2ws/install/launch_param_builder:/opt/ros/humble /usr/bin/cmake --build /home/ubuntu/ros2ws/build/ros2srrc_iiwa_moveit2 -- -j4 -l4
[0.328s] Invoking command in '/home/ubuntu/ros2ws/build/ros2srrc_iiwa_moveit2': CMAKE_PREFIX_PATH=${CMAKE_PREFIX_PATH}:/home/ubuntu/ros2ws/install/testV1:/home/ubuntu/ros2ws/install/gui_subscriber:/home/ubuntu/ros2ws/install/moveit_configs_utils:/home/ubuntu/ros2ws/install/robot_letter_writer:/home/ubuntu/ros2ws/install/launch_param_builder:/opt/ros/humble /usr/bin/cmake --install /home/ubuntu/ros2ws/build/ros2srrc_iiwa_moveit2
[0.357s] -- Install configuration: ""
[0.357s] -- Execute custom install script
[0.359s] -- Up-to-date symlink: /home/ubuntu/ros2ws/install/ros2srrc_iiwa_moveit2/share/ros2srrc_iiwa_moveit2/config/iiwa.srdf
[0.360s] -- Up-to-date symlink: /home/ubuntu/ros2ws/install/ros2srrc_iiwa_moveit2/share/ros2srrc_iiwa_moveit2/config/iiwa_moveit2.rviz
[0.360s] -- Up-to-date symlink: /home/ubuntu/ros2ws/install/ros2srrc_iiwa_moveit2/share/ros2srrc_iiwa_moveit2/config/iiwarobotiq_2f85.srdf
[0.361s] -- Up-to-date symlink: /home/ubuntu/ros2ws/install/ros2srrc_iiwa_moveit2/share/ros2srrc_iiwa_moveit2/config/iiwarobotiq_2f85_moveit2.rviz
[0.362s] -- Up-to-date symlink: /home/ubuntu/ros2ws/install/ros2srrc_iiwa_moveit2/share/ament_index/resource_index/package_run_dependencies/ros2srrc_iiwa_moveit2
[0.363s] -- Up-to-date symlink: /home/ubuntu/ros2ws/install/ros2srrc_iiwa_moveit2/share/ament_index/resource_index/parent_prefix_path/ros2srrc_iiwa_moveit2
[0.364s] -- Up-to-date symlink: /home/ubuntu/ros2ws/install/ros2srrc_iiwa_moveit2/share/ros2srrc_iiwa_moveit2/environment/ament_prefix_path.sh
[0.365s] -- Up-to-date symlink: /home/ubuntu/ros2ws/install/ros2srrc_iiwa_moveit2/share/ros2srrc_iiwa_moveit2/environment/ament_prefix_path.dsv
[0.366s] -- Up-to-date symlink: /home/ubuntu/ros2ws/install/ros2srrc_iiwa_moveit2/share/ros2srrc_iiwa_moveit2/environment/path.sh
[0.366s] -- Up-to-date symlink: /home/ubuntu/ros2ws/install/ros2srrc_iiwa_moveit2/share/ros2srrc_iiwa_moveit2/environment/path.dsv
[0.367s] -- Up-to-date symlink: /home/ubuntu/ros2ws/install/ros2srrc_iiwa_moveit2/share/ros2srrc_iiwa_moveit2/local_setup.bash
[0.369s] -- Up-to-date symlink: /home/ubuntu/ros2ws/install/ros2srrc_iiwa_moveit2/share/ros2srrc_iiwa_moveit2/local_setup.sh
[0.369s] -- Up-to-date symlink: /home/ubuntu/ros2ws/install/ros2srrc_iiwa_moveit2/share/ros2srrc_iiwa_moveit2/local_setup.zsh
[0.369s] -- Up-to-date symlink: /home/ubuntu/ros2ws/install/ros2srrc_iiwa_moveit2/share/ros2srrc_iiwa_moveit2/local_setup.dsv
[0.369s] -- Symlinking: /home/ubuntu/ros2ws/install/ros2srrc_iiwa_moveit2/share/ros2srrc_iiwa_moveit2/package.dsv
[0.405s] -- Up-to-date symlink: /home/ubuntu/ros2ws/install/ros2srrc_iiwa_moveit2/share/ament_index/resource_index/packages/ros2srrc_iiwa_moveit2
[0.405s] -- Up-to-date symlink: /home/ubuntu/ros2ws/install/ros2srrc_iiwa_moveit2/share/ros2srrc_iiwa_moveit2/cmake/ros2srrc_iiwa_moveit2Config.cmake
[0.405s] -- Up-to-date symlink: /home/ubuntu/ros2ws/install/ros2srrc_iiwa_moveit2/share/ros2srrc_iiwa_moveit2/cmake/ros2srrc_iiwa_moveit2Config-version.cmake
[0.405s] -- Up-to-date symlink: /home/ubuntu/ros2ws/install/ros2srrc_iiwa_moveit2/share/ros2srrc_iiwa_moveit2/package.xml
[0.429s] Invoked command in '/home/ubuntu/ros2ws/build/ros2srrc_iiwa_moveit2' returned '0': CMAKE_PREFIX_PATH=${CMAKE_PREFIX_PATH}:/home/ubuntu/ros2ws/install/testV1:/home/ubuntu/ros2ws/install/gui_subscriber:/home/ubuntu/ros2ws/install/moveit_configs_utils:/home/ubuntu/ros2ws/install/robot_letter_writer:/home/ubuntu/ros2ws/install/launch_param_builder:/opt/ros/humble /usr/bin/cmake --install /home/ubuntu/ros2ws/build/ros2srrc_iiwa_moveit2
