[ 66%] Built target rws_client_lib
[100%] Built target rws_client
-- Install configuration: ""
-- Up-to-date: /home/ubuntu/ros2ws/install/abb_rws_client/lib/abb_rws_client/rws_client
-- Up-to-date: /home/ubuntu/ros2ws/install/abb_rws_client/lib/librws_client_lib.a
-- Up-to-date: /home/ubuntu/ros2ws/install/abb_rws_client/share/ament_index/resource_index/package_run_dependencies/abb_rws_client
-- Up-to-date: /home/ubuntu/ros2ws/install/abb_rws_client/share/ament_index/resource_index/parent_prefix_path/abb_rws_client
-- Up-to-date: /home/ubuntu/ros2ws/install/abb_rws_client/share/abb_rws_client/environment/ament_prefix_path.sh
-- Up-to-date: /home/ubuntu/ros2ws/install/abb_rws_client/share/abb_rws_client/environment/ament_prefix_path.dsv
-- Up-to-date: /home/ubuntu/ros2ws/install/abb_rws_client/share/abb_rws_client/environment/path.sh
-- Up-to-date: /home/ubuntu/ros2ws/install/abb_rws_client/share/abb_rws_client/environment/path.dsv
-- Up-to-date: /home/ubuntu/ros2ws/install/abb_rws_client/share/abb_rws_client/local_setup.bash
-- Up-to-date: /home/ubuntu/ros2ws/install/abb_rws_client/share/abb_rws_client/local_setup.sh
-- Up-to-date: /home/ubuntu/ros2ws/install/abb_rws_client/share/abb_rws_client/local_setup.zsh
-- Up-to-date: /home/ubuntu/ros2ws/install/abb_rws_client/share/abb_rws_client/local_setup.dsv
-- Installing: /home/ubuntu/ros2ws/install/abb_rws_client/share/abb_rws_client/package.dsv
-- Up-to-date: /home/ubuntu/ros2ws/install/abb_rws_client/share/ament_index/resource_index/packages/abb_rws_client
-- Up-to-date: /home/ubuntu/ros2ws/install/abb_rws_client/share/abb_rws_client/cmake/ament_cmake_export_include_directories-extras.cmake
-- Up-to-date: /home/ubuntu/ros2ws/install/abb_rws_client/share/abb_rws_client/cmake/ament_cmake_export_dependencies-extras.cmake
-- Up-to-date: /home/ubuntu/ros2ws/install/abb_rws_client/share/abb_rws_client/cmake/abb_rws_clientConfig.cmake
-- Up-to-date: /home/ubuntu/ros2ws/install/abb_rws_client/share/abb_rws_client/cmake/abb_rws_clientConfig-version.cmake
-- Up-to-date: /home/ubuntu/ros2ws/install/abb_rws_client/share/abb_rws_client/package.xml
