[0.021s] Invoking command in '/home/ubuntu/ros2ws/build/ros2srrc_endeffectors': CMAKE_PREFIX_PATH=${CMAKE_PREFIX_PATH}:/opt/ros/humble /usr/bin/cmake /home/ubuntu/ros2ws/src/ros2_SimRealRobotControl/ros2srrc_endeffectors -DAMENT_CMAKE_SYMLINK_INSTALL=1 -DCMAKE_INSTALL_PREFIX=/home/ubuntu/ros2ws/install/ros2srrc_endeffectors
[0.145s] -- The C compiler identification is GNU 11.4.0
[0.260s] -- The CXX compiler identification is GNU 11.4.0
[0.269s] -- Detecting C compiler ABI info
[0.411s] -- Detecting C compiler ABI info - done
[0.421s] -- Check for working C compiler: /usr/bin/cc - skipped
[0.423s] -- Detecting C compile features
[0.424s] -- Detecting C compile features - done
[0.429s] -- Detecting CXX compiler ABI info
[0.642s] -- Detecting CXX compiler ABI info - done
[0.658s] -- Check for working CXX compiler: /usr/bin/c++ - skipped
[0.662s] -- Detecting CXX compile features
[0.663s] -- Detecting CXX compile features - done
[0.669s] -- Found ament_cmake: 1.3.10 (/opt/ros/humble/share/ament_cmake/cmake)
[1.060s] -- Found Python3: /usr/bin/python3 (found version "3.10.12") found components: Interpreter 
[1.184s] -- Override CMake install command with custom implementation using symlinks instead of copying resources
[1.289s] -- Found ament_lint_auto: 0.12.11 (/opt/ros/humble/share/ament_lint_auto/cmake)
[1.476s] -- Added test 'copyright' to check source files copyright and LICENSE
[1.504s] -- Added test 'lint_cmake' to check CMake code style
[1.522s] -- Added test 'xmllint' to check XML markup files
[1.528s] -- Configuring done
[1.538s] -- Generating done
[1.538s] -- Build files have been written to: /home/ubuntu/ros2ws/build/ros2srrc_endeffectors
[1.552s] Invoked command in '/home/ubuntu/ros2ws/build/ros2srrc_endeffectors' returned '0': CMAKE_PREFIX_PATH=${CMAKE_PREFIX_PATH}:/opt/ros/humble /usr/bin/cmake /home/ubuntu/ros2ws/src/ros2_SimRealRobotControl/ros2srrc_endeffectors -DAMENT_CMAKE_SYMLINK_INSTALL=1 -DCMAKE_INSTALL_PREFIX=/home/ubuntu/ros2ws/install/ros2srrc_endeffectors
[1.553s] Invoking command in '/home/ubuntu/ros2ws/build/ros2srrc_endeffectors': CMAKE_PREFIX_PATH=${CMAKE_PREFIX_PATH}:/opt/ros/humble /usr/bin/cmake --build /home/ubuntu/ros2ws/build/ros2srrc_endeffectors -- -j4 -l4
[1.630s] Invoked command in '/home/ubuntu/ros2ws/build/ros2srrc_endeffectors' returned '0': CMAKE_PREFIX_PATH=${CMAKE_PREFIX_PATH}:/opt/ros/humble /usr/bin/cmake --build /home/ubuntu/ros2ws/build/ros2srrc_endeffectors -- -j4 -l4
[1.691s] Invoking command in '/home/ubuntu/ros2ws/build/ros2srrc_endeffectors': CMAKE_PREFIX_PATH=${CMAKE_PREFIX_PATH}:/opt/ros/humble /usr/bin/cmake --install /home/ubuntu/ros2ws/build/ros2srrc_endeffectors
[1.711s] -- Install configuration: ""
[1.712s] -- Execute custom install script
[1.713s] -- Symlinking: /home/ubuntu/ros2ws/install/ros2srrc_endeffectors/share/ros2srrc_endeffectors/egp64/config/controller.yaml
[1.731s] -- Symlinking: /home/ubuntu/ros2ws/install/ros2srrc_endeffectors/share/ros2srrc_endeffectors/egp64/config/controller_moveit2.yaml
[1.754s] -- Symlinking: /home/ubuntu/ros2ws/install/ros2srrc_endeffectors/share/ros2srrc_endeffectors/egp64/config/joint_limits.yaml
[1.775s] -- Symlinking: /home/ubuntu/ros2ws/install/ros2srrc_endeffectors/share/ros2srrc_endeffectors/egp64/config/joint_specifications.yaml
[1.789s] -- Symlinking: /home/ubuntu/ros2ws/install/ros2srrc_endeffectors/share/ros2srrc_endeffectors/egp64/meshes/00. Schunk Gripper - Component POSES
[1.811s] -- Symlinking: /home/ubuntu/ros2ws/install/ros2srrc_endeffectors/share/ros2srrc_endeffectors/egp64/meshes/Schunk Gripper - ADAPTER.STL
[1.831s] -- Symlinking: /home/ubuntu/ros2ws/install/ros2srrc_endeffectors/share/ros2srrc_endeffectors/egp64/meshes/Schunk Gripper - BASE noAdapter.STL
[1.849s] -- Symlinking: /home/ubuntu/ros2ws/install/ros2srrc_endeffectors/share/ros2srrc_endeffectors/egp64/meshes/Schunk Gripper - BASE.STL
[1.866s] -- Symlinking: /home/ubuntu/ros2ws/install/ros2srrc_endeffectors/share/ros2srrc_endeffectors/egp64/meshes/Schunk Gripper - Cranfield Robotics.STL
[1.883s] -- Symlinking: /home/ubuntu/ros2ws/install/ros2srrc_endeffectors/share/ros2srrc_endeffectors/egp64/meshes/Schunk Gripper - LEFT FINGER BASE.STL
[1.904s] -- Symlinking: /home/ubuntu/ros2ws/install/ros2srrc_endeffectors/share/ros2srrc_endeffectors/egp64/meshes/Schunk Gripper - LEFT FINGER.STL
[1.922s] -- Symlinking: /home/ubuntu/ros2ws/install/ros2srrc_endeffectors/share/ros2srrc_endeffectors/egp64/meshes/Schunk Gripper - RIGHT FINGER BASE.STL
[1.940s] -- Symlinking: /home/ubuntu/ros2ws/install/ros2srrc_endeffectors/share/ros2srrc_endeffectors/egp64/meshes/Schunk Gripper - RIGHT FINGER.STL
[1.958s] -- Symlinking: /home/ubuntu/ros2ws/install/ros2srrc_endeffectors/share/ros2srrc_endeffectors/egp64/meshes/egp64.dae
[1.978s] -- Symlinking: /home/ubuntu/ros2ws/install/ros2srrc_endeffectors/share/ros2srrc_endeffectors/egp64/meshes/egp64_Adapter.dae
[1.996s] -- Symlinking: /home/ubuntu/ros2ws/install/ros2srrc_endeffectors/share/ros2srrc_endeffectors/egp64/meshes/egp64_Base.dae
[2.016s] -- Symlinking: /home/ubuntu/ros2ws/install/ros2srrc_endeffectors/share/ros2srrc_endeffectors/egp64/meshes/egp64_BaseNoAdapter.dae
[2.034s] -- Symlinking: /home/ubuntu/ros2ws/install/ros2srrc_endeffectors/share/ros2srrc_endeffectors/egp64/meshes/egp64_FingerCylinder.dae
[2.055s] -- Symlinking: /home/ubuntu/ros2ws/install/ros2srrc_endeffectors/share/ros2srrc_endeffectors/egp64/meshes/egp64_FingerCylinder.stl
[2.075s] -- Symlinking: /home/ubuntu/ros2ws/install/ros2srrc_endeffectors/share/ros2srrc_endeffectors/egp64/meshes/egp64_FingerCylinder_L.dae
[2.093s] -- Symlinking: /home/ubuntu/ros2ws/install/ros2srrc_endeffectors/share/ros2srrc_endeffectors/egp64/meshes/egp64_FingerCylinder_R.dae
[2.111s] -- Symlinking: /home/ubuntu/ros2ws/install/ros2srrc_endeffectors/share/ros2srrc_endeffectors/egp64/meshes/egp64_LeftFinger.dae
[2.132s] -- Symlinking: /home/ubuntu/ros2ws/install/ros2srrc_endeffectors/share/ros2srrc_endeffectors/egp64/meshes/egp64_LeftFingerBase.dae
[2.156s] -- Symlinking: /home/ubuntu/ros2ws/install/ros2srrc_endeffectors/share/ros2srrc_endeffectors/egp64/meshes/egp64_RightFinger.dae
[2.171s] -- Symlinking: /home/ubuntu/ros2ws/install/ros2srrc_endeffectors/share/ros2srrc_endeffectors/egp64/meshes/egp64_RightFingerBase.dae
[2.189s] -- Symlinking: /home/ubuntu/ros2ws/install/ros2srrc_endeffectors/share/ros2srrc_endeffectors/egp64/urdf/egp64_macro.urdf.xacro
[2.206s] -- Symlinking: /home/ubuntu/ros2ws/install/ros2srrc_endeffectors/share/ros2srrc_endeffectors/egp64/urdf/egp64_ros2control.xacro
[2.227s] -- Symlinking: /home/ubuntu/ros2ws/install/ros2srrc_endeffectors/share/ros2srrc_endeffectors/egp64/urdf/egp64_transmission.xacro
[2.246s] -- Symlinking: /home/ubuntu/ros2ws/install/ros2srrc_endeffectors/share/ros2srrc_endeffectors/egp64/urdf/egp64v2_macro.urdf.xacro
[2.265s] -- Symlinking: /home/ubuntu/ros2ws/install/ros2srrc_endeffectors/share/ros2srrc_endeffectors/gpp5010nc/config/controller.yaml
[2.285s] -- Symlinking: /home/ubuntu/ros2ws/install/ros2srrc_endeffectors/share/ros2srrc_endeffectors/gpp5010nc/config/controller_moveit2.yaml
[2.304s] -- Symlinking: /home/ubuntu/ros2ws/install/ros2srrc_endeffectors/share/ros2srrc_endeffectors/gpp5010nc/config/joint_limits.yaml
[2.326s] -- Symlinking: /home/ubuntu/ros2ws/install/ros2srrc_endeffectors/share/ros2srrc_endeffectors/gpp5010nc/config/joint_specifications.yaml
[2.342s] -- Symlinking: /home/ubuntu/ros2ws/install/ros2srrc_endeffectors/share/ros2srrc_endeffectors/gpp5010nc/meshes/gpp5010nc_LeftFinger.dae
[2.363s] -- Symlinking: /home/ubuntu/ros2ws/install/ros2srrc_endeffectors/share/ros2srrc_endeffectors/gpp5010nc/meshes/gpp5010nc_MainBody.dae
[2.378s] -- Symlinking: /home/ubuntu/ros2ws/install/ros2srrc_endeffectors/share/ros2srrc_endeffectors/gpp5010nc/meshes/gpp5010nc_RightFinger.dae
[2.407s] -- Symlinking: /home/ubuntu/ros2ws/install/ros2srrc_endeffectors/share/ros2srrc_endeffectors/gpp5010nc/meshes/gpp5010nc_irb6640_Adapter.dae
[2.432s] -- Symlinking: /home/ubuntu/ros2ws/install/ros2srrc_endeffectors/share/ros2srrc_endeffectors/gpp5010nc/urdf/gpp5010nc_macro.urdf.xacro
[2.447s] -- Symlinking: /home/ubuntu/ros2ws/install/ros2srrc_endeffectors/share/ros2srrc_endeffectors/gpp5010nc/urdf/gpp5010nc_ros2control.xacro
[2.465s] -- Symlinking: /home/ubuntu/ros2ws/install/ros2srrc_endeffectors/share/ros2srrc_endeffectors/gpp5010nc/urdf/gpp5010nc_transmission.xacro
[2.481s] -- Symlinking: /home/ubuntu/ros2ws/install/ros2srrc_endeffectors/share/ros2srrc_endeffectors/ls_vgr/meshes/ls_vgr.dae
[2.497s] -- Symlinking: /home/ubuntu/ros2ws/install/ros2srrc_endeffectors/share/ros2srrc_endeffectors/ls_vgr/urdf/ls_vgr_macro.urdf.xacro
[2.521s] -- Symlinking: /home/ubuntu/ros2ws/install/ros2srrc_endeffectors/share/ros2srrc_endeffectors/ls_vgr/urdf/ls_vgr_ros2control.xacro
[2.540s] -- Symlinking: /home/ubuntu/ros2ws/install/ros2srrc_endeffectors/share/ros2srrc_endeffectors/ls_vgr/urdf/ls_vgr_transmission.xacro
[2.555s] -- Symlinking: /home/ubuntu/ros2ws/install/ros2srrc_endeffectors/share/ros2srrc_endeffectors/ls_vgr_amrc/meshes/ls_vgr_amrc.dae
[2.573s] -- Symlinking: /home/ubuntu/ros2ws/install/ros2srrc_endeffectors/share/ros2srrc_endeffectors/ls_vgr_amrc/urdf/ls_vgr_amrc_macro.urdf.xacro
[2.590s] -- Symlinking: /home/ubuntu/ros2ws/install/ros2srrc_endeffectors/share/ros2srrc_endeffectors/ls_vgr_amrc/urdf/ls_vgr_amrc_ros2control.xacro
[2.609s] -- Symlinking: /home/ubuntu/ros2ws/install/ros2srrc_endeffectors/share/ros2srrc_endeffectors/ls_vgr_amrc/urdf/ls_vgr_amrc_transmission.xacro
[2.629s] -- Symlinking: /home/ubuntu/ros2ws/install/ros2srrc_endeffectors/share/ros2srrc_endeffectors/robotiq_2f85/config/controller.yaml
[2.645s] -- Symlinking: /home/ubuntu/ros2ws/install/ros2srrc_endeffectors/share/ros2srrc_endeffectors/robotiq_2f85/config/controller_moveit2.yaml
[2.662s] -- Symlinking: /home/ubuntu/ros2ws/install/ros2srrc_endeffectors/share/ros2srrc_endeffectors/robotiq_2f85/config/joint_limits.yaml
[2.682s] -- Symlinking: /home/ubuntu/ros2ws/install/ros2srrc_endeffectors/share/ros2srrc_endeffectors/robotiq_2f85/config/joint_specifications.yaml
[2.695s] -- Symlinking: /home/ubuntu/ros2ws/install/ros2srrc_endeffectors/share/ros2srrc_endeffectors/robotiq_2f85/meshes/collision/robotiq_85_base_link.stl
[2.718s] -- Symlinking: /home/ubuntu/ros2ws/install/ros2srrc_endeffectors/share/ros2srrc_endeffectors/robotiq_2f85/meshes/collision/robotiq_85_finger_link.stl
[2.735s] -- Symlinking: /home/ubuntu/ros2ws/install/ros2srrc_endeffectors/share/ros2srrc_endeffectors/robotiq_2f85/meshes/collision/robotiq_85_finger_tip_link.stl
[2.749s] -- Symlinking: /home/ubuntu/ros2ws/install/ros2srrc_endeffectors/share/ros2srrc_endeffectors/robotiq_2f85/meshes/collision/robotiq_85_inner_knuckle_link.stl
[2.763s] -- Symlinking: /home/ubuntu/ros2ws/install/ros2srrc_endeffectors/share/ros2srrc_endeffectors/robotiq_2f85/meshes/collision/robotiq_85_knuckle_link.stl
[2.784s] -- Symlinking: /home/ubuntu/ros2ws/install/ros2srrc_endeffectors/share/ros2srrc_endeffectors/robotiq_2f85/meshes/robotiq_85_coupler.stl
[2.795s] -- Symlinking: /home/ubuntu/ros2ws/install/ros2srrc_endeffectors/share/ros2srrc_endeffectors/robotiq_2f85/meshes/visual/robotiq_85_base_link.dae
[2.813s] -- Symlinking: /home/ubuntu/ros2ws/install/ros2srrc_endeffectors/share/ros2srrc_endeffectors/robotiq_2f85/meshes/visual/robotiq_85_finger_link.dae
[2.829s] -- Symlinking: /home/ubuntu/ros2ws/install/ros2srrc_endeffectors/share/ros2srrc_endeffectors/robotiq_2f85/meshes/visual/robotiq_85_finger_tip_link.dae
[2.848s] -- Symlinking: /home/ubuntu/ros2ws/install/ros2srrc_endeffectors/share/ros2srrc_endeffectors/robotiq_2f85/meshes/visual/robotiq_85_inner_knuckle_link.dae
[2.865s] -- Symlinking: /home/ubuntu/ros2ws/install/ros2srrc_endeffectors/share/ros2srrc_endeffectors/robotiq_2f85/meshes/visual/robotiq_85_knuckle_link.dae
[2.882s] -- Symlinking: /home/ubuntu/ros2ws/install/ros2srrc_endeffectors/share/ros2srrc_endeffectors/robotiq_2f85/urdf/robotiq_2f85_macro.urdf.xacro
[2.906s] -- Symlinking: /home/ubuntu/ros2ws/install/ros2srrc_endeffectors/share/ros2srrc_endeffectors/robotiq_2f85/urdf/robotiq_2f85_ros2control.xacro
[2.925s] -- Symlinking: /home/ubuntu/ros2ws/install/ros2srrc_endeffectors/share/ros2srrc_endeffectors/robotiq_2f85/urdf/robotiq_2f85_transmission.xacro
[2.946s] -- Symlinking: /home/ubuntu/ros2ws/install/ros2srrc_endeffectors/share/ros2srrc_endeffectors/robotiq_hande/config/controller.yaml
[2.966s] -- Symlinking: /home/ubuntu/ros2ws/install/ros2srrc_endeffectors/share/ros2srrc_endeffectors/robotiq_hande/config/controller_moveit2.yaml
[2.985s] -- Symlinking: /home/ubuntu/ros2ws/install/ros2srrc_endeffectors/share/ros2srrc_endeffectors/robotiq_hande/config/joint_limits.yaml
[3.006s] -- Symlinking: /home/ubuntu/ros2ws/install/ros2srrc_endeffectors/share/ros2srrc_endeffectors/robotiq_hande/config/joint_specifications.yaml
[3.023s] -- Symlinking: /home/ubuntu/ros2ws/install/ros2srrc_endeffectors/share/ros2srrc_endeffectors/robotiq_hande/meshes/finger_1.dae
[3.039s] -- Symlinking: /home/ubuntu/ros2ws/install/ros2srrc_endeffectors/share/ros2srrc_endeffectors/robotiq_hande/meshes/finger_2.dae
[3.055s] -- Symlinking: /home/ubuntu/ros2ws/install/ros2srrc_endeffectors/share/ros2srrc_endeffectors/robotiq_hande/meshes/hand-e.dae
[3.072s] -- Symlinking: /home/ubuntu/ros2ws/install/ros2srrc_endeffectors/share/ros2srrc_endeffectors/robotiq_hande/meshes/hande_bracket.dae
[3.087s] -- Symlinking: /home/ubuntu/ros2ws/install/ros2srrc_endeffectors/share/ros2srrc_endeffectors/robotiq_hande/meshes/robotiq_hande.dae
[3.103s] -- Symlinking: /home/ubuntu/ros2ws/install/ros2srrc_endeffectors/share/ros2srrc_endeffectors/robotiq_hande/meshes/robotiq_hande_coupler.stl
[3.119s] -- Symlinking: /home/ubuntu/ros2ws/install/ros2srrc_endeffectors/share/ros2srrc_endeffectors/robotiq_hande/urdf/robotiq_hande_macro.urdf.xacro
[3.143s] -- Symlinking: /home/ubuntu/ros2ws/install/ros2srrc_endeffectors/share/ros2srrc_endeffectors/robotiq_hande/urdf/robotiq_hande_ros2control.xacro
[3.162s] -- Symlinking: /home/ubuntu/ros2ws/install/ros2srrc_endeffectors/share/ros2srrc_endeffectors/robotiq_hande/urdf/robotiq_hande_transmission.xacro
[3.178s] -- Symlinking: /home/ubuntu/ros2ws/install/ros2srrc_endeffectors/share/ament_index/resource_index/package_run_dependencies/ros2srrc_endeffectors
[3.197s] -- Symlinking: /home/ubuntu/ros2ws/install/ros2srrc_endeffectors/share/ament_index/resource_index/parent_prefix_path/ros2srrc_endeffectors
[3.211s] -- Symlinking: /home/ubuntu/ros2ws/install/ros2srrc_endeffectors/share/ros2srrc_endeffectors/environment/ament_prefix_path.sh
[3.233s] -- Symlinking: /home/ubuntu/ros2ws/install/ros2srrc_endeffectors/share/ros2srrc_endeffectors/environment/ament_prefix_path.dsv
[3.251s] -- Symlinking: /home/ubuntu/ros2ws/install/ros2srrc_endeffectors/share/ros2srrc_endeffectors/environment/path.sh
[3.276s] -- Symlinking: /home/ubuntu/ros2ws/install/ros2srrc_endeffectors/share/ros2srrc_endeffectors/environment/path.dsv
[3.294s] -- Symlinking: /home/ubuntu/ros2ws/install/ros2srrc_endeffectors/share/ros2srrc_endeffectors/local_setup.bash
[3.316s] -- Symlinking: /home/ubuntu/ros2ws/install/ros2srrc_endeffectors/share/ros2srrc_endeffectors/local_setup.sh
[3.332s] -- Symlinking: /home/ubuntu/ros2ws/install/ros2srrc_endeffectors/share/ros2srrc_endeffectors/local_setup.zsh
[3.350s] -- Symlinking: /home/ubuntu/ros2ws/install/ros2srrc_endeffectors/share/ros2srrc_endeffectors/local_setup.dsv
[3.372s] -- Symlinking: /home/ubuntu/ros2ws/install/ros2srrc_endeffectors/share/ros2srrc_endeffectors/package.dsv
[3.388s] -- Symlinking: /home/ubuntu/ros2ws/install/ros2srrc_endeffectors/share/ament_index/resource_index/packages/ros2srrc_endeffectors
[3.405s] -- Symlinking: /home/ubuntu/ros2ws/install/ros2srrc_endeffectors/share/ros2srrc_endeffectors/cmake/ros2srrc_endeffectorsConfig.cmake
[3.428s] -- Symlinking: /home/ubuntu/ros2ws/install/ros2srrc_endeffectors/share/ros2srrc_endeffectors/cmake/ros2srrc_endeffectorsConfig-version.cmake
[3.448s] -- Symlinking: /home/ubuntu/ros2ws/install/ros2srrc_endeffectors/share/ros2srrc_endeffectors/package.xml
[3.471s] Invoked command in '/home/ubuntu/ros2ws/build/ros2srrc_endeffectors' returned '0': CMAKE_PREFIX_PATH=${CMAKE_PREFIX_PATH}:/opt/ros/humble /usr/bin/cmake --install /home/ubuntu/ros2ws/build/ros2srrc_endeffectors
