[0.079s] Invoking command in '/home/ubuntu/ros2ws/build/gazebo_ros2_control': CMAKE_PREFIX_PATH=${CMAKE_PREFIX_PATH}:/home/ubuntu/ros2ws/install/testV1:/home/ubuntu/ros2ws/install/gui_subscriber:/home/ubuntu/ros2ws/install/moveit_configs_utils:/home/ubuntu/ros2ws/install/robot_letter_writer:/home/ubuntu/ros2ws/install/launch_param_builder:/opt/ros/humble /usr/bin/cmake --build /home/ubuntu/ros2ws/build/gazebo_ros2_control -- -j4 -l4
[1.054s] [ 50%] Built target gazebo_hardware_plugins
[1.178s] [100%] Built target gazebo_ros2_control
[1.229s] Invoked command in '/home/ubuntu/ros2ws/build/gazebo_ros2_control' returned '0': CMAKE_PREFIX_PATH=${CMAKE_PREFIX_PATH}:/home/ubuntu/ros2ws/install/testV1:/home/ubuntu/ros2ws/install/gui_subscriber:/home/ubuntu/ros2ws/install/moveit_configs_utils:/home/ubuntu/ros2ws/install/robot_letter_writer:/home/ubuntu/ros2ws/install/launch_param_builder:/opt/ros/humble /usr/bin/cmake --build /home/ubuntu/ros2ws/build/gazebo_ros2_control -- -j4 -l4
[1.392s] Invoking command in '/home/ubuntu/ros2ws/build/gazebo_ros2_control': CMAKE_PREFIX_PATH=${CMAKE_PREFIX_PATH}:/home/ubuntu/ros2ws/install/testV1:/home/ubuntu/ros2ws/install/gui_subscriber:/home/ubuntu/ros2ws/install/moveit_configs_utils:/home/ubuntu/ros2ws/install/robot_letter_writer:/home/ubuntu/ros2ws/install/launch_param_builder:/opt/ros/humble /usr/bin/cmake --install /home/ubuntu/ros2ws/build/gazebo_ros2_control
[1.489s] -- Install configuration: ""
[1.511s] -- Execute custom install script
[1.528s] -- Up-to-date symlink: /home/ubuntu/ros2ws/install/gazebo_ros2_control/lib/libgazebo_ros2_control.so
[1.529s] -- Up-to-date symlink: /home/ubuntu/ros2ws/install/gazebo_ros2_control/lib/libgazebo_hardware_plugins.so
[1.542s] -- Up-to-date symlink: /home/ubuntu/ros2ws/install/gazebo_ros2_control/share/gazebo_ros2_control/environment/library_path.sh
[1.542s] -- Up-to-date symlink: /home/ubuntu/ros2ws/install/gazebo_ros2_control/share/gazebo_ros2_control/environment/library_path.dsv
[1.542s] -- Up-to-date symlink: /home/ubuntu/ros2ws/install/gazebo_ros2_control/include/gazebo_ros2_control/gazebo_ros2_control_plugin.hpp
[1.553s] -- Up-to-date symlink: /home/ubuntu/ros2ws/install/gazebo_ros2_control/include/gazebo_ros2_control/gazebo_system.hpp
[1.554s] -- Up-to-date symlink: /home/ubuntu/ros2ws/install/gazebo_ros2_control/include/gazebo_ros2_control/gazebo_system_interface.hpp
[1.554s] -- Up-to-date symlink: /home/ubuntu/ros2ws/install/gazebo_ros2_control/share/gazebo_ros2_control//gazebo_hardware_plugins.xml
[1.555s] -- Up-to-date symlink: /home/ubuntu/ros2ws/install/gazebo_ros2_control/share/ament_index/resource_index/package_run_dependencies/gazebo_ros2_control
[1.570s] -- Up-to-date symlink: /home/ubuntu/ros2ws/install/gazebo_ros2_control/share/ament_index/resource_index/parent_prefix_path/gazebo_ros2_control
[1.573s] -- Up-to-date symlink: /home/ubuntu/ros2ws/install/gazebo_ros2_control/share/gazebo_ros2_control/environment/ament_prefix_path.sh
[1.575s] -- Up-to-date symlink: /home/ubuntu/ros2ws/install/gazebo_ros2_control/share/gazebo_ros2_control/environment/ament_prefix_path.dsv
[1.575s] -- Up-to-date symlink: /home/ubuntu/ros2ws/install/gazebo_ros2_control/share/gazebo_ros2_control/environment/path.sh
[1.591s] -- Up-to-date symlink: /home/ubuntu/ros2ws/install/gazebo_ros2_control/share/gazebo_ros2_control/environment/path.dsv
[1.591s] -- Up-to-date symlink: /home/ubuntu/ros2ws/install/gazebo_ros2_control/share/gazebo_ros2_control/local_setup.bash
[1.592s] -- Up-to-date symlink: /home/ubuntu/ros2ws/install/gazebo_ros2_control/share/gazebo_ros2_control/local_setup.sh
[1.593s] -- Up-to-date symlink: /home/ubuntu/ros2ws/install/gazebo_ros2_control/share/gazebo_ros2_control/local_setup.zsh
[1.593s] -- Up-to-date symlink: /home/ubuntu/ros2ws/install/gazebo_ros2_control/share/gazebo_ros2_control/local_setup.dsv
[1.595s] -- Symlinking: /home/ubuntu/ros2ws/install/gazebo_ros2_control/share/gazebo_ros2_control/package.dsv
[1.632s] -- Up-to-date symlink: /home/ubuntu/ros2ws/install/gazebo_ros2_control/share/ament_index/resource_index/packages/gazebo_ros2_control
[1.632s] -- Up-to-date symlink: /home/ubuntu/ros2ws/install/gazebo_ros2_control/share/ament_index/resource_index/gazebo_ros2_control__pluginlib__plugin/gazebo_ros2_control
[1.633s] -- Up-to-date symlink: /home/ubuntu/ros2ws/install/gazebo_ros2_control/share/gazebo_ros2_control/cmake/ament_cmake_export_include_directories-extras.cmake
[1.635s] -- Up-to-date symlink: /home/ubuntu/ros2ws/install/gazebo_ros2_control/share/gazebo_ros2_control/cmake/ament_cmake_export_dependencies-extras.cmake
[1.636s] -- Up-to-date symlink: /home/ubuntu/ros2ws/install/gazebo_ros2_control/share/gazebo_ros2_control/cmake/ament_cmake_export_libraries-extras.cmake
[1.649s] -- Up-to-date symlink: /home/ubuntu/ros2ws/install/gazebo_ros2_control/share/gazebo_ros2_control/cmake/gazebo_ros2_controlConfig.cmake
[1.653s] -- Up-to-date symlink: /home/ubuntu/ros2ws/install/gazebo_ros2_control/share/gazebo_ros2_control/cmake/gazebo_ros2_controlConfig-version.cmake
[1.653s] -- Up-to-date symlink: /home/ubuntu/ros2ws/install/gazebo_ros2_control/share/gazebo_ros2_control/package.xml
[1.662s] Invoked command in '/home/ubuntu/ros2ws/build/gazebo_ros2_control' returned '0': CMAKE_PREFIX_PATH=${CMAKE_PREFIX_PATH}:/home/ubuntu/ros2ws/install/testV1:/home/ubuntu/ros2ws/install/gui_subscriber:/home/ubuntu/ros2ws/install/moveit_configs_utils:/home/ubuntu/ros2ws/install/robot_letter_writer:/home/ubuntu/ros2ws/install/launch_param_builder:/opt/ros/humble /usr/bin/cmake --install /home/ubuntu/ros2ws/build/gazebo_ros2_control
