[0.061s] Invoking command in '/home/ubuntu/ros2ws/build/srdfdom': CMAKE_PREFIX_PATH=${CMAKE_PREFIX_PATH}:/home/ubuntu/ros2ws/install/moveit_configs_utils:/home/ubuntu/ros2ws/install/launch_param_builder:/home/ubuntu/ros2ws/install/testV1:/home/ubuntu/ros2ws/install/gui_subscriber:/home/ubuntu/ros2ws/install/robot_letter_writer:/opt/ros/humble /usr/bin/cmake --build /home/ubuntu/ros2ws/build/srdfdom -- -j4 -l4
[0.181s] [35m[1mConsolidate compiler generated dependencies of target srdfdom[0m
[0.186s] [35m[1mConsolidate compiler generated dependencies of target gtest[0m
[0.198s] [35m[1mConsolidate compiler generated dependencies of target gtest_main[0m
[0.233s] [  0%] Built target ament_cmake_python_copy_srdfdom
[0.233s] [ 18%] Built target gtest_main
[0.239s] [ 45%] Built target srdfdom
[0.242s] [ 63%] Built target gtest
[0.281s] [35m[1mConsolidate compiler generated dependencies of target test_cpp_nl_NL.UTF-8[0m
[0.282s] [35m[1mConsolidate compiler generated dependencies of target test_cpp_C[0m
[0.315s] [ 81%] Built target test_cpp_nl_NL.UTF-8
[0.333s] [100%] Built target test_cpp_C
[0.686s] running egg_info
[0.688s] writing srdfdom.egg-info/PKG-INFO
[0.688s] writing dependency_links to srdfdom.egg-info/dependency_links.txt
[0.689s] writing top-level names to srdfdom.egg-info/top_level.txt
[0.692s] reading manifest file 'srdfdom.egg-info/SOURCES.txt'
[0.693s] writing manifest file 'srdfdom.egg-info/SOURCES.txt'
[0.749s] [100%] Built target ament_cmake_python_build_srdfdom_egg
[1.026s] Invoked command in '/home/ubuntu/ros2ws/build/srdfdom' returned '0': CMAKE_PREFIX_PATH=${CMAKE_PREFIX_PATH}:/home/ubuntu/ros2ws/install/moveit_configs_utils:/home/ubuntu/ros2ws/install/launch_param_builder:/home/ubuntu/ros2ws/install/testV1:/home/ubuntu/ros2ws/install/gui_subscriber:/home/ubuntu/ros2ws/install/robot_letter_writer:/opt/ros/humble /usr/bin/cmake --build /home/ubuntu/ros2ws/build/srdfdom -- -j4 -l4
[1.158s] Invoking command in '/home/ubuntu/ros2ws/build/srdfdom': CMAKE_PREFIX_PATH=${CMAKE_PREFIX_PATH}:/home/ubuntu/ros2ws/install/moveit_configs_utils:/home/ubuntu/ros2ws/install/launch_param_builder:/home/ubuntu/ros2ws/install/testV1:/home/ubuntu/ros2ws/install/gui_subscriber:/home/ubuntu/ros2ws/install/robot_letter_writer:/opt/ros/humble /usr/bin/cmake --install /home/ubuntu/ros2ws/build/srdfdom
[1.174s] -- Install configuration: ""
[1.174s] -- Up-to-date: /home/ubuntu/ros2ws/install/srdfdom/lib/libsrdfdom.so.2.0.7
[1.174s] -- Up-to-date: /home/ubuntu/ros2ws/install/srdfdom/lib/libsrdfdom.so
[1.174s] -- Up-to-date: /home/ubuntu/ros2ws/install/srdfdom/include/srdfdom
[1.175s] -- Up-to-date: /home/ubuntu/ros2ws/install/srdfdom/include/srdfdom/srdfdom
[1.175s] -- Up-to-date: /home/ubuntu/ros2ws/install/srdfdom/include/srdfdom/srdfdom/visibility_control.h
[1.175s] -- Up-to-date: /home/ubuntu/ros2ws/install/srdfdom/include/srdfdom/srdfdom/model.h
[1.175s] -- Up-to-date: /home/ubuntu/ros2ws/install/srdfdom/include/srdfdom/srdfdom/srdf_writer.h
[1.175s] -- Up-to-date: /home/ubuntu/ros2ws/install/srdfdom/lib/srdfdom/display_srdf
[1.176s] -- Up-to-date: /home/ubuntu/ros2ws/install/srdfdom/share/srdfdom/environment/pythonpath.sh
[1.176s] -- Up-to-date: /home/ubuntu/ros2ws/install/srdfdom/share/srdfdom/environment/pythonpath.dsv
[1.176s] -- Up-to-date: /home/ubuntu/ros2ws/install/srdfdom/local/lib/python3.10/dist-packages/srdfdom-2.0.7-py3.10.egg-info
[1.176s] -- Installing: /home/ubuntu/ros2ws/install/srdfdom/local/lib/python3.10/dist-packages/srdfdom-2.0.7-py3.10.egg-info/PKG-INFO
[1.177s] -- Installing: /home/ubuntu/ros2ws/install/srdfdom/local/lib/python3.10/dist-packages/srdfdom-2.0.7-py3.10.egg-info/top_level.txt
[1.177s] -- Installing: /home/ubuntu/ros2ws/install/srdfdom/local/lib/python3.10/dist-packages/srdfdom-2.0.7-py3.10.egg-info/dependency_links.txt
[1.177s] -- Installing: /home/ubuntu/ros2ws/install/srdfdom/local/lib/python3.10/dist-packages/srdfdom-2.0.7-py3.10.egg-info/SOURCES.txt
[1.178s] -- Up-to-date: /home/ubuntu/ros2ws/install/srdfdom/local/lib/python3.10/dist-packages/srdfdom
[1.178s] -- Up-to-date: /home/ubuntu/ros2ws/install/srdfdom/local/lib/python3.10/dist-packages/srdfdom/srdf.py
[1.178s] -- Up-to-date: /home/ubuntu/ros2ws/install/srdfdom/local/lib/python3.10/dist-packages/srdfdom/__init__.py
[1.227s] Listing '/home/ubuntu/ros2ws/install/srdfdom/local/lib/python3.10/dist-packages/srdfdom'...
[1.230s] -- Up-to-date: /home/ubuntu/ros2ws/install/srdfdom/share/srdfdom/environment/library_path.sh
[1.231s] -- Up-to-date: /home/ubuntu/ros2ws/install/srdfdom/share/srdfdom/environment/library_path.dsv
[1.231s] -- Up-to-date: /home/ubuntu/ros2ws/install/srdfdom/share/ament_index/resource_index/package_run_dependencies/srdfdom
[1.232s] -- Up-to-date: /home/ubuntu/ros2ws/install/srdfdom/share/ament_index/resource_index/parent_prefix_path/srdfdom
[1.232s] -- Up-to-date: /home/ubuntu/ros2ws/install/srdfdom/share/srdfdom/environment/ament_prefix_path.sh
[1.232s] -- Up-to-date: /home/ubuntu/ros2ws/install/srdfdom/share/srdfdom/environment/ament_prefix_path.dsv
[1.232s] -- Up-to-date: /home/ubuntu/ros2ws/install/srdfdom/share/srdfdom/environment/path.sh
[1.233s] -- Up-to-date: /home/ubuntu/ros2ws/install/srdfdom/share/srdfdom/environment/path.dsv
[1.233s] -- Up-to-date: /home/ubuntu/ros2ws/install/srdfdom/share/srdfdom/local_setup.bash
[1.233s] -- Up-to-date: /home/ubuntu/ros2ws/install/srdfdom/share/srdfdom/local_setup.sh
[1.233s] -- Up-to-date: /home/ubuntu/ros2ws/install/srdfdom/share/srdfdom/local_setup.zsh
[1.233s] -- Up-to-date: /home/ubuntu/ros2ws/install/srdfdom/share/srdfdom/local_setup.dsv
[1.234s] -- Installing: /home/ubuntu/ros2ws/install/srdfdom/share/srdfdom/package.dsv
[1.234s] -- Up-to-date: /home/ubuntu/ros2ws/install/srdfdom/share/ament_index/resource_index/packages/srdfdom
[1.234s] -- Up-to-date: /home/ubuntu/ros2ws/install/srdfdom/share/srdfdom/cmake/srdfdomTargetsExport.cmake
[1.234s] -- Up-to-date: /home/ubuntu/ros2ws/install/srdfdom/share/srdfdom/cmake/srdfdomTargetsExport-noconfig.cmake
[1.234s] -- Up-to-date: /home/ubuntu/ros2ws/install/srdfdom/share/srdfdom/cmake/ament_cmake_export_targets-extras.cmake
[1.235s] -- Up-to-date: /home/ubuntu/ros2ws/install/srdfdom/share/srdfdom/cmake/ament_cmake_export_dependencies-extras.cmake
[1.235s] -- Up-to-date: /home/ubuntu/ros2ws/install/srdfdom/share/srdfdom/cmake/srdfdomConfig.cmake
[1.235s] -- Up-to-date: /home/ubuntu/ros2ws/install/srdfdom/share/srdfdom/cmake/srdfdomConfig-version.cmake
[1.235s] -- Up-to-date: /home/ubuntu/ros2ws/install/srdfdom/share/srdfdom/package.xml
[1.251s] Invoked command in '/home/ubuntu/ros2ws/build/srdfdom' returned '0': CMAKE_PREFIX_PATH=${CMAKE_PREFIX_PATH}:/home/ubuntu/ros2ws/install/moveit_configs_utils:/home/ubuntu/ros2ws/install/launch_param_builder:/home/ubuntu/ros2ws/install/testV1:/home/ubuntu/ros2ws/install/gui_subscriber:/home/ubuntu/ros2ws/install/robot_letter_writer:/opt/ros/humble /usr/bin/cmake --install /home/ubuntu/ros2ws/build/srdfdom
