[0.024s] Invoking command in '/home/ubuntu/ros2ws/build/abb_robot_msgs': CMAKE_PREFIX_PATH=${CMAKE_PREFIX_PATH}:/home/ubuntu/ros2ws/install/testV1:/home/ubuntu/ros2ws/install/robot_letter_writer:/opt/ros/humble /usr/bin/cmake --build /home/ubuntu/ros2ws/build/abb_robot_msgs -- -j4 -l4
[0.187s] [  0%] Built target abb_robot_msgs__cpp
[0.191s] [ 13%] Built target abb_robot_msgs__rosidl_generator_c
[0.213s] [ 13%] Built target ament_cmake_python_symlink_abb_robot_msgs
[0.310s] [ 26%] Built target abb_robot_msgs__rosidl_typesupport_introspection_cpp
[0.318s] [ 38%] Built target abb_robot_msgs__rosidl_typesupport_cpp
[0.318s] [ 50%] Built target abb_robot_msgs__rosidl_typesupport_fastrtps_cpp
[0.332s] [ 62%] Built target abb_robot_msgs__rosidl_typesupport_fastrtps_c
[0.401s] [ 74%] Built target abb_robot_msgs__rosidl_typesupport_c
[0.411s] [ 86%] Built target abb_robot_msgs__rosidl_typesupport_introspection_c
[0.478s] [ 86%] Built target abb_robot_msgs
[0.548s] [ 86%] Built target abb_robot_msgs__py
[0.643s] [ 97%] Built target abb_robot_msgs__rosidl_generator_py
[0.736s] [ 98%] Built target abb_robot_msgs__rosidl_typesupport_c__pyext
[0.744s] [ 99%] Built target abb_robot_msgs__rosidl_typesupport_introspection_c__pyext
[0.744s] [100%] Built target abb_robot_msgs__rosidl_typesupport_fastrtps_c__pyext
[0.898s] running egg_info
[0.901s] writing abb_robot_msgs.egg-info/PKG-INFO
[0.901s] writing dependency_links to abb_robot_msgs.egg-info/dependency_links.txt
[0.903s] writing top-level names to abb_robot_msgs.egg-info/top_level.txt
[0.907s] reading manifest file 'abb_robot_msgs.egg-info/SOURCES.txt'
[0.908s] writing manifest file 'abb_robot_msgs.egg-info/SOURCES.txt'
[0.968s] [100%] Built target ament_cmake_python_build_abb_robot_msgs_egg
[0.993s] Invoked command in '/home/ubuntu/ros2ws/build/abb_robot_msgs' returned '0': CMAKE_PREFIX_PATH=${CMAKE_PREFIX_PATH}:/home/ubuntu/ros2ws/install/testV1:/home/ubuntu/ros2ws/install/robot_letter_writer:/opt/ros/humble /usr/bin/cmake --build /home/ubuntu/ros2ws/build/abb_robot_msgs -- -j4 -l4
[2.374s] Invoking command in '/home/ubuntu/ros2ws/build/abb_robot_msgs': CMAKE_PREFIX_PATH=${CMAKE_PREFIX_PATH}:/home/ubuntu/ros2ws/install/testV1:/home/ubuntu/ros2ws/install/robot_letter_writer:/opt/ros/humble /usr/bin/cmake --install /home/ubuntu/ros2ws/build/abb_robot_msgs
[2.395s] -- Install configuration: ""
[2.400s] -- Execute custom install script
[2.400s] -- Up-to-date symlink: /home/ubuntu/ros2ws/install/abb_robot_msgs/share/ament_index/resource_index/rosidl_interfaces/abb_robot_msgs
[2.403s] -- Up-to-date symlink: /home/ubuntu/ros2ws/install/abb_robot_msgs/include/abb_robot_msgs/abb_robot_msgs/msg/detail/mechanical_unit_state__functions.h
[2.403s] -- Up-to-date symlink: /home/ubuntu/ros2ws/install/abb_robot_msgs/include/abb_robot_msgs/abb_robot_msgs/msg/detail/mechanical_unit_state__struct.h
[2.403s] -- Up-to-date symlink: /home/ubuntu/ros2ws/install/abb_robot_msgs/include/abb_robot_msgs/abb_robot_msgs/msg/detail/mechanical_unit_state__type_support.h
[2.404s] -- Up-to-date symlink: /home/ubuntu/ros2ws/install/abb_robot_msgs/include/abb_robot_msgs/abb_robot_msgs/msg/detail/rapid_symbol_path__functions.h
[2.404s] -- Up-to-date symlink: /home/ubuntu/ros2ws/install/abb_robot_msgs/include/abb_robot_msgs/abb_robot_msgs/msg/detail/rapid_symbol_path__struct.h
[2.405s] -- Up-to-date symlink: /home/ubuntu/ros2ws/install/abb_robot_msgs/include/abb_robot_msgs/abb_robot_msgs/msg/detail/rapid_symbol_path__type_support.h
[2.405s] -- Up-to-date symlink: /home/ubuntu/ros2ws/install/abb_robot_msgs/include/abb_robot_msgs/abb_robot_msgs/msg/detail/rapid_task_state__functions.h
[2.406s] -- Up-to-date symlink: /home/ubuntu/ros2ws/install/abb_robot_msgs/include/abb_robot_msgs/abb_robot_msgs/msg/detail/rapid_task_state__struct.h
[2.406s] -- Up-to-date symlink: /home/ubuntu/ros2ws/install/abb_robot_msgs/include/abb_robot_msgs/abb_robot_msgs/msg/detail/rapid_task_state__type_support.h
[2.406s] -- Up-to-date symlink: /home/ubuntu/ros2ws/install/abb_robot_msgs/include/abb_robot_msgs/abb_robot_msgs/msg/detail/service_responses__functions.h
[2.407s] -- Up-to-date symlink: /home/ubuntu/ros2ws/install/abb_robot_msgs/include/abb_robot_msgs/abb_robot_msgs/msg/detail/service_responses__struct.h
[2.408s] -- Up-to-date symlink: /home/ubuntu/ros2ws/install/abb_robot_msgs/include/abb_robot_msgs/abb_robot_msgs/msg/detail/service_responses__type_support.h
[2.408s] -- Up-to-date symlink: /home/ubuntu/ros2ws/install/abb_robot_msgs/include/abb_robot_msgs/abb_robot_msgs/msg/detail/system_state__functions.h
[2.408s] -- Up-to-date symlink: /home/ubuntu/ros2ws/install/abb_robot_msgs/include/abb_robot_msgs/abb_robot_msgs/msg/detail/system_state__struct.h
[2.408s] -- Up-to-date symlink: /home/ubuntu/ros2ws/install/abb_robot_msgs/include/abb_robot_msgs/abb_robot_msgs/msg/detail/system_state__type_support.h
[2.408s] -- Up-to-date symlink: /home/ubuntu/ros2ws/install/abb_robot_msgs/include/abb_robot_msgs/abb_robot_msgs/msg/mechanical_unit_state.h
[2.410s] -- Up-to-date symlink: /home/ubuntu/ros2ws/install/abb_robot_msgs/include/abb_robot_msgs/abb_robot_msgs/msg/rapid_symbol_path.h
[2.410s] -- Up-to-date symlink: /home/ubuntu/ros2ws/install/abb_robot_msgs/include/abb_robot_msgs/abb_robot_msgs/msg/rapid_task_state.h
[2.410s] -- Up-to-date symlink: /home/ubuntu/ros2ws/install/abb_robot_msgs/include/abb_robot_msgs/abb_robot_msgs/msg/rosidl_generator_c__visibility_control.h
[2.410s] -- Up-to-date symlink: /home/ubuntu/ros2ws/install/abb_robot_msgs/include/abb_robot_msgs/abb_robot_msgs/msg/service_responses.h
[2.410s] -- Up-to-date symlink: /home/ubuntu/ros2ws/install/abb_robot_msgs/include/abb_robot_msgs/abb_robot_msgs/msg/system_state.h
[2.410s] -- Up-to-date symlink: /home/ubuntu/ros2ws/install/abb_robot_msgs/include/abb_robot_msgs/abb_robot_msgs/srv/detail/get_file_contents__functions.h
[2.410s] -- Up-to-date symlink: /home/ubuntu/ros2ws/install/abb_robot_msgs/include/abb_robot_msgs/abb_robot_msgs/srv/detail/get_file_contents__struct.h
[2.411s] -- Up-to-date symlink: /home/ubuntu/ros2ws/install/abb_robot_msgs/include/abb_robot_msgs/abb_robot_msgs/srv/detail/get_file_contents__type_support.h
[2.412s] -- Up-to-date symlink: /home/ubuntu/ros2ws/install/abb_robot_msgs/include/abb_robot_msgs/abb_robot_msgs/srv/detail/get_io_signal__functions.h
[2.412s] -- Up-to-date symlink: /home/ubuntu/ros2ws/install/abb_robot_msgs/include/abb_robot_msgs/abb_robot_msgs/srv/detail/get_io_signal__struct.h
[2.412s] -- Up-to-date symlink: /home/ubuntu/ros2ws/install/abb_robot_msgs/include/abb_robot_msgs/abb_robot_msgs/srv/detail/get_io_signal__type_support.h
[2.413s] -- Up-to-date symlink: /home/ubuntu/ros2ws/install/abb_robot_msgs/include/abb_robot_msgs/abb_robot_msgs/srv/detail/get_rapid_bool__functions.h
[2.413s] -- Up-to-date symlink: /home/ubuntu/ros2ws/install/abb_robot_msgs/include/abb_robot_msgs/abb_robot_msgs/srv/detail/get_rapid_bool__struct.h
[2.413s] -- Up-to-date symlink: /home/ubuntu/ros2ws/install/abb_robot_msgs/include/abb_robot_msgs/abb_robot_msgs/srv/detail/get_rapid_bool__type_support.h
[2.413s] -- Up-to-date symlink: /home/ubuntu/ros2ws/install/abb_robot_msgs/include/abb_robot_msgs/abb_robot_msgs/srv/detail/get_rapid_dnum__functions.h
[2.413s] -- Up-to-date symlink: /home/ubuntu/ros2ws/install/abb_robot_msgs/include/abb_robot_msgs/abb_robot_msgs/srv/detail/get_rapid_dnum__struct.h
[2.419s] -- Up-to-date symlink: /home/ubuntu/ros2ws/install/abb_robot_msgs/include/abb_robot_msgs/abb_robot_msgs/srv/detail/get_rapid_dnum__type_support.h
[2.419s] -- Up-to-date symlink: /home/ubuntu/ros2ws/install/abb_robot_msgs/include/abb_robot_msgs/abb_robot_msgs/srv/detail/get_rapid_num__functions.h
[2.419s] -- Up-to-date symlink: /home/ubuntu/ros2ws/install/abb_robot_msgs/include/abb_robot_msgs/abb_robot_msgs/srv/detail/get_rapid_num__struct.h
[2.419s] -- Up-to-date symlink: /home/ubuntu/ros2ws/install/abb_robot_msgs/include/abb_robot_msgs/abb_robot_msgs/srv/detail/get_rapid_num__type_support.h
[2.419s] -- Up-to-date symlink: /home/ubuntu/ros2ws/install/abb_robot_msgs/include/abb_robot_msgs/abb_robot_msgs/srv/detail/get_rapid_string__functions.h
[2.419s] -- Up-to-date symlink: /home/ubuntu/ros2ws/install/abb_robot_msgs/include/abb_robot_msgs/abb_robot_msgs/srv/detail/get_rapid_string__struct.h
[2.422s] -- Up-to-date symlink: /home/ubuntu/ros2ws/install/abb_robot_msgs/include/abb_robot_msgs/abb_robot_msgs/srv/detail/get_rapid_string__type_support.h
[2.422s] -- Up-to-date symlink: /home/ubuntu/ros2ws/install/abb_robot_msgs/include/abb_robot_msgs/abb_robot_msgs/srv/detail/get_rapid_symbol__functions.h
[2.423s] -- Up-to-date symlink: /home/ubuntu/ros2ws/install/abb_robot_msgs/include/abb_robot_msgs/abb_robot_msgs/srv/detail/get_rapid_symbol__struct.h
[2.423s] -- Up-to-date symlink: /home/ubuntu/ros2ws/install/abb_robot_msgs/include/abb_robot_msgs/abb_robot_msgs/srv/detail/get_rapid_symbol__type_support.h
[2.423s] -- Up-to-date symlink: /home/ubuntu/ros2ws/install/abb_robot_msgs/include/abb_robot_msgs/abb_robot_msgs/srv/detail/get_robot_controller_description__functions.h
[2.423s] -- Up-to-date symlink: /home/ubuntu/ros2ws/install/abb_robot_msgs/include/abb_robot_msgs/abb_robot_msgs/srv/detail/get_robot_controller_description__struct.h
[2.425s] -- Up-to-date symlink: /home/ubuntu/ros2ws/install/abb_robot_msgs/include/abb_robot_msgs/abb_robot_msgs/srv/detail/get_robot_controller_description__type_support.h
[2.425s] -- Up-to-date symlink: /home/ubuntu/ros2ws/install/abb_robot_msgs/include/abb_robot_msgs/abb_robot_msgs/srv/detail/get_speed_ratio__functions.h
[2.425s] -- Up-to-date symlink: /home/ubuntu/ros2ws/install/abb_robot_msgs/include/abb_robot_msgs/abb_robot_msgs/srv/detail/get_speed_ratio__struct.h
[2.425s] -- Up-to-date symlink: /home/ubuntu/ros2ws/install/abb_robot_msgs/include/abb_robot_msgs/abb_robot_msgs/srv/detail/get_speed_ratio__type_support.h
[2.425s] -- Up-to-date symlink: /home/ubuntu/ros2ws/install/abb_robot_msgs/include/abb_robot_msgs/abb_robot_msgs/srv/detail/set_file_contents__functions.h
[2.425s] -- Up-to-date symlink: /home/ubuntu/ros2ws/install/abb_robot_msgs/include/abb_robot_msgs/abb_robot_msgs/srv/detail/set_file_contents__struct.h
[2.425s] -- Up-to-date symlink: /home/ubuntu/ros2ws/install/abb_robot_msgs/include/abb_robot_msgs/abb_robot_msgs/srv/detail/set_file_contents__type_support.h
[2.427s] -- Up-to-date symlink: /home/ubuntu/ros2ws/install/abb_robot_msgs/include/abb_robot_msgs/abb_robot_msgs/srv/detail/set_io_signal__functions.h
[2.428s] -- Up-to-date symlink: /home/ubuntu/ros2ws/install/abb_robot_msgs/include/abb_robot_msgs/abb_robot_msgs/srv/detail/set_io_signal__struct.h
[2.429s] -- Up-to-date symlink: /home/ubuntu/ros2ws/install/abb_robot_msgs/include/abb_robot_msgs/abb_robot_msgs/srv/detail/set_io_signal__type_support.h
[2.429s] -- Up-to-date symlink: /home/ubuntu/ros2ws/install/abb_robot_msgs/include/abb_robot_msgs/abb_robot_msgs/srv/detail/set_rapid_bool__functions.h
[2.431s] -- Up-to-date symlink: /home/ubuntu/ros2ws/install/abb_robot_msgs/include/abb_robot_msgs/abb_robot_msgs/srv/detail/set_rapid_bool__struct.h
[2.431s] -- Up-to-date symlink: /home/ubuntu/ros2ws/install/abb_robot_msgs/include/abb_robot_msgs/abb_robot_msgs/srv/detail/set_rapid_bool__type_support.h
[2.431s] -- Up-to-date symlink: /home/ubuntu/ros2ws/install/abb_robot_msgs/include/abb_robot_msgs/abb_robot_msgs/srv/detail/set_rapid_dnum__functions.h
[2.431s] -- Up-to-date symlink: /home/ubuntu/ros2ws/install/abb_robot_msgs/include/abb_robot_msgs/abb_robot_msgs/srv/detail/set_rapid_dnum__struct.h
[2.431s] -- Up-to-date symlink: /home/ubuntu/ros2ws/install/abb_robot_msgs/include/abb_robot_msgs/abb_robot_msgs/srv/detail/set_rapid_dnum__type_support.h
[2.431s] -- Up-to-date symlink: /home/ubuntu/ros2ws/install/abb_robot_msgs/include/abb_robot_msgs/abb_robot_msgs/srv/detail/set_rapid_num__functions.h
[2.432s] -- Up-to-date symlink: /home/ubuntu/ros2ws/install/abb_robot_msgs/include/abb_robot_msgs/abb_robot_msgs/srv/detail/set_rapid_num__struct.h
[2.433s] -- Up-to-date symlink: /home/ubuntu/ros2ws/install/abb_robot_msgs/include/abb_robot_msgs/abb_robot_msgs/srv/detail/set_rapid_num__type_support.h
[2.433s] -- Up-to-date symlink: /home/ubuntu/ros2ws/install/abb_robot_msgs/include/abb_robot_msgs/abb_robot_msgs/srv/detail/set_rapid_string__functions.h
[2.433s] -- Up-to-date symlink: /home/ubuntu/ros2ws/install/abb_robot_msgs/include/abb_robot_msgs/abb_robot_msgs/srv/detail/set_rapid_string__struct.h
[2.434s] -- Up-to-date symlink: /home/ubuntu/ros2ws/install/abb_robot_msgs/include/abb_robot_msgs/abb_robot_msgs/srv/detail/set_rapid_string__type_support.h
[2.434s] -- Up-to-date symlink: /home/ubuntu/ros2ws/install/abb_robot_msgs/include/abb_robot_msgs/abb_robot_msgs/srv/detail/set_rapid_symbol__functions.h
[2.434s] -- Up-to-date symlink: /home/ubuntu/ros2ws/install/abb_robot_msgs/include/abb_robot_msgs/abb_robot_msgs/srv/detail/set_rapid_symbol__struct.h
[2.434s] -- Up-to-date symlink: /home/ubuntu/ros2ws/install/abb_robot_msgs/include/abb_robot_msgs/abb_robot_msgs/srv/detail/set_rapid_symbol__type_support.h
[2.441s] -- Up-to-date symlink: /home/ubuntu/ros2ws/install/abb_robot_msgs/include/abb_robot_msgs/abb_robot_msgs/srv/detail/set_speed_ratio__functions.h
[2.441s] -- Up-to-date symlink: /home/ubuntu/ros2ws/install/abb_robot_msgs/include/abb_robot_msgs/abb_robot_msgs/srv/detail/set_speed_ratio__struct.h
[2.441s] -- Up-to-date symlink: /home/ubuntu/ros2ws/install/abb_robot_msgs/include/abb_robot_msgs/abb_robot_msgs/srv/detail/set_speed_ratio__type_support.h
[2.441s] -- Up-to-date symlink: /home/ubuntu/ros2ws/install/abb_robot_msgs/include/abb_robot_msgs/abb_robot_msgs/srv/detail/trigger_with_result_code__functions.h
[2.441s] -- Up-to-date symlink: /home/ubuntu/ros2ws/install/abb_robot_msgs/include/abb_robot_msgs/abb_robot_msgs/srv/detail/trigger_with_result_code__struct.h
[2.441s] -- Up-to-date symlink: /home/ubuntu/ros2ws/install/abb_robot_msgs/include/abb_robot_msgs/abb_robot_msgs/srv/detail/trigger_with_result_code__type_support.h
[2.442s] -- Up-to-date symlink: /home/ubuntu/ros2ws/install/abb_robot_msgs/include/abb_robot_msgs/abb_robot_msgs/srv/get_file_contents.h
[2.442s] -- Up-to-date symlink: /home/ubuntu/ros2ws/install/abb_robot_msgs/include/abb_robot_msgs/abb_robot_msgs/srv/get_io_signal.h
[2.442s] -- Up-to-date symlink: /home/ubuntu/ros2ws/install/abb_robot_msgs/include/abb_robot_msgs/abb_robot_msgs/srv/get_rapid_bool.h
[2.443s] -- Up-to-date symlink: /home/ubuntu/ros2ws/install/abb_robot_msgs/include/abb_robot_msgs/abb_robot_msgs/srv/get_rapid_dnum.h
[2.443s] -- Up-to-date symlink: /home/ubuntu/ros2ws/install/abb_robot_msgs/include/abb_robot_msgs/abb_robot_msgs/srv/get_rapid_num.h
[2.443s] -- Up-to-date symlink: /home/ubuntu/ros2ws/install/abb_robot_msgs/include/abb_robot_msgs/abb_robot_msgs/srv/get_rapid_string.h
[2.443s] -- Up-to-date symlink: /home/ubuntu/ros2ws/install/abb_robot_msgs/include/abb_robot_msgs/abb_robot_msgs/srv/get_rapid_symbol.h
[2.443s] -- Up-to-date symlink: /home/ubuntu/ros2ws/install/abb_robot_msgs/include/abb_robot_msgs/abb_robot_msgs/srv/get_robot_controller_description.h
[2.443s] -- Up-to-date symlink: /home/ubuntu/ros2ws/install/abb_robot_msgs/include/abb_robot_msgs/abb_robot_msgs/srv/get_speed_ratio.h
[2.443s] -- Up-to-date symlink: /home/ubuntu/ros2ws/install/abb_robot_msgs/include/abb_robot_msgs/abb_robot_msgs/srv/set_file_contents.h
[2.443s] -- Up-to-date symlink: /home/ubuntu/ros2ws/install/abb_robot_msgs/include/abb_robot_msgs/abb_robot_msgs/srv/set_io_signal.h
[2.443s] -- Up-to-date symlink: /home/ubuntu/ros2ws/install/abb_robot_msgs/include/abb_robot_msgs/abb_robot_msgs/srv/set_rapid_bool.h
[2.443s] -- Up-to-date symlink: /home/ubuntu/ros2ws/install/abb_robot_msgs/include/abb_robot_msgs/abb_robot_msgs/srv/set_rapid_dnum.h
[2.443s] -- Up-to-date symlink: /home/ubuntu/ros2ws/install/abb_robot_msgs/include/abb_robot_msgs/abb_robot_msgs/srv/set_rapid_num.h
[2.443s] -- Up-to-date symlink: /home/ubuntu/ros2ws/install/abb_robot_msgs/include/abb_robot_msgs/abb_robot_msgs/srv/set_rapid_string.h
[2.444s] -- Up-to-date symlink: /home/ubuntu/ros2ws/install/abb_robot_msgs/include/abb_robot_msgs/abb_robot_msgs/srv/set_rapid_symbol.h
[2.444s] -- Up-to-date symlink: /home/ubuntu/ros2ws/install/abb_robot_msgs/include/abb_robot_msgs/abb_robot_msgs/srv/set_speed_ratio.h
[2.444s] -- Up-to-date symlink: /home/ubuntu/ros2ws/install/abb_robot_msgs/include/abb_robot_msgs/abb_robot_msgs/srv/trigger_with_result_code.h
[2.444s] -- Up-to-date symlink: /home/ubuntu/ros2ws/install/abb_robot_msgs/share/abb_robot_msgs/environment/library_path.sh
[2.444s] -- Up-to-date symlink: /home/ubuntu/ros2ws/install/abb_robot_msgs/share/abb_robot_msgs/environment/library_path.dsv
[2.444s] -- Up-to-date symlink: /home/ubuntu/ros2ws/install/abb_robot_msgs/include/abb_robot_msgs/abb_robot_msgs/msg/detail/mechanical_unit_state__rosidl_typesupport_fastrtps_c.h
[2.444s] -- Up-to-date symlink: /home/ubuntu/ros2ws/install/abb_robot_msgs/include/abb_robot_msgs/abb_robot_msgs/msg/detail/rapid_symbol_path__rosidl_typesupport_fastrtps_c.h
[2.444s] -- Up-to-date symlink: /home/ubuntu/ros2ws/install/abb_robot_msgs/include/abb_robot_msgs/abb_robot_msgs/msg/detail/rapid_task_state__rosidl_typesupport_fastrtps_c.h
[2.444s] -- Up-to-date symlink: /home/ubuntu/ros2ws/install/abb_robot_msgs/include/abb_robot_msgs/abb_robot_msgs/msg/detail/service_responses__rosidl_typesupport_fastrtps_c.h
[2.444s] -- Up-to-date symlink: /home/ubuntu/ros2ws/install/abb_robot_msgs/include/abb_robot_msgs/abb_robot_msgs/msg/detail/system_state__rosidl_typesupport_fastrtps_c.h
[2.444s] -- Up-to-date symlink: /home/ubuntu/ros2ws/install/abb_robot_msgs/include/abb_robot_msgs/abb_robot_msgs/msg/rosidl_typesupport_fastrtps_c__visibility_control.h
[2.444s] -- Up-to-date symlink: /home/ubuntu/ros2ws/install/abb_robot_msgs/include/abb_robot_msgs/abb_robot_msgs/srv/detail/get_file_contents__rosidl_typesupport_fastrtps_c.h
[2.444s] -- Up-to-date symlink: /home/ubuntu/ros2ws/install/abb_robot_msgs/include/abb_robot_msgs/abb_robot_msgs/srv/detail/get_io_signal__rosidl_typesupport_fastrtps_c.h
[2.445s] -- Up-to-date symlink: /home/ubuntu/ros2ws/install/abb_robot_msgs/include/abb_robot_msgs/abb_robot_msgs/srv/detail/get_rapid_bool__rosidl_typesupport_fastrtps_c.h
[2.446s] -- Up-to-date symlink: /home/ubuntu/ros2ws/install/abb_robot_msgs/include/abb_robot_msgs/abb_robot_msgs/srv/detail/get_rapid_dnum__rosidl_typesupport_fastrtps_c.h
[2.446s] -- Up-to-date symlink: /home/ubuntu/ros2ws/install/abb_robot_msgs/include/abb_robot_msgs/abb_robot_msgs/srv/detail/get_rapid_num__rosidl_typesupport_fastrtps_c.h
[2.447s] -- Up-to-date symlink: /home/ubuntu/ros2ws/install/abb_robot_msgs/include/abb_robot_msgs/abb_robot_msgs/srv/detail/get_rapid_string__rosidl_typesupport_fastrtps_c.h
[2.447s] -- Up-to-date symlink: /home/ubuntu/ros2ws/install/abb_robot_msgs/include/abb_robot_msgs/abb_robot_msgs/srv/detail/get_rapid_symbol__rosidl_typesupport_fastrtps_c.h
[2.447s] -- Up-to-date symlink: /home/ubuntu/ros2ws/install/abb_robot_msgs/include/abb_robot_msgs/abb_robot_msgs/srv/detail/get_robot_controller_description__rosidl_typesupport_fastrtps_c.h
[2.447s] -- Up-to-date symlink: /home/ubuntu/ros2ws/install/abb_robot_msgs/include/abb_robot_msgs/abb_robot_msgs/srv/detail/get_speed_ratio__rosidl_typesupport_fastrtps_c.h
[2.447s] -- Up-to-date symlink: /home/ubuntu/ros2ws/install/abb_robot_msgs/include/abb_robot_msgs/abb_robot_msgs/srv/detail/set_file_contents__rosidl_typesupport_fastrtps_c.h
[2.447s] -- Up-to-date symlink: /home/ubuntu/ros2ws/install/abb_robot_msgs/include/abb_robot_msgs/abb_robot_msgs/srv/detail/set_io_signal__rosidl_typesupport_fastrtps_c.h
[2.448s] -- Up-to-date symlink: /home/ubuntu/ros2ws/install/abb_robot_msgs/include/abb_robot_msgs/abb_robot_msgs/srv/detail/set_rapid_bool__rosidl_typesupport_fastrtps_c.h
[2.448s] -- Up-to-date symlink: /home/ubuntu/ros2ws/install/abb_robot_msgs/include/abb_robot_msgs/abb_robot_msgs/srv/detail/set_rapid_dnum__rosidl_typesupport_fastrtps_c.h
[2.448s] -- Up-to-date symlink: /home/ubuntu/ros2ws/install/abb_robot_msgs/include/abb_robot_msgs/abb_robot_msgs/srv/detail/set_rapid_num__rosidl_typesupport_fastrtps_c.h
[2.448s] -- Up-to-date symlink: /home/ubuntu/ros2ws/install/abb_robot_msgs/include/abb_robot_msgs/abb_robot_msgs/srv/detail/set_rapid_string__rosidl_typesupport_fastrtps_c.h
[2.448s] -- Up-to-date symlink: /home/ubuntu/ros2ws/install/abb_robot_msgs/include/abb_robot_msgs/abb_robot_msgs/srv/detail/set_rapid_symbol__rosidl_typesupport_fastrtps_c.h
[2.448s] -- Up-to-date symlink: /home/ubuntu/ros2ws/install/abb_robot_msgs/include/abb_robot_msgs/abb_robot_msgs/srv/detail/set_speed_ratio__rosidl_typesupport_fastrtps_c.h
[2.449s] -- Up-to-date symlink: /home/ubuntu/ros2ws/install/abb_robot_msgs/include/abb_robot_msgs/abb_robot_msgs/srv/detail/trigger_with_result_code__rosidl_typesupport_fastrtps_c.h
[2.449s] -- Up-to-date symlink: /home/ubuntu/ros2ws/install/abb_robot_msgs/include/abb_robot_msgs/abb_robot_msgs/msg/detail/mechanical_unit_state__rosidl_typesupport_introspection_c.h
[2.449s] -- Up-to-date symlink: /home/ubuntu/ros2ws/install/abb_robot_msgs/include/abb_robot_msgs/abb_robot_msgs/msg/detail/rapid_symbol_path__rosidl_typesupport_introspection_c.h
[2.449s] -- Up-to-date symlink: /home/ubuntu/ros2ws/install/abb_robot_msgs/include/abb_robot_msgs/abb_robot_msgs/msg/detail/rapid_task_state__rosidl_typesupport_introspection_c.h
[2.449s] -- Up-to-date symlink: /home/ubuntu/ros2ws/install/abb_robot_msgs/include/abb_robot_msgs/abb_robot_msgs/msg/detail/service_responses__rosidl_typesupport_introspection_c.h
[2.449s] -- Up-to-date symlink: /home/ubuntu/ros2ws/install/abb_robot_msgs/include/abb_robot_msgs/abb_robot_msgs/msg/detail/system_state__rosidl_typesupport_introspection_c.h
[2.449s] -- Up-to-date symlink: /home/ubuntu/ros2ws/install/abb_robot_msgs/include/abb_robot_msgs/abb_robot_msgs/msg/rosidl_typesupport_introspection_c__visibility_control.h
[2.449s] -- Up-to-date symlink: /home/ubuntu/ros2ws/install/abb_robot_msgs/include/abb_robot_msgs/abb_robot_msgs/srv/detail/get_file_contents__rosidl_typesupport_introspection_c.h
[2.449s] -- Up-to-date symlink: /home/ubuntu/ros2ws/install/abb_robot_msgs/include/abb_robot_msgs/abb_robot_msgs/srv/detail/get_io_signal__rosidl_typesupport_introspection_c.h
[2.449s] -- Up-to-date symlink: /home/ubuntu/ros2ws/install/abb_robot_msgs/include/abb_robot_msgs/abb_robot_msgs/srv/detail/get_rapid_bool__rosidl_typesupport_introspection_c.h
[2.449s] -- Up-to-date symlink: /home/ubuntu/ros2ws/install/abb_robot_msgs/include/abb_robot_msgs/abb_robot_msgs/srv/detail/get_rapid_dnum__rosidl_typesupport_introspection_c.h
[2.450s] -- Up-to-date symlink: /home/ubuntu/ros2ws/install/abb_robot_msgs/include/abb_robot_msgs/abb_robot_msgs/srv/detail/get_rapid_num__rosidl_typesupport_introspection_c.h
[2.450s] -- Up-to-date symlink: /home/ubuntu/ros2ws/install/abb_robot_msgs/include/abb_robot_msgs/abb_robot_msgs/srv/detail/get_rapid_string__rosidl_typesupport_introspection_c.h
[2.450s] -- Up-to-date symlink: /home/ubuntu/ros2ws/install/abb_robot_msgs/include/abb_robot_msgs/abb_robot_msgs/srv/detail/get_rapid_symbol__rosidl_typesupport_introspection_c.h
[2.450s] -- Up-to-date symlink: /home/ubuntu/ros2ws/install/abb_robot_msgs/include/abb_robot_msgs/abb_robot_msgs/srv/detail/get_robot_controller_description__rosidl_typesupport_introspection_c.h
[2.450s] -- Up-to-date symlink: /home/ubuntu/ros2ws/install/abb_robot_msgs/include/abb_robot_msgs/abb_robot_msgs/srv/detail/get_speed_ratio__rosidl_typesupport_introspection_c.h
[2.450s] -- Up-to-date symlink: /home/ubuntu/ros2ws/install/abb_robot_msgs/include/abb_robot_msgs/abb_robot_msgs/srv/detail/set_file_contents__rosidl_typesupport_introspection_c.h
[2.450s] -- Up-to-date symlink: /home/ubuntu/ros2ws/install/abb_robot_msgs/include/abb_robot_msgs/abb_robot_msgs/srv/detail/set_io_signal__rosidl_typesupport_introspection_c.h
[2.451s] -- Up-to-date symlink: /home/ubuntu/ros2ws/install/abb_robot_msgs/include/abb_robot_msgs/abb_robot_msgs/srv/detail/set_rapid_bool__rosidl_typesupport_introspection_c.h
[2.451s] -- Up-to-date symlink: /home/ubuntu/ros2ws/install/abb_robot_msgs/include/abb_robot_msgs/abb_robot_msgs/srv/detail/set_rapid_dnum__rosidl_typesupport_introspection_c.h
[2.451s] -- Up-to-date symlink: /home/ubuntu/ros2ws/install/abb_robot_msgs/include/abb_robot_msgs/abb_robot_msgs/srv/detail/set_rapid_num__rosidl_typesupport_introspection_c.h
[2.451s] -- Up-to-date symlink: /home/ubuntu/ros2ws/install/abb_robot_msgs/include/abb_robot_msgs/abb_robot_msgs/srv/detail/set_rapid_string__rosidl_typesupport_introspection_c.h
[2.451s] -- Up-to-date symlink: /home/ubuntu/ros2ws/install/abb_robot_msgs/include/abb_robot_msgs/abb_robot_msgs/srv/detail/set_rapid_symbol__rosidl_typesupport_introspection_c.h
[2.452s] -- Up-to-date symlink: /home/ubuntu/ros2ws/install/abb_robot_msgs/include/abb_robot_msgs/abb_robot_msgs/srv/detail/set_speed_ratio__rosidl_typesupport_introspection_c.h
[2.452s] -- Up-to-date symlink: /home/ubuntu/ros2ws/install/abb_robot_msgs/include/abb_robot_msgs/abb_robot_msgs/srv/detail/trigger_with_result_code__rosidl_typesupport_introspection_c.h
[2.452s] -- Up-to-date symlink: /home/ubuntu/ros2ws/install/abb_robot_msgs/include/abb_robot_msgs/abb_robot_msgs/msg/detail/mechanical_unit_state__builder.hpp
[2.452s] -- Up-to-date symlink: /home/ubuntu/ros2ws/install/abb_robot_msgs/include/abb_robot_msgs/abb_robot_msgs/msg/detail/mechanical_unit_state__struct.hpp
[2.452s] -- Up-to-date symlink: /home/ubuntu/ros2ws/install/abb_robot_msgs/include/abb_robot_msgs/abb_robot_msgs/msg/detail/mechanical_unit_state__traits.hpp
[2.452s] -- Up-to-date symlink: /home/ubuntu/ros2ws/install/abb_robot_msgs/include/abb_robot_msgs/abb_robot_msgs/msg/detail/rapid_symbol_path__builder.hpp
[2.453s] -- Up-to-date symlink: /home/ubuntu/ros2ws/install/abb_robot_msgs/include/abb_robot_msgs/abb_robot_msgs/msg/detail/rapid_symbol_path__struct.hpp
[2.453s] -- Up-to-date symlink: /home/ubuntu/ros2ws/install/abb_robot_msgs/include/abb_robot_msgs/abb_robot_msgs/msg/detail/rapid_symbol_path__traits.hpp
[2.453s] -- Up-to-date symlink: /home/ubuntu/ros2ws/install/abb_robot_msgs/include/abb_robot_msgs/abb_robot_msgs/msg/detail/rapid_task_state__builder.hpp
[2.453s] -- Up-to-date symlink: /home/ubuntu/ros2ws/install/abb_robot_msgs/include/abb_robot_msgs/abb_robot_msgs/msg/detail/rapid_task_state__struct.hpp
[2.453s] -- Up-to-date symlink: /home/ubuntu/ros2ws/install/abb_robot_msgs/include/abb_robot_msgs/abb_robot_msgs/msg/detail/rapid_task_state__traits.hpp
[2.454s] -- Up-to-date symlink: /home/ubuntu/ros2ws/install/abb_robot_msgs/include/abb_robot_msgs/abb_robot_msgs/msg/detail/service_responses__builder.hpp
[2.454s] -- Up-to-date symlink: /home/ubuntu/ros2ws/install/abb_robot_msgs/include/abb_robot_msgs/abb_robot_msgs/msg/detail/service_responses__struct.hpp
[2.454s] -- Up-to-date symlink: /home/ubuntu/ros2ws/install/abb_robot_msgs/include/abb_robot_msgs/abb_robot_msgs/msg/detail/service_responses__traits.hpp
[2.454s] -- Up-to-date symlink: /home/ubuntu/ros2ws/install/abb_robot_msgs/include/abb_robot_msgs/abb_robot_msgs/msg/detail/system_state__builder.hpp
[2.454s] -- Up-to-date symlink: /home/ubuntu/ros2ws/install/abb_robot_msgs/include/abb_robot_msgs/abb_robot_msgs/msg/detail/system_state__struct.hpp
[2.456s] -- Up-to-date symlink: /home/ubuntu/ros2ws/install/abb_robot_msgs/include/abb_robot_msgs/abb_robot_msgs/msg/detail/system_state__traits.hpp
[2.456s] -- Up-to-date symlink: /home/ubuntu/ros2ws/install/abb_robot_msgs/include/abb_robot_msgs/abb_robot_msgs/msg/mechanical_unit_state.hpp
[2.457s] -- Up-to-date symlink: /home/ubuntu/ros2ws/install/abb_robot_msgs/include/abb_robot_msgs/abb_robot_msgs/msg/rapid_symbol_path.hpp
[2.457s] -- Up-to-date symlink: /home/ubuntu/ros2ws/install/abb_robot_msgs/include/abb_robot_msgs/abb_robot_msgs/msg/rapid_task_state.hpp
[2.457s] -- Up-to-date symlink: /home/ubuntu/ros2ws/install/abb_robot_msgs/include/abb_robot_msgs/abb_robot_msgs/msg/service_responses.hpp
[2.457s] -- Up-to-date symlink: /home/ubuntu/ros2ws/install/abb_robot_msgs/include/abb_robot_msgs/abb_robot_msgs/msg/system_state.hpp
[2.457s] -- Up-to-date symlink: /home/ubuntu/ros2ws/install/abb_robot_msgs/include/abb_robot_msgs/abb_robot_msgs/srv/detail/get_file_contents__builder.hpp
[2.457s] -- Up-to-date symlink: /home/ubuntu/ros2ws/install/abb_robot_msgs/include/abb_robot_msgs/abb_robot_msgs/srv/detail/get_file_contents__struct.hpp
[2.457s] -- Up-to-date symlink: /home/ubuntu/ros2ws/install/abb_robot_msgs/include/abb_robot_msgs/abb_robot_msgs/srv/detail/get_file_contents__traits.hpp
[2.457s] -- Up-to-date symlink: /home/ubuntu/ros2ws/install/abb_robot_msgs/include/abb_robot_msgs/abb_robot_msgs/srv/detail/get_io_signal__builder.hpp
[2.457s] -- Up-to-date symlink: /home/ubuntu/ros2ws/install/abb_robot_msgs/include/abb_robot_msgs/abb_robot_msgs/srv/detail/get_io_signal__struct.hpp
[2.457s] -- Up-to-date symlink: /home/ubuntu/ros2ws/install/abb_robot_msgs/include/abb_robot_msgs/abb_robot_msgs/srv/detail/get_io_signal__traits.hpp
[2.457s] -- Up-to-date symlink: /home/ubuntu/ros2ws/install/abb_robot_msgs/include/abb_robot_msgs/abb_robot_msgs/srv/detail/get_rapid_bool__builder.hpp
[2.457s] -- Up-to-date symlink: /home/ubuntu/ros2ws/install/abb_robot_msgs/include/abb_robot_msgs/abb_robot_msgs/srv/detail/get_rapid_bool__struct.hpp
[2.457s] -- Up-to-date symlink: /home/ubuntu/ros2ws/install/abb_robot_msgs/include/abb_robot_msgs/abb_robot_msgs/srv/detail/get_rapid_bool__traits.hpp
[2.457s] -- Up-to-date symlink: /home/ubuntu/ros2ws/install/abb_robot_msgs/include/abb_robot_msgs/abb_robot_msgs/srv/detail/get_rapid_dnum__builder.hpp
[2.457s] -- Up-to-date symlink: /home/ubuntu/ros2ws/install/abb_robot_msgs/include/abb_robot_msgs/abb_robot_msgs/srv/detail/get_rapid_dnum__struct.hpp
[2.458s] -- Up-to-date symlink: /home/ubuntu/ros2ws/install/abb_robot_msgs/include/abb_robot_msgs/abb_robot_msgs/srv/detail/get_rapid_dnum__traits.hpp
[2.458s] -- Up-to-date symlink: /home/ubuntu/ros2ws/install/abb_robot_msgs/include/abb_robot_msgs/abb_robot_msgs/srv/detail/get_rapid_num__builder.hpp
[2.458s] -- Up-to-date symlink: /home/ubuntu/ros2ws/install/abb_robot_msgs/include/abb_robot_msgs/abb_robot_msgs/srv/detail/get_rapid_num__struct.hpp
[2.458s] -- Up-to-date symlink: /home/ubuntu/ros2ws/install/abb_robot_msgs/include/abb_robot_msgs/abb_robot_msgs/srv/detail/get_rapid_num__traits.hpp
[2.458s] -- Up-to-date symlink: /home/ubuntu/ros2ws/install/abb_robot_msgs/include/abb_robot_msgs/abb_robot_msgs/srv/detail/get_rapid_string__builder.hpp
[2.458s] -- Up-to-date symlink: /home/ubuntu/ros2ws/install/abb_robot_msgs/include/abb_robot_msgs/abb_robot_msgs/srv/detail/get_rapid_string__struct.hpp
[2.459s] -- Up-to-date symlink: /home/ubuntu/ros2ws/install/abb_robot_msgs/include/abb_robot_msgs/abb_robot_msgs/srv/detail/get_rapid_string__traits.hpp
[2.459s] -- Up-to-date symlink: /home/ubuntu/ros2ws/install/abb_robot_msgs/include/abb_robot_msgs/abb_robot_msgs/srv/detail/get_rapid_symbol__builder.hpp
[2.459s] -- Up-to-date symlink: /home/ubuntu/ros2ws/install/abb_robot_msgs/include/abb_robot_msgs/abb_robot_msgs/srv/detail/get_rapid_symbol__struct.hpp
[2.459s] -- Up-to-date symlink: /home/ubuntu/ros2ws/install/abb_robot_msgs/include/abb_robot_msgs/abb_robot_msgs/srv/detail/get_rapid_symbol__traits.hpp
[2.459s] -- Up-to-date symlink: /home/ubuntu/ros2ws/install/abb_robot_msgs/include/abb_robot_msgs/abb_robot_msgs/srv/detail/get_robot_controller_description__builder.hpp
[2.459s] -- Up-to-date symlink: /home/ubuntu/ros2ws/install/abb_robot_msgs/include/abb_robot_msgs/abb_robot_msgs/srv/detail/get_robot_controller_description__struct.hpp
[2.459s] -- Up-to-date symlink: /home/ubuntu/ros2ws/install/abb_robot_msgs/include/abb_robot_msgs/abb_robot_msgs/srv/detail/get_robot_controller_description__traits.hpp
[2.459s] -- Up-to-date symlink: /home/ubuntu/ros2ws/install/abb_robot_msgs/include/abb_robot_msgs/abb_robot_msgs/srv/detail/get_speed_ratio__builder.hpp
[2.459s] -- Up-to-date symlink: /home/ubuntu/ros2ws/install/abb_robot_msgs/include/abb_robot_msgs/abb_robot_msgs/srv/detail/get_speed_ratio__struct.hpp
[2.459s] -- Up-to-date symlink: /home/ubuntu/ros2ws/install/abb_robot_msgs/include/abb_robot_msgs/abb_robot_msgs/srv/detail/get_speed_ratio__traits.hpp
[2.459s] -- Up-to-date symlink: /home/ubuntu/ros2ws/install/abb_robot_msgs/include/abb_robot_msgs/abb_robot_msgs/srv/detail/set_file_contents__builder.hpp
[2.459s] -- Up-to-date symlink: /home/ubuntu/ros2ws/install/abb_robot_msgs/include/abb_robot_msgs/abb_robot_msgs/srv/detail/set_file_contents__struct.hpp
[2.459s] -- Up-to-date symlink: /home/ubuntu/ros2ws/install/abb_robot_msgs/include/abb_robot_msgs/abb_robot_msgs/srv/detail/set_file_contents__traits.hpp
[2.459s] -- Up-to-date symlink: /home/ubuntu/ros2ws/install/abb_robot_msgs/include/abb_robot_msgs/abb_robot_msgs/srv/detail/set_io_signal__builder.hpp
[2.460s] -- Up-to-date symlink: /home/ubuntu/ros2ws/install/abb_robot_msgs/include/abb_robot_msgs/abb_robot_msgs/srv/detail/set_io_signal__struct.hpp
[2.460s] -- Up-to-date symlink: /home/ubuntu/ros2ws/install/abb_robot_msgs/include/abb_robot_msgs/abb_robot_msgs/srv/detail/set_io_signal__traits.hpp
[2.460s] -- Up-to-date symlink: /home/ubuntu/ros2ws/install/abb_robot_msgs/include/abb_robot_msgs/abb_robot_msgs/srv/detail/set_rapid_bool__builder.hpp
[2.460s] -- Up-to-date symlink: /home/ubuntu/ros2ws/install/abb_robot_msgs/include/abb_robot_msgs/abb_robot_msgs/srv/detail/set_rapid_bool__struct.hpp
[2.460s] -- Up-to-date symlink: /home/ubuntu/ros2ws/install/abb_robot_msgs/include/abb_robot_msgs/abb_robot_msgs/srv/detail/set_rapid_bool__traits.hpp
[2.460s] -- Up-to-date symlink: /home/ubuntu/ros2ws/install/abb_robot_msgs/include/abb_robot_msgs/abb_robot_msgs/srv/detail/set_rapid_dnum__builder.hpp
[2.460s] -- Up-to-date symlink: /home/ubuntu/ros2ws/install/abb_robot_msgs/include/abb_robot_msgs/abb_robot_msgs/srv/detail/set_rapid_dnum__struct.hpp
[2.460s] -- Up-to-date symlink: /home/ubuntu/ros2ws/install/abb_robot_msgs/include/abb_robot_msgs/abb_robot_msgs/srv/detail/set_rapid_dnum__traits.hpp
[2.460s] -- Up-to-date symlink: /home/ubuntu/ros2ws/install/abb_robot_msgs/include/abb_robot_msgs/abb_robot_msgs/srv/detail/set_rapid_num__builder.hpp
[2.460s] -- Up-to-date symlink: /home/ubuntu/ros2ws/install/abb_robot_msgs/include/abb_robot_msgs/abb_robot_msgs/srv/detail/set_rapid_num__struct.hpp
[2.460s] -- Up-to-date symlink: /home/ubuntu/ros2ws/install/abb_robot_msgs/include/abb_robot_msgs/abb_robot_msgs/srv/detail/set_rapid_num__traits.hpp
[2.460s] -- Up-to-date symlink: /home/ubuntu/ros2ws/install/abb_robot_msgs/include/abb_robot_msgs/abb_robot_msgs/srv/detail/set_rapid_string__builder.hpp
[2.460s] -- Up-to-date symlink: /home/ubuntu/ros2ws/install/abb_robot_msgs/include/abb_robot_msgs/abb_robot_msgs/srv/detail/set_rapid_string__struct.hpp
[2.460s] -- Up-to-date symlink: /home/ubuntu/ros2ws/install/abb_robot_msgs/include/abb_robot_msgs/abb_robot_msgs/srv/detail/set_rapid_string__traits.hpp
[2.460s] -- Up-to-date symlink: /home/ubuntu/ros2ws/install/abb_robot_msgs/include/abb_robot_msgs/abb_robot_msgs/srv/detail/set_rapid_symbol__builder.hpp
[2.460s] -- Up-to-date symlink: /home/ubuntu/ros2ws/install/abb_robot_msgs/include/abb_robot_msgs/abb_robot_msgs/srv/detail/set_rapid_symbol__struct.hpp
[2.460s] -- Up-to-date symlink: /home/ubuntu/ros2ws/install/abb_robot_msgs/include/abb_robot_msgs/abb_robot_msgs/srv/detail/set_rapid_symbol__traits.hpp
[2.460s] -- Up-to-date symlink: /home/ubuntu/ros2ws/install/abb_robot_msgs/include/abb_robot_msgs/abb_robot_msgs/srv/detail/set_speed_ratio__builder.hpp
[2.461s] -- Up-to-date symlink: /home/ubuntu/ros2ws/install/abb_robot_msgs/include/abb_robot_msgs/abb_robot_msgs/srv/detail/set_speed_ratio__struct.hpp
[2.461s] -- Up-to-date symlink: /home/ubuntu/ros2ws/install/abb_robot_msgs/include/abb_robot_msgs/abb_robot_msgs/srv/detail/set_speed_ratio__traits.hpp
[2.461s] -- Up-to-date symlink: /home/ubuntu/ros2ws/install/abb_robot_msgs/include/abb_robot_msgs/abb_robot_msgs/srv/detail/trigger_with_result_code__builder.hpp
[2.461s] -- Up-to-date symlink: /home/ubuntu/ros2ws/install/abb_robot_msgs/include/abb_robot_msgs/abb_robot_msgs/srv/detail/trigger_with_result_code__struct.hpp
[2.461s] -- Up-to-date symlink: /home/ubuntu/ros2ws/install/abb_robot_msgs/include/abb_robot_msgs/abb_robot_msgs/srv/detail/trigger_with_result_code__traits.hpp
[2.461s] -- Up-to-date symlink: /home/ubuntu/ros2ws/install/abb_robot_msgs/include/abb_robot_msgs/abb_robot_msgs/srv/get_file_contents.hpp
[2.461s] -- Up-to-date symlink: /home/ubuntu/ros2ws/install/abb_robot_msgs/include/abb_robot_msgs/abb_robot_msgs/srv/get_io_signal.hpp
[2.461s] -- Up-to-date symlink: /home/ubuntu/ros2ws/install/abb_robot_msgs/include/abb_robot_msgs/abb_robot_msgs/srv/get_rapid_bool.hpp
[2.462s] -- Up-to-date symlink: /home/ubuntu/ros2ws/install/abb_robot_msgs/include/abb_robot_msgs/abb_robot_msgs/srv/get_rapid_dnum.hpp
[2.462s] -- Up-to-date symlink: /home/ubuntu/ros2ws/install/abb_robot_msgs/include/abb_robot_msgs/abb_robot_msgs/srv/get_rapid_num.hpp
[2.462s] -- Up-to-date symlink: /home/ubuntu/ros2ws/install/abb_robot_msgs/include/abb_robot_msgs/abb_robot_msgs/srv/get_rapid_string.hpp
[2.462s] -- Up-to-date symlink: /home/ubuntu/ros2ws/install/abb_robot_msgs/include/abb_robot_msgs/abb_robot_msgs/srv/get_rapid_symbol.hpp
[2.462s] -- Up-to-date symlink: /home/ubuntu/ros2ws/install/abb_robot_msgs/include/abb_robot_msgs/abb_robot_msgs/srv/get_robot_controller_description.hpp
[2.462s] -- Up-to-date symlink: /home/ubuntu/ros2ws/install/abb_robot_msgs/include/abb_robot_msgs/abb_robot_msgs/srv/get_speed_ratio.hpp
[2.462s] -- Up-to-date symlink: /home/ubuntu/ros2ws/install/abb_robot_msgs/include/abb_robot_msgs/abb_robot_msgs/srv/set_file_contents.hpp
[2.462s] -- Up-to-date symlink: /home/ubuntu/ros2ws/install/abb_robot_msgs/include/abb_robot_msgs/abb_robot_msgs/srv/set_io_signal.hpp
[2.462s] -- Up-to-date symlink: /home/ubuntu/ros2ws/install/abb_robot_msgs/include/abb_robot_msgs/abb_robot_msgs/srv/set_rapid_bool.hpp
[2.462s] -- Up-to-date symlink: /home/ubuntu/ros2ws/install/abb_robot_msgs/include/abb_robot_msgs/abb_robot_msgs/srv/set_rapid_dnum.hpp
[2.462s] -- Up-to-date symlink: /home/ubuntu/ros2ws/install/abb_robot_msgs/include/abb_robot_msgs/abb_robot_msgs/srv/set_rapid_num.hpp
[2.463s] -- Up-to-date symlink: /home/ubuntu/ros2ws/install/abb_robot_msgs/include/abb_robot_msgs/abb_robot_msgs/srv/set_rapid_string.hpp
[2.463s] -- Up-to-date symlink: /home/ubuntu/ros2ws/install/abb_robot_msgs/include/abb_robot_msgs/abb_robot_msgs/srv/set_rapid_symbol.hpp
[2.463s] -- Up-to-date symlink: /home/ubuntu/ros2ws/install/abb_robot_msgs/include/abb_robot_msgs/abb_robot_msgs/srv/set_speed_ratio.hpp
[2.463s] -- Up-to-date symlink: /home/ubuntu/ros2ws/install/abb_robot_msgs/include/abb_robot_msgs/abb_robot_msgs/srv/trigger_with_result_code.hpp
[2.463s] -- Up-to-date symlink: /home/ubuntu/ros2ws/install/abb_robot_msgs/include/abb_robot_msgs/abb_robot_msgs/msg/detail/mechanical_unit_state__rosidl_typesupport_fastrtps_cpp.hpp
[2.463s] -- Up-to-date symlink: /home/ubuntu/ros2ws/install/abb_robot_msgs/include/abb_robot_msgs/abb_robot_msgs/msg/detail/rapid_symbol_path__rosidl_typesupport_fastrtps_cpp.hpp
[2.463s] -- Up-to-date symlink: /home/ubuntu/ros2ws/install/abb_robot_msgs/include/abb_robot_msgs/abb_robot_msgs/msg/detail/rapid_task_state__rosidl_typesupport_fastrtps_cpp.hpp
[2.463s] -- Up-to-date symlink: /home/ubuntu/ros2ws/install/abb_robot_msgs/include/abb_robot_msgs/abb_robot_msgs/msg/detail/service_responses__rosidl_typesupport_fastrtps_cpp.hpp
[2.463s] -- Up-to-date symlink: /home/ubuntu/ros2ws/install/abb_robot_msgs/include/abb_robot_msgs/abb_robot_msgs/msg/detail/system_state__rosidl_typesupport_fastrtps_cpp.hpp
[2.464s] -- Up-to-date symlink: /home/ubuntu/ros2ws/install/abb_robot_msgs/include/abb_robot_msgs/abb_robot_msgs/msg/rosidl_typesupport_fastrtps_cpp__visibility_control.h
[2.464s] -- Up-to-date symlink: /home/ubuntu/ros2ws/install/abb_robot_msgs/include/abb_robot_msgs/abb_robot_msgs/srv/detail/get_file_contents__rosidl_typesupport_fastrtps_cpp.hpp
[2.464s] -- Up-to-date symlink: /home/ubuntu/ros2ws/install/abb_robot_msgs/include/abb_robot_msgs/abb_robot_msgs/srv/detail/get_io_signal__rosidl_typesupport_fastrtps_cpp.hpp
[2.464s] -- Up-to-date symlink: /home/ubuntu/ros2ws/install/abb_robot_msgs/include/abb_robot_msgs/abb_robot_msgs/srv/detail/get_rapid_bool__rosidl_typesupport_fastrtps_cpp.hpp
[2.464s] -- Up-to-date symlink: /home/ubuntu/ros2ws/install/abb_robot_msgs/include/abb_robot_msgs/abb_robot_msgs/srv/detail/get_rapid_dnum__rosidl_typesupport_fastrtps_cpp.hpp
[2.464s] -- Up-to-date symlink: /home/ubuntu/ros2ws/install/abb_robot_msgs/include/abb_robot_msgs/abb_robot_msgs/srv/detail/get_rapid_num__rosidl_typesupport_fastrtps_cpp.hpp
[2.465s] -- Up-to-date symlink: /home/ubuntu/ros2ws/install/abb_robot_msgs/include/abb_robot_msgs/abb_robot_msgs/srv/detail/get_rapid_string__rosidl_typesupport_fastrtps_cpp.hpp
[2.465s] -- Up-to-date symlink: /home/ubuntu/ros2ws/install/abb_robot_msgs/include/abb_robot_msgs/abb_robot_msgs/srv/detail/get_rapid_symbol__rosidl_typesupport_fastrtps_cpp.hpp
[2.465s] -- Up-to-date symlink: /home/ubuntu/ros2ws/install/abb_robot_msgs/include/abb_robot_msgs/abb_robot_msgs/srv/detail/get_robot_controller_description__rosidl_typesupport_fastrtps_cpp.hpp
[2.465s] -- Up-to-date symlink: /home/ubuntu/ros2ws/install/abb_robot_msgs/include/abb_robot_msgs/abb_robot_msgs/srv/detail/get_speed_ratio__rosidl_typesupport_fastrtps_cpp.hpp
[2.465s] -- Up-to-date symlink: /home/ubuntu/ros2ws/install/abb_robot_msgs/include/abb_robot_msgs/abb_robot_msgs/srv/detail/set_file_contents__rosidl_typesupport_fastrtps_cpp.hpp
[2.465s] -- Up-to-date symlink: /home/ubuntu/ros2ws/install/abb_robot_msgs/include/abb_robot_msgs/abb_robot_msgs/srv/detail/set_io_signal__rosidl_typesupport_fastrtps_cpp.hpp
[2.465s] -- Up-to-date symlink: /home/ubuntu/ros2ws/install/abb_robot_msgs/include/abb_robot_msgs/abb_robot_msgs/srv/detail/set_rapid_bool__rosidl_typesupport_fastrtps_cpp.hpp
[2.465s] -- Up-to-date symlink: /home/ubuntu/ros2ws/install/abb_robot_msgs/include/abb_robot_msgs/abb_robot_msgs/srv/detail/set_rapid_dnum__rosidl_typesupport_fastrtps_cpp.hpp
[2.466s] -- Up-to-date symlink: /home/ubuntu/ros2ws/install/abb_robot_msgs/include/abb_robot_msgs/abb_robot_msgs/srv/detail/set_rapid_num__rosidl_typesupport_fastrtps_cpp.hpp
[2.466s] -- Up-to-date symlink: /home/ubuntu/ros2ws/install/abb_robot_msgs/include/abb_robot_msgs/abb_robot_msgs/srv/detail/set_rapid_string__rosidl_typesupport_fastrtps_cpp.hpp
[2.466s] -- Up-to-date symlink: /home/ubuntu/ros2ws/install/abb_robot_msgs/include/abb_robot_msgs/abb_robot_msgs/srv/detail/set_rapid_symbol__rosidl_typesupport_fastrtps_cpp.hpp
[2.466s] -- Up-to-date symlink: /home/ubuntu/ros2ws/install/abb_robot_msgs/include/abb_robot_msgs/abb_robot_msgs/srv/detail/set_speed_ratio__rosidl_typesupport_fastrtps_cpp.hpp
[2.466s] -- Up-to-date symlink: /home/ubuntu/ros2ws/install/abb_robot_msgs/include/abb_robot_msgs/abb_robot_msgs/srv/detail/trigger_with_result_code__rosidl_typesupport_fastrtps_cpp.hpp
[2.467s] -- Up-to-date symlink: /home/ubuntu/ros2ws/install/abb_robot_msgs/include/abb_robot_msgs/abb_robot_msgs/msg/detail/mechanical_unit_state__rosidl_typesupport_introspection_cpp.hpp
[2.467s] -- Up-to-date symlink: /home/ubuntu/ros2ws/install/abb_robot_msgs/include/abb_robot_msgs/abb_robot_msgs/msg/detail/rapid_symbol_path__rosidl_typesupport_introspection_cpp.hpp
[2.468s] -- Up-to-date symlink: /home/ubuntu/ros2ws/install/abb_robot_msgs/include/abb_robot_msgs/abb_robot_msgs/msg/detail/rapid_task_state__rosidl_typesupport_introspection_cpp.hpp
[2.468s] -- Up-to-date symlink: /home/ubuntu/ros2ws/install/abb_robot_msgs/include/abb_robot_msgs/abb_robot_msgs/msg/detail/service_responses__rosidl_typesupport_introspection_cpp.hpp
[2.468s] -- Up-to-date symlink: /home/ubuntu/ros2ws/install/abb_robot_msgs/include/abb_robot_msgs/abb_robot_msgs/msg/detail/system_state__rosidl_typesupport_introspection_cpp.hpp
[2.468s] -- Up-to-date symlink: /home/ubuntu/ros2ws/install/abb_robot_msgs/include/abb_robot_msgs/abb_robot_msgs/srv/detail/get_file_contents__rosidl_typesupport_introspection_cpp.hpp
[2.468s] -- Up-to-date symlink: /home/ubuntu/ros2ws/install/abb_robot_msgs/include/abb_robot_msgs/abb_robot_msgs/srv/detail/get_io_signal__rosidl_typesupport_introspection_cpp.hpp
[2.468s] -- Up-to-date symlink: /home/ubuntu/ros2ws/install/abb_robot_msgs/include/abb_robot_msgs/abb_robot_msgs/srv/detail/get_rapid_bool__rosidl_typesupport_introspection_cpp.hpp
[2.468s] -- Up-to-date symlink: /home/ubuntu/ros2ws/install/abb_robot_msgs/include/abb_robot_msgs/abb_robot_msgs/srv/detail/get_rapid_dnum__rosidl_typesupport_introspection_cpp.hpp
[2.468s] -- Up-to-date symlink: /home/ubuntu/ros2ws/install/abb_robot_msgs/include/abb_robot_msgs/abb_robot_msgs/srv/detail/get_rapid_num__rosidl_typesupport_introspection_cpp.hpp
[2.468s] -- Up-to-date symlink: /home/ubuntu/ros2ws/install/abb_robot_msgs/include/abb_robot_msgs/abb_robot_msgs/srv/detail/get_rapid_string__rosidl_typesupport_introspection_cpp.hpp
[2.468s] -- Up-to-date symlink: /home/ubuntu/ros2ws/install/abb_robot_msgs/include/abb_robot_msgs/abb_robot_msgs/srv/detail/get_rapid_symbol__rosidl_typesupport_introspection_cpp.hpp
[2.468s] -- Up-to-date symlink: /home/ubuntu/ros2ws/install/abb_robot_msgs/include/abb_robot_msgs/abb_robot_msgs/srv/detail/get_robot_controller_description__rosidl_typesupport_introspection_cpp.hpp
[2.468s] -- Up-to-date symlink: /home/ubuntu/ros2ws/install/abb_robot_msgs/include/abb_robot_msgs/abb_robot_msgs/srv/detail/get_speed_ratio__rosidl_typesupport_introspection_cpp.hpp
[2.468s] -- Up-to-date symlink: /home/ubuntu/ros2ws/install/abb_robot_msgs/include/abb_robot_msgs/abb_robot_msgs/srv/detail/set_file_contents__rosidl_typesupport_introspection_cpp.hpp
[2.469s] -- Up-to-date symlink: /home/ubuntu/ros2ws/install/abb_robot_msgs/include/abb_robot_msgs/abb_robot_msgs/srv/detail/set_io_signal__rosidl_typesupport_introspection_cpp.hpp
[2.469s] -- Up-to-date symlink: /home/ubuntu/ros2ws/install/abb_robot_msgs/include/abb_robot_msgs/abb_robot_msgs/srv/detail/set_rapid_bool__rosidl_typesupport_introspection_cpp.hpp
[2.469s] -- Up-to-date symlink: /home/ubuntu/ros2ws/install/abb_robot_msgs/include/abb_robot_msgs/abb_robot_msgs/srv/detail/set_rapid_dnum__rosidl_typesupport_introspection_cpp.hpp
[2.469s] -- Up-to-date symlink: /home/ubuntu/ros2ws/install/abb_robot_msgs/include/abb_robot_msgs/abb_robot_msgs/srv/detail/set_rapid_num__rosidl_typesupport_introspection_cpp.hpp
[2.469s] -- Up-to-date symlink: /home/ubuntu/ros2ws/install/abb_robot_msgs/include/abb_robot_msgs/abb_robot_msgs/srv/detail/set_rapid_string__rosidl_typesupport_introspection_cpp.hpp
[2.469s] -- Up-to-date symlink: /home/ubuntu/ros2ws/install/abb_robot_msgs/include/abb_robot_msgs/abb_robot_msgs/srv/detail/set_rapid_symbol__rosidl_typesupport_introspection_cpp.hpp
[2.469s] -- Up-to-date symlink: /home/ubuntu/ros2ws/install/abb_robot_msgs/include/abb_robot_msgs/abb_robot_msgs/srv/detail/set_speed_ratio__rosidl_typesupport_introspection_cpp.hpp
[2.469s] -- Up-to-date symlink: /home/ubuntu/ros2ws/install/abb_robot_msgs/include/abb_robot_msgs/abb_robot_msgs/srv/detail/trigger_with_result_code__rosidl_typesupport_introspection_cpp.hpp
[2.469s] -- Up-to-date symlink: /home/ubuntu/ros2ws/install/abb_robot_msgs/share/abb_robot_msgs/environment/pythonpath.sh
[2.469s] -- Up-to-date symlink: /home/ubuntu/ros2ws/install/abb_robot_msgs/share/abb_robot_msgs/environment/pythonpath.dsv
[2.469s] -- Up-to-date symlink: /home/ubuntu/ros2ws/install/abb_robot_msgs/local/lib/python3.10/dist-packages/abb_robot_msgs-1.0.0-py3.10.egg-info/PKG-INFO
[2.469s] -- Up-to-date symlink: /home/ubuntu/ros2ws/install/abb_robot_msgs/local/lib/python3.10/dist-packages/abb_robot_msgs-1.0.0-py3.10.egg-info/SOURCES.txt
[2.469s] -- Up-to-date symlink: /home/ubuntu/ros2ws/install/abb_robot_msgs/local/lib/python3.10/dist-packages/abb_robot_msgs-1.0.0-py3.10.egg-info/dependency_links.txt
[2.469s] -- Up-to-date symlink: /home/ubuntu/ros2ws/install/abb_robot_msgs/local/lib/python3.10/dist-packages/abb_robot_msgs-1.0.0-py3.10.egg-info/top_level.txt
[2.469s] -- Up-to-date symlink: /home/ubuntu/ros2ws/install/abb_robot_msgs/local/lib/python3.10/dist-packages/abb_robot_msgs/__init__.py
[2.470s] -- Up-to-date symlink: /home/ubuntu/ros2ws/install/abb_robot_msgs/local/lib/python3.10/dist-packages/abb_robot_msgs/_abb_robot_msgs_s.ep.rosidl_typesupport_c.c
[2.470s] -- Up-to-date symlink: /home/ubuntu/ros2ws/install/abb_robot_msgs/local/lib/python3.10/dist-packages/abb_robot_msgs/_abb_robot_msgs_s.ep.rosidl_typesupport_fastrtps_c.c
[2.470s] -- Up-to-date symlink: /home/ubuntu/ros2ws/install/abb_robot_msgs/local/lib/python3.10/dist-packages/abb_robot_msgs/_abb_robot_msgs_s.ep.rosidl_typesupport_introspection_c.c
[2.470s] -- Up-to-date symlink: /home/ubuntu/ros2ws/install/abb_robot_msgs/local/lib/python3.10/dist-packages/abb_robot_msgs/abb_robot_msgs_s__rosidl_typesupport_c.cpython-310-x86_64-linux-gnu.so
[2.470s] -- Up-to-date symlink: /home/ubuntu/ros2ws/install/abb_robot_msgs/local/lib/python3.10/dist-packages/abb_robot_msgs/abb_robot_msgs_s__rosidl_typesupport_fastrtps_c.cpython-310-x86_64-linux-gnu.so
[2.470s] -- Up-to-date symlink: /home/ubuntu/ros2ws/install/abb_robot_msgs/local/lib/python3.10/dist-packages/abb_robot_msgs/abb_robot_msgs_s__rosidl_typesupport_introspection_c.cpython-310-x86_64-linux-gnu.so
[2.470s] -- Up-to-date symlink: /home/ubuntu/ros2ws/install/abb_robot_msgs/local/lib/python3.10/dist-packages/abb_robot_msgs/libabb_robot_msgs__rosidl_generator_py.so
[2.471s] -- Up-to-date symlink: /home/ubuntu/ros2ws/install/abb_robot_msgs/local/lib/python3.10/dist-packages/abb_robot_msgs/msg/__init__.py
[2.471s] -- Up-to-date symlink: /home/ubuntu/ros2ws/install/abb_robot_msgs/local/lib/python3.10/dist-packages/abb_robot_msgs/msg/_mechanical_unit_state.py
[2.471s] -- Up-to-date symlink: /home/ubuntu/ros2ws/install/abb_robot_msgs/local/lib/python3.10/dist-packages/abb_robot_msgs/msg/_mechanical_unit_state_s.c
[2.471s] -- Up-to-date symlink: /home/ubuntu/ros2ws/install/abb_robot_msgs/local/lib/python3.10/dist-packages/abb_robot_msgs/msg/_rapid_symbol_path.py
[2.471s] -- Up-to-date symlink: /home/ubuntu/ros2ws/install/abb_robot_msgs/local/lib/python3.10/dist-packages/abb_robot_msgs/msg/_rapid_symbol_path_s.c
[2.471s] -- Up-to-date symlink: /home/ubuntu/ros2ws/install/abb_robot_msgs/local/lib/python3.10/dist-packages/abb_robot_msgs/msg/_rapid_task_state.py
[2.472s] -- Up-to-date symlink: /home/ubuntu/ros2ws/install/abb_robot_msgs/local/lib/python3.10/dist-packages/abb_robot_msgs/msg/_rapid_task_state_s.c
[2.472s] -- Up-to-date symlink: /home/ubuntu/ros2ws/install/abb_robot_msgs/local/lib/python3.10/dist-packages/abb_robot_msgs/msg/_service_responses.py
[2.472s] -- Up-to-date symlink: /home/ubuntu/ros2ws/install/abb_robot_msgs/local/lib/python3.10/dist-packages/abb_robot_msgs/msg/_service_responses_s.c
[2.472s] -- Up-to-date symlink: /home/ubuntu/ros2ws/install/abb_robot_msgs/local/lib/python3.10/dist-packages/abb_robot_msgs/msg/_system_state.py
[2.473s] -- Up-to-date symlink: /home/ubuntu/ros2ws/install/abb_robot_msgs/local/lib/python3.10/dist-packages/abb_robot_msgs/msg/_system_state_s.c
[2.473s] -- Up-to-date symlink: /home/ubuntu/ros2ws/install/abb_robot_msgs/local/lib/python3.10/dist-packages/abb_robot_msgs/srv/__init__.py
[2.473s] -- Up-to-date symlink: /home/ubuntu/ros2ws/install/abb_robot_msgs/local/lib/python3.10/dist-packages/abb_robot_msgs/srv/_get_file_contents.py
[2.473s] -- Up-to-date symlink: /home/ubuntu/ros2ws/install/abb_robot_msgs/local/lib/python3.10/dist-packages/abb_robot_msgs/srv/_get_file_contents_s.c
[2.473s] -- Up-to-date symlink: /home/ubuntu/ros2ws/install/abb_robot_msgs/local/lib/python3.10/dist-packages/abb_robot_msgs/srv/_get_io_signal.py
[2.473s] -- Up-to-date symlink: /home/ubuntu/ros2ws/install/abb_robot_msgs/local/lib/python3.10/dist-packages/abb_robot_msgs/srv/_get_io_signal_s.c
[2.473s] -- Up-to-date symlink: /home/ubuntu/ros2ws/install/abb_robot_msgs/local/lib/python3.10/dist-packages/abb_robot_msgs/srv/_get_rapid_bool.py
[2.474s] -- Up-to-date symlink: /home/ubuntu/ros2ws/install/abb_robot_msgs/local/lib/python3.10/dist-packages/abb_robot_msgs/srv/_get_rapid_bool_s.c
[2.474s] -- Up-to-date symlink: /home/ubuntu/ros2ws/install/abb_robot_msgs/local/lib/python3.10/dist-packages/abb_robot_msgs/srv/_get_rapid_dnum.py
[2.474s] -- Up-to-date symlink: /home/ubuntu/ros2ws/install/abb_robot_msgs/local/lib/python3.10/dist-packages/abb_robot_msgs/srv/_get_rapid_dnum_s.c
[2.474s] -- Up-to-date symlink: /home/ubuntu/ros2ws/install/abb_robot_msgs/local/lib/python3.10/dist-packages/abb_robot_msgs/srv/_get_rapid_num.py
[2.476s] -- Up-to-date symlink: /home/ubuntu/ros2ws/install/abb_robot_msgs/local/lib/python3.10/dist-packages/abb_robot_msgs/srv/_get_rapid_num_s.c
[2.476s] -- Up-to-date symlink: /home/ubuntu/ros2ws/install/abb_robot_msgs/local/lib/python3.10/dist-packages/abb_robot_msgs/srv/_get_rapid_string.py
[2.476s] -- Up-to-date symlink: /home/ubuntu/ros2ws/install/abb_robot_msgs/local/lib/python3.10/dist-packages/abb_robot_msgs/srv/_get_rapid_string_s.c
[2.476s] -- Up-to-date symlink: /home/ubuntu/ros2ws/install/abb_robot_msgs/local/lib/python3.10/dist-packages/abb_robot_msgs/srv/_get_rapid_symbol.py
[2.476s] -- Up-to-date symlink: /home/ubuntu/ros2ws/install/abb_robot_msgs/local/lib/python3.10/dist-packages/abb_robot_msgs/srv/_get_rapid_symbol_s.c
[2.476s] -- Up-to-date symlink: /home/ubuntu/ros2ws/install/abb_robot_msgs/local/lib/python3.10/dist-packages/abb_robot_msgs/srv/_get_robot_controller_description.py
[2.477s] -- Up-to-date symlink: /home/ubuntu/ros2ws/install/abb_robot_msgs/local/lib/python3.10/dist-packages/abb_robot_msgs/srv/_get_robot_controller_description_s.c
[2.477s] -- Up-to-date symlink: /home/ubuntu/ros2ws/install/abb_robot_msgs/local/lib/python3.10/dist-packages/abb_robot_msgs/srv/_get_speed_ratio.py
[2.477s] -- Up-to-date symlink: /home/ubuntu/ros2ws/install/abb_robot_msgs/local/lib/python3.10/dist-packages/abb_robot_msgs/srv/_get_speed_ratio_s.c
[2.477s] -- Up-to-date symlink: /home/ubuntu/ros2ws/install/abb_robot_msgs/local/lib/python3.10/dist-packages/abb_robot_msgs/srv/_set_file_contents.py
[2.477s] -- Up-to-date symlink: /home/ubuntu/ros2ws/install/abb_robot_msgs/local/lib/python3.10/dist-packages/abb_robot_msgs/srv/_set_file_contents_s.c
[2.477s] -- Up-to-date symlink: /home/ubuntu/ros2ws/install/abb_robot_msgs/local/lib/python3.10/dist-packages/abb_robot_msgs/srv/_set_io_signal.py
[2.477s] -- Up-to-date symlink: /home/ubuntu/ros2ws/install/abb_robot_msgs/local/lib/python3.10/dist-packages/abb_robot_msgs/srv/_set_io_signal_s.c
[2.477s] -- Up-to-date symlink: /home/ubuntu/ros2ws/install/abb_robot_msgs/local/lib/python3.10/dist-packages/abb_robot_msgs/srv/_set_rapid_bool.py
[2.477s] -- Up-to-date symlink: /home/ubuntu/ros2ws/install/abb_robot_msgs/local/lib/python3.10/dist-packages/abb_robot_msgs/srv/_set_rapid_bool_s.c
[2.478s] -- Up-to-date symlink: /home/ubuntu/ros2ws/install/abb_robot_msgs/local/lib/python3.10/dist-packages/abb_robot_msgs/srv/_set_rapid_dnum.py
[2.478s] -- Up-to-date symlink: /home/ubuntu/ros2ws/install/abb_robot_msgs/local/lib/python3.10/dist-packages/abb_robot_msgs/srv/_set_rapid_dnum_s.c
[2.478s] -- Up-to-date symlink: /home/ubuntu/ros2ws/install/abb_robot_msgs/local/lib/python3.10/dist-packages/abb_robot_msgs/srv/_set_rapid_num.py
[2.478s] -- Up-to-date symlink: /home/ubuntu/ros2ws/install/abb_robot_msgs/local/lib/python3.10/dist-packages/abb_robot_msgs/srv/_set_rapid_num_s.c
[2.478s] -- Up-to-date symlink: /home/ubuntu/ros2ws/install/abb_robot_msgs/local/lib/python3.10/dist-packages/abb_robot_msgs/srv/_set_rapid_string.py
[2.480s] -- Up-to-date symlink: /home/ubuntu/ros2ws/install/abb_robot_msgs/local/lib/python3.10/dist-packages/abb_robot_msgs/srv/_set_rapid_string_s.c
[2.480s] -- Up-to-date symlink: /home/ubuntu/ros2ws/install/abb_robot_msgs/local/lib/python3.10/dist-packages/abb_robot_msgs/srv/_set_rapid_symbol.py
[2.480s] -- Up-to-date symlink: /home/ubuntu/ros2ws/install/abb_robot_msgs/local/lib/python3.10/dist-packages/abb_robot_msgs/srv/_set_rapid_symbol_s.c
[2.480s] -- Up-to-date symlink: /home/ubuntu/ros2ws/install/abb_robot_msgs/local/lib/python3.10/dist-packages/abb_robot_msgs/srv/_set_speed_ratio.py
[2.480s] -- Up-to-date symlink: /home/ubuntu/ros2ws/install/abb_robot_msgs/local/lib/python3.10/dist-packages/abb_robot_msgs/srv/_set_speed_ratio_s.c
[2.480s] -- Up-to-date symlink: /home/ubuntu/ros2ws/install/abb_robot_msgs/local/lib/python3.10/dist-packages/abb_robot_msgs/srv/_trigger_with_result_code.py
[2.481s] -- Up-to-date symlink: /home/ubuntu/ros2ws/install/abb_robot_msgs/local/lib/python3.10/dist-packages/abb_robot_msgs/srv/_trigger_with_result_code_s.c
[2.481s] -- Up-to-date symlink: /home/ubuntu/ros2ws/install/abb_robot_msgs/local/lib/python3.10/dist-packages/abb_robot_msgs/abb_robot_msgs_s__rosidl_typesupport_fastrtps_c.cpython-310-x86_64-linux-gnu.so
[2.481s] -- Up-to-date symlink: /home/ubuntu/ros2ws/install/abb_robot_msgs/local/lib/python3.10/dist-packages/abb_robot_msgs/abb_robot_msgs_s__rosidl_typesupport_introspection_c.cpython-310-x86_64-linux-gnu.so
[2.481s] -- Up-to-date symlink: /home/ubuntu/ros2ws/install/abb_robot_msgs/local/lib/python3.10/dist-packages/abb_robot_msgs/abb_robot_msgs_s__rosidl_typesupport_c.cpython-310-x86_64-linux-gnu.so
[2.481s] -- Up-to-date symlink: /home/ubuntu/ros2ws/install/abb_robot_msgs/share/abb_robot_msgs/msg/MechanicalUnitState.idl
[2.481s] -- Up-to-date symlink: /home/ubuntu/ros2ws/install/abb_robot_msgs/share/abb_robot_msgs/msg/RAPIDSymbolPath.idl
[2.481s] -- Up-to-date symlink: /home/ubuntu/ros2ws/install/abb_robot_msgs/share/abb_robot_msgs/msg/RAPIDTaskState.idl
[2.482s] -- Up-to-date symlink: /home/ubuntu/ros2ws/install/abb_robot_msgs/share/abb_robot_msgs/msg/ServiceResponses.idl
[2.482s] -- Up-to-date symlink: /home/ubuntu/ros2ws/install/abb_robot_msgs/share/abb_robot_msgs/msg/SystemState.idl
[2.482s] -- Up-to-date symlink: /home/ubuntu/ros2ws/install/abb_robot_msgs/share/abb_robot_msgs/srv/GetFileContents.idl
[2.482s] -- Up-to-date symlink: /home/ubuntu/ros2ws/install/abb_robot_msgs/share/abb_robot_msgs/srv/GetIOSignal.idl
[2.483s] -- Up-to-date symlink: /home/ubuntu/ros2ws/install/abb_robot_msgs/share/abb_robot_msgs/srv/GetRAPIDBool.idl
[2.483s] -- Up-to-date symlink: /home/ubuntu/ros2ws/install/abb_robot_msgs/share/abb_robot_msgs/srv/GetRAPIDDnum.idl
[2.483s] -- Up-to-date symlink: /home/ubuntu/ros2ws/install/abb_robot_msgs/share/abb_robot_msgs/srv/GetRAPIDNum.idl
[2.483s] -- Up-to-date symlink: /home/ubuntu/ros2ws/install/abb_robot_msgs/share/abb_robot_msgs/srv/GetRAPIDString.idl
[2.483s] -- Up-to-date symlink: /home/ubuntu/ros2ws/install/abb_robot_msgs/share/abb_robot_msgs/srv/GetRAPIDSymbol.idl
[2.484s] -- Up-to-date symlink: /home/ubuntu/ros2ws/install/abb_robot_msgs/share/abb_robot_msgs/srv/GetRobotControllerDescription.idl
[2.484s] -- Up-to-date symlink: /home/ubuntu/ros2ws/install/abb_robot_msgs/share/abb_robot_msgs/srv/GetSpeedRatio.idl
[2.484s] -- Up-to-date symlink: /home/ubuntu/ros2ws/install/abb_robot_msgs/share/abb_robot_msgs/srv/SetFileContents.idl
[2.484s] -- Up-to-date symlink: /home/ubuntu/ros2ws/install/abb_robot_msgs/share/abb_robot_msgs/srv/SetIOSignal.idl
[2.485s] -- Up-to-date symlink: /home/ubuntu/ros2ws/install/abb_robot_msgs/share/abb_robot_msgs/srv/SetRAPIDBool.idl
[2.487s] -- Up-to-date symlink: /home/ubuntu/ros2ws/install/abb_robot_msgs/share/abb_robot_msgs/srv/SetRAPIDDnum.idl
[2.487s] -- Up-to-date symlink: /home/ubuntu/ros2ws/install/abb_robot_msgs/share/abb_robot_msgs/srv/SetRAPIDNum.idl
[2.488s] -- Up-to-date symlink: /home/ubuntu/ros2ws/install/abb_robot_msgs/share/abb_robot_msgs/srv/SetRAPIDString.idl
[2.488s] -- Up-to-date symlink: /home/ubuntu/ros2ws/install/abb_robot_msgs/share/abb_robot_msgs/srv/SetRAPIDSymbol.idl
[2.488s] -- Up-to-date symlink: /home/ubuntu/ros2ws/install/abb_robot_msgs/share/abb_robot_msgs/srv/SetSpeedRatio.idl
[2.488s] -- Up-to-date symlink: /home/ubuntu/ros2ws/install/abb_robot_msgs/share/abb_robot_msgs/srv/TriggerWithResultCode.idl
[2.488s] -- Up-to-date symlink: /home/ubuntu/ros2ws/install/abb_robot_msgs/share/abb_robot_msgs/msg/MechanicalUnitState.msg
[2.488s] -- Up-to-date symlink: /home/ubuntu/ros2ws/install/abb_robot_msgs/share/abb_robot_msgs/msg/RAPIDSymbolPath.msg
[2.488s] -- Up-to-date symlink: /home/ubuntu/ros2ws/install/abb_robot_msgs/share/abb_robot_msgs/msg/RAPIDTaskState.msg
[2.488s] -- Up-to-date symlink: /home/ubuntu/ros2ws/install/abb_robot_msgs/share/abb_robot_msgs/msg/ServiceResponses.msg
[2.488s] -- Up-to-date symlink: /home/ubuntu/ros2ws/install/abb_robot_msgs/share/abb_robot_msgs/msg/SystemState.msg
[2.488s] -- Up-to-date symlink: /home/ubuntu/ros2ws/install/abb_robot_msgs/share/abb_robot_msgs/srv/GetFileContents.srv
[2.488s] -- Up-to-date symlink: /home/ubuntu/ros2ws/install/abb_robot_msgs/share/abb_robot_msgs/srv/GetFileContents_Request.msg
[2.488s] -- Up-to-date symlink: /home/ubuntu/ros2ws/install/abb_robot_msgs/share/abb_robot_msgs/srv/GetFileContents_Response.msg
[2.488s] -- Up-to-date symlink: /home/ubuntu/ros2ws/install/abb_robot_msgs/share/abb_robot_msgs/srv/GetIOSignal.srv
[2.488s] -- Up-to-date symlink: /home/ubuntu/ros2ws/install/abb_robot_msgs/share/abb_robot_msgs/srv/GetIOSignal_Request.msg
[2.488s] -- Up-to-date symlink: /home/ubuntu/ros2ws/install/abb_robot_msgs/share/abb_robot_msgs/srv/GetIOSignal_Response.msg
[2.489s] -- Up-to-date symlink: /home/ubuntu/ros2ws/install/abb_robot_msgs/share/abb_robot_msgs/srv/GetRAPIDBool.srv
[2.489s] -- Up-to-date symlink: /home/ubuntu/ros2ws/install/abb_robot_msgs/share/abb_robot_msgs/srv/GetRAPIDBool_Request.msg
[2.489s] -- Up-to-date symlink: /home/ubuntu/ros2ws/install/abb_robot_msgs/share/abb_robot_msgs/srv/GetRAPIDBool_Response.msg
[2.489s] -- Up-to-date symlink: /home/ubuntu/ros2ws/install/abb_robot_msgs/share/abb_robot_msgs/srv/GetRAPIDDnum.srv
[2.490s] -- Up-to-date symlink: /home/ubuntu/ros2ws/install/abb_robot_msgs/share/abb_robot_msgs/srv/GetRAPIDDnum_Request.msg
[2.490s] -- Up-to-date symlink: /home/ubuntu/ros2ws/install/abb_robot_msgs/share/abb_robot_msgs/srv/GetRAPIDDnum_Response.msg
[2.490s] -- Up-to-date symlink: /home/ubuntu/ros2ws/install/abb_robot_msgs/share/abb_robot_msgs/srv/GetRAPIDNum.srv
[2.490s] -- Up-to-date symlink: /home/ubuntu/ros2ws/install/abb_robot_msgs/share/abb_robot_msgs/srv/GetRAPIDNum_Request.msg
[2.495s] -- Up-to-date symlink: /home/ubuntu/ros2ws/install/abb_robot_msgs/share/abb_robot_msgs/srv/GetRAPIDNum_Response.msg
[2.495s] -- Up-to-date symlink: /home/ubuntu/ros2ws/install/abb_robot_msgs/share/abb_robot_msgs/srv/GetRAPIDString.srv
[2.495s] -- Up-to-date symlink: /home/ubuntu/ros2ws/install/abb_robot_msgs/share/abb_robot_msgs/srv/GetRAPIDString_Request.msg
[2.496s] -- Up-to-date symlink: /home/ubuntu/ros2ws/install/abb_robot_msgs/share/abb_robot_msgs/srv/GetRAPIDString_Response.msg
[2.496s] -- Up-to-date symlink: /home/ubuntu/ros2ws/install/abb_robot_msgs/share/abb_robot_msgs/srv/GetRAPIDSymbol.srv
[2.496s] -- Up-to-date symlink: /home/ubuntu/ros2ws/install/abb_robot_msgs/share/abb_robot_msgs/srv/GetRAPIDSymbol_Request.msg
[2.496s] -- Up-to-date symlink: /home/ubuntu/ros2ws/install/abb_robot_msgs/share/abb_robot_msgs/srv/GetRAPIDSymbol_Response.msg
[2.496s] -- Up-to-date symlink: /home/ubuntu/ros2ws/install/abb_robot_msgs/share/abb_robot_msgs/srv/GetRobotControllerDescription.srv
[2.496s] -- Up-to-date symlink: /home/ubuntu/ros2ws/install/abb_robot_msgs/share/abb_robot_msgs/srv/GetRobotControllerDescription_Request.msg
[2.497s] -- Up-to-date symlink: /home/ubuntu/ros2ws/install/abb_robot_msgs/share/abb_robot_msgs/srv/GetRobotControllerDescription_Response.msg
[2.497s] -- Up-to-date symlink: /home/ubuntu/ros2ws/install/abb_robot_msgs/share/abb_robot_msgs/srv/GetSpeedRatio.srv
[2.497s] -- Up-to-date symlink: /home/ubuntu/ros2ws/install/abb_robot_msgs/share/abb_robot_msgs/srv/GetSpeedRatio_Request.msg
[2.497s] -- Up-to-date symlink: /home/ubuntu/ros2ws/install/abb_robot_msgs/share/abb_robot_msgs/srv/GetSpeedRatio_Response.msg
[2.498s] -- Up-to-date symlink: /home/ubuntu/ros2ws/install/abb_robot_msgs/share/abb_robot_msgs/srv/SetFileContents.srv
[2.498s] -- Up-to-date symlink: /home/ubuntu/ros2ws/install/abb_robot_msgs/share/abb_robot_msgs/srv/SetFileContents_Request.msg
[2.500s] -- Up-to-date symlink: /home/ubuntu/ros2ws/install/abb_robot_msgs/share/abb_robot_msgs/srv/SetFileContents_Response.msg
[2.500s] -- Up-to-date symlink: /home/ubuntu/ros2ws/install/abb_robot_msgs/share/abb_robot_msgs/srv/SetIOSignal.srv
[2.501s] -- Up-to-date symlink: /home/ubuntu/ros2ws/install/abb_robot_msgs/share/abb_robot_msgs/srv/SetIOSignal_Request.msg
[2.501s] -- Up-to-date symlink: /home/ubuntu/ros2ws/install/abb_robot_msgs/share/abb_robot_msgs/srv/SetIOSignal_Response.msg
[2.501s] -- Up-to-date symlink: /home/ubuntu/ros2ws/install/abb_robot_msgs/share/abb_robot_msgs/srv/SetRAPIDBool.srv
[2.502s] -- Up-to-date symlink: /home/ubuntu/ros2ws/install/abb_robot_msgs/share/abb_robot_msgs/srv/SetRAPIDBool_Request.msg
[2.503s] -- Up-to-date symlink: /home/ubuntu/ros2ws/install/abb_robot_msgs/share/abb_robot_msgs/srv/SetRAPIDBool_Response.msg
[2.503s] -- Up-to-date symlink: /home/ubuntu/ros2ws/install/abb_robot_msgs/share/abb_robot_msgs/srv/SetRAPIDDnum.srv
[2.504s] -- Up-to-date symlink: /home/ubuntu/ros2ws/install/abb_robot_msgs/share/abb_robot_msgs/srv/SetRAPIDDnum_Request.msg
[2.511s] -- Up-to-date symlink: /home/ubuntu/ros2ws/install/abb_robot_msgs/share/abb_robot_msgs/srv/SetRAPIDDnum_Response.msg
[2.511s] -- Up-to-date symlink: /home/ubuntu/ros2ws/install/abb_robot_msgs/share/abb_robot_msgs/srv/SetRAPIDNum.srv
[2.511s] -- Up-to-date symlink: /home/ubuntu/ros2ws/install/abb_robot_msgs/share/abb_robot_msgs/srv/SetRAPIDNum_Request.msg
[2.511s] -- Up-to-date symlink: /home/ubuntu/ros2ws/install/abb_robot_msgs/share/abb_robot_msgs/srv/SetRAPIDNum_Response.msg
[2.512s] -- Up-to-date symlink: /home/ubuntu/ros2ws/install/abb_robot_msgs/share/abb_robot_msgs/srv/SetRAPIDString.srv
[2.515s] -- Up-to-date symlink: /home/ubuntu/ros2ws/install/abb_robot_msgs/share/abb_robot_msgs/srv/SetRAPIDString_Request.msg
[2.515s] -- Up-to-date symlink: /home/ubuntu/ros2ws/install/abb_robot_msgs/share/abb_robot_msgs/srv/SetRAPIDString_Response.msg
[2.516s] -- Up-to-date symlink: /home/ubuntu/ros2ws/install/abb_robot_msgs/share/abb_robot_msgs/srv/SetRAPIDSymbol.srv
[2.516s] -- Up-to-date symlink: /home/ubuntu/ros2ws/install/abb_robot_msgs/share/abb_robot_msgs/srv/SetRAPIDSymbol_Request.msg
[2.522s] -- Up-to-date symlink: /home/ubuntu/ros2ws/install/abb_robot_msgs/share/abb_robot_msgs/srv/SetRAPIDSymbol_Response.msg
[2.522s] -- Up-to-date symlink: /home/ubuntu/ros2ws/install/abb_robot_msgs/share/abb_robot_msgs/srv/SetSpeedRatio.srv
[2.522s] -- Up-to-date symlink: /home/ubuntu/ros2ws/install/abb_robot_msgs/share/abb_robot_msgs/srv/SetSpeedRatio_Request.msg
[2.522s] -- Up-to-date symlink: /home/ubuntu/ros2ws/install/abb_robot_msgs/share/abb_robot_msgs/srv/SetSpeedRatio_Response.msg
[2.523s] -- Up-to-date symlink: /home/ubuntu/ros2ws/install/abb_robot_msgs/share/abb_robot_msgs/srv/TriggerWithResultCode.srv
[2.523s] -- Up-to-date symlink: /home/ubuntu/ros2ws/install/abb_robot_msgs/share/abb_robot_msgs/srv/TriggerWithResultCode_Request.msg
[2.523s] -- Up-to-date symlink: /home/ubuntu/ros2ws/install/abb_robot_msgs/share/abb_robot_msgs/srv/TriggerWithResultCode_Response.msg
[2.523s] -- Up-to-date symlink: /home/ubuntu/ros2ws/install/abb_robot_msgs/share/ament_index/resource_index/package_run_dependencies/abb_robot_msgs
[2.523s] -- Up-to-date symlink: /home/ubuntu/ros2ws/install/abb_robot_msgs/share/ament_index/resource_index/parent_prefix_path/abb_robot_msgs
[2.523s] -- Up-to-date symlink: /home/ubuntu/ros2ws/install/abb_robot_msgs/share/abb_robot_msgs/environment/ament_prefix_path.sh
[2.523s] -- Up-to-date symlink: /home/ubuntu/ros2ws/install/abb_robot_msgs/share/abb_robot_msgs/environment/ament_prefix_path.dsv
[2.523s] -- Up-to-date symlink: /home/ubuntu/ros2ws/install/abb_robot_msgs/share/abb_robot_msgs/environment/path.sh
[2.525s] -- Up-to-date symlink: /home/ubuntu/ros2ws/install/abb_robot_msgs/share/abb_robot_msgs/environment/path.dsv
[2.525s] -- Up-to-date symlink: /home/ubuntu/ros2ws/install/abb_robot_msgs/share/abb_robot_msgs/local_setup.bash
[2.525s] -- Up-to-date symlink: /home/ubuntu/ros2ws/install/abb_robot_msgs/share/abb_robot_msgs/local_setup.sh
[2.528s] -- Up-to-date symlink: /home/ubuntu/ros2ws/install/abb_robot_msgs/share/abb_robot_msgs/local_setup.zsh
[2.528s] -- Up-to-date symlink: /home/ubuntu/ros2ws/install/abb_robot_msgs/share/abb_robot_msgs/local_setup.dsv
[2.528s] -- Symlinking: /home/ubuntu/ros2ws/install/abb_robot_msgs/share/abb_robot_msgs/package.dsv
[2.551s] -- Up-to-date symlink: /home/ubuntu/ros2ws/install/abb_robot_msgs/share/ament_index/resource_index/packages/abb_robot_msgs
[2.551s] -- Up-to-date symlink: /home/ubuntu/ros2ws/install/abb_robot_msgs/share/abb_robot_msgs/cmake/rosidl_cmake-extras.cmake
[2.551s] -- Up-to-date symlink: /home/ubuntu/ros2ws/install/abb_robot_msgs/share/abb_robot_msgs/cmake/ament_cmake_export_dependencies-extras.cmake
[2.551s] -- Up-to-date symlink: /home/ubuntu/ros2ws/install/abb_robot_msgs/share/abb_robot_msgs/cmake/ament_cmake_export_include_directories-extras.cmake
[2.551s] -- Up-to-date symlink: /home/ubuntu/ros2ws/install/abb_robot_msgs/share/abb_robot_msgs/cmake/ament_cmake_export_libraries-extras.cmake
[2.551s] -- Up-to-date symlink: /home/ubuntu/ros2ws/install/abb_robot_msgs/share/abb_robot_msgs/cmake/ament_cmake_export_targets-extras.cmake
[2.551s] -- Up-to-date symlink: /home/ubuntu/ros2ws/install/abb_robot_msgs/share/abb_robot_msgs/cmake/rosidl_cmake_export_typesupport_targets-extras.cmake
[2.551s] -- Up-to-date symlink: /home/ubuntu/ros2ws/install/abb_robot_msgs/share/abb_robot_msgs/cmake/rosidl_cmake_export_typesupport_libraries-extras.cmake
[2.551s] -- Up-to-date symlink: /home/ubuntu/ros2ws/install/abb_robot_msgs/share/abb_robot_msgs/cmake/abb_robot_msgsConfig.cmake
[2.552s] -- Up-to-date symlink: /home/ubuntu/ros2ws/install/abb_robot_msgs/share/abb_robot_msgs/cmake/abb_robot_msgsConfig-version.cmake
[2.552s] -- Up-to-date symlink: /home/ubuntu/ros2ws/install/abb_robot_msgs/share/abb_robot_msgs/package.xml
[2.552s] -- Up-to-date: /home/ubuntu/ros2ws/install/abb_robot_msgs/lib/libabb_robot_msgs__rosidl_generator_c.so
[2.554s] -- Up-to-date: /home/ubuntu/ros2ws/install/abb_robot_msgs/lib/libabb_robot_msgs__rosidl_typesupport_fastrtps_c.so
[2.554s] -- Up-to-date: /home/ubuntu/ros2ws/install/abb_robot_msgs/lib/libabb_robot_msgs__rosidl_typesupport_introspection_c.so
[2.555s] -- Up-to-date: /home/ubuntu/ros2ws/install/abb_robot_msgs/lib/libabb_robot_msgs__rosidl_typesupport_c.so
[2.556s] -- Up-to-date: /home/ubuntu/ros2ws/install/abb_robot_msgs/lib/libabb_robot_msgs__rosidl_typesupport_fastrtps_cpp.so
[2.556s] -- Up-to-date: /home/ubuntu/ros2ws/install/abb_robot_msgs/lib/libabb_robot_msgs__rosidl_typesupport_introspection_cpp.so
[2.558s] -- Up-to-date: /home/ubuntu/ros2ws/install/abb_robot_msgs/lib/libabb_robot_msgs__rosidl_typesupport_cpp.so
[2.618s] Listing '/home/ubuntu/ros2ws/install/abb_robot_msgs/local/lib/python3.10/dist-packages/abb_robot_msgs'...
[2.618s] Listing '/home/ubuntu/ros2ws/install/abb_robot_msgs/local/lib/python3.10/dist-packages/abb_robot_msgs/msg'...
[2.619s] Listing '/home/ubuntu/ros2ws/install/abb_robot_msgs/local/lib/python3.10/dist-packages/abb_robot_msgs/srv'...
[2.628s] -- Up-to-date: /home/ubuntu/ros2ws/install/abb_robot_msgs/lib/libabb_robot_msgs__rosidl_generator_py.so
[2.629s] -- Up-to-date: /home/ubuntu/ros2ws/install/abb_robot_msgs/share/abb_robot_msgs/cmake/export_abb_robot_msgs__rosidl_generator_cExport.cmake
[2.629s] -- Up-to-date: /home/ubuntu/ros2ws/install/abb_robot_msgs/share/abb_robot_msgs/cmake/export_abb_robot_msgs__rosidl_generator_cExport-noconfig.cmake
[2.630s] -- Up-to-date: /home/ubuntu/ros2ws/install/abb_robot_msgs/share/abb_robot_msgs/cmake/export_abb_robot_msgs__rosidl_typesupport_fastrtps_cExport.cmake
[2.630s] -- Up-to-date: /home/ubuntu/ros2ws/install/abb_robot_msgs/share/abb_robot_msgs/cmake/export_abb_robot_msgs__rosidl_typesupport_fastrtps_cExport-noconfig.cmake
[2.630s] -- Up-to-date: /home/ubuntu/ros2ws/install/abb_robot_msgs/share/abb_robot_msgs/cmake/abb_robot_msgs__rosidl_typesupport_introspection_cExport.cmake
[2.631s] -- Up-to-date: /home/ubuntu/ros2ws/install/abb_robot_msgs/share/abb_robot_msgs/cmake/abb_robot_msgs__rosidl_typesupport_introspection_cExport-noconfig.cmake
[2.631s] -- Up-to-date: /home/ubuntu/ros2ws/install/abb_robot_msgs/share/abb_robot_msgs/cmake/abb_robot_msgs__rosidl_typesupport_cExport.cmake
[2.631s] -- Up-to-date: /home/ubuntu/ros2ws/install/abb_robot_msgs/share/abb_robot_msgs/cmake/abb_robot_msgs__rosidl_typesupport_cExport-noconfig.cmake
[2.633s] -- Up-to-date: /home/ubuntu/ros2ws/install/abb_robot_msgs/share/abb_robot_msgs/cmake/export_abb_robot_msgs__rosidl_generator_cppExport.cmake
[2.633s] -- Up-to-date: /home/ubuntu/ros2ws/install/abb_robot_msgs/share/abb_robot_msgs/cmake/export_abb_robot_msgs__rosidl_typesupport_fastrtps_cppExport.cmake
[2.633s] -- Up-to-date: /home/ubuntu/ros2ws/install/abb_robot_msgs/share/abb_robot_msgs/cmake/export_abb_robot_msgs__rosidl_typesupport_fastrtps_cppExport-noconfig.cmake
[2.633s] -- Up-to-date: /home/ubuntu/ros2ws/install/abb_robot_msgs/share/abb_robot_msgs/cmake/abb_robot_msgs__rosidl_typesupport_introspection_cppExport.cmake
[2.633s] -- Up-to-date: /home/ubuntu/ros2ws/install/abb_robot_msgs/share/abb_robot_msgs/cmake/abb_robot_msgs__rosidl_typesupport_introspection_cppExport-noconfig.cmake
[2.633s] -- Up-to-date: /home/ubuntu/ros2ws/install/abb_robot_msgs/share/abb_robot_msgs/cmake/abb_robot_msgs__rosidl_typesupport_cppExport.cmake
[2.633s] -- Up-to-date: /home/ubuntu/ros2ws/install/abb_robot_msgs/share/abb_robot_msgs/cmake/abb_robot_msgs__rosidl_typesupport_cppExport-noconfig.cmake
[2.633s] -- Up-to-date: /home/ubuntu/ros2ws/install/abb_robot_msgs/share/abb_robot_msgs/cmake/export_abb_robot_msgs__rosidl_generator_pyExport.cmake
[2.634s] -- Up-to-date: /home/ubuntu/ros2ws/install/abb_robot_msgs/share/abb_robot_msgs/cmake/export_abb_robot_msgs__rosidl_generator_pyExport-noconfig.cmake
[2.637s] Invoked command in '/home/ubuntu/ros2ws/build/abb_robot_msgs' returned '0': CMAKE_PREFIX_PATH=${CMAKE_PREFIX_PATH}:/home/ubuntu/ros2ws/install/testV1:/home/ubuntu/ros2ws/install/robot_letter_writer:/opt/ros/humble /usr/bin/cmake --install /home/ubuntu/ros2ws/build/abb_robot_msgs
