[0.050s] Invoking command in '/home/ubuntu/ros2ws/build/abb_egm_msgs': CMAKE_PREFIX_PATH=${CMAKE_PREFIX_PATH}:/home/ubuntu/ros2ws/install/testV1:/home/ubuntu/ros2ws/install/gui_subscriber:/home/ubuntu/ros2ws/install/moveit_configs_utils:/home/ubuntu/ros2ws/install/robot_letter_writer:/home/ubuntu/ros2ws/install/launch_param_builder:/opt/ros/humble /usr/bin/cmake --build /home/ubuntu/ros2ws/build/abb_egm_msgs -- -j4 -l4
[0.232s] [ 10%] Built target abb_egm_msgs__rosidl_generator_c
[0.322s] [ 10%] Built target ament_cmake_python_symlink_abb_egm_msgs
[0.395s] [ 20%] Built target abb_egm_msgs__rosidl_typesupport_introspection_c
[0.469s] [ 30%] Built target abb_egm_msgs__rosidl_typesupport_c
[1.002s] running egg_info
[1.006s] writing abb_egm_msgs.egg-info/PKG-INFO
[1.006s] writing dependency_links to abb_egm_msgs.egg-info/dependency_links.txt
[1.007s] writing top-level names to abb_egm_msgs.egg-info/top_level.txt
[1.012s] reading manifest file 'abb_egm_msgs.egg-info/SOURCES.txt'
[1.014s] writing manifest file 'abb_egm_msgs.egg-info/SOURCES.txt'
[1.078s] [ 30%] Built target ament_cmake_python_build_abb_egm_msgs_egg
[1.153s] [ 41%] Built target abb_egm_msgs__rosidl_typesupport_fastrtps_c
[1.231s] [ 43%] Built target abb_egm_msgs__cpp
[1.315s] [ 53%] Built target abb_egm_msgs__rosidl_typesupport_fastrtps_cpp
[1.393s] [ 64%] Built target abb_egm_msgs__rosidl_typesupport_cpp
[1.486s] [ 74%] Built target abb_egm_msgs__rosidl_typesupport_introspection_cpp
[1.553s] [ 74%] Built target abb_egm_msgs
[1.633s] [ 76%] Built target abb_egm_msgs__py
[1.709s] [ 84%] Built target abb_egm_msgs__rosidl_generator_py
[1.789s] [ 89%] Built target abb_egm_msgs__rosidl_typesupport_fastrtps_c__pyext
[1.862s] [ 94%] Built target abb_egm_msgs__rosidl_typesupport_c__pyext
[1.936s] [100%] Built target abb_egm_msgs__rosidl_typesupport_introspection_c__pyext
[1.974s] Invoked command in '/home/ubuntu/ros2ws/build/abb_egm_msgs' returned '0': CMAKE_PREFIX_PATH=${CMAKE_PREFIX_PATH}:/home/ubuntu/ros2ws/install/testV1:/home/ubuntu/ros2ws/install/gui_subscriber:/home/ubuntu/ros2ws/install/moveit_configs_utils:/home/ubuntu/ros2ws/install/robot_letter_writer:/home/ubuntu/ros2ws/install/launch_param_builder:/opt/ros/humble /usr/bin/cmake --build /home/ubuntu/ros2ws/build/abb_egm_msgs -- -j4 -l4
[2.443s] Invoking command in '/home/ubuntu/ros2ws/build/abb_egm_msgs': CMAKE_PREFIX_PATH=${CMAKE_PREFIX_PATH}:/home/ubuntu/ros2ws/install/testV1:/home/ubuntu/ros2ws/install/gui_subscriber:/home/ubuntu/ros2ws/install/moveit_configs_utils:/home/ubuntu/ros2ws/install/robot_letter_writer:/home/ubuntu/ros2ws/install/launch_param_builder:/opt/ros/humble /usr/bin/cmake --install /home/ubuntu/ros2ws/build/abb_egm_msgs
[2.474s] -- Install configuration: ""
[2.475s] -- Execute custom install script
[2.476s] -- Up-to-date symlink: /home/ubuntu/ros2ws/install/abb_egm_msgs/share/ament_index/resource_index/rosidl_interfaces/abb_egm_msgs
[2.480s] -- Up-to-date symlink: /home/ubuntu/ros2ws/install/abb_egm_msgs/include/abb_egm_msgs/abb_egm_msgs/msg/detail/egm_channel_state__functions.h
[2.482s] -- Up-to-date symlink: /home/ubuntu/ros2ws/install/abb_egm_msgs/include/abb_egm_msgs/abb_egm_msgs/msg/detail/egm_channel_state__struct.h
[2.485s] -- Up-to-date symlink: /home/ubuntu/ros2ws/install/abb_egm_msgs/include/abb_egm_msgs/abb_egm_msgs/msg/detail/egm_channel_state__type_support.h
[2.486s] -- Up-to-date symlink: /home/ubuntu/ros2ws/install/abb_egm_msgs/include/abb_egm_msgs/abb_egm_msgs/msg/detail/egm_state__functions.h
[2.494s] -- Up-to-date symlink: /home/ubuntu/ros2ws/install/abb_egm_msgs/include/abb_egm_msgs/abb_egm_msgs/msg/detail/egm_state__struct.h
[2.498s] -- Up-to-date symlink: /home/ubuntu/ros2ws/install/abb_egm_msgs/include/abb_egm_msgs/abb_egm_msgs/msg/detail/egm_state__type_support.h
[2.498s] -- Up-to-date symlink: /home/ubuntu/ros2ws/install/abb_egm_msgs/include/abb_egm_msgs/abb_egm_msgs/msg/egm_channel_state.h
[2.499s] -- Up-to-date symlink: /home/ubuntu/ros2ws/install/abb_egm_msgs/include/abb_egm_msgs/abb_egm_msgs/msg/egm_state.h
[2.501s] -- Up-to-date symlink: /home/ubuntu/ros2ws/install/abb_egm_msgs/include/abb_egm_msgs/abb_egm_msgs/msg/rosidl_generator_c__visibility_control.h
[2.506s] -- Up-to-date symlink: /home/ubuntu/ros2ws/install/abb_egm_msgs/share/abb_egm_msgs/environment/library_path.sh
[2.506s] -- Up-to-date symlink: /home/ubuntu/ros2ws/install/abb_egm_msgs/share/abb_egm_msgs/environment/library_path.dsv
[2.514s] -- Up-to-date symlink: /home/ubuntu/ros2ws/install/abb_egm_msgs/include/abb_egm_msgs/abb_egm_msgs/msg/detail/egm_channel_state__rosidl_typesupport_fastrtps_c.h
[2.514s] -- Up-to-date symlink: /home/ubuntu/ros2ws/install/abb_egm_msgs/include/abb_egm_msgs/abb_egm_msgs/msg/detail/egm_state__rosidl_typesupport_fastrtps_c.h
[2.526s] -- Up-to-date symlink: /home/ubuntu/ros2ws/install/abb_egm_msgs/include/abb_egm_msgs/abb_egm_msgs/msg/rosidl_typesupport_fastrtps_c__visibility_control.h
[2.526s] -- Up-to-date symlink: /home/ubuntu/ros2ws/install/abb_egm_msgs/include/abb_egm_msgs/abb_egm_msgs/msg/detail/egm_channel_state__rosidl_typesupport_introspection_c.h
[2.526s] -- Up-to-date symlink: /home/ubuntu/ros2ws/install/abb_egm_msgs/include/abb_egm_msgs/abb_egm_msgs/msg/detail/egm_state__rosidl_typesupport_introspection_c.h
[2.526s] -- Up-to-date symlink: /home/ubuntu/ros2ws/install/abb_egm_msgs/include/abb_egm_msgs/abb_egm_msgs/msg/rosidl_typesupport_introspection_c__visibility_control.h
[2.526s] -- Up-to-date symlink: /home/ubuntu/ros2ws/install/abb_egm_msgs/include/abb_egm_msgs/abb_egm_msgs/msg/detail/egm_channel_state__builder.hpp
[2.526s] -- Up-to-date symlink: /home/ubuntu/ros2ws/install/abb_egm_msgs/include/abb_egm_msgs/abb_egm_msgs/msg/detail/egm_channel_state__struct.hpp
[2.526s] -- Up-to-date symlink: /home/ubuntu/ros2ws/install/abb_egm_msgs/include/abb_egm_msgs/abb_egm_msgs/msg/detail/egm_channel_state__traits.hpp
[2.527s] -- Up-to-date symlink: /home/ubuntu/ros2ws/install/abb_egm_msgs/include/abb_egm_msgs/abb_egm_msgs/msg/detail/egm_state__builder.hpp
[2.527s] -- Up-to-date symlink: /home/ubuntu/ros2ws/install/abb_egm_msgs/include/abb_egm_msgs/abb_egm_msgs/msg/detail/egm_state__struct.hpp
[2.527s] -- Up-to-date symlink: /home/ubuntu/ros2ws/install/abb_egm_msgs/include/abb_egm_msgs/abb_egm_msgs/msg/detail/egm_state__traits.hpp
[2.528s] -- Up-to-date symlink: /home/ubuntu/ros2ws/install/abb_egm_msgs/include/abb_egm_msgs/abb_egm_msgs/msg/egm_channel_state.hpp
[2.528s] -- Up-to-date symlink: /home/ubuntu/ros2ws/install/abb_egm_msgs/include/abb_egm_msgs/abb_egm_msgs/msg/egm_state.hpp
[2.528s] -- Up-to-date symlink: /home/ubuntu/ros2ws/install/abb_egm_msgs/include/abb_egm_msgs/abb_egm_msgs/msg/detail/egm_channel_state__rosidl_typesupport_fastrtps_cpp.hpp
[2.529s] -- Up-to-date symlink: /home/ubuntu/ros2ws/install/abb_egm_msgs/include/abb_egm_msgs/abb_egm_msgs/msg/detail/egm_state__rosidl_typesupport_fastrtps_cpp.hpp
[2.529s] -- Up-to-date symlink: /home/ubuntu/ros2ws/install/abb_egm_msgs/include/abb_egm_msgs/abb_egm_msgs/msg/rosidl_typesupport_fastrtps_cpp__visibility_control.h
[2.530s] -- Up-to-date symlink: /home/ubuntu/ros2ws/install/abb_egm_msgs/include/abb_egm_msgs/abb_egm_msgs/msg/detail/egm_channel_state__rosidl_typesupport_introspection_cpp.hpp
[2.530s] -- Up-to-date symlink: /home/ubuntu/ros2ws/install/abb_egm_msgs/include/abb_egm_msgs/abb_egm_msgs/msg/detail/egm_state__rosidl_typesupport_introspection_cpp.hpp
[2.532s] -- Up-to-date symlink: /home/ubuntu/ros2ws/install/abb_egm_msgs/share/abb_egm_msgs/environment/pythonpath.sh
[2.532s] -- Up-to-date symlink: /home/ubuntu/ros2ws/install/abb_egm_msgs/share/abb_egm_msgs/environment/pythonpath.dsv
[2.532s] -- Up-to-date symlink: /home/ubuntu/ros2ws/install/abb_egm_msgs/local/lib/python3.10/dist-packages/abb_egm_msgs-1.0.0-py3.10.egg-info/PKG-INFO
[2.533s] -- Up-to-date symlink: /home/ubuntu/ros2ws/install/abb_egm_msgs/local/lib/python3.10/dist-packages/abb_egm_msgs-1.0.0-py3.10.egg-info/SOURCES.txt
[2.533s] -- Up-to-date symlink: /home/ubuntu/ros2ws/install/abb_egm_msgs/local/lib/python3.10/dist-packages/abb_egm_msgs-1.0.0-py3.10.egg-info/dependency_links.txt
[2.534s] -- Up-to-date symlink: /home/ubuntu/ros2ws/install/abb_egm_msgs/local/lib/python3.10/dist-packages/abb_egm_msgs-1.0.0-py3.10.egg-info/top_level.txt
[2.534s] -- Up-to-date symlink: /home/ubuntu/ros2ws/install/abb_egm_msgs/local/lib/python3.10/dist-packages/abb_egm_msgs/__init__.py
[2.535s] -- Up-to-date symlink: /home/ubuntu/ros2ws/install/abb_egm_msgs/local/lib/python3.10/dist-packages/abb_egm_msgs/_abb_egm_msgs_s.ep.rosidl_typesupport_c.c
[2.535s] -- Up-to-date symlink: /home/ubuntu/ros2ws/install/abb_egm_msgs/local/lib/python3.10/dist-packages/abb_egm_msgs/_abb_egm_msgs_s.ep.rosidl_typesupport_fastrtps_c.c
[2.536s] -- Up-to-date symlink: /home/ubuntu/ros2ws/install/abb_egm_msgs/local/lib/python3.10/dist-packages/abb_egm_msgs/_abb_egm_msgs_s.ep.rosidl_typesupport_introspection_c.c
[2.538s] -- Up-to-date symlink: /home/ubuntu/ros2ws/install/abb_egm_msgs/local/lib/python3.10/dist-packages/abb_egm_msgs/abb_egm_msgs_s__rosidl_typesupport_c.cpython-310-x86_64-linux-gnu.so
[2.538s] -- Up-to-date symlink: /home/ubuntu/ros2ws/install/abb_egm_msgs/local/lib/python3.10/dist-packages/abb_egm_msgs/abb_egm_msgs_s__rosidl_typesupport_fastrtps_c.cpython-310-x86_64-linux-gnu.so
[2.539s] -- Up-to-date symlink: /home/ubuntu/ros2ws/install/abb_egm_msgs/local/lib/python3.10/dist-packages/abb_egm_msgs/abb_egm_msgs_s__rosidl_typesupport_introspection_c.cpython-310-x86_64-linux-gnu.so
[2.539s] -- Up-to-date symlink: /home/ubuntu/ros2ws/install/abb_egm_msgs/local/lib/python3.10/dist-packages/abb_egm_msgs/libabb_egm_msgs__rosidl_generator_py.so
[2.539s] -- Up-to-date symlink: /home/ubuntu/ros2ws/install/abb_egm_msgs/local/lib/python3.10/dist-packages/abb_egm_msgs/msg/__init__.py
[2.539s] -- Up-to-date symlink: /home/ubuntu/ros2ws/install/abb_egm_msgs/local/lib/python3.10/dist-packages/abb_egm_msgs/msg/_egm_channel_state.py
[2.539s] -- Up-to-date symlink: /home/ubuntu/ros2ws/install/abb_egm_msgs/local/lib/python3.10/dist-packages/abb_egm_msgs/msg/_egm_channel_state_s.c
[2.539s] -- Up-to-date symlink: /home/ubuntu/ros2ws/install/abb_egm_msgs/local/lib/python3.10/dist-packages/abb_egm_msgs/msg/_egm_state.py
[2.540s] -- Up-to-date symlink: /home/ubuntu/ros2ws/install/abb_egm_msgs/local/lib/python3.10/dist-packages/abb_egm_msgs/msg/_egm_state_s.c
[2.541s] -- Up-to-date symlink: /home/ubuntu/ros2ws/install/abb_egm_msgs/local/lib/python3.10/dist-packages/abb_egm_msgs/abb_egm_msgs_s__rosidl_typesupport_fastrtps_c.cpython-310-x86_64-linux-gnu.so
[2.542s] -- Up-to-date symlink: /home/ubuntu/ros2ws/install/abb_egm_msgs/local/lib/python3.10/dist-packages/abb_egm_msgs/abb_egm_msgs_s__rosidl_typesupport_introspection_c.cpython-310-x86_64-linux-gnu.so
[2.542s] -- Up-to-date symlink: /home/ubuntu/ros2ws/install/abb_egm_msgs/local/lib/python3.10/dist-packages/abb_egm_msgs/abb_egm_msgs_s__rosidl_typesupport_c.cpython-310-x86_64-linux-gnu.so
[2.542s] -- Up-to-date symlink: /home/ubuntu/ros2ws/install/abb_egm_msgs/share/abb_egm_msgs/msg/EGMChannelState.idl
[2.542s] -- Up-to-date symlink: /home/ubuntu/ros2ws/install/abb_egm_msgs/share/abb_egm_msgs/msg/EGMState.idl
[2.542s] -- Up-to-date symlink: /home/ubuntu/ros2ws/install/abb_egm_msgs/share/abb_egm_msgs/msg/EGMChannelState.msg
[2.543s] -- Up-to-date symlink: /home/ubuntu/ros2ws/install/abb_egm_msgs/share/abb_egm_msgs/msg/EGMState.msg
[2.543s] -- Up-to-date symlink: /home/ubuntu/ros2ws/install/abb_egm_msgs/share/ament_index/resource_index/package_run_dependencies/abb_egm_msgs
[2.544s] -- Up-to-date symlink: /home/ubuntu/ros2ws/install/abb_egm_msgs/share/ament_index/resource_index/parent_prefix_path/abb_egm_msgs
[2.545s] -- Up-to-date symlink: /home/ubuntu/ros2ws/install/abb_egm_msgs/share/abb_egm_msgs/environment/ament_prefix_path.sh
[2.545s] -- Up-to-date symlink: /home/ubuntu/ros2ws/install/abb_egm_msgs/share/abb_egm_msgs/environment/ament_prefix_path.dsv
[2.549s] -- Up-to-date symlink: /home/ubuntu/ros2ws/install/abb_egm_msgs/share/abb_egm_msgs/environment/path.sh
[2.549s] -- Up-to-date symlink: /home/ubuntu/ros2ws/install/abb_egm_msgs/share/abb_egm_msgs/environment/path.dsv
[2.555s] -- Up-to-date symlink: /home/ubuntu/ros2ws/install/abb_egm_msgs/share/abb_egm_msgs/local_setup.bash
[2.556s] -- Up-to-date symlink: /home/ubuntu/ros2ws/install/abb_egm_msgs/share/abb_egm_msgs/local_setup.sh
[2.557s] -- Up-to-date symlink: /home/ubuntu/ros2ws/install/abb_egm_msgs/share/abb_egm_msgs/local_setup.zsh
[2.558s] -- Up-to-date symlink: /home/ubuntu/ros2ws/install/abb_egm_msgs/share/abb_egm_msgs/local_setup.dsv
[2.558s] -- Symlinking: /home/ubuntu/ros2ws/install/abb_egm_msgs/share/abb_egm_msgs/package.dsv
[2.589s] -- Up-to-date symlink: /home/ubuntu/ros2ws/install/abb_egm_msgs/share/ament_index/resource_index/packages/abb_egm_msgs
[2.591s] -- Up-to-date symlink: /home/ubuntu/ros2ws/install/abb_egm_msgs/share/abb_egm_msgs/cmake/rosidl_cmake-extras.cmake
[2.592s] -- Up-to-date symlink: /home/ubuntu/ros2ws/install/abb_egm_msgs/share/abb_egm_msgs/cmake/ament_cmake_export_dependencies-extras.cmake
[2.594s] -- Up-to-date symlink: /home/ubuntu/ros2ws/install/abb_egm_msgs/share/abb_egm_msgs/cmake/ament_cmake_export_include_directories-extras.cmake
[2.597s] -- Up-to-date symlink: /home/ubuntu/ros2ws/install/abb_egm_msgs/share/abb_egm_msgs/cmake/ament_cmake_export_libraries-extras.cmake
[2.597s] -- Up-to-date symlink: /home/ubuntu/ros2ws/install/abb_egm_msgs/share/abb_egm_msgs/cmake/ament_cmake_export_targets-extras.cmake
[2.597s] -- Up-to-date symlink: /home/ubuntu/ros2ws/install/abb_egm_msgs/share/abb_egm_msgs/cmake/rosidl_cmake_export_typesupport_targets-extras.cmake
[2.597s] -- Up-to-date symlink: /home/ubuntu/ros2ws/install/abb_egm_msgs/share/abb_egm_msgs/cmake/rosidl_cmake_export_typesupport_libraries-extras.cmake
[2.599s] -- Up-to-date symlink: /home/ubuntu/ros2ws/install/abb_egm_msgs/share/abb_egm_msgs/cmake/abb_egm_msgsConfig.cmake
[2.601s] -- Up-to-date symlink: /home/ubuntu/ros2ws/install/abb_egm_msgs/share/abb_egm_msgs/cmake/abb_egm_msgsConfig-version.cmake
[2.603s] -- Up-to-date symlink: /home/ubuntu/ros2ws/install/abb_egm_msgs/share/abb_egm_msgs/package.xml
[2.603s] -- Up-to-date: /home/ubuntu/ros2ws/install/abb_egm_msgs/lib/libabb_egm_msgs__rosidl_generator_c.so
[2.603s] -- Up-to-date: /home/ubuntu/ros2ws/install/abb_egm_msgs/lib/libabb_egm_msgs__rosidl_typesupport_fastrtps_c.so
[2.605s] -- Up-to-date: /home/ubuntu/ros2ws/install/abb_egm_msgs/lib/libabb_egm_msgs__rosidl_typesupport_introspection_c.so
[2.605s] -- Up-to-date: /home/ubuntu/ros2ws/install/abb_egm_msgs/lib/libabb_egm_msgs__rosidl_typesupport_c.so
[2.607s] -- Up-to-date: /home/ubuntu/ros2ws/install/abb_egm_msgs/lib/libabb_egm_msgs__rosidl_typesupport_fastrtps_cpp.so
[2.610s] -- Up-to-date: /home/ubuntu/ros2ws/install/abb_egm_msgs/lib/libabb_egm_msgs__rosidl_typesupport_introspection_cpp.so
[2.611s] -- Up-to-date: /home/ubuntu/ros2ws/install/abb_egm_msgs/lib/libabb_egm_msgs__rosidl_typesupport_cpp.so
[2.728s] Listing '/home/ubuntu/ros2ws/install/abb_egm_msgs/local/lib/python3.10/dist-packages/abb_egm_msgs'...
[2.728s] Listing '/home/ubuntu/ros2ws/install/abb_egm_msgs/local/lib/python3.10/dist-packages/abb_egm_msgs/msg'...
[2.739s] -- Up-to-date: /home/ubuntu/ros2ws/install/abb_egm_msgs/lib/libabb_egm_msgs__rosidl_generator_py.so
[2.742s] -- Up-to-date: /home/ubuntu/ros2ws/install/abb_egm_msgs/share/abb_egm_msgs/cmake/export_abb_egm_msgs__rosidl_generator_cExport.cmake
[2.742s] -- Up-to-date: /home/ubuntu/ros2ws/install/abb_egm_msgs/share/abb_egm_msgs/cmake/export_abb_egm_msgs__rosidl_generator_cExport-noconfig.cmake
[2.742s] -- Up-to-date: /home/ubuntu/ros2ws/install/abb_egm_msgs/share/abb_egm_msgs/cmake/export_abb_egm_msgs__rosidl_typesupport_fastrtps_cExport.cmake
[2.744s] -- Up-to-date: /home/ubuntu/ros2ws/install/abb_egm_msgs/share/abb_egm_msgs/cmake/export_abb_egm_msgs__rosidl_typesupport_fastrtps_cExport-noconfig.cmake
[2.745s] -- Up-to-date: /home/ubuntu/ros2ws/install/abb_egm_msgs/share/abb_egm_msgs/cmake/abb_egm_msgs__rosidl_typesupport_introspection_cExport.cmake
[2.745s] -- Up-to-date: /home/ubuntu/ros2ws/install/abb_egm_msgs/share/abb_egm_msgs/cmake/abb_egm_msgs__rosidl_typesupport_introspection_cExport-noconfig.cmake
[2.746s] -- Up-to-date: /home/ubuntu/ros2ws/install/abb_egm_msgs/share/abb_egm_msgs/cmake/abb_egm_msgs__rosidl_typesupport_cExport.cmake
[2.747s] -- Up-to-date: /home/ubuntu/ros2ws/install/abb_egm_msgs/share/abb_egm_msgs/cmake/abb_egm_msgs__rosidl_typesupport_cExport-noconfig.cmake
[2.747s] -- Up-to-date: /home/ubuntu/ros2ws/install/abb_egm_msgs/share/abb_egm_msgs/cmake/export_abb_egm_msgs__rosidl_generator_cppExport.cmake
[2.748s] -- Up-to-date: /home/ubuntu/ros2ws/install/abb_egm_msgs/share/abb_egm_msgs/cmake/export_abb_egm_msgs__rosidl_typesupport_fastrtps_cppExport.cmake
[2.748s] -- Up-to-date: /home/ubuntu/ros2ws/install/abb_egm_msgs/share/abb_egm_msgs/cmake/export_abb_egm_msgs__rosidl_typesupport_fastrtps_cppExport-noconfig.cmake
[2.749s] -- Up-to-date: /home/ubuntu/ros2ws/install/abb_egm_msgs/share/abb_egm_msgs/cmake/abb_egm_msgs__rosidl_typesupport_introspection_cppExport.cmake
[2.750s] -- Up-to-date: /home/ubuntu/ros2ws/install/abb_egm_msgs/share/abb_egm_msgs/cmake/abb_egm_msgs__rosidl_typesupport_introspection_cppExport-noconfig.cmake
[2.750s] -- Up-to-date: /home/ubuntu/ros2ws/install/abb_egm_msgs/share/abb_egm_msgs/cmake/abb_egm_msgs__rosidl_typesupport_cppExport.cmake
[2.751s] -- Up-to-date: /home/ubuntu/ros2ws/install/abb_egm_msgs/share/abb_egm_msgs/cmake/abb_egm_msgs__rosidl_typesupport_cppExport-noconfig.cmake
[2.755s] -- Up-to-date: /home/ubuntu/ros2ws/install/abb_egm_msgs/share/abb_egm_msgs/cmake/export_abb_egm_msgs__rosidl_generator_pyExport.cmake
[2.755s] -- Up-to-date: /home/ubuntu/ros2ws/install/abb_egm_msgs/share/abb_egm_msgs/cmake/export_abb_egm_msgs__rosidl_generator_pyExport-noconfig.cmake
[2.761s] Invoked command in '/home/ubuntu/ros2ws/build/abb_egm_msgs' returned '0': CMAKE_PREFIX_PATH=${CMAKE_PREFIX_PATH}:/home/ubuntu/ros2ws/install/testV1:/home/ubuntu/ros2ws/install/gui_subscriber:/home/ubuntu/ros2ws/install/moveit_configs_utils:/home/ubuntu/ros2ws/install/robot_letter_writer:/home/ubuntu/ros2ws/install/launch_param_builder:/opt/ros/humble /usr/bin/cmake --install /home/ubuntu/ros2ws/build/abb_egm_msgs
