[0.028s] Invoking command in '/home/ubuntu/ros2ws/build/abb_robot_msgs': CMAKE_PREFIX_PATH=${CMAKE_PREFIX_PATH}:/opt/ros/humble /usr/bin/cmake --build /home/ubuntu/ros2ws/build/abb_robot_msgs -- -j4 -l4
[0.120s] [35m[1mConsolidate compiler generated dependencies of target abb_robot_msgs__rosidl_generator_c[0m
[0.140s] [  0%] Built target abb_robot_msgs__cpp
[0.154s] [ 13%] Built target abb_robot_msgs__rosidl_generator_c
[0.163s] [ 13%] Built target ament_cmake_python_copy_abb_robot_msgs
[0.173s] [35m[1mConsolidate compiler generated dependencies of target abb_robot_msgs__rosidl_typesupport_cpp[0m
[0.189s] [35m[1mConsolidate compiler generated dependencies of target abb_robot_msgs__rosidl_typesupport_fastrtps_cpp[0m
[0.192s] [35m[1mConsolidate compiler generated dependencies of target abb_robot_msgs__rosidl_typesupport_introspection_cpp[0m
[0.212s] [35m[1mConsolidate compiler generated dependencies of target abb_robot_msgs__rosidl_typesupport_fastrtps_c[0m
[0.227s] [ 25%] Built target abb_robot_msgs__rosidl_typesupport_cpp
[0.256s] [ 38%] Built target abb_robot_msgs__rosidl_typesupport_introspection_cpp
[0.260s] [ 50%] Built target abb_robot_msgs__rosidl_typesupport_fastrtps_cpp
[0.273s] [35m[1mConsolidate compiler generated dependencies of target abb_robot_msgs__rosidl_typesupport_introspection_c[0m
[0.291s] [ 62%] Built target abb_robot_msgs__rosidl_typesupport_fastrtps_c
[0.297s] [35m[1mConsolidate compiler generated dependencies of target abb_robot_msgs__rosidl_typesupport_c[0m
[0.325s] [ 74%] Built target abb_robot_msgs__rosidl_typesupport_introspection_c
[0.325s] [ 86%] Built target abb_robot_msgs__rosidl_typesupport_c
[0.374s] [ 86%] Built target abb_robot_msgs
[0.409s] [ 86%] Built target abb_robot_msgs__py
[0.435s] [35m[1mConsolidate compiler generated dependencies of target abb_robot_msgs__rosidl_generator_py[0m
[0.481s] [ 97%] Built target abb_robot_msgs__rosidl_generator_py
[0.503s] [35m[1mConsolidate compiler generated dependencies of target abb_robot_msgs__rosidl_typesupport_c__pyext[0m
[0.505s] [35m[1mConsolidate compiler generated dependencies of target abb_robot_msgs__rosidl_typesupport_fastrtps_c__pyext[0m
[0.511s] [35m[1mConsolidate compiler generated dependencies of target abb_robot_msgs__rosidl_typesupport_introspection_c__pyext[0m
[0.534s] [ 98%] Built target abb_robot_msgs__rosidl_typesupport_c__pyext
[0.534s] [ 99%] Built target abb_robot_msgs__rosidl_typesupport_fastrtps_c__pyext
[0.543s] [100%] Built target abb_robot_msgs__rosidl_typesupport_introspection_c__pyext
[0.614s] running egg_info
[0.616s] writing abb_robot_msgs.egg-info/PKG-INFO
[0.616s] writing dependency_links to abb_robot_msgs.egg-info/dependency_links.txt
[0.616s] writing top-level names to abb_robot_msgs.egg-info/top_level.txt
[0.619s] reading manifest file 'abb_robot_msgs.egg-info/SOURCES.txt'
[0.621s] writing manifest file 'abb_robot_msgs.egg-info/SOURCES.txt'
[0.659s] [100%] Built target ament_cmake_python_build_abb_robot_msgs_egg
[0.682s] Invoked command in '/home/ubuntu/ros2ws/build/abb_robot_msgs' returned '0': CMAKE_PREFIX_PATH=${CMAKE_PREFIX_PATH}:/opt/ros/humble /usr/bin/cmake --build /home/ubuntu/ros2ws/build/abb_robot_msgs -- -j4 -l4
[1.661s] Invoking command in '/home/ubuntu/ros2ws/build/abb_robot_msgs': CMAKE_PREFIX_PATH=${CMAKE_PREFIX_PATH}:/opt/ros/humble /usr/bin/cmake --install /home/ubuntu/ros2ws/build/abb_robot_msgs
[1.676s] -- Install configuration: ""
[1.676s] -- Up-to-date: /home/ubuntu/ros2ws/install/abb_robot_msgs/share/ament_index/resource_index/rosidl_interfaces/abb_robot_msgs
[1.676s] -- Up-to-date: /home/ubuntu/ros2ws/install/abb_robot_msgs/include/abb_robot_msgs/abb_robot_msgs
[1.676s] -- Up-to-date: /home/ubuntu/ros2ws/install/abb_robot_msgs/include/abb_robot_msgs/abb_robot_msgs/msg
[1.676s] -- Up-to-date: /home/ubuntu/ros2ws/install/abb_robot_msgs/include/abb_robot_msgs/abb_robot_msgs/msg/rapid_symbol_path.h
[1.676s] -- Up-to-date: /home/ubuntu/ros2ws/install/abb_robot_msgs/include/abb_robot_msgs/abb_robot_msgs/msg/service_responses.h
[1.676s] -- Up-to-date: /home/ubuntu/ros2ws/install/abb_robot_msgs/include/abb_robot_msgs/abb_robot_msgs/msg/rapid_task_state.h
[1.676s] -- Up-to-date: /home/ubuntu/ros2ws/install/abb_robot_msgs/include/abb_robot_msgs/abb_robot_msgs/msg/system_state.h
[1.676s] -- Up-to-date: /home/ubuntu/ros2ws/install/abb_robot_msgs/include/abb_robot_msgs/abb_robot_msgs/msg/mechanical_unit_state.h
[1.677s] -- Up-to-date: /home/ubuntu/ros2ws/install/abb_robot_msgs/include/abb_robot_msgs/abb_robot_msgs/msg/rosidl_generator_c__visibility_control.h
[1.677s] -- Up-to-date: /home/ubuntu/ros2ws/install/abb_robot_msgs/include/abb_robot_msgs/abb_robot_msgs/msg/detail
[1.677s] -- Up-to-date: /home/ubuntu/ros2ws/install/abb_robot_msgs/include/abb_robot_msgs/abb_robot_msgs/msg/detail/rapid_task_state__functions.c
[1.677s] -- Up-to-date: /home/ubuntu/ros2ws/install/abb_robot_msgs/include/abb_robot_msgs/abb_robot_msgs/msg/detail/system_state__functions.c
[1.677s] -- Up-to-date: /home/ubuntu/ros2ws/install/abb_robot_msgs/include/abb_robot_msgs/abb_robot_msgs/msg/detail/rapid_task_state__struct.h
[1.677s] -- Up-to-date: /home/ubuntu/ros2ws/install/abb_robot_msgs/include/abb_robot_msgs/abb_robot_msgs/msg/detail/rapid_symbol_path__struct.h
[1.677s] -- Up-to-date: /home/ubuntu/ros2ws/install/abb_robot_msgs/include/abb_robot_msgs/abb_robot_msgs/msg/detail/rapid_symbol_path__functions.h
[1.677s] -- Up-to-date: /home/ubuntu/ros2ws/install/abb_robot_msgs/include/abb_robot_msgs/abb_robot_msgs/msg/detail/service_responses__type_support.h
[1.677s] -- Up-to-date: /home/ubuntu/ros2ws/install/abb_robot_msgs/include/abb_robot_msgs/abb_robot_msgs/msg/detail/mechanical_unit_state__struct.h
[1.677s] -- Up-to-date: /home/ubuntu/ros2ws/install/abb_robot_msgs/include/abb_robot_msgs/abb_robot_msgs/msg/detail/rapid_task_state__functions.h
[1.677s] -- Up-to-date: /home/ubuntu/ros2ws/install/abb_robot_msgs/include/abb_robot_msgs/abb_robot_msgs/msg/detail/service_responses__struct.h
[1.677s] -- Up-to-date: /home/ubuntu/ros2ws/install/abb_robot_msgs/include/abb_robot_msgs/abb_robot_msgs/msg/detail/service_responses__functions.h
[1.677s] -- Up-to-date: /home/ubuntu/ros2ws/install/abb_robot_msgs/include/abb_robot_msgs/abb_robot_msgs/msg/detail/system_state__functions.h
[1.679s] -- Up-to-date: /home/ubuntu/ros2ws/install/abb_robot_msgs/include/abb_robot_msgs/abb_robot_msgs/msg/detail/mechanical_unit_state__functions.c
[1.683s] -- Up-to-date: /home/ubuntu/ros2ws/install/abb_robot_msgs/include/abb_robot_msgs/abb_robot_msgs/msg/detail/mechanical_unit_state__functions.h
[1.683s] -- Up-to-date: /home/ubuntu/ros2ws/install/abb_robot_msgs/include/abb_robot_msgs/abb_robot_msgs/msg/detail/system_state__type_support.h
[1.684s] -- Up-to-date: /home/ubuntu/ros2ws/install/abb_robot_msgs/include/abb_robot_msgs/abb_robot_msgs/msg/detail/system_state__struct.h
[1.684s] -- Up-to-date: /home/ubuntu/ros2ws/install/abb_robot_msgs/include/abb_robot_msgs/abb_robot_msgs/msg/detail/mechanical_unit_state__type_support.h
[1.684s] -- Up-to-date: /home/ubuntu/ros2ws/install/abb_robot_msgs/include/abb_robot_msgs/abb_robot_msgs/msg/detail/rapid_symbol_path__functions.c
[1.684s] -- Up-to-date: /home/ubuntu/ros2ws/install/abb_robot_msgs/include/abb_robot_msgs/abb_robot_msgs/msg/detail/service_responses__functions.c
[1.684s] -- Up-to-date: /home/ubuntu/ros2ws/install/abb_robot_msgs/include/abb_robot_msgs/abb_robot_msgs/msg/detail/rapid_task_state__type_support.h
[1.684s] -- Up-to-date: /home/ubuntu/ros2ws/install/abb_robot_msgs/include/abb_robot_msgs/abb_robot_msgs/msg/detail/rapid_symbol_path__type_support.h
[1.688s] -- Up-to-date: /home/ubuntu/ros2ws/install/abb_robot_msgs/include/abb_robot_msgs/abb_robot_msgs/srv
[1.688s] -- Up-to-date: /home/ubuntu/ros2ws/install/abb_robot_msgs/include/abb_robot_msgs/abb_robot_msgs/srv/set_io_signal.h
[1.688s] -- Up-to-date: /home/ubuntu/ros2ws/install/abb_robot_msgs/include/abb_robot_msgs/abb_robot_msgs/srv/set_speed_ratio.h
[1.688s] -- Up-to-date: /home/ubuntu/ros2ws/install/abb_robot_msgs/include/abb_robot_msgs/abb_robot_msgs/srv/set_file_contents.h
[1.688s] -- Up-to-date: /home/ubuntu/ros2ws/install/abb_robot_msgs/include/abb_robot_msgs/abb_robot_msgs/srv/trigger_with_result_code.h
[1.688s] -- Up-to-date: /home/ubuntu/ros2ws/install/abb_robot_msgs/include/abb_robot_msgs/abb_robot_msgs/srv/set_rapid_string.h
[1.688s] -- Up-to-date: /home/ubuntu/ros2ws/install/abb_robot_msgs/include/abb_robot_msgs/abb_robot_msgs/srv/set_rapid_symbol.h
[1.688s] -- Up-to-date: /home/ubuntu/ros2ws/install/abb_robot_msgs/include/abb_robot_msgs/abb_robot_msgs/srv/get_rapid_dnum.h
[1.689s] -- Up-to-date: /home/ubuntu/ros2ws/install/abb_robot_msgs/include/abb_robot_msgs/abb_robot_msgs/srv/get_rapid_num.h
[1.689s] -- Up-to-date: /home/ubuntu/ros2ws/install/abb_robot_msgs/include/abb_robot_msgs/abb_robot_msgs/srv/get_speed_ratio.h
[1.689s] -- Up-to-date: /home/ubuntu/ros2ws/install/abb_robot_msgs/include/abb_robot_msgs/abb_robot_msgs/srv/get_io_signal.h
[1.692s] -- Up-to-date: /home/ubuntu/ros2ws/install/abb_robot_msgs/include/abb_robot_msgs/abb_robot_msgs/srv/get_rapid_bool.h
[1.692s] -- Up-to-date: /home/ubuntu/ros2ws/install/abb_robot_msgs/include/abb_robot_msgs/abb_robot_msgs/srv/get_file_contents.h
[1.692s] -- Up-to-date: /home/ubuntu/ros2ws/install/abb_robot_msgs/include/abb_robot_msgs/abb_robot_msgs/srv/get_rapid_string.h
[1.693s] -- Up-to-date: /home/ubuntu/ros2ws/install/abb_robot_msgs/include/abb_robot_msgs/abb_robot_msgs/srv/get_robot_controller_description.h
[1.693s] -- Up-to-date: /home/ubuntu/ros2ws/install/abb_robot_msgs/include/abb_robot_msgs/abb_robot_msgs/srv/set_rapid_bool.h
[1.693s] -- Up-to-date: /home/ubuntu/ros2ws/install/abb_robot_msgs/include/abb_robot_msgs/abb_robot_msgs/srv/set_rapid_dnum.h
[1.693s] -- Up-to-date: /home/ubuntu/ros2ws/install/abb_robot_msgs/include/abb_robot_msgs/abb_robot_msgs/srv/set_rapid_num.h
[1.693s] -- Up-to-date: /home/ubuntu/ros2ws/install/abb_robot_msgs/include/abb_robot_msgs/abb_robot_msgs/srv/get_rapid_symbol.h
[1.694s] -- Up-to-date: /home/ubuntu/ros2ws/install/abb_robot_msgs/include/abb_robot_msgs/abb_robot_msgs/srv/detail
[1.694s] -- Up-to-date: /home/ubuntu/ros2ws/install/abb_robot_msgs/include/abb_robot_msgs/abb_robot_msgs/srv/detail/set_rapid_bool__type_support.h
[1.694s] -- Up-to-date: /home/ubuntu/ros2ws/install/abb_robot_msgs/include/abb_robot_msgs/abb_robot_msgs/srv/detail/get_robot_controller_description__type_support.h
[1.694s] -- Up-to-date: /home/ubuntu/ros2ws/install/abb_robot_msgs/include/abb_robot_msgs/abb_robot_msgs/srv/detail/set_rapid_num__functions.h
[1.694s] -- Up-to-date: /home/ubuntu/ros2ws/install/abb_robot_msgs/include/abb_robot_msgs/abb_robot_msgs/srv/detail/get_rapid_bool__type_support.h
[1.694s] -- Up-to-date: /home/ubuntu/ros2ws/install/abb_robot_msgs/include/abb_robot_msgs/abb_robot_msgs/srv/detail/set_file_contents__struct.h
[1.694s] -- Up-to-date: /home/ubuntu/ros2ws/install/abb_robot_msgs/include/abb_robot_msgs/abb_robot_msgs/srv/detail/set_rapid_symbol__type_support.h
[1.694s] -- Up-to-date: /home/ubuntu/ros2ws/install/abb_robot_msgs/include/abb_robot_msgs/abb_robot_msgs/srv/detail/get_rapid_dnum__functions.h
[1.697s] -- Up-to-date: /home/ubuntu/ros2ws/install/abb_robot_msgs/include/abb_robot_msgs/abb_robot_msgs/srv/detail/get_speed_ratio__functions.h
[1.697s] -- Up-to-date: /home/ubuntu/ros2ws/install/abb_robot_msgs/include/abb_robot_msgs/abb_robot_msgs/srv/detail/get_file_contents__functions.h
[1.697s] -- Up-to-date: /home/ubuntu/ros2ws/install/abb_robot_msgs/include/abb_robot_msgs/abb_robot_msgs/srv/detail/trigger_with_result_code__type_support.h
[1.697s] -- Up-to-date: /home/ubuntu/ros2ws/install/abb_robot_msgs/include/abb_robot_msgs/abb_robot_msgs/srv/detail/set_io_signal__struct.h
[1.697s] -- Up-to-date: /home/ubuntu/ros2ws/install/abb_robot_msgs/include/abb_robot_msgs/abb_robot_msgs/srv/detail/set_rapid_string__functions.c
[1.697s] -- Up-to-date: /home/ubuntu/ros2ws/install/abb_robot_msgs/include/abb_robot_msgs/abb_robot_msgs/srv/detail/set_io_signal__functions.h
[1.697s] -- Up-to-date: /home/ubuntu/ros2ws/install/abb_robot_msgs/include/abb_robot_msgs/abb_robot_msgs/srv/detail/set_speed_ratio__functions.h
[1.698s] -- Up-to-date: /home/ubuntu/ros2ws/install/abb_robot_msgs/include/abb_robot_msgs/abb_robot_msgs/srv/detail/get_rapid_num__functions.c
[1.698s] -- Up-to-date: /home/ubuntu/ros2ws/install/abb_robot_msgs/include/abb_robot_msgs/abb_robot_msgs/srv/detail/get_rapid_bool__functions.h
[1.701s] -- Up-to-date: /home/ubuntu/ros2ws/install/abb_robot_msgs/include/abb_robot_msgs/abb_robot_msgs/srv/detail/set_speed_ratio__functions.c
[1.703s] -- Up-to-date: /home/ubuntu/ros2ws/install/abb_robot_msgs/include/abb_robot_msgs/abb_robot_msgs/srv/detail/get_rapid_symbol__struct.h
[1.703s] -- Up-to-date: /home/ubuntu/ros2ws/install/abb_robot_msgs/include/abb_robot_msgs/abb_robot_msgs/srv/detail/get_rapid_num__type_support.h
[1.703s] -- Up-to-date: /home/ubuntu/ros2ws/install/abb_robot_msgs/include/abb_robot_msgs/abb_robot_msgs/srv/detail/set_file_contents__type_support.h
[1.703s] -- Up-to-date: /home/ubuntu/ros2ws/install/abb_robot_msgs/include/abb_robot_msgs/abb_robot_msgs/srv/detail/set_rapid_symbol__functions.c
[1.705s] -- Up-to-date: /home/ubuntu/ros2ws/install/abb_robot_msgs/include/abb_robot_msgs/abb_robot_msgs/srv/detail/get_rapid_bool__functions.c
[1.706s] -- Up-to-date: /home/ubuntu/ros2ws/install/abb_robot_msgs/include/abb_robot_msgs/abb_robot_msgs/srv/detail/set_io_signal__functions.c
[1.706s] -- Up-to-date: /home/ubuntu/ros2ws/install/abb_robot_msgs/include/abb_robot_msgs/abb_robot_msgs/srv/detail/trigger_with_result_code__struct.h
[1.707s] -- Up-to-date: /home/ubuntu/ros2ws/install/abb_robot_msgs/include/abb_robot_msgs/abb_robot_msgs/srv/detail/set_rapid_bool__functions.c
[1.709s] -- Up-to-date: /home/ubuntu/ros2ws/install/abb_robot_msgs/include/abb_robot_msgs/abb_robot_msgs/srv/detail/get_speed_ratio__type_support.h
[1.709s] -- Up-to-date: /home/ubuntu/ros2ws/install/abb_robot_msgs/include/abb_robot_msgs/abb_robot_msgs/srv/detail/set_rapid_dnum__functions.c
[1.709s] -- Up-to-date: /home/ubuntu/ros2ws/install/abb_robot_msgs/include/abb_robot_msgs/abb_robot_msgs/srv/detail/set_rapid_string__type_support.h
[1.709s] -- Up-to-date: /home/ubuntu/ros2ws/install/abb_robot_msgs/include/abb_robot_msgs/abb_robot_msgs/srv/detail/set_rapid_bool__functions.h
[1.709s] -- Up-to-date: /home/ubuntu/ros2ws/install/abb_robot_msgs/include/abb_robot_msgs/abb_robot_msgs/srv/detail/set_rapid_num__type_support.h
[1.709s] -- Up-to-date: /home/ubuntu/ros2ws/install/abb_robot_msgs/include/abb_robot_msgs/abb_robot_msgs/srv/detail/set_rapid_symbol__functions.h
[1.710s] -- Up-to-date: /home/ubuntu/ros2ws/install/abb_robot_msgs/include/abb_robot_msgs/abb_robot_msgs/srv/detail/get_rapid_symbol__functions.c
[1.710s] -- Up-to-date: /home/ubuntu/ros2ws/install/abb_robot_msgs/include/abb_robot_msgs/abb_robot_msgs/srv/detail/get_file_contents__functions.c
[1.710s] -- Up-to-date: /home/ubuntu/ros2ws/install/abb_robot_msgs/include/abb_robot_msgs/abb_robot_msgs/srv/detail/get_rapid_num__struct.h
[1.710s] -- Up-to-date: /home/ubuntu/ros2ws/install/abb_robot_msgs/include/abb_robot_msgs/abb_robot_msgs/srv/detail/get_rapid_dnum__type_support.h
[1.710s] -- Up-to-date: /home/ubuntu/ros2ws/install/abb_robot_msgs/include/abb_robot_msgs/abb_robot_msgs/srv/detail/get_rapid_symbol__type_support.h
[1.710s] -- Up-to-date: /home/ubuntu/ros2ws/install/abb_robot_msgs/include/abb_robot_msgs/abb_robot_msgs/srv/detail/set_io_signal__type_support.h
[1.710s] -- Up-to-date: /home/ubuntu/ros2ws/install/abb_robot_msgs/include/abb_robot_msgs/abb_robot_msgs/srv/detail/get_robot_controller_description__functions.h
[1.710s] -- Up-to-date: /home/ubuntu/ros2ws/install/abb_robot_msgs/include/abb_robot_msgs/abb_robot_msgs/srv/detail/get_robot_controller_description__struct.h
[1.713s] -- Up-to-date: /home/ubuntu/ros2ws/install/abb_robot_msgs/include/abb_robot_msgs/abb_robot_msgs/srv/detail/get_rapid_string__type_support.h
[1.713s] -- Up-to-date: /home/ubuntu/ros2ws/install/abb_robot_msgs/include/abb_robot_msgs/abb_robot_msgs/srv/detail/set_rapid_num__struct.h
[1.713s] -- Up-to-date: /home/ubuntu/ros2ws/install/abb_robot_msgs/include/abb_robot_msgs/abb_robot_msgs/srv/detail/trigger_with_result_code__functions.h
[1.714s] -- Up-to-date: /home/ubuntu/ros2ws/install/abb_robot_msgs/include/abb_robot_msgs/abb_robot_msgs/srv/detail/get_robot_controller_description__functions.c
[1.714s] -- Up-to-date: /home/ubuntu/ros2ws/install/abb_robot_msgs/include/abb_robot_msgs/abb_robot_msgs/srv/detail/set_rapid_string__struct.h
[1.714s] -- Up-to-date: /home/ubuntu/ros2ws/install/abb_robot_msgs/include/abb_robot_msgs/abb_robot_msgs/srv/detail/get_rapid_string__functions.c
[1.714s] -- Up-to-date: /home/ubuntu/ros2ws/install/abb_robot_msgs/include/abb_robot_msgs/abb_robot_msgs/srv/detail/get_io_signal__functions.c
[1.714s] -- Up-to-date: /home/ubuntu/ros2ws/install/abb_robot_msgs/include/abb_robot_msgs/abb_robot_msgs/srv/detail/set_rapid_dnum__struct.h
[1.717s] -- Up-to-date: /home/ubuntu/ros2ws/install/abb_robot_msgs/include/abb_robot_msgs/abb_robot_msgs/srv/detail/get_file_contents__struct.h
[1.719s] -- Up-to-date: /home/ubuntu/ros2ws/install/abb_robot_msgs/include/abb_robot_msgs/abb_robot_msgs/srv/detail/get_io_signal__type_support.h
[1.719s] -- Up-to-date: /home/ubuntu/ros2ws/install/abb_robot_msgs/include/abb_robot_msgs/abb_robot_msgs/srv/detail/set_rapid_num__functions.c
[1.719s] -- Up-to-date: /home/ubuntu/ros2ws/install/abb_robot_msgs/include/abb_robot_msgs/abb_robot_msgs/srv/detail/get_rapid_dnum__functions.c
[1.719s] -- Up-to-date: /home/ubuntu/ros2ws/install/abb_robot_msgs/include/abb_robot_msgs/abb_robot_msgs/srv/detail/set_rapid_bool__struct.h
[1.719s] -- Up-to-date: /home/ubuntu/ros2ws/install/abb_robot_msgs/include/abb_robot_msgs/abb_robot_msgs/srv/detail/get_rapid_string__functions.h
[1.719s] -- Up-to-date: /home/ubuntu/ros2ws/install/abb_robot_msgs/include/abb_robot_msgs/abb_robot_msgs/srv/detail/get_rapid_dnum__struct.h
[1.719s] -- Up-to-date: /home/ubuntu/ros2ws/install/abb_robot_msgs/include/abb_robot_msgs/abb_robot_msgs/srv/detail/set_file_contents__functions.h
[1.721s] -- Up-to-date: /home/ubuntu/ros2ws/install/abb_robot_msgs/include/abb_robot_msgs/abb_robot_msgs/srv/detail/trigger_with_result_code__functions.c
[1.721s] -- Up-to-date: /home/ubuntu/ros2ws/install/abb_robot_msgs/include/abb_robot_msgs/abb_robot_msgs/srv/detail/get_rapid_bool__struct.h
[1.721s] -- Up-to-date: /home/ubuntu/ros2ws/install/abb_robot_msgs/include/abb_robot_msgs/abb_robot_msgs/srv/detail/get_io_signal__struct.h
[1.721s] -- Up-to-date: /home/ubuntu/ros2ws/install/abb_robot_msgs/include/abb_robot_msgs/abb_robot_msgs/srv/detail/get_io_signal__functions.h
[1.721s] -- Up-to-date: /home/ubuntu/ros2ws/install/abb_robot_msgs/include/abb_robot_msgs/abb_robot_msgs/srv/detail/set_rapid_dnum__functions.h
[1.722s] -- Up-to-date: /home/ubuntu/ros2ws/install/abb_robot_msgs/include/abb_robot_msgs/abb_robot_msgs/srv/detail/get_rapid_string__struct.h
[1.722s] -- Up-to-date: /home/ubuntu/ros2ws/install/abb_robot_msgs/include/abb_robot_msgs/abb_robot_msgs/srv/detail/set_speed_ratio__type_support.h
[1.722s] -- Up-to-date: /home/ubuntu/ros2ws/install/abb_robot_msgs/include/abb_robot_msgs/abb_robot_msgs/srv/detail/set_speed_ratio__struct.h
[1.722s] -- Up-to-date: /home/ubuntu/ros2ws/install/abb_robot_msgs/include/abb_robot_msgs/abb_robot_msgs/srv/detail/get_file_contents__type_support.h
[1.722s] -- Up-to-date: /home/ubuntu/ros2ws/install/abb_robot_msgs/include/abb_robot_msgs/abb_robot_msgs/srv/detail/set_rapid_symbol__struct.h
[1.722s] -- Up-to-date: /home/ubuntu/ros2ws/install/abb_robot_msgs/include/abb_robot_msgs/abb_robot_msgs/srv/detail/get_speed_ratio__struct.h
[1.722s] -- Up-to-date: /home/ubuntu/ros2ws/install/abb_robot_msgs/include/abb_robot_msgs/abb_robot_msgs/srv/detail/set_rapid_dnum__type_support.h
[1.722s] -- Up-to-date: /home/ubuntu/ros2ws/install/abb_robot_msgs/include/abb_robot_msgs/abb_robot_msgs/srv/detail/set_rapid_string__functions.h
[1.723s] -- Up-to-date: /home/ubuntu/ros2ws/install/abb_robot_msgs/include/abb_robot_msgs/abb_robot_msgs/srv/detail/get_speed_ratio__functions.c
[1.723s] -- Up-to-date: /home/ubuntu/ros2ws/install/abb_robot_msgs/include/abb_robot_msgs/abb_robot_msgs/srv/detail/set_file_contents__functions.c
[1.723s] -- Up-to-date: /home/ubuntu/ros2ws/install/abb_robot_msgs/include/abb_robot_msgs/abb_robot_msgs/srv/detail/get_rapid_num__functions.h
[1.723s] -- Up-to-date: /home/ubuntu/ros2ws/install/abb_robot_msgs/include/abb_robot_msgs/abb_robot_msgs/srv/detail/get_rapid_symbol__functions.h
[1.723s] -- Up-to-date: /home/ubuntu/ros2ws/install/abb_robot_msgs/share/abb_robot_msgs/environment/library_path.sh
[1.723s] -- Up-to-date: /home/ubuntu/ros2ws/install/abb_robot_msgs/share/abb_robot_msgs/environment/library_path.dsv
[1.723s] -- Up-to-date: /home/ubuntu/ros2ws/install/abb_robot_msgs/lib/libabb_robot_msgs__rosidl_generator_c.so
[1.723s] -- Up-to-date: /home/ubuntu/ros2ws/install/abb_robot_msgs/include/abb_robot_msgs/abb_robot_msgs
[1.723s] -- Up-to-date: /home/ubuntu/ros2ws/install/abb_robot_msgs/include/abb_robot_msgs/abb_robot_msgs/msg
[1.723s] -- Up-to-date: /home/ubuntu/ros2ws/install/abb_robot_msgs/include/abb_robot_msgs/abb_robot_msgs/msg/rosidl_typesupport_fastrtps_c__visibility_control.h
[1.723s] -- Up-to-date: /home/ubuntu/ros2ws/install/abb_robot_msgs/include/abb_robot_msgs/abb_robot_msgs/msg/detail
[1.723s] -- Up-to-date: /home/ubuntu/ros2ws/install/abb_robot_msgs/include/abb_robot_msgs/abb_robot_msgs/msg/detail/rapid_symbol_path__rosidl_typesupport_fastrtps_c.h
[1.723s] -- Up-to-date: /home/ubuntu/ros2ws/install/abb_robot_msgs/include/abb_robot_msgs/abb_robot_msgs/msg/detail/system_state__rosidl_typesupport_fastrtps_c.h
[1.723s] -- Up-to-date: /home/ubuntu/ros2ws/install/abb_robot_msgs/include/abb_robot_msgs/abb_robot_msgs/msg/detail/mechanical_unit_state__rosidl_typesupport_fastrtps_c.h
[1.723s] -- Up-to-date: /home/ubuntu/ros2ws/install/abb_robot_msgs/include/abb_robot_msgs/abb_robot_msgs/msg/detail/service_responses__rosidl_typesupport_fastrtps_c.h
[1.723s] -- Up-to-date: /home/ubuntu/ros2ws/install/abb_robot_msgs/include/abb_robot_msgs/abb_robot_msgs/msg/detail/rapid_task_state__rosidl_typesupport_fastrtps_c.h
[1.723s] -- Up-to-date: /home/ubuntu/ros2ws/install/abb_robot_msgs/include/abb_robot_msgs/abb_robot_msgs/srv
[1.724s] -- Up-to-date: /home/ubuntu/ros2ws/install/abb_robot_msgs/include/abb_robot_msgs/abb_robot_msgs/srv/detail
[1.724s] -- Up-to-date: /home/ubuntu/ros2ws/install/abb_robot_msgs/include/abb_robot_msgs/abb_robot_msgs/srv/detail/get_speed_ratio__rosidl_typesupport_fastrtps_c.h
[1.724s] -- Up-to-date: /home/ubuntu/ros2ws/install/abb_robot_msgs/include/abb_robot_msgs/abb_robot_msgs/srv/detail/set_rapid_bool__rosidl_typesupport_fastrtps_c.h
[1.724s] -- Up-to-date: /home/ubuntu/ros2ws/install/abb_robot_msgs/include/abb_robot_msgs/abb_robot_msgs/srv/detail/get_io_signal__rosidl_typesupport_fastrtps_c.h
[1.724s] -- Up-to-date: /home/ubuntu/ros2ws/install/abb_robot_msgs/include/abb_robot_msgs/abb_robot_msgs/srv/detail/get_file_contents__rosidl_typesupport_fastrtps_c.h
[1.724s] -- Up-to-date: /home/ubuntu/ros2ws/install/abb_robot_msgs/include/abb_robot_msgs/abb_robot_msgs/srv/detail/set_rapid_symbol__rosidl_typesupport_fastrtps_c.h
[1.724s] -- Up-to-date: /home/ubuntu/ros2ws/install/abb_robot_msgs/include/abb_robot_msgs/abb_robot_msgs/srv/detail/get_robot_controller_description__rosidl_typesupport_fastrtps_c.h
[1.724s] -- Up-to-date: /home/ubuntu/ros2ws/install/abb_robot_msgs/include/abb_robot_msgs/abb_robot_msgs/srv/detail/set_rapid_string__rosidl_typesupport_fastrtps_c.h
[1.724s] -- Up-to-date: /home/ubuntu/ros2ws/install/abb_robot_msgs/include/abb_robot_msgs/abb_robot_msgs/srv/detail/trigger_with_result_code__rosidl_typesupport_fastrtps_c.h
[1.724s] -- Up-to-date: /home/ubuntu/ros2ws/install/abb_robot_msgs/include/abb_robot_msgs/abb_robot_msgs/srv/detail/set_file_contents__rosidl_typesupport_fastrtps_c.h
[1.725s] -- Up-to-date: /home/ubuntu/ros2ws/install/abb_robot_msgs/include/abb_robot_msgs/abb_robot_msgs/srv/detail/get_rapid_bool__rosidl_typesupport_fastrtps_c.h
[1.725s] -- Up-to-date: /home/ubuntu/ros2ws/install/abb_robot_msgs/include/abb_robot_msgs/abb_robot_msgs/srv/detail/set_speed_ratio__rosidl_typesupport_fastrtps_c.h
[1.726s] -- Up-to-date: /home/ubuntu/ros2ws/install/abb_robot_msgs/include/abb_robot_msgs/abb_robot_msgs/srv/detail/set_rapid_dnum__rosidl_typesupport_fastrtps_c.h
[1.726s] -- Up-to-date: /home/ubuntu/ros2ws/install/abb_robot_msgs/include/abb_robot_msgs/abb_robot_msgs/srv/detail/get_rapid_dnum__rosidl_typesupport_fastrtps_c.h
[1.726s] -- Up-to-date: /home/ubuntu/ros2ws/install/abb_robot_msgs/include/abb_robot_msgs/abb_robot_msgs/srv/detail/get_rapid_symbol__rosidl_typesupport_fastrtps_c.h
[1.726s] -- Up-to-date: /home/ubuntu/ros2ws/install/abb_robot_msgs/include/abb_robot_msgs/abb_robot_msgs/srv/detail/set_rapid_num__rosidl_typesupport_fastrtps_c.h
[1.726s] -- Up-to-date: /home/ubuntu/ros2ws/install/abb_robot_msgs/include/abb_robot_msgs/abb_robot_msgs/srv/detail/get_rapid_string__rosidl_typesupport_fastrtps_c.h
[1.726s] -- Up-to-date: /home/ubuntu/ros2ws/install/abb_robot_msgs/include/abb_robot_msgs/abb_robot_msgs/srv/detail/set_io_signal__rosidl_typesupport_fastrtps_c.h
[1.727s] -- Up-to-date: /home/ubuntu/ros2ws/install/abb_robot_msgs/include/abb_robot_msgs/abb_robot_msgs/srv/detail/get_rapid_num__rosidl_typesupport_fastrtps_c.h
[1.727s] -- Up-to-date: /home/ubuntu/ros2ws/install/abb_robot_msgs/lib/libabb_robot_msgs__rosidl_typesupport_fastrtps_c.so
[1.727s] -- Up-to-date: /home/ubuntu/ros2ws/install/abb_robot_msgs/include/abb_robot_msgs/abb_robot_msgs
[1.727s] -- Up-to-date: /home/ubuntu/ros2ws/install/abb_robot_msgs/include/abb_robot_msgs/abb_robot_msgs/msg
[1.728s] -- Up-to-date: /home/ubuntu/ros2ws/install/abb_robot_msgs/include/abb_robot_msgs/abb_robot_msgs/msg/rosidl_typesupport_introspection_c__visibility_control.h
[1.728s] -- Up-to-date: /home/ubuntu/ros2ws/install/abb_robot_msgs/include/abb_robot_msgs/abb_robot_msgs/msg/detail
[1.728s] -- Up-to-date: /home/ubuntu/ros2ws/install/abb_robot_msgs/include/abb_robot_msgs/abb_robot_msgs/msg/detail/service_responses__type_support.c
[1.729s] -- Up-to-date: /home/ubuntu/ros2ws/install/abb_robot_msgs/include/abb_robot_msgs/abb_robot_msgs/msg/detail/rapid_task_state__rosidl_typesupport_introspection_c.h
[1.729s] -- Up-to-date: /home/ubuntu/ros2ws/install/abb_robot_msgs/include/abb_robot_msgs/abb_robot_msgs/msg/detail/mechanical_unit_state__rosidl_typesupport_introspection_c.h
[1.729s] -- Up-to-date: /home/ubuntu/ros2ws/install/abb_robot_msgs/include/abb_robot_msgs/abb_robot_msgs/msg/detail/service_responses__rosidl_typesupport_introspection_c.h
[1.729s] -- Up-to-date: /home/ubuntu/ros2ws/install/abb_robot_msgs/include/abb_robot_msgs/abb_robot_msgs/msg/detail/mechanical_unit_state__type_support.c
[1.729s] -- Up-to-date: /home/ubuntu/ros2ws/install/abb_robot_msgs/include/abb_robot_msgs/abb_robot_msgs/msg/detail/system_state__type_support.c
[1.729s] -- Up-to-date: /home/ubuntu/ros2ws/install/abb_robot_msgs/include/abb_robot_msgs/abb_robot_msgs/msg/detail/rapid_task_state__type_support.c
[1.729s] -- Up-to-date: /home/ubuntu/ros2ws/install/abb_robot_msgs/include/abb_robot_msgs/abb_robot_msgs/msg/detail/rapid_symbol_path__type_support.c
[1.729s] -- Up-to-date: /home/ubuntu/ros2ws/install/abb_robot_msgs/include/abb_robot_msgs/abb_robot_msgs/msg/detail/system_state__rosidl_typesupport_introspection_c.h
[1.729s] -- Up-to-date: /home/ubuntu/ros2ws/install/abb_robot_msgs/include/abb_robot_msgs/abb_robot_msgs/msg/detail/rapid_symbol_path__rosidl_typesupport_introspection_c.h
[1.729s] -- Up-to-date: /home/ubuntu/ros2ws/install/abb_robot_msgs/include/abb_robot_msgs/abb_robot_msgs/srv
[1.729s] -- Up-to-date: /home/ubuntu/ros2ws/install/abb_robot_msgs/include/abb_robot_msgs/abb_robot_msgs/srv/detail
[1.729s] -- Up-to-date: /home/ubuntu/ros2ws/install/abb_robot_msgs/include/abb_robot_msgs/abb_robot_msgs/srv/detail/get_rapid_symbol__rosidl_typesupport_introspection_c.h
[1.729s] -- Up-to-date: /home/ubuntu/ros2ws/install/abb_robot_msgs/include/abb_robot_msgs/abb_robot_msgs/srv/detail/trigger_with_result_code__rosidl_typesupport_introspection_c.h
[1.729s] -- Up-to-date: /home/ubuntu/ros2ws/install/abb_robot_msgs/include/abb_robot_msgs/abb_robot_msgs/srv/detail/set_speed_ratio__rosidl_typesupport_introspection_c.h
[1.729s] -- Up-to-date: /home/ubuntu/ros2ws/install/abb_robot_msgs/include/abb_robot_msgs/abb_robot_msgs/srv/detail/get_rapid_bool__type_support.c
[1.730s] -- Up-to-date: /home/ubuntu/ros2ws/install/abb_robot_msgs/include/abb_robot_msgs/abb_robot_msgs/srv/detail/set_rapid_dnum__rosidl_typesupport_introspection_c.h
[1.730s] -- Up-to-date: /home/ubuntu/ros2ws/install/abb_robot_msgs/include/abb_robot_msgs/abb_robot_msgs/srv/detail/set_rapid_symbol__rosidl_typesupport_introspection_c.h
[1.730s] -- Up-to-date: /home/ubuntu/ros2ws/install/abb_robot_msgs/include/abb_robot_msgs/abb_robot_msgs/srv/detail/get_speed_ratio__rosidl_typesupport_introspection_c.h
[1.730s] -- Up-to-date: /home/ubuntu/ros2ws/install/abb_robot_msgs/include/abb_robot_msgs/abb_robot_msgs/srv/detail/set_rapid_string__type_support.c
[1.730s] -- Up-to-date: /home/ubuntu/ros2ws/install/abb_robot_msgs/include/abb_robot_msgs/abb_robot_msgs/srv/detail/get_speed_ratio__type_support.c
[1.730s] -- Up-to-date: /home/ubuntu/ros2ws/install/abb_robot_msgs/include/abb_robot_msgs/abb_robot_msgs/srv/detail/set_file_contents__rosidl_typesupport_introspection_c.h
[1.730s] -- Up-to-date: /home/ubuntu/ros2ws/install/abb_robot_msgs/include/abb_robot_msgs/abb_robot_msgs/srv/detail/get_rapid_num__type_support.c
[1.730s] -- Up-to-date: /home/ubuntu/ros2ws/install/abb_robot_msgs/include/abb_robot_msgs/abb_robot_msgs/srv/detail/get_rapid_dnum__rosidl_typesupport_introspection_c.h
[1.730s] -- Up-to-date: /home/ubuntu/ros2ws/install/abb_robot_msgs/include/abb_robot_msgs/abb_robot_msgs/srv/detail/get_rapid_dnum__type_support.c
[1.730s] -- Up-to-date: /home/ubuntu/ros2ws/install/abb_robot_msgs/include/abb_robot_msgs/abb_robot_msgs/srv/detail/get_file_contents__rosidl_typesupport_introspection_c.h
[1.731s] -- Up-to-date: /home/ubuntu/ros2ws/install/abb_robot_msgs/include/abb_robot_msgs/abb_robot_msgs/srv/detail/set_io_signal__rosidl_typesupport_introspection_c.h
[1.731s] -- Up-to-date: /home/ubuntu/ros2ws/install/abb_robot_msgs/include/abb_robot_msgs/abb_robot_msgs/srv/detail/set_rapid_dnum__type_support.c
[1.731s] -- Up-to-date: /home/ubuntu/ros2ws/install/abb_robot_msgs/include/abb_robot_msgs/abb_robot_msgs/srv/detail/get_io_signal__rosidl_typesupport_introspection_c.h
[1.731s] -- Up-to-date: /home/ubuntu/ros2ws/install/abb_robot_msgs/include/abb_robot_msgs/abb_robot_msgs/srv/detail/get_rapid_string__type_support.c
[1.731s] -- Up-to-date: /home/ubuntu/ros2ws/install/abb_robot_msgs/include/abb_robot_msgs/abb_robot_msgs/srv/detail/set_rapid_num__type_support.c
[1.731s] -- Up-to-date: /home/ubuntu/ros2ws/install/abb_robot_msgs/include/abb_robot_msgs/abb_robot_msgs/srv/detail/set_rapid_num__rosidl_typesupport_introspection_c.h
[1.731s] -- Up-to-date: /home/ubuntu/ros2ws/install/abb_robot_msgs/include/abb_robot_msgs/abb_robot_msgs/srv/detail/get_io_signal__type_support.c
[1.731s] -- Up-to-date: /home/ubuntu/ros2ws/install/abb_robot_msgs/include/abb_robot_msgs/abb_robot_msgs/srv/detail/get_rapid_bool__rosidl_typesupport_introspection_c.h
[1.732s] -- Up-to-date: /home/ubuntu/ros2ws/install/abb_robot_msgs/include/abb_robot_msgs/abb_robot_msgs/srv/detail/get_robot_controller_description__rosidl_typesupport_introspection_c.h
[1.732s] -- Up-to-date: /home/ubuntu/ros2ws/install/abb_robot_msgs/include/abb_robot_msgs/abb_robot_msgs/srv/detail/set_file_contents__type_support.c
[1.732s] -- Up-to-date: /home/ubuntu/ros2ws/install/abb_robot_msgs/include/abb_robot_msgs/abb_robot_msgs/srv/detail/set_rapid_string__rosidl_typesupport_introspection_c.h
[1.732s] -- Up-to-date: /home/ubuntu/ros2ws/install/abb_robot_msgs/include/abb_robot_msgs/abb_robot_msgs/srv/detail/get_file_contents__type_support.c
[1.732s] -- Up-to-date: /home/ubuntu/ros2ws/install/abb_robot_msgs/include/abb_robot_msgs/abb_robot_msgs/srv/detail/get_rapid_num__rosidl_typesupport_introspection_c.h
[1.732s] -- Up-to-date: /home/ubuntu/ros2ws/install/abb_robot_msgs/include/abb_robot_msgs/abb_robot_msgs/srv/detail/set_rapid_bool__rosidl_typesupport_introspection_c.h
[1.732s] -- Up-to-date: /home/ubuntu/ros2ws/install/abb_robot_msgs/include/abb_robot_msgs/abb_robot_msgs/srv/detail/get_rapid_string__rosidl_typesupport_introspection_c.h
[1.732s] -- Up-to-date: /home/ubuntu/ros2ws/install/abb_robot_msgs/include/abb_robot_msgs/abb_robot_msgs/srv/detail/set_speed_ratio__type_support.c
[1.732s] -- Up-to-date: /home/ubuntu/ros2ws/install/abb_robot_msgs/include/abb_robot_msgs/abb_robot_msgs/srv/detail/set_rapid_symbol__type_support.c
[1.732s] -- Up-to-date: /home/ubuntu/ros2ws/install/abb_robot_msgs/include/abb_robot_msgs/abb_robot_msgs/srv/detail/set_rapid_bool__type_support.c
[1.732s] -- Up-to-date: /home/ubuntu/ros2ws/install/abb_robot_msgs/include/abb_robot_msgs/abb_robot_msgs/srv/detail/get_rapid_symbol__type_support.c
[1.732s] -- Up-to-date: /home/ubuntu/ros2ws/install/abb_robot_msgs/include/abb_robot_msgs/abb_robot_msgs/srv/detail/trigger_with_result_code__type_support.c
[1.733s] -- Up-to-date: /home/ubuntu/ros2ws/install/abb_robot_msgs/include/abb_robot_msgs/abb_robot_msgs/srv/detail/set_io_signal__type_support.c
[1.733s] -- Up-to-date: /home/ubuntu/ros2ws/install/abb_robot_msgs/include/abb_robot_msgs/abb_robot_msgs/srv/detail/get_robot_controller_description__type_support.c
[1.733s] -- Up-to-date: /home/ubuntu/ros2ws/install/abb_robot_msgs/lib/libabb_robot_msgs__rosidl_typesupport_introspection_c.so
[1.733s] -- Up-to-date: /home/ubuntu/ros2ws/install/abb_robot_msgs/lib/libabb_robot_msgs__rosidl_typesupport_c.so
[1.733s] -- Up-to-date: /home/ubuntu/ros2ws/install/abb_robot_msgs/include/abb_robot_msgs/abb_robot_msgs
[1.733s] -- Up-to-date: /home/ubuntu/ros2ws/install/abb_robot_msgs/include/abb_robot_msgs/abb_robot_msgs/msg
[1.733s] -- Up-to-date: /home/ubuntu/ros2ws/install/abb_robot_msgs/include/abb_robot_msgs/abb_robot_msgs/msg/rapid_symbol_path.hpp
[1.733s] -- Up-to-date: /home/ubuntu/ros2ws/install/abb_robot_msgs/include/abb_robot_msgs/abb_robot_msgs/msg/system_state.hpp
[1.733s] -- Up-to-date: /home/ubuntu/ros2ws/install/abb_robot_msgs/include/abb_robot_msgs/abb_robot_msgs/msg/service_responses.hpp
[1.734s] -- Up-to-date: /home/ubuntu/ros2ws/install/abb_robot_msgs/include/abb_robot_msgs/abb_robot_msgs/msg/rapid_task_state.hpp
[1.734s] -- Up-to-date: /home/ubuntu/ros2ws/install/abb_robot_msgs/include/abb_robot_msgs/abb_robot_msgs/msg/mechanical_unit_state.hpp
[1.734s] -- Up-to-date: /home/ubuntu/ros2ws/install/abb_robot_msgs/include/abb_robot_msgs/abb_robot_msgs/msg/detail
[1.734s] -- Up-to-date: /home/ubuntu/ros2ws/install/abb_robot_msgs/include/abb_robot_msgs/abb_robot_msgs/msg/detail/rapid_task_state__struct.hpp
[1.734s] -- Up-to-date: /home/ubuntu/ros2ws/install/abb_robot_msgs/include/abb_robot_msgs/abb_robot_msgs/msg/detail/mechanical_unit_state__builder.hpp
[1.734s] -- Up-to-date: /home/ubuntu/ros2ws/install/abb_robot_msgs/include/abb_robot_msgs/abb_robot_msgs/msg/detail/rapid_symbol_path__struct.hpp
[1.734s] -- Up-to-date: /home/ubuntu/ros2ws/install/abb_robot_msgs/include/abb_robot_msgs/abb_robot_msgs/msg/detail/service_responses__builder.hpp
[1.737s] -- Up-to-date: /home/ubuntu/ros2ws/install/abb_robot_msgs/include/abb_robot_msgs/abb_robot_msgs/msg/detail/system_state__builder.hpp
[1.737s] -- Up-to-date: /home/ubuntu/ros2ws/install/abb_robot_msgs/include/abb_robot_msgs/abb_robot_msgs/msg/detail/service_responses__traits.hpp
[1.737s] -- Up-to-date: /home/ubuntu/ros2ws/install/abb_robot_msgs/include/abb_robot_msgs/abb_robot_msgs/msg/detail/mechanical_unit_state__traits.hpp
[1.737s] -- Up-to-date: /home/ubuntu/ros2ws/install/abb_robot_msgs/include/abb_robot_msgs/abb_robot_msgs/msg/detail/rapid_task_state__traits.hpp
[1.738s] -- Up-to-date: /home/ubuntu/ros2ws/install/abb_robot_msgs/include/abb_robot_msgs/abb_robot_msgs/msg/detail/mechanical_unit_state__struct.hpp
[1.738s] -- Up-to-date: /home/ubuntu/ros2ws/install/abb_robot_msgs/include/abb_robot_msgs/abb_robot_msgs/msg/detail/rapid_task_state__builder.hpp
[1.738s] -- Up-to-date: /home/ubuntu/ros2ws/install/abb_robot_msgs/include/abb_robot_msgs/abb_robot_msgs/msg/detail/rapid_symbol_path__traits.hpp
[1.738s] -- Up-to-date: /home/ubuntu/ros2ws/install/abb_robot_msgs/include/abb_robot_msgs/abb_robot_msgs/msg/detail/system_state__struct.hpp
[1.738s] -- Up-to-date: /home/ubuntu/ros2ws/install/abb_robot_msgs/include/abb_robot_msgs/abb_robot_msgs/msg/detail/service_responses__struct.hpp
[1.738s] -- Up-to-date: /home/ubuntu/ros2ws/install/abb_robot_msgs/include/abb_robot_msgs/abb_robot_msgs/msg/detail/system_state__traits.hpp
[1.738s] -- Up-to-date: /home/ubuntu/ros2ws/install/abb_robot_msgs/include/abb_robot_msgs/abb_robot_msgs/msg/detail/rapid_symbol_path__builder.hpp
[1.738s] -- Up-to-date: /home/ubuntu/ros2ws/install/abb_robot_msgs/include/abb_robot_msgs/abb_robot_msgs/srv
[1.738s] -- Up-to-date: /home/ubuntu/ros2ws/install/abb_robot_msgs/include/abb_robot_msgs/abb_robot_msgs/srv/get_rapid_symbol.hpp
[1.738s] -- Up-to-date: /home/ubuntu/ros2ws/install/abb_robot_msgs/include/abb_robot_msgs/abb_robot_msgs/srv/get_rapid_bool.hpp
[1.738s] -- Up-to-date: /home/ubuntu/ros2ws/install/abb_robot_msgs/include/abb_robot_msgs/abb_robot_msgs/srv/set_rapid_dnum.hpp
[1.739s] -- Up-to-date: /home/ubuntu/ros2ws/install/abb_robot_msgs/include/abb_robot_msgs/abb_robot_msgs/srv/trigger_with_result_code.hpp
[1.739s] -- Up-to-date: /home/ubuntu/ros2ws/install/abb_robot_msgs/include/abb_robot_msgs/abb_robot_msgs/srv/get_file_contents.hpp
[1.739s] -- Up-to-date: /home/ubuntu/ros2ws/install/abb_robot_msgs/include/abb_robot_msgs/abb_robot_msgs/srv/set_rapid_num.hpp
[1.739s] -- Up-to-date: /home/ubuntu/ros2ws/install/abb_robot_msgs/include/abb_robot_msgs/abb_robot_msgs/srv/set_rapid_symbol.hpp
[1.739s] -- Up-to-date: /home/ubuntu/ros2ws/install/abb_robot_msgs/include/abb_robot_msgs/abb_robot_msgs/srv/get_robot_controller_description.hpp
[1.739s] -- Up-to-date: /home/ubuntu/ros2ws/install/abb_robot_msgs/include/abb_robot_msgs/abb_robot_msgs/srv/get_rapid_num.hpp
[1.739s] -- Up-to-date: /home/ubuntu/ros2ws/install/abb_robot_msgs/include/abb_robot_msgs/abb_robot_msgs/srv/set_rapid_bool.hpp
[1.739s] -- Up-to-date: /home/ubuntu/ros2ws/install/abb_robot_msgs/include/abb_robot_msgs/abb_robot_msgs/srv/get_io_signal.hpp
[1.739s] -- Up-to-date: /home/ubuntu/ros2ws/install/abb_robot_msgs/include/abb_robot_msgs/abb_robot_msgs/srv/set_io_signal.hpp
[1.739s] -- Up-to-date: /home/ubuntu/ros2ws/install/abb_robot_msgs/include/abb_robot_msgs/abb_robot_msgs/srv/set_file_contents.hpp
[1.739s] -- Up-to-date: /home/ubuntu/ros2ws/install/abb_robot_msgs/include/abb_robot_msgs/abb_robot_msgs/srv/get_rapid_dnum.hpp
[1.739s] -- Up-to-date: /home/ubuntu/ros2ws/install/abb_robot_msgs/include/abb_robot_msgs/abb_robot_msgs/srv/set_rapid_string.hpp
[1.739s] -- Up-to-date: /home/ubuntu/ros2ws/install/abb_robot_msgs/include/abb_robot_msgs/abb_robot_msgs/srv/get_rapid_string.hpp
[1.739s] -- Up-to-date: /home/ubuntu/ros2ws/install/abb_robot_msgs/include/abb_robot_msgs/abb_robot_msgs/srv/set_speed_ratio.hpp
[1.739s] -- Up-to-date: /home/ubuntu/ros2ws/install/abb_robot_msgs/include/abb_robot_msgs/abb_robot_msgs/srv/detail
[1.739s] -- Up-to-date: /home/ubuntu/ros2ws/install/abb_robot_msgs/include/abb_robot_msgs/abb_robot_msgs/srv/detail/get_rapid_string__traits.hpp
[1.739s] -- Up-to-date: /home/ubuntu/ros2ws/install/abb_robot_msgs/include/abb_robot_msgs/abb_robot_msgs/srv/detail/set_rapid_symbol__builder.hpp
[1.740s] -- Up-to-date: /home/ubuntu/ros2ws/install/abb_robot_msgs/include/abb_robot_msgs/abb_robot_msgs/srv/detail/set_rapid_num__struct.hpp
[1.740s] -- Up-to-date: /home/ubuntu/ros2ws/install/abb_robot_msgs/include/abb_robot_msgs/abb_robot_msgs/srv/detail/get_io_signal__struct.hpp
[1.740s] -- Up-to-date: /home/ubuntu/ros2ws/install/abb_robot_msgs/include/abb_robot_msgs/abb_robot_msgs/srv/detail/set_speed_ratio__struct.hpp
[1.740s] -- Up-to-date: /home/ubuntu/ros2ws/install/abb_robot_msgs/include/abb_robot_msgs/abb_robot_msgs/srv/detail/set_file_contents__traits.hpp
[1.741s] -- Up-to-date: /home/ubuntu/ros2ws/install/abb_robot_msgs/include/abb_robot_msgs/abb_robot_msgs/srv/detail/set_rapid_num__builder.hpp
[1.742s] -- Up-to-date: /home/ubuntu/ros2ws/install/abb_robot_msgs/include/abb_robot_msgs/abb_robot_msgs/srv/detail/get_rapid_num__struct.hpp
[1.742s] -- Up-to-date: /home/ubuntu/ros2ws/install/abb_robot_msgs/include/abb_robot_msgs/abb_robot_msgs/srv/detail/set_rapid_dnum__struct.hpp
[1.742s] -- Up-to-date: /home/ubuntu/ros2ws/install/abb_robot_msgs/include/abb_robot_msgs/abb_robot_msgs/srv/detail/get_rapid_dnum__builder.hpp
[1.742s] -- Up-to-date: /home/ubuntu/ros2ws/install/abb_robot_msgs/include/abb_robot_msgs/abb_robot_msgs/srv/detail/get_file_contents__builder.hpp
[1.743s] -- Up-to-date: /home/ubuntu/ros2ws/install/abb_robot_msgs/include/abb_robot_msgs/abb_robot_msgs/srv/detail/set_rapid_bool__struct.hpp
[1.743s] -- Up-to-date: /home/ubuntu/ros2ws/install/abb_robot_msgs/include/abb_robot_msgs/abb_robot_msgs/srv/detail/get_rapid_num__builder.hpp
[1.743s] -- Up-to-date: /home/ubuntu/ros2ws/install/abb_robot_msgs/include/abb_robot_msgs/abb_robot_msgs/srv/detail/set_rapid_string__builder.hpp
[1.743s] -- Up-to-date: /home/ubuntu/ros2ws/install/abb_robot_msgs/include/abb_robot_msgs/abb_robot_msgs/srv/detail/set_rapid_num__traits.hpp
[1.743s] -- Up-to-date: /home/ubuntu/ros2ws/install/abb_robot_msgs/include/abb_robot_msgs/abb_robot_msgs/srv/detail/get_speed_ratio__traits.hpp
[1.743s] -- Up-to-date: /home/ubuntu/ros2ws/install/abb_robot_msgs/include/abb_robot_msgs/abb_robot_msgs/srv/detail/set_speed_ratio__traits.hpp
[1.743s] -- Up-to-date: /home/ubuntu/ros2ws/install/abb_robot_msgs/include/abb_robot_msgs/abb_robot_msgs/srv/detail/get_rapid_bool__traits.hpp
[1.743s] -- Up-to-date: /home/ubuntu/ros2ws/install/abb_robot_msgs/include/abb_robot_msgs/abb_robot_msgs/srv/detail/get_io_signal__builder.hpp
[1.743s] -- Up-to-date: /home/ubuntu/ros2ws/install/abb_robot_msgs/include/abb_robot_msgs/abb_robot_msgs/srv/detail/get_file_contents__struct.hpp
[1.743s] -- Up-to-date: /home/ubuntu/ros2ws/install/abb_robot_msgs/include/abb_robot_msgs/abb_robot_msgs/srv/detail/get_file_contents__traits.hpp
[1.743s] -- Up-to-date: /home/ubuntu/ros2ws/install/abb_robot_msgs/include/abb_robot_msgs/abb_robot_msgs/srv/detail/set_file_contents__builder.hpp
[1.743s] -- Up-to-date: /home/ubuntu/ros2ws/install/abb_robot_msgs/include/abb_robot_msgs/abb_robot_msgs/srv/detail/set_rapid_bool__builder.hpp
[1.743s] -- Up-to-date: /home/ubuntu/ros2ws/install/abb_robot_msgs/include/abb_robot_msgs/abb_robot_msgs/srv/detail/get_rapid_string__struct.hpp
[1.743s] -- Up-to-date: /home/ubuntu/ros2ws/install/abb_robot_msgs/include/abb_robot_msgs/abb_robot_msgs/srv/detail/get_rapid_dnum__traits.hpp
[1.743s] -- Up-to-date: /home/ubuntu/ros2ws/install/abb_robot_msgs/include/abb_robot_msgs/abb_robot_msgs/srv/detail/trigger_with_result_code__traits.hpp
[1.743s] -- Up-to-date: /home/ubuntu/ros2ws/install/abb_robot_msgs/include/abb_robot_msgs/abb_robot_msgs/srv/detail/set_speed_ratio__builder.hpp
[1.743s] -- Up-to-date: /home/ubuntu/ros2ws/install/abb_robot_msgs/include/abb_robot_msgs/abb_robot_msgs/srv/detail/get_robot_controller_description__struct.hpp
[1.744s] -- Up-to-date: /home/ubuntu/ros2ws/install/abb_robot_msgs/include/abb_robot_msgs/abb_robot_msgs/srv/detail/set_rapid_string__struct.hpp
[1.744s] -- Up-to-date: /home/ubuntu/ros2ws/install/abb_robot_msgs/include/abb_robot_msgs/abb_robot_msgs/srv/detail/set_io_signal__struct.hpp
[1.744s] -- Up-to-date: /home/ubuntu/ros2ws/install/abb_robot_msgs/include/abb_robot_msgs/abb_robot_msgs/srv/detail/trigger_with_result_code__builder.hpp
[1.744s] -- Up-to-date: /home/ubuntu/ros2ws/install/abb_robot_msgs/include/abb_robot_msgs/abb_robot_msgs/srv/detail/get_rapid_symbol__builder.hpp
[1.744s] -- Up-to-date: /home/ubuntu/ros2ws/install/abb_robot_msgs/include/abb_robot_msgs/abb_robot_msgs/srv/detail/set_io_signal__builder.hpp
[1.744s] -- Up-to-date: /home/ubuntu/ros2ws/install/abb_robot_msgs/include/abb_robot_msgs/abb_robot_msgs/srv/detail/get_rapid_bool__struct.hpp
[1.744s] -- Up-to-date: /home/ubuntu/ros2ws/install/abb_robot_msgs/include/abb_robot_msgs/abb_robot_msgs/srv/detail/set_rapid_bool__traits.hpp
[1.744s] -- Up-to-date: /home/ubuntu/ros2ws/install/abb_robot_msgs/include/abb_robot_msgs/abb_robot_msgs/srv/detail/set_rapid_dnum__traits.hpp
[1.745s] -- Up-to-date: /home/ubuntu/ros2ws/install/abb_robot_msgs/include/abb_robot_msgs/abb_robot_msgs/srv/detail/set_rapid_symbol__struct.hpp
[1.745s] -- Up-to-date: /home/ubuntu/ros2ws/install/abb_robot_msgs/include/abb_robot_msgs/abb_robot_msgs/srv/detail/get_speed_ratio__builder.hpp
[1.745s] -- Up-to-date: /home/ubuntu/ros2ws/install/abb_robot_msgs/include/abb_robot_msgs/abb_robot_msgs/srv/detail/get_rapid_bool__builder.hpp
[1.745s] -- Up-to-date: /home/ubuntu/ros2ws/install/abb_robot_msgs/include/abb_robot_msgs/abb_robot_msgs/srv/detail/get_rapid_symbol__struct.hpp
[1.745s] -- Up-to-date: /home/ubuntu/ros2ws/install/abb_robot_msgs/include/abb_robot_msgs/abb_robot_msgs/srv/detail/get_robot_controller_description__builder.hpp
[1.745s] -- Up-to-date: /home/ubuntu/ros2ws/install/abb_robot_msgs/include/abb_robot_msgs/abb_robot_msgs/srv/detail/set_rapid_dnum__builder.hpp
[1.746s] -- Up-to-date: /home/ubuntu/ros2ws/install/abb_robot_msgs/include/abb_robot_msgs/abb_robot_msgs/srv/detail/get_rapid_dnum__struct.hpp
[1.749s] -- Up-to-date: /home/ubuntu/ros2ws/install/abb_robot_msgs/include/abb_robot_msgs/abb_robot_msgs/srv/detail/get_rapid_num__traits.hpp
[1.749s] -- Up-to-date: /home/ubuntu/ros2ws/install/abb_robot_msgs/include/abb_robot_msgs/abb_robot_msgs/srv/detail/set_rapid_string__traits.hpp
[1.749s] -- Up-to-date: /home/ubuntu/ros2ws/install/abb_robot_msgs/include/abb_robot_msgs/abb_robot_msgs/srv/detail/get_robot_controller_description__traits.hpp
[1.749s] -- Up-to-date: /home/ubuntu/ros2ws/install/abb_robot_msgs/include/abb_robot_msgs/abb_robot_msgs/srv/detail/set_rapid_symbol__traits.hpp
[1.749s] -- Up-to-date: /home/ubuntu/ros2ws/install/abb_robot_msgs/include/abb_robot_msgs/abb_robot_msgs/srv/detail/get_rapid_string__builder.hpp
[1.750s] -- Up-to-date: /home/ubuntu/ros2ws/install/abb_robot_msgs/include/abb_robot_msgs/abb_robot_msgs/srv/detail/get_rapid_symbol__traits.hpp
[1.750s] -- Up-to-date: /home/ubuntu/ros2ws/install/abb_robot_msgs/include/abb_robot_msgs/abb_robot_msgs/srv/detail/get_io_signal__traits.hpp
[1.750s] -- Up-to-date: /home/ubuntu/ros2ws/install/abb_robot_msgs/include/abb_robot_msgs/abb_robot_msgs/srv/detail/trigger_with_result_code__struct.hpp
[1.750s] -- Up-to-date: /home/ubuntu/ros2ws/install/abb_robot_msgs/include/abb_robot_msgs/abb_robot_msgs/srv/detail/set_file_contents__struct.hpp
[1.750s] -- Up-to-date: /home/ubuntu/ros2ws/install/abb_robot_msgs/include/abb_robot_msgs/abb_robot_msgs/srv/detail/set_io_signal__traits.hpp
[1.750s] -- Up-to-date: /home/ubuntu/ros2ws/install/abb_robot_msgs/include/abb_robot_msgs/abb_robot_msgs/srv/detail/get_speed_ratio__struct.hpp
[1.750s] -- Up-to-date: /home/ubuntu/ros2ws/install/abb_robot_msgs/include/abb_robot_msgs/abb_robot_msgs/srv/get_speed_ratio.hpp
[1.750s] -- Up-to-date: /home/ubuntu/ros2ws/install/abb_robot_msgs/include/abb_robot_msgs/abb_robot_msgs
[1.751s] -- Up-to-date: /home/ubuntu/ros2ws/install/abb_robot_msgs/include/abb_robot_msgs/abb_robot_msgs/msg
[1.751s] -- Up-to-date: /home/ubuntu/ros2ws/install/abb_robot_msgs/include/abb_robot_msgs/abb_robot_msgs/msg/rosidl_typesupport_fastrtps_cpp__visibility_control.h
[1.751s] -- Up-to-date: /home/ubuntu/ros2ws/install/abb_robot_msgs/include/abb_robot_msgs/abb_robot_msgs/msg/detail
[1.751s] -- Up-to-date: /home/ubuntu/ros2ws/install/abb_robot_msgs/include/abb_robot_msgs/abb_robot_msgs/msg/detail/rapid_task_state__rosidl_typesupport_fastrtps_cpp.hpp
[1.751s] -- Up-to-date: /home/ubuntu/ros2ws/install/abb_robot_msgs/include/abb_robot_msgs/abb_robot_msgs/msg/detail/system_state__rosidl_typesupport_fastrtps_cpp.hpp
[1.751s] -- Up-to-date: /home/ubuntu/ros2ws/install/abb_robot_msgs/include/abb_robot_msgs/abb_robot_msgs/msg/detail/dds_fastrtps
[1.751s] -- Up-to-date: /home/ubuntu/ros2ws/install/abb_robot_msgs/include/abb_robot_msgs/abb_robot_msgs/msg/detail/rapid_symbol_path__rosidl_typesupport_fastrtps_cpp.hpp
[1.751s] -- Up-to-date: /home/ubuntu/ros2ws/install/abb_robot_msgs/include/abb_robot_msgs/abb_robot_msgs/msg/detail/mechanical_unit_state__rosidl_typesupport_fastrtps_cpp.hpp
[1.751s] -- Up-to-date: /home/ubuntu/ros2ws/install/abb_robot_msgs/include/abb_robot_msgs/abb_robot_msgs/msg/detail/service_responses__rosidl_typesupport_fastrtps_cpp.hpp
[1.751s] -- Up-to-date: /home/ubuntu/ros2ws/install/abb_robot_msgs/include/abb_robot_msgs/abb_robot_msgs/srv
[1.751s] -- Up-to-date: /home/ubuntu/ros2ws/install/abb_robot_msgs/include/abb_robot_msgs/abb_robot_msgs/srv/detail
[1.751s] -- Up-to-date: /home/ubuntu/ros2ws/install/abb_robot_msgs/include/abb_robot_msgs/abb_robot_msgs/srv/detail/set_rapid_bool__rosidl_typesupport_fastrtps_cpp.hpp
[1.751s] -- Up-to-date: /home/ubuntu/ros2ws/install/abb_robot_msgs/include/abb_robot_msgs/abb_robot_msgs/srv/detail/get_file_contents__rosidl_typesupport_fastrtps_cpp.hpp
[1.751s] -- Up-to-date: /home/ubuntu/ros2ws/install/abb_robot_msgs/include/abb_robot_msgs/abb_robot_msgs/srv/detail/set_file_contents__rosidl_typesupport_fastrtps_cpp.hpp
[1.751s] -- Up-to-date: /home/ubuntu/ros2ws/install/abb_robot_msgs/include/abb_robot_msgs/abb_robot_msgs/srv/detail/set_rapid_string__rosidl_typesupport_fastrtps_cpp.hpp
[1.751s] -- Up-to-date: /home/ubuntu/ros2ws/install/abb_robot_msgs/include/abb_robot_msgs/abb_robot_msgs/srv/detail/get_rapid_dnum__rosidl_typesupport_fastrtps_cpp.hpp
[1.751s] -- Up-to-date: /home/ubuntu/ros2ws/install/abb_robot_msgs/include/abb_robot_msgs/abb_robot_msgs/srv/detail/set_rapid_dnum__rosidl_typesupport_fastrtps_cpp.hpp
[1.752s] -- Up-to-date: /home/ubuntu/ros2ws/install/abb_robot_msgs/include/abb_robot_msgs/abb_robot_msgs/srv/detail/set_speed_ratio__rosidl_typesupport_fastrtps_cpp.hpp
[1.752s] -- Up-to-date: /home/ubuntu/ros2ws/install/abb_robot_msgs/include/abb_robot_msgs/abb_robot_msgs/srv/detail/dds_fastrtps
[1.752s] -- Up-to-date: /home/ubuntu/ros2ws/install/abb_robot_msgs/include/abb_robot_msgs/abb_robot_msgs/srv/detail/set_rapid_num__rosidl_typesupport_fastrtps_cpp.hpp
[1.752s] -- Up-to-date: /home/ubuntu/ros2ws/install/abb_robot_msgs/include/abb_robot_msgs/abb_robot_msgs/srv/detail/get_robot_controller_description__rosidl_typesupport_fastrtps_cpp.hpp
[1.752s] -- Up-to-date: /home/ubuntu/ros2ws/install/abb_robot_msgs/include/abb_robot_msgs/abb_robot_msgs/srv/detail/get_rapid_num__rosidl_typesupport_fastrtps_cpp.hpp
[1.752s] -- Up-to-date: /home/ubuntu/ros2ws/install/abb_robot_msgs/include/abb_robot_msgs/abb_robot_msgs/srv/detail/get_io_signal__rosidl_typesupport_fastrtps_cpp.hpp
[1.754s] -- Up-to-date: /home/ubuntu/ros2ws/install/abb_robot_msgs/include/abb_robot_msgs/abb_robot_msgs/srv/detail/get_rapid_bool__rosidl_typesupport_fastrtps_cpp.hpp
[1.754s] -- Up-to-date: /home/ubuntu/ros2ws/install/abb_robot_msgs/include/abb_robot_msgs/abb_robot_msgs/srv/detail/trigger_with_result_code__rosidl_typesupport_fastrtps_cpp.hpp
[1.755s] -- Up-to-date: /home/ubuntu/ros2ws/install/abb_robot_msgs/include/abb_robot_msgs/abb_robot_msgs/srv/detail/get_speed_ratio__rosidl_typesupport_fastrtps_cpp.hpp
[1.755s] -- Up-to-date: /home/ubuntu/ros2ws/install/abb_robot_msgs/include/abb_robot_msgs/abb_robot_msgs/srv/detail/set_io_signal__rosidl_typesupport_fastrtps_cpp.hpp
[1.755s] -- Up-to-date: /home/ubuntu/ros2ws/install/abb_robot_msgs/include/abb_robot_msgs/abb_robot_msgs/srv/detail/get_rapid_string__rosidl_typesupport_fastrtps_cpp.hpp
[1.755s] -- Up-to-date: /home/ubuntu/ros2ws/install/abb_robot_msgs/include/abb_robot_msgs/abb_robot_msgs/srv/detail/get_rapid_symbol__rosidl_typesupport_fastrtps_cpp.hpp
[1.755s] -- Up-to-date: /home/ubuntu/ros2ws/install/abb_robot_msgs/include/abb_robot_msgs/abb_robot_msgs/srv/detail/set_rapid_symbol__rosidl_typesupport_fastrtps_cpp.hpp
[1.755s] -- Up-to-date: /home/ubuntu/ros2ws/install/abb_robot_msgs/lib/libabb_robot_msgs__rosidl_typesupport_fastrtps_cpp.so
[1.755s] -- Up-to-date: /home/ubuntu/ros2ws/install/abb_robot_msgs/include/abb_robot_msgs/abb_robot_msgs
[1.755s] -- Up-to-date: /home/ubuntu/ros2ws/install/abb_robot_msgs/include/abb_robot_msgs/abb_robot_msgs/msg
[1.755s] -- Up-to-date: /home/ubuntu/ros2ws/install/abb_robot_msgs/include/abb_robot_msgs/abb_robot_msgs/msg/detail
[1.755s] -- Up-to-date: /home/ubuntu/ros2ws/install/abb_robot_msgs/include/abb_robot_msgs/abb_robot_msgs/msg/detail/service_responses__type_support.cpp
[1.755s] -- Up-to-date: /home/ubuntu/ros2ws/install/abb_robot_msgs/include/abb_robot_msgs/abb_robot_msgs/msg/detail/mechanical_unit_state__type_support.cpp
[1.755s] -- Up-to-date: /home/ubuntu/ros2ws/install/abb_robot_msgs/include/abb_robot_msgs/abb_robot_msgs/msg/detail/service_responses__rosidl_typesupport_introspection_cpp.hpp
[1.756s] -- Up-to-date: /home/ubuntu/ros2ws/install/abb_robot_msgs/include/abb_robot_msgs/abb_robot_msgs/msg/detail/rapid_task_state__type_support.cpp
[1.756s] -- Up-to-date: /home/ubuntu/ros2ws/install/abb_robot_msgs/include/abb_robot_msgs/abb_robot_msgs/msg/detail/rapid_symbol_path__type_support.cpp
[1.756s] -- Up-to-date: /home/ubuntu/ros2ws/install/abb_robot_msgs/include/abb_robot_msgs/abb_robot_msgs/msg/detail/system_state__type_support.cpp
[1.756s] -- Up-to-date: /home/ubuntu/ros2ws/install/abb_robot_msgs/include/abb_robot_msgs/abb_robot_msgs/msg/detail/system_state__rosidl_typesupport_introspection_cpp.hpp
[1.756s] -- Up-to-date: /home/ubuntu/ros2ws/install/abb_robot_msgs/include/abb_robot_msgs/abb_robot_msgs/msg/detail/mechanical_unit_state__rosidl_typesupport_introspection_cpp.hpp
[1.756s] -- Up-to-date: /home/ubuntu/ros2ws/install/abb_robot_msgs/include/abb_robot_msgs/abb_robot_msgs/msg/detail/rapid_task_state__rosidl_typesupport_introspection_cpp.hpp
[1.756s] -- Up-to-date: /home/ubuntu/ros2ws/install/abb_robot_msgs/include/abb_robot_msgs/abb_robot_msgs/msg/detail/rapid_symbol_path__rosidl_typesupport_introspection_cpp.hpp
[1.756s] -- Up-to-date: /home/ubuntu/ros2ws/install/abb_robot_msgs/include/abb_robot_msgs/abb_robot_msgs/srv
[1.756s] -- Up-to-date: /home/ubuntu/ros2ws/install/abb_robot_msgs/include/abb_robot_msgs/abb_robot_msgs/srv/detail
[1.761s] -- Up-to-date: /home/ubuntu/ros2ws/install/abb_robot_msgs/include/abb_robot_msgs/abb_robot_msgs/srv/detail/set_speed_ratio__type_support.cpp
[1.761s] -- Up-to-date: /home/ubuntu/ros2ws/install/abb_robot_msgs/include/abb_robot_msgs/abb_robot_msgs/srv/detail/set_rapid_bool__type_support.cpp
[1.761s] -- Up-to-date: /home/ubuntu/ros2ws/install/abb_robot_msgs/include/abb_robot_msgs/abb_robot_msgs/srv/detail/get_rapid_symbol__type_support.cpp
[1.761s] -- Up-to-date: /home/ubuntu/ros2ws/install/abb_robot_msgs/include/abb_robot_msgs/abb_robot_msgs/srv/detail/set_rapid_string__type_support.cpp
[1.762s] -- Up-to-date: /home/ubuntu/ros2ws/install/abb_robot_msgs/include/abb_robot_msgs/abb_robot_msgs/srv/detail/get_rapid_num__rosidl_typesupport_introspection_cpp.hpp
[1.762s] -- Up-to-date: /home/ubuntu/ros2ws/install/abb_robot_msgs/include/abb_robot_msgs/abb_robot_msgs/srv/detail/set_rapid_bool__rosidl_typesupport_introspection_cpp.hpp
[1.762s] -- Up-to-date: /home/ubuntu/ros2ws/install/abb_robot_msgs/include/abb_robot_msgs/abb_robot_msgs/srv/detail/get_rapid_string__rosidl_typesupport_introspection_cpp.hpp
[1.762s] -- Up-to-date: /home/ubuntu/ros2ws/install/abb_robot_msgs/include/abb_robot_msgs/abb_robot_msgs/srv/detail/set_rapid_dnum__rosidl_typesupport_introspection_cpp.hpp
[1.762s] -- Up-to-date: /home/ubuntu/ros2ws/install/abb_robot_msgs/include/abb_robot_msgs/abb_robot_msgs/srv/detail/set_rapid_symbol__rosidl_typesupport_introspection_cpp.hpp
[1.762s] -- Up-to-date: /home/ubuntu/ros2ws/install/abb_robot_msgs/include/abb_robot_msgs/abb_robot_msgs/srv/detail/set_speed_ratio__rosidl_typesupport_introspection_cpp.hpp
[1.762s] -- Up-to-date: /home/ubuntu/ros2ws/install/abb_robot_msgs/include/abb_robot_msgs/abb_robot_msgs/srv/detail/get_robot_controller_description__rosidl_typesupport_introspection_cpp.hpp
[1.762s] -- Up-to-date: /home/ubuntu/ros2ws/install/abb_robot_msgs/include/abb_robot_msgs/abb_robot_msgs/srv/detail/get_speed_ratio__type_support.cpp
[1.762s] -- Up-to-date: /home/ubuntu/ros2ws/install/abb_robot_msgs/include/abb_robot_msgs/abb_robot_msgs/srv/detail/get_file_contents__type_support.cpp
[1.762s] -- Up-to-date: /home/ubuntu/ros2ws/install/abb_robot_msgs/include/abb_robot_msgs/abb_robot_msgs/srv/detail/get_robot_controller_description__type_support.cpp
[1.762s] -- Up-to-date: /home/ubuntu/ros2ws/install/abb_robot_msgs/include/abb_robot_msgs/abb_robot_msgs/srv/detail/set_file_contents__type_support.cpp
[1.762s] -- Up-to-date: /home/ubuntu/ros2ws/install/abb_robot_msgs/include/abb_robot_msgs/abb_robot_msgs/srv/detail/get_io_signal__type_support.cpp
[1.763s] -- Up-to-date: /home/ubuntu/ros2ws/install/abb_robot_msgs/include/abb_robot_msgs/abb_robot_msgs/srv/detail/get_rapid_dnum__rosidl_typesupport_introspection_cpp.hpp
[1.763s] -- Up-to-date: /home/ubuntu/ros2ws/install/abb_robot_msgs/include/abb_robot_msgs/abb_robot_msgs/srv/detail/set_io_signal__type_support.cpp
[1.763s] -- Up-to-date: /home/ubuntu/ros2ws/install/abb_robot_msgs/include/abb_robot_msgs/abb_robot_msgs/srv/detail/set_rapid_num__rosidl_typesupport_introspection_cpp.hpp
[1.763s] -- Up-to-date: /home/ubuntu/ros2ws/install/abb_robot_msgs/include/abb_robot_msgs/abb_robot_msgs/srv/detail/get_rapid_symbol__rosidl_typesupport_introspection_cpp.hpp
[1.763s] -- Up-to-date: /home/ubuntu/ros2ws/install/abb_robot_msgs/include/abb_robot_msgs/abb_robot_msgs/srv/detail/trigger_with_result_code__type_support.cpp
[1.763s] -- Up-to-date: /home/ubuntu/ros2ws/install/abb_robot_msgs/include/abb_robot_msgs/abb_robot_msgs/srv/detail/get_rapid_dnum__type_support.cpp
[1.763s] -- Up-to-date: /home/ubuntu/ros2ws/install/abb_robot_msgs/include/abb_robot_msgs/abb_robot_msgs/srv/detail/set_rapid_symbol__type_support.cpp
[1.763s] -- Up-to-date: /home/ubuntu/ros2ws/install/abb_robot_msgs/include/abb_robot_msgs/abb_robot_msgs/srv/detail/get_file_contents__rosidl_typesupport_introspection_cpp.hpp
[1.763s] -- Up-to-date: /home/ubuntu/ros2ws/install/abb_robot_msgs/include/abb_robot_msgs/abb_robot_msgs/srv/detail/set_io_signal__rosidl_typesupport_introspection_cpp.hpp
[1.763s] -- Up-to-date: /home/ubuntu/ros2ws/install/abb_robot_msgs/include/abb_robot_msgs/abb_robot_msgs/srv/detail/set_file_contents__rosidl_typesupport_introspection_cpp.hpp
[1.763s] -- Up-to-date: /home/ubuntu/ros2ws/install/abb_robot_msgs/include/abb_robot_msgs/abb_robot_msgs/srv/detail/get_rapid_bool__rosidl_typesupport_introspection_cpp.hpp
[1.763s] -- Up-to-date: /home/ubuntu/ros2ws/install/abb_robot_msgs/include/abb_robot_msgs/abb_robot_msgs/srv/detail/get_rapid_num__type_support.cpp
[1.763s] -- Up-to-date: /home/ubuntu/ros2ws/install/abb_robot_msgs/include/abb_robot_msgs/abb_robot_msgs/srv/detail/get_rapid_bool__type_support.cpp
[1.763s] -- Up-to-date: /home/ubuntu/ros2ws/install/abb_robot_msgs/include/abb_robot_msgs/abb_robot_msgs/srv/detail/set_rapid_dnum__type_support.cpp
[1.763s] -- Up-to-date: /home/ubuntu/ros2ws/install/abb_robot_msgs/include/abb_robot_msgs/abb_robot_msgs/srv/detail/get_rapid_string__type_support.cpp
[1.763s] -- Up-to-date: /home/ubuntu/ros2ws/install/abb_robot_msgs/include/abb_robot_msgs/abb_robot_msgs/srv/detail/get_speed_ratio__rosidl_typesupport_introspection_cpp.hpp
[1.764s] -- Up-to-date: /home/ubuntu/ros2ws/install/abb_robot_msgs/include/abb_robot_msgs/abb_robot_msgs/srv/detail/trigger_with_result_code__rosidl_typesupport_introspection_cpp.hpp
[1.764s] -- Up-to-date: /home/ubuntu/ros2ws/install/abb_robot_msgs/include/abb_robot_msgs/abb_robot_msgs/srv/detail/set_rapid_num__type_support.cpp
[1.765s] -- Up-to-date: /home/ubuntu/ros2ws/install/abb_robot_msgs/include/abb_robot_msgs/abb_robot_msgs/srv/detail/set_rapid_string__rosidl_typesupport_introspection_cpp.hpp
[1.765s] -- Up-to-date: /home/ubuntu/ros2ws/install/abb_robot_msgs/include/abb_robot_msgs/abb_robot_msgs/srv/detail/get_io_signal__rosidl_typesupport_introspection_cpp.hpp
[1.765s] -- Up-to-date: /home/ubuntu/ros2ws/install/abb_robot_msgs/lib/libabb_robot_msgs__rosidl_typesupport_introspection_cpp.so
[1.766s] -- Up-to-date: /home/ubuntu/ros2ws/install/abb_robot_msgs/lib/libabb_robot_msgs__rosidl_typesupport_cpp.so
[1.766s] -- Up-to-date: /home/ubuntu/ros2ws/install/abb_robot_msgs/share/abb_robot_msgs/environment/pythonpath.sh
[1.767s] -- Up-to-date: /home/ubuntu/ros2ws/install/abb_robot_msgs/share/abb_robot_msgs/environment/pythonpath.dsv
[1.767s] -- Up-to-date: /home/ubuntu/ros2ws/install/abb_robot_msgs/local/lib/python3.10/dist-packages/abb_robot_msgs-1.0.0-py3.10.egg-info
[1.767s] -- Installing: /home/ubuntu/ros2ws/install/abb_robot_msgs/local/lib/python3.10/dist-packages/abb_robot_msgs-1.0.0-py3.10.egg-info/PKG-INFO
[1.768s] -- Installing: /home/ubuntu/ros2ws/install/abb_robot_msgs/local/lib/python3.10/dist-packages/abb_robot_msgs-1.0.0-py3.10.egg-info/top_level.txt
[1.768s] -- Installing: /home/ubuntu/ros2ws/install/abb_robot_msgs/local/lib/python3.10/dist-packages/abb_robot_msgs-1.0.0-py3.10.egg-info/dependency_links.txt
[1.768s] -- Installing: /home/ubuntu/ros2ws/install/abb_robot_msgs/local/lib/python3.10/dist-packages/abb_robot_msgs-1.0.0-py3.10.egg-info/SOURCES.txt
[1.768s] -- Up-to-date: /home/ubuntu/ros2ws/install/abb_robot_msgs/local/lib/python3.10/dist-packages/abb_robot_msgs
[1.772s] -- Up-to-date: /home/ubuntu/ros2ws/install/abb_robot_msgs/local/lib/python3.10/dist-packages/abb_robot_msgs/msg
[1.772s] -- Up-to-date: /home/ubuntu/ros2ws/install/abb_robot_msgs/local/lib/python3.10/dist-packages/abb_robot_msgs/msg/_rapid_task_state.py
[1.772s] -- Up-to-date: /home/ubuntu/ros2ws/install/abb_robot_msgs/local/lib/python3.10/dist-packages/abb_robot_msgs/msg/_mechanical_unit_state_s.c
[1.772s] -- Up-to-date: /home/ubuntu/ros2ws/install/abb_robot_msgs/local/lib/python3.10/dist-packages/abb_robot_msgs/msg/_rapid_symbol_path.py
[1.772s] -- Up-to-date: /home/ubuntu/ros2ws/install/abb_robot_msgs/local/lib/python3.10/dist-packages/abb_robot_msgs/msg/_service_responses.py
[1.772s] -- Up-to-date: /home/ubuntu/ros2ws/install/abb_robot_msgs/local/lib/python3.10/dist-packages/abb_robot_msgs/msg/_system_state_s.c
[1.773s] -- Up-to-date: /home/ubuntu/ros2ws/install/abb_robot_msgs/local/lib/python3.10/dist-packages/abb_robot_msgs/msg/_service_responses_s.c
[1.773s] -- Up-to-date: /home/ubuntu/ros2ws/install/abb_robot_msgs/local/lib/python3.10/dist-packages/abb_robot_msgs/msg/_rapid_task_state_s.c
[1.773s] -- Up-to-date: /home/ubuntu/ros2ws/install/abb_robot_msgs/local/lib/python3.10/dist-packages/abb_robot_msgs/msg/_rapid_symbol_path_s.c
[1.773s] -- Up-to-date: /home/ubuntu/ros2ws/install/abb_robot_msgs/local/lib/python3.10/dist-packages/abb_robot_msgs/msg/_system_state.py
[1.774s] -- Up-to-date: /home/ubuntu/ros2ws/install/abb_robot_msgs/local/lib/python3.10/dist-packages/abb_robot_msgs/msg/_mechanical_unit_state.py
[1.774s] -- Up-to-date: /home/ubuntu/ros2ws/install/abb_robot_msgs/local/lib/python3.10/dist-packages/abb_robot_msgs/msg/__init__.py
[1.774s] -- Up-to-date: /home/ubuntu/ros2ws/install/abb_robot_msgs/local/lib/python3.10/dist-packages/abb_robot_msgs/srv
[1.774s] -- Up-to-date: /home/ubuntu/ros2ws/install/abb_robot_msgs/local/lib/python3.10/dist-packages/abb_robot_msgs/srv/_get_rapid_bool_s.c
[1.774s] -- Up-to-date: /home/ubuntu/ros2ws/install/abb_robot_msgs/local/lib/python3.10/dist-packages/abb_robot_msgs/srv/_set_rapid_num_s.c
[1.774s] -- Up-to-date: /home/ubuntu/ros2ws/install/abb_robot_msgs/local/lib/python3.10/dist-packages/abb_robot_msgs/srv/_get_file_contents_s.c
[1.774s] -- Up-to-date: /home/ubuntu/ros2ws/install/abb_robot_msgs/local/lib/python3.10/dist-packages/abb_robot_msgs/srv/_set_speed_ratio.py
[1.774s] -- Up-to-date: /home/ubuntu/ros2ws/install/abb_robot_msgs/local/lib/python3.10/dist-packages/abb_robot_msgs/srv/_trigger_with_result_code.py
[1.774s] -- Up-to-date: /home/ubuntu/ros2ws/install/abb_robot_msgs/local/lib/python3.10/dist-packages/abb_robot_msgs/srv/_set_io_signal.py
[1.774s] -- Up-to-date: /home/ubuntu/ros2ws/install/abb_robot_msgs/local/lib/python3.10/dist-packages/abb_robot_msgs/srv/_set_file_contents_s.c
[1.775s] -- Up-to-date: /home/ubuntu/ros2ws/install/abb_robot_msgs/local/lib/python3.10/dist-packages/abb_robot_msgs/srv/_set_speed_ratio_s.c
[1.775s] -- Up-to-date: /home/ubuntu/ros2ws/install/abb_robot_msgs/local/lib/python3.10/dist-packages/abb_robot_msgs/srv/_set_rapid_bool_s.c
[1.775s] -- Up-to-date: /home/ubuntu/ros2ws/install/abb_robot_msgs/local/lib/python3.10/dist-packages/abb_robot_msgs/srv/_get_rapid_num.py
[1.775s] -- Up-to-date: /home/ubuntu/ros2ws/install/abb_robot_msgs/local/lib/python3.10/dist-packages/abb_robot_msgs/srv/_set_file_contents.py
[1.775s] -- Up-to-date: /home/ubuntu/ros2ws/install/abb_robot_msgs/local/lib/python3.10/dist-packages/abb_robot_msgs/srv/_get_io_signal_s.c
[1.775s] -- Up-to-date: /home/ubuntu/ros2ws/install/abb_robot_msgs/local/lib/python3.10/dist-packages/abb_robot_msgs/srv/_set_rapid_bool.py
[1.775s] -- Up-to-date: /home/ubuntu/ros2ws/install/abb_robot_msgs/local/lib/python3.10/dist-packages/abb_robot_msgs/srv/_trigger_with_result_code_s.c
[1.775s] -- Up-to-date: /home/ubuntu/ros2ws/install/abb_robot_msgs/local/lib/python3.10/dist-packages/abb_robot_msgs/srv/_get_rapid_symbol.py
[1.775s] -- Up-to-date: /home/ubuntu/ros2ws/install/abb_robot_msgs/local/lib/python3.10/dist-packages/abb_robot_msgs/srv/_get_robot_controller_description_s.c
[1.775s] -- Up-to-date: /home/ubuntu/ros2ws/install/abb_robot_msgs/local/lib/python3.10/dist-packages/abb_robot_msgs/srv/_get_rapid_dnum.py
[1.775s] -- Up-to-date: /home/ubuntu/ros2ws/install/abb_robot_msgs/local/lib/python3.10/dist-packages/abb_robot_msgs/srv/_get_rapid_bool.py
[1.775s] -- Up-to-date: /home/ubuntu/ros2ws/install/abb_robot_msgs/local/lib/python3.10/dist-packages/abb_robot_msgs/srv/_set_rapid_num.py
[1.775s] -- Up-to-date: /home/ubuntu/ros2ws/install/abb_robot_msgs/local/lib/python3.10/dist-packages/abb_robot_msgs/srv/_get_io_signal.py
[1.775s] -- Up-to-date: /home/ubuntu/ros2ws/install/abb_robot_msgs/local/lib/python3.10/dist-packages/abb_robot_msgs/srv/_set_rapid_string_s.c
[1.775s] -- Up-to-date: /home/ubuntu/ros2ws/install/abb_robot_msgs/local/lib/python3.10/dist-packages/abb_robot_msgs/srv/_set_rapid_dnum.py
[1.775s] -- Up-to-date: /home/ubuntu/ros2ws/install/abb_robot_msgs/local/lib/python3.10/dist-packages/abb_robot_msgs/srv/_get_robot_controller_description.py
[1.775s] -- Up-to-date: /home/ubuntu/ros2ws/install/abb_robot_msgs/local/lib/python3.10/dist-packages/abb_robot_msgs/srv/_set_rapid_symbol_s.c
[1.775s] -- Up-to-date: /home/ubuntu/ros2ws/install/abb_robot_msgs/local/lib/python3.10/dist-packages/abb_robot_msgs/srv/_get_rapid_dnum_s.c
[1.776s] -- Up-to-date: /home/ubuntu/ros2ws/install/abb_robot_msgs/local/lib/python3.10/dist-packages/abb_robot_msgs/srv/_set_rapid_symbol.py
[1.776s] -- Up-to-date: /home/ubuntu/ros2ws/install/abb_robot_msgs/local/lib/python3.10/dist-packages/abb_robot_msgs/srv/_get_rapid_string.py
[1.776s] -- Up-to-date: /home/ubuntu/ros2ws/install/abb_robot_msgs/local/lib/python3.10/dist-packages/abb_robot_msgs/srv/_get_speed_ratio_s.c
[1.776s] -- Up-to-date: /home/ubuntu/ros2ws/install/abb_robot_msgs/local/lib/python3.10/dist-packages/abb_robot_msgs/srv/_get_rapid_symbol_s.c
[1.776s] -- Up-to-date: /home/ubuntu/ros2ws/install/abb_robot_msgs/local/lib/python3.10/dist-packages/abb_robot_msgs/srv/_get_file_contents.py
[1.776s] -- Up-to-date: /home/ubuntu/ros2ws/install/abb_robot_msgs/local/lib/python3.10/dist-packages/abb_robot_msgs/srv/__init__.py
[1.776s] -- Up-to-date: /home/ubuntu/ros2ws/install/abb_robot_msgs/local/lib/python3.10/dist-packages/abb_robot_msgs/srv/_get_speed_ratio.py
[1.777s] -- Up-to-date: /home/ubuntu/ros2ws/install/abb_robot_msgs/local/lib/python3.10/dist-packages/abb_robot_msgs/srv/_get_rapid_num_s.c
[1.777s] -- Up-to-date: /home/ubuntu/ros2ws/install/abb_robot_msgs/local/lib/python3.10/dist-packages/abb_robot_msgs/srv/_set_rapid_string.py
[1.777s] -- Up-to-date: /home/ubuntu/ros2ws/install/abb_robot_msgs/local/lib/python3.10/dist-packages/abb_robot_msgs/srv/_set_io_signal_s.c
[1.777s] -- Up-to-date: /home/ubuntu/ros2ws/install/abb_robot_msgs/local/lib/python3.10/dist-packages/abb_robot_msgs/srv/_set_rapid_dnum_s.c
[1.777s] -- Up-to-date: /home/ubuntu/ros2ws/install/abb_robot_msgs/local/lib/python3.10/dist-packages/abb_robot_msgs/srv/_get_rapid_string_s.c
[1.777s] -- Up-to-date: /home/ubuntu/ros2ws/install/abb_robot_msgs/local/lib/python3.10/dist-packages/abb_robot_msgs/abb_robot_msgs_s__rosidl_typesupport_fastrtps_c.cpython-310-x86_64-linux-gnu.so
[1.778s] -- Up-to-date: /home/ubuntu/ros2ws/install/abb_robot_msgs/local/lib/python3.10/dist-packages/abb_robot_msgs/abb_robot_msgs_s__rosidl_typesupport_c.cpython-310-x86_64-linux-gnu.so
[1.778s] -- Up-to-date: /home/ubuntu/ros2ws/install/abb_robot_msgs/local/lib/python3.10/dist-packages/abb_robot_msgs/_abb_robot_msgs_s.ep.rosidl_typesupport_fastrtps_c.c
[1.778s] -- Up-to-date: /home/ubuntu/ros2ws/install/abb_robot_msgs/local/lib/python3.10/dist-packages/abb_robot_msgs/_abb_robot_msgs_s.ep.rosidl_typesupport_c.c
[1.778s] -- Up-to-date: /home/ubuntu/ros2ws/install/abb_robot_msgs/local/lib/python3.10/dist-packages/abb_robot_msgs/_abb_robot_msgs_s.ep.rosidl_typesupport_introspection_c.c
[1.778s] -- Up-to-date: /home/ubuntu/ros2ws/install/abb_robot_msgs/local/lib/python3.10/dist-packages/abb_robot_msgs/__init__.py
[1.778s] -- Up-to-date: /home/ubuntu/ros2ws/install/abb_robot_msgs/local/lib/python3.10/dist-packages/abb_robot_msgs/abb_robot_msgs_s__rosidl_typesupport_introspection_c.cpython-310-x86_64-linux-gnu.so
[1.778s] -- Up-to-date: /home/ubuntu/ros2ws/install/abb_robot_msgs/local/lib/python3.10/dist-packages/abb_robot_msgs/libabb_robot_msgs__rosidl_generator_py.so
[1.792s] Listing '/home/ubuntu/ros2ws/install/abb_robot_msgs/local/lib/python3.10/dist-packages/abb_robot_msgs'...
[1.792s] Listing '/home/ubuntu/ros2ws/install/abb_robot_msgs/local/lib/python3.10/dist-packages/abb_robot_msgs/msg'...
[1.792s] Listing '/home/ubuntu/ros2ws/install/abb_robot_msgs/local/lib/python3.10/dist-packages/abb_robot_msgs/srv'...
[1.798s] -- Up-to-date: /home/ubuntu/ros2ws/install/abb_robot_msgs/local/lib/python3.10/dist-packages/abb_robot_msgs/abb_robot_msgs_s__rosidl_typesupport_fastrtps_c.cpython-310-x86_64-linux-gnu.so
[1.799s] -- Up-to-date: /home/ubuntu/ros2ws/install/abb_robot_msgs/local/lib/python3.10/dist-packages/abb_robot_msgs/abb_robot_msgs_s__rosidl_typesupport_introspection_c.cpython-310-x86_64-linux-gnu.so
[1.799s] -- Up-to-date: /home/ubuntu/ros2ws/install/abb_robot_msgs/local/lib/python3.10/dist-packages/abb_robot_msgs/abb_robot_msgs_s__rosidl_typesupport_c.cpython-310-x86_64-linux-gnu.so
[1.800s] -- Up-to-date: /home/ubuntu/ros2ws/install/abb_robot_msgs/lib/libabb_robot_msgs__rosidl_generator_py.so
[1.800s] -- Up-to-date: /home/ubuntu/ros2ws/install/abb_robot_msgs/share/abb_robot_msgs/msg/MechanicalUnitState.idl
[1.800s] -- Up-to-date: /home/ubuntu/ros2ws/install/abb_robot_msgs/share/abb_robot_msgs/msg/RAPIDSymbolPath.idl
[1.802s] -- Up-to-date: /home/ubuntu/ros2ws/install/abb_robot_msgs/share/abb_robot_msgs/msg/RAPIDTaskState.idl
[1.802s] -- Up-to-date: /home/ubuntu/ros2ws/install/abb_robot_msgs/share/abb_robot_msgs/msg/ServiceResponses.idl
[1.803s] -- Up-to-date: /home/ubuntu/ros2ws/install/abb_robot_msgs/share/abb_robot_msgs/msg/SystemState.idl
[1.803s] -- Up-to-date: /home/ubuntu/ros2ws/install/abb_robot_msgs/share/abb_robot_msgs/srv/GetFileContents.idl
[1.803s] -- Up-to-date: /home/ubuntu/ros2ws/install/abb_robot_msgs/share/abb_robot_msgs/srv/GetIOSignal.idl
[1.803s] -- Up-to-date: /home/ubuntu/ros2ws/install/abb_robot_msgs/share/abb_robot_msgs/srv/GetRAPIDBool.idl
[1.803s] -- Up-to-date: /home/ubuntu/ros2ws/install/abb_robot_msgs/share/abb_robot_msgs/srv/GetRAPIDDnum.idl
[1.803s] -- Up-to-date: /home/ubuntu/ros2ws/install/abb_robot_msgs/share/abb_robot_msgs/srv/GetRAPIDNum.idl
[1.803s] -- Up-to-date: /home/ubuntu/ros2ws/install/abb_robot_msgs/share/abb_robot_msgs/srv/GetRAPIDString.idl
[1.804s] -- Up-to-date: /home/ubuntu/ros2ws/install/abb_robot_msgs/share/abb_robot_msgs/srv/GetRAPIDSymbol.idl
[1.804s] -- Up-to-date: /home/ubuntu/ros2ws/install/abb_robot_msgs/share/abb_robot_msgs/srv/GetRobotControllerDescription.idl
[1.804s] -- Up-to-date: /home/ubuntu/ros2ws/install/abb_robot_msgs/share/abb_robot_msgs/srv/GetSpeedRatio.idl
[1.804s] -- Up-to-date: /home/ubuntu/ros2ws/install/abb_robot_msgs/share/abb_robot_msgs/srv/SetFileContents.idl
[1.805s] -- Up-to-date: /home/ubuntu/ros2ws/install/abb_robot_msgs/share/abb_robot_msgs/srv/SetIOSignal.idl
[1.805s] -- Up-to-date: /home/ubuntu/ros2ws/install/abb_robot_msgs/share/abb_robot_msgs/srv/SetRAPIDBool.idl
[1.805s] -- Up-to-date: /home/ubuntu/ros2ws/install/abb_robot_msgs/share/abb_robot_msgs/srv/SetRAPIDDnum.idl
[1.805s] -- Up-to-date: /home/ubuntu/ros2ws/install/abb_robot_msgs/share/abb_robot_msgs/srv/SetRAPIDNum.idl
[1.805s] -- Up-to-date: /home/ubuntu/ros2ws/install/abb_robot_msgs/share/abb_robot_msgs/srv/SetRAPIDString.idl
[1.805s] -- Up-to-date: /home/ubuntu/ros2ws/install/abb_robot_msgs/share/abb_robot_msgs/srv/SetRAPIDSymbol.idl
[1.805s] -- Up-to-date: /home/ubuntu/ros2ws/install/abb_robot_msgs/share/abb_robot_msgs/srv/SetSpeedRatio.idl
[1.808s] -- Up-to-date: /home/ubuntu/ros2ws/install/abb_robot_msgs/share/abb_robot_msgs/srv/TriggerWithResultCode.idl
[1.808s] -- Up-to-date: /home/ubuntu/ros2ws/install/abb_robot_msgs/share/abb_robot_msgs/msg/MechanicalUnitState.msg
[1.808s] -- Up-to-date: /home/ubuntu/ros2ws/install/abb_robot_msgs/share/abb_robot_msgs/msg/RAPIDSymbolPath.msg
[1.808s] -- Up-to-date: /home/ubuntu/ros2ws/install/abb_robot_msgs/share/abb_robot_msgs/msg/RAPIDTaskState.msg
[1.808s] -- Up-to-date: /home/ubuntu/ros2ws/install/abb_robot_msgs/share/abb_robot_msgs/msg/ServiceResponses.msg
[1.808s] -- Up-to-date: /home/ubuntu/ros2ws/install/abb_robot_msgs/share/abb_robot_msgs/msg/SystemState.msg
[1.808s] -- Up-to-date: /home/ubuntu/ros2ws/install/abb_robot_msgs/share/abb_robot_msgs/srv/GetFileContents.srv
[1.809s] -- Up-to-date: /home/ubuntu/ros2ws/install/abb_robot_msgs/share/abb_robot_msgs/srv/GetFileContents_Request.msg
[1.809s] -- Up-to-date: /home/ubuntu/ros2ws/install/abb_robot_msgs/share/abb_robot_msgs/srv/GetFileContents_Response.msg
[1.810s] -- Up-to-date: /home/ubuntu/ros2ws/install/abb_robot_msgs/share/abb_robot_msgs/srv/GetIOSignal.srv
[1.810s] -- Up-to-date: /home/ubuntu/ros2ws/install/abb_robot_msgs/share/abb_robot_msgs/srv/GetIOSignal_Request.msg
[1.810s] -- Up-to-date: /home/ubuntu/ros2ws/install/abb_robot_msgs/share/abb_robot_msgs/srv/GetIOSignal_Response.msg
[1.810s] -- Up-to-date: /home/ubuntu/ros2ws/install/abb_robot_msgs/share/abb_robot_msgs/srv/GetRAPIDBool.srv
[1.810s] -- Up-to-date: /home/ubuntu/ros2ws/install/abb_robot_msgs/share/abb_robot_msgs/srv/GetRAPIDBool_Request.msg
[1.810s] -- Up-to-date: /home/ubuntu/ros2ws/install/abb_robot_msgs/share/abb_robot_msgs/srv/GetRAPIDBool_Response.msg
[1.813s] -- Up-to-date: /home/ubuntu/ros2ws/install/abb_robot_msgs/share/abb_robot_msgs/srv/GetRAPIDDnum.srv
[1.813s] -- Up-to-date: /home/ubuntu/ros2ws/install/abb_robot_msgs/share/abb_robot_msgs/srv/GetRAPIDDnum_Request.msg
[1.813s] -- Up-to-date: /home/ubuntu/ros2ws/install/abb_robot_msgs/share/abb_robot_msgs/srv/GetRAPIDDnum_Response.msg
[1.813s] -- Up-to-date: /home/ubuntu/ros2ws/install/abb_robot_msgs/share/abb_robot_msgs/srv/GetRAPIDNum.srv
[1.813s] -- Up-to-date: /home/ubuntu/ros2ws/install/abb_robot_msgs/share/abb_robot_msgs/srv/GetRAPIDNum_Request.msg
[1.813s] -- Up-to-date: /home/ubuntu/ros2ws/install/abb_robot_msgs/share/abb_robot_msgs/srv/GetRAPIDNum_Response.msg
[1.813s] -- Up-to-date: /home/ubuntu/ros2ws/install/abb_robot_msgs/share/abb_robot_msgs/srv/GetRAPIDString.srv
[1.815s] -- Up-to-date: /home/ubuntu/ros2ws/install/abb_robot_msgs/share/abb_robot_msgs/srv/GetRAPIDString_Request.msg
[1.816s] -- Up-to-date: /home/ubuntu/ros2ws/install/abb_robot_msgs/share/abb_robot_msgs/srv/GetRAPIDString_Response.msg
[1.822s] -- Up-to-date: /home/ubuntu/ros2ws/install/abb_robot_msgs/share/abb_robot_msgs/srv/GetRAPIDSymbol.srv
[1.822s] -- Up-to-date: /home/ubuntu/ros2ws/install/abb_robot_msgs/share/abb_robot_msgs/srv/GetRAPIDSymbol_Request.msg
[1.822s] -- Up-to-date: /home/ubuntu/ros2ws/install/abb_robot_msgs/share/abb_robot_msgs/srv/GetRAPIDSymbol_Response.msg
[1.823s] -- Up-to-date: /home/ubuntu/ros2ws/install/abb_robot_msgs/share/abb_robot_msgs/srv/GetRobotControllerDescription.srv
[1.823s] -- Up-to-date: /home/ubuntu/ros2ws/install/abb_robot_msgs/share/abb_robot_msgs/srv/GetRobotControllerDescription_Request.msg
[1.823s] -- Up-to-date: /home/ubuntu/ros2ws/install/abb_robot_msgs/share/abb_robot_msgs/srv/GetRobotControllerDescription_Response.msg
[1.823s] -- Up-to-date: /home/ubuntu/ros2ws/install/abb_robot_msgs/share/abb_robot_msgs/srv/GetSpeedRatio.srv
[1.823s] -- Up-to-date: /home/ubuntu/ros2ws/install/abb_robot_msgs/share/abb_robot_msgs/srv/GetSpeedRatio_Request.msg
[1.823s] -- Up-to-date: /home/ubuntu/ros2ws/install/abb_robot_msgs/share/abb_robot_msgs/srv/GetSpeedRatio_Response.msg
[1.823s] -- Up-to-date: /home/ubuntu/ros2ws/install/abb_robot_msgs/share/abb_robot_msgs/srv/SetFileContents.srv
[1.823s] -- Up-to-date: /home/ubuntu/ros2ws/install/abb_robot_msgs/share/abb_robot_msgs/srv/SetFileContents_Request.msg
[1.824s] -- Up-to-date: /home/ubuntu/ros2ws/install/abb_robot_msgs/share/abb_robot_msgs/srv/SetFileContents_Response.msg
[1.824s] -- Up-to-date: /home/ubuntu/ros2ws/install/abb_robot_msgs/share/abb_robot_msgs/srv/SetIOSignal.srv
[1.824s] -- Up-to-date: /home/ubuntu/ros2ws/install/abb_robot_msgs/share/abb_robot_msgs/srv/SetIOSignal_Request.msg
[1.824s] -- Up-to-date: /home/ubuntu/ros2ws/install/abb_robot_msgs/share/abb_robot_msgs/srv/SetIOSignal_Response.msg
[1.824s] -- Up-to-date: /home/ubuntu/ros2ws/install/abb_robot_msgs/share/abb_robot_msgs/srv/SetRAPIDBool.srv
[1.824s] -- Up-to-date: /home/ubuntu/ros2ws/install/abb_robot_msgs/share/abb_robot_msgs/srv/SetRAPIDBool_Request.msg
[1.824s] -- Up-to-date: /home/ubuntu/ros2ws/install/abb_robot_msgs/share/abb_robot_msgs/srv/SetRAPIDBool_Response.msg
[1.824s] -- Up-to-date: /home/ubuntu/ros2ws/install/abb_robot_msgs/share/abb_robot_msgs/srv/SetRAPIDDnum.srv
[1.824s] -- Up-to-date: /home/ubuntu/ros2ws/install/abb_robot_msgs/share/abb_robot_msgs/srv/SetRAPIDDnum_Request.msg
[1.824s] -- Up-to-date: /home/ubuntu/ros2ws/install/abb_robot_msgs/share/abb_robot_msgs/srv/SetRAPIDDnum_Response.msg
[1.825s] -- Up-to-date: /home/ubuntu/ros2ws/install/abb_robot_msgs/share/abb_robot_msgs/srv/SetRAPIDNum.srv
[1.825s] -- Up-to-date: /home/ubuntu/ros2ws/install/abb_robot_msgs/share/abb_robot_msgs/srv/SetRAPIDNum_Request.msg
[1.828s] -- Up-to-date: /home/ubuntu/ros2ws/install/abb_robot_msgs/share/abb_robot_msgs/srv/SetRAPIDNum_Response.msg
[1.831s] -- Up-to-date: /home/ubuntu/ros2ws/install/abb_robot_msgs/share/abb_robot_msgs/srv/SetRAPIDString.srv
[1.831s] -- Up-to-date: /home/ubuntu/ros2ws/install/abb_robot_msgs/share/abb_robot_msgs/srv/SetRAPIDString_Request.msg
[1.832s] -- Up-to-date: /home/ubuntu/ros2ws/install/abb_robot_msgs/share/abb_robot_msgs/srv/SetRAPIDString_Response.msg
[1.832s] -- Up-to-date: /home/ubuntu/ros2ws/install/abb_robot_msgs/share/abb_robot_msgs/srv/SetRAPIDSymbol.srv
[1.832s] -- Up-to-date: /home/ubuntu/ros2ws/install/abb_robot_msgs/share/abb_robot_msgs/srv/SetRAPIDSymbol_Request.msg
[1.832s] -- Up-to-date: /home/ubuntu/ros2ws/install/abb_robot_msgs/share/abb_robot_msgs/srv/SetRAPIDSymbol_Response.msg
[1.833s] -- Up-to-date: /home/ubuntu/ros2ws/install/abb_robot_msgs/share/abb_robot_msgs/srv/SetSpeedRatio.srv
[1.833s] -- Up-to-date: /home/ubuntu/ros2ws/install/abb_robot_msgs/share/abb_robot_msgs/srv/SetSpeedRatio_Request.msg
[1.833s] -- Up-to-date: /home/ubuntu/ros2ws/install/abb_robot_msgs/share/abb_robot_msgs/srv/SetSpeedRatio_Response.msg
[1.833s] -- Up-to-date: /home/ubuntu/ros2ws/install/abb_robot_msgs/share/abb_robot_msgs/srv/TriggerWithResultCode.srv
[1.833s] -- Up-to-date: /home/ubuntu/ros2ws/install/abb_robot_msgs/share/abb_robot_msgs/srv/TriggerWithResultCode_Request.msg
[1.833s] -- Up-to-date: /home/ubuntu/ros2ws/install/abb_robot_msgs/share/abb_robot_msgs/srv/TriggerWithResultCode_Response.msg
[1.833s] -- Up-to-date: /home/ubuntu/ros2ws/install/abb_robot_msgs/share/ament_index/resource_index/package_run_dependencies/abb_robot_msgs
[1.833s] -- Up-to-date: /home/ubuntu/ros2ws/install/abb_robot_msgs/share/ament_index/resource_index/parent_prefix_path/abb_robot_msgs
[1.833s] -- Up-to-date: /home/ubuntu/ros2ws/install/abb_robot_msgs/share/abb_robot_msgs/environment/ament_prefix_path.sh
[1.833s] -- Up-to-date: /home/ubuntu/ros2ws/install/abb_robot_msgs/share/abb_robot_msgs/environment/ament_prefix_path.dsv
[1.833s] -- Up-to-date: /home/ubuntu/ros2ws/install/abb_robot_msgs/share/abb_robot_msgs/environment/path.sh
[1.833s] -- Up-to-date: /home/ubuntu/ros2ws/install/abb_robot_msgs/share/abb_robot_msgs/environment/path.dsv
[1.834s] -- Up-to-date: /home/ubuntu/ros2ws/install/abb_robot_msgs/share/abb_robot_msgs/local_setup.bash
[1.834s] -- Up-to-date: /home/ubuntu/ros2ws/install/abb_robot_msgs/share/abb_robot_msgs/local_setup.sh
[1.834s] -- Up-to-date: /home/ubuntu/ros2ws/install/abb_robot_msgs/share/abb_robot_msgs/local_setup.zsh
[1.834s] -- Up-to-date: /home/ubuntu/ros2ws/install/abb_robot_msgs/share/abb_robot_msgs/local_setup.dsv
[1.834s] -- Installing: /home/ubuntu/ros2ws/install/abb_robot_msgs/share/abb_robot_msgs/package.dsv
[1.834s] -- Up-to-date: /home/ubuntu/ros2ws/install/abb_robot_msgs/share/ament_index/resource_index/packages/abb_robot_msgs
[1.834s] -- Up-to-date: /home/ubuntu/ros2ws/install/abb_robot_msgs/share/abb_robot_msgs/cmake/export_abb_robot_msgs__rosidl_generator_cExport.cmake
[1.834s] -- Up-to-date: /home/ubuntu/ros2ws/install/abb_robot_msgs/share/abb_robot_msgs/cmake/export_abb_robot_msgs__rosidl_generator_cExport-noconfig.cmake
[1.834s] -- Up-to-date: /home/ubuntu/ros2ws/install/abb_robot_msgs/share/abb_robot_msgs/cmake/export_abb_robot_msgs__rosidl_typesupport_fastrtps_cExport.cmake
[1.834s] -- Up-to-date: /home/ubuntu/ros2ws/install/abb_robot_msgs/share/abb_robot_msgs/cmake/export_abb_robot_msgs__rosidl_typesupport_fastrtps_cExport-noconfig.cmake
[1.834s] -- Up-to-date: /home/ubuntu/ros2ws/install/abb_robot_msgs/share/abb_robot_msgs/cmake/abb_robot_msgs__rosidl_typesupport_introspection_cExport.cmake
[1.834s] -- Up-to-date: /home/ubuntu/ros2ws/install/abb_robot_msgs/share/abb_robot_msgs/cmake/abb_robot_msgs__rosidl_typesupport_introspection_cExport-noconfig.cmake
[1.835s] -- Up-to-date: /home/ubuntu/ros2ws/install/abb_robot_msgs/share/abb_robot_msgs/cmake/abb_robot_msgs__rosidl_typesupport_cExport.cmake
[1.835s] -- Up-to-date: /home/ubuntu/ros2ws/install/abb_robot_msgs/share/abb_robot_msgs/cmake/abb_robot_msgs__rosidl_typesupport_cExport-noconfig.cmake
[1.835s] -- Up-to-date: /home/ubuntu/ros2ws/install/abb_robot_msgs/share/abb_robot_msgs/cmake/export_abb_robot_msgs__rosidl_generator_cppExport.cmake
[1.835s] -- Up-to-date: /home/ubuntu/ros2ws/install/abb_robot_msgs/share/abb_robot_msgs/cmake/export_abb_robot_msgs__rosidl_typesupport_fastrtps_cppExport.cmake
[1.835s] -- Up-to-date: /home/ubuntu/ros2ws/install/abb_robot_msgs/share/abb_robot_msgs/cmake/export_abb_robot_msgs__rosidl_typesupport_fastrtps_cppExport-noconfig.cmake
[1.835s] -- Up-to-date: /home/ubuntu/ros2ws/install/abb_robot_msgs/share/abb_robot_msgs/cmake/abb_robot_msgs__rosidl_typesupport_introspection_cppExport.cmake
[1.835s] -- Up-to-date: /home/ubuntu/ros2ws/install/abb_robot_msgs/share/abb_robot_msgs/cmake/abb_robot_msgs__rosidl_typesupport_introspection_cppExport-noconfig.cmake
[1.835s] -- Up-to-date: /home/ubuntu/ros2ws/install/abb_robot_msgs/share/abb_robot_msgs/cmake/abb_robot_msgs__rosidl_typesupport_cppExport.cmake
[1.835s] -- Up-to-date: /home/ubuntu/ros2ws/install/abb_robot_msgs/share/abb_robot_msgs/cmake/abb_robot_msgs__rosidl_typesupport_cppExport-noconfig.cmake
[1.835s] -- Up-to-date: /home/ubuntu/ros2ws/install/abb_robot_msgs/share/abb_robot_msgs/cmake/export_abb_robot_msgs__rosidl_generator_pyExport.cmake
[1.835s] -- Up-to-date: /home/ubuntu/ros2ws/install/abb_robot_msgs/share/abb_robot_msgs/cmake/export_abb_robot_msgs__rosidl_generator_pyExport-noconfig.cmake
[1.835s] -- Up-to-date: /home/ubuntu/ros2ws/install/abb_robot_msgs/share/abb_robot_msgs/cmake/rosidl_cmake-extras.cmake
[1.835s] -- Up-to-date: /home/ubuntu/ros2ws/install/abb_robot_msgs/share/abb_robot_msgs/cmake/ament_cmake_export_dependencies-extras.cmake
[1.835s] -- Up-to-date: /home/ubuntu/ros2ws/install/abb_robot_msgs/share/abb_robot_msgs/cmake/ament_cmake_export_include_directories-extras.cmake
[1.842s] -- Up-to-date: /home/ubuntu/ros2ws/install/abb_robot_msgs/share/abb_robot_msgs/cmake/ament_cmake_export_libraries-extras.cmake
[1.843s] -- Up-to-date: /home/ubuntu/ros2ws/install/abb_robot_msgs/share/abb_robot_msgs/cmake/ament_cmake_export_targets-extras.cmake
[1.843s] -- Up-to-date: /home/ubuntu/ros2ws/install/abb_robot_msgs/share/abb_robot_msgs/cmake/rosidl_cmake_export_typesupport_targets-extras.cmake
[1.843s] -- Up-to-date: /home/ubuntu/ros2ws/install/abb_robot_msgs/share/abb_robot_msgs/cmake/rosidl_cmake_export_typesupport_libraries-extras.cmake
[1.843s] -- Up-to-date: /home/ubuntu/ros2ws/install/abb_robot_msgs/share/abb_robot_msgs/cmake/abb_robot_msgsConfig.cmake
[1.844s] -- Up-to-date: /home/ubuntu/ros2ws/install/abb_robot_msgs/share/abb_robot_msgs/cmake/abb_robot_msgsConfig-version.cmake
[1.845s] -- Up-to-date: /home/ubuntu/ros2ws/install/abb_robot_msgs/share/abb_robot_msgs/package.xml
[1.855s] Invoked command in '/home/ubuntu/ros2ws/build/abb_robot_msgs' returned '0': CMAKE_PREFIX_PATH=${CMAKE_PREFIX_PATH}:/opt/ros/humble /usr/bin/cmake --install /home/ubuntu/ros2ws/build/abb_robot_msgs
