[0.042s] Invoking command in '/home/ubuntu/ros2ws/build/abb_rapid_sm_addin_msgs': CMAKE_PREFIX_PATH=/home/ubuntu/ros2ws/install/abb_rapid_msgs:/home/ubuntu/ros2ws/install/ros2srrc_ur5_moveit2:/home/ubuntu/ros2ws/install/ros2srrc_ur5_gazebo:/home/ubuntu/ros2ws/install/ros2srrc_ur3_moveit2:/home/ubuntu/ros2ws/install/ros2srrc_ur3_gazebo:/home/ubuntu/ros2ws/install/ros2srrc_ur16e_moveit2:/home/ubuntu/ros2ws/install/ros2srrc_ur16e_gazebo:/home/ubuntu/ros2ws/install/ros2srrc_ur10e_moveit2:/home/ubuntu/ros2ws/install/ros2srrc_ur10e_gazebo:/home/ubuntu/ros2ws/install/ros2srrc_robots:/home/ubuntu/ros2ws/install/ros2srrc_launch:/home/ubuntu/ros2ws/install/ros2srrc_irb6640_moveit2:/home/ubuntu/ros2ws/install/ros2srrc_irb6640_gazebo:/home/ubuntu/ros2ws/install/ros2srrc_irb120_moveit2:/home/ubuntu/ros2ws/install/ros2srrc_irb120_gazebo:/home/ubuntu/ros2ws/install/ros2srrc_irb1200_moveit2:/home/ubuntu/ros2ws/install/ros2srrc_irb1200_gazebo:/home/ubuntu/ros2ws/install/ros2srrc_iiwa_moveit2:/home/ubuntu/ros2ws/install/ros2srrc_iiwa_gazebo:/home/ubuntu/ros2ws/install/ros2srrc_endeffectors:/home/ubuntu/ros2ws/install/ros2srrc_data:/home/ubuntu/ros2ws/install/ros2_linkattacher:/home/ubuntu/ros2ws/install/linkattacher_msgs:/home/ubuntu/ros2ws/install/abb_rws_client:/home/ubuntu/ros2ws/install/abb_ros2:/home/ubuntu/ros2ws/install/abb_robot_msgs:/home/ubuntu/ros2ws/install/abb_resources:/home/ubuntu/ros2ws/install/abb_rapid_sm_addin_msgs:/home/ubuntu/ros2ws/install/abb_hardware_interface:/home/ubuntu/ros2ws/install/abb_egm_rws_managers:/home/ubuntu/ros2ws/install/abb_librws:/home/ubuntu/ros2ws/install/abb_libegm:/home/ubuntu/ros2ws/install/abb_irb4600_support:/home/ubuntu/ros2ws/install/abb_irb1200_5_90_moveit_config:/home/ubuntu/ros2ws/install/abb_irb1200_support:/home/ubuntu/ros2ws/install/abb_egm_msgs:/home/ubuntu/ros2ws/install/abb_bringup:/opt/ros/humble LD_LIBRARY_PATH=/home/ubuntu/ros2ws/install/abb_rapid_msgs/lib:/home/ubuntu/ros2ws/install/ros2srrc_data/lib:/home/ubuntu/ros2ws/install/ros2_linkattacher/lib:/home/ubuntu/ros2ws/install/linkattacher_msgs/lib:/home/ubuntu/ros2ws/install/abb_robot_msgs/lib:/home/ubuntu/ros2ws/install/abb_rapid_sm_addin_msgs/lib:/home/ubuntu/ros2ws/install/abb_hardware_interface/lib:/home/ubuntu/ros2ws/install/abb_egm_rws_managers/lib:/home/ubuntu/ros2ws/install/abb_librws/lib:/home/ubuntu/ros2ws/install/abb_libegm/lib:/home/ubuntu/ros2ws/install/abb_egm_msgs/lib:/usr/lib/x86_64-linux-gnu/gazebo-11/plugins:/opt/ros/humble/opt/rviz_ogre_vendor/lib:/opt/ros/humble/lib/x86_64-linux-gnu:/opt/ros/humble/lib /usr/bin/cmake --build /home/ubuntu/ros2ws/build/abb_rapid_sm_addin_msgs -- -j4 -l4
[0.194s] [35m[1mConsolidate compiler generated dependencies of target abb_rapid_sm_addin_msgs__rosidl_generator_c[0m
[0.199s] [  0%] Built target abb_rapid_sm_addin_msgs__cpp
[0.258s] [ 12%] Built target abb_rapid_sm_addin_msgs__rosidl_generator_c
[0.262s] [35m[1mConsolidate compiler generated dependencies of target abb_rapid_sm_addin_msgs__rosidl_typesupport_fastrtps_cpp[0m
[0.278s] [35m[1mConsolidate compiler generated dependencies of target abb_rapid_sm_addin_msgs__rosidl_typesupport_cpp[0m
[0.287s] [ 12%] Built target ament_cmake_python_copy_abb_rapid_sm_addin_msgs
[0.322s] [35m[1mConsolidate compiler generated dependencies of target abb_rapid_sm_addin_msgs__rosidl_typesupport_introspection_cpp[0m
[0.333s] [35m[1mConsolidate compiler generated dependencies of target abb_rapid_sm_addin_msgs__rosidl_typesupport_fastrtps_c[0m
[0.336s] [ 23%] Built target abb_rapid_sm_addin_msgs__rosidl_typesupport_fastrtps_cpp
[0.340s] [ 35%] Built target abb_rapid_sm_addin_msgs__rosidl_typesupport_cpp
[0.386s] [ 47%] Built target abb_rapid_sm_addin_msgs__rosidl_typesupport_introspection_cpp
[0.390s] [35m[1mConsolidate compiler generated dependencies of target abb_rapid_sm_addin_msgs__rosidl_typesupport_c[0m
[0.397s] [35m[1mConsolidate compiler generated dependencies of target abb_rapid_sm_addin_msgs__rosidl_typesupport_introspection_c[0m
[0.404s] [ 59%] Built target abb_rapid_sm_addin_msgs__rosidl_typesupport_fastrtps_c
[0.418s] [ 71%] Built target abb_rapid_sm_addin_msgs__rosidl_typesupport_c
[0.448s] [ 83%] Built target abb_rapid_sm_addin_msgs__rosidl_typesupport_introspection_c
[0.480s] [ 83%] Built target abb_rapid_sm_addin_msgs
[0.519s] [ 84%] Built target abb_rapid_sm_addin_msgs__py
[0.559s] [35m[1mConsolidate compiler generated dependencies of target abb_rapid_sm_addin_msgs__rosidl_generator_py[0m
[0.614s] [ 95%] Built target abb_rapid_sm_addin_msgs__rosidl_generator_py
[0.658s] [35m[1mConsolidate compiler generated dependencies of target abb_rapid_sm_addin_msgs__rosidl_typesupport_c__pyext[0m
[0.663s] [35m[1mConsolidate compiler generated dependencies of target abb_rapid_sm_addin_msgs__rosidl_typesupport_introspection_c__pyext[0m
[0.669s] [35m[1mConsolidate compiler generated dependencies of target abb_rapid_sm_addin_msgs__rosidl_typesupport_fastrtps_c__pyext[0m
[0.698s] [ 96%] Built target abb_rapid_sm_addin_msgs__rosidl_typesupport_c__pyext
[0.698s] [ 98%] Built target abb_rapid_sm_addin_msgs__rosidl_typesupport_introspection_c__pyext
[0.717s] [100%] Built target abb_rapid_sm_addin_msgs__rosidl_typesupport_fastrtps_c__pyext
[0.899s] running egg_info
[0.900s] writing abb_rapid_sm_addin_msgs.egg-info/PKG-INFO
[0.900s] writing dependency_links to abb_rapid_sm_addin_msgs.egg-info/dependency_links.txt
[0.901s] writing top-level names to abb_rapid_sm_addin_msgs.egg-info/top_level.txt
[0.904s] reading manifest file 'abb_rapid_sm_addin_msgs.egg-info/SOURCES.txt'
[0.908s] writing manifest file 'abb_rapid_sm_addin_msgs.egg-info/SOURCES.txt'
[0.988s] [100%] Built target ament_cmake_python_build_abb_rapid_sm_addin_msgs_egg
[1.005s] Invoked command in '/home/ubuntu/ros2ws/build/abb_rapid_sm_addin_msgs' returned '0': CMAKE_PREFIX_PATH=/home/ubuntu/ros2ws/install/abb_rapid_msgs:/home/ubuntu/ros2ws/install/ros2srrc_ur5_moveit2:/home/ubuntu/ros2ws/install/ros2srrc_ur5_gazebo:/home/ubuntu/ros2ws/install/ros2srrc_ur3_moveit2:/home/ubuntu/ros2ws/install/ros2srrc_ur3_gazebo:/home/ubuntu/ros2ws/install/ros2srrc_ur16e_moveit2:/home/ubuntu/ros2ws/install/ros2srrc_ur16e_gazebo:/home/ubuntu/ros2ws/install/ros2srrc_ur10e_moveit2:/home/ubuntu/ros2ws/install/ros2srrc_ur10e_gazebo:/home/ubuntu/ros2ws/install/ros2srrc_robots:/home/ubuntu/ros2ws/install/ros2srrc_launch:/home/ubuntu/ros2ws/install/ros2srrc_irb6640_moveit2:/home/ubuntu/ros2ws/install/ros2srrc_irb6640_gazebo:/home/ubuntu/ros2ws/install/ros2srrc_irb120_moveit2:/home/ubuntu/ros2ws/install/ros2srrc_irb120_gazebo:/home/ubuntu/ros2ws/install/ros2srrc_irb1200_moveit2:/home/ubuntu/ros2ws/install/ros2srrc_irb1200_gazebo:/home/ubuntu/ros2ws/install/ros2srrc_iiwa_moveit2:/home/ubuntu/ros2ws/install/ros2srrc_iiwa_gazebo:/home/ubuntu/ros2ws/install/ros2srrc_endeffectors:/home/ubuntu/ros2ws/install/ros2srrc_data:/home/ubuntu/ros2ws/install/ros2_linkattacher:/home/ubuntu/ros2ws/install/linkattacher_msgs:/home/ubuntu/ros2ws/install/abb_rws_client:/home/ubuntu/ros2ws/install/abb_ros2:/home/ubuntu/ros2ws/install/abb_robot_msgs:/home/ubuntu/ros2ws/install/abb_resources:/home/ubuntu/ros2ws/install/abb_rapid_sm_addin_msgs:/home/ubuntu/ros2ws/install/abb_hardware_interface:/home/ubuntu/ros2ws/install/abb_egm_rws_managers:/home/ubuntu/ros2ws/install/abb_librws:/home/ubuntu/ros2ws/install/abb_libegm:/home/ubuntu/ros2ws/install/abb_irb4600_support:/home/ubuntu/ros2ws/install/abb_irb1200_5_90_moveit_config:/home/ubuntu/ros2ws/install/abb_irb1200_support:/home/ubuntu/ros2ws/install/abb_egm_msgs:/home/ubuntu/ros2ws/install/abb_bringup:/opt/ros/humble LD_LIBRARY_PATH=/home/ubuntu/ros2ws/install/abb_rapid_msgs/lib:/home/ubuntu/ros2ws/install/ros2srrc_data/lib:/home/ubuntu/ros2ws/install/ros2_linkattacher/lib:/home/ubuntu/ros2ws/install/linkattacher_msgs/lib:/home/ubuntu/ros2ws/install/abb_robot_msgs/lib:/home/ubuntu/ros2ws/install/abb_rapid_sm_addin_msgs/lib:/home/ubuntu/ros2ws/install/abb_hardware_interface/lib:/home/ubuntu/ros2ws/install/abb_egm_rws_managers/lib:/home/ubuntu/ros2ws/install/abb_librws/lib:/home/ubuntu/ros2ws/install/abb_libegm/lib:/home/ubuntu/ros2ws/install/abb_egm_msgs/lib:/usr/lib/x86_64-linux-gnu/gazebo-11/plugins:/opt/ros/humble/opt/rviz_ogre_vendor/lib:/opt/ros/humble/lib/x86_64-linux-gnu:/opt/ros/humble/lib /usr/bin/cmake --build /home/ubuntu/ros2ws/build/abb_rapid_sm_addin_msgs -- -j4 -l4
[1.750s] Invoking command in '/home/ubuntu/ros2ws/build/abb_rapid_sm_addin_msgs': CMAKE_PREFIX_PATH=/home/ubuntu/ros2ws/install/abb_rapid_msgs:/home/ubuntu/ros2ws/install/ros2srrc_ur5_moveit2:/home/ubuntu/ros2ws/install/ros2srrc_ur5_gazebo:/home/ubuntu/ros2ws/install/ros2srrc_ur3_moveit2:/home/ubuntu/ros2ws/install/ros2srrc_ur3_gazebo:/home/ubuntu/ros2ws/install/ros2srrc_ur16e_moveit2:/home/ubuntu/ros2ws/install/ros2srrc_ur16e_gazebo:/home/ubuntu/ros2ws/install/ros2srrc_ur10e_moveit2:/home/ubuntu/ros2ws/install/ros2srrc_ur10e_gazebo:/home/ubuntu/ros2ws/install/ros2srrc_robots:/home/ubuntu/ros2ws/install/ros2srrc_launch:/home/ubuntu/ros2ws/install/ros2srrc_irb6640_moveit2:/home/ubuntu/ros2ws/install/ros2srrc_irb6640_gazebo:/home/ubuntu/ros2ws/install/ros2srrc_irb120_moveit2:/home/ubuntu/ros2ws/install/ros2srrc_irb120_gazebo:/home/ubuntu/ros2ws/install/ros2srrc_irb1200_moveit2:/home/ubuntu/ros2ws/install/ros2srrc_irb1200_gazebo:/home/ubuntu/ros2ws/install/ros2srrc_iiwa_moveit2:/home/ubuntu/ros2ws/install/ros2srrc_iiwa_gazebo:/home/ubuntu/ros2ws/install/ros2srrc_endeffectors:/home/ubuntu/ros2ws/install/ros2srrc_data:/home/ubuntu/ros2ws/install/ros2_linkattacher:/home/ubuntu/ros2ws/install/linkattacher_msgs:/home/ubuntu/ros2ws/install/abb_rws_client:/home/ubuntu/ros2ws/install/abb_ros2:/home/ubuntu/ros2ws/install/abb_robot_msgs:/home/ubuntu/ros2ws/install/abb_resources:/home/ubuntu/ros2ws/install/abb_rapid_sm_addin_msgs:/home/ubuntu/ros2ws/install/abb_hardware_interface:/home/ubuntu/ros2ws/install/abb_egm_rws_managers:/home/ubuntu/ros2ws/install/abb_librws:/home/ubuntu/ros2ws/install/abb_libegm:/home/ubuntu/ros2ws/install/abb_irb4600_support:/home/ubuntu/ros2ws/install/abb_irb1200_5_90_moveit_config:/home/ubuntu/ros2ws/install/abb_irb1200_support:/home/ubuntu/ros2ws/install/abb_egm_msgs:/home/ubuntu/ros2ws/install/abb_bringup:/opt/ros/humble LD_LIBRARY_PATH=/home/ubuntu/ros2ws/install/abb_rapid_msgs/lib:/home/ubuntu/ros2ws/install/ros2srrc_data/lib:/home/ubuntu/ros2ws/install/ros2_linkattacher/lib:/home/ubuntu/ros2ws/install/linkattacher_msgs/lib:/home/ubuntu/ros2ws/install/abb_robot_msgs/lib:/home/ubuntu/ros2ws/install/abb_rapid_sm_addin_msgs/lib:/home/ubuntu/ros2ws/install/abb_hardware_interface/lib:/home/ubuntu/ros2ws/install/abb_egm_rws_managers/lib:/home/ubuntu/ros2ws/install/abb_librws/lib:/home/ubuntu/ros2ws/install/abb_libegm/lib:/home/ubuntu/ros2ws/install/abb_egm_msgs/lib:/usr/lib/x86_64-linux-gnu/gazebo-11/plugins:/opt/ros/humble/opt/rviz_ogre_vendor/lib:/opt/ros/humble/lib/x86_64-linux-gnu:/opt/ros/humble/lib /usr/bin/cmake --install /home/ubuntu/ros2ws/build/abb_rapid_sm_addin_msgs
[1.766s] -- Install configuration: ""
[1.766s] -- Up-to-date: /home/ubuntu/ros2ws/install/abb_rapid_sm_addin_msgs/share/ament_index/resource_index/rosidl_interfaces/abb_rapid_sm_addin_msgs
[1.767s] -- Up-to-date: /home/ubuntu/ros2ws/install/abb_rapid_sm_addin_msgs/include/abb_rapid_sm_addin_msgs/abb_rapid_sm_addin_msgs
[1.767s] -- Up-to-date: /home/ubuntu/ros2ws/install/abb_rapid_sm_addin_msgs/include/abb_rapid_sm_addin_msgs/abb_rapid_sm_addin_msgs/msg
[1.767s] -- Up-to-date: /home/ubuntu/ros2ws/install/abb_rapid_sm_addin_msgs/include/abb_rapid_sm_addin_msgs/abb_rapid_sm_addin_msgs/msg/egm_settings.h
[1.767s] -- Up-to-date: /home/ubuntu/ros2ws/install/abb_rapid_sm_addin_msgs/include/abb_rapid_sm_addin_msgs/abb_rapid_sm_addin_msgs/msg/egm_setup_settings.h
[1.768s] -- Up-to-date: /home/ubuntu/ros2ws/install/abb_rapid_sm_addin_msgs/include/abb_rapid_sm_addin_msgs/abb_rapid_sm_addin_msgs/msg/egm_run_settings.h
[1.768s] -- Up-to-date: /home/ubuntu/ros2ws/install/abb_rapid_sm_addin_msgs/include/abb_rapid_sm_addin_msgs/abb_rapid_sm_addin_msgs/msg/state_machine_state.h
[1.768s] -- Up-to-date: /home/ubuntu/ros2ws/install/abb_rapid_sm_addin_msgs/include/abb_rapid_sm_addin_msgs/abb_rapid_sm_addin_msgs/msg/runtime_state.h
[1.768s] -- Up-to-date: /home/ubuntu/ros2ws/install/abb_rapid_sm_addin_msgs/include/abb_rapid_sm_addin_msgs/abb_rapid_sm_addin_msgs/msg/rosidl_generator_c__visibility_control.h
[1.769s] -- Up-to-date: /home/ubuntu/ros2ws/install/abb_rapid_sm_addin_msgs/include/abb_rapid_sm_addin_msgs/abb_rapid_sm_addin_msgs/msg/egm_stop_settings.h
[1.770s] -- Up-to-date: /home/ubuntu/ros2ws/install/abb_rapid_sm_addin_msgs/include/abb_rapid_sm_addin_msgs/abb_rapid_sm_addin_msgs/msg/egm_activate_settings.h
[1.770s] -- Up-to-date: /home/ubuntu/ros2ws/install/abb_rapid_sm_addin_msgs/include/abb_rapid_sm_addin_msgs/abb_rapid_sm_addin_msgs/msg/detail
[1.770s] -- Up-to-date: /home/ubuntu/ros2ws/install/abb_rapid_sm_addin_msgs/include/abb_rapid_sm_addin_msgs/abb_rapid_sm_addin_msgs/msg/detail/runtime_state__type_support.h
[1.771s] -- Up-to-date: /home/ubuntu/ros2ws/install/abb_rapid_sm_addin_msgs/include/abb_rapid_sm_addin_msgs/abb_rapid_sm_addin_msgs/msg/detail/egm_stop_settings__type_support.h
[1.772s] -- Up-to-date: /home/ubuntu/ros2ws/install/abb_rapid_sm_addin_msgs/include/abb_rapid_sm_addin_msgs/abb_rapid_sm_addin_msgs/msg/detail/egm_setup_settings__struct.h
[1.772s] -- Up-to-date: /home/ubuntu/ros2ws/install/abb_rapid_sm_addin_msgs/include/abb_rapid_sm_addin_msgs/abb_rapid_sm_addin_msgs/msg/detail/egm_activate_settings__functions.h
[1.772s] -- Up-to-date: /home/ubuntu/ros2ws/install/abb_rapid_sm_addin_msgs/include/abb_rapid_sm_addin_msgs/abb_rapid_sm_addin_msgs/msg/detail/egm_stop_settings__functions.h
[1.772s] -- Up-to-date: /home/ubuntu/ros2ws/install/abb_rapid_sm_addin_msgs/include/abb_rapid_sm_addin_msgs/abb_rapid_sm_addin_msgs/msg/detail/runtime_state__struct.h
[1.772s] -- Up-to-date: /home/ubuntu/ros2ws/install/abb_rapid_sm_addin_msgs/include/abb_rapid_sm_addin_msgs/abb_rapid_sm_addin_msgs/msg/detail/egm_setup_settings__functions.c
[1.772s] -- Up-to-date: /home/ubuntu/ros2ws/install/abb_rapid_sm_addin_msgs/include/abb_rapid_sm_addin_msgs/abb_rapid_sm_addin_msgs/msg/detail/state_machine_state__type_support.h
[1.772s] -- Up-to-date: /home/ubuntu/ros2ws/install/abb_rapid_sm_addin_msgs/include/abb_rapid_sm_addin_msgs/abb_rapid_sm_addin_msgs/msg/detail/egm_stop_settings__struct.h
[1.773s] -- Up-to-date: /home/ubuntu/ros2ws/install/abb_rapid_sm_addin_msgs/include/abb_rapid_sm_addin_msgs/abb_rapid_sm_addin_msgs/msg/detail/state_machine_state__struct.h
[1.773s] -- Up-to-date: /home/ubuntu/ros2ws/install/abb_rapid_sm_addin_msgs/include/abb_rapid_sm_addin_msgs/abb_rapid_sm_addin_msgs/msg/detail/egm_stop_settings__functions.c
[1.773s] -- Up-to-date: /home/ubuntu/ros2ws/install/abb_rapid_sm_addin_msgs/include/abb_rapid_sm_addin_msgs/abb_rapid_sm_addin_msgs/msg/detail/egm_setup_settings__type_support.h
[1.773s] -- Up-to-date: /home/ubuntu/ros2ws/install/abb_rapid_sm_addin_msgs/include/abb_rapid_sm_addin_msgs/abb_rapid_sm_addin_msgs/msg/detail/egm_settings__functions.h
[1.773s] -- Up-to-date: /home/ubuntu/ros2ws/install/abb_rapid_sm_addin_msgs/include/abb_rapid_sm_addin_msgs/abb_rapid_sm_addin_msgs/msg/detail/egm_run_settings__functions.h
[1.773s] -- Up-to-date: /home/ubuntu/ros2ws/install/abb_rapid_sm_addin_msgs/include/abb_rapid_sm_addin_msgs/abb_rapid_sm_addin_msgs/msg/detail/egm_settings__type_support.h
[1.773s] -- Up-to-date: /home/ubuntu/ros2ws/install/abb_rapid_sm_addin_msgs/include/abb_rapid_sm_addin_msgs/abb_rapid_sm_addin_msgs/msg/detail/state_machine_state__functions.c
[1.773s] -- Up-to-date: /home/ubuntu/ros2ws/install/abb_rapid_sm_addin_msgs/include/abb_rapid_sm_addin_msgs/abb_rapid_sm_addin_msgs/msg/detail/egm_run_settings__type_support.h
[1.773s] -- Up-to-date: /home/ubuntu/ros2ws/install/abb_rapid_sm_addin_msgs/include/abb_rapid_sm_addin_msgs/abb_rapid_sm_addin_msgs/msg/detail/state_machine_state__functions.h
[1.773s] -- Up-to-date: /home/ubuntu/ros2ws/install/abb_rapid_sm_addin_msgs/include/abb_rapid_sm_addin_msgs/abb_rapid_sm_addin_msgs/msg/detail/egm_run_settings__struct.h
[1.773s] -- Up-to-date: /home/ubuntu/ros2ws/install/abb_rapid_sm_addin_msgs/include/abb_rapid_sm_addin_msgs/abb_rapid_sm_addin_msgs/msg/detail/egm_activate_settings__type_support.h
[1.773s] -- Up-to-date: /home/ubuntu/ros2ws/install/abb_rapid_sm_addin_msgs/include/abb_rapid_sm_addin_msgs/abb_rapid_sm_addin_msgs/msg/detail/egm_run_settings__functions.c
[1.773s] -- Up-to-date: /home/ubuntu/ros2ws/install/abb_rapid_sm_addin_msgs/include/abb_rapid_sm_addin_msgs/abb_rapid_sm_addin_msgs/msg/detail/egm_setup_settings__functions.h
[1.773s] -- Up-to-date: /home/ubuntu/ros2ws/install/abb_rapid_sm_addin_msgs/include/abb_rapid_sm_addin_msgs/abb_rapid_sm_addin_msgs/msg/detail/egm_activate_settings__functions.c
[1.773s] -- Up-to-date: /home/ubuntu/ros2ws/install/abb_rapid_sm_addin_msgs/include/abb_rapid_sm_addin_msgs/abb_rapid_sm_addin_msgs/msg/detail/egm_settings__struct.h
[1.774s] -- Up-to-date: /home/ubuntu/ros2ws/install/abb_rapid_sm_addin_msgs/include/abb_rapid_sm_addin_msgs/abb_rapid_sm_addin_msgs/msg/detail/egm_activate_settings__struct.h
[1.774s] -- Up-to-date: /home/ubuntu/ros2ws/install/abb_rapid_sm_addin_msgs/include/abb_rapid_sm_addin_msgs/abb_rapid_sm_addin_msgs/msg/detail/runtime_state__functions.h
[1.774s] -- Up-to-date: /home/ubuntu/ros2ws/install/abb_rapid_sm_addin_msgs/include/abb_rapid_sm_addin_msgs/abb_rapid_sm_addin_msgs/msg/detail/runtime_state__functions.c
[1.774s] -- Up-to-date: /home/ubuntu/ros2ws/install/abb_rapid_sm_addin_msgs/include/abb_rapid_sm_addin_msgs/abb_rapid_sm_addin_msgs/msg/detail/egm_settings__functions.c
[1.774s] -- Up-to-date: /home/ubuntu/ros2ws/install/abb_rapid_sm_addin_msgs/include/abb_rapid_sm_addin_msgs/abb_rapid_sm_addin_msgs/srv
[1.774s] -- Up-to-date: /home/ubuntu/ros2ws/install/abb_rapid_sm_addin_msgs/include/abb_rapid_sm_addin_msgs/abb_rapid_sm_addin_msgs/srv/set_sg_command.h
[1.774s] -- Up-to-date: /home/ubuntu/ros2ws/install/abb_rapid_sm_addin_msgs/include/abb_rapid_sm_addin_msgs/abb_rapid_sm_addin_msgs/srv/set_rapid_routine.h
[1.775s] -- Up-to-date: /home/ubuntu/ros2ws/install/abb_rapid_sm_addin_msgs/include/abb_rapid_sm_addin_msgs/abb_rapid_sm_addin_msgs/srv/set_egm_settings.h
[1.775s] -- Up-to-date: /home/ubuntu/ros2ws/install/abb_rapid_sm_addin_msgs/include/abb_rapid_sm_addin_msgs/abb_rapid_sm_addin_msgs/srv/get_egm_settings.h
[1.775s] -- Up-to-date: /home/ubuntu/ros2ws/install/abb_rapid_sm_addin_msgs/include/abb_rapid_sm_addin_msgs/abb_rapid_sm_addin_msgs/srv/detail
[1.776s] -- Up-to-date: /home/ubuntu/ros2ws/install/abb_rapid_sm_addin_msgs/include/abb_rapid_sm_addin_msgs/abb_rapid_sm_addin_msgs/srv/detail/set_sg_command__functions.h
[1.776s] -- Up-to-date: /home/ubuntu/ros2ws/install/abb_rapid_sm_addin_msgs/include/abb_rapid_sm_addin_msgs/abb_rapid_sm_addin_msgs/srv/detail/set_sg_command__type_support.h
[1.776s] -- Up-to-date: /home/ubuntu/ros2ws/install/abb_rapid_sm_addin_msgs/include/abb_rapid_sm_addin_msgs/abb_rapid_sm_addin_msgs/srv/detail/set_sg_command__functions.c
[1.776s] -- Up-to-date: /home/ubuntu/ros2ws/install/abb_rapid_sm_addin_msgs/include/abb_rapid_sm_addin_msgs/abb_rapid_sm_addin_msgs/srv/detail/set_sg_command__struct.h
[1.776s] -- Up-to-date: /home/ubuntu/ros2ws/install/abb_rapid_sm_addin_msgs/include/abb_rapid_sm_addin_msgs/abb_rapid_sm_addin_msgs/srv/detail/set_egm_settings__functions.c
[1.776s] -- Up-to-date: /home/ubuntu/ros2ws/install/abb_rapid_sm_addin_msgs/include/abb_rapid_sm_addin_msgs/abb_rapid_sm_addin_msgs/srv/detail/get_egm_settings__functions.c
[1.778s] -- Up-to-date: /home/ubuntu/ros2ws/install/abb_rapid_sm_addin_msgs/include/abb_rapid_sm_addin_msgs/abb_rapid_sm_addin_msgs/srv/detail/set_rapid_routine__functions.h
[1.778s] -- Up-to-date: /home/ubuntu/ros2ws/install/abb_rapid_sm_addin_msgs/include/abb_rapid_sm_addin_msgs/abb_rapid_sm_addin_msgs/srv/detail/set_rapid_routine__functions.c
[1.781s] -- Up-to-date: /home/ubuntu/ros2ws/install/abb_rapid_sm_addin_msgs/include/abb_rapid_sm_addin_msgs/abb_rapid_sm_addin_msgs/srv/detail/set_egm_settings__type_support.h
[1.781s] -- Up-to-date: /home/ubuntu/ros2ws/install/abb_rapid_sm_addin_msgs/include/abb_rapid_sm_addin_msgs/abb_rapid_sm_addin_msgs/srv/detail/get_egm_settings__functions.h
[1.781s] -- Up-to-date: /home/ubuntu/ros2ws/install/abb_rapid_sm_addin_msgs/include/abb_rapid_sm_addin_msgs/abb_rapid_sm_addin_msgs/srv/detail/set_egm_settings__functions.h
[1.781s] -- Up-to-date: /home/ubuntu/ros2ws/install/abb_rapid_sm_addin_msgs/include/abb_rapid_sm_addin_msgs/abb_rapid_sm_addin_msgs/srv/detail/get_egm_settings__type_support.h
[1.781s] -- Up-to-date: /home/ubuntu/ros2ws/install/abb_rapid_sm_addin_msgs/include/abb_rapid_sm_addin_msgs/abb_rapid_sm_addin_msgs/srv/detail/set_egm_settings__struct.h
[1.781s] -- Up-to-date: /home/ubuntu/ros2ws/install/abb_rapid_sm_addin_msgs/include/abb_rapid_sm_addin_msgs/abb_rapid_sm_addin_msgs/srv/detail/set_rapid_routine__struct.h
[1.781s] -- Up-to-date: /home/ubuntu/ros2ws/install/abb_rapid_sm_addin_msgs/include/abb_rapid_sm_addin_msgs/abb_rapid_sm_addin_msgs/srv/detail/get_egm_settings__struct.h
[1.781s] -- Up-to-date: /home/ubuntu/ros2ws/install/abb_rapid_sm_addin_msgs/include/abb_rapid_sm_addin_msgs/abb_rapid_sm_addin_msgs/srv/detail/set_rapid_routine__type_support.h
[1.782s] -- Up-to-date: /home/ubuntu/ros2ws/install/abb_rapid_sm_addin_msgs/share/abb_rapid_sm_addin_msgs/environment/library_path.sh
[1.782s] -- Up-to-date: /home/ubuntu/ros2ws/install/abb_rapid_sm_addin_msgs/share/abb_rapid_sm_addin_msgs/environment/library_path.dsv
[1.782s] -- Up-to-date: /home/ubuntu/ros2ws/install/abb_rapid_sm_addin_msgs/lib/libabb_rapid_sm_addin_msgs__rosidl_generator_c.so
[1.782s] -- Up-to-date: /home/ubuntu/ros2ws/install/abb_rapid_sm_addin_msgs/include/abb_rapid_sm_addin_msgs/abb_rapid_sm_addin_msgs
[1.782s] -- Up-to-date: /home/ubuntu/ros2ws/install/abb_rapid_sm_addin_msgs/include/abb_rapid_sm_addin_msgs/abb_rapid_sm_addin_msgs/msg
[1.782s] -- Up-to-date: /home/ubuntu/ros2ws/install/abb_rapid_sm_addin_msgs/include/abb_rapid_sm_addin_msgs/abb_rapid_sm_addin_msgs/msg/rosidl_typesupport_fastrtps_c__visibility_control.h
[1.782s] -- Up-to-date: /home/ubuntu/ros2ws/install/abb_rapid_sm_addin_msgs/include/abb_rapid_sm_addin_msgs/abb_rapid_sm_addin_msgs/msg/detail
[1.784s] -- Up-to-date: /home/ubuntu/ros2ws/install/abb_rapid_sm_addin_msgs/include/abb_rapid_sm_addin_msgs/abb_rapid_sm_addin_msgs/msg/detail/egm_stop_settings__rosidl_typesupport_fastrtps_c.h
[1.784s] -- Up-to-date: /home/ubuntu/ros2ws/install/abb_rapid_sm_addin_msgs/include/abb_rapid_sm_addin_msgs/abb_rapid_sm_addin_msgs/msg/detail/runtime_state__rosidl_typesupport_fastrtps_c.h
[1.784s] -- Up-to-date: /home/ubuntu/ros2ws/install/abb_rapid_sm_addin_msgs/include/abb_rapid_sm_addin_msgs/abb_rapid_sm_addin_msgs/msg/detail/egm_activate_settings__rosidl_typesupport_fastrtps_c.h
[1.784s] -- Up-to-date: /home/ubuntu/ros2ws/install/abb_rapid_sm_addin_msgs/include/abb_rapid_sm_addin_msgs/abb_rapid_sm_addin_msgs/msg/detail/egm_settings__rosidl_typesupport_fastrtps_c.h
[1.784s] -- Up-to-date: /home/ubuntu/ros2ws/install/abb_rapid_sm_addin_msgs/include/abb_rapid_sm_addin_msgs/abb_rapid_sm_addin_msgs/msg/detail/state_machine_state__rosidl_typesupport_fastrtps_c.h
[1.784s] -- Up-to-date: /home/ubuntu/ros2ws/install/abb_rapid_sm_addin_msgs/include/abb_rapid_sm_addin_msgs/abb_rapid_sm_addin_msgs/msg/detail/egm_run_settings__rosidl_typesupport_fastrtps_c.h
[1.784s] -- Up-to-date: /home/ubuntu/ros2ws/install/abb_rapid_sm_addin_msgs/include/abb_rapid_sm_addin_msgs/abb_rapid_sm_addin_msgs/msg/detail/egm_setup_settings__rosidl_typesupport_fastrtps_c.h
[1.784s] -- Up-to-date: /home/ubuntu/ros2ws/install/abb_rapid_sm_addin_msgs/include/abb_rapid_sm_addin_msgs/abb_rapid_sm_addin_msgs/srv
[1.785s] -- Up-to-date: /home/ubuntu/ros2ws/install/abb_rapid_sm_addin_msgs/include/abb_rapid_sm_addin_msgs/abb_rapid_sm_addin_msgs/srv/detail
[1.785s] -- Up-to-date: /home/ubuntu/ros2ws/install/abb_rapid_sm_addin_msgs/include/abb_rapid_sm_addin_msgs/abb_rapid_sm_addin_msgs/srv/detail/set_sg_command__rosidl_typesupport_fastrtps_c.h
[1.785s] -- Up-to-date: /home/ubuntu/ros2ws/install/abb_rapid_sm_addin_msgs/include/abb_rapid_sm_addin_msgs/abb_rapid_sm_addin_msgs/srv/detail/get_egm_settings__rosidl_typesupport_fastrtps_c.h
[1.785s] -- Up-to-date: /home/ubuntu/ros2ws/install/abb_rapid_sm_addin_msgs/include/abb_rapid_sm_addin_msgs/abb_rapid_sm_addin_msgs/srv/detail/set_egm_settings__rosidl_typesupport_fastrtps_c.h
[1.785s] -- Up-to-date: /home/ubuntu/ros2ws/install/abb_rapid_sm_addin_msgs/include/abb_rapid_sm_addin_msgs/abb_rapid_sm_addin_msgs/srv/detail/set_rapid_routine__rosidl_typesupport_fastrtps_c.h
[1.785s] -- Up-to-date: /home/ubuntu/ros2ws/install/abb_rapid_sm_addin_msgs/lib/libabb_rapid_sm_addin_msgs__rosidl_typesupport_fastrtps_c.so
[1.785s] -- Up-to-date: /home/ubuntu/ros2ws/install/abb_rapid_sm_addin_msgs/include/abb_rapid_sm_addin_msgs/abb_rapid_sm_addin_msgs
[1.785s] -- Up-to-date: /home/ubuntu/ros2ws/install/abb_rapid_sm_addin_msgs/include/abb_rapid_sm_addin_msgs/abb_rapid_sm_addin_msgs/msg
[1.785s] -- Up-to-date: /home/ubuntu/ros2ws/install/abb_rapid_sm_addin_msgs/include/abb_rapid_sm_addin_msgs/abb_rapid_sm_addin_msgs/msg/rosidl_typesupport_introspection_c__visibility_control.h
[1.785s] -- Up-to-date: /home/ubuntu/ros2ws/install/abb_rapid_sm_addin_msgs/include/abb_rapid_sm_addin_msgs/abb_rapid_sm_addin_msgs/msg/detail
[1.785s] -- Up-to-date: /home/ubuntu/ros2ws/install/abb_rapid_sm_addin_msgs/include/abb_rapid_sm_addin_msgs/abb_rapid_sm_addin_msgs/msg/detail/egm_run_settings__rosidl_typesupport_introspection_c.h
[1.785s] -- Up-to-date: /home/ubuntu/ros2ws/install/abb_rapid_sm_addin_msgs/include/abb_rapid_sm_addin_msgs/abb_rapid_sm_addin_msgs/msg/detail/egm_settings__rosidl_typesupport_introspection_c.h
[1.785s] -- Up-to-date: /home/ubuntu/ros2ws/install/abb_rapid_sm_addin_msgs/include/abb_rapid_sm_addin_msgs/abb_rapid_sm_addin_msgs/msg/detail/egm_setup_settings__rosidl_typesupport_introspection_c.h
[1.786s] -- Up-to-date: /home/ubuntu/ros2ws/install/abb_rapid_sm_addin_msgs/include/abb_rapid_sm_addin_msgs/abb_rapid_sm_addin_msgs/msg/detail/egm_setup_settings__type_support.c
[1.786s] -- Up-to-date: /home/ubuntu/ros2ws/install/abb_rapid_sm_addin_msgs/include/abb_rapid_sm_addin_msgs/abb_rapid_sm_addin_msgs/msg/detail/egm_stop_settings__rosidl_typesupport_introspection_c.h
[1.786s] -- Up-to-date: /home/ubuntu/ros2ws/install/abb_rapid_sm_addin_msgs/include/abb_rapid_sm_addin_msgs/abb_rapid_sm_addin_msgs/msg/detail/egm_settings__type_support.c
[1.786s] -- Up-to-date: /home/ubuntu/ros2ws/install/abb_rapid_sm_addin_msgs/include/abb_rapid_sm_addin_msgs/abb_rapid_sm_addin_msgs/msg/detail/egm_stop_settings__type_support.c
[1.786s] -- Up-to-date: /home/ubuntu/ros2ws/install/abb_rapid_sm_addin_msgs/include/abb_rapid_sm_addin_msgs/abb_rapid_sm_addin_msgs/msg/detail/state_machine_state__type_support.c
[1.786s] -- Up-to-date: /home/ubuntu/ros2ws/install/abb_rapid_sm_addin_msgs/include/abb_rapid_sm_addin_msgs/abb_rapid_sm_addin_msgs/msg/detail/egm_activate_settings__rosidl_typesupport_introspection_c.h
[1.787s] -- Up-to-date: /home/ubuntu/ros2ws/install/abb_rapid_sm_addin_msgs/include/abb_rapid_sm_addin_msgs/abb_rapid_sm_addin_msgs/msg/detail/egm_activate_settings__type_support.c
[1.787s] -- Up-to-date: /home/ubuntu/ros2ws/install/abb_rapid_sm_addin_msgs/include/abb_rapid_sm_addin_msgs/abb_rapid_sm_addin_msgs/msg/detail/runtime_state__rosidl_typesupport_introspection_c.h
[1.787s] -- Up-to-date: /home/ubuntu/ros2ws/install/abb_rapid_sm_addin_msgs/include/abb_rapid_sm_addin_msgs/abb_rapid_sm_addin_msgs/msg/detail/runtime_state__type_support.c
[1.787s] -- Up-to-date: /home/ubuntu/ros2ws/install/abb_rapid_sm_addin_msgs/include/abb_rapid_sm_addin_msgs/abb_rapid_sm_addin_msgs/msg/detail/egm_run_settings__type_support.c
[1.787s] -- Up-to-date: /home/ubuntu/ros2ws/install/abb_rapid_sm_addin_msgs/include/abb_rapid_sm_addin_msgs/abb_rapid_sm_addin_msgs/msg/detail/state_machine_state__rosidl_typesupport_introspection_c.h
[1.787s] -- Up-to-date: /home/ubuntu/ros2ws/install/abb_rapid_sm_addin_msgs/include/abb_rapid_sm_addin_msgs/abb_rapid_sm_addin_msgs/srv
[1.787s] -- Up-to-date: /home/ubuntu/ros2ws/install/abb_rapid_sm_addin_msgs/include/abb_rapid_sm_addin_msgs/abb_rapid_sm_addin_msgs/srv/detail
[1.788s] -- Up-to-date: /home/ubuntu/ros2ws/install/abb_rapid_sm_addin_msgs/include/abb_rapid_sm_addin_msgs/abb_rapid_sm_addin_msgs/srv/detail/set_rapid_routine__rosidl_typesupport_introspection_c.h
[1.788s] -- Up-to-date: /home/ubuntu/ros2ws/install/abb_rapid_sm_addin_msgs/include/abb_rapid_sm_addin_msgs/abb_rapid_sm_addin_msgs/srv/detail/get_egm_settings__type_support.c
[1.788s] -- Up-to-date: /home/ubuntu/ros2ws/install/abb_rapid_sm_addin_msgs/include/abb_rapid_sm_addin_msgs/abb_rapid_sm_addin_msgs/srv/detail/get_egm_settings__rosidl_typesupport_introspection_c.h
[1.788s] -- Up-to-date: /home/ubuntu/ros2ws/install/abb_rapid_sm_addin_msgs/include/abb_rapid_sm_addin_msgs/abb_rapid_sm_addin_msgs/srv/detail/set_egm_settings__type_support.c
[1.788s] -- Up-to-date: /home/ubuntu/ros2ws/install/abb_rapid_sm_addin_msgs/include/abb_rapid_sm_addin_msgs/abb_rapid_sm_addin_msgs/srv/detail/set_sg_command__type_support.c
[1.788s] -- Up-to-date: /home/ubuntu/ros2ws/install/abb_rapid_sm_addin_msgs/include/abb_rapid_sm_addin_msgs/abb_rapid_sm_addin_msgs/srv/detail/set_rapid_routine__type_support.c
[1.788s] -- Up-to-date: /home/ubuntu/ros2ws/install/abb_rapid_sm_addin_msgs/include/abb_rapid_sm_addin_msgs/abb_rapid_sm_addin_msgs/srv/detail/set_egm_settings__rosidl_typesupport_introspection_c.h
[1.788s] -- Up-to-date: /home/ubuntu/ros2ws/install/abb_rapid_sm_addin_msgs/include/abb_rapid_sm_addin_msgs/abb_rapid_sm_addin_msgs/srv/detail/set_sg_command__rosidl_typesupport_introspection_c.h
[1.788s] -- Up-to-date: /home/ubuntu/ros2ws/install/abb_rapid_sm_addin_msgs/lib/libabb_rapid_sm_addin_msgs__rosidl_typesupport_introspection_c.so
[1.788s] -- Up-to-date: /home/ubuntu/ros2ws/install/abb_rapid_sm_addin_msgs/lib/libabb_rapid_sm_addin_msgs__rosidl_typesupport_c.so
[1.790s] -- Up-to-date: /home/ubuntu/ros2ws/install/abb_rapid_sm_addin_msgs/include/abb_rapid_sm_addin_msgs/abb_rapid_sm_addin_msgs
[1.790s] -- Up-to-date: /home/ubuntu/ros2ws/install/abb_rapid_sm_addin_msgs/include/abb_rapid_sm_addin_msgs/abb_rapid_sm_addin_msgs/msg
[1.790s] -- Up-to-date: /home/ubuntu/ros2ws/install/abb_rapid_sm_addin_msgs/include/abb_rapid_sm_addin_msgs/abb_rapid_sm_addin_msgs/msg/egm_setup_settings.hpp
[1.790s] -- Up-to-date: /home/ubuntu/ros2ws/install/abb_rapid_sm_addin_msgs/include/abb_rapid_sm_addin_msgs/abb_rapid_sm_addin_msgs/msg/egm_settings.hpp
[1.790s] -- Up-to-date: /home/ubuntu/ros2ws/install/abb_rapid_sm_addin_msgs/include/abb_rapid_sm_addin_msgs/abb_rapid_sm_addin_msgs/msg/egm_stop_settings.hpp
[1.791s] -- Up-to-date: /home/ubuntu/ros2ws/install/abb_rapid_sm_addin_msgs/include/abb_rapid_sm_addin_msgs/abb_rapid_sm_addin_msgs/msg/egm_run_settings.hpp
[1.791s] -- Up-to-date: /home/ubuntu/ros2ws/install/abb_rapid_sm_addin_msgs/include/abb_rapid_sm_addin_msgs/abb_rapid_sm_addin_msgs/msg/runtime_state.hpp
[1.791s] -- Up-to-date: /home/ubuntu/ros2ws/install/abb_rapid_sm_addin_msgs/include/abb_rapid_sm_addin_msgs/abb_rapid_sm_addin_msgs/msg/state_machine_state.hpp
[1.791s] -- Up-to-date: /home/ubuntu/ros2ws/install/abb_rapid_sm_addin_msgs/include/abb_rapid_sm_addin_msgs/abb_rapid_sm_addin_msgs/msg/detail
[1.791s] -- Up-to-date: /home/ubuntu/ros2ws/install/abb_rapid_sm_addin_msgs/include/abb_rapid_sm_addin_msgs/abb_rapid_sm_addin_msgs/msg/detail/egm_settings__struct.hpp
[1.791s] -- Up-to-date: /home/ubuntu/ros2ws/install/abb_rapid_sm_addin_msgs/include/abb_rapid_sm_addin_msgs/abb_rapid_sm_addin_msgs/msg/detail/runtime_state__builder.hpp
[1.791s] -- Up-to-date: /home/ubuntu/ros2ws/install/abb_rapid_sm_addin_msgs/include/abb_rapid_sm_addin_msgs/abb_rapid_sm_addin_msgs/msg/detail/egm_settings__traits.hpp
[1.791s] -- Up-to-date: /home/ubuntu/ros2ws/install/abb_rapid_sm_addin_msgs/include/abb_rapid_sm_addin_msgs/abb_rapid_sm_addin_msgs/msg/detail/egm_activate_settings__builder.hpp
[1.791s] -- Up-to-date: /home/ubuntu/ros2ws/install/abb_rapid_sm_addin_msgs/include/abb_rapid_sm_addin_msgs/abb_rapid_sm_addin_msgs/msg/detail/egm_stop_settings__struct.hpp
[1.791s] -- Up-to-date: /home/ubuntu/ros2ws/install/abb_rapid_sm_addin_msgs/include/abb_rapid_sm_addin_msgs/abb_rapid_sm_addin_msgs/msg/detail/egm_stop_settings__traits.hpp
[1.791s] -- Up-to-date: /home/ubuntu/ros2ws/install/abb_rapid_sm_addin_msgs/include/abb_rapid_sm_addin_msgs/abb_rapid_sm_addin_msgs/msg/detail/egm_stop_settings__builder.hpp
[1.791s] -- Up-to-date: /home/ubuntu/ros2ws/install/abb_rapid_sm_addin_msgs/include/abb_rapid_sm_addin_msgs/abb_rapid_sm_addin_msgs/msg/detail/egm_run_settings__traits.hpp
[1.791s] -- Up-to-date: /home/ubuntu/ros2ws/install/abb_rapid_sm_addin_msgs/include/abb_rapid_sm_addin_msgs/abb_rapid_sm_addin_msgs/msg/detail/egm_activate_settings__struct.hpp
[1.791s] -- Up-to-date: /home/ubuntu/ros2ws/install/abb_rapid_sm_addin_msgs/include/abb_rapid_sm_addin_msgs/abb_rapid_sm_addin_msgs/msg/detail/egm_setup_settings__builder.hpp
[1.791s] -- Up-to-date: /home/ubuntu/ros2ws/install/abb_rapid_sm_addin_msgs/include/abb_rapid_sm_addin_msgs/abb_rapid_sm_addin_msgs/msg/detail/egm_setup_settings__traits.hpp
[1.791s] -- Up-to-date: /home/ubuntu/ros2ws/install/abb_rapid_sm_addin_msgs/include/abb_rapid_sm_addin_msgs/abb_rapid_sm_addin_msgs/msg/detail/egm_activate_settings__traits.hpp
[1.792s] -- Up-to-date: /home/ubuntu/ros2ws/install/abb_rapid_sm_addin_msgs/include/abb_rapid_sm_addin_msgs/abb_rapid_sm_addin_msgs/msg/detail/state_machine_state__builder.hpp
[1.792s] -- Up-to-date: /home/ubuntu/ros2ws/install/abb_rapid_sm_addin_msgs/include/abb_rapid_sm_addin_msgs/abb_rapid_sm_addin_msgs/msg/detail/egm_settings__builder.hpp
[1.792s] -- Up-to-date: /home/ubuntu/ros2ws/install/abb_rapid_sm_addin_msgs/include/abb_rapid_sm_addin_msgs/abb_rapid_sm_addin_msgs/msg/detail/egm_run_settings__builder.hpp
[1.792s] -- Up-to-date: /home/ubuntu/ros2ws/install/abb_rapid_sm_addin_msgs/include/abb_rapid_sm_addin_msgs/abb_rapid_sm_addin_msgs/msg/detail/egm_setup_settings__struct.hpp
[1.792s] -- Up-to-date: /home/ubuntu/ros2ws/install/abb_rapid_sm_addin_msgs/include/abb_rapid_sm_addin_msgs/abb_rapid_sm_addin_msgs/msg/detail/state_machine_state__traits.hpp
[1.792s] -- Up-to-date: /home/ubuntu/ros2ws/install/abb_rapid_sm_addin_msgs/include/abb_rapid_sm_addin_msgs/abb_rapid_sm_addin_msgs/msg/detail/egm_run_settings__struct.hpp
[1.792s] -- Up-to-date: /home/ubuntu/ros2ws/install/abb_rapid_sm_addin_msgs/include/abb_rapid_sm_addin_msgs/abb_rapid_sm_addin_msgs/msg/detail/runtime_state__struct.hpp
[1.792s] -- Up-to-date: /home/ubuntu/ros2ws/install/abb_rapid_sm_addin_msgs/include/abb_rapid_sm_addin_msgs/abb_rapid_sm_addin_msgs/msg/detail/state_machine_state__struct.hpp
[1.792s] -- Up-to-date: /home/ubuntu/ros2ws/install/abb_rapid_sm_addin_msgs/include/abb_rapid_sm_addin_msgs/abb_rapid_sm_addin_msgs/msg/detail/runtime_state__traits.hpp
[1.792s] -- Up-to-date: /home/ubuntu/ros2ws/install/abb_rapid_sm_addin_msgs/include/abb_rapid_sm_addin_msgs/abb_rapid_sm_addin_msgs/msg/egm_activate_settings.hpp
[1.792s] -- Up-to-date: /home/ubuntu/ros2ws/install/abb_rapid_sm_addin_msgs/include/abb_rapid_sm_addin_msgs/abb_rapid_sm_addin_msgs/srv
[1.792s] -- Up-to-date: /home/ubuntu/ros2ws/install/abb_rapid_sm_addin_msgs/include/abb_rapid_sm_addin_msgs/abb_rapid_sm_addin_msgs/srv/set_rapid_routine.hpp
[1.792s] -- Up-to-date: /home/ubuntu/ros2ws/install/abb_rapid_sm_addin_msgs/include/abb_rapid_sm_addin_msgs/abb_rapid_sm_addin_msgs/srv/get_egm_settings.hpp
[1.792s] -- Up-to-date: /home/ubuntu/ros2ws/install/abb_rapid_sm_addin_msgs/include/abb_rapid_sm_addin_msgs/abb_rapid_sm_addin_msgs/srv/set_egm_settings.hpp
[1.792s] -- Up-to-date: /home/ubuntu/ros2ws/install/abb_rapid_sm_addin_msgs/include/abb_rapid_sm_addin_msgs/abb_rapid_sm_addin_msgs/srv/set_sg_command.hpp
[1.792s] -- Up-to-date: /home/ubuntu/ros2ws/install/abb_rapid_sm_addin_msgs/include/abb_rapid_sm_addin_msgs/abb_rapid_sm_addin_msgs/srv/detail
[1.792s] -- Up-to-date: /home/ubuntu/ros2ws/install/abb_rapid_sm_addin_msgs/include/abb_rapid_sm_addin_msgs/abb_rapid_sm_addin_msgs/srv/detail/set_egm_settings__struct.hpp
[1.793s] -- Up-to-date: /home/ubuntu/ros2ws/install/abb_rapid_sm_addin_msgs/include/abb_rapid_sm_addin_msgs/abb_rapid_sm_addin_msgs/srv/detail/get_egm_settings__builder.hpp
[1.793s] -- Up-to-date: /home/ubuntu/ros2ws/install/abb_rapid_sm_addin_msgs/include/abb_rapid_sm_addin_msgs/abb_rapid_sm_addin_msgs/srv/detail/get_egm_settings__struct.hpp
[1.793s] -- Up-to-date: /home/ubuntu/ros2ws/install/abb_rapid_sm_addin_msgs/include/abb_rapid_sm_addin_msgs/abb_rapid_sm_addin_msgs/srv/detail/get_egm_settings__traits.hpp
[1.793s] -- Up-to-date: /home/ubuntu/ros2ws/install/abb_rapid_sm_addin_msgs/include/abb_rapid_sm_addin_msgs/abb_rapid_sm_addin_msgs/srv/detail/set_rapid_routine__traits.hpp
[1.794s] -- Up-to-date: /home/ubuntu/ros2ws/install/abb_rapid_sm_addin_msgs/include/abb_rapid_sm_addin_msgs/abb_rapid_sm_addin_msgs/srv/detail/set_sg_command__builder.hpp
[1.794s] -- Up-to-date: /home/ubuntu/ros2ws/install/abb_rapid_sm_addin_msgs/include/abb_rapid_sm_addin_msgs/abb_rapid_sm_addin_msgs/srv/detail/set_egm_settings__builder.hpp
[1.794s] -- Up-to-date: /home/ubuntu/ros2ws/install/abb_rapid_sm_addin_msgs/include/abb_rapid_sm_addin_msgs/abb_rapid_sm_addin_msgs/srv/detail/set_egm_settings__traits.hpp
[1.795s] -- Up-to-date: /home/ubuntu/ros2ws/install/abb_rapid_sm_addin_msgs/include/abb_rapid_sm_addin_msgs/abb_rapid_sm_addin_msgs/srv/detail/set_sg_command__traits.hpp
[1.795s] -- Up-to-date: /home/ubuntu/ros2ws/install/abb_rapid_sm_addin_msgs/include/abb_rapid_sm_addin_msgs/abb_rapid_sm_addin_msgs/srv/detail/set_rapid_routine__builder.hpp
[1.795s] -- Up-to-date: /home/ubuntu/ros2ws/install/abb_rapid_sm_addin_msgs/include/abb_rapid_sm_addin_msgs/abb_rapid_sm_addin_msgs/srv/detail/set_rapid_routine__struct.hpp
[1.795s] -- Up-to-date: /home/ubuntu/ros2ws/install/abb_rapid_sm_addin_msgs/include/abb_rapid_sm_addin_msgs/abb_rapid_sm_addin_msgs/srv/detail/set_sg_command__struct.hpp
[1.795s] -- Up-to-date: /home/ubuntu/ros2ws/install/abb_rapid_sm_addin_msgs/include/abb_rapid_sm_addin_msgs/abb_rapid_sm_addin_msgs
[1.795s] -- Up-to-date: /home/ubuntu/ros2ws/install/abb_rapid_sm_addin_msgs/include/abb_rapid_sm_addin_msgs/abb_rapid_sm_addin_msgs/msg
[1.796s] -- Up-to-date: /home/ubuntu/ros2ws/install/abb_rapid_sm_addin_msgs/include/abb_rapid_sm_addin_msgs/abb_rapid_sm_addin_msgs/msg/rosidl_typesupport_fastrtps_cpp__visibility_control.h
[1.796s] -- Up-to-date: /home/ubuntu/ros2ws/install/abb_rapid_sm_addin_msgs/include/abb_rapid_sm_addin_msgs/abb_rapid_sm_addin_msgs/msg/detail
[1.796s] -- Up-to-date: /home/ubuntu/ros2ws/install/abb_rapid_sm_addin_msgs/include/abb_rapid_sm_addin_msgs/abb_rapid_sm_addin_msgs/msg/detail/egm_stop_settings__rosidl_typesupport_fastrtps_cpp.hpp
[1.796s] -- Up-to-date: /home/ubuntu/ros2ws/install/abb_rapid_sm_addin_msgs/include/abb_rapid_sm_addin_msgs/abb_rapid_sm_addin_msgs/msg/detail/egm_run_settings__rosidl_typesupport_fastrtps_cpp.hpp
[1.796s] -- Up-to-date: /home/ubuntu/ros2ws/install/abb_rapid_sm_addin_msgs/include/abb_rapid_sm_addin_msgs/abb_rapid_sm_addin_msgs/msg/detail/egm_settings__rosidl_typesupport_fastrtps_cpp.hpp
[1.796s] -- Up-to-date: /home/ubuntu/ros2ws/install/abb_rapid_sm_addin_msgs/include/abb_rapid_sm_addin_msgs/abb_rapid_sm_addin_msgs/msg/detail/state_machine_state__rosidl_typesupport_fastrtps_cpp.hpp
[1.796s] -- Up-to-date: /home/ubuntu/ros2ws/install/abb_rapid_sm_addin_msgs/include/abb_rapid_sm_addin_msgs/abb_rapid_sm_addin_msgs/msg/detail/dds_fastrtps
[1.797s] -- Up-to-date: /home/ubuntu/ros2ws/install/abb_rapid_sm_addin_msgs/include/abb_rapid_sm_addin_msgs/abb_rapid_sm_addin_msgs/msg/detail/runtime_state__rosidl_typesupport_fastrtps_cpp.hpp
[1.797s] -- Up-to-date: /home/ubuntu/ros2ws/install/abb_rapid_sm_addin_msgs/include/abb_rapid_sm_addin_msgs/abb_rapid_sm_addin_msgs/msg/detail/egm_activate_settings__rosidl_typesupport_fastrtps_cpp.hpp
[1.797s] -- Up-to-date: /home/ubuntu/ros2ws/install/abb_rapid_sm_addin_msgs/include/abb_rapid_sm_addin_msgs/abb_rapid_sm_addin_msgs/msg/detail/egm_setup_settings__rosidl_typesupport_fastrtps_cpp.hpp
[1.797s] -- Up-to-date: /home/ubuntu/ros2ws/install/abb_rapid_sm_addin_msgs/include/abb_rapid_sm_addin_msgs/abb_rapid_sm_addin_msgs/srv
[1.797s] -- Up-to-date: /home/ubuntu/ros2ws/install/abb_rapid_sm_addin_msgs/include/abb_rapid_sm_addin_msgs/abb_rapid_sm_addin_msgs/srv/detail
[1.797s] -- Up-to-date: /home/ubuntu/ros2ws/install/abb_rapid_sm_addin_msgs/include/abb_rapid_sm_addin_msgs/abb_rapid_sm_addin_msgs/srv/detail/get_egm_settings__rosidl_typesupport_fastrtps_cpp.hpp
[1.797s] -- Up-to-date: /home/ubuntu/ros2ws/install/abb_rapid_sm_addin_msgs/include/abb_rapid_sm_addin_msgs/abb_rapid_sm_addin_msgs/srv/detail/dds_fastrtps
[1.798s] -- Up-to-date: /home/ubuntu/ros2ws/install/abb_rapid_sm_addin_msgs/include/abb_rapid_sm_addin_msgs/abb_rapid_sm_addin_msgs/srv/detail/set_rapid_routine__rosidl_typesupport_fastrtps_cpp.hpp
[1.798s] -- Up-to-date: /home/ubuntu/ros2ws/install/abb_rapid_sm_addin_msgs/include/abb_rapid_sm_addin_msgs/abb_rapid_sm_addin_msgs/srv/detail/set_sg_command__rosidl_typesupport_fastrtps_cpp.hpp
[1.798s] -- Up-to-date: /home/ubuntu/ros2ws/install/abb_rapid_sm_addin_msgs/include/abb_rapid_sm_addin_msgs/abb_rapid_sm_addin_msgs/srv/detail/set_egm_settings__rosidl_typesupport_fastrtps_cpp.hpp
[1.798s] -- Up-to-date: /home/ubuntu/ros2ws/install/abb_rapid_sm_addin_msgs/lib/libabb_rapid_sm_addin_msgs__rosidl_typesupport_fastrtps_cpp.so
[1.798s] -- Up-to-date: /home/ubuntu/ros2ws/install/abb_rapid_sm_addin_msgs/include/abb_rapid_sm_addin_msgs/abb_rapid_sm_addin_msgs
[1.799s] -- Up-to-date: /home/ubuntu/ros2ws/install/abb_rapid_sm_addin_msgs/include/abb_rapid_sm_addin_msgs/abb_rapid_sm_addin_msgs/msg
[1.799s] -- Up-to-date: /home/ubuntu/ros2ws/install/abb_rapid_sm_addin_msgs/include/abb_rapid_sm_addin_msgs/abb_rapid_sm_addin_msgs/msg/detail
[1.799s] -- Up-to-date: /home/ubuntu/ros2ws/install/abb_rapid_sm_addin_msgs/include/abb_rapid_sm_addin_msgs/abb_rapid_sm_addin_msgs/msg/detail/runtime_state__type_support.cpp
[1.799s] -- Up-to-date: /home/ubuntu/ros2ws/install/abb_rapid_sm_addin_msgs/include/abb_rapid_sm_addin_msgs/abb_rapid_sm_addin_msgs/msg/detail/egm_activate_settings__type_support.cpp
[1.800s] -- Up-to-date: /home/ubuntu/ros2ws/install/abb_rapid_sm_addin_msgs/include/abb_rapid_sm_addin_msgs/abb_rapid_sm_addin_msgs/msg/detail/egm_stop_settings__rosidl_typesupport_introspection_cpp.hpp
[1.800s] -- Up-to-date: /home/ubuntu/ros2ws/install/abb_rapid_sm_addin_msgs/include/abb_rapid_sm_addin_msgs/abb_rapid_sm_addin_msgs/msg/detail/egm_setup_settings__rosidl_typesupport_introspection_cpp.hpp
[1.800s] -- Up-to-date: /home/ubuntu/ros2ws/install/abb_rapid_sm_addin_msgs/include/abb_rapid_sm_addin_msgs/abb_rapid_sm_addin_msgs/msg/detail/egm_run_settings__rosidl_typesupport_introspection_cpp.hpp
[1.800s] -- Up-to-date: /home/ubuntu/ros2ws/install/abb_rapid_sm_addin_msgs/include/abb_rapid_sm_addin_msgs/abb_rapid_sm_addin_msgs/msg/detail/runtime_state__rosidl_typesupport_introspection_cpp.hpp
[1.800s] -- Up-to-date: /home/ubuntu/ros2ws/install/abb_rapid_sm_addin_msgs/include/abb_rapid_sm_addin_msgs/abb_rapid_sm_addin_msgs/msg/detail/egm_settings__type_support.cpp
[1.800s] -- Up-to-date: /home/ubuntu/ros2ws/install/abb_rapid_sm_addin_msgs/include/abb_rapid_sm_addin_msgs/abb_rapid_sm_addin_msgs/msg/detail/state_machine_state__type_support.cpp
[1.800s] -- Up-to-date: /home/ubuntu/ros2ws/install/abb_rapid_sm_addin_msgs/include/abb_rapid_sm_addin_msgs/abb_rapid_sm_addin_msgs/msg/detail/egm_setup_settings__type_support.cpp
[1.800s] -- Up-to-date: /home/ubuntu/ros2ws/install/abb_rapid_sm_addin_msgs/include/abb_rapid_sm_addin_msgs/abb_rapid_sm_addin_msgs/msg/detail/state_machine_state__rosidl_typesupport_introspection_cpp.hpp
[1.801s] -- Up-to-date: /home/ubuntu/ros2ws/install/abb_rapid_sm_addin_msgs/include/abb_rapid_sm_addin_msgs/abb_rapid_sm_addin_msgs/msg/detail/egm_activate_settings__rosidl_typesupport_introspection_cpp.hpp
[1.801s] -- Up-to-date: /home/ubuntu/ros2ws/install/abb_rapid_sm_addin_msgs/include/abb_rapid_sm_addin_msgs/abb_rapid_sm_addin_msgs/msg/detail/egm_run_settings__type_support.cpp
[1.801s] -- Up-to-date: /home/ubuntu/ros2ws/install/abb_rapid_sm_addin_msgs/include/abb_rapid_sm_addin_msgs/abb_rapid_sm_addin_msgs/msg/detail/egm_settings__rosidl_typesupport_introspection_cpp.hpp
[1.801s] -- Up-to-date: /home/ubuntu/ros2ws/install/abb_rapid_sm_addin_msgs/include/abb_rapid_sm_addin_msgs/abb_rapid_sm_addin_msgs/msg/detail/egm_stop_settings__type_support.cpp
[1.801s] -- Up-to-date: /home/ubuntu/ros2ws/install/abb_rapid_sm_addin_msgs/include/abb_rapid_sm_addin_msgs/abb_rapid_sm_addin_msgs/srv
[1.802s] -- Up-to-date: /home/ubuntu/ros2ws/install/abb_rapid_sm_addin_msgs/include/abb_rapid_sm_addin_msgs/abb_rapid_sm_addin_msgs/srv/detail
[1.802s] -- Up-to-date: /home/ubuntu/ros2ws/install/abb_rapid_sm_addin_msgs/include/abb_rapid_sm_addin_msgs/abb_rapid_sm_addin_msgs/srv/detail/get_egm_settings__rosidl_typesupport_introspection_cpp.hpp
[1.802s] -- Up-to-date: /home/ubuntu/ros2ws/install/abb_rapid_sm_addin_msgs/include/abb_rapid_sm_addin_msgs/abb_rapid_sm_addin_msgs/srv/detail/set_sg_command__rosidl_typesupport_introspection_cpp.hpp
[1.802s] -- Up-to-date: /home/ubuntu/ros2ws/install/abb_rapid_sm_addin_msgs/include/abb_rapid_sm_addin_msgs/abb_rapid_sm_addin_msgs/srv/detail/set_egm_settings__rosidl_typesupport_introspection_cpp.hpp
[1.802s] -- Up-to-date: /home/ubuntu/ros2ws/install/abb_rapid_sm_addin_msgs/include/abb_rapid_sm_addin_msgs/abb_rapid_sm_addin_msgs/srv/detail/get_egm_settings__type_support.cpp
[1.802s] -- Up-to-date: /home/ubuntu/ros2ws/install/abb_rapid_sm_addin_msgs/include/abb_rapid_sm_addin_msgs/abb_rapid_sm_addin_msgs/srv/detail/set_sg_command__type_support.cpp
[1.802s] -- Up-to-date: /home/ubuntu/ros2ws/install/abb_rapid_sm_addin_msgs/include/abb_rapid_sm_addin_msgs/abb_rapid_sm_addin_msgs/srv/detail/set_egm_settings__type_support.cpp
[1.802s] -- Up-to-date: /home/ubuntu/ros2ws/install/abb_rapid_sm_addin_msgs/include/abb_rapid_sm_addin_msgs/abb_rapid_sm_addin_msgs/srv/detail/set_rapid_routine__rosidl_typesupport_introspection_cpp.hpp
[1.803s] -- Up-to-date: /home/ubuntu/ros2ws/install/abb_rapid_sm_addin_msgs/include/abb_rapid_sm_addin_msgs/abb_rapid_sm_addin_msgs/srv/detail/set_rapid_routine__type_support.cpp
[1.804s] -- Up-to-date: /home/ubuntu/ros2ws/install/abb_rapid_sm_addin_msgs/lib/libabb_rapid_sm_addin_msgs__rosidl_typesupport_introspection_cpp.so
[1.804s] -- Up-to-date: /home/ubuntu/ros2ws/install/abb_rapid_sm_addin_msgs/lib/libabb_rapid_sm_addin_msgs__rosidl_typesupport_cpp.so
[1.804s] -- Up-to-date: /home/ubuntu/ros2ws/install/abb_rapid_sm_addin_msgs/share/abb_rapid_sm_addin_msgs/environment/pythonpath.sh
[1.804s] -- Up-to-date: /home/ubuntu/ros2ws/install/abb_rapid_sm_addin_msgs/share/abb_rapid_sm_addin_msgs/environment/pythonpath.dsv
[1.804s] -- Up-to-date: /home/ubuntu/ros2ws/install/abb_rapid_sm_addin_msgs/local/lib/python3.10/dist-packages/abb_rapid_sm_addin_msgs-1.0.0-py3.10.egg-info
[1.805s] -- Installing: /home/ubuntu/ros2ws/install/abb_rapid_sm_addin_msgs/local/lib/python3.10/dist-packages/abb_rapid_sm_addin_msgs-1.0.0-py3.10.egg-info/PKG-INFO
[1.805s] -- Installing: /home/ubuntu/ros2ws/install/abb_rapid_sm_addin_msgs/local/lib/python3.10/dist-packages/abb_rapid_sm_addin_msgs-1.0.0-py3.10.egg-info/top_level.txt
[1.805s] -- Installing: /home/ubuntu/ros2ws/install/abb_rapid_sm_addin_msgs/local/lib/python3.10/dist-packages/abb_rapid_sm_addin_msgs-1.0.0-py3.10.egg-info/dependency_links.txt
[1.806s] -- Installing: /home/ubuntu/ros2ws/install/abb_rapid_sm_addin_msgs/local/lib/python3.10/dist-packages/abb_rapid_sm_addin_msgs-1.0.0-py3.10.egg-info/SOURCES.txt
[1.806s] -- Up-to-date: /home/ubuntu/ros2ws/install/abb_rapid_sm_addin_msgs/local/lib/python3.10/dist-packages/abb_rapid_sm_addin_msgs
[1.806s] -- Up-to-date: /home/ubuntu/ros2ws/install/abb_rapid_sm_addin_msgs/local/lib/python3.10/dist-packages/abb_rapid_sm_addin_msgs/msg
[1.806s] -- Up-to-date: /home/ubuntu/ros2ws/install/abb_rapid_sm_addin_msgs/local/lib/python3.10/dist-packages/abb_rapid_sm_addin_msgs/msg/_state_machine_state.py
[1.806s] -- Up-to-date: /home/ubuntu/ros2ws/install/abb_rapid_sm_addin_msgs/local/lib/python3.10/dist-packages/abb_rapid_sm_addin_msgs/msg/_egm_activate_settings.py
[1.806s] -- Up-to-date: /home/ubuntu/ros2ws/install/abb_rapid_sm_addin_msgs/local/lib/python3.10/dist-packages/abb_rapid_sm_addin_msgs/msg/_egm_setup_settings_s.c
[1.806s] -- Up-to-date: /home/ubuntu/ros2ws/install/abb_rapid_sm_addin_msgs/local/lib/python3.10/dist-packages/abb_rapid_sm_addin_msgs/msg/_egm_setup_settings.py
[1.806s] -- Up-to-date: /home/ubuntu/ros2ws/install/abb_rapid_sm_addin_msgs/local/lib/python3.10/dist-packages/abb_rapid_sm_addin_msgs/msg/_egm_activate_settings_s.c
[1.807s] -- Up-to-date: /home/ubuntu/ros2ws/install/abb_rapid_sm_addin_msgs/local/lib/python3.10/dist-packages/abb_rapid_sm_addin_msgs/msg/_egm_run_settings.py
[1.807s] -- Up-to-date: /home/ubuntu/ros2ws/install/abb_rapid_sm_addin_msgs/local/lib/python3.10/dist-packages/abb_rapid_sm_addin_msgs/msg/_egm_stop_settings.py
[1.807s] -- Up-to-date: /home/ubuntu/ros2ws/install/abb_rapid_sm_addin_msgs/local/lib/python3.10/dist-packages/abb_rapid_sm_addin_msgs/msg/_runtime_state.py
[1.818s] -- Up-to-date: /home/ubuntu/ros2ws/install/abb_rapid_sm_addin_msgs/local/lib/python3.10/dist-packages/abb_rapid_sm_addin_msgs/msg/_egm_run_settings_s.c
[1.819s] -- Up-to-date: /home/ubuntu/ros2ws/install/abb_rapid_sm_addin_msgs/local/lib/python3.10/dist-packages/abb_rapid_sm_addin_msgs/msg/_runtime_state_s.c
[1.820s] -- Up-to-date: /home/ubuntu/ros2ws/install/abb_rapid_sm_addin_msgs/local/lib/python3.10/dist-packages/abb_rapid_sm_addin_msgs/msg/_egm_settings_s.c
[1.820s] -- Up-to-date: /home/ubuntu/ros2ws/install/abb_rapid_sm_addin_msgs/local/lib/python3.10/dist-packages/abb_rapid_sm_addin_msgs/msg/_egm_stop_settings_s.c
[1.820s] -- Up-to-date: /home/ubuntu/ros2ws/install/abb_rapid_sm_addin_msgs/local/lib/python3.10/dist-packages/abb_rapid_sm_addin_msgs/msg/_egm_settings.py
[1.820s] -- Up-to-date: /home/ubuntu/ros2ws/install/abb_rapid_sm_addin_msgs/local/lib/python3.10/dist-packages/abb_rapid_sm_addin_msgs/msg/_state_machine_state_s.c
[1.820s] -- Up-to-date: /home/ubuntu/ros2ws/install/abb_rapid_sm_addin_msgs/local/lib/python3.10/dist-packages/abb_rapid_sm_addin_msgs/msg/__init__.py
[1.820s] -- Up-to-date: /home/ubuntu/ros2ws/install/abb_rapid_sm_addin_msgs/local/lib/python3.10/dist-packages/abb_rapid_sm_addin_msgs/_abb_rapid_sm_addin_msgs_s.ep.rosidl_typesupport_c.c
[1.820s] -- Up-to-date: /home/ubuntu/ros2ws/install/abb_rapid_sm_addin_msgs/local/lib/python3.10/dist-packages/abb_rapid_sm_addin_msgs/srv
[1.821s] -- Up-to-date: /home/ubuntu/ros2ws/install/abb_rapid_sm_addin_msgs/local/lib/python3.10/dist-packages/abb_rapid_sm_addin_msgs/srv/_get_egm_settings.py
[1.821s] -- Up-to-date: /home/ubuntu/ros2ws/install/abb_rapid_sm_addin_msgs/local/lib/python3.10/dist-packages/abb_rapid_sm_addin_msgs/srv/_set_sg_command.py
[1.821s] -- Up-to-date: /home/ubuntu/ros2ws/install/abb_rapid_sm_addin_msgs/local/lib/python3.10/dist-packages/abb_rapid_sm_addin_msgs/srv/_set_egm_settings.py
[1.821s] -- Up-to-date: /home/ubuntu/ros2ws/install/abb_rapid_sm_addin_msgs/local/lib/python3.10/dist-packages/abb_rapid_sm_addin_msgs/srv/_set_rapid_routine_s.c
[1.821s] -- Up-to-date: /home/ubuntu/ros2ws/install/abb_rapid_sm_addin_msgs/local/lib/python3.10/dist-packages/abb_rapid_sm_addin_msgs/srv/_set_rapid_routine.py
[1.821s] -- Up-to-date: /home/ubuntu/ros2ws/install/abb_rapid_sm_addin_msgs/local/lib/python3.10/dist-packages/abb_rapid_sm_addin_msgs/srv/_set_sg_command_s.c
[1.821s] -- Up-to-date: /home/ubuntu/ros2ws/install/abb_rapid_sm_addin_msgs/local/lib/python3.10/dist-packages/abb_rapid_sm_addin_msgs/srv/_get_egm_settings_s.c
[1.821s] -- Up-to-date: /home/ubuntu/ros2ws/install/abb_rapid_sm_addin_msgs/local/lib/python3.10/dist-packages/abb_rapid_sm_addin_msgs/srv/_set_egm_settings_s.c
[1.821s] -- Up-to-date: /home/ubuntu/ros2ws/install/abb_rapid_sm_addin_msgs/local/lib/python3.10/dist-packages/abb_rapid_sm_addin_msgs/srv/__init__.py
[1.821s] -- Up-to-date: /home/ubuntu/ros2ws/install/abb_rapid_sm_addin_msgs/local/lib/python3.10/dist-packages/abb_rapid_sm_addin_msgs/abb_rapid_sm_addin_msgs_s__rosidl_typesupport_c.cpython-310-x86_64-linux-gnu.so
[1.821s] -- Up-to-date: /home/ubuntu/ros2ws/install/abb_rapid_sm_addin_msgs/local/lib/python3.10/dist-packages/abb_rapid_sm_addin_msgs/_abb_rapid_sm_addin_msgs_s.ep.rosidl_typesupport_fastrtps_c.c
[1.821s] -- Up-to-date: /home/ubuntu/ros2ws/install/abb_rapid_sm_addin_msgs/local/lib/python3.10/dist-packages/abb_rapid_sm_addin_msgs/abb_rapid_sm_addin_msgs_s__rosidl_typesupport_introspection_c.cpython-310-x86_64-linux-gnu.so
[1.822s] -- Up-to-date: /home/ubuntu/ros2ws/install/abb_rapid_sm_addin_msgs/local/lib/python3.10/dist-packages/abb_rapid_sm_addin_msgs/abb_rapid_sm_addin_msgs_s__rosidl_typesupport_fastrtps_c.cpython-310-x86_64-linux-gnu.so
[1.822s] -- Up-to-date: /home/ubuntu/ros2ws/install/abb_rapid_sm_addin_msgs/local/lib/python3.10/dist-packages/abb_rapid_sm_addin_msgs/__init__.py
[1.822s] -- Up-to-date: /home/ubuntu/ros2ws/install/abb_rapid_sm_addin_msgs/local/lib/python3.10/dist-packages/abb_rapid_sm_addin_msgs/libabb_rapid_sm_addin_msgs__rosidl_generator_py.so
[1.822s] -- Up-to-date: /home/ubuntu/ros2ws/install/abb_rapid_sm_addin_msgs/local/lib/python3.10/dist-packages/abb_rapid_sm_addin_msgs/_abb_rapid_sm_addin_msgs_s.ep.rosidl_typesupport_introspection_c.c
[1.846s] Listing '/home/ubuntu/ros2ws/install/abb_rapid_sm_addin_msgs/local/lib/python3.10/dist-packages/abb_rapid_sm_addin_msgs'...
[1.847s] Listing '/home/ubuntu/ros2ws/install/abb_rapid_sm_addin_msgs/local/lib/python3.10/dist-packages/abb_rapid_sm_addin_msgs/msg'...
[1.847s] Listing '/home/ubuntu/ros2ws/install/abb_rapid_sm_addin_msgs/local/lib/python3.10/dist-packages/abb_rapid_sm_addin_msgs/srv'...
[1.862s] -- Up-to-date: /home/ubuntu/ros2ws/install/abb_rapid_sm_addin_msgs/local/lib/python3.10/dist-packages/abb_rapid_sm_addin_msgs/abb_rapid_sm_addin_msgs_s__rosidl_typesupport_fastrtps_c.cpython-310-x86_64-linux-gnu.so
[1.863s] -- Up-to-date: /home/ubuntu/ros2ws/install/abb_rapid_sm_addin_msgs/local/lib/python3.10/dist-packages/abb_rapid_sm_addin_msgs/abb_rapid_sm_addin_msgs_s__rosidl_typesupport_introspection_c.cpython-310-x86_64-linux-gnu.so
[1.865s] -- Up-to-date: /home/ubuntu/ros2ws/install/abb_rapid_sm_addin_msgs/local/lib/python3.10/dist-packages/abb_rapid_sm_addin_msgs/abb_rapid_sm_addin_msgs_s__rosidl_typesupport_c.cpython-310-x86_64-linux-gnu.so
[1.867s] -- Up-to-date: /home/ubuntu/ros2ws/install/abb_rapid_sm_addin_msgs/lib/libabb_rapid_sm_addin_msgs__rosidl_generator_py.so
[1.867s] -- Up-to-date: /home/ubuntu/ros2ws/install/abb_rapid_sm_addin_msgs/share/abb_rapid_sm_addin_msgs/msg/EGMActivateSettings.idl
[1.867s] -- Up-to-date: /home/ubuntu/ros2ws/install/abb_rapid_sm_addin_msgs/share/abb_rapid_sm_addin_msgs/msg/EGMRunSettings.idl
[1.867s] -- Up-to-date: /home/ubuntu/ros2ws/install/abb_rapid_sm_addin_msgs/share/abb_rapid_sm_addin_msgs/msg/EGMSettings.idl
[1.872s] -- Up-to-date: /home/ubuntu/ros2ws/install/abb_rapid_sm_addin_msgs/share/abb_rapid_sm_addin_msgs/msg/EGMSetupSettings.idl
[1.872s] -- Up-to-date: /home/ubuntu/ros2ws/install/abb_rapid_sm_addin_msgs/share/abb_rapid_sm_addin_msgs/msg/EGMStopSettings.idl
[1.873s] -- Up-to-date: /home/ubuntu/ros2ws/install/abb_rapid_sm_addin_msgs/share/abb_rapid_sm_addin_msgs/msg/RuntimeState.idl
[1.873s] -- Up-to-date: /home/ubuntu/ros2ws/install/abb_rapid_sm_addin_msgs/share/abb_rapid_sm_addin_msgs/msg/StateMachineState.idl
[1.873s] -- Up-to-date: /home/ubuntu/ros2ws/install/abb_rapid_sm_addin_msgs/share/abb_rapid_sm_addin_msgs/srv/GetEGMSettings.idl
[1.873s] -- Up-to-date: /home/ubuntu/ros2ws/install/abb_rapid_sm_addin_msgs/share/abb_rapid_sm_addin_msgs/srv/SetEGMSettings.idl
[1.874s] -- Up-to-date: /home/ubuntu/ros2ws/install/abb_rapid_sm_addin_msgs/share/abb_rapid_sm_addin_msgs/srv/SetRAPIDRoutine.idl
[1.874s] -- Up-to-date: /home/ubuntu/ros2ws/install/abb_rapid_sm_addin_msgs/share/abb_rapid_sm_addin_msgs/srv/SetSGCommand.idl
[1.874s] -- Up-to-date: /home/ubuntu/ros2ws/install/abb_rapid_sm_addin_msgs/share/abb_rapid_sm_addin_msgs/msg/EGMActivateSettings.msg
[1.875s] -- Up-to-date: /home/ubuntu/ros2ws/install/abb_rapid_sm_addin_msgs/share/abb_rapid_sm_addin_msgs/msg/EGMRunSettings.msg
[1.875s] -- Up-to-date: /home/ubuntu/ros2ws/install/abb_rapid_sm_addin_msgs/share/abb_rapid_sm_addin_msgs/msg/EGMSettings.msg
[1.875s] -- Up-to-date: /home/ubuntu/ros2ws/install/abb_rapid_sm_addin_msgs/share/abb_rapid_sm_addin_msgs/msg/EGMSetupSettings.msg
[1.876s] -- Up-to-date: /home/ubuntu/ros2ws/install/abb_rapid_sm_addin_msgs/share/abb_rapid_sm_addin_msgs/msg/EGMStopSettings.msg
[1.876s] -- Up-to-date: /home/ubuntu/ros2ws/install/abb_rapid_sm_addin_msgs/share/abb_rapid_sm_addin_msgs/msg/RuntimeState.msg
[1.876s] -- Up-to-date: /home/ubuntu/ros2ws/install/abb_rapid_sm_addin_msgs/share/abb_rapid_sm_addin_msgs/msg/StateMachineState.msg
[1.877s] -- Up-to-date: /home/ubuntu/ros2ws/install/abb_rapid_sm_addin_msgs/share/abb_rapid_sm_addin_msgs/srv/GetEGMSettings.srv
[1.878s] -- Up-to-date: /home/ubuntu/ros2ws/install/abb_rapid_sm_addin_msgs/share/abb_rapid_sm_addin_msgs/srv/GetEGMSettings_Request.msg
[1.880s] -- Up-to-date: /home/ubuntu/ros2ws/install/abb_rapid_sm_addin_msgs/share/abb_rapid_sm_addin_msgs/srv/GetEGMSettings_Response.msg
[1.881s] -- Up-to-date: /home/ubuntu/ros2ws/install/abb_rapid_sm_addin_msgs/share/abb_rapid_sm_addin_msgs/srv/SetEGMSettings.srv
[1.881s] -- Up-to-date: /home/ubuntu/ros2ws/install/abb_rapid_sm_addin_msgs/share/abb_rapid_sm_addin_msgs/srv/SetEGMSettings_Request.msg
[1.881s] -- Up-to-date: /home/ubuntu/ros2ws/install/abb_rapid_sm_addin_msgs/share/abb_rapid_sm_addin_msgs/srv/SetEGMSettings_Response.msg
[1.885s] -- Up-to-date: /home/ubuntu/ros2ws/install/abb_rapid_sm_addin_msgs/share/abb_rapid_sm_addin_msgs/srv/SetRAPIDRoutine.srv
[1.889s] -- Up-to-date: /home/ubuntu/ros2ws/install/abb_rapid_sm_addin_msgs/share/abb_rapid_sm_addin_msgs/srv/SetRAPIDRoutine_Request.msg
[1.889s] -- Up-to-date: /home/ubuntu/ros2ws/install/abb_rapid_sm_addin_msgs/share/abb_rapid_sm_addin_msgs/srv/SetRAPIDRoutine_Response.msg
[1.889s] -- Up-to-date: /home/ubuntu/ros2ws/install/abb_rapid_sm_addin_msgs/share/abb_rapid_sm_addin_msgs/srv/SetSGCommand.srv
[1.889s] -- Up-to-date: /home/ubuntu/ros2ws/install/abb_rapid_sm_addin_msgs/share/abb_rapid_sm_addin_msgs/srv/SetSGCommand_Request.msg
[1.889s] -- Up-to-date: /home/ubuntu/ros2ws/install/abb_rapid_sm_addin_msgs/share/abb_rapid_sm_addin_msgs/srv/SetSGCommand_Response.msg
[1.889s] -- Up-to-date: /home/ubuntu/ros2ws/install/abb_rapid_sm_addin_msgs/share/ament_index/resource_index/package_run_dependencies/abb_rapid_sm_addin_msgs
[1.889s] -- Up-to-date: /home/ubuntu/ros2ws/install/abb_rapid_sm_addin_msgs/share/ament_index/resource_index/parent_prefix_path/abb_rapid_sm_addin_msgs
[1.889s] -- Up-to-date: /home/ubuntu/ros2ws/install/abb_rapid_sm_addin_msgs/share/abb_rapid_sm_addin_msgs/environment/ament_prefix_path.sh
[1.890s] -- Up-to-date: /home/ubuntu/ros2ws/install/abb_rapid_sm_addin_msgs/share/abb_rapid_sm_addin_msgs/environment/ament_prefix_path.dsv
[1.890s] -- Up-to-date: /home/ubuntu/ros2ws/install/abb_rapid_sm_addin_msgs/share/abb_rapid_sm_addin_msgs/environment/path.sh
[1.891s] -- Up-to-date: /home/ubuntu/ros2ws/install/abb_rapid_sm_addin_msgs/share/abb_rapid_sm_addin_msgs/environment/path.dsv
[1.892s] -- Up-to-date: /home/ubuntu/ros2ws/install/abb_rapid_sm_addin_msgs/share/abb_rapid_sm_addin_msgs/local_setup.bash
[1.892s] -- Up-to-date: /home/ubuntu/ros2ws/install/abb_rapid_sm_addin_msgs/share/abb_rapid_sm_addin_msgs/local_setup.sh
[1.892s] -- Up-to-date: /home/ubuntu/ros2ws/install/abb_rapid_sm_addin_msgs/share/abb_rapid_sm_addin_msgs/local_setup.zsh
[1.892s] -- Up-to-date: /home/ubuntu/ros2ws/install/abb_rapid_sm_addin_msgs/share/abb_rapid_sm_addin_msgs/local_setup.dsv
[1.893s] -- Installing: /home/ubuntu/ros2ws/install/abb_rapid_sm_addin_msgs/share/abb_rapid_sm_addin_msgs/package.dsv
[1.893s] -- Up-to-date: /home/ubuntu/ros2ws/install/abb_rapid_sm_addin_msgs/share/ament_index/resource_index/packages/abb_rapid_sm_addin_msgs
[1.893s] -- Up-to-date: /home/ubuntu/ros2ws/install/abb_rapid_sm_addin_msgs/share/abb_rapid_sm_addin_msgs/cmake/export_abb_rapid_sm_addin_msgs__rosidl_generator_cExport.cmake
[1.893s] -- Up-to-date: /home/ubuntu/ros2ws/install/abb_rapid_sm_addin_msgs/share/abb_rapid_sm_addin_msgs/cmake/export_abb_rapid_sm_addin_msgs__rosidl_generator_cExport-noconfig.cmake
[1.893s] -- Up-to-date: /home/ubuntu/ros2ws/install/abb_rapid_sm_addin_msgs/share/abb_rapid_sm_addin_msgs/cmake/export_abb_rapid_sm_addin_msgs__rosidl_typesupport_fastrtps_cExport.cmake
[1.893s] -- Up-to-date: /home/ubuntu/ros2ws/install/abb_rapid_sm_addin_msgs/share/abb_rapid_sm_addin_msgs/cmake/export_abb_rapid_sm_addin_msgs__rosidl_typesupport_fastrtps_cExport-noconfig.cmake
[1.893s] -- Up-to-date: /home/ubuntu/ros2ws/install/abb_rapid_sm_addin_msgs/share/abb_rapid_sm_addin_msgs/cmake/abb_rapid_sm_addin_msgs__rosidl_typesupport_introspection_cExport.cmake
[1.894s] -- Up-to-date: /home/ubuntu/ros2ws/install/abb_rapid_sm_addin_msgs/share/abb_rapid_sm_addin_msgs/cmake/abb_rapid_sm_addin_msgs__rosidl_typesupport_introspection_cExport-noconfig.cmake
[1.894s] -- Up-to-date: /home/ubuntu/ros2ws/install/abb_rapid_sm_addin_msgs/share/abb_rapid_sm_addin_msgs/cmake/abb_rapid_sm_addin_msgs__rosidl_typesupport_cExport.cmake
[1.894s] -- Up-to-date: /home/ubuntu/ros2ws/install/abb_rapid_sm_addin_msgs/share/abb_rapid_sm_addin_msgs/cmake/abb_rapid_sm_addin_msgs__rosidl_typesupport_cExport-noconfig.cmake
[1.894s] -- Up-to-date: /home/ubuntu/ros2ws/install/abb_rapid_sm_addin_msgs/share/abb_rapid_sm_addin_msgs/cmake/export_abb_rapid_sm_addin_msgs__rosidl_generator_cppExport.cmake
[1.894s] -- Up-to-date: /home/ubuntu/ros2ws/install/abb_rapid_sm_addin_msgs/share/abb_rapid_sm_addin_msgs/cmake/export_abb_rapid_sm_addin_msgs__rosidl_typesupport_fastrtps_cppExport.cmake
[1.894s] -- Up-to-date: /home/ubuntu/ros2ws/install/abb_rapid_sm_addin_msgs/share/abb_rapid_sm_addin_msgs/cmake/export_abb_rapid_sm_addin_msgs__rosidl_typesupport_fastrtps_cppExport-noconfig.cmake
[1.894s] -- Up-to-date: /home/ubuntu/ros2ws/install/abb_rapid_sm_addin_msgs/share/abb_rapid_sm_addin_msgs/cmake/abb_rapid_sm_addin_msgs__rosidl_typesupport_introspection_cppExport.cmake
[1.895s] -- Up-to-date: /home/ubuntu/ros2ws/install/abb_rapid_sm_addin_msgs/share/abb_rapid_sm_addin_msgs/cmake/abb_rapid_sm_addin_msgs__rosidl_typesupport_introspection_cppExport-noconfig.cmake
[1.895s] -- Up-to-date: /home/ubuntu/ros2ws/install/abb_rapid_sm_addin_msgs/share/abb_rapid_sm_addin_msgs/cmake/abb_rapid_sm_addin_msgs__rosidl_typesupport_cppExport.cmake
[1.895s] -- Up-to-date: /home/ubuntu/ros2ws/install/abb_rapid_sm_addin_msgs/share/abb_rapid_sm_addin_msgs/cmake/abb_rapid_sm_addin_msgs__rosidl_typesupport_cppExport-noconfig.cmake
[1.895s] -- Up-to-date: /home/ubuntu/ros2ws/install/abb_rapid_sm_addin_msgs/share/abb_rapid_sm_addin_msgs/cmake/export_abb_rapid_sm_addin_msgs__rosidl_generator_pyExport.cmake
[1.895s] -- Up-to-date: /home/ubuntu/ros2ws/install/abb_rapid_sm_addin_msgs/share/abb_rapid_sm_addin_msgs/cmake/export_abb_rapid_sm_addin_msgs__rosidl_generator_pyExport-noconfig.cmake
[1.895s] -- Up-to-date: /home/ubuntu/ros2ws/install/abb_rapid_sm_addin_msgs/share/abb_rapid_sm_addin_msgs/cmake/rosidl_cmake-extras.cmake
[1.895s] -- Up-to-date: /home/ubuntu/ros2ws/install/abb_rapid_sm_addin_msgs/share/abb_rapid_sm_addin_msgs/cmake/ament_cmake_export_dependencies-extras.cmake
[1.895s] -- Up-to-date: /home/ubuntu/ros2ws/install/abb_rapid_sm_addin_msgs/share/abb_rapid_sm_addin_msgs/cmake/ament_cmake_export_include_directories-extras.cmake
[1.895s] -- Up-to-date: /home/ubuntu/ros2ws/install/abb_rapid_sm_addin_msgs/share/abb_rapid_sm_addin_msgs/cmake/ament_cmake_export_libraries-extras.cmake
[1.895s] -- Up-to-date: /home/ubuntu/ros2ws/install/abb_rapid_sm_addin_msgs/share/abb_rapid_sm_addin_msgs/cmake/ament_cmake_export_targets-extras.cmake
[1.896s] -- Up-to-date: /home/ubuntu/ros2ws/install/abb_rapid_sm_addin_msgs/share/abb_rapid_sm_addin_msgs/cmake/rosidl_cmake_export_typesupport_targets-extras.cmake
[1.896s] -- Up-to-date: /home/ubuntu/ros2ws/install/abb_rapid_sm_addin_msgs/share/abb_rapid_sm_addin_msgs/cmake/rosidl_cmake_export_typesupport_libraries-extras.cmake
[1.896s] -- Up-to-date: /home/ubuntu/ros2ws/install/abb_rapid_sm_addin_msgs/share/abb_rapid_sm_addin_msgs/cmake/abb_rapid_sm_addin_msgsConfig.cmake
[1.896s] -- Up-to-date: /home/ubuntu/ros2ws/install/abb_rapid_sm_addin_msgs/share/abb_rapid_sm_addin_msgs/cmake/abb_rapid_sm_addin_msgsConfig-version.cmake
[1.896s] -- Up-to-date: /home/ubuntu/ros2ws/install/abb_rapid_sm_addin_msgs/share/abb_rapid_sm_addin_msgs/package.xml
[1.909s] Invoked command in '/home/ubuntu/ros2ws/build/abb_rapid_sm_addin_msgs' returned '0': CMAKE_PREFIX_PATH=/home/ubuntu/ros2ws/install/abb_rapid_msgs:/home/ubuntu/ros2ws/install/ros2srrc_ur5_moveit2:/home/ubuntu/ros2ws/install/ros2srrc_ur5_gazebo:/home/ubuntu/ros2ws/install/ros2srrc_ur3_moveit2:/home/ubuntu/ros2ws/install/ros2srrc_ur3_gazebo:/home/ubuntu/ros2ws/install/ros2srrc_ur16e_moveit2:/home/ubuntu/ros2ws/install/ros2srrc_ur16e_gazebo:/home/ubuntu/ros2ws/install/ros2srrc_ur10e_moveit2:/home/ubuntu/ros2ws/install/ros2srrc_ur10e_gazebo:/home/ubuntu/ros2ws/install/ros2srrc_robots:/home/ubuntu/ros2ws/install/ros2srrc_launch:/home/ubuntu/ros2ws/install/ros2srrc_irb6640_moveit2:/home/ubuntu/ros2ws/install/ros2srrc_irb6640_gazebo:/home/ubuntu/ros2ws/install/ros2srrc_irb120_moveit2:/home/ubuntu/ros2ws/install/ros2srrc_irb120_gazebo:/home/ubuntu/ros2ws/install/ros2srrc_irb1200_moveit2:/home/ubuntu/ros2ws/install/ros2srrc_irb1200_gazebo:/home/ubuntu/ros2ws/install/ros2srrc_iiwa_moveit2:/home/ubuntu/ros2ws/install/ros2srrc_iiwa_gazebo:/home/ubuntu/ros2ws/install/ros2srrc_endeffectors:/home/ubuntu/ros2ws/install/ros2srrc_data:/home/ubuntu/ros2ws/install/ros2_linkattacher:/home/ubuntu/ros2ws/install/linkattacher_msgs:/home/ubuntu/ros2ws/install/abb_rws_client:/home/ubuntu/ros2ws/install/abb_ros2:/home/ubuntu/ros2ws/install/abb_robot_msgs:/home/ubuntu/ros2ws/install/abb_resources:/home/ubuntu/ros2ws/install/abb_rapid_sm_addin_msgs:/home/ubuntu/ros2ws/install/abb_hardware_interface:/home/ubuntu/ros2ws/install/abb_egm_rws_managers:/home/ubuntu/ros2ws/install/abb_librws:/home/ubuntu/ros2ws/install/abb_libegm:/home/ubuntu/ros2ws/install/abb_irb4600_support:/home/ubuntu/ros2ws/install/abb_irb1200_5_90_moveit_config:/home/ubuntu/ros2ws/install/abb_irb1200_support:/home/ubuntu/ros2ws/install/abb_egm_msgs:/home/ubuntu/ros2ws/install/abb_bringup:/opt/ros/humble LD_LIBRARY_PATH=/home/ubuntu/ros2ws/install/abb_rapid_msgs/lib:/home/ubuntu/ros2ws/install/ros2srrc_data/lib:/home/ubuntu/ros2ws/install/ros2_linkattacher/lib:/home/ubuntu/ros2ws/install/linkattacher_msgs/lib:/home/ubuntu/ros2ws/install/abb_robot_msgs/lib:/home/ubuntu/ros2ws/install/abb_rapid_sm_addin_msgs/lib:/home/ubuntu/ros2ws/install/abb_hardware_interface/lib:/home/ubuntu/ros2ws/install/abb_egm_rws_managers/lib:/home/ubuntu/ros2ws/install/abb_librws/lib:/home/ubuntu/ros2ws/install/abb_libegm/lib:/home/ubuntu/ros2ws/install/abb_egm_msgs/lib:/usr/lib/x86_64-linux-gnu/gazebo-11/plugins:/opt/ros/humble/opt/rviz_ogre_vendor/lib:/opt/ros/humble/lib/x86_64-linux-gnu:/opt/ros/humble/lib /usr/bin/cmake --install /home/ubuntu/ros2ws/build/abb_rapid_sm_addin_msgs
