[0.088s] Invoking command in '/home/ubuntu/ros2ws/build/abb_librws': CMAKE_PREFIX_PATH=${CMAKE_PREFIX_PATH}:/opt/ros/humble /usr/bin/cmake --build /home/ubuntu/ros2ws/build/abb_librws -- -j4 -l4
[0.665s] [35m[1mConsolidate compiler generated dependencies of target abb_librws[0m
[1.186s] [100%] Built target abb_librws
[1.206s] Invoked command in '/home/ubuntu/ros2ws/build/abb_librws' returned '0': CMAKE_PREFIX_PATH=${CMAKE_PREFIX_PATH}:/opt/ros/humble /usr/bin/cmake --build /home/ubuntu/ros2ws/build/abb_librws -- -j4 -l4
[1.284s] Invoking command in '/home/ubuntu/ros2ws/build/abb_librws': CMAKE_PREFIX_PATH=${CMAKE_PREFIX_PATH}:/opt/ros/humble /usr/bin/cmake --install /home/ubuntu/ros2ws/build/abb_librws
[1.327s] -- Install configuration: ""
[1.327s] -- Up-to-date: /home/ubuntu/ros2ws/install/abb_librws/include
[1.370s] -- Up-to-date: /home/ubuntu/ros2ws/install/abb_librws/include/abb_librws
[1.413s] -- Up-to-date: /home/ubuntu/ros2ws/install/abb_librws/include/abb_librws/rws_common.h
[1.414s] -- Up-to-date: /home/ubuntu/ros2ws/install/abb_librws/include/abb_librws/rws_poco_client.h
[1.414s] -- Up-to-date: /home/ubuntu/ros2ws/install/abb_librws/include/abb_librws/rws_rapid.h
[1.414s] -- Up-to-date: /home/ubuntu/ros2ws/install/abb_librws/include/abb_librws/rws_state_machine_interface.h
[1.415s] -- Up-to-date: /home/ubuntu/ros2ws/install/abb_librws/include/abb_librws/rws_interface.h
[1.415s] -- Up-to-date: /home/ubuntu/ros2ws/install/abb_librws/include/abb_librws/rws_client.h
[1.415s] -- Up-to-date: /home/ubuntu/ros2ws/install/abb_librws/include/abb_librws/rws_cfg.h
[1.415s] -- Up-to-date: /home/ubuntu/ros2ws/install/abb_librws/include/abb_librws/abb_librws_export.h
[1.415s] -- Up-to-date: /home/ubuntu/ros2ws/install/abb_librws/share/abb_librws/cmake
[1.418s] -- Up-to-date: /home/ubuntu/ros2ws/install/abb_librws/share/abb_librws/cmake/FindPoco.cmake
[1.419s] -- Up-to-date: /home/ubuntu/ros2ws/install/abb_librws/share/abb_librws/cmake/README.md
[1.448s] -- Up-to-date: /home/ubuntu/ros2ws/install/abb_librws/lib/libabb_librws.so
[1.449s] -- Up-to-date: /home/ubuntu/ros2ws/install/abb_librws/share/abb_librws/abb_librwsConfig.cmake
[1.449s] -- Up-to-date: /home/ubuntu/ros2ws/install/abb_librws/share/abb_librws/abb_librwsConfigVersion.cmake
[1.449s] -- Up-to-date: /home/ubuntu/ros2ws/install/abb_librws/share/abb_librws/package.xml
[1.475s] -- Up-to-date: /home/ubuntu/ros2ws/install/abb_librws/share/abb_librws/abb_librwsTargets.cmake
[1.476s] -- Up-to-date: /home/ubuntu/ros2ws/install/abb_librws/share/abb_librws/abb_librwsTargets-noconfig.cmake
[1.483s] Invoked command in '/home/ubuntu/ros2ws/build/abb_librws' returned '0': CMAKE_PREFIX_PATH=${CMAKE_PREFIX_PATH}:/opt/ros/humble /usr/bin/cmake --install /home/ubuntu/ros2ws/build/abb_librws
