[0.076s] Invoking command in '/home/ubuntu/ros2ws/build/moveit_core': CMAKE_PREFIX_PATH=/home/ubuntu/ros2ws/install/moveit_resources_panda_moveit_config:/home/ubuntu/ros2ws/install/srdfdom:/home/ubuntu/ros2ws/install/moveit_resources_pr2_description:/home/ubuntu/ros2ws/install/moveit_resources_panda_description:/home/ubuntu/ros2ws/install/moveit_common:/home/ubuntu/ros2ws/install/testV2:/home/ubuntu/ros2ws/install/ros2srrc_execution:/home/ubuntu/ros2ws/install/pilz_industrial_motion_planner_testutils:/home/ubuntu/ros2ws/install/moveit_runtime:/home/ubuntu/ros2ws/install/moveit2_tutorials:/home/ubuntu/ros2ws/install/moveit:/home/ubuntu/ros2ws/install/moveit_planners:/home/ubuntu/ros2ws/install/pilz_industrial_motion_planner:/home/ubuntu/ros2ws/install/moveit_visual_tools:/home/ubuntu/ros2ws/install/moveit_task_constructor_visualization:/home/ubuntu/ros2ws/install/moveit_task_constructor_demo:/home/ubuntu/ros2ws/install/moveit_task_constructor_capabilities:/home/ubuntu/ros2ws/install/moveit_task_constructor_core:/home/ubuntu/ros2ws/install/moveit_ros_control_interface:/home/ubuntu/ros2ws/install/moveit_plugins:/home/ubuntu/ros2ws/install/moveit_simple_controller_manager:/home/ubuntu/ros2ws/install/moveit_setup_assistant:/home/ubuntu/ros2ws/install/moveit_setup_srdf_plugins:/home/ubuntu/ros2ws/install/moveit_setup_core_plugins:/home/ubuntu/ros2ws/install/moveit_setup_controllers:/home/ubuntu/ros2ws/install/moveit_setup_app_plugins:/home/ubuntu/ros2ws/install/moveit_setup_framework:/home/ubuntu/ros2ws/install/moveit_servo:/home/ubuntu/ros2ws/install/moveit_ros:/home/ubuntu/ros2ws/install/moveit_ros_visualization:/home/ubuntu/ros2ws/install/moveit_hybrid_planning:/home/ubuntu/ros2ws/install/moveit_ros_planning_interface:/home/ubuntu/ros2ws/install/moveit_ros_benchmarks:/home/ubuntu/ros2ws/install/moveit_ros_warehouse:/home/ubuntu/ros2ws/install/moveit_ros_robot_interaction:/home/ubuntu/ros2ws/install/moveit_ros_perception:/home/ubuntu/ros2ws/install/moveit_resources_prbt_pg70_support:/home/ubuntu/ros2ws/install/moveit_resources_prbt_moveit_config:/home/ubuntu/ros2ws/install/moveit_ros_move_group:/home/ubuntu/ros2ws/install/moveit_planners_ompl:/home/ubuntu/ros2ws/install/moveit_ros_planning:/home/ubuntu/ros2ws/install/moveit_ros_occupancy_map_monitor:/home/ubuntu/ros2ws/install/moveit_resources_prbt_ikfast_manipulator_plugin:/home/ubuntu/ros2ws/install/moveit_planners_chomp:/home/ubuntu/ros2ws/install/moveit_kinematics:/home/ubuntu/ros2ws/install/moveit_chomp_optimizer_adapter:/home/ubuntu/ros2ws/install/chomp_motion_planner:/home/ubuntu/ros2ws/install/moveit_core:/home/ubuntu/ros2ws/install/abb_bringup:/home/ubuntu/ros2ws/install/rviz_marker_tools:/home/ubuntu/ros2ws/install/rosparam_shortcuts:/home/ubuntu/ros2ws/install/ros2srrc_ur5_moveit2:/home/ubuntu/ros2ws/install/ros2srrc_ur5_gazebo:/home/ubuntu/ros2ws/install/ros2srrc_ur3_moveit2:/home/ubuntu/ros2ws/install/ros2srrc_ur3_gazebo:/home/ubuntu/ros2ws/install/ros2srrc_ur16e_moveit2:/home/ubuntu/ros2ws/install/ros2srrc_ur16e_gazebo:/home/ubuntu/ros2ws/install/ros2srrc_ur10e_moveit2:/home/ubuntu/ros2ws/install/ros2srrc_ur10e_gazebo:/home/ubuntu/ros2ws/install/ros2srrc_robots:/home/ubuntu/ros2ws/install/ros2srrc_launch:/home/ubuntu/ros2ws/install/ros2srrc_irb6640_moveit2:/home/ubuntu/ros2ws/install/ros2srrc_irb6640_gazebo:/home/ubuntu/ros2ws/install/ros2srrc_irb120_moveit2:/home/ubuntu/ros2ws/install/ros2srrc_irb120_gazebo:/home/ubuntu/ros2ws/install/ros2srrc_irb1200_moveit2:/home/ubuntu/ros2ws/install/ros2srrc_irb1200_gazebo:/home/ubuntu/ros2ws/install/ros2srrc_iiwa_moveit2:/home/ubuntu/ros2ws/install/ros2srrc_iiwa_gazebo:/home/ubuntu/ros2ws/install/ros2srrc_endeffectors:/home/ubuntu/ros2ws/install/ros2srrc_data:/home/ubuntu/ros2ws/install/ros2_robotiqgripper:/home/ubuntu/ros2ws/install/ros2_objectpose:/home/ubuntu/ros2ws/install/ros2_linkpose:/home/ubuntu/ros2ws/install/ros2_linkattacher:/home/ubuntu/ros2ws/install/path_tracer_plugin:/home/ubuntu/ros2ws/install/objectpose_msgs:/home/ubuntu/ros2ws/install/objectpose_gazebo:/home/ubuntu/ros2ws/install/moveit_task_constructor_msgs:/home/ubuntu/ros2ws/install/moveit_resources_prbt_support:/home/ubuntu/ros2ws/install/moveit_resources:/home/ubuntu/ros2ws/install/moveit_resources_fanuc_moveit_config:/home/ubuntu/ros2ws/install/moveit_resources_fanuc_description:/home/ubuntu/ros2ws/install/linkpose_msgs:/home/ubuntu/ros2ws/install/linkpose_gazebo:/home/ubuntu/ros2ws/install/linkattacher_msgs:/home/ubuntu/ros2ws/install/letter_writer:/home/ubuntu/ros2ws/install/gazebo_ros2_control_demos:/home/ubuntu/ros2ws/install/gazebo_ros2_control:/home/ubuntu/ros2ws/install/abb_rws_client:/home/ubuntu/ros2ws/install/abb_ros2:/home/ubuntu/ros2ws/install/abb_robot_msgs:/home/ubuntu/ros2ws/install/abb_resources:/home/ubuntu/ros2ws/install/abb_rapid_sm_addin_msgs:/home/ubuntu/ros2ws/install/abb_rapid_msgs:/home/ubuntu/ros2ws/install/abb_hardware_interface:/home/ubuntu/ros2ws/install/abb_egm_rws_managers:/home/ubuntu/ros2ws/install/abb_librws:/home/ubuntu/ros2ws/install/abb_libegm:/home/ubuntu/ros2ws/install/abb_irb4600_support:/home/ubuntu/ros2ws/install/abb_irb1200_5_90_moveit_config:/home/ubuntu/ros2ws/install/abb_irb1200_support:/home/ubuntu/ros2ws/install/abb_egm_msgs:/home/ubuntu/ros2ws/install/testV1:/home/ubuntu/ros2ws/install/gui_subscriber:/home/ubuntu/ros2ws/install/moveit_configs_utils:/home/ubuntu/ros2ws/install/robot_letter_writer:/home/ubuntu/ros2ws/install/launch_param_builder:/opt/ros/humble LD_LIBRARY_PATH=/home/ubuntu/ros2ws/install/srdfdom/lib:/home/ubuntu/ros2ws/install/pilz_industrial_motion_planner_testutils/lib:/home/ubuntu/ros2ws/install/pilz_industrial_motion_planner/lib:/home/ubuntu/ros2ws/install/moveit_visual_tools/lib:/home/ubuntu/ros2ws/install/moveit_task_constructor_visualization/lib:/home/ubuntu/ros2ws/install/moveit_task_constructor_demo/lib:/home/ubuntu/ros2ws/install/moveit_task_constructor_capabilities/lib:/home/ubuntu/ros2ws/install/moveit_task_constructor_core/lib:/home/ubuntu/ros2ws/install/moveit_ros_control_interface/lib:/home/ubuntu/ros2ws/install/moveit_simple_controller_manager/lib:/home/ubuntu/ros2ws/install/moveit_setup_assistant/lib:/home/ubuntu/ros2ws/install/moveit_setup_srdf_plugins/lib:/home/ubuntu/ros2ws/install/moveit_setup_core_plugins/lib:/home/ubuntu/ros2ws/install/moveit_setup_controllers/lib:/home/ubuntu/ros2ws/install/moveit_setup_app_plugins/lib:/home/ubuntu/ros2ws/install/moveit_setup_framework/lib:/home/ubuntu/ros2ws/install/moveit_servo/lib:/home/ubuntu/ros2ws/install/moveit_ros_visualization/lib:/home/ubuntu/ros2ws/install/moveit_hybrid_planning/lib:/home/ubuntu/ros2ws/install/moveit_ros_planning_interface/lib:/home/ubuntu/ros2ws/install/moveit_ros_benchmarks/lib:/home/ubuntu/ros2ws/install/moveit_ros_warehouse/lib:/home/ubuntu/ros2ws/install/moveit_ros_robot_interaction/lib:/home/ubuntu/ros2ws/install/moveit_ros_perception/lib:/home/ubuntu/ros2ws/install/moveit_ros_move_group/lib:/home/ubuntu/ros2ws/install/moveit_planners_ompl/lib:/home/ubuntu/ros2ws/install/moveit_ros_planning/lib:/home/ubuntu/ros2ws/install/moveit_ros_occupancy_map_monitor/lib:/home/ubuntu/ros2ws/install/moveit_resources_prbt_ikfast_manipulator_plugin/lib:/home/ubuntu/ros2ws/install/moveit_planners_chomp/lib:/home/ubuntu/ros2ws/install/moveit_kinematics/lib:/home/ubuntu/ros2ws/install/moveit_chomp_optimizer_adapter/lib:/home/ubuntu/ros2ws/install/chomp_motion_planner/lib:/home/ubuntu/ros2ws/install/moveit_core/lib:/home/ubuntu/ros2ws/install/rviz_marker_tools/lib:/home/ubuntu/ros2ws/install/rosparam_shortcuts/lib:/home/ubuntu/ros2ws/install/ros2srrc_data/lib:/home/ubuntu/ros2ws/install/ros2_robotiqgripper/lib:/home/ubuntu/ros2ws/install/ros2_objectpose/lib:/home/ubuntu/ros2ws/install/ros2_linkpose/lib:/home/ubuntu/ros2ws/install/ros2_linkattacher/lib:/home/ubuntu/ros2ws/install/objectpose_msgs/lib:/home/ubuntu/ros2ws/install/moveit_task_constructor_msgs/lib:/home/ubuntu/ros2ws/install/linkpose_msgs/lib:/home/ubuntu/ros2ws/install/linkattacher_msgs/lib:/home/ubuntu/ros2ws/install/gazebo_ros2_control/lib:/home/ubuntu/ros2ws/install/abb_robot_msgs/lib:/home/ubuntu/ros2ws/install/abb_rapid_sm_addin_msgs/lib:/home/ubuntu/ros2ws/install/abb_rapid_msgs/lib:/home/ubuntu/ros2ws/install/abb_hardware_interface/lib:/home/ubuntu/ros2ws/install/abb_egm_rws_managers/lib:/home/ubuntu/ros2ws/install/abb_librws/lib:/home/ubuntu/ros2ws/install/abb_libegm/lib:/home/ubuntu/ros2ws/install/abb_egm_msgs/lib:/usr/lib/x86_64-linux-gnu/gazebo-11/plugins:/opt/ros/humble/opt/rviz_ogre_vendor/lib:/opt/ros/humble/lib/x86_64-linux-gnu:/opt/ros/humble/lib /usr/bin/cmake --build /home/ubuntu/ros2ws/build/moveit_core -- -j4 -l4
[0.257s] [  1%] Built target moveit_exceptions
[0.270s] [  2%] Built target moveit_kinematics_base
[0.277s] [  3%] Built target moveit_transforms
[0.348s] [  5%] Built target moveit_utils
[0.351s] [  6%] Built target gtest
[0.376s] [  8%] Built target moveit_distance_field
[0.445s] [  9%] Built target gmock_main
[0.449s] [ 11%] Built target gmock
[0.452s] [ 12%] Built target gtest_main
[0.527s] [ 13%] Built target moveit_smoothing_base
[0.538s] [ 14%] Built target moveit_butterworth_parameters
[0.541s] [ 16%] Built target moveit_version
[0.655s] [ 23%] Built target moveit_robot_model
[0.661s] [ 24%] Built target test_distance_field
[0.777s] [ 26%] Built target test_transforms
[0.778s] [ 28%] Built target moveit_robot_state
[0.861s] [ 29%] Built target moveit_butterworth_filter
[0.942s] [ 35%] Built target moveit_collision_detection
[1.006s] [ 36%] Built target moveit_robot_trajectory
[1.076s] [ 38%] Built target moveit_dynamics_solver
[1.144s] [ 39%] Built target moveit_kinematics_metrics
[1.241s] [ 40%] Built target test_butterworth_filter
[1.347s] [ 42%] Built target moveit_planning_interface
[1.453s] [ 43%] Built target test_world
[1.548s] [ 45%] Built target test_world_diff
[1.640s] [ 46%] Built target test_all_valid
[1.733s] [ 51%] Built target moveit_collision_detection_bullet
[1.814s] [ 53%] Built target moveit_collision_detection_fcl
[1.895s] [ 57%] Built target moveit_trajectory_processing
[1.973s] [ 59%] Built target moveit_kinematic_constraints
[2.053s] [ 60%] Built target moveit_test_utils
[2.128s] [ 61%] Built target moveit_planning_scene
[2.194s] [ 62%] Built target test_orientation_constraints
[2.258s] [ 63%] Built target test_robot_model
[2.354s] [ 65%] Built target test_robot_state
[2.453s] [ 66%] Built target test_robot_state_benchmark
[2.546s] [ 67%] Built target test_robot_state_complex
[2.641s] [ 68%] Built target test_aabb
[2.732s] [ 69%] Built target test_cartesian_interpolator
[2.824s] [ 70%] Built target test_robot_trajectory
[2.921s] [ 71%] Built target test_time_parameterization
[3.024s] [ 73%] Built target test_time_optimal_trajectory_generation
[3.140s] [ 74%] Built target test_ruckig_traj_smoothing
[3.236s] [ 75%] Built target collision_detector_bullet_plugin
[3.369s] [ 76%] Built target test_bullet_collision_detection
[3.528s] [ 77%] Built target test_bullet_collision_detection_panda
[3.642s] [ 79%] Built target test_bullet_continuous_collision_checking
[3.766s] [ 80%] Built target collision_detector_fcl_plugin
[3.909s] [ 82%] Built target test_fcl_collision_env
[4.028s] [ 83%] Built target test_fcl_collision_detection
[4.155s] [ 84%] Built target test_fcl_collision_detection_panda
[4.273s] [ 87%] Built target moveit_collision_distance_field
[4.378s] [ 90%] Built target moveit_constraint_samplers
[4.464s] [ 91%] Built target moveit_planning_request_adapter
[4.557s] [ 92%] Built target test_planning_scene
[4.659s] [ 93%] Built target test_collision_objects
[4.754s] [ 94%] Built target test_multi_threaded
[4.867s] [ 95%] Built target test_collision_distance_field
[4.979s] [ 98%] Built target test_constraint_samplers
[5.083s] [ 99%] Built target test_constraints
[5.165s] [100%] Built target test_voxel_grid
[5.196s] Invoked command in '/home/ubuntu/ros2ws/build/moveit_core' returned '0': CMAKE_PREFIX_PATH=/home/ubuntu/ros2ws/install/moveit_resources_panda_moveit_config:/home/ubuntu/ros2ws/install/srdfdom:/home/ubuntu/ros2ws/install/moveit_resources_pr2_description:/home/ubuntu/ros2ws/install/moveit_resources_panda_description:/home/ubuntu/ros2ws/install/moveit_common:/home/ubuntu/ros2ws/install/testV2:/home/ubuntu/ros2ws/install/ros2srrc_execution:/home/ubuntu/ros2ws/install/pilz_industrial_motion_planner_testutils:/home/ubuntu/ros2ws/install/moveit_runtime:/home/ubuntu/ros2ws/install/moveit2_tutorials:/home/ubuntu/ros2ws/install/moveit:/home/ubuntu/ros2ws/install/moveit_planners:/home/ubuntu/ros2ws/install/pilz_industrial_motion_planner:/home/ubuntu/ros2ws/install/moveit_visual_tools:/home/ubuntu/ros2ws/install/moveit_task_constructor_visualization:/home/ubuntu/ros2ws/install/moveit_task_constructor_demo:/home/ubuntu/ros2ws/install/moveit_task_constructor_capabilities:/home/ubuntu/ros2ws/install/moveit_task_constructor_core:/home/ubuntu/ros2ws/install/moveit_ros_control_interface:/home/ubuntu/ros2ws/install/moveit_plugins:/home/ubuntu/ros2ws/install/moveit_simple_controller_manager:/home/ubuntu/ros2ws/install/moveit_setup_assistant:/home/ubuntu/ros2ws/install/moveit_setup_srdf_plugins:/home/ubuntu/ros2ws/install/moveit_setup_core_plugins:/home/ubuntu/ros2ws/install/moveit_setup_controllers:/home/ubuntu/ros2ws/install/moveit_setup_app_plugins:/home/ubuntu/ros2ws/install/moveit_setup_framework:/home/ubuntu/ros2ws/install/moveit_servo:/home/ubuntu/ros2ws/install/moveit_ros:/home/ubuntu/ros2ws/install/moveit_ros_visualization:/home/ubuntu/ros2ws/install/moveit_hybrid_planning:/home/ubuntu/ros2ws/install/moveit_ros_planning_interface:/home/ubuntu/ros2ws/install/moveit_ros_benchmarks:/home/ubuntu/ros2ws/install/moveit_ros_warehouse:/home/ubuntu/ros2ws/install/moveit_ros_robot_interaction:/home/ubuntu/ros2ws/install/moveit_ros_perception:/home/ubuntu/ros2ws/install/moveit_resources_prbt_pg70_support:/home/ubuntu/ros2ws/install/moveit_resources_prbt_moveit_config:/home/ubuntu/ros2ws/install/moveit_ros_move_group:/home/ubuntu/ros2ws/install/moveit_planners_ompl:/home/ubuntu/ros2ws/install/moveit_ros_planning:/home/ubuntu/ros2ws/install/moveit_ros_occupancy_map_monitor:/home/ubuntu/ros2ws/install/moveit_resources_prbt_ikfast_manipulator_plugin:/home/ubuntu/ros2ws/install/moveit_planners_chomp:/home/ubuntu/ros2ws/install/moveit_kinematics:/home/ubuntu/ros2ws/install/moveit_chomp_optimizer_adapter:/home/ubuntu/ros2ws/install/chomp_motion_planner:/home/ubuntu/ros2ws/install/moveit_core:/home/ubuntu/ros2ws/install/abb_bringup:/home/ubuntu/ros2ws/install/rviz_marker_tools:/home/ubuntu/ros2ws/install/rosparam_shortcuts:/home/ubuntu/ros2ws/install/ros2srrc_ur5_moveit2:/home/ubuntu/ros2ws/install/ros2srrc_ur5_gazebo:/home/ubuntu/ros2ws/install/ros2srrc_ur3_moveit2:/home/ubuntu/ros2ws/install/ros2srrc_ur3_gazebo:/home/ubuntu/ros2ws/install/ros2srrc_ur16e_moveit2:/home/ubuntu/ros2ws/install/ros2srrc_ur16e_gazebo:/home/ubuntu/ros2ws/install/ros2srrc_ur10e_moveit2:/home/ubuntu/ros2ws/install/ros2srrc_ur10e_gazebo:/home/ubuntu/ros2ws/install/ros2srrc_robots:/home/ubuntu/ros2ws/install/ros2srrc_launch:/home/ubuntu/ros2ws/install/ros2srrc_irb6640_moveit2:/home/ubuntu/ros2ws/install/ros2srrc_irb6640_gazebo:/home/ubuntu/ros2ws/install/ros2srrc_irb120_moveit2:/home/ubuntu/ros2ws/install/ros2srrc_irb120_gazebo:/home/ubuntu/ros2ws/install/ros2srrc_irb1200_moveit2:/home/ubuntu/ros2ws/install/ros2srrc_irb1200_gazebo:/home/ubuntu/ros2ws/install/ros2srrc_iiwa_moveit2:/home/ubuntu/ros2ws/install/ros2srrc_iiwa_gazebo:/home/ubuntu/ros2ws/install/ros2srrc_endeffectors:/home/ubuntu/ros2ws/install/ros2srrc_data:/home/ubuntu/ros2ws/install/ros2_robotiqgripper:/home/ubuntu/ros2ws/install/ros2_objectpose:/home/ubuntu/ros2ws/install/ros2_linkpose:/home/ubuntu/ros2ws/install/ros2_linkattacher:/home/ubuntu/ros2ws/install/path_tracer_plugin:/home/ubuntu/ros2ws/install/objectpose_msgs:/home/ubuntu/ros2ws/install/objectpose_gazebo:/home/ubuntu/ros2ws/install/moveit_task_constructor_msgs:/home/ubuntu/ros2ws/install/moveit_resources_prbt_support:/home/ubuntu/ros2ws/install/moveit_resources:/home/ubuntu/ros2ws/install/moveit_resources_fanuc_moveit_config:/home/ubuntu/ros2ws/install/moveit_resources_fanuc_description:/home/ubuntu/ros2ws/install/linkpose_msgs:/home/ubuntu/ros2ws/install/linkpose_gazebo:/home/ubuntu/ros2ws/install/linkattacher_msgs:/home/ubuntu/ros2ws/install/letter_writer:/home/ubuntu/ros2ws/install/gazebo_ros2_control_demos:/home/ubuntu/ros2ws/install/gazebo_ros2_control:/home/ubuntu/ros2ws/install/abb_rws_client:/home/ubuntu/ros2ws/install/abb_ros2:/home/ubuntu/ros2ws/install/abb_robot_msgs:/home/ubuntu/ros2ws/install/abb_resources:/home/ubuntu/ros2ws/install/abb_rapid_sm_addin_msgs:/home/ubuntu/ros2ws/install/abb_rapid_msgs:/home/ubuntu/ros2ws/install/abb_hardware_interface:/home/ubuntu/ros2ws/install/abb_egm_rws_managers:/home/ubuntu/ros2ws/install/abb_librws:/home/ubuntu/ros2ws/install/abb_libegm:/home/ubuntu/ros2ws/install/abb_irb4600_support:/home/ubuntu/ros2ws/install/abb_irb1200_5_90_moveit_config:/home/ubuntu/ros2ws/install/abb_irb1200_support:/home/ubuntu/ros2ws/install/abb_egm_msgs:/home/ubuntu/ros2ws/install/testV1:/home/ubuntu/ros2ws/install/gui_subscriber:/home/ubuntu/ros2ws/install/moveit_configs_utils:/home/ubuntu/ros2ws/install/robot_letter_writer:/home/ubuntu/ros2ws/install/launch_param_builder:/opt/ros/humble LD_LIBRARY_PATH=/home/ubuntu/ros2ws/install/srdfdom/lib:/home/ubuntu/ros2ws/install/pilz_industrial_motion_planner_testutils/lib:/home/ubuntu/ros2ws/install/pilz_industrial_motion_planner/lib:/home/ubuntu/ros2ws/install/moveit_visual_tools/lib:/home/ubuntu/ros2ws/install/moveit_task_constructor_visualization/lib:/home/ubuntu/ros2ws/install/moveit_task_constructor_demo/lib:/home/ubuntu/ros2ws/install/moveit_task_constructor_capabilities/lib:/home/ubuntu/ros2ws/install/moveit_task_constructor_core/lib:/home/ubuntu/ros2ws/install/moveit_ros_control_interface/lib:/home/ubuntu/ros2ws/install/moveit_simple_controller_manager/lib:/home/ubuntu/ros2ws/install/moveit_setup_assistant/lib:/home/ubuntu/ros2ws/install/moveit_setup_srdf_plugins/lib:/home/ubuntu/ros2ws/install/moveit_setup_core_plugins/lib:/home/ubuntu/ros2ws/install/moveit_setup_controllers/lib:/home/ubuntu/ros2ws/install/moveit_setup_app_plugins/lib:/home/ubuntu/ros2ws/install/moveit_setup_framework/lib:/home/ubuntu/ros2ws/install/moveit_servo/lib:/home/ubuntu/ros2ws/install/moveit_ros_visualization/lib:/home/ubuntu/ros2ws/install/moveit_hybrid_planning/lib:/home/ubuntu/ros2ws/install/moveit_ros_planning_interface/lib:/home/ubuntu/ros2ws/install/moveit_ros_benchmarks/lib:/home/ubuntu/ros2ws/install/moveit_ros_warehouse/lib:/home/ubuntu/ros2ws/install/moveit_ros_robot_interaction/lib:/home/ubuntu/ros2ws/install/moveit_ros_perception/lib:/home/ubuntu/ros2ws/install/moveit_ros_move_group/lib:/home/ubuntu/ros2ws/install/moveit_planners_ompl/lib:/home/ubuntu/ros2ws/install/moveit_ros_planning/lib:/home/ubuntu/ros2ws/install/moveit_ros_occupancy_map_monitor/lib:/home/ubuntu/ros2ws/install/moveit_resources_prbt_ikfast_manipulator_plugin/lib:/home/ubuntu/ros2ws/install/moveit_planners_chomp/lib:/home/ubuntu/ros2ws/install/moveit_kinematics/lib:/home/ubuntu/ros2ws/install/moveit_chomp_optimizer_adapter/lib:/home/ubuntu/ros2ws/install/chomp_motion_planner/lib:/home/ubuntu/ros2ws/install/moveit_core/lib:/home/ubuntu/ros2ws/install/rviz_marker_tools/lib:/home/ubuntu/ros2ws/install/rosparam_shortcuts/lib:/home/ubuntu/ros2ws/install/ros2srrc_data/lib:/home/ubuntu/ros2ws/install/ros2_robotiqgripper/lib:/home/ubuntu/ros2ws/install/ros2_objectpose/lib:/home/ubuntu/ros2ws/install/ros2_linkpose/lib:/home/ubuntu/ros2ws/install/ros2_linkattacher/lib:/home/ubuntu/ros2ws/install/objectpose_msgs/lib:/home/ubuntu/ros2ws/install/moveit_task_constructor_msgs/lib:/home/ubuntu/ros2ws/install/linkpose_msgs/lib:/home/ubuntu/ros2ws/install/linkattacher_msgs/lib:/home/ubuntu/ros2ws/install/gazebo_ros2_control/lib:/home/ubuntu/ros2ws/install/abb_robot_msgs/lib:/home/ubuntu/ros2ws/install/abb_rapid_sm_addin_msgs/lib:/home/ubuntu/ros2ws/install/abb_rapid_msgs/lib:/home/ubuntu/ros2ws/install/abb_hardware_interface/lib:/home/ubuntu/ros2ws/install/abb_egm_rws_managers/lib:/home/ubuntu/ros2ws/install/abb_librws/lib:/home/ubuntu/ros2ws/install/abb_libegm/lib:/home/ubuntu/ros2ws/install/abb_egm_msgs/lib:/usr/lib/x86_64-linux-gnu/gazebo-11/plugins:/opt/ros/humble/opt/rviz_ogre_vendor/lib:/opt/ros/humble/lib/x86_64-linux-gnu:/opt/ros/humble/lib /usr/bin/cmake --build /home/ubuntu/ros2ws/build/moveit_core -- -j4 -l4
[5.579s] Invoking command in '/home/ubuntu/ros2ws/build/moveit_core': CMAKE_PREFIX_PATH=/home/ubuntu/ros2ws/install/moveit_resources_panda_moveit_config:/home/ubuntu/ros2ws/install/srdfdom:/home/ubuntu/ros2ws/install/moveit_resources_pr2_description:/home/ubuntu/ros2ws/install/moveit_resources_panda_description:/home/ubuntu/ros2ws/install/moveit_common:/home/ubuntu/ros2ws/install/testV2:/home/ubuntu/ros2ws/install/ros2srrc_execution:/home/ubuntu/ros2ws/install/pilz_industrial_motion_planner_testutils:/home/ubuntu/ros2ws/install/moveit_runtime:/home/ubuntu/ros2ws/install/moveit2_tutorials:/home/ubuntu/ros2ws/install/moveit:/home/ubuntu/ros2ws/install/moveit_planners:/home/ubuntu/ros2ws/install/pilz_industrial_motion_planner:/home/ubuntu/ros2ws/install/moveit_visual_tools:/home/ubuntu/ros2ws/install/moveit_task_constructor_visualization:/home/ubuntu/ros2ws/install/moveit_task_constructor_demo:/home/ubuntu/ros2ws/install/moveit_task_constructor_capabilities:/home/ubuntu/ros2ws/install/moveit_task_constructor_core:/home/ubuntu/ros2ws/install/moveit_ros_control_interface:/home/ubuntu/ros2ws/install/moveit_plugins:/home/ubuntu/ros2ws/install/moveit_simple_controller_manager:/home/ubuntu/ros2ws/install/moveit_setup_assistant:/home/ubuntu/ros2ws/install/moveit_setup_srdf_plugins:/home/ubuntu/ros2ws/install/moveit_setup_core_plugins:/home/ubuntu/ros2ws/install/moveit_setup_controllers:/home/ubuntu/ros2ws/install/moveit_setup_app_plugins:/home/ubuntu/ros2ws/install/moveit_setup_framework:/home/ubuntu/ros2ws/install/moveit_servo:/home/ubuntu/ros2ws/install/moveit_ros:/home/ubuntu/ros2ws/install/moveit_ros_visualization:/home/ubuntu/ros2ws/install/moveit_hybrid_planning:/home/ubuntu/ros2ws/install/moveit_ros_planning_interface:/home/ubuntu/ros2ws/install/moveit_ros_benchmarks:/home/ubuntu/ros2ws/install/moveit_ros_warehouse:/home/ubuntu/ros2ws/install/moveit_ros_robot_interaction:/home/ubuntu/ros2ws/install/moveit_ros_perception:/home/ubuntu/ros2ws/install/moveit_resources_prbt_pg70_support:/home/ubuntu/ros2ws/install/moveit_resources_prbt_moveit_config:/home/ubuntu/ros2ws/install/moveit_ros_move_group:/home/ubuntu/ros2ws/install/moveit_planners_ompl:/home/ubuntu/ros2ws/install/moveit_ros_planning:/home/ubuntu/ros2ws/install/moveit_ros_occupancy_map_monitor:/home/ubuntu/ros2ws/install/moveit_resources_prbt_ikfast_manipulator_plugin:/home/ubuntu/ros2ws/install/moveit_planners_chomp:/home/ubuntu/ros2ws/install/moveit_kinematics:/home/ubuntu/ros2ws/install/moveit_chomp_optimizer_adapter:/home/ubuntu/ros2ws/install/chomp_motion_planner:/home/ubuntu/ros2ws/install/moveit_core:/home/ubuntu/ros2ws/install/abb_bringup:/home/ubuntu/ros2ws/install/rviz_marker_tools:/home/ubuntu/ros2ws/install/rosparam_shortcuts:/home/ubuntu/ros2ws/install/ros2srrc_ur5_moveit2:/home/ubuntu/ros2ws/install/ros2srrc_ur5_gazebo:/home/ubuntu/ros2ws/install/ros2srrc_ur3_moveit2:/home/ubuntu/ros2ws/install/ros2srrc_ur3_gazebo:/home/ubuntu/ros2ws/install/ros2srrc_ur16e_moveit2:/home/ubuntu/ros2ws/install/ros2srrc_ur16e_gazebo:/home/ubuntu/ros2ws/install/ros2srrc_ur10e_moveit2:/home/ubuntu/ros2ws/install/ros2srrc_ur10e_gazebo:/home/ubuntu/ros2ws/install/ros2srrc_robots:/home/ubuntu/ros2ws/install/ros2srrc_launch:/home/ubuntu/ros2ws/install/ros2srrc_irb6640_moveit2:/home/ubuntu/ros2ws/install/ros2srrc_irb6640_gazebo:/home/ubuntu/ros2ws/install/ros2srrc_irb120_moveit2:/home/ubuntu/ros2ws/install/ros2srrc_irb120_gazebo:/home/ubuntu/ros2ws/install/ros2srrc_irb1200_moveit2:/home/ubuntu/ros2ws/install/ros2srrc_irb1200_gazebo:/home/ubuntu/ros2ws/install/ros2srrc_iiwa_moveit2:/home/ubuntu/ros2ws/install/ros2srrc_iiwa_gazebo:/home/ubuntu/ros2ws/install/ros2srrc_endeffectors:/home/ubuntu/ros2ws/install/ros2srrc_data:/home/ubuntu/ros2ws/install/ros2_robotiqgripper:/home/ubuntu/ros2ws/install/ros2_objectpose:/home/ubuntu/ros2ws/install/ros2_linkpose:/home/ubuntu/ros2ws/install/ros2_linkattacher:/home/ubuntu/ros2ws/install/path_tracer_plugin:/home/ubuntu/ros2ws/install/objectpose_msgs:/home/ubuntu/ros2ws/install/objectpose_gazebo:/home/ubuntu/ros2ws/install/moveit_task_constructor_msgs:/home/ubuntu/ros2ws/install/moveit_resources_prbt_support:/home/ubuntu/ros2ws/install/moveit_resources:/home/ubuntu/ros2ws/install/moveit_resources_fanuc_moveit_config:/home/ubuntu/ros2ws/install/moveit_resources_fanuc_description:/home/ubuntu/ros2ws/install/linkpose_msgs:/home/ubuntu/ros2ws/install/linkpose_gazebo:/home/ubuntu/ros2ws/install/linkattacher_msgs:/home/ubuntu/ros2ws/install/letter_writer:/home/ubuntu/ros2ws/install/gazebo_ros2_control_demos:/home/ubuntu/ros2ws/install/gazebo_ros2_control:/home/ubuntu/ros2ws/install/abb_rws_client:/home/ubuntu/ros2ws/install/abb_ros2:/home/ubuntu/ros2ws/install/abb_robot_msgs:/home/ubuntu/ros2ws/install/abb_resources:/home/ubuntu/ros2ws/install/abb_rapid_sm_addin_msgs:/home/ubuntu/ros2ws/install/abb_rapid_msgs:/home/ubuntu/ros2ws/install/abb_hardware_interface:/home/ubuntu/ros2ws/install/abb_egm_rws_managers:/home/ubuntu/ros2ws/install/abb_librws:/home/ubuntu/ros2ws/install/abb_libegm:/home/ubuntu/ros2ws/install/abb_irb4600_support:/home/ubuntu/ros2ws/install/abb_irb1200_5_90_moveit_config:/home/ubuntu/ros2ws/install/abb_irb1200_support:/home/ubuntu/ros2ws/install/abb_egm_msgs:/home/ubuntu/ros2ws/install/testV1:/home/ubuntu/ros2ws/install/gui_subscriber:/home/ubuntu/ros2ws/install/moveit_configs_utils:/home/ubuntu/ros2ws/install/robot_letter_writer:/home/ubuntu/ros2ws/install/launch_param_builder:/opt/ros/humble LD_LIBRARY_PATH=/home/ubuntu/ros2ws/install/srdfdom/lib:/home/ubuntu/ros2ws/install/pilz_industrial_motion_planner_testutils/lib:/home/ubuntu/ros2ws/install/pilz_industrial_motion_planner/lib:/home/ubuntu/ros2ws/install/moveit_visual_tools/lib:/home/ubuntu/ros2ws/install/moveit_task_constructor_visualization/lib:/home/ubuntu/ros2ws/install/moveit_task_constructor_demo/lib:/home/ubuntu/ros2ws/install/moveit_task_constructor_capabilities/lib:/home/ubuntu/ros2ws/install/moveit_task_constructor_core/lib:/home/ubuntu/ros2ws/install/moveit_ros_control_interface/lib:/home/ubuntu/ros2ws/install/moveit_simple_controller_manager/lib:/home/ubuntu/ros2ws/install/moveit_setup_assistant/lib:/home/ubuntu/ros2ws/install/moveit_setup_srdf_plugins/lib:/home/ubuntu/ros2ws/install/moveit_setup_core_plugins/lib:/home/ubuntu/ros2ws/install/moveit_setup_controllers/lib:/home/ubuntu/ros2ws/install/moveit_setup_app_plugins/lib:/home/ubuntu/ros2ws/install/moveit_setup_framework/lib:/home/ubuntu/ros2ws/install/moveit_servo/lib:/home/ubuntu/ros2ws/install/moveit_ros_visualization/lib:/home/ubuntu/ros2ws/install/moveit_hybrid_planning/lib:/home/ubuntu/ros2ws/install/moveit_ros_planning_interface/lib:/home/ubuntu/ros2ws/install/moveit_ros_benchmarks/lib:/home/ubuntu/ros2ws/install/moveit_ros_warehouse/lib:/home/ubuntu/ros2ws/install/moveit_ros_robot_interaction/lib:/home/ubuntu/ros2ws/install/moveit_ros_perception/lib:/home/ubuntu/ros2ws/install/moveit_ros_move_group/lib:/home/ubuntu/ros2ws/install/moveit_planners_ompl/lib:/home/ubuntu/ros2ws/install/moveit_ros_planning/lib:/home/ubuntu/ros2ws/install/moveit_ros_occupancy_map_monitor/lib:/home/ubuntu/ros2ws/install/moveit_resources_prbt_ikfast_manipulator_plugin/lib:/home/ubuntu/ros2ws/install/moveit_planners_chomp/lib:/home/ubuntu/ros2ws/install/moveit_kinematics/lib:/home/ubuntu/ros2ws/install/moveit_chomp_optimizer_adapter/lib:/home/ubuntu/ros2ws/install/chomp_motion_planner/lib:/home/ubuntu/ros2ws/install/moveit_core/lib:/home/ubuntu/ros2ws/install/rviz_marker_tools/lib:/home/ubuntu/ros2ws/install/rosparam_shortcuts/lib:/home/ubuntu/ros2ws/install/ros2srrc_data/lib:/home/ubuntu/ros2ws/install/ros2_robotiqgripper/lib:/home/ubuntu/ros2ws/install/ros2_objectpose/lib:/home/ubuntu/ros2ws/install/ros2_linkpose/lib:/home/ubuntu/ros2ws/install/ros2_linkattacher/lib:/home/ubuntu/ros2ws/install/objectpose_msgs/lib:/home/ubuntu/ros2ws/install/moveit_task_constructor_msgs/lib:/home/ubuntu/ros2ws/install/linkpose_msgs/lib:/home/ubuntu/ros2ws/install/linkattacher_msgs/lib:/home/ubuntu/ros2ws/install/gazebo_ros2_control/lib:/home/ubuntu/ros2ws/install/abb_robot_msgs/lib:/home/ubuntu/ros2ws/install/abb_rapid_sm_addin_msgs/lib:/home/ubuntu/ros2ws/install/abb_rapid_msgs/lib:/home/ubuntu/ros2ws/install/abb_hardware_interface/lib:/home/ubuntu/ros2ws/install/abb_egm_rws_managers/lib:/home/ubuntu/ros2ws/install/abb_librws/lib:/home/ubuntu/ros2ws/install/abb_libegm/lib:/home/ubuntu/ros2ws/install/abb_egm_msgs/lib:/usr/lib/x86_64-linux-gnu/gazebo-11/plugins:/opt/ros/humble/opt/rviz_ogre_vendor/lib:/opt/ros/humble/lib/x86_64-linux-gnu:/opt/ros/humble/lib /usr/bin/cmake --install /home/ubuntu/ros2ws/build/moveit_core
[5.604s] -- Install configuration: "Release"
[5.605s] -- Up-to-date: /home/ubuntu/ros2ws/install/moveit_core/include/moveit/version.h
[5.605s] -- Up-to-date: /home/ubuntu/ros2ws/install/moveit_core/include
[5.605s] -- Up-to-date: /home/ubuntu/ros2ws/install/moveit_core/include/moveit
[5.606s] -- Up-to-date: /home/ubuntu/ros2ws/install/moveit_core/include/moveit/collision_distance_field
[5.606s] -- Up-to-date: /home/ubuntu/ros2ws/install/moveit_core/include/moveit/collision_distance_field/collision_distance_field_types.h
[5.606s] -- Up-to-date: /home/ubuntu/ros2ws/install/moveit_core/include/moveit/collision_distance_field/collision_detector_allocator_hybrid.h
[5.606s] -- Up-to-date: /home/ubuntu/ros2ws/install/moveit_core/include/moveit/collision_distance_field/collision_common_distance_field.h
[5.606s] -- Up-to-date: /home/ubuntu/ros2ws/install/moveit_core/include/moveit/collision_distance_field/collision_env_hybrid.h
[5.606s] -- Up-to-date: /home/ubuntu/ros2ws/install/moveit_core/include/moveit/collision_distance_field/collision_env_distance_field.h
[5.606s] -- Up-to-date: /home/ubuntu/ros2ws/install/moveit_core/include/moveit/collision_distance_field/collision_detector_allocator_distance_field.h
[5.607s] -- Up-to-date: /home/ubuntu/ros2ws/install/moveit_core/include/moveit_collision_distance_field_export.h
[5.607s] -- Up-to-date: /home/ubuntu/ros2ws/install/moveit_core/include
[5.607s] -- Up-to-date: /home/ubuntu/ros2ws/install/moveit_core/include/moveit
[5.607s] -- Up-to-date: /home/ubuntu/ros2ws/install/moveit_core/include/moveit/constraint_samplers
[5.608s] -- Up-to-date: /home/ubuntu/ros2ws/install/moveit_core/include/moveit/constraint_samplers/default_constraint_samplers.h
[5.608s] -- Up-to-date: /home/ubuntu/ros2ws/install/moveit_core/include/moveit/constraint_samplers/constraint_sampler.h
[5.608s] -- Up-to-date: /home/ubuntu/ros2ws/install/moveit_core/include/moveit/constraint_samplers/constraint_sampler_manager.h
[5.609s] -- Up-to-date: /home/ubuntu/ros2ws/install/moveit_core/include/moveit/constraint_samplers/constraint_sampler_tools.h
[5.609s] -- Up-to-date: /home/ubuntu/ros2ws/install/moveit_core/include/moveit/constraint_samplers/union_constraint_sampler.h
[5.609s] -- Up-to-date: /home/ubuntu/ros2ws/install/moveit_core/include/moveit/constraint_samplers/constraint_sampler_allocator.h
[5.612s] -- Up-to-date: /home/ubuntu/ros2ws/install/moveit_core/include
[5.612s] -- Up-to-date: /home/ubuntu/ros2ws/install/moveit_core/include/moveit
[5.612s] -- Up-to-date: /home/ubuntu/ros2ws/install/moveit_core/include/moveit/controller_manager
[5.612s] -- Up-to-date: /home/ubuntu/ros2ws/install/moveit_core/include/moveit/controller_manager/controller_manager.h
[5.612s] -- Up-to-date: /home/ubuntu/ros2ws/install/moveit_core/include
[5.613s] -- Up-to-date: /home/ubuntu/ros2ws/install/moveit_core/include/moveit
[5.613s] -- Up-to-date: /home/ubuntu/ros2ws/install/moveit_core/include/moveit/distance_field
[5.613s] -- Up-to-date: /home/ubuntu/ros2ws/install/moveit_core/include/moveit/distance_field/voxel_grid.h
[5.613s] -- Up-to-date: /home/ubuntu/ros2ws/install/moveit_core/include/moveit/distance_field/propagation_distance_field.h
[5.614s] -- Up-to-date: /home/ubuntu/ros2ws/install/moveit_core/include/moveit/distance_field/find_internal_points.h
[5.614s] -- Up-to-date: /home/ubuntu/ros2ws/install/moveit_core/include/moveit/distance_field/distance_field.h
[5.615s] -- Up-to-date: /home/ubuntu/ros2ws/install/moveit_core/include
[5.615s] -- Up-to-date: /home/ubuntu/ros2ws/install/moveit_core/include/moveit
[5.615s] -- Up-to-date: /home/ubuntu/ros2ws/install/moveit_core/include/moveit/dynamics_solver
[5.616s] -- Up-to-date: /home/ubuntu/ros2ws/install/moveit_core/include/moveit/dynamics_solver/dynamics_solver.h
[5.616s] -- Up-to-date: /home/ubuntu/ros2ws/install/moveit_core/include
[5.617s] -- Up-to-date: /home/ubuntu/ros2ws/install/moveit_core/include/moveit
[5.617s] -- Up-to-date: /home/ubuntu/ros2ws/install/moveit_core/include/moveit/exceptions
[5.617s] -- Up-to-date: /home/ubuntu/ros2ws/install/moveit_core/include/moveit/exceptions/exceptions.h
[5.618s] -- Up-to-date: /home/ubuntu/ros2ws/install/moveit_core/include
[5.619s] -- Up-to-date: /home/ubuntu/ros2ws/install/moveit_core/include/moveit
[5.619s] -- Up-to-date: /home/ubuntu/ros2ws/install/moveit_core/include/moveit/kinematics_base
[5.619s] -- Up-to-date: /home/ubuntu/ros2ws/install/moveit_core/include/moveit/kinematics_base/kinematics_base.h
[5.619s] -- Up-to-date: /home/ubuntu/ros2ws/install/moveit_core/include/moveit_kinematics_base_export.h
[5.620s] -- Up-to-date: /home/ubuntu/ros2ws/install/moveit_core/include
[5.621s] -- Up-to-date: /home/ubuntu/ros2ws/install/moveit_core/include/moveit
[5.621s] -- Up-to-date: /home/ubuntu/ros2ws/install/moveit_core/include/moveit/kinematic_constraints
[5.622s] -- Up-to-date: /home/ubuntu/ros2ws/install/moveit_core/include/moveit/kinematic_constraints/utils.h
[5.622s] -- Up-to-date: /home/ubuntu/ros2ws/install/moveit_core/include/moveit/kinematic_constraints/kinematic_constraint.h
[5.624s] -- Up-to-date: /home/ubuntu/ros2ws/install/moveit_core/include
[5.624s] -- Up-to-date: /home/ubuntu/ros2ws/install/moveit_core/include/moveit
[5.624s] -- Up-to-date: /home/ubuntu/ros2ws/install/moveit_core/include/moveit/kinematics_metrics
[5.626s] -- Up-to-date: /home/ubuntu/ros2ws/install/moveit_core/include/moveit/kinematics_metrics/kinematics_metrics.h
[5.626s] -- Up-to-date: /home/ubuntu/ros2ws/install/moveit_core/include
[5.626s] -- Up-to-date: /home/ubuntu/ros2ws/install/moveit_core/include/moveit
[5.627s] -- Up-to-date: /home/ubuntu/ros2ws/install/moveit_core/include/moveit/macros
[5.627s] -- Up-to-date: /home/ubuntu/ros2ws/install/moveit_core/include/moveit/macros/console_colors.h
[5.627s] -- Up-to-date: /home/ubuntu/ros2ws/install/moveit_core/include/moveit/macros/declare_ptr.h
[5.628s] -- Up-to-date: /home/ubuntu/ros2ws/install/moveit_core/include/moveit/macros/class_forward.h
[5.628s] -- Up-to-date: /home/ubuntu/ros2ws/install/moveit_core/include/moveit/macros/deprecation.h
[5.629s] -- Up-to-date: /home/ubuntu/ros2ws/install/moveit_core/include/moveit_butterworth_parameters
[5.629s] -- Up-to-date: /home/ubuntu/ros2ws/install/moveit_core/include/moveit_butterworth_parameters/moveit_butterworth_parameters.hpp
[5.629s] -- Up-to-date: /home/ubuntu/ros2ws/install/moveit_core/include
[5.630s] -- Up-to-date: /home/ubuntu/ros2ws/install/moveit_core/include/moveit
[5.630s] -- Up-to-date: /home/ubuntu/ros2ws/install/moveit_core/include/moveit/online_signal_smoothing
[5.631s] -- Up-to-date: /home/ubuntu/ros2ws/install/moveit_core/include/moveit/online_signal_smoothing/smoothing_base_class.h
[5.631s] -- Up-to-date: /home/ubuntu/ros2ws/install/moveit_core/include/moveit/online_signal_smoothing/butterworth_filter.h
[5.631s] -- Up-to-date: /home/ubuntu/ros2ws/install/moveit_core/include/moveit_smoothing_base_export.h
[5.632s] -- Up-to-date: /home/ubuntu/ros2ws/install/moveit_core/include/moveit_butterworth_filter_export.h
[5.632s] -- Up-to-date: /home/ubuntu/ros2ws/install/moveit_core/include
[5.632s] -- Up-to-date: /home/ubuntu/ros2ws/install/moveit_core/include/moveit
[5.633s] -- Up-to-date: /home/ubuntu/ros2ws/install/moveit_core/include/moveit/planning_interface
[5.633s] -- Up-to-date: /home/ubuntu/ros2ws/install/moveit_core/include/moveit/planning_interface/planning_request.h
[5.633s] -- Up-to-date: /home/ubuntu/ros2ws/install/moveit_core/include/moveit/planning_interface/planning_interface.h
[5.633s] -- Up-to-date: /home/ubuntu/ros2ws/install/moveit_core/include/moveit/planning_interface/planning_response.h
[5.634s] -- Up-to-date: /home/ubuntu/ros2ws/install/moveit_core/include
[5.634s] -- Up-to-date: /home/ubuntu/ros2ws/install/moveit_core/include/moveit
[5.635s] -- Up-to-date: /home/ubuntu/ros2ws/install/moveit_core/include/moveit/planning_request_adapter
[5.635s] -- Up-to-date: /home/ubuntu/ros2ws/install/moveit_core/include/moveit/planning_request_adapter/planning_request_adapter.h
[5.636s] -- Up-to-date: /home/ubuntu/ros2ws/install/moveit_core/include
[5.636s] -- Up-to-date: /home/ubuntu/ros2ws/install/moveit_core/include/moveit
[5.636s] -- Up-to-date: /home/ubuntu/ros2ws/install/moveit_core/include/moveit/planning_scene
[5.637s] -- Up-to-date: /home/ubuntu/ros2ws/install/moveit_core/include/moveit/planning_scene/planning_scene.h
[5.637s] -- Up-to-date: /home/ubuntu/ros2ws/install/moveit_core/include/moveit_planning_scene_export.h
[5.638s] -- Up-to-date: /home/ubuntu/ros2ws/install/moveit_core/include
[5.638s] -- Up-to-date: /home/ubuntu/ros2ws/install/moveit_core/include/moveit
[5.638s] -- Up-to-date: /home/ubuntu/ros2ws/install/moveit_core/include/moveit/robot_model
[5.639s] -- Up-to-date: /home/ubuntu/ros2ws/install/moveit_core/include/moveit/robot_model/prismatic_joint_model.h
[5.639s] -- Up-to-date: /home/ubuntu/ros2ws/install/moveit_core/include/moveit/robot_model/fixed_joint_model.h
[5.639s] -- Up-to-date: /home/ubuntu/ros2ws/install/moveit_core/include/moveit/robot_model/robot_model.h
[5.640s] -- Up-to-date: /home/ubuntu/ros2ws/install/moveit_core/include/moveit/robot_model/link_model.h
[5.640s] -- Up-to-date: /home/ubuntu/ros2ws/install/moveit_core/include/moveit/robot_model/revolute_joint_model.h
[5.640s] -- Up-to-date: /home/ubuntu/ros2ws/install/moveit_core/include/moveit/robot_model/floating_joint_model.h
[5.640s] -- Up-to-date: /home/ubuntu/ros2ws/install/moveit_core/include/moveit/robot_model/joint_model.h
[5.641s] -- Up-to-date: /home/ubuntu/ros2ws/install/moveit_core/include/moveit/robot_model/planar_joint_model.h
[5.641s] -- Up-to-date: /home/ubuntu/ros2ws/install/moveit_core/include/moveit/robot_model/aabb.h
[5.641s] -- Up-to-date: /home/ubuntu/ros2ws/install/moveit_core/include/moveit/robot_model/joint_model_group.h
[5.642s] -- Up-to-date: /home/ubuntu/ros2ws/install/moveit_core/include
[5.642s] -- Up-to-date: /home/ubuntu/ros2ws/install/moveit_core/include/moveit
[5.643s] -- Up-to-date: /home/ubuntu/ros2ws/install/moveit_core/include/moveit/robot_state
[5.643s] -- Up-to-date: /home/ubuntu/ros2ws/install/moveit_core/include/moveit/robot_state/robot_state.h
[5.644s] -- Up-to-date: /home/ubuntu/ros2ws/install/moveit_core/include/moveit/robot_state/cartesian_interpolator.h
[5.644s] -- Up-to-date: /home/ubuntu/ros2ws/install/moveit_core/include/moveit/robot_state/conversions.h
[5.644s] -- Up-to-date: /home/ubuntu/ros2ws/install/moveit_core/include/moveit/robot_state/attached_body.h
[5.645s] -- Up-to-date: /home/ubuntu/ros2ws/install/moveit_core/include
[5.645s] -- Up-to-date: /home/ubuntu/ros2ws/install/moveit_core/include/moveit
[5.645s] -- Up-to-date: /home/ubuntu/ros2ws/install/moveit_core/include/moveit/robot_trajectory
[5.646s] -- Up-to-date: /home/ubuntu/ros2ws/install/moveit_core/include/moveit/robot_trajectory/robot_trajectory.h
[5.649s] -- Up-to-date: /home/ubuntu/ros2ws/install/moveit_core/include
[5.649s] -- Up-to-date: /home/ubuntu/ros2ws/install/moveit_core/include/moveit
[5.649s] -- Up-to-date: /home/ubuntu/ros2ws/install/moveit_core/include/moveit/sensor_manager
[5.649s] -- Up-to-date: /home/ubuntu/ros2ws/install/moveit_core/include/moveit/sensor_manager/sensor_manager.h
[5.651s] -- Up-to-date: /home/ubuntu/ros2ws/install/moveit_core/include
[5.651s] -- Up-to-date: /home/ubuntu/ros2ws/install/moveit_core/include/moveit
[5.652s] -- Up-to-date: /home/ubuntu/ros2ws/install/moveit_core/include/moveit/trajectory_processing
[5.652s] -- Up-to-date: /home/ubuntu/ros2ws/install/moveit_core/include/moveit/trajectory_processing/time_optimal_trajectory_generation.h
[5.652s] -- Up-to-date: /home/ubuntu/ros2ws/install/moveit_core/include/moveit/trajectory_processing/iterative_spline_parameterization.h
[5.652s] -- Up-to-date: /home/ubuntu/ros2ws/install/moveit_core/include/moveit/trajectory_processing/time_parameterization.h
[5.652s] -- Up-to-date: /home/ubuntu/ros2ws/install/moveit_core/include/moveit/trajectory_processing/trajectory_tools.h
[5.652s] -- Up-to-date: /home/ubuntu/ros2ws/install/moveit_core/include/moveit/trajectory_processing/ruckig_traj_smoothing.h
[5.652s] -- Up-to-date: /home/ubuntu/ros2ws/install/moveit_core/include/moveit/trajectory_processing/iterative_time_parameterization.h
[5.652s] -- Up-to-date: /home/ubuntu/ros2ws/install/moveit_core/include
[5.652s] -- Up-to-date: /home/ubuntu/ros2ws/install/moveit_core/include/moveit
[5.652s] -- Up-to-date: /home/ubuntu/ros2ws/install/moveit_core/include/moveit/transforms
[5.652s] -- Up-to-date: /home/ubuntu/ros2ws/install/moveit_core/include/moveit/transforms/transforms.h
[5.652s] -- Up-to-date: /home/ubuntu/ros2ws/install/moveit_core/include
[5.653s] -- Up-to-date: /home/ubuntu/ros2ws/install/moveit_core/include/moveit
[5.653s] -- Up-to-date: /home/ubuntu/ros2ws/install/moveit_core/include/moveit/utils
[5.653s] -- Up-to-date: /home/ubuntu/ros2ws/install/moveit_core/include/moveit/utils/lexical_casts.h
[5.653s] -- Up-to-date: /home/ubuntu/ros2ws/install/moveit_core/include/moveit/utils/rclcpp_utils.h
[5.653s] -- Up-to-date: /home/ubuntu/ros2ws/install/moveit_core/include/moveit/utils/robot_model_test_utils.h
[5.653s] -- Up-to-date: /home/ubuntu/ros2ws/install/moveit_core/include/moveit/utils/message_checks.h
[5.653s] -- Up-to-date: /home/ubuntu/ros2ws/install/moveit_core/include/moveit/utils/moveit_error_code.h
[5.655s] -- Up-to-date: /home/ubuntu/ros2ws/install/moveit_core/bin/moveit_version
[5.655s] -- Up-to-date: /home/ubuntu/ros2ws/install/moveit_core/include
[5.655s] -- Up-to-date: /home/ubuntu/ros2ws/install/moveit_core/include/moveit
[5.655s] -- Up-to-date: /home/ubuntu/ros2ws/install/moveit_core/include/moveit/collision_detection
[5.659s] -- Up-to-date: /home/ubuntu/ros2ws/install/moveit_core/include/moveit/collision_detection/collision_plugin_cache.h
[5.660s] -- Up-to-date: /home/ubuntu/ros2ws/install/moveit_core/include/moveit/collision_detection/occupancy_map.h
[5.660s] -- Up-to-date: /home/ubuntu/ros2ws/install/moveit_core/include/moveit/collision_detection/collision_common.h
[5.661s] -- Up-to-date: /home/ubuntu/ros2ws/install/moveit_core/include/moveit/collision_detection/test_collision_common_pr2.h
[5.661s] -- Up-to-date: /home/ubuntu/ros2ws/install/moveit_core/include/moveit/collision_detection/world.h
[5.662s] -- Up-to-date: /home/ubuntu/ros2ws/install/moveit_core/include/moveit/collision_detection/collision_env.h
[5.662s] -- Up-to-date: /home/ubuntu/ros2ws/install/moveit_core/include/moveit/collision_detection/allvalid
[5.662s] -- Up-to-date: /home/ubuntu/ros2ws/install/moveit_core/include/moveit/collision_detection/allvalid/collision_detector_allocator_allvalid.h
[5.662s] -- Up-to-date: /home/ubuntu/ros2ws/install/moveit_core/include/moveit/collision_detection/allvalid/collision_env_allvalid.h
[5.662s] -- Up-to-date: /home/ubuntu/ros2ws/install/moveit_core/include/moveit/collision_detection/collision_matrix.h
[5.662s] -- Up-to-date: /home/ubuntu/ros2ws/install/moveit_core/include/moveit/collision_detection/collision_octomap_filter.h
[5.668s] -- Up-to-date: /home/ubuntu/ros2ws/install/moveit_core/include/moveit/collision_detection/collision_detector_allocator.h
[5.671s] -- Up-to-date: /home/ubuntu/ros2ws/install/moveit_core/include/moveit/collision_detection/collision_tools.h
[5.671s] -- Up-to-date: /home/ubuntu/ros2ws/install/moveit_core/include/moveit/collision_detection/world_diff.h
[5.672s] -- Up-to-date: /home/ubuntu/ros2ws/install/moveit_core/include/moveit/collision_detection/collision_plugin.h
[5.672s] -- Up-to-date: /home/ubuntu/ros2ws/install/moveit_core/include/moveit/collision_detection/test_collision_common_panda.h
[5.672s] -- Up-to-date: /home/ubuntu/ros2ws/install/moveit_core/include/moveit_collision_detection_export.h
[5.672s] -- Up-to-date: /home/ubuntu/ros2ws/install/moveit_core/include
[5.673s] -- Up-to-date: /home/ubuntu/ros2ws/install/moveit_core/include/moveit
[5.673s] -- Up-to-date: /home/ubuntu/ros2ws/install/moveit_core/include/moveit/collision_detection_bullet
[5.673s] -- Up-to-date: /home/ubuntu/ros2ws/install/moveit_core/include/moveit/collision_detection_bullet/collision_env_bullet.h
[5.673s] -- Up-to-date: /home/ubuntu/ros2ws/install/moveit_core/include/moveit/collision_detection_bullet/bullet_integration
[5.674s] -- Up-to-date: /home/ubuntu/ros2ws/install/moveit_core/include/moveit/collision_detection_bullet/bullet_integration/bullet_cast_bvh_manager.h
[5.674s] -- Up-to-date: /home/ubuntu/ros2ws/install/moveit_core/include/moveit/collision_detection_bullet/bullet_integration/bullet_utils.h
[5.674s] -- Up-to-date: /home/ubuntu/ros2ws/install/moveit_core/include/moveit/collision_detection_bullet/bullet_integration/basic_types.h
[5.675s] -- Up-to-date: /home/ubuntu/ros2ws/install/moveit_core/include/moveit/collision_detection_bullet/bullet_integration/contact_checker_common.h
[5.675s] -- Up-to-date: /home/ubuntu/ros2ws/install/moveit_core/include/moveit/collision_detection_bullet/bullet_integration/ros_bullet_utils.h
[5.675s] -- Up-to-date: /home/ubuntu/ros2ws/install/moveit_core/include/moveit/collision_detection_bullet/bullet_integration/bullet_bvh_manager.h
[5.675s] -- Up-to-date: /home/ubuntu/ros2ws/install/moveit_core/include/moveit/collision_detection_bullet/bullet_integration/bullet_discrete_bvh_manager.h
[5.675s] -- Up-to-date: /home/ubuntu/ros2ws/install/moveit_core/include/moveit/collision_detection_bullet/collision_detector_allocator_bullet.h
[5.675s] -- Up-to-date: /home/ubuntu/ros2ws/install/moveit_core/include/moveit/collision_detection_bullet/collision_detector_bullet_plugin_loader.h
[5.676s] -- Up-to-date: /home/ubuntu/ros2ws/install/moveit_core/include/moveit_collision_detection_bullet_export.h
[5.676s] -- Up-to-date: /home/ubuntu/ros2ws/install/moveit_core/include
[5.676s] -- Up-to-date: /home/ubuntu/ros2ws/install/moveit_core/include/moveit
[5.676s] -- Up-to-date: /home/ubuntu/ros2ws/install/moveit_core/include/moveit/collision_detection_fcl
[5.677s] -- Up-to-date: /home/ubuntu/ros2ws/install/moveit_core/include/moveit/collision_detection_fcl/collision_common.h
[5.677s] -- Up-to-date: /home/ubuntu/ros2ws/install/moveit_core/include/moveit/collision_detection_fcl/collision_detector_allocator_fcl.h
[5.677s] -- Up-to-date: /home/ubuntu/ros2ws/install/moveit_core/include/moveit/collision_detection_fcl/fcl_compat.h
[5.677s] -- Up-to-date: /home/ubuntu/ros2ws/install/moveit_core/include/moveit/collision_detection_fcl/collision_env_fcl.h
[5.677s] -- Up-to-date: /home/ubuntu/ros2ws/install/moveit_core/include/moveit/collision_detection_fcl/collision_detector_fcl_plugin_loader.h
[5.678s] -- Up-to-date: /home/ubuntu/ros2ws/install/moveit_core/include/moveit_collision_detection_fcl_export.h
[5.678s] -- Up-to-date: /home/ubuntu/ros2ws/install/moveit_core/lib/libcollision_detector_bullet_plugin.so.2.5.6
[5.678s] -- Up-to-date: /home/ubuntu/ros2ws/install/moveit_core/lib/libcollision_detector_bullet_plugin.so
[5.678s] -- Up-to-date: /home/ubuntu/ros2ws/install/moveit_core/lib/libmoveit_butterworth_filter.so.2.5.6
[5.678s] -- Up-to-date: /home/ubuntu/ros2ws/install/moveit_core/lib/libmoveit_butterworth_filter.so
[5.679s] -- Up-to-date: /home/ubuntu/ros2ws/install/moveit_core/lib/libmoveit_collision_distance_field.so.2.5.6
[5.679s] -- Up-to-date: /home/ubuntu/ros2ws/install/moveit_core/lib/libmoveit_collision_distance_field.so
[5.679s] -- Up-to-date: /home/ubuntu/ros2ws/install/moveit_core/lib/libmoveit_collision_detection.so.2.5.6
[5.679s] -- Up-to-date: /home/ubuntu/ros2ws/install/moveit_core/lib/libmoveit_collision_detection.so
[5.680s] -- Up-to-date: /home/ubuntu/ros2ws/install/moveit_core/lib/libmoveit_collision_detection_fcl.so.2.5.6
[5.680s] -- Up-to-date: /home/ubuntu/ros2ws/install/moveit_core/lib/libmoveit_collision_detection_fcl.so
[5.680s] -- Up-to-date: /home/ubuntu/ros2ws/install/moveit_core/lib/libmoveit_collision_detection_bullet.so.2.5.6
[5.680s] -- Up-to-date: /home/ubuntu/ros2ws/install/moveit_core/lib/libmoveit_collision_detection_bullet.so
[5.680s] -- Up-to-date: /home/ubuntu/ros2ws/install/moveit_core/lib/libmoveit_dynamics_solver.so.2.5.6
[5.681s] -- Up-to-date: /home/ubuntu/ros2ws/install/moveit_core/lib/libmoveit_dynamics_solver.so
[5.681s] -- Up-to-date: /home/ubuntu/ros2ws/install/moveit_core/lib/libmoveit_constraint_samplers.so.2.5.6
[5.681s] -- Up-to-date: /home/ubuntu/ros2ws/install/moveit_core/lib/libmoveit_constraint_samplers.so
[5.683s] -- Up-to-date: /home/ubuntu/ros2ws/install/moveit_core/lib/libmoveit_distance_field.so.2.5.6
[5.683s] -- Up-to-date: /home/ubuntu/ros2ws/install/moveit_core/lib/libmoveit_distance_field.so
[5.683s] -- Up-to-date: /home/ubuntu/ros2ws/install/moveit_core/lib/libmoveit_exceptions.so.2.5.6
[5.684s] -- Up-to-date: /home/ubuntu/ros2ws/install/moveit_core/lib/libmoveit_exceptions.so
[5.684s] -- Up-to-date: /home/ubuntu/ros2ws/install/moveit_core/lib/libmoveit_kinematics_base.so
[5.684s] -- Up-to-date: /home/ubuntu/ros2ws/install/moveit_core/lib/libmoveit_kinematic_constraints.so.2.5.6
[5.685s] -- Up-to-date: /home/ubuntu/ros2ws/install/moveit_core/lib/libmoveit_kinematic_constraints.so
[5.685s] -- Up-to-date: /home/ubuntu/ros2ws/install/moveit_core/lib/libmoveit_kinematics_metrics.so.2.5.6
[5.686s] -- Up-to-date: /home/ubuntu/ros2ws/install/moveit_core/lib/libmoveit_kinematics_metrics.so
[5.686s] -- Up-to-date: /home/ubuntu/ros2ws/install/moveit_core/lib/libmoveit_planning_interface.so.2.5.6
[5.686s] -- Up-to-date: /home/ubuntu/ros2ws/install/moveit_core/lib/libmoveit_planning_interface.so
[5.686s] -- Up-to-date: /home/ubuntu/ros2ws/install/moveit_core/lib/libmoveit_planning_scene.so.2.5.6
[5.686s] -- Up-to-date: /home/ubuntu/ros2ws/install/moveit_core/lib/libmoveit_planning_scene.so
[5.687s] -- Up-to-date: /home/ubuntu/ros2ws/install/moveit_core/lib/libmoveit_planning_request_adapter.so.2.5.6
[5.687s] -- Up-to-date: /home/ubuntu/ros2ws/install/moveit_core/lib/libmoveit_planning_request_adapter.so
[5.687s] -- Up-to-date: /home/ubuntu/ros2ws/install/moveit_core/lib/libmoveit_robot_model.so.2.5.6
[5.687s] -- Up-to-date: /home/ubuntu/ros2ws/install/moveit_core/lib/libmoveit_robot_model.so
[5.687s] -- Up-to-date: /home/ubuntu/ros2ws/install/moveit_core/lib/libmoveit_robot_state.so.2.5.6
[5.688s] -- Up-to-date: /home/ubuntu/ros2ws/install/moveit_core/lib/libmoveit_robot_state.so
[5.688s] -- Up-to-date: /home/ubuntu/ros2ws/install/moveit_core/lib/libmoveit_robot_trajectory.so.2.5.6
[5.688s] -- Up-to-date: /home/ubuntu/ros2ws/install/moveit_core/lib/libmoveit_robot_trajectory.so
[5.689s] -- Up-to-date: /home/ubuntu/ros2ws/install/moveit_core/lib/libmoveit_smoothing_base.so.2.5.6
[5.689s] -- Up-to-date: /home/ubuntu/ros2ws/install/moveit_core/lib/libmoveit_smoothing_base.so
[5.689s] -- Up-to-date: /home/ubuntu/ros2ws/install/moveit_core/lib/libmoveit_test_utils.so.2.5.6
[5.690s] -- Up-to-date: /home/ubuntu/ros2ws/install/moveit_core/lib/libmoveit_test_utils.so
[5.690s] -- Up-to-date: /home/ubuntu/ros2ws/install/moveit_core/lib/libmoveit_trajectory_processing.so.2.5.6
[5.690s] -- Up-to-date: /home/ubuntu/ros2ws/install/moveit_core/lib/libmoveit_trajectory_processing.so
[5.690s] -- Up-to-date: /home/ubuntu/ros2ws/install/moveit_core/lib/libmoveit_transforms.so.2.5.6
[5.691s] -- Up-to-date: /home/ubuntu/ros2ws/install/moveit_core/lib/libmoveit_transforms.so
[5.691s] -- Up-to-date: /home/ubuntu/ros2ws/install/moveit_core/lib/libmoveit_utils.so.2.5.6
[5.691s] -- Up-to-date: /home/ubuntu/ros2ws/install/moveit_core/lib/libmoveit_utils.so
[5.691s] -- Up-to-date: /home/ubuntu/ros2ws/install/moveit_core/share/moveit_core/environment/library_path.sh
[5.692s] -- Up-to-date: /home/ubuntu/ros2ws/install/moveit_core/share/moveit_core/environment/library_path.dsv
[5.692s] -- Up-to-date: /home/ubuntu/ros2ws/install/moveit_core/share/moveit_core/collision_detector_fcl_description.xml
[5.692s] -- Up-to-date: /home/ubuntu/ros2ws/install/moveit_core/share/moveit_core/collision_detector_bullet_description.xml
[5.693s] -- Up-to-date: /home/ubuntu/ros2ws/install/moveit_core/share/moveit_core/filter_plugin_butterworth.xml
[5.693s] -- Up-to-date: /home/ubuntu/ros2ws/install/moveit_core/share/ament_index/resource_index/package_run_dependencies/moveit_core
[5.693s] -- Up-to-date: /home/ubuntu/ros2ws/install/moveit_core/share/ament_index/resource_index/parent_prefix_path/moveit_core
[5.693s] -- Up-to-date: /home/ubuntu/ros2ws/install/moveit_core/share/moveit_core/environment/ament_prefix_path.sh
[5.694s] -- Up-to-date: /home/ubuntu/ros2ws/install/moveit_core/share/moveit_core/environment/ament_prefix_path.dsv
[5.694s] -- Up-to-date: /home/ubuntu/ros2ws/install/moveit_core/share/moveit_core/environment/path.sh
[5.694s] -- Up-to-date: /home/ubuntu/ros2ws/install/moveit_core/share/moveit_core/environment/path.dsv
[5.694s] -- Up-to-date: /home/ubuntu/ros2ws/install/moveit_core/share/moveit_core/local_setup.bash
[5.695s] -- Up-to-date: /home/ubuntu/ros2ws/install/moveit_core/share/moveit_core/local_setup.sh
[5.695s] -- Up-to-date: /home/ubuntu/ros2ws/install/moveit_core/share/moveit_core/local_setup.zsh
[5.695s] -- Up-to-date: /home/ubuntu/ros2ws/install/moveit_core/share/moveit_core/local_setup.dsv
[5.695s] -- Installing: /home/ubuntu/ros2ws/install/moveit_core/share/moveit_core/package.dsv
[5.695s] -- Up-to-date: /home/ubuntu/ros2ws/install/moveit_core/share/ament_index/resource_index/packages/moveit_core
[5.696s] -- Up-to-date: /home/ubuntu/ros2ws/install/moveit_core/share/ament_index/resource_index/moveit_core__pluginlib__plugin/moveit_core
[5.696s] -- Up-to-date: /home/ubuntu/ros2ws/install/moveit_core/share/moveit_core/cmake/export_moveit_coreExport.cmake
[5.696s] -- Up-to-date: /home/ubuntu/ros2ws/install/moveit_core/share/moveit_core/cmake/export_moveit_coreExport-release.cmake
[5.696s] -- Up-to-date: /home/ubuntu/ros2ws/install/moveit_core/share/moveit_core/cmake/ConfigExtras.cmake
[5.696s] -- Up-to-date: /home/ubuntu/ros2ws/install/moveit_core/share/moveit_core/cmake/ament_cmake_export_targets-extras.cmake
[5.696s] -- Up-to-date: /home/ubuntu/ros2ws/install/moveit_core/share/moveit_core/cmake/ament_cmake_export_dependencies-extras.cmake
[5.696s] -- Up-to-date: /home/ubuntu/ros2ws/install/moveit_core/share/moveit_core/cmake/moveit_coreConfig.cmake
[5.697s] -- Up-to-date: /home/ubuntu/ros2ws/install/moveit_core/share/moveit_core/cmake/moveit_coreConfig-version.cmake
[5.697s] -- Up-to-date: /home/ubuntu/ros2ws/install/moveit_core/share/moveit_core/package.xml
[5.753s] Invoked command in '/home/ubuntu/ros2ws/build/moveit_core' returned '0': CMAKE_PREFIX_PATH=/home/ubuntu/ros2ws/install/moveit_resources_panda_moveit_config:/home/ubuntu/ros2ws/install/srdfdom:/home/ubuntu/ros2ws/install/moveit_resources_pr2_description:/home/ubuntu/ros2ws/install/moveit_resources_panda_description:/home/ubuntu/ros2ws/install/moveit_common:/home/ubuntu/ros2ws/install/testV2:/home/ubuntu/ros2ws/install/ros2srrc_execution:/home/ubuntu/ros2ws/install/pilz_industrial_motion_planner_testutils:/home/ubuntu/ros2ws/install/moveit_runtime:/home/ubuntu/ros2ws/install/moveit2_tutorials:/home/ubuntu/ros2ws/install/moveit:/home/ubuntu/ros2ws/install/moveit_planners:/home/ubuntu/ros2ws/install/pilz_industrial_motion_planner:/home/ubuntu/ros2ws/install/moveit_visual_tools:/home/ubuntu/ros2ws/install/moveit_task_constructor_visualization:/home/ubuntu/ros2ws/install/moveit_task_constructor_demo:/home/ubuntu/ros2ws/install/moveit_task_constructor_capabilities:/home/ubuntu/ros2ws/install/moveit_task_constructor_core:/home/ubuntu/ros2ws/install/moveit_ros_control_interface:/home/ubuntu/ros2ws/install/moveit_plugins:/home/ubuntu/ros2ws/install/moveit_simple_controller_manager:/home/ubuntu/ros2ws/install/moveit_setup_assistant:/home/ubuntu/ros2ws/install/moveit_setup_srdf_plugins:/home/ubuntu/ros2ws/install/moveit_setup_core_plugins:/home/ubuntu/ros2ws/install/moveit_setup_controllers:/home/ubuntu/ros2ws/install/moveit_setup_app_plugins:/home/ubuntu/ros2ws/install/moveit_setup_framework:/home/ubuntu/ros2ws/install/moveit_servo:/home/ubuntu/ros2ws/install/moveit_ros:/home/ubuntu/ros2ws/install/moveit_ros_visualization:/home/ubuntu/ros2ws/install/moveit_hybrid_planning:/home/ubuntu/ros2ws/install/moveit_ros_planning_interface:/home/ubuntu/ros2ws/install/moveit_ros_benchmarks:/home/ubuntu/ros2ws/install/moveit_ros_warehouse:/home/ubuntu/ros2ws/install/moveit_ros_robot_interaction:/home/ubuntu/ros2ws/install/moveit_ros_perception:/home/ubuntu/ros2ws/install/moveit_resources_prbt_pg70_support:/home/ubuntu/ros2ws/install/moveit_resources_prbt_moveit_config:/home/ubuntu/ros2ws/install/moveit_ros_move_group:/home/ubuntu/ros2ws/install/moveit_planners_ompl:/home/ubuntu/ros2ws/install/moveit_ros_planning:/home/ubuntu/ros2ws/install/moveit_ros_occupancy_map_monitor:/home/ubuntu/ros2ws/install/moveit_resources_prbt_ikfast_manipulator_plugin:/home/ubuntu/ros2ws/install/moveit_planners_chomp:/home/ubuntu/ros2ws/install/moveit_kinematics:/home/ubuntu/ros2ws/install/moveit_chomp_optimizer_adapter:/home/ubuntu/ros2ws/install/chomp_motion_planner:/home/ubuntu/ros2ws/install/moveit_core:/home/ubuntu/ros2ws/install/abb_bringup:/home/ubuntu/ros2ws/install/rviz_marker_tools:/home/ubuntu/ros2ws/install/rosparam_shortcuts:/home/ubuntu/ros2ws/install/ros2srrc_ur5_moveit2:/home/ubuntu/ros2ws/install/ros2srrc_ur5_gazebo:/home/ubuntu/ros2ws/install/ros2srrc_ur3_moveit2:/home/ubuntu/ros2ws/install/ros2srrc_ur3_gazebo:/home/ubuntu/ros2ws/install/ros2srrc_ur16e_moveit2:/home/ubuntu/ros2ws/install/ros2srrc_ur16e_gazebo:/home/ubuntu/ros2ws/install/ros2srrc_ur10e_moveit2:/home/ubuntu/ros2ws/install/ros2srrc_ur10e_gazebo:/home/ubuntu/ros2ws/install/ros2srrc_robots:/home/ubuntu/ros2ws/install/ros2srrc_launch:/home/ubuntu/ros2ws/install/ros2srrc_irb6640_moveit2:/home/ubuntu/ros2ws/install/ros2srrc_irb6640_gazebo:/home/ubuntu/ros2ws/install/ros2srrc_irb120_moveit2:/home/ubuntu/ros2ws/install/ros2srrc_irb120_gazebo:/home/ubuntu/ros2ws/install/ros2srrc_irb1200_moveit2:/home/ubuntu/ros2ws/install/ros2srrc_irb1200_gazebo:/home/ubuntu/ros2ws/install/ros2srrc_iiwa_moveit2:/home/ubuntu/ros2ws/install/ros2srrc_iiwa_gazebo:/home/ubuntu/ros2ws/install/ros2srrc_endeffectors:/home/ubuntu/ros2ws/install/ros2srrc_data:/home/ubuntu/ros2ws/install/ros2_robotiqgripper:/home/ubuntu/ros2ws/install/ros2_objectpose:/home/ubuntu/ros2ws/install/ros2_linkpose:/home/ubuntu/ros2ws/install/ros2_linkattacher:/home/ubuntu/ros2ws/install/path_tracer_plugin:/home/ubuntu/ros2ws/install/objectpose_msgs:/home/ubuntu/ros2ws/install/objectpose_gazebo:/home/ubuntu/ros2ws/install/moveit_task_constructor_msgs:/home/ubuntu/ros2ws/install/moveit_resources_prbt_support:/home/ubuntu/ros2ws/install/moveit_resources:/home/ubuntu/ros2ws/install/moveit_resources_fanuc_moveit_config:/home/ubuntu/ros2ws/install/moveit_resources_fanuc_description:/home/ubuntu/ros2ws/install/linkpose_msgs:/home/ubuntu/ros2ws/install/linkpose_gazebo:/home/ubuntu/ros2ws/install/linkattacher_msgs:/home/ubuntu/ros2ws/install/letter_writer:/home/ubuntu/ros2ws/install/gazebo_ros2_control_demos:/home/ubuntu/ros2ws/install/gazebo_ros2_control:/home/ubuntu/ros2ws/install/abb_rws_client:/home/ubuntu/ros2ws/install/abb_ros2:/home/ubuntu/ros2ws/install/abb_robot_msgs:/home/ubuntu/ros2ws/install/abb_resources:/home/ubuntu/ros2ws/install/abb_rapid_sm_addin_msgs:/home/ubuntu/ros2ws/install/abb_rapid_msgs:/home/ubuntu/ros2ws/install/abb_hardware_interface:/home/ubuntu/ros2ws/install/abb_egm_rws_managers:/home/ubuntu/ros2ws/install/abb_librws:/home/ubuntu/ros2ws/install/abb_libegm:/home/ubuntu/ros2ws/install/abb_irb4600_support:/home/ubuntu/ros2ws/install/abb_irb1200_5_90_moveit_config:/home/ubuntu/ros2ws/install/abb_irb1200_support:/home/ubuntu/ros2ws/install/abb_egm_msgs:/home/ubuntu/ros2ws/install/testV1:/home/ubuntu/ros2ws/install/gui_subscriber:/home/ubuntu/ros2ws/install/moveit_configs_utils:/home/ubuntu/ros2ws/install/robot_letter_writer:/home/ubuntu/ros2ws/install/launch_param_builder:/opt/ros/humble LD_LIBRARY_PATH=/home/ubuntu/ros2ws/install/srdfdom/lib:/home/ubuntu/ros2ws/install/pilz_industrial_motion_planner_testutils/lib:/home/ubuntu/ros2ws/install/pilz_industrial_motion_planner/lib:/home/ubuntu/ros2ws/install/moveit_visual_tools/lib:/home/ubuntu/ros2ws/install/moveit_task_constructor_visualization/lib:/home/ubuntu/ros2ws/install/moveit_task_constructor_demo/lib:/home/ubuntu/ros2ws/install/moveit_task_constructor_capabilities/lib:/home/ubuntu/ros2ws/install/moveit_task_constructor_core/lib:/home/ubuntu/ros2ws/install/moveit_ros_control_interface/lib:/home/ubuntu/ros2ws/install/moveit_simple_controller_manager/lib:/home/ubuntu/ros2ws/install/moveit_setup_assistant/lib:/home/ubuntu/ros2ws/install/moveit_setup_srdf_plugins/lib:/home/ubuntu/ros2ws/install/moveit_setup_core_plugins/lib:/home/ubuntu/ros2ws/install/moveit_setup_controllers/lib:/home/ubuntu/ros2ws/install/moveit_setup_app_plugins/lib:/home/ubuntu/ros2ws/install/moveit_setup_framework/lib:/home/ubuntu/ros2ws/install/moveit_servo/lib:/home/ubuntu/ros2ws/install/moveit_ros_visualization/lib:/home/ubuntu/ros2ws/install/moveit_hybrid_planning/lib:/home/ubuntu/ros2ws/install/moveit_ros_planning_interface/lib:/home/ubuntu/ros2ws/install/moveit_ros_benchmarks/lib:/home/ubuntu/ros2ws/install/moveit_ros_warehouse/lib:/home/ubuntu/ros2ws/install/moveit_ros_robot_interaction/lib:/home/ubuntu/ros2ws/install/moveit_ros_perception/lib:/home/ubuntu/ros2ws/install/moveit_ros_move_group/lib:/home/ubuntu/ros2ws/install/moveit_planners_ompl/lib:/home/ubuntu/ros2ws/install/moveit_ros_planning/lib:/home/ubuntu/ros2ws/install/moveit_ros_occupancy_map_monitor/lib:/home/ubuntu/ros2ws/install/moveit_resources_prbt_ikfast_manipulator_plugin/lib:/home/ubuntu/ros2ws/install/moveit_planners_chomp/lib:/home/ubuntu/ros2ws/install/moveit_kinematics/lib:/home/ubuntu/ros2ws/install/moveit_chomp_optimizer_adapter/lib:/home/ubuntu/ros2ws/install/chomp_motion_planner/lib:/home/ubuntu/ros2ws/install/moveit_core/lib:/home/ubuntu/ros2ws/install/rviz_marker_tools/lib:/home/ubuntu/ros2ws/install/rosparam_shortcuts/lib:/home/ubuntu/ros2ws/install/ros2srrc_data/lib:/home/ubuntu/ros2ws/install/ros2_robotiqgripper/lib:/home/ubuntu/ros2ws/install/ros2_objectpose/lib:/home/ubuntu/ros2ws/install/ros2_linkpose/lib:/home/ubuntu/ros2ws/install/ros2_linkattacher/lib:/home/ubuntu/ros2ws/install/objectpose_msgs/lib:/home/ubuntu/ros2ws/install/moveit_task_constructor_msgs/lib:/home/ubuntu/ros2ws/install/linkpose_msgs/lib:/home/ubuntu/ros2ws/install/linkattacher_msgs/lib:/home/ubuntu/ros2ws/install/gazebo_ros2_control/lib:/home/ubuntu/ros2ws/install/abb_robot_msgs/lib:/home/ubuntu/ros2ws/install/abb_rapid_sm_addin_msgs/lib:/home/ubuntu/ros2ws/install/abb_rapid_msgs/lib:/home/ubuntu/ros2ws/install/abb_hardware_interface/lib:/home/ubuntu/ros2ws/install/abb_egm_rws_managers/lib:/home/ubuntu/ros2ws/install/abb_librws/lib:/home/ubuntu/ros2ws/install/abb_libegm/lib:/home/ubuntu/ros2ws/install/abb_egm_msgs/lib:/usr/lib/x86_64-linux-gnu/gazebo-11/plugins:/opt/ros/humble/opt/rviz_ogre_vendor/lib:/opt/ros/humble/lib/x86_64-linux-gnu:/opt/ros/humble/lib /usr/bin/cmake --install /home/ubuntu/ros2ws/build/moveit_core
