[0.068s] Invoking command in '/home/ubuntu/ros2ws/build/ros2srrc_ur16e_moveit2': CMAKE_PREFIX_PATH=${CMAKE_PREFIX_PATH}:/opt/ros/humble /usr/bin/cmake /home/ubuntu/ros2ws/src/ros2_SimRealRobotControl/packages/ur16e/ros2srrc_ur16e_moveit2 -DCMAKE_INSTALL_PREFIX=/home/ubuntu/ros2ws/install/ros2srrc_ur16e_moveit2
[0.086s] -- Found ament_cmake: 1.3.10 (/opt/ros/humble/share/ament_cmake/cmake)
[0.284s] -- Override CMake install command with custom implementation using symlinks instead of copying resources
[0.305s] -- Found ament_lint_auto: 0.12.11 (/opt/ros/humble/share/ament_lint_auto/cmake)
[0.440s] -- Added test 'copyright' to check source files copyright and LICENSE
[0.483s] -- Added test 'lint_cmake' to check CMake code style
[0.486s] -- Added test 'xmllint' to check XML markup files
[0.525s] -- Configuring done
[0.595s] -- Generating done
[0.598s] -- Build files have been written to: /home/ubuntu/ros2ws/build/ros2srrc_ur16e_moveit2
[0.610s] Invoked command in '/home/ubuntu/ros2ws/build/ros2srrc_ur16e_moveit2' returned '0': CMAKE_PREFIX_PATH=${CMAKE_PREFIX_PATH}:/opt/ros/humble /usr/bin/cmake /home/ubuntu/ros2ws/src/ros2_SimRealRobotControl/packages/ur16e/ros2srrc_ur16e_moveit2 -DCMAKE_INSTALL_PREFIX=/home/ubuntu/ros2ws/install/ros2srrc_ur16e_moveit2
[0.612s] Invoking command in '/home/ubuntu/ros2ws/build/ros2srrc_ur16e_moveit2': CMAKE_PREFIX_PATH=${CMAKE_PREFIX_PATH}:/opt/ros/humble /usr/bin/cmake --build /home/ubuntu/ros2ws/build/ros2srrc_ur16e_moveit2 -- -j4 -l4
[0.673s] Invoked command in '/home/ubuntu/ros2ws/build/ros2srrc_ur16e_moveit2' returned '0': CMAKE_PREFIX_PATH=${CMAKE_PREFIX_PATH}:/opt/ros/humble /usr/bin/cmake --build /home/ubuntu/ros2ws/build/ros2srrc_ur16e_moveit2 -- -j4 -l4
[0.716s] Invoking command in '/home/ubuntu/ros2ws/build/ros2srrc_ur16e_moveit2': CMAKE_PREFIX_PATH=${CMAKE_PREFIX_PATH}:/opt/ros/humble /usr/bin/cmake --install /home/ubuntu/ros2ws/build/ros2srrc_ur16e_moveit2
[0.728s] -- Install configuration: ""
[0.729s] -- Execute custom install script
[0.732s] -- Up-to-date symlink: /home/ubuntu/ros2ws/install/ros2srrc_ur16e_moveit2/share/ros2srrc_ur16e_moveit2/config/ur16e.srdf
[0.734s] -- Up-to-date symlink: /home/ubuntu/ros2ws/install/ros2srrc_ur16e_moveit2/share/ros2srrc_ur16e_moveit2/config/ur16e_moveit2.rviz
[0.749s] -- Up-to-date symlink: /home/ubuntu/ros2ws/install/ros2srrc_ur16e_moveit2/share/ros2srrc_ur16e_moveit2/config/ur16erobotiq_2f85.srdf
[0.750s] -- Up-to-date symlink: /home/ubuntu/ros2ws/install/ros2srrc_ur16e_moveit2/share/ros2srrc_ur16e_moveit2/config/ur16erobotiq_2f85_moveit2.rviz
[0.750s] -- Up-to-date symlink: /home/ubuntu/ros2ws/install/ros2srrc_ur16e_moveit2/share/ros2srrc_ur16e_moveit2/config/ur16erobotiq_hande.srdf
[0.751s] -- Up-to-date symlink: /home/ubuntu/ros2ws/install/ros2srrc_ur16e_moveit2/share/ros2srrc_ur16e_moveit2/config/ur16erobotiq_hande_moveit2.rviz
[0.751s] -- Up-to-date symlink: /home/ubuntu/ros2ws/install/ros2srrc_ur16e_moveit2/share/ament_index/resource_index/package_run_dependencies/ros2srrc_ur16e_moveit2
[0.760s] -- Up-to-date symlink: /home/ubuntu/ros2ws/install/ros2srrc_ur16e_moveit2/share/ament_index/resource_index/parent_prefix_path/ros2srrc_ur16e_moveit2
[0.763s] -- Up-to-date symlink: /home/ubuntu/ros2ws/install/ros2srrc_ur16e_moveit2/share/ros2srrc_ur16e_moveit2/environment/ament_prefix_path.sh
[0.763s] -- Up-to-date symlink: /home/ubuntu/ros2ws/install/ros2srrc_ur16e_moveit2/share/ros2srrc_ur16e_moveit2/environment/ament_prefix_path.dsv
[0.769s] -- Up-to-date symlink: /home/ubuntu/ros2ws/install/ros2srrc_ur16e_moveit2/share/ros2srrc_ur16e_moveit2/environment/path.sh
[0.770s] -- Up-to-date symlink: /home/ubuntu/ros2ws/install/ros2srrc_ur16e_moveit2/share/ros2srrc_ur16e_moveit2/environment/path.dsv
[0.771s] -- Up-to-date symlink: /home/ubuntu/ros2ws/install/ros2srrc_ur16e_moveit2/share/ros2srrc_ur16e_moveit2/local_setup.bash
[0.783s] -- Up-to-date symlink: /home/ubuntu/ros2ws/install/ros2srrc_ur16e_moveit2/share/ros2srrc_ur16e_moveit2/local_setup.sh
[0.785s] -- Up-to-date symlink: /home/ubuntu/ros2ws/install/ros2srrc_ur16e_moveit2/share/ros2srrc_ur16e_moveit2/local_setup.zsh
[0.787s] -- Up-to-date symlink: /home/ubuntu/ros2ws/install/ros2srrc_ur16e_moveit2/share/ros2srrc_ur16e_moveit2/local_setup.dsv
[0.793s] -- Symlinking: /home/ubuntu/ros2ws/install/ros2srrc_ur16e_moveit2/share/ros2srrc_ur16e_moveit2/package.dsv
[0.835s] -- Up-to-date symlink: /home/ubuntu/ros2ws/install/ros2srrc_ur16e_moveit2/share/ament_index/resource_index/packages/ros2srrc_ur16e_moveit2
[0.836s] -- Up-to-date symlink: /home/ubuntu/ros2ws/install/ros2srrc_ur16e_moveit2/share/ros2srrc_ur16e_moveit2/cmake/ros2srrc_ur16e_moveit2Config.cmake
[0.837s] -- Up-to-date symlink: /home/ubuntu/ros2ws/install/ros2srrc_ur16e_moveit2/share/ros2srrc_ur16e_moveit2/cmake/ros2srrc_ur16e_moveit2Config-version.cmake
[0.837s] -- Up-to-date symlink: /home/ubuntu/ros2ws/install/ros2srrc_ur16e_moveit2/share/ros2srrc_ur16e_moveit2/package.xml
[0.841s] Invoked command in '/home/ubuntu/ros2ws/build/ros2srrc_ur16e_moveit2' returned '0': CMAKE_PREFIX_PATH=${CMAKE_PREFIX_PATH}:/opt/ros/humble /usr/bin/cmake --install /home/ubuntu/ros2ws/build/ros2srrc_ur16e_moveit2
