[0.036s] Invoking command in '/home/ubuntu/ros2ws/build/ros2srrc_execution': CMAKE_PREFIX_PATH=/home/ubuntu/ros2ws/install/ros2srrc_data:/home/ubuntu/ros2ws/install/ros2_robotiqgripper:/home/ubuntu/ros2ws/install/linkattacher_msgs:/home/ubuntu/ros2ws/install/abb_robot_msgs:/home/ubuntu/ros2ws2/install/ur5_ros2_moveit2:/home/ubuntu/ros2ws2/install/ur5_ros2_gazebo:/home/ubuntu/ros2ws2/install/ur3_ros2_moveit2:/home/ubuntu/ros2ws2/install/ur3_ros2_gazebo:/home/ubuntu/ros2ws2/install/ur10_ros2_moveit2:/home/ubuntu/ros2ws2/install/ur10_ros2_gazebo:/home/ubuntu/ros2ws2/install/ros2_grasping:/home/ubuntu/ros2ws2/install/ros2_execution:/home/ubuntu/ros2ws2/install/ros2_actions:/home/ubuntu/ros2ws2/install/panda_ros2_moveit2:/home/ubuntu/ros2ws2/install/irb6640_ros2_moveit2:/home/ubuntu/ros2ws2/install/irb120_ros2_moveit2:/home/ubuntu/ros2ws2/install/irb1200_ros2_moveit2:/home/ubuntu/ros2ws2/install/iiwa_ros2_moveit2:/home/ubuntu/ros2ws2/install/cr35ia_ros2_moveit2:/home/ubuntu/ros2ws2/install/ros2_data:/home/ubuntu/ros2ws2/install/panda_ros2_gazebo:/home/ubuntu/ros2ws2/install/irb6640_ros2_gazebo:/home/ubuntu/ros2ws2/install/irb120_ros2_gazebo:/home/ubuntu/ros2ws2/install/irb1200_ros2_gazebo:/home/ubuntu/ros2ws2/install/iiwa_ros2_gazebo:/home/ubuntu/ros2ws2/install/gazebo_ros2_control_demos:/home/ubuntu/ros2ws2/install/gazebo_ros2_control:/home/ubuntu/ros2ws2/install/cr35ia_ros2_gazebo:/home/ubuntu/ros2ws/install/ros2srrc_ur5_moveit2:/home/ubuntu/ros2ws/install/ros2srrc_ur5_gazebo:/home/ubuntu/ros2ws/install/ros2srrc_ur3_moveit2:/home/ubuntu/ros2ws/install/ros2srrc_ur3_gazebo:/home/ubuntu/ros2ws/install/ros2srrc_ur16e_moveit2:/home/ubuntu/ros2ws/install/ros2srrc_ur16e_gazebo:/home/ubuntu/ros2ws/install/ros2srrc_ur10e_moveit2:/home/ubuntu/ros2ws/install/ros2srrc_ur10e_gazebo:/home/ubuntu/ros2ws/install/ros2srrc_robots:/home/ubuntu/ros2ws/install/ros2srrc_launch:/home/ubuntu/ros2ws/install/ros2srrc_irb6640_moveit2:/home/ubuntu/ros2ws/install/ros2srrc_irb6640_gazebo:/home/ubuntu/ros2ws/install/ros2srrc_irb120_moveit2:/home/ubuntu/ros2ws/install/ros2srrc_irb120_gazebo:/home/ubuntu/ros2ws/install/ros2srrc_irb1200_moveit2:/home/ubuntu/ros2ws/install/ros2srrc_irb1200_gazebo:/home/ubuntu/ros2ws/install/ros2srrc_iiwa_moveit2:/home/ubuntu/ros2ws/install/ros2srrc_iiwa_gazebo:/home/ubuntu/ros2ws/install/ros2srrc_execution:/home/ubuntu/ros2ws/install/ros2srrc_endeffectors:/home/ubuntu/ros2ws/install/ros2_objectpose:/home/ubuntu/ros2ws/install/ros2_linkpose:/home/ubuntu/ros2ws/install/ros2_linkattacher:/home/ubuntu/ros2ws/install/objectpose_msgs:/home/ubuntu/ros2ws/install/objectpose_gazebo:/home/ubuntu/ros2ws/install/linkpose_msgs:/home/ubuntu/ros2ws/install/linkpose_gazebo:/home/ubuntu/ros2ws/install/letter_writer:/home/ubuntu/ros2ws/install/gazebo_ros2_control_demos:/home/ubuntu/ros2ws/install/gazebo_ros2_control:/home/ubuntu/ros2ws/install/abb_rws_client:/home/ubuntu/ros2ws/install/abb_ros2:/home/ubuntu/ros2ws/install/abb_resources:/home/ubuntu/ros2ws/install/abb_rapid_sm_addin_msgs:/home/ubuntu/ros2ws/install/abb_rapid_msgs:/home/ubuntu/ros2ws/install/abb_hardware_interface:/home/ubuntu/ros2ws/install/abb_egm_rws_managers:/home/ubuntu/ros2ws/install/abb_librws:/home/ubuntu/ros2ws/install/abb_libegm:/home/ubuntu/ros2ws/install/abb_irb4600_support:/home/ubuntu/ros2ws/install/abb_irb1200_5_90_moveit_config:/home/ubuntu/ros2ws/install/abb_irb1200_support:/home/ubuntu/ros2ws/install/abb_egm_msgs:/home/ubuntu/ros2ws/install/abb_bringup:/opt/ros/humble LD_LIBRARY_PATH=/home/ubuntu/ros2ws/install/ros2srrc_data/lib:/home/ubuntu/ros2ws/install/ros2_robotiqgripper/lib:/home/ubuntu/ros2ws/install/linkattacher_msgs/lib:/home/ubuntu/ros2ws/install/abb_robot_msgs/lib:/home/ubuntu/ros2ws2/install/ros2_grasping/lib:/home/ubuntu/ros2ws2/install/ros2_data/lib:/home/ubuntu/ros2ws2/install/gazebo_ros2_control/lib:/home/ubuntu/ros2ws/install/ros2_objectpose/lib:/home/ubuntu/ros2ws/install/ros2_linkpose/lib:/home/ubuntu/ros2ws/install/ros2_linkattacher/lib:/home/ubuntu/ros2ws/install/objectpose_msgs/lib:/home/ubuntu/ros2ws/install/linkpose_msgs/lib:/home/ubuntu/ros2ws/install/gazebo_ros2_control/lib:/home/ubuntu/ros2ws/install/abb_rapid_sm_addin_msgs/lib:/home/ubuntu/ros2ws/install/abb_rapid_msgs/lib:/home/ubuntu/ros2ws/install/abb_hardware_interface/lib:/home/ubuntu/ros2ws/install/abb_egm_rws_managers/lib:/home/ubuntu/ros2ws/install/abb_librws/lib:/home/ubuntu/ros2ws/install/abb_libegm/lib:/home/ubuntu/ros2ws/install/abb_egm_msgs/lib:/usr/lib/x86_64-linux-gnu/gazebo-11/plugins:/opt/ros/humble/opt/rviz_ogre_vendor/lib:/opt/ros/humble/lib/x86_64-linux-gnu:/opt/ros/humble/lib /usr/bin/cmake --build /home/ubuntu/ros2ws/build/ros2srrc_execution -- -j4 -l4
[0.107s] [35m[1mConsolidate compiler generated dependencies of target move[0m
[0.164s] [ 57%] Built target move
[0.181s] [35m[1mConsolidate compiler generated dependencies of target letter_writer_node[0m
[0.209s] [ 64%] [32mBuilding CXX object CMakeFiles/letter_writer_node.dir/src/letter_writer_node.cpp.o[0m
[5.955s] [01m[K/home/ubuntu/ros2ws/src/ros2_SimRealRobotControl/ros2srrc_execution/src/letter_writer_node.cpp:46:82:[m[K [01;31m[Kerror: [m[Kno matching function for call to ‘[01m[Kmoveit::planning_interface::MoveGroupInterface::MoveGroupInterface(const char [8])[m[K’
[5.956s]    46 | ::MoveGroupInterface move_group_interface_ROB("ur5_arm"[01;31m[K)[m[K;
[5.956s]       |                                                        [01;31m[K^[m[K
[5.956s] 
[5.956s] In file included from [01m[K/home/ubuntu/ros2ws/src/ros2_SimRealRobotControl/ros2srrc_execution/include/ros2srrc_execution/movej.h:43[m[K,
[5.956s]                  from [01m[K/home/ubuntu/ros2ws/src/ros2_SimRealRobotControl/ros2srrc_execution/src/letter_writer_node.cpp:12[m[K:
[5.956s] [01m[K/opt/ros/humble/include/moveit/move_group_interface/move_group_interface_improved.h:160:3:[m[K [01;36m[Knote: [m[Kcandidate: ‘[01m[Kmoveit::planning_interface::MoveGroupInterface::MoveGroupInterface(moveit::planning_interface::MoveGroupInterface&&)[m[K’
[5.956s]   160 |   [01;36m[KMoveGroupInterface[m[K(MoveGroupInterface&& other) noexcept;
[5.956s]       |   [01;36m[K^~~~~~~~~~~~~~~~~~[m[K
[5.956s] [01m[K/opt/ros/humble/include/moveit/move_group_interface/move_group_interface_improved.h:160:43:[m[K [01;36m[Knote: [m[K  no known conversion for argument 1 from ‘[01m[Kconst char [8][m[K’ to ‘[01m[Kmoveit::planning_interface::MoveGroupInterface&&[m[K’
[5.956s]   160 |   MoveGroupInterface([01;36m[KMoveGroupInterface&& other[m[K) noexcept;
[5.956s]       |                      [01;36m[K~~~~~~~~~~~~~~~~~~~~~^~~~~[m[K
[5.956s] [01m[K/opt/ros/humble/include/moveit/move_group_interface/move_group_interface_improved.h:149:10:[m[K [01;36m[Knote: [m[Kcandidate: ‘[01m[Kmoveit::planning_interface::MoveGroupInterface::MoveGroupInterface()[m[K’
[5.957s]   149 |   inline [01;36m[KMoveGroupInterface[m[K(){}
[5.957s]       |          [01;36m[K^~~~~~~~~~~~~~~~~~[m[K
[5.957s] [01m[K/opt/ros/humble/include/moveit/move_group_interface/move_group_interface_improved.h:149:10:[m[K [01;36m[Knote: [m[K  candidate expects 0 arguments, 1 provided
[5.957s] [01m[K/opt/ros/humble/include/moveit/move_group_interface/move_group_interface_improved.h:145:3:[m[K [01;36m[Knote: [m[Kcandidate: ‘[01m[Kmoveit::planning_interface::MoveGroupInterface::MoveGroupInterface(const SharedPtr&, const string&, const std::shared_ptr<tf2_ros::Buffer>&, const rclcpp::Duration&)[m[K’
[5.957s]   145 |   [01;36m[KMoveGroupInterface[m[K(const rclcpp::Node::SharedPtr& node, const std::string& group,
[5.957s]       |   [01;36m[K^~~~~~~~~~~~~~~~~~[m[K
[5.957s] [01m[K/opt/ros/humble/include/moveit/move_group_interface/move_group_interface_improved.h:145:3:[m[K [01;36m[Knote: [m[K  candidate expects 4 arguments, 1 provided
[5.957s] [01m[K/opt/ros/humble/include/moveit/move_group_interface/move_group_interface_improved.h:134:3:[m[K [01;36m[Knote: [m[Kcandidate: ‘[01m[Kmoveit::planning_interface::MoveGroupInterface::MoveGroupInterface(const SharedPtr&, const moveit::planning_interface::MoveGroupInterface::Options&, const std::shared_ptr<tf2_ros::Buffer>&, const rclcpp::Duration&)[m[K’
[5.957s]   134 |   [01;36m[KMoveGroupInterface[m[K(const rclcpp::Node::SharedPtr& node, const Options& opt,
[5.957s]       |   [01;36m[K^~~~~~~~~~~~~~~~~~[m[K
[5.957s] [01m[K/opt/ros/humble/include/moveit/move_group_interface/move_group_interface_improved.h:134:3:[m[K [01;36m[Knote: [m[K  candidate expects 4 arguments, 1 provided
[5.957s] [01m[K/home/ubuntu/ros2ws/src/ros2_SimRealRobotControl/ros2srrc_execution/src/letter_writer_node.cpp:47:85:[m[K [01;31m[Kerror: [m[Kno matching function for call to ‘[01m[Kmoveit::planning_interface::MoveGroupInterface::MoveGroupInterface(const char [12])[m[K’
[5.957s]    47 | oveGroupInterface move_group_interface_EE("ur5_gripper"[01;31m[K)[m[K;
[5.957s]       |                                                        [01;31m[K^[m[K
[5.957s] 
[5.957s] In file included from [01m[K/home/ubuntu/ros2ws/src/ros2_SimRealRobotControl/ros2srrc_execution/include/ros2srrc_execution/movej.h:43[m[K,
[5.957s]                  from [01m[K/home/ubuntu/ros2ws/src/ros2_SimRealRobotControl/ros2srrc_execution/src/letter_writer_node.cpp:12[m[K:
[5.958s] [01m[K/opt/ros/humble/include/moveit/move_group_interface/move_group_interface_improved.h:160:3:[m[K [01;36m[Knote: [m[Kcandidate: ‘[01m[Kmoveit::planning_interface::MoveGroupInterface::MoveGroupInterface(moveit::planning_interface::MoveGroupInterface&&)[m[K’
[5.958s]   160 |   [01;36m[KMoveGroupInterface[m[K(MoveGroupInterface&& other) noexcept;
[5.958s]       |   [01;36m[K^~~~~~~~~~~~~~~~~~[m[K
[5.958s] [01m[K/opt/ros/humble/include/moveit/move_group_interface/move_group_interface_improved.h:160:43:[m[K [01;36m[Knote: [m[K  no known conversion for argument 1 from ‘[01m[Kconst char [12][m[K’ to ‘[01m[Kmoveit::planning_interface::MoveGroupInterface&&[m[K’
[5.958s]   160 |   MoveGroupInterface([01;36m[KMoveGroupInterface&& other[m[K) noexcept;
[5.958s]       |                      [01;36m[K~~~~~~~~~~~~~~~~~~~~~^~~~~[m[K
[5.958s] [01m[K/opt/ros/humble/include/moveit/move_group_interface/move_group_interface_improved.h:149:10:[m[K [01;36m[Knote: [m[Kcandidate: ‘[01m[Kmoveit::planning_interface::MoveGroupInterface::MoveGroupInterface()[m[K’
[5.958s]   149 |   inline [01;36m[KMoveGroupInterface[m[K(){}
[5.958s]       |          [01;36m[K^~~~~~~~~~~~~~~~~~[m[K
[5.958s] [01m[K/opt/ros/humble/include/moveit/move_group_interface/move_group_interface_improved.h:149:10:[m[K [01;36m[Knote: [m[K  candidate expects 0 arguments, 1 provided
[5.958s] [01m[K/opt/ros/humble/include/moveit/move_group_interface/move_group_interface_improved.h:145:3:[m[K [01;36m[Knote: [m[Kcandidate: ‘[01m[Kmoveit::planning_interface::MoveGroupInterface::MoveGroupInterface(const SharedPtr&, const string&, const std::shared_ptr<tf2_ros::Buffer>&, const rclcpp::Duration&)[m[K’
[5.958s]   145 |   [01;36m[KMoveGroupInterface[m[K(const rclcpp::Node::SharedPtr& node, const std::string& group,
[5.958s]       |   [01;36m[K^~~~~~~~~~~~~~~~~~[m[K
[5.958s] [01m[K/opt/ros/humble/include/moveit/move_group_interface/move_group_interface_improved.h:145:3:[m[K [01;36m[Knote: [m[K  candidate expects 4 arguments, 1 provided
[5.958s] [01m[K/opt/ros/humble/include/moveit/move_group_interface/move_group_interface_improved.h:134:3:[m[K [01;36m[Knote: [m[Kcandidate: ‘[01m[Kmoveit::planning_interface::MoveGroupInterface::MoveGroupInterface(const SharedPtr&, const moveit::planning_interface::MoveGroupInterface::Options&, const std::shared_ptr<tf2_ros::Buffer>&, const rclcpp::Duration&)[m[K’
[5.958s]   134 |   [01;36m[KMoveGroupInterface[m[K(const rclcpp::Node::SharedPtr& node, const Options& opt,
[5.958s]       |   [01;36m[K^~~~~~~~~~~~~~~~~~[m[K
[5.959s] [01m[K/opt/ros/humble/include/moveit/move_group_interface/move_group_interface_improved.h:134:3:[m[K [01;36m[Knote: [m[K  candidate expects 4 arguments, 1 provided
[6.025s] [01m[K/home/ubuntu/ros2ws/src/ros2_SimRealRobotControl/ros2srrc_execution/src/letter_writer_node.cpp:[m[K In function ‘[01m[Kint main(int, char**)[m[K’:
[6.025s] [01m[K/home/ubuntu/ros2ws/src/ros2_SimRealRobotControl/ros2srrc_execution/src/letter_writer_node.cpp:134:97:[m[K [01;31m[Kerror: [m[Kno matching function for call to ‘[01m[Kmoveit::planning_interface::MoveGroupInterface::MoveGroupInterface(const string&)[m[K’
[6.026s]   134 | anning_interface::MoveGroupInterface(PLANNING_GROUP_ROB[01;31m[K)[m[K;
[6.026s]       |                                                        [01;31m[K^[m[K
[6.026s] 
[6.026s] In file included from [01m[K/home/ubuntu/ros2ws/src/ros2_SimRealRobotControl/ros2srrc_execution/include/ros2srrc_execution/movej.h:43[m[K,
[6.026s]                  from [01m[K/home/ubuntu/ros2ws/src/ros2_SimRealRobotControl/ros2srrc_execution/src/letter_writer_node.cpp:12[m[K:
[6.026s] [01m[K/opt/ros/humble/include/moveit/move_group_interface/move_group_interface_improved.h:160:3:[m[K [01;36m[Knote: [m[Kcandidate: ‘[01m[Kmoveit::planning_interface::MoveGroupInterface::MoveGroupInterface(moveit::planning_interface::MoveGroupInterface&&)[m[K’
[6.026s]   160 |   [01;36m[KMoveGroupInterface[m[K(MoveGroupInterface&& other) noexcept;
[6.026s]       |   [01;36m[K^~~~~~~~~~~~~~~~~~[m[K
[6.027s] [01m[K/opt/ros/humble/include/moveit/move_group_interface/move_group_interface_improved.h:160:43:[m[K [01;36m[Knote: [m[K  no known conversion for argument 1 from ‘[01m[Kconst string[m[K’ {aka ‘[01m[Kconst std::__cxx11::basic_string<char>[m[K’} to ‘[01m[Kmoveit::planning_interface::MoveGroupInterface&&[m[K’
[6.027s]   160 |   MoveGroupInterface([01;36m[KMoveGroupInterface&& other[m[K) noexcept;
[6.027s]       |                      [01;36m[K~~~~~~~~~~~~~~~~~~~~~^~~~~[m[K
[6.027s] [01m[K/opt/ros/humble/include/moveit/move_group_interface/move_group_interface_improved.h:149:10:[m[K [01;36m[Knote: [m[Kcandidate: ‘[01m[Kmoveit::planning_interface::MoveGroupInterface::MoveGroupInterface()[m[K’
[6.027s]   149 |   inline [01;36m[KMoveGroupInterface[m[K(){}
[6.027s]       |          [01;36m[K^~~~~~~~~~~~~~~~~~[m[K
[6.027s] [01m[K/opt/ros/humble/include/moveit/move_group_interface/move_group_interface_improved.h:149:10:[m[K [01;36m[Knote: [m[K  candidate expects 0 arguments, 1 provided
[6.027s] [01m[K/opt/ros/humble/include/moveit/move_group_interface/move_group_interface_improved.h:145:3:[m[K [01;36m[Knote: [m[Kcandidate: ‘[01m[Kmoveit::planning_interface::MoveGroupInterface::MoveGroupInterface(const SharedPtr&, const string&, const std::shared_ptr<tf2_ros::Buffer>&, const rclcpp::Duration&)[m[K’
[6.027s]   145 |   [01;36m[KMoveGroupInterface[m[K(const rclcpp::Node::SharedPtr& node, const std::string& group,
[6.027s]       |   [01;36m[K^~~~~~~~~~~~~~~~~~[m[K
[6.027s] [01m[K/opt/ros/humble/include/moveit/move_group_interface/move_group_interface_improved.h:145:3:[m[K [01;36m[Knote: [m[K  candidate expects 4 arguments, 1 provided
[6.027s] [01m[K/opt/ros/humble/include/moveit/move_group_interface/move_group_interface_improved.h:134:3:[m[K [01;36m[Knote: [m[Kcandidate: ‘[01m[Kmoveit::planning_interface::MoveGroupInterface::MoveGroupInterface(const SharedPtr&, const moveit::planning_interface::MoveGroupInterface::Options&, const std::shared_ptr<tf2_ros::Buffer>&, const rclcpp::Duration&)[m[K’
[6.027s]   134 |   [01;36m[KMoveGroupInterface[m[K(const rclcpp::Node::SharedPtr& node, const Options& opt,
[6.027s]       |   [01;36m[K^~~~~~~~~~~~~~~~~~[m[K
[6.027s] [01m[K/opt/ros/humble/include/moveit/move_group_interface/move_group_interface_improved.h:134:3:[m[K [01;36m[Knote: [m[K  candidate expects 4 arguments, 1 provided
[6.027s] [01m[K/home/ubuntu/ros2ws/src/ros2_SimRealRobotControl/ros2srrc_execution/src/letter_writer_node.cpp:135:95:[m[K [01;31m[Kerror: [m[Kno matching function for call to ‘[01m[Kmoveit::planning_interface::MoveGroupInterface::MoveGroupInterface(const string&)[m[K’
[6.028s]   135 | lanning_interface::MoveGroupInterface(PLANNING_GROUP_EE[01;31m[K)[m[K;
[6.028s]       |                                                        [01;31m[K^[m[K
[6.028s] 
[6.028s] In file included from [01m[K/home/ubuntu/ros2ws/src/ros2_SimRealRobotControl/ros2srrc_execution/include/ros2srrc_execution/movej.h:43[m[K,
[6.028s]                  from [01m[K/home/ubuntu/ros2ws/src/ros2_SimRealRobotControl/ros2srrc_execution/src/letter_writer_node.cpp:12[m[K:
[6.028s] [01m[K/opt/ros/humble/include/moveit/move_group_interface/move_group_interface_improved.h:160:3:[m[K [01;36m[Knote: [m[Kcandidate: ‘[01m[Kmoveit::planning_interface::MoveGroupInterface::MoveGroupInterface(moveit::planning_interface::MoveGroupInterface&&)[m[K’
[6.028s]   160 |   [01;36m[KMoveGroupInterface[m[K(MoveGroupInterface&& other) noexcept;
[6.028s]       |   [01;36m[K^~~~~~~~~~~~~~~~~~[m[K
[6.028s] [01m[K/opt/ros/humble/include/moveit/move_group_interface/move_group_interface_improved.h:160:43:[m[K [01;36m[Knote: [m[K  no known conversion for argument 1 from ‘[01m[Kconst string[m[K’ {aka ‘[01m[Kconst std::__cxx11::basic_string<char>[m[K’} to ‘[01m[Kmoveit::planning_interface::MoveGroupInterface&&[m[K’
[6.028s]   160 |   MoveGroupInterface([01;36m[KMoveGroupInterface&& other[m[K) noexcept;
[6.028s]       |                      [01;36m[K~~~~~~~~~~~~~~~~~~~~~^~~~~[m[K
[6.028s] [01m[K/opt/ros/humble/include/moveit/move_group_interface/move_group_interface_improved.h:149:10:[m[K [01;36m[Knote: [m[Kcandidate: ‘[01m[Kmoveit::planning_interface::MoveGroupInterface::MoveGroupInterface()[m[K’
[6.028s]   149 |   inline [01;36m[KMoveGroupInterface[m[K(){}
[6.028s]       |          [01;36m[K^~~~~~~~~~~~~~~~~~[m[K
[6.028s] [01m[K/opt/ros/humble/include/moveit/move_group_interface/move_group_interface_improved.h:149:10:[m[K [01;36m[Knote: [m[K  candidate expects 0 arguments, 1 provided
[6.028s] [01m[K/opt/ros/humble/include/moveit/move_group_interface/move_group_interface_improved.h:145:3:[m[K [01;36m[Knote: [m[Kcandidate: ‘[01m[Kmoveit::planning_interface::MoveGroupInterface::MoveGroupInterface(const SharedPtr&, const string&, const std::shared_ptr<tf2_ros::Buffer>&, const rclcpp::Duration&)[m[K’
[6.028s]   145 |   [01;36m[KMoveGroupInterface[m[K(const rclcpp::Node::SharedPtr& node, const std::string& group,
[6.028s]       |   [01;36m[K^~~~~~~~~~~~~~~~~~[m[K
[6.028s] [01m[K/opt/ros/humble/include/moveit/move_group_interface/move_group_interface_improved.h:145:3:[m[K [01;36m[Knote: [m[K  candidate expects 4 arguments, 1 provided
[6.029s] [01m[K/opt/ros/humble/include/moveit/move_group_interface/move_group_interface_improved.h:134:3:[m[K [01;36m[Knote: [m[Kcandidate: ‘[01m[Kmoveit::planning_interface::MoveGroupInterface::MoveGroupInterface(const SharedPtr&, const moveit::planning_interface::MoveGroupInterface::Options&, const std::shared_ptr<tf2_ros::Buffer>&, const rclcpp::Duration&)[m[K’
[6.029s]   134 |   [01;36m[KMoveGroupInterface[m[K(const rclcpp::Node::SharedPtr& node, const Options& opt,
[6.029s]       |   [01;36m[K^~~~~~~~~~~~~~~~~~[m[K
[6.029s] [01m[K/opt/ros/humble/include/moveit/move_group_interface/move_group_interface_improved.h:134:3:[m[K [01;36m[Knote: [m[K  candidate expects 4 arguments, 1 provided
[10.882s] gmake[2]: *** [CMakeFiles/letter_writer_node.dir/build.make:76: CMakeFiles/letter_writer_node.dir/src/letter_writer_node.cpp.o] Error 1
[10.883s] gmake[1]: *** [CMakeFiles/Makefile2:221: CMakeFiles/letter_writer_node.dir/all] Error 2
[10.883s] gmake: *** [Makefile:146: all] Error 2
[10.887s] Invoked command in '/home/ubuntu/ros2ws/build/ros2srrc_execution' returned '2': CMAKE_PREFIX_PATH=/home/ubuntu/ros2ws/install/ros2srrc_data:/home/ubuntu/ros2ws/install/ros2_robotiqgripper:/home/ubuntu/ros2ws/install/linkattacher_msgs:/home/ubuntu/ros2ws/install/abb_robot_msgs:/home/ubuntu/ros2ws2/install/ur5_ros2_moveit2:/home/ubuntu/ros2ws2/install/ur5_ros2_gazebo:/home/ubuntu/ros2ws2/install/ur3_ros2_moveit2:/home/ubuntu/ros2ws2/install/ur3_ros2_gazebo:/home/ubuntu/ros2ws2/install/ur10_ros2_moveit2:/home/ubuntu/ros2ws2/install/ur10_ros2_gazebo:/home/ubuntu/ros2ws2/install/ros2_grasping:/home/ubuntu/ros2ws2/install/ros2_execution:/home/ubuntu/ros2ws2/install/ros2_actions:/home/ubuntu/ros2ws2/install/panda_ros2_moveit2:/home/ubuntu/ros2ws2/install/irb6640_ros2_moveit2:/home/ubuntu/ros2ws2/install/irb120_ros2_moveit2:/home/ubuntu/ros2ws2/install/irb1200_ros2_moveit2:/home/ubuntu/ros2ws2/install/iiwa_ros2_moveit2:/home/ubuntu/ros2ws2/install/cr35ia_ros2_moveit2:/home/ubuntu/ros2ws2/install/ros2_data:/home/ubuntu/ros2ws2/install/panda_ros2_gazebo:/home/ubuntu/ros2ws2/install/irb6640_ros2_gazebo:/home/ubuntu/ros2ws2/install/irb120_ros2_gazebo:/home/ubuntu/ros2ws2/install/irb1200_ros2_gazebo:/home/ubuntu/ros2ws2/install/iiwa_ros2_gazebo:/home/ubuntu/ros2ws2/install/gazebo_ros2_control_demos:/home/ubuntu/ros2ws2/install/gazebo_ros2_control:/home/ubuntu/ros2ws2/install/cr35ia_ros2_gazebo:/home/ubuntu/ros2ws/install/ros2srrc_ur5_moveit2:/home/ubuntu/ros2ws/install/ros2srrc_ur5_gazebo:/home/ubuntu/ros2ws/install/ros2srrc_ur3_moveit2:/home/ubuntu/ros2ws/install/ros2srrc_ur3_gazebo:/home/ubuntu/ros2ws/install/ros2srrc_ur16e_moveit2:/home/ubuntu/ros2ws/install/ros2srrc_ur16e_gazebo:/home/ubuntu/ros2ws/install/ros2srrc_ur10e_moveit2:/home/ubuntu/ros2ws/install/ros2srrc_ur10e_gazebo:/home/ubuntu/ros2ws/install/ros2srrc_robots:/home/ubuntu/ros2ws/install/ros2srrc_launch:/home/ubuntu/ros2ws/install/ros2srrc_irb6640_moveit2:/home/ubuntu/ros2ws/install/ros2srrc_irb6640_gazebo:/home/ubuntu/ros2ws/install/ros2srrc_irb120_moveit2:/home/ubuntu/ros2ws/install/ros2srrc_irb120_gazebo:/home/ubuntu/ros2ws/install/ros2srrc_irb1200_moveit2:/home/ubuntu/ros2ws/install/ros2srrc_irb1200_gazebo:/home/ubuntu/ros2ws/install/ros2srrc_iiwa_moveit2:/home/ubuntu/ros2ws/install/ros2srrc_iiwa_gazebo:/home/ubuntu/ros2ws/install/ros2srrc_execution:/home/ubuntu/ros2ws/install/ros2srrc_endeffectors:/home/ubuntu/ros2ws/install/ros2_objectpose:/home/ubuntu/ros2ws/install/ros2_linkpose:/home/ubuntu/ros2ws/install/ros2_linkattacher:/home/ubuntu/ros2ws/install/objectpose_msgs:/home/ubuntu/ros2ws/install/objectpose_gazebo:/home/ubuntu/ros2ws/install/linkpose_msgs:/home/ubuntu/ros2ws/install/linkpose_gazebo:/home/ubuntu/ros2ws/install/letter_writer:/home/ubuntu/ros2ws/install/gazebo_ros2_control_demos:/home/ubuntu/ros2ws/install/gazebo_ros2_control:/home/ubuntu/ros2ws/install/abb_rws_client:/home/ubuntu/ros2ws/install/abb_ros2:/home/ubuntu/ros2ws/install/abb_resources:/home/ubuntu/ros2ws/install/abb_rapid_sm_addin_msgs:/home/ubuntu/ros2ws/install/abb_rapid_msgs:/home/ubuntu/ros2ws/install/abb_hardware_interface:/home/ubuntu/ros2ws/install/abb_egm_rws_managers:/home/ubuntu/ros2ws/install/abb_librws:/home/ubuntu/ros2ws/install/abb_libegm:/home/ubuntu/ros2ws/install/abb_irb4600_support:/home/ubuntu/ros2ws/install/abb_irb1200_5_90_moveit_config:/home/ubuntu/ros2ws/install/abb_irb1200_support:/home/ubuntu/ros2ws/install/abb_egm_msgs:/home/ubuntu/ros2ws/install/abb_bringup:/opt/ros/humble LD_LIBRARY_PATH=/home/ubuntu/ros2ws/install/ros2srrc_data/lib:/home/ubuntu/ros2ws/install/ros2_robotiqgripper/lib:/home/ubuntu/ros2ws/install/linkattacher_msgs/lib:/home/ubuntu/ros2ws/install/abb_robot_msgs/lib:/home/ubuntu/ros2ws2/install/ros2_grasping/lib:/home/ubuntu/ros2ws2/install/ros2_data/lib:/home/ubuntu/ros2ws2/install/gazebo_ros2_control/lib:/home/ubuntu/ros2ws/install/ros2_objectpose/lib:/home/ubuntu/ros2ws/install/ros2_linkpose/lib:/home/ubuntu/ros2ws/install/ros2_linkattacher/lib:/home/ubuntu/ros2ws/install/objectpose_msgs/lib:/home/ubuntu/ros2ws/install/linkpose_msgs/lib:/home/ubuntu/ros2ws/install/gazebo_ros2_control/lib:/home/ubuntu/ros2ws/install/abb_rapid_sm_addin_msgs/lib:/home/ubuntu/ros2ws/install/abb_rapid_msgs/lib:/home/ubuntu/ros2ws/install/abb_hardware_interface/lib:/home/ubuntu/ros2ws/install/abb_egm_rws_managers/lib:/home/ubuntu/ros2ws/install/abb_librws/lib:/home/ubuntu/ros2ws/install/abb_libegm/lib:/home/ubuntu/ros2ws/install/abb_egm_msgs/lib:/usr/lib/x86_64-linux-gnu/gazebo-11/plugins:/opt/ros/humble/opt/rviz_ogre_vendor/lib:/opt/ros/humble/lib/x86_64-linux-gnu:/opt/ros/humble/lib /usr/bin/cmake --build /home/ubuntu/ros2ws/build/ros2srrc_execution -- -j4 -l4
