[0.020s] Invoking command in '/home/ubuntu/ros2ws/build/irb6640_ros2_gazebo': CMAKE_PREFIX_PATH=${CMAKE_PREFIX_PATH}:/opt/ros/humble /usr/bin/cmake --build /home/ubuntu/ros2ws/build/irb6640_ros2_gazebo -- -j4 -l4
[0.092s] Invoked command in '/home/ubuntu/ros2ws/build/irb6640_ros2_gazebo' returned '0': CMAKE_PREFIX_PATH=${CMAKE_PREFIX_PATH}:/opt/ros/humble /usr/bin/cmake --build /home/ubuntu/ros2ws/build/irb6640_ros2_gazebo -- -j4 -l4
[0.122s] Invoking command in '/home/ubuntu/ros2ws/build/irb6640_ros2_gazebo': CMAKE_PREFIX_PATH=${CMAKE_PREFIX_PATH}:/opt/ros/humble /usr/bin/cmake --install /home/ubuntu/ros2ws/build/irb6640_ros2_gazebo
[0.133s] -- Install configuration: ""
[0.133s] -- Up-to-date: /home/ubuntu/ros2ws/install/irb6640_ros2_gazebo/share/irb6640_ros2_gazebo/config
[0.133s] -- Up-to-date: /home/ubuntu/ros2ws/install/irb6640_ros2_gazebo/share/irb6640_ros2_gazebo/config/irb6640_controller.yaml
[0.133s] -- Up-to-date: /home/ubuntu/ros2ws/install/irb6640_ros2_gazebo/share/irb6640_ros2_gazebo/launch
[0.133s] -- Up-to-date: /home/ubuntu/ros2ws/install/irb6640_ros2_gazebo/share/irb6640_ros2_gazebo/launch/irb6640_simulation.launch.py
[0.133s] -- Up-to-date: /home/ubuntu/ros2ws/install/irb6640_ros2_gazebo/share/irb6640_ros2_gazebo/urdf
[0.133s] -- Up-to-date: /home/ubuntu/ros2ws/install/irb6640_ros2_gazebo/share/irb6640_ros2_gazebo/urdf/irb6640.urdf.xacro
[0.133s] -- Up-to-date: /home/ubuntu/ros2ws/install/irb6640_ros2_gazebo/share/irb6640_ros2_gazebo/urdf/irb6640_transmission.xacro
[0.133s] -- Up-to-date: /home/ubuntu/ros2ws/install/irb6640_ros2_gazebo/share/irb6640_ros2_gazebo/urdf/abb_resources
[0.134s] -- Up-to-date: /home/ubuntu/ros2ws/install/irb6640_ros2_gazebo/share/irb6640_ros2_gazebo/urdf/abb_resources/common_materials.xacro
[0.134s] -- Up-to-date: /home/ubuntu/ros2ws/install/irb6640_ros2_gazebo/share/irb6640_ros2_gazebo/urdf/abb_resources/common_colours.xacro
[0.134s] -- Up-to-date: /home/ubuntu/ros2ws/install/irb6640_ros2_gazebo/share/irb6640_ros2_gazebo/urdf/irb6640_macro.urdf.xacro
[0.134s] -- Up-to-date: /home/ubuntu/ros2ws/install/irb6640_ros2_gazebo/share/irb6640_ros2_gazebo/urdf/irb6640_ros2control.xacro
[0.135s] -- Up-to-date: /home/ubuntu/ros2ws/install/irb6640_ros2_gazebo/share/irb6640_ros2_gazebo/worlds
[0.135s] -- Up-to-date: /home/ubuntu/ros2ws/install/irb6640_ros2_gazebo/share/irb6640_ros2_gazebo/worlds/irb6640.world
[0.135s] -- Up-to-date: /home/ubuntu/ros2ws/install/irb6640_ros2_gazebo/share/irb6640_ros2_gazebo/meshes
[0.135s] -- Up-to-date: /home/ubuntu/ros2ws/install/irb6640_ros2_gazebo/share/irb6640_ros2_gazebo/meshes/collision
[0.136s] -- Up-to-date: /home/ubuntu/ros2ws/install/irb6640_ros2_gazebo/share/irb6640_ros2_gazebo/meshes/collision/base_link.stl
[0.136s] -- Up-to-date: /home/ubuntu/ros2ws/install/irb6640_ros2_gazebo/share/irb6640_ros2_gazebo/meshes/collision/link_4.stl
[0.136s] -- Up-to-date: /home/ubuntu/ros2ws/install/irb6640_ros2_gazebo/share/irb6640_ros2_gazebo/meshes/collision/link_2.stl
[0.137s] -- Up-to-date: /home/ubuntu/ros2ws/install/irb6640_ros2_gazebo/share/irb6640_ros2_gazebo/meshes/collision/link_1.stl
[0.138s] -- Up-to-date: /home/ubuntu/ros2ws/install/irb6640_ros2_gazebo/share/irb6640_ros2_gazebo/meshes/collision/link_3.stl
[0.138s] -- Up-to-date: /home/ubuntu/ros2ws/install/irb6640_ros2_gazebo/share/irb6640_ros2_gazebo/meshes/collision/link_5.stl
[0.138s] -- Up-to-date: /home/ubuntu/ros2ws/install/irb6640_ros2_gazebo/share/irb6640_ros2_gazebo/meshes/collision/cylinder_link.stl
[0.138s] -- Up-to-date: /home/ubuntu/ros2ws/install/irb6640_ros2_gazebo/share/irb6640_ros2_gazebo/meshes/collision/piston_link.stl
[0.138s] -- Up-to-date: /home/ubuntu/ros2ws/install/irb6640_ros2_gazebo/share/irb6640_ros2_gazebo/meshes/collision/link_6.stl
[0.138s] -- Up-to-date: /home/ubuntu/ros2ws/install/irb6640_ros2_gazebo/share/irb6640_ros2_gazebo/meshes/visual
[0.138s] -- Up-to-date: /home/ubuntu/ros2ws/install/irb6640_ros2_gazebo/share/irb6640_ros2_gazebo/meshes/visual/piston_link.dae
[0.138s] -- Up-to-date: /home/ubuntu/ros2ws/install/irb6640_ros2_gazebo/share/irb6640_ros2_gazebo/meshes/visual/link_5.dae
[0.138s] -- Up-to-date: /home/ubuntu/ros2ws/install/irb6640_ros2_gazebo/share/irb6640_ros2_gazebo/meshes/visual/link_1.dae
[0.138s] -- Up-to-date: /home/ubuntu/ros2ws/install/irb6640_ros2_gazebo/share/irb6640_ros2_gazebo/meshes/visual/cylinder_link.dae
[0.138s] -- Up-to-date: /home/ubuntu/ros2ws/install/irb6640_ros2_gazebo/share/irb6640_ros2_gazebo/meshes/visual/link_4.dae
[0.138s] -- Up-to-date: /home/ubuntu/ros2ws/install/irb6640_ros2_gazebo/share/irb6640_ros2_gazebo/meshes/visual/link_2.dae
[0.138s] -- Up-to-date: /home/ubuntu/ros2ws/install/irb6640_ros2_gazebo/share/irb6640_ros2_gazebo/meshes/visual/link_3.dae
[0.138s] -- Up-to-date: /home/ubuntu/ros2ws/install/irb6640_ros2_gazebo/share/irb6640_ros2_gazebo/meshes/visual/base_link.dae
[0.139s] -- Up-to-date: /home/ubuntu/ros2ws/install/irb6640_ros2_gazebo/share/irb6640_ros2_gazebo/meshes/visual/link_6.dae
[0.139s] -- Up-to-date: /home/ubuntu/ros2ws/install/irb6640_ros2_gazebo/share/ament_index/resource_index/package_run_dependencies/irb6640_ros2_gazebo
[0.139s] -- Up-to-date: /home/ubuntu/ros2ws/install/irb6640_ros2_gazebo/share/ament_index/resource_index/parent_prefix_path/irb6640_ros2_gazebo
[0.139s] -- Up-to-date: /home/ubuntu/ros2ws/install/irb6640_ros2_gazebo/share/irb6640_ros2_gazebo/environment/ament_prefix_path.sh
[0.141s] -- Up-to-date: /home/ubuntu/ros2ws/install/irb6640_ros2_gazebo/share/irb6640_ros2_gazebo/environment/ament_prefix_path.dsv
[0.141s] -- Up-to-date: /home/ubuntu/ros2ws/install/irb6640_ros2_gazebo/share/irb6640_ros2_gazebo/environment/path.sh
[0.141s] -- Up-to-date: /home/ubuntu/ros2ws/install/irb6640_ros2_gazebo/share/irb6640_ros2_gazebo/environment/path.dsv
[0.141s] -- Up-to-date: /home/ubuntu/ros2ws/install/irb6640_ros2_gazebo/share/irb6640_ros2_gazebo/local_setup.bash
[0.141s] -- Up-to-date: /home/ubuntu/ros2ws/install/irb6640_ros2_gazebo/share/irb6640_ros2_gazebo/local_setup.sh
[0.142s] -- Up-to-date: /home/ubuntu/ros2ws/install/irb6640_ros2_gazebo/share/irb6640_ros2_gazebo/local_setup.zsh
[0.142s] -- Up-to-date: /home/ubuntu/ros2ws/install/irb6640_ros2_gazebo/share/irb6640_ros2_gazebo/local_setup.dsv
[0.144s] -- Up-to-date: /home/ubuntu/ros2ws/install/irb6640_ros2_gazebo/share/irb6640_ros2_gazebo/package.dsv
[0.144s] -- Up-to-date: /home/ubuntu/ros2ws/install/irb6640_ros2_gazebo/share/ament_index/resource_index/packages/irb6640_ros2_gazebo
[0.144s] -- Up-to-date: /home/ubuntu/ros2ws/install/irb6640_ros2_gazebo/share/irb6640_ros2_gazebo/cmake/irb6640_ros2_gazeboConfig.cmake
[0.144s] -- Up-to-date: /home/ubuntu/ros2ws/install/irb6640_ros2_gazebo/share/irb6640_ros2_gazebo/cmake/irb6640_ros2_gazeboConfig-version.cmake
[0.145s] -- Up-to-date: /home/ubuntu/ros2ws/install/irb6640_ros2_gazebo/share/irb6640_ros2_gazebo/package.xml
[0.145s] Invoked command in '/home/ubuntu/ros2ws/build/irb6640_ros2_gazebo' returned '0': CMAKE_PREFIX_PATH=${CMAKE_PREFIX_PATH}:/opt/ros/humble /usr/bin/cmake --install /home/ubuntu/ros2ws/build/irb6640_ros2_gazebo
