[0.033s] Invoking command in '/home/ubuntu/ros2ws/build/abb_libegm': CMAKE_PREFIX_PATH=${CMAKE_PREFIX_PATH}:/opt/ros/humble /usr/bin/cmake --build /home/ubuntu/ros2ws/build/abb_libegm -- -j4 -l4
[0.177s] [100%] Built target abb_libegm
[0.236s] Invoked command in '/home/ubuntu/ros2ws/build/abb_libegm' returned '0': CMAKE_PREFIX_PATH=${CMAKE_PREFIX_PATH}:/opt/ros/humble /usr/bin/cmake --build /home/ubuntu/ros2ws/build/abb_libegm -- -j4 -l4
[0.337s] Invoking command in '/home/ubuntu/ros2ws/build/abb_libegm': CMAKE_PREFIX_PATH=${CMAKE_PREFIX_PATH}:/opt/ros/humble /usr/bin/cmake --install /home/ubuntu/ros2ws/build/abb_libegm
[0.345s] -- Install configuration: ""
[0.345s] -- Up-to-date: /home/ubuntu/ros2ws/install/abb_libegm/include
[0.345s] -- Up-to-date: /home/ubuntu/ros2ws/install/abb_libegm/include/abb_libegm
[0.345s] -- Up-to-date: /home/ubuntu/ros2ws/install/abb_libegm/include/abb_libegm/egm_logger.h
[0.345s] -- Up-to-date: /home/ubuntu/ros2ws/install/abb_libegm/include/abb_libegm/egm_trajectory_interface.h
[0.345s] -- Up-to-date: /home/ubuntu/ros2ws/install/abb_libegm/include/abb_libegm/egm_common_auxiliary.h
[0.345s] -- Up-to-date: /home/ubuntu/ros2ws/install/abb_libegm/include/abb_libegm/egm_base_interface.h
[0.345s] -- Up-to-date: /home/ubuntu/ros2ws/install/abb_libegm/include/abb_libegm/egm_common.h
[0.345s] -- Up-to-date: /home/ubuntu/ros2ws/install/abb_libegm/include/abb_libegm/egm_interpolator.h
[0.345s] -- Up-to-date: /home/ubuntu/ros2ws/install/abb_libegm/include/abb_libegm/egm_controller_interface.h
[0.346s] -- Up-to-date: /home/ubuntu/ros2ws/install/abb_libegm/include/abb_libegm/egm_udp_server.h
[0.346s] -- Up-to-date: /home/ubuntu/ros2ws/install/abb_libegm/include/abb_libegm/egm.proto
[0.346s] -- Up-to-date: /home/ubuntu/ros2ws/install/abb_libegm/include/abb_libegm/egm_wrapper.proto
[0.346s] -- Up-to-date: /home/ubuntu/ros2ws/install/abb_libegm/include/abb_libegm/egm_wrapper_trajectory.proto
[0.346s] -- Up-to-date: /home/ubuntu/ros2ws/install/abb_libegm/include/abb_libegm/egm.pb.h
[0.346s] -- Up-to-date: /home/ubuntu/ros2ws/install/abb_libegm/include/abb_libegm/egm_wrapper.pb.h
[0.346s] -- Up-to-date: /home/ubuntu/ros2ws/install/abb_libegm/include/abb_libegm/egm_wrapper_trajectory.pb.h
[0.346s] -- Up-to-date: /home/ubuntu/ros2ws/install/abb_libegm/include/abb_libegm/abb_libegm_export.h
[0.347s] -- Up-to-date: /home/ubuntu/ros2ws/install/abb_libegm/lib/libabb_libegm.so
[0.347s] -- Up-to-date: /home/ubuntu/ros2ws/install/abb_libegm/share/abb_libegm/abb_libegmConfig.cmake
[0.347s] -- Up-to-date: /home/ubuntu/ros2ws/install/abb_libegm/share/abb_libegm/abb_libegmConfigVersion.cmake
[0.347s] -- Up-to-date: /home/ubuntu/ros2ws/install/abb_libegm/share/abb_libegm/package.xml
[0.347s] -- Up-to-date: /home/ubuntu/ros2ws/install/abb_libegm/share/abb_libegm/abb_libegmTargets.cmake
[0.347s] -- Up-to-date: /home/ubuntu/ros2ws/install/abb_libegm/share/abb_libegm/abb_libegmTargets-noconfig.cmake
[0.351s] Invoked command in '/home/ubuntu/ros2ws/build/abb_libegm' returned '0': CMAKE_PREFIX_PATH=${CMAKE_PREFIX_PATH}:/opt/ros/humble /usr/bin/cmake --install /home/ubuntu/ros2ws/build/abb_libegm
