[0.018s] Invoking command in '/home/ubuntu/ros2ws/build/panda_ros2_gazebo': CMAKE_PREFIX_PATH=${CMAKE_PREFIX_PATH}:/opt/ros/humble /usr/bin/cmake --build /home/ubuntu/ros2ws/build/panda_ros2_gazebo -- -j4 -l4
[0.091s] Invoked command in '/home/ubuntu/ros2ws/build/panda_ros2_gazebo' returned '0': CMAKE_PREFIX_PATH=${CMAKE_PREFIX_PATH}:/opt/ros/humble /usr/bin/cmake --build /home/ubuntu/ros2ws/build/panda_ros2_gazebo -- -j4 -l4
[0.126s] Invoking command in '/home/ubuntu/ros2ws/build/panda_ros2_gazebo': CMAKE_PREFIX_PATH=${CMAKE_PREFIX_PATH}:/opt/ros/humble /usr/bin/cmake --install /home/ubuntu/ros2ws/build/panda_ros2_gazebo
[0.138s] -- Install configuration: ""
[0.138s] -- Up-to-date: /home/ubuntu/ros2ws/install/panda_ros2_gazebo/share/panda_ros2_gazebo/config
[0.138s] -- Up-to-date: /home/ubuntu/ros2ws/install/panda_ros2_gazebo/share/panda_ros2_gazebo/config/panda_controller.yaml
[0.138s] -- Up-to-date: /home/ubuntu/ros2ws/install/panda_ros2_gazebo/share/panda_ros2_gazebo/launch
[0.139s] -- Up-to-date: /home/ubuntu/ros2ws/install/panda_ros2_gazebo/share/panda_ros2_gazebo/launch/panda_simulation.launch.py
[0.139s] -- Up-to-date: /home/ubuntu/ros2ws/install/panda_ros2_gazebo/share/panda_ros2_gazebo/urdf
[0.139s] -- Up-to-date: /home/ubuntu/ros2ws/install/panda_ros2_gazebo/share/panda_ros2_gazebo/urdf/panda_macro.urdf.xacro
[0.139s] -- Up-to-date: /home/ubuntu/ros2ws/install/panda_ros2_gazebo/share/panda_ros2_gazebo/urdf/panda_ros2control.xacro
[0.139s] -- Up-to-date: /home/ubuntu/ros2ws/install/panda_ros2_gazebo/share/panda_ros2_gazebo/urdf/panda_transmission.xacro
[0.139s] -- Up-to-date: /home/ubuntu/ros2ws/install/panda_ros2_gazebo/share/panda_ros2_gazebo/urdf/panda.urdf.xacro
[0.139s] -- Up-to-date: /home/ubuntu/ros2ws/install/panda_ros2_gazebo/share/panda_ros2_gazebo/worlds
[0.139s] -- Up-to-date: /home/ubuntu/ros2ws/install/panda_ros2_gazebo/share/panda_ros2_gazebo/worlds/panda.world
[0.140s] -- Up-to-date: /home/ubuntu/ros2ws/install/panda_ros2_gazebo/share/panda_ros2_gazebo/meshes
[0.140s] -- Up-to-date: /home/ubuntu/ros2ws/install/panda_ros2_gazebo/share/panda_ros2_gazebo/meshes/collision
[0.141s] -- Up-to-date: /home/ubuntu/ros2ws/install/panda_ros2_gazebo/share/panda_ros2_gazebo/meshes/collision/link4.stl
[0.141s] -- Up-to-date: /home/ubuntu/ros2ws/install/panda_ros2_gazebo/share/panda_ros2_gazebo/meshes/collision/link3.stl
[0.141s] -- Up-to-date: /home/ubuntu/ros2ws/install/panda_ros2_gazebo/share/panda_ros2_gazebo/meshes/collision/link0.stl
[0.141s] -- Up-to-date: /home/ubuntu/ros2ws/install/panda_ros2_gazebo/share/panda_ros2_gazebo/meshes/collision/link1.stl
[0.142s] -- Up-to-date: /home/ubuntu/ros2ws/install/panda_ros2_gazebo/share/panda_ros2_gazebo/meshes/collision/finger.stl
[0.142s] -- Up-to-date: /home/ubuntu/ros2ws/install/panda_ros2_gazebo/share/panda_ros2_gazebo/meshes/collision/hand.stl
[0.142s] -- Up-to-date: /home/ubuntu/ros2ws/install/panda_ros2_gazebo/share/panda_ros2_gazebo/meshes/collision/link7.stl
[0.142s] -- Up-to-date: /home/ubuntu/ros2ws/install/panda_ros2_gazebo/share/panda_ros2_gazebo/meshes/collision/link5.stl
[0.142s] -- Up-to-date: /home/ubuntu/ros2ws/install/panda_ros2_gazebo/share/panda_ros2_gazebo/meshes/collision/link2.stl
[0.142s] -- Up-to-date: /home/ubuntu/ros2ws/install/panda_ros2_gazebo/share/panda_ros2_gazebo/meshes/collision/link6.stl
[0.142s] -- Up-to-date: /home/ubuntu/ros2ws/install/panda_ros2_gazebo/share/panda_ros2_gazebo/meshes/visual
[0.143s] -- Up-to-date: /home/ubuntu/ros2ws/install/panda_ros2_gazebo/share/panda_ros2_gazebo/meshes/visual/link0.dae
[0.143s] -- Up-to-date: /home/ubuntu/ros2ws/install/panda_ros2_gazebo/share/panda_ros2_gazebo/meshes/visual/link6.dae
[0.143s] -- Up-to-date: /home/ubuntu/ros2ws/install/panda_ros2_gazebo/share/panda_ros2_gazebo/meshes/visual/link1.dae
[0.143s] -- Up-to-date: /home/ubuntu/ros2ws/install/panda_ros2_gazebo/share/panda_ros2_gazebo/meshes/visual/link7.dae
[0.143s] -- Up-to-date: /home/ubuntu/ros2ws/install/panda_ros2_gazebo/share/panda_ros2_gazebo/meshes/visual/link5.dae
[0.143s] -- Up-to-date: /home/ubuntu/ros2ws/install/panda_ros2_gazebo/share/panda_ros2_gazebo/meshes/visual/link3.dae
[0.144s] -- Up-to-date: /home/ubuntu/ros2ws/install/panda_ros2_gazebo/share/panda_ros2_gazebo/meshes/visual/link2.dae
[0.144s] -- Up-to-date: /home/ubuntu/ros2ws/install/panda_ros2_gazebo/share/panda_ros2_gazebo/meshes/visual/link4.dae
[0.144s] -- Up-to-date: /home/ubuntu/ros2ws/install/panda_ros2_gazebo/share/panda_ros2_gazebo/meshes/visual/finger.dae
[0.144s] -- Up-to-date: /home/ubuntu/ros2ws/install/panda_ros2_gazebo/share/panda_ros2_gazebo/meshes/visual/hand.dae
[0.144s] -- Up-to-date: /home/ubuntu/ros2ws/install/panda_ros2_gazebo/share/ament_index/resource_index/package_run_dependencies/panda_ros2_gazebo
[0.144s] -- Up-to-date: /home/ubuntu/ros2ws/install/panda_ros2_gazebo/share/ament_index/resource_index/parent_prefix_path/panda_ros2_gazebo
[0.145s] -- Up-to-date: /home/ubuntu/ros2ws/install/panda_ros2_gazebo/share/panda_ros2_gazebo/environment/ament_prefix_path.sh
[0.145s] -- Up-to-date: /home/ubuntu/ros2ws/install/panda_ros2_gazebo/share/panda_ros2_gazebo/environment/ament_prefix_path.dsv
[0.145s] -- Up-to-date: /home/ubuntu/ros2ws/install/panda_ros2_gazebo/share/panda_ros2_gazebo/environment/path.sh
[0.145s] -- Up-to-date: /home/ubuntu/ros2ws/install/panda_ros2_gazebo/share/panda_ros2_gazebo/environment/path.dsv
[0.145s] -- Up-to-date: /home/ubuntu/ros2ws/install/panda_ros2_gazebo/share/panda_ros2_gazebo/local_setup.bash
[0.145s] -- Up-to-date: /home/ubuntu/ros2ws/install/panda_ros2_gazebo/share/panda_ros2_gazebo/local_setup.sh
[0.145s] -- Up-to-date: /home/ubuntu/ros2ws/install/panda_ros2_gazebo/share/panda_ros2_gazebo/local_setup.zsh
[0.146s] -- Up-to-date: /home/ubuntu/ros2ws/install/panda_ros2_gazebo/share/panda_ros2_gazebo/local_setup.dsv
[0.146s] -- Up-to-date: /home/ubuntu/ros2ws/install/panda_ros2_gazebo/share/panda_ros2_gazebo/package.dsv
[0.146s] -- Up-to-date: /home/ubuntu/ros2ws/install/panda_ros2_gazebo/share/ament_index/resource_index/packages/panda_ros2_gazebo
[0.146s] -- Up-to-date: /home/ubuntu/ros2ws/install/panda_ros2_gazebo/share/panda_ros2_gazebo/cmake/panda_ros2_gazeboConfig.cmake
[0.146s] -- Up-to-date: /home/ubuntu/ros2ws/install/panda_ros2_gazebo/share/panda_ros2_gazebo/cmake/panda_ros2_gazeboConfig-version.cmake
[0.147s] -- Up-to-date: /home/ubuntu/ros2ws/install/panda_ros2_gazebo/share/panda_ros2_gazebo/package.xml
[0.154s] Invoked command in '/home/ubuntu/ros2ws/build/panda_ros2_gazebo' returned '0': CMAKE_PREFIX_PATH=${CMAKE_PREFIX_PATH}:/opt/ros/humble /usr/bin/cmake --install /home/ubuntu/ros2ws/build/panda_ros2_gazebo
