[0.038s] Invoking command in '/home/ubuntu/ros2ws/build/abb_egm_msgs': CMAKE_PREFIX_PATH=${CMAKE_PREFIX_PATH}:/home/ubuntu/ros2ws/install/testV1:/home/ubuntu/ros2ws/install/gui_subscriber:/home/ubuntu/ros2ws/install/moveit_configs_utils:/home/ubuntu/ros2ws/install/robot_letter_writer:/home/ubuntu/ros2ws/install/launch_param_builder:/opt/ros/humble /usr/bin/cmake --build /home/ubuntu/ros2ws/build/abb_egm_msgs -- -j4 -l4
[0.233s] [  2%] Built target abb_egm_msgs__cpp
[0.319s] [ 12%] Built target abb_egm_msgs__rosidl_generator_c
[0.351s] [ 12%] Built target ament_cmake_python_symlink_abb_egm_msgs
[0.386s] [ 23%] Built target abb_egm_msgs__rosidl_typesupport_fastrtps_cpp
[0.401s] [ 33%] Built target abb_egm_msgs__rosidl_typesupport_introspection_cpp
[0.456s] [ 43%] Built target abb_egm_msgs__rosidl_typesupport_cpp
[0.509s] [ 53%] Built target abb_egm_msgs__rosidl_typesupport_fastrtps_c
[0.533s] [ 64%] Built target abb_egm_msgs__rosidl_typesupport_c
[0.549s] [ 74%] Built target abb_egm_msgs__rosidl_typesupport_introspection_c
[0.649s] [ 74%] Built target abb_egm_msgs
[0.728s] [ 76%] Built target abb_egm_msgs__py
[0.838s] [ 84%] Built target abb_egm_msgs__rosidl_generator_py
[0.970s] [ 89%] Built target abb_egm_msgs__rosidl_typesupport_c__pyext
[1.000s] [100%] Built target abb_egm_msgs__rosidl_typesupport_fastrtps_c__pyext
[1.000s] [100%] Built target abb_egm_msgs__rosidl_typesupport_introspection_c__pyext
[1.135s] running egg_info
[1.135s] writing abb_egm_msgs.egg-info/PKG-INFO
[1.136s] writing dependency_links to abb_egm_msgs.egg-info/dependency_links.txt
[1.136s] writing top-level names to abb_egm_msgs.egg-info/top_level.txt
[1.140s] reading manifest file 'abb_egm_msgs.egg-info/SOURCES.txt'
[1.144s] writing manifest file 'abb_egm_msgs.egg-info/SOURCES.txt'
[1.219s] [100%] Built target ament_cmake_python_build_abb_egm_msgs_egg
[1.266s] Invoked command in '/home/ubuntu/ros2ws/build/abb_egm_msgs' returned '0': CMAKE_PREFIX_PATH=${CMAKE_PREFIX_PATH}:/home/ubuntu/ros2ws/install/testV1:/home/ubuntu/ros2ws/install/gui_subscriber:/home/ubuntu/ros2ws/install/moveit_configs_utils:/home/ubuntu/ros2ws/install/robot_letter_writer:/home/ubuntu/ros2ws/install/launch_param_builder:/opt/ros/humble /usr/bin/cmake --build /home/ubuntu/ros2ws/build/abb_egm_msgs -- -j4 -l4
[1.779s] Invoking command in '/home/ubuntu/ros2ws/build/abb_egm_msgs': CMAKE_PREFIX_PATH=${CMAKE_PREFIX_PATH}:/home/ubuntu/ros2ws/install/testV1:/home/ubuntu/ros2ws/install/gui_subscriber:/home/ubuntu/ros2ws/install/moveit_configs_utils:/home/ubuntu/ros2ws/install/robot_letter_writer:/home/ubuntu/ros2ws/install/launch_param_builder:/opt/ros/humble /usr/bin/cmake --install /home/ubuntu/ros2ws/build/abb_egm_msgs
[1.804s] -- Install configuration: ""
[1.805s] -- Execute custom install script
[1.815s] -- Up-to-date symlink: /home/ubuntu/ros2ws/install/abb_egm_msgs/share/ament_index/resource_index/rosidl_interfaces/abb_egm_msgs
[1.816s] -- Up-to-date symlink: /home/ubuntu/ros2ws/install/abb_egm_msgs/include/abb_egm_msgs/abb_egm_msgs/msg/detail/egm_channel_state__functions.h
[1.816s] -- Up-to-date symlink: /home/ubuntu/ros2ws/install/abb_egm_msgs/include/abb_egm_msgs/abb_egm_msgs/msg/detail/egm_channel_state__struct.h
[1.816s] -- Up-to-date symlink: /home/ubuntu/ros2ws/install/abb_egm_msgs/include/abb_egm_msgs/abb_egm_msgs/msg/detail/egm_channel_state__type_support.h
[1.816s] -- Up-to-date symlink: /home/ubuntu/ros2ws/install/abb_egm_msgs/include/abb_egm_msgs/abb_egm_msgs/msg/detail/egm_state__functions.h
[1.816s] -- Up-to-date symlink: /home/ubuntu/ros2ws/install/abb_egm_msgs/include/abb_egm_msgs/abb_egm_msgs/msg/detail/egm_state__struct.h
[1.816s] -- Up-to-date symlink: /home/ubuntu/ros2ws/install/abb_egm_msgs/include/abb_egm_msgs/abb_egm_msgs/msg/detail/egm_state__type_support.h
[1.816s] -- Up-to-date symlink: /home/ubuntu/ros2ws/install/abb_egm_msgs/include/abb_egm_msgs/abb_egm_msgs/msg/egm_channel_state.h
[1.816s] -- Up-to-date symlink: /home/ubuntu/ros2ws/install/abb_egm_msgs/include/abb_egm_msgs/abb_egm_msgs/msg/egm_state.h
[1.816s] -- Up-to-date symlink: /home/ubuntu/ros2ws/install/abb_egm_msgs/include/abb_egm_msgs/abb_egm_msgs/msg/rosidl_generator_c__visibility_control.h
[1.816s] -- Up-to-date symlink: /home/ubuntu/ros2ws/install/abb_egm_msgs/share/abb_egm_msgs/environment/library_path.sh
[1.816s] -- Up-to-date symlink: /home/ubuntu/ros2ws/install/abb_egm_msgs/share/abb_egm_msgs/environment/library_path.dsv
[1.817s] -- Up-to-date symlink: /home/ubuntu/ros2ws/install/abb_egm_msgs/include/abb_egm_msgs/abb_egm_msgs/msg/detail/egm_channel_state__rosidl_typesupport_fastrtps_c.h
[1.817s] -- Up-to-date symlink: /home/ubuntu/ros2ws/install/abb_egm_msgs/include/abb_egm_msgs/abb_egm_msgs/msg/detail/egm_state__rosidl_typesupport_fastrtps_c.h
[1.817s] -- Up-to-date symlink: /home/ubuntu/ros2ws/install/abb_egm_msgs/include/abb_egm_msgs/abb_egm_msgs/msg/rosidl_typesupport_fastrtps_c__visibility_control.h
[1.817s] -- Up-to-date symlink: /home/ubuntu/ros2ws/install/abb_egm_msgs/include/abb_egm_msgs/abb_egm_msgs/msg/detail/egm_channel_state__rosidl_typesupport_introspection_c.h
[1.817s] -- Up-to-date symlink: /home/ubuntu/ros2ws/install/abb_egm_msgs/include/abb_egm_msgs/abb_egm_msgs/msg/detail/egm_state__rosidl_typesupport_introspection_c.h
[1.817s] -- Up-to-date symlink: /home/ubuntu/ros2ws/install/abb_egm_msgs/include/abb_egm_msgs/abb_egm_msgs/msg/rosidl_typesupport_introspection_c__visibility_control.h
[1.817s] -- Up-to-date symlink: /home/ubuntu/ros2ws/install/abb_egm_msgs/include/abb_egm_msgs/abb_egm_msgs/msg/detail/egm_channel_state__builder.hpp
[1.817s] -- Up-to-date symlink: /home/ubuntu/ros2ws/install/abb_egm_msgs/include/abb_egm_msgs/abb_egm_msgs/msg/detail/egm_channel_state__struct.hpp
[1.817s] -- Up-to-date symlink: /home/ubuntu/ros2ws/install/abb_egm_msgs/include/abb_egm_msgs/abb_egm_msgs/msg/detail/egm_channel_state__traits.hpp
[1.817s] -- Up-to-date symlink: /home/ubuntu/ros2ws/install/abb_egm_msgs/include/abb_egm_msgs/abb_egm_msgs/msg/detail/egm_state__builder.hpp
[1.818s] -- Up-to-date symlink: /home/ubuntu/ros2ws/install/abb_egm_msgs/include/abb_egm_msgs/abb_egm_msgs/msg/detail/egm_state__struct.hpp
[1.818s] -- Up-to-date symlink: /home/ubuntu/ros2ws/install/abb_egm_msgs/include/abb_egm_msgs/abb_egm_msgs/msg/detail/egm_state__traits.hpp
[1.818s] -- Up-to-date symlink: /home/ubuntu/ros2ws/install/abb_egm_msgs/include/abb_egm_msgs/abb_egm_msgs/msg/egm_channel_state.hpp
[1.818s] -- Up-to-date symlink: /home/ubuntu/ros2ws/install/abb_egm_msgs/include/abb_egm_msgs/abb_egm_msgs/msg/egm_state.hpp
[1.819s] -- Up-to-date symlink: /home/ubuntu/ros2ws/install/abb_egm_msgs/include/abb_egm_msgs/abb_egm_msgs/msg/detail/egm_channel_state__rosidl_typesupport_fastrtps_cpp.hpp
[1.819s] -- Up-to-date symlink: /home/ubuntu/ros2ws/install/abb_egm_msgs/include/abb_egm_msgs/abb_egm_msgs/msg/detail/egm_state__rosidl_typesupport_fastrtps_cpp.hpp
[1.822s] -- Up-to-date symlink: /home/ubuntu/ros2ws/install/abb_egm_msgs/include/abb_egm_msgs/abb_egm_msgs/msg/rosidl_typesupport_fastrtps_cpp__visibility_control.h
[1.822s] -- Up-to-date symlink: /home/ubuntu/ros2ws/install/abb_egm_msgs/include/abb_egm_msgs/abb_egm_msgs/msg/detail/egm_channel_state__rosidl_typesupport_introspection_cpp.hpp
[1.822s] -- Up-to-date symlink: /home/ubuntu/ros2ws/install/abb_egm_msgs/include/abb_egm_msgs/abb_egm_msgs/msg/detail/egm_state__rosidl_typesupport_introspection_cpp.hpp
[1.822s] -- Up-to-date symlink: /home/ubuntu/ros2ws/install/abb_egm_msgs/share/abb_egm_msgs/environment/pythonpath.sh
[1.822s] -- Up-to-date symlink: /home/ubuntu/ros2ws/install/abb_egm_msgs/share/abb_egm_msgs/environment/pythonpath.dsv
[1.822s] -- Up-to-date symlink: /home/ubuntu/ros2ws/install/abb_egm_msgs/local/lib/python3.10/dist-packages/abb_egm_msgs-1.0.0-py3.10.egg-info/PKG-INFO
[1.823s] -- Up-to-date symlink: /home/ubuntu/ros2ws/install/abb_egm_msgs/local/lib/python3.10/dist-packages/abb_egm_msgs-1.0.0-py3.10.egg-info/SOURCES.txt
[1.824s] -- Up-to-date symlink: /home/ubuntu/ros2ws/install/abb_egm_msgs/local/lib/python3.10/dist-packages/abb_egm_msgs-1.0.0-py3.10.egg-info/dependency_links.txt
[1.824s] -- Up-to-date symlink: /home/ubuntu/ros2ws/install/abb_egm_msgs/local/lib/python3.10/dist-packages/abb_egm_msgs-1.0.0-py3.10.egg-info/top_level.txt
[1.828s] -- Up-to-date symlink: /home/ubuntu/ros2ws/install/abb_egm_msgs/local/lib/python3.10/dist-packages/abb_egm_msgs/__init__.py
[1.828s] -- Up-to-date symlink: /home/ubuntu/ros2ws/install/abb_egm_msgs/local/lib/python3.10/dist-packages/abb_egm_msgs/_abb_egm_msgs_s.ep.rosidl_typesupport_c.c
[1.828s] -- Up-to-date symlink: /home/ubuntu/ros2ws/install/abb_egm_msgs/local/lib/python3.10/dist-packages/abb_egm_msgs/_abb_egm_msgs_s.ep.rosidl_typesupport_fastrtps_c.c
[1.828s] -- Up-to-date symlink: /home/ubuntu/ros2ws/install/abb_egm_msgs/local/lib/python3.10/dist-packages/abb_egm_msgs/_abb_egm_msgs_s.ep.rosidl_typesupport_introspection_c.c
[1.828s] -- Up-to-date symlink: /home/ubuntu/ros2ws/install/abb_egm_msgs/local/lib/python3.10/dist-packages/abb_egm_msgs/abb_egm_msgs_s__rosidl_typesupport_c.cpython-310-x86_64-linux-gnu.so
[1.828s] -- Up-to-date symlink: /home/ubuntu/ros2ws/install/abb_egm_msgs/local/lib/python3.10/dist-packages/abb_egm_msgs/abb_egm_msgs_s__rosidl_typesupport_fastrtps_c.cpython-310-x86_64-linux-gnu.so
[1.828s] -- Up-to-date symlink: /home/ubuntu/ros2ws/install/abb_egm_msgs/local/lib/python3.10/dist-packages/abb_egm_msgs/abb_egm_msgs_s__rosidl_typesupport_introspection_c.cpython-310-x86_64-linux-gnu.so
[1.828s] -- Up-to-date symlink: /home/ubuntu/ros2ws/install/abb_egm_msgs/local/lib/python3.10/dist-packages/abb_egm_msgs/libabb_egm_msgs__rosidl_generator_py.so
[1.828s] -- Up-to-date symlink: /home/ubuntu/ros2ws/install/abb_egm_msgs/local/lib/python3.10/dist-packages/abb_egm_msgs/msg/__init__.py
[1.828s] -- Up-to-date symlink: /home/ubuntu/ros2ws/install/abb_egm_msgs/local/lib/python3.10/dist-packages/abb_egm_msgs/msg/_egm_channel_state.py
[1.829s] -- Up-to-date symlink: /home/ubuntu/ros2ws/install/abb_egm_msgs/local/lib/python3.10/dist-packages/abb_egm_msgs/msg/_egm_channel_state_s.c
[1.829s] -- Up-to-date symlink: /home/ubuntu/ros2ws/install/abb_egm_msgs/local/lib/python3.10/dist-packages/abb_egm_msgs/msg/_egm_state.py
[1.829s] -- Up-to-date symlink: /home/ubuntu/ros2ws/install/abb_egm_msgs/local/lib/python3.10/dist-packages/abb_egm_msgs/msg/_egm_state_s.c
[1.829s] -- Up-to-date symlink: /home/ubuntu/ros2ws/install/abb_egm_msgs/local/lib/python3.10/dist-packages/abb_egm_msgs/abb_egm_msgs_s__rosidl_typesupport_fastrtps_c.cpython-310-x86_64-linux-gnu.so
[1.829s] -- Up-to-date symlink: /home/ubuntu/ros2ws/install/abb_egm_msgs/local/lib/python3.10/dist-packages/abb_egm_msgs/abb_egm_msgs_s__rosidl_typesupport_introspection_c.cpython-310-x86_64-linux-gnu.so
[1.829s] -- Up-to-date symlink: /home/ubuntu/ros2ws/install/abb_egm_msgs/local/lib/python3.10/dist-packages/abb_egm_msgs/abb_egm_msgs_s__rosidl_typesupport_c.cpython-310-x86_64-linux-gnu.so
[1.829s] -- Up-to-date symlink: /home/ubuntu/ros2ws/install/abb_egm_msgs/share/abb_egm_msgs/msg/EGMChannelState.idl
[1.829s] -- Up-to-date symlink: /home/ubuntu/ros2ws/install/abb_egm_msgs/share/abb_egm_msgs/msg/EGMState.idl
[1.829s] -- Up-to-date symlink: /home/ubuntu/ros2ws/install/abb_egm_msgs/share/abb_egm_msgs/msg/EGMChannelState.msg
[1.829s] -- Up-to-date symlink: /home/ubuntu/ros2ws/install/abb_egm_msgs/share/abb_egm_msgs/msg/EGMState.msg
[1.829s] -- Up-to-date symlink: /home/ubuntu/ros2ws/install/abb_egm_msgs/share/ament_index/resource_index/package_run_dependencies/abb_egm_msgs
[1.830s] -- Up-to-date symlink: /home/ubuntu/ros2ws/install/abb_egm_msgs/share/ament_index/resource_index/parent_prefix_path/abb_egm_msgs
[1.830s] -- Up-to-date symlink: /home/ubuntu/ros2ws/install/abb_egm_msgs/share/abb_egm_msgs/environment/ament_prefix_path.sh
[1.830s] -- Up-to-date symlink: /home/ubuntu/ros2ws/install/abb_egm_msgs/share/abb_egm_msgs/environment/ament_prefix_path.dsv
[1.830s] -- Up-to-date symlink: /home/ubuntu/ros2ws/install/abb_egm_msgs/share/abb_egm_msgs/environment/path.sh
[1.830s] -- Up-to-date symlink: /home/ubuntu/ros2ws/install/abb_egm_msgs/share/abb_egm_msgs/environment/path.dsv
[1.830s] -- Up-to-date symlink: /home/ubuntu/ros2ws/install/abb_egm_msgs/share/abb_egm_msgs/local_setup.bash
[1.830s] -- Up-to-date symlink: /home/ubuntu/ros2ws/install/abb_egm_msgs/share/abb_egm_msgs/local_setup.sh
[1.830s] -- Up-to-date symlink: /home/ubuntu/ros2ws/install/abb_egm_msgs/share/abb_egm_msgs/local_setup.zsh
[1.830s] -- Up-to-date symlink: /home/ubuntu/ros2ws/install/abb_egm_msgs/share/abb_egm_msgs/local_setup.dsv
[1.830s] -- Symlinking: /home/ubuntu/ros2ws/install/abb_egm_msgs/share/abb_egm_msgs/package.dsv
[1.855s] -- Up-to-date symlink: /home/ubuntu/ros2ws/install/abb_egm_msgs/share/ament_index/resource_index/packages/abb_egm_msgs
[1.857s] -- Up-to-date symlink: /home/ubuntu/ros2ws/install/abb_egm_msgs/share/abb_egm_msgs/cmake/rosidl_cmake-extras.cmake
[1.858s] -- Up-to-date symlink: /home/ubuntu/ros2ws/install/abb_egm_msgs/share/abb_egm_msgs/cmake/ament_cmake_export_dependencies-extras.cmake
[1.859s] -- Up-to-date symlink: /home/ubuntu/ros2ws/install/abb_egm_msgs/share/abb_egm_msgs/cmake/ament_cmake_export_include_directories-extras.cmake
[1.859s] -- Up-to-date symlink: /home/ubuntu/ros2ws/install/abb_egm_msgs/share/abb_egm_msgs/cmake/ament_cmake_export_libraries-extras.cmake
[1.859s] -- Up-to-date symlink: /home/ubuntu/ros2ws/install/abb_egm_msgs/share/abb_egm_msgs/cmake/ament_cmake_export_targets-extras.cmake
[1.859s] -- Up-to-date symlink: /home/ubuntu/ros2ws/install/abb_egm_msgs/share/abb_egm_msgs/cmake/rosidl_cmake_export_typesupport_targets-extras.cmake
[1.859s] -- Up-to-date symlink: /home/ubuntu/ros2ws/install/abb_egm_msgs/share/abb_egm_msgs/cmake/rosidl_cmake_export_typesupport_libraries-extras.cmake
[1.859s] -- Up-to-date symlink: /home/ubuntu/ros2ws/install/abb_egm_msgs/share/abb_egm_msgs/cmake/abb_egm_msgsConfig.cmake
[1.860s] -- Up-to-date symlink: /home/ubuntu/ros2ws/install/abb_egm_msgs/share/abb_egm_msgs/cmake/abb_egm_msgsConfig-version.cmake
[1.860s] -- Up-to-date symlink: /home/ubuntu/ros2ws/install/abb_egm_msgs/share/abb_egm_msgs/package.xml
[1.860s] -- Up-to-date: /home/ubuntu/ros2ws/install/abb_egm_msgs/lib/libabb_egm_msgs__rosidl_generator_c.so
[1.861s] -- Up-to-date: /home/ubuntu/ros2ws/install/abb_egm_msgs/lib/libabb_egm_msgs__rosidl_typesupport_fastrtps_c.so
[1.862s] -- Up-to-date: /home/ubuntu/ros2ws/install/abb_egm_msgs/lib/libabb_egm_msgs__rosidl_typesupport_introspection_c.so
[1.863s] -- Up-to-date: /home/ubuntu/ros2ws/install/abb_egm_msgs/lib/libabb_egm_msgs__rosidl_typesupport_c.so
[1.864s] -- Up-to-date: /home/ubuntu/ros2ws/install/abb_egm_msgs/lib/libabb_egm_msgs__rosidl_typesupport_fastrtps_cpp.so
[1.864s] -- Up-to-date: /home/ubuntu/ros2ws/install/abb_egm_msgs/lib/libabb_egm_msgs__rosidl_typesupport_introspection_cpp.so
[1.865s] -- Up-to-date: /home/ubuntu/ros2ws/install/abb_egm_msgs/lib/libabb_egm_msgs__rosidl_typesupport_cpp.so
[1.978s] Listing '/home/ubuntu/ros2ws/install/abb_egm_msgs/local/lib/python3.10/dist-packages/abb_egm_msgs'...
[1.978s] Listing '/home/ubuntu/ros2ws/install/abb_egm_msgs/local/lib/python3.10/dist-packages/abb_egm_msgs/msg'...
[1.991s] -- Up-to-date: /home/ubuntu/ros2ws/install/abb_egm_msgs/lib/libabb_egm_msgs__rosidl_generator_py.so
[1.995s] -- Up-to-date: /home/ubuntu/ros2ws/install/abb_egm_msgs/share/abb_egm_msgs/cmake/export_abb_egm_msgs__rosidl_generator_cExport.cmake
[1.995s] -- Up-to-date: /home/ubuntu/ros2ws/install/abb_egm_msgs/share/abb_egm_msgs/cmake/export_abb_egm_msgs__rosidl_generator_cExport-noconfig.cmake
[1.996s] -- Up-to-date: /home/ubuntu/ros2ws/install/abb_egm_msgs/share/abb_egm_msgs/cmake/export_abb_egm_msgs__rosidl_typesupport_fastrtps_cExport.cmake
[1.996s] -- Up-to-date: /home/ubuntu/ros2ws/install/abb_egm_msgs/share/abb_egm_msgs/cmake/export_abb_egm_msgs__rosidl_typesupport_fastrtps_cExport-noconfig.cmake
[1.996s] -- Up-to-date: /home/ubuntu/ros2ws/install/abb_egm_msgs/share/abb_egm_msgs/cmake/abb_egm_msgs__rosidl_typesupport_introspection_cExport.cmake
[1.996s] -- Up-to-date: /home/ubuntu/ros2ws/install/abb_egm_msgs/share/abb_egm_msgs/cmake/abb_egm_msgs__rosidl_typesupport_introspection_cExport-noconfig.cmake
[1.996s] -- Up-to-date: /home/ubuntu/ros2ws/install/abb_egm_msgs/share/abb_egm_msgs/cmake/abb_egm_msgs__rosidl_typesupport_cExport.cmake
[1.996s] -- Up-to-date: /home/ubuntu/ros2ws/install/abb_egm_msgs/share/abb_egm_msgs/cmake/abb_egm_msgs__rosidl_typesupport_cExport-noconfig.cmake
[1.996s] -- Up-to-date: /home/ubuntu/ros2ws/install/abb_egm_msgs/share/abb_egm_msgs/cmake/export_abb_egm_msgs__rosidl_generator_cppExport.cmake
[1.996s] -- Up-to-date: /home/ubuntu/ros2ws/install/abb_egm_msgs/share/abb_egm_msgs/cmake/export_abb_egm_msgs__rosidl_typesupport_fastrtps_cppExport.cmake
[1.996s] -- Up-to-date: /home/ubuntu/ros2ws/install/abb_egm_msgs/share/abb_egm_msgs/cmake/export_abb_egm_msgs__rosidl_typesupport_fastrtps_cppExport-noconfig.cmake
[1.997s] -- Up-to-date: /home/ubuntu/ros2ws/install/abb_egm_msgs/share/abb_egm_msgs/cmake/abb_egm_msgs__rosidl_typesupport_introspection_cppExport.cmake
[1.997s] -- Up-to-date: /home/ubuntu/ros2ws/install/abb_egm_msgs/share/abb_egm_msgs/cmake/abb_egm_msgs__rosidl_typesupport_introspection_cppExport-noconfig.cmake
[1.997s] -- Up-to-date: /home/ubuntu/ros2ws/install/abb_egm_msgs/share/abb_egm_msgs/cmake/abb_egm_msgs__rosidl_typesupport_cppExport.cmake
[1.997s] -- Up-to-date: /home/ubuntu/ros2ws/install/abb_egm_msgs/share/abb_egm_msgs/cmake/abb_egm_msgs__rosidl_typesupport_cppExport-noconfig.cmake
[2.001s] -- Up-to-date: /home/ubuntu/ros2ws/install/abb_egm_msgs/share/abb_egm_msgs/cmake/export_abb_egm_msgs__rosidl_generator_pyExport.cmake
[2.001s] -- Up-to-date: /home/ubuntu/ros2ws/install/abb_egm_msgs/share/abb_egm_msgs/cmake/export_abb_egm_msgs__rosidl_generator_pyExport-noconfig.cmake
[2.009s] Invoked command in '/home/ubuntu/ros2ws/build/abb_egm_msgs' returned '0': CMAKE_PREFIX_PATH=${CMAKE_PREFIX_PATH}:/home/ubuntu/ros2ws/install/testV1:/home/ubuntu/ros2ws/install/gui_subscriber:/home/ubuntu/ros2ws/install/moveit_configs_utils:/home/ubuntu/ros2ws/install/robot_letter_writer:/home/ubuntu/ros2ws/install/launch_param_builder:/opt/ros/humble /usr/bin/cmake --install /home/ubuntu/ros2ws/build/abb_egm_msgs
