[0.055s] Invoking command in '/home/ubuntu/ros2ws/build/ros2srrc_data': CMAKE_PREFIX_PATH=${CMAKE_PREFIX_PATH}:/home/ubuntu/ros2ws/install/testV1:/home/ubuntu/ros2ws/install/gui_subscriber:/home/ubuntu/ros2ws/install/moveit_configs_utils:/home/ubuntu/ros2ws/install/robot_letter_writer:/home/ubuntu/ros2ws/install/launch_param_builder:/opt/ros/humble /usr/bin/cmake --build /home/ubuntu/ros2ws/build/ros2srrc_data -- -j4 -l4
[0.225s] [  0%] Built target ros2srrc_data__cpp
[0.267s] [  0%] Built target ament_cmake_python_symlink_ros2srrc_data
[0.279s] [ 12%] Built target ros2srrc_data__rosidl_generator_c
[0.343s] [ 24%] Built target ros2srrc_data__rosidl_typesupport_fastrtps_cpp
[0.370s] [ 36%] Built target ros2srrc_data__rosidl_typesupport_cpp
[0.408s] [ 48%] Built target ros2srrc_data__rosidl_typesupport_introspection_cpp
[0.485s] [ 60%] Built target ros2srrc_data__rosidl_typesupport_fastrtps_c
[0.522s] [ 72%] Built target ros2srrc_data__rosidl_typesupport_introspection_c
[0.535s] [ 84%] Built target ros2srrc_data__rosidl_typesupport_c
[0.622s] [ 84%] Built target ros2srrc_data
[0.737s] [ 85%] Built target ros2srrc_data__py
[0.830s] [ 96%] Built target ros2srrc_data__rosidl_generator_py
[0.939s] [ 97%] Built target ros2srrc_data__rosidl_typesupport_c__pyext
[0.959s] [ 98%] Built target ros2srrc_data__rosidl_typesupport_fastrtps_c__pyext
[0.960s] [100%] Built target ros2srrc_data__rosidl_typesupport_introspection_c__pyext
[0.989s] running egg_info
[0.990s] writing ros2srrc_data.egg-info/PKG-INFO
[0.991s] writing dependency_links to ros2srrc_data.egg-info/dependency_links.txt
[0.991s] writing top-level names to ros2srrc_data.egg-info/top_level.txt
[0.997s] reading manifest file 'ros2srrc_data.egg-info/SOURCES.txt'
[0.997s] writing manifest file 'ros2srrc_data.egg-info/SOURCES.txt'
[1.056s] [100%] Built target ament_cmake_python_build_ros2srrc_data_egg
[1.139s] Invoked command in '/home/ubuntu/ros2ws/build/ros2srrc_data' returned '0': CMAKE_PREFIX_PATH=${CMAKE_PREFIX_PATH}:/home/ubuntu/ros2ws/install/testV1:/home/ubuntu/ros2ws/install/gui_subscriber:/home/ubuntu/ros2ws/install/moveit_configs_utils:/home/ubuntu/ros2ws/install/robot_letter_writer:/home/ubuntu/ros2ws/install/launch_param_builder:/opt/ros/humble /usr/bin/cmake --build /home/ubuntu/ros2ws/build/ros2srrc_data -- -j4 -l4
[3.359s] Invoking command in '/home/ubuntu/ros2ws/build/ros2srrc_data': CMAKE_PREFIX_PATH=${CMAKE_PREFIX_PATH}:/home/ubuntu/ros2ws/install/testV1:/home/ubuntu/ros2ws/install/gui_subscriber:/home/ubuntu/ros2ws/install/moveit_configs_utils:/home/ubuntu/ros2ws/install/robot_letter_writer:/home/ubuntu/ros2ws/install/launch_param_builder:/opt/ros/humble /usr/bin/cmake --install /home/ubuntu/ros2ws/build/ros2srrc_data
[3.388s] -- Install configuration: ""
[3.389s] -- Execute custom install script
[3.389s] -- Up-to-date symlink: /home/ubuntu/ros2ws/install/ros2srrc_data/share/ros2srrc_data/action/Move.action
[3.389s] -- Up-to-date symlink: /home/ubuntu/ros2ws/install/ros2srrc_data/share/ros2srrc_data/action/Robmove.action
[3.395s] -- Up-to-date symlink: /home/ubuntu/ros2ws/install/ros2srrc_data/share/ros2srrc_data/action/Sequence.action
[3.395s] -- Up-to-date symlink: /home/ubuntu/ros2ws/install/ros2srrc_data/share/ros2srrc_data/msg/Action.msg
[3.396s] -- Up-to-date symlink: /home/ubuntu/ros2ws/install/ros2srrc_data/share/ros2srrc_data/msg/Joint.msg
[3.396s] -- Up-to-date symlink: /home/ubuntu/ros2ws/install/ros2srrc_data/share/ros2srrc_data/msg/Joints.msg
[3.396s] -- Up-to-date symlink: /home/ubuntu/ros2ws/install/ros2srrc_data/share/ros2srrc_data/msg/Linkattacher.msg
[3.396s] -- Up-to-date symlink: /home/ubuntu/ros2ws/install/ros2srrc_data/share/ros2srrc_data/msg/Robmove.msg
[3.396s] -- Up-to-date symlink: /home/ubuntu/ros2ws/install/ros2srrc_data/share/ros2srrc_data/msg/Robpose.msg
[3.397s] -- Up-to-date symlink: /home/ubuntu/ros2ws/install/ros2srrc_data/share/ros2srrc_data/msg/Specs.msg
[3.397s] -- Up-to-date symlink: /home/ubuntu/ros2ws/install/ros2srrc_data/share/ros2srrc_data/msg/Xyz.msg
[3.397s] -- Up-to-date symlink: /home/ubuntu/ros2ws/install/ros2srrc_data/share/ros2srrc_data/msg/Xyzypr.msg
[3.398s] -- Up-to-date symlink: /home/ubuntu/ros2ws/install/ros2srrc_data/share/ros2srrc_data/msg/Ypr.msg
[3.398s] -- Up-to-date symlink: /home/ubuntu/ros2ws/install/ros2srrc_data/share/ament_index/resource_index/rosidl_interfaces/ros2srrc_data
[3.398s] -- Up-to-date symlink: /home/ubuntu/ros2ws/install/ros2srrc_data/include/ros2srrc_data/ros2srrc_data/action/detail/move__functions.h
[3.398s] -- Up-to-date symlink: /home/ubuntu/ros2ws/install/ros2srrc_data/include/ros2srrc_data/ros2srrc_data/action/detail/move__struct.h
[3.398s] -- Up-to-date symlink: /home/ubuntu/ros2ws/install/ros2srrc_data/include/ros2srrc_data/ros2srrc_data/action/detail/move__type_support.h
[3.399s] -- Up-to-date symlink: /home/ubuntu/ros2ws/install/ros2srrc_data/include/ros2srrc_data/ros2srrc_data/action/detail/robmove__functions.h
[3.401s] -- Up-to-date symlink: /home/ubuntu/ros2ws/install/ros2srrc_data/include/ros2srrc_data/ros2srrc_data/action/detail/robmove__struct.h
[3.401s] -- Up-to-date symlink: /home/ubuntu/ros2ws/install/ros2srrc_data/include/ros2srrc_data/ros2srrc_data/action/detail/robmove__type_support.h
[3.402s] -- Up-to-date symlink: /home/ubuntu/ros2ws/install/ros2srrc_data/include/ros2srrc_data/ros2srrc_data/action/detail/sequence__functions.h
[3.402s] -- Up-to-date symlink: /home/ubuntu/ros2ws/install/ros2srrc_data/include/ros2srrc_data/ros2srrc_data/action/detail/sequence__struct.h
[3.402s] -- Up-to-date symlink: /home/ubuntu/ros2ws/install/ros2srrc_data/include/ros2srrc_data/ros2srrc_data/action/detail/sequence__type_support.h
[3.402s] -- Up-to-date symlink: /home/ubuntu/ros2ws/install/ros2srrc_data/include/ros2srrc_data/ros2srrc_data/action/move.h
[3.403s] -- Up-to-date symlink: /home/ubuntu/ros2ws/install/ros2srrc_data/include/ros2srrc_data/ros2srrc_data/action/robmove.h
[3.403s] -- Up-to-date symlink: /home/ubuntu/ros2ws/install/ros2srrc_data/include/ros2srrc_data/ros2srrc_data/action/sequence.h
[3.403s] -- Up-to-date symlink: /home/ubuntu/ros2ws/install/ros2srrc_data/include/ros2srrc_data/ros2srrc_data/msg/action.h
[3.403s] -- Up-to-date symlink: /home/ubuntu/ros2ws/install/ros2srrc_data/include/ros2srrc_data/ros2srrc_data/msg/detail/action__functions.h
[3.403s] -- Up-to-date symlink: /home/ubuntu/ros2ws/install/ros2srrc_data/include/ros2srrc_data/ros2srrc_data/msg/detail/action__struct.h
[3.403s] -- Up-to-date symlink: /home/ubuntu/ros2ws/install/ros2srrc_data/include/ros2srrc_data/ros2srrc_data/msg/detail/action__type_support.h
[3.403s] -- Up-to-date symlink: /home/ubuntu/ros2ws/install/ros2srrc_data/include/ros2srrc_data/ros2srrc_data/msg/detail/joint__functions.h
[3.406s] -- Up-to-date symlink: /home/ubuntu/ros2ws/install/ros2srrc_data/include/ros2srrc_data/ros2srrc_data/msg/detail/joint__struct.h
[3.406s] -- Up-to-date symlink: /home/ubuntu/ros2ws/install/ros2srrc_data/include/ros2srrc_data/ros2srrc_data/msg/detail/joint__type_support.h
[3.406s] -- Up-to-date symlink: /home/ubuntu/ros2ws/install/ros2srrc_data/include/ros2srrc_data/ros2srrc_data/msg/detail/joints__functions.h
[3.406s] -- Up-to-date symlink: /home/ubuntu/ros2ws/install/ros2srrc_data/include/ros2srrc_data/ros2srrc_data/msg/detail/joints__struct.h
[3.406s] -- Up-to-date symlink: /home/ubuntu/ros2ws/install/ros2srrc_data/include/ros2srrc_data/ros2srrc_data/msg/detail/joints__type_support.h
[3.407s] -- Up-to-date symlink: /home/ubuntu/ros2ws/install/ros2srrc_data/include/ros2srrc_data/ros2srrc_data/msg/detail/linkattacher__functions.h
[3.407s] -- Up-to-date symlink: /home/ubuntu/ros2ws/install/ros2srrc_data/include/ros2srrc_data/ros2srrc_data/msg/detail/linkattacher__struct.h
[3.407s] -- Up-to-date symlink: /home/ubuntu/ros2ws/install/ros2srrc_data/include/ros2srrc_data/ros2srrc_data/msg/detail/linkattacher__type_support.h
[3.407s] -- Up-to-date symlink: /home/ubuntu/ros2ws/install/ros2srrc_data/include/ros2srrc_data/ros2srrc_data/msg/detail/robmove__functions.h
[3.407s] -- Up-to-date symlink: /home/ubuntu/ros2ws/install/ros2srrc_data/include/ros2srrc_data/ros2srrc_data/msg/detail/robmove__struct.h
[3.407s] -- Up-to-date symlink: /home/ubuntu/ros2ws/install/ros2srrc_data/include/ros2srrc_data/ros2srrc_data/msg/detail/robmove__type_support.h
[3.407s] -- Up-to-date symlink: /home/ubuntu/ros2ws/install/ros2srrc_data/include/ros2srrc_data/ros2srrc_data/msg/detail/robpose__functions.h
[3.407s] -- Up-to-date symlink: /home/ubuntu/ros2ws/install/ros2srrc_data/include/ros2srrc_data/ros2srrc_data/msg/detail/robpose__struct.h
[3.407s] -- Up-to-date symlink: /home/ubuntu/ros2ws/install/ros2srrc_data/include/ros2srrc_data/ros2srrc_data/msg/detail/robpose__type_support.h
[3.407s] -- Up-to-date symlink: /home/ubuntu/ros2ws/install/ros2srrc_data/include/ros2srrc_data/ros2srrc_data/msg/detail/specs__functions.h
[3.407s] -- Up-to-date symlink: /home/ubuntu/ros2ws/install/ros2srrc_data/include/ros2srrc_data/ros2srrc_data/msg/detail/specs__struct.h
[3.407s] -- Up-to-date symlink: /home/ubuntu/ros2ws/install/ros2srrc_data/include/ros2srrc_data/ros2srrc_data/msg/detail/specs__type_support.h
[3.408s] -- Up-to-date symlink: /home/ubuntu/ros2ws/install/ros2srrc_data/include/ros2srrc_data/ros2srrc_data/msg/detail/xyz__functions.h
[3.408s] -- Up-to-date symlink: /home/ubuntu/ros2ws/install/ros2srrc_data/include/ros2srrc_data/ros2srrc_data/msg/detail/xyz__struct.h
[3.408s] -- Up-to-date symlink: /home/ubuntu/ros2ws/install/ros2srrc_data/include/ros2srrc_data/ros2srrc_data/msg/detail/xyz__type_support.h
[3.408s] -- Up-to-date symlink: /home/ubuntu/ros2ws/install/ros2srrc_data/include/ros2srrc_data/ros2srrc_data/msg/detail/xyzypr__functions.h
[3.408s] -- Up-to-date symlink: /home/ubuntu/ros2ws/install/ros2srrc_data/include/ros2srrc_data/ros2srrc_data/msg/detail/xyzypr__struct.h
[3.408s] -- Up-to-date symlink: /home/ubuntu/ros2ws/install/ros2srrc_data/include/ros2srrc_data/ros2srrc_data/msg/detail/xyzypr__type_support.h
[3.408s] -- Up-to-date symlink: /home/ubuntu/ros2ws/install/ros2srrc_data/include/ros2srrc_data/ros2srrc_data/msg/detail/ypr__functions.h
[3.408s] -- Up-to-date symlink: /home/ubuntu/ros2ws/install/ros2srrc_data/include/ros2srrc_data/ros2srrc_data/msg/detail/ypr__struct.h
[3.409s] -- Up-to-date symlink: /home/ubuntu/ros2ws/install/ros2srrc_data/include/ros2srrc_data/ros2srrc_data/msg/detail/ypr__type_support.h
[3.409s] -- Up-to-date symlink: /home/ubuntu/ros2ws/install/ros2srrc_data/include/ros2srrc_data/ros2srrc_data/msg/joint.h
[3.409s] -- Up-to-date symlink: /home/ubuntu/ros2ws/install/ros2srrc_data/include/ros2srrc_data/ros2srrc_data/msg/joints.h
[3.409s] -- Up-to-date symlink: /home/ubuntu/ros2ws/install/ros2srrc_data/include/ros2srrc_data/ros2srrc_data/msg/linkattacher.h
[3.409s] -- Up-to-date symlink: /home/ubuntu/ros2ws/install/ros2srrc_data/include/ros2srrc_data/ros2srrc_data/msg/robmove.h
[3.409s] -- Up-to-date symlink: /home/ubuntu/ros2ws/install/ros2srrc_data/include/ros2srrc_data/ros2srrc_data/msg/robpose.h
[3.409s] -- Up-to-date symlink: /home/ubuntu/ros2ws/install/ros2srrc_data/include/ros2srrc_data/ros2srrc_data/msg/rosidl_generator_c__visibility_control.h
[3.409s] -- Up-to-date symlink: /home/ubuntu/ros2ws/install/ros2srrc_data/include/ros2srrc_data/ros2srrc_data/msg/specs.h
[3.409s] -- Up-to-date symlink: /home/ubuntu/ros2ws/install/ros2srrc_data/include/ros2srrc_data/ros2srrc_data/msg/xyz.h
[3.411s] -- Up-to-date symlink: /home/ubuntu/ros2ws/install/ros2srrc_data/include/ros2srrc_data/ros2srrc_data/msg/xyzypr.h
[3.411s] -- Up-to-date symlink: /home/ubuntu/ros2ws/install/ros2srrc_data/include/ros2srrc_data/ros2srrc_data/msg/ypr.h
[3.411s] -- Up-to-date symlink: /home/ubuntu/ros2ws/install/ros2srrc_data/share/ros2srrc_data/environment/library_path.sh
[3.411s] -- Up-to-date symlink: /home/ubuntu/ros2ws/install/ros2srrc_data/share/ros2srrc_data/environment/library_path.dsv
[3.411s] -- Up-to-date symlink: /home/ubuntu/ros2ws/install/ros2srrc_data/include/ros2srrc_data/ros2srrc_data/action/detail/move__rosidl_typesupport_fastrtps_c.h
[3.411s] -- Up-to-date symlink: /home/ubuntu/ros2ws/install/ros2srrc_data/include/ros2srrc_data/ros2srrc_data/action/detail/robmove__rosidl_typesupport_fastrtps_c.h
[3.411s] -- Up-to-date symlink: /home/ubuntu/ros2ws/install/ros2srrc_data/include/ros2srrc_data/ros2srrc_data/action/detail/sequence__rosidl_typesupport_fastrtps_c.h
[3.412s] -- Up-to-date symlink: /home/ubuntu/ros2ws/install/ros2srrc_data/include/ros2srrc_data/ros2srrc_data/msg/detail/action__rosidl_typesupport_fastrtps_c.h
[3.414s] -- Up-to-date symlink: /home/ubuntu/ros2ws/install/ros2srrc_data/include/ros2srrc_data/ros2srrc_data/msg/detail/joint__rosidl_typesupport_fastrtps_c.h
[3.414s] -- Up-to-date symlink: /home/ubuntu/ros2ws/install/ros2srrc_data/include/ros2srrc_data/ros2srrc_data/msg/detail/joints__rosidl_typesupport_fastrtps_c.h
[3.415s] -- Up-to-date symlink: /home/ubuntu/ros2ws/install/ros2srrc_data/include/ros2srrc_data/ros2srrc_data/msg/detail/linkattacher__rosidl_typesupport_fastrtps_c.h
[3.415s] -- Up-to-date symlink: /home/ubuntu/ros2ws/install/ros2srrc_data/include/ros2srrc_data/ros2srrc_data/msg/detail/robmove__rosidl_typesupport_fastrtps_c.h
[3.415s] -- Up-to-date symlink: /home/ubuntu/ros2ws/install/ros2srrc_data/include/ros2srrc_data/ros2srrc_data/msg/detail/robpose__rosidl_typesupport_fastrtps_c.h
[3.416s] -- Up-to-date symlink: /home/ubuntu/ros2ws/install/ros2srrc_data/include/ros2srrc_data/ros2srrc_data/msg/detail/specs__rosidl_typesupport_fastrtps_c.h
[3.416s] -- Up-to-date symlink: /home/ubuntu/ros2ws/install/ros2srrc_data/include/ros2srrc_data/ros2srrc_data/msg/detail/xyz__rosidl_typesupport_fastrtps_c.h
[3.417s] -- Up-to-date symlink: /home/ubuntu/ros2ws/install/ros2srrc_data/include/ros2srrc_data/ros2srrc_data/msg/detail/xyzypr__rosidl_typesupport_fastrtps_c.h
[3.417s] -- Up-to-date symlink: /home/ubuntu/ros2ws/install/ros2srrc_data/include/ros2srrc_data/ros2srrc_data/msg/detail/ypr__rosidl_typesupport_fastrtps_c.h
[3.419s] -- Up-to-date symlink: /home/ubuntu/ros2ws/install/ros2srrc_data/include/ros2srrc_data/ros2srrc_data/msg/rosidl_typesupport_fastrtps_c__visibility_control.h
[3.419s] -- Up-to-date symlink: /home/ubuntu/ros2ws/install/ros2srrc_data/include/ros2srrc_data/ros2srrc_data/action/detail/move__rosidl_typesupport_introspection_c.h
[3.419s] -- Up-to-date symlink: /home/ubuntu/ros2ws/install/ros2srrc_data/include/ros2srrc_data/ros2srrc_data/action/detail/robmove__rosidl_typesupport_introspection_c.h
[3.419s] -- Up-to-date symlink: /home/ubuntu/ros2ws/install/ros2srrc_data/include/ros2srrc_data/ros2srrc_data/action/detail/sequence__rosidl_typesupport_introspection_c.h
[3.419s] -- Up-to-date symlink: /home/ubuntu/ros2ws/install/ros2srrc_data/include/ros2srrc_data/ros2srrc_data/msg/detail/action__rosidl_typesupport_introspection_c.h
[3.420s] -- Up-to-date symlink: /home/ubuntu/ros2ws/install/ros2srrc_data/include/ros2srrc_data/ros2srrc_data/msg/detail/joint__rosidl_typesupport_introspection_c.h
[3.420s] -- Up-to-date symlink: /home/ubuntu/ros2ws/install/ros2srrc_data/include/ros2srrc_data/ros2srrc_data/msg/detail/joints__rosidl_typesupport_introspection_c.h
[3.424s] -- Up-to-date symlink: /home/ubuntu/ros2ws/install/ros2srrc_data/include/ros2srrc_data/ros2srrc_data/msg/detail/linkattacher__rosidl_typesupport_introspection_c.h
[3.424s] -- Up-to-date symlink: /home/ubuntu/ros2ws/install/ros2srrc_data/include/ros2srrc_data/ros2srrc_data/msg/detail/robmove__rosidl_typesupport_introspection_c.h
[3.424s] -- Up-to-date symlink: /home/ubuntu/ros2ws/install/ros2srrc_data/include/ros2srrc_data/ros2srrc_data/msg/detail/robpose__rosidl_typesupport_introspection_c.h
[3.424s] -- Up-to-date symlink: /home/ubuntu/ros2ws/install/ros2srrc_data/include/ros2srrc_data/ros2srrc_data/msg/detail/specs__rosidl_typesupport_introspection_c.h
[3.425s] -- Up-to-date symlink: /home/ubuntu/ros2ws/install/ros2srrc_data/include/ros2srrc_data/ros2srrc_data/msg/detail/xyz__rosidl_typesupport_introspection_c.h
[3.425s] -- Up-to-date symlink: /home/ubuntu/ros2ws/install/ros2srrc_data/include/ros2srrc_data/ros2srrc_data/msg/detail/xyzypr__rosidl_typesupport_introspection_c.h
[3.425s] -- Up-to-date symlink: /home/ubuntu/ros2ws/install/ros2srrc_data/include/ros2srrc_data/ros2srrc_data/msg/detail/ypr__rosidl_typesupport_introspection_c.h
[3.425s] -- Up-to-date symlink: /home/ubuntu/ros2ws/install/ros2srrc_data/include/ros2srrc_data/ros2srrc_data/msg/rosidl_typesupport_introspection_c__visibility_control.h
[3.428s] -- Up-to-date symlink: /home/ubuntu/ros2ws/install/ros2srrc_data/include/ros2srrc_data/ros2srrc_data/action/detail/move__builder.hpp
[3.429s] -- Up-to-date symlink: /home/ubuntu/ros2ws/install/ros2srrc_data/include/ros2srrc_data/ros2srrc_data/action/detail/move__struct.hpp
[3.429s] -- Up-to-date symlink: /home/ubuntu/ros2ws/install/ros2srrc_data/include/ros2srrc_data/ros2srrc_data/action/detail/move__traits.hpp
[3.429s] -- Up-to-date symlink: /home/ubuntu/ros2ws/install/ros2srrc_data/include/ros2srrc_data/ros2srrc_data/action/detail/robmove__builder.hpp
[3.429s] -- Up-to-date symlink: /home/ubuntu/ros2ws/install/ros2srrc_data/include/ros2srrc_data/ros2srrc_data/action/detail/robmove__struct.hpp
[3.430s] -- Up-to-date symlink: /home/ubuntu/ros2ws/install/ros2srrc_data/include/ros2srrc_data/ros2srrc_data/action/detail/robmove__traits.hpp
[3.430s] -- Up-to-date symlink: /home/ubuntu/ros2ws/install/ros2srrc_data/include/ros2srrc_data/ros2srrc_data/action/detail/sequence__builder.hpp
[3.432s] -- Up-to-date symlink: /home/ubuntu/ros2ws/install/ros2srrc_data/include/ros2srrc_data/ros2srrc_data/action/detail/sequence__struct.hpp
[3.432s] -- Up-to-date symlink: /home/ubuntu/ros2ws/install/ros2srrc_data/include/ros2srrc_data/ros2srrc_data/action/detail/sequence__traits.hpp
[3.432s] -- Up-to-date symlink: /home/ubuntu/ros2ws/install/ros2srrc_data/include/ros2srrc_data/ros2srrc_data/action/move.hpp
[3.432s] -- Up-to-date symlink: /home/ubuntu/ros2ws/install/ros2srrc_data/include/ros2srrc_data/ros2srrc_data/action/robmove.hpp
[3.432s] -- Up-to-date symlink: /home/ubuntu/ros2ws/install/ros2srrc_data/include/ros2srrc_data/ros2srrc_data/action/sequence.hpp
[3.432s] -- Up-to-date symlink: /home/ubuntu/ros2ws/install/ros2srrc_data/include/ros2srrc_data/ros2srrc_data/msg/action.hpp
[3.432s] -- Up-to-date symlink: /home/ubuntu/ros2ws/install/ros2srrc_data/include/ros2srrc_data/ros2srrc_data/msg/detail/action__builder.hpp
[3.433s] -- Up-to-date symlink: /home/ubuntu/ros2ws/install/ros2srrc_data/include/ros2srrc_data/ros2srrc_data/msg/detail/action__struct.hpp
[3.433s] -- Up-to-date symlink: /home/ubuntu/ros2ws/install/ros2srrc_data/include/ros2srrc_data/ros2srrc_data/msg/detail/action__traits.hpp
[3.433s] -- Up-to-date symlink: /home/ubuntu/ros2ws/install/ros2srrc_data/include/ros2srrc_data/ros2srrc_data/msg/detail/joint__builder.hpp
[3.433s] -- Up-to-date symlink: /home/ubuntu/ros2ws/install/ros2srrc_data/include/ros2srrc_data/ros2srrc_data/msg/detail/joint__struct.hpp
[3.433s] -- Up-to-date symlink: /home/ubuntu/ros2ws/install/ros2srrc_data/include/ros2srrc_data/ros2srrc_data/msg/detail/joint__traits.hpp
[3.433s] -- Up-to-date symlink: /home/ubuntu/ros2ws/install/ros2srrc_data/include/ros2srrc_data/ros2srrc_data/msg/detail/joints__builder.hpp
[3.433s] -- Up-to-date symlink: /home/ubuntu/ros2ws/install/ros2srrc_data/include/ros2srrc_data/ros2srrc_data/msg/detail/joints__struct.hpp
[3.434s] -- Up-to-date symlink: /home/ubuntu/ros2ws/install/ros2srrc_data/include/ros2srrc_data/ros2srrc_data/msg/detail/joints__traits.hpp
[3.434s] -- Up-to-date symlink: /home/ubuntu/ros2ws/install/ros2srrc_data/include/ros2srrc_data/ros2srrc_data/msg/detail/linkattacher__builder.hpp
[3.434s] -- Up-to-date symlink: /home/ubuntu/ros2ws/install/ros2srrc_data/include/ros2srrc_data/ros2srrc_data/msg/detail/linkattacher__struct.hpp
[3.434s] -- Up-to-date symlink: /home/ubuntu/ros2ws/install/ros2srrc_data/include/ros2srrc_data/ros2srrc_data/msg/detail/linkattacher__traits.hpp
[3.434s] -- Up-to-date symlink: /home/ubuntu/ros2ws/install/ros2srrc_data/include/ros2srrc_data/ros2srrc_data/msg/detail/robmove__builder.hpp
[3.435s] -- Up-to-date symlink: /home/ubuntu/ros2ws/install/ros2srrc_data/include/ros2srrc_data/ros2srrc_data/msg/detail/robmove__struct.hpp
[3.435s] -- Up-to-date symlink: /home/ubuntu/ros2ws/install/ros2srrc_data/include/ros2srrc_data/ros2srrc_data/msg/detail/robmove__traits.hpp
[3.436s] -- Up-to-date symlink: /home/ubuntu/ros2ws/install/ros2srrc_data/include/ros2srrc_data/ros2srrc_data/msg/detail/robpose__builder.hpp
[3.436s] -- Up-to-date symlink: /home/ubuntu/ros2ws/install/ros2srrc_data/include/ros2srrc_data/ros2srrc_data/msg/detail/robpose__struct.hpp
[3.436s] -- Up-to-date symlink: /home/ubuntu/ros2ws/install/ros2srrc_data/include/ros2srrc_data/ros2srrc_data/msg/detail/robpose__traits.hpp
[3.436s] -- Up-to-date symlink: /home/ubuntu/ros2ws/install/ros2srrc_data/include/ros2srrc_data/ros2srrc_data/msg/detail/specs__builder.hpp
[3.436s] -- Up-to-date symlink: /home/ubuntu/ros2ws/install/ros2srrc_data/include/ros2srrc_data/ros2srrc_data/msg/detail/specs__struct.hpp
[3.437s] -- Up-to-date symlink: /home/ubuntu/ros2ws/install/ros2srrc_data/include/ros2srrc_data/ros2srrc_data/msg/detail/specs__traits.hpp
[3.437s] -- Up-to-date symlink: /home/ubuntu/ros2ws/install/ros2srrc_data/include/ros2srrc_data/ros2srrc_data/msg/detail/xyz__builder.hpp
[3.438s] -- Up-to-date symlink: /home/ubuntu/ros2ws/install/ros2srrc_data/include/ros2srrc_data/ros2srrc_data/msg/detail/xyz__struct.hpp
[3.439s] -- Up-to-date symlink: /home/ubuntu/ros2ws/install/ros2srrc_data/include/ros2srrc_data/ros2srrc_data/msg/detail/xyz__traits.hpp
[3.440s] -- Up-to-date symlink: /home/ubuntu/ros2ws/install/ros2srrc_data/include/ros2srrc_data/ros2srrc_data/msg/detail/xyzypr__builder.hpp
[3.440s] -- Up-to-date symlink: /home/ubuntu/ros2ws/install/ros2srrc_data/include/ros2srrc_data/ros2srrc_data/msg/detail/xyzypr__struct.hpp
[3.440s] -- Up-to-date symlink: /home/ubuntu/ros2ws/install/ros2srrc_data/include/ros2srrc_data/ros2srrc_data/msg/detail/xyzypr__traits.hpp
[3.441s] -- Up-to-date symlink: /home/ubuntu/ros2ws/install/ros2srrc_data/include/ros2srrc_data/ros2srrc_data/msg/detail/ypr__builder.hpp
[3.444s] -- Up-to-date symlink: /home/ubuntu/ros2ws/install/ros2srrc_data/include/ros2srrc_data/ros2srrc_data/msg/detail/ypr__struct.hpp
[3.444s] -- Up-to-date symlink: /home/ubuntu/ros2ws/install/ros2srrc_data/include/ros2srrc_data/ros2srrc_data/msg/detail/ypr__traits.hpp
[3.444s] -- Up-to-date symlink: /home/ubuntu/ros2ws/install/ros2srrc_data/include/ros2srrc_data/ros2srrc_data/msg/joint.hpp
[3.445s] -- Up-to-date symlink: /home/ubuntu/ros2ws/install/ros2srrc_data/include/ros2srrc_data/ros2srrc_data/msg/joints.hpp
[3.445s] -- Up-to-date symlink: /home/ubuntu/ros2ws/install/ros2srrc_data/include/ros2srrc_data/ros2srrc_data/msg/linkattacher.hpp
[3.446s] -- Up-to-date symlink: /home/ubuntu/ros2ws/install/ros2srrc_data/include/ros2srrc_data/ros2srrc_data/msg/robmove.hpp
[3.447s] -- Up-to-date symlink: /home/ubuntu/ros2ws/install/ros2srrc_data/include/ros2srrc_data/ros2srrc_data/msg/robpose.hpp
[3.448s] -- Up-to-date symlink: /home/ubuntu/ros2ws/install/ros2srrc_data/include/ros2srrc_data/ros2srrc_data/msg/specs.hpp
[3.453s] -- Up-to-date symlink: /home/ubuntu/ros2ws/install/ros2srrc_data/include/ros2srrc_data/ros2srrc_data/msg/xyz.hpp
[3.454s] -- Up-to-date symlink: /home/ubuntu/ros2ws/install/ros2srrc_data/include/ros2srrc_data/ros2srrc_data/msg/xyzypr.hpp
[3.455s] -- Up-to-date symlink: /home/ubuntu/ros2ws/install/ros2srrc_data/include/ros2srrc_data/ros2srrc_data/msg/ypr.hpp
[3.457s] -- Up-to-date symlink: /home/ubuntu/ros2ws/install/ros2srrc_data/include/ros2srrc_data/ros2srrc_data/action/detail/move__rosidl_typesupport_fastrtps_cpp.hpp
[3.458s] -- Up-to-date symlink: /home/ubuntu/ros2ws/install/ros2srrc_data/include/ros2srrc_data/ros2srrc_data/action/detail/robmove__rosidl_typesupport_fastrtps_cpp.hpp
[3.459s] -- Up-to-date symlink: /home/ubuntu/ros2ws/install/ros2srrc_data/include/ros2srrc_data/ros2srrc_data/action/detail/sequence__rosidl_typesupport_fastrtps_cpp.hpp
[3.459s] -- Up-to-date symlink: /home/ubuntu/ros2ws/install/ros2srrc_data/include/ros2srrc_data/ros2srrc_data/msg/detail/action__rosidl_typesupport_fastrtps_cpp.hpp
[3.459s] -- Up-to-date symlink: /home/ubuntu/ros2ws/install/ros2srrc_data/include/ros2srrc_data/ros2srrc_data/msg/detail/joint__rosidl_typesupport_fastrtps_cpp.hpp
[3.459s] -- Up-to-date symlink: /home/ubuntu/ros2ws/install/ros2srrc_data/include/ros2srrc_data/ros2srrc_data/msg/detail/joints__rosidl_typesupport_fastrtps_cpp.hpp
[3.459s] -- Up-to-date symlink: /home/ubuntu/ros2ws/install/ros2srrc_data/include/ros2srrc_data/ros2srrc_data/msg/detail/linkattacher__rosidl_typesupport_fastrtps_cpp.hpp
[3.459s] -- Up-to-date symlink: /home/ubuntu/ros2ws/install/ros2srrc_data/include/ros2srrc_data/ros2srrc_data/msg/detail/robmove__rosidl_typesupport_fastrtps_cpp.hpp
[3.460s] -- Up-to-date symlink: /home/ubuntu/ros2ws/install/ros2srrc_data/include/ros2srrc_data/ros2srrc_data/msg/detail/robpose__rosidl_typesupport_fastrtps_cpp.hpp
[3.460s] -- Up-to-date symlink: /home/ubuntu/ros2ws/install/ros2srrc_data/include/ros2srrc_data/ros2srrc_data/msg/detail/specs__rosidl_typesupport_fastrtps_cpp.hpp
[3.460s] -- Up-to-date symlink: /home/ubuntu/ros2ws/install/ros2srrc_data/include/ros2srrc_data/ros2srrc_data/msg/detail/xyz__rosidl_typesupport_fastrtps_cpp.hpp
[3.460s] -- Up-to-date symlink: /home/ubuntu/ros2ws/install/ros2srrc_data/include/ros2srrc_data/ros2srrc_data/msg/detail/xyzypr__rosidl_typesupport_fastrtps_cpp.hpp
[3.460s] -- Up-to-date symlink: /home/ubuntu/ros2ws/install/ros2srrc_data/include/ros2srrc_data/ros2srrc_data/msg/detail/ypr__rosidl_typesupport_fastrtps_cpp.hpp
[3.460s] -- Up-to-date symlink: /home/ubuntu/ros2ws/install/ros2srrc_data/include/ros2srrc_data/ros2srrc_data/msg/rosidl_typesupport_fastrtps_cpp__visibility_control.h
[3.460s] -- Up-to-date symlink: /home/ubuntu/ros2ws/install/ros2srrc_data/include/ros2srrc_data/ros2srrc_data/action/detail/move__rosidl_typesupport_introspection_cpp.hpp
[3.460s] -- Up-to-date symlink: /home/ubuntu/ros2ws/install/ros2srrc_data/include/ros2srrc_data/ros2srrc_data/action/detail/robmove__rosidl_typesupport_introspection_cpp.hpp
[3.460s] -- Up-to-date symlink: /home/ubuntu/ros2ws/install/ros2srrc_data/include/ros2srrc_data/ros2srrc_data/action/detail/sequence__rosidl_typesupport_introspection_cpp.hpp
[3.460s] -- Up-to-date symlink: /home/ubuntu/ros2ws/install/ros2srrc_data/include/ros2srrc_data/ros2srrc_data/msg/detail/action__rosidl_typesupport_introspection_cpp.hpp
[3.460s] -- Up-to-date symlink: /home/ubuntu/ros2ws/install/ros2srrc_data/include/ros2srrc_data/ros2srrc_data/msg/detail/joint__rosidl_typesupport_introspection_cpp.hpp
[3.460s] -- Up-to-date symlink: /home/ubuntu/ros2ws/install/ros2srrc_data/include/ros2srrc_data/ros2srrc_data/msg/detail/joints__rosidl_typesupport_introspection_cpp.hpp
[3.461s] -- Up-to-date symlink: /home/ubuntu/ros2ws/install/ros2srrc_data/include/ros2srrc_data/ros2srrc_data/msg/detail/linkattacher__rosidl_typesupport_introspection_cpp.hpp
[3.461s] -- Up-to-date symlink: /home/ubuntu/ros2ws/install/ros2srrc_data/include/ros2srrc_data/ros2srrc_data/msg/detail/robmove__rosidl_typesupport_introspection_cpp.hpp
[3.461s] -- Up-to-date symlink: /home/ubuntu/ros2ws/install/ros2srrc_data/include/ros2srrc_data/ros2srrc_data/msg/detail/robpose__rosidl_typesupport_introspection_cpp.hpp
[3.461s] -- Up-to-date symlink: /home/ubuntu/ros2ws/install/ros2srrc_data/include/ros2srrc_data/ros2srrc_data/msg/detail/specs__rosidl_typesupport_introspection_cpp.hpp
[3.461s] -- Up-to-date symlink: /home/ubuntu/ros2ws/install/ros2srrc_data/include/ros2srrc_data/ros2srrc_data/msg/detail/xyz__rosidl_typesupport_introspection_cpp.hpp
[3.461s] -- Up-to-date symlink: /home/ubuntu/ros2ws/install/ros2srrc_data/include/ros2srrc_data/ros2srrc_data/msg/detail/xyzypr__rosidl_typesupport_introspection_cpp.hpp
[3.461s] -- Up-to-date symlink: /home/ubuntu/ros2ws/install/ros2srrc_data/include/ros2srrc_data/ros2srrc_data/msg/detail/ypr__rosidl_typesupport_introspection_cpp.hpp
[3.461s] -- Up-to-date symlink: /home/ubuntu/ros2ws/install/ros2srrc_data/share/ros2srrc_data/environment/pythonpath.sh
[3.461s] -- Up-to-date symlink: /home/ubuntu/ros2ws/install/ros2srrc_data/share/ros2srrc_data/environment/pythonpath.dsv
[3.461s] -- Up-to-date symlink: /home/ubuntu/ros2ws/install/ros2srrc_data/local/lib/python3.10/dist-packages/ros2srrc_data-0.0.0-py3.10.egg-info/PKG-INFO
[3.461s] -- Up-to-date symlink: /home/ubuntu/ros2ws/install/ros2srrc_data/local/lib/python3.10/dist-packages/ros2srrc_data-0.0.0-py3.10.egg-info/SOURCES.txt
[3.462s] -- Up-to-date symlink: /home/ubuntu/ros2ws/install/ros2srrc_data/local/lib/python3.10/dist-packages/ros2srrc_data-0.0.0-py3.10.egg-info/dependency_links.txt
[3.462s] -- Up-to-date symlink: /home/ubuntu/ros2ws/install/ros2srrc_data/local/lib/python3.10/dist-packages/ros2srrc_data-0.0.0-py3.10.egg-info/top_level.txt
[3.467s] -- Up-to-date symlink: /home/ubuntu/ros2ws/install/ros2srrc_data/local/lib/python3.10/dist-packages/ros2srrc_data/__init__.py
[3.468s] -- Up-to-date symlink: /home/ubuntu/ros2ws/install/ros2srrc_data/local/lib/python3.10/dist-packages/ros2srrc_data/_ros2srrc_data_s.ep.rosidl_typesupport_c.c
[3.468s] -- Up-to-date symlink: /home/ubuntu/ros2ws/install/ros2srrc_data/local/lib/python3.10/dist-packages/ros2srrc_data/_ros2srrc_data_s.ep.rosidl_typesupport_fastrtps_c.c
[3.468s] -- Up-to-date symlink: /home/ubuntu/ros2ws/install/ros2srrc_data/local/lib/python3.10/dist-packages/ros2srrc_data/_ros2srrc_data_s.ep.rosidl_typesupport_introspection_c.c
[3.468s] -- Up-to-date symlink: /home/ubuntu/ros2ws/install/ros2srrc_data/local/lib/python3.10/dist-packages/ros2srrc_data/action/__init__.py
[3.468s] -- Up-to-date symlink: /home/ubuntu/ros2ws/install/ros2srrc_data/local/lib/python3.10/dist-packages/ros2srrc_data/action/_move.py
[3.468s] -- Up-to-date symlink: /home/ubuntu/ros2ws/install/ros2srrc_data/local/lib/python3.10/dist-packages/ros2srrc_data/action/_move_s.c
[3.469s] -- Up-to-date symlink: /home/ubuntu/ros2ws/install/ros2srrc_data/local/lib/python3.10/dist-packages/ros2srrc_data/action/_robmove.py
[3.469s] -- Up-to-date symlink: /home/ubuntu/ros2ws/install/ros2srrc_data/local/lib/python3.10/dist-packages/ros2srrc_data/action/_robmove_s.c
[3.469s] -- Up-to-date symlink: /home/ubuntu/ros2ws/install/ros2srrc_data/local/lib/python3.10/dist-packages/ros2srrc_data/action/_sequence.py
[3.469s] -- Up-to-date symlink: /home/ubuntu/ros2ws/install/ros2srrc_data/local/lib/python3.10/dist-packages/ros2srrc_data/action/_sequence_s.c
[3.470s] -- Up-to-date symlink: /home/ubuntu/ros2ws/install/ros2srrc_data/local/lib/python3.10/dist-packages/ros2srrc_data/libros2srrc_data__rosidl_generator_py.so
[3.470s] -- Up-to-date symlink: /home/ubuntu/ros2ws/install/ros2srrc_data/local/lib/python3.10/dist-packages/ros2srrc_data/msg/__init__.py
[3.470s] -- Up-to-date symlink: /home/ubuntu/ros2ws/install/ros2srrc_data/local/lib/python3.10/dist-packages/ros2srrc_data/msg/_action.py
[3.470s] -- Up-to-date symlink: /home/ubuntu/ros2ws/install/ros2srrc_data/local/lib/python3.10/dist-packages/ros2srrc_data/msg/_action_s.c
[3.470s] -- Up-to-date symlink: /home/ubuntu/ros2ws/install/ros2srrc_data/local/lib/python3.10/dist-packages/ros2srrc_data/msg/_joint.py
[3.470s] -- Up-to-date symlink: /home/ubuntu/ros2ws/install/ros2srrc_data/local/lib/python3.10/dist-packages/ros2srrc_data/msg/_joint_s.c
[3.470s] -- Up-to-date symlink: /home/ubuntu/ros2ws/install/ros2srrc_data/local/lib/python3.10/dist-packages/ros2srrc_data/msg/_joints.py
[3.470s] -- Up-to-date symlink: /home/ubuntu/ros2ws/install/ros2srrc_data/local/lib/python3.10/dist-packages/ros2srrc_data/msg/_joints_s.c
[3.470s] -- Up-to-date symlink: /home/ubuntu/ros2ws/install/ros2srrc_data/local/lib/python3.10/dist-packages/ros2srrc_data/msg/_linkattacher.py
[3.470s] -- Up-to-date symlink: /home/ubuntu/ros2ws/install/ros2srrc_data/local/lib/python3.10/dist-packages/ros2srrc_data/msg/_linkattacher_s.c
[3.470s] -- Up-to-date symlink: /home/ubuntu/ros2ws/install/ros2srrc_data/local/lib/python3.10/dist-packages/ros2srrc_data/msg/_robmove.py
[3.470s] -- Up-to-date symlink: /home/ubuntu/ros2ws/install/ros2srrc_data/local/lib/python3.10/dist-packages/ros2srrc_data/msg/_robmove_s.c
[3.471s] -- Up-to-date symlink: /home/ubuntu/ros2ws/install/ros2srrc_data/local/lib/python3.10/dist-packages/ros2srrc_data/msg/_robpose.py
[3.471s] -- Up-to-date symlink: /home/ubuntu/ros2ws/install/ros2srrc_data/local/lib/python3.10/dist-packages/ros2srrc_data/msg/_robpose_s.c
[3.471s] -- Up-to-date symlink: /home/ubuntu/ros2ws/install/ros2srrc_data/local/lib/python3.10/dist-packages/ros2srrc_data/msg/_specs.py
[3.471s] -- Up-to-date symlink: /home/ubuntu/ros2ws/install/ros2srrc_data/local/lib/python3.10/dist-packages/ros2srrc_data/msg/_specs_s.c
[3.471s] -- Up-to-date symlink: /home/ubuntu/ros2ws/install/ros2srrc_data/local/lib/python3.10/dist-packages/ros2srrc_data/msg/_xyz.py
[3.471s] -- Up-to-date symlink: /home/ubuntu/ros2ws/install/ros2srrc_data/local/lib/python3.10/dist-packages/ros2srrc_data/msg/_xyz_s.c
[3.471s] -- Up-to-date symlink: /home/ubuntu/ros2ws/install/ros2srrc_data/local/lib/python3.10/dist-packages/ros2srrc_data/msg/_xyzypr.py
[3.471s] -- Up-to-date symlink: /home/ubuntu/ros2ws/install/ros2srrc_data/local/lib/python3.10/dist-packages/ros2srrc_data/msg/_xyzypr_s.c
[3.471s] -- Up-to-date symlink: /home/ubuntu/ros2ws/install/ros2srrc_data/local/lib/python3.10/dist-packages/ros2srrc_data/msg/_ypr.py
[3.471s] -- Up-to-date symlink: /home/ubuntu/ros2ws/install/ros2srrc_data/local/lib/python3.10/dist-packages/ros2srrc_data/msg/_ypr_s.c
[3.471s] -- Up-to-date symlink: /home/ubuntu/ros2ws/install/ros2srrc_data/local/lib/python3.10/dist-packages/ros2srrc_data/ros2srrc_data_s__rosidl_typesupport_c.cpython-310-x86_64-linux-gnu.so
[3.471s] -- Up-to-date symlink: /home/ubuntu/ros2ws/install/ros2srrc_data/local/lib/python3.10/dist-packages/ros2srrc_data/ros2srrc_data_s__rosidl_typesupport_fastrtps_c.cpython-310-x86_64-linux-gnu.so
[3.473s] -- Up-to-date symlink: /home/ubuntu/ros2ws/install/ros2srrc_data/local/lib/python3.10/dist-packages/ros2srrc_data/ros2srrc_data_s__rosidl_typesupport_introspection_c.cpython-310-x86_64-linux-gnu.so
[3.473s] -- Up-to-date symlink: /home/ubuntu/ros2ws/install/ros2srrc_data/local/lib/python3.10/dist-packages/ros2srrc_data/ros2srrc_data_s__rosidl_typesupport_fastrtps_c.cpython-310-x86_64-linux-gnu.so
[3.474s] -- Up-to-date symlink: /home/ubuntu/ros2ws/install/ros2srrc_data/local/lib/python3.10/dist-packages/ros2srrc_data/ros2srrc_data_s__rosidl_typesupport_introspection_c.cpython-310-x86_64-linux-gnu.so
[3.474s] -- Up-to-date symlink: /home/ubuntu/ros2ws/install/ros2srrc_data/local/lib/python3.10/dist-packages/ros2srrc_data/ros2srrc_data_s__rosidl_typesupport_c.cpython-310-x86_64-linux-gnu.so
[3.474s] -- Up-to-date symlink: /home/ubuntu/ros2ws/install/ros2srrc_data/share/ros2srrc_data/msg/Specs.idl
[3.474s] -- Up-to-date symlink: /home/ubuntu/ros2ws/install/ros2srrc_data/share/ros2srrc_data/msg/Robmove.idl
[3.474s] -- Up-to-date symlink: /home/ubuntu/ros2ws/install/ros2srrc_data/share/ros2srrc_data/msg/Joint.idl
[3.474s] -- Up-to-date symlink: /home/ubuntu/ros2ws/install/ros2srrc_data/share/ros2srrc_data/msg/Joints.idl
[3.474s] -- Up-to-date symlink: /home/ubuntu/ros2ws/install/ros2srrc_data/share/ros2srrc_data/msg/Xyz.idl
[3.474s] -- Up-to-date symlink: /home/ubuntu/ros2ws/install/ros2srrc_data/share/ros2srrc_data/msg/Xyzypr.idl
[3.474s] -- Up-to-date symlink: /home/ubuntu/ros2ws/install/ros2srrc_data/share/ros2srrc_data/msg/Ypr.idl
[3.475s] -- Up-to-date symlink: /home/ubuntu/ros2ws/install/ros2srrc_data/share/ros2srrc_data/msg/Action.idl
[3.475s] -- Up-to-date symlink: /home/ubuntu/ros2ws/install/ros2srrc_data/share/ros2srrc_data/msg/Linkattacher.idl
[3.475s] -- Up-to-date symlink: /home/ubuntu/ros2ws/install/ros2srrc_data/share/ros2srrc_data/msg/Robpose.idl
[3.475s] -- Up-to-date symlink: /home/ubuntu/ros2ws/install/ros2srrc_data/share/ros2srrc_data/action/Move.idl
[3.475s] -- Up-to-date symlink: /home/ubuntu/ros2ws/install/ros2srrc_data/share/ros2srrc_data/action/Sequence.idl
[3.475s] -- Up-to-date symlink: /home/ubuntu/ros2ws/install/ros2srrc_data/share/ros2srrc_data/action/Robmove.idl
[3.475s] -- Up-to-date symlink: /home/ubuntu/ros2ws/install/ros2srrc_data/share/ros2srrc_data/msg/Specs.msg
[3.475s] -- Up-to-date symlink: /home/ubuntu/ros2ws/install/ros2srrc_data/share/ros2srrc_data/msg/Robmove.msg
[3.475s] -- Up-to-date symlink: /home/ubuntu/ros2ws/install/ros2srrc_data/share/ros2srrc_data/msg/Joint.msg
[3.475s] -- Up-to-date symlink: /home/ubuntu/ros2ws/install/ros2srrc_data/share/ros2srrc_data/msg/Joints.msg
[3.475s] -- Up-to-date symlink: /home/ubuntu/ros2ws/install/ros2srrc_data/share/ros2srrc_data/msg/Xyz.msg
[3.475s] -- Up-to-date symlink: /home/ubuntu/ros2ws/install/ros2srrc_data/share/ros2srrc_data/msg/Xyzypr.msg
[3.475s] -- Up-to-date symlink: /home/ubuntu/ros2ws/install/ros2srrc_data/share/ros2srrc_data/msg/Ypr.msg
[3.476s] -- Up-to-date symlink: /home/ubuntu/ros2ws/install/ros2srrc_data/share/ros2srrc_data/msg/Action.msg
[3.476s] -- Up-to-date symlink: /home/ubuntu/ros2ws/install/ros2srrc_data/share/ros2srrc_data/msg/Linkattacher.msg
[3.476s] -- Up-to-date symlink: /home/ubuntu/ros2ws/install/ros2srrc_data/share/ros2srrc_data/msg/Robpose.msg
[3.476s] -- Up-to-date symlink: /home/ubuntu/ros2ws/install/ros2srrc_data/share/ros2srrc_data/action/Move.action
[3.476s] -- Up-to-date symlink: /home/ubuntu/ros2ws/install/ros2srrc_data/share/ros2srrc_data/action/Sequence.action
[3.476s] -- Up-to-date symlink: /home/ubuntu/ros2ws/install/ros2srrc_data/share/ros2srrc_data/action/Robmove.action
[3.476s] -- Up-to-date symlink: /home/ubuntu/ros2ws/install/ros2srrc_data/share/ament_index/resource_index/package_run_dependencies/ros2srrc_data
[3.476s] -- Up-to-date symlink: /home/ubuntu/ros2ws/install/ros2srrc_data/share/ament_index/resource_index/parent_prefix_path/ros2srrc_data
[3.476s] -- Up-to-date symlink: /home/ubuntu/ros2ws/install/ros2srrc_data/share/ros2srrc_data/environment/ament_prefix_path.sh
[3.476s] -- Up-to-date symlink: /home/ubuntu/ros2ws/install/ros2srrc_data/share/ros2srrc_data/environment/ament_prefix_path.dsv
[3.476s] -- Up-to-date symlink: /home/ubuntu/ros2ws/install/ros2srrc_data/share/ros2srrc_data/environment/path.sh
[3.476s] -- Up-to-date symlink: /home/ubuntu/ros2ws/install/ros2srrc_data/share/ros2srrc_data/environment/path.dsv
[3.477s] -- Up-to-date symlink: /home/ubuntu/ros2ws/install/ros2srrc_data/share/ros2srrc_data/local_setup.bash
[3.477s] -- Up-to-date symlink: /home/ubuntu/ros2ws/install/ros2srrc_data/share/ros2srrc_data/local_setup.sh
[3.477s] -- Up-to-date symlink: /home/ubuntu/ros2ws/install/ros2srrc_data/share/ros2srrc_data/local_setup.zsh
[3.477s] -- Up-to-date symlink: /home/ubuntu/ros2ws/install/ros2srrc_data/share/ros2srrc_data/local_setup.dsv
[3.477s] -- Symlinking: /home/ubuntu/ros2ws/install/ros2srrc_data/share/ros2srrc_data/package.dsv
[3.491s] -- Up-to-date symlink: /home/ubuntu/ros2ws/install/ros2srrc_data/share/ament_index/resource_index/packages/ros2srrc_data
[3.492s] -- Up-to-date symlink: /home/ubuntu/ros2ws/install/ros2srrc_data/share/ros2srrc_data/cmake/rosidl_cmake-extras.cmake
[3.492s] -- Up-to-date symlink: /home/ubuntu/ros2ws/install/ros2srrc_data/share/ros2srrc_data/cmake/ament_cmake_export_dependencies-extras.cmake
[3.492s] -- Up-to-date symlink: /home/ubuntu/ros2ws/install/ros2srrc_data/share/ros2srrc_data/cmake/ament_cmake_export_include_directories-extras.cmake
[3.492s] -- Up-to-date symlink: /home/ubuntu/ros2ws/install/ros2srrc_data/share/ros2srrc_data/cmake/ament_cmake_export_libraries-extras.cmake
[3.493s] -- Up-to-date symlink: /home/ubuntu/ros2ws/install/ros2srrc_data/share/ros2srrc_data/cmake/ament_cmake_export_targets-extras.cmake
[3.493s] -- Up-to-date symlink: /home/ubuntu/ros2ws/install/ros2srrc_data/share/ros2srrc_data/cmake/rosidl_cmake_export_typesupport_targets-extras.cmake
[3.494s] -- Up-to-date symlink: /home/ubuntu/ros2ws/install/ros2srrc_data/share/ros2srrc_data/cmake/rosidl_cmake_export_typesupport_libraries-extras.cmake
[3.494s] -- Up-to-date symlink: /home/ubuntu/ros2ws/install/ros2srrc_data/share/ros2srrc_data/cmake/ros2srrc_dataConfig.cmake
[3.494s] -- Up-to-date symlink: /home/ubuntu/ros2ws/install/ros2srrc_data/share/ros2srrc_data/cmake/ros2srrc_dataConfig-version.cmake
[3.494s] -- Up-to-date symlink: /home/ubuntu/ros2ws/install/ros2srrc_data/share/ros2srrc_data/package.xml
[3.494s] -- Up-to-date: /home/ubuntu/ros2ws/install/ros2srrc_data/lib/libros2srrc_data__rosidl_generator_c.so
[3.494s] -- Up-to-date: /home/ubuntu/ros2ws/install/ros2srrc_data/lib/libros2srrc_data__rosidl_typesupport_fastrtps_c.so
[3.496s] -- Up-to-date: /home/ubuntu/ros2ws/install/ros2srrc_data/lib/libros2srrc_data__rosidl_typesupport_introspection_c.so
[3.497s] -- Up-to-date: /home/ubuntu/ros2ws/install/ros2srrc_data/lib/libros2srrc_data__rosidl_typesupport_c.so
[3.497s] -- Up-to-date: /home/ubuntu/ros2ws/install/ros2srrc_data/lib/libros2srrc_data__rosidl_typesupport_fastrtps_cpp.so
[3.498s] -- Up-to-date: /home/ubuntu/ros2ws/install/ros2srrc_data/lib/libros2srrc_data__rosidl_typesupport_introspection_cpp.so
[3.500s] -- Up-to-date: /home/ubuntu/ros2ws/install/ros2srrc_data/lib/libros2srrc_data__rosidl_typesupport_cpp.so
[3.564s] Listing '/home/ubuntu/ros2ws/install/ros2srrc_data/local/lib/python3.10/dist-packages/ros2srrc_data'...
[3.564s] Listing '/home/ubuntu/ros2ws/install/ros2srrc_data/local/lib/python3.10/dist-packages/ros2srrc_data/action'...
[3.564s] Listing '/home/ubuntu/ros2ws/install/ros2srrc_data/local/lib/python3.10/dist-packages/ros2srrc_data/msg'...
[3.570s] -- Up-to-date: /home/ubuntu/ros2ws/install/ros2srrc_data/lib/libros2srrc_data__rosidl_generator_py.so
[3.571s] -- Up-to-date: /home/ubuntu/ros2ws/install/ros2srrc_data/share/ros2srrc_data/cmake/export_ros2srrc_data__rosidl_generator_cExport.cmake
[3.571s] -- Up-to-date: /home/ubuntu/ros2ws/install/ros2srrc_data/share/ros2srrc_data/cmake/export_ros2srrc_data__rosidl_generator_cExport-noconfig.cmake
[3.571s] -- Up-to-date: /home/ubuntu/ros2ws/install/ros2srrc_data/share/ros2srrc_data/cmake/export_ros2srrc_data__rosidl_typesupport_fastrtps_cExport.cmake
[3.571s] -- Up-to-date: /home/ubuntu/ros2ws/install/ros2srrc_data/share/ros2srrc_data/cmake/export_ros2srrc_data__rosidl_typesupport_fastrtps_cExport-noconfig.cmake
[3.572s] -- Up-to-date: /home/ubuntu/ros2ws/install/ros2srrc_data/share/ros2srrc_data/cmake/ros2srrc_data__rosidl_typesupport_introspection_cExport.cmake
[3.572s] -- Up-to-date: /home/ubuntu/ros2ws/install/ros2srrc_data/share/ros2srrc_data/cmake/ros2srrc_data__rosidl_typesupport_introspection_cExport-noconfig.cmake
[3.572s] -- Up-to-date: /home/ubuntu/ros2ws/install/ros2srrc_data/share/ros2srrc_data/cmake/ros2srrc_data__rosidl_typesupport_cExport.cmake
[3.572s] -- Up-to-date: /home/ubuntu/ros2ws/install/ros2srrc_data/share/ros2srrc_data/cmake/ros2srrc_data__rosidl_typesupport_cExport-noconfig.cmake
[3.573s] -- Up-to-date: /home/ubuntu/ros2ws/install/ros2srrc_data/share/ros2srrc_data/cmake/export_ros2srrc_data__rosidl_generator_cppExport.cmake
[3.573s] -- Up-to-date: /home/ubuntu/ros2ws/install/ros2srrc_data/share/ros2srrc_data/cmake/export_ros2srrc_data__rosidl_typesupport_fastrtps_cppExport.cmake
[3.573s] -- Up-to-date: /home/ubuntu/ros2ws/install/ros2srrc_data/share/ros2srrc_data/cmake/export_ros2srrc_data__rosidl_typesupport_fastrtps_cppExport-noconfig.cmake
[3.574s] -- Up-to-date: /home/ubuntu/ros2ws/install/ros2srrc_data/share/ros2srrc_data/cmake/ros2srrc_data__rosidl_typesupport_introspection_cppExport.cmake
[3.574s] -- Up-to-date: /home/ubuntu/ros2ws/install/ros2srrc_data/share/ros2srrc_data/cmake/ros2srrc_data__rosidl_typesupport_introspection_cppExport-noconfig.cmake
[3.574s] -- Up-to-date: /home/ubuntu/ros2ws/install/ros2srrc_data/share/ros2srrc_data/cmake/ros2srrc_data__rosidl_typesupport_cppExport.cmake
[3.574s] -- Up-to-date: /home/ubuntu/ros2ws/install/ros2srrc_data/share/ros2srrc_data/cmake/ros2srrc_data__rosidl_typesupport_cppExport-noconfig.cmake
[3.576s] -- Up-to-date: /home/ubuntu/ros2ws/install/ros2srrc_data/share/ros2srrc_data/cmake/export_ros2srrc_data__rosidl_generator_pyExport.cmake
[3.576s] -- Up-to-date: /home/ubuntu/ros2ws/install/ros2srrc_data/share/ros2srrc_data/cmake/export_ros2srrc_data__rosidl_generator_pyExport-noconfig.cmake
[3.579s] Invoked command in '/home/ubuntu/ros2ws/build/ros2srrc_data' returned '0': CMAKE_PREFIX_PATH=${CMAKE_PREFIX_PATH}:/home/ubuntu/ros2ws/install/testV1:/home/ubuntu/ros2ws/install/gui_subscriber:/home/ubuntu/ros2ws/install/moveit_configs_utils:/home/ubuntu/ros2ws/install/robot_letter_writer:/home/ubuntu/ros2ws/install/launch_param_builder:/opt/ros/humble /usr/bin/cmake --install /home/ubuntu/ros2ws/build/ros2srrc_data
