[0.028s] Invoking command in '/home/ubuntu/ros2ws/build/abb_egm_rws_managers': CMAKE_PREFIX_PATH=/home/ubuntu/ros2ws/install/abb_librws:/home/ubuntu/ros2ws/install/abb_libegm:/home/ubuntu/ros2ws/install/turtlesim:/opt/ros/humble LD_LIBRARY_PATH=/home/ubuntu/ros2ws/install/abb_librws/lib:/home/ubuntu/ros2ws/install/abb_libegm/lib:${LD_LIBRARY_PATH} PKG_CONFIG_PATH=/home/ubuntu/ros2ws/install/abb_librws/lib/x86_64-linux-gnu/pkgconfig:/home/ubuntu/ros2ws/install/abb_librws/lib/pkgconfig:/home/ubuntu/ros2ws/install/abb_libegm/lib/x86_64-linux-gnu/pkgconfig:/home/ubuntu/ros2ws/install/abb_libegm/lib/pkgconfig /usr/bin/cmake --build /home/ubuntu/ros2ws/build/abb_egm_rws_managers -- -j4 -l4
[0.134s] [100%] Built target abb_egm_rws_managers
[0.148s] Invoked command in '/home/ubuntu/ros2ws/build/abb_egm_rws_managers' returned '0': CMAKE_PREFIX_PATH=/home/ubuntu/ros2ws/install/abb_librws:/home/ubuntu/ros2ws/install/abb_libegm:/home/ubuntu/ros2ws/install/turtlesim:/opt/ros/humble LD_LIBRARY_PATH=/home/ubuntu/ros2ws/install/abb_librws/lib:/home/ubuntu/ros2ws/install/abb_libegm/lib:${LD_LIBRARY_PATH} PKG_CONFIG_PATH=/home/ubuntu/ros2ws/install/abb_librws/lib/x86_64-linux-gnu/pkgconfig:/home/ubuntu/ros2ws/install/abb_librws/lib/pkgconfig:/home/ubuntu/ros2ws/install/abb_libegm/lib/x86_64-linux-gnu/pkgconfig:/home/ubuntu/ros2ws/install/abb_libegm/lib/pkgconfig /usr/bin/cmake --build /home/ubuntu/ros2ws/build/abb_egm_rws_managers -- -j4 -l4
[0.214s] Invoking command in '/home/ubuntu/ros2ws/build/abb_egm_rws_managers': CMAKE_PREFIX_PATH=/home/ubuntu/ros2ws/install/abb_librws:/home/ubuntu/ros2ws/install/abb_libegm:/home/ubuntu/ros2ws/install/turtlesim:/opt/ros/humble LD_LIBRARY_PATH=/home/ubuntu/ros2ws/install/abb_librws/lib:/home/ubuntu/ros2ws/install/abb_libegm/lib:${LD_LIBRARY_PATH} PKG_CONFIG_PATH=/home/ubuntu/ros2ws/install/abb_librws/lib/x86_64-linux-gnu/pkgconfig:/home/ubuntu/ros2ws/install/abb_librws/lib/pkgconfig:/home/ubuntu/ros2ws/install/abb_libegm/lib/x86_64-linux-gnu/pkgconfig:/home/ubuntu/ros2ws/install/abb_libegm/lib/pkgconfig /usr/bin/cmake --install /home/ubuntu/ros2ws/build/abb_egm_rws_managers
[0.231s] -- Install configuration: "RelWithDebInfo"
[0.232s] -- Up-to-date: /home/ubuntu/ros2ws/install/abb_egm_rws_managers/include
[0.232s] -- Up-to-date: /home/ubuntu/ros2ws/install/abb_egm_rws_managers/include/abb_egm_rws_managers
[0.232s] -- Up-to-date: /home/ubuntu/ros2ws/install/abb_egm_rws_managers/include/abb_egm_rws_managers/system_data_parser.h
[0.232s] -- Up-to-date: /home/ubuntu/ros2ws/install/abb_egm_rws_managers/include/abb_egm_rws_managers/rws_manager.h
[0.233s] -- Up-to-date: /home/ubuntu/ros2ws/install/abb_egm_rws_managers/include/abb_egm_rws_managers/egm_manager.h
[0.233s] -- Up-to-date: /home/ubuntu/ros2ws/install/abb_egm_rws_managers/include/abb_egm_rws_managers/data_containers.h
[0.233s] -- Up-to-date: /home/ubuntu/ros2ws/install/abb_egm_rws_managers/include/abb_egm_rws_managers/utilities.h
[0.233s] -- Up-to-date: /home/ubuntu/ros2ws/install/abb_egm_rws_managers/include/abb_egm_rws_managers/robot_controller_description.proto
[0.233s] -- Up-to-date: /home/ubuntu/ros2ws/install/abb_egm_rws_managers/include/abb_egm_rws_managers/robot_controller_description.pb.h
[0.233s] -- Up-to-date: /home/ubuntu/ros2ws/install/abb_egm_rws_managers/include/abb_egm_rws_managers/abb_egm_rws_managers_export.h
[0.233s] -- Up-to-date: /home/ubuntu/ros2ws/install/abb_egm_rws_managers/share/abb_egm_rws_managers/abb_egm_rws_managersConfig.cmake
[0.234s] -- Up-to-date: /home/ubuntu/ros2ws/install/abb_egm_rws_managers/share/abb_egm_rws_managers/abb_egm_rws_managersConfigVersion.cmake
[0.234s] -- Up-to-date: /home/ubuntu/ros2ws/install/abb_egm_rws_managers/share/abb_egm_rws_managers/package.xml
[0.235s] -- Up-to-date: /home/ubuntu/ros2ws/install/abb_egm_rws_managers/lib/libabb_egm_rws_managers.so
[0.236s] -- Up-to-date: /home/ubuntu/ros2ws/install/abb_egm_rws_managers/share/abb_egm_rws_managers/abb_egm_rws_managersTargets.cmake
[0.237s] -- Up-to-date: /home/ubuntu/ros2ws/install/abb_egm_rws_managers/share/abb_egm_rws_managers/abb_egm_rws_managersTargets-relwithdebinfo.cmake
[0.249s] Invoked command in '/home/ubuntu/ros2ws/build/abb_egm_rws_managers' returned '0': CMAKE_PREFIX_PATH=/home/ubuntu/ros2ws/install/abb_librws:/home/ubuntu/ros2ws/install/abb_libegm:/home/ubuntu/ros2ws/install/turtlesim:/opt/ros/humble LD_LIBRARY_PATH=/home/ubuntu/ros2ws/install/abb_librws/lib:/home/ubuntu/ros2ws/install/abb_libegm/lib:${LD_LIBRARY_PATH} PKG_CONFIG_PATH=/home/ubuntu/ros2ws/install/abb_librws/lib/x86_64-linux-gnu/pkgconfig:/home/ubuntu/ros2ws/install/abb_librws/lib/pkgconfig:/home/ubuntu/ros2ws/install/abb_libegm/lib/x86_64-linux-gnu/pkgconfig:/home/ubuntu/ros2ws/install/abb_libegm/lib/pkgconfig /usr/bin/cmake --install /home/ubuntu/ros2ws/build/abb_egm_rws_managers
