[0.054s] Invoking command in '/home/ubuntu/ros2ws/build/linkpose_msgs': CMAKE_PREFIX_PATH=${CMAKE_PREFIX_PATH}:/home/ubuntu/ros2ws/install/testV1:/home/ubuntu/ros2ws/install/gui_subscriber:/home/ubuntu/ros2ws/install/moveit_configs_utils:/home/ubuntu/ros2ws/install/robot_letter_writer:/home/ubuntu/ros2ws/install/launch_param_builder:/opt/ros/humble /usr/bin/cmake --build /home/ubuntu/ros2ws/build/linkpose_msgs -- -j4 -l4
[0.267s] [  9%] Built target linkpose_msgs__rosidl_generator_c
[0.307s] [ 12%] Built target linkpose_msgs__cpp
[0.390s] [ 12%] Built target ament_cmake_python_copy_linkpose_msgs
[0.394s] [ 22%] Built target linkpose_msgs__rosidl_typesupport_introspection_c
[0.481s] [ 32%] Built target linkpose_msgs__rosidl_typesupport_fastrtps_cpp
[0.487s] [ 41%] Built target linkpose_msgs__rosidl_typesupport_c
[0.582s] [ 51%] Built target linkpose_msgs__rosidl_typesupport_introspection_cpp
[0.688s] [ 61%] Built target linkpose_msgs__rosidl_typesupport_cpp
[0.780s] [ 70%] Built target linkpose_msgs__rosidl_typesupport_fastrtps_c
[0.861s] [ 70%] Built target linkpose_msgs
[0.938s] [ 74%] Built target linkpose_msgs__py
[1.049s] [ 80%] Built target linkpose_msgs__rosidl_generator_py
[1.116s] running egg_info
[1.118s] writing linkpose_msgs.egg-info/PKG-INFO
[1.119s] writing dependency_links to linkpose_msgs.egg-info/dependency_links.txt
[1.119s] writing top-level names to linkpose_msgs.egg-info/top_level.txt
[1.126s] reading manifest file 'linkpose_msgs.egg-info/SOURCES.txt'
[1.127s] writing manifest file 'linkpose_msgs.egg-info/SOURCES.txt'
[1.147s] [ 87%] Built target linkpose_msgs__rosidl_typesupport_fastrtps_c__pyext
[1.192s] [ 87%] Built target ament_cmake_python_build_linkpose_msgs_egg
[1.239s] [ 93%] Built target linkpose_msgs__rosidl_typesupport_c__pyext
[1.302s] [100%] Built target linkpose_msgs__rosidl_typesupport_introspection_c__pyext
[1.337s] Invoked command in '/home/ubuntu/ros2ws/build/linkpose_msgs' returned '0': CMAKE_PREFIX_PATH=${CMAKE_PREFIX_PATH}:/home/ubuntu/ros2ws/install/testV1:/home/ubuntu/ros2ws/install/gui_subscriber:/home/ubuntu/ros2ws/install/moveit_configs_utils:/home/ubuntu/ros2ws/install/robot_letter_writer:/home/ubuntu/ros2ws/install/launch_param_builder:/opt/ros/humble /usr/bin/cmake --build /home/ubuntu/ros2ws/build/linkpose_msgs -- -j4 -l4
[1.701s] Invoking command in '/home/ubuntu/ros2ws/build/linkpose_msgs': CMAKE_PREFIX_PATH=${CMAKE_PREFIX_PATH}:/home/ubuntu/ros2ws/install/testV1:/home/ubuntu/ros2ws/install/gui_subscriber:/home/ubuntu/ros2ws/install/moveit_configs_utils:/home/ubuntu/ros2ws/install/robot_letter_writer:/home/ubuntu/ros2ws/install/launch_param_builder:/opt/ros/humble /usr/bin/cmake --install /home/ubuntu/ros2ws/build/linkpose_msgs
[1.741s] -- Install configuration: ""
[1.746s] -- Up-to-date: /home/ubuntu/ros2ws/install/linkpose_msgs/share/linkpose_msgs/msg
[1.749s] -- Up-to-date: /home/ubuntu/ros2ws/install/linkpose_msgs/share/linkpose_msgs/msg/LinkPose.msg
[1.749s] -- Up-to-date: /home/ubuntu/ros2ws/install/linkpose_msgs/share/ament_index/resource_index/rosidl_interfaces/linkpose_msgs
[1.750s] -- Up-to-date: /home/ubuntu/ros2ws/install/linkpose_msgs/include/linkpose_msgs/linkpose_msgs
[1.750s] -- Up-to-date: /home/ubuntu/ros2ws/install/linkpose_msgs/include/linkpose_msgs/linkpose_msgs/msg
[1.750s] -- Up-to-date: /home/ubuntu/ros2ws/install/linkpose_msgs/include/linkpose_msgs/linkpose_msgs/msg/link_pose.h
[1.750s] -- Up-to-date: /home/ubuntu/ros2ws/install/linkpose_msgs/include/linkpose_msgs/linkpose_msgs/msg/rosidl_generator_c__visibility_control.h
[1.751s] -- Up-to-date: /home/ubuntu/ros2ws/install/linkpose_msgs/include/linkpose_msgs/linkpose_msgs/msg/detail
[1.751s] -- Up-to-date: /home/ubuntu/ros2ws/install/linkpose_msgs/include/linkpose_msgs/linkpose_msgs/msg/detail/link_pose__functions.c
[1.751s] -- Up-to-date: /home/ubuntu/ros2ws/install/linkpose_msgs/include/linkpose_msgs/linkpose_msgs/msg/detail/link_pose__functions.h
[1.751s] -- Up-to-date: /home/ubuntu/ros2ws/install/linkpose_msgs/include/linkpose_msgs/linkpose_msgs/msg/detail/link_pose__struct.h
[1.751s] -- Up-to-date: /home/ubuntu/ros2ws/install/linkpose_msgs/include/linkpose_msgs/linkpose_msgs/msg/detail/link_pose__type_support.h
[1.753s] -- Up-to-date: /home/ubuntu/ros2ws/install/linkpose_msgs/share/linkpose_msgs/environment/library_path.sh
[1.753s] -- Up-to-date: /home/ubuntu/ros2ws/install/linkpose_msgs/share/linkpose_msgs/environment/library_path.dsv
[1.753s] -- Up-to-date: /home/ubuntu/ros2ws/install/linkpose_msgs/lib/liblinkpose_msgs__rosidl_generator_c.so
[1.753s] -- Up-to-date: /home/ubuntu/ros2ws/install/linkpose_msgs/include/linkpose_msgs/linkpose_msgs
[1.754s] -- Up-to-date: /home/ubuntu/ros2ws/install/linkpose_msgs/include/linkpose_msgs/linkpose_msgs/msg
[1.754s] -- Up-to-date: /home/ubuntu/ros2ws/install/linkpose_msgs/include/linkpose_msgs/linkpose_msgs/msg/rosidl_typesupport_fastrtps_c__visibility_control.h
[1.754s] -- Up-to-date: /home/ubuntu/ros2ws/install/linkpose_msgs/include/linkpose_msgs/linkpose_msgs/msg/detail
[1.754s] -- Up-to-date: /home/ubuntu/ros2ws/install/linkpose_msgs/include/linkpose_msgs/linkpose_msgs/msg/detail/link_pose__rosidl_typesupport_fastrtps_c.h
[1.755s] -- Up-to-date: /home/ubuntu/ros2ws/install/linkpose_msgs/lib/liblinkpose_msgs__rosidl_typesupport_fastrtps_c.so
[1.755s] -- Up-to-date: /home/ubuntu/ros2ws/install/linkpose_msgs/include/linkpose_msgs/linkpose_msgs
[1.755s] -- Up-to-date: /home/ubuntu/ros2ws/install/linkpose_msgs/include/linkpose_msgs/linkpose_msgs/msg
[1.757s] -- Up-to-date: /home/ubuntu/ros2ws/install/linkpose_msgs/include/linkpose_msgs/linkpose_msgs/msg/rosidl_typesupport_introspection_c__visibility_control.h
[1.757s] -- Up-to-date: /home/ubuntu/ros2ws/install/linkpose_msgs/include/linkpose_msgs/linkpose_msgs/msg/detail
[1.757s] -- Up-to-date: /home/ubuntu/ros2ws/install/linkpose_msgs/include/linkpose_msgs/linkpose_msgs/msg/detail/link_pose__type_support.c
[1.758s] -- Up-to-date: /home/ubuntu/ros2ws/install/linkpose_msgs/include/linkpose_msgs/linkpose_msgs/msg/detail/link_pose__rosidl_typesupport_introspection_c.h
[1.758s] -- Up-to-date: /home/ubuntu/ros2ws/install/linkpose_msgs/lib/liblinkpose_msgs__rosidl_typesupport_introspection_c.so
[1.760s] -- Up-to-date: /home/ubuntu/ros2ws/install/linkpose_msgs/lib/liblinkpose_msgs__rosidl_typesupport_c.so
[1.760s] -- Up-to-date: /home/ubuntu/ros2ws/install/linkpose_msgs/include/linkpose_msgs/linkpose_msgs
[1.760s] -- Up-to-date: /home/ubuntu/ros2ws/install/linkpose_msgs/include/linkpose_msgs/linkpose_msgs/msg
[1.765s] -- Up-to-date: /home/ubuntu/ros2ws/install/linkpose_msgs/include/linkpose_msgs/linkpose_msgs/msg/link_pose.hpp
[1.766s] -- Up-to-date: /home/ubuntu/ros2ws/install/linkpose_msgs/include/linkpose_msgs/linkpose_msgs/msg/detail
[1.766s] -- Up-to-date: /home/ubuntu/ros2ws/install/linkpose_msgs/include/linkpose_msgs/linkpose_msgs/msg/detail/link_pose__traits.hpp
[1.766s] -- Up-to-date: /home/ubuntu/ros2ws/install/linkpose_msgs/include/linkpose_msgs/linkpose_msgs/msg/detail/link_pose__struct.hpp
[1.767s] -- Up-to-date: /home/ubuntu/ros2ws/install/linkpose_msgs/include/linkpose_msgs/linkpose_msgs/msg/detail/link_pose__builder.hpp
[1.767s] -- Up-to-date: /home/ubuntu/ros2ws/install/linkpose_msgs/include/linkpose_msgs/linkpose_msgs
[1.767s] -- Up-to-date: /home/ubuntu/ros2ws/install/linkpose_msgs/include/linkpose_msgs/linkpose_msgs/msg
[1.768s] -- Up-to-date: /home/ubuntu/ros2ws/install/linkpose_msgs/include/linkpose_msgs/linkpose_msgs/msg/rosidl_typesupport_fastrtps_cpp__visibility_control.h
[1.768s] -- Up-to-date: /home/ubuntu/ros2ws/install/linkpose_msgs/include/linkpose_msgs/linkpose_msgs/msg/detail
[1.768s] -- Up-to-date: /home/ubuntu/ros2ws/install/linkpose_msgs/include/linkpose_msgs/linkpose_msgs/msg/detail/dds_fastrtps
[1.768s] -- Up-to-date: /home/ubuntu/ros2ws/install/linkpose_msgs/include/linkpose_msgs/linkpose_msgs/msg/detail/link_pose__rosidl_typesupport_fastrtps_cpp.hpp
[1.771s] -- Up-to-date: /home/ubuntu/ros2ws/install/linkpose_msgs/lib/liblinkpose_msgs__rosidl_typesupport_fastrtps_cpp.so
[1.772s] -- Up-to-date: /home/ubuntu/ros2ws/install/linkpose_msgs/include/linkpose_msgs/linkpose_msgs
[1.772s] -- Up-to-date: /home/ubuntu/ros2ws/install/linkpose_msgs/include/linkpose_msgs/linkpose_msgs/msg
[1.772s] -- Up-to-date: /home/ubuntu/ros2ws/install/linkpose_msgs/include/linkpose_msgs/linkpose_msgs/msg/detail
[1.772s] -- Up-to-date: /home/ubuntu/ros2ws/install/linkpose_msgs/include/linkpose_msgs/linkpose_msgs/msg/detail/link_pose__type_support.cpp
[1.772s] -- Up-to-date: /home/ubuntu/ros2ws/install/linkpose_msgs/include/linkpose_msgs/linkpose_msgs/msg/detail/link_pose__rosidl_typesupport_introspection_cpp.hpp
[1.772s] -- Up-to-date: /home/ubuntu/ros2ws/install/linkpose_msgs/lib/liblinkpose_msgs__rosidl_typesupport_introspection_cpp.so
[1.773s] -- Up-to-date: /home/ubuntu/ros2ws/install/linkpose_msgs/lib/liblinkpose_msgs__rosidl_typesupport_cpp.so
[1.773s] -- Up-to-date: /home/ubuntu/ros2ws/install/linkpose_msgs/share/linkpose_msgs/environment/pythonpath.sh
[1.773s] -- Up-to-date: /home/ubuntu/ros2ws/install/linkpose_msgs/share/linkpose_msgs/environment/pythonpath.dsv
[1.773s] -- Up-to-date: /home/ubuntu/ros2ws/install/linkpose_msgs/local/lib/python3.10/dist-packages/linkpose_msgs-0.0.0-py3.10.egg-info
[1.773s] -- Installing: /home/ubuntu/ros2ws/install/linkpose_msgs/local/lib/python3.10/dist-packages/linkpose_msgs-0.0.0-py3.10.egg-info/PKG-INFO
[1.777s] -- Installing: /home/ubuntu/ros2ws/install/linkpose_msgs/local/lib/python3.10/dist-packages/linkpose_msgs-0.0.0-py3.10.egg-info/top_level.txt
[1.778s] -- Installing: /home/ubuntu/ros2ws/install/linkpose_msgs/local/lib/python3.10/dist-packages/linkpose_msgs-0.0.0-py3.10.egg-info/dependency_links.txt
[1.778s] -- Installing: /home/ubuntu/ros2ws/install/linkpose_msgs/local/lib/python3.10/dist-packages/linkpose_msgs-0.0.0-py3.10.egg-info/SOURCES.txt
[1.778s] -- Up-to-date: /home/ubuntu/ros2ws/install/linkpose_msgs/local/lib/python3.10/dist-packages/linkpose_msgs
[1.779s] -- Up-to-date: /home/ubuntu/ros2ws/install/linkpose_msgs/local/lib/python3.10/dist-packages/linkpose_msgs/msg
[1.782s] -- Up-to-date: /home/ubuntu/ros2ws/install/linkpose_msgs/local/lib/python3.10/dist-packages/linkpose_msgs/msg/_link_pose_s.c
[1.782s] -- Up-to-date: /home/ubuntu/ros2ws/install/linkpose_msgs/local/lib/python3.10/dist-packages/linkpose_msgs/msg/_link_pose.py
[1.783s] -- Up-to-date: /home/ubuntu/ros2ws/install/linkpose_msgs/local/lib/python3.10/dist-packages/linkpose_msgs/msg/__init__.py
[1.783s] -- Up-to-date: /home/ubuntu/ros2ws/install/linkpose_msgs/local/lib/python3.10/dist-packages/linkpose_msgs/liblinkpose_msgs__rosidl_generator_py.so
[1.783s] -- Up-to-date: /home/ubuntu/ros2ws/install/linkpose_msgs/local/lib/python3.10/dist-packages/linkpose_msgs/linkpose_msgs_s__rosidl_typesupport_c.cpython-310-x86_64-linux-gnu.so
[1.783s] -- Up-to-date: /home/ubuntu/ros2ws/install/linkpose_msgs/local/lib/python3.10/dist-packages/linkpose_msgs/_linkpose_msgs_s.ep.rosidl_typesupport_fastrtps_c.c
[1.783s] -- Up-to-date: /home/ubuntu/ros2ws/install/linkpose_msgs/local/lib/python3.10/dist-packages/linkpose_msgs/_linkpose_msgs_s.ep.rosidl_typesupport_introspection_c.c
[1.783s] -- Up-to-date: /home/ubuntu/ros2ws/install/linkpose_msgs/local/lib/python3.10/dist-packages/linkpose_msgs/linkpose_msgs_s__rosidl_typesupport_fastrtps_c.cpython-310-x86_64-linux-gnu.so
[1.784s] -- Up-to-date: /home/ubuntu/ros2ws/install/linkpose_msgs/local/lib/python3.10/dist-packages/linkpose_msgs/_linkpose_msgs_s.ep.rosidl_typesupport_c.c
[1.784s] -- Up-to-date: /home/ubuntu/ros2ws/install/linkpose_msgs/local/lib/python3.10/dist-packages/linkpose_msgs/linkpose_msgs_s__rosidl_typesupport_introspection_c.cpython-310-x86_64-linux-gnu.so
[1.784s] -- Up-to-date: /home/ubuntu/ros2ws/install/linkpose_msgs/local/lib/python3.10/dist-packages/linkpose_msgs/__init__.py
[1.849s] Listing '/home/ubuntu/ros2ws/install/linkpose_msgs/local/lib/python3.10/dist-packages/linkpose_msgs'...
[1.850s] Listing '/home/ubuntu/ros2ws/install/linkpose_msgs/local/lib/python3.10/dist-packages/linkpose_msgs/msg'...
[1.862s] -- Up-to-date: /home/ubuntu/ros2ws/install/linkpose_msgs/local/lib/python3.10/dist-packages/linkpose_msgs/linkpose_msgs_s__rosidl_typesupport_fastrtps_c.cpython-310-x86_64-linux-gnu.so
[1.863s] -- Up-to-date: /home/ubuntu/ros2ws/install/linkpose_msgs/local/lib/python3.10/dist-packages/linkpose_msgs/linkpose_msgs_s__rosidl_typesupport_introspection_c.cpython-310-x86_64-linux-gnu.so
[1.865s] -- Up-to-date: /home/ubuntu/ros2ws/install/linkpose_msgs/local/lib/python3.10/dist-packages/linkpose_msgs/linkpose_msgs_s__rosidl_typesupport_c.cpython-310-x86_64-linux-gnu.so
[1.866s] -- Up-to-date: /home/ubuntu/ros2ws/install/linkpose_msgs/lib/liblinkpose_msgs__rosidl_generator_py.so
[1.867s] -- Up-to-date: /home/ubuntu/ros2ws/install/linkpose_msgs/share/linkpose_msgs/msg/LinkPose.idl
[1.868s] -- Up-to-date: /home/ubuntu/ros2ws/install/linkpose_msgs/share/linkpose_msgs/msg/LinkPose.msg
[1.870s] -- Up-to-date: /home/ubuntu/ros2ws/install/linkpose_msgs/share/ament_index/resource_index/package_run_dependencies/linkpose_msgs
[1.870s] -- Up-to-date: /home/ubuntu/ros2ws/install/linkpose_msgs/share/ament_index/resource_index/parent_prefix_path/linkpose_msgs
[1.878s] -- Up-to-date: /home/ubuntu/ros2ws/install/linkpose_msgs/share/linkpose_msgs/environment/ament_prefix_path.sh
[1.878s] -- Up-to-date: /home/ubuntu/ros2ws/install/linkpose_msgs/share/linkpose_msgs/environment/ament_prefix_path.dsv
[1.878s] -- Up-to-date: /home/ubuntu/ros2ws/install/linkpose_msgs/share/linkpose_msgs/environment/path.sh
[1.879s] -- Up-to-date: /home/ubuntu/ros2ws/install/linkpose_msgs/share/linkpose_msgs/environment/path.dsv
[1.879s] -- Up-to-date: /home/ubuntu/ros2ws/install/linkpose_msgs/share/linkpose_msgs/local_setup.bash
[1.879s] -- Up-to-date: /home/ubuntu/ros2ws/install/linkpose_msgs/share/linkpose_msgs/local_setup.sh
[1.880s] -- Up-to-date: /home/ubuntu/ros2ws/install/linkpose_msgs/share/linkpose_msgs/local_setup.zsh
[1.880s] -- Up-to-date: /home/ubuntu/ros2ws/install/linkpose_msgs/share/linkpose_msgs/local_setup.dsv
[1.880s] -- Installing: /home/ubuntu/ros2ws/install/linkpose_msgs/share/linkpose_msgs/package.dsv
[1.880s] -- Up-to-date: /home/ubuntu/ros2ws/install/linkpose_msgs/share/ament_index/resource_index/packages/linkpose_msgs
[1.881s] -- Up-to-date: /home/ubuntu/ros2ws/install/linkpose_msgs/share/linkpose_msgs/cmake/export_linkpose_msgs__rosidl_generator_cExport.cmake
[1.881s] -- Up-to-date: /home/ubuntu/ros2ws/install/linkpose_msgs/share/linkpose_msgs/cmake/export_linkpose_msgs__rosidl_generator_cExport-noconfig.cmake
[1.881s] -- Up-to-date: /home/ubuntu/ros2ws/install/linkpose_msgs/share/linkpose_msgs/cmake/export_linkpose_msgs__rosidl_typesupport_fastrtps_cExport.cmake
[1.881s] -- Up-to-date: /home/ubuntu/ros2ws/install/linkpose_msgs/share/linkpose_msgs/cmake/export_linkpose_msgs__rosidl_typesupport_fastrtps_cExport-noconfig.cmake
[1.881s] -- Up-to-date: /home/ubuntu/ros2ws/install/linkpose_msgs/share/linkpose_msgs/cmake/linkpose_msgs__rosidl_typesupport_introspection_cExport.cmake
[1.881s] -- Up-to-date: /home/ubuntu/ros2ws/install/linkpose_msgs/share/linkpose_msgs/cmake/linkpose_msgs__rosidl_typesupport_introspection_cExport-noconfig.cmake
[1.882s] -- Up-to-date: /home/ubuntu/ros2ws/install/linkpose_msgs/share/linkpose_msgs/cmake/linkpose_msgs__rosidl_typesupport_cExport.cmake
[1.882s] -- Up-to-date: /home/ubuntu/ros2ws/install/linkpose_msgs/share/linkpose_msgs/cmake/linkpose_msgs__rosidl_typesupport_cExport-noconfig.cmake
[1.882s] -- Up-to-date: /home/ubuntu/ros2ws/install/linkpose_msgs/share/linkpose_msgs/cmake/export_linkpose_msgs__rosidl_generator_cppExport.cmake
[1.886s] -- Up-to-date: /home/ubuntu/ros2ws/install/linkpose_msgs/share/linkpose_msgs/cmake/export_linkpose_msgs__rosidl_typesupport_fastrtps_cppExport.cmake
[1.887s] -- Up-to-date: /home/ubuntu/ros2ws/install/linkpose_msgs/share/linkpose_msgs/cmake/export_linkpose_msgs__rosidl_typesupport_fastrtps_cppExport-noconfig.cmake
[1.887s] -- Up-to-date: /home/ubuntu/ros2ws/install/linkpose_msgs/share/linkpose_msgs/cmake/linkpose_msgs__rosidl_typesupport_introspection_cppExport.cmake
[1.887s] -- Up-to-date: /home/ubuntu/ros2ws/install/linkpose_msgs/share/linkpose_msgs/cmake/linkpose_msgs__rosidl_typesupport_introspection_cppExport-noconfig.cmake
[1.890s] -- Up-to-date: /home/ubuntu/ros2ws/install/linkpose_msgs/share/linkpose_msgs/cmake/linkpose_msgs__rosidl_typesupport_cppExport.cmake
[1.890s] -- Up-to-date: /home/ubuntu/ros2ws/install/linkpose_msgs/share/linkpose_msgs/cmake/linkpose_msgs__rosidl_typesupport_cppExport-noconfig.cmake
[1.890s] -- Up-to-date: /home/ubuntu/ros2ws/install/linkpose_msgs/share/linkpose_msgs/cmake/export_linkpose_msgs__rosidl_generator_pyExport.cmake
[1.890s] -- Up-to-date: /home/ubuntu/ros2ws/install/linkpose_msgs/share/linkpose_msgs/cmake/export_linkpose_msgs__rosidl_generator_pyExport-noconfig.cmake
[1.891s] -- Up-to-date: /home/ubuntu/ros2ws/install/linkpose_msgs/share/linkpose_msgs/cmake/rosidl_cmake-extras.cmake
[1.891s] -- Up-to-date: /home/ubuntu/ros2ws/install/linkpose_msgs/share/linkpose_msgs/cmake/ament_cmake_export_include_directories-extras.cmake
[1.896s] -- Up-to-date: /home/ubuntu/ros2ws/install/linkpose_msgs/share/linkpose_msgs/cmake/ament_cmake_export_libraries-extras.cmake
[1.896s] -- Up-to-date: /home/ubuntu/ros2ws/install/linkpose_msgs/share/linkpose_msgs/cmake/ament_cmake_export_targets-extras.cmake
[1.896s] -- Up-to-date: /home/ubuntu/ros2ws/install/linkpose_msgs/share/linkpose_msgs/cmake/rosidl_cmake_export_typesupport_targets-extras.cmake
[1.896s] -- Up-to-date: /home/ubuntu/ros2ws/install/linkpose_msgs/share/linkpose_msgs/cmake/ament_cmake_export_dependencies-extras.cmake
[1.896s] -- Up-to-date: /home/ubuntu/ros2ws/install/linkpose_msgs/share/linkpose_msgs/cmake/rosidl_cmake_export_typesupport_libraries-extras.cmake
[1.897s] -- Up-to-date: /home/ubuntu/ros2ws/install/linkpose_msgs/share/linkpose_msgs/cmake/linkpose_msgsConfig.cmake
[1.897s] -- Up-to-date: /home/ubuntu/ros2ws/install/linkpose_msgs/share/linkpose_msgs/cmake/linkpose_msgsConfig-version.cmake
[1.897s] -- Up-to-date: /home/ubuntu/ros2ws/install/linkpose_msgs/share/linkpose_msgs/package.xml
[1.898s] Invoked command in '/home/ubuntu/ros2ws/build/linkpose_msgs' returned '0': CMAKE_PREFIX_PATH=${CMAKE_PREFIX_PATH}:/home/ubuntu/ros2ws/install/testV1:/home/ubuntu/ros2ws/install/gui_subscriber:/home/ubuntu/ros2ws/install/moveit_configs_utils:/home/ubuntu/ros2ws/install/robot_letter_writer:/home/ubuntu/ros2ws/install/launch_param_builder:/opt/ros/humble /usr/bin/cmake --install /home/ubuntu/ros2ws/build/linkpose_msgs
