[0.151s] Invoking command in '/home/ubuntu/ros2ws/build/linkattacher_msgs': CMAKE_PREFIX_PATH=${CMAKE_PREFIX_PATH}:/opt/ros/humble /usr/bin/cmake --build /home/ubuntu/ros2ws/build/linkattacher_msgs -- -j4 -l4
[3.912s] [  2%] Built target linkattacher_msgs__cpp
[3.976s] [ 12%] Built target linkattacher_msgs__rosidl_generator_c
[4.108s] [ 23%] Built target linkattacher_msgs__rosidl_typesupport_cpp
[4.113s] [ 33%] Built target linkattacher_msgs__rosidl_typesupport_introspection_cpp
[4.165s] [ 33%] Built target ament_cmake_python_symlink_linkattacher_msgs
[4.237s] [ 43%] Built target linkattacher_msgs__rosidl_typesupport_fastrtps_cpp
[4.301s] [ 53%] Built target linkattacher_msgs__rosidl_typesupport_introspection_c
[4.307s] [ 64%] Built target linkattacher_msgs__rosidl_typesupport_c
[4.423s] [ 74%] Built target linkattacher_msgs__rosidl_typesupport_fastrtps_c
[4.489s] [ 74%] Built target linkattacher_msgs
[4.649s] [ 76%] Built target linkattacher_msgs__py
[4.825s] [ 84%] Built target linkattacher_msgs__rosidl_generator_py
[4.931s] running egg_info
[4.932s] writing linkattacher_msgs.egg-info/PKG-INFO
[4.932s] writing dependency_links to linkattacher_msgs.egg-info/dependency_links.txt
[4.933s] writing top-level names to linkattacher_msgs.egg-info/top_level.txt
[4.936s] reading manifest file 'linkattacher_msgs.egg-info/SOURCES.txt'
[4.940s] writing manifest file 'linkattacher_msgs.egg-info/SOURCES.txt'
[5.014s] [ 89%] Built target linkattacher_msgs__rosidl_typesupport_introspection_c__pyext
[5.022s] [ 94%] Built target linkattacher_msgs__rosidl_typesupport_c__pyext
[5.048s] [100%] Built target linkattacher_msgs__rosidl_typesupport_fastrtps_c__pyext
[5.051s] [100%] Built target ament_cmake_python_build_linkattacher_msgs_egg
[5.081s] Invoked command in '/home/ubuntu/ros2ws/build/linkattacher_msgs' returned '0': CMAKE_PREFIX_PATH=${CMAKE_PREFIX_PATH}:/opt/ros/humble /usr/bin/cmake --build /home/ubuntu/ros2ws/build/linkattacher_msgs -- -j4 -l4
[5.310s] Invoking command in '/home/ubuntu/ros2ws/build/linkattacher_msgs': CMAKE_PREFIX_PATH=${CMAKE_PREFIX_PATH}:/opt/ros/humble /usr/bin/cmake --install /home/ubuntu/ros2ws/build/linkattacher_msgs
[5.341s] -- Install configuration: ""
[5.367s] -- Execute custom install script
[5.383s] -- Up-to-date symlink: /home/ubuntu/ros2ws/install/linkattacher_msgs/share/linkattacher_msgs/srv/AttachLink.srv
[5.401s] -- Up-to-date symlink: /home/ubuntu/ros2ws/install/linkattacher_msgs/share/linkattacher_msgs/srv/DetachLink.srv
[5.418s] -- Up-to-date symlink: /home/ubuntu/ros2ws/install/linkattacher_msgs/share/ament_index/resource_index/rosidl_interfaces/linkattacher_msgs
[5.446s] -- Up-to-date symlink: /home/ubuntu/ros2ws/install/linkattacher_msgs/include/linkattacher_msgs/linkattacher_msgs/msg/rosidl_generator_c__visibility_control.h
[5.447s] -- Up-to-date symlink: /home/ubuntu/ros2ws/install/linkattacher_msgs/include/linkattacher_msgs/linkattacher_msgs/srv/attach_link.h
[5.448s] -- Up-to-date symlink: /home/ubuntu/ros2ws/install/linkattacher_msgs/include/linkattacher_msgs/linkattacher_msgs/srv/detach_link.h
[5.449s] -- Up-to-date symlink: /home/ubuntu/ros2ws/install/linkattacher_msgs/include/linkattacher_msgs/linkattacher_msgs/srv/detail/attach_link__functions.h
[5.449s] -- Up-to-date symlink: /home/ubuntu/ros2ws/install/linkattacher_msgs/include/linkattacher_msgs/linkattacher_msgs/srv/detail/attach_link__struct.h
[5.450s] -- Up-to-date symlink: /home/ubuntu/ros2ws/install/linkattacher_msgs/include/linkattacher_msgs/linkattacher_msgs/srv/detail/attach_link__type_support.h
[5.451s] -- Up-to-date symlink: /home/ubuntu/ros2ws/install/linkattacher_msgs/include/linkattacher_msgs/linkattacher_msgs/srv/detail/detach_link__functions.h
[5.452s] -- Up-to-date symlink: /home/ubuntu/ros2ws/install/linkattacher_msgs/include/linkattacher_msgs/linkattacher_msgs/srv/detail/detach_link__struct.h
[5.453s] -- Up-to-date symlink: /home/ubuntu/ros2ws/install/linkattacher_msgs/include/linkattacher_msgs/linkattacher_msgs/srv/detail/detach_link__type_support.h
[5.455s] -- Up-to-date symlink: /home/ubuntu/ros2ws/install/linkattacher_msgs/share/linkattacher_msgs/environment/library_path.sh
[5.455s] -- Up-to-date symlink: /home/ubuntu/ros2ws/install/linkattacher_msgs/share/linkattacher_msgs/environment/library_path.dsv
[5.457s] -- Up-to-date symlink: /home/ubuntu/ros2ws/install/linkattacher_msgs/include/linkattacher_msgs/linkattacher_msgs/msg/rosidl_typesupport_fastrtps_c__visibility_control.h
[5.458s] -- Up-to-date symlink: /home/ubuntu/ros2ws/install/linkattacher_msgs/include/linkattacher_msgs/linkattacher_msgs/srv/detail/attach_link__rosidl_typesupport_fastrtps_c.h
[5.461s] -- Up-to-date symlink: /home/ubuntu/ros2ws/install/linkattacher_msgs/include/linkattacher_msgs/linkattacher_msgs/srv/detail/detach_link__rosidl_typesupport_fastrtps_c.h
[5.461s] -- Up-to-date symlink: /home/ubuntu/ros2ws/install/linkattacher_msgs/include/linkattacher_msgs/linkattacher_msgs/msg/rosidl_typesupport_introspection_c__visibility_control.h
[5.463s] -- Up-to-date symlink: /home/ubuntu/ros2ws/install/linkattacher_msgs/include/linkattacher_msgs/linkattacher_msgs/srv/detail/attach_link__rosidl_typesupport_introspection_c.h
[5.463s] -- Up-to-date symlink: /home/ubuntu/ros2ws/install/linkattacher_msgs/include/linkattacher_msgs/linkattacher_msgs/srv/detail/detach_link__rosidl_typesupport_introspection_c.h
[5.480s] -- Up-to-date symlink: /home/ubuntu/ros2ws/install/linkattacher_msgs/include/linkattacher_msgs/linkattacher_msgs/srv/attach_link.hpp
[5.484s] -- Up-to-date symlink: /home/ubuntu/ros2ws/install/linkattacher_msgs/include/linkattacher_msgs/linkattacher_msgs/srv/detach_link.hpp
[5.491s] -- Up-to-date symlink: /home/ubuntu/ros2ws/install/linkattacher_msgs/include/linkattacher_msgs/linkattacher_msgs/srv/detail/attach_link__builder.hpp
[5.495s] -- Up-to-date symlink: /home/ubuntu/ros2ws/install/linkattacher_msgs/include/linkattacher_msgs/linkattacher_msgs/srv/detail/attach_link__struct.hpp
[5.504s] -- Up-to-date symlink: /home/ubuntu/ros2ws/install/linkattacher_msgs/include/linkattacher_msgs/linkattacher_msgs/srv/detail/attach_link__traits.hpp
[5.516s] -- Up-to-date symlink: /home/ubuntu/ros2ws/install/linkattacher_msgs/include/linkattacher_msgs/linkattacher_msgs/srv/detail/detach_link__builder.hpp
[5.533s] -- Up-to-date symlink: /home/ubuntu/ros2ws/install/linkattacher_msgs/include/linkattacher_msgs/linkattacher_msgs/srv/detail/detach_link__struct.hpp
[5.535s] -- Up-to-date symlink: /home/ubuntu/ros2ws/install/linkattacher_msgs/include/linkattacher_msgs/linkattacher_msgs/srv/detail/detach_link__traits.hpp
[5.542s] -- Up-to-date symlink: /home/ubuntu/ros2ws/install/linkattacher_msgs/include/linkattacher_msgs/linkattacher_msgs/msg/rosidl_typesupport_fastrtps_cpp__visibility_control.h
[5.544s] -- Up-to-date symlink: /home/ubuntu/ros2ws/install/linkattacher_msgs/include/linkattacher_msgs/linkattacher_msgs/srv/detail/attach_link__rosidl_typesupport_fastrtps_cpp.hpp
[5.546s] -- Up-to-date symlink: /home/ubuntu/ros2ws/install/linkattacher_msgs/include/linkattacher_msgs/linkattacher_msgs/srv/detail/detach_link__rosidl_typesupport_fastrtps_cpp.hpp
[5.547s] -- Up-to-date symlink: /home/ubuntu/ros2ws/install/linkattacher_msgs/include/linkattacher_msgs/linkattacher_msgs/srv/detail/attach_link__rosidl_typesupport_introspection_cpp.hpp
[5.548s] -- Up-to-date symlink: /home/ubuntu/ros2ws/install/linkattacher_msgs/include/linkattacher_msgs/linkattacher_msgs/srv/detail/detach_link__rosidl_typesupport_introspection_cpp.hpp
[5.549s] -- Up-to-date symlink: /home/ubuntu/ros2ws/install/linkattacher_msgs/share/linkattacher_msgs/environment/pythonpath.sh
[5.549s] -- Up-to-date symlink: /home/ubuntu/ros2ws/install/linkattacher_msgs/share/linkattacher_msgs/environment/pythonpath.dsv
[5.550s] -- Up-to-date symlink: /home/ubuntu/ros2ws/install/linkattacher_msgs/local/lib/python3.10/dist-packages/linkattacher_msgs-0.0.0-py3.10.egg-info/PKG-INFO
[5.551s] -- Up-to-date symlink: /home/ubuntu/ros2ws/install/linkattacher_msgs/local/lib/python3.10/dist-packages/linkattacher_msgs-0.0.0-py3.10.egg-info/SOURCES.txt
[5.552s] -- Up-to-date symlink: /home/ubuntu/ros2ws/install/linkattacher_msgs/local/lib/python3.10/dist-packages/linkattacher_msgs-0.0.0-py3.10.egg-info/dependency_links.txt
[5.553s] -- Up-to-date symlink: /home/ubuntu/ros2ws/install/linkattacher_msgs/local/lib/python3.10/dist-packages/linkattacher_msgs-0.0.0-py3.10.egg-info/top_level.txt
[5.555s] -- Up-to-date symlink: /home/ubuntu/ros2ws/install/linkattacher_msgs/local/lib/python3.10/dist-packages/linkattacher_msgs/__init__.py
[5.557s] -- Up-to-date symlink: /home/ubuntu/ros2ws/install/linkattacher_msgs/local/lib/python3.10/dist-packages/linkattacher_msgs/_linkattacher_msgs_s.ep.rosidl_typesupport_c.c
[5.558s] -- Up-to-date symlink: /home/ubuntu/ros2ws/install/linkattacher_msgs/local/lib/python3.10/dist-packages/linkattacher_msgs/_linkattacher_msgs_s.ep.rosidl_typesupport_fastrtps_c.c
[5.560s] -- Up-to-date symlink: /home/ubuntu/ros2ws/install/linkattacher_msgs/local/lib/python3.10/dist-packages/linkattacher_msgs/_linkattacher_msgs_s.ep.rosidl_typesupport_introspection_c.c
[5.560s] -- Up-to-date symlink: /home/ubuntu/ros2ws/install/linkattacher_msgs/local/lib/python3.10/dist-packages/linkattacher_msgs/liblinkattacher_msgs__rosidl_generator_py.so
[5.573s] -- Up-to-date symlink: /home/ubuntu/ros2ws/install/linkattacher_msgs/local/lib/python3.10/dist-packages/linkattacher_msgs/linkattacher_msgs_s__rosidl_typesupport_c.cpython-310-x86_64-linux-gnu.so
[5.573s] -- Up-to-date symlink: /home/ubuntu/ros2ws/install/linkattacher_msgs/local/lib/python3.10/dist-packages/linkattacher_msgs/linkattacher_msgs_s__rosidl_typesupport_fastrtps_c.cpython-310-x86_64-linux-gnu.so
[5.574s] -- Up-to-date symlink: /home/ubuntu/ros2ws/install/linkattacher_msgs/local/lib/python3.10/dist-packages/linkattacher_msgs/linkattacher_msgs_s__rosidl_typesupport_introspection_c.cpython-310-x86_64-linux-gnu.so
[5.576s] -- Up-to-date symlink: /home/ubuntu/ros2ws/install/linkattacher_msgs/local/lib/python3.10/dist-packages/linkattacher_msgs/srv/__init__.py
[5.580s] -- Up-to-date symlink: /home/ubuntu/ros2ws/install/linkattacher_msgs/local/lib/python3.10/dist-packages/linkattacher_msgs/srv/_attach_link.py
[5.581s] -- Up-to-date symlink: /home/ubuntu/ros2ws/install/linkattacher_msgs/local/lib/python3.10/dist-packages/linkattacher_msgs/srv/_attach_link_s.c
[5.582s] -- Up-to-date symlink: /home/ubuntu/ros2ws/install/linkattacher_msgs/local/lib/python3.10/dist-packages/linkattacher_msgs/srv/_detach_link.py
[5.583s] -- Up-to-date symlink: /home/ubuntu/ros2ws/install/linkattacher_msgs/local/lib/python3.10/dist-packages/linkattacher_msgs/srv/_detach_link_s.c
[5.597s] -- Up-to-date symlink: /home/ubuntu/ros2ws/install/linkattacher_msgs/local/lib/python3.10/dist-packages/linkattacher_msgs/linkattacher_msgs_s__rosidl_typesupport_fastrtps_c.cpython-310-x86_64-linux-gnu.so
[5.605s] -- Up-to-date symlink: /home/ubuntu/ros2ws/install/linkattacher_msgs/local/lib/python3.10/dist-packages/linkattacher_msgs/linkattacher_msgs_s__rosidl_typesupport_introspection_c.cpython-310-x86_64-linux-gnu.so
[5.605s] -- Up-to-date symlink: /home/ubuntu/ros2ws/install/linkattacher_msgs/local/lib/python3.10/dist-packages/linkattacher_msgs/linkattacher_msgs_s__rosidl_typesupport_c.cpython-310-x86_64-linux-gnu.so
[5.605s] -- Up-to-date symlink: /home/ubuntu/ros2ws/install/linkattacher_msgs/share/linkattacher_msgs/srv/AttachLink.idl
[5.605s] -- Up-to-date symlink: /home/ubuntu/ros2ws/install/linkattacher_msgs/share/linkattacher_msgs/srv/DetachLink.idl
[5.605s] -- Up-to-date symlink: /home/ubuntu/ros2ws/install/linkattacher_msgs/share/linkattacher_msgs/srv/AttachLink.srv
[5.605s] -- Up-to-date symlink: /home/ubuntu/ros2ws/install/linkattacher_msgs/share/linkattacher_msgs/srv/AttachLink_Request.msg
[5.605s] -- Up-to-date symlink: /home/ubuntu/ros2ws/install/linkattacher_msgs/share/linkattacher_msgs/srv/AttachLink_Response.msg
[5.608s] -- Up-to-date symlink: /home/ubuntu/ros2ws/install/linkattacher_msgs/share/linkattacher_msgs/srv/DetachLink.srv
[5.608s] -- Up-to-date symlink: /home/ubuntu/ros2ws/install/linkattacher_msgs/share/linkattacher_msgs/srv/DetachLink_Request.msg
[5.612s] -- Up-to-date symlink: /home/ubuntu/ros2ws/install/linkattacher_msgs/share/linkattacher_msgs/srv/DetachLink_Response.msg
[5.613s] -- Up-to-date symlink: /home/ubuntu/ros2ws/install/linkattacher_msgs/share/ament_index/resource_index/package_run_dependencies/linkattacher_msgs
[5.614s] -- Up-to-date symlink: /home/ubuntu/ros2ws/install/linkattacher_msgs/share/ament_index/resource_index/parent_prefix_path/linkattacher_msgs
[5.615s] -- Up-to-date symlink: /home/ubuntu/ros2ws/install/linkattacher_msgs/share/linkattacher_msgs/environment/ament_prefix_path.sh
[5.615s] -- Up-to-date symlink: /home/ubuntu/ros2ws/install/linkattacher_msgs/share/linkattacher_msgs/environment/ament_prefix_path.dsv
[5.615s] -- Up-to-date symlink: /home/ubuntu/ros2ws/install/linkattacher_msgs/share/linkattacher_msgs/environment/path.sh
[5.615s] -- Up-to-date symlink: /home/ubuntu/ros2ws/install/linkattacher_msgs/share/linkattacher_msgs/environment/path.dsv
[5.616s] -- Up-to-date symlink: /home/ubuntu/ros2ws/install/linkattacher_msgs/share/linkattacher_msgs/local_setup.bash
[5.616s] -- Up-to-date symlink: /home/ubuntu/ros2ws/install/linkattacher_msgs/share/linkattacher_msgs/local_setup.sh
[5.616s] -- Up-to-date symlink: /home/ubuntu/ros2ws/install/linkattacher_msgs/share/linkattacher_msgs/local_setup.zsh
[5.616s] -- Up-to-date symlink: /home/ubuntu/ros2ws/install/linkattacher_msgs/share/linkattacher_msgs/local_setup.dsv
[5.618s] -- Symlinking: /home/ubuntu/ros2ws/install/linkattacher_msgs/share/linkattacher_msgs/package.dsv
[5.638s] -- Up-to-date symlink: /home/ubuntu/ros2ws/install/linkattacher_msgs/share/ament_index/resource_index/packages/linkattacher_msgs
[5.653s] -- Up-to-date symlink: /home/ubuntu/ros2ws/install/linkattacher_msgs/share/linkattacher_msgs/cmake/rosidl_cmake-extras.cmake
[5.654s] -- Up-to-date symlink: /home/ubuntu/ros2ws/install/linkattacher_msgs/share/linkattacher_msgs/cmake/ament_cmake_export_include_directories-extras.cmake
[5.655s] -- Up-to-date symlink: /home/ubuntu/ros2ws/install/linkattacher_msgs/share/linkattacher_msgs/cmake/ament_cmake_export_libraries-extras.cmake
[5.655s] -- Up-to-date symlink: /home/ubuntu/ros2ws/install/linkattacher_msgs/share/linkattacher_msgs/cmake/ament_cmake_export_targets-extras.cmake
[5.660s] -- Up-to-date symlink: /home/ubuntu/ros2ws/install/linkattacher_msgs/share/linkattacher_msgs/cmake/rosidl_cmake_export_typesupport_targets-extras.cmake
[5.663s] -- Up-to-date symlink: /home/ubuntu/ros2ws/install/linkattacher_msgs/share/linkattacher_msgs/cmake/ament_cmake_export_dependencies-extras.cmake
[5.663s] -- Up-to-date symlink: /home/ubuntu/ros2ws/install/linkattacher_msgs/share/linkattacher_msgs/cmake/rosidl_cmake_export_typesupport_libraries-extras.cmake
[5.665s] -- Up-to-date symlink: /home/ubuntu/ros2ws/install/linkattacher_msgs/share/linkattacher_msgs/cmake/linkattacher_msgsConfig.cmake
[5.678s] -- Up-to-date symlink: /home/ubuntu/ros2ws/install/linkattacher_msgs/share/linkattacher_msgs/cmake/linkattacher_msgsConfig-version.cmake
[5.679s] -- Up-to-date symlink: /home/ubuntu/ros2ws/install/linkattacher_msgs/share/linkattacher_msgs/package.xml
[5.848s] -- Up-to-date: /home/ubuntu/ros2ws/install/linkattacher_msgs/lib/liblinkattacher_msgs__rosidl_generator_c.so
[5.936s] -- Up-to-date: /home/ubuntu/ros2ws/install/linkattacher_msgs/lib/liblinkattacher_msgs__rosidl_typesupport_fastrtps_c.so
[6.021s] -- Up-to-date: /home/ubuntu/ros2ws/install/linkattacher_msgs/lib/liblinkattacher_msgs__rosidl_typesupport_introspection_c.so
[6.032s] -- Up-to-date: /home/ubuntu/ros2ws/install/linkattacher_msgs/lib/liblinkattacher_msgs__rosidl_typesupport_c.so
[6.063s] -- Up-to-date: /home/ubuntu/ros2ws/install/linkattacher_msgs/lib/liblinkattacher_msgs__rosidl_typesupport_fastrtps_cpp.so
[6.082s] -- Up-to-date: /home/ubuntu/ros2ws/install/linkattacher_msgs/lib/liblinkattacher_msgs__rosidl_typesupport_introspection_cpp.so
[6.108s] -- Up-to-date: /home/ubuntu/ros2ws/install/linkattacher_msgs/lib/liblinkattacher_msgs__rosidl_typesupport_cpp.so
[6.376s] Listing '/home/ubuntu/ros2ws/install/linkattacher_msgs/local/lib/python3.10/dist-packages/linkattacher_msgs'...
[6.377s] Listing '/home/ubuntu/ros2ws/install/linkattacher_msgs/local/lib/python3.10/dist-packages/linkattacher_msgs/srv'...
[6.443s] -- Up-to-date: /home/ubuntu/ros2ws/install/linkattacher_msgs/lib/liblinkattacher_msgs__rosidl_generator_py.so
[6.611s] -- Up-to-date: /home/ubuntu/ros2ws/install/linkattacher_msgs/share/linkattacher_msgs/cmake/export_linkattacher_msgs__rosidl_generator_cExport.cmake
[6.611s] -- Up-to-date: /home/ubuntu/ros2ws/install/linkattacher_msgs/share/linkattacher_msgs/cmake/export_linkattacher_msgs__rosidl_generator_cExport-noconfig.cmake
[6.622s] -- Up-to-date: /home/ubuntu/ros2ws/install/linkattacher_msgs/share/linkattacher_msgs/cmake/export_linkattacher_msgs__rosidl_typesupport_fastrtps_cExport.cmake
[6.622s] -- Up-to-date: /home/ubuntu/ros2ws/install/linkattacher_msgs/share/linkattacher_msgs/cmake/export_linkattacher_msgs__rosidl_typesupport_fastrtps_cExport-noconfig.cmake
[6.638s] -- Up-to-date: /home/ubuntu/ros2ws/install/linkattacher_msgs/share/linkattacher_msgs/cmake/linkattacher_msgs__rosidl_typesupport_introspection_cExport.cmake
[6.639s] -- Up-to-date: /home/ubuntu/ros2ws/install/linkattacher_msgs/share/linkattacher_msgs/cmake/linkattacher_msgs__rosidl_typesupport_introspection_cExport-noconfig.cmake
[6.649s] -- Up-to-date: /home/ubuntu/ros2ws/install/linkattacher_msgs/share/linkattacher_msgs/cmake/linkattacher_msgs__rosidl_typesupport_cExport.cmake
[6.649s] -- Up-to-date: /home/ubuntu/ros2ws/install/linkattacher_msgs/share/linkattacher_msgs/cmake/linkattacher_msgs__rosidl_typesupport_cExport-noconfig.cmake
[6.697s] -- Up-to-date: /home/ubuntu/ros2ws/install/linkattacher_msgs/share/linkattacher_msgs/cmake/export_linkattacher_msgs__rosidl_generator_cppExport.cmake
[6.812s] -- Up-to-date: /home/ubuntu/ros2ws/install/linkattacher_msgs/share/linkattacher_msgs/cmake/export_linkattacher_msgs__rosidl_typesupport_fastrtps_cppExport.cmake
[6.813s] -- Up-to-date: /home/ubuntu/ros2ws/install/linkattacher_msgs/share/linkattacher_msgs/cmake/export_linkattacher_msgs__rosidl_typesupport_fastrtps_cppExport-noconfig.cmake
[6.869s] -- Up-to-date: /home/ubuntu/ros2ws/install/linkattacher_msgs/share/linkattacher_msgs/cmake/linkattacher_msgs__rosidl_typesupport_introspection_cppExport.cmake
[6.870s] -- Up-to-date: /home/ubuntu/ros2ws/install/linkattacher_msgs/share/linkattacher_msgs/cmake/linkattacher_msgs__rosidl_typesupport_introspection_cppExport-noconfig.cmake
[6.936s] -- Up-to-date: /home/ubuntu/ros2ws/install/linkattacher_msgs/share/linkattacher_msgs/cmake/linkattacher_msgs__rosidl_typesupport_cppExport.cmake
[6.938s] -- Up-to-date: /home/ubuntu/ros2ws/install/linkattacher_msgs/share/linkattacher_msgs/cmake/linkattacher_msgs__rosidl_typesupport_cppExport-noconfig.cmake
[6.956s] -- Up-to-date: /home/ubuntu/ros2ws/install/linkattacher_msgs/share/linkattacher_msgs/cmake/export_linkattacher_msgs__rosidl_generator_pyExport.cmake
[6.956s] -- Up-to-date: /home/ubuntu/ros2ws/install/linkattacher_msgs/share/linkattacher_msgs/cmake/export_linkattacher_msgs__rosidl_generator_pyExport-noconfig.cmake
[6.986s] Invoked command in '/home/ubuntu/ros2ws/build/linkattacher_msgs' returned '0': CMAKE_PREFIX_PATH=${CMAKE_PREFIX_PATH}:/opt/ros/humble /usr/bin/cmake --install /home/ubuntu/ros2ws/build/linkattacher_msgs
