[0.034s] Invoking command in '/home/ubuntu/ros2ws/build/ros2srrc_ur3_moveit2': CMAKE_PREFIX_PATH=${CMAKE_PREFIX_PATH}:/opt/ros/humble /usr/bin/cmake --build /home/ubuntu/ros2ws/build/ros2srrc_ur3_moveit2 -- -j4 -l4
[0.118s] Invoked command in '/home/ubuntu/ros2ws/build/ros2srrc_ur3_moveit2' returned '0': CMAKE_PREFIX_PATH=${CMAKE_PREFIX_PATH}:/opt/ros/humble /usr/bin/cmake --build /home/ubuntu/ros2ws/build/ros2srrc_ur3_moveit2 -- -j4 -l4
[0.157s] Invoking command in '/home/ubuntu/ros2ws/build/ros2srrc_ur3_moveit2': CMAKE_PREFIX_PATH=${CMAKE_PREFIX_PATH}:/opt/ros/humble /usr/bin/cmake --install /home/ubuntu/ros2ws/build/ros2srrc_ur3_moveit2
[0.169s] -- Install configuration: ""
[0.169s] -- Up-to-date: /home/ubuntu/ros2ws/install/ros2srrc_ur3_moveit2/share/ros2srrc_ur3_moveit2/config
[0.169s] -- Up-to-date: /home/ubuntu/ros2ws/install/ros2srrc_ur3_moveit2/share/ros2srrc_ur3_moveit2/config/ur3_moveit2.rviz
[0.169s] -- Up-to-date: /home/ubuntu/ros2ws/install/ros2srrc_ur3_moveit2/share/ros2srrc_ur3_moveit2/config/ur3robotiq_hande.srdf
[0.170s] -- Up-to-date: /home/ubuntu/ros2ws/install/ros2srrc_ur3_moveit2/share/ros2srrc_ur3_moveit2/config/ur3robotiq_2f85_moveit2.rviz
[0.170s] -- Up-to-date: /home/ubuntu/ros2ws/install/ros2srrc_ur3_moveit2/share/ros2srrc_ur3_moveit2/config/ur3robotiq_2f85.srdf
[0.170s] -- Up-to-date: /home/ubuntu/ros2ws/install/ros2srrc_ur3_moveit2/share/ros2srrc_ur3_moveit2/config/ur3robotiq_hande_moveit2.rviz
[0.170s] -- Up-to-date: /home/ubuntu/ros2ws/install/ros2srrc_ur3_moveit2/share/ros2srrc_ur3_moveit2/config/ur3.srdf
[0.170s] -- Up-to-date: /home/ubuntu/ros2ws/install/ros2srrc_ur3_moveit2/share/ament_index/resource_index/package_run_dependencies/ros2srrc_ur3_moveit2
[0.171s] -- Up-to-date: /home/ubuntu/ros2ws/install/ros2srrc_ur3_moveit2/share/ament_index/resource_index/parent_prefix_path/ros2srrc_ur3_moveit2
[0.171s] -- Up-to-date: /home/ubuntu/ros2ws/install/ros2srrc_ur3_moveit2/share/ros2srrc_ur3_moveit2/environment/ament_prefix_path.sh
[0.171s] -- Up-to-date: /home/ubuntu/ros2ws/install/ros2srrc_ur3_moveit2/share/ros2srrc_ur3_moveit2/environment/ament_prefix_path.dsv
[0.171s] -- Up-to-date: /home/ubuntu/ros2ws/install/ros2srrc_ur3_moveit2/share/ros2srrc_ur3_moveit2/environment/path.sh
[0.171s] -- Up-to-date: /home/ubuntu/ros2ws/install/ros2srrc_ur3_moveit2/share/ros2srrc_ur3_moveit2/environment/path.dsv
[0.171s] -- Up-to-date: /home/ubuntu/ros2ws/install/ros2srrc_ur3_moveit2/share/ros2srrc_ur3_moveit2/local_setup.bash
[0.171s] -- Up-to-date: /home/ubuntu/ros2ws/install/ros2srrc_ur3_moveit2/share/ros2srrc_ur3_moveit2/local_setup.sh
[0.172s] -- Up-to-date: /home/ubuntu/ros2ws/install/ros2srrc_ur3_moveit2/share/ros2srrc_ur3_moveit2/local_setup.zsh
[0.172s] -- Up-to-date: /home/ubuntu/ros2ws/install/ros2srrc_ur3_moveit2/share/ros2srrc_ur3_moveit2/local_setup.dsv
[0.172s] -- Up-to-date: /home/ubuntu/ros2ws/install/ros2srrc_ur3_moveit2/share/ros2srrc_ur3_moveit2/package.dsv
[0.172s] -- Up-to-date: /home/ubuntu/ros2ws/install/ros2srrc_ur3_moveit2/share/ament_index/resource_index/packages/ros2srrc_ur3_moveit2
[0.172s] -- Up-to-date: /home/ubuntu/ros2ws/install/ros2srrc_ur3_moveit2/share/ros2srrc_ur3_moveit2/cmake/ros2srrc_ur3_moveit2Config.cmake
[0.172s] -- Up-to-date: /home/ubuntu/ros2ws/install/ros2srrc_ur3_moveit2/share/ros2srrc_ur3_moveit2/cmake/ros2srrc_ur3_moveit2Config-version.cmake
[0.172s] -- Up-to-date: /home/ubuntu/ros2ws/install/ros2srrc_ur3_moveit2/share/ros2srrc_ur3_moveit2/package.xml
[0.208s] Invoked command in '/home/ubuntu/ros2ws/build/ros2srrc_ur3_moveit2' returned '0': CMAKE_PREFIX_PATH=${CMAKE_PREFIX_PATH}:/opt/ros/humble /usr/bin/cmake --install /home/ubuntu/ros2ws/build/ros2srrc_ur3_moveit2
