[0.100s] Invoking command in '/home/ubuntu/ros2ws/build/ros2srrc_execution': AMENT_PREFIX_PATH=/home/ubuntu/ros2ws/install/ros2srrc_data:/home/ubuntu/ros2ws/install/linkattacher_msgs:/home/ubuntu/ros2ws/install/abb_robot_msgs:${AMENT_PREFIX_PATH} CMAKE_PREFIX_PATH=/home/ubuntu/ros2ws/install/ros2srrc_data:/home/ubuntu/ros2ws/install/linkattacher_msgs:/home/ubuntu/ros2ws/install/abb_robot_msgs:/home/ubuntu/ros2ws/install/turtlesim:/opt/ros/humble LD_LIBRARY_PATH=/home/ubuntu/ros2ws/install/ros2srrc_data/lib:/home/ubuntu/ros2ws/install/linkattacher_msgs/lib:/home/ubuntu/ros2ws/install/abb_robot_msgs/lib:${LD_LIBRARY_PATH} PYTHONPATH=/home/ubuntu/ros2ws/install/ros2srrc_data/local/lib/python3.10/dist-packages:/home/ubuntu/ros2ws/install/linkattacher_msgs/local/lib/python3.10/dist-packages:/home/ubuntu/ros2ws/install/abb_robot_msgs/local/lib/python3.10/dist-packages:${PYTHONPATH} /usr/bin/cmake /home/ubuntu/ros2ws/src/ros2_SimRealRobotControl/ros2srrc_execution -DCMAKE_INSTALL_PREFIX=/home/ubuntu/ros2ws/install/ros2srrc_execution
[0.193s] -- Found ament_cmake: 1.3.10 (/opt/ros/humble/share/ament_cmake/cmake)
[0.785s] -- Found ament_lint_auto: 0.12.11 (/opt/ros/humble/share/ament_lint_auto/cmake)
[1.118s] -- Found moveit_ros_planning_interface: 2.5.5 (/opt/ros/humble/share/moveit_ros_planning_interface/cmake)
[1.183s] -- Found Boost: /usr/lib/x86_64-linux-gnu/cmake/Boost-1.74.0/BoostConfig.cmake (found version "1.74.0") found components: date_time filesystem program_options system thread 
[1.285s] -- Found rosidl_generator_c: 3.1.5 (/opt/ros/humble/share/rosidl_generator_c/cmake)
[1.297s] -- Found rosidl_adapter: 3.1.5 (/opt/ros/humble/share/rosidl_adapter/cmake)
[1.316s] -- Found rosidl_generator_cpp: 3.1.5 (/opt/ros/humble/share/rosidl_generator_cpp/cmake)
[1.349s] -- Using all available rosidl_typesupport_c: rosidl_typesupport_fastrtps_c;rosidl_typesupport_introspection_c
[1.377s] -- Using all available rosidl_typesupport_cpp: rosidl_typesupport_fastrtps_cpp;rosidl_typesupport_introspection_cpp
[1.896s] -- Found Boost: /usr/lib/x86_64-linux-gnu/cmake/Boost-1.74.0/BoostConfig.cmake (found version "1.74.0") found components: chrono date_time filesystem iostreams program_options regex serialization system thread 
[1.927s] -- Found parameter_traits: 0.3.8 (/opt/ros/humble/share/parameter_traits/cmake)
[2.037s] -- Found rmw_implementation_cmake: 6.1.2 (/opt/ros/humble/share/rmw_implementation_cmake/cmake)
[2.043s] -- Found rmw_cyclonedds_cpp: 1.3.4 (/opt/ros/humble/share/rmw_cyclonedds_cpp/cmake)
[2.143s] -- Using RMW implementation 'rmw_cyclonedds_cpp' as default
[2.336s] -- Found rclcpp_lifecycle: 16.0.10 (/opt/ros/humble/share/rclcpp_lifecycle/cmake)
[2.420s] -- Found Boost: /usr/lib/x86_64-linux-gnu/cmake/Boost-1.74.0/BoostConfig.cmake (found version "1.74.0") found components: filesystem 
[2.558s] -- library: /usr/lib/x86_64-linux-gnu/libcurl.so
[2.660s] -- Ensuring Eigen3 include directory is part of orocos-kdl CMake target
[3.132s] -- Found Boost: /usr/lib/x86_64-linux-gnu/cmake/Boost-1.74.0/BoostConfig.cmake (found version "1.74.0") found components: system filesystem date_time program_options thread chrono 
[3.239s] -- Found Boost: /usr/lib/x86_64-linux-gnu/cmake/Boost-1.74.0/BoostConfig.cmake (found version "1.74.0") found components: thread system filesystem regex date_time program_options 
[3.342s] -- Found Boost: /usr/lib/x86_64-linux-gnu/cmake/Boost-1.74.0/BoostConfig.cmake (found version "1.74.0") found components: system filesystem date_time program_options thread 
[3.459s] -- Found ros2srrc_data: 0.0.0 (/home/ubuntu/ros2ws/install/ros2srrc_data/share/ros2srrc_data/cmake)
[3.516s] -- Found linkattacher_msgs: 0.0.0 (/home/ubuntu/ros2ws/install/linkattacher_msgs/share/linkattacher_msgs/cmake)
[3.559s] -- Found abb_robot_msgs: 1.0.0 (/home/ubuntu/ros2ws/install/abb_robot_msgs/share/abb_robot_msgs/cmake)
[3.682s] [31mCMake Error at CMakeLists.txt:51 (find_package):
[3.682s]   By not providing "Findros2_robotiqgripper.cmake" in CMAKE_MODULE_PATH this
[3.682s]   project has asked CMake to find a package configuration file provided by
[3.683s]   "ros2_robotiqgripper", but CMake did not find one.
[3.683s] 
[3.683s]   Could not find a package configuration file provided by
[3.689s]   "ros2_robotiqgripper" with any of the following names:
[3.689s] 
[3.689s]     ros2_robotiqgripperConfig.cmake
[3.689s]     ros2_robotiqgripper-config.cmake
[3.690s] 
[3.690s]   Add the installation prefix of "ros2_robotiqgripper" to CMAKE_PREFIX_PATH
[3.690s]   or set "ros2_robotiqgripper_DIR" to a directory containing one of the above
[3.690s]   files.  If "ros2_robotiqgripper" provides a separate development package or
[3.691s]   SDK, be sure it has been installed.
[3.691s] 
[3.691s] [0m
[3.697s] -- Configuring incomplete, errors occurred!
[3.697s] See also "/home/ubuntu/ros2ws/build/ros2srrc_execution/CMakeFiles/CMakeOutput.log".
[3.737s] Invoked command in '/home/ubuntu/ros2ws/build/ros2srrc_execution' returned '1': AMENT_PREFIX_PATH=/home/ubuntu/ros2ws/install/ros2srrc_data:/home/ubuntu/ros2ws/install/linkattacher_msgs:/home/ubuntu/ros2ws/install/abb_robot_msgs:${AMENT_PREFIX_PATH} CMAKE_PREFIX_PATH=/home/ubuntu/ros2ws/install/ros2srrc_data:/home/ubuntu/ros2ws/install/linkattacher_msgs:/home/ubuntu/ros2ws/install/abb_robot_msgs:/home/ubuntu/ros2ws/install/turtlesim:/opt/ros/humble LD_LIBRARY_PATH=/home/ubuntu/ros2ws/install/ros2srrc_data/lib:/home/ubuntu/ros2ws/install/linkattacher_msgs/lib:/home/ubuntu/ros2ws/install/abb_robot_msgs/lib:${LD_LIBRARY_PATH} PYTHONPATH=/home/ubuntu/ros2ws/install/ros2srrc_data/local/lib/python3.10/dist-packages:/home/ubuntu/ros2ws/install/linkattacher_msgs/local/lib/python3.10/dist-packages:/home/ubuntu/ros2ws/install/abb_robot_msgs/local/lib/python3.10/dist-packages:${PYTHONPATH} /usr/bin/cmake /home/ubuntu/ros2ws/src/ros2_SimRealRobotControl/ros2srrc_execution -DCMAKE_INSTALL_PREFIX=/home/ubuntu/ros2ws/install/ros2srrc_execution
