[0.052s] Invoking command in '/home/ubuntu/ros2ws/build/ros2_robotiqgripper': CMAKE_PREFIX_PATH=${CMAKE_PREFIX_PATH}:/home/ubuntu/ros2ws/install/testV1:/home/ubuntu/ros2ws/install/gui_subscriber:/home/ubuntu/ros2ws/install/moveit_configs_utils:/home/ubuntu/ros2ws/install/robot_letter_writer:/home/ubuntu/ros2ws/install/launch_param_builder:/opt/ros/humble /usr/bin/cmake --build /home/ubuntu/ros2ws/build/ros2_robotiqgripper -- -j4 -l4
[0.292s] [  3%] Built target ros2_robotiqgripper__cpp
[0.294s] [ 12%] Built target ros2_robotiqgripper__rosidl_generator_c
[0.329s] [ 12%] Built target ament_cmake_python_symlink_ros2_robotiqgripper
[0.418s] [ 22%] Built target ros2_robotiqgripper__rosidl_typesupport_introspection_cpp
[0.440s] [ 32%] Built target ros2_robotiqgripper__rosidl_typesupport_fastrtps_cpp
[0.454s] [ 41%] Built target ros2_robotiqgripper__rosidl_typesupport_cpp
[0.489s] [ 51%] Built target ros2_robotiqgripper__rosidl_typesupport_fastrtps_c
[0.564s] [ 61%] Built target ros2_robotiqgripper__rosidl_typesupport_c
[0.574s] [ 70%] Built target ros2_robotiqgripper__rosidl_typesupport_introspection_c
[0.668s] [ 70%] Built target ros2_robotiqgripper
[0.763s] [ 74%] Built target ros2_robotiqgripper__py
[0.843s] [ 80%] Built target ros2_robotiqgripper__rosidl_generator_py
[0.982s] [ 87%] Built target ros2_robotiqgripper__rosidl_typesupport_c__pyext
[0.989s] [ 93%] Built target ros2_robotiqgripper__rosidl_typesupport_fastrtps_c__pyext
[0.997s] [100%] Built target ros2_robotiqgripper__rosidl_typesupport_introspection_c__pyext
[1.209s] running egg_info
[1.212s] writing ros2_robotiqgripper.egg-info/PKG-INFO
[1.212s] writing dependency_links to ros2_robotiqgripper.egg-info/dependency_links.txt
[1.212s] writing top-level names to ros2_robotiqgripper.egg-info/top_level.txt
[1.215s] reading manifest file 'ros2_robotiqgripper.egg-info/SOURCES.txt'
[1.216s] writing manifest file 'ros2_robotiqgripper.egg-info/SOURCES.txt'
[1.295s] [100%] Built target ament_cmake_python_build_ros2_robotiqgripper_egg
[1.355s] Invoked command in '/home/ubuntu/ros2ws/build/ros2_robotiqgripper' returned '0': CMAKE_PREFIX_PATH=${CMAKE_PREFIX_PATH}:/home/ubuntu/ros2ws/install/testV1:/home/ubuntu/ros2ws/install/gui_subscriber:/home/ubuntu/ros2ws/install/moveit_configs_utils:/home/ubuntu/ros2ws/install/robot_letter_writer:/home/ubuntu/ros2ws/install/launch_param_builder:/opt/ros/humble /usr/bin/cmake --build /home/ubuntu/ros2ws/build/ros2_robotiqgripper -- -j4 -l4
[1.876s] Invoking command in '/home/ubuntu/ros2ws/build/ros2_robotiqgripper': CMAKE_PREFIX_PATH=${CMAKE_PREFIX_PATH}:/home/ubuntu/ros2ws/install/testV1:/home/ubuntu/ros2ws/install/gui_subscriber:/home/ubuntu/ros2ws/install/moveit_configs_utils:/home/ubuntu/ros2ws/install/robot_letter_writer:/home/ubuntu/ros2ws/install/launch_param_builder:/opt/ros/humble /usr/bin/cmake --install /home/ubuntu/ros2ws/build/ros2_robotiqgripper
[1.900s] -- Install configuration: ""
[1.901s] -- Execute custom install script
[1.901s] -- Up-to-date symlink: /home/ubuntu/ros2ws/install/ros2_robotiqgripper/share/ros2_robotiqgripper/srv/RobotiqGripper.srv
[1.901s] -- Up-to-date symlink: /home/ubuntu/ros2ws/install/ros2_robotiqgripper/share/ros2_robotiqgripper/python/server.py
[1.902s] -- Up-to-date symlink: /home/ubuntu/ros2ws/install/ros2_robotiqgripper/lib/ros2_robotiqgripper/server.py
[1.902s] -- Up-to-date symlink: /home/ubuntu/ros2ws/install/ros2_robotiqgripper/share/ament_index/resource_index/rosidl_interfaces/ros2_robotiqgripper
[1.904s] -- Up-to-date symlink: /home/ubuntu/ros2ws/install/ros2_robotiqgripper/include/ros2_robotiqgripper/ros2_robotiqgripper/msg/rosidl_generator_c__visibility_control.h
[1.906s] -- Up-to-date symlink: /home/ubuntu/ros2ws/install/ros2_robotiqgripper/include/ros2_robotiqgripper/ros2_robotiqgripper/srv/detail/robotiq_gripper__functions.h
[1.907s] -- Up-to-date symlink: /home/ubuntu/ros2ws/install/ros2_robotiqgripper/include/ros2_robotiqgripper/ros2_robotiqgripper/srv/detail/robotiq_gripper__struct.h
[1.908s] -- Up-to-date symlink: /home/ubuntu/ros2ws/install/ros2_robotiqgripper/include/ros2_robotiqgripper/ros2_robotiqgripper/srv/detail/robotiq_gripper__type_support.h
[1.908s] -- Up-to-date symlink: /home/ubuntu/ros2ws/install/ros2_robotiqgripper/include/ros2_robotiqgripper/ros2_robotiqgripper/srv/robotiq_gripper.h
[1.908s] -- Up-to-date symlink: /home/ubuntu/ros2ws/install/ros2_robotiqgripper/share/ros2_robotiqgripper/environment/library_path.sh
[1.911s] -- Up-to-date symlink: /home/ubuntu/ros2ws/install/ros2_robotiqgripper/share/ros2_robotiqgripper/environment/library_path.dsv
[1.911s] -- Up-to-date symlink: /home/ubuntu/ros2ws/install/ros2_robotiqgripper/include/ros2_robotiqgripper/ros2_robotiqgripper/msg/rosidl_typesupport_fastrtps_c__visibility_control.h
[1.913s] -- Up-to-date symlink: /home/ubuntu/ros2ws/install/ros2_robotiqgripper/include/ros2_robotiqgripper/ros2_robotiqgripper/srv/detail/robotiq_gripper__rosidl_typesupport_fastrtps_c.h
[1.915s] -- Up-to-date symlink: /home/ubuntu/ros2ws/install/ros2_robotiqgripper/include/ros2_robotiqgripper/ros2_robotiqgripper/msg/rosidl_typesupport_introspection_c__visibility_control.h
[1.915s] -- Up-to-date symlink: /home/ubuntu/ros2ws/install/ros2_robotiqgripper/include/ros2_robotiqgripper/ros2_robotiqgripper/srv/detail/robotiq_gripper__rosidl_typesupport_introspection_c.h
[1.916s] -- Up-to-date symlink: /home/ubuntu/ros2ws/install/ros2_robotiqgripper/include/ros2_robotiqgripper/ros2_robotiqgripper/srv/detail/robotiq_gripper__builder.hpp
[1.918s] -- Up-to-date symlink: /home/ubuntu/ros2ws/install/ros2_robotiqgripper/include/ros2_robotiqgripper/ros2_robotiqgripper/srv/detail/robotiq_gripper__struct.hpp
[1.918s] -- Up-to-date symlink: /home/ubuntu/ros2ws/install/ros2_robotiqgripper/include/ros2_robotiqgripper/ros2_robotiqgripper/srv/detail/robotiq_gripper__traits.hpp
[1.918s] -- Up-to-date symlink: /home/ubuntu/ros2ws/install/ros2_robotiqgripper/include/ros2_robotiqgripper/ros2_robotiqgripper/srv/robotiq_gripper.hpp
[1.918s] -- Up-to-date symlink: /home/ubuntu/ros2ws/install/ros2_robotiqgripper/include/ros2_robotiqgripper/ros2_robotiqgripper/msg/rosidl_typesupport_fastrtps_cpp__visibility_control.h
[1.919s] -- Up-to-date symlink: /home/ubuntu/ros2ws/install/ros2_robotiqgripper/include/ros2_robotiqgripper/ros2_robotiqgripper/srv/detail/robotiq_gripper__rosidl_typesupport_fastrtps_cpp.hpp
[1.921s] -- Up-to-date symlink: /home/ubuntu/ros2ws/install/ros2_robotiqgripper/include/ros2_robotiqgripper/ros2_robotiqgripper/srv/detail/robotiq_gripper__rosidl_typesupport_introspection_cpp.hpp
[1.921s] -- Up-to-date symlink: /home/ubuntu/ros2ws/install/ros2_robotiqgripper/share/ros2_robotiqgripper/environment/pythonpath.sh
[1.921s] -- Up-to-date symlink: /home/ubuntu/ros2ws/install/ros2_robotiqgripper/share/ros2_robotiqgripper/environment/pythonpath.dsv
[1.923s] -- Up-to-date symlink: /home/ubuntu/ros2ws/install/ros2_robotiqgripper/local/lib/python3.10/dist-packages/ros2_robotiqgripper-1.0.0-py3.10.egg-info/PKG-INFO
[1.924s] -- Up-to-date symlink: /home/ubuntu/ros2ws/install/ros2_robotiqgripper/local/lib/python3.10/dist-packages/ros2_robotiqgripper-1.0.0-py3.10.egg-info/SOURCES.txt
[1.924s] -- Up-to-date symlink: /home/ubuntu/ros2ws/install/ros2_robotiqgripper/local/lib/python3.10/dist-packages/ros2_robotiqgripper-1.0.0-py3.10.egg-info/dependency_links.txt
[1.925s] -- Up-to-date symlink: /home/ubuntu/ros2ws/install/ros2_robotiqgripper/local/lib/python3.10/dist-packages/ros2_robotiqgripper-1.0.0-py3.10.egg-info/top_level.txt
[1.928s] -- Up-to-date symlink: /home/ubuntu/ros2ws/install/ros2_robotiqgripper/local/lib/python3.10/dist-packages/ros2_robotiqgripper/__init__.py
[1.929s] -- Up-to-date symlink: /home/ubuntu/ros2ws/install/ros2_robotiqgripper/local/lib/python3.10/dist-packages/ros2_robotiqgripper/_ros2_robotiqgripper_s.ep.rosidl_typesupport_c.c
[1.929s] -- Up-to-date symlink: /home/ubuntu/ros2ws/install/ros2_robotiqgripper/local/lib/python3.10/dist-packages/ros2_robotiqgripper/_ros2_robotiqgripper_s.ep.rosidl_typesupport_fastrtps_c.c
[1.929s] -- Up-to-date symlink: /home/ubuntu/ros2ws/install/ros2_robotiqgripper/local/lib/python3.10/dist-packages/ros2_robotiqgripper/_ros2_robotiqgripper_s.ep.rosidl_typesupport_introspection_c.c
[1.929s] -- Up-to-date symlink: /home/ubuntu/ros2ws/install/ros2_robotiqgripper/local/lib/python3.10/dist-packages/ros2_robotiqgripper/libros2_robotiqgripper__rosidl_generator_py.so
[1.929s] -- Up-to-date symlink: /home/ubuntu/ros2ws/install/ros2_robotiqgripper/local/lib/python3.10/dist-packages/ros2_robotiqgripper/ros2_robotiqgripper_s__rosidl_typesupport_c.cpython-310-x86_64-linux-gnu.so
[1.930s] -- Up-to-date symlink: /home/ubuntu/ros2ws/install/ros2_robotiqgripper/local/lib/python3.10/dist-packages/ros2_robotiqgripper/ros2_robotiqgripper_s__rosidl_typesupport_fastrtps_c.cpython-310-x86_64-linux-gnu.so
[1.930s] -- Up-to-date symlink: /home/ubuntu/ros2ws/install/ros2_robotiqgripper/local/lib/python3.10/dist-packages/ros2_robotiqgripper/ros2_robotiqgripper_s__rosidl_typesupport_introspection_c.cpython-310-x86_64-linux-gnu.so
[1.930s] -- Up-to-date symlink: /home/ubuntu/ros2ws/install/ros2_robotiqgripper/local/lib/python3.10/dist-packages/ros2_robotiqgripper/srv/__init__.py
[1.931s] -- Up-to-date symlink: /home/ubuntu/ros2ws/install/ros2_robotiqgripper/local/lib/python3.10/dist-packages/ros2_robotiqgripper/srv/_robotiq_gripper.py
[1.933s] -- Up-to-date symlink: /home/ubuntu/ros2ws/install/ros2_robotiqgripper/local/lib/python3.10/dist-packages/ros2_robotiqgripper/srv/_robotiq_gripper_s.c
[1.933s] -- Up-to-date symlink: /home/ubuntu/ros2ws/install/ros2_robotiqgripper/local/lib/python3.10/dist-packages/ros2_robotiqgripper/ros2_robotiqgripper_s__rosidl_typesupport_fastrtps_c.cpython-310-x86_64-linux-gnu.so
[1.933s] -- Up-to-date symlink: /home/ubuntu/ros2ws/install/ros2_robotiqgripper/local/lib/python3.10/dist-packages/ros2_robotiqgripper/ros2_robotiqgripper_s__rosidl_typesupport_introspection_c.cpython-310-x86_64-linux-gnu.so
[1.934s] -- Up-to-date symlink: /home/ubuntu/ros2ws/install/ros2_robotiqgripper/local/lib/python3.10/dist-packages/ros2_robotiqgripper/ros2_robotiqgripper_s__rosidl_typesupport_c.cpython-310-x86_64-linux-gnu.so
[1.934s] -- Up-to-date symlink: /home/ubuntu/ros2ws/install/ros2_robotiqgripper/share/ros2_robotiqgripper/srv/RobotiqGripper.idl
[1.937s] -- Up-to-date symlink: /home/ubuntu/ros2ws/install/ros2_robotiqgripper/share/ros2_robotiqgripper/srv/RobotiqGripper.srv
[1.937s] -- Up-to-date symlink: /home/ubuntu/ros2ws/install/ros2_robotiqgripper/share/ros2_robotiqgripper/srv/RobotiqGripper_Request.msg
[1.938s] -- Up-to-date symlink: /home/ubuntu/ros2ws/install/ros2_robotiqgripper/share/ros2_robotiqgripper/srv/RobotiqGripper_Response.msg
[1.938s] -- Up-to-date symlink: /home/ubuntu/ros2ws/install/ros2_robotiqgripper/share/ament_index/resource_index/package_run_dependencies/ros2_robotiqgripper
[1.938s] -- Up-to-date symlink: /home/ubuntu/ros2ws/install/ros2_robotiqgripper/share/ament_index/resource_index/parent_prefix_path/ros2_robotiqgripper
[1.938s] -- Up-to-date symlink: /home/ubuntu/ros2ws/install/ros2_robotiqgripper/share/ros2_robotiqgripper/environment/ament_prefix_path.sh
[1.938s] -- Up-to-date symlink: /home/ubuntu/ros2ws/install/ros2_robotiqgripper/share/ros2_robotiqgripper/environment/ament_prefix_path.dsv
[1.938s] -- Up-to-date symlink: /home/ubuntu/ros2ws/install/ros2_robotiqgripper/share/ros2_robotiqgripper/environment/path.sh
[1.938s] -- Up-to-date symlink: /home/ubuntu/ros2ws/install/ros2_robotiqgripper/share/ros2_robotiqgripper/environment/path.dsv
[1.939s] -- Up-to-date symlink: /home/ubuntu/ros2ws/install/ros2_robotiqgripper/share/ros2_robotiqgripper/local_setup.bash
[1.939s] -- Up-to-date symlink: /home/ubuntu/ros2ws/install/ros2_robotiqgripper/share/ros2_robotiqgripper/local_setup.sh
[1.939s] -- Up-to-date symlink: /home/ubuntu/ros2ws/install/ros2_robotiqgripper/share/ros2_robotiqgripper/local_setup.zsh
[1.939s] -- Up-to-date symlink: /home/ubuntu/ros2ws/install/ros2_robotiqgripper/share/ros2_robotiqgripper/local_setup.dsv
[1.940s] -- Symlinking: /home/ubuntu/ros2ws/install/ros2_robotiqgripper/share/ros2_robotiqgripper/package.dsv
[1.965s] -- Up-to-date symlink: /home/ubuntu/ros2ws/install/ros2_robotiqgripper/share/ament_index/resource_index/packages/ros2_robotiqgripper
[1.968s] -- Up-to-date symlink: /home/ubuntu/ros2ws/install/ros2_robotiqgripper/share/ros2_robotiqgripper/cmake/rosidl_cmake-extras.cmake
[1.968s] -- Up-to-date symlink: /home/ubuntu/ros2ws/install/ros2_robotiqgripper/share/ros2_robotiqgripper/cmake/ament_cmake_export_include_directories-extras.cmake
[1.968s] -- Up-to-date symlink: /home/ubuntu/ros2ws/install/ros2_robotiqgripper/share/ros2_robotiqgripper/cmake/ament_cmake_export_libraries-extras.cmake
[1.968s] -- Up-to-date symlink: /home/ubuntu/ros2ws/install/ros2_robotiqgripper/share/ros2_robotiqgripper/cmake/ament_cmake_export_targets-extras.cmake
[1.968s] -- Up-to-date symlink: /home/ubuntu/ros2ws/install/ros2_robotiqgripper/share/ros2_robotiqgripper/cmake/rosidl_cmake_export_typesupport_targets-extras.cmake
[1.969s] -- Up-to-date symlink: /home/ubuntu/ros2ws/install/ros2_robotiqgripper/share/ros2_robotiqgripper/cmake/ament_cmake_export_dependencies-extras.cmake
[1.973s] -- Up-to-date symlink: /home/ubuntu/ros2ws/install/ros2_robotiqgripper/share/ros2_robotiqgripper/cmake/rosidl_cmake_export_typesupport_libraries-extras.cmake
[1.973s] -- Up-to-date symlink: /home/ubuntu/ros2ws/install/ros2_robotiqgripper/share/ros2_robotiqgripper/cmake/ros2_robotiqgripperConfig.cmake
[1.974s] -- Up-to-date symlink: /home/ubuntu/ros2ws/install/ros2_robotiqgripper/share/ros2_robotiqgripper/cmake/ros2_robotiqgripperConfig-version.cmake
[1.974s] -- Up-to-date symlink: /home/ubuntu/ros2ws/install/ros2_robotiqgripper/share/ros2_robotiqgripper/package.xml
[1.974s] -- Up-to-date: /home/ubuntu/ros2ws/install/ros2_robotiqgripper/lib/libros2_robotiqgripper__rosidl_generator_c.so
[1.978s] -- Up-to-date: /home/ubuntu/ros2ws/install/ros2_robotiqgripper/lib/libros2_robotiqgripper__rosidl_typesupport_fastrtps_c.so
[1.982s] -- Up-to-date: /home/ubuntu/ros2ws/install/ros2_robotiqgripper/lib/libros2_robotiqgripper__rosidl_typesupport_introspection_c.so
[1.983s] -- Up-to-date: /home/ubuntu/ros2ws/install/ros2_robotiqgripper/lib/libros2_robotiqgripper__rosidl_typesupport_c.so
[1.983s] -- Up-to-date: /home/ubuntu/ros2ws/install/ros2_robotiqgripper/lib/libros2_robotiqgripper__rosidl_typesupport_fastrtps_cpp.so
[1.983s] -- Up-to-date: /home/ubuntu/ros2ws/install/ros2_robotiqgripper/lib/libros2_robotiqgripper__rosidl_typesupport_introspection_cpp.so
[1.984s] -- Up-to-date: /home/ubuntu/ros2ws/install/ros2_robotiqgripper/lib/libros2_robotiqgripper__rosidl_typesupport_cpp.so
[2.060s] Listing '/home/ubuntu/ros2ws/install/ros2_robotiqgripper/local/lib/python3.10/dist-packages/ros2_robotiqgripper'...
[2.060s] Listing '/home/ubuntu/ros2ws/install/ros2_robotiqgripper/local/lib/python3.10/dist-packages/ros2_robotiqgripper/srv'...
[2.066s] -- Up-to-date: /home/ubuntu/ros2ws/install/ros2_robotiqgripper/lib/libros2_robotiqgripper__rosidl_generator_py.so
[2.067s] -- Up-to-date: /home/ubuntu/ros2ws/install/ros2_robotiqgripper/share/ros2_robotiqgripper/cmake/export_ros2_robotiqgripper__rosidl_generator_cExport.cmake
[2.067s] -- Up-to-date: /home/ubuntu/ros2ws/install/ros2_robotiqgripper/share/ros2_robotiqgripper/cmake/export_ros2_robotiqgripper__rosidl_generator_cExport-noconfig.cmake
[2.067s] -- Up-to-date: /home/ubuntu/ros2ws/install/ros2_robotiqgripper/share/ros2_robotiqgripper/cmake/export_ros2_robotiqgripper__rosidl_typesupport_fastrtps_cExport.cmake
[2.068s] -- Up-to-date: /home/ubuntu/ros2ws/install/ros2_robotiqgripper/share/ros2_robotiqgripper/cmake/export_ros2_robotiqgripper__rosidl_typesupport_fastrtps_cExport-noconfig.cmake
[2.068s] -- Up-to-date: /home/ubuntu/ros2ws/install/ros2_robotiqgripper/share/ros2_robotiqgripper/cmake/ros2_robotiqgripper__rosidl_typesupport_introspection_cExport.cmake
[2.069s] -- Up-to-date: /home/ubuntu/ros2ws/install/ros2_robotiqgripper/share/ros2_robotiqgripper/cmake/ros2_robotiqgripper__rosidl_typesupport_introspection_cExport-noconfig.cmake
[2.069s] -- Up-to-date: /home/ubuntu/ros2ws/install/ros2_robotiqgripper/share/ros2_robotiqgripper/cmake/ros2_robotiqgripper__rosidl_typesupport_cExport.cmake
[2.075s] -- Up-to-date: /home/ubuntu/ros2ws/install/ros2_robotiqgripper/share/ros2_robotiqgripper/cmake/ros2_robotiqgripper__rosidl_typesupport_cExport-noconfig.cmake
[2.076s] -- Up-to-date: /home/ubuntu/ros2ws/install/ros2_robotiqgripper/share/ros2_robotiqgripper/cmake/export_ros2_robotiqgripper__rosidl_generator_cppExport.cmake
[2.076s] -- Up-to-date: /home/ubuntu/ros2ws/install/ros2_robotiqgripper/share/ros2_robotiqgripper/cmake/export_ros2_robotiqgripper__rosidl_typesupport_fastrtps_cppExport.cmake
[2.076s] -- Up-to-date: /home/ubuntu/ros2ws/install/ros2_robotiqgripper/share/ros2_robotiqgripper/cmake/export_ros2_robotiqgripper__rosidl_typesupport_fastrtps_cppExport-noconfig.cmake
[2.076s] -- Up-to-date: /home/ubuntu/ros2ws/install/ros2_robotiqgripper/share/ros2_robotiqgripper/cmake/ros2_robotiqgripper__rosidl_typesupport_introspection_cppExport.cmake
[2.076s] -- Up-to-date: /home/ubuntu/ros2ws/install/ros2_robotiqgripper/share/ros2_robotiqgripper/cmake/ros2_robotiqgripper__rosidl_typesupport_introspection_cppExport-noconfig.cmake
[2.077s] -- Up-to-date: /home/ubuntu/ros2ws/install/ros2_robotiqgripper/share/ros2_robotiqgripper/cmake/ros2_robotiqgripper__rosidl_typesupport_cppExport.cmake
[2.078s] -- Up-to-date: /home/ubuntu/ros2ws/install/ros2_robotiqgripper/share/ros2_robotiqgripper/cmake/ros2_robotiqgripper__rosidl_typesupport_cppExport-noconfig.cmake
[2.078s] -- Up-to-date: /home/ubuntu/ros2ws/install/ros2_robotiqgripper/share/ros2_robotiqgripper/cmake/export_ros2_robotiqgripper__rosidl_generator_pyExport.cmake
[2.080s] -- Up-to-date: /home/ubuntu/ros2ws/install/ros2_robotiqgripper/share/ros2_robotiqgripper/cmake/export_ros2_robotiqgripper__rosidl_generator_pyExport-noconfig.cmake
[2.082s] Invoked command in '/home/ubuntu/ros2ws/build/ros2_robotiqgripper' returned '0': CMAKE_PREFIX_PATH=${CMAKE_PREFIX_PATH}:/home/ubuntu/ros2ws/install/testV1:/home/ubuntu/ros2ws/install/gui_subscriber:/home/ubuntu/ros2ws/install/moveit_configs_utils:/home/ubuntu/ros2ws/install/robot_letter_writer:/home/ubuntu/ros2ws/install/launch_param_builder:/opt/ros/humble /usr/bin/cmake --install /home/ubuntu/ros2ws/build/ros2_robotiqgripper
