[0.015s] Invoking command in '/home/ubuntu/ros2ws/build/linkattacher_msgs': CMAKE_PREFIX_PATH=${CMAKE_PREFIX_PATH}:/opt/ros/humble /usr/bin/cmake --build /home/ubuntu/ros2ws/build/linkattacher_msgs -- -j4 -l4
[0.104s] [  2%] Built target linkattacher_msgs__cpp
[0.105s] [ 12%] Built target linkattacher_msgs__rosidl_generator_c
[0.148s] [ 12%] Built target ament_cmake_python_copy_linkattacher_msgs
[0.156s] [ 23%] Built target linkattacher_msgs__rosidl_typesupport_c
[0.156s] [ 33%] Built target linkattacher_msgs__rosidl_typesupport_fastrtps_c
[0.171s] [ 43%] Built target linkattacher_msgs__rosidl_typesupport_introspection_c
[0.195s] [ 53%] Built target linkattacher_msgs__rosidl_typesupport_introspection_cpp
[0.206s] [ 64%] Built target linkattacher_msgs__rosidl_typesupport_fastrtps_cpp
[0.210s] [ 74%] Built target linkattacher_msgs__rosidl_typesupport_cpp
[0.249s] [ 74%] Built target linkattacher_msgs
[0.290s] [ 76%] Built target linkattacher_msgs__py
[0.329s] [ 84%] Built target linkattacher_msgs__rosidl_generator_py
[0.382s] [ 89%] Built target linkattacher_msgs__rosidl_typesupport_fastrtps_c__pyext
[0.392s] [ 94%] Built target linkattacher_msgs__rosidl_typesupport_introspection_c__pyext
[0.398s] [100%] Built target linkattacher_msgs__rosidl_typesupport_c__pyext
[0.518s] running egg_info
[0.519s] writing linkattacher_msgs.egg-info/PKG-INFO
[0.520s] writing dependency_links to linkattacher_msgs.egg-info/dependency_links.txt
[0.520s] writing top-level names to linkattacher_msgs.egg-info/top_level.txt
[0.523s] reading manifest file 'linkattacher_msgs.egg-info/SOURCES.txt'
[0.524s] writing manifest file 'linkattacher_msgs.egg-info/SOURCES.txt'
[0.563s] [100%] Built target ament_cmake_python_build_linkattacher_msgs_egg
[0.589s] Invoked command in '/home/ubuntu/ros2ws/build/linkattacher_msgs' returned '0': CMAKE_PREFIX_PATH=${CMAKE_PREFIX_PATH}:/opt/ros/humble /usr/bin/cmake --build /home/ubuntu/ros2ws/build/linkattacher_msgs -- -j4 -l4
[0.753s] Invoking command in '/home/ubuntu/ros2ws/build/linkattacher_msgs': CMAKE_PREFIX_PATH=${CMAKE_PREFIX_PATH}:/opt/ros/humble /usr/bin/cmake --install /home/ubuntu/ros2ws/build/linkattacher_msgs
[0.774s] -- Install configuration: ""
[0.774s] -- Up-to-date: /home/ubuntu/ros2ws/install/linkattacher_msgs/share/linkattacher_msgs/srv
[0.774s] -- Up-to-date: /home/ubuntu/ros2ws/install/linkattacher_msgs/share/linkattacher_msgs/srv/AttachLink.srv
[0.775s] -- Up-to-date: /home/ubuntu/ros2ws/install/linkattacher_msgs/share/linkattacher_msgs/srv/DetachLink.srv
[0.775s] -- Up-to-date: /home/ubuntu/ros2ws/install/linkattacher_msgs/share/ament_index/resource_index/rosidl_interfaces/linkattacher_msgs
[0.775s] -- Up-to-date: /home/ubuntu/ros2ws/install/linkattacher_msgs/include/linkattacher_msgs/linkattacher_msgs
[0.776s] -- Up-to-date: /home/ubuntu/ros2ws/install/linkattacher_msgs/include/linkattacher_msgs/linkattacher_msgs/msg
[0.779s] -- Up-to-date: /home/ubuntu/ros2ws/install/linkattacher_msgs/include/linkattacher_msgs/linkattacher_msgs/msg/rosidl_generator_c__visibility_control.h
[0.779s] -- Up-to-date: /home/ubuntu/ros2ws/install/linkattacher_msgs/include/linkattacher_msgs/linkattacher_msgs/srv
[0.779s] -- Up-to-date: /home/ubuntu/ros2ws/install/linkattacher_msgs/include/linkattacher_msgs/linkattacher_msgs/srv/detach_link.h
[0.781s] -- Up-to-date: /home/ubuntu/ros2ws/install/linkattacher_msgs/include/linkattacher_msgs/linkattacher_msgs/srv/attach_link.h
[0.781s] -- Up-to-date: /home/ubuntu/ros2ws/install/linkattacher_msgs/include/linkattacher_msgs/linkattacher_msgs/srv/detail
[0.781s] -- Up-to-date: /home/ubuntu/ros2ws/install/linkattacher_msgs/include/linkattacher_msgs/linkattacher_msgs/srv/detail/detach_link__functions.c
[0.781s] -- Up-to-date: /home/ubuntu/ros2ws/install/linkattacher_msgs/include/linkattacher_msgs/linkattacher_msgs/srv/detail/attach_link__type_support.h
[0.781s] -- Up-to-date: /home/ubuntu/ros2ws/install/linkattacher_msgs/include/linkattacher_msgs/linkattacher_msgs/srv/detail/detach_link__functions.h
[0.781s] -- Up-to-date: /home/ubuntu/ros2ws/install/linkattacher_msgs/include/linkattacher_msgs/linkattacher_msgs/srv/detail/detach_link__type_support.h
[0.781s] -- Up-to-date: /home/ubuntu/ros2ws/install/linkattacher_msgs/include/linkattacher_msgs/linkattacher_msgs/srv/detail/attach_link__struct.h
[0.782s] -- Up-to-date: /home/ubuntu/ros2ws/install/linkattacher_msgs/include/linkattacher_msgs/linkattacher_msgs/srv/detail/attach_link__functions.c
[0.782s] -- Up-to-date: /home/ubuntu/ros2ws/install/linkattacher_msgs/include/linkattacher_msgs/linkattacher_msgs/srv/detail/attach_link__functions.h
[0.784s] -- Up-to-date: /home/ubuntu/ros2ws/install/linkattacher_msgs/include/linkattacher_msgs/linkattacher_msgs/srv/detail/detach_link__struct.h
[0.785s] -- Up-to-date: /home/ubuntu/ros2ws/install/linkattacher_msgs/share/linkattacher_msgs/environment/library_path.sh
[0.785s] -- Up-to-date: /home/ubuntu/ros2ws/install/linkattacher_msgs/share/linkattacher_msgs/environment/library_path.dsv
[0.785s] -- Up-to-date: /home/ubuntu/ros2ws/install/linkattacher_msgs/lib/liblinkattacher_msgs__rosidl_generator_c.so
[0.785s] -- Up-to-date: /home/ubuntu/ros2ws/install/linkattacher_msgs/include/linkattacher_msgs/linkattacher_msgs
[0.785s] -- Up-to-date: /home/ubuntu/ros2ws/install/linkattacher_msgs/include/linkattacher_msgs/linkattacher_msgs/msg
[0.785s] -- Up-to-date: /home/ubuntu/ros2ws/install/linkattacher_msgs/include/linkattacher_msgs/linkattacher_msgs/msg/rosidl_typesupport_fastrtps_c__visibility_control.h
[0.786s] -- Up-to-date: /home/ubuntu/ros2ws/install/linkattacher_msgs/include/linkattacher_msgs/linkattacher_msgs/srv
[0.786s] -- Up-to-date: /home/ubuntu/ros2ws/install/linkattacher_msgs/include/linkattacher_msgs/linkattacher_msgs/srv/detail
[0.786s] -- Up-to-date: /home/ubuntu/ros2ws/install/linkattacher_msgs/include/linkattacher_msgs/linkattacher_msgs/srv/detail/attach_link__rosidl_typesupport_fastrtps_c.h
[0.786s] -- Up-to-date: /home/ubuntu/ros2ws/install/linkattacher_msgs/include/linkattacher_msgs/linkattacher_msgs/srv/detail/detach_link__rosidl_typesupport_fastrtps_c.h
[0.788s] -- Up-to-date: /home/ubuntu/ros2ws/install/linkattacher_msgs/lib/liblinkattacher_msgs__rosidl_typesupport_fastrtps_c.so
[0.789s] -- Up-to-date: /home/ubuntu/ros2ws/install/linkattacher_msgs/include/linkattacher_msgs/linkattacher_msgs
[0.790s] -- Up-to-date: /home/ubuntu/ros2ws/install/linkattacher_msgs/include/linkattacher_msgs/linkattacher_msgs/msg
[0.790s] -- Up-to-date: /home/ubuntu/ros2ws/install/linkattacher_msgs/include/linkattacher_msgs/linkattacher_msgs/msg/rosidl_typesupport_introspection_c__visibility_control.h
[0.791s] -- Up-to-date: /home/ubuntu/ros2ws/install/linkattacher_msgs/include/linkattacher_msgs/linkattacher_msgs/srv
[0.791s] -- Up-to-date: /home/ubuntu/ros2ws/install/linkattacher_msgs/include/linkattacher_msgs/linkattacher_msgs/srv/detail
[0.791s] -- Up-to-date: /home/ubuntu/ros2ws/install/linkattacher_msgs/include/linkattacher_msgs/linkattacher_msgs/srv/detail/detach_link__rosidl_typesupport_introspection_c.h
[0.791s] -- Up-to-date: /home/ubuntu/ros2ws/install/linkattacher_msgs/include/linkattacher_msgs/linkattacher_msgs/srv/detail/detach_link__type_support.c
[0.791s] -- Up-to-date: /home/ubuntu/ros2ws/install/linkattacher_msgs/include/linkattacher_msgs/linkattacher_msgs/srv/detail/attach_link__type_support.c
[0.791s] -- Up-to-date: /home/ubuntu/ros2ws/install/linkattacher_msgs/include/linkattacher_msgs/linkattacher_msgs/srv/detail/attach_link__rosidl_typesupport_introspection_c.h
[0.792s] -- Up-to-date: /home/ubuntu/ros2ws/install/linkattacher_msgs/lib/liblinkattacher_msgs__rosidl_typesupport_introspection_c.so
[0.792s] -- Up-to-date: /home/ubuntu/ros2ws/install/linkattacher_msgs/lib/liblinkattacher_msgs__rosidl_typesupport_c.so
[0.793s] -- Up-to-date: /home/ubuntu/ros2ws/install/linkattacher_msgs/include/linkattacher_msgs/linkattacher_msgs
[0.794s] -- Up-to-date: /home/ubuntu/ros2ws/install/linkattacher_msgs/include/linkattacher_msgs/linkattacher_msgs/srv
[0.794s] -- Up-to-date: /home/ubuntu/ros2ws/install/linkattacher_msgs/include/linkattacher_msgs/linkattacher_msgs/srv/detach_link.hpp
[0.794s] -- Up-to-date: /home/ubuntu/ros2ws/install/linkattacher_msgs/include/linkattacher_msgs/linkattacher_msgs/srv/attach_link.hpp
[0.794s] -- Up-to-date: /home/ubuntu/ros2ws/install/linkattacher_msgs/include/linkattacher_msgs/linkattacher_msgs/srv/detail
[0.794s] -- Up-to-date: /home/ubuntu/ros2ws/install/linkattacher_msgs/include/linkattacher_msgs/linkattacher_msgs/srv/detail/detach_link__traits.hpp
[0.794s] -- Up-to-date: /home/ubuntu/ros2ws/install/linkattacher_msgs/include/linkattacher_msgs/linkattacher_msgs/srv/detail/detach_link__struct.hpp
[0.794s] -- Up-to-date: /home/ubuntu/ros2ws/install/linkattacher_msgs/include/linkattacher_msgs/linkattacher_msgs/srv/detail/attach_link__traits.hpp
[0.798s] -- Up-to-date: /home/ubuntu/ros2ws/install/linkattacher_msgs/include/linkattacher_msgs/linkattacher_msgs/srv/detail/attach_link__builder.hpp
[0.799s] -- Up-to-date: /home/ubuntu/ros2ws/install/linkattacher_msgs/include/linkattacher_msgs/linkattacher_msgs/srv/detail/attach_link__struct.hpp
[0.799s] -- Up-to-date: /home/ubuntu/ros2ws/install/linkattacher_msgs/include/linkattacher_msgs/linkattacher_msgs/srv/detail/detach_link__builder.hpp
[0.799s] -- Up-to-date: /home/ubuntu/ros2ws/install/linkattacher_msgs/include/linkattacher_msgs/linkattacher_msgs
[0.799s] -- Up-to-date: /home/ubuntu/ros2ws/install/linkattacher_msgs/include/linkattacher_msgs/linkattacher_msgs/msg
[0.799s] -- Up-to-date: /home/ubuntu/ros2ws/install/linkattacher_msgs/include/linkattacher_msgs/linkattacher_msgs/msg/rosidl_typesupport_fastrtps_cpp__visibility_control.h
[0.799s] -- Up-to-date: /home/ubuntu/ros2ws/install/linkattacher_msgs/include/linkattacher_msgs/linkattacher_msgs/srv
[0.799s] -- Up-to-date: /home/ubuntu/ros2ws/install/linkattacher_msgs/include/linkattacher_msgs/linkattacher_msgs/srv/detail
[0.799s] -- Up-to-date: /home/ubuntu/ros2ws/install/linkattacher_msgs/include/linkattacher_msgs/linkattacher_msgs/srv/detail/detach_link__rosidl_typesupport_fastrtps_cpp.hpp
[0.802s] -- Up-to-date: /home/ubuntu/ros2ws/install/linkattacher_msgs/include/linkattacher_msgs/linkattacher_msgs/srv/detail/attach_link__rosidl_typesupport_fastrtps_cpp.hpp
[0.802s] -- Up-to-date: /home/ubuntu/ros2ws/install/linkattacher_msgs/include/linkattacher_msgs/linkattacher_msgs/srv/detail/dds_fastrtps
[0.802s] -- Up-to-date: /home/ubuntu/ros2ws/install/linkattacher_msgs/lib/liblinkattacher_msgs__rosidl_typesupport_fastrtps_cpp.so
[0.802s] -- Up-to-date: /home/ubuntu/ros2ws/install/linkattacher_msgs/include/linkattacher_msgs/linkattacher_msgs
[0.802s] -- Up-to-date: /home/ubuntu/ros2ws/install/linkattacher_msgs/include/linkattacher_msgs/linkattacher_msgs/srv
[0.802s] -- Up-to-date: /home/ubuntu/ros2ws/install/linkattacher_msgs/include/linkattacher_msgs/linkattacher_msgs/srv/detail
[0.802s] -- Up-to-date: /home/ubuntu/ros2ws/install/linkattacher_msgs/include/linkattacher_msgs/linkattacher_msgs/srv/detail/attach_link__rosidl_typesupport_introspection_cpp.hpp
[0.803s] -- Up-to-date: /home/ubuntu/ros2ws/install/linkattacher_msgs/include/linkattacher_msgs/linkattacher_msgs/srv/detail/detach_link__rosidl_typesupport_introspection_cpp.hpp
[0.803s] -- Up-to-date: /home/ubuntu/ros2ws/install/linkattacher_msgs/include/linkattacher_msgs/linkattacher_msgs/srv/detail/detach_link__type_support.cpp
[0.803s] -- Up-to-date: /home/ubuntu/ros2ws/install/linkattacher_msgs/include/linkattacher_msgs/linkattacher_msgs/srv/detail/attach_link__type_support.cpp
[0.803s] -- Up-to-date: /home/ubuntu/ros2ws/install/linkattacher_msgs/lib/liblinkattacher_msgs__rosidl_typesupport_introspection_cpp.so
[0.803s] -- Up-to-date: /home/ubuntu/ros2ws/install/linkattacher_msgs/lib/liblinkattacher_msgs__rosidl_typesupport_cpp.so
[0.803s] -- Up-to-date: /home/ubuntu/ros2ws/install/linkattacher_msgs/share/linkattacher_msgs/environment/pythonpath.sh
[0.808s] -- Up-to-date: /home/ubuntu/ros2ws/install/linkattacher_msgs/share/linkattacher_msgs/environment/pythonpath.dsv
[0.808s] -- Up-to-date: /home/ubuntu/ros2ws/install/linkattacher_msgs/local/lib/python3.10/dist-packages/linkattacher_msgs-0.0.0-py3.10.egg-info
[0.808s] -- Installing: /home/ubuntu/ros2ws/install/linkattacher_msgs/local/lib/python3.10/dist-packages/linkattacher_msgs-0.0.0-py3.10.egg-info/PKG-INFO
[0.808s] -- Installing: /home/ubuntu/ros2ws/install/linkattacher_msgs/local/lib/python3.10/dist-packages/linkattacher_msgs-0.0.0-py3.10.egg-info/top_level.txt
[0.808s] -- Installing: /home/ubuntu/ros2ws/install/linkattacher_msgs/local/lib/python3.10/dist-packages/linkattacher_msgs-0.0.0-py3.10.egg-info/dependency_links.txt
[0.808s] -- Installing: /home/ubuntu/ros2ws/install/linkattacher_msgs/local/lib/python3.10/dist-packages/linkattacher_msgs-0.0.0-py3.10.egg-info/SOURCES.txt
[0.808s] -- Up-to-date: /home/ubuntu/ros2ws/install/linkattacher_msgs/local/lib/python3.10/dist-packages/linkattacher_msgs
[0.809s] -- Up-to-date: /home/ubuntu/ros2ws/install/linkattacher_msgs/local/lib/python3.10/dist-packages/linkattacher_msgs/linkattacher_msgs_s__rosidl_typesupport_c.cpython-310-x86_64-linux-gnu.so
[0.809s] -- Up-to-date: /home/ubuntu/ros2ws/install/linkattacher_msgs/local/lib/python3.10/dist-packages/linkattacher_msgs/srv
[0.809s] -- Up-to-date: /home/ubuntu/ros2ws/install/linkattacher_msgs/local/lib/python3.10/dist-packages/linkattacher_msgs/srv/_detach_link_s.c
[0.809s] -- Up-to-date: /home/ubuntu/ros2ws/install/linkattacher_msgs/local/lib/python3.10/dist-packages/linkattacher_msgs/srv/_attach_link.py
[0.809s] -- Up-to-date: /home/ubuntu/ros2ws/install/linkattacher_msgs/local/lib/python3.10/dist-packages/linkattacher_msgs/srv/_detach_link.py
[0.809s] -- Up-to-date: /home/ubuntu/ros2ws/install/linkattacher_msgs/local/lib/python3.10/dist-packages/linkattacher_msgs/srv/_attach_link_s.c
[0.809s] -- Up-to-date: /home/ubuntu/ros2ws/install/linkattacher_msgs/local/lib/python3.10/dist-packages/linkattacher_msgs/srv/__init__.py
[0.809s] -- Up-to-date: /home/ubuntu/ros2ws/install/linkattacher_msgs/local/lib/python3.10/dist-packages/linkattacher_msgs/_linkattacher_msgs_s.ep.rosidl_typesupport_fastrtps_c.c
[0.809s] -- Up-to-date: /home/ubuntu/ros2ws/install/linkattacher_msgs/local/lib/python3.10/dist-packages/linkattacher_msgs/_linkattacher_msgs_s.ep.rosidl_typesupport_introspection_c.c
[0.809s] -- Up-to-date: /home/ubuntu/ros2ws/install/linkattacher_msgs/local/lib/python3.10/dist-packages/linkattacher_msgs/liblinkattacher_msgs__rosidl_generator_py.so
[0.809s] -- Up-to-date: /home/ubuntu/ros2ws/install/linkattacher_msgs/local/lib/python3.10/dist-packages/linkattacher_msgs/linkattacher_msgs_s__rosidl_typesupport_fastrtps_c.cpython-310-x86_64-linux-gnu.so
[0.809s] -- Up-to-date: /home/ubuntu/ros2ws/install/linkattacher_msgs/local/lib/python3.10/dist-packages/linkattacher_msgs/linkattacher_msgs_s__rosidl_typesupport_introspection_c.cpython-310-x86_64-linux-gnu.so
[0.809s] -- Up-to-date: /home/ubuntu/ros2ws/install/linkattacher_msgs/local/lib/python3.10/dist-packages/linkattacher_msgs/_linkattacher_msgs_s.ep.rosidl_typesupport_c.c
[0.809s] -- Up-to-date: /home/ubuntu/ros2ws/install/linkattacher_msgs/local/lib/python3.10/dist-packages/linkattacher_msgs/__init__.py
[0.874s] Listing '/home/ubuntu/ros2ws/install/linkattacher_msgs/local/lib/python3.10/dist-packages/linkattacher_msgs'...
[0.874s] Listing '/home/ubuntu/ros2ws/install/linkattacher_msgs/local/lib/python3.10/dist-packages/linkattacher_msgs/srv'...
[0.882s] -- Up-to-date: /home/ubuntu/ros2ws/install/linkattacher_msgs/local/lib/python3.10/dist-packages/linkattacher_msgs/linkattacher_msgs_s__rosidl_typesupport_fastrtps_c.cpython-310-x86_64-linux-gnu.so
[0.882s] -- Up-to-date: /home/ubuntu/ros2ws/install/linkattacher_msgs/local/lib/python3.10/dist-packages/linkattacher_msgs/linkattacher_msgs_s__rosidl_typesupport_introspection_c.cpython-310-x86_64-linux-gnu.so
[0.883s] -- Up-to-date: /home/ubuntu/ros2ws/install/linkattacher_msgs/local/lib/python3.10/dist-packages/linkattacher_msgs/linkattacher_msgs_s__rosidl_typesupport_c.cpython-310-x86_64-linux-gnu.so
[0.884s] -- Up-to-date: /home/ubuntu/ros2ws/install/linkattacher_msgs/lib/liblinkattacher_msgs__rosidl_generator_py.so
[0.884s] -- Up-to-date: /home/ubuntu/ros2ws/install/linkattacher_msgs/share/linkattacher_msgs/srv/AttachLink.idl
[0.884s] -- Up-to-date: /home/ubuntu/ros2ws/install/linkattacher_msgs/share/linkattacher_msgs/srv/DetachLink.idl
[0.884s] -- Up-to-date: /home/ubuntu/ros2ws/install/linkattacher_msgs/share/linkattacher_msgs/srv/AttachLink.srv
[0.886s] -- Up-to-date: /home/ubuntu/ros2ws/install/linkattacher_msgs/share/linkattacher_msgs/srv/AttachLink_Request.msg
[0.886s] -- Up-to-date: /home/ubuntu/ros2ws/install/linkattacher_msgs/share/linkattacher_msgs/srv/AttachLink_Response.msg
[0.887s] -- Up-to-date: /home/ubuntu/ros2ws/install/linkattacher_msgs/share/linkattacher_msgs/srv/DetachLink.srv
[0.887s] -- Up-to-date: /home/ubuntu/ros2ws/install/linkattacher_msgs/share/linkattacher_msgs/srv/DetachLink_Request.msg
[0.887s] -- Up-to-date: /home/ubuntu/ros2ws/install/linkattacher_msgs/share/linkattacher_msgs/srv/DetachLink_Response.msg
[0.887s] -- Up-to-date: /home/ubuntu/ros2ws/install/linkattacher_msgs/share/ament_index/resource_index/package_run_dependencies/linkattacher_msgs
[0.888s] -- Up-to-date: /home/ubuntu/ros2ws/install/linkattacher_msgs/share/ament_index/resource_index/parent_prefix_path/linkattacher_msgs
[0.888s] -- Up-to-date: /home/ubuntu/ros2ws/install/linkattacher_msgs/share/linkattacher_msgs/environment/ament_prefix_path.sh
[0.888s] -- Up-to-date: /home/ubuntu/ros2ws/install/linkattacher_msgs/share/linkattacher_msgs/environment/ament_prefix_path.dsv
[0.888s] -- Up-to-date: /home/ubuntu/ros2ws/install/linkattacher_msgs/share/linkattacher_msgs/environment/path.sh
[0.888s] -- Up-to-date: /home/ubuntu/ros2ws/install/linkattacher_msgs/share/linkattacher_msgs/environment/path.dsv
[0.888s] -- Up-to-date: /home/ubuntu/ros2ws/install/linkattacher_msgs/share/linkattacher_msgs/local_setup.bash
[0.888s] -- Up-to-date: /home/ubuntu/ros2ws/install/linkattacher_msgs/share/linkattacher_msgs/local_setup.sh
[0.889s] -- Up-to-date: /home/ubuntu/ros2ws/install/linkattacher_msgs/share/linkattacher_msgs/local_setup.zsh
[0.889s] -- Up-to-date: /home/ubuntu/ros2ws/install/linkattacher_msgs/share/linkattacher_msgs/local_setup.dsv
[0.889s] -- Installing: /home/ubuntu/ros2ws/install/linkattacher_msgs/share/linkattacher_msgs/package.dsv
[0.890s] -- Up-to-date: /home/ubuntu/ros2ws/install/linkattacher_msgs/share/ament_index/resource_index/packages/linkattacher_msgs
[0.890s] -- Up-to-date: /home/ubuntu/ros2ws/install/linkattacher_msgs/share/linkattacher_msgs/cmake/export_linkattacher_msgs__rosidl_generator_cExport.cmake
[0.890s] -- Up-to-date: /home/ubuntu/ros2ws/install/linkattacher_msgs/share/linkattacher_msgs/cmake/export_linkattacher_msgs__rosidl_generator_cExport-noconfig.cmake
[0.890s] -- Up-to-date: /home/ubuntu/ros2ws/install/linkattacher_msgs/share/linkattacher_msgs/cmake/export_linkattacher_msgs__rosidl_typesupport_fastrtps_cExport.cmake
[0.890s] -- Up-to-date: /home/ubuntu/ros2ws/install/linkattacher_msgs/share/linkattacher_msgs/cmake/export_linkattacher_msgs__rosidl_typesupport_fastrtps_cExport-noconfig.cmake
[0.890s] -- Up-to-date: /home/ubuntu/ros2ws/install/linkattacher_msgs/share/linkattacher_msgs/cmake/linkattacher_msgs__rosidl_typesupport_introspection_cExport.cmake
[0.890s] -- Up-to-date: /home/ubuntu/ros2ws/install/linkattacher_msgs/share/linkattacher_msgs/cmake/linkattacher_msgs__rosidl_typesupport_introspection_cExport-noconfig.cmake
[0.890s] -- Up-to-date: /home/ubuntu/ros2ws/install/linkattacher_msgs/share/linkattacher_msgs/cmake/linkattacher_msgs__rosidl_typesupport_cExport.cmake
[0.890s] -- Up-to-date: /home/ubuntu/ros2ws/install/linkattacher_msgs/share/linkattacher_msgs/cmake/linkattacher_msgs__rosidl_typesupport_cExport-noconfig.cmake
[0.891s] -- Up-to-date: /home/ubuntu/ros2ws/install/linkattacher_msgs/share/linkattacher_msgs/cmake/export_linkattacher_msgs__rosidl_generator_cppExport.cmake
[0.891s] -- Up-to-date: /home/ubuntu/ros2ws/install/linkattacher_msgs/share/linkattacher_msgs/cmake/export_linkattacher_msgs__rosidl_typesupport_fastrtps_cppExport.cmake
[0.891s] -- Up-to-date: /home/ubuntu/ros2ws/install/linkattacher_msgs/share/linkattacher_msgs/cmake/export_linkattacher_msgs__rosidl_typesupport_fastrtps_cppExport-noconfig.cmake
[0.892s] -- Up-to-date: /home/ubuntu/ros2ws/install/linkattacher_msgs/share/linkattacher_msgs/cmake/linkattacher_msgs__rosidl_typesupport_introspection_cppExport.cmake
[0.892s] -- Up-to-date: /home/ubuntu/ros2ws/install/linkattacher_msgs/share/linkattacher_msgs/cmake/linkattacher_msgs__rosidl_typesupport_introspection_cppExport-noconfig.cmake
[0.892s] -- Up-to-date: /home/ubuntu/ros2ws/install/linkattacher_msgs/share/linkattacher_msgs/cmake/linkattacher_msgs__rosidl_typesupport_cppExport.cmake
[0.892s] -- Up-to-date: /home/ubuntu/ros2ws/install/linkattacher_msgs/share/linkattacher_msgs/cmake/linkattacher_msgs__rosidl_typesupport_cppExport-noconfig.cmake
[0.892s] -- Up-to-date: /home/ubuntu/ros2ws/install/linkattacher_msgs/share/linkattacher_msgs/cmake/export_linkattacher_msgs__rosidl_generator_pyExport.cmake
[0.892s] -- Up-to-date: /home/ubuntu/ros2ws/install/linkattacher_msgs/share/linkattacher_msgs/cmake/export_linkattacher_msgs__rosidl_generator_pyExport-noconfig.cmake
[0.893s] -- Up-to-date: /home/ubuntu/ros2ws/install/linkattacher_msgs/share/linkattacher_msgs/cmake/rosidl_cmake-extras.cmake
[0.893s] -- Up-to-date: /home/ubuntu/ros2ws/install/linkattacher_msgs/share/linkattacher_msgs/cmake/ament_cmake_export_include_directories-extras.cmake
[0.893s] -- Up-to-date: /home/ubuntu/ros2ws/install/linkattacher_msgs/share/linkattacher_msgs/cmake/ament_cmake_export_libraries-extras.cmake
[0.894s] -- Up-to-date: /home/ubuntu/ros2ws/install/linkattacher_msgs/share/linkattacher_msgs/cmake/ament_cmake_export_targets-extras.cmake
[0.894s] -- Up-to-date: /home/ubuntu/ros2ws/install/linkattacher_msgs/share/linkattacher_msgs/cmake/rosidl_cmake_export_typesupport_targets-extras.cmake
[0.894s] -- Up-to-date: /home/ubuntu/ros2ws/install/linkattacher_msgs/share/linkattacher_msgs/cmake/ament_cmake_export_dependencies-extras.cmake
[0.894s] -- Up-to-date: /home/ubuntu/ros2ws/install/linkattacher_msgs/share/linkattacher_msgs/cmake/rosidl_cmake_export_typesupport_libraries-extras.cmake
[0.894s] -- Up-to-date: /home/ubuntu/ros2ws/install/linkattacher_msgs/share/linkattacher_msgs/cmake/linkattacher_msgsConfig.cmake
[0.894s] -- Up-to-date: /home/ubuntu/ros2ws/install/linkattacher_msgs/share/linkattacher_msgs/cmake/linkattacher_msgsConfig-version.cmake
[0.894s] -- Up-to-date: /home/ubuntu/ros2ws/install/linkattacher_msgs/share/linkattacher_msgs/package.xml
[0.900s] Invoked command in '/home/ubuntu/ros2ws/build/linkattacher_msgs' returned '0': CMAKE_PREFIX_PATH=${CMAKE_PREFIX_PATH}:/opt/ros/humble /usr/bin/cmake --install /home/ubuntu/ros2ws/build/linkattacher_msgs
