[0.032s] Invoking command in '/home/ubuntu/ros2ws/build/abb_resources': CMAKE_PREFIX_PATH=${CMAKE_PREFIX_PATH}:/opt/ros/humble /usr/bin/cmake /home/ubuntu/ros2ws/src/ABBDriver/abb_ros2/abb_resources -DAMENT_CMAKE_SYMLINK_INSTALL=1 -DCMAKE_INSTALL_PREFIX=/home/ubuntu/ros2ws/install/abb_resources
[0.155s] -- The C compiler identification is GNU 11.4.0
[0.266s] -- The CXX compiler identification is GNU 11.4.0
[0.289s] -- Detecting C compiler ABI info
[0.441s] -- Detecting C compiler ABI info - done
[0.451s] -- Check for working C compiler: /usr/bin/cc - skipped
[0.452s] -- Detecting C compile features
[0.452s] -- Detecting C compile features - done
[0.457s] -- Detecting CXX compiler ABI info
[0.608s] -- Detecting CXX compiler ABI info - done
[0.625s] -- Check for working CXX compiler: /usr/bin/c++ - skipped
[0.625s] -- Detecting CXX compile features
[0.627s] -- Detecting CXX compile features - done
[0.635s] -- Found ament_cmake: 1.3.10 (/opt/ros/humble/share/ament_cmake/cmake)
[0.923s] -- Found Python3: /usr/bin/python3 (found version "3.10.12") found components: Interpreter 
[1.043s] -- Override CMake install command with custom implementation using symlinks instead of copying resources
[1.243s] -- Configuring done
[1.247s] -- Generating done
[1.247s] -- Build files have been written to: /home/ubuntu/ros2ws/build/abb_resources
[1.253s] Invoked command in '/home/ubuntu/ros2ws/build/abb_resources' returned '0': CMAKE_PREFIX_PATH=${CMAKE_PREFIX_PATH}:/opt/ros/humble /usr/bin/cmake /home/ubuntu/ros2ws/src/ABBDriver/abb_ros2/abb_resources -DAMENT_CMAKE_SYMLINK_INSTALL=1 -DCMAKE_INSTALL_PREFIX=/home/ubuntu/ros2ws/install/abb_resources
[1.261s] Invoking command in '/home/ubuntu/ros2ws/build/abb_resources': CMAKE_PREFIX_PATH=${CMAKE_PREFIX_PATH}:/opt/ros/humble /usr/bin/cmake --build /home/ubuntu/ros2ws/build/abb_resources -- -j4 -l4
[1.342s] Invoked command in '/home/ubuntu/ros2ws/build/abb_resources' returned '0': CMAKE_PREFIX_PATH=${CMAKE_PREFIX_PATH}:/opt/ros/humble /usr/bin/cmake --build /home/ubuntu/ros2ws/build/abb_resources -- -j4 -l4
[1.395s] Invoking command in '/home/ubuntu/ros2ws/build/abb_resources': CMAKE_PREFIX_PATH=${CMAKE_PREFIX_PATH}:/opt/ros/humble /usr/bin/cmake --install /home/ubuntu/ros2ws/build/abb_resources
[1.416s] -- Install configuration: ""
[1.416s] -- Execute custom install script
[1.416s] -- Symlinking: /home/ubuntu/ros2ws/install/abb_resources/share/ament_index/resource_index/package_run_dependencies/abb_resources
[1.435s] -- Symlinking: /home/ubuntu/ros2ws/install/abb_resources/share/ament_index/resource_index/parent_prefix_path/abb_resources
[1.455s] -- Symlinking: /home/ubuntu/ros2ws/install/abb_resources/share/abb_resources/environment/ament_prefix_path.sh
[1.468s] -- Symlinking: /home/ubuntu/ros2ws/install/abb_resources/share/abb_resources/environment/ament_prefix_path.dsv
[1.487s] -- Symlinking: /home/ubuntu/ros2ws/install/abb_resources/share/abb_resources/environment/path.sh
[1.505s] -- Symlinking: /home/ubuntu/ros2ws/install/abb_resources/share/abb_resources/environment/path.dsv
[1.529s] -- Symlinking: /home/ubuntu/ros2ws/install/abb_resources/share/abb_resources/local_setup.bash
[1.555s] -- Symlinking: /home/ubuntu/ros2ws/install/abb_resources/share/abb_resources/local_setup.sh
[1.573s] -- Symlinking: /home/ubuntu/ros2ws/install/abb_resources/share/abb_resources/local_setup.zsh
[1.589s] -- Symlinking: /home/ubuntu/ros2ws/install/abb_resources/share/abb_resources/local_setup.dsv
[1.607s] -- Symlinking: /home/ubuntu/ros2ws/install/abb_resources/share/abb_resources/package.dsv
[1.625s] -- Symlinking: /home/ubuntu/ros2ws/install/abb_resources/share/ament_index/resource_index/packages/abb_resources
[1.645s] -- Symlinking: /home/ubuntu/ros2ws/install/abb_resources/share/abb_resources/cmake/abb_resourcesConfig.cmake
[1.666s] -- Symlinking: /home/ubuntu/ros2ws/install/abb_resources/share/abb_resources/cmake/abb_resourcesConfig-version.cmake
[1.688s] -- Symlinking: /home/ubuntu/ros2ws/install/abb_resources/share/abb_resources/package.xml
[1.704s] -- Symlinking: /home/ubuntu/ros2ws/install/abb_resources/share/abb_resources/urdf/common_colours.xacro
[1.723s] -- Symlinking: /home/ubuntu/ros2ws/install/abb_resources/share/abb_resources/urdf/common_materials.xacro
[1.756s] Invoked command in '/home/ubuntu/ros2ws/build/abb_resources' returned '0': CMAKE_PREFIX_PATH=${CMAKE_PREFIX_PATH}:/opt/ros/humble /usr/bin/cmake --install /home/ubuntu/ros2ws/build/abb_resources
