[0.025s] Invoking command in '/home/ubuntu/ros2ws/build/ros2srrc_irb1200_moveit2': CMAKE_PREFIX_PATH=${CMAKE_PREFIX_PATH}:/opt/ros/humble /usr/bin/cmake --build /home/ubuntu/ros2ws/build/ros2srrc_irb1200_moveit2 -- -j4 -l4
[0.113s] Invoked command in '/home/ubuntu/ros2ws/build/ros2srrc_irb1200_moveit2' returned '0': CMAKE_PREFIX_PATH=${CMAKE_PREFIX_PATH}:/opt/ros/humble /usr/bin/cmake --build /home/ubuntu/ros2ws/build/ros2srrc_irb1200_moveit2 -- -j4 -l4
[0.173s] Invoking command in '/home/ubuntu/ros2ws/build/ros2srrc_irb1200_moveit2': CMAKE_PREFIX_PATH=${CMAKE_PREFIX_PATH}:/opt/ros/humble /usr/bin/cmake --install /home/ubuntu/ros2ws/build/ros2srrc_irb1200_moveit2
[0.184s] -- Install configuration: ""
[0.184s] -- Up-to-date: /home/ubuntu/ros2ws/install/ros2srrc_irb1200_moveit2/share/ros2srrc_irb1200_moveit2/config
[0.185s] -- Up-to-date: /home/ubuntu/ros2ws/install/ros2srrc_irb1200_moveit2/share/ros2srrc_irb1200_moveit2/config/irb1200.srdf
[0.185s] -- Up-to-date: /home/ubuntu/ros2ws/install/ros2srrc_irb1200_moveit2/share/ros2srrc_irb1200_moveit2/config/irb1200egp64.srdf
[0.185s] -- Up-to-date: /home/ubuntu/ros2ws/install/ros2srrc_irb1200_moveit2/share/ros2srrc_irb1200_moveit2/config/irb1200egp64_moveit2.rviz
[0.186s] -- Up-to-date: /home/ubuntu/ros2ws/install/ros2srrc_irb1200_moveit2/share/ros2srrc_irb1200_moveit2/config/irb1200_moveit2.rviz
[0.186s] -- Up-to-date: /home/ubuntu/ros2ws/install/ros2srrc_irb1200_moveit2/share/ament_index/resource_index/package_run_dependencies/ros2srrc_irb1200_moveit2
[0.186s] -- Up-to-date: /home/ubuntu/ros2ws/install/ros2srrc_irb1200_moveit2/share/ament_index/resource_index/parent_prefix_path/ros2srrc_irb1200_moveit2
[0.186s] -- Up-to-date: /home/ubuntu/ros2ws/install/ros2srrc_irb1200_moveit2/share/ros2srrc_irb1200_moveit2/environment/ament_prefix_path.sh
[0.186s] -- Up-to-date: /home/ubuntu/ros2ws/install/ros2srrc_irb1200_moveit2/share/ros2srrc_irb1200_moveit2/environment/ament_prefix_path.dsv
[0.186s] -- Up-to-date: /home/ubuntu/ros2ws/install/ros2srrc_irb1200_moveit2/share/ros2srrc_irb1200_moveit2/environment/path.sh
[0.186s] -- Up-to-date: /home/ubuntu/ros2ws/install/ros2srrc_irb1200_moveit2/share/ros2srrc_irb1200_moveit2/environment/path.dsv
[0.186s] -- Up-to-date: /home/ubuntu/ros2ws/install/ros2srrc_irb1200_moveit2/share/ros2srrc_irb1200_moveit2/local_setup.bash
[0.186s] -- Up-to-date: /home/ubuntu/ros2ws/install/ros2srrc_irb1200_moveit2/share/ros2srrc_irb1200_moveit2/local_setup.sh
[0.186s] -- Up-to-date: /home/ubuntu/ros2ws/install/ros2srrc_irb1200_moveit2/share/ros2srrc_irb1200_moveit2/local_setup.zsh
[0.186s] -- Up-to-date: /home/ubuntu/ros2ws/install/ros2srrc_irb1200_moveit2/share/ros2srrc_irb1200_moveit2/local_setup.dsv
[0.186s] -- Up-to-date: /home/ubuntu/ros2ws/install/ros2srrc_irb1200_moveit2/share/ros2srrc_irb1200_moveit2/package.dsv
[0.187s] -- Up-to-date: /home/ubuntu/ros2ws/install/ros2srrc_irb1200_moveit2/share/ament_index/resource_index/packages/ros2srrc_irb1200_moveit2
[0.187s] -- Up-to-date: /home/ubuntu/ros2ws/install/ros2srrc_irb1200_moveit2/share/ros2srrc_irb1200_moveit2/cmake/ros2srrc_irb1200_moveit2Config.cmake
[0.187s] -- Up-to-date: /home/ubuntu/ros2ws/install/ros2srrc_irb1200_moveit2/share/ros2srrc_irb1200_moveit2/cmake/ros2srrc_irb1200_moveit2Config-version.cmake
[0.187s] -- Up-to-date: /home/ubuntu/ros2ws/install/ros2srrc_irb1200_moveit2/share/ros2srrc_irb1200_moveit2/package.xml
[0.201s] Invoked command in '/home/ubuntu/ros2ws/build/ros2srrc_irb1200_moveit2' returned '0': CMAKE_PREFIX_PATH=${CMAKE_PREFIX_PATH}:/opt/ros/humble /usr/bin/cmake --install /home/ubuntu/ros2ws/build/ros2srrc_irb1200_moveit2
