[0.064s] Invoking command in '/home/ubuntu/ros2ws/build/ros2srrc_iiwa_moveit2': CMAKE_PREFIX_PATH=${CMAKE_PREFIX_PATH}:/opt/ros/humble /usr/bin/cmake /home/ubuntu/ros2ws/src/ros2_SimRealRobotControl/packages/iiwa/ros2srrc_iiwa_moveit2 -DCMAKE_INSTALL_PREFIX=/home/ubuntu/ros2ws/install/ros2srrc_iiwa_moveit2
[0.107s] -- Found ament_cmake: 1.3.10 (/opt/ros/humble/share/ament_cmake/cmake)
[0.504s] -- Override CMake install command with custom implementation using symlinks instead of copying resources
[0.522s] -- Found ament_lint_auto: 0.12.11 (/opt/ros/humble/share/ament_lint_auto/cmake)
[0.846s] -- Added test 'copyright' to check source files copyright and LICENSE
[0.854s] -- Added test 'lint_cmake' to check CMake code style
[0.858s] -- Added test 'xmllint' to check XML markup files
[0.863s] -- Configuring done
[0.882s] -- Generating done
[0.891s] -- Build files have been written to: /home/ubuntu/ros2ws/build/ros2srrc_iiwa_moveit2
[0.906s] Invoked command in '/home/ubuntu/ros2ws/build/ros2srrc_iiwa_moveit2' returned '0': CMAKE_PREFIX_PATH=${CMAKE_PREFIX_PATH}:/opt/ros/humble /usr/bin/cmake /home/ubuntu/ros2ws/src/ros2_SimRealRobotControl/packages/iiwa/ros2srrc_iiwa_moveit2 -DCMAKE_INSTALL_PREFIX=/home/ubuntu/ros2ws/install/ros2srrc_iiwa_moveit2
[0.918s] Invoking command in '/home/ubuntu/ros2ws/build/ros2srrc_iiwa_moveit2': CMAKE_PREFIX_PATH=${CMAKE_PREFIX_PATH}:/opt/ros/humble /usr/bin/cmake --build /home/ubuntu/ros2ws/build/ros2srrc_iiwa_moveit2 -- -j4 -l4
[1.201s] Invoked command in '/home/ubuntu/ros2ws/build/ros2srrc_iiwa_moveit2' returned '0': CMAKE_PREFIX_PATH=${CMAKE_PREFIX_PATH}:/opt/ros/humble /usr/bin/cmake --build /home/ubuntu/ros2ws/build/ros2srrc_iiwa_moveit2 -- -j4 -l4
[1.324s] Invoking command in '/home/ubuntu/ros2ws/build/ros2srrc_iiwa_moveit2': CMAKE_PREFIX_PATH=${CMAKE_PREFIX_PATH}:/opt/ros/humble /usr/bin/cmake --install /home/ubuntu/ros2ws/build/ros2srrc_iiwa_moveit2
[1.368s] -- Install configuration: ""
[1.370s] -- Execute custom install script
[1.371s] -- Up-to-date symlink: /home/ubuntu/ros2ws/install/ros2srrc_iiwa_moveit2/share/ros2srrc_iiwa_moveit2/config/iiwa.srdf
[1.372s] -- Up-to-date symlink: /home/ubuntu/ros2ws/install/ros2srrc_iiwa_moveit2/share/ros2srrc_iiwa_moveit2/config/iiwa_moveit2.rviz
[1.373s] -- Up-to-date symlink: /home/ubuntu/ros2ws/install/ros2srrc_iiwa_moveit2/share/ros2srrc_iiwa_moveit2/config/iiwarobotiq_2f85.srdf
[1.373s] -- Up-to-date symlink: /home/ubuntu/ros2ws/install/ros2srrc_iiwa_moveit2/share/ros2srrc_iiwa_moveit2/config/iiwarobotiq_2f85_moveit2.rviz
[1.373s] -- Up-to-date symlink: /home/ubuntu/ros2ws/install/ros2srrc_iiwa_moveit2/share/ament_index/resource_index/package_run_dependencies/ros2srrc_iiwa_moveit2
[1.373s] -- Up-to-date symlink: /home/ubuntu/ros2ws/install/ros2srrc_iiwa_moveit2/share/ament_index/resource_index/parent_prefix_path/ros2srrc_iiwa_moveit2
[1.374s] -- Up-to-date symlink: /home/ubuntu/ros2ws/install/ros2srrc_iiwa_moveit2/share/ros2srrc_iiwa_moveit2/environment/ament_prefix_path.sh
[1.376s] -- Up-to-date symlink: /home/ubuntu/ros2ws/install/ros2srrc_iiwa_moveit2/share/ros2srrc_iiwa_moveit2/environment/ament_prefix_path.dsv
[1.376s] -- Up-to-date symlink: /home/ubuntu/ros2ws/install/ros2srrc_iiwa_moveit2/share/ros2srrc_iiwa_moveit2/environment/path.sh
[1.376s] -- Up-to-date symlink: /home/ubuntu/ros2ws/install/ros2srrc_iiwa_moveit2/share/ros2srrc_iiwa_moveit2/environment/path.dsv
[1.376s] -- Up-to-date symlink: /home/ubuntu/ros2ws/install/ros2srrc_iiwa_moveit2/share/ros2srrc_iiwa_moveit2/local_setup.bash
[1.386s] -- Up-to-date symlink: /home/ubuntu/ros2ws/install/ros2srrc_iiwa_moveit2/share/ros2srrc_iiwa_moveit2/local_setup.sh
[1.387s] -- Up-to-date symlink: /home/ubuntu/ros2ws/install/ros2srrc_iiwa_moveit2/share/ros2srrc_iiwa_moveit2/local_setup.zsh
[1.388s] -- Up-to-date symlink: /home/ubuntu/ros2ws/install/ros2srrc_iiwa_moveit2/share/ros2srrc_iiwa_moveit2/local_setup.dsv
[1.388s] -- Symlinking: /home/ubuntu/ros2ws/install/ros2srrc_iiwa_moveit2/share/ros2srrc_iiwa_moveit2/package.dsv
[1.406s] -- Up-to-date symlink: /home/ubuntu/ros2ws/install/ros2srrc_iiwa_moveit2/share/ament_index/resource_index/packages/ros2srrc_iiwa_moveit2
[1.412s] -- Up-to-date symlink: /home/ubuntu/ros2ws/install/ros2srrc_iiwa_moveit2/share/ros2srrc_iiwa_moveit2/cmake/ros2srrc_iiwa_moveit2Config.cmake
[1.416s] -- Up-to-date symlink: /home/ubuntu/ros2ws/install/ros2srrc_iiwa_moveit2/share/ros2srrc_iiwa_moveit2/cmake/ros2srrc_iiwa_moveit2Config-version.cmake
[1.416s] -- Up-to-date symlink: /home/ubuntu/ros2ws/install/ros2srrc_iiwa_moveit2/share/ros2srrc_iiwa_moveit2/package.xml
[1.427s] Invoked command in '/home/ubuntu/ros2ws/build/ros2srrc_iiwa_moveit2' returned '0': CMAKE_PREFIX_PATH=${CMAKE_PREFIX_PATH}:/opt/ros/humble /usr/bin/cmake --install /home/ubuntu/ros2ws/build/ros2srrc_iiwa_moveit2
