[0.036s] Invoking command in '/home/ubuntu/ros2ws/build/abb_robot_msgs': CMAKE_PREFIX_PATH=${CMAKE_PREFIX_PATH}:/opt/ros/humble /usr/bin/cmake /home/ubuntu/ros2ws/src/ABBDriver/abb_ros2_msgs/abb_robot_msgs -DCMAKE_INSTALL_PREFIX=/home/ubuntu/ros2ws/install/abb_robot_msgs
[0.125s] -- Found ament_cmake: 1.3.10 (/opt/ros/humble/share/ament_cmake/cmake)
[0.300s] -- Override CMake install command with custom implementation using symlinks instead of copying resources
[0.333s] -- Found rosidl_default_generators: 1.2.0 (/opt/ros/humble/share/rosidl_default_generators/cmake)
[0.343s] -- Using all available rosidl_typesupport_c: rosidl_typesupport_fastrtps_c;rosidl_typesupport_introspection_c
[0.346s] -- Found rosidl_adapter: 3.1.5 (/opt/ros/humble/share/rosidl_adapter/cmake)
[0.396s] -- Using all available rosidl_typesupport_cpp: rosidl_typesupport_fastrtps_cpp;rosidl_typesupport_introspection_cpp
[0.505s] -- Found std_msgs: 4.2.4 (/opt/ros/humble/share/std_msgs/cmake)
[1.586s] -- Found ament_cmake_cppcheck: 0.12.11 (/opt/ros/humble/share/ament_cmake_cppcheck/cmake)
[1.586s] -- Found ament_cmake_cpplint: 0.12.11 (/opt/ros/humble/share/ament_cmake_cpplint/cmake)
[1.587s] -- Found ament_cmake_uncrustify: 0.12.11 (/opt/ros/humble/share/ament_cmake_uncrustify/cmake)
[1.588s] -- Found ament_cmake_ros: 0.10.0 (/opt/ros/humble/share/ament_cmake_ros/cmake)
[1.917s] -- Using all available rosidl_typesupport_c: rosidl_typesupport_fastrtps_c;rosidl_typesupport_introspection_c
[2.362s] -- Using all available rosidl_typesupport_cpp: rosidl_typesupport_fastrtps_cpp;rosidl_typesupport_introspection_cpp
[2.395s] -- Found python_cmake_module: 0.10.0 (/opt/ros/humble/share/python_cmake_module/cmake)
[2.431s] -- Using PYTHON_EXECUTABLE: /usr/bin/python3
[2.431s] -- Using PYTHON_INCLUDE_DIRS: /usr/include/python3.10
[2.431s] -- Using PYTHON_LIBRARIES: /usr/lib/x86_64-linux-gnu/libpython3.10.so
[2.562s] -- Found ament_cmake_flake8: 0.12.11 (/opt/ros/humble/share/ament_cmake_flake8/cmake)
[2.563s] -- Found ament_cmake_pep257: 0.12.11 (/opt/ros/humble/share/ament_cmake_pep257/cmake)
[2.575s] -- Found ament_lint_auto: 0.12.11 (/opt/ros/humble/share/ament_lint_auto/cmake)
[2.697s] -- Added test 'copyright' to check source files copyright and LICENSE
[2.697s] -- Added test 'lint_cmake' to check CMake code style
[2.698s] -- Added test 'xmllint' to check XML markup files
[2.723s] -- Configuring done
[3.652s] -- Generating done
[3.659s] -- Build files have been written to: /home/ubuntu/ros2ws/build/abb_robot_msgs
[3.675s] Invoked command in '/home/ubuntu/ros2ws/build/abb_robot_msgs' returned '0': CMAKE_PREFIX_PATH=${CMAKE_PREFIX_PATH}:/opt/ros/humble /usr/bin/cmake /home/ubuntu/ros2ws/src/ABBDriver/abb_ros2_msgs/abb_robot_msgs -DCMAKE_INSTALL_PREFIX=/home/ubuntu/ros2ws/install/abb_robot_msgs
[3.675s] Invoking command in '/home/ubuntu/ros2ws/build/abb_robot_msgs': CMAKE_PREFIX_PATH=${CMAKE_PREFIX_PATH}:/opt/ros/humble /usr/bin/cmake --build /home/ubuntu/ros2ws/build/abb_robot_msgs -- -j4 -l4
[3.820s] [  0%] Built target ament_cmake_python_symlink_abb_robot_msgs
[3.841s] [35m[1mConsolidate compiler generated dependencies of target abb_robot_msgs__rosidl_generator_c[0m
[3.847s] [  0%] Built target abb_robot_msgs__cpp
[3.884s] [ 13%] Built target abb_robot_msgs__rosidl_generator_c
[4.126s] [35m[1mConsolidate compiler generated dependencies of target abb_robot_msgs__rosidl_typesupport_introspection_cpp[0m
[4.172s] [ 26%] Built target abb_robot_msgs__rosidl_typesupport_introspection_cpp
[4.194s] [35m[1mConsolidate compiler generated dependencies of target abb_robot_msgs__rosidl_typesupport_fastrtps_cpp[0m
[4.220s] running egg_info
[4.221s] writing abb_robot_msgs.egg-info/PKG-INFO
[4.221s] writing dependency_links to abb_robot_msgs.egg-info/dependency_links.txt
[4.222s] writing top-level names to abb_robot_msgs.egg-info/top_level.txt
[4.227s] reading manifest file 'abb_robot_msgs.egg-info/SOURCES.txt'
[4.239s] [35m[1mConsolidate compiler generated dependencies of target abb_robot_msgs__rosidl_typesupport_cpp[0m
[4.245s] [ 38%] Built target abb_robot_msgs__rosidl_typesupport_fastrtps_cpp
[4.257s] writing manifest file 'abb_robot_msgs.egg-info/SOURCES.txt'
[4.319s] [ 50%] Built target abb_robot_msgs__rosidl_typesupport_cpp
[4.333s] [ 50%] Built target ament_cmake_python_build_abb_robot_msgs_egg
[4.416s] [35m[1mConsolidate compiler generated dependencies of target abb_robot_msgs__rosidl_typesupport_introspection_c[0m
[4.439s] [ 62%] Built target abb_robot_msgs__rosidl_typesupport_introspection_c
[4.447s] [35m[1mConsolidate compiler generated dependencies of target abb_robot_msgs__rosidl_typesupport_fastrtps_c[0m
[4.450s] [35m[1mConsolidate compiler generated dependencies of target abb_robot_msgs__rosidl_typesupport_c[0m
[4.479s] [ 74%] Built target abb_robot_msgs__rosidl_typesupport_c
[4.492s] [ 86%] Built target abb_robot_msgs__rosidl_typesupport_fastrtps_c
[4.553s] [ 86%] Built target abb_robot_msgs
[4.590s] [ 86%] Built target abb_robot_msgs__py
[4.738s] [35m[1mConsolidate compiler generated dependencies of target abb_robot_msgs__rosidl_generator_py[0m
[4.785s] [ 97%] Built target abb_robot_msgs__rosidl_generator_py
[4.801s] [35m[1mConsolidate compiler generated dependencies of target abb_robot_msgs__rosidl_typesupport_fastrtps_c__pyext[0m
[4.808s] [35m[1mConsolidate compiler generated dependencies of target abb_robot_msgs__rosidl_typesupport_c__pyext[0m
[4.816s] [35m[1mConsolidate compiler generated dependencies of target abb_robot_msgs__rosidl_typesupport_introspection_c__pyext[0m
[4.829s] [ 98%] Built target abb_robot_msgs__rosidl_typesupport_fastrtps_c__pyext
[4.833s] [ 99%] Built target abb_robot_msgs__rosidl_typesupport_c__pyext
[4.842s] [100%] Built target abb_robot_msgs__rosidl_typesupport_introspection_c__pyext
[4.873s] Invoked command in '/home/ubuntu/ros2ws/build/abb_robot_msgs' returned '0': CMAKE_PREFIX_PATH=${CMAKE_PREFIX_PATH}:/opt/ros/humble /usr/bin/cmake --build /home/ubuntu/ros2ws/build/abb_robot_msgs -- -j4 -l4
[5.933s] Invoking command in '/home/ubuntu/ros2ws/build/abb_robot_msgs': CMAKE_PREFIX_PATH=${CMAKE_PREFIX_PATH}:/opt/ros/humble /usr/bin/cmake --install /home/ubuntu/ros2ws/build/abb_robot_msgs
[5.950s] -- Install configuration: ""
[5.950s] -- Execute custom install script
[5.971s] -- Up-to-date symlink: /home/ubuntu/ros2ws/install/abb_robot_msgs/share/ament_index/resource_index/rosidl_interfaces/abb_robot_msgs
[5.977s] -- Up-to-date symlink: /home/ubuntu/ros2ws/install/abb_robot_msgs/include/abb_robot_msgs/abb_robot_msgs/msg/detail/mechanical_unit_state__functions.h
[5.978s] -- Up-to-date symlink: /home/ubuntu/ros2ws/install/abb_robot_msgs/include/abb_robot_msgs/abb_robot_msgs/msg/detail/mechanical_unit_state__struct.h
[5.979s] -- Up-to-date symlink: /home/ubuntu/ros2ws/install/abb_robot_msgs/include/abb_robot_msgs/abb_robot_msgs/msg/detail/mechanical_unit_state__type_support.h
[5.987s] -- Up-to-date symlink: /home/ubuntu/ros2ws/install/abb_robot_msgs/include/abb_robot_msgs/abb_robot_msgs/msg/detail/rapid_symbol_path__functions.h
[5.988s] -- Up-to-date symlink: /home/ubuntu/ros2ws/install/abb_robot_msgs/include/abb_robot_msgs/abb_robot_msgs/msg/detail/rapid_symbol_path__struct.h
[5.988s] -- Up-to-date symlink: /home/ubuntu/ros2ws/install/abb_robot_msgs/include/abb_robot_msgs/abb_robot_msgs/msg/detail/rapid_symbol_path__type_support.h
[5.993s] -- Up-to-date symlink: /home/ubuntu/ros2ws/install/abb_robot_msgs/include/abb_robot_msgs/abb_robot_msgs/msg/detail/rapid_task_state__functions.h
[5.994s] -- Up-to-date symlink: /home/ubuntu/ros2ws/install/abb_robot_msgs/include/abb_robot_msgs/abb_robot_msgs/msg/detail/rapid_task_state__struct.h
[6.003s] -- Up-to-date symlink: /home/ubuntu/ros2ws/install/abb_robot_msgs/include/abb_robot_msgs/abb_robot_msgs/msg/detail/rapid_task_state__type_support.h
[6.004s] -- Up-to-date symlink: /home/ubuntu/ros2ws/install/abb_robot_msgs/include/abb_robot_msgs/abb_robot_msgs/msg/detail/service_responses__functions.h
[6.005s] -- Up-to-date symlink: /home/ubuntu/ros2ws/install/abb_robot_msgs/include/abb_robot_msgs/abb_robot_msgs/msg/detail/service_responses__struct.h
[6.009s] -- Up-to-date symlink: /home/ubuntu/ros2ws/install/abb_robot_msgs/include/abb_robot_msgs/abb_robot_msgs/msg/detail/service_responses__type_support.h
[6.009s] -- Up-to-date symlink: /home/ubuntu/ros2ws/install/abb_robot_msgs/include/abb_robot_msgs/abb_robot_msgs/msg/detail/system_state__functions.h
[6.010s] -- Up-to-date symlink: /home/ubuntu/ros2ws/install/abb_robot_msgs/include/abb_robot_msgs/abb_robot_msgs/msg/detail/system_state__struct.h
[6.014s] -- Up-to-date symlink: /home/ubuntu/ros2ws/install/abb_robot_msgs/include/abb_robot_msgs/abb_robot_msgs/msg/detail/system_state__type_support.h
[6.015s] -- Up-to-date symlink: /home/ubuntu/ros2ws/install/abb_robot_msgs/include/abb_robot_msgs/abb_robot_msgs/msg/mechanical_unit_state.h
[6.015s] -- Up-to-date symlink: /home/ubuntu/ros2ws/install/abb_robot_msgs/include/abb_robot_msgs/abb_robot_msgs/msg/rapid_symbol_path.h
[6.016s] -- Up-to-date symlink: /home/ubuntu/ros2ws/install/abb_robot_msgs/include/abb_robot_msgs/abb_robot_msgs/msg/rapid_task_state.h
[6.017s] -- Up-to-date symlink: /home/ubuntu/ros2ws/install/abb_robot_msgs/include/abb_robot_msgs/abb_robot_msgs/msg/rosidl_generator_c__visibility_control.h
[6.027s] -- Up-to-date symlink: /home/ubuntu/ros2ws/install/abb_robot_msgs/include/abb_robot_msgs/abb_robot_msgs/msg/service_responses.h
[6.027s] -- Up-to-date symlink: /home/ubuntu/ros2ws/install/abb_robot_msgs/include/abb_robot_msgs/abb_robot_msgs/msg/system_state.h
[6.039s] -- Up-to-date symlink: /home/ubuntu/ros2ws/install/abb_robot_msgs/include/abb_robot_msgs/abb_robot_msgs/srv/detail/get_file_contents__functions.h
[6.041s] -- Up-to-date symlink: /home/ubuntu/ros2ws/install/abb_robot_msgs/include/abb_robot_msgs/abb_robot_msgs/srv/detail/get_file_contents__struct.h
[6.065s] -- Up-to-date symlink: /home/ubuntu/ros2ws/install/abb_robot_msgs/include/abb_robot_msgs/abb_robot_msgs/srv/detail/get_file_contents__type_support.h
[6.069s] -- Up-to-date symlink: /home/ubuntu/ros2ws/install/abb_robot_msgs/include/abb_robot_msgs/abb_robot_msgs/srv/detail/get_io_signal__functions.h
[6.072s] -- Up-to-date symlink: /home/ubuntu/ros2ws/install/abb_robot_msgs/include/abb_robot_msgs/abb_robot_msgs/srv/detail/get_io_signal__struct.h
[6.080s] -- Up-to-date symlink: /home/ubuntu/ros2ws/install/abb_robot_msgs/include/abb_robot_msgs/abb_robot_msgs/srv/detail/get_io_signal__type_support.h
[6.082s] -- Up-to-date symlink: /home/ubuntu/ros2ws/install/abb_robot_msgs/include/abb_robot_msgs/abb_robot_msgs/srv/detail/get_rapid_bool__functions.h
[6.082s] -- Up-to-date symlink: /home/ubuntu/ros2ws/install/abb_robot_msgs/include/abb_robot_msgs/abb_robot_msgs/srv/detail/get_rapid_bool__struct.h
[6.084s] -- Up-to-date symlink: /home/ubuntu/ros2ws/install/abb_robot_msgs/include/abb_robot_msgs/abb_robot_msgs/srv/detail/get_rapid_bool__type_support.h
[6.085s] -- Up-to-date symlink: /home/ubuntu/ros2ws/install/abb_robot_msgs/include/abb_robot_msgs/abb_robot_msgs/srv/detail/get_rapid_dnum__functions.h
[6.086s] -- Up-to-date symlink: /home/ubuntu/ros2ws/install/abb_robot_msgs/include/abb_robot_msgs/abb_robot_msgs/srv/detail/get_rapid_dnum__struct.h
[6.087s] -- Up-to-date symlink: /home/ubuntu/ros2ws/install/abb_robot_msgs/include/abb_robot_msgs/abb_robot_msgs/srv/detail/get_rapid_dnum__type_support.h
[6.088s] -- Up-to-date symlink: /home/ubuntu/ros2ws/install/abb_robot_msgs/include/abb_robot_msgs/abb_robot_msgs/srv/detail/get_rapid_num__functions.h
[6.088s] -- Up-to-date symlink: /home/ubuntu/ros2ws/install/abb_robot_msgs/include/abb_robot_msgs/abb_robot_msgs/srv/detail/get_rapid_num__struct.h
[6.089s] -- Up-to-date symlink: /home/ubuntu/ros2ws/install/abb_robot_msgs/include/abb_robot_msgs/abb_robot_msgs/srv/detail/get_rapid_num__type_support.h
[6.090s] -- Up-to-date symlink: /home/ubuntu/ros2ws/install/abb_robot_msgs/include/abb_robot_msgs/abb_robot_msgs/srv/detail/get_rapid_string__functions.h
[6.092s] -- Up-to-date symlink: /home/ubuntu/ros2ws/install/abb_robot_msgs/include/abb_robot_msgs/abb_robot_msgs/srv/detail/get_rapid_string__struct.h
[6.103s] -- Up-to-date symlink: /home/ubuntu/ros2ws/install/abb_robot_msgs/include/abb_robot_msgs/abb_robot_msgs/srv/detail/get_rapid_string__type_support.h
[6.106s] -- Up-to-date symlink: /home/ubuntu/ros2ws/install/abb_robot_msgs/include/abb_robot_msgs/abb_robot_msgs/srv/detail/get_rapid_symbol__functions.h
[6.107s] -- Up-to-date symlink: /home/ubuntu/ros2ws/install/abb_robot_msgs/include/abb_robot_msgs/abb_robot_msgs/srv/detail/get_rapid_symbol__struct.h
[6.109s] -- Up-to-date symlink: /home/ubuntu/ros2ws/install/abb_robot_msgs/include/abb_robot_msgs/abb_robot_msgs/srv/detail/get_rapid_symbol__type_support.h
[6.112s] -- Up-to-date symlink: /home/ubuntu/ros2ws/install/abb_robot_msgs/include/abb_robot_msgs/abb_robot_msgs/srv/detail/get_robot_controller_description__functions.h
[6.124s] -- Up-to-date symlink: /home/ubuntu/ros2ws/install/abb_robot_msgs/include/abb_robot_msgs/abb_robot_msgs/srv/detail/get_robot_controller_description__struct.h
[6.126s] -- Up-to-date symlink: /home/ubuntu/ros2ws/install/abb_robot_msgs/include/abb_robot_msgs/abb_robot_msgs/srv/detail/get_robot_controller_description__type_support.h
[6.127s] -- Up-to-date symlink: /home/ubuntu/ros2ws/install/abb_robot_msgs/include/abb_robot_msgs/abb_robot_msgs/srv/detail/get_speed_ratio__functions.h
[6.137s] -- Up-to-date symlink: /home/ubuntu/ros2ws/install/abb_robot_msgs/include/abb_robot_msgs/abb_robot_msgs/srv/detail/get_speed_ratio__struct.h
[6.140s] -- Up-to-date symlink: /home/ubuntu/ros2ws/install/abb_robot_msgs/include/abb_robot_msgs/abb_robot_msgs/srv/detail/get_speed_ratio__type_support.h
[6.144s] -- Up-to-date symlink: /home/ubuntu/ros2ws/install/abb_robot_msgs/include/abb_robot_msgs/abb_robot_msgs/srv/detail/set_file_contents__functions.h
[6.147s] -- Up-to-date symlink: /home/ubuntu/ros2ws/install/abb_robot_msgs/include/abb_robot_msgs/abb_robot_msgs/srv/detail/set_file_contents__struct.h
[6.156s] -- Up-to-date symlink: /home/ubuntu/ros2ws/install/abb_robot_msgs/include/abb_robot_msgs/abb_robot_msgs/srv/detail/set_file_contents__type_support.h
[6.157s] -- Up-to-date symlink: /home/ubuntu/ros2ws/install/abb_robot_msgs/include/abb_robot_msgs/abb_robot_msgs/srv/detail/set_io_signal__functions.h
[6.163s] -- Up-to-date symlink: /home/ubuntu/ros2ws/install/abb_robot_msgs/include/abb_robot_msgs/abb_robot_msgs/srv/detail/set_io_signal__struct.h
[6.163s] -- Up-to-date symlink: /home/ubuntu/ros2ws/install/abb_robot_msgs/include/abb_robot_msgs/abb_robot_msgs/srv/detail/set_io_signal__type_support.h
[6.164s] -- Up-to-date symlink: /home/ubuntu/ros2ws/install/abb_robot_msgs/include/abb_robot_msgs/abb_robot_msgs/srv/detail/set_rapid_bool__functions.h
[6.167s] -- Up-to-date symlink: /home/ubuntu/ros2ws/install/abb_robot_msgs/include/abb_robot_msgs/abb_robot_msgs/srv/detail/set_rapid_bool__struct.h
[6.169s] -- Up-to-date symlink: /home/ubuntu/ros2ws/install/abb_robot_msgs/include/abb_robot_msgs/abb_robot_msgs/srv/detail/set_rapid_bool__type_support.h
[6.170s] -- Up-to-date symlink: /home/ubuntu/ros2ws/install/abb_robot_msgs/include/abb_robot_msgs/abb_robot_msgs/srv/detail/set_rapid_dnum__functions.h
[6.171s] -- Up-to-date symlink: /home/ubuntu/ros2ws/install/abb_robot_msgs/include/abb_robot_msgs/abb_robot_msgs/srv/detail/set_rapid_dnum__struct.h
[6.172s] -- Up-to-date symlink: /home/ubuntu/ros2ws/install/abb_robot_msgs/include/abb_robot_msgs/abb_robot_msgs/srv/detail/set_rapid_dnum__type_support.h
[6.173s] -- Up-to-date symlink: /home/ubuntu/ros2ws/install/abb_robot_msgs/include/abb_robot_msgs/abb_robot_msgs/srv/detail/set_rapid_num__functions.h
[6.175s] -- Up-to-date symlink: /home/ubuntu/ros2ws/install/abb_robot_msgs/include/abb_robot_msgs/abb_robot_msgs/srv/detail/set_rapid_num__struct.h
[6.176s] -- Up-to-date symlink: /home/ubuntu/ros2ws/install/abb_robot_msgs/include/abb_robot_msgs/abb_robot_msgs/srv/detail/set_rapid_num__type_support.h
[6.176s] -- Up-to-date symlink: /home/ubuntu/ros2ws/install/abb_robot_msgs/include/abb_robot_msgs/abb_robot_msgs/srv/detail/set_rapid_string__functions.h
[6.178s] -- Up-to-date symlink: /home/ubuntu/ros2ws/install/abb_robot_msgs/include/abb_robot_msgs/abb_robot_msgs/srv/detail/set_rapid_string__struct.h
[6.179s] -- Up-to-date symlink: /home/ubuntu/ros2ws/install/abb_robot_msgs/include/abb_robot_msgs/abb_robot_msgs/srv/detail/set_rapid_string__type_support.h
[6.186s] -- Up-to-date symlink: /home/ubuntu/ros2ws/install/abb_robot_msgs/include/abb_robot_msgs/abb_robot_msgs/srv/detail/set_rapid_symbol__functions.h
[6.187s] -- Up-to-date symlink: /home/ubuntu/ros2ws/install/abb_robot_msgs/include/abb_robot_msgs/abb_robot_msgs/srv/detail/set_rapid_symbol__struct.h
[6.188s] -- Up-to-date symlink: /home/ubuntu/ros2ws/install/abb_robot_msgs/include/abb_robot_msgs/abb_robot_msgs/srv/detail/set_rapid_symbol__type_support.h
[6.206s] -- Up-to-date symlink: /home/ubuntu/ros2ws/install/abb_robot_msgs/include/abb_robot_msgs/abb_robot_msgs/srv/detail/set_speed_ratio__functions.h
[6.207s] -- Up-to-date symlink: /home/ubuntu/ros2ws/install/abb_robot_msgs/include/abb_robot_msgs/abb_robot_msgs/srv/detail/set_speed_ratio__struct.h
[6.208s] -- Up-to-date symlink: /home/ubuntu/ros2ws/install/abb_robot_msgs/include/abb_robot_msgs/abb_robot_msgs/srv/detail/set_speed_ratio__type_support.h
[6.214s] -- Up-to-date symlink: /home/ubuntu/ros2ws/install/abb_robot_msgs/include/abb_robot_msgs/abb_robot_msgs/srv/detail/trigger_with_result_code__functions.h
[6.214s] -- Up-to-date symlink: /home/ubuntu/ros2ws/install/abb_robot_msgs/include/abb_robot_msgs/abb_robot_msgs/srv/detail/trigger_with_result_code__struct.h
[6.215s] -- Up-to-date symlink: /home/ubuntu/ros2ws/install/abb_robot_msgs/include/abb_robot_msgs/abb_robot_msgs/srv/detail/trigger_with_result_code__type_support.h
[6.216s] -- Up-to-date symlink: /home/ubuntu/ros2ws/install/abb_robot_msgs/include/abb_robot_msgs/abb_robot_msgs/srv/get_file_contents.h
[6.216s] -- Up-to-date symlink: /home/ubuntu/ros2ws/install/abb_robot_msgs/include/abb_robot_msgs/abb_robot_msgs/srv/get_io_signal.h
[6.218s] -- Up-to-date symlink: /home/ubuntu/ros2ws/install/abb_robot_msgs/include/abb_robot_msgs/abb_robot_msgs/srv/get_rapid_bool.h
[6.220s] -- Up-to-date symlink: /home/ubuntu/ros2ws/install/abb_robot_msgs/include/abb_robot_msgs/abb_robot_msgs/srv/get_rapid_dnum.h
[6.220s] -- Up-to-date symlink: /home/ubuntu/ros2ws/install/abb_robot_msgs/include/abb_robot_msgs/abb_robot_msgs/srv/get_rapid_num.h
[6.222s] -- Up-to-date symlink: /home/ubuntu/ros2ws/install/abb_robot_msgs/include/abb_robot_msgs/abb_robot_msgs/srv/get_rapid_string.h
[6.222s] -- Up-to-date symlink: /home/ubuntu/ros2ws/install/abb_robot_msgs/include/abb_robot_msgs/abb_robot_msgs/srv/get_rapid_symbol.h
[6.227s] -- Up-to-date symlink: /home/ubuntu/ros2ws/install/abb_robot_msgs/include/abb_robot_msgs/abb_robot_msgs/srv/get_robot_controller_description.h
[6.227s] -- Up-to-date symlink: /home/ubuntu/ros2ws/install/abb_robot_msgs/include/abb_robot_msgs/abb_robot_msgs/srv/get_speed_ratio.h
[6.229s] -- Up-to-date symlink: /home/ubuntu/ros2ws/install/abb_robot_msgs/include/abb_robot_msgs/abb_robot_msgs/srv/set_file_contents.h
[6.230s] -- Up-to-date symlink: /home/ubuntu/ros2ws/install/abb_robot_msgs/include/abb_robot_msgs/abb_robot_msgs/srv/set_io_signal.h
[6.232s] -- Up-to-date symlink: /home/ubuntu/ros2ws/install/abb_robot_msgs/include/abb_robot_msgs/abb_robot_msgs/srv/set_rapid_bool.h
[6.235s] -- Up-to-date symlink: /home/ubuntu/ros2ws/install/abb_robot_msgs/include/abb_robot_msgs/abb_robot_msgs/srv/set_rapid_dnum.h
[6.236s] -- Up-to-date symlink: /home/ubuntu/ros2ws/install/abb_robot_msgs/include/abb_robot_msgs/abb_robot_msgs/srv/set_rapid_num.h
[6.237s] -- Up-to-date symlink: /home/ubuntu/ros2ws/install/abb_robot_msgs/include/abb_robot_msgs/abb_robot_msgs/srv/set_rapid_string.h
[6.266s] -- Up-to-date symlink: /home/ubuntu/ros2ws/install/abb_robot_msgs/include/abb_robot_msgs/abb_robot_msgs/srv/set_rapid_symbol.h
[6.267s] -- Up-to-date symlink: /home/ubuntu/ros2ws/install/abb_robot_msgs/include/abb_robot_msgs/abb_robot_msgs/srv/set_speed_ratio.h
[6.279s] -- Up-to-date symlink: /home/ubuntu/ros2ws/install/abb_robot_msgs/include/abb_robot_msgs/abb_robot_msgs/srv/trigger_with_result_code.h
[6.282s] -- Up-to-date symlink: /home/ubuntu/ros2ws/install/abb_robot_msgs/share/abb_robot_msgs/environment/library_path.sh
[6.282s] -- Up-to-date symlink: /home/ubuntu/ros2ws/install/abb_robot_msgs/share/abb_robot_msgs/environment/library_path.dsv
[6.283s] -- Up-to-date symlink: /home/ubuntu/ros2ws/install/abb_robot_msgs/include/abb_robot_msgs/abb_robot_msgs/msg/detail/mechanical_unit_state__rosidl_typesupport_fastrtps_c.h
[6.284s] -- Up-to-date symlink: /home/ubuntu/ros2ws/install/abb_robot_msgs/include/abb_robot_msgs/abb_robot_msgs/msg/detail/rapid_symbol_path__rosidl_typesupport_fastrtps_c.h
[6.285s] -- Up-to-date symlink: /home/ubuntu/ros2ws/install/abb_robot_msgs/include/abb_robot_msgs/abb_robot_msgs/msg/detail/rapid_task_state__rosidl_typesupport_fastrtps_c.h
[6.286s] -- Up-to-date symlink: /home/ubuntu/ros2ws/install/abb_robot_msgs/include/abb_robot_msgs/abb_robot_msgs/msg/detail/service_responses__rosidl_typesupport_fastrtps_c.h
[6.290s] -- Up-to-date symlink: /home/ubuntu/ros2ws/install/abb_robot_msgs/include/abb_robot_msgs/abb_robot_msgs/msg/detail/system_state__rosidl_typesupport_fastrtps_c.h
[6.291s] -- Up-to-date symlink: /home/ubuntu/ros2ws/install/abb_robot_msgs/include/abb_robot_msgs/abb_robot_msgs/msg/rosidl_typesupport_fastrtps_c__visibility_control.h
[6.303s] -- Up-to-date symlink: /home/ubuntu/ros2ws/install/abb_robot_msgs/include/abb_robot_msgs/abb_robot_msgs/srv/detail/get_file_contents__rosidl_typesupport_fastrtps_c.h
[6.329s] -- Up-to-date symlink: /home/ubuntu/ros2ws/install/abb_robot_msgs/include/abb_robot_msgs/abb_robot_msgs/srv/detail/get_io_signal__rosidl_typesupport_fastrtps_c.h
[6.340s] -- Up-to-date symlink: /home/ubuntu/ros2ws/install/abb_robot_msgs/include/abb_robot_msgs/abb_robot_msgs/srv/detail/get_rapid_bool__rosidl_typesupport_fastrtps_c.h
[6.346s] -- Up-to-date symlink: /home/ubuntu/ros2ws/install/abb_robot_msgs/include/abb_robot_msgs/abb_robot_msgs/srv/detail/get_rapid_dnum__rosidl_typesupport_fastrtps_c.h
[6.352s] -- Up-to-date symlink: /home/ubuntu/ros2ws/install/abb_robot_msgs/include/abb_robot_msgs/abb_robot_msgs/srv/detail/get_rapid_num__rosidl_typesupport_fastrtps_c.h
[6.357s] -- Up-to-date symlink: /home/ubuntu/ros2ws/install/abb_robot_msgs/include/abb_robot_msgs/abb_robot_msgs/srv/detail/get_rapid_string__rosidl_typesupport_fastrtps_c.h
[6.358s] -- Up-to-date symlink: /home/ubuntu/ros2ws/install/abb_robot_msgs/include/abb_robot_msgs/abb_robot_msgs/srv/detail/get_rapid_symbol__rosidl_typesupport_fastrtps_c.h
[6.360s] -- Up-to-date symlink: /home/ubuntu/ros2ws/install/abb_robot_msgs/include/abb_robot_msgs/abb_robot_msgs/srv/detail/get_robot_controller_description__rosidl_typesupport_fastrtps_c.h
[6.367s] -- Up-to-date symlink: /home/ubuntu/ros2ws/install/abb_robot_msgs/include/abb_robot_msgs/abb_robot_msgs/srv/detail/get_speed_ratio__rosidl_typesupport_fastrtps_c.h
[6.368s] -- Up-to-date symlink: /home/ubuntu/ros2ws/install/abb_robot_msgs/include/abb_robot_msgs/abb_robot_msgs/srv/detail/set_file_contents__rosidl_typesupport_fastrtps_c.h
[6.369s] -- Up-to-date symlink: /home/ubuntu/ros2ws/install/abb_robot_msgs/include/abb_robot_msgs/abb_robot_msgs/srv/detail/set_io_signal__rosidl_typesupport_fastrtps_c.h
[6.370s] -- Up-to-date symlink: /home/ubuntu/ros2ws/install/abb_robot_msgs/include/abb_robot_msgs/abb_robot_msgs/srv/detail/set_rapid_bool__rosidl_typesupport_fastrtps_c.h
[6.371s] -- Up-to-date symlink: /home/ubuntu/ros2ws/install/abb_robot_msgs/include/abb_robot_msgs/abb_robot_msgs/srv/detail/set_rapid_dnum__rosidl_typesupport_fastrtps_c.h
[6.372s] -- Up-to-date symlink: /home/ubuntu/ros2ws/install/abb_robot_msgs/include/abb_robot_msgs/abb_robot_msgs/srv/detail/set_rapid_num__rosidl_typesupport_fastrtps_c.h
[6.373s] -- Up-to-date symlink: /home/ubuntu/ros2ws/install/abb_robot_msgs/include/abb_robot_msgs/abb_robot_msgs/srv/detail/set_rapid_string__rosidl_typesupport_fastrtps_c.h
[6.375s] -- Up-to-date symlink: /home/ubuntu/ros2ws/install/abb_robot_msgs/include/abb_robot_msgs/abb_robot_msgs/srv/detail/set_rapid_symbol__rosidl_typesupport_fastrtps_c.h
[6.386s] -- Up-to-date symlink: /home/ubuntu/ros2ws/install/abb_robot_msgs/include/abb_robot_msgs/abb_robot_msgs/srv/detail/set_speed_ratio__rosidl_typesupport_fastrtps_c.h
[6.388s] -- Up-to-date symlink: /home/ubuntu/ros2ws/install/abb_robot_msgs/include/abb_robot_msgs/abb_robot_msgs/srv/detail/trigger_with_result_code__rosidl_typesupport_fastrtps_c.h
[6.392s] -- Up-to-date symlink: /home/ubuntu/ros2ws/install/abb_robot_msgs/include/abb_robot_msgs/abb_robot_msgs/msg/detail/mechanical_unit_state__rosidl_typesupport_introspection_c.h
[6.395s] -- Up-to-date symlink: /home/ubuntu/ros2ws/install/abb_robot_msgs/include/abb_robot_msgs/abb_robot_msgs/msg/detail/rapid_symbol_path__rosidl_typesupport_introspection_c.h
[6.401s] -- Up-to-date symlink: /home/ubuntu/ros2ws/install/abb_robot_msgs/include/abb_robot_msgs/abb_robot_msgs/msg/detail/rapid_task_state__rosidl_typesupport_introspection_c.h
[6.414s] -- Up-to-date symlink: /home/ubuntu/ros2ws/install/abb_robot_msgs/include/abb_robot_msgs/abb_robot_msgs/msg/detail/service_responses__rosidl_typesupport_introspection_c.h
[6.419s] -- Up-to-date symlink: /home/ubuntu/ros2ws/install/abb_robot_msgs/include/abb_robot_msgs/abb_robot_msgs/msg/detail/system_state__rosidl_typesupport_introspection_c.h
[6.423s] -- Up-to-date symlink: /home/ubuntu/ros2ws/install/abb_robot_msgs/include/abb_robot_msgs/abb_robot_msgs/msg/rosidl_typesupport_introspection_c__visibility_control.h
[6.423s] -- Up-to-date symlink: /home/ubuntu/ros2ws/install/abb_robot_msgs/include/abb_robot_msgs/abb_robot_msgs/srv/detail/get_file_contents__rosidl_typesupport_introspection_c.h
[6.424s] -- Up-to-date symlink: /home/ubuntu/ros2ws/install/abb_robot_msgs/include/abb_robot_msgs/abb_robot_msgs/srv/detail/get_io_signal__rosidl_typesupport_introspection_c.h
[6.425s] -- Up-to-date symlink: /home/ubuntu/ros2ws/install/abb_robot_msgs/include/abb_robot_msgs/abb_robot_msgs/srv/detail/get_rapid_bool__rosidl_typesupport_introspection_c.h
[6.427s] -- Up-to-date symlink: /home/ubuntu/ros2ws/install/abb_robot_msgs/include/abb_robot_msgs/abb_robot_msgs/srv/detail/get_rapid_dnum__rosidl_typesupport_introspection_c.h
[6.434s] -- Up-to-date symlink: /home/ubuntu/ros2ws/install/abb_robot_msgs/include/abb_robot_msgs/abb_robot_msgs/srv/detail/get_rapid_num__rosidl_typesupport_introspection_c.h
[6.441s] -- Up-to-date symlink: /home/ubuntu/ros2ws/install/abb_robot_msgs/include/abb_robot_msgs/abb_robot_msgs/srv/detail/get_rapid_string__rosidl_typesupport_introspection_c.h
[6.446s] -- Up-to-date symlink: /home/ubuntu/ros2ws/install/abb_robot_msgs/include/abb_robot_msgs/abb_robot_msgs/srv/detail/get_rapid_symbol__rosidl_typesupport_introspection_c.h
[6.447s] -- Up-to-date symlink: /home/ubuntu/ros2ws/install/abb_robot_msgs/include/abb_robot_msgs/abb_robot_msgs/srv/detail/get_robot_controller_description__rosidl_typesupport_introspection_c.h
[6.447s] -- Up-to-date symlink: /home/ubuntu/ros2ws/install/abb_robot_msgs/include/abb_robot_msgs/abb_robot_msgs/srv/detail/get_speed_ratio__rosidl_typesupport_introspection_c.h
[6.449s] -- Up-to-date symlink: /home/ubuntu/ros2ws/install/abb_robot_msgs/include/abb_robot_msgs/abb_robot_msgs/srv/detail/set_file_contents__rosidl_typesupport_introspection_c.h
[6.449s] -- Up-to-date symlink: /home/ubuntu/ros2ws/install/abb_robot_msgs/include/abb_robot_msgs/abb_robot_msgs/srv/detail/set_io_signal__rosidl_typesupport_introspection_c.h
[6.450s] -- Up-to-date symlink: /home/ubuntu/ros2ws/install/abb_robot_msgs/include/abb_robot_msgs/abb_robot_msgs/srv/detail/set_rapid_bool__rosidl_typesupport_introspection_c.h
[6.453s] -- Up-to-date symlink: /home/ubuntu/ros2ws/install/abb_robot_msgs/include/abb_robot_msgs/abb_robot_msgs/srv/detail/set_rapid_dnum__rosidl_typesupport_introspection_c.h
[6.455s] -- Up-to-date symlink: /home/ubuntu/ros2ws/install/abb_robot_msgs/include/abb_robot_msgs/abb_robot_msgs/srv/detail/set_rapid_num__rosidl_typesupport_introspection_c.h
[6.457s] -- Up-to-date symlink: /home/ubuntu/ros2ws/install/abb_robot_msgs/include/abb_robot_msgs/abb_robot_msgs/srv/detail/set_rapid_string__rosidl_typesupport_introspection_c.h
[6.457s] -- Up-to-date symlink: /home/ubuntu/ros2ws/install/abb_robot_msgs/include/abb_robot_msgs/abb_robot_msgs/srv/detail/set_rapid_symbol__rosidl_typesupport_introspection_c.h
[6.457s] -- Up-to-date symlink: /home/ubuntu/ros2ws/install/abb_robot_msgs/include/abb_robot_msgs/abb_robot_msgs/srv/detail/set_speed_ratio__rosidl_typesupport_introspection_c.h
[6.457s] -- Up-to-date symlink: /home/ubuntu/ros2ws/install/abb_robot_msgs/include/abb_robot_msgs/abb_robot_msgs/srv/detail/trigger_with_result_code__rosidl_typesupport_introspection_c.h
[6.460s] -- Up-to-date symlink: /home/ubuntu/ros2ws/install/abb_robot_msgs/include/abb_robot_msgs/abb_robot_msgs/msg/detail/mechanical_unit_state__builder.hpp
[6.462s] -- Up-to-date symlink: /home/ubuntu/ros2ws/install/abb_robot_msgs/include/abb_robot_msgs/abb_robot_msgs/msg/detail/mechanical_unit_state__struct.hpp
[6.462s] -- Up-to-date symlink: /home/ubuntu/ros2ws/install/abb_robot_msgs/include/abb_robot_msgs/abb_robot_msgs/msg/detail/mechanical_unit_state__traits.hpp
[6.462s] -- Up-to-date symlink: /home/ubuntu/ros2ws/install/abb_robot_msgs/include/abb_robot_msgs/abb_robot_msgs/msg/detail/rapid_symbol_path__builder.hpp
[6.463s] -- Up-to-date symlink: /home/ubuntu/ros2ws/install/abb_robot_msgs/include/abb_robot_msgs/abb_robot_msgs/msg/detail/rapid_symbol_path__struct.hpp
[6.465s] -- Up-to-date symlink: /home/ubuntu/ros2ws/install/abb_robot_msgs/include/abb_robot_msgs/abb_robot_msgs/msg/detail/rapid_symbol_path__traits.hpp
[6.465s] -- Up-to-date symlink: /home/ubuntu/ros2ws/install/abb_robot_msgs/include/abb_robot_msgs/abb_robot_msgs/msg/detail/rapid_task_state__builder.hpp
[6.465s] -- Up-to-date symlink: /home/ubuntu/ros2ws/install/abb_robot_msgs/include/abb_robot_msgs/abb_robot_msgs/msg/detail/rapid_task_state__struct.hpp
[6.466s] -- Up-to-date symlink: /home/ubuntu/ros2ws/install/abb_robot_msgs/include/abb_robot_msgs/abb_robot_msgs/msg/detail/rapid_task_state__traits.hpp
[6.466s] -- Up-to-date symlink: /home/ubuntu/ros2ws/install/abb_robot_msgs/include/abb_robot_msgs/abb_robot_msgs/msg/detail/service_responses__builder.hpp
[6.467s] -- Up-to-date symlink: /home/ubuntu/ros2ws/install/abb_robot_msgs/include/abb_robot_msgs/abb_robot_msgs/msg/detail/service_responses__struct.hpp
[6.468s] -- Up-to-date symlink: /home/ubuntu/ros2ws/install/abb_robot_msgs/include/abb_robot_msgs/abb_robot_msgs/msg/detail/service_responses__traits.hpp
[6.469s] -- Up-to-date symlink: /home/ubuntu/ros2ws/install/abb_robot_msgs/include/abb_robot_msgs/abb_robot_msgs/msg/detail/system_state__builder.hpp
[6.469s] -- Up-to-date symlink: /home/ubuntu/ros2ws/install/abb_robot_msgs/include/abb_robot_msgs/abb_robot_msgs/msg/detail/system_state__struct.hpp
[6.472s] -- Up-to-date symlink: /home/ubuntu/ros2ws/install/abb_robot_msgs/include/abb_robot_msgs/abb_robot_msgs/msg/detail/system_state__traits.hpp
[6.472s] -- Up-to-date symlink: /home/ubuntu/ros2ws/install/abb_robot_msgs/include/abb_robot_msgs/abb_robot_msgs/msg/mechanical_unit_state.hpp
[6.472s] -- Up-to-date symlink: /home/ubuntu/ros2ws/install/abb_robot_msgs/include/abb_robot_msgs/abb_robot_msgs/msg/rapid_symbol_path.hpp
[6.473s] -- Up-to-date symlink: /home/ubuntu/ros2ws/install/abb_robot_msgs/include/abb_robot_msgs/abb_robot_msgs/msg/rapid_task_state.hpp
[6.473s] -- Up-to-date symlink: /home/ubuntu/ros2ws/install/abb_robot_msgs/include/abb_robot_msgs/abb_robot_msgs/msg/service_responses.hpp
[6.473s] -- Up-to-date symlink: /home/ubuntu/ros2ws/install/abb_robot_msgs/include/abb_robot_msgs/abb_robot_msgs/msg/system_state.hpp
[6.474s] -- Up-to-date symlink: /home/ubuntu/ros2ws/install/abb_robot_msgs/include/abb_robot_msgs/abb_robot_msgs/srv/detail/get_file_contents__builder.hpp
[6.475s] -- Up-to-date symlink: /home/ubuntu/ros2ws/install/abb_robot_msgs/include/abb_robot_msgs/abb_robot_msgs/srv/detail/get_file_contents__struct.hpp
[6.476s] -- Up-to-date symlink: /home/ubuntu/ros2ws/install/abb_robot_msgs/include/abb_robot_msgs/abb_robot_msgs/srv/detail/get_file_contents__traits.hpp
[6.476s] -- Up-to-date symlink: /home/ubuntu/ros2ws/install/abb_robot_msgs/include/abb_robot_msgs/abb_robot_msgs/srv/detail/get_io_signal__builder.hpp
[6.488s] -- Up-to-date symlink: /home/ubuntu/ros2ws/install/abb_robot_msgs/include/abb_robot_msgs/abb_robot_msgs/srv/detail/get_io_signal__struct.hpp
[6.489s] -- Up-to-date symlink: /home/ubuntu/ros2ws/install/abb_robot_msgs/include/abb_robot_msgs/abb_robot_msgs/srv/detail/get_io_signal__traits.hpp
[6.499s] -- Up-to-date symlink: /home/ubuntu/ros2ws/install/abb_robot_msgs/include/abb_robot_msgs/abb_robot_msgs/srv/detail/get_rapid_bool__builder.hpp
[6.527s] -- Up-to-date symlink: /home/ubuntu/ros2ws/install/abb_robot_msgs/include/abb_robot_msgs/abb_robot_msgs/srv/detail/get_rapid_bool__struct.hpp
[6.560s] -- Up-to-date symlink: /home/ubuntu/ros2ws/install/abb_robot_msgs/include/abb_robot_msgs/abb_robot_msgs/srv/detail/get_rapid_bool__traits.hpp
[6.564s] -- Up-to-date symlink: /home/ubuntu/ros2ws/install/abb_robot_msgs/include/abb_robot_msgs/abb_robot_msgs/srv/detail/get_rapid_dnum__builder.hpp
[6.569s] -- Up-to-date symlink: /home/ubuntu/ros2ws/install/abb_robot_msgs/include/abb_robot_msgs/abb_robot_msgs/srv/detail/get_rapid_dnum__struct.hpp
[6.569s] -- Up-to-date symlink: /home/ubuntu/ros2ws/install/abb_robot_msgs/include/abb_robot_msgs/abb_robot_msgs/srv/detail/get_rapid_dnum__traits.hpp
[6.573s] -- Up-to-date symlink: /home/ubuntu/ros2ws/install/abb_robot_msgs/include/abb_robot_msgs/abb_robot_msgs/srv/detail/get_rapid_num__builder.hpp
[6.573s] -- Up-to-date symlink: /home/ubuntu/ros2ws/install/abb_robot_msgs/include/abb_robot_msgs/abb_robot_msgs/srv/detail/get_rapid_num__struct.hpp
[6.574s] -- Up-to-date symlink: /home/ubuntu/ros2ws/install/abb_robot_msgs/include/abb_robot_msgs/abb_robot_msgs/srv/detail/get_rapid_num__traits.hpp
[6.574s] -- Up-to-date symlink: /home/ubuntu/ros2ws/install/abb_robot_msgs/include/abb_robot_msgs/abb_robot_msgs/srv/detail/get_rapid_string__builder.hpp
[6.575s] -- Up-to-date symlink: /home/ubuntu/ros2ws/install/abb_robot_msgs/include/abb_robot_msgs/abb_robot_msgs/srv/detail/get_rapid_string__struct.hpp
[6.576s] -- Up-to-date symlink: /home/ubuntu/ros2ws/install/abb_robot_msgs/include/abb_robot_msgs/abb_robot_msgs/srv/detail/get_rapid_string__traits.hpp
[6.577s] -- Up-to-date symlink: /home/ubuntu/ros2ws/install/abb_robot_msgs/include/abb_robot_msgs/abb_robot_msgs/srv/detail/get_rapid_symbol__builder.hpp
[6.579s] -- Up-to-date symlink: /home/ubuntu/ros2ws/install/abb_robot_msgs/include/abb_robot_msgs/abb_robot_msgs/srv/detail/get_rapid_symbol__struct.hpp
[6.588s] -- Up-to-date symlink: /home/ubuntu/ros2ws/install/abb_robot_msgs/include/abb_robot_msgs/abb_robot_msgs/srv/detail/get_rapid_symbol__traits.hpp
[6.589s] -- Up-to-date symlink: /home/ubuntu/ros2ws/install/abb_robot_msgs/include/abb_robot_msgs/abb_robot_msgs/srv/detail/get_robot_controller_description__builder.hpp
[6.598s] -- Up-to-date symlink: /home/ubuntu/ros2ws/install/abb_robot_msgs/include/abb_robot_msgs/abb_robot_msgs/srv/detail/get_robot_controller_description__struct.hpp
[6.600s] -- Up-to-date symlink: /home/ubuntu/ros2ws/install/abb_robot_msgs/include/abb_robot_msgs/abb_robot_msgs/srv/detail/get_robot_controller_description__traits.hpp
[6.611s] -- Up-to-date symlink: /home/ubuntu/ros2ws/install/abb_robot_msgs/include/abb_robot_msgs/abb_robot_msgs/srv/detail/get_speed_ratio__builder.hpp
[6.614s] -- Up-to-date symlink: /home/ubuntu/ros2ws/install/abb_robot_msgs/include/abb_robot_msgs/abb_robot_msgs/srv/detail/get_speed_ratio__struct.hpp
[6.634s] -- Up-to-date symlink: /home/ubuntu/ros2ws/install/abb_robot_msgs/include/abb_robot_msgs/abb_robot_msgs/srv/detail/get_speed_ratio__traits.hpp
[6.639s] -- Up-to-date symlink: /home/ubuntu/ros2ws/install/abb_robot_msgs/include/abb_robot_msgs/abb_robot_msgs/srv/detail/set_file_contents__builder.hpp
[6.641s] -- Up-to-date symlink: /home/ubuntu/ros2ws/install/abb_robot_msgs/include/abb_robot_msgs/abb_robot_msgs/srv/detail/set_file_contents__struct.hpp
[6.642s] -- Up-to-date symlink: /home/ubuntu/ros2ws/install/abb_robot_msgs/include/abb_robot_msgs/abb_robot_msgs/srv/detail/set_file_contents__traits.hpp
[6.642s] -- Up-to-date symlink: /home/ubuntu/ros2ws/install/abb_robot_msgs/include/abb_robot_msgs/abb_robot_msgs/srv/detail/set_io_signal__builder.hpp
[6.642s] -- Up-to-date symlink: /home/ubuntu/ros2ws/install/abb_robot_msgs/include/abb_robot_msgs/abb_robot_msgs/srv/detail/set_io_signal__struct.hpp
[6.643s] -- Up-to-date symlink: /home/ubuntu/ros2ws/install/abb_robot_msgs/include/abb_robot_msgs/abb_robot_msgs/srv/detail/set_io_signal__traits.hpp
[6.644s] -- Up-to-date symlink: /home/ubuntu/ros2ws/install/abb_robot_msgs/include/abb_robot_msgs/abb_robot_msgs/srv/detail/set_rapid_bool__builder.hpp
[6.644s] -- Up-to-date symlink: /home/ubuntu/ros2ws/install/abb_robot_msgs/include/abb_robot_msgs/abb_robot_msgs/srv/detail/set_rapid_bool__struct.hpp
[6.645s] -- Up-to-date symlink: /home/ubuntu/ros2ws/install/abb_robot_msgs/include/abb_robot_msgs/abb_robot_msgs/srv/detail/set_rapid_bool__traits.hpp
[6.645s] -- Up-to-date symlink: /home/ubuntu/ros2ws/install/abb_robot_msgs/include/abb_robot_msgs/abb_robot_msgs/srv/detail/set_rapid_dnum__builder.hpp
[6.646s] -- Up-to-date symlink: /home/ubuntu/ros2ws/install/abb_robot_msgs/include/abb_robot_msgs/abb_robot_msgs/srv/detail/set_rapid_dnum__struct.hpp
[6.647s] -- Up-to-date symlink: /home/ubuntu/ros2ws/install/abb_robot_msgs/include/abb_robot_msgs/abb_robot_msgs/srv/detail/set_rapid_dnum__traits.hpp
[6.657s] -- Up-to-date symlink: /home/ubuntu/ros2ws/install/abb_robot_msgs/include/abb_robot_msgs/abb_robot_msgs/srv/detail/set_rapid_num__builder.hpp
[6.661s] -- Up-to-date symlink: /home/ubuntu/ros2ws/install/abb_robot_msgs/include/abb_robot_msgs/abb_robot_msgs/srv/detail/set_rapid_num__struct.hpp
[6.661s] -- Up-to-date symlink: /home/ubuntu/ros2ws/install/abb_robot_msgs/include/abb_robot_msgs/abb_robot_msgs/srv/detail/set_rapid_num__traits.hpp
[6.665s] -- Up-to-date symlink: /home/ubuntu/ros2ws/install/abb_robot_msgs/include/abb_robot_msgs/abb_robot_msgs/srv/detail/set_rapid_string__builder.hpp
[6.666s] -- Up-to-date symlink: /home/ubuntu/ros2ws/install/abb_robot_msgs/include/abb_robot_msgs/abb_robot_msgs/srv/detail/set_rapid_string__struct.hpp
[6.666s] -- Up-to-date symlink: /home/ubuntu/ros2ws/install/abb_robot_msgs/include/abb_robot_msgs/abb_robot_msgs/srv/detail/set_rapid_string__traits.hpp
[6.667s] -- Up-to-date symlink: /home/ubuntu/ros2ws/install/abb_robot_msgs/include/abb_robot_msgs/abb_robot_msgs/srv/detail/set_rapid_symbol__builder.hpp
[6.667s] -- Up-to-date symlink: /home/ubuntu/ros2ws/install/abb_robot_msgs/include/abb_robot_msgs/abb_robot_msgs/srv/detail/set_rapid_symbol__struct.hpp
[6.668s] -- Up-to-date symlink: /home/ubuntu/ros2ws/install/abb_robot_msgs/include/abb_robot_msgs/abb_robot_msgs/srv/detail/set_rapid_symbol__traits.hpp
[6.669s] -- Up-to-date symlink: /home/ubuntu/ros2ws/install/abb_robot_msgs/include/abb_robot_msgs/abb_robot_msgs/srv/detail/set_speed_ratio__builder.hpp
[6.671s] -- Up-to-date symlink: /home/ubuntu/ros2ws/install/abb_robot_msgs/include/abb_robot_msgs/abb_robot_msgs/srv/detail/set_speed_ratio__struct.hpp
[6.672s] -- Up-to-date symlink: /home/ubuntu/ros2ws/install/abb_robot_msgs/include/abb_robot_msgs/abb_robot_msgs/srv/detail/set_speed_ratio__traits.hpp
[6.672s] -- Up-to-date symlink: /home/ubuntu/ros2ws/install/abb_robot_msgs/include/abb_robot_msgs/abb_robot_msgs/srv/detail/trigger_with_result_code__builder.hpp
[6.673s] -- Up-to-date symlink: /home/ubuntu/ros2ws/install/abb_robot_msgs/include/abb_robot_msgs/abb_robot_msgs/srv/detail/trigger_with_result_code__struct.hpp
[6.676s] -- Up-to-date symlink: /home/ubuntu/ros2ws/install/abb_robot_msgs/include/abb_robot_msgs/abb_robot_msgs/srv/detail/trigger_with_result_code__traits.hpp
[6.676s] -- Up-to-date symlink: /home/ubuntu/ros2ws/install/abb_robot_msgs/include/abb_robot_msgs/abb_robot_msgs/srv/get_file_contents.hpp
[6.677s] -- Up-to-date symlink: /home/ubuntu/ros2ws/install/abb_robot_msgs/include/abb_robot_msgs/abb_robot_msgs/srv/get_io_signal.hpp
[6.681s] -- Up-to-date symlink: /home/ubuntu/ros2ws/install/abb_robot_msgs/include/abb_robot_msgs/abb_robot_msgs/srv/get_rapid_bool.hpp
[6.682s] -- Up-to-date symlink: /home/ubuntu/ros2ws/install/abb_robot_msgs/include/abb_robot_msgs/abb_robot_msgs/srv/get_rapid_dnum.hpp
[6.692s] -- Up-to-date symlink: /home/ubuntu/ros2ws/install/abb_robot_msgs/include/abb_robot_msgs/abb_robot_msgs/srv/get_rapid_num.hpp
[6.694s] -- Up-to-date symlink: /home/ubuntu/ros2ws/install/abb_robot_msgs/include/abb_robot_msgs/abb_robot_msgs/srv/get_rapid_string.hpp
[6.702s] -- Up-to-date symlink: /home/ubuntu/ros2ws/install/abb_robot_msgs/include/abb_robot_msgs/abb_robot_msgs/srv/get_rapid_symbol.hpp
[6.704s] -- Up-to-date symlink: /home/ubuntu/ros2ws/install/abb_robot_msgs/include/abb_robot_msgs/abb_robot_msgs/srv/get_robot_controller_description.hpp
[6.713s] -- Up-to-date symlink: /home/ubuntu/ros2ws/install/abb_robot_msgs/include/abb_robot_msgs/abb_robot_msgs/srv/get_speed_ratio.hpp
[6.714s] -- Up-to-date symlink: /home/ubuntu/ros2ws/install/abb_robot_msgs/include/abb_robot_msgs/abb_robot_msgs/srv/set_file_contents.hpp
[6.724s] -- Up-to-date symlink: /home/ubuntu/ros2ws/install/abb_robot_msgs/include/abb_robot_msgs/abb_robot_msgs/srv/set_io_signal.hpp
[6.738s] -- Up-to-date symlink: /home/ubuntu/ros2ws/install/abb_robot_msgs/include/abb_robot_msgs/abb_robot_msgs/srv/set_rapid_bool.hpp
[6.761s] -- Up-to-date symlink: /home/ubuntu/ros2ws/install/abb_robot_msgs/include/abb_robot_msgs/abb_robot_msgs/srv/set_rapid_dnum.hpp
[6.763s] -- Up-to-date symlink: /home/ubuntu/ros2ws/install/abb_robot_msgs/include/abb_robot_msgs/abb_robot_msgs/srv/set_rapid_num.hpp
[6.773s] -- Up-to-date symlink: /home/ubuntu/ros2ws/install/abb_robot_msgs/include/abb_robot_msgs/abb_robot_msgs/srv/set_rapid_string.hpp
[6.774s] -- Up-to-date symlink: /home/ubuntu/ros2ws/install/abb_robot_msgs/include/abb_robot_msgs/abb_robot_msgs/srv/set_rapid_symbol.hpp
[6.776s] -- Up-to-date symlink: /home/ubuntu/ros2ws/install/abb_robot_msgs/include/abb_robot_msgs/abb_robot_msgs/srv/set_speed_ratio.hpp
[6.785s] -- Up-to-date symlink: /home/ubuntu/ros2ws/install/abb_robot_msgs/include/abb_robot_msgs/abb_robot_msgs/srv/trigger_with_result_code.hpp
[6.787s] -- Up-to-date symlink: /home/ubuntu/ros2ws/install/abb_robot_msgs/include/abb_robot_msgs/abb_robot_msgs/msg/detail/mechanical_unit_state__rosidl_typesupport_fastrtps_cpp.hpp
[6.789s] -- Up-to-date symlink: /home/ubuntu/ros2ws/install/abb_robot_msgs/include/abb_robot_msgs/abb_robot_msgs/msg/detail/rapid_symbol_path__rosidl_typesupport_fastrtps_cpp.hpp
[6.789s] -- Up-to-date symlink: /home/ubuntu/ros2ws/install/abb_robot_msgs/include/abb_robot_msgs/abb_robot_msgs/msg/detail/rapid_task_state__rosidl_typesupport_fastrtps_cpp.hpp
[6.790s] -- Up-to-date symlink: /home/ubuntu/ros2ws/install/abb_robot_msgs/include/abb_robot_msgs/abb_robot_msgs/msg/detail/service_responses__rosidl_typesupport_fastrtps_cpp.hpp
[6.790s] -- Up-to-date symlink: /home/ubuntu/ros2ws/install/abb_robot_msgs/include/abb_robot_msgs/abb_robot_msgs/msg/detail/system_state__rosidl_typesupport_fastrtps_cpp.hpp
[6.792s] -- Up-to-date symlink: /home/ubuntu/ros2ws/install/abb_robot_msgs/include/abb_robot_msgs/abb_robot_msgs/msg/rosidl_typesupport_fastrtps_cpp__visibility_control.h
[6.793s] -- Up-to-date symlink: /home/ubuntu/ros2ws/install/abb_robot_msgs/include/abb_robot_msgs/abb_robot_msgs/srv/detail/get_file_contents__rosidl_typesupport_fastrtps_cpp.hpp
[6.793s] -- Up-to-date symlink: /home/ubuntu/ros2ws/install/abb_robot_msgs/include/abb_robot_msgs/abb_robot_msgs/srv/detail/get_io_signal__rosidl_typesupport_fastrtps_cpp.hpp
[6.794s] -- Up-to-date symlink: /home/ubuntu/ros2ws/install/abb_robot_msgs/include/abb_robot_msgs/abb_robot_msgs/srv/detail/get_rapid_bool__rosidl_typesupport_fastrtps_cpp.hpp
[6.794s] -- Up-to-date symlink: /home/ubuntu/ros2ws/install/abb_robot_msgs/include/abb_robot_msgs/abb_robot_msgs/srv/detail/get_rapid_dnum__rosidl_typesupport_fastrtps_cpp.hpp
[6.795s] -- Up-to-date symlink: /home/ubuntu/ros2ws/install/abb_robot_msgs/include/abb_robot_msgs/abb_robot_msgs/srv/detail/get_rapid_num__rosidl_typesupport_fastrtps_cpp.hpp
[6.796s] -- Up-to-date symlink: /home/ubuntu/ros2ws/install/abb_robot_msgs/include/abb_robot_msgs/abb_robot_msgs/srv/detail/get_rapid_string__rosidl_typesupport_fastrtps_cpp.hpp
[6.797s] -- Up-to-date symlink: /home/ubuntu/ros2ws/install/abb_robot_msgs/include/abb_robot_msgs/abb_robot_msgs/srv/detail/get_rapid_symbol__rosidl_typesupport_fastrtps_cpp.hpp
[6.797s] -- Up-to-date symlink: /home/ubuntu/ros2ws/install/abb_robot_msgs/include/abb_robot_msgs/abb_robot_msgs/srv/detail/get_robot_controller_description__rosidl_typesupport_fastrtps_cpp.hpp
[6.798s] -- Up-to-date symlink: /home/ubuntu/ros2ws/install/abb_robot_msgs/include/abb_robot_msgs/abb_robot_msgs/srv/detail/get_speed_ratio__rosidl_typesupport_fastrtps_cpp.hpp
[6.799s] -- Up-to-date symlink: /home/ubuntu/ros2ws/install/abb_robot_msgs/include/abb_robot_msgs/abb_robot_msgs/srv/detail/set_file_contents__rosidl_typesupport_fastrtps_cpp.hpp
[6.799s] -- Up-to-date symlink: /home/ubuntu/ros2ws/install/abb_robot_msgs/include/abb_robot_msgs/abb_robot_msgs/srv/detail/set_io_signal__rosidl_typesupport_fastrtps_cpp.hpp
[6.800s] -- Up-to-date symlink: /home/ubuntu/ros2ws/install/abb_robot_msgs/include/abb_robot_msgs/abb_robot_msgs/srv/detail/set_rapid_bool__rosidl_typesupport_fastrtps_cpp.hpp
[6.802s] -- Up-to-date symlink: /home/ubuntu/ros2ws/install/abb_robot_msgs/include/abb_robot_msgs/abb_robot_msgs/srv/detail/set_rapid_dnum__rosidl_typesupport_fastrtps_cpp.hpp
[6.803s] -- Up-to-date symlink: /home/ubuntu/ros2ws/install/abb_robot_msgs/include/abb_robot_msgs/abb_robot_msgs/srv/detail/set_rapid_num__rosidl_typesupport_fastrtps_cpp.hpp
[6.804s] -- Up-to-date symlink: /home/ubuntu/ros2ws/install/abb_robot_msgs/include/abb_robot_msgs/abb_robot_msgs/srv/detail/set_rapid_string__rosidl_typesupport_fastrtps_cpp.hpp
[6.804s] -- Up-to-date symlink: /home/ubuntu/ros2ws/install/abb_robot_msgs/include/abb_robot_msgs/abb_robot_msgs/srv/detail/set_rapid_symbol__rosidl_typesupport_fastrtps_cpp.hpp
[6.805s] -- Up-to-date symlink: /home/ubuntu/ros2ws/install/abb_robot_msgs/include/abb_robot_msgs/abb_robot_msgs/srv/detail/set_speed_ratio__rosidl_typesupport_fastrtps_cpp.hpp
[6.805s] -- Up-to-date symlink: /home/ubuntu/ros2ws/install/abb_robot_msgs/include/abb_robot_msgs/abb_robot_msgs/srv/detail/trigger_with_result_code__rosidl_typesupport_fastrtps_cpp.hpp
[6.817s] -- Up-to-date symlink: /home/ubuntu/ros2ws/install/abb_robot_msgs/include/abb_robot_msgs/abb_robot_msgs/msg/detail/mechanical_unit_state__rosidl_typesupport_introspection_cpp.hpp
[6.817s] -- Up-to-date symlink: /home/ubuntu/ros2ws/install/abb_robot_msgs/include/abb_robot_msgs/abb_robot_msgs/msg/detail/rapid_symbol_path__rosidl_typesupport_introspection_cpp.hpp
[6.817s] -- Up-to-date symlink: /home/ubuntu/ros2ws/install/abb_robot_msgs/include/abb_robot_msgs/abb_robot_msgs/msg/detail/rapid_task_state__rosidl_typesupport_introspection_cpp.hpp
[6.817s] -- Up-to-date symlink: /home/ubuntu/ros2ws/install/abb_robot_msgs/include/abb_robot_msgs/abb_robot_msgs/msg/detail/service_responses__rosidl_typesupport_introspection_cpp.hpp
[6.817s] -- Up-to-date symlink: /home/ubuntu/ros2ws/install/abb_robot_msgs/include/abb_robot_msgs/abb_robot_msgs/msg/detail/system_state__rosidl_typesupport_introspection_cpp.hpp
[6.817s] -- Up-to-date symlink: /home/ubuntu/ros2ws/install/abb_robot_msgs/include/abb_robot_msgs/abb_robot_msgs/srv/detail/get_file_contents__rosidl_typesupport_introspection_cpp.hpp
[6.817s] -- Up-to-date symlink: /home/ubuntu/ros2ws/install/abb_robot_msgs/include/abb_robot_msgs/abb_robot_msgs/srv/detail/get_io_signal__rosidl_typesupport_introspection_cpp.hpp
[6.818s] -- Up-to-date symlink: /home/ubuntu/ros2ws/install/abb_robot_msgs/include/abb_robot_msgs/abb_robot_msgs/srv/detail/get_rapid_bool__rosidl_typesupport_introspection_cpp.hpp
[6.818s] -- Up-to-date symlink: /home/ubuntu/ros2ws/install/abb_robot_msgs/include/abb_robot_msgs/abb_robot_msgs/srv/detail/get_rapid_dnum__rosidl_typesupport_introspection_cpp.hpp
[6.819s] -- Up-to-date symlink: /home/ubuntu/ros2ws/install/abb_robot_msgs/include/abb_robot_msgs/abb_robot_msgs/srv/detail/get_rapid_num__rosidl_typesupport_introspection_cpp.hpp
[6.819s] -- Up-to-date symlink: /home/ubuntu/ros2ws/install/abb_robot_msgs/include/abb_robot_msgs/abb_robot_msgs/srv/detail/get_rapid_string__rosidl_typesupport_introspection_cpp.hpp
[6.820s] -- Up-to-date symlink: /home/ubuntu/ros2ws/install/abb_robot_msgs/include/abb_robot_msgs/abb_robot_msgs/srv/detail/get_rapid_symbol__rosidl_typesupport_introspection_cpp.hpp
[6.822s] -- Up-to-date symlink: /home/ubuntu/ros2ws/install/abb_robot_msgs/include/abb_robot_msgs/abb_robot_msgs/srv/detail/get_robot_controller_description__rosidl_typesupport_introspection_cpp.hpp
[6.822s] -- Up-to-date symlink: /home/ubuntu/ros2ws/install/abb_robot_msgs/include/abb_robot_msgs/abb_robot_msgs/srv/detail/get_speed_ratio__rosidl_typesupport_introspection_cpp.hpp
[6.822s] -- Up-to-date symlink: /home/ubuntu/ros2ws/install/abb_robot_msgs/include/abb_robot_msgs/abb_robot_msgs/srv/detail/set_file_contents__rosidl_typesupport_introspection_cpp.hpp
[6.822s] -- Up-to-date symlink: /home/ubuntu/ros2ws/install/abb_robot_msgs/include/abb_robot_msgs/abb_robot_msgs/srv/detail/set_io_signal__rosidl_typesupport_introspection_cpp.hpp
[6.822s] -- Up-to-date symlink: /home/ubuntu/ros2ws/install/abb_robot_msgs/include/abb_robot_msgs/abb_robot_msgs/srv/detail/set_rapid_bool__rosidl_typesupport_introspection_cpp.hpp
[6.823s] -- Up-to-date symlink: /home/ubuntu/ros2ws/install/abb_robot_msgs/include/abb_robot_msgs/abb_robot_msgs/srv/detail/set_rapid_dnum__rosidl_typesupport_introspection_cpp.hpp
[6.824s] -- Up-to-date symlink: /home/ubuntu/ros2ws/install/abb_robot_msgs/include/abb_robot_msgs/abb_robot_msgs/srv/detail/set_rapid_num__rosidl_typesupport_introspection_cpp.hpp
[6.825s] -- Up-to-date symlink: /home/ubuntu/ros2ws/install/abb_robot_msgs/include/abb_robot_msgs/abb_robot_msgs/srv/detail/set_rapid_string__rosidl_typesupport_introspection_cpp.hpp
[6.825s] -- Up-to-date symlink: /home/ubuntu/ros2ws/install/abb_robot_msgs/include/abb_robot_msgs/abb_robot_msgs/srv/detail/set_rapid_symbol__rosidl_typesupport_introspection_cpp.hpp
[6.825s] -- Up-to-date symlink: /home/ubuntu/ros2ws/install/abb_robot_msgs/include/abb_robot_msgs/abb_robot_msgs/srv/detail/set_speed_ratio__rosidl_typesupport_introspection_cpp.hpp
[6.825s] -- Up-to-date symlink: /home/ubuntu/ros2ws/install/abb_robot_msgs/include/abb_robot_msgs/abb_robot_msgs/srv/detail/trigger_with_result_code__rosidl_typesupport_introspection_cpp.hpp
[6.827s] -- Up-to-date symlink: /home/ubuntu/ros2ws/install/abb_robot_msgs/share/abb_robot_msgs/environment/pythonpath.sh
[6.827s] -- Up-to-date symlink: /home/ubuntu/ros2ws/install/abb_robot_msgs/share/abb_robot_msgs/environment/pythonpath.dsv
[6.827s] -- Up-to-date symlink: /home/ubuntu/ros2ws/install/abb_robot_msgs/local/lib/python3.10/dist-packages/abb_robot_msgs-1.0.0-py3.10.egg-info/PKG-INFO
[6.827s] -- Up-to-date symlink: /home/ubuntu/ros2ws/install/abb_robot_msgs/local/lib/python3.10/dist-packages/abb_robot_msgs-1.0.0-py3.10.egg-info/SOURCES.txt
[6.827s] -- Up-to-date symlink: /home/ubuntu/ros2ws/install/abb_robot_msgs/local/lib/python3.10/dist-packages/abb_robot_msgs-1.0.0-py3.10.egg-info/dependency_links.txt
[6.828s] -- Up-to-date symlink: /home/ubuntu/ros2ws/install/abb_robot_msgs/local/lib/python3.10/dist-packages/abb_robot_msgs-1.0.0-py3.10.egg-info/top_level.txt
[6.830s] -- Up-to-date symlink: /home/ubuntu/ros2ws/install/abb_robot_msgs/local/lib/python3.10/dist-packages/abb_robot_msgs/__init__.py
[6.831s] -- Up-to-date symlink: /home/ubuntu/ros2ws/install/abb_robot_msgs/local/lib/python3.10/dist-packages/abb_robot_msgs/_abb_robot_msgs_s.ep.rosidl_typesupport_c.c
[6.831s] -- Up-to-date symlink: /home/ubuntu/ros2ws/install/abb_robot_msgs/local/lib/python3.10/dist-packages/abb_robot_msgs/_abb_robot_msgs_s.ep.rosidl_typesupport_fastrtps_c.c
[6.832s] -- Up-to-date symlink: /home/ubuntu/ros2ws/install/abb_robot_msgs/local/lib/python3.10/dist-packages/abb_robot_msgs/_abb_robot_msgs_s.ep.rosidl_typesupport_introspection_c.c
[6.833s] -- Up-to-date symlink: /home/ubuntu/ros2ws/install/abb_robot_msgs/local/lib/python3.10/dist-packages/abb_robot_msgs/abb_robot_msgs_s__rosidl_typesupport_c.cpython-310-x86_64-linux-gnu.so
[6.833s] -- Up-to-date symlink: /home/ubuntu/ros2ws/install/abb_robot_msgs/local/lib/python3.10/dist-packages/abb_robot_msgs/abb_robot_msgs_s__rosidl_typesupport_fastrtps_c.cpython-310-x86_64-linux-gnu.so
[6.833s] -- Up-to-date symlink: /home/ubuntu/ros2ws/install/abb_robot_msgs/local/lib/python3.10/dist-packages/abb_robot_msgs/abb_robot_msgs_s__rosidl_typesupport_introspection_c.cpython-310-x86_64-linux-gnu.so
[6.834s] -- Up-to-date symlink: /home/ubuntu/ros2ws/install/abb_robot_msgs/local/lib/python3.10/dist-packages/abb_robot_msgs/libabb_robot_msgs__rosidl_generator_py.so
[6.834s] -- Up-to-date symlink: /home/ubuntu/ros2ws/install/abb_robot_msgs/local/lib/python3.10/dist-packages/abb_robot_msgs/msg/__init__.py
[6.837s] -- Up-to-date symlink: /home/ubuntu/ros2ws/install/abb_robot_msgs/local/lib/python3.10/dist-packages/abb_robot_msgs/msg/_mechanical_unit_state.py
[6.838s] -- Up-to-date symlink: /home/ubuntu/ros2ws/install/abb_robot_msgs/local/lib/python3.10/dist-packages/abb_robot_msgs/msg/_mechanical_unit_state_s.c
[6.838s] -- Up-to-date symlink: /home/ubuntu/ros2ws/install/abb_robot_msgs/local/lib/python3.10/dist-packages/abb_robot_msgs/msg/_rapid_symbol_path.py
[6.840s] -- Up-to-date symlink: /home/ubuntu/ros2ws/install/abb_robot_msgs/local/lib/python3.10/dist-packages/abb_robot_msgs/msg/_rapid_symbol_path_s.c
[6.840s] -- Up-to-date symlink: /home/ubuntu/ros2ws/install/abb_robot_msgs/local/lib/python3.10/dist-packages/abb_robot_msgs/msg/_rapid_task_state.py
[6.842s] -- Up-to-date symlink: /home/ubuntu/ros2ws/install/abb_robot_msgs/local/lib/python3.10/dist-packages/abb_robot_msgs/msg/_rapid_task_state_s.c
[6.846s] -- Up-to-date symlink: /home/ubuntu/ros2ws/install/abb_robot_msgs/local/lib/python3.10/dist-packages/abb_robot_msgs/msg/_service_responses.py
[6.848s] -- Up-to-date symlink: /home/ubuntu/ros2ws/install/abb_robot_msgs/local/lib/python3.10/dist-packages/abb_robot_msgs/msg/_service_responses_s.c
[6.848s] -- Up-to-date symlink: /home/ubuntu/ros2ws/install/abb_robot_msgs/local/lib/python3.10/dist-packages/abb_robot_msgs/msg/_system_state.py
[6.849s] -- Up-to-date symlink: /home/ubuntu/ros2ws/install/abb_robot_msgs/local/lib/python3.10/dist-packages/abb_robot_msgs/msg/_system_state_s.c
[6.850s] -- Up-to-date symlink: /home/ubuntu/ros2ws/install/abb_robot_msgs/local/lib/python3.10/dist-packages/abb_robot_msgs/srv/__init__.py
[6.851s] -- Up-to-date symlink: /home/ubuntu/ros2ws/install/abb_robot_msgs/local/lib/python3.10/dist-packages/abb_robot_msgs/srv/_get_file_contents.py
[6.851s] -- Up-to-date symlink: /home/ubuntu/ros2ws/install/abb_robot_msgs/local/lib/python3.10/dist-packages/abb_robot_msgs/srv/_get_file_contents_s.c
[6.852s] -- Up-to-date symlink: /home/ubuntu/ros2ws/install/abb_robot_msgs/local/lib/python3.10/dist-packages/abb_robot_msgs/srv/_get_io_signal.py
[6.853s] -- Up-to-date symlink: /home/ubuntu/ros2ws/install/abb_robot_msgs/local/lib/python3.10/dist-packages/abb_robot_msgs/srv/_get_io_signal_s.c
[6.854s] -- Up-to-date symlink: /home/ubuntu/ros2ws/install/abb_robot_msgs/local/lib/python3.10/dist-packages/abb_robot_msgs/srv/_get_rapid_bool.py
[6.855s] -- Up-to-date symlink: /home/ubuntu/ros2ws/install/abb_robot_msgs/local/lib/python3.10/dist-packages/abb_robot_msgs/srv/_get_rapid_bool_s.c
[6.855s] -- Up-to-date symlink: /home/ubuntu/ros2ws/install/abb_robot_msgs/local/lib/python3.10/dist-packages/abb_robot_msgs/srv/_get_rapid_dnum.py
[6.856s] -- Up-to-date symlink: /home/ubuntu/ros2ws/install/abb_robot_msgs/local/lib/python3.10/dist-packages/abb_robot_msgs/srv/_get_rapid_dnum_s.c
[6.857s] -- Up-to-date symlink: /home/ubuntu/ros2ws/install/abb_robot_msgs/local/lib/python3.10/dist-packages/abb_robot_msgs/srv/_get_rapid_num.py
[6.857s] -- Up-to-date symlink: /home/ubuntu/ros2ws/install/abb_robot_msgs/local/lib/python3.10/dist-packages/abb_robot_msgs/srv/_get_rapid_num_s.c
[6.859s] -- Up-to-date symlink: /home/ubuntu/ros2ws/install/abb_robot_msgs/local/lib/python3.10/dist-packages/abb_robot_msgs/srv/_get_rapid_string.py
[6.859s] -- Up-to-date symlink: /home/ubuntu/ros2ws/install/abb_robot_msgs/local/lib/python3.10/dist-packages/abb_robot_msgs/srv/_get_rapid_string_s.c
[6.859s] -- Up-to-date symlink: /home/ubuntu/ros2ws/install/abb_robot_msgs/local/lib/python3.10/dist-packages/abb_robot_msgs/srv/_get_rapid_symbol.py
[6.859s] -- Up-to-date symlink: /home/ubuntu/ros2ws/install/abb_robot_msgs/local/lib/python3.10/dist-packages/abb_robot_msgs/srv/_get_rapid_symbol_s.c
[6.860s] -- Up-to-date symlink: /home/ubuntu/ros2ws/install/abb_robot_msgs/local/lib/python3.10/dist-packages/abb_robot_msgs/srv/_get_robot_controller_description.py
[6.861s] -- Up-to-date symlink: /home/ubuntu/ros2ws/install/abb_robot_msgs/local/lib/python3.10/dist-packages/abb_robot_msgs/srv/_get_robot_controller_description_s.c
[6.861s] -- Up-to-date symlink: /home/ubuntu/ros2ws/install/abb_robot_msgs/local/lib/python3.10/dist-packages/abb_robot_msgs/srv/_get_speed_ratio.py
[6.862s] -- Up-to-date symlink: /home/ubuntu/ros2ws/install/abb_robot_msgs/local/lib/python3.10/dist-packages/abb_robot_msgs/srv/_get_speed_ratio_s.c
[6.862s] -- Up-to-date symlink: /home/ubuntu/ros2ws/install/abb_robot_msgs/local/lib/python3.10/dist-packages/abb_robot_msgs/srv/_set_file_contents.py
[6.863s] -- Up-to-date symlink: /home/ubuntu/ros2ws/install/abb_robot_msgs/local/lib/python3.10/dist-packages/abb_robot_msgs/srv/_set_file_contents_s.c
[6.863s] -- Up-to-date symlink: /home/ubuntu/ros2ws/install/abb_robot_msgs/local/lib/python3.10/dist-packages/abb_robot_msgs/srv/_set_io_signal.py
[6.863s] -- Up-to-date symlink: /home/ubuntu/ros2ws/install/abb_robot_msgs/local/lib/python3.10/dist-packages/abb_robot_msgs/srv/_set_io_signal_s.c
[6.864s] -- Up-to-date symlink: /home/ubuntu/ros2ws/install/abb_robot_msgs/local/lib/python3.10/dist-packages/abb_robot_msgs/srv/_set_rapid_bool.py
[6.864s] -- Up-to-date symlink: /home/ubuntu/ros2ws/install/abb_robot_msgs/local/lib/python3.10/dist-packages/abb_robot_msgs/srv/_set_rapid_bool_s.c
[6.865s] -- Up-to-date symlink: /home/ubuntu/ros2ws/install/abb_robot_msgs/local/lib/python3.10/dist-packages/abb_robot_msgs/srv/_set_rapid_dnum.py
[6.866s] -- Up-to-date symlink: /home/ubuntu/ros2ws/install/abb_robot_msgs/local/lib/python3.10/dist-packages/abb_robot_msgs/srv/_set_rapid_dnum_s.c
[6.867s] -- Up-to-date symlink: /home/ubuntu/ros2ws/install/abb_robot_msgs/local/lib/python3.10/dist-packages/abb_robot_msgs/srv/_set_rapid_num.py
[6.867s] -- Up-to-date symlink: /home/ubuntu/ros2ws/install/abb_robot_msgs/local/lib/python3.10/dist-packages/abb_robot_msgs/srv/_set_rapid_num_s.c
[6.868s] -- Up-to-date symlink: /home/ubuntu/ros2ws/install/abb_robot_msgs/local/lib/python3.10/dist-packages/abb_robot_msgs/srv/_set_rapid_string.py
[6.874s] -- Up-to-date symlink: /home/ubuntu/ros2ws/install/abb_robot_msgs/local/lib/python3.10/dist-packages/abb_robot_msgs/srv/_set_rapid_string_s.c
[6.883s] -- Up-to-date symlink: /home/ubuntu/ros2ws/install/abb_robot_msgs/local/lib/python3.10/dist-packages/abb_robot_msgs/srv/_set_rapid_symbol.py
[6.884s] -- Up-to-date symlink: /home/ubuntu/ros2ws/install/abb_robot_msgs/local/lib/python3.10/dist-packages/abb_robot_msgs/srv/_set_rapid_symbol_s.c
[6.886s] -- Up-to-date symlink: /home/ubuntu/ros2ws/install/abb_robot_msgs/local/lib/python3.10/dist-packages/abb_robot_msgs/srv/_set_speed_ratio.py
[6.886s] -- Up-to-date symlink: /home/ubuntu/ros2ws/install/abb_robot_msgs/local/lib/python3.10/dist-packages/abb_robot_msgs/srv/_set_speed_ratio_s.c
[6.887s] -- Up-to-date symlink: /home/ubuntu/ros2ws/install/abb_robot_msgs/local/lib/python3.10/dist-packages/abb_robot_msgs/srv/_trigger_with_result_code.py
[6.887s] -- Up-to-date symlink: /home/ubuntu/ros2ws/install/abb_robot_msgs/local/lib/python3.10/dist-packages/abb_robot_msgs/srv/_trigger_with_result_code_s.c
[6.891s] -- Up-to-date symlink: /home/ubuntu/ros2ws/install/abb_robot_msgs/local/lib/python3.10/dist-packages/abb_robot_msgs/abb_robot_msgs_s__rosidl_typesupport_fastrtps_c.cpython-310-x86_64-linux-gnu.so
[6.891s] -- Up-to-date symlink: /home/ubuntu/ros2ws/install/abb_robot_msgs/local/lib/python3.10/dist-packages/abb_robot_msgs/abb_robot_msgs_s__rosidl_typesupport_introspection_c.cpython-310-x86_64-linux-gnu.so
[6.891s] -- Up-to-date symlink: /home/ubuntu/ros2ws/install/abb_robot_msgs/local/lib/python3.10/dist-packages/abb_robot_msgs/abb_robot_msgs_s__rosidl_typesupport_c.cpython-310-x86_64-linux-gnu.so
[6.892s] -- Up-to-date symlink: /home/ubuntu/ros2ws/install/abb_robot_msgs/share/abb_robot_msgs/msg/MechanicalUnitState.idl
[6.893s] -- Up-to-date symlink: /home/ubuntu/ros2ws/install/abb_robot_msgs/share/abb_robot_msgs/msg/RAPIDSymbolPath.idl
[6.894s] -- Up-to-date symlink: /home/ubuntu/ros2ws/install/abb_robot_msgs/share/abb_robot_msgs/msg/RAPIDTaskState.idl
[6.894s] -- Up-to-date symlink: /home/ubuntu/ros2ws/install/abb_robot_msgs/share/abb_robot_msgs/msg/ServiceResponses.idl
[6.895s] -- Up-to-date symlink: /home/ubuntu/ros2ws/install/abb_robot_msgs/share/abb_robot_msgs/msg/SystemState.idl
[6.896s] -- Up-to-date symlink: /home/ubuntu/ros2ws/install/abb_robot_msgs/share/abb_robot_msgs/srv/GetFileContents.idl
[6.896s] -- Up-to-date symlink: /home/ubuntu/ros2ws/install/abb_robot_msgs/share/abb_robot_msgs/srv/GetIOSignal.idl
[6.898s] -- Up-to-date symlink: /home/ubuntu/ros2ws/install/abb_robot_msgs/share/abb_robot_msgs/srv/GetRAPIDBool.idl
[6.899s] -- Up-to-date symlink: /home/ubuntu/ros2ws/install/abb_robot_msgs/share/abb_robot_msgs/srv/GetRAPIDDnum.idl
[6.904s] -- Up-to-date symlink: /home/ubuntu/ros2ws/install/abb_robot_msgs/share/abb_robot_msgs/srv/GetRAPIDNum.idl
[6.905s] -- Up-to-date symlink: /home/ubuntu/ros2ws/install/abb_robot_msgs/share/abb_robot_msgs/srv/GetRAPIDString.idl
[6.905s] -- Up-to-date symlink: /home/ubuntu/ros2ws/install/abb_robot_msgs/share/abb_robot_msgs/srv/GetRAPIDSymbol.idl
[6.906s] -- Up-to-date symlink: /home/ubuntu/ros2ws/install/abb_robot_msgs/share/abb_robot_msgs/srv/GetRobotControllerDescription.idl
[6.906s] -- Up-to-date symlink: /home/ubuntu/ros2ws/install/abb_robot_msgs/share/abb_robot_msgs/srv/GetSpeedRatio.idl
[6.907s] -- Up-to-date symlink: /home/ubuntu/ros2ws/install/abb_robot_msgs/share/abb_robot_msgs/srv/SetFileContents.idl
[6.908s] -- Up-to-date symlink: /home/ubuntu/ros2ws/install/abb_robot_msgs/share/abb_robot_msgs/srv/SetIOSignal.idl
[6.908s] -- Up-to-date symlink: /home/ubuntu/ros2ws/install/abb_robot_msgs/share/abb_robot_msgs/srv/SetRAPIDBool.idl
[6.909s] -- Up-to-date symlink: /home/ubuntu/ros2ws/install/abb_robot_msgs/share/abb_robot_msgs/srv/SetRAPIDDnum.idl
[6.910s] -- Up-to-date symlink: /home/ubuntu/ros2ws/install/abb_robot_msgs/share/abb_robot_msgs/srv/SetRAPIDNum.idl
[6.910s] -- Up-to-date symlink: /home/ubuntu/ros2ws/install/abb_robot_msgs/share/abb_robot_msgs/srv/SetRAPIDString.idl
[6.911s] -- Up-to-date symlink: /home/ubuntu/ros2ws/install/abb_robot_msgs/share/abb_robot_msgs/srv/SetRAPIDSymbol.idl
[6.913s] -- Up-to-date symlink: /home/ubuntu/ros2ws/install/abb_robot_msgs/share/abb_robot_msgs/srv/SetSpeedRatio.idl
[6.913s] -- Up-to-date symlink: /home/ubuntu/ros2ws/install/abb_robot_msgs/share/abb_robot_msgs/srv/TriggerWithResultCode.idl
[6.915s] -- Up-to-date symlink: /home/ubuntu/ros2ws/install/abb_robot_msgs/share/abb_robot_msgs/msg/MechanicalUnitState.msg
[6.916s] -- Up-to-date symlink: /home/ubuntu/ros2ws/install/abb_robot_msgs/share/abb_robot_msgs/msg/RAPIDSymbolPath.msg
[6.916s] -- Up-to-date symlink: /home/ubuntu/ros2ws/install/abb_robot_msgs/share/abb_robot_msgs/msg/RAPIDTaskState.msg
[6.916s] -- Up-to-date symlink: /home/ubuntu/ros2ws/install/abb_robot_msgs/share/abb_robot_msgs/msg/ServiceResponses.msg
[6.917s] -- Up-to-date symlink: /home/ubuntu/ros2ws/install/abb_robot_msgs/share/abb_robot_msgs/msg/SystemState.msg
[6.919s] -- Up-to-date symlink: /home/ubuntu/ros2ws/install/abb_robot_msgs/share/abb_robot_msgs/srv/GetFileContents.srv
[6.920s] -- Up-to-date symlink: /home/ubuntu/ros2ws/install/abb_robot_msgs/share/abb_robot_msgs/srv/GetFileContents_Request.msg
[6.921s] -- Up-to-date symlink: /home/ubuntu/ros2ws/install/abb_robot_msgs/share/abb_robot_msgs/srv/GetFileContents_Response.msg
[6.925s] -- Up-to-date symlink: /home/ubuntu/ros2ws/install/abb_robot_msgs/share/abb_robot_msgs/srv/GetIOSignal.srv
[6.933s] -- Up-to-date symlink: /home/ubuntu/ros2ws/install/abb_robot_msgs/share/abb_robot_msgs/srv/GetIOSignal_Request.msg
[6.934s] -- Up-to-date symlink: /home/ubuntu/ros2ws/install/abb_robot_msgs/share/abb_robot_msgs/srv/GetIOSignal_Response.msg
[6.935s] -- Up-to-date symlink: /home/ubuntu/ros2ws/install/abb_robot_msgs/share/abb_robot_msgs/srv/GetRAPIDBool.srv
[6.936s] -- Up-to-date symlink: /home/ubuntu/ros2ws/install/abb_robot_msgs/share/abb_robot_msgs/srv/GetRAPIDBool_Request.msg
[6.936s] -- Up-to-date symlink: /home/ubuntu/ros2ws/install/abb_robot_msgs/share/abb_robot_msgs/srv/GetRAPIDBool_Response.msg
[6.938s] -- Up-to-date symlink: /home/ubuntu/ros2ws/install/abb_robot_msgs/share/abb_robot_msgs/srv/GetRAPIDDnum.srv
[6.939s] -- Up-to-date symlink: /home/ubuntu/ros2ws/install/abb_robot_msgs/share/abb_robot_msgs/srv/GetRAPIDDnum_Request.msg
[6.940s] -- Up-to-date symlink: /home/ubuntu/ros2ws/install/abb_robot_msgs/share/abb_robot_msgs/srv/GetRAPIDDnum_Response.msg
[6.940s] -- Up-to-date symlink: /home/ubuntu/ros2ws/install/abb_robot_msgs/share/abb_robot_msgs/srv/GetRAPIDNum.srv
[6.941s] -- Up-to-date symlink: /home/ubuntu/ros2ws/install/abb_robot_msgs/share/abb_robot_msgs/srv/GetRAPIDNum_Request.msg
[6.941s] -- Up-to-date symlink: /home/ubuntu/ros2ws/install/abb_robot_msgs/share/abb_robot_msgs/srv/GetRAPIDNum_Response.msg
[6.942s] -- Up-to-date symlink: /home/ubuntu/ros2ws/install/abb_robot_msgs/share/abb_robot_msgs/srv/GetRAPIDString.srv
[6.942s] -- Up-to-date symlink: /home/ubuntu/ros2ws/install/abb_robot_msgs/share/abb_robot_msgs/srv/GetRAPIDString_Request.msg
[6.943s] -- Up-to-date symlink: /home/ubuntu/ros2ws/install/abb_robot_msgs/share/abb_robot_msgs/srv/GetRAPIDString_Response.msg
[6.944s] -- Up-to-date symlink: /home/ubuntu/ros2ws/install/abb_robot_msgs/share/abb_robot_msgs/srv/GetRAPIDSymbol.srv
[6.945s] -- Up-to-date symlink: /home/ubuntu/ros2ws/install/abb_robot_msgs/share/abb_robot_msgs/srv/GetRAPIDSymbol_Request.msg
[6.952s] -- Up-to-date symlink: /home/ubuntu/ros2ws/install/abb_robot_msgs/share/abb_robot_msgs/srv/GetRAPIDSymbol_Response.msg
[6.956s] -- Up-to-date symlink: /home/ubuntu/ros2ws/install/abb_robot_msgs/share/abb_robot_msgs/srv/GetRobotControllerDescription.srv
[6.966s] -- Up-to-date symlink: /home/ubuntu/ros2ws/install/abb_robot_msgs/share/abb_robot_msgs/srv/GetRobotControllerDescription_Request.msg
[6.970s] -- Up-to-date symlink: /home/ubuntu/ros2ws/install/abb_robot_msgs/share/abb_robot_msgs/srv/GetRobotControllerDescription_Response.msg
[6.973s] -- Up-to-date symlink: /home/ubuntu/ros2ws/install/abb_robot_msgs/share/abb_robot_msgs/srv/GetSpeedRatio.srv
[6.982s] -- Up-to-date symlink: /home/ubuntu/ros2ws/install/abb_robot_msgs/share/abb_robot_msgs/srv/GetSpeedRatio_Request.msg
[6.985s] -- Up-to-date symlink: /home/ubuntu/ros2ws/install/abb_robot_msgs/share/abb_robot_msgs/srv/GetSpeedRatio_Response.msg
[6.990s] -- Up-to-date symlink: /home/ubuntu/ros2ws/install/abb_robot_msgs/share/abb_robot_msgs/srv/SetFileContents.srv
[6.993s] -- Up-to-date symlink: /home/ubuntu/ros2ws/install/abb_robot_msgs/share/abb_robot_msgs/srv/SetFileContents_Request.msg
[6.993s] -- Up-to-date symlink: /home/ubuntu/ros2ws/install/abb_robot_msgs/share/abb_robot_msgs/srv/SetFileContents_Response.msg
[6.994s] -- Up-to-date symlink: /home/ubuntu/ros2ws/install/abb_robot_msgs/share/abb_robot_msgs/srv/SetIOSignal.srv
[6.995s] -- Up-to-date symlink: /home/ubuntu/ros2ws/install/abb_robot_msgs/share/abb_robot_msgs/srv/SetIOSignal_Request.msg
[6.996s] -- Up-to-date symlink: /home/ubuntu/ros2ws/install/abb_robot_msgs/share/abb_robot_msgs/srv/SetIOSignal_Response.msg
[6.996s] -- Up-to-date symlink: /home/ubuntu/ros2ws/install/abb_robot_msgs/share/abb_robot_msgs/srv/SetRAPIDBool.srv
[6.998s] -- Up-to-date symlink: /home/ubuntu/ros2ws/install/abb_robot_msgs/share/abb_robot_msgs/srv/SetRAPIDBool_Request.msg
[6.998s] -- Up-to-date symlink: /home/ubuntu/ros2ws/install/abb_robot_msgs/share/abb_robot_msgs/srv/SetRAPIDBool_Response.msg
[7.001s] -- Up-to-date symlink: /home/ubuntu/ros2ws/install/abb_robot_msgs/share/abb_robot_msgs/srv/SetRAPIDDnum.srv
[7.001s] -- Up-to-date symlink: /home/ubuntu/ros2ws/install/abb_robot_msgs/share/abb_robot_msgs/srv/SetRAPIDDnum_Request.msg
[7.001s] -- Up-to-date symlink: /home/ubuntu/ros2ws/install/abb_robot_msgs/share/abb_robot_msgs/srv/SetRAPIDDnum_Response.msg
[7.001s] -- Up-to-date symlink: /home/ubuntu/ros2ws/install/abb_robot_msgs/share/abb_robot_msgs/srv/SetRAPIDNum.srv
[7.002s] -- Up-to-date symlink: /home/ubuntu/ros2ws/install/abb_robot_msgs/share/abb_robot_msgs/srv/SetRAPIDNum_Request.msg
[7.002s] -- Up-to-date symlink: /home/ubuntu/ros2ws/install/abb_robot_msgs/share/abb_robot_msgs/srv/SetRAPIDNum_Response.msg
[7.003s] -- Up-to-date symlink: /home/ubuntu/ros2ws/install/abb_robot_msgs/share/abb_robot_msgs/srv/SetRAPIDString.srv
[7.004s] -- Up-to-date symlink: /home/ubuntu/ros2ws/install/abb_robot_msgs/share/abb_robot_msgs/srv/SetRAPIDString_Request.msg
[7.005s] -- Up-to-date symlink: /home/ubuntu/ros2ws/install/abb_robot_msgs/share/abb_robot_msgs/srv/SetRAPIDString_Response.msg
[7.005s] -- Up-to-date symlink: /home/ubuntu/ros2ws/install/abb_robot_msgs/share/abb_robot_msgs/srv/SetRAPIDSymbol.srv
[7.005s] -- Up-to-date symlink: /home/ubuntu/ros2ws/install/abb_robot_msgs/share/abb_robot_msgs/srv/SetRAPIDSymbol_Request.msg
[7.007s] -- Up-to-date symlink: /home/ubuntu/ros2ws/install/abb_robot_msgs/share/abb_robot_msgs/srv/SetRAPIDSymbol_Response.msg
[7.008s] -- Up-to-date symlink: /home/ubuntu/ros2ws/install/abb_robot_msgs/share/abb_robot_msgs/srv/SetSpeedRatio.srv
[7.008s] -- Up-to-date symlink: /home/ubuntu/ros2ws/install/abb_robot_msgs/share/abb_robot_msgs/srv/SetSpeedRatio_Request.msg
[7.008s] -- Up-to-date symlink: /home/ubuntu/ros2ws/install/abb_robot_msgs/share/abb_robot_msgs/srv/SetSpeedRatio_Response.msg
[7.008s] -- Up-to-date symlink: /home/ubuntu/ros2ws/install/abb_robot_msgs/share/abb_robot_msgs/srv/TriggerWithResultCode.srv
[7.009s] -- Up-to-date symlink: /home/ubuntu/ros2ws/install/abb_robot_msgs/share/abb_robot_msgs/srv/TriggerWithResultCode_Request.msg
[7.011s] -- Up-to-date symlink: /home/ubuntu/ros2ws/install/abb_robot_msgs/share/abb_robot_msgs/srv/TriggerWithResultCode_Response.msg
[7.012s] -- Up-to-date symlink: /home/ubuntu/ros2ws/install/abb_robot_msgs/share/ament_index/resource_index/package_run_dependencies/abb_robot_msgs
[7.012s] -- Up-to-date symlink: /home/ubuntu/ros2ws/install/abb_robot_msgs/share/ament_index/resource_index/parent_prefix_path/abb_robot_msgs
[7.012s] -- Up-to-date symlink: /home/ubuntu/ros2ws/install/abb_robot_msgs/share/abb_robot_msgs/environment/ament_prefix_path.sh
[7.012s] -- Up-to-date symlink: /home/ubuntu/ros2ws/install/abb_robot_msgs/share/abb_robot_msgs/environment/ament_prefix_path.dsv
[7.013s] -- Up-to-date symlink: /home/ubuntu/ros2ws/install/abb_robot_msgs/share/abb_robot_msgs/environment/path.sh
[7.013s] -- Up-to-date symlink: /home/ubuntu/ros2ws/install/abb_robot_msgs/share/abb_robot_msgs/environment/path.dsv
[7.014s] -- Up-to-date symlink: /home/ubuntu/ros2ws/install/abb_robot_msgs/share/abb_robot_msgs/local_setup.bash
[7.014s] -- Up-to-date symlink: /home/ubuntu/ros2ws/install/abb_robot_msgs/share/abb_robot_msgs/local_setup.sh
[7.015s] -- Up-to-date symlink: /home/ubuntu/ros2ws/install/abb_robot_msgs/share/abb_robot_msgs/local_setup.zsh
[7.015s] -- Up-to-date symlink: /home/ubuntu/ros2ws/install/abb_robot_msgs/share/abb_robot_msgs/local_setup.dsv
[7.016s] -- Symlinking: /home/ubuntu/ros2ws/install/abb_robot_msgs/share/abb_robot_msgs/package.dsv
[7.030s] -- Up-to-date symlink: /home/ubuntu/ros2ws/install/abb_robot_msgs/share/ament_index/resource_index/packages/abb_robot_msgs
[7.030s] -- Up-to-date symlink: /home/ubuntu/ros2ws/install/abb_robot_msgs/share/abb_robot_msgs/cmake/rosidl_cmake-extras.cmake
[7.032s] -- Up-to-date symlink: /home/ubuntu/ros2ws/install/abb_robot_msgs/share/abb_robot_msgs/cmake/ament_cmake_export_dependencies-extras.cmake
[7.032s] -- Up-to-date symlink: /home/ubuntu/ros2ws/install/abb_robot_msgs/share/abb_robot_msgs/cmake/ament_cmake_export_include_directories-extras.cmake
[7.033s] -- Up-to-date symlink: /home/ubuntu/ros2ws/install/abb_robot_msgs/share/abb_robot_msgs/cmake/ament_cmake_export_libraries-extras.cmake
[7.034s] -- Up-to-date symlink: /home/ubuntu/ros2ws/install/abb_robot_msgs/share/abb_robot_msgs/cmake/ament_cmake_export_targets-extras.cmake
[7.036s] -- Up-to-date symlink: /home/ubuntu/ros2ws/install/abb_robot_msgs/share/abb_robot_msgs/cmake/rosidl_cmake_export_typesupport_targets-extras.cmake
[7.036s] -- Up-to-date symlink: /home/ubuntu/ros2ws/install/abb_robot_msgs/share/abb_robot_msgs/cmake/rosidl_cmake_export_typesupport_libraries-extras.cmake
[7.036s] -- Up-to-date symlink: /home/ubuntu/ros2ws/install/abb_robot_msgs/share/abb_robot_msgs/cmake/abb_robot_msgsConfig.cmake
[7.037s] -- Up-to-date symlink: /home/ubuntu/ros2ws/install/abb_robot_msgs/share/abb_robot_msgs/cmake/abb_robot_msgsConfig-version.cmake
[7.039s] -- Up-to-date symlink: /home/ubuntu/ros2ws/install/abb_robot_msgs/share/abb_robot_msgs/package.xml
[7.049s] -- Up-to-date: /home/ubuntu/ros2ws/install/abb_robot_msgs/lib/libabb_robot_msgs__rosidl_generator_c.so
[7.066s] -- Up-to-date: /home/ubuntu/ros2ws/install/abb_robot_msgs/lib/libabb_robot_msgs__rosidl_typesupport_fastrtps_c.so
[7.085s] -- Up-to-date: /home/ubuntu/ros2ws/install/abb_robot_msgs/lib/libabb_robot_msgs__rosidl_typesupport_introspection_c.so
[7.113s] -- Up-to-date: /home/ubuntu/ros2ws/install/abb_robot_msgs/lib/libabb_robot_msgs__rosidl_typesupport_c.so
[7.145s] -- Up-to-date: /home/ubuntu/ros2ws/install/abb_robot_msgs/lib/libabb_robot_msgs__rosidl_typesupport_fastrtps_cpp.so
[7.169s] -- Up-to-date: /home/ubuntu/ros2ws/install/abb_robot_msgs/lib/libabb_robot_msgs__rosidl_typesupport_introspection_cpp.so
[7.170s] -- Up-to-date: /home/ubuntu/ros2ws/install/abb_robot_msgs/lib/libabb_robot_msgs__rosidl_typesupport_cpp.so
[7.270s] Listing '/home/ubuntu/ros2ws/install/abb_robot_msgs/local/lib/python3.10/dist-packages/abb_robot_msgs'...
[7.270s] Compiling '/home/ubuntu/ros2ws/install/abb_robot_msgs/local/lib/python3.10/dist-packages/abb_robot_msgs/__init__.py'...
[7.270s] Listing '/home/ubuntu/ros2ws/install/abb_robot_msgs/local/lib/python3.10/dist-packages/abb_robot_msgs/msg'...
[7.270s] Listing '/home/ubuntu/ros2ws/install/abb_robot_msgs/local/lib/python3.10/dist-packages/abb_robot_msgs/srv'...
[7.293s] -- Up-to-date: /home/ubuntu/ros2ws/install/abb_robot_msgs/lib/libabb_robot_msgs__rosidl_generator_py.so
[7.299s] -- Up-to-date: /home/ubuntu/ros2ws/install/abb_robot_msgs/share/abb_robot_msgs/cmake/export_abb_robot_msgs__rosidl_generator_cExport.cmake
[7.299s] -- Up-to-date: /home/ubuntu/ros2ws/install/abb_robot_msgs/share/abb_robot_msgs/cmake/export_abb_robot_msgs__rosidl_generator_cExport-noconfig.cmake
[7.304s] -- Up-to-date: /home/ubuntu/ros2ws/install/abb_robot_msgs/share/abb_robot_msgs/cmake/export_abb_robot_msgs__rosidl_typesupport_fastrtps_cExport.cmake
[7.304s] -- Up-to-date: /home/ubuntu/ros2ws/install/abb_robot_msgs/share/abb_robot_msgs/cmake/export_abb_robot_msgs__rosidl_typesupport_fastrtps_cExport-noconfig.cmake
[7.305s] -- Up-to-date: /home/ubuntu/ros2ws/install/abb_robot_msgs/share/abb_robot_msgs/cmake/abb_robot_msgs__rosidl_typesupport_introspection_cExport.cmake
[7.305s] -- Up-to-date: /home/ubuntu/ros2ws/install/abb_robot_msgs/share/abb_robot_msgs/cmake/abb_robot_msgs__rosidl_typesupport_introspection_cExport-noconfig.cmake
[7.306s] -- Up-to-date: /home/ubuntu/ros2ws/install/abb_robot_msgs/share/abb_robot_msgs/cmake/abb_robot_msgs__rosidl_typesupport_cExport.cmake
[7.307s] -- Up-to-date: /home/ubuntu/ros2ws/install/abb_robot_msgs/share/abb_robot_msgs/cmake/abb_robot_msgs__rosidl_typesupport_cExport-noconfig.cmake
[7.307s] -- Up-to-date: /home/ubuntu/ros2ws/install/abb_robot_msgs/share/abb_robot_msgs/cmake/export_abb_robot_msgs__rosidl_generator_cppExport.cmake
[7.308s] -- Up-to-date: /home/ubuntu/ros2ws/install/abb_robot_msgs/share/abb_robot_msgs/cmake/export_abb_robot_msgs__rosidl_typesupport_fastrtps_cppExport.cmake
[7.308s] -- Up-to-date: /home/ubuntu/ros2ws/install/abb_robot_msgs/share/abb_robot_msgs/cmake/export_abb_robot_msgs__rosidl_typesupport_fastrtps_cppExport-noconfig.cmake
[7.309s] -- Up-to-date: /home/ubuntu/ros2ws/install/abb_robot_msgs/share/abb_robot_msgs/cmake/abb_robot_msgs__rosidl_typesupport_introspection_cppExport.cmake
[7.310s] -- Up-to-date: /home/ubuntu/ros2ws/install/abb_robot_msgs/share/abb_robot_msgs/cmake/abb_robot_msgs__rosidl_typesupport_introspection_cppExport-noconfig.cmake
[7.310s] -- Up-to-date: /home/ubuntu/ros2ws/install/abb_robot_msgs/share/abb_robot_msgs/cmake/abb_robot_msgs__rosidl_typesupport_cppExport.cmake
[7.311s] -- Up-to-date: /home/ubuntu/ros2ws/install/abb_robot_msgs/share/abb_robot_msgs/cmake/abb_robot_msgs__rosidl_typesupport_cppExport-noconfig.cmake
[7.311s] -- Up-to-date: /home/ubuntu/ros2ws/install/abb_robot_msgs/share/abb_robot_msgs/cmake/export_abb_robot_msgs__rosidl_generator_pyExport.cmake
[7.313s] -- Up-to-date: /home/ubuntu/ros2ws/install/abb_robot_msgs/share/abb_robot_msgs/cmake/export_abb_robot_msgs__rosidl_generator_pyExport-noconfig.cmake
[7.317s] Invoked command in '/home/ubuntu/ros2ws/build/abb_robot_msgs' returned '0': CMAKE_PREFIX_PATH=${CMAKE_PREFIX_PATH}:/opt/ros/humble /usr/bin/cmake --install /home/ubuntu/ros2ws/build/abb_robot_msgs
