[0.029s] Invoking command in '/home/ubuntu/ros2ws/build/objectpose_msgs': CMAKE_PREFIX_PATH=${CMAKE_PREFIX_PATH}:/opt/ros/humble /usr/bin/cmake --build /home/ubuntu/ros2ws/build/objectpose_msgs -- -j4 -l4
[0.116s] [35m[1mConsolidate compiler generated dependencies of target objectpose_msgs__rosidl_generator_c[0m
[0.126s] [  3%] Built target objectpose_msgs__cpp
[0.141s] [ 12%] Built target objectpose_msgs__rosidl_generator_c
[0.157s] [35m[1mConsolidate compiler generated dependencies of target objectpose_msgs__rosidl_typesupport_cpp[0m
[0.163s] [35m[1mConsolidate compiler generated dependencies of target objectpose_msgs__rosidl_typesupport_fastrtps_cpp[0m
[0.164s] [35m[1mConsolidate compiler generated dependencies of target objectpose_msgs__rosidl_typesupport_introspection_cpp[0m
[0.174s] [ 12%] Built target ament_cmake_python_copy_objectpose_msgs
[0.188s] [ 22%] Built target objectpose_msgs__rosidl_typesupport_cpp
[0.204s] [35m[1mConsolidate compiler generated dependencies of target objectpose_msgs__rosidl_typesupport_fastrtps_c[0m
[0.210s] [ 32%] Built target objectpose_msgs__rosidl_typesupport_fastrtps_cpp
[0.213s] [ 41%] Built target objectpose_msgs__rosidl_typesupport_introspection_cpp
[0.225s] [35m[1mConsolidate compiler generated dependencies of target objectpose_msgs__rosidl_typesupport_introspection_c[0m
[0.232s] [ 51%] Built target objectpose_msgs__rosidl_typesupport_fastrtps_c
[0.238s] [35m[1mConsolidate compiler generated dependencies of target objectpose_msgs__rosidl_typesupport_c[0m
[0.256s] [ 61%] Built target objectpose_msgs__rosidl_typesupport_introspection_c
[0.271s] [ 70%] Built target objectpose_msgs__rosidl_typesupport_c
[0.317s] [ 70%] Built target objectpose_msgs
[0.354s] [ 74%] Built target objectpose_msgs__py
[0.380s] [35m[1mConsolidate compiler generated dependencies of target objectpose_msgs__rosidl_generator_py[0m
[0.406s] [ 80%] Built target objectpose_msgs__rosidl_generator_py
[0.435s] [35m[1mConsolidate compiler generated dependencies of target objectpose_msgs__rosidl_typesupport_introspection_c__pyext[0m
[0.449s] [35m[1mConsolidate compiler generated dependencies of target objectpose_msgs__rosidl_typesupport_fastrtps_c__pyext[0m
[0.459s] [35m[1mConsolidate compiler generated dependencies of target objectpose_msgs__rosidl_typesupport_c__pyext[0m
[0.481s] [ 87%] Built target objectpose_msgs__rosidl_typesupport_introspection_c__pyext
[0.501s] [ 93%] Built target objectpose_msgs__rosidl_typesupport_c__pyext
[0.501s] [100%] Built target objectpose_msgs__rosidl_typesupport_fastrtps_c__pyext
[0.641s] running egg_info
[0.642s] writing objectpose_msgs.egg-info/PKG-INFO
[0.642s] writing dependency_links to objectpose_msgs.egg-info/dependency_links.txt
[0.643s] writing top-level names to objectpose_msgs.egg-info/top_level.txt
[0.649s] reading manifest file 'objectpose_msgs.egg-info/SOURCES.txt'
[0.652s] writing manifest file 'objectpose_msgs.egg-info/SOURCES.txt'
[0.694s] [100%] Built target ament_cmake_python_build_objectpose_msgs_egg
[0.718s] Invoked command in '/home/ubuntu/ros2ws/build/objectpose_msgs' returned '0': CMAKE_PREFIX_PATH=${CMAKE_PREFIX_PATH}:/opt/ros/humble /usr/bin/cmake --build /home/ubuntu/ros2ws/build/objectpose_msgs -- -j4 -l4
[0.888s] Invoking command in '/home/ubuntu/ros2ws/build/objectpose_msgs': CMAKE_PREFIX_PATH=${CMAKE_PREFIX_PATH}:/opt/ros/humble /usr/bin/cmake --install /home/ubuntu/ros2ws/build/objectpose_msgs
[0.904s] -- Install configuration: ""
[0.906s] -- Up-to-date: /home/ubuntu/ros2ws/install/objectpose_msgs/share/objectpose_msgs/msg
[0.906s] -- Up-to-date: /home/ubuntu/ros2ws/install/objectpose_msgs/share/objectpose_msgs/msg/ObjectPose.msg
[0.906s] -- Up-to-date: /home/ubuntu/ros2ws/install/objectpose_msgs/share/ament_index/resource_index/rosidl_interfaces/objectpose_msgs
[0.907s] -- Up-to-date: /home/ubuntu/ros2ws/install/objectpose_msgs/include/objectpose_msgs/objectpose_msgs
[0.907s] -- Up-to-date: /home/ubuntu/ros2ws/install/objectpose_msgs/include/objectpose_msgs/objectpose_msgs/msg
[0.907s] -- Up-to-date: /home/ubuntu/ros2ws/install/objectpose_msgs/include/objectpose_msgs/objectpose_msgs/msg/object_pose.h
[0.907s] -- Up-to-date: /home/ubuntu/ros2ws/install/objectpose_msgs/include/objectpose_msgs/objectpose_msgs/msg/rosidl_generator_c__visibility_control.h
[0.907s] -- Up-to-date: /home/ubuntu/ros2ws/install/objectpose_msgs/include/objectpose_msgs/objectpose_msgs/msg/detail
[0.907s] -- Up-to-date: /home/ubuntu/ros2ws/install/objectpose_msgs/include/objectpose_msgs/objectpose_msgs/msg/detail/object_pose__type_support.h
[0.908s] -- Up-to-date: /home/ubuntu/ros2ws/install/objectpose_msgs/include/objectpose_msgs/objectpose_msgs/msg/detail/object_pose__struct.h
[0.908s] -- Up-to-date: /home/ubuntu/ros2ws/install/objectpose_msgs/include/objectpose_msgs/objectpose_msgs/msg/detail/object_pose__functions.h
[0.908s] -- Up-to-date: /home/ubuntu/ros2ws/install/objectpose_msgs/include/objectpose_msgs/objectpose_msgs/msg/detail/object_pose__functions.c
[0.912s] -- Up-to-date: /home/ubuntu/ros2ws/install/objectpose_msgs/share/objectpose_msgs/environment/library_path.sh
[0.913s] -- Up-to-date: /home/ubuntu/ros2ws/install/objectpose_msgs/share/objectpose_msgs/environment/library_path.dsv
[0.913s] -- Up-to-date: /home/ubuntu/ros2ws/install/objectpose_msgs/lib/libobjectpose_msgs__rosidl_generator_c.so
[0.913s] -- Up-to-date: /home/ubuntu/ros2ws/install/objectpose_msgs/include/objectpose_msgs/objectpose_msgs
[0.914s] -- Up-to-date: /home/ubuntu/ros2ws/install/objectpose_msgs/include/objectpose_msgs/objectpose_msgs/msg
[0.914s] -- Up-to-date: /home/ubuntu/ros2ws/install/objectpose_msgs/include/objectpose_msgs/objectpose_msgs/msg/rosidl_typesupport_fastrtps_c__visibility_control.h
[0.914s] -- Up-to-date: /home/ubuntu/ros2ws/install/objectpose_msgs/include/objectpose_msgs/objectpose_msgs/msg/detail
[0.914s] -- Up-to-date: /home/ubuntu/ros2ws/install/objectpose_msgs/include/objectpose_msgs/objectpose_msgs/msg/detail/object_pose__rosidl_typesupport_fastrtps_c.h
[0.914s] -- Up-to-date: /home/ubuntu/ros2ws/install/objectpose_msgs/lib/libobjectpose_msgs__rosidl_typesupport_fastrtps_c.so
[0.914s] -- Up-to-date: /home/ubuntu/ros2ws/install/objectpose_msgs/include/objectpose_msgs/objectpose_msgs
[0.915s] -- Up-to-date: /home/ubuntu/ros2ws/install/objectpose_msgs/include/objectpose_msgs/objectpose_msgs/msg
[0.915s] -- Up-to-date: /home/ubuntu/ros2ws/install/objectpose_msgs/include/objectpose_msgs/objectpose_msgs/msg/rosidl_typesupport_introspection_c__visibility_control.h
[0.915s] -- Up-to-date: /home/ubuntu/ros2ws/install/objectpose_msgs/include/objectpose_msgs/objectpose_msgs/msg/detail
[0.915s] -- Up-to-date: /home/ubuntu/ros2ws/install/objectpose_msgs/include/objectpose_msgs/objectpose_msgs/msg/detail/object_pose__rosidl_typesupport_introspection_c.h
[0.915s] -- Up-to-date: /home/ubuntu/ros2ws/install/objectpose_msgs/include/objectpose_msgs/objectpose_msgs/msg/detail/object_pose__type_support.c
[0.915s] -- Up-to-date: /home/ubuntu/ros2ws/install/objectpose_msgs/lib/libobjectpose_msgs__rosidl_typesupport_introspection_c.so
[0.915s] -- Up-to-date: /home/ubuntu/ros2ws/install/objectpose_msgs/lib/libobjectpose_msgs__rosidl_typesupport_c.so
[0.916s] -- Up-to-date: /home/ubuntu/ros2ws/install/objectpose_msgs/include/objectpose_msgs/objectpose_msgs
[0.916s] -- Up-to-date: /home/ubuntu/ros2ws/install/objectpose_msgs/include/objectpose_msgs/objectpose_msgs/msg
[0.916s] -- Up-to-date: /home/ubuntu/ros2ws/install/objectpose_msgs/include/objectpose_msgs/objectpose_msgs/msg/object_pose.hpp
[0.916s] -- Up-to-date: /home/ubuntu/ros2ws/install/objectpose_msgs/include/objectpose_msgs/objectpose_msgs/msg/detail
[0.916s] -- Up-to-date: /home/ubuntu/ros2ws/install/objectpose_msgs/include/objectpose_msgs/objectpose_msgs/msg/detail/object_pose__struct.hpp
[0.916s] -- Up-to-date: /home/ubuntu/ros2ws/install/objectpose_msgs/include/objectpose_msgs/objectpose_msgs/msg/detail/object_pose__traits.hpp
[0.917s] -- Up-to-date: /home/ubuntu/ros2ws/install/objectpose_msgs/include/objectpose_msgs/objectpose_msgs/msg/detail/object_pose__builder.hpp
[0.917s] -- Up-to-date: /home/ubuntu/ros2ws/install/objectpose_msgs/include/objectpose_msgs/objectpose_msgs
[0.917s] -- Up-to-date: /home/ubuntu/ros2ws/install/objectpose_msgs/include/objectpose_msgs/objectpose_msgs/msg
[0.917s] -- Up-to-date: /home/ubuntu/ros2ws/install/objectpose_msgs/include/objectpose_msgs/objectpose_msgs/msg/rosidl_typesupport_fastrtps_cpp__visibility_control.h
[0.917s] -- Up-to-date: /home/ubuntu/ros2ws/install/objectpose_msgs/include/objectpose_msgs/objectpose_msgs/msg/detail
[0.917s] -- Up-to-date: /home/ubuntu/ros2ws/install/objectpose_msgs/include/objectpose_msgs/objectpose_msgs/msg/detail/dds_fastrtps
[0.917s] -- Up-to-date: /home/ubuntu/ros2ws/install/objectpose_msgs/include/objectpose_msgs/objectpose_msgs/msg/detail/object_pose__rosidl_typesupport_fastrtps_cpp.hpp
[0.918s] -- Up-to-date: /home/ubuntu/ros2ws/install/objectpose_msgs/lib/libobjectpose_msgs__rosidl_typesupport_fastrtps_cpp.so
[0.918s] -- Up-to-date: /home/ubuntu/ros2ws/install/objectpose_msgs/include/objectpose_msgs/objectpose_msgs
[0.918s] -- Up-to-date: /home/ubuntu/ros2ws/install/objectpose_msgs/include/objectpose_msgs/objectpose_msgs/msg
[0.918s] -- Up-to-date: /home/ubuntu/ros2ws/install/objectpose_msgs/include/objectpose_msgs/objectpose_msgs/msg/detail
[0.918s] -- Up-to-date: /home/ubuntu/ros2ws/install/objectpose_msgs/include/objectpose_msgs/objectpose_msgs/msg/detail/object_pose__type_support.cpp
[0.918s] -- Up-to-date: /home/ubuntu/ros2ws/install/objectpose_msgs/include/objectpose_msgs/objectpose_msgs/msg/detail/object_pose__rosidl_typesupport_introspection_cpp.hpp
[0.918s] -- Up-to-date: /home/ubuntu/ros2ws/install/objectpose_msgs/lib/libobjectpose_msgs__rosidl_typesupport_introspection_cpp.so
[0.919s] -- Up-to-date: /home/ubuntu/ros2ws/install/objectpose_msgs/lib/libobjectpose_msgs__rosidl_typesupport_cpp.so
[0.919s] -- Up-to-date: /home/ubuntu/ros2ws/install/objectpose_msgs/share/objectpose_msgs/environment/pythonpath.sh
[0.919s] -- Up-to-date: /home/ubuntu/ros2ws/install/objectpose_msgs/share/objectpose_msgs/environment/pythonpath.dsv
[0.919s] -- Up-to-date: /home/ubuntu/ros2ws/install/objectpose_msgs/local/lib/python3.10/dist-packages/objectpose_msgs-0.0.0-py3.10.egg-info
[0.919s] -- Installing: /home/ubuntu/ros2ws/install/objectpose_msgs/local/lib/python3.10/dist-packages/objectpose_msgs-0.0.0-py3.10.egg-info/PKG-INFO
[0.919s] -- Installing: /home/ubuntu/ros2ws/install/objectpose_msgs/local/lib/python3.10/dist-packages/objectpose_msgs-0.0.0-py3.10.egg-info/top_level.txt
[0.919s] -- Installing: /home/ubuntu/ros2ws/install/objectpose_msgs/local/lib/python3.10/dist-packages/objectpose_msgs-0.0.0-py3.10.egg-info/dependency_links.txt
[0.920s] -- Installing: /home/ubuntu/ros2ws/install/objectpose_msgs/local/lib/python3.10/dist-packages/objectpose_msgs-0.0.0-py3.10.egg-info/SOURCES.txt
[0.920s] -- Up-to-date: /home/ubuntu/ros2ws/install/objectpose_msgs/local/lib/python3.10/dist-packages/objectpose_msgs
[0.923s] -- Up-to-date: /home/ubuntu/ros2ws/install/objectpose_msgs/local/lib/python3.10/dist-packages/objectpose_msgs/msg
[0.923s] -- Up-to-date: /home/ubuntu/ros2ws/install/objectpose_msgs/local/lib/python3.10/dist-packages/objectpose_msgs/msg/_object_pose.py
[0.924s] -- Up-to-date: /home/ubuntu/ros2ws/install/objectpose_msgs/local/lib/python3.10/dist-packages/objectpose_msgs/msg/_object_pose_s.c
[0.924s] -- Up-to-date: /home/ubuntu/ros2ws/install/objectpose_msgs/local/lib/python3.10/dist-packages/objectpose_msgs/msg/__init__.py
[0.924s] -- Up-to-date: /home/ubuntu/ros2ws/install/objectpose_msgs/local/lib/python3.10/dist-packages/objectpose_msgs/objectpose_msgs_s__rosidl_typesupport_fastrtps_c.cpython-310-x86_64-linux-gnu.so
[0.924s] -- Up-to-date: /home/ubuntu/ros2ws/install/objectpose_msgs/local/lib/python3.10/dist-packages/objectpose_msgs/libobjectpose_msgs__rosidl_generator_py.so
[0.924s] -- Up-to-date: /home/ubuntu/ros2ws/install/objectpose_msgs/local/lib/python3.10/dist-packages/objectpose_msgs/_objectpose_msgs_s.ep.rosidl_typesupport_c.c
[0.925s] -- Up-to-date: /home/ubuntu/ros2ws/install/objectpose_msgs/local/lib/python3.10/dist-packages/objectpose_msgs/objectpose_msgs_s__rosidl_typesupport_introspection_c.cpython-310-x86_64-linux-gnu.so
[0.925s] -- Up-to-date: /home/ubuntu/ros2ws/install/objectpose_msgs/local/lib/python3.10/dist-packages/objectpose_msgs/_objectpose_msgs_s.ep.rosidl_typesupport_introspection_c.c
[0.925s] -- Up-to-date: /home/ubuntu/ros2ws/install/objectpose_msgs/local/lib/python3.10/dist-packages/objectpose_msgs/objectpose_msgs_s__rosidl_typesupport_c.cpython-310-x86_64-linux-gnu.so
[0.925s] -- Up-to-date: /home/ubuntu/ros2ws/install/objectpose_msgs/local/lib/python3.10/dist-packages/objectpose_msgs/__init__.py
[0.925s] -- Up-to-date: /home/ubuntu/ros2ws/install/objectpose_msgs/local/lib/python3.10/dist-packages/objectpose_msgs/_objectpose_msgs_s.ep.rosidl_typesupport_fastrtps_c.c
[0.958s] Listing '/home/ubuntu/ros2ws/install/objectpose_msgs/local/lib/python3.10/dist-packages/objectpose_msgs'...
[0.958s] Listing '/home/ubuntu/ros2ws/install/objectpose_msgs/local/lib/python3.10/dist-packages/objectpose_msgs/msg'...
[0.961s] -- Up-to-date: /home/ubuntu/ros2ws/install/objectpose_msgs/local/lib/python3.10/dist-packages/objectpose_msgs/objectpose_msgs_s__rosidl_typesupport_fastrtps_c.cpython-310-x86_64-linux-gnu.so
[0.961s] -- Up-to-date: /home/ubuntu/ros2ws/install/objectpose_msgs/local/lib/python3.10/dist-packages/objectpose_msgs/objectpose_msgs_s__rosidl_typesupport_introspection_c.cpython-310-x86_64-linux-gnu.so
[0.964s] -- Up-to-date: /home/ubuntu/ros2ws/install/objectpose_msgs/local/lib/python3.10/dist-packages/objectpose_msgs/objectpose_msgs_s__rosidl_typesupport_c.cpython-310-x86_64-linux-gnu.so
[0.964s] -- Up-to-date: /home/ubuntu/ros2ws/install/objectpose_msgs/lib/libobjectpose_msgs__rosidl_generator_py.so
[0.965s] -- Up-to-date: /home/ubuntu/ros2ws/install/objectpose_msgs/share/objectpose_msgs/msg/ObjectPose.idl
[0.965s] -- Up-to-date: /home/ubuntu/ros2ws/install/objectpose_msgs/share/objectpose_msgs/msg/ObjectPose.msg
[0.965s] -- Up-to-date: /home/ubuntu/ros2ws/install/objectpose_msgs/share/ament_index/resource_index/package_run_dependencies/objectpose_msgs
[0.966s] -- Up-to-date: /home/ubuntu/ros2ws/install/objectpose_msgs/share/ament_index/resource_index/parent_prefix_path/objectpose_msgs
[0.967s] -- Up-to-date: /home/ubuntu/ros2ws/install/objectpose_msgs/share/objectpose_msgs/environment/ament_prefix_path.sh
[0.967s] -- Up-to-date: /home/ubuntu/ros2ws/install/objectpose_msgs/share/objectpose_msgs/environment/ament_prefix_path.dsv
[0.967s] -- Up-to-date: /home/ubuntu/ros2ws/install/objectpose_msgs/share/objectpose_msgs/environment/path.sh
[0.968s] -- Up-to-date: /home/ubuntu/ros2ws/install/objectpose_msgs/share/objectpose_msgs/environment/path.dsv
[0.968s] -- Up-to-date: /home/ubuntu/ros2ws/install/objectpose_msgs/share/objectpose_msgs/local_setup.bash
[0.968s] -- Up-to-date: /home/ubuntu/ros2ws/install/objectpose_msgs/share/objectpose_msgs/local_setup.sh
[0.968s] -- Up-to-date: /home/ubuntu/ros2ws/install/objectpose_msgs/share/objectpose_msgs/local_setup.zsh
[0.968s] -- Up-to-date: /home/ubuntu/ros2ws/install/objectpose_msgs/share/objectpose_msgs/local_setup.dsv
[0.968s] -- Installing: /home/ubuntu/ros2ws/install/objectpose_msgs/share/objectpose_msgs/package.dsv
[0.968s] -- Up-to-date: /home/ubuntu/ros2ws/install/objectpose_msgs/share/ament_index/resource_index/packages/objectpose_msgs
[0.969s] -- Up-to-date: /home/ubuntu/ros2ws/install/objectpose_msgs/share/objectpose_msgs/cmake/export_objectpose_msgs__rosidl_generator_cExport.cmake
[0.969s] -- Up-to-date: /home/ubuntu/ros2ws/install/objectpose_msgs/share/objectpose_msgs/cmake/export_objectpose_msgs__rosidl_generator_cExport-noconfig.cmake
[0.969s] -- Up-to-date: /home/ubuntu/ros2ws/install/objectpose_msgs/share/objectpose_msgs/cmake/export_objectpose_msgs__rosidl_typesupport_fastrtps_cExport.cmake
[0.969s] -- Up-to-date: /home/ubuntu/ros2ws/install/objectpose_msgs/share/objectpose_msgs/cmake/export_objectpose_msgs__rosidl_typesupport_fastrtps_cExport-noconfig.cmake
[0.969s] -- Up-to-date: /home/ubuntu/ros2ws/install/objectpose_msgs/share/objectpose_msgs/cmake/objectpose_msgs__rosidl_typesupport_introspection_cExport.cmake
[0.970s] -- Up-to-date: /home/ubuntu/ros2ws/install/objectpose_msgs/share/objectpose_msgs/cmake/objectpose_msgs__rosidl_typesupport_introspection_cExport-noconfig.cmake
[0.970s] -- Up-to-date: /home/ubuntu/ros2ws/install/objectpose_msgs/share/objectpose_msgs/cmake/objectpose_msgs__rosidl_typesupport_cExport.cmake
[0.970s] -- Up-to-date: /home/ubuntu/ros2ws/install/objectpose_msgs/share/objectpose_msgs/cmake/objectpose_msgs__rosidl_typesupport_cExport-noconfig.cmake
[0.970s] -- Up-to-date: /home/ubuntu/ros2ws/install/objectpose_msgs/share/objectpose_msgs/cmake/export_objectpose_msgs__rosidl_generator_cppExport.cmake
[0.970s] -- Up-to-date: /home/ubuntu/ros2ws/install/objectpose_msgs/share/objectpose_msgs/cmake/export_objectpose_msgs__rosidl_typesupport_fastrtps_cppExport.cmake
[0.970s] -- Up-to-date: /home/ubuntu/ros2ws/install/objectpose_msgs/share/objectpose_msgs/cmake/export_objectpose_msgs__rosidl_typesupport_fastrtps_cppExport-noconfig.cmake
[0.971s] -- Up-to-date: /home/ubuntu/ros2ws/install/objectpose_msgs/share/objectpose_msgs/cmake/objectpose_msgs__rosidl_typesupport_introspection_cppExport.cmake
[0.971s] -- Up-to-date: /home/ubuntu/ros2ws/install/objectpose_msgs/share/objectpose_msgs/cmake/objectpose_msgs__rosidl_typesupport_introspection_cppExport-noconfig.cmake
[0.971s] -- Up-to-date: /home/ubuntu/ros2ws/install/objectpose_msgs/share/objectpose_msgs/cmake/objectpose_msgs__rosidl_typesupport_cppExport.cmake
[0.971s] -- Up-to-date: /home/ubuntu/ros2ws/install/objectpose_msgs/share/objectpose_msgs/cmake/objectpose_msgs__rosidl_typesupport_cppExport-noconfig.cmake
[0.971s] -- Up-to-date: /home/ubuntu/ros2ws/install/objectpose_msgs/share/objectpose_msgs/cmake/export_objectpose_msgs__rosidl_generator_pyExport.cmake
[0.971s] -- Up-to-date: /home/ubuntu/ros2ws/install/objectpose_msgs/share/objectpose_msgs/cmake/export_objectpose_msgs__rosidl_generator_pyExport-noconfig.cmake
[0.972s] -- Up-to-date: /home/ubuntu/ros2ws/install/objectpose_msgs/share/objectpose_msgs/cmake/rosidl_cmake-extras.cmake
[0.972s] -- Up-to-date: /home/ubuntu/ros2ws/install/objectpose_msgs/share/objectpose_msgs/cmake/ament_cmake_export_include_directories-extras.cmake
[0.972s] -- Up-to-date: /home/ubuntu/ros2ws/install/objectpose_msgs/share/objectpose_msgs/cmake/ament_cmake_export_libraries-extras.cmake
[0.972s] -- Up-to-date: /home/ubuntu/ros2ws/install/objectpose_msgs/share/objectpose_msgs/cmake/ament_cmake_export_targets-extras.cmake
[0.972s] -- Up-to-date: /home/ubuntu/ros2ws/install/objectpose_msgs/share/objectpose_msgs/cmake/rosidl_cmake_export_typesupport_targets-extras.cmake
[0.972s] -- Up-to-date: /home/ubuntu/ros2ws/install/objectpose_msgs/share/objectpose_msgs/cmake/ament_cmake_export_dependencies-extras.cmake
[0.972s] -- Up-to-date: /home/ubuntu/ros2ws/install/objectpose_msgs/share/objectpose_msgs/cmake/rosidl_cmake_export_typesupport_libraries-extras.cmake
[0.972s] -- Up-to-date: /home/ubuntu/ros2ws/install/objectpose_msgs/share/objectpose_msgs/cmake/objectpose_msgsConfig.cmake
[0.972s] -- Up-to-date: /home/ubuntu/ros2ws/install/objectpose_msgs/share/objectpose_msgs/cmake/objectpose_msgsConfig-version.cmake
[0.972s] -- Up-to-date: /home/ubuntu/ros2ws/install/objectpose_msgs/share/objectpose_msgs/package.xml
[0.986s] Invoked command in '/home/ubuntu/ros2ws/build/objectpose_msgs' returned '0': CMAKE_PREFIX_PATH=${CMAKE_PREFIX_PATH}:/opt/ros/humble /usr/bin/cmake --install /home/ubuntu/ros2ws/build/objectpose_msgs
