[0.046s] Invoking command in '/home/ubuntu/ros2ws/build/abb_ros2': CMAKE_PREFIX_PATH=${CMAKE_PREFIX_PATH}:/home/ubuntu/ros2ws/install/robot_letter_writer:/opt/ros/humble /usr/bin/cmake --build /home/ubuntu/ros2ws/build/abb_ros2 -- -j4 -l4
[0.117s] Invoked command in '/home/ubuntu/ros2ws/build/abb_ros2' returned '0': CMAKE_PREFIX_PATH=${CMAKE_PREFIX_PATH}:/home/ubuntu/ros2ws/install/robot_letter_writer:/opt/ros/humble /usr/bin/cmake --build /home/ubuntu/ros2ws/build/abb_ros2 -- -j4 -l4
[0.172s] Invoking command in '/home/ubuntu/ros2ws/build/abb_ros2': CMAKE_PREFIX_PATH=${CMAKE_PREFIX_PATH}:/home/ubuntu/ros2ws/install/robot_letter_writer:/opt/ros/humble /usr/bin/cmake --install /home/ubuntu/ros2ws/build/abb_ros2
[0.181s] -- Install configuration: ""
[0.191s] -- Execute custom install script
[0.191s] -- Up-to-date symlink: /home/ubuntu/ros2ws/install/abb_ros2/share/ament_index/resource_index/package_run_dependencies/abb_ros2
[0.192s] -- Up-to-date symlink: /home/ubuntu/ros2ws/install/abb_ros2/share/ament_index/resource_index/parent_prefix_path/abb_ros2
[0.192s] -- Up-to-date symlink: /home/ubuntu/ros2ws/install/abb_ros2/share/abb_ros2/environment/ament_prefix_path.sh
[0.193s] -- Up-to-date symlink: /home/ubuntu/ros2ws/install/abb_ros2/share/abb_ros2/environment/ament_prefix_path.dsv
[0.195s] -- Up-to-date symlink: /home/ubuntu/ros2ws/install/abb_ros2/share/abb_ros2/environment/path.sh
[0.195s] -- Up-to-date symlink: /home/ubuntu/ros2ws/install/abb_ros2/share/abb_ros2/environment/path.dsv
[0.196s] -- Up-to-date symlink: /home/ubuntu/ros2ws/install/abb_ros2/share/abb_ros2/local_setup.bash
[0.198s] -- Up-to-date symlink: /home/ubuntu/ros2ws/install/abb_ros2/share/abb_ros2/local_setup.sh
[0.198s] -- Up-to-date symlink: /home/ubuntu/ros2ws/install/abb_ros2/share/abb_ros2/local_setup.zsh
[0.198s] -- Up-to-date symlink: /home/ubuntu/ros2ws/install/abb_ros2/share/abb_ros2/local_setup.dsv
[0.199s] -- Symlinking: /home/ubuntu/ros2ws/install/abb_ros2/share/abb_ros2/package.dsv
[0.213s] -- Up-to-date symlink: /home/ubuntu/ros2ws/install/abb_ros2/share/ament_index/resource_index/packages/abb_ros2
[0.213s] -- Up-to-date symlink: /home/ubuntu/ros2ws/install/abb_ros2/share/abb_ros2/cmake/abb_ros2Config.cmake
[0.213s] -- Up-to-date symlink: /home/ubuntu/ros2ws/install/abb_ros2/share/abb_ros2/cmake/abb_ros2Config-version.cmake
[0.213s] -- Up-to-date symlink: /home/ubuntu/ros2ws/install/abb_ros2/share/abb_ros2/package.xml
[0.217s] Invoked command in '/home/ubuntu/ros2ws/build/abb_ros2' returned '0': CMAKE_PREFIX_PATH=${CMAKE_PREFIX_PATH}:/home/ubuntu/ros2ws/install/robot_letter_writer:/opt/ros/humble /usr/bin/cmake --install /home/ubuntu/ros2ws/build/abb_ros2
