[0.052s] Invoking command in '/home/ubuntu/ros2ws/build/ros2srrc_ur16e_gazebo': CMAKE_PREFIX_PATH=${CMAKE_PREFIX_PATH}:/opt/ros/humble /usr/bin/cmake /home/ubuntu/ros2ws/src/ros2_SimRealRobotControl/packages/ur16e/ros2srrc_ur16e_gazebo -DCMAKE_INSTALL_PREFIX=/home/ubuntu/ros2ws/install/ros2srrc_ur16e_gazebo
[0.365s] -- The C compiler identification is GNU 11.4.0
[0.833s] -- The CXX compiler identification is GNU 11.4.0
[0.886s] -- Detecting C compiler ABI info
[1.270s] -- Detecting C compiler ABI info - done
[1.392s] -- Check for working C compiler: /usr/bin/cc - skipped
[1.419s] -- Detecting C compile features
[1.419s] -- Detecting C compile features - done
[1.442s] -- Detecting CXX compiler ABI info
[2.161s] -- Detecting CXX compiler ABI info - done
[2.271s] -- Check for working CXX compiler: /usr/bin/c++ - skipped
[2.272s] -- Detecting CXX compile features
[2.274s] -- Detecting CXX compile features - done
[2.274s] -- Found ament_cmake: 1.3.10 (/opt/ros/humble/share/ament_cmake/cmake)
[3.139s] -- Found Python3: /usr/bin/python3 (found version "3.10.12") found components: Interpreter 
[3.523s] -- Found ament_lint_auto: 0.12.11 (/opt/ros/humble/share/ament_lint_auto/cmake)
[3.986s] -- Added test 'copyright' to check source files copyright and LICENSE
[3.996s] -- Added test 'lint_cmake' to check CMake code style
[4.002s] -- Added test 'xmllint' to check XML markup files
[4.013s] -- Configuring done
[4.028s] -- Generating done
[4.029s] -- Build files have been written to: /home/ubuntu/ros2ws/build/ros2srrc_ur16e_gazebo
[4.054s] Invoked command in '/home/ubuntu/ros2ws/build/ros2srrc_ur16e_gazebo' returned '0': CMAKE_PREFIX_PATH=${CMAKE_PREFIX_PATH}:/opt/ros/humble /usr/bin/cmake /home/ubuntu/ros2ws/src/ros2_SimRealRobotControl/packages/ur16e/ros2srrc_ur16e_gazebo -DCMAKE_INSTALL_PREFIX=/home/ubuntu/ros2ws/install/ros2srrc_ur16e_gazebo
[4.066s] Invoking command in '/home/ubuntu/ros2ws/build/ros2srrc_ur16e_gazebo': CMAKE_PREFIX_PATH=${CMAKE_PREFIX_PATH}:/opt/ros/humble /usr/bin/cmake --build /home/ubuntu/ros2ws/build/ros2srrc_ur16e_gazebo -- -j4 -l4
[4.234s] Invoked command in '/home/ubuntu/ros2ws/build/ros2srrc_ur16e_gazebo' returned '0': CMAKE_PREFIX_PATH=${CMAKE_PREFIX_PATH}:/opt/ros/humble /usr/bin/cmake --build /home/ubuntu/ros2ws/build/ros2srrc_ur16e_gazebo -- -j4 -l4
[4.393s] Invoking command in '/home/ubuntu/ros2ws/build/ros2srrc_ur16e_gazebo': CMAKE_PREFIX_PATH=${CMAKE_PREFIX_PATH}:/opt/ros/humble /usr/bin/cmake --install /home/ubuntu/ros2ws/build/ros2srrc_ur16e_gazebo
[4.444s] -- Install configuration: ""
[4.444s] -- Installing: /home/ubuntu/ros2ws/install/ros2srrc_ur16e_gazebo/share/ros2srrc_ur16e_gazebo/config
[4.448s] -- Installing: /home/ubuntu/ros2ws/install/ros2srrc_ur16e_gazebo/share/ros2srrc_ur16e_gazebo/config/configurations.yaml
[4.449s] -- Installing: /home/ubuntu/ros2ws/install/ros2srrc_ur16e_gazebo/share/ros2srrc_ur16e_gazebo/urdf
[4.449s] -- Installing: /home/ubuntu/ros2ws/install/ros2srrc_ur16e_gazebo/share/ros2srrc_ur16e_gazebo/urdf/ur16e_robotiq_hande.urdf.xacro
[4.449s] -- Installing: /home/ubuntu/ros2ws/install/ros2srrc_ur16e_gazebo/share/ros2srrc_ur16e_gazebo/urdf/ur16e.urdf.xacro
[4.449s] -- Installing: /home/ubuntu/ros2ws/install/ros2srrc_ur16e_gazebo/share/ros2srrc_ur16e_gazebo/urdf/ur16e_robotiq_2f85.urdf.xacro
[4.456s] -- Installing: /home/ubuntu/ros2ws/install/ros2srrc_ur16e_gazebo/share/ros2srrc_ur16e_gazebo/worlds
[4.456s] -- Installing: /home/ubuntu/ros2ws/install/ros2srrc_ur16e_gazebo/share/ros2srrc_ur16e_gazebo/worlds/ros2srrc_ur16e.world
[4.459s] -- Installing: /home/ubuntu/ros2ws/install/ros2srrc_ur16e_gazebo/share/ament_index/resource_index/package_run_dependencies/ros2srrc_ur16e_gazebo
[4.459s] -- Installing: /home/ubuntu/ros2ws/install/ros2srrc_ur16e_gazebo/share/ament_index/resource_index/parent_prefix_path/ros2srrc_ur16e_gazebo
[4.459s] -- Installing: /home/ubuntu/ros2ws/install/ros2srrc_ur16e_gazebo/share/ros2srrc_ur16e_gazebo/environment/ament_prefix_path.sh
[4.459s] -- Installing: /home/ubuntu/ros2ws/install/ros2srrc_ur16e_gazebo/share/ros2srrc_ur16e_gazebo/environment/ament_prefix_path.dsv
[4.459s] -- Installing: /home/ubuntu/ros2ws/install/ros2srrc_ur16e_gazebo/share/ros2srrc_ur16e_gazebo/environment/path.sh
[4.459s] -- Installing: /home/ubuntu/ros2ws/install/ros2srrc_ur16e_gazebo/share/ros2srrc_ur16e_gazebo/environment/path.dsv
[4.460s] -- Installing: /home/ubuntu/ros2ws/install/ros2srrc_ur16e_gazebo/share/ros2srrc_ur16e_gazebo/local_setup.bash
[4.460s] -- Installing: /home/ubuntu/ros2ws/install/ros2srrc_ur16e_gazebo/share/ros2srrc_ur16e_gazebo/local_setup.sh
[4.460s] -- Installing: /home/ubuntu/ros2ws/install/ros2srrc_ur16e_gazebo/share/ros2srrc_ur16e_gazebo/local_setup.zsh
[4.460s] -- Installing: /home/ubuntu/ros2ws/install/ros2srrc_ur16e_gazebo/share/ros2srrc_ur16e_gazebo/local_setup.dsv
[4.463s] -- Installing: /home/ubuntu/ros2ws/install/ros2srrc_ur16e_gazebo/share/ros2srrc_ur16e_gazebo/package.dsv
[4.463s] -- Installing: /home/ubuntu/ros2ws/install/ros2srrc_ur16e_gazebo/share/ament_index/resource_index/packages/ros2srrc_ur16e_gazebo
[4.463s] -- Installing: /home/ubuntu/ros2ws/install/ros2srrc_ur16e_gazebo/share/ros2srrc_ur16e_gazebo/cmake/ros2srrc_ur16e_gazeboConfig.cmake
[4.463s] -- Installing: /home/ubuntu/ros2ws/install/ros2srrc_ur16e_gazebo/share/ros2srrc_ur16e_gazebo/cmake/ros2srrc_ur16e_gazeboConfig-version.cmake
[4.464s] -- Installing: /home/ubuntu/ros2ws/install/ros2srrc_ur16e_gazebo/share/ros2srrc_ur16e_gazebo/package.xml
[4.480s] Invoked command in '/home/ubuntu/ros2ws/build/ros2srrc_ur16e_gazebo' returned '0': CMAKE_PREFIX_PATH=${CMAKE_PREFIX_PATH}:/opt/ros/humble /usr/bin/cmake --install /home/ubuntu/ros2ws/build/ros2srrc_ur16e_gazebo
