[0.026s] Invoking command in '/home/ubuntu/ros2ws/build/abb_resources': CMAKE_PREFIX_PATH=${CMAKE_PREFIX_PATH}:/home/ubuntu/ros2ws/install/testV1:/home/ubuntu/ros2ws/install/gui_subscriber:/home/ubuntu/ros2ws/install/robot_letter_writer:/opt/ros/humble /usr/bin/cmake --build /home/ubuntu/ros2ws/build/abb_resources -- -j4 -l4
[0.130s] Invoked command in '/home/ubuntu/ros2ws/build/abb_resources' returned '0': CMAKE_PREFIX_PATH=${CMAKE_PREFIX_PATH}:/home/ubuntu/ros2ws/install/testV1:/home/ubuntu/ros2ws/install/gui_subscriber:/home/ubuntu/ros2ws/install/robot_letter_writer:/opt/ros/humble /usr/bin/cmake --build /home/ubuntu/ros2ws/build/abb_resources -- -j4 -l4
[0.209s] Invoking command in '/home/ubuntu/ros2ws/build/abb_resources': CMAKE_PREFIX_PATH=${CMAKE_PREFIX_PATH}:/home/ubuntu/ros2ws/install/testV1:/home/ubuntu/ros2ws/install/gui_subscriber:/home/ubuntu/ros2ws/install/robot_letter_writer:/opt/ros/humble /usr/bin/cmake --install /home/ubuntu/ros2ws/build/abb_resources
[0.227s] -- Install configuration: ""
[0.227s] -- Execute custom install script
[0.227s] -- Up-to-date symlink: /home/ubuntu/ros2ws/install/abb_resources/share/ament_index/resource_index/package_run_dependencies/abb_resources
[0.227s] -- Up-to-date symlink: /home/ubuntu/ros2ws/install/abb_resources/share/ament_index/resource_index/parent_prefix_path/abb_resources
[0.228s] -- Up-to-date symlink: /home/ubuntu/ros2ws/install/abb_resources/share/abb_resources/environment/ament_prefix_path.sh
[0.228s] -- Up-to-date symlink: /home/ubuntu/ros2ws/install/abb_resources/share/abb_resources/environment/ament_prefix_path.dsv
[0.228s] -- Up-to-date symlink: /home/ubuntu/ros2ws/install/abb_resources/share/abb_resources/environment/path.sh
[0.228s] -- Up-to-date symlink: /home/ubuntu/ros2ws/install/abb_resources/share/abb_resources/environment/path.dsv
[0.229s] -- Up-to-date symlink: /home/ubuntu/ros2ws/install/abb_resources/share/abb_resources/local_setup.bash
[0.231s] -- Up-to-date symlink: /home/ubuntu/ros2ws/install/abb_resources/share/abb_resources/local_setup.sh
[0.231s] -- Up-to-date symlink: /home/ubuntu/ros2ws/install/abb_resources/share/abb_resources/local_setup.zsh
[0.231s] -- Up-to-date symlink: /home/ubuntu/ros2ws/install/abb_resources/share/abb_resources/local_setup.dsv
[0.232s] -- Symlinking: /home/ubuntu/ros2ws/install/abb_resources/share/abb_resources/package.dsv
[0.250s] -- Up-to-date symlink: /home/ubuntu/ros2ws/install/abb_resources/share/ament_index/resource_index/packages/abb_resources
[0.251s] -- Up-to-date symlink: /home/ubuntu/ros2ws/install/abb_resources/share/abb_resources/cmake/abb_resourcesConfig.cmake
[0.252s] -- Up-to-date symlink: /home/ubuntu/ros2ws/install/abb_resources/share/abb_resources/cmake/abb_resourcesConfig-version.cmake
[0.253s] -- Up-to-date symlink: /home/ubuntu/ros2ws/install/abb_resources/share/abb_resources/package.xml
[0.255s] -- Up-to-date symlink: /home/ubuntu/ros2ws/install/abb_resources/share/abb_resources/urdf/common_colours.xacro
[0.258s] -- Up-to-date symlink: /home/ubuntu/ros2ws/install/abb_resources/share/abb_resources/urdf/common_materials.xacro
[0.262s] Invoked command in '/home/ubuntu/ros2ws/build/abb_resources' returned '0': CMAKE_PREFIX_PATH=${CMAKE_PREFIX_PATH}:/home/ubuntu/ros2ws/install/testV1:/home/ubuntu/ros2ws/install/gui_subscriber:/home/ubuntu/ros2ws/install/robot_letter_writer:/opt/ros/humble /usr/bin/cmake --install /home/ubuntu/ros2ws/build/abb_resources
