[0.026s] Invoking command in '/home/ubuntu/ros2ws/build/ros2srrc_execution': AMENT_PREFIX_PATH=/home/ubuntu/ros2ws/install/ros2srrc_data:/home/ubuntu/ros2ws/install/linkattacher_msgs:/home/ubuntu/ros2ws/install/abb_robot_msgs:${AMENT_PREFIX_PATH} CMAKE_PREFIX_PATH=/home/ubuntu/ros2ws/install/ros2srrc_data:/home/ubuntu/ros2ws/install/linkattacher_msgs:/home/ubuntu/ros2ws/install/abb_robot_msgs:/home/ubuntu/ros2ws/install/turtlesim:/opt/ros/humble LD_LIBRARY_PATH=/home/ubuntu/ros2ws/install/ros2srrc_data/lib:/home/ubuntu/ros2ws/install/linkattacher_msgs/lib:/home/ubuntu/ros2ws/install/abb_robot_msgs/lib:${LD_LIBRARY_PATH} PYTHONPATH=/home/ubuntu/ros2ws/install/ros2srrc_data/local/lib/python3.10/dist-packages:/home/ubuntu/ros2ws/install/linkattacher_msgs/local/lib/python3.10/dist-packages:/home/ubuntu/ros2ws/install/abb_robot_msgs/local/lib/python3.10/dist-packages:${PYTHONPATH} /usr/bin/cmake /home/ubuntu/ros2ws/src/ros2_SimRealRobotControl/ros2srrc_execution -DCMAKE_INSTALL_PREFIX=/home/ubuntu/ros2ws/install/ros2srrc_execution
[0.318s] -- The C compiler identification is GNU 11.4.0
[0.509s] -- The CXX compiler identification is GNU 11.4.0
[0.552s] -- Detecting C compiler ABI info
[0.735s] -- Detecting C compiler ABI info - done
[0.747s] -- Check for working C compiler: /usr/bin/cc - skipped
[0.748s] -- Detecting C compile features
[0.748s] -- Detecting C compile features - done
[0.754s] -- Detecting CXX compiler ABI info
[0.917s] -- Detecting CXX compiler ABI info - done
[0.927s] -- Check for working CXX compiler: /usr/bin/c++ - skipped
[0.928s] -- Detecting CXX compile features
[0.929s] -- Detecting CXX compile features - done
[0.934s] -- Found ament_cmake: 1.3.10 (/opt/ros/humble/share/ament_cmake/cmake)
[1.171s] -- Found Python3: /usr/bin/python3 (found version "3.10.12") found components: Interpreter 
[1.313s] -- Found ament_lint_auto: 0.12.11 (/opt/ros/humble/share/ament_lint_auto/cmake)
[1.425s] -- Found moveit_ros_planning_interface: 2.5.5 (/opt/ros/humble/share/moveit_ros_planning_interface/cmake)
[1.679s] -- Found Boost: /usr/lib/x86_64-linux-gnu/cmake/Boost-1.74.0/BoostConfig.cmake (found version "1.74.0") found components: date_time filesystem program_options system thread 
[1.739s] -- Found rosidl_generator_c: 3.1.5 (/opt/ros/humble/share/rosidl_generator_c/cmake)
[1.747s] -- Found rosidl_adapter: 3.1.5 (/opt/ros/humble/share/rosidl_adapter/cmake)
[1.758s] -- Found rosidl_generator_cpp: 3.1.5 (/opt/ros/humble/share/rosidl_generator_cpp/cmake)
[1.774s] -- Using all available rosidl_typesupport_c: rosidl_typesupport_fastrtps_c;rosidl_typesupport_introspection_c
[1.800s] -- Using all available rosidl_typesupport_cpp: rosidl_typesupport_fastrtps_cpp;rosidl_typesupport_introspection_cpp
[2.077s] -- Found Boost: /usr/lib/x86_64-linux-gnu/cmake/Boost-1.74.0/BoostConfig.cmake (found version "1.74.0") found components: chrono date_time filesystem iostreams program_options regex serialization system thread 
[2.098s] -- Found parameter_traits: 0.3.8 (/opt/ros/humble/share/parameter_traits/cmake)
[2.155s] -- Found rmw_implementation_cmake: 6.1.2 (/opt/ros/humble/share/rmw_implementation_cmake/cmake)
[2.158s] -- Found rmw_cyclonedds_cpp: 1.3.4 (/opt/ros/humble/share/rmw_cyclonedds_cpp/cmake)
[2.187s] -- Using RMW implementation 'rmw_cyclonedds_cpp' as default
[2.203s] -- Found Threads: TRUE  
[2.271s] -- Found rclcpp_lifecycle: 16.0.10 (/opt/ros/humble/share/rclcpp_lifecycle/cmake)
[2.302s] -- Found Boost: /usr/lib/x86_64-linux-gnu/cmake/Boost-1.74.0/BoostConfig.cmake (found version "1.74.0") found components: filesystem 
[2.432s] -- library: /usr/lib/x86_64-linux-gnu/libcurl.so
[2.473s] -- Found Eigen3: TRUE (found version "3.4.0") 
[2.473s] -- Ensuring Eigen3 include directory is part of orocos-kdl CMake target
[2.653s] -- Found Boost: /usr/lib/x86_64-linux-gnu/cmake/Boost-1.74.0/BoostConfig.cmake (found version "1.74.0") found components: system filesystem date_time program_options thread chrono 
[2.696s] -- Found Boost: /usr/lib/x86_64-linux-gnu/cmake/Boost-1.74.0/BoostConfig.cmake (found version "1.74.0") found components: thread system filesystem regex date_time program_options 
[2.833s] -- Found Boost: /usr/lib/x86_64-linux-gnu/cmake/Boost-1.74.0/BoostConfig.cmake (found version "1.74.0") found components: system filesystem date_time program_options thread 
[2.885s] -- Found ros2srrc_data: 0.0.0 (/home/ubuntu/ros2ws/install/ros2srrc_data/share/ros2srrc_data/cmake)
[2.915s] -- Found linkattacher_msgs: 0.0.0 (/home/ubuntu/ros2ws/install/linkattacher_msgs/share/linkattacher_msgs/cmake)
[2.939s] -- Found abb_robot_msgs: 1.0.0 (/home/ubuntu/ros2ws/install/abb_robot_msgs/share/abb_robot_msgs/cmake)
[2.971s] [31mCMake Error at CMakeLists.txt:51 (find_package):
[2.971s]   By not providing "Findros2_robotiqgripper.cmake" in CMAKE_MODULE_PATH this
[2.972s]   project has asked CMake to find a package configuration file provided by
[2.972s]   "ros2_robotiqgripper", but CMake did not find one.
[2.972s] 
[2.972s]   Could not find a package configuration file provided by
[2.972s]   "ros2_robotiqgripper" with any of the following names:
[2.972s] 
[2.972s]     ros2_robotiqgripperConfig.cmake
[2.972s]     ros2_robotiqgripper-config.cmake
[2.973s] 
[2.973s]   Add the installation prefix of "ros2_robotiqgripper" to CMAKE_PREFIX_PATH
[2.973s]   or set "ros2_robotiqgripper_DIR" to a directory containing one of the above
[2.973s]   files.  If "ros2_robotiqgripper" provides a separate development package or
[2.973s]   SDK, be sure it has been installed.
[2.973s] 
[2.973s] [0m
[2.973s] -- Configuring incomplete, errors occurred!
[2.973s] See also "/home/ubuntu/ros2ws/build/ros2srrc_execution/CMakeFiles/CMakeOutput.log".
[2.996s] Invoked command in '/home/ubuntu/ros2ws/build/ros2srrc_execution' returned '1': AMENT_PREFIX_PATH=/home/ubuntu/ros2ws/install/ros2srrc_data:/home/ubuntu/ros2ws/install/linkattacher_msgs:/home/ubuntu/ros2ws/install/abb_robot_msgs:${AMENT_PREFIX_PATH} CMAKE_PREFIX_PATH=/home/ubuntu/ros2ws/install/ros2srrc_data:/home/ubuntu/ros2ws/install/linkattacher_msgs:/home/ubuntu/ros2ws/install/abb_robot_msgs:/home/ubuntu/ros2ws/install/turtlesim:/opt/ros/humble LD_LIBRARY_PATH=/home/ubuntu/ros2ws/install/ros2srrc_data/lib:/home/ubuntu/ros2ws/install/linkattacher_msgs/lib:/home/ubuntu/ros2ws/install/abb_robot_msgs/lib:${LD_LIBRARY_PATH} PYTHONPATH=/home/ubuntu/ros2ws/install/ros2srrc_data/local/lib/python3.10/dist-packages:/home/ubuntu/ros2ws/install/linkattacher_msgs/local/lib/python3.10/dist-packages:/home/ubuntu/ros2ws/install/abb_robot_msgs/local/lib/python3.10/dist-packages:${PYTHONPATH} /usr/bin/cmake /home/ubuntu/ros2ws/src/ros2_SimRealRobotControl/ros2srrc_execution -DCMAKE_INSTALL_PREFIX=/home/ubuntu/ros2ws/install/ros2srrc_execution
