[0.069s] Invoking command in '/home/ubuntu/ros2ws/build/abb_bringup': AMENT_PREFIX_PATH=/home/ubuntu/ros2ws/install/abb_irb1200_5_90_moveit_config:/home/ubuntu/ros2ws/install/abb_resources:/home/ubuntu/ros2ws/install/abb_irb1200_support:${AMENT_PREFIX_PATH} CMAKE_PREFIX_PATH=/home/ubuntu/ros2ws/install/abb_irb1200_5_90_moveit_config:/home/ubuntu/ros2ws/install/abb_resources:/home/ubuntu/ros2ws/install/abb_irb1200_support:/home/ubuntu/ros2ws/install/turtlesim:/opt/ros/humble /usr/bin/cmake --build /home/ubuntu/ros2ws/build/abb_bringup -- -j4 -l4
[0.326s] [ 33%] Built target gtest
[0.326s] [ 66%] Built target gtest_main
[0.435s] [100%] Built target test_command_topics
[0.491s] Invoked command in '/home/ubuntu/ros2ws/build/abb_bringup' returned '0': AMENT_PREFIX_PATH=/home/ubuntu/ros2ws/install/abb_irb1200_5_90_moveit_config:/home/ubuntu/ros2ws/install/abb_resources:/home/ubuntu/ros2ws/install/abb_irb1200_support:${AMENT_PREFIX_PATH} CMAKE_PREFIX_PATH=/home/ubuntu/ros2ws/install/abb_irb1200_5_90_moveit_config:/home/ubuntu/ros2ws/install/abb_resources:/home/ubuntu/ros2ws/install/abb_irb1200_support:/home/ubuntu/ros2ws/install/turtlesim:/opt/ros/humble /usr/bin/cmake --build /home/ubuntu/ros2ws/build/abb_bringup -- -j4 -l4
[0.642s] Invoking command in '/home/ubuntu/ros2ws/build/abb_bringup': AMENT_PREFIX_PATH=/home/ubuntu/ros2ws/install/abb_irb1200_5_90_moveit_config:/home/ubuntu/ros2ws/install/abb_resources:/home/ubuntu/ros2ws/install/abb_irb1200_support:${AMENT_PREFIX_PATH} CMAKE_PREFIX_PATH=/home/ubuntu/ros2ws/install/abb_irb1200_5_90_moveit_config:/home/ubuntu/ros2ws/install/abb_resources:/home/ubuntu/ros2ws/install/abb_irb1200_support:/home/ubuntu/ros2ws/install/turtlesim:/opt/ros/humble /usr/bin/cmake --install /home/ubuntu/ros2ws/build/abb_bringup
[0.692s] -- Install configuration: ""
[0.696s] -- Up-to-date: /home/ubuntu/ros2ws/install/abb_bringup/share/abb_bringup/config
[0.699s] -- Up-to-date: /home/ubuntu/ros2ws/install/abb_bringup/share/abb_bringup/config/abb_controllers.yaml
[0.700s] -- Up-to-date: /home/ubuntu/ros2ws/install/abb_bringup/share/abb_bringup/launch
[0.701s] -- Up-to-date: /home/ubuntu/ros2ws/install/abb_bringup/share/abb_bringup/launch/abb_rws_client.launch.py
[0.701s] -- Up-to-date: /home/ubuntu/ros2ws/install/abb_bringup/share/abb_bringup/launch/abb_moveit.launch.py
[0.702s] -- Up-to-date: /home/ubuntu/ros2ws/install/abb_bringup/share/abb_bringup/launch/abb_control.launch.py
[0.702s] -- Up-to-date: /home/ubuntu/ros2ws/install/abb_bringup/share/ament_index/resource_index/package_run_dependencies/abb_bringup
[0.703s] -- Up-to-date: /home/ubuntu/ros2ws/install/abb_bringup/share/ament_index/resource_index/parent_prefix_path/abb_bringup
[0.703s] -- Up-to-date: /home/ubuntu/ros2ws/install/abb_bringup/share/abb_bringup/environment/ament_prefix_path.sh
[0.703s] -- Up-to-date: /home/ubuntu/ros2ws/install/abb_bringup/share/abb_bringup/environment/ament_prefix_path.dsv
[0.704s] -- Up-to-date: /home/ubuntu/ros2ws/install/abb_bringup/share/abb_bringup/environment/path.sh
[0.704s] -- Up-to-date: /home/ubuntu/ros2ws/install/abb_bringup/share/abb_bringup/environment/path.dsv
[0.708s] -- Up-to-date: /home/ubuntu/ros2ws/install/abb_bringup/share/abb_bringup/local_setup.bash
[0.708s] -- Up-to-date: /home/ubuntu/ros2ws/install/abb_bringup/share/abb_bringup/local_setup.sh
[0.709s] -- Up-to-date: /home/ubuntu/ros2ws/install/abb_bringup/share/abb_bringup/local_setup.zsh
[0.709s] -- Up-to-date: /home/ubuntu/ros2ws/install/abb_bringup/share/abb_bringup/local_setup.dsv
[0.717s] -- Installing: /home/ubuntu/ros2ws/install/abb_bringup/share/abb_bringup/package.dsv
[0.719s] -- Up-to-date: /home/ubuntu/ros2ws/install/abb_bringup/share/ament_index/resource_index/packages/abb_bringup
[0.719s] -- Up-to-date: /home/ubuntu/ros2ws/install/abb_bringup/share/abb_bringup/cmake/ament_cmake_export_dependencies-extras.cmake
[0.720s] -- Up-to-date: /home/ubuntu/ros2ws/install/abb_bringup/share/abb_bringup/cmake/abb_bringupConfig.cmake
[0.720s] -- Up-to-date: /home/ubuntu/ros2ws/install/abb_bringup/share/abb_bringup/cmake/abb_bringupConfig-version.cmake
[0.720s] -- Up-to-date: /home/ubuntu/ros2ws/install/abb_bringup/share/abb_bringup/package.xml
[0.727s] Invoked command in '/home/ubuntu/ros2ws/build/abb_bringup' returned '0': AMENT_PREFIX_PATH=/home/ubuntu/ros2ws/install/abb_irb1200_5_90_moveit_config:/home/ubuntu/ros2ws/install/abb_resources:/home/ubuntu/ros2ws/install/abb_irb1200_support:${AMENT_PREFIX_PATH} CMAKE_PREFIX_PATH=/home/ubuntu/ros2ws/install/abb_irb1200_5_90_moveit_config:/home/ubuntu/ros2ws/install/abb_resources:/home/ubuntu/ros2ws/install/abb_irb1200_support:/home/ubuntu/ros2ws/install/turtlesim:/opt/ros/humble /usr/bin/cmake --install /home/ubuntu/ros2ws/build/abb_bringup
