[0.056s] Invoking command in '/home/ubuntu/ros2ws/build/ros2srrc_ur10e_moveit2': CMAKE_PREFIX_PATH=${CMAKE_PREFIX_PATH}:/home/ubuntu/ros2ws/install/moveit_configs_utils:/home/ubuntu/ros2ws/install/launch_param_builder:/home/ubuntu/ros2ws/install/testV1:/home/ubuntu/ros2ws/install/gui_subscriber:/home/ubuntu/ros2ws/install/robot_letter_writer:/opt/ros/humble /usr/bin/cmake --build /home/ubuntu/ros2ws/build/ros2srrc_ur10e_moveit2 -- -j4 -l4
[0.328s] Invoked command in '/home/ubuntu/ros2ws/build/ros2srrc_ur10e_moveit2' returned '0': CMAKE_PREFIX_PATH=${CMAKE_PREFIX_PATH}:/home/ubuntu/ros2ws/install/moveit_configs_utils:/home/ubuntu/ros2ws/install/launch_param_builder:/home/ubuntu/ros2ws/install/testV1:/home/ubuntu/ros2ws/install/gui_subscriber:/home/ubuntu/ros2ws/install/robot_letter_writer:/opt/ros/humble /usr/bin/cmake --build /home/ubuntu/ros2ws/build/ros2srrc_ur10e_moveit2 -- -j4 -l4
[0.410s] Invoking command in '/home/ubuntu/ros2ws/build/ros2srrc_ur10e_moveit2': CMAKE_PREFIX_PATH=${CMAKE_PREFIX_PATH}:/home/ubuntu/ros2ws/install/moveit_configs_utils:/home/ubuntu/ros2ws/install/launch_param_builder:/home/ubuntu/ros2ws/install/testV1:/home/ubuntu/ros2ws/install/gui_subscriber:/home/ubuntu/ros2ws/install/robot_letter_writer:/opt/ros/humble /usr/bin/cmake --install /home/ubuntu/ros2ws/build/ros2srrc_ur10e_moveit2
[0.437s] -- Install configuration: ""
[0.446s] -- Execute custom install script
[0.460s] -- Up-to-date symlink: /home/ubuntu/ros2ws/install/ros2srrc_ur10e_moveit2/share/ros2srrc_ur10e_moveit2/config/ur10e.srdf
[0.514s] -- Up-to-date symlink: /home/ubuntu/ros2ws/install/ros2srrc_ur10e_moveit2/share/ros2srrc_ur10e_moveit2/config/ur10e_moveit2.rviz
[0.516s] -- Up-to-date symlink: /home/ubuntu/ros2ws/install/ros2srrc_ur10e_moveit2/share/ros2srrc_ur10e_moveit2/config/ur10erobotiq_2f85.srdf
[0.517s] -- Up-to-date symlink: /home/ubuntu/ros2ws/install/ros2srrc_ur10e_moveit2/share/ros2srrc_ur10e_moveit2/config/ur10erobotiq_2f85_moveit2.rviz
[0.520s] -- Up-to-date symlink: /home/ubuntu/ros2ws/install/ros2srrc_ur10e_moveit2/share/ros2srrc_ur10e_moveit2/config/ur10erobotiq_hande.srdf
[0.520s] -- Up-to-date symlink: /home/ubuntu/ros2ws/install/ros2srrc_ur10e_moveit2/share/ros2srrc_ur10e_moveit2/config/ur10erobotiq_hande_moveit2.rviz
[0.529s] -- Up-to-date symlink: /home/ubuntu/ros2ws/install/ros2srrc_ur10e_moveit2/share/ament_index/resource_index/package_run_dependencies/ros2srrc_ur10e_moveit2
[0.529s] -- Up-to-date symlink: /home/ubuntu/ros2ws/install/ros2srrc_ur10e_moveit2/share/ament_index/resource_index/parent_prefix_path/ros2srrc_ur10e_moveit2
[0.529s] -- Up-to-date symlink: /home/ubuntu/ros2ws/install/ros2srrc_ur10e_moveit2/share/ros2srrc_ur10e_moveit2/environment/ament_prefix_path.sh
[0.529s] -- Up-to-date symlink: /home/ubuntu/ros2ws/install/ros2srrc_ur10e_moveit2/share/ros2srrc_ur10e_moveit2/environment/ament_prefix_path.dsv
[0.529s] -- Up-to-date symlink: /home/ubuntu/ros2ws/install/ros2srrc_ur10e_moveit2/share/ros2srrc_ur10e_moveit2/environment/path.sh
[0.532s] -- Up-to-date symlink: /home/ubuntu/ros2ws/install/ros2srrc_ur10e_moveit2/share/ros2srrc_ur10e_moveit2/environment/path.dsv
[0.532s] -- Up-to-date symlink: /home/ubuntu/ros2ws/install/ros2srrc_ur10e_moveit2/share/ros2srrc_ur10e_moveit2/local_setup.bash
[0.532s] -- Up-to-date symlink: /home/ubuntu/ros2ws/install/ros2srrc_ur10e_moveit2/share/ros2srrc_ur10e_moveit2/local_setup.sh
[0.533s] -- Up-to-date symlink: /home/ubuntu/ros2ws/install/ros2srrc_ur10e_moveit2/share/ros2srrc_ur10e_moveit2/local_setup.zsh
[0.533s] -- Up-to-date symlink: /home/ubuntu/ros2ws/install/ros2srrc_ur10e_moveit2/share/ros2srrc_ur10e_moveit2/local_setup.dsv
[0.533s] -- Symlinking: /home/ubuntu/ros2ws/install/ros2srrc_ur10e_moveit2/share/ros2srrc_ur10e_moveit2/package.dsv
[0.545s] -- Up-to-date symlink: /home/ubuntu/ros2ws/install/ros2srrc_ur10e_moveit2/share/ament_index/resource_index/packages/ros2srrc_ur10e_moveit2
[0.554s] -- Up-to-date symlink: /home/ubuntu/ros2ws/install/ros2srrc_ur10e_moveit2/share/ros2srrc_ur10e_moveit2/cmake/ros2srrc_ur10e_moveit2Config.cmake
[0.556s] -- Up-to-date symlink: /home/ubuntu/ros2ws/install/ros2srrc_ur10e_moveit2/share/ros2srrc_ur10e_moveit2/cmake/ros2srrc_ur10e_moveit2Config-version.cmake
[0.556s] -- Up-to-date symlink: /home/ubuntu/ros2ws/install/ros2srrc_ur10e_moveit2/share/ros2srrc_ur10e_moveit2/package.xml
[0.573s] Invoked command in '/home/ubuntu/ros2ws/build/ros2srrc_ur10e_moveit2' returned '0': CMAKE_PREFIX_PATH=${CMAKE_PREFIX_PATH}:/home/ubuntu/ros2ws/install/moveit_configs_utils:/home/ubuntu/ros2ws/install/launch_param_builder:/home/ubuntu/ros2ws/install/testV1:/home/ubuntu/ros2ws/install/gui_subscriber:/home/ubuntu/ros2ws/install/robot_letter_writer:/opt/ros/humble /usr/bin/cmake --install /home/ubuntu/ros2ws/build/ros2srrc_ur10e_moveit2
