[0.063s] Invoking command in '/home/ubuntu/ros2ws/build/ros2srrc_irb1200_gazebo': CMAKE_PREFIX_PATH=${CMAKE_PREFIX_PATH}:/home/ubuntu/ros2ws/install/testV1:/home/ubuntu/ros2ws/install/gui_subscriber:/home/ubuntu/ros2ws/install/moveit_configs_utils:/home/ubuntu/ros2ws/install/robot_letter_writer:/home/ubuntu/ros2ws/install/launch_param_builder:/opt/ros/humble /usr/bin/cmake --build /home/ubuntu/ros2ws/build/ros2srrc_irb1200_gazebo -- -j4 -l4
[0.213s] Invoked command in '/home/ubuntu/ros2ws/build/ros2srrc_irb1200_gazebo' returned '0': CMAKE_PREFIX_PATH=${CMAKE_PREFIX_PATH}:/home/ubuntu/ros2ws/install/testV1:/home/ubuntu/ros2ws/install/gui_subscriber:/home/ubuntu/ros2ws/install/moveit_configs_utils:/home/ubuntu/ros2ws/install/robot_letter_writer:/home/ubuntu/ros2ws/install/launch_param_builder:/opt/ros/humble /usr/bin/cmake --build /home/ubuntu/ros2ws/build/ros2srrc_irb1200_gazebo -- -j4 -l4
[0.301s] Invoking command in '/home/ubuntu/ros2ws/build/ros2srrc_irb1200_gazebo': CMAKE_PREFIX_PATH=${CMAKE_PREFIX_PATH}:/home/ubuntu/ros2ws/install/testV1:/home/ubuntu/ros2ws/install/gui_subscriber:/home/ubuntu/ros2ws/install/moveit_configs_utils:/home/ubuntu/ros2ws/install/robot_letter_writer:/home/ubuntu/ros2ws/install/launch_param_builder:/opt/ros/humble /usr/bin/cmake --install /home/ubuntu/ros2ws/build/ros2srrc_irb1200_gazebo
[0.320s] -- Install configuration: ""
[0.321s] -- Execute custom install script
[0.322s] -- Up-to-date symlink: /home/ubuntu/ros2ws/install/ros2srrc_irb1200_gazebo/share/ros2srrc_irb1200_gazebo/config/configurations.yaml
[0.322s] -- Up-to-date symlink: /home/ubuntu/ros2ws/install/ros2srrc_irb1200_gazebo/share/ros2srrc_irb1200_gazebo/urdf/irb1200.urdf.xacro
[0.323s] -- Up-to-date symlink: /home/ubuntu/ros2ws/install/ros2srrc_irb1200_gazebo/share/ros2srrc_irb1200_gazebo/urdf/irb1200_egp64.urdf.xacro
[0.325s] -- Up-to-date symlink: /home/ubuntu/ros2ws/install/ros2srrc_irb1200_gazebo/share/ros2srrc_irb1200_gazebo/worlds/ros2srrc_irb1200.world
[0.325s] -- Up-to-date symlink: /home/ubuntu/ros2ws/install/ros2srrc_irb1200_gazebo/share/ament_index/resource_index/package_run_dependencies/ros2srrc_irb1200_gazebo
[0.325s] -- Up-to-date symlink: /home/ubuntu/ros2ws/install/ros2srrc_irb1200_gazebo/share/ament_index/resource_index/parent_prefix_path/ros2srrc_irb1200_gazebo
[0.325s] -- Up-to-date symlink: /home/ubuntu/ros2ws/install/ros2srrc_irb1200_gazebo/share/ros2srrc_irb1200_gazebo/environment/ament_prefix_path.sh
[0.325s] -- Up-to-date symlink: /home/ubuntu/ros2ws/install/ros2srrc_irb1200_gazebo/share/ros2srrc_irb1200_gazebo/environment/ament_prefix_path.dsv
[0.325s] -- Up-to-date symlink: /home/ubuntu/ros2ws/install/ros2srrc_irb1200_gazebo/share/ros2srrc_irb1200_gazebo/environment/path.sh
[0.326s] -- Up-to-date symlink: /home/ubuntu/ros2ws/install/ros2srrc_irb1200_gazebo/share/ros2srrc_irb1200_gazebo/environment/path.dsv
[0.329s] -- Up-to-date symlink: /home/ubuntu/ros2ws/install/ros2srrc_irb1200_gazebo/share/ros2srrc_irb1200_gazebo/local_setup.bash
[0.330s] -- Up-to-date symlink: /home/ubuntu/ros2ws/install/ros2srrc_irb1200_gazebo/share/ros2srrc_irb1200_gazebo/local_setup.sh
[0.330s] -- Up-to-date symlink: /home/ubuntu/ros2ws/install/ros2srrc_irb1200_gazebo/share/ros2srrc_irb1200_gazebo/local_setup.zsh
[0.330s] -- Up-to-date symlink: /home/ubuntu/ros2ws/install/ros2srrc_irb1200_gazebo/share/ros2srrc_irb1200_gazebo/local_setup.dsv
[0.331s] -- Symlinking: /home/ubuntu/ros2ws/install/ros2srrc_irb1200_gazebo/share/ros2srrc_irb1200_gazebo/package.dsv
[0.367s] -- Up-to-date symlink: /home/ubuntu/ros2ws/install/ros2srrc_irb1200_gazebo/share/ament_index/resource_index/packages/ros2srrc_irb1200_gazebo
[0.368s] -- Up-to-date symlink: /home/ubuntu/ros2ws/install/ros2srrc_irb1200_gazebo/share/ros2srrc_irb1200_gazebo/cmake/ros2srrc_irb1200_gazeboConfig.cmake
[0.368s] -- Up-to-date symlink: /home/ubuntu/ros2ws/install/ros2srrc_irb1200_gazebo/share/ros2srrc_irb1200_gazebo/cmake/ros2srrc_irb1200_gazeboConfig-version.cmake
[0.368s] -- Up-to-date symlink: /home/ubuntu/ros2ws/install/ros2srrc_irb1200_gazebo/share/ros2srrc_irb1200_gazebo/package.xml
[0.371s] Invoked command in '/home/ubuntu/ros2ws/build/ros2srrc_irb1200_gazebo' returned '0': CMAKE_PREFIX_PATH=${CMAKE_PREFIX_PATH}:/home/ubuntu/ros2ws/install/testV1:/home/ubuntu/ros2ws/install/gui_subscriber:/home/ubuntu/ros2ws/install/moveit_configs_utils:/home/ubuntu/ros2ws/install/robot_letter_writer:/home/ubuntu/ros2ws/install/launch_param_builder:/opt/ros/humble /usr/bin/cmake --install /home/ubuntu/ros2ws/build/ros2srrc_irb1200_gazebo
