[0.053s] Invoking command in '/home/ubuntu/ros2ws/build/abb_egm_msgs': CMAKE_PREFIX_PATH=${CMAKE_PREFIX_PATH}:/home/ubuntu/ros2ws/install/moveit_configs_utils:/home/ubuntu/ros2ws/install/launch_param_builder:/home/ubuntu/ros2ws/install/testV1:/home/ubuntu/ros2ws/install/gui_subscriber:/home/ubuntu/ros2ws/install/robot_letter_writer:/opt/ros/humble /usr/bin/cmake --build /home/ubuntu/ros2ws/build/abb_egm_msgs -- -j4 -l4
[0.269s] [ 10%] Built target abb_egm_msgs__rosidl_generator_c
[0.401s] [ 10%] Built target ament_cmake_python_symlink_abb_egm_msgs
[0.492s] [ 20%] Built target abb_egm_msgs__rosidl_typesupport_introspection_c
[0.560s] [ 30%] Built target abb_egm_msgs__rosidl_typesupport_c
[1.187s] running egg_info
[1.188s] writing abb_egm_msgs.egg-info/PKG-INFO
[1.189s] writing dependency_links to abb_egm_msgs.egg-info/dependency_links.txt
[1.190s] writing top-level names to abb_egm_msgs.egg-info/top_level.txt
[1.195s] reading manifest file 'abb_egm_msgs.egg-info/SOURCES.txt'
[1.195s] writing manifest file 'abb_egm_msgs.egg-info/SOURCES.txt'
[1.258s] [ 30%] Built target ament_cmake_python_build_abb_egm_msgs_egg
[1.352s] [ 41%] Built target abb_egm_msgs__rosidl_typesupport_fastrtps_c
[1.460s] [ 43%] Built target abb_egm_msgs__cpp
[1.577s] [ 53%] Built target abb_egm_msgs__rosidl_typesupport_fastrtps_cpp
[1.663s] [ 64%] Built target abb_egm_msgs__rosidl_typesupport_cpp
[1.768s] [ 74%] Built target abb_egm_msgs__rosidl_typesupport_introspection_cpp
[1.834s] [ 74%] Built target abb_egm_msgs
[1.916s] [ 76%] Built target abb_egm_msgs__py
[1.999s] [ 84%] Built target abb_egm_msgs__rosidl_generator_py
[2.072s] [ 89%] Built target abb_egm_msgs__rosidl_typesupport_fastrtps_c__pyext
[2.161s] [ 94%] Built target abb_egm_msgs__rosidl_typesupport_c__pyext
[2.261s] [100%] Built target abb_egm_msgs__rosidl_typesupport_introspection_c__pyext
[2.303s] Invoked command in '/home/ubuntu/ros2ws/build/abb_egm_msgs' returned '0': CMAKE_PREFIX_PATH=${CMAKE_PREFIX_PATH}:/home/ubuntu/ros2ws/install/moveit_configs_utils:/home/ubuntu/ros2ws/install/launch_param_builder:/home/ubuntu/ros2ws/install/testV1:/home/ubuntu/ros2ws/install/gui_subscriber:/home/ubuntu/ros2ws/install/robot_letter_writer:/opt/ros/humble /usr/bin/cmake --build /home/ubuntu/ros2ws/build/abb_egm_msgs -- -j4 -l4
[2.880s] Invoking command in '/home/ubuntu/ros2ws/build/abb_egm_msgs': CMAKE_PREFIX_PATH=${CMAKE_PREFIX_PATH}:/home/ubuntu/ros2ws/install/moveit_configs_utils:/home/ubuntu/ros2ws/install/launch_param_builder:/home/ubuntu/ros2ws/install/testV1:/home/ubuntu/ros2ws/install/gui_subscriber:/home/ubuntu/ros2ws/install/robot_letter_writer:/opt/ros/humble /usr/bin/cmake --install /home/ubuntu/ros2ws/build/abb_egm_msgs
[2.918s] -- Install configuration: ""
[2.920s] -- Execute custom install script
[2.925s] -- Up-to-date symlink: /home/ubuntu/ros2ws/install/abb_egm_msgs/share/ament_index/resource_index/rosidl_interfaces/abb_egm_msgs
[2.925s] -- Up-to-date symlink: /home/ubuntu/ros2ws/install/abb_egm_msgs/include/abb_egm_msgs/abb_egm_msgs/msg/detail/egm_channel_state__functions.h
[2.925s] -- Up-to-date symlink: /home/ubuntu/ros2ws/install/abb_egm_msgs/include/abb_egm_msgs/abb_egm_msgs/msg/detail/egm_channel_state__struct.h
[2.925s] -- Up-to-date symlink: /home/ubuntu/ros2ws/install/abb_egm_msgs/include/abb_egm_msgs/abb_egm_msgs/msg/detail/egm_channel_state__type_support.h
[2.925s] -- Up-to-date symlink: /home/ubuntu/ros2ws/install/abb_egm_msgs/include/abb_egm_msgs/abb_egm_msgs/msg/detail/egm_state__functions.h
[2.926s] -- Up-to-date symlink: /home/ubuntu/ros2ws/install/abb_egm_msgs/include/abb_egm_msgs/abb_egm_msgs/msg/detail/egm_state__struct.h
[2.926s] -- Up-to-date symlink: /home/ubuntu/ros2ws/install/abb_egm_msgs/include/abb_egm_msgs/abb_egm_msgs/msg/detail/egm_state__type_support.h
[2.926s] -- Up-to-date symlink: /home/ubuntu/ros2ws/install/abb_egm_msgs/include/abb_egm_msgs/abb_egm_msgs/msg/egm_channel_state.h
[2.929s] -- Up-to-date symlink: /home/ubuntu/ros2ws/install/abb_egm_msgs/include/abb_egm_msgs/abb_egm_msgs/msg/egm_state.h
[2.929s] -- Up-to-date symlink: /home/ubuntu/ros2ws/install/abb_egm_msgs/include/abb_egm_msgs/abb_egm_msgs/msg/rosidl_generator_c__visibility_control.h
[2.930s] -- Up-to-date symlink: /home/ubuntu/ros2ws/install/abb_egm_msgs/share/abb_egm_msgs/environment/library_path.sh
[2.930s] -- Up-to-date symlink: /home/ubuntu/ros2ws/install/abb_egm_msgs/share/abb_egm_msgs/environment/library_path.dsv
[2.930s] -- Up-to-date symlink: /home/ubuntu/ros2ws/install/abb_egm_msgs/include/abb_egm_msgs/abb_egm_msgs/msg/detail/egm_channel_state__rosidl_typesupport_fastrtps_c.h
[2.930s] -- Up-to-date symlink: /home/ubuntu/ros2ws/install/abb_egm_msgs/include/abb_egm_msgs/abb_egm_msgs/msg/detail/egm_state__rosidl_typesupport_fastrtps_c.h
[2.930s] -- Up-to-date symlink: /home/ubuntu/ros2ws/install/abb_egm_msgs/include/abb_egm_msgs/abb_egm_msgs/msg/rosidl_typesupport_fastrtps_c__visibility_control.h
[2.930s] -- Up-to-date symlink: /home/ubuntu/ros2ws/install/abb_egm_msgs/include/abb_egm_msgs/abb_egm_msgs/msg/detail/egm_channel_state__rosidl_typesupport_introspection_c.h
[2.930s] -- Up-to-date symlink: /home/ubuntu/ros2ws/install/abb_egm_msgs/include/abb_egm_msgs/abb_egm_msgs/msg/detail/egm_state__rosidl_typesupport_introspection_c.h
[2.931s] -- Up-to-date symlink: /home/ubuntu/ros2ws/install/abb_egm_msgs/include/abb_egm_msgs/abb_egm_msgs/msg/rosidl_typesupport_introspection_c__visibility_control.h
[2.931s] -- Up-to-date symlink: /home/ubuntu/ros2ws/install/abb_egm_msgs/include/abb_egm_msgs/abb_egm_msgs/msg/detail/egm_channel_state__builder.hpp
[2.931s] -- Up-to-date symlink: /home/ubuntu/ros2ws/install/abb_egm_msgs/include/abb_egm_msgs/abb_egm_msgs/msg/detail/egm_channel_state__struct.hpp
[2.931s] -- Up-to-date symlink: /home/ubuntu/ros2ws/install/abb_egm_msgs/include/abb_egm_msgs/abb_egm_msgs/msg/detail/egm_channel_state__traits.hpp
[2.931s] -- Up-to-date symlink: /home/ubuntu/ros2ws/install/abb_egm_msgs/include/abb_egm_msgs/abb_egm_msgs/msg/detail/egm_state__builder.hpp
[2.931s] -- Up-to-date symlink: /home/ubuntu/ros2ws/install/abb_egm_msgs/include/abb_egm_msgs/abb_egm_msgs/msg/detail/egm_state__struct.hpp
[2.932s] -- Up-to-date symlink: /home/ubuntu/ros2ws/install/abb_egm_msgs/include/abb_egm_msgs/abb_egm_msgs/msg/detail/egm_state__traits.hpp
[2.932s] -- Up-to-date symlink: /home/ubuntu/ros2ws/install/abb_egm_msgs/include/abb_egm_msgs/abb_egm_msgs/msg/egm_channel_state.hpp
[2.934s] -- Up-to-date symlink: /home/ubuntu/ros2ws/install/abb_egm_msgs/include/abb_egm_msgs/abb_egm_msgs/msg/egm_state.hpp
[2.934s] -- Up-to-date symlink: /home/ubuntu/ros2ws/install/abb_egm_msgs/include/abb_egm_msgs/abb_egm_msgs/msg/detail/egm_channel_state__rosidl_typesupport_fastrtps_cpp.hpp
[2.934s] -- Up-to-date symlink: /home/ubuntu/ros2ws/install/abb_egm_msgs/include/abb_egm_msgs/abb_egm_msgs/msg/detail/egm_state__rosidl_typesupport_fastrtps_cpp.hpp
[2.934s] -- Up-to-date symlink: /home/ubuntu/ros2ws/install/abb_egm_msgs/include/abb_egm_msgs/abb_egm_msgs/msg/rosidl_typesupport_fastrtps_cpp__visibility_control.h
[2.934s] -- Up-to-date symlink: /home/ubuntu/ros2ws/install/abb_egm_msgs/include/abb_egm_msgs/abb_egm_msgs/msg/detail/egm_channel_state__rosidl_typesupport_introspection_cpp.hpp
[2.934s] -- Up-to-date symlink: /home/ubuntu/ros2ws/install/abb_egm_msgs/include/abb_egm_msgs/abb_egm_msgs/msg/detail/egm_state__rosidl_typesupport_introspection_cpp.hpp
[2.934s] -- Up-to-date symlink: /home/ubuntu/ros2ws/install/abb_egm_msgs/share/abb_egm_msgs/environment/pythonpath.sh
[2.934s] -- Up-to-date symlink: /home/ubuntu/ros2ws/install/abb_egm_msgs/share/abb_egm_msgs/environment/pythonpath.dsv
[2.934s] -- Up-to-date symlink: /home/ubuntu/ros2ws/install/abb_egm_msgs/local/lib/python3.10/dist-packages/abb_egm_msgs-1.0.0-py3.10.egg-info/PKG-INFO
[2.934s] -- Up-to-date symlink: /home/ubuntu/ros2ws/install/abb_egm_msgs/local/lib/python3.10/dist-packages/abb_egm_msgs-1.0.0-py3.10.egg-info/SOURCES.txt
[2.934s] -- Up-to-date symlink: /home/ubuntu/ros2ws/install/abb_egm_msgs/local/lib/python3.10/dist-packages/abb_egm_msgs-1.0.0-py3.10.egg-info/dependency_links.txt
[2.935s] -- Up-to-date symlink: /home/ubuntu/ros2ws/install/abb_egm_msgs/local/lib/python3.10/dist-packages/abb_egm_msgs-1.0.0-py3.10.egg-info/top_level.txt
[2.935s] -- Up-to-date symlink: /home/ubuntu/ros2ws/install/abb_egm_msgs/local/lib/python3.10/dist-packages/abb_egm_msgs/__init__.py
[2.936s] -- Up-to-date symlink: /home/ubuntu/ros2ws/install/abb_egm_msgs/local/lib/python3.10/dist-packages/abb_egm_msgs/_abb_egm_msgs_s.ep.rosidl_typesupport_c.c
[2.936s] -- Up-to-date symlink: /home/ubuntu/ros2ws/install/abb_egm_msgs/local/lib/python3.10/dist-packages/abb_egm_msgs/_abb_egm_msgs_s.ep.rosidl_typesupport_fastrtps_c.c
[2.936s] -- Up-to-date symlink: /home/ubuntu/ros2ws/install/abb_egm_msgs/local/lib/python3.10/dist-packages/abb_egm_msgs/_abb_egm_msgs_s.ep.rosidl_typesupport_introspection_c.c
[2.936s] -- Up-to-date symlink: /home/ubuntu/ros2ws/install/abb_egm_msgs/local/lib/python3.10/dist-packages/abb_egm_msgs/abb_egm_msgs_s__rosidl_typesupport_c.cpython-310-x86_64-linux-gnu.so
[2.936s] -- Up-to-date symlink: /home/ubuntu/ros2ws/install/abb_egm_msgs/local/lib/python3.10/dist-packages/abb_egm_msgs/abb_egm_msgs_s__rosidl_typesupport_fastrtps_c.cpython-310-x86_64-linux-gnu.so
[2.937s] -- Up-to-date symlink: /home/ubuntu/ros2ws/install/abb_egm_msgs/local/lib/python3.10/dist-packages/abb_egm_msgs/abb_egm_msgs_s__rosidl_typesupport_introspection_c.cpython-310-x86_64-linux-gnu.so
[2.937s] -- Up-to-date symlink: /home/ubuntu/ros2ws/install/abb_egm_msgs/local/lib/python3.10/dist-packages/abb_egm_msgs/libabb_egm_msgs__rosidl_generator_py.so
[2.937s] -- Up-to-date symlink: /home/ubuntu/ros2ws/install/abb_egm_msgs/local/lib/python3.10/dist-packages/abb_egm_msgs/msg/__init__.py
[2.937s] -- Up-to-date symlink: /home/ubuntu/ros2ws/install/abb_egm_msgs/local/lib/python3.10/dist-packages/abb_egm_msgs/msg/_egm_channel_state.py
[2.938s] -- Up-to-date symlink: /home/ubuntu/ros2ws/install/abb_egm_msgs/local/lib/python3.10/dist-packages/abb_egm_msgs/msg/_egm_channel_state_s.c
[2.938s] -- Up-to-date symlink: /home/ubuntu/ros2ws/install/abb_egm_msgs/local/lib/python3.10/dist-packages/abb_egm_msgs/msg/_egm_state.py
[2.938s] -- Up-to-date symlink: /home/ubuntu/ros2ws/install/abb_egm_msgs/local/lib/python3.10/dist-packages/abb_egm_msgs/msg/_egm_state_s.c
[2.939s] -- Up-to-date symlink: /home/ubuntu/ros2ws/install/abb_egm_msgs/local/lib/python3.10/dist-packages/abb_egm_msgs/abb_egm_msgs_s__rosidl_typesupport_fastrtps_c.cpython-310-x86_64-linux-gnu.so
[2.939s] -- Up-to-date symlink: /home/ubuntu/ros2ws/install/abb_egm_msgs/local/lib/python3.10/dist-packages/abb_egm_msgs/abb_egm_msgs_s__rosidl_typesupport_introspection_c.cpython-310-x86_64-linux-gnu.so
[2.940s] -- Up-to-date symlink: /home/ubuntu/ros2ws/install/abb_egm_msgs/local/lib/python3.10/dist-packages/abb_egm_msgs/abb_egm_msgs_s__rosidl_typesupport_c.cpython-310-x86_64-linux-gnu.so
[2.940s] -- Up-to-date symlink: /home/ubuntu/ros2ws/install/abb_egm_msgs/share/abb_egm_msgs/msg/EGMChannelState.idl
[2.940s] -- Up-to-date symlink: /home/ubuntu/ros2ws/install/abb_egm_msgs/share/abb_egm_msgs/msg/EGMState.idl
[2.940s] -- Up-to-date symlink: /home/ubuntu/ros2ws/install/abb_egm_msgs/share/abb_egm_msgs/msg/EGMChannelState.msg
[2.941s] -- Up-to-date symlink: /home/ubuntu/ros2ws/install/abb_egm_msgs/share/abb_egm_msgs/msg/EGMState.msg
[2.941s] -- Up-to-date symlink: /home/ubuntu/ros2ws/install/abb_egm_msgs/share/ament_index/resource_index/package_run_dependencies/abb_egm_msgs
[2.944s] -- Up-to-date symlink: /home/ubuntu/ros2ws/install/abb_egm_msgs/share/ament_index/resource_index/parent_prefix_path/abb_egm_msgs
[2.944s] -- Up-to-date symlink: /home/ubuntu/ros2ws/install/abb_egm_msgs/share/abb_egm_msgs/environment/ament_prefix_path.sh
[2.944s] -- Up-to-date symlink: /home/ubuntu/ros2ws/install/abb_egm_msgs/share/abb_egm_msgs/environment/ament_prefix_path.dsv
[2.945s] -- Up-to-date symlink: /home/ubuntu/ros2ws/install/abb_egm_msgs/share/abb_egm_msgs/environment/path.sh
[2.945s] -- Up-to-date symlink: /home/ubuntu/ros2ws/install/abb_egm_msgs/share/abb_egm_msgs/environment/path.dsv
[2.945s] -- Up-to-date symlink: /home/ubuntu/ros2ws/install/abb_egm_msgs/share/abb_egm_msgs/local_setup.bash
[2.945s] -- Up-to-date symlink: /home/ubuntu/ros2ws/install/abb_egm_msgs/share/abb_egm_msgs/local_setup.sh
[2.945s] -- Up-to-date symlink: /home/ubuntu/ros2ws/install/abb_egm_msgs/share/abb_egm_msgs/local_setup.zsh
[2.945s] -- Up-to-date symlink: /home/ubuntu/ros2ws/install/abb_egm_msgs/share/abb_egm_msgs/local_setup.dsv
[2.945s] -- Symlinking: /home/ubuntu/ros2ws/install/abb_egm_msgs/share/abb_egm_msgs/package.dsv
[2.973s] -- Up-to-date symlink: /home/ubuntu/ros2ws/install/abb_egm_msgs/share/ament_index/resource_index/packages/abb_egm_msgs
[2.973s] -- Up-to-date symlink: /home/ubuntu/ros2ws/install/abb_egm_msgs/share/abb_egm_msgs/cmake/rosidl_cmake-extras.cmake
[2.973s] -- Up-to-date symlink: /home/ubuntu/ros2ws/install/abb_egm_msgs/share/abb_egm_msgs/cmake/ament_cmake_export_dependencies-extras.cmake
[2.973s] -- Up-to-date symlink: /home/ubuntu/ros2ws/install/abb_egm_msgs/share/abb_egm_msgs/cmake/ament_cmake_export_include_directories-extras.cmake
[2.974s] -- Up-to-date symlink: /home/ubuntu/ros2ws/install/abb_egm_msgs/share/abb_egm_msgs/cmake/ament_cmake_export_libraries-extras.cmake
[2.974s] -- Up-to-date symlink: /home/ubuntu/ros2ws/install/abb_egm_msgs/share/abb_egm_msgs/cmake/ament_cmake_export_targets-extras.cmake
[2.974s] -- Up-to-date symlink: /home/ubuntu/ros2ws/install/abb_egm_msgs/share/abb_egm_msgs/cmake/rosidl_cmake_export_typesupport_targets-extras.cmake
[2.975s] -- Up-to-date symlink: /home/ubuntu/ros2ws/install/abb_egm_msgs/share/abb_egm_msgs/cmake/rosidl_cmake_export_typesupport_libraries-extras.cmake
[2.975s] -- Up-to-date symlink: /home/ubuntu/ros2ws/install/abb_egm_msgs/share/abb_egm_msgs/cmake/abb_egm_msgsConfig.cmake
[2.975s] -- Up-to-date symlink: /home/ubuntu/ros2ws/install/abb_egm_msgs/share/abb_egm_msgs/cmake/abb_egm_msgsConfig-version.cmake
[2.976s] -- Up-to-date symlink: /home/ubuntu/ros2ws/install/abb_egm_msgs/share/abb_egm_msgs/package.xml
[2.976s] -- Up-to-date: /home/ubuntu/ros2ws/install/abb_egm_msgs/lib/libabb_egm_msgs__rosidl_generator_c.so
[2.977s] -- Up-to-date: /home/ubuntu/ros2ws/install/abb_egm_msgs/lib/libabb_egm_msgs__rosidl_typesupport_fastrtps_c.so
[2.978s] -- Up-to-date: /home/ubuntu/ros2ws/install/abb_egm_msgs/lib/libabb_egm_msgs__rosidl_typesupport_introspection_c.so
[2.978s] -- Up-to-date: /home/ubuntu/ros2ws/install/abb_egm_msgs/lib/libabb_egm_msgs__rosidl_typesupport_c.so
[2.979s] -- Up-to-date: /home/ubuntu/ros2ws/install/abb_egm_msgs/lib/libabb_egm_msgs__rosidl_typesupport_fastrtps_cpp.so
[2.980s] -- Up-to-date: /home/ubuntu/ros2ws/install/abb_egm_msgs/lib/libabb_egm_msgs__rosidl_typesupport_introspection_cpp.so
[2.982s] -- Up-to-date: /home/ubuntu/ros2ws/install/abb_egm_msgs/lib/libabb_egm_msgs__rosidl_typesupport_cpp.so
[3.062s] Listing '/home/ubuntu/ros2ws/install/abb_egm_msgs/local/lib/python3.10/dist-packages/abb_egm_msgs'...
[3.062s] Listing '/home/ubuntu/ros2ws/install/abb_egm_msgs/local/lib/python3.10/dist-packages/abb_egm_msgs/msg'...
[3.071s] -- Up-to-date: /home/ubuntu/ros2ws/install/abb_egm_msgs/lib/libabb_egm_msgs__rosidl_generator_py.so
[3.073s] -- Up-to-date: /home/ubuntu/ros2ws/install/abb_egm_msgs/share/abb_egm_msgs/cmake/export_abb_egm_msgs__rosidl_generator_cExport.cmake
[3.073s] -- Up-to-date: /home/ubuntu/ros2ws/install/abb_egm_msgs/share/abb_egm_msgs/cmake/export_abb_egm_msgs__rosidl_generator_cExport-noconfig.cmake
[3.074s] -- Up-to-date: /home/ubuntu/ros2ws/install/abb_egm_msgs/share/abb_egm_msgs/cmake/export_abb_egm_msgs__rosidl_typesupport_fastrtps_cExport.cmake
[3.074s] -- Up-to-date: /home/ubuntu/ros2ws/install/abb_egm_msgs/share/abb_egm_msgs/cmake/export_abb_egm_msgs__rosidl_typesupport_fastrtps_cExport-noconfig.cmake
[3.074s] -- Up-to-date: /home/ubuntu/ros2ws/install/abb_egm_msgs/share/abb_egm_msgs/cmake/abb_egm_msgs__rosidl_typesupport_introspection_cExport.cmake
[3.074s] -- Up-to-date: /home/ubuntu/ros2ws/install/abb_egm_msgs/share/abb_egm_msgs/cmake/abb_egm_msgs__rosidl_typesupport_introspection_cExport-noconfig.cmake
[3.075s] -- Up-to-date: /home/ubuntu/ros2ws/install/abb_egm_msgs/share/abb_egm_msgs/cmake/abb_egm_msgs__rosidl_typesupport_cExport.cmake
[3.078s] -- Up-to-date: /home/ubuntu/ros2ws/install/abb_egm_msgs/share/abb_egm_msgs/cmake/abb_egm_msgs__rosidl_typesupport_cExport-noconfig.cmake
[3.078s] -- Up-to-date: /home/ubuntu/ros2ws/install/abb_egm_msgs/share/abb_egm_msgs/cmake/export_abb_egm_msgs__rosidl_generator_cppExport.cmake
[3.080s] -- Up-to-date: /home/ubuntu/ros2ws/install/abb_egm_msgs/share/abb_egm_msgs/cmake/export_abb_egm_msgs__rosidl_typesupport_fastrtps_cppExport.cmake
[3.080s] -- Up-to-date: /home/ubuntu/ros2ws/install/abb_egm_msgs/share/abb_egm_msgs/cmake/export_abb_egm_msgs__rosidl_typesupport_fastrtps_cppExport-noconfig.cmake
[3.081s] -- Up-to-date: /home/ubuntu/ros2ws/install/abb_egm_msgs/share/abb_egm_msgs/cmake/abb_egm_msgs__rosidl_typesupport_introspection_cppExport.cmake
[3.081s] -- Up-to-date: /home/ubuntu/ros2ws/install/abb_egm_msgs/share/abb_egm_msgs/cmake/abb_egm_msgs__rosidl_typesupport_introspection_cppExport-noconfig.cmake
[3.082s] -- Up-to-date: /home/ubuntu/ros2ws/install/abb_egm_msgs/share/abb_egm_msgs/cmake/abb_egm_msgs__rosidl_typesupport_cppExport.cmake
[3.082s] -- Up-to-date: /home/ubuntu/ros2ws/install/abb_egm_msgs/share/abb_egm_msgs/cmake/abb_egm_msgs__rosidl_typesupport_cppExport-noconfig.cmake
[3.083s] -- Up-to-date: /home/ubuntu/ros2ws/install/abb_egm_msgs/share/abb_egm_msgs/cmake/export_abb_egm_msgs__rosidl_generator_pyExport.cmake
[3.083s] -- Up-to-date: /home/ubuntu/ros2ws/install/abb_egm_msgs/share/abb_egm_msgs/cmake/export_abb_egm_msgs__rosidl_generator_pyExport-noconfig.cmake
[3.086s] Invoked command in '/home/ubuntu/ros2ws/build/abb_egm_msgs' returned '0': CMAKE_PREFIX_PATH=${CMAKE_PREFIX_PATH}:/home/ubuntu/ros2ws/install/moveit_configs_utils:/home/ubuntu/ros2ws/install/launch_param_builder:/home/ubuntu/ros2ws/install/testV1:/home/ubuntu/ros2ws/install/gui_subscriber:/home/ubuntu/ros2ws/install/robot_letter_writer:/opt/ros/humble /usr/bin/cmake --install /home/ubuntu/ros2ws/build/abb_egm_msgs
