[0.043s] Invoking command in '/home/ubuntu/ros2ws/build/ros2srrc_endeffectors': CMAKE_PREFIX_PATH=${CMAKE_PREFIX_PATH}:/home/ubuntu/ros2ws/install/moveit_configs_utils:/home/ubuntu/ros2ws/install/launch_param_builder:/home/ubuntu/ros2ws/install/testV1:/home/ubuntu/ros2ws/install/gui_subscriber:/home/ubuntu/ros2ws/install/robot_letter_writer:/opt/ros/humble /usr/bin/cmake --build /home/ubuntu/ros2ws/build/ros2srrc_endeffectors -- -j4 -l4
[0.185s] Invoked command in '/home/ubuntu/ros2ws/build/ros2srrc_endeffectors' returned '0': CMAKE_PREFIX_PATH=${CMAKE_PREFIX_PATH}:/home/ubuntu/ros2ws/install/moveit_configs_utils:/home/ubuntu/ros2ws/install/launch_param_builder:/home/ubuntu/ros2ws/install/testV1:/home/ubuntu/ros2ws/install/gui_subscriber:/home/ubuntu/ros2ws/install/robot_letter_writer:/opt/ros/humble /usr/bin/cmake --build /home/ubuntu/ros2ws/build/ros2srrc_endeffectors -- -j4 -l4
[0.290s] Invoking command in '/home/ubuntu/ros2ws/build/ros2srrc_endeffectors': CMAKE_PREFIX_PATH=${CMAKE_PREFIX_PATH}:/home/ubuntu/ros2ws/install/moveit_configs_utils:/home/ubuntu/ros2ws/install/launch_param_builder:/home/ubuntu/ros2ws/install/testV1:/home/ubuntu/ros2ws/install/gui_subscriber:/home/ubuntu/ros2ws/install/robot_letter_writer:/opt/ros/humble /usr/bin/cmake --install /home/ubuntu/ros2ws/build/ros2srrc_endeffectors
[0.317s] -- Install configuration: ""
[0.334s] -- Execute custom install script
[0.444s] -- Up-to-date symlink: /home/ubuntu/ros2ws/install/ros2srrc_endeffectors/share/ros2srrc_endeffectors/egp64/config/controller.yaml
[0.446s] -- Up-to-date symlink: /home/ubuntu/ros2ws/install/ros2srrc_endeffectors/share/ros2srrc_endeffectors/egp64/config/controller_moveit2.yaml
[0.490s] -- Up-to-date symlink: /home/ubuntu/ros2ws/install/ros2srrc_endeffectors/share/ros2srrc_endeffectors/egp64/config/joint_limits.yaml
[0.499s] -- Up-to-date symlink: /home/ubuntu/ros2ws/install/ros2srrc_endeffectors/share/ros2srrc_endeffectors/egp64/config/joint_specifications.yaml
[0.518s] -- Up-to-date symlink: /home/ubuntu/ros2ws/install/ros2srrc_endeffectors/share/ros2srrc_endeffectors/egp64/meshes/00. Schunk Gripper - Component POSES
[0.521s] -- Up-to-date symlink: /home/ubuntu/ros2ws/install/ros2srrc_endeffectors/share/ros2srrc_endeffectors/egp64/meshes/Schunk Gripper - ADAPTER.STL
[0.530s] -- Up-to-date symlink: /home/ubuntu/ros2ws/install/ros2srrc_endeffectors/share/ros2srrc_endeffectors/egp64/meshes/Schunk Gripper - BASE noAdapter.STL
[0.531s] -- Up-to-date symlink: /home/ubuntu/ros2ws/install/ros2srrc_endeffectors/share/ros2srrc_endeffectors/egp64/meshes/Schunk Gripper - BASE.STL
[0.531s] -- Up-to-date symlink: /home/ubuntu/ros2ws/install/ros2srrc_endeffectors/share/ros2srrc_endeffectors/egp64/meshes/Schunk Gripper - Cranfield Robotics.STL
[0.531s] -- Up-to-date symlink: /home/ubuntu/ros2ws/install/ros2srrc_endeffectors/share/ros2srrc_endeffectors/egp64/meshes/Schunk Gripper - LEFT FINGER BASE.STL
[0.531s] -- Up-to-date symlink: /home/ubuntu/ros2ws/install/ros2srrc_endeffectors/share/ros2srrc_endeffectors/egp64/meshes/Schunk Gripper - LEFT FINGER.STL
[0.531s] -- Up-to-date symlink: /home/ubuntu/ros2ws/install/ros2srrc_endeffectors/share/ros2srrc_endeffectors/egp64/meshes/Schunk Gripper - RIGHT FINGER BASE.STL
[0.531s] -- Up-to-date symlink: /home/ubuntu/ros2ws/install/ros2srrc_endeffectors/share/ros2srrc_endeffectors/egp64/meshes/Schunk Gripper - RIGHT FINGER.STL
[0.531s] -- Up-to-date symlink: /home/ubuntu/ros2ws/install/ros2srrc_endeffectors/share/ros2srrc_endeffectors/egp64/meshes/egp64.dae
[0.531s] -- Up-to-date symlink: /home/ubuntu/ros2ws/install/ros2srrc_endeffectors/share/ros2srrc_endeffectors/egp64/meshes/egp64_Adapter.dae
[0.532s] -- Up-to-date symlink: /home/ubuntu/ros2ws/install/ros2srrc_endeffectors/share/ros2srrc_endeffectors/egp64/meshes/egp64_Base.dae
[0.532s] -- Up-to-date symlink: /home/ubuntu/ros2ws/install/ros2srrc_endeffectors/share/ros2srrc_endeffectors/egp64/meshes/egp64_BaseNoAdapter.dae
[0.532s] -- Up-to-date symlink: /home/ubuntu/ros2ws/install/ros2srrc_endeffectors/share/ros2srrc_endeffectors/egp64/meshes/egp64_FingerCylinder.dae
[0.532s] -- Up-to-date symlink: /home/ubuntu/ros2ws/install/ros2srrc_endeffectors/share/ros2srrc_endeffectors/egp64/meshes/egp64_FingerCylinder.stl
[0.533s] -- Up-to-date symlink: /home/ubuntu/ros2ws/install/ros2srrc_endeffectors/share/ros2srrc_endeffectors/egp64/meshes/egp64_FingerCylinder_L.dae
[0.534s] -- Up-to-date symlink: /home/ubuntu/ros2ws/install/ros2srrc_endeffectors/share/ros2srrc_endeffectors/egp64/meshes/egp64_FingerCylinder_R.dae
[0.535s] -- Up-to-date symlink: /home/ubuntu/ros2ws/install/ros2srrc_endeffectors/share/ros2srrc_endeffectors/egp64/meshes/egp64_LeftFinger.dae
[0.535s] -- Up-to-date symlink: /home/ubuntu/ros2ws/install/ros2srrc_endeffectors/share/ros2srrc_endeffectors/egp64/meshes/egp64_LeftFingerBase.dae
[0.535s] -- Up-to-date symlink: /home/ubuntu/ros2ws/install/ros2srrc_endeffectors/share/ros2srrc_endeffectors/egp64/meshes/egp64_RightFinger.dae
[0.536s] -- Up-to-date symlink: /home/ubuntu/ros2ws/install/ros2srrc_endeffectors/share/ros2srrc_endeffectors/egp64/meshes/egp64_RightFingerBase.dae
[0.537s] -- Up-to-date symlink: /home/ubuntu/ros2ws/install/ros2srrc_endeffectors/share/ros2srrc_endeffectors/egp64/urdf/egp64_macro.urdf.xacro
[0.538s] -- Up-to-date symlink: /home/ubuntu/ros2ws/install/ros2srrc_endeffectors/share/ros2srrc_endeffectors/egp64/urdf/egp64_ros2control.xacro
[0.539s] -- Up-to-date symlink: /home/ubuntu/ros2ws/install/ros2srrc_endeffectors/share/ros2srrc_endeffectors/egp64/urdf/egp64_transmission.xacro
[0.540s] -- Up-to-date symlink: /home/ubuntu/ros2ws/install/ros2srrc_endeffectors/share/ros2srrc_endeffectors/egp64/urdf/egp64v2_macro.urdf.xacro
[0.544s] -- Up-to-date symlink: /home/ubuntu/ros2ws/install/ros2srrc_endeffectors/share/ros2srrc_endeffectors/gpp5010nc/config/controller.yaml
[0.548s] -- Up-to-date symlink: /home/ubuntu/ros2ws/install/ros2srrc_endeffectors/share/ros2srrc_endeffectors/gpp5010nc/config/controller_moveit2.yaml
[0.548s] -- Up-to-date symlink: /home/ubuntu/ros2ws/install/ros2srrc_endeffectors/share/ros2srrc_endeffectors/gpp5010nc/config/joint_limits.yaml
[0.549s] -- Up-to-date symlink: /home/ubuntu/ros2ws/install/ros2srrc_endeffectors/share/ros2srrc_endeffectors/gpp5010nc/config/joint_specifications.yaml
[0.550s] -- Up-to-date symlink: /home/ubuntu/ros2ws/install/ros2srrc_endeffectors/share/ros2srrc_endeffectors/gpp5010nc/meshes/gpp5010nc_LeftFinger.dae
[0.550s] -- Up-to-date symlink: /home/ubuntu/ros2ws/install/ros2srrc_endeffectors/share/ros2srrc_endeffectors/gpp5010nc/meshes/gpp5010nc_MainBody.dae
[0.552s] -- Up-to-date symlink: /home/ubuntu/ros2ws/install/ros2srrc_endeffectors/share/ros2srrc_endeffectors/gpp5010nc/meshes/gpp5010nc_RightFinger.dae
[0.553s] -- Up-to-date symlink: /home/ubuntu/ros2ws/install/ros2srrc_endeffectors/share/ros2srrc_endeffectors/gpp5010nc/meshes/gpp5010nc_irb6640_Adapter.dae
[0.553s] -- Up-to-date symlink: /home/ubuntu/ros2ws/install/ros2srrc_endeffectors/share/ros2srrc_endeffectors/gpp5010nc/urdf/gpp5010nc_macro.urdf.xacro
[0.554s] -- Up-to-date symlink: /home/ubuntu/ros2ws/install/ros2srrc_endeffectors/share/ros2srrc_endeffectors/gpp5010nc/urdf/gpp5010nc_ros2control.xacro
[0.555s] -- Up-to-date symlink: /home/ubuntu/ros2ws/install/ros2srrc_endeffectors/share/ros2srrc_endeffectors/gpp5010nc/urdf/gpp5010nc_transmission.xacro
[0.557s] -- Up-to-date symlink: /home/ubuntu/ros2ws/install/ros2srrc_endeffectors/share/ros2srrc_endeffectors/ls_vgr/meshes/ls_vgr.dae
[0.559s] -- Up-to-date symlink: /home/ubuntu/ros2ws/install/ros2srrc_endeffectors/share/ros2srrc_endeffectors/ls_vgr/urdf/ls_vgr_macro.urdf.xacro
[0.560s] -- Up-to-date symlink: /home/ubuntu/ros2ws/install/ros2srrc_endeffectors/share/ros2srrc_endeffectors/ls_vgr/urdf/ls_vgr_ros2control.xacro
[0.562s] -- Up-to-date symlink: /home/ubuntu/ros2ws/install/ros2srrc_endeffectors/share/ros2srrc_endeffectors/ls_vgr/urdf/ls_vgr_transmission.xacro
[0.563s] -- Up-to-date symlink: /home/ubuntu/ros2ws/install/ros2srrc_endeffectors/share/ros2srrc_endeffectors/ls_vgr_amrc/meshes/ls_vgr_amrc.dae
[0.575s] -- Up-to-date symlink: /home/ubuntu/ros2ws/install/ros2srrc_endeffectors/share/ros2srrc_endeffectors/ls_vgr_amrc/urdf/ls_vgr_amrc_macro.urdf.xacro
[0.581s] -- Up-to-date symlink: /home/ubuntu/ros2ws/install/ros2srrc_endeffectors/share/ros2srrc_endeffectors/ls_vgr_amrc/urdf/ls_vgr_amrc_ros2control.xacro
[0.581s] -- Up-to-date symlink: /home/ubuntu/ros2ws/install/ros2srrc_endeffectors/share/ros2srrc_endeffectors/ls_vgr_amrc/urdf/ls_vgr_amrc_transmission.xacro
[0.585s] -- Up-to-date symlink: /home/ubuntu/ros2ws/install/ros2srrc_endeffectors/share/ros2srrc_endeffectors/robotiq_2f85/config/controller.yaml
[0.587s] -- Up-to-date symlink: /home/ubuntu/ros2ws/install/ros2srrc_endeffectors/share/ros2srrc_endeffectors/robotiq_2f85/config/controller_moveit2.yaml
[0.590s] -- Up-to-date symlink: /home/ubuntu/ros2ws/install/ros2srrc_endeffectors/share/ros2srrc_endeffectors/robotiq_2f85/config/joint_limits.yaml
[0.591s] -- Up-to-date symlink: /home/ubuntu/ros2ws/install/ros2srrc_endeffectors/share/ros2srrc_endeffectors/robotiq_2f85/config/joint_specifications.yaml
[0.591s] -- Up-to-date symlink: /home/ubuntu/ros2ws/install/ros2srrc_endeffectors/share/ros2srrc_endeffectors/robotiq_2f85/meshes/collision/robotiq_85_base_link.stl
[0.592s] -- Up-to-date symlink: /home/ubuntu/ros2ws/install/ros2srrc_endeffectors/share/ros2srrc_endeffectors/robotiq_2f85/meshes/collision/robotiq_85_finger_link.stl
[0.592s] -- Up-to-date symlink: /home/ubuntu/ros2ws/install/ros2srrc_endeffectors/share/ros2srrc_endeffectors/robotiq_2f85/meshes/collision/robotiq_85_finger_tip_link.stl
[0.593s] -- Up-to-date symlink: /home/ubuntu/ros2ws/install/ros2srrc_endeffectors/share/ros2srrc_endeffectors/robotiq_2f85/meshes/collision/robotiq_85_inner_knuckle_link.stl
[0.595s] -- Up-to-date symlink: /home/ubuntu/ros2ws/install/ros2srrc_endeffectors/share/ros2srrc_endeffectors/robotiq_2f85/meshes/collision/robotiq_85_knuckle_link.stl
[0.595s] -- Up-to-date symlink: /home/ubuntu/ros2ws/install/ros2srrc_endeffectors/share/ros2srrc_endeffectors/robotiq_2f85/meshes/robotiq_85_coupler.stl
[0.596s] -- Up-to-date symlink: /home/ubuntu/ros2ws/install/ros2srrc_endeffectors/share/ros2srrc_endeffectors/robotiq_2f85/meshes/visual/robotiq_85_base_link.dae
[0.596s] -- Up-to-date symlink: /home/ubuntu/ros2ws/install/ros2srrc_endeffectors/share/ros2srrc_endeffectors/robotiq_2f85/meshes/visual/robotiq_85_finger_link.dae
[0.599s] -- Up-to-date symlink: /home/ubuntu/ros2ws/install/ros2srrc_endeffectors/share/ros2srrc_endeffectors/robotiq_2f85/meshes/visual/robotiq_85_finger_tip_link.dae
[0.602s] -- Up-to-date symlink: /home/ubuntu/ros2ws/install/ros2srrc_endeffectors/share/ros2srrc_endeffectors/robotiq_2f85/meshes/visual/robotiq_85_inner_knuckle_link.dae
[0.602s] -- Up-to-date symlink: /home/ubuntu/ros2ws/install/ros2srrc_endeffectors/share/ros2srrc_endeffectors/robotiq_2f85/meshes/visual/robotiq_85_knuckle_link.dae
[0.602s] -- Up-to-date symlink: /home/ubuntu/ros2ws/install/ros2srrc_endeffectors/share/ros2srrc_endeffectors/robotiq_2f85/urdf/robotiq_2f85_macro.urdf.xacro
[0.602s] -- Up-to-date symlink: /home/ubuntu/ros2ws/install/ros2srrc_endeffectors/share/ros2srrc_endeffectors/robotiq_2f85/urdf/robotiq_2f85_ros2control.xacro
[0.603s] -- Up-to-date symlink: /home/ubuntu/ros2ws/install/ros2srrc_endeffectors/share/ros2srrc_endeffectors/robotiq_2f85/urdf/robotiq_2f85_transmission.xacro
[0.606s] -- Up-to-date symlink: /home/ubuntu/ros2ws/install/ros2srrc_endeffectors/share/ros2srrc_endeffectors/robotiq_hande/config/controller.yaml
[0.607s] -- Up-to-date symlink: /home/ubuntu/ros2ws/install/ros2srrc_endeffectors/share/ros2srrc_endeffectors/robotiq_hande/config/controller_moveit2.yaml
[0.608s] -- Up-to-date symlink: /home/ubuntu/ros2ws/install/ros2srrc_endeffectors/share/ros2srrc_endeffectors/robotiq_hande/config/joint_limits.yaml
[0.609s] -- Up-to-date symlink: /home/ubuntu/ros2ws/install/ros2srrc_endeffectors/share/ros2srrc_endeffectors/robotiq_hande/config/joint_specifications.yaml
[0.610s] -- Up-to-date symlink: /home/ubuntu/ros2ws/install/ros2srrc_endeffectors/share/ros2srrc_endeffectors/robotiq_hande/meshes/finger_1.dae
[0.612s] -- Up-to-date symlink: /home/ubuntu/ros2ws/install/ros2srrc_endeffectors/share/ros2srrc_endeffectors/robotiq_hande/meshes/finger_2.dae
[0.612s] -- Up-to-date symlink: /home/ubuntu/ros2ws/install/ros2srrc_endeffectors/share/ros2srrc_endeffectors/robotiq_hande/meshes/hand-e.dae
[0.614s] -- Up-to-date symlink: /home/ubuntu/ros2ws/install/ros2srrc_endeffectors/share/ros2srrc_endeffectors/robotiq_hande/meshes/hande_bracket.dae
[0.614s] -- Up-to-date symlink: /home/ubuntu/ros2ws/install/ros2srrc_endeffectors/share/ros2srrc_endeffectors/robotiq_hande/meshes/robotiq_hande.dae
[0.614s] -- Up-to-date symlink: /home/ubuntu/ros2ws/install/ros2srrc_endeffectors/share/ros2srrc_endeffectors/robotiq_hande/meshes/robotiq_hande_coupler.stl
[0.614s] -- Up-to-date symlink: /home/ubuntu/ros2ws/install/ros2srrc_endeffectors/share/ros2srrc_endeffectors/robotiq_hande/urdf/robotiq_hande_macro.urdf.xacro
[0.621s] -- Up-to-date symlink: /home/ubuntu/ros2ws/install/ros2srrc_endeffectors/share/ros2srrc_endeffectors/robotiq_hande/urdf/robotiq_hande_ros2control.xacro
[0.622s] -- Up-to-date symlink: /home/ubuntu/ros2ws/install/ros2srrc_endeffectors/share/ros2srrc_endeffectors/robotiq_hande/urdf/robotiq_hande_transmission.xacro
[0.632s] -- Up-to-date symlink: /home/ubuntu/ros2ws/install/ros2srrc_endeffectors/share/ros2srrc_endeffectors/mpz45/meshes/00. mzp45 component POSES
[0.633s] -- Up-to-date symlink: /home/ubuntu/ros2ws/install/ros2srrc_endeffectors/share/ros2srrc_endeffectors/mpz45/meshes/MPZ45_gripper_base.STL
[0.634s] -- Up-to-date symlink: /home/ubuntu/ros2ws/install/ros2srrc_endeffectors/share/ros2srrc_endeffectors/mpz45/meshes/MPZ45_tooth.STL
[0.639s] -- Up-to-date symlink: /home/ubuntu/ros2ws/install/ros2srrc_endeffectors/share/ros2srrc_endeffectors/mpz45/meshes/MPZ45_tooth_2.STL
[0.640s] -- Up-to-date symlink: /home/ubuntu/ros2ws/install/ros2srrc_endeffectors/share/ros2srrc_endeffectors/mpz45/meshes/MPZ45_tooth_3.STL
[0.640s] -- Up-to-date symlink: /home/ubuntu/ros2ws/install/ros2srrc_endeffectors/share/ros2srrc_endeffectors/mpz45/meshes/mpz45_gripper_base.dae
[0.642s] -- Up-to-date symlink: /home/ubuntu/ros2ws/install/ros2srrc_endeffectors/share/ros2srrc_endeffectors/mpz45/meshes/mpz45_tooth_1.dae
[0.643s] -- Up-to-date symlink: /home/ubuntu/ros2ws/install/ros2srrc_endeffectors/share/ros2srrc_endeffectors/mpz45/meshes/mpz45_tooth_2.dae
[0.644s] -- Up-to-date symlink: /home/ubuntu/ros2ws/install/ros2srrc_endeffectors/share/ros2srrc_endeffectors/mpz45/meshes/mpz45_tooth_3.dae
[0.644s] -- Up-to-date symlink: /home/ubuntu/ros2ws/install/ros2srrc_endeffectors/share/ros2srrc_endeffectors/mpz45/urdf/mpz45_macro.urdf.xacro
[0.648s] -- Up-to-date symlink: /home/ubuntu/ros2ws/install/ros2srrc_endeffectors/share/ros2srrc_endeffectors/mpz45/urdf/mpz45_ros2control.xacro
[0.649s] -- Up-to-date symlink: /home/ubuntu/ros2ws/install/ros2srrc_endeffectors/share/ros2srrc_endeffectors/mpz45/urdf/mpz45_transmission.xacro
[0.650s] -- Up-to-date symlink: /home/ubuntu/ros2ws/install/ros2srrc_endeffectors/share/ament_index/resource_index/package_run_dependencies/ros2srrc_endeffectors
[0.650s] -- Up-to-date symlink: /home/ubuntu/ros2ws/install/ros2srrc_endeffectors/share/ament_index/resource_index/parent_prefix_path/ros2srrc_endeffectors
[0.651s] -- Up-to-date symlink: /home/ubuntu/ros2ws/install/ros2srrc_endeffectors/share/ros2srrc_endeffectors/environment/ament_prefix_path.sh
[0.651s] -- Up-to-date symlink: /home/ubuntu/ros2ws/install/ros2srrc_endeffectors/share/ros2srrc_endeffectors/environment/ament_prefix_path.dsv
[0.653s] -- Up-to-date symlink: /home/ubuntu/ros2ws/install/ros2srrc_endeffectors/share/ros2srrc_endeffectors/environment/path.sh
[0.653s] -- Up-to-date symlink: /home/ubuntu/ros2ws/install/ros2srrc_endeffectors/share/ros2srrc_endeffectors/environment/path.dsv
[0.660s] -- Up-to-date symlink: /home/ubuntu/ros2ws/install/ros2srrc_endeffectors/share/ros2srrc_endeffectors/local_setup.bash
[0.661s] -- Up-to-date symlink: /home/ubuntu/ros2ws/install/ros2srrc_endeffectors/share/ros2srrc_endeffectors/local_setup.sh
[0.662s] -- Up-to-date symlink: /home/ubuntu/ros2ws/install/ros2srrc_endeffectors/share/ros2srrc_endeffectors/local_setup.zsh
[0.662s] -- Up-to-date symlink: /home/ubuntu/ros2ws/install/ros2srrc_endeffectors/share/ros2srrc_endeffectors/local_setup.dsv
[0.663s] -- Symlinking: /home/ubuntu/ros2ws/install/ros2srrc_endeffectors/share/ros2srrc_endeffectors/package.dsv
[0.693s] -- Up-to-date symlink: /home/ubuntu/ros2ws/install/ros2srrc_endeffectors/share/ament_index/resource_index/packages/ros2srrc_endeffectors
[0.694s] -- Up-to-date symlink: /home/ubuntu/ros2ws/install/ros2srrc_endeffectors/share/ros2srrc_endeffectors/cmake/ros2srrc_endeffectorsConfig.cmake
[0.694s] -- Up-to-date symlink: /home/ubuntu/ros2ws/install/ros2srrc_endeffectors/share/ros2srrc_endeffectors/cmake/ros2srrc_endeffectorsConfig-version.cmake
[0.694s] -- Up-to-date symlink: /home/ubuntu/ros2ws/install/ros2srrc_endeffectors/share/ros2srrc_endeffectors/package.xml
[0.721s] Invoked command in '/home/ubuntu/ros2ws/build/ros2srrc_endeffectors' returned '0': CMAKE_PREFIX_PATH=${CMAKE_PREFIX_PATH}:/home/ubuntu/ros2ws/install/moveit_configs_utils:/home/ubuntu/ros2ws/install/launch_param_builder:/home/ubuntu/ros2ws/install/testV1:/home/ubuntu/ros2ws/install/gui_subscriber:/home/ubuntu/ros2ws/install/robot_letter_writer:/opt/ros/humble /usr/bin/cmake --install /home/ubuntu/ros2ws/build/ros2srrc_endeffectors
