[0.041s] Invoking command in '/home/ubuntu/ros2ws/build/ros2_objectpose': AMENT_PREFIX_PATH=/home/ubuntu/ros2ws/install/objectpose_msgs:${AMENT_PREFIX_PATH} CMAKE_PREFIX_PATH=/home/ubuntu/ros2ws/install/objectpose_msgs:/home/ubuntu/ros2ws2/install/ur5_ros2_moveit2:/home/ubuntu/ros2ws2/install/ur5_ros2_gazebo:/home/ubuntu/ros2ws2/install/ur3_ros2_moveit2:/home/ubuntu/ros2ws2/install/ur3_ros2_gazebo:/home/ubuntu/ros2ws2/install/ur10_ros2_moveit2:/home/ubuntu/ros2ws2/install/ur10_ros2_gazebo:/home/ubuntu/ros2ws2/install/ros2_grasping:/home/ubuntu/ros2ws2/install/ros2_execution:/home/ubuntu/ros2ws2/install/ros2_actions:/home/ubuntu/ros2ws2/install/panda_ros2_moveit2:/home/ubuntu/ros2ws2/install/irb6640_ros2_moveit2:/home/ubuntu/ros2ws2/install/irb120_ros2_moveit2:/home/ubuntu/ros2ws2/install/irb1200_ros2_moveit2:/home/ubuntu/ros2ws2/install/iiwa_ros2_moveit2:/home/ubuntu/ros2ws2/install/cr35ia_ros2_moveit2:/home/ubuntu/ros2ws2/install/ros2_data:/home/ubuntu/ros2ws2/install/panda_ros2_gazebo:/home/ubuntu/ros2ws2/install/irb6640_ros2_gazebo:/home/ubuntu/ros2ws2/install/irb120_ros2_gazebo:/home/ubuntu/ros2ws2/install/irb1200_ros2_gazebo:/home/ubuntu/ros2ws2/install/iiwa_ros2_gazebo:/home/ubuntu/ros2ws2/install/gazebo_ros2_control_demos:/home/ubuntu/ros2ws2/install/gazebo_ros2_control:/home/ubuntu/ros2ws2/install/cr35ia_ros2_gazebo:/home/ubuntu/ros2ws/install/ros2srrc_ur5_moveit2:/home/ubuntu/ros2ws/install/ros2srrc_ur5_gazebo:/home/ubuntu/ros2ws/install/ros2srrc_ur3_moveit2:/home/ubuntu/ros2ws/install/ros2srrc_ur3_gazebo:/home/ubuntu/ros2ws/install/ros2srrc_ur16e_moveit2:/home/ubuntu/ros2ws/install/ros2srrc_ur16e_gazebo:/home/ubuntu/ros2ws/install/ros2srrc_ur10e_moveit2:/home/ubuntu/ros2ws/install/ros2srrc_ur10e_gazebo:/home/ubuntu/ros2ws/install/ros2srrc_robots:/home/ubuntu/ros2ws/install/ros2srrc_launch:/home/ubuntu/ros2ws/install/ros2srrc_irb6640_moveit2:/home/ubuntu/ros2ws/install/ros2srrc_irb6640_gazebo:/home/ubuntu/ros2ws/install/ros2srrc_irb120_moveit2:/home/ubuntu/ros2ws/install/ros2srrc_irb120_gazebo:/home/ubuntu/ros2ws/install/ros2srrc_irb1200_moveit2:/home/ubuntu/ros2ws/install/ros2srrc_irb1200_gazebo:/home/ubuntu/ros2ws/install/ros2srrc_iiwa_moveit2:/home/ubuntu/ros2ws/install/ros2srrc_iiwa_gazebo:/home/ubuntu/ros2ws/install/ros2srrc_execution:/home/ubuntu/ros2ws/install/ros2srrc_endeffectors:/home/ubuntu/ros2ws/install/ros2srrc_data:/home/ubuntu/ros2ws/install/ros2_robotiqgripper:/home/ubuntu/ros2ws/install/ros2_linkattacher:/home/ubuntu/ros2ws/install/linkattacher_msgs:/home/ubuntu/ros2ws/install/gazebo_ros2_control_demos:/home/ubuntu/ros2ws/install/gazebo_ros2_control:/home/ubuntu/ros2ws/install/abb_rws_client:/home/ubuntu/ros2ws/install/abb_ros2:/home/ubuntu/ros2ws/install/abb_robot_msgs:/home/ubuntu/ros2ws/install/abb_resources:/home/ubuntu/ros2ws/install/abb_rapid_sm_addin_msgs:/home/ubuntu/ros2ws/install/abb_rapid_msgs:/home/ubuntu/ros2ws/install/abb_hardware_interface:/home/ubuntu/ros2ws/install/abb_egm_rws_managers:/home/ubuntu/ros2ws/install/abb_librws:/home/ubuntu/ros2ws/install/abb_libegm:/home/ubuntu/ros2ws/install/abb_irb4600_support:/home/ubuntu/ros2ws/install/abb_irb1200_5_90_moveit_config:/home/ubuntu/ros2ws/install/abb_irb1200_support:/home/ubuntu/ros2ws/install/abb_egm_msgs:/home/ubuntu/ros2ws/install/abb_bringup:/opt/ros/humble LD_LIBRARY_PATH=/home/ubuntu/ros2ws/install/objectpose_msgs/lib:${LD_LIBRARY_PATH} PYTHONPATH=/home/ubuntu/ros2ws/install/objectpose_msgs/local/lib/python3.10/dist-packages:${PYTHONPATH} /usr/bin/cmake /home/ubuntu/ros2ws/src/IFRA_ObjectPose/ros2_objectpose -DCMAKE_INSTALL_PREFIX=/home/ubuntu/ros2ws/install/ros2_objectpose
[0.183s] -- The C compiler identification is GNU 11.4.0
[0.301s] -- The CXX compiler identification is GNU 11.4.0
[0.314s] -- Detecting C compiler ABI info
[0.471s] -- Detecting C compiler ABI info - done
[0.484s] -- Check for working C compiler: /usr/bin/cc - skipped
[0.486s] -- Detecting C compile features
[0.486s] -- Detecting C compile features - done
[0.493s] -- Detecting CXX compiler ABI info
[0.754s] -- Detecting CXX compiler ABI info - done
[0.805s] -- Check for working CXX compiler: /usr/bin/c++ - skipped
[0.805s] -- Detecting CXX compile features
[0.806s] -- Detecting CXX compile features - done
[0.840s] -- Found ament_cmake: 1.3.10 (/opt/ros/humble/share/ament_cmake/cmake)
[1.255s] -- Found Python3: /usr/bin/python3 (found version "3.10.12") found components: Interpreter 
[1.837s] -- Found ament_lint_auto: 0.12.11 (/opt/ros/humble/share/ament_lint_auto/cmake)
[2.294s] -- Found gazebo_ros: 3.7.0 (/opt/ros/humble/share/gazebo_ros/cmake)
[2.564s] -- Found rosidl_generator_c: 3.1.5 (/opt/ros/humble/share/rosidl_generator_c/cmake)
[2.608s] -- Found rosidl_adapter: 3.1.5 (/opt/ros/humble/share/rosidl_adapter/cmake)
[2.657s] -- Found rosidl_generator_cpp: 3.1.5 (/opt/ros/humble/share/rosidl_generator_cpp/cmake)
[2.735s] -- Using all available rosidl_typesupport_c: rosidl_typesupport_fastrtps_c;rosidl_typesupport_introspection_c
[2.864s] -- Using all available rosidl_typesupport_cpp: rosidl_typesupport_fastrtps_cpp;rosidl_typesupport_introspection_cpp
[3.211s] -- Found rmw_implementation_cmake: 6.1.2 (/opt/ros/humble/share/rmw_implementation_cmake/cmake)
[3.233s] -- Found rmw_cyclonedds_cpp: 1.3.4 (/opt/ros/humble/share/rmw_cyclonedds_cpp/cmake)
[3.370s] -- Using RMW implementation 'rmw_cyclonedds_cpp' as default
[3.444s] -- Looking for pthread.h
[3.657s] -- Looking for pthread.h - found
[3.657s] -- Performing Test CMAKE_HAVE_LIBC_PTHREAD
[3.824s] -- Performing Test CMAKE_HAVE_LIBC_PTHREAD - Success
[3.824s] -- Found Threads: TRUE  
[4.093s] -- Found PkgConfig: /usr/bin/pkg-config (found version "0.29.2") 
[4.097s] -- Checking for module 'bullet>=2.82'
[4.177s] --   Found bullet, version 3.05
[4.749s] -- Found fcl: /usr/include (found suitable version "0.7.0", minimum required is "0.5.0") 
[5.127s] -- Found assimp: /usr/include (found version "5.2.0") 
[5.293s] -- Found DART: /usr/include (Required is at least version "6.6") found components: dart 
[5.504s] -- Found Boost: /usr/lib/x86_64-linux-gnu/cmake/Boost-1.74.0/BoostConfig.cmake (found suitable version "1.74.0", minimum required is "1.40.0") found components: thread system filesystem program_options regex iostreams date_time 
[5.568s] -- Found Protobuf: /usr/lib/x86_64-linux-gnu/libprotobuf.so (found version "3.12.4") 
[5.617s] -- Looking for ignition-math6 -- found version 6.15.1
[5.646s] -- Searching for dependencies of ignition-math6
[5.647s] -- Looking for OGRE...
[5.647s] -- OGRE_PREFIX_WATCH changed.
[5.671s] -- Checking for module 'OGRE'
[5.720s] --   Found OGRE, version 1.9.0
[5.824s] -- Found Ogre Ghadamon (1.9.0)
[5.858s] -- Found OGRE: optimized;/usr/lib/x86_64-linux-gnu/libOgreMain.so;debug;/usr/lib/x86_64-linux-gnu/libOgreMain.so
[5.874s] -- Looking for OGRE_Paging...
[5.914s] -- Found OGRE_Paging: optimized;/usr/lib/x86_64-linux-gnu/libOgrePaging.so;debug;/usr/lib/x86_64-linux-gnu/libOgrePaging.so
[5.915s] -- Looking for OGRE_Terrain...
[5.946s] -- Found OGRE_Terrain: optimized;/usr/lib/x86_64-linux-gnu/libOgreTerrain.so;debug;/usr/lib/x86_64-linux-gnu/libOgreTerrain.so
[5.946s] -- Looking for OGRE_Property...
[5.971s] -- Found OGRE_Property: optimized;/usr/lib/x86_64-linux-gnu/libOgreProperty.so;debug;/usr/lib/x86_64-linux-gnu/libOgreProperty.so
[5.973s] -- Looking for OGRE_RTShaderSystem...
[6.014s] -- Found OGRE_RTShaderSystem: optimized;/usr/lib/x86_64-linux-gnu/libOgreRTShaderSystem.so;debug;/usr/lib/x86_64-linux-gnu/libOgreRTShaderSystem.so
[6.014s] -- Looking for OGRE_Volume...
[6.034s] -- Found OGRE_Volume: optimized;/usr/lib/x86_64-linux-gnu/libOgreVolume.so;debug;/usr/lib/x86_64-linux-gnu/libOgreVolume.so
[6.035s] -- Looking for OGRE_Overlay...
[6.066s] -- Found OGRE_Overlay: optimized;/usr/lib/x86_64-linux-gnu/libOgreOverlay.so;debug;/usr/lib/x86_64-linux-gnu/libOgreOverlay.so
[6.779s] -- Looking for ignition-math6 -- found version 6.15.1
[6.803s] -- Looking for ignition-transport8 -- found version 8.2.1
[6.805s] -- Searching for dependencies of ignition-transport8
[6.868s] -- Found Protobuf: /usr/lib/x86_64-linux-gnu/libprotobuf.so (found suitable version "3.12.4", minimum required is "3") 
[6.907s] -- Config-file not installed for ZeroMQ -- checking for pkg-config
[6.928s] -- Checking for module 'libzmq >= 4'
[6.999s] --   Found libzmq , version 4.3.4
[7.126s] -- Found ZeroMQ: TRUE (Required is at least version "4") 
[7.142s] -- Checking for module 'uuid'
[7.194s] --   Found uuid, version 2.37.2
[7.308s] -- Found UUID: TRUE  
[7.323s] -- Looking for ignition-msgs5 -- found version 5.8.1
[7.324s] -- Searching for dependencies of ignition-msgs5
[7.380s] -- Looking for ignition-math6 -- found version 6.15.1
[7.392s] -- Checking for module 'tinyxml2'
[7.447s] --   Found tinyxml2, version 9.0.0
[7.556s] -- Looking for ignition-msgs5 -- found version 5.8.1
[7.573s] -- Looking for ignition-common3 -- found version 3.14.0
[7.577s] -- Searching for dependencies of ignition-common3
[7.580s] -- Looking for dlfcn.h - found
[7.583s] -- Looking for libdl - found
[7.583s] -- Found DL: TRUE  
[7.624s] -- Found tinyobjloader: /usr/lib/x86_64-linux-gnu/cmake/tinyobjloader/tinyobjloader-config.cmake (found version "2.0.0") 
[7.625s] -- Searching for <ignition-common3> component [graphics]
[7.651s] -- Looking for ignition-common3-graphics -- found version 3.14.0
[7.651s] -- Searching for dependencies of ignition-common3-graphics
[7.651s] -- Looking for ignition-math6 -- found version 6.15.1
[7.705s] -- Looking for ignition-fuel_tools4 -- found version 4.4.0
[7.705s] -- Searching for dependencies of ignition-fuel_tools4
[8.032s] -- Found CURL: /usr/lib/x86_64-linux-gnu/libcurl.so (found version "7.81.0")  
[8.079s] -- Checking for module 'jsoncpp'
[8.148s] --   Found jsoncpp, version 1.9.5
[8.354s] -- Found JSONCPP: TRUE  
[8.391s] -- Checking for module 'libzip'
[8.442s] --   Found libzip, version 1.7.3
[8.647s] -- Found ZIP: TRUE  
[8.649s] -- Looking for ignition-common3 -- found version 3.14.0
[8.650s] -- Looking for ignition-math6 -- found version 6.15.1
[8.650s] -- Looking for ignition-msgs5 -- found version 5.8.1
[8.677s] -- Gazebo version: 11.10
[8.677s] -- Checking for module 'tbb'
[8.746s] --   Found tbb, version 2021.5.0
[9.017s] -- Found gazebo_msgs: 3.7.0 (/opt/ros/humble/share/gazebo_msgs/cmake)
[9.363s] -- Found objectpose_msgs: 0.0.0 (/home/ubuntu/ros2ws/install/objectpose_msgs/share/objectpose_msgs/cmake)
[9.488s] -- Added test 'copyright' to check source files copyright and LICENSE
[9.497s] -- Added test 'cppcheck' to perform static code analysis on C / C++ code
[9.498s] -- Configured cppcheck include dirs: /home/ubuntu/ros2ws/src/IFRA_ObjectPose/ros2_objectpose/include
[9.498s] -- Configured cppcheck exclude dirs and/or files: 
[9.505s] -- Added test 'cpplint' to check C / C++ code against the Google style
[9.505s] -- Configured cpplint exclude dirs and/or files: 
[9.506s] -- Added test 'flake8' to check Python code syntax and style conventions
[9.512s] -- Added test 'lint_cmake' to check CMake code style
[9.515s] -- Added test 'pep257' to check Python code against some of the docstring style conventions in PEP 257
[9.518s] -- Added test 'uncrustify' to check C / C++ code style
[9.519s] -- Configured uncrustify additional arguments: 
[9.523s] -- Added test 'xmllint' to check XML markup files
[9.540s] -- Configuring done
[9.634s] -- Generating done
[9.645s] -- Build files have been written to: /home/ubuntu/ros2ws/build/ros2_objectpose
[9.734s] Invoked command in '/home/ubuntu/ros2ws/build/ros2_objectpose' returned '0': AMENT_PREFIX_PATH=/home/ubuntu/ros2ws/install/objectpose_msgs:${AMENT_PREFIX_PATH} CMAKE_PREFIX_PATH=/home/ubuntu/ros2ws/install/objectpose_msgs:/home/ubuntu/ros2ws2/install/ur5_ros2_moveit2:/home/ubuntu/ros2ws2/install/ur5_ros2_gazebo:/home/ubuntu/ros2ws2/install/ur3_ros2_moveit2:/home/ubuntu/ros2ws2/install/ur3_ros2_gazebo:/home/ubuntu/ros2ws2/install/ur10_ros2_moveit2:/home/ubuntu/ros2ws2/install/ur10_ros2_gazebo:/home/ubuntu/ros2ws2/install/ros2_grasping:/home/ubuntu/ros2ws2/install/ros2_execution:/home/ubuntu/ros2ws2/install/ros2_actions:/home/ubuntu/ros2ws2/install/panda_ros2_moveit2:/home/ubuntu/ros2ws2/install/irb6640_ros2_moveit2:/home/ubuntu/ros2ws2/install/irb120_ros2_moveit2:/home/ubuntu/ros2ws2/install/irb1200_ros2_moveit2:/home/ubuntu/ros2ws2/install/iiwa_ros2_moveit2:/home/ubuntu/ros2ws2/install/cr35ia_ros2_moveit2:/home/ubuntu/ros2ws2/install/ros2_data:/home/ubuntu/ros2ws2/install/panda_ros2_gazebo:/home/ubuntu/ros2ws2/install/irb6640_ros2_gazebo:/home/ubuntu/ros2ws2/install/irb120_ros2_gazebo:/home/ubuntu/ros2ws2/install/irb1200_ros2_gazebo:/home/ubuntu/ros2ws2/install/iiwa_ros2_gazebo:/home/ubuntu/ros2ws2/install/gazebo_ros2_control_demos:/home/ubuntu/ros2ws2/install/gazebo_ros2_control:/home/ubuntu/ros2ws2/install/cr35ia_ros2_gazebo:/home/ubuntu/ros2ws/install/ros2srrc_ur5_moveit2:/home/ubuntu/ros2ws/install/ros2srrc_ur5_gazebo:/home/ubuntu/ros2ws/install/ros2srrc_ur3_moveit2:/home/ubuntu/ros2ws/install/ros2srrc_ur3_gazebo:/home/ubuntu/ros2ws/install/ros2srrc_ur16e_moveit2:/home/ubuntu/ros2ws/install/ros2srrc_ur16e_gazebo:/home/ubuntu/ros2ws/install/ros2srrc_ur10e_moveit2:/home/ubuntu/ros2ws/install/ros2srrc_ur10e_gazebo:/home/ubuntu/ros2ws/install/ros2srrc_robots:/home/ubuntu/ros2ws/install/ros2srrc_launch:/home/ubuntu/ros2ws/install/ros2srrc_irb6640_moveit2:/home/ubuntu/ros2ws/install/ros2srrc_irb6640_gazebo:/home/ubuntu/ros2ws/install/ros2srrc_irb120_moveit2:/home/ubuntu/ros2ws/install/ros2srrc_irb120_gazebo:/home/ubuntu/ros2ws/install/ros2srrc_irb1200_moveit2:/home/ubuntu/ros2ws/install/ros2srrc_irb1200_gazebo:/home/ubuntu/ros2ws/install/ros2srrc_iiwa_moveit2:/home/ubuntu/ros2ws/install/ros2srrc_iiwa_gazebo:/home/ubuntu/ros2ws/install/ros2srrc_execution:/home/ubuntu/ros2ws/install/ros2srrc_endeffectors:/home/ubuntu/ros2ws/install/ros2srrc_data:/home/ubuntu/ros2ws/install/ros2_robotiqgripper:/home/ubuntu/ros2ws/install/ros2_linkattacher:/home/ubuntu/ros2ws/install/linkattacher_msgs:/home/ubuntu/ros2ws/install/gazebo_ros2_control_demos:/home/ubuntu/ros2ws/install/gazebo_ros2_control:/home/ubuntu/ros2ws/install/abb_rws_client:/home/ubuntu/ros2ws/install/abb_ros2:/home/ubuntu/ros2ws/install/abb_robot_msgs:/home/ubuntu/ros2ws/install/abb_resources:/home/ubuntu/ros2ws/install/abb_rapid_sm_addin_msgs:/home/ubuntu/ros2ws/install/abb_rapid_msgs:/home/ubuntu/ros2ws/install/abb_hardware_interface:/home/ubuntu/ros2ws/install/abb_egm_rws_managers:/home/ubuntu/ros2ws/install/abb_librws:/home/ubuntu/ros2ws/install/abb_libegm:/home/ubuntu/ros2ws/install/abb_irb4600_support:/home/ubuntu/ros2ws/install/abb_irb1200_5_90_moveit_config:/home/ubuntu/ros2ws/install/abb_irb1200_support:/home/ubuntu/ros2ws/install/abb_egm_msgs:/home/ubuntu/ros2ws/install/abb_bringup:/opt/ros/humble LD_LIBRARY_PATH=/home/ubuntu/ros2ws/install/objectpose_msgs/lib:${LD_LIBRARY_PATH} PYTHONPATH=/home/ubuntu/ros2ws/install/objectpose_msgs/local/lib/python3.10/dist-packages:${PYTHONPATH} /usr/bin/cmake /home/ubuntu/ros2ws/src/IFRA_ObjectPose/ros2_objectpose -DCMAKE_INSTALL_PREFIX=/home/ubuntu/ros2ws/install/ros2_objectpose
[9.740s] Invoking command in '/home/ubuntu/ros2ws/build/ros2_objectpose': AMENT_PREFIX_PATH=/home/ubuntu/ros2ws/install/objectpose_msgs:${AMENT_PREFIX_PATH} CMAKE_PREFIX_PATH=/home/ubuntu/ros2ws/install/objectpose_msgs:/home/ubuntu/ros2ws2/install/ur5_ros2_moveit2:/home/ubuntu/ros2ws2/install/ur5_ros2_gazebo:/home/ubuntu/ros2ws2/install/ur3_ros2_moveit2:/home/ubuntu/ros2ws2/install/ur3_ros2_gazebo:/home/ubuntu/ros2ws2/install/ur10_ros2_moveit2:/home/ubuntu/ros2ws2/install/ur10_ros2_gazebo:/home/ubuntu/ros2ws2/install/ros2_grasping:/home/ubuntu/ros2ws2/install/ros2_execution:/home/ubuntu/ros2ws2/install/ros2_actions:/home/ubuntu/ros2ws2/install/panda_ros2_moveit2:/home/ubuntu/ros2ws2/install/irb6640_ros2_moveit2:/home/ubuntu/ros2ws2/install/irb120_ros2_moveit2:/home/ubuntu/ros2ws2/install/irb1200_ros2_moveit2:/home/ubuntu/ros2ws2/install/iiwa_ros2_moveit2:/home/ubuntu/ros2ws2/install/cr35ia_ros2_moveit2:/home/ubuntu/ros2ws2/install/ros2_data:/home/ubuntu/ros2ws2/install/panda_ros2_gazebo:/home/ubuntu/ros2ws2/install/irb6640_ros2_gazebo:/home/ubuntu/ros2ws2/install/irb120_ros2_gazebo:/home/ubuntu/ros2ws2/install/irb1200_ros2_gazebo:/home/ubuntu/ros2ws2/install/iiwa_ros2_gazebo:/home/ubuntu/ros2ws2/install/gazebo_ros2_control_demos:/home/ubuntu/ros2ws2/install/gazebo_ros2_control:/home/ubuntu/ros2ws2/install/cr35ia_ros2_gazebo:/home/ubuntu/ros2ws/install/ros2srrc_ur5_moveit2:/home/ubuntu/ros2ws/install/ros2srrc_ur5_gazebo:/home/ubuntu/ros2ws/install/ros2srrc_ur3_moveit2:/home/ubuntu/ros2ws/install/ros2srrc_ur3_gazebo:/home/ubuntu/ros2ws/install/ros2srrc_ur16e_moveit2:/home/ubuntu/ros2ws/install/ros2srrc_ur16e_gazebo:/home/ubuntu/ros2ws/install/ros2srrc_ur10e_moveit2:/home/ubuntu/ros2ws/install/ros2srrc_ur10e_gazebo:/home/ubuntu/ros2ws/install/ros2srrc_robots:/home/ubuntu/ros2ws/install/ros2srrc_launch:/home/ubuntu/ros2ws/install/ros2srrc_irb6640_moveit2:/home/ubuntu/ros2ws/install/ros2srrc_irb6640_gazebo:/home/ubuntu/ros2ws/install/ros2srrc_irb120_moveit2:/home/ubuntu/ros2ws/install/ros2srrc_irb120_gazebo:/home/ubuntu/ros2ws/install/ros2srrc_irb1200_moveit2:/home/ubuntu/ros2ws/install/ros2srrc_irb1200_gazebo:/home/ubuntu/ros2ws/install/ros2srrc_iiwa_moveit2:/home/ubuntu/ros2ws/install/ros2srrc_iiwa_gazebo:/home/ubuntu/ros2ws/install/ros2srrc_execution:/home/ubuntu/ros2ws/install/ros2srrc_endeffectors:/home/ubuntu/ros2ws/install/ros2srrc_data:/home/ubuntu/ros2ws/install/ros2_robotiqgripper:/home/ubuntu/ros2ws/install/ros2_linkattacher:/home/ubuntu/ros2ws/install/linkattacher_msgs:/home/ubuntu/ros2ws/install/gazebo_ros2_control_demos:/home/ubuntu/ros2ws/install/gazebo_ros2_control:/home/ubuntu/ros2ws/install/abb_rws_client:/home/ubuntu/ros2ws/install/abb_ros2:/home/ubuntu/ros2ws/install/abb_robot_msgs:/home/ubuntu/ros2ws/install/abb_resources:/home/ubuntu/ros2ws/install/abb_rapid_sm_addin_msgs:/home/ubuntu/ros2ws/install/abb_rapid_msgs:/home/ubuntu/ros2ws/install/abb_hardware_interface:/home/ubuntu/ros2ws/install/abb_egm_rws_managers:/home/ubuntu/ros2ws/install/abb_librws:/home/ubuntu/ros2ws/install/abb_libegm:/home/ubuntu/ros2ws/install/abb_irb4600_support:/home/ubuntu/ros2ws/install/abb_irb1200_5_90_moveit_config:/home/ubuntu/ros2ws/install/abb_irb1200_support:/home/ubuntu/ros2ws/install/abb_egm_msgs:/home/ubuntu/ros2ws/install/abb_bringup:/opt/ros/humble LD_LIBRARY_PATH=/home/ubuntu/ros2ws/install/objectpose_msgs/lib:${LD_LIBRARY_PATH} PYTHONPATH=/home/ubuntu/ros2ws/install/objectpose_msgs/local/lib/python3.10/dist-packages:${PYTHONPATH} /usr/bin/cmake --build /home/ubuntu/ros2ws/build/ros2_objectpose -- -j4 -l4
[10.143s] [ 50%] [32mBuilding CXX object CMakeFiles/ros2_objectpose_plugin.dir/src/ros2_objectpose_plugin.cpp.o[0m
[35.590s] [100%] [32m[1mLinking CXX shared library libros2_objectpose_plugin.so[0m
[36.333s] [100%] Built target ros2_objectpose_plugin
[36.352s] Invoked command in '/home/ubuntu/ros2ws/build/ros2_objectpose' returned '0': AMENT_PREFIX_PATH=/home/ubuntu/ros2ws/install/objectpose_msgs:${AMENT_PREFIX_PATH} CMAKE_PREFIX_PATH=/home/ubuntu/ros2ws/install/objectpose_msgs:/home/ubuntu/ros2ws2/install/ur5_ros2_moveit2:/home/ubuntu/ros2ws2/install/ur5_ros2_gazebo:/home/ubuntu/ros2ws2/install/ur3_ros2_moveit2:/home/ubuntu/ros2ws2/install/ur3_ros2_gazebo:/home/ubuntu/ros2ws2/install/ur10_ros2_moveit2:/home/ubuntu/ros2ws2/install/ur10_ros2_gazebo:/home/ubuntu/ros2ws2/install/ros2_grasping:/home/ubuntu/ros2ws2/install/ros2_execution:/home/ubuntu/ros2ws2/install/ros2_actions:/home/ubuntu/ros2ws2/install/panda_ros2_moveit2:/home/ubuntu/ros2ws2/install/irb6640_ros2_moveit2:/home/ubuntu/ros2ws2/install/irb120_ros2_moveit2:/home/ubuntu/ros2ws2/install/irb1200_ros2_moveit2:/home/ubuntu/ros2ws2/install/iiwa_ros2_moveit2:/home/ubuntu/ros2ws2/install/cr35ia_ros2_moveit2:/home/ubuntu/ros2ws2/install/ros2_data:/home/ubuntu/ros2ws2/install/panda_ros2_gazebo:/home/ubuntu/ros2ws2/install/irb6640_ros2_gazebo:/home/ubuntu/ros2ws2/install/irb120_ros2_gazebo:/home/ubuntu/ros2ws2/install/irb1200_ros2_gazebo:/home/ubuntu/ros2ws2/install/iiwa_ros2_gazebo:/home/ubuntu/ros2ws2/install/gazebo_ros2_control_demos:/home/ubuntu/ros2ws2/install/gazebo_ros2_control:/home/ubuntu/ros2ws2/install/cr35ia_ros2_gazebo:/home/ubuntu/ros2ws/install/ros2srrc_ur5_moveit2:/home/ubuntu/ros2ws/install/ros2srrc_ur5_gazebo:/home/ubuntu/ros2ws/install/ros2srrc_ur3_moveit2:/home/ubuntu/ros2ws/install/ros2srrc_ur3_gazebo:/home/ubuntu/ros2ws/install/ros2srrc_ur16e_moveit2:/home/ubuntu/ros2ws/install/ros2srrc_ur16e_gazebo:/home/ubuntu/ros2ws/install/ros2srrc_ur10e_moveit2:/home/ubuntu/ros2ws/install/ros2srrc_ur10e_gazebo:/home/ubuntu/ros2ws/install/ros2srrc_robots:/home/ubuntu/ros2ws/install/ros2srrc_launch:/home/ubuntu/ros2ws/install/ros2srrc_irb6640_moveit2:/home/ubuntu/ros2ws/install/ros2srrc_irb6640_gazebo:/home/ubuntu/ros2ws/install/ros2srrc_irb120_moveit2:/home/ubuntu/ros2ws/install/ros2srrc_irb120_gazebo:/home/ubuntu/ros2ws/install/ros2srrc_irb1200_moveit2:/home/ubuntu/ros2ws/install/ros2srrc_irb1200_gazebo:/home/ubuntu/ros2ws/install/ros2srrc_iiwa_moveit2:/home/ubuntu/ros2ws/install/ros2srrc_iiwa_gazebo:/home/ubuntu/ros2ws/install/ros2srrc_execution:/home/ubuntu/ros2ws/install/ros2srrc_endeffectors:/home/ubuntu/ros2ws/install/ros2srrc_data:/home/ubuntu/ros2ws/install/ros2_robotiqgripper:/home/ubuntu/ros2ws/install/ros2_linkattacher:/home/ubuntu/ros2ws/install/linkattacher_msgs:/home/ubuntu/ros2ws/install/gazebo_ros2_control_demos:/home/ubuntu/ros2ws/install/gazebo_ros2_control:/home/ubuntu/ros2ws/install/abb_rws_client:/home/ubuntu/ros2ws/install/abb_ros2:/home/ubuntu/ros2ws/install/abb_robot_msgs:/home/ubuntu/ros2ws/install/abb_resources:/home/ubuntu/ros2ws/install/abb_rapid_sm_addin_msgs:/home/ubuntu/ros2ws/install/abb_rapid_msgs:/home/ubuntu/ros2ws/install/abb_hardware_interface:/home/ubuntu/ros2ws/install/abb_egm_rws_managers:/home/ubuntu/ros2ws/install/abb_librws:/home/ubuntu/ros2ws/install/abb_libegm:/home/ubuntu/ros2ws/install/abb_irb4600_support:/home/ubuntu/ros2ws/install/abb_irb1200_5_90_moveit_config:/home/ubuntu/ros2ws/install/abb_irb1200_support:/home/ubuntu/ros2ws/install/abb_egm_msgs:/home/ubuntu/ros2ws/install/abb_bringup:/opt/ros/humble LD_LIBRARY_PATH=/home/ubuntu/ros2ws/install/objectpose_msgs/lib:${LD_LIBRARY_PATH} PYTHONPATH=/home/ubuntu/ros2ws/install/objectpose_msgs/local/lib/python3.10/dist-packages:${PYTHONPATH} /usr/bin/cmake --build /home/ubuntu/ros2ws/build/ros2_objectpose -- -j4 -l4
[36.403s] Invoking command in '/home/ubuntu/ros2ws/build/ros2_objectpose': AMENT_PREFIX_PATH=/home/ubuntu/ros2ws/install/objectpose_msgs:${AMENT_PREFIX_PATH} CMAKE_PREFIX_PATH=/home/ubuntu/ros2ws/install/objectpose_msgs:/home/ubuntu/ros2ws2/install/ur5_ros2_moveit2:/home/ubuntu/ros2ws2/install/ur5_ros2_gazebo:/home/ubuntu/ros2ws2/install/ur3_ros2_moveit2:/home/ubuntu/ros2ws2/install/ur3_ros2_gazebo:/home/ubuntu/ros2ws2/install/ur10_ros2_moveit2:/home/ubuntu/ros2ws2/install/ur10_ros2_gazebo:/home/ubuntu/ros2ws2/install/ros2_grasping:/home/ubuntu/ros2ws2/install/ros2_execution:/home/ubuntu/ros2ws2/install/ros2_actions:/home/ubuntu/ros2ws2/install/panda_ros2_moveit2:/home/ubuntu/ros2ws2/install/irb6640_ros2_moveit2:/home/ubuntu/ros2ws2/install/irb120_ros2_moveit2:/home/ubuntu/ros2ws2/install/irb1200_ros2_moveit2:/home/ubuntu/ros2ws2/install/iiwa_ros2_moveit2:/home/ubuntu/ros2ws2/install/cr35ia_ros2_moveit2:/home/ubuntu/ros2ws2/install/ros2_data:/home/ubuntu/ros2ws2/install/panda_ros2_gazebo:/home/ubuntu/ros2ws2/install/irb6640_ros2_gazebo:/home/ubuntu/ros2ws2/install/irb120_ros2_gazebo:/home/ubuntu/ros2ws2/install/irb1200_ros2_gazebo:/home/ubuntu/ros2ws2/install/iiwa_ros2_gazebo:/home/ubuntu/ros2ws2/install/gazebo_ros2_control_demos:/home/ubuntu/ros2ws2/install/gazebo_ros2_control:/home/ubuntu/ros2ws2/install/cr35ia_ros2_gazebo:/home/ubuntu/ros2ws/install/ros2srrc_ur5_moveit2:/home/ubuntu/ros2ws/install/ros2srrc_ur5_gazebo:/home/ubuntu/ros2ws/install/ros2srrc_ur3_moveit2:/home/ubuntu/ros2ws/install/ros2srrc_ur3_gazebo:/home/ubuntu/ros2ws/install/ros2srrc_ur16e_moveit2:/home/ubuntu/ros2ws/install/ros2srrc_ur16e_gazebo:/home/ubuntu/ros2ws/install/ros2srrc_ur10e_moveit2:/home/ubuntu/ros2ws/install/ros2srrc_ur10e_gazebo:/home/ubuntu/ros2ws/install/ros2srrc_robots:/home/ubuntu/ros2ws/install/ros2srrc_launch:/home/ubuntu/ros2ws/install/ros2srrc_irb6640_moveit2:/home/ubuntu/ros2ws/install/ros2srrc_irb6640_gazebo:/home/ubuntu/ros2ws/install/ros2srrc_irb120_moveit2:/home/ubuntu/ros2ws/install/ros2srrc_irb120_gazebo:/home/ubuntu/ros2ws/install/ros2srrc_irb1200_moveit2:/home/ubuntu/ros2ws/install/ros2srrc_irb1200_gazebo:/home/ubuntu/ros2ws/install/ros2srrc_iiwa_moveit2:/home/ubuntu/ros2ws/install/ros2srrc_iiwa_gazebo:/home/ubuntu/ros2ws/install/ros2srrc_execution:/home/ubuntu/ros2ws/install/ros2srrc_endeffectors:/home/ubuntu/ros2ws/install/ros2srrc_data:/home/ubuntu/ros2ws/install/ros2_robotiqgripper:/home/ubuntu/ros2ws/install/ros2_linkattacher:/home/ubuntu/ros2ws/install/linkattacher_msgs:/home/ubuntu/ros2ws/install/gazebo_ros2_control_demos:/home/ubuntu/ros2ws/install/gazebo_ros2_control:/home/ubuntu/ros2ws/install/abb_rws_client:/home/ubuntu/ros2ws/install/abb_ros2:/home/ubuntu/ros2ws/install/abb_robot_msgs:/home/ubuntu/ros2ws/install/abb_resources:/home/ubuntu/ros2ws/install/abb_rapid_sm_addin_msgs:/home/ubuntu/ros2ws/install/abb_rapid_msgs:/home/ubuntu/ros2ws/install/abb_hardware_interface:/home/ubuntu/ros2ws/install/abb_egm_rws_managers:/home/ubuntu/ros2ws/install/abb_librws:/home/ubuntu/ros2ws/install/abb_libegm:/home/ubuntu/ros2ws/install/abb_irb4600_support:/home/ubuntu/ros2ws/install/abb_irb1200_5_90_moveit_config:/home/ubuntu/ros2ws/install/abb_irb1200_support:/home/ubuntu/ros2ws/install/abb_egm_msgs:/home/ubuntu/ros2ws/install/abb_bringup:/opt/ros/humble LD_LIBRARY_PATH=/home/ubuntu/ros2ws/install/objectpose_msgs/lib:${LD_LIBRARY_PATH} PYTHONPATH=/home/ubuntu/ros2ws/install/objectpose_msgs/local/lib/python3.10/dist-packages:${PYTHONPATH} /usr/bin/cmake --install /home/ubuntu/ros2ws/build/ros2_objectpose
[36.414s] -- Install configuration: ""
[36.414s] -- Installing: /home/ubuntu/ros2ws/install/ros2_objectpose/share/ros2_objectpose/environment/library_path.sh
[36.414s] -- Installing: /home/ubuntu/ros2ws/install/ros2_objectpose/share/ros2_objectpose/environment/library_path.dsv
[36.414s] -- Installing: /home/ubuntu/ros2ws/install/ros2_objectpose/lib/libros2_objectpose_plugin.so
[36.419s] -- Set runtime path of "/home/ubuntu/ros2ws/install/ros2_objectpose/lib/libros2_objectpose_plugin.so" to ""
[36.419s] -- Installing: /home/ubuntu/ros2ws/install/ros2_objectpose/share/ros2_objectpose/python
[36.419s] -- Installing: /home/ubuntu/ros2ws/install/ros2_objectpose/share/ros2_objectpose/python/SpawnObject.py
[36.419s] -- Installing: /home/ubuntu/ros2ws/install/ros2_objectpose/lib/ros2_objectpose/SpawnObject.py
[36.419s] -- Installing: /home/ubuntu/ros2ws/install/ros2_objectpose/share/ament_index/resource_index/package_run_dependencies/ros2_objectpose
[36.419s] -- Installing: /home/ubuntu/ros2ws/install/ros2_objectpose/share/ament_index/resource_index/parent_prefix_path/ros2_objectpose
[36.419s] -- Installing: /home/ubuntu/ros2ws/install/ros2_objectpose/share/ros2_objectpose/environment/ament_prefix_path.sh
[36.419s] -- Installing: /home/ubuntu/ros2ws/install/ros2_objectpose/share/ros2_objectpose/environment/ament_prefix_path.dsv
[36.420s] -- Installing: /home/ubuntu/ros2ws/install/ros2_objectpose/share/ros2_objectpose/environment/path.sh
[36.420s] -- Installing: /home/ubuntu/ros2ws/install/ros2_objectpose/share/ros2_objectpose/environment/path.dsv
[36.420s] -- Installing: /home/ubuntu/ros2ws/install/ros2_objectpose/share/ros2_objectpose/local_setup.bash
[36.420s] -- Installing: /home/ubuntu/ros2ws/install/ros2_objectpose/share/ros2_objectpose/local_setup.sh
[36.420s] -- Installing: /home/ubuntu/ros2ws/install/ros2_objectpose/share/ros2_objectpose/local_setup.zsh
[36.422s] -- Installing: /home/ubuntu/ros2ws/install/ros2_objectpose/share/ros2_objectpose/local_setup.dsv
[36.422s] -- Installing: /home/ubuntu/ros2ws/install/ros2_objectpose/share/ros2_objectpose/package.dsv
[36.422s] -- Installing: /home/ubuntu/ros2ws/install/ros2_objectpose/share/ament_index/resource_index/packages/ros2_objectpose
[36.422s] -- Installing: /home/ubuntu/ros2ws/install/ros2_objectpose/share/ros2_objectpose/cmake/ament_cmake_export_libraries-extras.cmake
[36.422s] -- Installing: /home/ubuntu/ros2ws/install/ros2_objectpose/share/ros2_objectpose/cmake/ros2_objectposeConfig.cmake
[36.423s] -- Installing: /home/ubuntu/ros2ws/install/ros2_objectpose/share/ros2_objectpose/cmake/ros2_objectposeConfig-version.cmake
[36.424s] -- Installing: /home/ubuntu/ros2ws/install/ros2_objectpose/share/ros2_objectpose/package.xml
[36.426s] Invoked command in '/home/ubuntu/ros2ws/build/ros2_objectpose' returned '0': AMENT_PREFIX_PATH=/home/ubuntu/ros2ws/install/objectpose_msgs:${AMENT_PREFIX_PATH} CMAKE_PREFIX_PATH=/home/ubuntu/ros2ws/install/objectpose_msgs:/home/ubuntu/ros2ws2/install/ur5_ros2_moveit2:/home/ubuntu/ros2ws2/install/ur5_ros2_gazebo:/home/ubuntu/ros2ws2/install/ur3_ros2_moveit2:/home/ubuntu/ros2ws2/install/ur3_ros2_gazebo:/home/ubuntu/ros2ws2/install/ur10_ros2_moveit2:/home/ubuntu/ros2ws2/install/ur10_ros2_gazebo:/home/ubuntu/ros2ws2/install/ros2_grasping:/home/ubuntu/ros2ws2/install/ros2_execution:/home/ubuntu/ros2ws2/install/ros2_actions:/home/ubuntu/ros2ws2/install/panda_ros2_moveit2:/home/ubuntu/ros2ws2/install/irb6640_ros2_moveit2:/home/ubuntu/ros2ws2/install/irb120_ros2_moveit2:/home/ubuntu/ros2ws2/install/irb1200_ros2_moveit2:/home/ubuntu/ros2ws2/install/iiwa_ros2_moveit2:/home/ubuntu/ros2ws2/install/cr35ia_ros2_moveit2:/home/ubuntu/ros2ws2/install/ros2_data:/home/ubuntu/ros2ws2/install/panda_ros2_gazebo:/home/ubuntu/ros2ws2/install/irb6640_ros2_gazebo:/home/ubuntu/ros2ws2/install/irb120_ros2_gazebo:/home/ubuntu/ros2ws2/install/irb1200_ros2_gazebo:/home/ubuntu/ros2ws2/install/iiwa_ros2_gazebo:/home/ubuntu/ros2ws2/install/gazebo_ros2_control_demos:/home/ubuntu/ros2ws2/install/gazebo_ros2_control:/home/ubuntu/ros2ws2/install/cr35ia_ros2_gazebo:/home/ubuntu/ros2ws/install/ros2srrc_ur5_moveit2:/home/ubuntu/ros2ws/install/ros2srrc_ur5_gazebo:/home/ubuntu/ros2ws/install/ros2srrc_ur3_moveit2:/home/ubuntu/ros2ws/install/ros2srrc_ur3_gazebo:/home/ubuntu/ros2ws/install/ros2srrc_ur16e_moveit2:/home/ubuntu/ros2ws/install/ros2srrc_ur16e_gazebo:/home/ubuntu/ros2ws/install/ros2srrc_ur10e_moveit2:/home/ubuntu/ros2ws/install/ros2srrc_ur10e_gazebo:/home/ubuntu/ros2ws/install/ros2srrc_robots:/home/ubuntu/ros2ws/install/ros2srrc_launch:/home/ubuntu/ros2ws/install/ros2srrc_irb6640_moveit2:/home/ubuntu/ros2ws/install/ros2srrc_irb6640_gazebo:/home/ubuntu/ros2ws/install/ros2srrc_irb120_moveit2:/home/ubuntu/ros2ws/install/ros2srrc_irb120_gazebo:/home/ubuntu/ros2ws/install/ros2srrc_irb1200_moveit2:/home/ubuntu/ros2ws/install/ros2srrc_irb1200_gazebo:/home/ubuntu/ros2ws/install/ros2srrc_iiwa_moveit2:/home/ubuntu/ros2ws/install/ros2srrc_iiwa_gazebo:/home/ubuntu/ros2ws/install/ros2srrc_execution:/home/ubuntu/ros2ws/install/ros2srrc_endeffectors:/home/ubuntu/ros2ws/install/ros2srrc_data:/home/ubuntu/ros2ws/install/ros2_robotiqgripper:/home/ubuntu/ros2ws/install/ros2_linkattacher:/home/ubuntu/ros2ws/install/linkattacher_msgs:/home/ubuntu/ros2ws/install/gazebo_ros2_control_demos:/home/ubuntu/ros2ws/install/gazebo_ros2_control:/home/ubuntu/ros2ws/install/abb_rws_client:/home/ubuntu/ros2ws/install/abb_ros2:/home/ubuntu/ros2ws/install/abb_robot_msgs:/home/ubuntu/ros2ws/install/abb_resources:/home/ubuntu/ros2ws/install/abb_rapid_sm_addin_msgs:/home/ubuntu/ros2ws/install/abb_rapid_msgs:/home/ubuntu/ros2ws/install/abb_hardware_interface:/home/ubuntu/ros2ws/install/abb_egm_rws_managers:/home/ubuntu/ros2ws/install/abb_librws:/home/ubuntu/ros2ws/install/abb_libegm:/home/ubuntu/ros2ws/install/abb_irb4600_support:/home/ubuntu/ros2ws/install/abb_irb1200_5_90_moveit_config:/home/ubuntu/ros2ws/install/abb_irb1200_support:/home/ubuntu/ros2ws/install/abb_egm_msgs:/home/ubuntu/ros2ws/install/abb_bringup:/opt/ros/humble LD_LIBRARY_PATH=/home/ubuntu/ros2ws/install/objectpose_msgs/lib:${LD_LIBRARY_PATH} PYTHONPATH=/home/ubuntu/ros2ws/install/objectpose_msgs/local/lib/python3.10/dist-packages:${PYTHONPATH} /usr/bin/cmake --install /home/ubuntu/ros2ws/build/ros2_objectpose
