[0.041s] Invoking command in '/home/ubuntu/ros2ws/build/ros2srrc_irb120_moveit2': CMAKE_PREFIX_PATH=${CMAKE_PREFIX_PATH}:/opt/ros/humble /usr/bin/cmake --build /home/ubuntu/ros2ws/build/ros2srrc_irb120_moveit2 -- -j4 -l4
[0.190s] Invoked command in '/home/ubuntu/ros2ws/build/ros2srrc_irb120_moveit2' returned '0': CMAKE_PREFIX_PATH=${CMAKE_PREFIX_PATH}:/opt/ros/humble /usr/bin/cmake --build /home/ubuntu/ros2ws/build/ros2srrc_irb120_moveit2 -- -j4 -l4
[0.266s] Invoking command in '/home/ubuntu/ros2ws/build/ros2srrc_irb120_moveit2': CMAKE_PREFIX_PATH=${CMAKE_PREFIX_PATH}:/opt/ros/humble /usr/bin/cmake --install /home/ubuntu/ros2ws/build/ros2srrc_irb120_moveit2
[0.295s] -- Install configuration: ""
[0.296s] -- Up-to-date: /home/ubuntu/ros2ws/install/ros2srrc_irb120_moveit2/share/ros2srrc_irb120_moveit2/config
[0.299s] -- Up-to-date: /home/ubuntu/ros2ws/install/ros2srrc_irb120_moveit2/share/ros2srrc_irb120_moveit2/config/irb120ls_vgr_moveit2.rviz
[0.299s] -- Up-to-date: /home/ubuntu/ros2ws/install/ros2srrc_irb120_moveit2/share/ros2srrc_irb120_moveit2/config/irb120egp64.srdf
[0.300s] -- Up-to-date: /home/ubuntu/ros2ws/install/ros2srrc_irb120_moveit2/share/ros2srrc_irb120_moveit2/config/irb120.srdf
[0.300s] -- Up-to-date: /home/ubuntu/ros2ws/install/ros2srrc_irb120_moveit2/share/ros2srrc_irb120_moveit2/config/irb120_moveit2.rviz
[0.300s] -- Up-to-date: /home/ubuntu/ros2ws/install/ros2srrc_irb120_moveit2/share/ros2srrc_irb120_moveit2/config/irb120ls_vgr.srdf
[0.300s] -- Up-to-date: /home/ubuntu/ros2ws/install/ros2srrc_irb120_moveit2/share/ros2srrc_irb120_moveit2/config/irb120egp64_moveit2.rviz
[0.301s] -- Up-to-date: /home/ubuntu/ros2ws/install/ros2srrc_irb120_moveit2/share/ament_index/resource_index/package_run_dependencies/ros2srrc_irb120_moveit2
[0.301s] -- Up-to-date: /home/ubuntu/ros2ws/install/ros2srrc_irb120_moveit2/share/ament_index/resource_index/parent_prefix_path/ros2srrc_irb120_moveit2
[0.301s] -- Up-to-date: /home/ubuntu/ros2ws/install/ros2srrc_irb120_moveit2/share/ros2srrc_irb120_moveit2/environment/ament_prefix_path.sh
[0.301s] -- Up-to-date: /home/ubuntu/ros2ws/install/ros2srrc_irb120_moveit2/share/ros2srrc_irb120_moveit2/environment/ament_prefix_path.dsv
[0.305s] -- Up-to-date: /home/ubuntu/ros2ws/install/ros2srrc_irb120_moveit2/share/ros2srrc_irb120_moveit2/environment/path.sh
[0.305s] -- Up-to-date: /home/ubuntu/ros2ws/install/ros2srrc_irb120_moveit2/share/ros2srrc_irb120_moveit2/environment/path.dsv
[0.305s] -- Up-to-date: /home/ubuntu/ros2ws/install/ros2srrc_irb120_moveit2/share/ros2srrc_irb120_moveit2/local_setup.bash
[0.308s] -- Up-to-date: /home/ubuntu/ros2ws/install/ros2srrc_irb120_moveit2/share/ros2srrc_irb120_moveit2/local_setup.sh
[0.308s] -- Up-to-date: /home/ubuntu/ros2ws/install/ros2srrc_irb120_moveit2/share/ros2srrc_irb120_moveit2/local_setup.zsh
[0.308s] -- Up-to-date: /home/ubuntu/ros2ws/install/ros2srrc_irb120_moveit2/share/ros2srrc_irb120_moveit2/local_setup.dsv
[0.309s] -- Installing: /home/ubuntu/ros2ws/install/ros2srrc_irb120_moveit2/share/ros2srrc_irb120_moveit2/package.dsv
[0.309s] -- Up-to-date: /home/ubuntu/ros2ws/install/ros2srrc_irb120_moveit2/share/ament_index/resource_index/packages/ros2srrc_irb120_moveit2
[0.311s] -- Up-to-date: /home/ubuntu/ros2ws/install/ros2srrc_irb120_moveit2/share/ros2srrc_irb120_moveit2/cmake/ros2srrc_irb120_moveit2Config.cmake
[0.311s] -- Up-to-date: /home/ubuntu/ros2ws/install/ros2srrc_irb120_moveit2/share/ros2srrc_irb120_moveit2/cmake/ros2srrc_irb120_moveit2Config-version.cmake
[0.311s] -- Up-to-date: /home/ubuntu/ros2ws/install/ros2srrc_irb120_moveit2/share/ros2srrc_irb120_moveit2/package.xml
[0.319s] Invoked command in '/home/ubuntu/ros2ws/build/ros2srrc_irb120_moveit2' returned '0': CMAKE_PREFIX_PATH=${CMAKE_PREFIX_PATH}:/opt/ros/humble /usr/bin/cmake --install /home/ubuntu/ros2ws/build/ros2srrc_irb120_moveit2
