[1.390s] Invoking command in '/home/ubuntu/ros2ws/src/robot_letter_writer': PYTHONPATH=/home/ubuntu/ros2ws/build/robot_letter_writer/prefix_override:/usr/lib/python3/dist-packages/colcon_core/task/python/colcon_distutils_commands:/home/ubuntu/ros2ws/install/robot_letter_writer/lib/python3.10/site-packages:${PYTHONPATH} /usr/bin/python3 -W ignore:setup.py install is deprecated setup.py egg_info --egg-base ../../build/robot_letter_writer build --build-base /home/ubuntu/ros2ws/build/robot_letter_writer/build install --record /home/ubuntu/ros2ws/build/robot_letter_writer/install.log --single-version-externally-managed install_data
[1.664s] running egg_info
[1.665s] creating ../../build/robot_letter_writer/robot_letter_writer.egg-info
[1.667s] writing ../../build/robot_letter_writer/robot_letter_writer.egg-info/PKG-INFO
[1.667s] writing dependency_links to ../../build/robot_letter_writer/robot_letter_writer.egg-info/dependency_links.txt
[1.667s] writing entry points to ../../build/robot_letter_writer/robot_letter_writer.egg-info/entry_points.txt
[1.667s] writing requirements to ../../build/robot_letter_writer/robot_letter_writer.egg-info/requires.txt
[1.667s] writing top-level names to ../../build/robot_letter_writer/robot_letter_writer.egg-info/top_level.txt
[1.667s] writing manifest file '../../build/robot_letter_writer/robot_letter_writer.egg-info/SOURCES.txt'
[1.667s] reading manifest file '../../build/robot_letter_writer/robot_letter_writer.egg-info/SOURCES.txt'
[1.668s] writing manifest file '../../build/robot_letter_writer/robot_letter_writer.egg-info/SOURCES.txt'
[1.668s] running build
[1.668s] running build_py
[1.668s] creating /home/ubuntu/ros2ws/build/robot_letter_writer/build
[1.668s] creating /home/ubuntu/ros2ws/build/robot_letter_writer/build/lib
[1.668s] creating /home/ubuntu/ros2ws/build/robot_letter_writer/build/lib/robot_letter_writer
[1.668s] copying robot_letter_writer/__init__.py -> /home/ubuntu/ros2ws/build/robot_letter_writer/build/lib/robot_letter_writer
[1.669s] running install
[1.669s] running install_lib
[1.670s] creating /home/ubuntu/ros2ws/install/robot_letter_writer/lib/python3.10/site-packages/robot_letter_writer
[1.670s] copying /home/ubuntu/ros2ws/build/robot_letter_writer/build/lib/robot_letter_writer/__init__.py -> /home/ubuntu/ros2ws/install/robot_letter_writer/lib/python3.10/site-packages/robot_letter_writer
[1.671s] byte-compiling /home/ubuntu/ros2ws/install/robot_letter_writer/lib/python3.10/site-packages/robot_letter_writer/__init__.py to __init__.cpython-310.pyc
[1.671s] running install_data
[1.671s] creating /home/ubuntu/ros2ws/install/robot_letter_writer/share/ament_index
[1.671s] creating /home/ubuntu/ros2ws/install/robot_letter_writer/share/ament_index/resource_index
[1.671s] creating /home/ubuntu/ros2ws/install/robot_letter_writer/share/ament_index/resource_index/packages
[1.671s] copying resource/robot_letter_writer -> /home/ubuntu/ros2ws/install/robot_letter_writer/share/ament_index/resource_index/packages
[1.671s] copying package.xml -> /home/ubuntu/ros2ws/install/robot_letter_writer/share/robot_letter_writer
[1.672s] running install_egg_info
[1.673s] Copying ../../build/robot_letter_writer/robot_letter_writer.egg-info to /home/ubuntu/ros2ws/install/robot_letter_writer/lib/python3.10/site-packages/robot_letter_writer-0.0.0-py3.10.egg-info
[1.674s] running install_scripts
[1.698s] writing list of installed files to '/home/ubuntu/ros2ws/build/robot_letter_writer/install.log'
[1.720s] Invoked command in '/home/ubuntu/ros2ws/src/robot_letter_writer' returned '0': PYTHONPATH=/home/ubuntu/ros2ws/build/robot_letter_writer/prefix_override:/usr/lib/python3/dist-packages/colcon_core/task/python/colcon_distutils_commands:/home/ubuntu/ros2ws/install/robot_letter_writer/lib/python3.10/site-packages:${PYTHONPATH} /usr/bin/python3 -W ignore:setup.py install is deprecated setup.py egg_info --egg-base ../../build/robot_letter_writer build --build-base /home/ubuntu/ros2ws/build/robot_letter_writer/build install --record /home/ubuntu/ros2ws/build/robot_letter_writer/install.log --single-version-externally-managed install_data
