[0.000000] (-) TimerEvent: {}
[0.002103] (-) JobUnselected: {'identifier': 'GUI_subscriber'}
[0.002160] (-) JobUnselected: {'identifier': 'abb_bringup'}
[0.002211] (-) JobUnselected: {'identifier': 'abb_egm_msgs'}
[0.002231] (-) JobUnselected: {'identifier': 'abb_egm_rws_managers'}
[0.002258] (-) JobUnselected: {'identifier': 'abb_hardware_interface'}
[0.002275] (-) JobUnselected: {'identifier': 'abb_irb1200_5_90_moveit_config'}
[0.002290] (-) JobUnselected: {'identifier': 'abb_irb1200_support'}
[0.002324] (-) JobUnselected: {'identifier': 'abb_irb4600_support'}
[0.002341] (-) JobUnselected: {'identifier': 'abb_libegm'}
[0.002367] (-) JobUnselected: {'identifier': 'abb_librws'}
[0.002410] (-) JobUnselected: {'identifier': 'abb_rapid_msgs'}
[0.002460] (-) JobUnselected: {'identifier': 'abb_rapid_sm_addin_msgs'}
[0.002478] (-) JobUnselected: {'identifier': 'abb_resources'}
[0.002491] (-) JobUnselected: {'identifier': 'abb_robot_msgs'}
[0.002504] (-) JobUnselected: {'identifier': 'abb_ros2'}
[0.002537] (-) JobUnselected: {'identifier': 'abb_rws_client'}
[0.002571] (-) JobUnselected: {'identifier': 'gazebo_ros2_control'}
[0.002588] (-) JobUnselected: {'identifier': 'gazebo_ros2_control_demos'}
[0.002936] (-) JobUnselected: {'identifier': 'letter_writer'}
[0.002961] (-) JobUnselected: {'identifier': 'linkattacher_msgs'}
[0.002977] (-) JobUnselected: {'identifier': 'linkpose_gazebo'}
[0.002990] (-) JobUnselected: {'identifier': 'linkpose_msgs'}
[0.003003] (-) JobUnselected: {'identifier': 'objectpose_gazebo'}
[0.003016] (-) JobUnselected: {'identifier': 'objectpose_msgs'}
[0.003028] (-) JobUnselected: {'identifier': 'robot_letter_writer'}
[0.003040] (-) JobUnselected: {'identifier': 'ros2_linkattacher'}
[0.003052] (-) JobUnselected: {'identifier': 'ros2_linkpose'}
[0.003065] (-) JobUnselected: {'identifier': 'ros2_objectpose'}
[0.003077] (-) JobUnselected: {'identifier': 'ros2_robotiqgripper'}
[0.003089] (-) JobUnselected: {'identifier': 'ros2srrc_data'}
[0.003101] (-) JobUnselected: {'identifier': 'ros2srrc_endeffectors'}
[0.003132] (-) JobUnselected: {'identifier': 'ros2srrc_execution'}
[0.003150] (-) JobUnselected: {'identifier': 'ros2srrc_iiwa_gazebo'}
[0.003162] (-) JobUnselected: {'identifier': 'ros2srrc_iiwa_moveit2'}
[0.003175] (-) JobUnselected: {'identifier': 'ros2srrc_irb1200_gazebo'}
[0.003203] (-) JobUnselected: {'identifier': 'ros2srrc_irb1200_moveit2'}
[0.003219] (-) JobUnselected: {'identifier': 'ros2srrc_irb120_gazebo'}
[0.003231] (-) JobUnselected: {'identifier': 'ros2srrc_irb120_moveit2'}
[0.003243] (-) JobUnselected: {'identifier': 'ros2srrc_irb6640_gazebo'}
[0.003255] (-) JobUnselected: {'identifier': 'ros2srrc_irb6640_moveit2'}
[0.003267] (-) JobUnselected: {'identifier': 'ros2srrc_launch'}
[0.003279] (-) JobUnselected: {'identifier': 'ros2srrc_robots'}
[0.003291] (-) JobUnselected: {'identifier': 'ros2srrc_ur10e_gazebo'}
[0.003303] (-) JobUnselected: {'identifier': 'ros2srrc_ur10e_moveit2'}
[0.003315] (-) JobUnselected: {'identifier': 'ros2srrc_ur16e_gazebo'}
[0.003327] (-) JobUnselected: {'identifier': 'ros2srrc_ur16e_moveit2'}
[0.003339] (-) JobUnselected: {'identifier': 'ros2srrc_ur3_gazebo'}
[0.003351] (-) JobUnselected: {'identifier': 'ros2srrc_ur3_moveit2'}
[0.003363] (-) JobUnselected: {'identifier': 'ros2srrc_ur5_gazebo'}
[0.003375] (-) JobUnselected: {'identifier': 'ros2srrc_ur5_moveit2'}
[0.003388] (-) EventReactorShutdown: {}
