[0.091s] Invoking command in '/home/ubuntu/ros2ws/build/ros2srrc_ur16e_gazebo': CMAKE_PREFIX_PATH=${CMAKE_PREFIX_PATH}:/home/ubuntu/ros2ws/install/moveit_configs_utils:/home/ubuntu/ros2ws/install/launch_param_builder:/home/ubuntu/ros2ws/install/testV1:/home/ubuntu/ros2ws/install/gui_subscriber:/home/ubuntu/ros2ws/install/robot_letter_writer:/opt/ros/humble /usr/bin/cmake --build /home/ubuntu/ros2ws/build/ros2srrc_ur16e_gazebo -- -j4 -l4
[0.240s] Invoked command in '/home/ubuntu/ros2ws/build/ros2srrc_ur16e_gazebo' returned '0': CMAKE_PREFIX_PATH=${CMAKE_PREFIX_PATH}:/home/ubuntu/ros2ws/install/moveit_configs_utils:/home/ubuntu/ros2ws/install/launch_param_builder:/home/ubuntu/ros2ws/install/testV1:/home/ubuntu/ros2ws/install/gui_subscriber:/home/ubuntu/ros2ws/install/robot_letter_writer:/opt/ros/humble /usr/bin/cmake --build /home/ubuntu/ros2ws/build/ros2srrc_ur16e_gazebo -- -j4 -l4
[0.375s] Invoking command in '/home/ubuntu/ros2ws/build/ros2srrc_ur16e_gazebo': CMAKE_PREFIX_PATH=${CMAKE_PREFIX_PATH}:/home/ubuntu/ros2ws/install/moveit_configs_utils:/home/ubuntu/ros2ws/install/launch_param_builder:/home/ubuntu/ros2ws/install/testV1:/home/ubuntu/ros2ws/install/gui_subscriber:/home/ubuntu/ros2ws/install/robot_letter_writer:/opt/ros/humble /usr/bin/cmake --install /home/ubuntu/ros2ws/build/ros2srrc_ur16e_gazebo
[0.406s] -- Install configuration: ""
[0.406s] -- Execute custom install script
[0.408s] -- Up-to-date symlink: /home/ubuntu/ros2ws/install/ros2srrc_ur16e_gazebo/share/ros2srrc_ur16e_gazebo/config/configurations.yaml
[0.408s] -- Up-to-date symlink: /home/ubuntu/ros2ws/install/ros2srrc_ur16e_gazebo/share/ros2srrc_ur16e_gazebo/urdf/ur16e.urdf.xacro
[0.408s] -- Up-to-date symlink: /home/ubuntu/ros2ws/install/ros2srrc_ur16e_gazebo/share/ros2srrc_ur16e_gazebo/urdf/ur16e_robotiq_2f85.urdf.xacro
[0.409s] -- Up-to-date symlink: /home/ubuntu/ros2ws/install/ros2srrc_ur16e_gazebo/share/ros2srrc_ur16e_gazebo/urdf/ur16e_robotiq_hande.urdf.xacro
[0.410s] -- Up-to-date symlink: /home/ubuntu/ros2ws/install/ros2srrc_ur16e_gazebo/share/ros2srrc_ur16e_gazebo/worlds/ros2srrc_ur16e.world
[0.410s] -- Up-to-date symlink: /home/ubuntu/ros2ws/install/ros2srrc_ur16e_gazebo/share/ament_index/resource_index/package_run_dependencies/ros2srrc_ur16e_gazebo
[0.411s] -- Up-to-date symlink: /home/ubuntu/ros2ws/install/ros2srrc_ur16e_gazebo/share/ament_index/resource_index/parent_prefix_path/ros2srrc_ur16e_gazebo
[0.411s] -- Up-to-date symlink: /home/ubuntu/ros2ws/install/ros2srrc_ur16e_gazebo/share/ros2srrc_ur16e_gazebo/environment/ament_prefix_path.sh
[0.413s] -- Up-to-date symlink: /home/ubuntu/ros2ws/install/ros2srrc_ur16e_gazebo/share/ros2srrc_ur16e_gazebo/environment/ament_prefix_path.dsv
[0.414s] -- Up-to-date symlink: /home/ubuntu/ros2ws/install/ros2srrc_ur16e_gazebo/share/ros2srrc_ur16e_gazebo/environment/path.sh
[0.415s] -- Up-to-date symlink: /home/ubuntu/ros2ws/install/ros2srrc_ur16e_gazebo/share/ros2srrc_ur16e_gazebo/environment/path.dsv
[0.415s] -- Up-to-date symlink: /home/ubuntu/ros2ws/install/ros2srrc_ur16e_gazebo/share/ros2srrc_ur16e_gazebo/local_setup.bash
[0.417s] -- Up-to-date symlink: /home/ubuntu/ros2ws/install/ros2srrc_ur16e_gazebo/share/ros2srrc_ur16e_gazebo/local_setup.sh
[0.417s] -- Up-to-date symlink: /home/ubuntu/ros2ws/install/ros2srrc_ur16e_gazebo/share/ros2srrc_ur16e_gazebo/local_setup.zsh
[0.417s] -- Up-to-date symlink: /home/ubuntu/ros2ws/install/ros2srrc_ur16e_gazebo/share/ros2srrc_ur16e_gazebo/local_setup.dsv
[0.418s] -- Symlinking: /home/ubuntu/ros2ws/install/ros2srrc_ur16e_gazebo/share/ros2srrc_ur16e_gazebo/package.dsv
[0.449s] -- Up-to-date symlink: /home/ubuntu/ros2ws/install/ros2srrc_ur16e_gazebo/share/ament_index/resource_index/packages/ros2srrc_ur16e_gazebo
[0.450s] -- Up-to-date symlink: /home/ubuntu/ros2ws/install/ros2srrc_ur16e_gazebo/share/ros2srrc_ur16e_gazebo/cmake/ros2srrc_ur16e_gazeboConfig.cmake
[0.450s] -- Up-to-date symlink: /home/ubuntu/ros2ws/install/ros2srrc_ur16e_gazebo/share/ros2srrc_ur16e_gazebo/cmake/ros2srrc_ur16e_gazeboConfig-version.cmake
[0.451s] -- Up-to-date symlink: /home/ubuntu/ros2ws/install/ros2srrc_ur16e_gazebo/share/ros2srrc_ur16e_gazebo/package.xml
[0.457s] Invoked command in '/home/ubuntu/ros2ws/build/ros2srrc_ur16e_gazebo' returned '0': CMAKE_PREFIX_PATH=${CMAKE_PREFIX_PATH}:/home/ubuntu/ros2ws/install/moveit_configs_utils:/home/ubuntu/ros2ws/install/launch_param_builder:/home/ubuntu/ros2ws/install/testV1:/home/ubuntu/ros2ws/install/gui_subscriber:/home/ubuntu/ros2ws/install/robot_letter_writer:/opt/ros/humble /usr/bin/cmake --install /home/ubuntu/ros2ws/build/ros2srrc_ur16e_gazebo
