[0.061s] Invoking command in '/home/ubuntu/ros2ws/build/ros2srrc_robots': CMAKE_PREFIX_PATH=${CMAKE_PREFIX_PATH}:/opt/ros/humble /usr/bin/cmake --build /home/ubuntu/ros2ws/build/ros2srrc_robots -- -j4 -l4
[0.278s] Invoked command in '/home/ubuntu/ros2ws/build/ros2srrc_robots' returned '0': CMAKE_PREFIX_PATH=${CMAKE_PREFIX_PATH}:/opt/ros/humble /usr/bin/cmake --build /home/ubuntu/ros2ws/build/ros2srrc_robots -- -j4 -l4
[0.344s] Invoking command in '/home/ubuntu/ros2ws/build/ros2srrc_robots': CMAKE_PREFIX_PATH=${CMAKE_PREFIX_PATH}:/opt/ros/humble /usr/bin/cmake --install /home/ubuntu/ros2ws/build/ros2srrc_robots
[0.382s] -- Install configuration: ""
[0.450s] -- Execute custom install script
[0.542s] -- Up-to-date symlink: /home/ubuntu/ros2ws/install/ros2srrc_robots/share/ros2srrc_robots/irb120/config/controller.yaml
[0.555s] -- Up-to-date symlink: /home/ubuntu/ros2ws/install/ros2srrc_robots/share/ros2srrc_robots/irb120/config/controller_moveit2.yaml
[0.588s] -- Up-to-date symlink: /home/ubuntu/ros2ws/install/ros2srrc_robots/share/ros2srrc_robots/irb120/config/joint_limits.yaml
[0.589s] -- Up-to-date symlink: /home/ubuntu/ros2ws/install/ros2srrc_robots/share/ros2srrc_robots/irb120/config/joint_specifications.yaml
[0.600s] -- Up-to-date symlink: /home/ubuntu/ros2ws/install/ros2srrc_robots/share/ros2srrc_robots/irb120/config/kinematics.yaml
[0.609s] -- Up-to-date symlink: /home/ubuntu/ros2ws/install/ros2srrc_robots/share/ros2srrc_robots/irb120/config/pilz_cartesian_limits.yaml
[0.610s] -- Up-to-date symlink: /home/ubuntu/ros2ws/install/ros2srrc_robots/share/ros2srrc_robots/irb120/meshes/collision/base_link.stl
[0.615s] -- Up-to-date symlink: /home/ubuntu/ros2ws/install/ros2srrc_robots/share/ros2srrc_robots/irb120/meshes/collision/link_1.stl
[0.619s] -- Up-to-date symlink: /home/ubuntu/ros2ws/install/ros2srrc_robots/share/ros2srrc_robots/irb120/meshes/collision/link_2.stl
[0.620s] -- Up-to-date symlink: /home/ubuntu/ros2ws/install/ros2srrc_robots/share/ros2srrc_robots/irb120/meshes/collision/link_3.stl
[0.621s] -- Up-to-date symlink: /home/ubuntu/ros2ws/install/ros2srrc_robots/share/ros2srrc_robots/irb120/meshes/collision/link_4.stl
[0.623s] -- Up-to-date symlink: /home/ubuntu/ros2ws/install/ros2srrc_robots/share/ros2srrc_robots/irb120/meshes/collision/link_5.stl
[0.624s] -- Up-to-date symlink: /home/ubuntu/ros2ws/install/ros2srrc_robots/share/ros2srrc_robots/irb120/meshes/collision/link_6.stl
[0.626s] -- Up-to-date symlink: /home/ubuntu/ros2ws/install/ros2srrc_robots/share/ros2srrc_robots/irb120/meshes/visual/base_link.dae
[0.626s] -- Up-to-date symlink: /home/ubuntu/ros2ws/install/ros2srrc_robots/share/ros2srrc_robots/irb120/meshes/visual/link_1.dae
[0.626s] -- Up-to-date symlink: /home/ubuntu/ros2ws/install/ros2srrc_robots/share/ros2srrc_robots/irb120/meshes/visual/link_2.dae
[0.627s] -- Up-to-date symlink: /home/ubuntu/ros2ws/install/ros2srrc_robots/share/ros2srrc_robots/irb120/meshes/visual/link_3.dae
[0.629s] -- Up-to-date symlink: /home/ubuntu/ros2ws/install/ros2srrc_robots/share/ros2srrc_robots/irb120/meshes/visual/link_4.dae
[0.629s] -- Up-to-date symlink: /home/ubuntu/ros2ws/install/ros2srrc_robots/share/ros2srrc_robots/irb120/meshes/visual/link_5.dae
[0.630s] -- Up-to-date symlink: /home/ubuntu/ros2ws/install/ros2srrc_robots/share/ros2srrc_robots/irb120/meshes/visual/link_6.dae
[0.631s] -- Up-to-date symlink: /home/ubuntu/ros2ws/install/ros2srrc_robots/share/ros2srrc_robots/irb120/urdf/abb_resources/common_colours.xacro
[0.633s] -- Up-to-date symlink: /home/ubuntu/ros2ws/install/ros2srrc_robots/share/ros2srrc_robots/irb120/urdf/abb_resources/common_materials.xacro
[0.635s] -- Up-to-date symlink: /home/ubuntu/ros2ws/install/ros2srrc_robots/share/ros2srrc_robots/irb120/urdf/irb120_macro.urdf.xacro
[0.636s] -- Up-to-date symlink: /home/ubuntu/ros2ws/install/ros2srrc_robots/share/ros2srrc_robots/irb120/urdf/irb120_ros2control.xacro
[0.637s] -- Up-to-date symlink: /home/ubuntu/ros2ws/install/ros2srrc_robots/share/ros2srrc_robots/irb120/urdf/irb120_transmission.xacro
[0.643s] -- Up-to-date symlink: /home/ubuntu/ros2ws/install/ros2srrc_robots/share/ros2srrc_robots/irb1200/config/controller.yaml
[0.644s] -- Up-to-date symlink: /home/ubuntu/ros2ws/install/ros2srrc_robots/share/ros2srrc_robots/irb1200/config/controller_moveit2.yaml
[0.645s] -- Up-to-date symlink: /home/ubuntu/ros2ws/install/ros2srrc_robots/share/ros2srrc_robots/irb1200/config/joint_limits.yaml
[0.674s] -- Up-to-date symlink: /home/ubuntu/ros2ws/install/ros2srrc_robots/share/ros2srrc_robots/irb1200/config/joint_specifications.yaml
[0.675s] -- Up-to-date symlink: /home/ubuntu/ros2ws/install/ros2srrc_robots/share/ros2srrc_robots/irb1200/config/kinematics.yaml
[0.690s] -- Up-to-date symlink: /home/ubuntu/ros2ws/install/ros2srrc_robots/share/ros2srrc_robots/irb1200/config/pilz_cartesian_limits.yaml
[0.726s] -- Up-to-date symlink: /home/ubuntu/ros2ws/install/ros2srrc_robots/share/ros2srrc_robots/irb1200/meshes/collision/base_link.stl
[0.727s] -- Up-to-date symlink: /home/ubuntu/ros2ws/install/ros2srrc_robots/share/ros2srrc_robots/irb1200/meshes/collision/link_1.stl
[0.727s] -- Up-to-date symlink: /home/ubuntu/ros2ws/install/ros2srrc_robots/share/ros2srrc_robots/irb1200/meshes/collision/link_2.stl
[0.728s] -- Up-to-date symlink: /home/ubuntu/ros2ws/install/ros2srrc_robots/share/ros2srrc_robots/irb1200/meshes/collision/link_3.stl
[0.730s] -- Up-to-date symlink: /home/ubuntu/ros2ws/install/ros2srrc_robots/share/ros2srrc_robots/irb1200/meshes/collision/link_4.stl
[0.731s] -- Up-to-date symlink: /home/ubuntu/ros2ws/install/ros2srrc_robots/share/ros2srrc_robots/irb1200/meshes/collision/link_5.stl
[0.734s] -- Up-to-date symlink: /home/ubuntu/ros2ws/install/ros2srrc_robots/share/ros2srrc_robots/irb1200/meshes/collision/link_6.stl
[0.737s] -- Up-to-date symlink: /home/ubuntu/ros2ws/install/ros2srrc_robots/share/ros2srrc_robots/irb1200/meshes/visual/base_link.dae
[0.740s] -- Up-to-date symlink: /home/ubuntu/ros2ws/install/ros2srrc_robots/share/ros2srrc_robots/irb1200/meshes/visual/link_1.dae
[0.768s] -- Up-to-date symlink: /home/ubuntu/ros2ws/install/ros2srrc_robots/share/ros2srrc_robots/irb1200/meshes/visual/link_2.dae
[0.781s] -- Up-to-date symlink: /home/ubuntu/ros2ws/install/ros2srrc_robots/share/ros2srrc_robots/irb1200/meshes/visual/link_3.dae
[0.800s] -- Up-to-date symlink: /home/ubuntu/ros2ws/install/ros2srrc_robots/share/ros2srrc_robots/irb1200/meshes/visual/link_4.dae
[0.816s] -- Up-to-date symlink: /home/ubuntu/ros2ws/install/ros2srrc_robots/share/ros2srrc_robots/irb1200/meshes/visual/link_5.dae
[0.835s] -- Up-to-date symlink: /home/ubuntu/ros2ws/install/ros2srrc_robots/share/ros2srrc_robots/irb1200/meshes/visual/link_6.dae
[0.835s] -- Up-to-date symlink: /home/ubuntu/ros2ws/install/ros2srrc_robots/share/ros2srrc_robots/irb1200/urdf/abb_resources/common_colours.xacro
[0.840s] -- Up-to-date symlink: /home/ubuntu/ros2ws/install/ros2srrc_robots/share/ros2srrc_robots/irb1200/urdf/abb_resources/common_materials.xacro
[0.840s] -- Up-to-date symlink: /home/ubuntu/ros2ws/install/ros2srrc_robots/share/ros2srrc_robots/irb1200/urdf/irb1200_macro.urdf.xacro
[0.842s] -- Up-to-date symlink: /home/ubuntu/ros2ws/install/ros2srrc_robots/share/ros2srrc_robots/irb1200/urdf/irb1200_ros2control.xacro
[0.842s] -- Up-to-date symlink: /home/ubuntu/ros2ws/install/ros2srrc_robots/share/ros2srrc_robots/irb1200/urdf/irb1200_transmission.xacro
[0.847s] -- Up-to-date symlink: /home/ubuntu/ros2ws/install/ros2srrc_robots/share/ros2srrc_robots/irb6640/config/controller.yaml
[0.848s] -- Up-to-date symlink: /home/ubuntu/ros2ws/install/ros2srrc_robots/share/ros2srrc_robots/irb6640/config/controller_moveit2.yaml
[0.853s] -- Up-to-date symlink: /home/ubuntu/ros2ws/install/ros2srrc_robots/share/ros2srrc_robots/irb6640/config/joint_limits.yaml
[0.856s] -- Up-to-date symlink: /home/ubuntu/ros2ws/install/ros2srrc_robots/share/ros2srrc_robots/irb6640/config/joint_specifications.yaml
[0.857s] -- Up-to-date symlink: /home/ubuntu/ros2ws/install/ros2srrc_robots/share/ros2srrc_robots/irb6640/config/kinematics.yaml
[0.858s] -- Up-to-date symlink: /home/ubuntu/ros2ws/install/ros2srrc_robots/share/ros2srrc_robots/irb6640/config/pilz_cartesian_limits.yaml
[0.870s] -- Up-to-date symlink: /home/ubuntu/ros2ws/install/ros2srrc_robots/share/ros2srrc_robots/irb6640/meshes/base_link.dae
[0.878s] -- Up-to-date symlink: /home/ubuntu/ros2ws/install/ros2srrc_robots/share/ros2srrc_robots/irb6640/meshes/link_1.dae
[0.879s] -- Up-to-date symlink: /home/ubuntu/ros2ws/install/ros2srrc_robots/share/ros2srrc_robots/irb6640/meshes/link_2.dae
[0.879s] -- Up-to-date symlink: /home/ubuntu/ros2ws/install/ros2srrc_robots/share/ros2srrc_robots/irb6640/meshes/link_3.dae
[0.883s] -- Up-to-date symlink: /home/ubuntu/ros2ws/install/ros2srrc_robots/share/ros2srrc_robots/irb6640/meshes/link_4.dae
[0.883s] -- Up-to-date symlink: /home/ubuntu/ros2ws/install/ros2srrc_robots/share/ros2srrc_robots/irb6640/meshes/link_5.dae
[0.883s] -- Up-to-date symlink: /home/ubuntu/ros2ws/install/ros2srrc_robots/share/ros2srrc_robots/irb6640/meshes/link_6.dae
[0.886s] -- Up-to-date symlink: /home/ubuntu/ros2ws/install/ros2srrc_robots/share/ros2srrc_robots/irb6640/meshes/link_cylinder.dae
[0.890s] -- Up-to-date symlink: /home/ubuntu/ros2ws/install/ros2srrc_robots/share/ros2srrc_robots/irb6640/meshes/link_piston.dae
[0.894s] -- Up-to-date symlink: /home/ubuntu/ros2ws/install/ros2srrc_robots/share/ros2srrc_robots/irb6640/urdf/irb6640_macro.urdf.xacro
[0.894s] -- Up-to-date symlink: /home/ubuntu/ros2ws/install/ros2srrc_robots/share/ros2srrc_robots/irb6640/urdf/irb6640_ros2control.xacro
[0.894s] -- Up-to-date symlink: /home/ubuntu/ros2ws/install/ros2srrc_robots/share/ros2srrc_robots/irb6640/urdf/irb6640_transmission.xacro
[0.908s] -- Up-to-date symlink: /home/ubuntu/ros2ws/install/ros2srrc_robots/share/ros2srrc_robots/ur3/config/controller.yaml
[0.909s] -- Up-to-date symlink: /home/ubuntu/ros2ws/install/ros2srrc_robots/share/ros2srrc_robots/ur3/config/controller_moveit2.yaml
[0.910s] -- Up-to-date symlink: /home/ubuntu/ros2ws/install/ros2srrc_robots/share/ros2srrc_robots/ur3/config/controller_ur.yaml
[0.916s] -- Up-to-date symlink: /home/ubuntu/ros2ws/install/ros2srrc_robots/share/ros2srrc_robots/ur3/config/joint_limits.yaml
[0.917s] -- Up-to-date symlink: /home/ubuntu/ros2ws/install/ros2srrc_robots/share/ros2srrc_robots/ur3/config/joint_specifications.yaml
[0.917s] -- Up-to-date symlink: /home/ubuntu/ros2ws/install/ros2srrc_robots/share/ros2srrc_robots/ur3/config/kinematics.yaml
[0.917s] -- Up-to-date symlink: /home/ubuntu/ros2ws/install/ros2srrc_robots/share/ros2srrc_robots/ur3/config/pilz_cartesian_limits.yaml
[0.917s] -- Up-to-date symlink: /home/ubuntu/ros2ws/install/ros2srrc_robots/share/ros2srrc_robots/ur3/meshes/collision/base.stl
[0.919s] -- Up-to-date symlink: /home/ubuntu/ros2ws/install/ros2srrc_robots/share/ros2srrc_robots/ur3/meshes/collision/forearm.stl
[0.919s] -- Up-to-date symlink: /home/ubuntu/ros2ws/install/ros2srrc_robots/share/ros2srrc_robots/ur3/meshes/collision/shoulder.stl
[0.923s] -- Up-to-date symlink: /home/ubuntu/ros2ws/install/ros2srrc_robots/share/ros2srrc_robots/ur3/meshes/collision/upperarm.stl
[0.923s] -- Up-to-date symlink: /home/ubuntu/ros2ws/install/ros2srrc_robots/share/ros2srrc_robots/ur3/meshes/collision/wrist1.stl
[0.923s] -- Up-to-date symlink: /home/ubuntu/ros2ws/install/ros2srrc_robots/share/ros2srrc_robots/ur3/meshes/collision/wrist2.stl
[0.923s] -- Up-to-date symlink: /home/ubuntu/ros2ws/install/ros2srrc_robots/share/ros2srrc_robots/ur3/meshes/collision/wrist3.stl
[0.924s] -- Up-to-date symlink: /home/ubuntu/ros2ws/install/ros2srrc_robots/share/ros2srrc_robots/ur3/meshes/visual/base.dae
[0.925s] -- Up-to-date symlink: /home/ubuntu/ros2ws/install/ros2srrc_robots/share/ros2srrc_robots/ur3/meshes/visual/forearm.dae
[0.927s] -- Up-to-date symlink: /home/ubuntu/ros2ws/install/ros2srrc_robots/share/ros2srrc_robots/ur3/meshes/visual/shoulder.dae
[0.929s] -- Up-to-date symlink: /home/ubuntu/ros2ws/install/ros2srrc_robots/share/ros2srrc_robots/ur3/meshes/visual/upperarm.dae
[0.929s] -- Up-to-date symlink: /home/ubuntu/ros2ws/install/ros2srrc_robots/share/ros2srrc_robots/ur3/meshes/visual/wrist1.dae
[0.929s] -- Up-to-date symlink: /home/ubuntu/ros2ws/install/ros2srrc_robots/share/ros2srrc_robots/ur3/meshes/visual/wrist2.dae
[0.933s] -- Up-to-date symlink: /home/ubuntu/ros2ws/install/ros2srrc_robots/share/ros2srrc_robots/ur3/meshes/visual/wrist3.dae
[0.937s] -- Up-to-date symlink: /home/ubuntu/ros2ws/install/ros2srrc_robots/share/ros2srrc_robots/ur3/urdf/ur3_common.xacro
[0.937s] -- Up-to-date symlink: /home/ubuntu/ros2ws/install/ros2srrc_robots/share/ros2srrc_robots/ur3/urdf/ur3_macro.urdf.xacro
[0.937s] -- Up-to-date symlink: /home/ubuntu/ros2ws/install/ros2srrc_robots/share/ros2srrc_robots/ur3/urdf/ur3_ros2control.xacro
[0.939s] -- Up-to-date symlink: /home/ubuntu/ros2ws/install/ros2srrc_robots/share/ros2srrc_robots/ur3/urdf/ur3_transmission.xacro
[0.947s] -- Up-to-date symlink: /home/ubuntu/ros2ws/install/ros2srrc_robots/share/ros2srrc_robots/ur5/config/controller.yaml
[0.947s] -- Up-to-date symlink: /home/ubuntu/ros2ws/install/ros2srrc_robots/share/ros2srrc_robots/ur5/config/controller_moveit2.yaml
[0.952s] -- Up-to-date symlink: /home/ubuntu/ros2ws/install/ros2srrc_robots/share/ros2srrc_robots/ur5/config/controller_ur.yaml
[0.953s] -- Up-to-date symlink: /home/ubuntu/ros2ws/install/ros2srrc_robots/share/ros2srrc_robots/ur5/config/joint_limits.yaml
[0.953s] -- Up-to-date symlink: /home/ubuntu/ros2ws/install/ros2srrc_robots/share/ros2srrc_robots/ur5/config/joint_specifications.yaml
[0.953s] -- Up-to-date symlink: /home/ubuntu/ros2ws/install/ros2srrc_robots/share/ros2srrc_robots/ur5/config/kinematics.yaml
[0.954s] -- Up-to-date symlink: /home/ubuntu/ros2ws/install/ros2srrc_robots/share/ros2srrc_robots/ur5/config/pilz_cartesian_limits.yaml
[0.957s] -- Up-to-date symlink: /home/ubuntu/ros2ws/install/ros2srrc_robots/share/ros2srrc_robots/ur5/meshes/collision/base.stl
[0.958s] -- Up-to-date symlink: /home/ubuntu/ros2ws/install/ros2srrc_robots/share/ros2srrc_robots/ur5/meshes/collision/forearm.stl
[0.967s] -- Up-to-date symlink: /home/ubuntu/ros2ws/install/ros2srrc_robots/share/ros2srrc_robots/ur5/meshes/collision/shoulder.stl
[0.967s] -- Up-to-date symlink: /home/ubuntu/ros2ws/install/ros2srrc_robots/share/ros2srrc_robots/ur5/meshes/collision/upperarm.stl
[0.967s] -- Up-to-date symlink: /home/ubuntu/ros2ws/install/ros2srrc_robots/share/ros2srrc_robots/ur5/meshes/collision/wrist1.stl
[0.971s] -- Up-to-date symlink: /home/ubuntu/ros2ws/install/ros2srrc_robots/share/ros2srrc_robots/ur5/meshes/collision/wrist2.stl
[0.974s] -- Up-to-date symlink: /home/ubuntu/ros2ws/install/ros2srrc_robots/share/ros2srrc_robots/ur5/meshes/collision/wrist3.stl
[0.974s] -- Up-to-date symlink: /home/ubuntu/ros2ws/install/ros2srrc_robots/share/ros2srrc_robots/ur5/meshes/visual/base.dae
[0.974s] -- Up-to-date symlink: /home/ubuntu/ros2ws/install/ros2srrc_robots/share/ros2srrc_robots/ur5/meshes/visual/forearm.dae
[0.974s] -- Up-to-date symlink: /home/ubuntu/ros2ws/install/ros2srrc_robots/share/ros2srrc_robots/ur5/meshes/visual/shoulder.dae
[0.975s] -- Up-to-date symlink: /home/ubuntu/ros2ws/install/ros2srrc_robots/share/ros2srrc_robots/ur5/meshes/visual/upperarm.dae
[0.976s] -- Up-to-date symlink: /home/ubuntu/ros2ws/install/ros2srrc_robots/share/ros2srrc_robots/ur5/meshes/visual/wrist1.dae
[0.979s] -- Up-to-date symlink: /home/ubuntu/ros2ws/install/ros2srrc_robots/share/ros2srrc_robots/ur5/meshes/visual/wrist2.dae
[0.980s] -- Up-to-date symlink: /home/ubuntu/ros2ws/install/ros2srrc_robots/share/ros2srrc_robots/ur5/meshes/visual/wrist3.dae
[0.984s] -- Up-to-date symlink: /home/ubuntu/ros2ws/install/ros2srrc_robots/share/ros2srrc_robots/ur5/urdf/ur5_common.xacro
[0.986s] -- Up-to-date symlink: /home/ubuntu/ros2ws/install/ros2srrc_robots/share/ros2srrc_robots/ur5/urdf/ur5_macro.urdf.xacro
[0.986s] -- Up-to-date symlink: /home/ubuntu/ros2ws/install/ros2srrc_robots/share/ros2srrc_robots/ur5/urdf/ur5_ros2control.xacro
[0.986s] -- Up-to-date symlink: /home/ubuntu/ros2ws/install/ros2srrc_robots/share/ros2srrc_robots/ur5/urdf/ur5_transmission.xacro
[0.991s] -- Up-to-date symlink: /home/ubuntu/ros2ws/install/ros2srrc_robots/share/ros2srrc_robots/ur10e/config/controller.yaml
[0.993s] -- Up-to-date symlink: /home/ubuntu/ros2ws/install/ros2srrc_robots/share/ros2srrc_robots/ur10e/config/controller_moveit2.yaml
[0.995s] -- Up-to-date symlink: /home/ubuntu/ros2ws/install/ros2srrc_robots/share/ros2srrc_robots/ur10e/config/controller_ur.yaml
[0.996s] -- Up-to-date symlink: /home/ubuntu/ros2ws/install/ros2srrc_robots/share/ros2srrc_robots/ur10e/config/joint_limits.yaml
[0.996s] -- Up-to-date symlink: /home/ubuntu/ros2ws/install/ros2srrc_robots/share/ros2srrc_robots/ur10e/config/joint_specifications.yaml
[0.996s] -- Up-to-date symlink: /home/ubuntu/ros2ws/install/ros2srrc_robots/share/ros2srrc_robots/ur10e/config/kinematics.yaml
[0.996s] -- Up-to-date symlink: /home/ubuntu/ros2ws/install/ros2srrc_robots/share/ros2srrc_robots/ur10e/config/pilz_cartesian_limits.yaml
[0.997s] -- Up-to-date symlink: /home/ubuntu/ros2ws/install/ros2srrc_robots/share/ros2srrc_robots/ur10e/meshes/collision/base.stl
[0.999s] -- Up-to-date symlink: /home/ubuntu/ros2ws/install/ros2srrc_robots/share/ros2srrc_robots/ur10e/meshes/collision/forearm.stl
[0.999s] -- Up-to-date symlink: /home/ubuntu/ros2ws/install/ros2srrc_robots/share/ros2srrc_robots/ur10e/meshes/collision/shoulder.stl
[1.000s] -- Up-to-date symlink: /home/ubuntu/ros2ws/install/ros2srrc_robots/share/ros2srrc_robots/ur10e/meshes/collision/upperarm.stl
[1.000s] -- Up-to-date symlink: /home/ubuntu/ros2ws/install/ros2srrc_robots/share/ros2srrc_robots/ur10e/meshes/collision/wrist1.stl
[1.001s] -- Up-to-date symlink: /home/ubuntu/ros2ws/install/ros2srrc_robots/share/ros2srrc_robots/ur10e/meshes/collision/wrist2.stl
[1.003s] -- Up-to-date symlink: /home/ubuntu/ros2ws/install/ros2srrc_robots/share/ros2srrc_robots/ur10e/meshes/collision/wrist3.stl
[1.004s] -- Up-to-date symlink: /home/ubuntu/ros2ws/install/ros2srrc_robots/share/ros2srrc_robots/ur10e/meshes/visual/base.dae
[1.007s] -- Up-to-date symlink: /home/ubuntu/ros2ws/install/ros2srrc_robots/share/ros2srrc_robots/ur10e/meshes/visual/forearm.dae
[1.007s] -- Up-to-date symlink: /home/ubuntu/ros2ws/install/ros2srrc_robots/share/ros2srrc_robots/ur10e/meshes/visual/shoulder.dae
[1.007s] -- Up-to-date symlink: /home/ubuntu/ros2ws/install/ros2srrc_robots/share/ros2srrc_robots/ur10e/meshes/visual/upperarm.dae
[1.009s] -- Up-to-date symlink: /home/ubuntu/ros2ws/install/ros2srrc_robots/share/ros2srrc_robots/ur10e/meshes/visual/wrist1.dae
[1.013s] -- Up-to-date symlink: /home/ubuntu/ros2ws/install/ros2srrc_robots/share/ros2srrc_robots/ur10e/meshes/visual/wrist2.dae
[1.013s] -- Up-to-date symlink: /home/ubuntu/ros2ws/install/ros2srrc_robots/share/ros2srrc_robots/ur10e/meshes/visual/wrist3.dae
[1.014s] -- Up-to-date symlink: /home/ubuntu/ros2ws/install/ros2srrc_robots/share/ros2srrc_robots/ur10e/urdf/ur10e_common.xacro
[1.015s] -- Up-to-date symlink: /home/ubuntu/ros2ws/install/ros2srrc_robots/share/ros2srrc_robots/ur10e/urdf/ur10e_macro.urdf.xacro
[1.021s] -- Up-to-date symlink: /home/ubuntu/ros2ws/install/ros2srrc_robots/share/ros2srrc_robots/ur10e/urdf/ur10e_ros2control.xacro
[1.021s] -- Up-to-date symlink: /home/ubuntu/ros2ws/install/ros2srrc_robots/share/ros2srrc_robots/ur10e/urdf/ur10e_transmission.xacro
[1.022s] -- Up-to-date symlink: /home/ubuntu/ros2ws/install/ros2srrc_robots/share/ros2srrc_robots/ur16e/config/controller.yaml
[1.022s] -- Up-to-date symlink: /home/ubuntu/ros2ws/install/ros2srrc_robots/share/ros2srrc_robots/ur16e/config/controller_moveit2.yaml
[1.023s] -- Up-to-date symlink: /home/ubuntu/ros2ws/install/ros2srrc_robots/share/ros2srrc_robots/ur16e/config/controller_ur.yaml
[1.024s] -- Up-to-date symlink: /home/ubuntu/ros2ws/install/ros2srrc_robots/share/ros2srrc_robots/ur16e/config/joint_limits.yaml
[1.026s] -- Up-to-date symlink: /home/ubuntu/ros2ws/install/ros2srrc_robots/share/ros2srrc_robots/ur16e/config/joint_specifications.yaml
[1.026s] -- Up-to-date symlink: /home/ubuntu/ros2ws/install/ros2srrc_robots/share/ros2srrc_robots/ur16e/config/kinematics.yaml
[1.032s] -- Up-to-date symlink: /home/ubuntu/ros2ws/install/ros2srrc_robots/share/ros2srrc_robots/ur16e/config/pilz_cartesian_limits.yaml
[1.040s] -- Up-to-date symlink: /home/ubuntu/ros2ws/install/ros2srrc_robots/share/ros2srrc_robots/ur16e/meshes/collision/base.stl
[1.041s] -- Up-to-date symlink: /home/ubuntu/ros2ws/install/ros2srrc_robots/share/ros2srrc_robots/ur16e/meshes/collision/forearm.stl
[1.052s] -- Up-to-date symlink: /home/ubuntu/ros2ws/install/ros2srrc_robots/share/ros2srrc_robots/ur16e/meshes/collision/shoulder.stl
[1.053s] -- Up-to-date symlink: /home/ubuntu/ros2ws/install/ros2srrc_robots/share/ros2srrc_robots/ur16e/meshes/collision/upperarm.stl
[1.056s] -- Up-to-date symlink: /home/ubuntu/ros2ws/install/ros2srrc_robots/share/ros2srrc_robots/ur16e/meshes/collision/wrist1.stl
[1.056s] -- Up-to-date symlink: /home/ubuntu/ros2ws/install/ros2srrc_robots/share/ros2srrc_robots/ur16e/meshes/collision/wrist2.stl
[1.057s] -- Up-to-date symlink: /home/ubuntu/ros2ws/install/ros2srrc_robots/share/ros2srrc_robots/ur16e/meshes/collision/wrist3.stl
[1.059s] -- Up-to-date symlink: /home/ubuntu/ros2ws/install/ros2srrc_robots/share/ros2srrc_robots/ur16e/meshes/visual/base.dae
[1.059s] -- Up-to-date symlink: /home/ubuntu/ros2ws/install/ros2srrc_robots/share/ros2srrc_robots/ur16e/meshes/visual/forearm.dae
[1.059s] -- Up-to-date symlink: /home/ubuntu/ros2ws/install/ros2srrc_robots/share/ros2srrc_robots/ur16e/meshes/visual/shoulder.dae
[1.059s] -- Up-to-date symlink: /home/ubuntu/ros2ws/install/ros2srrc_robots/share/ros2srrc_robots/ur16e/meshes/visual/upperarm.dae
[1.059s] -- Up-to-date symlink: /home/ubuntu/ros2ws/install/ros2srrc_robots/share/ros2srrc_robots/ur16e/meshes/visual/wrist1.dae
[1.065s] -- Up-to-date symlink: /home/ubuntu/ros2ws/install/ros2srrc_robots/share/ros2srrc_robots/ur16e/meshes/visual/wrist2.dae
[1.066s] -- Up-to-date symlink: /home/ubuntu/ros2ws/install/ros2srrc_robots/share/ros2srrc_robots/ur16e/meshes/visual/wrist3.dae
[1.066s] -- Up-to-date symlink: /home/ubuntu/ros2ws/install/ros2srrc_robots/share/ros2srrc_robots/ur16e/urdf/ur16e_common.xacro
[1.066s] -- Up-to-date symlink: /home/ubuntu/ros2ws/install/ros2srrc_robots/share/ros2srrc_robots/ur16e/urdf/ur16e_macro.urdf.xacro
[1.066s] -- Up-to-date symlink: /home/ubuntu/ros2ws/install/ros2srrc_robots/share/ros2srrc_robots/ur16e/urdf/ur16e_ros2control.xacro
[1.066s] -- Up-to-date symlink: /home/ubuntu/ros2ws/install/ros2srrc_robots/share/ros2srrc_robots/ur16e/urdf/ur16e_transmission.xacro
[1.216s] -- Up-to-date symlink: /home/ubuntu/ros2ws/install/ros2srrc_robots/share/ros2srrc_robots/iiwa/config/controller.yaml
[1.275s] -- Up-to-date symlink: /home/ubuntu/ros2ws/install/ros2srrc_robots/share/ros2srrc_robots/iiwa/config/controller_moveit2.yaml
[1.275s] -- Up-to-date symlink: /home/ubuntu/ros2ws/install/ros2srrc_robots/share/ros2srrc_robots/iiwa/config/joint_limits.yaml
[1.299s] -- Up-to-date symlink: /home/ubuntu/ros2ws/install/ros2srrc_robots/share/ros2srrc_robots/iiwa/config/joint_specifications.yaml
[1.316s] -- Up-to-date symlink: /home/ubuntu/ros2ws/install/ros2srrc_robots/share/ros2srrc_robots/iiwa/config/kinematics.yaml
[1.335s] -- Up-to-date symlink: /home/ubuntu/ros2ws/install/ros2srrc_robots/share/ros2srrc_robots/iiwa/config/pilz_cartesian_limits.yaml
[1.376s] -- Up-to-date symlink: /home/ubuntu/ros2ws/install/ros2srrc_robots/share/ros2srrc_robots/iiwa/meshes/collision/base_link.stl
[1.377s] -- Up-to-date symlink: /home/ubuntu/ros2ws/install/ros2srrc_robots/share/ros2srrc_robots/iiwa/meshes/collision/link_1.stl
[1.378s] -- Up-to-date symlink: /home/ubuntu/ros2ws/install/ros2srrc_robots/share/ros2srrc_robots/iiwa/meshes/collision/link_2.stl
[1.378s] -- Up-to-date symlink: /home/ubuntu/ros2ws/install/ros2srrc_robots/share/ros2srrc_robots/iiwa/meshes/collision/link_3.stl
[1.379s] -- Up-to-date symlink: /home/ubuntu/ros2ws/install/ros2srrc_robots/share/ros2srrc_robots/iiwa/meshes/collision/link_4.stl
[1.383s] -- Up-to-date symlink: /home/ubuntu/ros2ws/install/ros2srrc_robots/share/ros2srrc_robots/iiwa/meshes/collision/link_5.stl
[1.385s] -- Up-to-date symlink: /home/ubuntu/ros2ws/install/ros2srrc_robots/share/ros2srrc_robots/iiwa/meshes/collision/link_6.stl
[1.385s] -- Up-to-date symlink: /home/ubuntu/ros2ws/install/ros2srrc_robots/share/ros2srrc_robots/iiwa/meshes/collision/link_7.stl
[1.385s] -- Up-to-date symlink: /home/ubuntu/ros2ws/install/ros2srrc_robots/share/ros2srrc_robots/iiwa/meshes/visual/base_link.dae
[1.386s] -- Up-to-date symlink: /home/ubuntu/ros2ws/install/ros2srrc_robots/share/ros2srrc_robots/iiwa/meshes/visual/link_1.dae
[1.386s] -- Up-to-date symlink: /home/ubuntu/ros2ws/install/ros2srrc_robots/share/ros2srrc_robots/iiwa/meshes/visual/link_2.dae
[1.386s] -- Up-to-date symlink: /home/ubuntu/ros2ws/install/ros2srrc_robots/share/ros2srrc_robots/iiwa/meshes/visual/link_3.dae
[1.390s] -- Up-to-date symlink: /home/ubuntu/ros2ws/install/ros2srrc_robots/share/ros2srrc_robots/iiwa/meshes/visual/link_4.dae
[1.390s] -- Up-to-date symlink: /home/ubuntu/ros2ws/install/ros2srrc_robots/share/ros2srrc_robots/iiwa/meshes/visual/link_5.dae
[1.391s] -- Up-to-date symlink: /home/ubuntu/ros2ws/install/ros2srrc_robots/share/ros2srrc_robots/iiwa/meshes/visual/link_6.dae
[1.392s] -- Up-to-date symlink: /home/ubuntu/ros2ws/install/ros2srrc_robots/share/ros2srrc_robots/iiwa/meshes/visual/link_7.dae
[1.393s] -- Up-to-date symlink: /home/ubuntu/ros2ws/install/ros2srrc_robots/share/ros2srrc_robots/iiwa/urdf/iiwa_macro.urdf.xacro
[1.393s] -- Up-to-date symlink: /home/ubuntu/ros2ws/install/ros2srrc_robots/share/ros2srrc_robots/iiwa/urdf/iiwa_ros2control.xacro
[1.393s] -- Up-to-date symlink: /home/ubuntu/ros2ws/install/ros2srrc_robots/share/ros2srrc_robots/iiwa/urdf/iiwa_transmission.xacro
[1.395s] -- Up-to-date symlink: /home/ubuntu/ros2ws/install/ros2srrc_robots/share/ament_index/resource_index/package_run_dependencies/ros2srrc_robots
[1.396s] -- Up-to-date symlink: /home/ubuntu/ros2ws/install/ros2srrc_robots/share/ament_index/resource_index/parent_prefix_path/ros2srrc_robots
[1.396s] -- Up-to-date symlink: /home/ubuntu/ros2ws/install/ros2srrc_robots/share/ros2srrc_robots/environment/ament_prefix_path.sh
[1.396s] -- Up-to-date symlink: /home/ubuntu/ros2ws/install/ros2srrc_robots/share/ros2srrc_robots/environment/ament_prefix_path.dsv
[1.399s] -- Up-to-date symlink: /home/ubuntu/ros2ws/install/ros2srrc_robots/share/ros2srrc_robots/environment/path.sh
[1.399s] -- Up-to-date symlink: /home/ubuntu/ros2ws/install/ros2srrc_robots/share/ros2srrc_robots/environment/path.dsv
[1.399s] -- Up-to-date symlink: /home/ubuntu/ros2ws/install/ros2srrc_robots/share/ros2srrc_robots/local_setup.bash
[1.404s] -- Up-to-date symlink: /home/ubuntu/ros2ws/install/ros2srrc_robots/share/ros2srrc_robots/local_setup.sh
[1.406s] -- Up-to-date symlink: /home/ubuntu/ros2ws/install/ros2srrc_robots/share/ros2srrc_robots/local_setup.zsh
[1.406s] -- Up-to-date symlink: /home/ubuntu/ros2ws/install/ros2srrc_robots/share/ros2srrc_robots/local_setup.dsv
[1.406s] -- Symlinking: /home/ubuntu/ros2ws/install/ros2srrc_robots/share/ros2srrc_robots/package.dsv
[1.414s] -- Up-to-date symlink: /home/ubuntu/ros2ws/install/ros2srrc_robots/share/ament_index/resource_index/packages/ros2srrc_robots
[1.416s] -- Up-to-date symlink: /home/ubuntu/ros2ws/install/ros2srrc_robots/share/ros2srrc_robots/cmake/ros2srrc_robotsConfig.cmake
[1.417s] -- Up-to-date symlink: /home/ubuntu/ros2ws/install/ros2srrc_robots/share/ros2srrc_robots/cmake/ros2srrc_robotsConfig-version.cmake
[1.417s] -- Up-to-date symlink: /home/ubuntu/ros2ws/install/ros2srrc_robots/share/ros2srrc_robots/package.xml
[1.439s] Invoked command in '/home/ubuntu/ros2ws/build/ros2srrc_robots' returned '0': CMAKE_PREFIX_PATH=${CMAKE_PREFIX_PATH}:/opt/ros/humble /usr/bin/cmake --install /home/ubuntu/ros2ws/build/ros2srrc_robots
