[0.048s] Invoking command in '/home/ubuntu/ros2ws/build/ros2srrc_iiwa_gazebo': CMAKE_PREFIX_PATH=${CMAKE_PREFIX_PATH}:/opt/ros/humble /usr/bin/cmake /home/ubuntu/ros2ws/src/ros2_SimRealRobotControl/packages/iiwa/ros2srrc_iiwa_gazebo -DAMENT_CMAKE_SYMLINK_INSTALL=1 -DCMAKE_INSTALL_PREFIX=/home/ubuntu/ros2ws/install/ros2srrc_iiwa_gazebo
[0.117s] -- Found ament_cmake: 1.3.10 (/opt/ros/humble/share/ament_cmake/cmake)
[0.475s] -- Override CMake install command with custom implementation using symlinks instead of copying resources
[0.488s] -- Found ament_lint_auto: 0.12.11 (/opt/ros/humble/share/ament_lint_auto/cmake)
[0.711s] -- Added test 'copyright' to check source files copyright and LICENSE
[0.721s] -- Added test 'lint_cmake' to check CMake code style
[0.726s] -- Added test 'xmllint' to check XML markup files
[0.734s] -- Configuring done
[0.745s] -- Generating done
[0.747s] -- Build files have been written to: /home/ubuntu/ros2ws/build/ros2srrc_iiwa_gazebo
[0.756s] Invoked command in '/home/ubuntu/ros2ws/build/ros2srrc_iiwa_gazebo' returned '0': CMAKE_PREFIX_PATH=${CMAKE_PREFIX_PATH}:/opt/ros/humble /usr/bin/cmake /home/ubuntu/ros2ws/src/ros2_SimRealRobotControl/packages/iiwa/ros2srrc_iiwa_gazebo -DAMENT_CMAKE_SYMLINK_INSTALL=1 -DCMAKE_INSTALL_PREFIX=/home/ubuntu/ros2ws/install/ros2srrc_iiwa_gazebo
[0.757s] Invoking command in '/home/ubuntu/ros2ws/build/ros2srrc_iiwa_gazebo': CMAKE_PREFIX_PATH=${CMAKE_PREFIX_PATH}:/opt/ros/humble /usr/bin/cmake --build /home/ubuntu/ros2ws/build/ros2srrc_iiwa_gazebo -- -j4 -l4
[0.873s] Invoked command in '/home/ubuntu/ros2ws/build/ros2srrc_iiwa_gazebo' returned '0': CMAKE_PREFIX_PATH=${CMAKE_PREFIX_PATH}:/opt/ros/humble /usr/bin/cmake --build /home/ubuntu/ros2ws/build/ros2srrc_iiwa_gazebo -- -j4 -l4
[0.947s] Invoking command in '/home/ubuntu/ros2ws/build/ros2srrc_iiwa_gazebo': CMAKE_PREFIX_PATH=${CMAKE_PREFIX_PATH}:/opt/ros/humble /usr/bin/cmake --install /home/ubuntu/ros2ws/build/ros2srrc_iiwa_gazebo
[0.988s] -- Install configuration: ""
[0.989s] -- Execute custom install script
[0.991s] -- Up-to-date symlink: /home/ubuntu/ros2ws/install/ros2srrc_iiwa_gazebo/share/ros2srrc_iiwa_gazebo/config/configurations.yaml
[0.992s] -- Up-to-date symlink: /home/ubuntu/ros2ws/install/ros2srrc_iiwa_gazebo/share/ros2srrc_iiwa_gazebo/urdf/iiwa.urdf.xacro
[0.992s] -- Up-to-date symlink: /home/ubuntu/ros2ws/install/ros2srrc_iiwa_gazebo/share/ros2srrc_iiwa_gazebo/urdf/iiwa_robotiq_2f85.urdf.xacro
[0.996s] -- Up-to-date symlink: /home/ubuntu/ros2ws/install/ros2srrc_iiwa_gazebo/share/ros2srrc_iiwa_gazebo/worlds/ros2srrc_iiwa.world
[0.997s] -- Up-to-date symlink: /home/ubuntu/ros2ws/install/ros2srrc_iiwa_gazebo/share/ament_index/resource_index/package_run_dependencies/ros2srrc_iiwa_gazebo
[0.997s] -- Up-to-date symlink: /home/ubuntu/ros2ws/install/ros2srrc_iiwa_gazebo/share/ament_index/resource_index/parent_prefix_path/ros2srrc_iiwa_gazebo
[0.997s] -- Up-to-date symlink: /home/ubuntu/ros2ws/install/ros2srrc_iiwa_gazebo/share/ros2srrc_iiwa_gazebo/environment/ament_prefix_path.sh
[0.997s] -- Up-to-date symlink: /home/ubuntu/ros2ws/install/ros2srrc_iiwa_gazebo/share/ros2srrc_iiwa_gazebo/environment/ament_prefix_path.dsv
[0.999s] -- Up-to-date symlink: /home/ubuntu/ros2ws/install/ros2srrc_iiwa_gazebo/share/ros2srrc_iiwa_gazebo/environment/path.sh
[0.999s] -- Up-to-date symlink: /home/ubuntu/ros2ws/install/ros2srrc_iiwa_gazebo/share/ros2srrc_iiwa_gazebo/environment/path.dsv
[0.999s] -- Up-to-date symlink: /home/ubuntu/ros2ws/install/ros2srrc_iiwa_gazebo/share/ros2srrc_iiwa_gazebo/local_setup.bash
[0.999s] -- Up-to-date symlink: /home/ubuntu/ros2ws/install/ros2srrc_iiwa_gazebo/share/ros2srrc_iiwa_gazebo/local_setup.sh
[1.000s] -- Up-to-date symlink: /home/ubuntu/ros2ws/install/ros2srrc_iiwa_gazebo/share/ros2srrc_iiwa_gazebo/local_setup.zsh
[1.001s] -- Up-to-date symlink: /home/ubuntu/ros2ws/install/ros2srrc_iiwa_gazebo/share/ros2srrc_iiwa_gazebo/local_setup.dsv
[1.004s] -- Symlinking: /home/ubuntu/ros2ws/install/ros2srrc_iiwa_gazebo/share/ros2srrc_iiwa_gazebo/package.dsv
[1.040s] -- Up-to-date symlink: /home/ubuntu/ros2ws/install/ros2srrc_iiwa_gazebo/share/ament_index/resource_index/packages/ros2srrc_iiwa_gazebo
[1.040s] -- Up-to-date symlink: /home/ubuntu/ros2ws/install/ros2srrc_iiwa_gazebo/share/ros2srrc_iiwa_gazebo/cmake/ros2srrc_iiwa_gazeboConfig.cmake
[1.040s] -- Up-to-date symlink: /home/ubuntu/ros2ws/install/ros2srrc_iiwa_gazebo/share/ros2srrc_iiwa_gazebo/cmake/ros2srrc_iiwa_gazeboConfig-version.cmake
[1.040s] -- Up-to-date symlink: /home/ubuntu/ros2ws/install/ros2srrc_iiwa_gazebo/share/ros2srrc_iiwa_gazebo/package.xml
[1.049s] Invoked command in '/home/ubuntu/ros2ws/build/ros2srrc_iiwa_gazebo' returned '0': CMAKE_PREFIX_PATH=${CMAKE_PREFIX_PATH}:/opt/ros/humble /usr/bin/cmake --install /home/ubuntu/ros2ws/build/ros2srrc_iiwa_gazebo
