[0.055s] Invoking command in '/home/ubuntu/ros2ws/build/abb_rapid_sm_addin_msgs': AMENT_PREFIX_PATH=/home/ubuntu/ros2ws/install/abb_rapid_msgs:${AMENT_PREFIX_PATH} CMAKE_PREFIX_PATH=/home/ubuntu/ros2ws/install/abb_rapid_msgs:/home/ubuntu/ros2ws/install/turtlesim:/opt/ros/humble LD_LIBRARY_PATH=/home/ubuntu/ros2ws/install/abb_rapid_msgs/lib:${LD_LIBRARY_PATH} PYTHONPATH=/home/ubuntu/ros2ws/install/abb_rapid_msgs/local/lib/python3.10/dist-packages:${PYTHONPATH} /usr/bin/cmake --build /home/ubuntu/ros2ws/build/abb_rapid_sm_addin_msgs -- -j4 -l4
[0.222s] [ 12%] Built target abb_rapid_sm_addin_msgs__rosidl_generator_c
[0.228s] [ 12%] Built target abb_rapid_sm_addin_msgs__cpp
[0.266s] [ 12%] Built target ament_cmake_python_copy_abb_rapid_sm_addin_msgs
[0.300s] [ 24%] Built target abb_rapid_sm_addin_msgs__rosidl_typesupport_introspection_c
[0.300s] [ 36%] Built target abb_rapid_sm_addin_msgs__rosidl_typesupport_fastrtps_c
[0.304s] [ 48%] Built target abb_rapid_sm_addin_msgs__rosidl_typesupport_c
[0.350s] [ 59%] Built target abb_rapid_sm_addin_msgs__rosidl_typesupport_fastrtps_cpp
[0.366s] [ 71%] Built target abb_rapid_sm_addin_msgs__rosidl_typesupport_introspection_cpp
[0.384s] [ 83%] Built target abb_rapid_sm_addin_msgs__rosidl_typesupport_cpp
[0.444s] [ 83%] Built target abb_rapid_sm_addin_msgs
[0.490s] [ 84%] Built target abb_rapid_sm_addin_msgs__py
[0.564s] [ 95%] Built target abb_rapid_sm_addin_msgs__rosidl_generator_py
[0.635s] [ 97%] Built target abb_rapid_sm_addin_msgs__rosidl_typesupport_introspection_c__pyext
[0.639s] [ 98%] Built target abb_rapid_sm_addin_msgs__rosidl_typesupport_c__pyext
[0.640s] [100%] Built target abb_rapid_sm_addin_msgs__rosidl_typesupport_fastrtps_c__pyext
[0.759s] running egg_info
[0.761s] writing abb_rapid_sm_addin_msgs.egg-info/PKG-INFO
[0.763s] writing dependency_links to abb_rapid_sm_addin_msgs.egg-info/dependency_links.txt
[0.763s] writing top-level names to abb_rapid_sm_addin_msgs.egg-info/top_level.txt
[0.772s] reading manifest file 'abb_rapid_sm_addin_msgs.egg-info/SOURCES.txt'
[0.772s] writing manifest file 'abb_rapid_sm_addin_msgs.egg-info/SOURCES.txt'
[0.827s] [100%] Built target ament_cmake_python_build_abb_rapid_sm_addin_msgs_egg
[0.856s] Invoked command in '/home/ubuntu/ros2ws/build/abb_rapid_sm_addin_msgs' returned '0': AMENT_PREFIX_PATH=/home/ubuntu/ros2ws/install/abb_rapid_msgs:${AMENT_PREFIX_PATH} CMAKE_PREFIX_PATH=/home/ubuntu/ros2ws/install/abb_rapid_msgs:/home/ubuntu/ros2ws/install/turtlesim:/opt/ros/humble LD_LIBRARY_PATH=/home/ubuntu/ros2ws/install/abb_rapid_msgs/lib:${LD_LIBRARY_PATH} PYTHONPATH=/home/ubuntu/ros2ws/install/abb_rapid_msgs/local/lib/python3.10/dist-packages:${PYTHONPATH} /usr/bin/cmake --build /home/ubuntu/ros2ws/build/abb_rapid_sm_addin_msgs -- -j4 -l4
[1.488s] Invoking command in '/home/ubuntu/ros2ws/build/abb_rapid_sm_addin_msgs': AMENT_PREFIX_PATH=/home/ubuntu/ros2ws/install/abb_rapid_msgs:${AMENT_PREFIX_PATH} CMAKE_PREFIX_PATH=/home/ubuntu/ros2ws/install/abb_rapid_msgs:/home/ubuntu/ros2ws/install/turtlesim:/opt/ros/humble LD_LIBRARY_PATH=/home/ubuntu/ros2ws/install/abb_rapid_msgs/lib:${LD_LIBRARY_PATH} PYTHONPATH=/home/ubuntu/ros2ws/install/abb_rapid_msgs/local/lib/python3.10/dist-packages:${PYTHONPATH} /usr/bin/cmake --install /home/ubuntu/ros2ws/build/abb_rapid_sm_addin_msgs
[1.516s] -- Install configuration: ""
[1.517s] -- Up-to-date: /home/ubuntu/ros2ws/install/abb_rapid_sm_addin_msgs/share/ament_index/resource_index/rosidl_interfaces/abb_rapid_sm_addin_msgs
[1.517s] -- Up-to-date: /home/ubuntu/ros2ws/install/abb_rapid_sm_addin_msgs/include/abb_rapid_sm_addin_msgs/abb_rapid_sm_addin_msgs
[1.517s] -- Up-to-date: /home/ubuntu/ros2ws/install/abb_rapid_sm_addin_msgs/include/abb_rapid_sm_addin_msgs/abb_rapid_sm_addin_msgs/msg
[1.517s] -- Up-to-date: /home/ubuntu/ros2ws/install/abb_rapid_sm_addin_msgs/include/abb_rapid_sm_addin_msgs/abb_rapid_sm_addin_msgs/msg/egm_settings.h
[1.517s] -- Up-to-date: /home/ubuntu/ros2ws/install/abb_rapid_sm_addin_msgs/include/abb_rapid_sm_addin_msgs/abb_rapid_sm_addin_msgs/msg/egm_setup_settings.h
[1.517s] -- Up-to-date: /home/ubuntu/ros2ws/install/abb_rapid_sm_addin_msgs/include/abb_rapid_sm_addin_msgs/abb_rapid_sm_addin_msgs/msg/egm_run_settings.h
[1.518s] -- Up-to-date: /home/ubuntu/ros2ws/install/abb_rapid_sm_addin_msgs/include/abb_rapid_sm_addin_msgs/abb_rapid_sm_addin_msgs/msg/state_machine_state.h
[1.518s] -- Up-to-date: /home/ubuntu/ros2ws/install/abb_rapid_sm_addin_msgs/include/abb_rapid_sm_addin_msgs/abb_rapid_sm_addin_msgs/msg/runtime_state.h
[1.518s] -- Up-to-date: /home/ubuntu/ros2ws/install/abb_rapid_sm_addin_msgs/include/abb_rapid_sm_addin_msgs/abb_rapid_sm_addin_msgs/msg/rosidl_generator_c__visibility_control.h
[1.518s] -- Up-to-date: /home/ubuntu/ros2ws/install/abb_rapid_sm_addin_msgs/include/abb_rapid_sm_addin_msgs/abb_rapid_sm_addin_msgs/msg/egm_stop_settings.h
[1.518s] -- Up-to-date: /home/ubuntu/ros2ws/install/abb_rapid_sm_addin_msgs/include/abb_rapid_sm_addin_msgs/abb_rapid_sm_addin_msgs/msg/egm_activate_settings.h
[1.518s] -- Up-to-date: /home/ubuntu/ros2ws/install/abb_rapid_sm_addin_msgs/include/abb_rapid_sm_addin_msgs/abb_rapid_sm_addin_msgs/msg/detail
[1.519s] -- Up-to-date: /home/ubuntu/ros2ws/install/abb_rapid_sm_addin_msgs/include/abb_rapid_sm_addin_msgs/abb_rapid_sm_addin_msgs/msg/detail/runtime_state__type_support.h
[1.519s] -- Up-to-date: /home/ubuntu/ros2ws/install/abb_rapid_sm_addin_msgs/include/abb_rapid_sm_addin_msgs/abb_rapid_sm_addin_msgs/msg/detail/egm_stop_settings__type_support.h
[1.519s] -- Up-to-date: /home/ubuntu/ros2ws/install/abb_rapid_sm_addin_msgs/include/abb_rapid_sm_addin_msgs/abb_rapid_sm_addin_msgs/msg/detail/egm_setup_settings__struct.h
[1.519s] -- Up-to-date: /home/ubuntu/ros2ws/install/abb_rapid_sm_addin_msgs/include/abb_rapid_sm_addin_msgs/abb_rapid_sm_addin_msgs/msg/detail/egm_activate_settings__functions.h
[1.519s] -- Up-to-date: /home/ubuntu/ros2ws/install/abb_rapid_sm_addin_msgs/include/abb_rapid_sm_addin_msgs/abb_rapid_sm_addin_msgs/msg/detail/egm_stop_settings__functions.h
[1.519s] -- Up-to-date: /home/ubuntu/ros2ws/install/abb_rapid_sm_addin_msgs/include/abb_rapid_sm_addin_msgs/abb_rapid_sm_addin_msgs/msg/detail/runtime_state__struct.h
[1.520s] -- Up-to-date: /home/ubuntu/ros2ws/install/abb_rapid_sm_addin_msgs/include/abb_rapid_sm_addin_msgs/abb_rapid_sm_addin_msgs/msg/detail/egm_setup_settings__functions.c
[1.520s] -- Up-to-date: /home/ubuntu/ros2ws/install/abb_rapid_sm_addin_msgs/include/abb_rapid_sm_addin_msgs/abb_rapid_sm_addin_msgs/msg/detail/state_machine_state__type_support.h
[1.520s] -- Up-to-date: /home/ubuntu/ros2ws/install/abb_rapid_sm_addin_msgs/include/abb_rapid_sm_addin_msgs/abb_rapid_sm_addin_msgs/msg/detail/egm_stop_settings__struct.h
[1.520s] -- Up-to-date: /home/ubuntu/ros2ws/install/abb_rapid_sm_addin_msgs/include/abb_rapid_sm_addin_msgs/abb_rapid_sm_addin_msgs/msg/detail/state_machine_state__struct.h
[1.523s] -- Up-to-date: /home/ubuntu/ros2ws/install/abb_rapid_sm_addin_msgs/include/abb_rapid_sm_addin_msgs/abb_rapid_sm_addin_msgs/msg/detail/egm_stop_settings__functions.c
[1.523s] -- Up-to-date: /home/ubuntu/ros2ws/install/abb_rapid_sm_addin_msgs/include/abb_rapid_sm_addin_msgs/abb_rapid_sm_addin_msgs/msg/detail/egm_setup_settings__type_support.h
[1.524s] -- Up-to-date: /home/ubuntu/ros2ws/install/abb_rapid_sm_addin_msgs/include/abb_rapid_sm_addin_msgs/abb_rapid_sm_addin_msgs/msg/detail/egm_settings__functions.h
[1.524s] -- Up-to-date: /home/ubuntu/ros2ws/install/abb_rapid_sm_addin_msgs/include/abb_rapid_sm_addin_msgs/abb_rapid_sm_addin_msgs/msg/detail/egm_run_settings__functions.h
[1.524s] -- Up-to-date: /home/ubuntu/ros2ws/install/abb_rapid_sm_addin_msgs/include/abb_rapid_sm_addin_msgs/abb_rapid_sm_addin_msgs/msg/detail/egm_settings__type_support.h
[1.524s] -- Up-to-date: /home/ubuntu/ros2ws/install/abb_rapid_sm_addin_msgs/include/abb_rapid_sm_addin_msgs/abb_rapid_sm_addin_msgs/msg/detail/state_machine_state__functions.c
[1.524s] -- Up-to-date: /home/ubuntu/ros2ws/install/abb_rapid_sm_addin_msgs/include/abb_rapid_sm_addin_msgs/abb_rapid_sm_addin_msgs/msg/detail/egm_run_settings__type_support.h
[1.524s] -- Up-to-date: /home/ubuntu/ros2ws/install/abb_rapid_sm_addin_msgs/include/abb_rapid_sm_addin_msgs/abb_rapid_sm_addin_msgs/msg/detail/state_machine_state__functions.h
[1.525s] -- Up-to-date: /home/ubuntu/ros2ws/install/abb_rapid_sm_addin_msgs/include/abb_rapid_sm_addin_msgs/abb_rapid_sm_addin_msgs/msg/detail/egm_run_settings__struct.h
[1.525s] -- Up-to-date: /home/ubuntu/ros2ws/install/abb_rapid_sm_addin_msgs/include/abb_rapid_sm_addin_msgs/abb_rapid_sm_addin_msgs/msg/detail/egm_activate_settings__type_support.h
[1.525s] -- Up-to-date: /home/ubuntu/ros2ws/install/abb_rapid_sm_addin_msgs/include/abb_rapid_sm_addin_msgs/abb_rapid_sm_addin_msgs/msg/detail/egm_run_settings__functions.c
[1.525s] -- Up-to-date: /home/ubuntu/ros2ws/install/abb_rapid_sm_addin_msgs/include/abb_rapid_sm_addin_msgs/abb_rapid_sm_addin_msgs/msg/detail/egm_setup_settings__functions.h
[1.525s] -- Up-to-date: /home/ubuntu/ros2ws/install/abb_rapid_sm_addin_msgs/include/abb_rapid_sm_addin_msgs/abb_rapid_sm_addin_msgs/msg/detail/egm_activate_settings__functions.c
[1.525s] -- Up-to-date: /home/ubuntu/ros2ws/install/abb_rapid_sm_addin_msgs/include/abb_rapid_sm_addin_msgs/abb_rapid_sm_addin_msgs/msg/detail/egm_settings__struct.h
[1.528s] -- Up-to-date: /home/ubuntu/ros2ws/install/abb_rapid_sm_addin_msgs/include/abb_rapid_sm_addin_msgs/abb_rapid_sm_addin_msgs/msg/detail/egm_activate_settings__struct.h
[1.528s] -- Up-to-date: /home/ubuntu/ros2ws/install/abb_rapid_sm_addin_msgs/include/abb_rapid_sm_addin_msgs/abb_rapid_sm_addin_msgs/msg/detail/runtime_state__functions.h
[1.529s] -- Up-to-date: /home/ubuntu/ros2ws/install/abb_rapid_sm_addin_msgs/include/abb_rapid_sm_addin_msgs/abb_rapid_sm_addin_msgs/msg/detail/runtime_state__functions.c
[1.529s] -- Up-to-date: /home/ubuntu/ros2ws/install/abb_rapid_sm_addin_msgs/include/abb_rapid_sm_addin_msgs/abb_rapid_sm_addin_msgs/msg/detail/egm_settings__functions.c
[1.529s] -- Up-to-date: /home/ubuntu/ros2ws/install/abb_rapid_sm_addin_msgs/include/abb_rapid_sm_addin_msgs/abb_rapid_sm_addin_msgs/srv
[1.529s] -- Up-to-date: /home/ubuntu/ros2ws/install/abb_rapid_sm_addin_msgs/include/abb_rapid_sm_addin_msgs/abb_rapid_sm_addin_msgs/srv/set_sg_command.h
[1.529s] -- Up-to-date: /home/ubuntu/ros2ws/install/abb_rapid_sm_addin_msgs/include/abb_rapid_sm_addin_msgs/abb_rapid_sm_addin_msgs/srv/set_rapid_routine.h
[1.530s] -- Up-to-date: /home/ubuntu/ros2ws/install/abb_rapid_sm_addin_msgs/include/abb_rapid_sm_addin_msgs/abb_rapid_sm_addin_msgs/srv/set_egm_settings.h
[1.530s] -- Up-to-date: /home/ubuntu/ros2ws/install/abb_rapid_sm_addin_msgs/include/abb_rapid_sm_addin_msgs/abb_rapid_sm_addin_msgs/srv/get_egm_settings.h
[1.530s] -- Up-to-date: /home/ubuntu/ros2ws/install/abb_rapid_sm_addin_msgs/include/abb_rapid_sm_addin_msgs/abb_rapid_sm_addin_msgs/srv/detail
[1.530s] -- Up-to-date: /home/ubuntu/ros2ws/install/abb_rapid_sm_addin_msgs/include/abb_rapid_sm_addin_msgs/abb_rapid_sm_addin_msgs/srv/detail/set_sg_command__functions.h
[1.530s] -- Up-to-date: /home/ubuntu/ros2ws/install/abb_rapid_sm_addin_msgs/include/abb_rapid_sm_addin_msgs/abb_rapid_sm_addin_msgs/srv/detail/set_sg_command__type_support.h
[1.531s] -- Up-to-date: /home/ubuntu/ros2ws/install/abb_rapid_sm_addin_msgs/include/abb_rapid_sm_addin_msgs/abb_rapid_sm_addin_msgs/srv/detail/set_sg_command__functions.c
[1.531s] -- Up-to-date: /home/ubuntu/ros2ws/install/abb_rapid_sm_addin_msgs/include/abb_rapid_sm_addin_msgs/abb_rapid_sm_addin_msgs/srv/detail/set_sg_command__struct.h
[1.533s] -- Up-to-date: /home/ubuntu/ros2ws/install/abb_rapid_sm_addin_msgs/include/abb_rapid_sm_addin_msgs/abb_rapid_sm_addin_msgs/srv/detail/set_egm_settings__functions.c
[1.534s] -- Up-to-date: /home/ubuntu/ros2ws/install/abb_rapid_sm_addin_msgs/include/abb_rapid_sm_addin_msgs/abb_rapid_sm_addin_msgs/srv/detail/get_egm_settings__functions.c
[1.534s] -- Up-to-date: /home/ubuntu/ros2ws/install/abb_rapid_sm_addin_msgs/include/abb_rapid_sm_addin_msgs/abb_rapid_sm_addin_msgs/srv/detail/set_rapid_routine__functions.h
[1.534s] -- Up-to-date: /home/ubuntu/ros2ws/install/abb_rapid_sm_addin_msgs/include/abb_rapid_sm_addin_msgs/abb_rapid_sm_addin_msgs/srv/detail/set_rapid_routine__functions.c
[1.534s] -- Up-to-date: /home/ubuntu/ros2ws/install/abb_rapid_sm_addin_msgs/include/abb_rapid_sm_addin_msgs/abb_rapid_sm_addin_msgs/srv/detail/set_egm_settings__type_support.h
[1.534s] -- Up-to-date: /home/ubuntu/ros2ws/install/abb_rapid_sm_addin_msgs/include/abb_rapid_sm_addin_msgs/abb_rapid_sm_addin_msgs/srv/detail/get_egm_settings__functions.h
[1.534s] -- Up-to-date: /home/ubuntu/ros2ws/install/abb_rapid_sm_addin_msgs/include/abb_rapid_sm_addin_msgs/abb_rapid_sm_addin_msgs/srv/detail/set_egm_settings__functions.h
[1.535s] -- Up-to-date: /home/ubuntu/ros2ws/install/abb_rapid_sm_addin_msgs/include/abb_rapid_sm_addin_msgs/abb_rapid_sm_addin_msgs/srv/detail/get_egm_settings__type_support.h
[1.535s] -- Up-to-date: /home/ubuntu/ros2ws/install/abb_rapid_sm_addin_msgs/include/abb_rapid_sm_addin_msgs/abb_rapid_sm_addin_msgs/srv/detail/set_egm_settings__struct.h
[1.535s] -- Up-to-date: /home/ubuntu/ros2ws/install/abb_rapid_sm_addin_msgs/include/abb_rapid_sm_addin_msgs/abb_rapid_sm_addin_msgs/srv/detail/set_rapid_routine__struct.h
[1.535s] -- Up-to-date: /home/ubuntu/ros2ws/install/abb_rapid_sm_addin_msgs/include/abb_rapid_sm_addin_msgs/abb_rapid_sm_addin_msgs/srv/detail/get_egm_settings__struct.h
[1.535s] -- Up-to-date: /home/ubuntu/ros2ws/install/abb_rapid_sm_addin_msgs/include/abb_rapid_sm_addin_msgs/abb_rapid_sm_addin_msgs/srv/detail/set_rapid_routine__type_support.h
[1.535s] -- Up-to-date: /home/ubuntu/ros2ws/install/abb_rapid_sm_addin_msgs/share/abb_rapid_sm_addin_msgs/environment/library_path.sh
[1.535s] -- Up-to-date: /home/ubuntu/ros2ws/install/abb_rapid_sm_addin_msgs/share/abb_rapid_sm_addin_msgs/environment/library_path.dsv
[1.535s] -- Up-to-date: /home/ubuntu/ros2ws/install/abb_rapid_sm_addin_msgs/lib/libabb_rapid_sm_addin_msgs__rosidl_generator_c.so
[1.536s] -- Up-to-date: /home/ubuntu/ros2ws/install/abb_rapid_sm_addin_msgs/include/abb_rapid_sm_addin_msgs/abb_rapid_sm_addin_msgs
[1.536s] -- Up-to-date: /home/ubuntu/ros2ws/install/abb_rapid_sm_addin_msgs/include/abb_rapid_sm_addin_msgs/abb_rapid_sm_addin_msgs/msg
[1.536s] -- Up-to-date: /home/ubuntu/ros2ws/install/abb_rapid_sm_addin_msgs/include/abb_rapid_sm_addin_msgs/abb_rapid_sm_addin_msgs/msg/rosidl_typesupport_fastrtps_c__visibility_control.h
[1.536s] -- Up-to-date: /home/ubuntu/ros2ws/install/abb_rapid_sm_addin_msgs/include/abb_rapid_sm_addin_msgs/abb_rapid_sm_addin_msgs/msg/detail
[1.536s] -- Up-to-date: /home/ubuntu/ros2ws/install/abb_rapid_sm_addin_msgs/include/abb_rapid_sm_addin_msgs/abb_rapid_sm_addin_msgs/msg/detail/egm_stop_settings__rosidl_typesupport_fastrtps_c.h
[1.536s] -- Up-to-date: /home/ubuntu/ros2ws/install/abb_rapid_sm_addin_msgs/include/abb_rapid_sm_addin_msgs/abb_rapid_sm_addin_msgs/msg/detail/runtime_state__rosidl_typesupport_fastrtps_c.h
[1.536s] -- Up-to-date: /home/ubuntu/ros2ws/install/abb_rapid_sm_addin_msgs/include/abb_rapid_sm_addin_msgs/abb_rapid_sm_addin_msgs/msg/detail/egm_activate_settings__rosidl_typesupport_fastrtps_c.h
[1.536s] -- Up-to-date: /home/ubuntu/ros2ws/install/abb_rapid_sm_addin_msgs/include/abb_rapid_sm_addin_msgs/abb_rapid_sm_addin_msgs/msg/detail/egm_settings__rosidl_typesupport_fastrtps_c.h
[1.536s] -- Up-to-date: /home/ubuntu/ros2ws/install/abb_rapid_sm_addin_msgs/include/abb_rapid_sm_addin_msgs/abb_rapid_sm_addin_msgs/msg/detail/state_machine_state__rosidl_typesupport_fastrtps_c.h
[1.536s] -- Up-to-date: /home/ubuntu/ros2ws/install/abb_rapid_sm_addin_msgs/include/abb_rapid_sm_addin_msgs/abb_rapid_sm_addin_msgs/msg/detail/egm_run_settings__rosidl_typesupport_fastrtps_c.h
[1.537s] -- Up-to-date: /home/ubuntu/ros2ws/install/abb_rapid_sm_addin_msgs/include/abb_rapid_sm_addin_msgs/abb_rapid_sm_addin_msgs/msg/detail/egm_setup_settings__rosidl_typesupport_fastrtps_c.h
[1.537s] -- Up-to-date: /home/ubuntu/ros2ws/install/abb_rapid_sm_addin_msgs/include/abb_rapid_sm_addin_msgs/abb_rapid_sm_addin_msgs/srv
[1.537s] -- Up-to-date: /home/ubuntu/ros2ws/install/abb_rapid_sm_addin_msgs/include/abb_rapid_sm_addin_msgs/abb_rapid_sm_addin_msgs/srv/detail
[1.537s] -- Up-to-date: /home/ubuntu/ros2ws/install/abb_rapid_sm_addin_msgs/include/abb_rapid_sm_addin_msgs/abb_rapid_sm_addin_msgs/srv/detail/set_sg_command__rosidl_typesupport_fastrtps_c.h
[1.538s] -- Up-to-date: /home/ubuntu/ros2ws/install/abb_rapid_sm_addin_msgs/include/abb_rapid_sm_addin_msgs/abb_rapid_sm_addin_msgs/srv/detail/get_egm_settings__rosidl_typesupport_fastrtps_c.h
[1.538s] -- Up-to-date: /home/ubuntu/ros2ws/install/abb_rapid_sm_addin_msgs/include/abb_rapid_sm_addin_msgs/abb_rapid_sm_addin_msgs/srv/detail/set_egm_settings__rosidl_typesupport_fastrtps_c.h
[1.538s] -- Up-to-date: /home/ubuntu/ros2ws/install/abb_rapid_sm_addin_msgs/include/abb_rapid_sm_addin_msgs/abb_rapid_sm_addin_msgs/srv/detail/set_rapid_routine__rosidl_typesupport_fastrtps_c.h
[1.538s] -- Up-to-date: /home/ubuntu/ros2ws/install/abb_rapid_sm_addin_msgs/lib/libabb_rapid_sm_addin_msgs__rosidl_typesupport_fastrtps_c.so
[1.538s] -- Up-to-date: /home/ubuntu/ros2ws/install/abb_rapid_sm_addin_msgs/include/abb_rapid_sm_addin_msgs/abb_rapid_sm_addin_msgs
[1.538s] -- Up-to-date: /home/ubuntu/ros2ws/install/abb_rapid_sm_addin_msgs/include/abb_rapid_sm_addin_msgs/abb_rapid_sm_addin_msgs/msg
[1.538s] -- Up-to-date: /home/ubuntu/ros2ws/install/abb_rapid_sm_addin_msgs/include/abb_rapid_sm_addin_msgs/abb_rapid_sm_addin_msgs/msg/rosidl_typesupport_introspection_c__visibility_control.h
[1.543s] -- Up-to-date: /home/ubuntu/ros2ws/install/abb_rapid_sm_addin_msgs/include/abb_rapid_sm_addin_msgs/abb_rapid_sm_addin_msgs/msg/detail
[1.543s] -- Up-to-date: /home/ubuntu/ros2ws/install/abb_rapid_sm_addin_msgs/include/abb_rapid_sm_addin_msgs/abb_rapid_sm_addin_msgs/msg/detail/egm_run_settings__rosidl_typesupport_introspection_c.h
[1.543s] -- Up-to-date: /home/ubuntu/ros2ws/install/abb_rapid_sm_addin_msgs/include/abb_rapid_sm_addin_msgs/abb_rapid_sm_addin_msgs/msg/detail/egm_settings__rosidl_typesupport_introspection_c.h
[1.543s] -- Up-to-date: /home/ubuntu/ros2ws/install/abb_rapid_sm_addin_msgs/include/abb_rapid_sm_addin_msgs/abb_rapid_sm_addin_msgs/msg/detail/egm_setup_settings__rosidl_typesupport_introspection_c.h
[1.543s] -- Up-to-date: /home/ubuntu/ros2ws/install/abb_rapid_sm_addin_msgs/include/abb_rapid_sm_addin_msgs/abb_rapid_sm_addin_msgs/msg/detail/egm_setup_settings__type_support.c
[1.543s] -- Up-to-date: /home/ubuntu/ros2ws/install/abb_rapid_sm_addin_msgs/include/abb_rapid_sm_addin_msgs/abb_rapid_sm_addin_msgs/msg/detail/egm_stop_settings__rosidl_typesupport_introspection_c.h
[1.543s] -- Up-to-date: /home/ubuntu/ros2ws/install/abb_rapid_sm_addin_msgs/include/abb_rapid_sm_addin_msgs/abb_rapid_sm_addin_msgs/msg/detail/egm_settings__type_support.c
[1.543s] -- Up-to-date: /home/ubuntu/ros2ws/install/abb_rapid_sm_addin_msgs/include/abb_rapid_sm_addin_msgs/abb_rapid_sm_addin_msgs/msg/detail/egm_stop_settings__type_support.c
[1.543s] -- Up-to-date: /home/ubuntu/ros2ws/install/abb_rapid_sm_addin_msgs/include/abb_rapid_sm_addin_msgs/abb_rapid_sm_addin_msgs/msg/detail/state_machine_state__type_support.c
[1.543s] -- Up-to-date: /home/ubuntu/ros2ws/install/abb_rapid_sm_addin_msgs/include/abb_rapid_sm_addin_msgs/abb_rapid_sm_addin_msgs/msg/detail/egm_activate_settings__rosidl_typesupport_introspection_c.h
[1.543s] -- Up-to-date: /home/ubuntu/ros2ws/install/abb_rapid_sm_addin_msgs/include/abb_rapid_sm_addin_msgs/abb_rapid_sm_addin_msgs/msg/detail/egm_activate_settings__type_support.c
[1.544s] -- Up-to-date: /home/ubuntu/ros2ws/install/abb_rapid_sm_addin_msgs/include/abb_rapid_sm_addin_msgs/abb_rapid_sm_addin_msgs/msg/detail/runtime_state__rosidl_typesupport_introspection_c.h
[1.544s] -- Up-to-date: /home/ubuntu/ros2ws/install/abb_rapid_sm_addin_msgs/include/abb_rapid_sm_addin_msgs/abb_rapid_sm_addin_msgs/msg/detail/runtime_state__type_support.c
[1.544s] -- Up-to-date: /home/ubuntu/ros2ws/install/abb_rapid_sm_addin_msgs/include/abb_rapid_sm_addin_msgs/abb_rapid_sm_addin_msgs/msg/detail/egm_run_settings__type_support.c
[1.544s] -- Up-to-date: /home/ubuntu/ros2ws/install/abb_rapid_sm_addin_msgs/include/abb_rapid_sm_addin_msgs/abb_rapid_sm_addin_msgs/msg/detail/state_machine_state__rosidl_typesupport_introspection_c.h
[1.544s] -- Up-to-date: /home/ubuntu/ros2ws/install/abb_rapid_sm_addin_msgs/include/abb_rapid_sm_addin_msgs/abb_rapid_sm_addin_msgs/srv
[1.545s] -- Up-to-date: /home/ubuntu/ros2ws/install/abb_rapid_sm_addin_msgs/include/abb_rapid_sm_addin_msgs/abb_rapid_sm_addin_msgs/srv/detail
[1.545s] -- Up-to-date: /home/ubuntu/ros2ws/install/abb_rapid_sm_addin_msgs/include/abb_rapid_sm_addin_msgs/abb_rapid_sm_addin_msgs/srv/detail/set_rapid_routine__rosidl_typesupport_introspection_c.h
[1.545s] -- Up-to-date: /home/ubuntu/ros2ws/install/abb_rapid_sm_addin_msgs/include/abb_rapid_sm_addin_msgs/abb_rapid_sm_addin_msgs/srv/detail/get_egm_settings__type_support.c
[1.545s] -- Up-to-date: /home/ubuntu/ros2ws/install/abb_rapid_sm_addin_msgs/include/abb_rapid_sm_addin_msgs/abb_rapid_sm_addin_msgs/srv/detail/get_egm_settings__rosidl_typesupport_introspection_c.h
[1.545s] -- Up-to-date: /home/ubuntu/ros2ws/install/abb_rapid_sm_addin_msgs/include/abb_rapid_sm_addin_msgs/abb_rapid_sm_addin_msgs/srv/detail/set_egm_settings__type_support.c
[1.545s] -- Up-to-date: /home/ubuntu/ros2ws/install/abb_rapid_sm_addin_msgs/include/abb_rapid_sm_addin_msgs/abb_rapid_sm_addin_msgs/srv/detail/set_sg_command__type_support.c
[1.545s] -- Up-to-date: /home/ubuntu/ros2ws/install/abb_rapid_sm_addin_msgs/include/abb_rapid_sm_addin_msgs/abb_rapid_sm_addin_msgs/srv/detail/set_rapid_routine__type_support.c
[1.545s] -- Up-to-date: /home/ubuntu/ros2ws/install/abb_rapid_sm_addin_msgs/include/abb_rapid_sm_addin_msgs/abb_rapid_sm_addin_msgs/srv/detail/set_egm_settings__rosidl_typesupport_introspection_c.h
[1.545s] -- Up-to-date: /home/ubuntu/ros2ws/install/abb_rapid_sm_addin_msgs/include/abb_rapid_sm_addin_msgs/abb_rapid_sm_addin_msgs/srv/detail/set_sg_command__rosidl_typesupport_introspection_c.h
[1.545s] -- Up-to-date: /home/ubuntu/ros2ws/install/abb_rapid_sm_addin_msgs/lib/libabb_rapid_sm_addin_msgs__rosidl_typesupport_introspection_c.so
[1.545s] -- Up-to-date: /home/ubuntu/ros2ws/install/abb_rapid_sm_addin_msgs/lib/libabb_rapid_sm_addin_msgs__rosidl_typesupport_c.so
[1.545s] -- Up-to-date: /home/ubuntu/ros2ws/install/abb_rapid_sm_addin_msgs/include/abb_rapid_sm_addin_msgs/abb_rapid_sm_addin_msgs
[1.545s] -- Up-to-date: /home/ubuntu/ros2ws/install/abb_rapid_sm_addin_msgs/include/abb_rapid_sm_addin_msgs/abb_rapid_sm_addin_msgs/msg
[1.545s] -- Up-to-date: /home/ubuntu/ros2ws/install/abb_rapid_sm_addin_msgs/include/abb_rapid_sm_addin_msgs/abb_rapid_sm_addin_msgs/msg/egm_setup_settings.hpp
[1.545s] -- Up-to-date: /home/ubuntu/ros2ws/install/abb_rapid_sm_addin_msgs/include/abb_rapid_sm_addin_msgs/abb_rapid_sm_addin_msgs/msg/egm_settings.hpp
[1.545s] -- Up-to-date: /home/ubuntu/ros2ws/install/abb_rapid_sm_addin_msgs/include/abb_rapid_sm_addin_msgs/abb_rapid_sm_addin_msgs/msg/egm_stop_settings.hpp
[1.546s] -- Up-to-date: /home/ubuntu/ros2ws/install/abb_rapid_sm_addin_msgs/include/abb_rapid_sm_addin_msgs/abb_rapid_sm_addin_msgs/msg/egm_run_settings.hpp
[1.546s] -- Up-to-date: /home/ubuntu/ros2ws/install/abb_rapid_sm_addin_msgs/include/abb_rapid_sm_addin_msgs/abb_rapid_sm_addin_msgs/msg/runtime_state.hpp
[1.546s] -- Up-to-date: /home/ubuntu/ros2ws/install/abb_rapid_sm_addin_msgs/include/abb_rapid_sm_addin_msgs/abb_rapid_sm_addin_msgs/msg/state_machine_state.hpp
[1.546s] -- Up-to-date: /home/ubuntu/ros2ws/install/abb_rapid_sm_addin_msgs/include/abb_rapid_sm_addin_msgs/abb_rapid_sm_addin_msgs/msg/detail
[1.546s] -- Up-to-date: /home/ubuntu/ros2ws/install/abb_rapid_sm_addin_msgs/include/abb_rapid_sm_addin_msgs/abb_rapid_sm_addin_msgs/msg/detail/egm_settings__struct.hpp
[1.546s] -- Up-to-date: /home/ubuntu/ros2ws/install/abb_rapid_sm_addin_msgs/include/abb_rapid_sm_addin_msgs/abb_rapid_sm_addin_msgs/msg/detail/runtime_state__builder.hpp
[1.546s] -- Up-to-date: /home/ubuntu/ros2ws/install/abb_rapid_sm_addin_msgs/include/abb_rapid_sm_addin_msgs/abb_rapid_sm_addin_msgs/msg/detail/egm_settings__traits.hpp
[1.546s] -- Up-to-date: /home/ubuntu/ros2ws/install/abb_rapid_sm_addin_msgs/include/abb_rapid_sm_addin_msgs/abb_rapid_sm_addin_msgs/msg/detail/egm_activate_settings__builder.hpp
[1.546s] -- Up-to-date: /home/ubuntu/ros2ws/install/abb_rapid_sm_addin_msgs/include/abb_rapid_sm_addin_msgs/abb_rapid_sm_addin_msgs/msg/detail/egm_stop_settings__struct.hpp
[1.546s] -- Up-to-date: /home/ubuntu/ros2ws/install/abb_rapid_sm_addin_msgs/include/abb_rapid_sm_addin_msgs/abb_rapid_sm_addin_msgs/msg/detail/egm_stop_settings__traits.hpp
[1.552s] -- Up-to-date: /home/ubuntu/ros2ws/install/abb_rapid_sm_addin_msgs/include/abb_rapid_sm_addin_msgs/abb_rapid_sm_addin_msgs/msg/detail/egm_stop_settings__builder.hpp
[1.552s] -- Up-to-date: /home/ubuntu/ros2ws/install/abb_rapid_sm_addin_msgs/include/abb_rapid_sm_addin_msgs/abb_rapid_sm_addin_msgs/msg/detail/egm_run_settings__traits.hpp
[1.553s] -- Up-to-date: /home/ubuntu/ros2ws/install/abb_rapid_sm_addin_msgs/include/abb_rapid_sm_addin_msgs/abb_rapid_sm_addin_msgs/msg/detail/egm_activate_settings__struct.hpp
[1.553s] -- Up-to-date: /home/ubuntu/ros2ws/install/abb_rapid_sm_addin_msgs/include/abb_rapid_sm_addin_msgs/abb_rapid_sm_addin_msgs/msg/detail/egm_setup_settings__builder.hpp
[1.553s] -- Up-to-date: /home/ubuntu/ros2ws/install/abb_rapid_sm_addin_msgs/include/abb_rapid_sm_addin_msgs/abb_rapid_sm_addin_msgs/msg/detail/egm_setup_settings__traits.hpp
[1.553s] -- Up-to-date: /home/ubuntu/ros2ws/install/abb_rapid_sm_addin_msgs/include/abb_rapid_sm_addin_msgs/abb_rapid_sm_addin_msgs/msg/detail/egm_activate_settings__traits.hpp
[1.553s] -- Up-to-date: /home/ubuntu/ros2ws/install/abb_rapid_sm_addin_msgs/include/abb_rapid_sm_addin_msgs/abb_rapid_sm_addin_msgs/msg/detail/state_machine_state__builder.hpp
[1.553s] -- Up-to-date: /home/ubuntu/ros2ws/install/abb_rapid_sm_addin_msgs/include/abb_rapid_sm_addin_msgs/abb_rapid_sm_addin_msgs/msg/detail/egm_settings__builder.hpp
[1.553s] -- Up-to-date: /home/ubuntu/ros2ws/install/abb_rapid_sm_addin_msgs/include/abb_rapid_sm_addin_msgs/abb_rapid_sm_addin_msgs/msg/detail/egm_run_settings__builder.hpp
[1.553s] -- Up-to-date: /home/ubuntu/ros2ws/install/abb_rapid_sm_addin_msgs/include/abb_rapid_sm_addin_msgs/abb_rapid_sm_addin_msgs/msg/detail/egm_setup_settings__struct.hpp
[1.553s] -- Up-to-date: /home/ubuntu/ros2ws/install/abb_rapid_sm_addin_msgs/include/abb_rapid_sm_addin_msgs/abb_rapid_sm_addin_msgs/msg/detail/state_machine_state__traits.hpp
[1.553s] -- Up-to-date: /home/ubuntu/ros2ws/install/abb_rapid_sm_addin_msgs/include/abb_rapid_sm_addin_msgs/abb_rapid_sm_addin_msgs/msg/detail/egm_run_settings__struct.hpp
[1.553s] -- Up-to-date: /home/ubuntu/ros2ws/install/abb_rapid_sm_addin_msgs/include/abb_rapid_sm_addin_msgs/abb_rapid_sm_addin_msgs/msg/detail/runtime_state__struct.hpp
[1.553s] -- Up-to-date: /home/ubuntu/ros2ws/install/abb_rapid_sm_addin_msgs/include/abb_rapid_sm_addin_msgs/abb_rapid_sm_addin_msgs/msg/detail/state_machine_state__struct.hpp
[1.553s] -- Up-to-date: /home/ubuntu/ros2ws/install/abb_rapid_sm_addin_msgs/include/abb_rapid_sm_addin_msgs/abb_rapid_sm_addin_msgs/msg/detail/runtime_state__traits.hpp
[1.553s] -- Up-to-date: /home/ubuntu/ros2ws/install/abb_rapid_sm_addin_msgs/include/abb_rapid_sm_addin_msgs/abb_rapid_sm_addin_msgs/msg/egm_activate_settings.hpp
[1.553s] -- Up-to-date: /home/ubuntu/ros2ws/install/abb_rapid_sm_addin_msgs/include/abb_rapid_sm_addin_msgs/abb_rapid_sm_addin_msgs/srv
[1.554s] -- Up-to-date: /home/ubuntu/ros2ws/install/abb_rapid_sm_addin_msgs/include/abb_rapid_sm_addin_msgs/abb_rapid_sm_addin_msgs/srv/set_rapid_routine.hpp
[1.554s] -- Up-to-date: /home/ubuntu/ros2ws/install/abb_rapid_sm_addin_msgs/include/abb_rapid_sm_addin_msgs/abb_rapid_sm_addin_msgs/srv/get_egm_settings.hpp
[1.554s] -- Up-to-date: /home/ubuntu/ros2ws/install/abb_rapid_sm_addin_msgs/include/abb_rapid_sm_addin_msgs/abb_rapid_sm_addin_msgs/srv/set_egm_settings.hpp
[1.554s] -- Up-to-date: /home/ubuntu/ros2ws/install/abb_rapid_sm_addin_msgs/include/abb_rapid_sm_addin_msgs/abb_rapid_sm_addin_msgs/srv/set_sg_command.hpp
[1.554s] -- Up-to-date: /home/ubuntu/ros2ws/install/abb_rapid_sm_addin_msgs/include/abb_rapid_sm_addin_msgs/abb_rapid_sm_addin_msgs/srv/detail
[1.554s] -- Up-to-date: /home/ubuntu/ros2ws/install/abb_rapid_sm_addin_msgs/include/abb_rapid_sm_addin_msgs/abb_rapid_sm_addin_msgs/srv/detail/set_egm_settings__struct.hpp
[1.554s] -- Up-to-date: /home/ubuntu/ros2ws/install/abb_rapid_sm_addin_msgs/include/abb_rapid_sm_addin_msgs/abb_rapid_sm_addin_msgs/srv/detail/get_egm_settings__builder.hpp
[1.554s] -- Up-to-date: /home/ubuntu/ros2ws/install/abb_rapid_sm_addin_msgs/include/abb_rapid_sm_addin_msgs/abb_rapid_sm_addin_msgs/srv/detail/get_egm_settings__struct.hpp
[1.554s] -- Up-to-date: /home/ubuntu/ros2ws/install/abb_rapid_sm_addin_msgs/include/abb_rapid_sm_addin_msgs/abb_rapid_sm_addin_msgs/srv/detail/get_egm_settings__traits.hpp
[1.554s] -- Up-to-date: /home/ubuntu/ros2ws/install/abb_rapid_sm_addin_msgs/include/abb_rapid_sm_addin_msgs/abb_rapid_sm_addin_msgs/srv/detail/set_rapid_routine__traits.hpp
[1.554s] -- Up-to-date: /home/ubuntu/ros2ws/install/abb_rapid_sm_addin_msgs/include/abb_rapid_sm_addin_msgs/abb_rapid_sm_addin_msgs/srv/detail/set_sg_command__builder.hpp
[1.554s] -- Up-to-date: /home/ubuntu/ros2ws/install/abb_rapid_sm_addin_msgs/include/abb_rapid_sm_addin_msgs/abb_rapid_sm_addin_msgs/srv/detail/set_egm_settings__builder.hpp
[1.554s] -- Up-to-date: /home/ubuntu/ros2ws/install/abb_rapid_sm_addin_msgs/include/abb_rapid_sm_addin_msgs/abb_rapid_sm_addin_msgs/srv/detail/set_egm_settings__traits.hpp
[1.554s] -- Up-to-date: /home/ubuntu/ros2ws/install/abb_rapid_sm_addin_msgs/include/abb_rapid_sm_addin_msgs/abb_rapid_sm_addin_msgs/srv/detail/set_sg_command__traits.hpp
[1.554s] -- Up-to-date: /home/ubuntu/ros2ws/install/abb_rapid_sm_addin_msgs/include/abb_rapid_sm_addin_msgs/abb_rapid_sm_addin_msgs/srv/detail/set_rapid_routine__builder.hpp
[1.554s] -- Up-to-date: /home/ubuntu/ros2ws/install/abb_rapid_sm_addin_msgs/include/abb_rapid_sm_addin_msgs/abb_rapid_sm_addin_msgs/srv/detail/set_rapid_routine__struct.hpp
[1.554s] -- Up-to-date: /home/ubuntu/ros2ws/install/abb_rapid_sm_addin_msgs/include/abb_rapid_sm_addin_msgs/abb_rapid_sm_addin_msgs/srv/detail/set_sg_command__struct.hpp
[1.555s] -- Up-to-date: /home/ubuntu/ros2ws/install/abb_rapid_sm_addin_msgs/include/abb_rapid_sm_addin_msgs/abb_rapid_sm_addin_msgs
[1.555s] -- Up-to-date: /home/ubuntu/ros2ws/install/abb_rapid_sm_addin_msgs/include/abb_rapid_sm_addin_msgs/abb_rapid_sm_addin_msgs/msg
[1.555s] -- Up-to-date: /home/ubuntu/ros2ws/install/abb_rapid_sm_addin_msgs/include/abb_rapid_sm_addin_msgs/abb_rapid_sm_addin_msgs/msg/rosidl_typesupport_fastrtps_cpp__visibility_control.h
[1.555s] -- Up-to-date: /home/ubuntu/ros2ws/install/abb_rapid_sm_addin_msgs/include/abb_rapid_sm_addin_msgs/abb_rapid_sm_addin_msgs/msg/detail
[1.555s] -- Up-to-date: /home/ubuntu/ros2ws/install/abb_rapid_sm_addin_msgs/include/abb_rapid_sm_addin_msgs/abb_rapid_sm_addin_msgs/msg/detail/egm_stop_settings__rosidl_typesupport_fastrtps_cpp.hpp
[1.555s] -- Up-to-date: /home/ubuntu/ros2ws/install/abb_rapid_sm_addin_msgs/include/abb_rapid_sm_addin_msgs/abb_rapid_sm_addin_msgs/msg/detail/egm_run_settings__rosidl_typesupport_fastrtps_cpp.hpp
[1.555s] -- Up-to-date: /home/ubuntu/ros2ws/install/abb_rapid_sm_addin_msgs/include/abb_rapid_sm_addin_msgs/abb_rapid_sm_addin_msgs/msg/detail/egm_settings__rosidl_typesupport_fastrtps_cpp.hpp
[1.555s] -- Up-to-date: /home/ubuntu/ros2ws/install/abb_rapid_sm_addin_msgs/include/abb_rapid_sm_addin_msgs/abb_rapid_sm_addin_msgs/msg/detail/state_machine_state__rosidl_typesupport_fastrtps_cpp.hpp
[1.555s] -- Up-to-date: /home/ubuntu/ros2ws/install/abb_rapid_sm_addin_msgs/include/abb_rapid_sm_addin_msgs/abb_rapid_sm_addin_msgs/msg/detail/dds_fastrtps
[1.555s] -- Up-to-date: /home/ubuntu/ros2ws/install/abb_rapid_sm_addin_msgs/include/abb_rapid_sm_addin_msgs/abb_rapid_sm_addin_msgs/msg/detail/runtime_state__rosidl_typesupport_fastrtps_cpp.hpp
[1.561s] -- Up-to-date: /home/ubuntu/ros2ws/install/abb_rapid_sm_addin_msgs/include/abb_rapid_sm_addin_msgs/abb_rapid_sm_addin_msgs/msg/detail/egm_activate_settings__rosidl_typesupport_fastrtps_cpp.hpp
[1.561s] -- Up-to-date: /home/ubuntu/ros2ws/install/abb_rapid_sm_addin_msgs/include/abb_rapid_sm_addin_msgs/abb_rapid_sm_addin_msgs/msg/detail/egm_setup_settings__rosidl_typesupport_fastrtps_cpp.hpp
[1.561s] -- Up-to-date: /home/ubuntu/ros2ws/install/abb_rapid_sm_addin_msgs/include/abb_rapid_sm_addin_msgs/abb_rapid_sm_addin_msgs/srv
[1.561s] -- Up-to-date: /home/ubuntu/ros2ws/install/abb_rapid_sm_addin_msgs/include/abb_rapid_sm_addin_msgs/abb_rapid_sm_addin_msgs/srv/detail
[1.562s] -- Up-to-date: /home/ubuntu/ros2ws/install/abb_rapid_sm_addin_msgs/include/abb_rapid_sm_addin_msgs/abb_rapid_sm_addin_msgs/srv/detail/get_egm_settings__rosidl_typesupport_fastrtps_cpp.hpp
[1.562s] -- Up-to-date: /home/ubuntu/ros2ws/install/abb_rapid_sm_addin_msgs/include/abb_rapid_sm_addin_msgs/abb_rapid_sm_addin_msgs/srv/detail/dds_fastrtps
[1.562s] -- Up-to-date: /home/ubuntu/ros2ws/install/abb_rapid_sm_addin_msgs/include/abb_rapid_sm_addin_msgs/abb_rapid_sm_addin_msgs/srv/detail/set_rapid_routine__rosidl_typesupport_fastrtps_cpp.hpp
[1.562s] -- Up-to-date: /home/ubuntu/ros2ws/install/abb_rapid_sm_addin_msgs/include/abb_rapid_sm_addin_msgs/abb_rapid_sm_addin_msgs/srv/detail/set_sg_command__rosidl_typesupport_fastrtps_cpp.hpp
[1.562s] -- Up-to-date: /home/ubuntu/ros2ws/install/abb_rapid_sm_addin_msgs/include/abb_rapid_sm_addin_msgs/abb_rapid_sm_addin_msgs/srv/detail/set_egm_settings__rosidl_typesupport_fastrtps_cpp.hpp
[1.562s] -- Up-to-date: /home/ubuntu/ros2ws/install/abb_rapid_sm_addin_msgs/lib/libabb_rapid_sm_addin_msgs__rosidl_typesupport_fastrtps_cpp.so
[1.562s] -- Up-to-date: /home/ubuntu/ros2ws/install/abb_rapid_sm_addin_msgs/include/abb_rapid_sm_addin_msgs/abb_rapid_sm_addin_msgs
[1.562s] -- Up-to-date: /home/ubuntu/ros2ws/install/abb_rapid_sm_addin_msgs/include/abb_rapid_sm_addin_msgs/abb_rapid_sm_addin_msgs/msg
[1.562s] -- Up-to-date: /home/ubuntu/ros2ws/install/abb_rapid_sm_addin_msgs/include/abb_rapid_sm_addin_msgs/abb_rapid_sm_addin_msgs/msg/detail
[1.562s] -- Up-to-date: /home/ubuntu/ros2ws/install/abb_rapid_sm_addin_msgs/include/abb_rapid_sm_addin_msgs/abb_rapid_sm_addin_msgs/msg/detail/runtime_state__type_support.cpp
[1.562s] -- Up-to-date: /home/ubuntu/ros2ws/install/abb_rapid_sm_addin_msgs/include/abb_rapid_sm_addin_msgs/abb_rapid_sm_addin_msgs/msg/detail/egm_activate_settings__type_support.cpp
[1.562s] -- Up-to-date: /home/ubuntu/ros2ws/install/abb_rapid_sm_addin_msgs/include/abb_rapid_sm_addin_msgs/abb_rapid_sm_addin_msgs/msg/detail/egm_stop_settings__rosidl_typesupport_introspection_cpp.hpp
[1.562s] -- Up-to-date: /home/ubuntu/ros2ws/install/abb_rapid_sm_addin_msgs/include/abb_rapid_sm_addin_msgs/abb_rapid_sm_addin_msgs/msg/detail/egm_setup_settings__rosidl_typesupport_introspection_cpp.hpp
[1.562s] -- Up-to-date: /home/ubuntu/ros2ws/install/abb_rapid_sm_addin_msgs/include/abb_rapid_sm_addin_msgs/abb_rapid_sm_addin_msgs/msg/detail/egm_run_settings__rosidl_typesupport_introspection_cpp.hpp
[1.562s] -- Up-to-date: /home/ubuntu/ros2ws/install/abb_rapid_sm_addin_msgs/include/abb_rapid_sm_addin_msgs/abb_rapid_sm_addin_msgs/msg/detail/runtime_state__rosidl_typesupport_introspection_cpp.hpp
[1.563s] -- Up-to-date: /home/ubuntu/ros2ws/install/abb_rapid_sm_addin_msgs/include/abb_rapid_sm_addin_msgs/abb_rapid_sm_addin_msgs/msg/detail/egm_settings__type_support.cpp
[1.563s] -- Up-to-date: /home/ubuntu/ros2ws/install/abb_rapid_sm_addin_msgs/include/abb_rapid_sm_addin_msgs/abb_rapid_sm_addin_msgs/msg/detail/state_machine_state__type_support.cpp
[1.563s] -- Up-to-date: /home/ubuntu/ros2ws/install/abb_rapid_sm_addin_msgs/include/abb_rapid_sm_addin_msgs/abb_rapid_sm_addin_msgs/msg/detail/egm_setup_settings__type_support.cpp
[1.563s] -- Up-to-date: /home/ubuntu/ros2ws/install/abb_rapid_sm_addin_msgs/include/abb_rapid_sm_addin_msgs/abb_rapid_sm_addin_msgs/msg/detail/state_machine_state__rosidl_typesupport_introspection_cpp.hpp
[1.563s] -- Up-to-date: /home/ubuntu/ros2ws/install/abb_rapid_sm_addin_msgs/include/abb_rapid_sm_addin_msgs/abb_rapid_sm_addin_msgs/msg/detail/egm_activate_settings__rosidl_typesupport_introspection_cpp.hpp
[1.563s] -- Up-to-date: /home/ubuntu/ros2ws/install/abb_rapid_sm_addin_msgs/include/abb_rapid_sm_addin_msgs/abb_rapid_sm_addin_msgs/msg/detail/egm_run_settings__type_support.cpp
[1.563s] -- Up-to-date: /home/ubuntu/ros2ws/install/abb_rapid_sm_addin_msgs/include/abb_rapid_sm_addin_msgs/abb_rapid_sm_addin_msgs/msg/detail/egm_settings__rosidl_typesupport_introspection_cpp.hpp
[1.563s] -- Up-to-date: /home/ubuntu/ros2ws/install/abb_rapid_sm_addin_msgs/include/abb_rapid_sm_addin_msgs/abb_rapid_sm_addin_msgs/msg/detail/egm_stop_settings__type_support.cpp
[1.563s] -- Up-to-date: /home/ubuntu/ros2ws/install/abb_rapid_sm_addin_msgs/include/abb_rapid_sm_addin_msgs/abb_rapid_sm_addin_msgs/srv
[1.563s] -- Up-to-date: /home/ubuntu/ros2ws/install/abb_rapid_sm_addin_msgs/include/abb_rapid_sm_addin_msgs/abb_rapid_sm_addin_msgs/srv/detail
[1.563s] -- Up-to-date: /home/ubuntu/ros2ws/install/abb_rapid_sm_addin_msgs/include/abb_rapid_sm_addin_msgs/abb_rapid_sm_addin_msgs/srv/detail/get_egm_settings__rosidl_typesupport_introspection_cpp.hpp
[1.563s] -- Up-to-date: /home/ubuntu/ros2ws/install/abb_rapid_sm_addin_msgs/include/abb_rapid_sm_addin_msgs/abb_rapid_sm_addin_msgs/srv/detail/set_sg_command__rosidl_typesupport_introspection_cpp.hpp
[1.563s] -- Up-to-date: /home/ubuntu/ros2ws/install/abb_rapid_sm_addin_msgs/include/abb_rapid_sm_addin_msgs/abb_rapid_sm_addin_msgs/srv/detail/set_egm_settings__rosidl_typesupport_introspection_cpp.hpp
[1.563s] -- Up-to-date: /home/ubuntu/ros2ws/install/abb_rapid_sm_addin_msgs/include/abb_rapid_sm_addin_msgs/abb_rapid_sm_addin_msgs/srv/detail/get_egm_settings__type_support.cpp
[1.564s] -- Up-to-date: /home/ubuntu/ros2ws/install/abb_rapid_sm_addin_msgs/include/abb_rapid_sm_addin_msgs/abb_rapid_sm_addin_msgs/srv/detail/set_sg_command__type_support.cpp
[1.564s] -- Up-to-date: /home/ubuntu/ros2ws/install/abb_rapid_sm_addin_msgs/include/abb_rapid_sm_addin_msgs/abb_rapid_sm_addin_msgs/srv/detail/set_egm_settings__type_support.cpp
[1.564s] -- Up-to-date: /home/ubuntu/ros2ws/install/abb_rapid_sm_addin_msgs/include/abb_rapid_sm_addin_msgs/abb_rapid_sm_addin_msgs/srv/detail/set_rapid_routine__rosidl_typesupport_introspection_cpp.hpp
[1.564s] -- Up-to-date: /home/ubuntu/ros2ws/install/abb_rapid_sm_addin_msgs/include/abb_rapid_sm_addin_msgs/abb_rapid_sm_addin_msgs/srv/detail/set_rapid_routine__type_support.cpp
[1.564s] -- Up-to-date: /home/ubuntu/ros2ws/install/abb_rapid_sm_addin_msgs/lib/libabb_rapid_sm_addin_msgs__rosidl_typesupport_introspection_cpp.so
[1.564s] -- Up-to-date: /home/ubuntu/ros2ws/install/abb_rapid_sm_addin_msgs/lib/libabb_rapid_sm_addin_msgs__rosidl_typesupport_cpp.so
[1.564s] -- Up-to-date: /home/ubuntu/ros2ws/install/abb_rapid_sm_addin_msgs/share/abb_rapid_sm_addin_msgs/environment/pythonpath.sh
[1.564s] -- Up-to-date: /home/ubuntu/ros2ws/install/abb_rapid_sm_addin_msgs/share/abb_rapid_sm_addin_msgs/environment/pythonpath.dsv
[1.564s] -- Up-to-date: /home/ubuntu/ros2ws/install/abb_rapid_sm_addin_msgs/local/lib/python3.10/dist-packages/abb_rapid_sm_addin_msgs-1.0.0-py3.10.egg-info
[1.564s] -- Installing: /home/ubuntu/ros2ws/install/abb_rapid_sm_addin_msgs/local/lib/python3.10/dist-packages/abb_rapid_sm_addin_msgs-1.0.0-py3.10.egg-info/PKG-INFO
[1.570s] -- Installing: /home/ubuntu/ros2ws/install/abb_rapid_sm_addin_msgs/local/lib/python3.10/dist-packages/abb_rapid_sm_addin_msgs-1.0.0-py3.10.egg-info/top_level.txt
[1.571s] -- Installing: /home/ubuntu/ros2ws/install/abb_rapid_sm_addin_msgs/local/lib/python3.10/dist-packages/abb_rapid_sm_addin_msgs-1.0.0-py3.10.egg-info/dependency_links.txt
[1.571s] -- Installing: /home/ubuntu/ros2ws/install/abb_rapid_sm_addin_msgs/local/lib/python3.10/dist-packages/abb_rapid_sm_addin_msgs-1.0.0-py3.10.egg-info/SOURCES.txt
[1.571s] -- Up-to-date: /home/ubuntu/ros2ws/install/abb_rapid_sm_addin_msgs/local/lib/python3.10/dist-packages/abb_rapid_sm_addin_msgs
[1.571s] -- Up-to-date: /home/ubuntu/ros2ws/install/abb_rapid_sm_addin_msgs/local/lib/python3.10/dist-packages/abb_rapid_sm_addin_msgs/msg
[1.577s] -- Up-to-date: /home/ubuntu/ros2ws/install/abb_rapid_sm_addin_msgs/local/lib/python3.10/dist-packages/abb_rapid_sm_addin_msgs/msg/_state_machine_state.py
[1.577s] -- Up-to-date: /home/ubuntu/ros2ws/install/abb_rapid_sm_addin_msgs/local/lib/python3.10/dist-packages/abb_rapid_sm_addin_msgs/msg/_egm_activate_settings.py
[1.577s] -- Up-to-date: /home/ubuntu/ros2ws/install/abb_rapid_sm_addin_msgs/local/lib/python3.10/dist-packages/abb_rapid_sm_addin_msgs/msg/_egm_setup_settings_s.c
[1.577s] -- Up-to-date: /home/ubuntu/ros2ws/install/abb_rapid_sm_addin_msgs/local/lib/python3.10/dist-packages/abb_rapid_sm_addin_msgs/msg/_egm_setup_settings.py
[1.577s] -- Up-to-date: /home/ubuntu/ros2ws/install/abb_rapid_sm_addin_msgs/local/lib/python3.10/dist-packages/abb_rapid_sm_addin_msgs/msg/_egm_activate_settings_s.c
[1.578s] -- Up-to-date: /home/ubuntu/ros2ws/install/abb_rapid_sm_addin_msgs/local/lib/python3.10/dist-packages/abb_rapid_sm_addin_msgs/msg/_egm_run_settings.py
[1.578s] -- Up-to-date: /home/ubuntu/ros2ws/install/abb_rapid_sm_addin_msgs/local/lib/python3.10/dist-packages/abb_rapid_sm_addin_msgs/msg/_egm_stop_settings.py
[1.578s] -- Up-to-date: /home/ubuntu/ros2ws/install/abb_rapid_sm_addin_msgs/local/lib/python3.10/dist-packages/abb_rapid_sm_addin_msgs/msg/_runtime_state.py
[1.578s] -- Up-to-date: /home/ubuntu/ros2ws/install/abb_rapid_sm_addin_msgs/local/lib/python3.10/dist-packages/abb_rapid_sm_addin_msgs/msg/_egm_run_settings_s.c
[1.578s] -- Up-to-date: /home/ubuntu/ros2ws/install/abb_rapid_sm_addin_msgs/local/lib/python3.10/dist-packages/abb_rapid_sm_addin_msgs/msg/_runtime_state_s.c
[1.578s] -- Up-to-date: /home/ubuntu/ros2ws/install/abb_rapid_sm_addin_msgs/local/lib/python3.10/dist-packages/abb_rapid_sm_addin_msgs/msg/_egm_settings_s.c
[1.578s] -- Up-to-date: /home/ubuntu/ros2ws/install/abb_rapid_sm_addin_msgs/local/lib/python3.10/dist-packages/abb_rapid_sm_addin_msgs/msg/_egm_stop_settings_s.c
[1.578s] -- Up-to-date: /home/ubuntu/ros2ws/install/abb_rapid_sm_addin_msgs/local/lib/python3.10/dist-packages/abb_rapid_sm_addin_msgs/msg/_egm_settings.py
[1.578s] -- Up-to-date: /home/ubuntu/ros2ws/install/abb_rapid_sm_addin_msgs/local/lib/python3.10/dist-packages/abb_rapid_sm_addin_msgs/msg/_state_machine_state_s.c
[1.578s] -- Up-to-date: /home/ubuntu/ros2ws/install/abb_rapid_sm_addin_msgs/local/lib/python3.10/dist-packages/abb_rapid_sm_addin_msgs/msg/__init__.py
[1.578s] -- Up-to-date: /home/ubuntu/ros2ws/install/abb_rapid_sm_addin_msgs/local/lib/python3.10/dist-packages/abb_rapid_sm_addin_msgs/_abb_rapid_sm_addin_msgs_s.ep.rosidl_typesupport_c.c
[1.578s] -- Up-to-date: /home/ubuntu/ros2ws/install/abb_rapid_sm_addin_msgs/local/lib/python3.10/dist-packages/abb_rapid_sm_addin_msgs/srv
[1.578s] -- Up-to-date: /home/ubuntu/ros2ws/install/abb_rapid_sm_addin_msgs/local/lib/python3.10/dist-packages/abb_rapid_sm_addin_msgs/srv/_get_egm_settings.py
[1.578s] -- Up-to-date: /home/ubuntu/ros2ws/install/abb_rapid_sm_addin_msgs/local/lib/python3.10/dist-packages/abb_rapid_sm_addin_msgs/srv/_set_sg_command.py
[1.578s] -- Up-to-date: /home/ubuntu/ros2ws/install/abb_rapid_sm_addin_msgs/local/lib/python3.10/dist-packages/abb_rapid_sm_addin_msgs/srv/_set_egm_settings.py
[1.579s] -- Up-to-date: /home/ubuntu/ros2ws/install/abb_rapid_sm_addin_msgs/local/lib/python3.10/dist-packages/abb_rapid_sm_addin_msgs/srv/_set_rapid_routine_s.c
[1.579s] -- Up-to-date: /home/ubuntu/ros2ws/install/abb_rapid_sm_addin_msgs/local/lib/python3.10/dist-packages/abb_rapid_sm_addin_msgs/srv/_set_rapid_routine.py
[1.579s] -- Up-to-date: /home/ubuntu/ros2ws/install/abb_rapid_sm_addin_msgs/local/lib/python3.10/dist-packages/abb_rapid_sm_addin_msgs/srv/_set_sg_command_s.c
[1.579s] -- Up-to-date: /home/ubuntu/ros2ws/install/abb_rapid_sm_addin_msgs/local/lib/python3.10/dist-packages/abb_rapid_sm_addin_msgs/srv/_get_egm_settings_s.c
[1.579s] -- Up-to-date: /home/ubuntu/ros2ws/install/abb_rapid_sm_addin_msgs/local/lib/python3.10/dist-packages/abb_rapid_sm_addin_msgs/srv/_set_egm_settings_s.c
[1.579s] -- Up-to-date: /home/ubuntu/ros2ws/install/abb_rapid_sm_addin_msgs/local/lib/python3.10/dist-packages/abb_rapid_sm_addin_msgs/srv/__init__.py
[1.579s] -- Up-to-date: /home/ubuntu/ros2ws/install/abb_rapid_sm_addin_msgs/local/lib/python3.10/dist-packages/abb_rapid_sm_addin_msgs/abb_rapid_sm_addin_msgs_s__rosidl_typesupport_c.cpython-310-x86_64-linux-gnu.so
[1.579s] -- Up-to-date: /home/ubuntu/ros2ws/install/abb_rapid_sm_addin_msgs/local/lib/python3.10/dist-packages/abb_rapid_sm_addin_msgs/_abb_rapid_sm_addin_msgs_s.ep.rosidl_typesupport_fastrtps_c.c
[1.579s] -- Up-to-date: /home/ubuntu/ros2ws/install/abb_rapid_sm_addin_msgs/local/lib/python3.10/dist-packages/abb_rapid_sm_addin_msgs/abb_rapid_sm_addin_msgs_s__rosidl_typesupport_introspection_c.cpython-310-x86_64-linux-gnu.so
[1.579s] -- Up-to-date: /home/ubuntu/ros2ws/install/abb_rapid_sm_addin_msgs/local/lib/python3.10/dist-packages/abb_rapid_sm_addin_msgs/abb_rapid_sm_addin_msgs_s__rosidl_typesupport_fastrtps_c.cpython-310-x86_64-linux-gnu.so
[1.579s] -- Up-to-date: /home/ubuntu/ros2ws/install/abb_rapid_sm_addin_msgs/local/lib/python3.10/dist-packages/abb_rapid_sm_addin_msgs/__init__.py
[1.579s] -- Up-to-date: /home/ubuntu/ros2ws/install/abb_rapid_sm_addin_msgs/local/lib/python3.10/dist-packages/abb_rapid_sm_addin_msgs/libabb_rapid_sm_addin_msgs__rosidl_generator_py.so
[1.579s] -- Up-to-date: /home/ubuntu/ros2ws/install/abb_rapid_sm_addin_msgs/local/lib/python3.10/dist-packages/abb_rapid_sm_addin_msgs/_abb_rapid_sm_addin_msgs_s.ep.rosidl_typesupport_introspection_c.c
[1.584s] Listing '/home/ubuntu/ros2ws/install/abb_rapid_sm_addin_msgs/local/lib/python3.10/dist-packages/abb_rapid_sm_addin_msgs'...
[1.584s] Listing '/home/ubuntu/ros2ws/install/abb_rapid_sm_addin_msgs/local/lib/python3.10/dist-packages/abb_rapid_sm_addin_msgs/msg'...
[1.584s] Listing '/home/ubuntu/ros2ws/install/abb_rapid_sm_addin_msgs/local/lib/python3.10/dist-packages/abb_rapid_sm_addin_msgs/srv'...
[1.590s] -- Up-to-date: /home/ubuntu/ros2ws/install/abb_rapid_sm_addin_msgs/local/lib/python3.10/dist-packages/abb_rapid_sm_addin_msgs/abb_rapid_sm_addin_msgs_s__rosidl_typesupport_fastrtps_c.cpython-310-x86_64-linux-gnu.so
[1.590s] -- Up-to-date: /home/ubuntu/ros2ws/install/abb_rapid_sm_addin_msgs/local/lib/python3.10/dist-packages/abb_rapid_sm_addin_msgs/abb_rapid_sm_addin_msgs_s__rosidl_typesupport_introspection_c.cpython-310-x86_64-linux-gnu.so
[1.597s] -- Up-to-date: /home/ubuntu/ros2ws/install/abb_rapid_sm_addin_msgs/local/lib/python3.10/dist-packages/abb_rapid_sm_addin_msgs/abb_rapid_sm_addin_msgs_s__rosidl_typesupport_c.cpython-310-x86_64-linux-gnu.so
[1.597s] -- Up-to-date: /home/ubuntu/ros2ws/install/abb_rapid_sm_addin_msgs/lib/libabb_rapid_sm_addin_msgs__rosidl_generator_py.so
[1.597s] -- Up-to-date: /home/ubuntu/ros2ws/install/abb_rapid_sm_addin_msgs/share/abb_rapid_sm_addin_msgs/msg/EGMActivateSettings.idl
[1.597s] -- Up-to-date: /home/ubuntu/ros2ws/install/abb_rapid_sm_addin_msgs/share/abb_rapid_sm_addin_msgs/msg/EGMRunSettings.idl
[1.597s] -- Up-to-date: /home/ubuntu/ros2ws/install/abb_rapid_sm_addin_msgs/share/abb_rapid_sm_addin_msgs/msg/EGMSettings.idl
[1.597s] -- Up-to-date: /home/ubuntu/ros2ws/install/abb_rapid_sm_addin_msgs/share/abb_rapid_sm_addin_msgs/msg/EGMSetupSettings.idl
[1.598s] -- Up-to-date: /home/ubuntu/ros2ws/install/abb_rapid_sm_addin_msgs/share/abb_rapid_sm_addin_msgs/msg/EGMStopSettings.idl
[1.601s] -- Up-to-date: /home/ubuntu/ros2ws/install/abb_rapid_sm_addin_msgs/share/abb_rapid_sm_addin_msgs/msg/RuntimeState.idl
[1.601s] -- Up-to-date: /home/ubuntu/ros2ws/install/abb_rapid_sm_addin_msgs/share/abb_rapid_sm_addin_msgs/msg/StateMachineState.idl
[1.601s] -- Up-to-date: /home/ubuntu/ros2ws/install/abb_rapid_sm_addin_msgs/share/abb_rapid_sm_addin_msgs/srv/GetEGMSettings.idl
[1.602s] -- Up-to-date: /home/ubuntu/ros2ws/install/abb_rapid_sm_addin_msgs/share/abb_rapid_sm_addin_msgs/srv/SetEGMSettings.idl
[1.602s] -- Up-to-date: /home/ubuntu/ros2ws/install/abb_rapid_sm_addin_msgs/share/abb_rapid_sm_addin_msgs/srv/SetRAPIDRoutine.idl
[1.604s] -- Up-to-date: /home/ubuntu/ros2ws/install/abb_rapid_sm_addin_msgs/share/abb_rapid_sm_addin_msgs/srv/SetSGCommand.idl
[1.604s] -- Up-to-date: /home/ubuntu/ros2ws/install/abb_rapid_sm_addin_msgs/share/abb_rapid_sm_addin_msgs/msg/EGMActivateSettings.msg
[1.604s] -- Up-to-date: /home/ubuntu/ros2ws/install/abb_rapid_sm_addin_msgs/share/abb_rapid_sm_addin_msgs/msg/EGMRunSettings.msg
[1.604s] -- Up-to-date: /home/ubuntu/ros2ws/install/abb_rapid_sm_addin_msgs/share/abb_rapid_sm_addin_msgs/msg/EGMSettings.msg
[1.604s] -- Up-to-date: /home/ubuntu/ros2ws/install/abb_rapid_sm_addin_msgs/share/abb_rapid_sm_addin_msgs/msg/EGMSetupSettings.msg
[1.604s] -- Up-to-date: /home/ubuntu/ros2ws/install/abb_rapid_sm_addin_msgs/share/abb_rapid_sm_addin_msgs/msg/EGMStopSettings.msg
[1.604s] -- Up-to-date: /home/ubuntu/ros2ws/install/abb_rapid_sm_addin_msgs/share/abb_rapid_sm_addin_msgs/msg/RuntimeState.msg
[1.605s] -- Up-to-date: /home/ubuntu/ros2ws/install/abb_rapid_sm_addin_msgs/share/abb_rapid_sm_addin_msgs/msg/StateMachineState.msg
[1.605s] -- Up-to-date: /home/ubuntu/ros2ws/install/abb_rapid_sm_addin_msgs/share/abb_rapid_sm_addin_msgs/srv/GetEGMSettings.srv
[1.605s] -- Up-to-date: /home/ubuntu/ros2ws/install/abb_rapid_sm_addin_msgs/share/abb_rapid_sm_addin_msgs/srv/GetEGMSettings_Request.msg
[1.605s] -- Up-to-date: /home/ubuntu/ros2ws/install/abb_rapid_sm_addin_msgs/share/abb_rapid_sm_addin_msgs/srv/GetEGMSettings_Response.msg
[1.605s] -- Up-to-date: /home/ubuntu/ros2ws/install/abb_rapid_sm_addin_msgs/share/abb_rapid_sm_addin_msgs/srv/SetEGMSettings.srv
[1.605s] -- Up-to-date: /home/ubuntu/ros2ws/install/abb_rapid_sm_addin_msgs/share/abb_rapid_sm_addin_msgs/srv/SetEGMSettings_Request.msg
[1.605s] -- Up-to-date: /home/ubuntu/ros2ws/install/abb_rapid_sm_addin_msgs/share/abb_rapid_sm_addin_msgs/srv/SetEGMSettings_Response.msg
[1.606s] -- Up-to-date: /home/ubuntu/ros2ws/install/abb_rapid_sm_addin_msgs/share/abb_rapid_sm_addin_msgs/srv/SetRAPIDRoutine.srv
[1.611s] -- Up-to-date: /home/ubuntu/ros2ws/install/abb_rapid_sm_addin_msgs/share/abb_rapid_sm_addin_msgs/srv/SetRAPIDRoutine_Request.msg
[1.611s] -- Up-to-date: /home/ubuntu/ros2ws/install/abb_rapid_sm_addin_msgs/share/abb_rapid_sm_addin_msgs/srv/SetRAPIDRoutine_Response.msg
[1.611s] -- Up-to-date: /home/ubuntu/ros2ws/install/abb_rapid_sm_addin_msgs/share/abb_rapid_sm_addin_msgs/srv/SetSGCommand.srv
[1.611s] -- Up-to-date: /home/ubuntu/ros2ws/install/abb_rapid_sm_addin_msgs/share/abb_rapid_sm_addin_msgs/srv/SetSGCommand_Request.msg
[1.611s] -- Up-to-date: /home/ubuntu/ros2ws/install/abb_rapid_sm_addin_msgs/share/abb_rapid_sm_addin_msgs/srv/SetSGCommand_Response.msg
[1.611s] -- Up-to-date: /home/ubuntu/ros2ws/install/abb_rapid_sm_addin_msgs/share/ament_index/resource_index/package_run_dependencies/abb_rapid_sm_addin_msgs
[1.611s] -- Up-to-date: /home/ubuntu/ros2ws/install/abb_rapid_sm_addin_msgs/share/ament_index/resource_index/parent_prefix_path/abb_rapid_sm_addin_msgs
[1.611s] -- Up-to-date: /home/ubuntu/ros2ws/install/abb_rapid_sm_addin_msgs/share/abb_rapid_sm_addin_msgs/environment/ament_prefix_path.sh
[1.611s] -- Up-to-date: /home/ubuntu/ros2ws/install/abb_rapid_sm_addin_msgs/share/abb_rapid_sm_addin_msgs/environment/ament_prefix_path.dsv
[1.611s] -- Up-to-date: /home/ubuntu/ros2ws/install/abb_rapid_sm_addin_msgs/share/abb_rapid_sm_addin_msgs/environment/path.sh
[1.611s] -- Up-to-date: /home/ubuntu/ros2ws/install/abb_rapid_sm_addin_msgs/share/abb_rapid_sm_addin_msgs/environment/path.dsv
[1.611s] -- Up-to-date: /home/ubuntu/ros2ws/install/abb_rapid_sm_addin_msgs/share/abb_rapid_sm_addin_msgs/local_setup.bash
[1.611s] -- Up-to-date: /home/ubuntu/ros2ws/install/abb_rapid_sm_addin_msgs/share/abb_rapid_sm_addin_msgs/local_setup.sh
[1.611s] -- Up-to-date: /home/ubuntu/ros2ws/install/abb_rapid_sm_addin_msgs/share/abb_rapid_sm_addin_msgs/local_setup.zsh
[1.611s] -- Up-to-date: /home/ubuntu/ros2ws/install/abb_rapid_sm_addin_msgs/share/abb_rapid_sm_addin_msgs/local_setup.dsv
[1.611s] -- Installing: /home/ubuntu/ros2ws/install/abb_rapid_sm_addin_msgs/share/abb_rapid_sm_addin_msgs/package.dsv
[1.612s] -- Up-to-date: /home/ubuntu/ros2ws/install/abb_rapid_sm_addin_msgs/share/ament_index/resource_index/packages/abb_rapid_sm_addin_msgs
[1.612s] -- Up-to-date: /home/ubuntu/ros2ws/install/abb_rapid_sm_addin_msgs/share/abb_rapid_sm_addin_msgs/cmake/export_abb_rapid_sm_addin_msgs__rosidl_generator_cExport.cmake
[1.612s] -- Up-to-date: /home/ubuntu/ros2ws/install/abb_rapid_sm_addin_msgs/share/abb_rapid_sm_addin_msgs/cmake/export_abb_rapid_sm_addin_msgs__rosidl_generator_cExport-noconfig.cmake
[1.614s] -- Up-to-date: /home/ubuntu/ros2ws/install/abb_rapid_sm_addin_msgs/share/abb_rapid_sm_addin_msgs/cmake/export_abb_rapid_sm_addin_msgs__rosidl_typesupport_fastrtps_cExport.cmake
[1.614s] -- Up-to-date: /home/ubuntu/ros2ws/install/abb_rapid_sm_addin_msgs/share/abb_rapid_sm_addin_msgs/cmake/export_abb_rapid_sm_addin_msgs__rosidl_typesupport_fastrtps_cExport-noconfig.cmake
[1.614s] -- Up-to-date: /home/ubuntu/ros2ws/install/abb_rapid_sm_addin_msgs/share/abb_rapid_sm_addin_msgs/cmake/abb_rapid_sm_addin_msgs__rosidl_typesupport_introspection_cExport.cmake
[1.614s] -- Up-to-date: /home/ubuntu/ros2ws/install/abb_rapid_sm_addin_msgs/share/abb_rapid_sm_addin_msgs/cmake/abb_rapid_sm_addin_msgs__rosidl_typesupport_introspection_cExport-noconfig.cmake
[1.614s] -- Up-to-date: /home/ubuntu/ros2ws/install/abb_rapid_sm_addin_msgs/share/abb_rapid_sm_addin_msgs/cmake/abb_rapid_sm_addin_msgs__rosidl_typesupport_cExport.cmake
[1.614s] -- Up-to-date: /home/ubuntu/ros2ws/install/abb_rapid_sm_addin_msgs/share/abb_rapid_sm_addin_msgs/cmake/abb_rapid_sm_addin_msgs__rosidl_typesupport_cExport-noconfig.cmake
[1.614s] -- Up-to-date: /home/ubuntu/ros2ws/install/abb_rapid_sm_addin_msgs/share/abb_rapid_sm_addin_msgs/cmake/export_abb_rapid_sm_addin_msgs__rosidl_generator_cppExport.cmake
[1.615s] -- Up-to-date: /home/ubuntu/ros2ws/install/abb_rapid_sm_addin_msgs/share/abb_rapid_sm_addin_msgs/cmake/export_abb_rapid_sm_addin_msgs__rosidl_typesupport_fastrtps_cppExport.cmake
[1.615s] -- Up-to-date: /home/ubuntu/ros2ws/install/abb_rapid_sm_addin_msgs/share/abb_rapid_sm_addin_msgs/cmake/export_abb_rapid_sm_addin_msgs__rosidl_typesupport_fastrtps_cppExport-noconfig.cmake
[1.615s] -- Up-to-date: /home/ubuntu/ros2ws/install/abb_rapid_sm_addin_msgs/share/abb_rapid_sm_addin_msgs/cmake/abb_rapid_sm_addin_msgs__rosidl_typesupport_introspection_cppExport.cmake
[1.615s] -- Up-to-date: /home/ubuntu/ros2ws/install/abb_rapid_sm_addin_msgs/share/abb_rapid_sm_addin_msgs/cmake/abb_rapid_sm_addin_msgs__rosidl_typesupport_introspection_cppExport-noconfig.cmake
[1.615s] -- Up-to-date: /home/ubuntu/ros2ws/install/abb_rapid_sm_addin_msgs/share/abb_rapid_sm_addin_msgs/cmake/abb_rapid_sm_addin_msgs__rosidl_typesupport_cppExport.cmake
[1.615s] -- Up-to-date: /home/ubuntu/ros2ws/install/abb_rapid_sm_addin_msgs/share/abb_rapid_sm_addin_msgs/cmake/abb_rapid_sm_addin_msgs__rosidl_typesupport_cppExport-noconfig.cmake
[1.616s] -- Up-to-date: /home/ubuntu/ros2ws/install/abb_rapid_sm_addin_msgs/share/abb_rapid_sm_addin_msgs/cmake/export_abb_rapid_sm_addin_msgs__rosidl_generator_pyExport.cmake
[1.617s] -- Up-to-date: /home/ubuntu/ros2ws/install/abb_rapid_sm_addin_msgs/share/abb_rapid_sm_addin_msgs/cmake/export_abb_rapid_sm_addin_msgs__rosidl_generator_pyExport-noconfig.cmake
[1.617s] -- Up-to-date: /home/ubuntu/ros2ws/install/abb_rapid_sm_addin_msgs/share/abb_rapid_sm_addin_msgs/cmake/rosidl_cmake-extras.cmake
[1.617s] -- Up-to-date: /home/ubuntu/ros2ws/install/abb_rapid_sm_addin_msgs/share/abb_rapid_sm_addin_msgs/cmake/ament_cmake_export_dependencies-extras.cmake
[1.617s] -- Up-to-date: /home/ubuntu/ros2ws/install/abb_rapid_sm_addin_msgs/share/abb_rapid_sm_addin_msgs/cmake/ament_cmake_export_include_directories-extras.cmake
[1.617s] -- Up-to-date: /home/ubuntu/ros2ws/install/abb_rapid_sm_addin_msgs/share/abb_rapid_sm_addin_msgs/cmake/ament_cmake_export_libraries-extras.cmake
[1.617s] -- Up-to-date: /home/ubuntu/ros2ws/install/abb_rapid_sm_addin_msgs/share/abb_rapid_sm_addin_msgs/cmake/ament_cmake_export_targets-extras.cmake
[1.617s] -- Up-to-date: /home/ubuntu/ros2ws/install/abb_rapid_sm_addin_msgs/share/abb_rapid_sm_addin_msgs/cmake/rosidl_cmake_export_typesupport_targets-extras.cmake
[1.617s] -- Up-to-date: /home/ubuntu/ros2ws/install/abb_rapid_sm_addin_msgs/share/abb_rapid_sm_addin_msgs/cmake/rosidl_cmake_export_typesupport_libraries-extras.cmake
[1.617s] -- Up-to-date: /home/ubuntu/ros2ws/install/abb_rapid_sm_addin_msgs/share/abb_rapid_sm_addin_msgs/cmake/abb_rapid_sm_addin_msgsConfig.cmake
[1.617s] -- Up-to-date: /home/ubuntu/ros2ws/install/abb_rapid_sm_addin_msgs/share/abb_rapid_sm_addin_msgs/cmake/abb_rapid_sm_addin_msgsConfig-version.cmake
[1.617s] -- Up-to-date: /home/ubuntu/ros2ws/install/abb_rapid_sm_addin_msgs/share/abb_rapid_sm_addin_msgs/package.xml
[1.622s] Invoked command in '/home/ubuntu/ros2ws/build/abb_rapid_sm_addin_msgs' returned '0': AMENT_PREFIX_PATH=/home/ubuntu/ros2ws/install/abb_rapid_msgs:${AMENT_PREFIX_PATH} CMAKE_PREFIX_PATH=/home/ubuntu/ros2ws/install/abb_rapid_msgs:/home/ubuntu/ros2ws/install/turtlesim:/opt/ros/humble LD_LIBRARY_PATH=/home/ubuntu/ros2ws/install/abb_rapid_msgs/lib:${LD_LIBRARY_PATH} PYTHONPATH=/home/ubuntu/ros2ws/install/abb_rapid_msgs/local/lib/python3.10/dist-packages:${PYTHONPATH} /usr/bin/cmake --install /home/ubuntu/ros2ws/build/abb_rapid_sm_addin_msgs
