[0.027s] Invoking command in '/home/ubuntu/ros2ws/build/abb_libegm': CMAKE_PREFIX_PATH=${CMAKE_PREFIX_PATH}:/opt/ros/humble /usr/bin/cmake /home/ubuntu/ros2ws/src/ABBDriver/abb_libegm -DCMAKE_INSTALL_PREFIX=/home/ubuntu/ros2ws/install/abb_libegm
[0.147s] -- The CXX compiler identification is GNU 11.4.0
[0.157s] -- Detecting CXX compiler ABI info
[0.275s] -- Detecting CXX compiler ABI info - done
[0.284s] -- Check for working CXX compiler: /usr/bin/c++ - skipped
[0.285s] -- Detecting CXX compile features
[0.285s] -- Detecting CXX compile features - done
[0.561s] -- Found Boost: /usr/lib/x86_64-linux-gnu/cmake/Boost-1.74.0/BoostConfig.cmake (found version "1.74.0") found components: regex system thread 
[0.594s] -- Found Protobuf: /usr/lib/x86_64-linux-gnu/libprotobuf.so (found version "3.12.4") 
[0.597s] -- Generating protobuf C++ for: proto/egm.proto;proto/egm_wrapper.proto;proto/egm_wrapper_trajectory.proto
[0.597s] -- Found Threads: TRUE  
[0.602s] -- Performing Test COMPILER_HAS_HIDDEN_VISIBILITY
[0.727s] -- Performing Test COMPILER_HAS_HIDDEN_VISIBILITY - Success
[0.727s] -- Performing Test COMPILER_HAS_HIDDEN_INLINE_VISIBILITY
[0.886s] -- Performing Test COMPILER_HAS_HIDDEN_INLINE_VISIBILITY - Success
[0.897s] -- Performing Test COMPILER_HAS_DEPRECATED_ATTR
[1.141s] -- Performing Test COMPILER_HAS_DEPRECATED_ATTR - Success
[1.145s] -- Configuring done
[1.162s] -- Generating done
[1.162s] -- Build files have been written to: /home/ubuntu/ros2ws/build/abb_libegm
[1.176s] Invoked command in '/home/ubuntu/ros2ws/build/abb_libegm' returned '0': CMAKE_PREFIX_PATH=${CMAKE_PREFIX_PATH}:/opt/ros/humble /usr/bin/cmake /home/ubuntu/ros2ws/src/ABBDriver/abb_libegm -DCMAKE_INSTALL_PREFIX=/home/ubuntu/ros2ws/install/abb_libegm
[1.176s] Invoking command in '/home/ubuntu/ros2ws/build/abb_libegm': CMAKE_PREFIX_PATH=${CMAKE_PREFIX_PATH}:/opt/ros/humble /usr/bin/cmake --build /home/ubuntu/ros2ws/build/abb_libegm -- -j4 -l4
[1.299s] [  6%] [34m[1mRunning cpp protocol buffer compiler on proto/egm_wrapper_trajectory.proto[0m
[1.303s] [ 13%] [34m[1mRunning cpp protocol buffer compiler on proto/egm.proto[0m
[1.313s] [ 20%] [34m[1mRunning cpp protocol buffer compiler on proto/egm_wrapper.proto[0m
[1.460s] [ 26%] [32mBuilding CXX object CMakeFiles/abb_libegm.dir/src/egm_common.cpp.o[0m
[1.468s] [ 33%] [32mBuilding CXX object CMakeFiles/abb_libegm.dir/src/egm_base_interface.cpp.o[0m
[1.471s] [ 40%] [32mBuilding CXX object CMakeFiles/abb_libegm.dir/src/egm_common_auxiliary.cpp.o[0m
[1.476s] [ 46%] [32mBuilding CXX object CMakeFiles/abb_libegm.dir/src/egm_controller_interface.cpp.o[0m
[5.316s] [ 53%] [32mBuilding CXX object CMakeFiles/abb_libegm.dir/src/egm_interpolator.cpp.o[0m
[8.650s] [ 60%] [32mBuilding CXX object CMakeFiles/abb_libegm.dir/src/egm_logger.cpp.o[0m
[11.087s] [ 66%] [32mBuilding CXX object CMakeFiles/abb_libegm.dir/src/egm_udp_server.cpp.o[0m
[14.085s] In file included from [01m[K/usr/include/boost/bind.hpp:30[m[K,
[14.085s]                  from [01m[K/home/ubuntu/ros2ws/src/ABBDriver/abb_libegm/src/egm_udp_server.cpp:37[m[K:
[14.085s] [01m[K/usr/include/boost/bind.hpp:36:1:[m[K [01;36m[Knote: [m[K‘[01m[K#pragma message: The practice of declaring the Bind placeholders (_1, _2, ...) in the global namespace is deprecated. Please use <boost/bind/bind.hpp> + using namespace boost::placeholders, or define BOOST_BIND_GLOBAL_PLACEHOLDERS to retain the current behavior.[m[K’
[14.085s]    36 | [01;36m[KBOOST_PRAGMA_MESSAGE[m[K(
[14.085s]       | [01;36m[K^~~~~~~~~~~~~~~~~~~~[m[K
[15.392s] [ 73%] [32mBuilding CXX object CMakeFiles/abb_libegm.dir/src/egm_trajectory_interface.cpp.o[0m
[16.416s] [ 80%] [32mBuilding CXX object CMakeFiles/abb_libegm.dir/egm.pb.cc.o[0m
[17.807s] [ 86%] [32mBuilding CXX object CMakeFiles/abb_libegm.dir/egm_wrapper.pb.cc.o[0m
[34.743s] [ 93%] [32mBuilding CXX object CMakeFiles/abb_libegm.dir/egm_wrapper_trajectory.pb.cc.o[0m
[37.654s] [100%] [32m[1mLinking CXX shared library libabb_libegm.so[0m
[38.094s] [100%] Built target abb_libegm
[38.120s] Invoked command in '/home/ubuntu/ros2ws/build/abb_libegm' returned '0': CMAKE_PREFIX_PATH=${CMAKE_PREFIX_PATH}:/opt/ros/humble /usr/bin/cmake --build /home/ubuntu/ros2ws/build/abb_libegm -- -j4 -l4
[38.251s] Invoking command in '/home/ubuntu/ros2ws/build/abb_libegm': CMAKE_PREFIX_PATH=${CMAKE_PREFIX_PATH}:/opt/ros/humble /usr/bin/cmake --install /home/ubuntu/ros2ws/build/abb_libegm
[38.262s] -- Install configuration: ""
[38.262s] -- Installing: /home/ubuntu/ros2ws/install/abb_libegm/include
[38.263s] -- Installing: /home/ubuntu/ros2ws/install/abb_libegm/include/abb_libegm
[38.263s] -- Installing: /home/ubuntu/ros2ws/install/abb_libegm/include/abb_libegm/egm_logger.h
[38.264s] -- Installing: /home/ubuntu/ros2ws/install/abb_libegm/include/abb_libegm/egm_trajectory_interface.h
[38.264s] -- Installing: /home/ubuntu/ros2ws/install/abb_libegm/include/abb_libegm/egm_common_auxiliary.h
[38.265s] -- Installing: /home/ubuntu/ros2ws/install/abb_libegm/include/abb_libegm/egm_base_interface.h
[38.266s] -- Installing: /home/ubuntu/ros2ws/install/abb_libegm/include/abb_libegm/egm_common.h
[38.266s] -- Installing: /home/ubuntu/ros2ws/install/abb_libegm/include/abb_libegm/egm_interpolator.h
[38.267s] -- Installing: /home/ubuntu/ros2ws/install/abb_libegm/include/abb_libegm/egm_controller_interface.h
[38.267s] -- Installing: /home/ubuntu/ros2ws/install/abb_libegm/include/abb_libegm/egm_udp_server.h
[38.268s] -- Installing: /home/ubuntu/ros2ws/install/abb_libegm/include/abb_libegm/egm.proto
[38.269s] -- Installing: /home/ubuntu/ros2ws/install/abb_libegm/include/abb_libegm/egm_wrapper.proto
[38.269s] -- Installing: /home/ubuntu/ros2ws/install/abb_libegm/include/abb_libegm/egm_wrapper_trajectory.proto
[38.270s] -- Installing: /home/ubuntu/ros2ws/install/abb_libegm/include/abb_libegm/egm.pb.h
[38.271s] -- Installing: /home/ubuntu/ros2ws/install/abb_libegm/include/abb_libegm/egm_wrapper.pb.h
[38.271s] -- Installing: /home/ubuntu/ros2ws/install/abb_libegm/include/abb_libegm/egm_wrapper_trajectory.pb.h
[38.272s] -- Installing: /home/ubuntu/ros2ws/install/abb_libegm/include/abb_libegm/abb_libegm_export.h
[38.273s] -- Installing: /home/ubuntu/ros2ws/install/abb_libegm/lib/libabb_libegm.so
[38.277s] -- Installing: /home/ubuntu/ros2ws/install/abb_libegm/share/abb_libegm/abb_libegmConfig.cmake
[38.278s] -- Installing: /home/ubuntu/ros2ws/install/abb_libegm/share/abb_libegm/abb_libegmConfigVersion.cmake
[38.278s] -- Installing: /home/ubuntu/ros2ws/install/abb_libegm/share/abb_libegm/package.xml
[38.279s] -- Installing: /home/ubuntu/ros2ws/install/abb_libegm/share/abb_libegm/abb_libegmTargets.cmake
[38.280s] -- Installing: /home/ubuntu/ros2ws/install/abb_libegm/share/abb_libegm/abb_libegmTargets-noconfig.cmake
[38.282s] Invoked command in '/home/ubuntu/ros2ws/build/abb_libegm' returned '0': CMAKE_PREFIX_PATH=${CMAKE_PREFIX_PATH}:/opt/ros/humble /usr/bin/cmake --install /home/ubuntu/ros2ws/build/abb_libegm
