[0.044s] Invoking command in '/home/ubuntu/ros2ws/build/ros2srrc_ur5_gazebo': CMAKE_PREFIX_PATH=${CMAKE_PREFIX_PATH}:/opt/ros/humble /usr/bin/cmake /home/ubuntu/ros2ws/src/ros2_SimRealRobotControl/packages/ur5/ros2srrc_ur5_gazebo -DAMENT_CMAKE_SYMLINK_INSTALL=1 -DCMAKE_INSTALL_PREFIX=/home/ubuntu/ros2ws/install/ros2srrc_ur5_gazebo
[0.073s] -- Found ament_cmake: 1.3.10 (/opt/ros/humble/share/ament_cmake/cmake)
[0.319s] -- Override CMake install command with custom implementation using symlinks instead of copying resources
[0.350s] -- Found ament_lint_auto: 0.12.11 (/opt/ros/humble/share/ament_lint_auto/cmake)
[0.508s] -- Added test 'copyright' to check source files copyright and LICENSE
[0.512s] -- Added test 'lint_cmake' to check CMake code style
[0.516s] -- Added test 'xmllint' to check XML markup files
[0.522s] -- Configuring done
[0.537s] -- Generating done
[0.540s] -- Build files have been written to: /home/ubuntu/ros2ws/build/ros2srrc_ur5_gazebo
[0.547s] Invoked command in '/home/ubuntu/ros2ws/build/ros2srrc_ur5_gazebo' returned '0': CMAKE_PREFIX_PATH=${CMAKE_PREFIX_PATH}:/opt/ros/humble /usr/bin/cmake /home/ubuntu/ros2ws/src/ros2_SimRealRobotControl/packages/ur5/ros2srrc_ur5_gazebo -DAMENT_CMAKE_SYMLINK_INSTALL=1 -DCMAKE_INSTALL_PREFIX=/home/ubuntu/ros2ws/install/ros2srrc_ur5_gazebo
[0.555s] Invoking command in '/home/ubuntu/ros2ws/build/ros2srrc_ur5_gazebo': CMAKE_PREFIX_PATH=${CMAKE_PREFIX_PATH}:/opt/ros/humble /usr/bin/cmake --build /home/ubuntu/ros2ws/build/ros2srrc_ur5_gazebo -- -j4 -l4
[0.648s] Invoked command in '/home/ubuntu/ros2ws/build/ros2srrc_ur5_gazebo' returned '0': CMAKE_PREFIX_PATH=${CMAKE_PREFIX_PATH}:/opt/ros/humble /usr/bin/cmake --build /home/ubuntu/ros2ws/build/ros2srrc_ur5_gazebo -- -j4 -l4
[0.736s] Invoking command in '/home/ubuntu/ros2ws/build/ros2srrc_ur5_gazebo': CMAKE_PREFIX_PATH=${CMAKE_PREFIX_PATH}:/opt/ros/humble /usr/bin/cmake --install /home/ubuntu/ros2ws/build/ros2srrc_ur5_gazebo
[0.755s] -- Install configuration: ""
[0.756s] -- Execute custom install script
[0.756s] -- Up-to-date symlink: /home/ubuntu/ros2ws/install/ros2srrc_ur5_gazebo/share/ros2srrc_ur5_gazebo/config/configurations.yaml
[0.757s] -- Up-to-date symlink: /home/ubuntu/ros2ws/install/ros2srrc_ur5_gazebo/share/ros2srrc_ur5_gazebo/urdf/ur5.urdf.xacro
[0.757s] -- Up-to-date symlink: /home/ubuntu/ros2ws/install/ros2srrc_ur5_gazebo/share/ros2srrc_ur5_gazebo/urdf/ur5_robotiq_2f85.urdf.xacro
[0.758s] -- Up-to-date symlink: /home/ubuntu/ros2ws/install/ros2srrc_ur5_gazebo/share/ros2srrc_ur5_gazebo/urdf/ur5_robotiq_hande.urdf.xacro
[0.758s] -- Up-to-date symlink: /home/ubuntu/ros2ws/install/ros2srrc_ur5_gazebo/share/ros2srrc_ur5_gazebo/worlds/ros2srrc_ur5.world
[0.758s] -- Up-to-date symlink: /home/ubuntu/ros2ws/install/ros2srrc_ur5_gazebo/share/ament_index/resource_index/package_run_dependencies/ros2srrc_ur5_gazebo
[0.759s] -- Up-to-date symlink: /home/ubuntu/ros2ws/install/ros2srrc_ur5_gazebo/share/ament_index/resource_index/parent_prefix_path/ros2srrc_ur5_gazebo
[0.759s] -- Up-to-date symlink: /home/ubuntu/ros2ws/install/ros2srrc_ur5_gazebo/share/ros2srrc_ur5_gazebo/environment/ament_prefix_path.sh
[0.759s] -- Up-to-date symlink: /home/ubuntu/ros2ws/install/ros2srrc_ur5_gazebo/share/ros2srrc_ur5_gazebo/environment/ament_prefix_path.dsv
[0.759s] -- Up-to-date symlink: /home/ubuntu/ros2ws/install/ros2srrc_ur5_gazebo/share/ros2srrc_ur5_gazebo/environment/path.sh
[0.759s] -- Up-to-date symlink: /home/ubuntu/ros2ws/install/ros2srrc_ur5_gazebo/share/ros2srrc_ur5_gazebo/environment/path.dsv
[0.759s] -- Up-to-date symlink: /home/ubuntu/ros2ws/install/ros2srrc_ur5_gazebo/share/ros2srrc_ur5_gazebo/local_setup.bash
[0.760s] -- Up-to-date symlink: /home/ubuntu/ros2ws/install/ros2srrc_ur5_gazebo/share/ros2srrc_ur5_gazebo/local_setup.sh
[0.761s] -- Up-to-date symlink: /home/ubuntu/ros2ws/install/ros2srrc_ur5_gazebo/share/ros2srrc_ur5_gazebo/local_setup.zsh
[0.761s] -- Up-to-date symlink: /home/ubuntu/ros2ws/install/ros2srrc_ur5_gazebo/share/ros2srrc_ur5_gazebo/local_setup.dsv
[0.765s] -- Symlinking: /home/ubuntu/ros2ws/install/ros2srrc_ur5_gazebo/share/ros2srrc_ur5_gazebo/package.dsv
[0.786s] -- Up-to-date symlink: /home/ubuntu/ros2ws/install/ros2srrc_ur5_gazebo/share/ament_index/resource_index/packages/ros2srrc_ur5_gazebo
[0.788s] -- Up-to-date symlink: /home/ubuntu/ros2ws/install/ros2srrc_ur5_gazebo/share/ros2srrc_ur5_gazebo/cmake/ros2srrc_ur5_gazeboConfig.cmake
[0.788s] -- Up-to-date symlink: /home/ubuntu/ros2ws/install/ros2srrc_ur5_gazebo/share/ros2srrc_ur5_gazebo/cmake/ros2srrc_ur5_gazeboConfig-version.cmake
[0.788s] -- Up-to-date symlink: /home/ubuntu/ros2ws/install/ros2srrc_ur5_gazebo/share/ros2srrc_ur5_gazebo/package.xml
[0.792s] Invoked command in '/home/ubuntu/ros2ws/build/ros2srrc_ur5_gazebo' returned '0': CMAKE_PREFIX_PATH=${CMAKE_PREFIX_PATH}:/opt/ros/humble /usr/bin/cmake --install /home/ubuntu/ros2ws/build/ros2srrc_ur5_gazebo
