[1.076s] Invoking command in '/home/ubuntu/ros2ws/src/robot_letter_writer': PYTHONPATH=/home/ubuntu/ros2ws/build/robot_letter_writer/prefix_override:/usr/lib/python3/dist-packages/colcon_core/task/python/colcon_distutils_commands:/home/ubuntu/ros2ws/install/robot_letter_writer/lib/python3.10/site-packages:${PYTHONPATH} /usr/bin/python3 -W ignore:setup.py install is deprecated setup.py egg_info --egg-base ../../build/robot_letter_writer build --build-base /home/ubuntu/ros2ws/build/robot_letter_writer/build install --record /home/ubuntu/ros2ws/build/robot_letter_writer/install.log --single-version-externally-managed install_data
[1.462s] running egg_info
[1.462s] writing ../../build/robot_letter_writer/robot_letter_writer.egg-info/PKG-INFO
[1.462s] writing dependency_links to ../../build/robot_letter_writer/robot_letter_writer.egg-info/dependency_links.txt
[1.462s] writing entry points to ../../build/robot_letter_writer/robot_letter_writer.egg-info/entry_points.txt
[1.463s] writing requirements to ../../build/robot_letter_writer/robot_letter_writer.egg-info/requires.txt
[1.463s] writing top-level names to ../../build/robot_letter_writer/robot_letter_writer.egg-info/top_level.txt
[1.465s] reading manifest file '../../build/robot_letter_writer/robot_letter_writer.egg-info/SOURCES.txt'
[1.466s] writing manifest file '../../build/robot_letter_writer/robot_letter_writer.egg-info/SOURCES.txt'
[1.467s] running build
[1.467s] running build_py
[1.467s] copying robot_letter_writer/letter_movements.py -> /home/ubuntu/ros2ws/build/robot_letter_writer/build/lib/robot_letter_writer
[1.467s] copying robot_letter_writer/robot_letter_writer_node.py -> /home/ubuntu/ros2ws/build/robot_letter_writer/build/lib/robot_letter_writer
[1.468s] running install
[1.468s] running install_lib
[1.470s] copying /home/ubuntu/ros2ws/build/robot_letter_writer/build/lib/robot_letter_writer/letter_movements.py -> /home/ubuntu/ros2ws/install/robot_letter_writer/lib/python3.10/site-packages/robot_letter_writer
[1.470s] copying /home/ubuntu/ros2ws/build/robot_letter_writer/build/lib/robot_letter_writer/robot_letter_writer_node.py -> /home/ubuntu/ros2ws/install/robot_letter_writer/lib/python3.10/site-packages/robot_letter_writer
[1.471s] byte-compiling /home/ubuntu/ros2ws/install/robot_letter_writer/lib/python3.10/site-packages/robot_letter_writer/letter_movements.py to letter_movements.cpython-310.pyc
[1.473s] byte-compiling /home/ubuntu/ros2ws/install/robot_letter_writer/lib/python3.10/site-packages/robot_letter_writer/robot_letter_writer_node.py to robot_letter_writer_node.cpython-310.pyc
[1.474s] running install_data
[1.475s] running install_egg_info
[1.478s] removing '/home/ubuntu/ros2ws/install/robot_letter_writer/lib/python3.10/site-packages/robot_letter_writer-0.0.0-py3.10.egg-info' (and everything under it)
[1.480s] Copying ../../build/robot_letter_writer/robot_letter_writer.egg-info to /home/ubuntu/ros2ws/install/robot_letter_writer/lib/python3.10/site-packages/robot_letter_writer-0.0.0-py3.10.egg-info
[1.482s] running install_scripts
[1.516s] Installing robot_letter_writer_node script to /home/ubuntu/ros2ws/install/robot_letter_writer/lib/robot_letter_writer
[1.516s] writing list of installed files to '/home/ubuntu/ros2ws/build/robot_letter_writer/install.log'
[1.545s] Invoked command in '/home/ubuntu/ros2ws/src/robot_letter_writer' returned '0': PYTHONPATH=/home/ubuntu/ros2ws/build/robot_letter_writer/prefix_override:/usr/lib/python3/dist-packages/colcon_core/task/python/colcon_distutils_commands:/home/ubuntu/ros2ws/install/robot_letter_writer/lib/python3.10/site-packages:${PYTHONPATH} /usr/bin/python3 -W ignore:setup.py install is deprecated setup.py egg_info --egg-base ../../build/robot_letter_writer build --build-base /home/ubuntu/ros2ws/build/robot_letter_writer/build install --record /home/ubuntu/ros2ws/build/robot_letter_writer/install.log --single-version-externally-managed install_data
