[0.025s] Invoking command in '/home/ubuntu/ros2ws/build/ros2srrc_irb6640_gazebo': CMAKE_PREFIX_PATH=${CMAKE_PREFIX_PATH}:/opt/ros/humble /usr/bin/cmake /home/ubuntu/ros2ws/src/ros2_SimRealRobotControl/packages/irb6640/ros2srrc_irb6640_gazebo -DCMAKE_INSTALL_PREFIX=/home/ubuntu/ros2ws/install/ros2srrc_irb6640_gazebo
[0.188s] -- The C compiler identification is GNU 11.4.0
[0.340s] -- The CXX compiler identification is GNU 11.4.0
[0.357s] -- Detecting C compiler ABI info
[0.514s] -- Detecting C compiler ABI info - done
[0.524s] -- Check for working C compiler: /usr/bin/cc - skipped
[0.524s] -- Detecting C compile features
[0.524s] -- Detecting C compile features - done
[0.529s] -- Detecting CXX compiler ABI info
[0.761s] -- Detecting CXX compiler ABI info - done
[0.788s] -- Check for working CXX compiler: /usr/bin/c++ - skipped
[0.788s] -- Detecting CXX compile features
[0.788s] -- Detecting CXX compile features - done
[0.800s] -- Found ament_cmake: 1.3.10 (/opt/ros/humble/share/ament_cmake/cmake)
[1.319s] -- Found Python3: /usr/bin/python3 (found version "3.10.12") found components: Interpreter 
[1.778s] -- Found ament_lint_auto: 0.12.11 (/opt/ros/humble/share/ament_lint_auto/cmake)
[2.245s] -- Added test 'copyright' to check source files copyright and LICENSE
[2.247s] -- Added test 'lint_cmake' to check CMake code style
[2.252s] -- Added test 'xmllint' to check XML markup files
[2.253s] -- Configuring done
[2.257s] -- Generating done
[2.258s] -- Build files have been written to: /home/ubuntu/ros2ws/build/ros2srrc_irb6640_gazebo
[2.273s] Invoked command in '/home/ubuntu/ros2ws/build/ros2srrc_irb6640_gazebo' returned '0': CMAKE_PREFIX_PATH=${CMAKE_PREFIX_PATH}:/opt/ros/humble /usr/bin/cmake /home/ubuntu/ros2ws/src/ros2_SimRealRobotControl/packages/irb6640/ros2srrc_irb6640_gazebo -DCMAKE_INSTALL_PREFIX=/home/ubuntu/ros2ws/install/ros2srrc_irb6640_gazebo
[2.275s] Invoking command in '/home/ubuntu/ros2ws/build/ros2srrc_irb6640_gazebo': CMAKE_PREFIX_PATH=${CMAKE_PREFIX_PATH}:/opt/ros/humble /usr/bin/cmake --build /home/ubuntu/ros2ws/build/ros2srrc_irb6640_gazebo -- -j4 -l4
[2.478s] Invoked command in '/home/ubuntu/ros2ws/build/ros2srrc_irb6640_gazebo' returned '0': CMAKE_PREFIX_PATH=${CMAKE_PREFIX_PATH}:/opt/ros/humble /usr/bin/cmake --build /home/ubuntu/ros2ws/build/ros2srrc_irb6640_gazebo -- -j4 -l4
[2.586s] Invoking command in '/home/ubuntu/ros2ws/build/ros2srrc_irb6640_gazebo': CMAKE_PREFIX_PATH=${CMAKE_PREFIX_PATH}:/opt/ros/humble /usr/bin/cmake --install /home/ubuntu/ros2ws/build/ros2srrc_irb6640_gazebo
[2.635s] -- Install configuration: ""
[2.636s] -- Installing: /home/ubuntu/ros2ws/install/ros2srrc_irb6640_gazebo/share/ros2srrc_irb6640_gazebo/config
[2.636s] -- Installing: /home/ubuntu/ros2ws/install/ros2srrc_irb6640_gazebo/share/ros2srrc_irb6640_gazebo/config/configurations.yaml
[2.637s] -- Installing: /home/ubuntu/ros2ws/install/ros2srrc_irb6640_gazebo/share/ros2srrc_irb6640_gazebo/urdf
[2.637s] -- Installing: /home/ubuntu/ros2ws/install/ros2srrc_irb6640_gazebo/share/ros2srrc_irb6640_gazebo/urdf/irb6640.urdf.xacro
[2.642s] -- Installing: /home/ubuntu/ros2ws/install/ros2srrc_irb6640_gazebo/share/ros2srrc_irb6640_gazebo/urdf/irb6640_gpp5010nc.urdf.xacro
[2.645s] -- Installing: /home/ubuntu/ros2ws/install/ros2srrc_irb6640_gazebo/share/ros2srrc_irb6640_gazebo/worlds
[2.646s] -- Installing: /home/ubuntu/ros2ws/install/ros2srrc_irb6640_gazebo/share/ros2srrc_irb6640_gazebo/worlds/ros2srrc_irb6640.world
[2.646s] -- Installing: /home/ubuntu/ros2ws/install/ros2srrc_irb6640_gazebo/share/ament_index/resource_index/package_run_dependencies/ros2srrc_irb6640_gazebo
[2.646s] -- Installing: /home/ubuntu/ros2ws/install/ros2srrc_irb6640_gazebo/share/ament_index/resource_index/parent_prefix_path/ros2srrc_irb6640_gazebo
[2.648s] -- Installing: /home/ubuntu/ros2ws/install/ros2srrc_irb6640_gazebo/share/ros2srrc_irb6640_gazebo/environment/ament_prefix_path.sh
[2.649s] -- Installing: /home/ubuntu/ros2ws/install/ros2srrc_irb6640_gazebo/share/ros2srrc_irb6640_gazebo/environment/ament_prefix_path.dsv
[2.649s] -- Installing: /home/ubuntu/ros2ws/install/ros2srrc_irb6640_gazebo/share/ros2srrc_irb6640_gazebo/environment/path.sh
[2.651s] -- Installing: /home/ubuntu/ros2ws/install/ros2srrc_irb6640_gazebo/share/ros2srrc_irb6640_gazebo/environment/path.dsv
[2.652s] -- Installing: /home/ubuntu/ros2ws/install/ros2srrc_irb6640_gazebo/share/ros2srrc_irb6640_gazebo/local_setup.bash
[2.652s] -- Installing: /home/ubuntu/ros2ws/install/ros2srrc_irb6640_gazebo/share/ros2srrc_irb6640_gazebo/local_setup.sh
[2.652s] -- Installing: /home/ubuntu/ros2ws/install/ros2srrc_irb6640_gazebo/share/ros2srrc_irb6640_gazebo/local_setup.zsh
[2.652s] -- Installing: /home/ubuntu/ros2ws/install/ros2srrc_irb6640_gazebo/share/ros2srrc_irb6640_gazebo/local_setup.dsv
[2.652s] -- Installing: /home/ubuntu/ros2ws/install/ros2srrc_irb6640_gazebo/share/ros2srrc_irb6640_gazebo/package.dsv
[2.656s] -- Installing: /home/ubuntu/ros2ws/install/ros2srrc_irb6640_gazebo/share/ament_index/resource_index/packages/ros2srrc_irb6640_gazebo
[2.656s] -- Installing: /home/ubuntu/ros2ws/install/ros2srrc_irb6640_gazebo/share/ros2srrc_irb6640_gazebo/cmake/ros2srrc_irb6640_gazeboConfig.cmake
[2.658s] -- Installing: /home/ubuntu/ros2ws/install/ros2srrc_irb6640_gazebo/share/ros2srrc_irb6640_gazebo/cmake/ros2srrc_irb6640_gazeboConfig-version.cmake
[2.658s] -- Installing: /home/ubuntu/ros2ws/install/ros2srrc_irb6640_gazebo/share/ros2srrc_irb6640_gazebo/package.xml
[2.662s] Invoked command in '/home/ubuntu/ros2ws/build/ros2srrc_irb6640_gazebo' returned '0': CMAKE_PREFIX_PATH=${CMAKE_PREFIX_PATH}:/opt/ros/humble /usr/bin/cmake --install /home/ubuntu/ros2ws/build/ros2srrc_irb6640_gazebo
