[0.038s] Invoking command in '/home/ubuntu/ros2ws/build/ros2srrc_ur3_moveit2': CMAKE_PREFIX_PATH=${CMAKE_PREFIX_PATH}:/home/ubuntu/ros2ws/install/testV1:/home/ubuntu/ros2ws/install/gui_subscriber:/home/ubuntu/ros2ws/install/moveit_configs_utils:/home/ubuntu/ros2ws/install/robot_letter_writer:/home/ubuntu/ros2ws/install/launch_param_builder:/opt/ros/humble /usr/bin/cmake --build /home/ubuntu/ros2ws/build/ros2srrc_ur3_moveit2 -- -j4 -l4
[0.167s] Invoked command in '/home/ubuntu/ros2ws/build/ros2srrc_ur3_moveit2' returned '0': CMAKE_PREFIX_PATH=${CMAKE_PREFIX_PATH}:/home/ubuntu/ros2ws/install/testV1:/home/ubuntu/ros2ws/install/gui_subscriber:/home/ubuntu/ros2ws/install/moveit_configs_utils:/home/ubuntu/ros2ws/install/robot_letter_writer:/home/ubuntu/ros2ws/install/launch_param_builder:/opt/ros/humble /usr/bin/cmake --build /home/ubuntu/ros2ws/build/ros2srrc_ur3_moveit2 -- -j4 -l4
[0.264s] Invoking command in '/home/ubuntu/ros2ws/build/ros2srrc_ur3_moveit2': CMAKE_PREFIX_PATH=${CMAKE_PREFIX_PATH}:/home/ubuntu/ros2ws/install/testV1:/home/ubuntu/ros2ws/install/gui_subscriber:/home/ubuntu/ros2ws/install/moveit_configs_utils:/home/ubuntu/ros2ws/install/robot_letter_writer:/home/ubuntu/ros2ws/install/launch_param_builder:/opt/ros/humble /usr/bin/cmake --install /home/ubuntu/ros2ws/build/ros2srrc_ur3_moveit2
[0.288s] -- Install configuration: ""
[0.291s] -- Execute custom install script
[0.293s] -- Up-to-date symlink: /home/ubuntu/ros2ws/install/ros2srrc_ur3_moveit2/share/ros2srrc_ur3_moveit2/config/ur3.srdf
[0.298s] -- Up-to-date symlink: /home/ubuntu/ros2ws/install/ros2srrc_ur3_moveit2/share/ros2srrc_ur3_moveit2/config/ur3_moveit2.rviz
[0.298s] -- Up-to-date symlink: /home/ubuntu/ros2ws/install/ros2srrc_ur3_moveit2/share/ros2srrc_ur3_moveit2/config/ur3robotiq_2f85.srdf
[0.298s] -- Up-to-date symlink: /home/ubuntu/ros2ws/install/ros2srrc_ur3_moveit2/share/ros2srrc_ur3_moveit2/config/ur3robotiq_2f85_moveit2.rviz
[0.298s] -- Up-to-date symlink: /home/ubuntu/ros2ws/install/ros2srrc_ur3_moveit2/share/ros2srrc_ur3_moveit2/config/ur3robotiq_hande.srdf
[0.298s] -- Up-to-date symlink: /home/ubuntu/ros2ws/install/ros2srrc_ur3_moveit2/share/ros2srrc_ur3_moveit2/config/ur3robotiq_hande_moveit2.rviz
[0.300s] -- Up-to-date symlink: /home/ubuntu/ros2ws/install/ros2srrc_ur3_moveit2/share/ament_index/resource_index/package_run_dependencies/ros2srrc_ur3_moveit2
[0.301s] -- Up-to-date symlink: /home/ubuntu/ros2ws/install/ros2srrc_ur3_moveit2/share/ament_index/resource_index/parent_prefix_path/ros2srrc_ur3_moveit2
[0.302s] -- Up-to-date symlink: /home/ubuntu/ros2ws/install/ros2srrc_ur3_moveit2/share/ros2srrc_ur3_moveit2/environment/ament_prefix_path.sh
[0.303s] -- Up-to-date symlink: /home/ubuntu/ros2ws/install/ros2srrc_ur3_moveit2/share/ros2srrc_ur3_moveit2/environment/ament_prefix_path.dsv
[0.304s] -- Up-to-date symlink: /home/ubuntu/ros2ws/install/ros2srrc_ur3_moveit2/share/ros2srrc_ur3_moveit2/environment/path.sh
[0.305s] -- Up-to-date symlink: /home/ubuntu/ros2ws/install/ros2srrc_ur3_moveit2/share/ros2srrc_ur3_moveit2/environment/path.dsv
[0.310s] -- Up-to-date symlink: /home/ubuntu/ros2ws/install/ros2srrc_ur3_moveit2/share/ros2srrc_ur3_moveit2/local_setup.bash
[0.310s] -- Up-to-date symlink: /home/ubuntu/ros2ws/install/ros2srrc_ur3_moveit2/share/ros2srrc_ur3_moveit2/local_setup.sh
[0.310s] -- Up-to-date symlink: /home/ubuntu/ros2ws/install/ros2srrc_ur3_moveit2/share/ros2srrc_ur3_moveit2/local_setup.zsh
[0.310s] -- Up-to-date symlink: /home/ubuntu/ros2ws/install/ros2srrc_ur3_moveit2/share/ros2srrc_ur3_moveit2/local_setup.dsv
[0.310s] -- Symlinking: /home/ubuntu/ros2ws/install/ros2srrc_ur3_moveit2/share/ros2srrc_ur3_moveit2/package.dsv
[0.331s] -- Up-to-date symlink: /home/ubuntu/ros2ws/install/ros2srrc_ur3_moveit2/share/ament_index/resource_index/packages/ros2srrc_ur3_moveit2
[0.331s] -- Up-to-date symlink: /home/ubuntu/ros2ws/install/ros2srrc_ur3_moveit2/share/ros2srrc_ur3_moveit2/cmake/ros2srrc_ur3_moveit2Config.cmake
[0.331s] -- Up-to-date symlink: /home/ubuntu/ros2ws/install/ros2srrc_ur3_moveit2/share/ros2srrc_ur3_moveit2/cmake/ros2srrc_ur3_moveit2Config-version.cmake
[0.331s] -- Up-to-date symlink: /home/ubuntu/ros2ws/install/ros2srrc_ur3_moveit2/share/ros2srrc_ur3_moveit2/package.xml
[0.334s] Invoked command in '/home/ubuntu/ros2ws/build/ros2srrc_ur3_moveit2' returned '0': CMAKE_PREFIX_PATH=${CMAKE_PREFIX_PATH}:/home/ubuntu/ros2ws/install/testV1:/home/ubuntu/ros2ws/install/gui_subscriber:/home/ubuntu/ros2ws/install/moveit_configs_utils:/home/ubuntu/ros2ws/install/robot_letter_writer:/home/ubuntu/ros2ws/install/launch_param_builder:/opt/ros/humble /usr/bin/cmake --install /home/ubuntu/ros2ws/build/ros2srrc_ur3_moveit2
