[ 14%] Built target robmove
[ 28%] Built target letter_writer_node
[ 85%] Built target move
[100%] Built target robpose
-- Install configuration: ""
-- Up-to-date: /home/ubuntu/ros2ws/install/ros2srrc_execution/lib/ros2srrc_execution/move
-- Up-to-date: /home/ubuntu/ros2ws/install/ros2srrc_execution/lib/ros2srrc_execution/robmove
-- Up-to-date: /home/ubuntu/ros2ws/install/ros2srrc_execution/lib/ros2srrc_execution/robpose
-- Up-to-date: /home/ubuntu/ros2ws/install/ros2srrc_execution/lib/ros2srrc_execution/letter_writer_node
-- Up-to-date: /home/ubuntu/ros2ws/install/ros2srrc_execution/include/
-- Up-to-date: /home/ubuntu/ros2ws/install/ros2srrc_execution/include//ros2srrc_execution
-- Up-to-date: /home/ubuntu/ros2ws/install/ros2srrc_execution/include//ros2srrc_execution/movej.h
-- Up-to-date: /home/ubuntu/ros2ws/install/ros2srrc_execution/include//ros2srrc_execution/moveg.h
-- Up-to-date: /home/ubuntu/ros2ws/install/ros2srrc_execution/include//ros2srrc_execution/moverot.h
-- Up-to-date: /home/ubuntu/ros2ws/install/ros2srrc_execution/include//ros2srrc_execution/moverp.h
-- Up-to-date: /home/ubuntu/ros2ws/install/ros2srrc_execution/include//ros2srrc_execution/mover.h
-- Up-to-date: /home/ubuntu/ros2ws/install/ros2srrc_execution/include//ros2srrc_execution/movel.h
-- Up-to-date: /home/ubuntu/ros2ws/install/ros2srrc_execution/share/ros2srrc_execution/python
-- Up-to-date: /home/ubuntu/ros2ws/install/ros2srrc_execution/share/ros2srrc_execution/python/endeffector
-- Up-to-date: /home/ubuntu/ros2ws/install/ros2srrc_execution/share/ros2srrc_execution/python/endeffector/schunk_abb.py
-- Up-to-date: /home/ubuntu/ros2ws/install/ros2srrc_execution/share/ros2srrc_execution/python/endeffector/robotiq_ur.py
-- Up-to-date: /home/ubuntu/ros2ws/install/ros2srrc_execution/share/ros2srrc_execution/python/sequence.py
-- Up-to-date: /home/ubuntu/ros2ws/install/ros2srrc_execution/share/ros2srrc_execution/python/endeffector_gz
-- Up-to-date: /home/ubuntu/ros2ws/install/ros2srrc_execution/share/ros2srrc_execution/python/endeffector_gz/parallelGripper.py
-- Up-to-date: /home/ubuntu/ros2ws/install/ros2srrc_execution/share/ros2srrc_execution/python/endeffector_gz/vacuumGripper.py
-- Up-to-date: /home/ubuntu/ros2ws/install/ros2srrc_execution/share/ros2srrc_execution/python/testClients
-- Up-to-date: /home/ubuntu/ros2ws/install/ros2srrc_execution/share/ros2srrc_execution/python/testClients/test_VG.py
-- Up-to-date: /home/ubuntu/ros2ws/install/ros2srrc_execution/share/ros2srrc_execution/python/testClients/test_Move.py
-- Up-to-date: /home/ubuntu/ros2ws/install/ros2srrc_execution/share/ros2srrc_execution/python/testClients/test_RobMove.py
-- Up-to-date: /home/ubuntu/ros2ws/install/ros2srrc_execution/share/ros2srrc_execution/python/testClients/test_PG.py
-- Up-to-date: /home/ubuntu/ros2ws/install/ros2srrc_execution/share/ros2srrc_execution/python/ExecuteProgram.py
-- Up-to-date: /home/ubuntu/ros2ws/install/ros2srrc_execution/share/ros2srrc_execution/python/RobotState.py
-- Up-to-date: /home/ubuntu/ros2ws/install/ros2srrc_execution/share/ros2srrc_execution/python/robot
-- Up-to-date: /home/ubuntu/ros2ws/install/ros2srrc_execution/share/ros2srrc_execution/python/robot/robot.py
-- Up-to-date: /home/ubuntu/ros2ws/install/ros2srrc_execution/share/ros2srrc_execution/python/SpawnObject.py
-- Up-to-date: /home/ubuntu/ros2ws/install/ros2srrc_execution/share/ros2srrc_execution/programs
-- Up-to-date: /home/ubuntu/ros2ws/install/ros2srrc_execution/share/ros2srrc_execution/programs/templates.yaml
-- Up-to-date: /home/ubuntu/ros2ws/install/ros2srrc_execution/share/ros2srrc_execution/programs/irb120_demo.yaml
-- Up-to-date: /home/ubuntu/ros2ws/install/ros2srrc_execution/lib/ros2srrc_execution/RobotState.py
-- Up-to-date: /home/ubuntu/ros2ws/install/ros2srrc_execution/lib/ros2srrc_execution/SpawnObject.py
-- Up-to-date: /home/ubuntu/ros2ws/install/ros2srrc_execution/lib/ros2srrc_execution/ExecuteProgram.py
-- Up-to-date: /home/ubuntu/ros2ws/install/ros2srrc_execution/lib/ros2srrc_execution/test_Move.py
-- Up-to-date: /home/ubuntu/ros2ws/install/ros2srrc_execution/lib/ros2srrc_execution/test_RobMove.py
-- Up-to-date: /home/ubuntu/ros2ws/install/ros2srrc_execution/lib/ros2srrc_execution/test_PG.py
-- Up-to-date: /home/ubuntu/ros2ws/install/ros2srrc_execution/lib/ros2srrc_execution/test_VG.py
-- Up-to-date: /home/ubuntu/ros2ws/install/ros2srrc_execution/share/ament_index/resource_index/package_run_dependencies/ros2srrc_execution
-- Up-to-date: /home/ubuntu/ros2ws/install/ros2srrc_execution/share/ament_index/resource_index/parent_prefix_path/ros2srrc_execution
-- Up-to-date: /home/ubuntu/ros2ws/install/ros2srrc_execution/share/ros2srrc_execution/environment/ament_prefix_path.sh
-- Up-to-date: /home/ubuntu/ros2ws/install/ros2srrc_execution/share/ros2srrc_execution/environment/ament_prefix_path.dsv
-- Up-to-date: /home/ubuntu/ros2ws/install/ros2srrc_execution/share/ros2srrc_execution/environment/path.sh
-- Up-to-date: /home/ubuntu/ros2ws/install/ros2srrc_execution/share/ros2srrc_execution/environment/path.dsv
-- Up-to-date: /home/ubuntu/ros2ws/install/ros2srrc_execution/share/ros2srrc_execution/local_setup.bash
-- Up-to-date: /home/ubuntu/ros2ws/install/ros2srrc_execution/share/ros2srrc_execution/local_setup.sh
-- Up-to-date: /home/ubuntu/ros2ws/install/ros2srrc_execution/share/ros2srrc_execution/local_setup.zsh
-- Up-to-date: /home/ubuntu/ros2ws/install/ros2srrc_execution/share/ros2srrc_execution/local_setup.dsv
-- Installing: /home/ubuntu/ros2ws/install/ros2srrc_execution/share/ros2srrc_execution/package.dsv
-- Up-to-date: /home/ubuntu/ros2ws/install/ros2srrc_execution/share/ament_index/resource_index/packages/ros2srrc_execution
-- Up-to-date: /home/ubuntu/ros2ws/install/ros2srrc_execution/share/ros2srrc_execution/cmake/ros2srrc_executionConfig.cmake
-- Up-to-date: /home/ubuntu/ros2ws/install/ros2srrc_execution/share/ros2srrc_execution/cmake/ros2srrc_executionConfig-version.cmake
-- Up-to-date: /home/ubuntu/ros2ws/install/ros2srrc_execution/share/ros2srrc_execution/package.xml
