[0.080s] Invoking command in '/home/ubuntu/ros2ws/build/ros2srrc_ur10e_gazebo': CMAKE_PREFIX_PATH=${CMAKE_PREFIX_PATH}:/home/ubuntu/ros2ws/install/testV1:/home/ubuntu/ros2ws/install/gui_subscriber:/home/ubuntu/ros2ws/install/moveit_configs_utils:/home/ubuntu/ros2ws/install/robot_letter_writer:/home/ubuntu/ros2ws/install/launch_param_builder:/opt/ros/humble /usr/bin/cmake --build /home/ubuntu/ros2ws/build/ros2srrc_ur10e_gazebo -- -j4 -l4
[0.205s] Invoked command in '/home/ubuntu/ros2ws/build/ros2srrc_ur10e_gazebo' returned '0': CMAKE_PREFIX_PATH=${CMAKE_PREFIX_PATH}:/home/ubuntu/ros2ws/install/testV1:/home/ubuntu/ros2ws/install/gui_subscriber:/home/ubuntu/ros2ws/install/moveit_configs_utils:/home/ubuntu/ros2ws/install/robot_letter_writer:/home/ubuntu/ros2ws/install/launch_param_builder:/opt/ros/humble /usr/bin/cmake --build /home/ubuntu/ros2ws/build/ros2srrc_ur10e_gazebo -- -j4 -l4
[0.318s] Invoking command in '/home/ubuntu/ros2ws/build/ros2srrc_ur10e_gazebo': CMAKE_PREFIX_PATH=${CMAKE_PREFIX_PATH}:/home/ubuntu/ros2ws/install/testV1:/home/ubuntu/ros2ws/install/gui_subscriber:/home/ubuntu/ros2ws/install/moveit_configs_utils:/home/ubuntu/ros2ws/install/robot_letter_writer:/home/ubuntu/ros2ws/install/launch_param_builder:/opt/ros/humble /usr/bin/cmake --install /home/ubuntu/ros2ws/build/ros2srrc_ur10e_gazebo
[0.349s] -- Install configuration: ""
[0.353s] -- Execute custom install script
[0.353s] -- Up-to-date symlink: /home/ubuntu/ros2ws/install/ros2srrc_ur10e_gazebo/share/ros2srrc_ur10e_gazebo/config/configurations.yaml
[0.353s] -- Up-to-date symlink: /home/ubuntu/ros2ws/install/ros2srrc_ur10e_gazebo/share/ros2srrc_ur10e_gazebo/urdf/ur10e.urdf.xacro
[0.354s] -- Up-to-date symlink: /home/ubuntu/ros2ws/install/ros2srrc_ur10e_gazebo/share/ros2srrc_ur10e_gazebo/urdf/ur10e_robotiq_2f85.urdf.xacro
[0.354s] -- Up-to-date symlink: /home/ubuntu/ros2ws/install/ros2srrc_ur10e_gazebo/share/ros2srrc_ur10e_gazebo/urdf/ur10e_robotiq_hande.urdf.xacro
[0.354s] -- Up-to-date symlink: /home/ubuntu/ros2ws/install/ros2srrc_ur10e_gazebo/share/ros2srrc_ur10e_gazebo/worlds/ros2srrc_ur10e.world
[0.354s] -- Up-to-date symlink: /home/ubuntu/ros2ws/install/ros2srrc_ur10e_gazebo/share/ament_index/resource_index/package_run_dependencies/ros2srrc_ur10e_gazebo
[0.354s] -- Up-to-date symlink: /home/ubuntu/ros2ws/install/ros2srrc_ur10e_gazebo/share/ament_index/resource_index/parent_prefix_path/ros2srrc_ur10e_gazebo
[0.354s] -- Up-to-date symlink: /home/ubuntu/ros2ws/install/ros2srrc_ur10e_gazebo/share/ros2srrc_ur10e_gazebo/environment/ament_prefix_path.sh
[0.356s] -- Up-to-date symlink: /home/ubuntu/ros2ws/install/ros2srrc_ur10e_gazebo/share/ros2srrc_ur10e_gazebo/environment/ament_prefix_path.dsv
[0.356s] -- Up-to-date symlink: /home/ubuntu/ros2ws/install/ros2srrc_ur10e_gazebo/share/ros2srrc_ur10e_gazebo/environment/path.sh
[0.356s] -- Up-to-date symlink: /home/ubuntu/ros2ws/install/ros2srrc_ur10e_gazebo/share/ros2srrc_ur10e_gazebo/environment/path.dsv
[0.356s] -- Up-to-date symlink: /home/ubuntu/ros2ws/install/ros2srrc_ur10e_gazebo/share/ros2srrc_ur10e_gazebo/local_setup.bash
[0.356s] -- Up-to-date symlink: /home/ubuntu/ros2ws/install/ros2srrc_ur10e_gazebo/share/ros2srrc_ur10e_gazebo/local_setup.sh
[0.360s] -- Up-to-date symlink: /home/ubuntu/ros2ws/install/ros2srrc_ur10e_gazebo/share/ros2srrc_ur10e_gazebo/local_setup.zsh
[0.360s] -- Up-to-date symlink: /home/ubuntu/ros2ws/install/ros2srrc_ur10e_gazebo/share/ros2srrc_ur10e_gazebo/local_setup.dsv
[0.360s] -- Symlinking: /home/ubuntu/ros2ws/install/ros2srrc_ur10e_gazebo/share/ros2srrc_ur10e_gazebo/package.dsv
[0.382s] -- Up-to-date symlink: /home/ubuntu/ros2ws/install/ros2srrc_ur10e_gazebo/share/ament_index/resource_index/packages/ros2srrc_ur10e_gazebo
[0.383s] -- Up-to-date symlink: /home/ubuntu/ros2ws/install/ros2srrc_ur10e_gazebo/share/ros2srrc_ur10e_gazebo/cmake/ros2srrc_ur10e_gazeboConfig.cmake
[0.383s] -- Up-to-date symlink: /home/ubuntu/ros2ws/install/ros2srrc_ur10e_gazebo/share/ros2srrc_ur10e_gazebo/cmake/ros2srrc_ur10e_gazeboConfig-version.cmake
[0.384s] -- Up-to-date symlink: /home/ubuntu/ros2ws/install/ros2srrc_ur10e_gazebo/share/ros2srrc_ur10e_gazebo/package.xml
[0.410s] Invoked command in '/home/ubuntu/ros2ws/build/ros2srrc_ur10e_gazebo' returned '0': CMAKE_PREFIX_PATH=${CMAKE_PREFIX_PATH}:/home/ubuntu/ros2ws/install/testV1:/home/ubuntu/ros2ws/install/gui_subscriber:/home/ubuntu/ros2ws/install/moveit_configs_utils:/home/ubuntu/ros2ws/install/robot_letter_writer:/home/ubuntu/ros2ws/install/launch_param_builder:/opt/ros/humble /usr/bin/cmake --install /home/ubuntu/ros2ws/build/ros2srrc_ur10e_gazebo
